10:37:38.739 INFO: JdwpEventCenterDelegate: THREAD_STARTED: thread (33, main, main)
10:37:38.751 INFO: JdwpEventCenterDelegate: THREAD_STARTED: thread (48, ReferenceQueueDaemon, main)
10:37:38.758 INFO: JdwpEventCenterDelegate: THREAD_STARTED: thread (63, FinalizerDaemon, main)
10:37:38.763 INFO: JdwpEventCenterDelegate: THREAD_STARTED: thread (78, FinalizerWatchdogDaemon, main)
10:37:42.900 INFO: JdwpDebugServer: handling req: VirtualMachine(1).IDSizes(7)
10:37:42.902 INFO: JdwpDebugServer: handling req: EventRequest(15).Set(1)
10:37:42.902 INFO: JdwpEventCenterDelegate: jdwpSetEventRequest: JdwpEventRequest{requestId=100, eventKind=CLASS_UNLOAD, suspendPolicy=NONE, predicates=[]}
10:37:42.902 INFO: JdwpDebugServer: handling req: EventRequest(15).Set(1)
10:37:42.902 INFO: JdwpEventCenterDelegate: jdwpSetEventRequest: JdwpEventRequest{requestId=101, eventKind=THREAD_START, suspendPolicy=NONE, predicates=[]}
10:37:42.903 INFO: JdwpDebugServer: handling req: VirtualMachine(1).ClassesBySignature(2)
10:37:42.904 INFO: JdwpDebugServer: handling req: VirtualMachine(1).Version(1)
10:37:42.905 INFO: JdwpDebugServer: handling req: ReferenceType(2).MethodsWithGeneric(15)
10:37:42.906 INFO: JdwpDebugServer: handling req: Method(6).LineTable(1)
10:37:42.908 INFO: JdwpDebugServer: handling req: EventRequest(15).Set(1)
10:37:42.908 INFO: JdwpEventCenterDelegate: jdwpSetEventRequest: JdwpEventRequest{requestId=102, eventKind=BREAKPOINT, suspendPolicy=NONE, predicates=[Location{classId=845, methodId=257, index=928} ]}
10:37:42.910 INFO: JdwpDebugServer: handling req: EventRequest(15).Set(1)
10:37:42.910 INFO: JdwpEventCenterDelegate: jdwpSetEventRequest: JdwpEventRequest{requestId=103, eventKind=THREAD_DEATH, suspendPolicy=NONE, predicates=[]}
10:37:42.910 INFO: JdwpDebugServer: handling req: VirtualMachine(1).AllThreads(4)
10:37:42.911 INFO: JdwpDebugServer: handling req: ThreadReference(11).ThreadGroup(5)
10:37:42.911 INFO: JdwpDebugServer: handling req: ThreadGroup(12).Name(1)
10:37:42.911 INFO: JdwpDebugServer: handling req: ThreadGroup(12).Parent(2)
10:37:42.912 INFO: JdwpDebugServer: handling req: ObjectReference(9).ReferenceType(1)
10:37:42.913 INFO: JdwpDebugServer: handling req: ReferenceType(2).FieldsWithGeneric(14)
10:37:42.913 INFO: JdwpDebugServer: handling req: ReferenceType(2).Interfaces(10)
10:37:42.913 INFO: JdwpDebugServer: handling req: ReferenceType(2).FieldsWithGeneric(14)
10:37:42.914 INFO: JdwpDebugServer: handling req: ReferenceType(2).Interfaces(10)
10:37:42.914 INFO: JdwpDebugServer: handling req: ClassType(3).Superclass(1)
10:37:42.914 INFO: JdwpDebugServer: handling req: ReferenceType(2).FieldsWithGeneric(14)
10:37:42.914 INFO: JdwpDebugServer: handling req: ReferenceType(2).Interfaces(10)
10:37:42.915 INFO: JdwpDebugServer: handling req: ClassType(3).Superclass(1)
10:37:42.915 INFO: JdwpDebugServer: handling req: ObjectReference(9).GetValues(2)
10:37:42.917 INFO: JdwpDebugServer: handling req: ThreadReference(11).Status(4)
10:37:42.918 INFO: JdwpDebugServer: handling req: ThreadReference(11).Status(4)
10:37:42.918 INFO: JdwpDebugServer: handling req: ThreadReference(11).ThreadGroup(5)
10:37:42.918 INFO: JdwpDebugServer: handling req: ObjectReference(9).ReferenceType(1)
10:37:42.918 INFO: JdwpDebugServer: handling req: ObjectReference(9).GetValues(2)
10:37:42.920 INFO: JdwpDebugServer: handling req: ThreadReference(11).Status(4)
10:37:42.921 INFO: JdwpDebugServer: handling req: ThreadReference(11).Status(4)
10:37:42.921 INFO: JdwpDebugServer: handling req: ThreadReference(11).ThreadGroup(5)
10:37:42.921 INFO: JdwpDebugServer: handling req: ObjectReference(9).ReferenceType(1)
10:37:42.921 INFO: JdwpDebugServer: handling req: ObjectReference(9).GetValues(2)
10:37:42.923 INFO: JdwpDebugServer: handling req: ThreadReference(11).Status(4)
10:37:42.923 INFO: JdwpDebugServer: handling req: ThreadReference(11).Status(4)
10:37:42.924 INFO: JdwpDebugServer: handling req: ThreadReference(11).ThreadGroup(5)
10:37:42.924 INFO: JdwpDebugServer: handling req: ObjectReference(9).ReferenceType(1)
10:37:42.924 INFO: JdwpDebugServer: handling req: ObjectReference(9).GetValues(2)
10:37:42.926 INFO: JdwpDebugServer: handling req: ThreadReference(11).Status(4)
10:37:42.926 INFO: JdwpDebugServer: handling req: ThreadReference(11).Status(4)
10:37:42.927 INFO: JdwpDebugServer: handling req: EventRequest(15).Set(1)
10:37:42.927 INFO: JdwpEventCenterDelegate: jdwpSetEventRequest: JdwpEventRequest{requestId=104, eventKind=CLASS_PREPARE, suspendPolicy=EVENT_THREAD, predicates=[className=com.abdalla.bushnaq.pluvia.engine.AudioManager]}
10:37:42.932 INFO: JdwpDebugServer: handling req: EventRequest(15).Set(1)
10:37:42.932 INFO: JdwpEventCenterDelegate: jdwpSetEventRequest: JdwpEventRequest{requestId=105, eventKind=CLASS_PREPARE, suspendPolicy=EVENT_THREAD, predicates=[className=com.abdalla.bushnaq.pluvia.engine.AudioManager$*]}
10:37:42.936 INFO: JdwpDebugServer: handling req: VirtualMachine(1).ClassesBySignature(2)
10:37:42.936 INFO: JdwpDebugServer: handling req: ReferenceType(2).MethodsWithGeneric(15)
10:37:42.936 INFO: JdwpDebugServer: handling req: Method(6).LineTable(1)
10:37:42.937 INFO: JdwpDebugServer: handling req: Method(6).LineTable(1)
10:37:42.937 INFO: JdwpDebugServer: handling req: Method(6).LineTable(1)
10:37:42.937 INFO: JdwpDebugServer: handling req: Method(6).LineTable(1)
10:37:42.938 INFO: JdwpDebugServer: handling req: VirtualMachine(1).ClassesBySignature(2)
10:37:42.938 INFO: JdwpDebugServer: handling req: VirtualMachine(1).AllClassesWithGeneric(20)
10:37:42.960 INFO: JdwpDebugServer: handling req: VirtualMachine(1).capabilitiesNew(17)
10:37:42.963 INFO: JdwpDebugServer: handling req: EventRequest(15).Set(1)
10:37:42.964 INFO: JdwpEventCenterDelegate: jdwpSetEventRequest: JdwpEventRequest{requestId=106, eventKind=CLASS_PREPARE, suspendPolicy=EVENT_THREAD, predicates=[className=java.lang.Error]}
10:37:42.968 INFO: JdwpDebugServer: handling req: EventRequest(15).Set(1)
10:37:42.968 INFO: JdwpEventCenterDelegate: jdwpSetEventRequest: JdwpEventRequest{requestId=107, eventKind=CLASS_PREPARE, suspendPolicy=EVENT_THREAD, predicates=[className=java.lang.Error$*]}
10:37:42.971 INFO: JdwpDebugServer: handling req: VirtualMachine(1).ClassesBySignature(2)
10:37:42.972 INFO: JdwpDebugServer: handling req: EventRequest(15).Set(1)
10:37:42.972 INFO: JdwpEventCenterDelegate: jdwpSetEventRequest: JdwpEventRequest{requestId=108, eventKind=EXCEPTION, suspendPolicy=EVENT_THREAD, predicates=[exceptionType=3425(caught=true, uncaught=true)]}
10:37:42.985 INFO: JdwpDebugServer: handling req: EventRequest(15).Set(1)
10:37:42.985 INFO: JdwpEventCenterDelegate: jdwpSetEventRequest: JdwpEventRequest{requestId=109, eventKind=CLASS_PREPARE, suspendPolicy=EVENT_THREAD, predicates=[className=java.lang.Throwable]}
10:37:42.987 INFO: JdwpDebugServer: handling req: EventRequest(15).Set(1)
10:37:42.987 INFO: JdwpEventCenterDelegate: jdwpSetEventRequest: JdwpEventRequest{requestId=110, eventKind=CLASS_PREPARE, suspendPolicy=EVENT_THREAD, predicates=[className=java.lang.Throwable$*]}
10:37:42.988 INFO: JdwpDebugServer: handling req: VirtualMachine(1).ClassesBySignature(2)
10:37:42.989 INFO: JdwpDebugServer: handling req: EventRequest(15).Set(1)
10:37:42.989 INFO: JdwpEventCenterDelegate: jdwpSetEventRequest: JdwpEventRequest{requestId=111, eventKind=EXCEPTION, suspendPolicy=EVENT_THREAD, predicates=[exceptionType=7695(caught=false, uncaught=true)]}
10:37:42.991 INFO: JdwpDebugServer: handling req: ThreadReference(11).SuspendCount(12)
10:37:42.991 INFO: JdwpDebugServer: handling req: ThreadReference(11).SuspendCount(12)
10:37:42.992 INFO: JdwpDebugServer: handling req: ThreadReference(11).SuspendCount(12)
10:37:42.992 INFO: JdwpDebugServer: handling req: ThreadReference(11).SuspendCount(12)
10:37:42.992 INFO: JdwpDebugServer: handling req: VirtualMachine(1).AllThreads(4)
10:37:42.992 INFO: JdwpDebugServer: handling req: VirtualMachine(1).Resume(9)
10:37:43.036 INFO: JdwpEventCenterDelegate: THREAD_RESUMED: thread (33, main, main)
10:37:43.037 INFO: JdwpEventCenterDelegate: THREAD_RESUMED: thread (33, main, main)
10:37:43.038 INFO: JdwpEventCenterDelegate: THREAD_RESUMED: thread (33, main, main)
10:37:43.039 INFO: JdwpEventCenterDelegate: THREAD_RESUMED: thread (33, main, main)
10:37:43.040 INFO: JdwpEventCenterDelegate: THREAD_RESUMED: thread (33, main, main)
10:37:43.041 INFO: JdwpEventCenterDelegate: THREAD_RESUMED: thread (33, main, main)
10:37:43.042 INFO: JdwpEventCenterDelegate: THREAD_RESUMED: thread (33, main, main)
10:37:43.043 INFO: JdwpEventCenterDelegate: THREAD_RESUMED: thread (33, main, main)
10:37:43.044 INFO: JdwpEventCenterDelegate: THREAD_RESUMED: thread (33, main, main)
10:37:43.045 INFO: JdwpEventCenterDelegate: THREAD_RESUMED: thread (33, main, main)
10:37:43.046 INFO: JdwpEventCenterDelegate: THREAD_RESUMED: thread (33, main, main)
10:37:43.047 INFO: JdwpEventCenterDelegate: THREAD_RESUMED: thread (33, main, main)
10:37:43.049 INFO: JdwpEventCenterDelegate: THREAD_RESUMED: thread (33, main, main)
10:37:43.050 INFO: JdwpEventCenterDelegate: THREAD_RESUMED: thread (33, main, main)
10:37:43.051 INFO: JdwpEventCenterDelegate: THREAD_RESUMED: thread (33, main, main)
10:37:43.052 INFO: JdwpEventCenterDelegate: THREAD_RESUMED: thread (33, main, main)
10:37:43.064 INFO: JdwpEventCenterDelegate: THREAD_RESUMED: thread (33, main, main)
10:37:43.076 INFO: JdwpEventCenterDelegate: THREAD_RESUMED: thread (33, main, main)
10:37:43.079 INFO: JdwpEventCenterDelegate: THREAD_RESUMED: thread (33, main, main)
10:37:43.080 INFO: JdwpEventCenterDelegate: THREAD_RESUMED: thread (33, main, main)
10:37:43.081 INFO: JdwpEventCenterDelegate: THREAD_RESUMED: thread (33, main, main)
10:37:43.082 INFO: JdwpEventCenterDelegate: THREAD_RESUMED: thread (33, main, main)
10:37:43.083 INFO: JdwpEventCenterDelegate: THREAD_RESUMED: thread (33, main, main)
10:37:43.085 INFO: JdwpEventCenterDelegate: THREAD_RESUMED: thread (33, main, main)
10:37:43.086 INFO: JdwpEventCenterDelegate: THREAD_RESUMED: thread (33, main, main)
10:37:43.128 INFO: JdwpEventCenterDelegate: THREAD_RESUMED: thread (33, main, main)
10:37:43.129 INFO: JdwpEventCenterDelegate: THREAD_RESUMED: thread (33, main, main)
10:37:43.130 INFO: JdwpEventCenterDelegate: THREAD_RESUMED: thread (33, main, main)
10:37:43.131 INFO: JdwpEventCenterDelegate: THREAD_RESUMED: thread (33, main, main)
10:37:43.132 INFO: JdwpEventCenterDelegate: THREAD_RESUMED: thread (33, main, main)
10:37:43.133 INFO: JdwpEventCenterDelegate: THREAD_RESUMED: thread (33, main, main)
10:37:43.134 INFO: JdwpEventCenterDelegate: THREAD_RESUMED: thread (33, main, main)
10:37:43.141 INFO: JdwpEventCenterDelegate: THREAD_RESUMED: thread (33, main, main)
10:37:43.142 INFO: JdwpEventCenterDelegate: THREAD_RESUMED: thread (33, main, main)
10:37:43.143 INFO: JdwpEventCenterDelegate: THREAD_RESUMED: thread (33, main, main)
10:37:43.144 INFO: JdwpEventCenterDelegate: THREAD_RESUMED: thread (33, main, main)
10:37:43.145 INFO: JdwpEventCenterDelegate: THREAD_RESUMED: thread (33, main, main)
10:37:43.147 INFO: JdwpEventCenterDelegate: THREAD_RESUMED: thread (33, main, main)
10:37:43.148 INFO: JdwpEventCenterDelegate: THREAD_RESUMED: thread (33, main, main)
10:37:43.178 INFO: JdwpEventCenterDelegate: THREAD_RESUMED: thread (33, main, main)
10:37:43.179 INFO: JdwpEventCenterDelegate: THREAD_RESUMED: thread (33, main, main)
10:37:43.180 INFO: JdwpEventCenterDelegate: THREAD_RESUMED: thread (33, main, main)
10:37:43.181 INFO: JdwpEventCenterDelegate: THREAD_RESUMED: thread (33, main, main)
10:37:43.182 INFO: JdwpEventCenterDelegate: THREAD_RESUMED: thread (33, main, main)
10:37:43.183 INFO: JdwpEventCenterDelegate: THREAD_RESUMED: thread (33, main, main)
10:37:43.184 INFO: JdwpEventCenterDelegate: THREAD_RESUMED: thread (33, main, main)
10:37:43.199 INFO: JdwpEventCenterDelegate: THREAD_RESUMED: thread (33, main, main)
10:37:43.201 INFO: JdwpEventCenterDelegate: THREAD_RESUMED: thread (33, main, main)
10:37:43.202 INFO: JdwpEventCenterDelegate: THREAD_RESUMED: thread (33, main, main)
10:37:43.203 INFO: JdwpEventCenterDelegate: THREAD_RESUMED: thread (33, main, main)
10:37:43.300 INFO: JdwpEventCenterDelegate: THREAD_RESUMED: thread (33, main, main)
10:37:43.305 INFO: JdwpEventCenterDelegate: THREAD_RESUMED: thread (33, main, main)
10:37:43.307 INFO: JdwpEventCenterDelegate: THREAD_RESUMED: thread (33, main, main)
10:37:43.327 INFO: JdwpEventCenterDelegate: THREAD_RESUMED: thread (33, main, main)
10:37:43.329 INFO: JdwpEventCenterDelegate: THREAD_RESUMED: thread (33, main, main)
10:37:43.331 INFO: JdwpEventCenterDelegate: THREAD_RESUMED: thread (33, main, main)
10:37:43.332 INFO: JdwpEventCenterDelegate: THREAD_RESUMED: thread (33, main, main)
10:37:43.333 INFO: JdwpEventCenterDelegate: THREAD_RESUMED: thread (33, main, main)
10:37:43.335 INFO: JdwpEventCenterDelegate: THREAD_RESUMED: thread (33, main, main)
10:37:43.336 INFO: JdwpEventCenterDelegate: THREAD_RESUMED: thread (33, main, main)
10:37:43.353 INFO: JdwpEventCenterDelegate: THREAD_RESUMED: thread (33, main, main)
10:37:43.354 INFO: JdwpEventCenterDelegate: THREAD_RESUMED: thread (33, main, main)
10:37:43.355 INFO: JdwpEventCenterDelegate: THREAD_RESUMED: thread (33, main, main)
10:37:43.356 INFO: JdwpEventCenterDelegate: THREAD_RESUMED: thread (33, main, main)
10:37:43.357 INFO: JdwpEventCenterDelegate: THREAD_RESUMED: thread (33, main, main)
10:37:43.359 INFO: JdwpEventCenterDelegate: THREAD_RESUMED: thread (33, main, main)
10:37:43.360 INFO: JdwpEventCenterDelegate: THREAD_RESUMED: thread (33, main, main)
10:37:43.361 INFO: JdwpEventCenterDelegate: THREAD_RESUMED: thread (33, main, main)
10:37:43.362 INFO: JdwpEventCenterDelegate: THREAD_RESUMED: thread (33, main, main)
10:37:43.363 INFO: JdwpEventCenterDelegate: THREAD_RESUMED: thread (33, main, main)
10:37:43.365 INFO: JdwpEventCenterDelegate: THREAD_RESUMED: thread (33, main, main)
10:37:43.366 INFO: JdwpEventCenterDelegate: THREAD_RESUMED: thread (33, main, main)
10:37:43.367 INFO: JdwpEventCenterDelegate: THREAD_RESUMED: thread (33, main, main)
10:37:43.368 INFO: JdwpEventCenterDelegate: THREAD_RESUMED: thread (33, main, main)
10:37:43.370 INFO: JdwpEventCenterDelegate: THREAD_RESUMED: thread (33, main, main)
10:37:43.371 INFO: JdwpEventCenterDelegate: THREAD_RESUMED: thread (33, main, main)
10:37:43.372 INFO: JdwpEventCenterDelegate: THREAD_RESUMED: thread (33, main, main)
10:37:43.373 INFO: JdwpEventCenterDelegate: THREAD_RESUMED: thread (33, main, main)
10:37:43.379 INFO: JdwpEventCenterDelegate: THREAD_RESUMED: thread (33, main, main)
10:37:43.380 INFO: JdwpEventCenterDelegate: THREAD_RESUMED: thread (33, main, main)
10:37:43.603 INFO: JdwpEventCenterDelegate: THREAD_RESUMED: thread (33, main, main)
10:37:43.605 INFO: JdwpEventCenterDelegate: THREAD_RESUMED: thread (33, main, main)
10:37:43.621 INFO: JdwpEventCenterDelegate: THREAD_RESUMED: thread (33, main, main)
10:37:43.622 INFO: JdwpEventCenterDelegate: THREAD_RESUMED: thread (33, main, main)
10:37:43.624 INFO: JdwpEventCenterDelegate: THREAD_RESUMED: thread (33, main, main)
10:37:43.624 INFO: JdwpEventCenterDelegate: THREAD_RESUMED: thread (33, main, main)
10:37:43.630 INFO: JdwpEventCenterDelegate: THREAD_RESUMED: thread (33, main, main)
10:37:43.632 INFO: JdwpEventCenterDelegate: THREAD_RESUMED: thread (33, main, main)
10:37:43.684 INFO: JdwpEventCenterDelegate: THREAD_RESUMED: thread (33, main, main)
10:37:43.868 INFO: JdwpEventCenterDelegate: THREAD_RESUMED: thread (33, main, main)
10:37:43.869 INFO: JdwpEventCenterDelegate: THREAD_RESUMED: thread (33, main, main)
10:37:43.871 INFO: JdwpEventCenterDelegate: THREAD_RESUMED: thread (33, main, main)
10:37:43.873 INFO: JdwpEventCenterDelegate: THREAD_RESUMED: thread (33, main, main)
10:37:43.874 INFO: JdwpEventCenterDelegate: THREAD_RESUMED: thread (33, main, main)
10:37:43.876 INFO: JdwpEventCenterDelegate: THREAD_RESUMED: thread (33, main, main)
10:37:43.884 INFO: JdwpEventCenterDelegate: THREAD_RESUMED: thread (33, main, main)
10:37:43.886 INFO: JdwpEventCenterDelegate: THREAD_RESUMED: thread (33, main, main)
10:37:43.888 INFO: JdwpEventCenterDelegate: THREAD_RESUMED: thread (33, main, main)
10:37:43.889 INFO: JdwpEventCenterDelegate: THREAD_RESUMED: thread (33, main, main)
10:37:43.891 INFO: JdwpEventCenterDelegate: THREAD_RESUMED: thread (33, main, main)
10:37:43.893 INFO: JdwpEventCenterDelegate: THREAD_RESUMED: thread (33, main, main)
10:37:43.895 INFO: JdwpEventCenterDelegate: THREAD_RESUMED: thread (33, main, main)
10:37:43.912 INFO: JdwpEventCenterDelegate: THREAD_RESUMED: thread (33, main, main)
10:37:43.928 INFO: JdwpEventCenterDelegate: THREAD_RESUMED: thread (33, main, main)
10:37:43.942 INFO: JdwpEventCenterDelegate: THREAD_RESUMED: thread (33, main, main)
10:37:43.953 INFO: JdwpEventCenterDelegate: THREAD_RESUMED: thread (33, main, main)
10:37:43.969 INFO: JdwpEventCenterDelegate: THREAD_RESUMED: thread (33, main, main)
10:37:43.993 INFO: JdwpEventCenterDelegate: THREAD_RESUMED: thread (33, main, main)
10:37:43.999 INFO: JdwpEventCenterDelegate: THREAD_RESUMED: thread (33, main, main)
10:37:44.005 INFO: JdwpEventCenterDelegate: THREAD_RESUMED: thread (33, main, main)
10:37:44.010 INFO: JdwpEventCenterDelegate: THREAD_RESUMED: thread (33, main, main)
10:37:44.014 INFO: JdwpEventCenterDelegate: THREAD_RESUMED: thread (33, main, main)
10:37:44.020 INFO: JdwpEventCenterDelegate: THREAD_RESUMED: thread (33, main, main)
10:37:44.029 INFO: JdwpEventCenterDelegate: THREAD_RESUMED: thread (33, main, main)
10:37:44.035 INFO: JdwpEventCenterDelegate: THREAD_RESUMED: thread (33, main, main)
10:37:44.041 INFO: JdwpEventCenterDelegate: THREAD_RESUMED: thread (33, main, main)
10:37:44.047 INFO: JdwpEventCenterDelegate: THREAD_RESUMED: thread (33, main, main)
10:37:44.052 INFO: JdwpEventCenterDelegate: THREAD_RESUMED: thread (33, main, main)
10:37:44.059 INFO: JdwpEventCenterDelegate: THREAD_RESUMED: thread (33, main, main)
10:37:44.065 INFO: JdwpEventCenterDelegate: THREAD_RESUMED: thread (33, main, main)
10:37:44.067 INFO: JdwpEventCenterDelegate: THREAD_RESUMED: thread (33, main, main)
10:37:44.070 INFO: JdwpEventCenterDelegate: THREAD_RESUMED: thread (33, main, main)
10:37:44.072 INFO: JdwpEventCenterDelegate: THREAD_RESUMED: thread (33, main, main)
10:37:44.074 INFO: JdwpEventCenterDelegate: THREAD_RESUMED: thread (33, main, main)
10:37:44.076 INFO: JdwpEventCenterDelegate: THREAD_RESUMED: thread (33, main, main)
10:37:44.078 INFO: JdwpEventCenterDelegate: THREAD_RESUMED: thread (33, main, main)
10:37:44.080 INFO: JdwpEventCenterDelegate: THREAD_RESUMED: thread (33, main, main)
10:37:44.081 INFO: JdwpEventCenterDelegate: THREAD_RESUMED: thread (33, main, main)
10:37:44.082 INFO: JdwpEventCenterDelegate: THREAD_RESUMED: thread (33, main, main)
10:37:44.084 INFO: JdwpEventCenterDelegate: THREAD_RESUMED: thread (33, main, main)
10:37:44.085 INFO: JdwpEventCenterDelegate: THREAD_RESUMED: thread (33, main, main)
10:37:44.087 INFO: JdwpEventCenterDelegate: THREAD_RESUMED: thread (33, main, main)
10:37:44.089 INFO: JdwpEventCenterDelegate: THREAD_RESUMED: thread (33, main, main)
10:37:44.090 INFO: JdwpEventCenterDelegate: THREAD_RESUMED: thread (33, main, main)
10:37:44.092 INFO: JdwpEventCenterDelegate: THREAD_RESUMED: thread (33, main, main)
10:37:44.094 INFO: JdwpEventCenterDelegate: THREAD_RESUMED: thread (33, main, main)
10:37:44.096 INFO: JdwpEventCenterDelegate: THREAD_RESUMED: thread (33, main, main)
10:37:44.097 INFO: JdwpEventCenterDelegate: THREAD_RESUMED: thread (33, main, main)
10:37:44.098 INFO: JdwpEventCenterDelegate: THREAD_RESUMED: thread (33, main, main)
10:37:44.100 INFO: JdwpEventCenterDelegate: THREAD_RESUMED: thread (33, main, main)
10:37:44.101 INFO: JdwpEventCenterDelegate: THREAD_RESUMED: thread (33, main, main)
10:37:44.103 INFO: JdwpEventCenterDelegate: THREAD_RESUMED: thread (33, main, main)
10:37:44.104 INFO: JdwpEventCenterDelegate: THREAD_RESUMED: thread (33, main, main)
10:37:44.106 INFO: JdwpEventCenterDelegate: THREAD_RESUMED: thread (33, main, main)
10:37:44.107 INFO: JdwpEventCenterDelegate: THREAD_RESUMED: thread (33, main, main)
10:37:44.109 INFO: JdwpEventCenterDelegate: THREAD_RESUMED: thread (33, main, main)
10:37:44.110 INFO: JdwpEventCenterDelegate: THREAD_RESUMED: thread (33, main, main)
10:37:44.112 INFO: JdwpEventCenterDelegate: THREAD_RESUMED: thread (33, main, main)
10:37:44.113 INFO: JdwpEventCenterDelegate: THREAD_RESUMED: thread (33, main, main)
10:37:44.114 INFO: JdwpEventCenterDelegate: THREAD_RESUMED: thread (33, main, main)
10:37:44.116 INFO: JdwpEventCenterDelegate: THREAD_RESUMED: thread (33, main, main)
10:37:44.118 INFO: JdwpEventCenterDelegate: THREAD_RESUMED: thread (33, main, main)
10:37:44.120 INFO: JdwpEventCenterDelegate: THREAD_RESUMED: thread (33, main, main)
10:37:44.121 INFO: JdwpEventCenterDelegate: THREAD_RESUMED: thread (33, main, main)
10:37:44.123 INFO: JdwpEventCenterDelegate: THREAD_RESUMED: thread (33, main, main)
10:37:44.125 INFO: JdwpEventCenterDelegate: THREAD_RESUMED: thread (33, main, main)
10:37:44.126 INFO: JdwpEventCenterDelegate: THREAD_RESUMED: thread (33, main, main)
10:37:44.128 INFO: JdwpEventCenterDelegate: THREAD_RESUMED: thread (33, main, main)
10:37:44.129 INFO: JdwpEventCenterDelegate: THREAD_RESUMED: thread (33, main, main)
10:37:44.131 INFO: JdwpEventCenterDelegate: THREAD_RESUMED: thread (33, main, main)
10:37:44.132 INFO: JdwpEventCenterDelegate: THREAD_RESUMED: thread (33, main, main)
10:37:44.135 INFO: JdwpEventCenterDelegate: THREAD_RESUMED: thread (33, main, main)
10:37:44.136 INFO: JdwpEventCenterDelegate: THREAD_RESUMED: thread (33, main, main)
10:37:44.137 INFO: JdwpEventCenterDelegate: THREAD_RESUMED: thread (33, main, main)
10:37:44.139 INFO: JdwpEventCenterDelegate: THREAD_RESUMED: thread (33, main, main)
10:37:44.140 INFO: JdwpEventCenterDelegate: THREAD_RESUMED: thread (33, main, main)
10:37:44.141 INFO: JdwpEventCenterDelegate: THREAD_RESUMED: thread (33, main, main)
10:37:44.143 INFO: JdwpEventCenterDelegate: THREAD_RESUMED: thread (33, main, main)
10:37:44.144 INFO: JdwpEventCenterDelegate: THREAD_RESUMED: thread (33, main, main)
10:37:44.146 INFO: JdwpEventCenterDelegate: THREAD_RESUMED: thread (33, main, main)
10:37:44.148 INFO: JdwpEventCenterDelegate: THREAD_RESUMED: thread (33, main, main)
10:37:44.149 INFO: JdwpEventCenterDelegate: THREAD_RESUMED: thread (33, main, main)
10:37:44.151 INFO: JdwpEventCenterDelegate: THREAD_RESUMED: thread (33, main, main)
10:37:44.315 INFO: JdwpDebugServer: handling req: ThreadReference(11).Resume(3)
10:37:44.316 INFO: JdwpEventCenterDelegate: THREAD_RESUMED: thread (33, main, main)
10:37:44.339 INFO: JdwpEventCenterDelegate: THREAD_RESUMED: thread (33, main, main)
10:37:44.368 INFO: JdwpEventCenterDelegate: THREAD_RESUMED: thread (33, main, main)
10:37:44.369 INFO: JdwpEventCenterDelegate: THREAD_RESUMED: thread (33, main, main)
10:37:44.371 INFO: JdwpEventCenterDelegate: THREAD_RESUMED: thread (33, main, main)
10:37:44.372 INFO: JdwpEventCenterDelegate: THREAD_RESUMED: thread (33, main, main)
10:37:44.523 INFO: JdwpEventCenterDelegate: THREAD_RESUMED: thread (33, main, main)
10:37:44.525 INFO: JdwpEventCenterDelegate: THREAD_RESUMED: thread (33, main, main)
10:37:44.537 INFO: JdwpEventCenterDelegate: THREAD_RESUMED: thread (33, main, main)
10:37:44.538 INFO: JdwpEventCenterDelegate: THREAD_RESUMED: thread (33, main, main)
10:37:44.542 INFO: JdwpEventCenterDelegate: THREAD_RESUMED: thread (33, main, main)
10:37:44.543 INFO: JdwpEventCenterDelegate: THREAD_RESUMED: thread (33, main, main)
10:37:44.544 INFO: JdwpEventCenterDelegate: THREAD_RESUMED: thread (33, main, main)
10:37:44.546 INFO: JdwpEventCenterDelegate: THREAD_RESUMED: thread (33, main, main)
10:37:44.547 INFO: JdwpEventCenterDelegate: THREAD_RESUMED: thread (33, main, main)
10:37:44.548 INFO: JdwpEventCenterDelegate: THREAD_RESUMED: thread (33, main, main)
10:37:49.299 INFO: JdwpEventCenterDelegate: THREAD_RESUMED: thread (33, main, main)
10:37:49.300 INFO: JdwpEventCenterDelegate: THREAD_RESUMED: thread (33, main, main)
10:38:36.645 INFO: JdwpDebugServer: handling req: VirtualMachine(1).Exit(10)
10:38:36.645 SEVERE: Debugger: Thread JDWP server socket thread crashed
org.robovm.debugger.DebuggerException: Terminating due exit command
	at org.robovm.debugger.jdwp.JdwpDebugServer.doSocketWork(JdwpDebugServer.java:211)
	at java.base/java.lang.Thread.run(Thread.java:833)
	at org.robovm.debugger.utils.DebuggerThread.run(DebuggerThread.java:42)
10:38:36.671 SEVERE: Debugger: Thread HooksChannel socket thread crashed
org.robovm.debugger.DebuggerException: java.io.IOException: org.robovm.libimobiledevice.LibIMobileDeviceException: IDEVICE_E_UNKNOWN_ERROR
	at org.robovm.debugger.hooks.HooksChannel.doSocketWork(HooksChannel.java:149)
	at java.base/java.lang.Thread.run(Thread.java:833)
	at org.robovm.debugger.utils.DebuggerThread.run(DebuggerThread.java:42)
Caused by: java.io.IOException: org.robovm.libimobiledevice.LibIMobileDeviceException: IDEVICE_E_UNKNOWN_ERROR
	at org.robovm.libimobiledevice.IDeviceConnection$DeviceInputStream.read(IDeviceConnection.java:203)
	at org.robovm.debugger.utils.bytebuffer.DataBufferWriter.writeFromStream(DataBufferWriter.java:89)
	at org.robovm.debugger.hooks.HooksChannel.doSocketWork(HooksChannel.java:116)
	... 2 more
Caused by: org.robovm.libimobiledevice.LibIMobileDeviceException: IDEVICE_E_UNKNOWN_ERROR
	at org.robovm.libimobiledevice.IDevice.checkResult(IDevice.java:206)
	at org.robovm.libimobiledevice.IDeviceConnection.receive(IDeviceConnection.java:110)
	at org.robovm.libimobiledevice.IDeviceConnection.receive(IDeviceConnection.java:81)
	at org.robovm.libimobiledevice.IDeviceConnection$DeviceInputStream.read(IDeviceConnection.java:201)
	... 4 more
