08:31:21.766 INFO: JdwpEventCenterDelegate: THREAD_STARTED: thread (33, main, main)
08:31:21.846 INFO: JdwpEventCenterDelegate: THREAD_STARTED: thread (48, ReferenceQueueDaemon, main)
08:31:21.847 INFO: JdwpEventCenterDelegate: THREAD_STARTED: thread (63, FinalizerDaemon, main)
08:31:21.847 INFO: JdwpEventCenterDelegate: THREAD_STARTED: thread (78, FinalizerWatchdogDaemon, main)
08:31:22.851 INFO: JdwpDebugServer: handling req: VirtualMachine(1).IDSizes(7)
08:31:22.853 INFO: JdwpDebugServer: handling req: EventRequest(15).Set(1)
08:31:22.853 INFO: JdwpEventCenterDelegate: jdwpSetEventRequest: JdwpEventRequest{requestId=100, eventKind=CLASS_UNLOAD, suspendPolicy=NONE, predicates=[]}
08:31:22.853 INFO: JdwpDebugServer: handling req: EventRequest(15).Set(1)
08:31:22.853 INFO: JdwpEventCenterDelegate: jdwpSetEventRequest: JdwpEventRequest{requestId=101, eventKind=THREAD_START, suspendPolicy=NONE, predicates=[]}
08:31:22.854 INFO: JdwpDebugServer: handling req: VirtualMachine(1).ClassesBySignature(2)
08:31:22.856 INFO: JdwpDebugServer: handling req: VirtualMachine(1).Version(1)
08:31:22.857 INFO: JdwpDebugServer: handling req: ReferenceType(2).MethodsWithGeneric(15)
08:31:22.860 INFO: JdwpDebugServer: handling req: Method(6).LineTable(1)
08:31:22.867 INFO: JdwpDebugServer: handling req: EventRequest(15).Set(1)
08:31:22.868 INFO: JdwpEventCenterDelegate: jdwpSetEventRequest: JdwpEventRequest{requestId=102, eventKind=BREAKPOINT, suspendPolicy=NONE, predicates=[Location{classId=845, methodId=257, index=928} ]}
08:31:22.869 INFO: JdwpDebugServer: handling req: EventRequest(15).Set(1)
08:31:22.869 INFO: JdwpEventCenterDelegate: jdwpSetEventRequest: JdwpEventRequest{requestId=103, eventKind=THREAD_DEATH, suspendPolicy=NONE, predicates=[]}
08:31:22.869 INFO: JdwpDebugServer: handling req: VirtualMachine(1).AllThreads(4)
08:31:22.870 INFO: JdwpDebugServer: handling req: ThreadReference(11).ThreadGroup(5)
08:31:22.870 INFO: JdwpDebugServer: handling req: ThreadGroup(12).Name(1)
08:31:22.870 INFO: JdwpDebugServer: handling req: ThreadGroup(12).Parent(2)
08:31:22.871 INFO: JdwpDebugServer: handling req: ObjectReference(9).ReferenceType(1)
08:31:22.871 INFO: JdwpDebugServer: handling req: ReferenceType(2).FieldsWithGeneric(14)
08:31:22.872 INFO: JdwpDebugServer: handling req: ReferenceType(2).Interfaces(10)
08:31:22.873 INFO: JdwpDebugServer: handling req: ReferenceType(2).FieldsWithGeneric(14)
08:31:22.873 INFO: JdwpDebugServer: handling req: ReferenceType(2).Interfaces(10)
08:31:22.875 INFO: JdwpDebugServer: handling req: ClassType(3).Superclass(1)
08:31:22.875 INFO: JdwpDebugServer: handling req: ReferenceType(2).FieldsWithGeneric(14)
08:31:22.875 INFO: JdwpDebugServer: handling req: ReferenceType(2).Interfaces(10)
08:31:22.875 INFO: JdwpDebugServer: handling req: ClassType(3).Superclass(1)
08:31:22.876 INFO: JdwpDebugServer: handling req: ObjectReference(9).GetValues(2)
08:31:22.878 INFO: JdwpDebugServer: handling req: ThreadReference(11).Status(4)
08:31:22.878 INFO: JdwpDebugServer: handling req: ThreadReference(11).Status(4)
08:31:22.878 INFO: JdwpDebugServer: handling req: ThreadReference(11).ThreadGroup(5)
08:31:22.879 INFO: JdwpDebugServer: handling req: ObjectReference(9).ReferenceType(1)
08:31:22.879 INFO: JdwpDebugServer: handling req: ObjectReference(9).GetValues(2)
08:31:22.879 INFO: JdwpDebugServer: handling req: ThreadReference(11).Status(4)
08:31:22.879 INFO: JdwpDebugServer: handling req: ThreadReference(11).Status(4)
08:31:22.880 INFO: JdwpDebugServer: handling req: ThreadReference(11).ThreadGroup(5)
08:31:22.880 INFO: JdwpDebugServer: handling req: ObjectReference(9).ReferenceType(1)
08:31:22.880 INFO: JdwpDebugServer: handling req: ObjectReference(9).GetValues(2)
08:31:22.880 INFO: JdwpDebugServer: handling req: ThreadReference(11).Status(4)
08:31:22.880 INFO: JdwpDebugServer: handling req: ThreadReference(11).Status(4)
08:31:22.881 INFO: JdwpDebugServer: handling req: ThreadReference(11).ThreadGroup(5)
08:31:22.881 INFO: JdwpDebugServer: handling req: ObjectReference(9).ReferenceType(1)
08:31:22.881 INFO: JdwpDebugServer: handling req: ObjectReference(9).GetValues(2)
08:31:22.881 INFO: JdwpDebugServer: handling req: ThreadReference(11).Status(4)
08:31:22.881 INFO: JdwpDebugServer: handling req: ThreadReference(11).Status(4)
08:31:22.883 INFO: JdwpDebugServer: handling req: EventRequest(15).Set(1)
08:31:22.883 INFO: JdwpEventCenterDelegate: jdwpSetEventRequest: JdwpEventRequest{requestId=104, eventKind=CLASS_PREPARE, suspendPolicy=EVENT_THREAD, predicates=[className=com.badlogic.gdx.graphics.g2d.PolygonSpriteBatch]}
08:31:22.891 INFO: JdwpDebugServer: handling req: EventRequest(15).Set(1)
08:31:22.891 INFO: JdwpEventCenterDelegate: jdwpSetEventRequest: JdwpEventRequest{requestId=105, eventKind=CLASS_PREPARE, suspendPolicy=EVENT_THREAD, predicates=[className=com.badlogic.gdx.graphics.g2d.PolygonSpriteBatch$*]}
08:31:22.893 INFO: JdwpDebugServer: handling req: VirtualMachine(1).ClassesBySignature(2)
08:31:22.895 INFO: JdwpDebugServer: handling req: ReferenceType(2).MethodsWithGeneric(15)
08:31:22.897 INFO: JdwpDebugServer: handling req: Method(6).LineTable(1)
08:31:22.898 INFO: JdwpDebugServer: handling req: Method(6).LineTable(1)
08:31:22.898 INFO: JdwpDebugServer: handling req: Method(6).LineTable(1)
08:31:22.898 INFO: JdwpDebugServer: handling req: Method(6).LineTable(1)
08:31:22.899 INFO: JdwpDebugServer: handling req: Method(6).LineTable(1)
08:31:22.899 INFO: JdwpDebugServer: handling req: Method(6).LineTable(1)
08:31:22.899 INFO: JdwpDebugServer: handling req: Method(6).LineTable(1)
08:31:22.900 INFO: JdwpDebugServer: handling req: Method(6).LineTable(1)
08:31:22.901 INFO: JdwpDebugServer: handling req: Method(6).LineTable(1)
08:31:22.902 INFO: JdwpDebugServer: handling req: Method(6).LineTable(1)
08:31:22.902 INFO: JdwpDebugServer: handling req: Method(6).LineTable(1)
08:31:22.902 INFO: JdwpDebugServer: handling req: Method(6).LineTable(1)
08:31:22.902 INFO: JdwpDebugServer: handling req: Method(6).LineTable(1)
08:31:22.902 INFO: JdwpDebugServer: handling req: Method(6).LineTable(1)
08:31:22.902 INFO: JdwpDebugServer: handling req: Method(6).LineTable(1)
08:31:22.902 INFO: JdwpDebugServer: handling req: Method(6).LineTable(1)
08:31:22.903 INFO: JdwpDebugServer: handling req: Method(6).LineTable(1)
08:31:22.903 INFO: JdwpDebugServer: handling req: Method(6).LineTable(1)
08:31:22.903 INFO: JdwpDebugServer: handling req: Method(6).LineTable(1)
08:31:22.903 INFO: JdwpDebugServer: handling req: Method(6).LineTable(1)
08:31:22.903 INFO: JdwpDebugServer: handling req: Method(6).LineTable(1)
08:31:22.903 INFO: JdwpDebugServer: handling req: Method(6).LineTable(1)
08:31:22.903 INFO: JdwpDebugServer: handling req: Method(6).LineTable(1)
08:31:22.903 INFO: JdwpDebugServer: handling req: Method(6).LineTable(1)
08:31:22.903 INFO: JdwpDebugServer: handling req: Method(6).LineTable(1)
08:31:22.904 INFO: JdwpDebugServer: handling req: Method(6).LineTable(1)
08:31:22.904 INFO: JdwpDebugServer: handling req: Method(6).LineTable(1)
08:31:22.904 INFO: JdwpDebugServer: handling req: Method(6).LineTable(1)
08:31:22.904 INFO: JdwpDebugServer: handling req: Method(6).LineTable(1)
08:31:22.904 INFO: JdwpDebugServer: handling req: Method(6).LineTable(1)
08:31:22.904 INFO: JdwpDebugServer: handling req: Method(6).LineTable(1)
08:31:22.904 INFO: JdwpDebugServer: handling req: Method(6).LineTable(1)
08:31:22.905 INFO: JdwpDebugServer: handling req: Method(6).LineTable(1)
08:31:22.905 INFO: JdwpDebugServer: handling req: Method(6).LineTable(1)
08:31:22.905 INFO: JdwpDebugServer: handling req: Method(6).LineTable(1)
08:31:22.905 INFO: JdwpDebugServer: handling req: Method(6).LineTable(1)
08:31:22.905 INFO: JdwpDebugServer: handling req: Method(6).LineTable(1)
08:31:22.905 INFO: JdwpDebugServer: handling req: Method(6).LineTable(1)
08:31:22.905 INFO: JdwpDebugServer: handling req: Method(6).LineTable(1)
08:31:22.905 INFO: JdwpDebugServer: handling req: Method(6).LineTable(1)
08:31:22.906 INFO: JdwpDebugServer: handling req: Method(6).LineTable(1)
08:31:22.906 INFO: JdwpDebugServer: handling req: Method(6).LineTable(1)
08:31:22.906 INFO: JdwpDebugServer: handling req: Method(6).LineTable(1)
08:31:22.906 INFO: JdwpDebugServer: handling req: Method(6).LineTable(1)
08:31:22.906 INFO: JdwpDebugServer: handling req: Method(6).LineTable(1)
08:31:22.906 INFO: JdwpDebugServer: handling req: Method(6).LineTable(1)
08:31:22.907 INFO: JdwpDebugServer: handling req: Method(6).LineTable(1)
08:31:22.907 INFO: JdwpDebugServer: handling req: EventRequest(15).Set(1)
08:31:22.907 INFO: JdwpEventCenterDelegate: jdwpSetEventRequest: JdwpEventRequest{requestId=106, eventKind=BREAKPOINT, suspendPolicy=EVENT_THREAD, predicates=[Location{classId=15500, methodId=1122, index=142} ]}
08:31:22.908 INFO: JdwpDebugServer: handling req: ReferenceType(2).Signature(1)
08:31:22.911 INFO: JdwpDebugServer: handling req: EventRequest(15).Set(1)
08:31:22.911 INFO: JdwpEventCenterDelegate: jdwpSetEventRequest: JdwpEventRequest{requestId=107, eventKind=CLASS_PREPARE, suspendPolicy=EVENT_THREAD, predicates=[className=com.badlogic.gdx.graphics.g2d.SpriteBatch]}
08:31:22.913 INFO: JdwpDebugServer: handling req: EventRequest(15).Set(1)
08:31:22.913 INFO: JdwpEventCenterDelegate: jdwpSetEventRequest: JdwpEventRequest{requestId=108, eventKind=CLASS_PREPARE, suspendPolicy=EVENT_THREAD, predicates=[className=com.badlogic.gdx.graphics.g2d.SpriteBatch$*]}
08:31:22.914 INFO: JdwpDebugServer: handling req: VirtualMachine(1).ClassesBySignature(2)
08:31:22.914 INFO: JdwpDebugServer: handling req: ReferenceType(2).MethodsWithGeneric(15)
08:31:22.915 INFO: JdwpDebugServer: handling req: Method(6).LineTable(1)
08:31:22.915 INFO: JdwpDebugServer: handling req: Method(6).LineTable(1)
08:31:22.915 INFO: JdwpDebugServer: handling req: Method(6).LineTable(1)
08:31:22.915 INFO: JdwpDebugServer: handling req: Method(6).LineTable(1)
08:31:22.915 INFO: JdwpDebugServer: handling req: Method(6).LineTable(1)
08:31:22.915 INFO: JdwpDebugServer: handling req: Method(6).LineTable(1)
08:31:22.915 INFO: JdwpDebugServer: handling req: Method(6).LineTable(1)
08:31:22.916 INFO: JdwpDebugServer: handling req: Method(6).LineTable(1)
08:31:22.916 INFO: JdwpDebugServer: handling req: Method(6).LineTable(1)
08:31:22.916 INFO: JdwpDebugServer: handling req: Method(6).LineTable(1)
08:31:22.916 INFO: JdwpDebugServer: handling req: Method(6).LineTable(1)
08:31:22.916 INFO: JdwpDebugServer: handling req: Method(6).LineTable(1)
08:31:22.916 INFO: JdwpDebugServer: handling req: Method(6).LineTable(1)
08:31:22.917 INFO: JdwpDebugServer: handling req: Method(6).LineTable(1)
08:31:22.917 INFO: JdwpDebugServer: handling req: Method(6).LineTable(1)
08:31:22.917 INFO: JdwpDebugServer: handling req: Method(6).LineTable(1)
08:31:22.917 INFO: JdwpDebugServer: handling req: Method(6).LineTable(1)
08:31:22.917 INFO: JdwpDebugServer: handling req: Method(6).LineTable(1)
08:31:22.917 INFO: JdwpDebugServer: handling req: Method(6).LineTable(1)
08:31:22.918 INFO: JdwpDebugServer: handling req: Method(6).LineTable(1)
08:31:22.918 INFO: JdwpDebugServer: handling req: Method(6).LineTable(1)
08:31:22.918 INFO: JdwpDebugServer: handling req: Method(6).LineTable(1)
08:31:22.918 INFO: JdwpDebugServer: handling req: Method(6).LineTable(1)
08:31:22.918 INFO: JdwpDebugServer: handling req: Method(6).LineTable(1)
08:31:22.919 INFO: JdwpDebugServer: handling req: Method(6).LineTable(1)
08:31:22.919 INFO: JdwpDebugServer: handling req: Method(6).LineTable(1)
08:31:22.919 INFO: JdwpDebugServer: handling req: Method(6).LineTable(1)
08:31:22.919 INFO: JdwpDebugServer: handling req: Method(6).LineTable(1)
08:31:22.919 INFO: JdwpDebugServer: handling req: Method(6).LineTable(1)
08:31:22.919 INFO: JdwpDebugServer: handling req: Method(6).LineTable(1)
08:31:22.919 INFO: JdwpDebugServer: handling req: Method(6).LineTable(1)
08:31:22.920 INFO: JdwpDebugServer: handling req: Method(6).LineTable(1)
08:31:22.920 INFO: JdwpDebugServer: handling req: Method(6).LineTable(1)
08:31:22.920 INFO: JdwpDebugServer: handling req: Method(6).LineTable(1)
08:31:22.920 INFO: JdwpDebugServer: handling req: Method(6).LineTable(1)
08:31:22.920 INFO: JdwpDebugServer: handling req: Method(6).LineTable(1)
08:31:22.922 INFO: JdwpDebugServer: handling req: Method(6).LineTable(1)
08:31:22.922 INFO: JdwpDebugServer: handling req: Method(6).LineTable(1)
08:31:22.923 INFO: JdwpDebugServer: handling req: Method(6).LineTable(1)
08:31:22.923 INFO: JdwpDebugServer: handling req: Method(6).LineTable(1)
08:31:22.925 INFO: JdwpDebugServer: handling req: Method(6).LineTable(1)
08:31:22.926 INFO: JdwpDebugServer: handling req: Method(6).LineTable(1)
08:31:22.926 INFO: JdwpDebugServer: handling req: Method(6).LineTable(1)
08:31:22.926 INFO: JdwpDebugServer: handling req: Method(6).LineTable(1)
08:31:22.926 INFO: JdwpDebugServer: handling req: EventRequest(15).Set(1)
08:31:22.926 INFO: JdwpEventCenterDelegate: jdwpSetEventRequest: JdwpEventRequest{requestId=109, eventKind=BREAKPOINT, suspendPolicy=EVENT_THREAD, predicates=[Location{classId=18040, methodId=1357, index=163} ]}
08:31:22.927 INFO: JdwpDebugServer: handling req: ReferenceType(2).Signature(1)
08:31:22.927 INFO: JdwpDebugServer: handling req: EventRequest(15).Set(1)
08:31:22.927 INFO: JdwpEventCenterDelegate: jdwpSetEventRequest: JdwpEventRequest{requestId=110, eventKind=CLASS_PREPARE, suspendPolicy=EVENT_THREAD, predicates=[className=com.badlogic.gdx.graphics.g2d.PolygonSpriteBatch]}
08:31:22.928 INFO: JdwpDebugServer: handling req: EventRequest(15).Set(1)
08:31:22.928 INFO: JdwpEventCenterDelegate: jdwpSetEventRequest: JdwpEventRequest{requestId=111, eventKind=CLASS_PREPARE, suspendPolicy=EVENT_THREAD, predicates=[className=com.badlogic.gdx.graphics.g2d.PolygonSpriteBatch$*]}
08:31:22.929 INFO: JdwpDebugServer: handling req: VirtualMachine(1).ClassesBySignature(2)
08:31:22.930 INFO: JdwpDebugServer: handling req: EventRequest(15).Set(1)
08:31:22.930 INFO: JdwpEventCenterDelegate: jdwpSetEventRequest: JdwpEventRequest{requestId=112, eventKind=BREAKPOINT, suspendPolicy=EVENT_THREAD, predicates=[Location{classId=15500, methodId=1122, index=141} ]}
08:31:22.931 INFO: JdwpDebugServer: handling req: EventRequest(15).Set(1)
08:31:22.931 INFO: JdwpEventCenterDelegate: jdwpSetEventRequest: JdwpEventRequest{requestId=113, eventKind=CLASS_PREPARE, suspendPolicy=EVENT_THREAD, predicates=[className=java.lang.Throwable]}
08:31:22.932 INFO: JdwpDebugServer: handling req: EventRequest(15).Set(1)
08:31:22.932 INFO: JdwpEventCenterDelegate: jdwpSetEventRequest: JdwpEventRequest{requestId=114, eventKind=CLASS_PREPARE, suspendPolicy=EVENT_THREAD, predicates=[className=java.lang.Throwable$*]}
08:31:22.933 INFO: JdwpDebugServer: handling req: VirtualMachine(1).ClassesBySignature(2)
08:31:22.933 INFO: JdwpDebugServer: handling req: ReferenceType(2).MethodsWithGeneric(15)
08:31:22.934 INFO: JdwpDebugServer: handling req: Method(6).LineTable(1)
08:31:22.934 INFO: JdwpDebugServer: handling req: Method(6).LineTable(1)
08:31:22.934 INFO: JdwpDebugServer: handling req: Method(6).LineTable(1)
08:31:22.934 INFO: JdwpDebugServer: handling req: Method(6).LineTable(1)
08:31:22.934 INFO: JdwpDebugServer: handling req: Method(6).LineTable(1)
08:31:22.934 INFO: JdwpDebugServer: handling req: Method(6).LineTable(1)
08:31:22.935 INFO: JdwpDebugServer: handling req: Method(6).LineTable(1)
08:31:22.935 INFO: JdwpDebugServer: handling req: Method(6).LineTable(1)
08:31:22.935 INFO: JdwpDebugServer: handling req: Method(6).LineTable(1)
08:31:22.935 INFO: JdwpDebugServer: handling req: Method(6).LineTable(1)
08:31:22.935 INFO: JdwpDebugServer: handling req: Method(6).LineTable(1)
08:31:22.936 INFO: JdwpDebugServer: handling req: Method(6).LineTable(1)
08:31:22.936 INFO: JdwpDebugServer: handling req: Method(6).LineTable(1)
08:31:22.936 INFO: JdwpDebugServer: handling req: Method(6).LineTable(1)
08:31:22.936 INFO: JdwpDebugServer: handling req: Method(6).LineTable(1)
08:31:22.936 INFO: JdwpDebugServer: handling req: Method(6).LineTable(1)
08:31:22.936 INFO: JdwpDebugServer: handling req: Method(6).LineTable(1)
08:31:22.936 INFO: JdwpDebugServer: handling req: Method(6).LineTable(1)
08:31:22.937 INFO: JdwpDebugServer: handling req: Method(6).LineTable(1)
08:31:22.937 INFO: JdwpDebugServer: handling req: Method(6).LineTable(1)
08:31:22.937 INFO: JdwpDebugServer: handling req: Method(6).LineTable(1)
08:31:22.937 INFO: JdwpDebugServer: handling req: Method(6).LineTable(1)
08:31:22.937 INFO: JdwpDebugServer: handling req: Method(6).LineTable(1)
08:31:22.937 INFO: JdwpDebugServer: handling req: Method(6).LineTable(1)
08:31:22.937 INFO: JdwpDebugServer: handling req: VirtualMachine(1).ClassesBySignature(2)
08:31:22.938 INFO: JdwpDebugServer: handling req: VirtualMachine(1).AllClassesWithGeneric(20)
08:31:22.953 INFO: JdwpDebugServer: handling req: EventRequest(15).Set(1)
08:31:22.953 INFO: JdwpEventCenterDelegate: jdwpSetEventRequest: JdwpEventRequest{requestId=115, eventKind=CLASS_PREPARE, suspendPolicy=EVENT_THREAD, predicates=[className=com.badlogic.gdx.utils.ScreenUtils]}
08:31:22.955 INFO: JdwpDebugServer: handling req: EventRequest(15).Set(1)
08:31:22.955 INFO: JdwpEventCenterDelegate: jdwpSetEventRequest: JdwpEventRequest{requestId=116, eventKind=CLASS_PREPARE, suspendPolicy=EVENT_THREAD, predicates=[className=com.badlogic.gdx.utils.ScreenUtils$*]}
08:31:22.956 INFO: JdwpDebugServer: handling req: VirtualMachine(1).ClassesBySignature(2)
08:31:22.956 INFO: JdwpDebugServer: handling req: ReferenceType(2).MethodsWithGeneric(15)
08:31:22.956 INFO: JdwpDebugServer: handling req: Method(6).LineTable(1)
08:31:22.956 INFO: JdwpDebugServer: handling req: Method(6).LineTable(1)
08:31:22.956 INFO: JdwpDebugServer: handling req: Method(6).LineTable(1)
08:31:22.957 INFO: JdwpDebugServer: handling req: Method(6).LineTable(1)
08:31:22.957 INFO: JdwpDebugServer: handling req: Method(6).LineTable(1)
08:31:22.957 INFO: JdwpDebugServer: handling req: Method(6).LineTable(1)
08:31:22.957 INFO: JdwpDebugServer: handling req: Method(6).LineTable(1)
08:31:22.957 INFO: JdwpDebugServer: handling req: Method(6).LineTable(1)
08:31:22.957 INFO: JdwpDebugServer: handling req: Method(6).LineTable(1)
08:31:22.958 INFO: JdwpDebugServer: handling req: Method(6).LineTable(1)
08:31:22.958 INFO: JdwpDebugServer: handling req: EventRequest(15).Set(1)
08:31:22.958 INFO: JdwpEventCenterDelegate: jdwpSetEventRequest: JdwpEventRequest{requestId=117, eventKind=BREAKPOINT, suspendPolicy=EVENT_THREAD, predicates=[Location{classId=22240, methodId=1727, index=89} ]}
08:31:22.958 INFO: JdwpDebugServer: handling req: EventRequest(15).Set(1)
08:31:22.958 INFO: JdwpEventCenterDelegate: jdwpSetEventRequest: JdwpEventRequest{requestId=118, eventKind=CLASS_PREPARE, suspendPolicy=EVENT_THREAD, predicates=[className=com.badlogic.gdx.utils.ScreenUtils]}
08:31:22.959 INFO: JdwpDebugServer: handling req: EventRequest(15).Set(1)
08:31:22.959 INFO: JdwpEventCenterDelegate: jdwpSetEventRequest: JdwpEventRequest{requestId=119, eventKind=CLASS_PREPARE, suspendPolicy=EVENT_THREAD, predicates=[className=com.badlogic.gdx.utils.ScreenUtils$*]}
08:31:22.960 INFO: JdwpDebugServer: handling req: VirtualMachine(1).ClassesBySignature(2)
08:31:22.960 INFO: JdwpDebugServer: handling req: EventRequest(15).Set(1)
08:31:22.960 INFO: JdwpEventCenterDelegate: jdwpSetEventRequest: JdwpEventRequest{requestId=120, eventKind=BREAKPOINT, suspendPolicy=EVENT_THREAD, predicates=[Location{classId=22240, methodId=1722, index=72} ]}
08:31:22.960 INFO: JdwpDebugServer: handling req: EventRequest(15).Set(1)
08:31:22.960 INFO: JdwpEventCenterDelegate: jdwpSetEventRequest: JdwpEventRequest{requestId=121, eventKind=CLASS_PREPARE, suspendPolicy=EVENT_THREAD, predicates=[className=com.scottlogic.util.ShaderProgramFactory]}
08:31:22.961 INFO: JdwpDebugServer: handling req: EventRequest(15).Set(1)
08:31:22.961 INFO: JdwpEventCenterDelegate: jdwpSetEventRequest: JdwpEventRequest{requestId=122, eventKind=CLASS_PREPARE, suspendPolicy=EVENT_THREAD, predicates=[className=com.scottlogic.util.ShaderProgramFactory$*]}
08:31:22.963 INFO: JdwpDebugServer: handling req: VirtualMachine(1).ClassesBySignature(2)
08:31:22.963 INFO: JdwpDebugServer: handling req: ReferenceType(2).MethodsWithGeneric(15)
08:31:22.963 INFO: JdwpDebugServer: handling req: Method(6).LineTable(1)
08:31:22.963 INFO: JdwpDebugServer: handling req: Method(6).LineTable(1)
08:31:22.963 INFO: JdwpDebugServer: handling req: Method(6).LineTable(1)
08:31:22.963 INFO: JdwpDebugServer: handling req: Method(6).LineTable(1)
08:31:22.964 INFO: JdwpDebugServer: handling req: Method(6).LineTable(1)
08:31:22.964 INFO: JdwpDebugServer: handling req: EventRequest(15).Set(1)
08:31:22.964 INFO: JdwpEventCenterDelegate: jdwpSetEventRequest: JdwpEventRequest{requestId=123, eventKind=BREAKPOINT, suspendPolicy=EVENT_THREAD, predicates=[Location{classId=20400, methodId=1762, index=106} ]}
08:31:22.964 INFO: JdwpDebugServer: handling req: EventRequest(15).Set(1)
08:31:22.964 INFO: JdwpEventCenterDelegate: jdwpSetEventRequest: JdwpEventRequest{requestId=124, eventKind=CLASS_PREPARE, suspendPolicy=EVENT_THREAD, predicates=[className=com.abdalla.bushnaq.pluvia.launcher.IOSLauncher]}
08:31:22.965 INFO: JdwpDebugServer: handling req: EventRequest(15).Set(1)
08:31:22.965 INFO: JdwpEventCenterDelegate: jdwpSetEventRequest: JdwpEventRequest{requestId=125, eventKind=CLASS_PREPARE, suspendPolicy=EVENT_THREAD, predicates=[className=com.abdalla.bushnaq.pluvia.launcher.IOSLauncher$*]}
08:31:22.966 INFO: JdwpDebugServer: handling req: VirtualMachine(1).ClassesBySignature(2)
08:31:22.966 INFO: JdwpDebugServer: handling req: ReferenceType(2).MethodsWithGeneric(15)
08:31:22.967 INFO: JdwpDebugServer: handling req: Method(6).LineTable(1)
08:31:22.967 INFO: JdwpDebugServer: handling req: Method(6).LineTable(1)
08:31:22.967 INFO: JdwpDebugServer: handling req: Method(6).LineTable(1)
08:31:22.967 INFO: JdwpDebugServer: handling req: Method(6).LineTable(1)
08:31:22.968 INFO: JdwpDebugServer: handling req: Method(6).LineTable(1)
08:31:22.968 INFO: JdwpDebugServer: handling req: Method(6).LineTable(1)
08:31:22.968 INFO: JdwpDebugServer: handling req: Method(6).LineTable(1)
08:31:22.968 INFO: JdwpDebugServer: handling req: Method(6).LineTable(1)
08:31:22.969 INFO: JdwpDebugServer: handling req: Method(6).LineTable(1)
08:31:22.969 INFO: JdwpDebugServer: handling req: EventRequest(15).Set(1)
08:31:22.969 INFO: JdwpEventCenterDelegate: jdwpSetEventRequest: JdwpEventRequest{requestId=126, eventKind=BREAKPOINT, suspendPolicy=EVENT_THREAD, predicates=[Location{classId=12885, methodId=1782, index=50} ]}
08:31:22.970 INFO: JdwpDebugServer: handling req: VirtualMachine(1).capabilitiesNew(17)
08:31:22.978 INFO: JdwpDebugServer: handling req: EventRequest(15).Set(1)
08:31:22.978 INFO: JdwpEventCenterDelegate: jdwpSetEventRequest: JdwpEventRequest{requestId=127, eventKind=CLASS_PREPARE, suspendPolicy=EVENT_THREAD, predicates=[className=java.lang.Error]}
08:31:22.982 INFO: JdwpDebugServer: handling req: EventRequest(15).Set(1)
08:31:22.982 INFO: JdwpEventCenterDelegate: jdwpSetEventRequest: JdwpEventRequest{requestId=128, eventKind=CLASS_PREPARE, suspendPolicy=EVENT_THREAD, predicates=[className=java.lang.Error$*]}
08:31:22.983 INFO: JdwpDebugServer: handling req: VirtualMachine(1).ClassesBySignature(2)
08:31:22.988 INFO: JdwpDebugServer: handling req: EventRequest(15).Set(1)
08:31:22.989 INFO: JdwpEventCenterDelegate: jdwpSetEventRequest: JdwpEventRequest{requestId=129, eventKind=EXCEPTION, suspendPolicy=EVENT_THREAD, predicates=[exceptionType=3425(caught=true, uncaught=true)]}
08:31:23.040 INFO: JdwpDebugServer: handling req: EventRequest(15).Set(1)
08:31:23.040 INFO: JdwpEventCenterDelegate: jdwpSetEventRequest: JdwpEventRequest{requestId=130, eventKind=CLASS_PREPARE, suspendPolicy=EVENT_THREAD, predicates=[className=java.lang.Throwable]}
08:31:23.042 INFO: JdwpDebugServer: handling req: EventRequest(15).Set(1)
08:31:23.042 INFO: JdwpEventCenterDelegate: jdwpSetEventRequest: JdwpEventRequest{requestId=131, eventKind=CLASS_PREPARE, suspendPolicy=EVENT_THREAD, predicates=[className=java.lang.Throwable$*]}
08:31:23.043 INFO: JdwpDebugServer: handling req: VirtualMachine(1).ClassesBySignature(2)
08:31:23.044 INFO: JdwpDebugServer: handling req: EventRequest(15).Set(1)
08:31:23.044 INFO: JdwpEventCenterDelegate: jdwpSetEventRequest: JdwpEventRequest{requestId=132, eventKind=EXCEPTION, suspendPolicy=EVENT_THREAD, predicates=[exceptionType=7695(caught=false, uncaught=true)]}
08:31:23.049 INFO: JdwpDebugServer: handling req: ThreadReference(11).SuspendCount(12)
08:31:23.050 INFO: JdwpDebugServer: handling req: ThreadReference(11).SuspendCount(12)
08:31:23.050 INFO: JdwpDebugServer: handling req: ThreadReference(11).SuspendCount(12)
08:31:23.050 INFO: JdwpDebugServer: handling req: ThreadReference(11).SuspendCount(12)
08:31:23.050 INFO: JdwpDebugServer: handling req: VirtualMachine(1).AllThreads(4)
08:31:23.050 INFO: JdwpDebugServer: handling req: VirtualMachine(1).Resume(9)
08:31:23.096 INFO: JdwpDebugServer: handling req: EventRequest(15).Set(1)
08:31:23.096 INFO: JdwpEventCenterDelegate: jdwpSetEventRequest: JdwpEventRequest{requestId=133, eventKind=BREAKPOINT, suspendPolicy=EVENT_THREAD, predicates=[Location{classId=12885, methodId=1782, index=50} ]}
08:31:23.099 INFO: JdwpDebugServer: handling req: ThreadReference(11).Resume(3)
08:31:23.100 INFO: JdwpEventCenterDelegate: THREAD_RESUMED: thread (33, main, main)
08:31:23.127 INFO: JdwpEventCenterDelegate: THREAD_RESUMED: thread (33, main, main)
08:31:23.127 INFO: JdwpEventCenterDelegate: THREAD_RESUMED: thread (33, main, main)
08:31:23.128 INFO: JdwpEventCenterDelegate: THREAD_RESUMED: thread (33, main, main)
08:31:23.129 INFO: JdwpEventCenterDelegate: THREAD_RESUMED: thread (33, main, main)
08:31:23.129 INFO: JdwpEventCenterDelegate: THREAD_RESUMED: thread (33, main, main)
08:31:23.130 INFO: JdwpEventCenterDelegate: THREAD_RESUMED: thread (33, main, main)
08:31:23.130 INFO: JdwpEventCenterDelegate: THREAD_RESUMED: thread (33, main, main)
08:31:23.136 INFO: JdwpEventCenterDelegate: THREAD_RESUMED: thread (33, main, main)
08:31:23.136 INFO: JdwpEventCenterDelegate: THREAD_RESUMED: thread (33, main, main)
08:31:23.137 INFO: JdwpEventCenterDelegate: THREAD_RESUMED: thread (33, main, main)
08:31:23.137 INFO: JdwpEventCenterDelegate: THREAD_RESUMED: thread (33, main, main)
08:31:23.143 INFO: JdwpEventCenterDelegate: THREAD_RESUMED: thread (33, main, main)
08:31:23.144 INFO: JdwpEventCenterDelegate: THREAD_RESUMED: thread (33, main, main)
08:31:23.144 INFO: JdwpEventCenterDelegate: THREAD_RESUMED: thread (33, main, main)
08:31:23.221 INFO: JdwpDebugServer: handling req: ThreadReference(11).Frames(6)
08:31:23.498 INFO: JdwpDebugServer: handling req: ThreadReference(11).FramesCount(7)
08:31:23.498 INFO: JdwpDebugServer: handling req: ThreadReference(11).FramesCount(7)
08:31:23.834 INFO: JdwpDebugServer: handling req: ThreadReference(11).Name(1)
08:31:23.834 INFO: JdwpDebugServer: handling req: ReferenceType(2).SignatureWithGeneric(13)
08:31:23.840 INFO: JdwpDebugServer: handling req: ThreadReference(11).Name(1)
08:31:23.840 INFO: JdwpDebugServer: handling req: ThreadReference(11).Name(1)
08:31:23.840 INFO: JdwpDebugServer: handling req: ThreadReference(11).Name(1)
08:31:23.841 INFO: JdwpDebugServer: handling req: ThreadReference(11).Name(1)
08:31:23.841 INFO: JdwpDebugServer: handling req: ThreadReference(11).Name(1)
08:31:23.861 INFO: JdwpDebugServer: handling req: ReferenceType(2).FieldsWithGeneric(14)
08:31:23.861 INFO: JdwpDebugServer: handling req: ReferenceType(2).Interfaces(10)
08:31:23.861 INFO: JdwpDebugServer: handling req: ReferenceType(2).FieldsWithGeneric(14)
08:31:23.861 INFO: JdwpDebugServer: handling req: ReferenceType(2).Interfaces(10)
08:31:23.861 INFO: JdwpDebugServer: handling req: ClassType(3).Superclass(1)
08:31:23.862 INFO: JdwpDebugServer: handling req: ReferenceType(2).FieldsWithGeneric(14)
08:31:23.862 INFO: JdwpDebugServer: handling req: ReferenceType(2).Interfaces(10)
08:31:23.862 INFO: JdwpDebugServer: handling req: ClassType(3).Superclass(1)
08:31:23.862 INFO: JdwpDebugServer: handling req: ReferenceType(2).FieldsWithGeneric(14)
08:31:23.863 INFO: JdwpDebugServer: handling req: ReferenceType(2).Interfaces(10)
08:31:23.863 INFO: JdwpDebugServer: handling req: ReferenceType(2).FieldsWithGeneric(14)
08:31:23.863 INFO: JdwpDebugServer: handling req: ReferenceType(2).Interfaces(10)
08:31:23.863 INFO: JdwpDebugServer: handling req: ReferenceType(2).FieldsWithGeneric(14)
08:31:23.863 INFO: JdwpDebugServer: handling req: ReferenceType(2).Interfaces(10)
08:31:23.864 INFO: JdwpDebugServer: handling req: ReferenceType(2).FieldsWithGeneric(14)
08:31:23.864 INFO: JdwpDebugServer: handling req: ReferenceType(2).Interfaces(10)
08:31:23.864 INFO: JdwpDebugServer: handling req: ClassType(3).Superclass(1)
08:31:23.864 INFO: JdwpDebugServer: handling req: ReferenceType(2).FieldsWithGeneric(14)
08:31:23.865 INFO: JdwpDebugServer: handling req: ReferenceType(2).Interfaces(10)
08:31:23.865 INFO: JdwpDebugServer: handling req: ClassType(3).Superclass(1)
08:31:23.865 INFO: JdwpDebugServer: handling req: ReferenceType(2).FieldsWithGeneric(14)
08:31:23.865 INFO: JdwpDebugServer: handling req: ReferenceType(2).Interfaces(10)
08:31:23.866 INFO: JdwpDebugServer: handling req: ClassType(3).Superclass(1)
08:31:23.866 INFO: JdwpDebugServer: handling req: ReferenceType(2).FieldsWithGeneric(14)
08:31:23.866 INFO: JdwpDebugServer: handling req: ReferenceType(2).Interfaces(10)
08:31:23.866 INFO: JdwpDebugServer: handling req: ClassType(3).Superclass(1)
08:31:23.866 INFO: JdwpDebugServer: handling req: ClassType(3).Superclass(1)
08:31:23.869 INFO: JdwpDebugServer: handling req: Method(6).VariableTableWithGenerics(5)
08:31:23.897 INFO: JdwpDebugServer: handling req: ReferenceType(2).SourceFile(7)
08:31:23.902 INFO: JdwpDebugServer: handling req: StackFrame(16).GetValues(1)
08:31:23.905 INFO: JdwpDebugServer: handling req: StackFrame(16).GetValues(1)
08:31:23.905 INFO: JdwpDebugServer: handling req: ArrayReference(13).Length(1)
08:31:23.905 INFO: JdwpDebugServer: handling req: StackFrame(16).GetValues(1)
08:31:23.905 INFO: JdwpDebugServer: handling req: StackFrame(16).GetValues(1)
08:31:23.906 INFO: JdwpDebugServer: handling req: ObjectReference(9).ReferenceType(1)
08:31:23.906 INFO: JdwpDebugServer: handling req: ObjectReference(9).ReferenceType(1)
08:31:23.907 INFO: JdwpDebugServer: handling req: StackFrame(16).GetValues(1)
08:31:23.907 INFO: JdwpDebugServer: handling req: ReferenceType(2).FieldsWithGeneric(14)
08:31:23.907 INFO: JdwpDebugServer: handling req: StackFrame(16).GetValues(1)
08:31:23.907 INFO: JdwpDebugServer: handling req: ReferenceType(2).Interfaces(10)
08:31:23.907 INFO: JdwpDebugServer: handling req: StackFrame(16).GetValues(1)
08:31:23.907 INFO: JdwpDebugServer: handling req: ReferenceType(2).FieldsWithGeneric(14)
08:31:23.907 INFO: JdwpDebugServer: handling req: ReferenceType(2).Interfaces(10)
08:31:23.907 INFO: JdwpDebugServer: handling req: ClassType(3).Superclass(1)
08:31:23.907 INFO: JdwpDebugServer: handling req: ReferenceType(2).Signature(1)
08:31:23.908 INFO: JdwpDebugServer: handling req: ReferenceType(2).ClassLoader(2)
08:31:23.908 INFO: JdwpDebugServer: handling req: VirtualMachine(1).ClassesBySignature(2)
08:31:23.908 INFO: JdwpDebugServer: handling req: ReferenceType(2).ClassLoader(2)
08:31:23.908 INFO: JdwpDebugServer: handling req: StackFrame(16).GetValues(1)
08:31:23.909 INFO: JdwpDebugServer: handling req: StackFrame(16).GetValues(1)
08:31:23.909 INFO: JdwpDebugServer: handling req: StackFrame(16).GetValues(1)
08:31:23.909 INFO: JdwpDebugServer: handling req: StackFrame(16).GetValues(1)
08:31:23.910 INFO: JdwpDebugServer: handling req: ClassType(3).Superclass(1)
08:31:23.910 INFO: JdwpDebugServer: handling req: ClassType(3).Superclass(1)
08:31:23.910 INFO: JdwpDebugServer: handling req: StackFrame(16).GetValues(1)
08:31:23.910 INFO: JdwpDebugServer: handling req: StackFrame(16).GetValues(1)
08:31:23.910 INFO: JdwpDebugServer: handling req: StackFrame(16).GetValues(1)
08:31:23.910 INFO: JdwpDebugServer: handling req: StackFrame(16).GetValues(1)
08:31:23.911 INFO: JdwpDebugServer: handling req: StackFrame(16).GetValues(1)
08:31:23.913 INFO: JdwpDebugServer: handling req: ThreadReference(11).FramesCount(7)
08:31:23.915 INFO: JdwpDebugServer: handling req: ThreadReference(11).Name(1)
08:31:23.915 INFO: JdwpDebugServer: handling req: ThreadReference(11).Name(1)
08:31:23.916 INFO: JdwpDebugServer: handling req: ThreadReference(11).Name(1)
08:31:23.916 INFO: JdwpDebugServer: handling req: ThreadReference(11).FramesCount(7)
08:31:23.916 INFO: JdwpDebugServer: handling req: ThreadReference(11).Name(1)
08:31:28.438 INFO: JdwpDebugServer: handling req: EventRequest(15).Set(1)
08:31:28.439 INFO: JdwpEventCenterDelegate: jdwpSetEventRequest: JdwpEventRequest{requestId=134, eventKind=SINGLE_STEP, suspendPolicy=EVENT_THREAD, predicates=[step{threadId=33, size=1, depth=1} , count=1]}
08:31:28.440 INFO: JdwpDebugServer: handling req: ThreadReference(11).Resume(3)
08:31:28.442 INFO: JdwpEventCenterDelegate: THREAD_RESUMED: thread (33, main, main)
08:31:28.484 INFO: JdwpEventCenterDelegate: THREAD_RESUMED: thread (33, main, main)
08:31:28.486 INFO: JdwpEventCenterDelegate: THREAD_RESUMED: thread (33, main, main)
08:31:28.490 INFO: JdwpEventCenterDelegate: THREAD_DETTACHED: thread (33, main, main)
08:31:28.505 SEVERE: Debugger: Thread HooksChannel socket thread crashed
org.robovm.debugger.DebuggerException: java.nio.BufferUnderflowException
	at org.robovm.debugger.hooks.HooksChannel.doSocketWork(HooksChannel.java:149)
	at java.base/java.lang.Thread.run(Thread.java:833)
	at org.robovm.debugger.utils.DebuggerThread.run(DebuggerThread.java:42)
Caused by: java.nio.BufferUnderflowException
	at org.robovm.debugger.utils.bytebuffer.DataBufferWriter.writeFromStream(DataBufferWriter.java:91)
	at org.robovm.debugger.hooks.HooksChannel.doSocketWork(HooksChannel.java:116)
	... 2 more
08:31:29.016 SEVERE: Debugger: Thread JDWP server socket thread crashed
org.robovm.debugger.DebuggerException: java.net.SocketException: Socket closed
	at org.robovm.debugger.jdwp.JdwpDebugServer.doSocketWork(JdwpDebugServer.java:215)
	at java.base/java.lang.Thread.run(Thread.java:833)
	at org.robovm.debugger.utils.DebuggerThread.run(DebuggerThread.java:42)
Caused by: java.net.SocketException: Socket closed
	at java.base/sun.nio.ch.NioSocketImpl.endRead(NioSocketImpl.java:248)
	at java.base/sun.nio.ch.NioSocketImpl.implRead(NioSocketImpl.java:327)
	at java.base/sun.nio.ch.NioSocketImpl.read(NioSocketImpl.java:350)
	at java.base/sun.nio.ch.NioSocketImpl$1.read(NioSocketImpl.java:803)
	at java.base/java.net.Socket$SocketInputStream.read(Socket.java:966)
	at org.robovm.debugger.utils.bytebuffer.DataBufferWriter.writeFromStream(DataBufferWriter.java:89)
	at org.robovm.debugger.jdwp.protocol.JdwpRequestHeader.readFromStream(JdwpRequestHeader.java:36)
	at org.robovm.debugger.jdwp.JdwpDebugServer.doSocketWork(JdwpDebugServer.java:185)
	... 2 more
