09:19:40.184 INFO: JdwpEventCenterDelegate: THREAD_STARTED: thread (33, main, main)
09:19:40.250 INFO: JdwpEventCenterDelegate: THREAD_STARTED: thread (48, ReferenceQueueDaemon, main)
09:19:40.251 INFO: JdwpEventCenterDelegate: THREAD_STARTED: thread (63, FinalizerDaemon, main)
09:19:40.252 INFO: JdwpEventCenterDelegate: THREAD_STARTED: thread (78, FinalizerWatchdogDaemon, main)
09:19:42.320 INFO: JdwpDebugServer: handling req: VirtualMachine(1).IDSizes(7)
09:19:42.321 INFO: JdwpDebugServer: handling req: EventRequest(15).Set(1)
09:19:42.323 INFO: JdwpEventCenterDelegate: jdwpSetEventRequest: JdwpEventRequest{requestId=100, eventKind=CLASS_UNLOAD, suspendPolicy=NONE, predicates=[]}
09:19:42.324 INFO: JdwpDebugServer: handling req: EventRequest(15).Set(1)
09:19:42.324 INFO: JdwpEventCenterDelegate: jdwpSetEventRequest: JdwpEventRequest{requestId=101, eventKind=THREAD_START, suspendPolicy=NONE, predicates=[]}
09:19:42.325 INFO: JdwpDebugServer: handling req: VirtualMachine(1).ClassesBySignature(2)
09:19:42.327 INFO: JdwpDebugServer: handling req: VirtualMachine(1).Version(1)
09:19:42.329 INFO: JdwpDebugServer: handling req: ReferenceType(2).MethodsWithGeneric(15)
09:19:42.330 INFO: JdwpDebugServer: handling req: Method(6).LineTable(1)
09:19:42.332 INFO: JdwpDebugServer: handling req: EventRequest(15).Set(1)
09:19:42.332 INFO: JdwpEventCenterDelegate: jdwpSetEventRequest: JdwpEventRequest{requestId=102, eventKind=BREAKPOINT, suspendPolicy=NONE, predicates=[Location{classId=845, methodId=257, index=928} ]}
09:19:42.333 INFO: JdwpDebugServer: handling req: EventRequest(15).Set(1)
09:19:42.333 INFO: JdwpEventCenterDelegate: jdwpSetEventRequest: JdwpEventRequest{requestId=103, eventKind=THREAD_DEATH, suspendPolicy=NONE, predicates=[]}
09:19:42.334 INFO: JdwpDebugServer: handling req: VirtualMachine(1).AllThreads(4)
09:19:42.334 INFO: JdwpDebugServer: handling req: ThreadReference(11).ThreadGroup(5)
09:19:42.334 INFO: JdwpDebugServer: handling req: ThreadGroup(12).Name(1)
09:19:42.335 INFO: JdwpDebugServer: handling req: ThreadGroup(12).Parent(2)
09:19:42.335 INFO: JdwpDebugServer: handling req: ObjectReference(9).ReferenceType(1)
09:19:42.336 INFO: JdwpDebugServer: handling req: ReferenceType(2).FieldsWithGeneric(14)
09:19:42.337 INFO: JdwpDebugServer: handling req: ReferenceType(2).Interfaces(10)
09:19:42.338 INFO: JdwpDebugServer: handling req: ReferenceType(2).FieldsWithGeneric(14)
09:19:42.338 INFO: JdwpDebugServer: handling req: ReferenceType(2).Interfaces(10)
09:19:42.338 INFO: JdwpDebugServer: handling req: ClassType(3).Superclass(1)
09:19:42.339 INFO: JdwpDebugServer: handling req: ReferenceType(2).FieldsWithGeneric(14)
09:19:42.339 INFO: JdwpDebugServer: handling req: ReferenceType(2).Interfaces(10)
09:19:42.339 INFO: JdwpDebugServer: handling req: ClassType(3).Superclass(1)
09:19:42.339 INFO: JdwpDebugServer: handling req: ObjectReference(9).GetValues(2)
09:19:42.341 INFO: JdwpDebugServer: handling req: ThreadReference(11).Status(4)
09:19:42.342 INFO: JdwpDebugServer: handling req: ThreadReference(11).Status(4)
09:19:42.342 INFO: JdwpDebugServer: handling req: ThreadReference(11).ThreadGroup(5)
09:19:42.342 INFO: JdwpDebugServer: handling req: ObjectReference(9).ReferenceType(1)
09:19:42.342 INFO: JdwpDebugServer: handling req: ObjectReference(9).GetValues(2)
09:19:42.343 INFO: JdwpDebugServer: handling req: ThreadReference(11).Status(4)
09:19:42.343 INFO: JdwpDebugServer: handling req: ThreadReference(11).Status(4)
09:19:42.343 INFO: JdwpDebugServer: handling req: ThreadReference(11).ThreadGroup(5)
09:19:42.344 INFO: JdwpDebugServer: handling req: ObjectReference(9).ReferenceType(1)
09:19:42.344 INFO: JdwpDebugServer: handling req: ObjectReference(9).GetValues(2)
09:19:42.344 INFO: JdwpDebugServer: handling req: ThreadReference(11).Status(4)
09:19:42.344 INFO: JdwpDebugServer: handling req: ThreadReference(11).Status(4)
09:19:42.345 INFO: JdwpDebugServer: handling req: ThreadReference(11).ThreadGroup(5)
09:19:42.345 INFO: JdwpDebugServer: handling req: ObjectReference(9).ReferenceType(1)
09:19:42.345 INFO: JdwpDebugServer: handling req: ObjectReference(9).GetValues(2)
09:19:42.345 INFO: JdwpDebugServer: handling req: ThreadReference(11).Status(4)
09:19:42.345 INFO: JdwpDebugServer: handling req: ThreadReference(11).Status(4)
09:19:42.348 INFO: JdwpDebugServer: handling req: EventRequest(15).Set(1)
09:19:42.348 INFO: JdwpEventCenterDelegate: jdwpSetEventRequest: JdwpEventRequest{requestId=104, eventKind=CLASS_PREPARE, suspendPolicy=EVENT_THREAD, predicates=[className=com.badlogic.gdx.graphics.g2d.PolygonSpriteBatch]}
09:19:42.354 INFO: JdwpDebugServer: handling req: EventRequest(15).Set(1)
09:19:42.354 INFO: JdwpEventCenterDelegate: jdwpSetEventRequest: JdwpEventRequest{requestId=105, eventKind=CLASS_PREPARE, suspendPolicy=EVENT_THREAD, predicates=[className=com.badlogic.gdx.graphics.g2d.PolygonSpriteBatch$*]}
09:19:42.355 INFO: JdwpDebugServer: handling req: VirtualMachine(1).ClassesBySignature(2)
09:19:42.356 INFO: JdwpDebugServer: handling req: ReferenceType(2).MethodsWithGeneric(15)
09:19:42.357 INFO: JdwpDebugServer: handling req: Method(6).LineTable(1)
09:19:42.358 INFO: JdwpDebugServer: handling req: Method(6).LineTable(1)
09:19:42.358 INFO: JdwpDebugServer: handling req: Method(6).LineTable(1)
09:19:42.358 INFO: JdwpDebugServer: handling req: Method(6).LineTable(1)
09:19:42.359 INFO: JdwpDebugServer: handling req: Method(6).LineTable(1)
09:19:42.359 INFO: JdwpDebugServer: handling req: Method(6).LineTable(1)
09:19:42.359 INFO: JdwpDebugServer: handling req: Method(6).LineTable(1)
09:19:42.359 INFO: JdwpDebugServer: handling req: Method(6).LineTable(1)
09:19:42.360 INFO: JdwpDebugServer: handling req: Method(6).LineTable(1)
09:19:42.360 INFO: JdwpDebugServer: handling req: Method(6).LineTable(1)
09:19:42.360 INFO: JdwpDebugServer: handling req: Method(6).LineTable(1)
09:19:42.360 INFO: JdwpDebugServer: handling req: Method(6).LineTable(1)
09:19:42.360 INFO: JdwpDebugServer: handling req: Method(6).LineTable(1)
09:19:42.360 INFO: JdwpDebugServer: handling req: Method(6).LineTable(1)
09:19:42.360 INFO: JdwpDebugServer: handling req: Method(6).LineTable(1)
09:19:42.361 INFO: JdwpDebugServer: handling req: Method(6).LineTable(1)
09:19:42.361 INFO: JdwpDebugServer: handling req: Method(6).LineTable(1)
09:19:42.361 INFO: JdwpDebugServer: handling req: Method(6).LineTable(1)
09:19:42.361 INFO: JdwpDebugServer: handling req: Method(6).LineTable(1)
09:19:42.361 INFO: JdwpDebugServer: handling req: Method(6).LineTable(1)
09:19:42.361 INFO: JdwpDebugServer: handling req: Method(6).LineTable(1)
09:19:42.361 INFO: JdwpDebugServer: handling req: Method(6).LineTable(1)
09:19:42.362 INFO: JdwpDebugServer: handling req: Method(6).LineTable(1)
09:19:42.362 INFO: JdwpDebugServer: handling req: Method(6).LineTable(1)
09:19:42.362 INFO: JdwpDebugServer: handling req: Method(6).LineTable(1)
09:19:42.362 INFO: JdwpDebugServer: handling req: Method(6).LineTable(1)
09:19:42.362 INFO: JdwpDebugServer: handling req: Method(6).LineTable(1)
09:19:42.362 INFO: JdwpDebugServer: handling req: Method(6).LineTable(1)
09:19:42.362 INFO: JdwpDebugServer: handling req: Method(6).LineTable(1)
09:19:42.363 INFO: JdwpDebugServer: handling req: Method(6).LineTable(1)
09:19:42.363 INFO: JdwpDebugServer: handling req: Method(6).LineTable(1)
09:19:42.363 INFO: JdwpDebugServer: handling req: Method(6).LineTable(1)
09:19:42.363 INFO: JdwpDebugServer: handling req: Method(6).LineTable(1)
09:19:42.363 INFO: JdwpDebugServer: handling req: Method(6).LineTable(1)
09:19:42.363 INFO: JdwpDebugServer: handling req: Method(6).LineTable(1)
09:19:42.363 INFO: JdwpDebugServer: handling req: Method(6).LineTable(1)
09:19:42.364 INFO: JdwpDebugServer: handling req: Method(6).LineTable(1)
09:19:42.364 INFO: JdwpDebugServer: handling req: Method(6).LineTable(1)
09:19:42.364 INFO: JdwpDebugServer: handling req: Method(6).LineTable(1)
09:19:42.364 INFO: JdwpDebugServer: handling req: Method(6).LineTable(1)
09:19:42.364 INFO: JdwpDebugServer: handling req: Method(6).LineTable(1)
09:19:42.364 INFO: JdwpDebugServer: handling req: Method(6).LineTable(1)
09:19:42.364 INFO: JdwpDebugServer: handling req: Method(6).LineTable(1)
09:19:42.365 INFO: JdwpDebugServer: handling req: Method(6).LineTable(1)
09:19:42.365 INFO: JdwpDebugServer: handling req: Method(6).LineTable(1)
09:19:42.365 INFO: JdwpDebugServer: handling req: Method(6).LineTable(1)
09:19:42.365 INFO: JdwpDebugServer: handling req: Method(6).LineTable(1)
09:19:42.365 INFO: JdwpDebugServer: handling req: EventRequest(15).Set(1)
09:19:42.365 INFO: JdwpEventCenterDelegate: jdwpSetEventRequest: JdwpEventRequest{requestId=106, eventKind=BREAKPOINT, suspendPolicy=EVENT_THREAD, predicates=[Location{classId=15500, methodId=1122, index=142} ]}
09:19:42.366 INFO: JdwpDebugServer: handling req: ReferenceType(2).Signature(1)
09:19:42.370 INFO: JdwpDebugServer: handling req: EventRequest(15).Set(1)
09:19:42.370 INFO: JdwpEventCenterDelegate: jdwpSetEventRequest: JdwpEventRequest{requestId=107, eventKind=CLASS_PREPARE, suspendPolicy=EVENT_THREAD, predicates=[className=com.badlogic.gdx.graphics.g2d.SpriteBatch]}
09:19:42.371 INFO: JdwpDebugServer: handling req: EventRequest(15).Set(1)
09:19:42.371 INFO: JdwpEventCenterDelegate: jdwpSetEventRequest: JdwpEventRequest{requestId=108, eventKind=CLASS_PREPARE, suspendPolicy=EVENT_THREAD, predicates=[className=com.badlogic.gdx.graphics.g2d.SpriteBatch$*]}
09:19:42.372 INFO: JdwpDebugServer: handling req: VirtualMachine(1).ClassesBySignature(2)
09:19:42.373 INFO: JdwpDebugServer: handling req: ReferenceType(2).MethodsWithGeneric(15)
09:19:42.373 INFO: JdwpDebugServer: handling req: Method(6).LineTable(1)
09:19:42.373 INFO: JdwpDebugServer: handling req: Method(6).LineTable(1)
09:19:42.373 INFO: JdwpDebugServer: handling req: Method(6).LineTable(1)
09:19:42.373 INFO: JdwpDebugServer: handling req: Method(6).LineTable(1)
09:19:42.374 INFO: JdwpDebugServer: handling req: Method(6).LineTable(1)
09:19:42.374 INFO: JdwpDebugServer: handling req: Method(6).LineTable(1)
09:19:42.374 INFO: JdwpDebugServer: handling req: Method(6).LineTable(1)
09:19:42.374 INFO: JdwpDebugServer: handling req: Method(6).LineTable(1)
09:19:42.374 INFO: JdwpDebugServer: handling req: Method(6).LineTable(1)
09:19:42.374 INFO: JdwpDebugServer: handling req: Method(6).LineTable(1)
09:19:42.374 INFO: JdwpDebugServer: handling req: Method(6).LineTable(1)
09:19:42.374 INFO: JdwpDebugServer: handling req: Method(6).LineTable(1)
09:19:42.375 INFO: JdwpDebugServer: handling req: Method(6).LineTable(1)
09:19:42.375 INFO: JdwpDebugServer: handling req: Method(6).LineTable(1)
09:19:42.375 INFO: JdwpDebugServer: handling req: Method(6).LineTable(1)
09:19:42.375 INFO: JdwpDebugServer: handling req: Method(6).LineTable(1)
09:19:42.375 INFO: JdwpDebugServer: handling req: Method(6).LineTable(1)
09:19:42.375 INFO: JdwpDebugServer: handling req: Method(6).LineTable(1)
09:19:42.375 INFO: JdwpDebugServer: handling req: Method(6).LineTable(1)
09:19:42.376 INFO: JdwpDebugServer: handling req: Method(6).LineTable(1)
09:19:42.376 INFO: JdwpDebugServer: handling req: Method(6).LineTable(1)
09:19:42.376 INFO: JdwpDebugServer: handling req: Method(6).LineTable(1)
09:19:42.376 INFO: JdwpDebugServer: handling req: Method(6).LineTable(1)
09:19:42.376 INFO: JdwpDebugServer: handling req: Method(6).LineTable(1)
09:19:42.376 INFO: JdwpDebugServer: handling req: Method(6).LineTable(1)
09:19:42.377 INFO: JdwpDebugServer: handling req: Method(6).LineTable(1)
09:19:42.377 INFO: JdwpDebugServer: handling req: Method(6).LineTable(1)
09:19:42.377 INFO: JdwpDebugServer: handling req: Method(6).LineTable(1)
09:19:42.377 INFO: JdwpDebugServer: handling req: Method(6).LineTable(1)
09:19:42.377 INFO: JdwpDebugServer: handling req: Method(6).LineTable(1)
09:19:42.377 INFO: JdwpDebugServer: handling req: Method(6).LineTable(1)
09:19:42.377 INFO: JdwpDebugServer: handling req: Method(6).LineTable(1)
09:19:42.377 INFO: JdwpDebugServer: handling req: Method(6).LineTable(1)
09:19:42.378 INFO: JdwpDebugServer: handling req: Method(6).LineTable(1)
09:19:42.378 INFO: JdwpDebugServer: handling req: Method(6).LineTable(1)
09:19:42.378 INFO: JdwpDebugServer: handling req: Method(6).LineTable(1)
09:19:42.378 INFO: JdwpDebugServer: handling req: Method(6).LineTable(1)
09:19:42.378 INFO: JdwpDebugServer: handling req: Method(6).LineTable(1)
09:19:42.378 INFO: JdwpDebugServer: handling req: Method(6).LineTable(1)
09:19:42.378 INFO: JdwpDebugServer: handling req: Method(6).LineTable(1)
09:19:42.379 INFO: JdwpDebugServer: handling req: Method(6).LineTable(1)
09:19:42.379 INFO: JdwpDebugServer: handling req: Method(6).LineTable(1)
09:19:42.379 INFO: JdwpDebugServer: handling req: Method(6).LineTable(1)
09:19:42.379 INFO: JdwpDebugServer: handling req: Method(6).LineTable(1)
09:19:42.379 INFO: JdwpDebugServer: handling req: EventRequest(15).Set(1)
09:19:42.379 INFO: JdwpEventCenterDelegate: jdwpSetEventRequest: JdwpEventRequest{requestId=109, eventKind=BREAKPOINT, suspendPolicy=EVENT_THREAD, predicates=[Location{classId=18040, methodId=1357, index=163} ]}
09:19:42.379 INFO: JdwpDebugServer: handling req: ReferenceType(2).Signature(1)
09:19:42.380 INFO: JdwpDebugServer: handling req: EventRequest(15).Set(1)
09:19:42.380 INFO: JdwpEventCenterDelegate: jdwpSetEventRequest: JdwpEventRequest{requestId=110, eventKind=CLASS_PREPARE, suspendPolicy=EVENT_THREAD, predicates=[className=com.badlogic.gdx.graphics.g2d.PolygonSpriteBatch]}
09:19:42.380 INFO: JdwpDebugServer: handling req: EventRequest(15).Set(1)
09:19:42.380 INFO: JdwpEventCenterDelegate: jdwpSetEventRequest: JdwpEventRequest{requestId=111, eventKind=CLASS_PREPARE, suspendPolicy=EVENT_THREAD, predicates=[className=com.badlogic.gdx.graphics.g2d.PolygonSpriteBatch$*]}
09:19:42.381 INFO: JdwpDebugServer: handling req: VirtualMachine(1).ClassesBySignature(2)
09:19:42.382 INFO: JdwpDebugServer: handling req: EventRequest(15).Set(1)
09:19:42.382 INFO: JdwpEventCenterDelegate: jdwpSetEventRequest: JdwpEventRequest{requestId=112, eventKind=BREAKPOINT, suspendPolicy=EVENT_THREAD, predicates=[Location{classId=15500, methodId=1122, index=141} ]}
09:19:42.382 INFO: JdwpDebugServer: handling req: EventRequest(15).Set(1)
09:19:42.382 INFO: JdwpEventCenterDelegate: jdwpSetEventRequest: JdwpEventRequest{requestId=113, eventKind=CLASS_PREPARE, suspendPolicy=EVENT_THREAD, predicates=[className=java.lang.Throwable]}
09:19:42.383 INFO: JdwpDebugServer: handling req: EventRequest(15).Set(1)
09:19:42.383 INFO: JdwpEventCenterDelegate: jdwpSetEventRequest: JdwpEventRequest{requestId=114, eventKind=CLASS_PREPARE, suspendPolicy=EVENT_THREAD, predicates=[className=java.lang.Throwable$*]}
09:19:42.383 INFO: JdwpDebugServer: handling req: VirtualMachine(1).ClassesBySignature(2)
09:19:42.383 INFO: JdwpDebugServer: handling req: ReferenceType(2).MethodsWithGeneric(15)
09:19:42.384 INFO: JdwpDebugServer: handling req: Method(6).LineTable(1)
09:19:42.384 INFO: JdwpDebugServer: handling req: Method(6).LineTable(1)
09:19:42.384 INFO: JdwpDebugServer: handling req: Method(6).LineTable(1)
09:19:42.384 INFO: JdwpDebugServer: handling req: Method(6).LineTable(1)
09:19:42.384 INFO: JdwpDebugServer: handling req: Method(6).LineTable(1)
09:19:42.384 INFO: JdwpDebugServer: handling req: Method(6).LineTable(1)
09:19:42.384 INFO: JdwpDebugServer: handling req: Method(6).LineTable(1)
09:19:42.385 INFO: JdwpDebugServer: handling req: Method(6).LineTable(1)
09:19:42.385 INFO: JdwpDebugServer: handling req: Method(6).LineTable(1)
09:19:42.385 INFO: JdwpDebugServer: handling req: Method(6).LineTable(1)
09:19:42.385 INFO: JdwpDebugServer: handling req: Method(6).LineTable(1)
09:19:42.385 INFO: JdwpDebugServer: handling req: Method(6).LineTable(1)
09:19:42.385 INFO: JdwpDebugServer: handling req: Method(6).LineTable(1)
09:19:42.385 INFO: JdwpDebugServer: handling req: Method(6).LineTable(1)
09:19:42.386 INFO: JdwpDebugServer: handling req: Method(6).LineTable(1)
09:19:42.386 INFO: JdwpDebugServer: handling req: Method(6).LineTable(1)
09:19:42.386 INFO: JdwpDebugServer: handling req: Method(6).LineTable(1)
09:19:42.386 INFO: JdwpDebugServer: handling req: Method(6).LineTable(1)
09:19:42.386 INFO: JdwpDebugServer: handling req: Method(6).LineTable(1)
09:19:42.386 INFO: JdwpDebugServer: handling req: Method(6).LineTable(1)
09:19:42.386 INFO: JdwpDebugServer: handling req: Method(6).LineTable(1)
09:19:42.387 INFO: JdwpDebugServer: handling req: Method(6).LineTable(1)
09:19:42.387 INFO: JdwpDebugServer: handling req: Method(6).LineTable(1)
09:19:42.387 INFO: JdwpDebugServer: handling req: Method(6).LineTable(1)
09:19:42.387 INFO: JdwpDebugServer: handling req: VirtualMachine(1).ClassesBySignature(2)
09:19:42.387 INFO: JdwpDebugServer: handling req: VirtualMachine(1).AllClassesWithGeneric(20)
09:19:42.399 INFO: JdwpDebugServer: handling req: EventRequest(15).Set(1)
09:19:42.399 INFO: JdwpEventCenterDelegate: jdwpSetEventRequest: JdwpEventRequest{requestId=115, eventKind=CLASS_PREPARE, suspendPolicy=EVENT_THREAD, predicates=[className=com.badlogic.gdx.utils.ScreenUtils]}
09:19:42.400 INFO: JdwpDebugServer: handling req: EventRequest(15).Set(1)
09:19:42.401 INFO: JdwpEventCenterDelegate: jdwpSetEventRequest: JdwpEventRequest{requestId=116, eventKind=CLASS_PREPARE, suspendPolicy=EVENT_THREAD, predicates=[className=com.badlogic.gdx.utils.ScreenUtils$*]}
09:19:42.402 INFO: JdwpDebugServer: handling req: VirtualMachine(1).ClassesBySignature(2)
09:19:42.402 INFO: JdwpDebugServer: handling req: ReferenceType(2).MethodsWithGeneric(15)
09:19:42.402 INFO: JdwpDebugServer: handling req: Method(6).LineTable(1)
09:19:42.402 INFO: JdwpDebugServer: handling req: Method(6).LineTable(1)
09:19:42.403 INFO: JdwpDebugServer: handling req: Method(6).LineTable(1)
09:19:42.403 INFO: JdwpDebugServer: handling req: Method(6).LineTable(1)
09:19:42.403 INFO: JdwpDebugServer: handling req: Method(6).LineTable(1)
09:19:42.403 INFO: JdwpDebugServer: handling req: Method(6).LineTable(1)
09:19:42.403 INFO: JdwpDebugServer: handling req: Method(6).LineTable(1)
09:19:42.403 INFO: JdwpDebugServer: handling req: Method(6).LineTable(1)
09:19:42.404 INFO: JdwpDebugServer: handling req: Method(6).LineTable(1)
09:19:42.404 INFO: JdwpDebugServer: handling req: Method(6).LineTable(1)
09:19:42.404 INFO: JdwpDebugServer: handling req: EventRequest(15).Set(1)
09:19:42.404 INFO: JdwpEventCenterDelegate: jdwpSetEventRequest: JdwpEventRequest{requestId=117, eventKind=BREAKPOINT, suspendPolicy=EVENT_THREAD, predicates=[Location{classId=22240, methodId=1727, index=89} ]}
09:19:42.405 INFO: JdwpDebugServer: handling req: EventRequest(15).Set(1)
09:19:42.406 INFO: JdwpEventCenterDelegate: jdwpSetEventRequest: JdwpEventRequest{requestId=118, eventKind=CLASS_PREPARE, suspendPolicy=EVENT_THREAD, predicates=[className=com.badlogic.gdx.utils.ScreenUtils]}
09:19:42.407 INFO: JdwpDebugServer: handling req: EventRequest(15).Set(1)
09:19:42.407 INFO: JdwpEventCenterDelegate: jdwpSetEventRequest: JdwpEventRequest{requestId=119, eventKind=CLASS_PREPARE, suspendPolicy=EVENT_THREAD, predicates=[className=com.badlogic.gdx.utils.ScreenUtils$*]}
09:19:42.408 INFO: JdwpDebugServer: handling req: VirtualMachine(1).ClassesBySignature(2)
09:19:42.408 INFO: JdwpDebugServer: handling req: EventRequest(15).Set(1)
09:19:42.408 INFO: JdwpEventCenterDelegate: jdwpSetEventRequest: JdwpEventRequest{requestId=120, eventKind=BREAKPOINT, suspendPolicy=EVENT_THREAD, predicates=[Location{classId=22240, methodId=1722, index=72} ]}
09:19:42.409 INFO: JdwpDebugServer: handling req: EventRequest(15).Set(1)
09:19:42.409 INFO: JdwpEventCenterDelegate: jdwpSetEventRequest: JdwpEventRequest{requestId=121, eventKind=CLASS_PREPARE, suspendPolicy=EVENT_THREAD, predicates=[className=com.scottlogic.util.ShaderProgramFactory]}
09:19:42.409 INFO: JdwpDebugServer: handling req: EventRequest(15).Set(1)
09:19:42.410 INFO: JdwpEventCenterDelegate: jdwpSetEventRequest: JdwpEventRequest{requestId=122, eventKind=CLASS_PREPARE, suspendPolicy=EVENT_THREAD, predicates=[className=com.scottlogic.util.ShaderProgramFactory$*]}
09:19:42.411 INFO: JdwpDebugServer: handling req: VirtualMachine(1).ClassesBySignature(2)
09:19:42.411 INFO: JdwpDebugServer: handling req: ReferenceType(2).MethodsWithGeneric(15)
09:19:42.411 INFO: JdwpDebugServer: handling req: Method(6).LineTable(1)
09:19:42.412 INFO: JdwpDebugServer: handling req: Method(6).LineTable(1)
09:19:42.412 INFO: JdwpDebugServer: handling req: Method(6).LineTable(1)
09:19:42.412 INFO: JdwpDebugServer: handling req: Method(6).LineTable(1)
09:19:42.412 INFO: JdwpDebugServer: handling req: Method(6).LineTable(1)
09:19:42.412 INFO: JdwpDebugServer: handling req: EventRequest(15).Set(1)
09:19:42.412 INFO: JdwpEventCenterDelegate: jdwpSetEventRequest: JdwpEventRequest{requestId=123, eventKind=BREAKPOINT, suspendPolicy=EVENT_THREAD, predicates=[Location{classId=20400, methodId=1762, index=106} ]}
09:19:42.413 INFO: JdwpDebugServer: handling req: EventRequest(15).Set(1)
09:19:42.413 INFO: JdwpEventCenterDelegate: jdwpSetEventRequest: JdwpEventRequest{requestId=124, eventKind=CLASS_PREPARE, suspendPolicy=EVENT_THREAD, predicates=[className=com.abdalla.bushnaq.pluvia.launcher.IOSLauncher]}
09:19:42.414 INFO: JdwpDebugServer: handling req: EventRequest(15).Set(1)
09:19:42.414 INFO: JdwpEventCenterDelegate: jdwpSetEventRequest: JdwpEventRequest{requestId=125, eventKind=CLASS_PREPARE, suspendPolicy=EVENT_THREAD, predicates=[className=com.abdalla.bushnaq.pluvia.launcher.IOSLauncher$*]}
09:19:42.415 INFO: JdwpDebugServer: handling req: VirtualMachine(1).ClassesBySignature(2)
09:19:42.415 INFO: JdwpDebugServer: handling req: ReferenceType(2).MethodsWithGeneric(15)
09:19:42.415 INFO: JdwpDebugServer: handling req: Method(6).LineTable(1)
09:19:42.415 INFO: JdwpDebugServer: handling req: Method(6).LineTable(1)
09:19:42.415 INFO: JdwpDebugServer: handling req: Method(6).LineTable(1)
09:19:42.415 INFO: JdwpDebugServer: handling req: Method(6).LineTable(1)
09:19:42.415 INFO: JdwpDebugServer: handling req: EventRequest(15).Set(1)
09:19:42.415 INFO: JdwpEventCenterDelegate: jdwpSetEventRequest: JdwpEventRequest{requestId=126, eventKind=BREAKPOINT, suspendPolicy=EVENT_THREAD, predicates=[Location{classId=12885, methodId=1787, index=74} ]}
09:19:42.417 INFO: JdwpDebugServer: handling req: VirtualMachine(1).capabilitiesNew(17)
09:19:42.422 INFO: JdwpDebugServer: handling req: EventRequest(15).Set(1)
09:19:42.422 INFO: JdwpEventCenterDelegate: jdwpSetEventRequest: JdwpEventRequest{requestId=127, eventKind=CLASS_PREPARE, suspendPolicy=EVENT_THREAD, predicates=[className=java.lang.Error]}
09:19:42.424 INFO: JdwpDebugServer: handling req: EventRequest(15).Set(1)
09:19:42.424 INFO: JdwpEventCenterDelegate: jdwpSetEventRequest: JdwpEventRequest{requestId=128, eventKind=CLASS_PREPARE, suspendPolicy=EVENT_THREAD, predicates=[className=java.lang.Error$*]}
09:19:42.426 INFO: JdwpDebugServer: handling req: VirtualMachine(1).ClassesBySignature(2)
09:19:42.426 INFO: JdwpDebugServer: handling req: EventRequest(15).Set(1)
09:19:42.426 INFO: JdwpEventCenterDelegate: jdwpSetEventRequest: JdwpEventRequest{requestId=129, eventKind=EXCEPTION, suspendPolicy=EVENT_THREAD, predicates=[exceptionType=3425(caught=true, uncaught=true)]}
09:19:42.464 INFO: JdwpDebugServer: handling req: EventRequest(15).Set(1)
09:19:42.465 INFO: JdwpEventCenterDelegate: jdwpSetEventRequest: JdwpEventRequest{requestId=130, eventKind=CLASS_PREPARE, suspendPolicy=EVENT_THREAD, predicates=[className=java.lang.Throwable]}
09:19:42.467 INFO: JdwpDebugServer: handling req: EventRequest(15).Set(1)
09:19:42.467 INFO: JdwpEventCenterDelegate: jdwpSetEventRequest: JdwpEventRequest{requestId=131, eventKind=CLASS_PREPARE, suspendPolicy=EVENT_THREAD, predicates=[className=java.lang.Throwable$*]}
09:19:42.469 INFO: JdwpDebugServer: handling req: VirtualMachine(1).ClassesBySignature(2)
09:19:42.469 INFO: JdwpDebugServer: handling req: EventRequest(15).Set(1)
09:19:42.469 INFO: JdwpEventCenterDelegate: jdwpSetEventRequest: JdwpEventRequest{requestId=132, eventKind=EXCEPTION, suspendPolicy=EVENT_THREAD, predicates=[exceptionType=7695(caught=false, uncaught=true)]}
09:19:42.471 INFO: JdwpDebugServer: handling req: ThreadReference(11).SuspendCount(12)
09:19:42.471 INFO: JdwpDebugServer: handling req: ThreadReference(11).SuspendCount(12)
09:19:42.471 INFO: JdwpDebugServer: handling req: ThreadReference(11).SuspendCount(12)
09:19:42.471 INFO: JdwpDebugServer: handling req: ThreadReference(11).SuspendCount(12)
09:19:42.471 INFO: JdwpDebugServer: handling req: VirtualMachine(1).AllThreads(4)
09:19:42.471 INFO: JdwpDebugServer: handling req: VirtualMachine(1).Resume(9)
09:19:42.513 INFO: JdwpDebugServer: handling req: EventRequest(15).Set(1)
09:19:42.513 INFO: JdwpEventCenterDelegate: jdwpSetEventRequest: JdwpEventRequest{requestId=133, eventKind=BREAKPOINT, suspendPolicy=EVENT_THREAD, predicates=[Location{classId=12885, methodId=1787, index=74} ]}
09:19:42.517 INFO: JdwpDebugServer: handling req: ThreadReference(11).Resume(3)
09:19:42.518 INFO: JdwpEventCenterDelegate: THREAD_RESUMED: thread (33, main, main)
09:19:42.539 INFO: JdwpEventCenterDelegate: THREAD_RESUMED: thread (33, main, main)
09:19:42.540 INFO: JdwpEventCenterDelegate: THREAD_RESUMED: thread (33, main, main)
09:19:42.540 INFO: JdwpEventCenterDelegate: THREAD_RESUMED: thread (33, main, main)
09:19:42.541 INFO: JdwpEventCenterDelegate: THREAD_RESUMED: thread (33, main, main)
09:19:42.541 INFO: JdwpEventCenterDelegate: THREAD_RESUMED: thread (33, main, main)
09:19:42.541 INFO: JdwpEventCenterDelegate: THREAD_RESUMED: thread (33, main, main)
09:19:42.542 INFO: JdwpEventCenterDelegate: THREAD_RESUMED: thread (33, main, main)
09:19:42.543 INFO: JdwpEventCenterDelegate: THREAD_RESUMED: thread (33, main, main)
09:19:42.544 INFO: JdwpEventCenterDelegate: THREAD_RESUMED: thread (33, main, main)
09:19:42.544 INFO: JdwpEventCenterDelegate: THREAD_RESUMED: thread (33, main, main)
09:19:42.545 INFO: JdwpEventCenterDelegate: THREAD_RESUMED: thread (33, main, main)
09:19:42.551 INFO: JdwpEventCenterDelegate: THREAD_RESUMED: thread (33, main, main)
09:19:42.551 INFO: JdwpEventCenterDelegate: THREAD_RESUMED: thread (33, main, main)
09:19:42.551 INFO: JdwpEventCenterDelegate: THREAD_RESUMED: thread (33, main, main)
09:19:42.619 INFO: JdwpEventCenterDelegate: THREAD_RESUMED: thread (33, main, main)
09:19:42.619 INFO: JdwpEventCenterDelegate: THREAD_RESUMED: thread (33, main, main)
09:19:42.619 INFO: JdwpEventCenterDelegate: THREAD_RESUMED: thread (33, main, main)
09:19:42.627 INFO: JdwpEventCenterDelegate: THREAD_RESUMED: thread (33, main, main)
09:19:42.627 INFO: JdwpEventCenterDelegate: THREAD_RESUMED: thread (33, main, main)
09:19:42.628 INFO: JdwpEventCenterDelegate: THREAD_RESUMED: thread (33, main, main)
09:19:42.883 INFO: JdwpEventCenterDelegate: THREAD_RESUMED: thread (33, main, main)
09:19:42.883 INFO: JdwpEventCenterDelegate: THREAD_RESUMED: thread (33, main, main)
09:19:42.884 INFO: JdwpEventCenterDelegate: THREAD_RESUMED: thread (33, main, main)
09:19:42.947 INFO: JdwpEventCenterDelegate: THREAD_RESUMED: thread (33, main, main)
09:19:42.948 INFO: JdwpEventCenterDelegate: THREAD_RESUMED: thread (33, main, main)
09:19:42.949 INFO: JdwpEventCenterDelegate: THREAD_RESUMED: thread (33, main, main)
09:19:42.976 INFO: JdwpEventCenterDelegate: THREAD_RESUMED: thread (33, main, main)
09:19:42.977 INFO: JdwpEventCenterDelegate: THREAD_RESUMED: thread (33, main, main)
09:19:42.977 INFO: JdwpEventCenterDelegate: THREAD_RESUMED: thread (33, main, main)
09:19:42.982 INFO: JdwpDebugServer: handling req: ThreadReference(11).Name(1)
09:19:42.983 INFO: JdwpDebugServer: handling req: ThreadReference(11).Name(1)
09:19:42.983 INFO: JdwpDebugServer: handling req: ThreadReference(11).Name(1)
09:19:42.983 INFO: JdwpDebugServer: handling req: ThreadReference(11).Name(1)
09:19:43.002 INFO: JdwpEventCenterDelegate: THREAD_RESUMED: thread (33, main, main)
09:19:43.003 INFO: JdwpEventCenterDelegate: THREAD_RESUMED: thread (33, main, main)
09:19:43.004 INFO: JdwpEventCenterDelegate: THREAD_RESUMED: thread (33, main, main)
09:19:43.004 INFO: JdwpEventCenterDelegate: THREAD_RESUMED: thread (33, main, main)
09:19:43.011 INFO: JdwpEventCenterDelegate: THREAD_RESUMED: thread (33, main, main)
09:19:43.011 INFO: JdwpEventCenterDelegate: THREAD_RESUMED: thread (33, main, main)
09:19:43.555 INFO: JdwpEventCenterDelegate: THREAD_RESUMED: thread (33, main, main)
09:19:43.555 INFO: JdwpEventCenterDelegate: THREAD_RESUMED: thread (33, main, main)
09:19:43.575 INFO: JdwpEventCenterDelegate: THREAD_RESUMED: thread (33, main, main)
09:19:43.575 INFO: JdwpEventCenterDelegate: THREAD_RESUMED: thread (33, main, main)
09:19:43.576 INFO: JdwpEventCenterDelegate: THREAD_RESUMED: thread (33, main, main)
09:19:43.576 INFO: JdwpEventCenterDelegate: THREAD_RESUMED: thread (33, main, main)
09:19:43.646 INFO: JdwpEventCenterDelegate: THREAD_RESUMED: thread (33, main, main)
09:19:44.021 INFO: JdwpDebugServer: handling req: EventRequest(15).Set(1)
09:19:44.021 INFO: JdwpEventCenterDelegate: jdwpSetEventRequest: JdwpEventRequest{requestId=134, eventKind=BREAKPOINT, suspendPolicy=EVENT_THREAD, predicates=[Location{classId=15500, methodId=1122, index=142} ]}
09:19:44.024 INFO: JdwpDebugServer: handling req: EventRequest(15).Set(1)
09:19:44.024 INFO: JdwpEventCenterDelegate: jdwpSetEventRequest: JdwpEventRequest{requestId=135, eventKind=BREAKPOINT, suspendPolicy=EVENT_THREAD, predicates=[Location{classId=15500, methodId=1122, index=141} ]}
09:19:44.025 INFO: JdwpDebugServer: handling req: ThreadReference(11).Resume(3)
09:19:44.026 INFO: JdwpEventCenterDelegate: THREAD_RESUMED: thread (33, main, main)
09:19:44.027 INFO: JdwpEventCenterDelegate: THREAD_RESUMED: thread (33, main, main)
09:19:44.027 INFO: JdwpEventCenterDelegate: THREAD_RESUMED: thread (33, main, main)
09:19:44.032 INFO: JdwpEventCenterDelegate: THREAD_RESUMED: thread (33, main, main)
09:19:44.033 INFO: JdwpEventCenterDelegate: THREAD_RESUMED: thread (33, main, main)
09:19:44.034 INFO: JdwpEventCenterDelegate: THREAD_RESUMED: thread (33, main, main)
09:19:44.035 INFO: JdwpEventCenterDelegate: THREAD_RESUMED: thread (33, main, main)
09:19:44.037 INFO: JdwpDebugServer: handling req: EventRequest(15).Set(1)
09:19:44.037 INFO: JdwpEventCenterDelegate: jdwpSetEventRequest: JdwpEventRequest{requestId=136, eventKind=BREAKPOINT, suspendPolicy=EVENT_THREAD, predicates=[Location{classId=20400, methodId=1762, index=106} ]}
09:19:44.040 INFO: JdwpDebugServer: handling req: ThreadReference(11).Resume(3)
09:19:44.040 INFO: JdwpEventCenterDelegate: THREAD_RESUMED: thread (33, main, main)
09:19:44.070 INFO: JdwpDebugServer: handling req: ThreadReference(11).Frames(6)
09:19:44.071 INFO: JdwpDebugServer: handling req: ReferenceType(2).MethodsWithGeneric(15)
09:19:44.071 INFO: JdwpDebugServer: handling req: ReferenceType(2).MethodsWithGeneric(15)
09:19:44.072 INFO: JdwpDebugServer: handling req: ReferenceType(2).MethodsWithGeneric(15)
09:19:44.072 INFO: JdwpDebugServer: handling req: ReferenceType(2).MethodsWithGeneric(15)
09:19:44.073 INFO: JdwpDebugServer: handling req: ReferenceType(2).MethodsWithGeneric(15)
09:19:44.073 INFO: JdwpDebugServer: handling req: ReferenceType(2).MethodsWithGeneric(15)
09:19:44.076 INFO: JdwpDebugServer: handling req: ThreadReference(11).FramesCount(7)
09:19:44.077 INFO: JdwpDebugServer: handling req: ThreadReference(11).FramesCount(7)
09:19:44.785 INFO: JdwpDebugServer: handling req: ReferenceType(2).SourceFile(7)
09:19:44.878 INFO: JdwpDebugServer: handling req: ThreadReference(11).Name(1)
09:19:44.879 INFO: JdwpDebugServer: handling req: ReferenceType(2).SignatureWithGeneric(13)
09:19:44.879 INFO: JdwpDebugServer: handling req: ThreadReference(11).Name(1)
09:19:44.879 INFO: JdwpDebugServer: handling req: ThreadReference(11).Name(1)
09:19:44.880 INFO: JdwpDebugServer: handling req: ThreadReference(11).Name(1)
09:19:44.880 INFO: JdwpDebugServer: handling req: ThreadReference(11).Name(1)
09:19:44.912 INFO: JdwpDebugServer: handling req: ReferenceType(2).FieldsWithGeneric(14)
09:19:44.912 INFO: JdwpDebugServer: handling req: ReferenceType(2).Interfaces(10)
09:19:44.912 INFO: JdwpDebugServer: handling req: ClassType(3).Superclass(1)
09:19:44.912 INFO: JdwpDebugServer: handling req: ClassType(3).Superclass(1)
09:19:44.913 INFO: JdwpDebugServer: handling req: Method(6).VariableTableWithGenerics(5)
09:19:45.497 INFO: JdwpDebugServer: handling req: StackFrame(16).GetValues(1)
09:19:45.500 INFO: JdwpDebugServer: handling req: ObjectReference(9).ReferenceType(1)
09:19:45.500 INFO: JdwpDebugServer: handling req: ReferenceType(2).FieldsWithGeneric(14)
09:19:45.501 INFO: JdwpDebugServer: handling req: ReferenceType(2).Interfaces(10)
09:19:45.501 INFO: JdwpDebugServer: handling req: ReferenceType(2).FieldsWithGeneric(14)
09:19:45.501 INFO: JdwpDebugServer: handling req: StackFrame(16).GetValues(1)
09:19:45.501 INFO: JdwpDebugServer: handling req: ReferenceType(2).Interfaces(10)
09:19:45.501 INFO: JdwpDebugServer: handling req: ReferenceType(2).FieldsWithGeneric(14)
09:19:45.501 INFO: JdwpDebugServer: handling req: StackFrame(16).GetValues(1)
09:19:45.501 INFO: JdwpDebugServer: handling req: ReferenceType(2).Interfaces(10)
09:19:45.501 INFO: JdwpDebugServer: handling req: ReferenceType(2).FieldsWithGeneric(14)
09:19:45.501 INFO: JdwpDebugServer: handling req: ReferenceType(2).Interfaces(10)
09:19:45.502 INFO: JdwpDebugServer: handling req: ClassType(3).Superclass(1)
09:19:45.502 INFO: JdwpDebugServer: handling req: ClassType(3).Superclass(1)
09:19:45.502 INFO: JdwpDebugServer: handling req: ClassType(3).Superclass(1)
09:19:45.503 INFO: JdwpDebugServer: handling req: StackFrame(16).GetValues(1)
09:19:45.503 INFO: JdwpDebugServer: handling req: StackFrame(16).GetValues(1)
09:19:45.503 INFO: JdwpDebugServer: handling req: ObjectReference(9).ReferenceType(1)
09:19:45.503 INFO: JdwpDebugServer: handling req: StackFrame(16).GetValues(1)
09:19:45.504 INFO: JdwpDebugServer: handling req: StackFrame(16).GetValues(1)
09:19:45.504 INFO: JdwpDebugServer: handling req: StackFrame(16).GetValues(1)
09:19:45.504 INFO: JdwpDebugServer: handling req: StringReference(10).Value(1)
09:19:45.505 INFO: JdwpDebugServer: handling req: StackFrame(16).GetValues(1)
09:19:45.506 INFO: JdwpDebugServer: handling req: StackFrame(16).GetValues(1)
09:19:45.506 INFO: JdwpDebugServer: handling req: StackFrame(16).GetValues(1)
09:19:45.506 INFO: JdwpDebugServer: handling req: StackFrame(16).GetValues(1)
09:19:45.507 INFO: JdwpDebugServer: handling req: ObjectReference(9).ReferenceType(1)
09:19:45.507 INFO: JdwpDebugServer: handling req: StackFrame(16).GetValues(1)
09:19:45.507 INFO: JdwpDebugServer: handling req: ReferenceType(2).FieldsWithGeneric(14)
09:19:45.508 INFO: JdwpDebugServer: handling req: StackFrame(16).GetValues(1)
09:19:45.508 INFO: JdwpDebugServer: handling req: ReferenceType(2).Interfaces(10)
09:19:45.508 INFO: JdwpDebugServer: handling req: ReferenceType(2).FieldsWithGeneric(14)
09:19:45.508 INFO: JdwpDebugServer: handling req: ReferenceType(2).Interfaces(10)
09:19:45.509 INFO: JdwpDebugServer: handling req: ClassType(3).Superclass(1)
09:19:45.509 INFO: JdwpDebugServer: handling req: StackFrame(16).GetValues(1)
09:19:45.509 INFO: JdwpDebugServer: handling req: StackFrame(16).GetValues(1)
09:19:45.509 INFO: JdwpDebugServer: handling req: ClassType(3).Superclass(1)
09:19:45.510 INFO: JdwpDebugServer: handling req: StackFrame(16).GetValues(1)
09:19:45.510 INFO: JdwpDebugServer: handling req: StackFrame(16).GetValues(1)
09:19:45.510 INFO: JdwpDebugServer: handling req: StackFrame(16).GetValues(1)
09:19:45.511 INFO: JdwpDebugServer: handling req: StringReference(10).Value(1)
09:19:45.512 INFO: JdwpDebugServer: handling req: StackFrame(16).GetValues(1)
09:19:45.512 INFO: JdwpDebugServer: handling req: StackFrame(16).GetValues(1)
09:19:45.512 INFO: JdwpDebugServer: handling req: StackFrame(16).GetValues(1)
09:19:45.513 INFO: JdwpDebugServer: handling req: StackFrame(16).GetValues(1)
09:19:45.513 INFO: JdwpDebugServer: handling req: StackFrame(16).GetValues(1)
09:19:45.514 INFO: JdwpDebugServer: handling req: StackFrame(16).GetValues(1)
09:19:45.514 INFO: JdwpDebugServer: handling req: StackFrame(16).GetValues(1)
09:19:45.515 INFO: JdwpDebugServer: handling req: StackFrame(16).GetValues(1)
09:19:45.515 INFO: JdwpDebugServer: handling req: StackFrame(16).GetValues(1)
09:19:45.516 INFO: JdwpDebugServer: handling req: StackFrame(16).GetValues(1)
09:19:45.516 INFO: JdwpDebugServer: handling req: StackFrame(16).GetValues(1)
09:19:45.517 INFO: JdwpDebugServer: handling req: StackFrame(16).GetValues(1)
09:19:45.517 INFO: JdwpDebugServer: handling req: StackFrame(16).GetValues(1)
09:19:45.517 INFO: JdwpDebugServer: handling req: StackFrame(16).GetValues(1)
09:19:45.518 INFO: JdwpDebugServer: handling req: StackFrame(16).GetValues(1)
09:19:45.518 INFO: JdwpDebugServer: handling req: StackFrame(16).GetValues(1)
09:19:45.518 INFO: JdwpDebugServer: handling req: StackFrame(16).GetValues(1)
09:19:45.519 INFO: JdwpDebugServer: handling req: StackFrame(16).GetValues(1)
09:19:45.519 INFO: JdwpDebugServer: handling req: StackFrame(16).GetValues(1)
09:19:45.519 INFO: JdwpDebugServer: handling req: StackFrame(16).GetValues(1)
09:19:45.519 INFO: JdwpDebugServer: handling req: StackFrame(16).GetValues(1)
09:19:45.519 INFO: JdwpDebugServer: handling req: StackFrame(16).GetValues(1)
09:19:45.519 INFO: JdwpDebugServer: handling req: StackFrame(16).GetValues(1)
09:19:45.520 INFO: JdwpDebugServer: handling req: StackFrame(16).GetValues(1)
09:19:45.520 INFO: JdwpDebugServer: handling req: StackFrame(16).GetValues(1)
09:19:45.520 INFO: JdwpDebugServer: handling req: StackFrame(16).GetValues(1)
09:19:45.521 INFO: JdwpDebugServer: handling req: StackFrame(16).GetValues(1)
09:19:45.521 INFO: JdwpDebugServer: handling req: StackFrame(16).GetValues(1)
09:19:45.521 INFO: JdwpDebugServer: handling req: StackFrame(16).GetValues(1)
09:19:45.521 INFO: JdwpDebugServer: handling req: StackFrame(16).GetValues(1)
09:19:45.521 INFO: JdwpDebugServer: handling req: StackFrame(16).GetValues(1)
09:19:45.521 INFO: JdwpDebugServer: handling req: StackFrame(16).GetValues(1)
09:19:45.522 INFO: JdwpDebugServer: handling req: ClassType(3).Superclass(1)
09:19:45.522 INFO: JdwpDebugServer: handling req: StackFrame(16).GetValues(1)
09:19:45.522 INFO: JdwpDebugServer: handling req: StackFrame(16).GetValues(1)
09:19:45.522 INFO: JdwpDebugServer: handling req: StackFrame(16).GetValues(1)
09:19:45.522 INFO: JdwpDebugServer: handling req: StackFrame(16).GetValues(1)
09:19:45.522 INFO: JdwpDebugServer: handling req: StackFrame(16).GetValues(1)
09:19:45.541 INFO: JdwpDebugServer: handling req: StackFrame(16).GetValues(1)
09:19:45.541 INFO: JdwpDebugServer: handling req: ClassType(3).Superclass(1)
09:19:45.581 INFO: JdwpDebugServer: handling req: ThreadReference(11).FramesCount(7)
09:19:45.581 INFO: JdwpDebugServer: handling req: StackFrame(16).GetValues(1)
09:19:45.582 INFO: JdwpDebugServer: handling req: ClassType(3).Superclass(1)
09:19:45.596 INFO: JdwpDebugServer: handling req: ObjectReference(9).GetValues(2)
09:19:45.597 INFO: JdwpDebugServer: handling req: ObjectReference(9).GetValues(2)
09:19:45.597 INFO: JdwpDebugServer: handling req: ObjectReference(9).GetValues(2)
09:19:45.598 INFO: JdwpDebugServer: handling req: ObjectReference(9).GetValues(2)
09:19:45.598 INFO: JdwpDebugServer: handling req: ObjectReference(9).GetValues(2)
09:19:45.598 INFO: JdwpDebugServer: handling req: ObjectReference(9).GetValues(2)
09:19:45.598 INFO: JdwpDebugServer: handling req: ObjectReference(9).GetValues(2)
09:19:45.598 INFO: JdwpDebugServer: handling req: ObjectReference(9).GetValues(2)
09:19:45.599 INFO: JdwpDebugServer: handling req: ObjectReference(9).GetValues(2)
09:19:45.599 INFO: JdwpDebugServer: handling req: ObjectReference(9).ReferenceType(1)
09:19:45.599 INFO: JdwpDebugServer: handling req: ClassType(3).Superclass(1)
09:19:45.599 INFO: JdwpDebugServer: handling req: ClassType(3).Superclass(1)
09:19:45.599 INFO: JdwpDebugServer: handling req: ReferenceType(2).Interfaces(10)
09:19:45.599 INFO: JdwpDebugServer: handling req: ObjectReference(9).GetValues(2)
09:19:45.599 INFO: JdwpDebugServer: handling req: ReferenceType(2).Interfaces(10)
09:19:45.600 INFO: JdwpDebugServer: handling req: ObjectReference(9).GetValues(2)
09:19:45.600 INFO: JdwpDebugServer: handling req: ObjectReference(9).ReferenceType(1)
09:19:45.600 INFO: JdwpDebugServer: handling req: ObjectReference(9).GetValues(2)
09:19:45.600 INFO: JdwpDebugServer: handling req: ClassType(3).Superclass(1)
09:19:45.600 INFO: JdwpDebugServer: handling req: ObjectReference(9).GetValues(2)
09:19:45.600 INFO: JdwpDebugServer: handling req: StringReference(10).Value(1)
09:19:45.601 INFO: JdwpDebugServer: handling req: ObjectReference(9).GetValues(2)
09:19:45.601 INFO: JdwpDebugServer: handling req: ObjectReference(9).GetValues(2)
09:19:45.601 INFO: JdwpDebugServer: handling req: ObjectReference(9).GetValues(2)
09:19:45.601 INFO: JdwpDebugServer: handling req: ObjectReference(9).GetValues(2)
09:19:45.601 INFO: JdwpDebugServer: handling req: ObjectReference(9).ReferenceType(1)
09:19:45.602 INFO: JdwpDebugServer: handling req: ClassType(3).Superclass(1)
09:19:45.602 INFO: JdwpDebugServer: handling req: ObjectReference(9).GetValues(2)
09:19:45.602 INFO: JdwpDebugServer: handling req: ObjectReference(9).GetValues(2)
09:19:45.602 INFO: JdwpDebugServer: handling req: ObjectReference(9).GetValues(2)
09:19:45.602 INFO: JdwpDebugServer: handling req: ObjectReference(9).GetValues(2)
09:19:45.602 INFO: JdwpDebugServer: handling req: ObjectReference(9).GetValues(2)
09:19:45.603 INFO: JdwpDebugServer: handling req: ObjectReference(9).GetValues(2)
09:19:45.603 INFO: JdwpDebugServer: handling req: ObjectReference(9).GetValues(2)
09:19:45.603 INFO: JdwpDebugServer: handling req: ObjectReference(9).ReferenceType(1)
09:19:45.603 INFO: JdwpDebugServer: handling req: ClassType(3).Superclass(1)
09:19:45.603 INFO: JdwpDebugServer: handling req: ObjectReference(9).GetValues(2)
09:19:45.603 INFO: JdwpDebugServer: handling req: ObjectReference(9).GetValues(2)
09:19:45.604 INFO: JdwpDebugServer: handling req: ObjectReference(9).GetValues(2)
09:19:45.604 INFO: JdwpDebugServer: handling req: ObjectReference(9).GetValues(2)
09:19:45.604 INFO: JdwpDebugServer: handling req: ObjectReference(9).GetValues(2)
09:19:45.604 INFO: JdwpDebugServer: handling req: ObjectReference(9).GetValues(2)
09:19:45.604 INFO: JdwpDebugServer: handling req: ObjectReference(9).GetValues(2)
09:19:45.605 INFO: JdwpDebugServer: handling req: ObjectReference(9).GetValues(2)
09:19:45.605 INFO: JdwpDebugServer: handling req: ObjectReference(9).GetValues(2)
09:19:45.605 INFO: JdwpDebugServer: handling req: ObjectReference(9).GetValues(2)
09:19:45.605 INFO: JdwpDebugServer: handling req: ObjectReference(9).GetValues(2)
09:19:45.605 INFO: JdwpDebugServer: handling req: ObjectReference(9).GetValues(2)
09:19:45.605 INFO: JdwpDebugServer: handling req: ReferenceType(2).FieldsWithGeneric(14)
09:19:45.606 INFO: JdwpDebugServer: handling req: ReferenceType(2).FieldsWithGeneric(14)
09:19:45.606 INFO: JdwpDebugServer: handling req: ObjectReference(9).GetValues(2)
09:19:45.606 INFO: JdwpDebugServer: handling req: ObjectReference(9).GetValues(2)
09:19:45.606 INFO: JdwpDebugServer: handling req: ObjectReference(9).GetValues(2)
09:19:45.606 INFO: JdwpDebugServer: handling req: ObjectReference(9).GetValues(2)
09:19:45.607 INFO: JdwpDebugServer: handling req: ObjectReference(9).GetValues(2)
09:19:45.607 INFO: JdwpDebugServer: handling req: ObjectReference(9).GetValues(2)
09:19:45.607 INFO: JdwpDebugServer: handling req: ObjectReference(9).ReferenceType(1)
09:19:45.607 INFO: JdwpDebugServer: handling req: ClassType(3).Superclass(1)
09:19:45.607 INFO: JdwpDebugServer: handling req: ObjectReference(9).GetValues(2)
09:19:45.607 INFO: JdwpDebugServer: handling req: ObjectReference(9).GetValues(2)
09:19:45.607 INFO: JdwpDebugServer: handling req: ObjectReference(9).GetValues(2)
09:19:45.607 INFO: JdwpDebugServer: handling req: StringReference(10).Value(1)
09:19:45.608 INFO: JdwpDebugServer: handling req: ObjectReference(9).GetValues(2)
09:19:45.608 INFO: JdwpDebugServer: handling req: ObjectReference(9).GetValues(2)
09:19:45.608 INFO: JdwpDebugServer: handling req: ObjectReference(9).GetValues(2)
09:19:45.609 INFO: JdwpDebugServer: handling req: ObjectReference(9).GetValues(2)
09:19:45.609 INFO: JdwpDebugServer: handling req: ObjectReference(9).GetValues(2)
09:19:45.609 INFO: JdwpDebugServer: handling req: ObjectReference(9).GetValues(2)
09:19:45.609 INFO: JdwpDebugServer: handling req: ObjectReference(9).GetValues(2)
09:19:45.609 INFO: JdwpDebugServer: handling req: ObjectReference(9).GetValues(2)
09:19:45.609 INFO: JdwpDebugServer: handling req: ObjectReference(9).GetValues(2)
09:19:45.610 INFO: JdwpDebugServer: handling req: ObjectReference(9).GetValues(2)
09:19:45.610 INFO: JdwpDebugServer: handling req: ObjectReference(9).GetValues(2)
09:19:45.610 INFO: JdwpDebugServer: handling req: ObjectReference(9).GetValues(2)
09:19:45.610 INFO: JdwpDebugServer: handling req: ObjectReference(9).GetValues(2)
09:19:45.610 INFO: JdwpDebugServer: handling req: ObjectReference(9).GetValues(2)
09:19:45.610 INFO: JdwpDebugServer: handling req: ObjectReference(9).GetValues(2)
09:19:45.610 INFO: JdwpDebugServer: handling req: ObjectReference(9).ReferenceType(1)
09:19:45.610 INFO: JdwpDebugServer: handling req: ObjectReference(9).GetValues(2)
09:19:45.611 INFO: JdwpDebugServer: handling req: ObjectReference(9).GetValues(2)
09:19:45.611 INFO: JdwpDebugServer: handling req: ObjectReference(9).GetValues(2)
09:19:45.611 INFO: JdwpDebugServer: handling req: ObjectReference(9).ReferenceType(1)
09:19:45.611 INFO: JdwpDebugServer: handling req: ObjectReference(9).GetValues(2)
09:19:45.611 INFO: JdwpDebugServer: handling req: ReferenceType(2).FieldsWithGeneric(14)
09:19:45.611 INFO: JdwpDebugServer: handling req: ObjectReference(9).GetValues(2)
09:19:45.611 INFO: JdwpDebugServer: handling req: ReferenceType(2).Interfaces(10)
09:19:45.611 INFO: JdwpDebugServer: handling req: ObjectReference(9).GetValues(2)
09:19:45.612 INFO: JdwpDebugServer: handling req: ClassType(3).Superclass(1)
09:19:45.612 INFO: JdwpDebugServer: handling req: ObjectReference(9).GetValues(2)
09:19:45.612 INFO: JdwpDebugServer: handling req: ReferenceType(2).FieldsWithGeneric(14)
09:19:45.612 INFO: JdwpDebugServer: handling req: ObjectReference(9).GetValues(2)
09:19:45.612 INFO: JdwpDebugServer: handling req: ReferenceType(2).Interfaces(10)
09:19:45.612 INFO: JdwpDebugServer: handling req: ObjectReference(9).GetValues(2)
09:19:45.612 INFO: JdwpDebugServer: handling req: ClassType(3).Superclass(1)
09:19:45.612 INFO: JdwpDebugServer: handling req: ClassType(3).Superclass(1)
09:19:45.612 INFO: JdwpDebugServer: handling req: ReferenceType(2).FieldsWithGeneric(14)
09:19:45.612 INFO: JdwpDebugServer: handling req: ObjectReference(9).GetValues(2)
09:19:45.612 INFO: JdwpDebugServer: handling req: ReferenceType(2).Interfaces(10)
09:19:45.612 INFO: JdwpDebugServer: handling req: ObjectReference(9).GetValues(2)
09:19:45.612 INFO: JdwpDebugServer: handling req: ClassType(3).Superclass(1)
09:19:45.613 INFO: JdwpDebugServer: handling req: ObjectReference(9).GetValues(2)
09:19:45.613 INFO: JdwpDebugServer: handling req: ObjectReference(9).GetValues(2)
09:19:45.613 INFO: JdwpDebugServer: handling req: StringReference(10).Value(1)
09:19:45.613 INFO: JdwpDebugServer: handling req: ObjectReference(9).ReferenceType(1)
09:19:45.613 INFO: JdwpDebugServer: handling req: ReferenceType(2).FieldsWithGeneric(14)
09:19:45.613 INFO: JdwpDebugServer: handling req: ObjectReference(9).GetValues(2)
09:19:45.613 INFO: JdwpDebugServer: handling req: ReferenceType(2).Interfaces(10)
09:19:45.614 INFO: JdwpDebugServer: handling req: ObjectReference(9).GetValues(2)
09:19:45.614 INFO: JdwpDebugServer: handling req: ClassType(3).Superclass(1)
09:19:45.614 INFO: JdwpDebugServer: handling req: ReferenceType(2).FieldsWithGeneric(14)
09:19:45.614 INFO: JdwpDebugServer: handling req: ObjectReference(9).GetValues(2)
09:19:45.614 INFO: JdwpDebugServer: handling req: ReferenceType(2).Interfaces(10)
09:19:45.614 INFO: JdwpDebugServer: handling req: ObjectReference(9).GetValues(2)
09:19:45.614 INFO: JdwpDebugServer: handling req: ClassType(3).Superclass(1)
09:19:45.614 INFO: JdwpDebugServer: handling req: ClassType(3).Superclass(1)
09:19:45.615 INFO: JdwpDebugServer: handling req: ObjectReference(9).GetValues(2)
09:19:45.615 INFO: JdwpDebugServer: handling req: ObjectReference(9).GetValues(2)
09:19:45.615 INFO: JdwpDebugServer: handling req: ObjectReference(9).GetValues(2)
09:19:45.615 INFO: JdwpDebugServer: handling req: ObjectReference(9).GetValues(2)
09:19:45.615 INFO: JdwpDebugServer: handling req: ObjectReference(9).GetValues(2)
09:19:45.616 INFO: JdwpDebugServer: handling req: ObjectReference(9).GetValues(2)
09:19:45.616 INFO: JdwpDebugServer: handling req: ObjectReference(9).GetValues(2)
09:19:45.616 INFO: JdwpDebugServer: handling req: ObjectReference(9).ReferenceType(1)
09:19:45.616 INFO: JdwpDebugServer: handling req: ObjectReference(9).GetValues(2)
09:19:45.616 INFO: JdwpDebugServer: handling req: ObjectReference(9).GetValues(2)
09:19:45.616 INFO: JdwpDebugServer: handling req: ObjectReference(9).GetValues(2)
09:19:45.617 INFO: JdwpDebugServer: handling req: ObjectReference(9).GetValues(2)
09:19:45.617 INFO: JdwpDebugServer: handling req: ObjectReference(9).GetValues(2)
09:19:45.617 INFO: JdwpDebugServer: handling req: ObjectReference(9).ReferenceType(1)
09:19:45.617 INFO: JdwpDebugServer: handling req: ClassType(3).Superclass(1)
09:19:45.617 INFO: JdwpDebugServer: handling req: ObjectReference(9).GetValues(2)
09:19:45.617 INFO: JdwpDebugServer: handling req: ObjectReference(9).GetValues(2)
09:19:45.618 INFO: JdwpDebugServer: handling req: ObjectReference(9).ReferenceType(1)
09:19:45.618 INFO: JdwpDebugServer: handling req: ObjectReference(9).GetValues(2)
09:19:45.618 INFO: JdwpDebugServer: handling req: ObjectReference(9).GetValues(2)
09:19:45.618 INFO: JdwpDebugServer: handling req: ObjectReference(9).ReferenceType(1)
09:19:45.618 INFO: JdwpDebugServer: handling req: ObjectReference(9).GetValues(2)
09:19:45.618 INFO: JdwpDebugServer: handling req: ObjectReference(9).GetValues(2)
09:19:45.620 INFO: JdwpDebugServer: handling req: ObjectReference(9).GetValues(2)
09:19:45.621 INFO: JdwpDebugServer: handling req: ObjectReference(9).GetValues(2)
09:19:45.621 INFO: JdwpDebugServer: handling req: ThreadReference(11).Name(1)
09:19:45.621 INFO: JdwpDebugServer: handling req: ObjectReference(9).GetValues(2)
09:19:45.622 INFO: JdwpDebugServer: handling req: ThreadReference(11).Name(1)
09:19:45.622 INFO: JdwpDebugServer: handling req: ThreadReference(11).Name(1)
09:19:45.622 INFO: JdwpDebugServer: handling req: ThreadReference(11).Name(1)
09:19:45.624 INFO: JdwpDebugServer: handling req: ObjectReference(9).GetValues(2)
09:19:45.626 INFO: JdwpDebugServer: handling req: ObjectReference(9).GetValues(2)
09:19:45.627 INFO: JdwpDebugServer: handling req: ObjectReference(9).GetValues(2)
09:19:45.627 INFO: JdwpDebugServer: handling req: ObjectReference(9).GetValues(2)
09:19:45.627 INFO: JdwpDebugServer: handling req: ObjectReference(9).GetValues(2)
09:19:45.628 INFO: JdwpDebugServer: handling req: ObjectReference(9).GetValues(2)
09:19:45.628 INFO: JdwpDebugServer: handling req: ObjectReference(9).GetValues(2)
09:19:45.629 INFO: JdwpDebugServer: handling req: ObjectReference(9).GetValues(2)
09:19:45.629 INFO: JdwpDebugServer: handling req: ObjectReference(9).GetValues(2)
09:19:45.629 INFO: JdwpDebugServer: handling req: ObjectReference(9).GetValues(2)
09:19:45.629 INFO: JdwpDebugServer: handling req: ObjectReference(9).GetValues(2)
09:19:45.630 INFO: JdwpDebugServer: handling req: ObjectReference(9).GetValues(2)
09:19:45.630 INFO: JdwpDebugServer: handling req: ObjectReference(9).GetValues(2)
09:19:45.630 INFO: JdwpDebugServer: handling req: ObjectReference(9).GetValues(2)
09:19:45.630 INFO: JdwpDebugServer: handling req: ObjectReference(9).GetValues(2)
09:19:45.631 INFO: JdwpDebugServer: handling req: ObjectReference(9).GetValues(2)
09:19:45.631 INFO: JdwpDebugServer: handling req: ClassType(3).Superclass(1)
09:19:45.631 INFO: JdwpDebugServer: handling req: ObjectReference(9).GetValues(2)
09:19:45.631 INFO: JdwpDebugServer: handling req: ObjectReference(9).GetValues(2)
09:19:45.631 INFO: JdwpDebugServer: handling req: ObjectReference(9).GetValues(2)
09:19:45.631 INFO: JdwpDebugServer: handling req: ObjectReference(9).GetValues(2)
09:19:45.631 INFO: JdwpDebugServer: handling req: ObjectReference(9).GetValues(2)
09:19:45.632 INFO: JdwpDebugServer: handling req: ObjectReference(9).GetValues(2)
09:19:45.632 INFO: JdwpDebugServer: handling req: ObjectReference(9).GetValues(2)
09:19:45.632 INFO: JdwpDebugServer: handling req: ObjectReference(9).GetValues(2)
09:19:45.632 INFO: JdwpDebugServer: handling req: ObjectReference(9).GetValues(2)
09:19:45.632 INFO: JdwpDebugServer: handling req: ObjectReference(9).GetValues(2)
09:19:45.633 INFO: JdwpDebugServer: handling req: ObjectReference(9).GetValues(2)
09:19:45.633 INFO: JdwpDebugServer: handling req: ObjectReference(9).GetValues(2)
09:19:45.633 INFO: JdwpDebugServer: handling req: ObjectReference(9).GetValues(2)
09:19:45.633 INFO: JdwpDebugServer: handling req: ObjectReference(9).GetValues(2)
09:19:45.634 INFO: JdwpDebugServer: handling req: ClassType(3).Superclass(1)
09:19:45.634 INFO: JdwpDebugServer: handling req: ObjectReference(9).GetValues(2)
09:19:45.634 INFO: JdwpDebugServer: handling req: ObjectReference(9).GetValues(2)
09:19:45.634 INFO: JdwpDebugServer: handling req: ObjectReference(9).GetValues(2)
09:19:45.634 INFO: JdwpDebugServer: handling req: ObjectReference(9).GetValues(2)
09:19:45.635 INFO: JdwpDebugServer: handling req: ObjectReference(9).GetValues(2)
09:19:45.635 INFO: JdwpDebugServer: handling req: ObjectReference(9).GetValues(2)
09:19:45.635 INFO: JdwpDebugServer: handling req: ObjectReference(9).GetValues(2)
09:19:45.635 INFO: JdwpDebugServer: handling req: ClassType(3).Superclass(1)
09:19:45.635 INFO: JdwpDebugServer: handling req: ObjectReference(9).GetValues(2)
09:19:45.635 INFO: JdwpDebugServer: handling req: ObjectReference(9).GetValues(2)
09:19:45.636 INFO: JdwpDebugServer: handling req: ObjectReference(9).GetValues(2)
09:19:45.636 INFO: JdwpDebugServer: handling req: ObjectReference(9).GetValues(2)
09:19:45.636 INFO: JdwpDebugServer: handling req: ObjectReference(9).GetValues(2)
09:19:45.636 INFO: JdwpDebugServer: handling req: ObjectReference(9).GetValues(2)
09:19:45.638 INFO: JdwpDebugServer: handling req: ObjectReference(9).GetValues(2)
09:19:45.638 INFO: JdwpDebugServer: handling req: ClassType(3).Superclass(1)
09:19:45.638 INFO: JdwpDebugServer: handling req: ObjectReference(9).GetValues(2)
09:19:45.639 INFO: JdwpDebugServer: handling req: ObjectReference(9).GetValues(2)
09:19:45.639 INFO: JdwpDebugServer: handling req: ObjectReference(9).GetValues(2)
09:19:45.639 INFO: JdwpDebugServer: handling req: ObjectReference(9).GetValues(2)
09:19:45.639 INFO: JdwpDebugServer: handling req: ObjectReference(9).GetValues(2)
09:19:45.640 INFO: JdwpDebugServer: handling req: ObjectReference(9).GetValues(2)
09:19:45.643 INFO: JdwpDebugServer: handling req: ObjectReference(9).GetValues(2)
09:19:45.644 INFO: JdwpDebugServer: handling req: ObjectReference(9).GetValues(2)
09:19:45.644 INFO: JdwpDebugServer: handling req: ObjectReference(9).GetValues(2)
09:19:45.644 INFO: JdwpDebugServer: handling req: ObjectReference(9).GetValues(2)
09:19:45.645 INFO: JdwpDebugServer: handling req: ObjectReference(9).GetValues(2)
09:19:45.645 INFO: JdwpDebugServer: handling req: ObjectReference(9).GetValues(2)
09:19:45.645 INFO: JdwpDebugServer: handling req: ObjectReference(9).GetValues(2)
09:19:45.647 INFO: JdwpDebugServer: handling req: ObjectReference(9).GetValues(2)
09:19:45.647 INFO: JdwpDebugServer: handling req: ClassType(3).Superclass(1)
09:19:45.649 INFO: JdwpDebugServer: handling req: ObjectReference(9).GetValues(2)
09:19:45.650 INFO: JdwpDebugServer: handling req: ObjectReference(9).GetValues(2)
09:19:45.650 INFO: JdwpDebugServer: handling req: ObjectReference(9).GetValues(2)
09:19:45.650 INFO: JdwpDebugServer: handling req: StringReference(10).Value(1)
09:19:45.650 INFO: JdwpDebugServer: handling req: ObjectReference(9).GetValues(2)
09:19:45.650 INFO: JdwpDebugServer: handling req: ObjectReference(9).GetValues(2)
09:19:45.651 INFO: JdwpDebugServer: handling req: ThreadReference(11).FramesCount(7)
09:19:45.657 INFO: JdwpDebugServer: handling req: Method(6).LineTable(1)
09:19:45.657 INFO: JdwpDebugServer: handling req: StackFrame(16).ThisObject(3)
09:19:45.658 INFO: JdwpDebugServer: handling req: ObjectReference(9).ReferenceType(1)
09:19:45.658 INFO: JdwpDebugServer: handling req: Method(6).LineTable(1)
09:19:45.658 INFO: JdwpDebugServer: handling req: StackFrame(16).ThisObject(3)
09:19:45.658 INFO: JdwpDebugServer: handling req: ObjectReference(9).ReferenceType(1)
09:19:45.658 INFO: JdwpDebugServer: handling req: Method(6).LineTable(1)
09:19:45.658 INFO: JdwpDebugServer: handling req: StackFrame(16).ThisObject(3)
09:19:45.659 INFO: JdwpDebugServer: handling req: ObjectReference(9).ReferenceType(1)
09:19:45.659 INFO: JdwpDebugServer: handling req: Method(6).LineTable(1)
09:19:45.659 INFO: JdwpDebugServer: handling req: StackFrame(16).ThisObject(3)
09:19:45.659 INFO: JdwpDebugServer: handling req: ObjectReference(9).ReferenceType(1)
09:19:45.659 INFO: JdwpDebugServer: handling req: Method(6).LineTable(1)
09:19:45.659 INFO: JdwpDebugServer: handling req: StackFrame(16).ThisObject(3)
09:19:45.660 INFO: JdwpDebugServer: handling req: ObjectReference(9).ReferenceType(1)
09:19:45.660 INFO: JdwpDebugServer: handling req: Method(6).LineTable(1)
09:19:45.660 INFO: JdwpDebugServer: handling req: Method(6).LineTable(1)
09:19:45.660 INFO: JdwpDebugServer: handling req: ReferenceType(2).SignatureWithGeneric(13)
09:19:48.271 INFO: JdwpDebugServer: handling req: ThreadReference(11).Resume(3)
09:19:48.272 INFO: JdwpEventCenterDelegate: THREAD_RESUMED: thread (33, main, main)
09:19:48.274 INFO: JdwpDebugServer: handling req: ReferenceType(2).MethodsWithGeneric(15)
09:19:48.274 INFO: JdwpDebugServer: handling req: Method(6).LineTable(1)
09:19:48.274 INFO: JdwpDebugServer: handling req: Method(6).LineTable(1)
09:19:48.275 INFO: JdwpDebugServer: handling req: Method(6).LineTable(1)
09:19:48.275 INFO: JdwpDebugServer: handling req: ThreadReference(11).Resume(3)
09:19:48.275 INFO: JdwpEventCenterDelegate: THREAD_RESUMED: thread (33, main, main)
09:19:48.277 INFO: JdwpEventCenterDelegate: THREAD_RESUMED: thread (33, main, main)
09:19:48.302 INFO: JdwpDebugServer: handling req: ThreadReference(11).Name(1)
09:19:48.304 INFO: JdwpDebugServer: handling req: ThreadReference(11).Name(1)
09:19:48.305 INFO: JdwpDebugServer: handling req: ThreadReference(11).Name(1)
09:19:48.319 SEVERE: Debugger: Thread HooksChannel socket thread crashed
org.robovm.debugger.DebuggerException: java.nio.BufferUnderflowException
	at org.robovm.debugger.hooks.HooksChannel.doSocketWork(HooksChannel.java:149)
	at java.base/java.lang.Thread.run(Thread.java:833)
	at org.robovm.debugger.utils.DebuggerThread.run(DebuggerThread.java:42)
Caused by: java.nio.BufferUnderflowException
	at org.robovm.debugger.utils.bytebuffer.DataBufferWriter.writeFromStream(DataBufferWriter.java:91)
	at org.robovm.debugger.hooks.HooksChannel.doSocketWork(HooksChannel.java:116)
	... 2 more
09:19:48.369 INFO: JdwpDebugServer: handling req: ThreadReference(11).Name(1)
