13:03:50.745 INFO: JdwpEventCenterDelegate: THREAD_STARTED: thread (33, main, main)
13:03:50.828 INFO: JdwpEventCenterDelegate: THREAD_STARTED: thread (48, ReferenceQueueDaemon, main)
13:03:50.829 INFO: JdwpEventCenterDelegate: THREAD_STARTED: thread (63, FinalizerDaemon, main)
13:03:50.830 INFO: JdwpEventCenterDelegate: THREAD_STARTED: thread (78, FinalizerWatchdogDaemon, main)
13:03:52.852 INFO: JdwpDebugServer: handling req: VirtualMachine(1).IDSizes(7)
13:03:52.855 INFO: JdwpDebugServer: handling req: EventRequest(15).Set(1)
13:03:52.855 INFO: JdwpEventCenterDelegate: jdwpSetEventRequest: JdwpEventRequest{requestId=100, eventKind=CLASS_UNLOAD, suspendPolicy=NONE, predicates=[]}
13:03:52.855 INFO: JdwpDebugServer: handling req: EventRequest(15).Set(1)
13:03:52.855 INFO: JdwpEventCenterDelegate: jdwpSetEventRequest: JdwpEventRequest{requestId=101, eventKind=THREAD_START, suspendPolicy=NONE, predicates=[]}
13:03:52.856 INFO: JdwpDebugServer: handling req: VirtualMachine(1).ClassesBySignature(2)
13:03:52.858 INFO: JdwpDebugServer: handling req: VirtualMachine(1).Version(1)
13:03:52.860 INFO: JdwpDebugServer: handling req: ReferenceType(2).MethodsWithGeneric(15)
13:03:52.862 INFO: JdwpDebugServer: handling req: Method(6).LineTable(1)
13:03:52.863 INFO: JdwpDebugServer: handling req: EventRequest(15).Set(1)
13:03:52.864 INFO: JdwpEventCenterDelegate: jdwpSetEventRequest: JdwpEventRequest{requestId=102, eventKind=BREAKPOINT, suspendPolicy=NONE, predicates=[Location{classId=845, methodId=257, index=928} ]}
13:03:52.864 INFO: JdwpDebugServer: handling req: EventRequest(15).Set(1)
13:03:52.864 INFO: JdwpEventCenterDelegate: jdwpSetEventRequest: JdwpEventRequest{requestId=103, eventKind=THREAD_DEATH, suspendPolicy=NONE, predicates=[]}
13:03:52.865 INFO: JdwpDebugServer: handling req: VirtualMachine(1).AllThreads(4)
13:03:52.866 INFO: JdwpDebugServer: handling req: ThreadReference(11).ThreadGroup(5)
13:03:52.866 INFO: JdwpDebugServer: handling req: ThreadGroup(12).Name(1)
13:03:52.866 INFO: JdwpDebugServer: handling req: ThreadGroup(12).Parent(2)
13:03:52.867 INFO: JdwpDebugServer: handling req: ObjectReference(9).ReferenceType(1)
13:03:52.867 INFO: JdwpDebugServer: handling req: ReferenceType(2).FieldsWithGeneric(14)
13:03:52.868 INFO: JdwpDebugServer: handling req: ReferenceType(2).Interfaces(10)
13:03:52.869 INFO: JdwpDebugServer: handling req: ReferenceType(2).FieldsWithGeneric(14)
13:03:52.869 INFO: JdwpDebugServer: handling req: ReferenceType(2).Interfaces(10)
13:03:52.869 INFO: JdwpDebugServer: handling req: ClassType(3).Superclass(1)
13:03:52.869 INFO: JdwpDebugServer: handling req: ReferenceType(2).FieldsWithGeneric(14)
13:03:52.870 INFO: JdwpDebugServer: handling req: ReferenceType(2).Interfaces(10)
13:03:52.870 INFO: JdwpDebugServer: handling req: ClassType(3).Superclass(1)
13:03:52.870 INFO: JdwpDebugServer: handling req: ObjectReference(9).GetValues(2)
13:03:52.872 INFO: JdwpDebugServer: handling req: ThreadReference(11).Status(4)
13:03:52.872 INFO: JdwpDebugServer: handling req: ThreadReference(11).Status(4)
13:03:52.873 INFO: JdwpDebugServer: handling req: ThreadReference(11).ThreadGroup(5)
13:03:52.873 INFO: JdwpDebugServer: handling req: ObjectReference(9).ReferenceType(1)
13:03:52.873 INFO: JdwpDebugServer: handling req: ObjectReference(9).GetValues(2)
13:03:52.874 INFO: JdwpDebugServer: handling req: ThreadReference(11).Status(4)
13:03:52.874 INFO: JdwpDebugServer: handling req: ThreadReference(11).Status(4)
13:03:52.874 INFO: JdwpDebugServer: handling req: ThreadReference(11).ThreadGroup(5)
13:03:52.875 INFO: JdwpDebugServer: handling req: ObjectReference(9).ReferenceType(1)
13:03:52.875 INFO: JdwpDebugServer: handling req: ObjectReference(9).GetValues(2)
13:03:52.875 INFO: JdwpDebugServer: handling req: ThreadReference(11).Status(4)
13:03:52.875 INFO: JdwpDebugServer: handling req: ThreadReference(11).Status(4)
13:03:52.876 INFO: JdwpDebugServer: handling req: ThreadReference(11).ThreadGroup(5)
13:03:52.876 INFO: JdwpDebugServer: handling req: ObjectReference(9).ReferenceType(1)
13:03:52.876 INFO: JdwpDebugServer: handling req: ObjectReference(9).GetValues(2)
13:03:52.877 INFO: JdwpDebugServer: handling req: ThreadReference(11).Status(4)
13:03:52.877 INFO: JdwpDebugServer: handling req: ThreadReference(11).Status(4)
13:03:52.879 INFO: JdwpDebugServer: handling req: EventRequest(15).Set(1)
13:03:52.879 INFO: JdwpEventCenterDelegate: jdwpSetEventRequest: JdwpEventRequest{requestId=104, eventKind=CLASS_PREPARE, suspendPolicy=EVENT_THREAD, predicates=[className=java.lang.Throwable]}
13:03:52.885 INFO: JdwpDebugServer: handling req: EventRequest(15).Set(1)
13:03:52.885 INFO: JdwpEventCenterDelegate: jdwpSetEventRequest: JdwpEventRequest{requestId=105, eventKind=CLASS_PREPARE, suspendPolicy=EVENT_THREAD, predicates=[className=java.lang.Throwable$*]}
13:03:52.887 INFO: JdwpDebugServer: handling req: VirtualMachine(1).ClassesBySignature(2)
13:03:52.887 INFO: JdwpDebugServer: handling req: ReferenceType(2).MethodsWithGeneric(15)
13:03:52.888 INFO: JdwpDebugServer: handling req: Method(6).LineTable(1)
13:03:52.889 INFO: JdwpDebugServer: handling req: Method(6).LineTable(1)
13:03:52.889 INFO: JdwpDebugServer: handling req: Method(6).LineTable(1)
13:03:52.889 INFO: JdwpDebugServer: handling req: Method(6).LineTable(1)
13:03:52.889 INFO: JdwpDebugServer: handling req: Method(6).LineTable(1)
13:03:52.890 INFO: JdwpDebugServer: handling req: Method(6).LineTable(1)
13:03:52.890 INFO: JdwpDebugServer: handling req: Method(6).LineTable(1)
13:03:52.890 INFO: JdwpDebugServer: handling req: Method(6).LineTable(1)
13:03:52.890 INFO: JdwpDebugServer: handling req: Method(6).LineTable(1)
13:03:52.890 INFO: JdwpDebugServer: handling req: Method(6).LineTable(1)
13:03:52.891 INFO: JdwpDebugServer: handling req: Method(6).LineTable(1)
13:03:52.891 INFO: JdwpDebugServer: handling req: Method(6).LineTable(1)
13:03:52.891 INFO: JdwpDebugServer: handling req: Method(6).LineTable(1)
13:03:52.891 INFO: JdwpDebugServer: handling req: Method(6).LineTable(1)
13:03:52.891 INFO: JdwpDebugServer: handling req: Method(6).LineTable(1)
13:03:52.891 INFO: JdwpDebugServer: handling req: Method(6).LineTable(1)
13:03:52.891 INFO: JdwpDebugServer: handling req: Method(6).LineTable(1)
13:03:52.892 INFO: JdwpDebugServer: handling req: Method(6).LineTable(1)
13:03:52.892 INFO: JdwpDebugServer: handling req: Method(6).LineTable(1)
13:03:52.892 INFO: JdwpDebugServer: handling req: Method(6).LineTable(1)
13:03:52.892 INFO: JdwpDebugServer: handling req: Method(6).LineTable(1)
13:03:52.892 INFO: JdwpDebugServer: handling req: Method(6).LineTable(1)
13:03:52.893 INFO: JdwpDebugServer: handling req: Method(6).LineTable(1)
13:03:52.893 INFO: JdwpDebugServer: handling req: Method(6).LineTable(1)
13:03:52.893 INFO: JdwpDebugServer: handling req: VirtualMachine(1).ClassesBySignature(2)
13:03:52.893 INFO: JdwpDebugServer: handling req: VirtualMachine(1).AllClassesWithGeneric(20)
13:03:52.908 INFO: JdwpDebugServer: handling req: EventRequest(15).Set(1)
13:03:52.908 INFO: JdwpEventCenterDelegate: jdwpSetEventRequest: JdwpEventRequest{requestId=106, eventKind=CLASS_PREPARE, suspendPolicy=EVENT_THREAD, predicates=[className=com.badlogic.gdx.utils.ScreenUtils]}
13:03:52.910 INFO: JdwpDebugServer: handling req: EventRequest(15).Set(1)
13:03:52.910 INFO: JdwpEventCenterDelegate: jdwpSetEventRequest: JdwpEventRequest{requestId=107, eventKind=CLASS_PREPARE, suspendPolicy=EVENT_THREAD, predicates=[className=com.badlogic.gdx.utils.ScreenUtils$*]}
13:03:52.911 INFO: JdwpDebugServer: handling req: VirtualMachine(1).ClassesBySignature(2)
13:03:52.911 INFO: JdwpDebugServer: handling req: ReferenceType(2).MethodsWithGeneric(15)
13:03:52.912 INFO: JdwpDebugServer: handling req: Method(6).LineTable(1)
13:03:52.912 INFO: JdwpDebugServer: handling req: Method(6).LineTable(1)
13:03:52.912 INFO: JdwpDebugServer: handling req: Method(6).LineTable(1)
13:03:52.912 INFO: JdwpDebugServer: handling req: Method(6).LineTable(1)
13:03:52.912 INFO: JdwpDebugServer: handling req: Method(6).LineTable(1)
13:03:52.913 INFO: JdwpDebugServer: handling req: Method(6).LineTable(1)
13:03:52.913 INFO: JdwpDebugServer: handling req: Method(6).LineTable(1)
13:03:52.913 INFO: JdwpDebugServer: handling req: Method(6).LineTable(1)
13:03:52.914 INFO: JdwpDebugServer: handling req: Method(6).LineTable(1)
13:03:52.914 INFO: JdwpDebugServer: handling req: Method(6).LineTable(1)
13:03:52.914 INFO: JdwpDebugServer: handling req: EventRequest(15).Set(1)
13:03:52.914 INFO: JdwpEventCenterDelegate: jdwpSetEventRequest: JdwpEventRequest{requestId=108, eventKind=BREAKPOINT, suspendPolicy=EVENT_THREAD, predicates=[Location{classId=22230, methodId=1272, index=89} ]}
13:03:52.917 INFO: JdwpDebugServer: handling req: EventRequest(15).Set(1)
13:03:52.917 INFO: JdwpEventCenterDelegate: jdwpSetEventRequest: JdwpEventRequest{requestId=109, eventKind=CLASS_PREPARE, suspendPolicy=EVENT_THREAD, predicates=[className=com.badlogic.gdx.utils.ScreenUtils]}
13:03:52.918 INFO: JdwpDebugServer: handling req: EventRequest(15).Set(1)
13:03:52.918 INFO: JdwpEventCenterDelegate: jdwpSetEventRequest: JdwpEventRequest{requestId=110, eventKind=CLASS_PREPARE, suspendPolicy=EVENT_THREAD, predicates=[className=com.badlogic.gdx.utils.ScreenUtils$*]}
13:03:52.919 INFO: JdwpDebugServer: handling req: VirtualMachine(1).ClassesBySignature(2)
13:03:52.920 INFO: JdwpDebugServer: handling req: EventRequest(15).Set(1)
13:03:52.920 INFO: JdwpEventCenterDelegate: jdwpSetEventRequest: JdwpEventRequest{requestId=111, eventKind=BREAKPOINT, suspendPolicy=EVENT_THREAD, predicates=[Location{classId=22230, methodId=1267, index=72} ]}
13:03:52.920 INFO: JdwpDebugServer: handling req: EventRequest(15).Set(1)
13:03:52.920 INFO: JdwpEventCenterDelegate: jdwpSetEventRequest: JdwpEventRequest{requestId=112, eventKind=CLASS_PREPARE, suspendPolicy=EVENT_THREAD, predicates=[className=com.abdalla.bushnaq.pluvia.engine.GameEngine]}
13:03:52.921 INFO: JdwpDebugServer: handling req: EventRequest(15).Set(1)
13:03:52.921 INFO: JdwpEventCenterDelegate: jdwpSetEventRequest: JdwpEventRequest{requestId=113, eventKind=CLASS_PREPARE, suspendPolicy=EVENT_THREAD, predicates=[className=com.abdalla.bushnaq.pluvia.engine.GameEngine$*]}
13:03:52.922 INFO: JdwpDebugServer: handling req: VirtualMachine(1).ClassesBySignature(2)
13:03:52.922 INFO: JdwpDebugServer: handling req: ReferenceType(2).MethodsWithGeneric(15)
13:03:52.923 INFO: JdwpDebugServer: handling req: Method(6).LineTable(1)
13:03:52.923 INFO: JdwpDebugServer: handling req: Method(6).LineTable(1)
13:03:52.923 INFO: JdwpDebugServer: handling req: Method(6).LineTable(1)
13:03:52.923 INFO: JdwpDebugServer: handling req: Method(6).LineTable(1)
13:03:52.923 INFO: JdwpDebugServer: handling req: Method(6).LineTable(1)
13:03:52.924 INFO: JdwpDebugServer: handling req: Method(6).LineTable(1)
13:03:52.924 INFO: JdwpDebugServer: handling req: Method(6).LineTable(1)
13:03:52.924 INFO: JdwpDebugServer: handling req: Method(6).LineTable(1)
13:03:52.924 INFO: JdwpDebugServer: handling req: Method(6).LineTable(1)
13:03:52.924 INFO: JdwpDebugServer: handling req: Method(6).LineTable(1)
13:03:52.924 INFO: JdwpDebugServer: handling req: Method(6).LineTable(1)
13:03:52.924 INFO: JdwpDebugServer: handling req: Method(6).LineTable(1)
13:03:52.925 INFO: JdwpDebugServer: handling req: Method(6).LineTable(1)
13:03:52.925 INFO: JdwpDebugServer: handling req: Method(6).LineTable(1)
13:03:52.925 INFO: JdwpDebugServer: handling req: Method(6).LineTable(1)
13:03:52.925 INFO: JdwpDebugServer: handling req: Method(6).LineTable(1)
13:03:52.925 INFO: JdwpDebugServer: handling req: Method(6).LineTable(1)
13:03:52.925 INFO: JdwpDebugServer: handling req: Method(6).LineTable(1)
13:03:52.926 INFO: JdwpDebugServer: handling req: Method(6).LineTable(1)
13:03:52.926 INFO: JdwpDebugServer: handling req: Method(6).LineTable(1)
13:03:52.926 INFO: JdwpDebugServer: handling req: Method(6).LineTable(1)
13:03:52.926 INFO: JdwpDebugServer: handling req: Method(6).LineTable(1)
13:03:52.926 INFO: JdwpDebugServer: handling req: Method(6).LineTable(1)
13:03:52.926 INFO: JdwpDebugServer: handling req: Method(6).LineTable(1)
13:03:52.926 INFO: JdwpDebugServer: handling req: Method(6).LineTable(1)
13:03:52.927 INFO: JdwpDebugServer: handling req: Method(6).LineTable(1)
13:03:52.927 INFO: JdwpDebugServer: handling req: Method(6).LineTable(1)
13:03:52.927 INFO: JdwpDebugServer: handling req: Method(6).LineTable(1)
13:03:52.927 INFO: JdwpDebugServer: handling req: Method(6).LineTable(1)
13:03:52.927 INFO: JdwpDebugServer: handling req: Method(6).LineTable(1)
13:03:52.927 INFO: JdwpDebugServer: handling req: Method(6).LineTable(1)
13:03:52.927 INFO: JdwpDebugServer: handling req: Method(6).LineTable(1)
13:03:52.928 INFO: JdwpDebugServer: handling req: EventRequest(15).Set(1)
13:03:52.928 INFO: JdwpEventCenterDelegate: jdwpSetEventRequest: JdwpEventRequest{requestId=114, eventKind=BREAKPOINT, suspendPolicy=EVENT_THREAD, predicates=[Location{classId=16855, methodId=1297, index=100} ]}
13:03:52.929 INFO: JdwpDebugServer: handling req: EventRequest(15).Set(1)
13:03:52.929 INFO: JdwpEventCenterDelegate: jdwpSetEventRequest: JdwpEventRequest{requestId=115, eventKind=CLASS_PREPARE, suspendPolicy=EVENT_THREAD, predicates=[className=com.abdalla.bushnaq.pluvia.launcher.IOSLauncher$PreLauncher]}
13:03:52.930 INFO: JdwpDebugServer: handling req: EventRequest(15).Set(1)
13:03:52.930 INFO: JdwpEventCenterDelegate: jdwpSetEventRequest: JdwpEventRequest{requestId=116, eventKind=CLASS_PREPARE, suspendPolicy=EVENT_THREAD, predicates=[className!=com.abdalla.bushnaq.pluvia.launcher.IOSLauncher$PreLauncher, className=com.abdalla.bushnaq.pluvia.launcher.IOSLauncher$*]}
13:03:52.931 INFO: JdwpDebugServer: handling req: VirtualMachine(1).ClassesBySignature(2)
13:03:52.931 INFO: JdwpDebugServer: handling req: ReferenceType(2).MethodsWithGeneric(15)
13:03:52.931 INFO: JdwpDebugServer: handling req: Method(6).LineTable(1)
13:03:52.932 INFO: JdwpDebugServer: handling req: Method(6).LineTable(1)
13:03:52.932 INFO: JdwpDebugServer: handling req: Method(6).LineTable(1)
13:03:52.932 INFO: JdwpDebugServer: handling req: Method(6).LineTable(1)
13:03:52.932 INFO: JdwpDebugServer: handling req: Method(6).LineTable(1)
13:03:52.932 INFO: JdwpDebugServer: handling req: Method(6).LineTable(1)
13:03:52.932 INFO: JdwpDebugServer: handling req: Method(6).LineTable(1)
13:03:52.932 INFO: JdwpDebugServer: handling req: EventRequest(15).Set(1)
13:03:52.932 INFO: JdwpEventCenterDelegate: jdwpSetEventRequest: JdwpEventRequest{requestId=117, eventKind=BREAKPOINT, suspendPolicy=EVENT_THREAD, predicates=[Location{classId=22365, methodId=1462, index=33} ]}
13:03:52.933 INFO: JdwpDebugServer: handling req: EventRequest(15).Set(1)
13:03:52.933 INFO: JdwpEventCenterDelegate: jdwpSetEventRequest: JdwpEventRequest{requestId=118, eventKind=CLASS_PREPARE, suspendPolicy=EVENT_THREAD, predicates=[className=com.abdalla.bushnaq.pluvia.launcher.IOSLauncher$PreLauncher]}
13:03:52.934 INFO: JdwpDebugServer: handling req: EventRequest(15).Set(1)
13:03:52.934 INFO: JdwpEventCenterDelegate: jdwpSetEventRequest: JdwpEventRequest{requestId=119, eventKind=CLASS_PREPARE, suspendPolicy=EVENT_THREAD, predicates=[className!=com.abdalla.bushnaq.pluvia.launcher.IOSLauncher$PreLauncher, className=com.abdalla.bushnaq.pluvia.launcher.IOSLauncher$*]}
13:03:52.935 INFO: JdwpDebugServer: handling req: VirtualMachine(1).ClassesBySignature(2)
13:03:52.935 INFO: JdwpDebugServer: handling req: EventRequest(15).Set(1)
13:03:52.935 INFO: JdwpEventCenterDelegate: jdwpSetEventRequest: JdwpEventRequest{requestId=120, eventKind=BREAKPOINT, suspendPolicy=EVENT_THREAD, predicates=[Location{classId=22365, methodId=1457, index=23} ]}
13:03:52.935 INFO: JdwpDebugServer: handling req: EventRequest(15).Set(1)
13:03:52.935 INFO: JdwpEventCenterDelegate: jdwpSetEventRequest: JdwpEventRequest{requestId=121, eventKind=CLASS_PREPARE, suspendPolicy=EVENT_THREAD, predicates=[className=com.abdalla.bushnaq.pluvia.launcher.IOSLauncher]}
13:03:52.936 INFO: JdwpDebugServer: handling req: EventRequest(15).Set(1)
13:03:52.936 INFO: JdwpEventCenterDelegate: jdwpSetEventRequest: JdwpEventRequest{requestId=122, eventKind=CLASS_PREPARE, suspendPolicy=EVENT_THREAD, predicates=[className=com.abdalla.bushnaq.pluvia.launcher.IOSLauncher$*]}
13:03:52.937 INFO: JdwpDebugServer: handling req: VirtualMachine(1).ClassesBySignature(2)
13:03:52.937 INFO: JdwpDebugServer: handling req: ReferenceType(2).MethodsWithGeneric(15)
13:03:52.937 INFO: JdwpDebugServer: handling req: Method(6).LineTable(1)
13:03:52.937 INFO: JdwpDebugServer: handling req: Method(6).LineTable(1)
13:03:52.938 INFO: JdwpDebugServer: handling req: Method(6).LineTable(1)
13:03:52.938 INFO: JdwpDebugServer: handling req: EventRequest(15).Set(1)
13:03:52.938 INFO: JdwpEventCenterDelegate: jdwpSetEventRequest: JdwpEventRequest{requestId=123, eventKind=BREAKPOINT, suspendPolicy=EVENT_THREAD, predicates=[Location{classId=12880, methodId=1502, index=70} ]}
13:03:52.938 INFO: JdwpDebugServer: handling req: EventRequest(15).Set(1)
13:03:52.938 INFO: JdwpEventCenterDelegate: jdwpSetEventRequest: JdwpEventRequest{requestId=124, eventKind=CLASS_PREPARE, suspendPolicy=EVENT_THREAD, predicates=[className=com.abdalla.bushnaq.pluvia.launcher.IOSLauncher]}
13:03:52.939 INFO: JdwpDebugServer: handling req: EventRequest(15).Set(1)
13:03:52.939 INFO: JdwpEventCenterDelegate: jdwpSetEventRequest: JdwpEventRequest{requestId=125, eventKind=CLASS_PREPARE, suspendPolicy=EVENT_THREAD, predicates=[className=com.abdalla.bushnaq.pluvia.launcher.IOSLauncher$*]}
13:03:52.940 INFO: JdwpDebugServer: handling req: VirtualMachine(1).ClassesBySignature(2)
13:03:52.940 INFO: JdwpDebugServer: handling req: EventRequest(15).Set(1)
13:03:52.940 INFO: JdwpEventCenterDelegate: jdwpSetEventRequest: JdwpEventRequest{requestId=126, eventKind=BREAKPOINT, suspendPolicy=EVENT_THREAD, predicates=[Location{classId=12880, methodId=1507, index=84} ]}
13:03:52.941 INFO: JdwpDebugServer: handling req: EventRequest(15).Set(1)
13:03:52.941 INFO: JdwpEventCenterDelegate: jdwpSetEventRequest: JdwpEventRequest{requestId=127, eventKind=CLASS_PREPARE, suspendPolicy=EVENT_THREAD, predicates=[className=com.abdalla.bushnaq.pluvia.launcher.IOSLauncher]}
13:03:52.941 INFO: JdwpDebugServer: handling req: EventRequest(15).Set(1)
13:03:52.941 INFO: JdwpEventCenterDelegate: jdwpSetEventRequest: JdwpEventRequest{requestId=128, eventKind=CLASS_PREPARE, suspendPolicy=EVENT_THREAD, predicates=[className=com.abdalla.bushnaq.pluvia.launcher.IOSLauncher$*]}
13:03:52.942 INFO: JdwpDebugServer: handling req: VirtualMachine(1).ClassesBySignature(2)
13:03:52.943 INFO: JdwpDebugServer: handling req: EventRequest(15).Set(1)
13:03:52.943 INFO: JdwpEventCenterDelegate: jdwpSetEventRequest: JdwpEventRequest{requestId=129, eventKind=BREAKPOINT, suspendPolicy=EVENT_THREAD, predicates=[Location{classId=12880, methodId=1502, index=68} ]}
13:03:52.943 INFO: JdwpDebugServer: handling req: EventRequest(15).Set(1)
13:03:52.943 INFO: JdwpEventCenterDelegate: jdwpSetEventRequest: JdwpEventRequest{requestId=130, eventKind=CLASS_PREPARE, suspendPolicy=EVENT_THREAD, predicates=[className=com.abdalla.bushnaq.pluvia.launcher.IOSLauncher]}
13:03:52.944 INFO: JdwpDebugServer: handling req: EventRequest(15).Set(1)
13:03:52.944 INFO: JdwpEventCenterDelegate: jdwpSetEventRequest: JdwpEventRequest{requestId=131, eventKind=CLASS_PREPARE, suspendPolicy=EVENT_THREAD, predicates=[className=com.abdalla.bushnaq.pluvia.launcher.IOSLauncher$*]}
13:03:52.945 INFO: JdwpDebugServer: handling req: VirtualMachine(1).ClassesBySignature(2)
13:03:52.945 INFO: JdwpDebugServer: handling req: EventRequest(15).Set(1)
13:03:52.945 INFO: JdwpEventCenterDelegate: jdwpSetEventRequest: JdwpEventRequest{requestId=132, eventKind=BREAKPOINT, suspendPolicy=EVENT_THREAD, predicates=[Location{classId=12880, methodId=1507, index=82} ]}
13:03:52.945 INFO: JdwpDebugServer: handling req: EventRequest(15).Set(1)
13:03:52.946 INFO: JdwpEventCenterDelegate: jdwpSetEventRequest: JdwpEventRequest{requestId=133, eventKind=CLASS_PREPARE, suspendPolicy=EVENT_THREAD, predicates=[className=com.abdalla.bushnaq.pluvia.launcher.IOSLauncher]}
13:03:52.946 INFO: JdwpDebugServer: handling req: EventRequest(15).Set(1)
13:03:52.946 INFO: JdwpEventCenterDelegate: jdwpSetEventRequest: JdwpEventRequest{requestId=134, eventKind=CLASS_PREPARE, suspendPolicy=EVENT_THREAD, predicates=[className=com.abdalla.bushnaq.pluvia.launcher.IOSLauncher$*]}
13:03:52.947 INFO: JdwpDebugServer: handling req: VirtualMachine(1).ClassesBySignature(2)
13:03:52.948 INFO: JdwpDebugServer: handling req: EventRequest(15).Set(1)
13:03:52.948 INFO: JdwpEventCenterDelegate: jdwpSetEventRequest: JdwpEventRequest{requestId=135, eventKind=BREAKPOINT, suspendPolicy=EVENT_THREAD, predicates=[Location{classId=12880, methodId=1507, index=83} ]}
13:03:52.948 INFO: JdwpDebugServer: handling req: EventRequest(15).Set(1)
13:03:52.948 INFO: JdwpEventCenterDelegate: jdwpSetEventRequest: JdwpEventRequest{requestId=136, eventKind=CLASS_PREPARE, suspendPolicy=EVENT_THREAD, predicates=[className=com.abdalla.bushnaq.pluvia.launcher.IOSLauncher$PreLauncher]}
13:03:52.949 INFO: JdwpDebugServer: handling req: EventRequest(15).Set(1)
13:03:52.949 INFO: JdwpEventCenterDelegate: jdwpSetEventRequest: JdwpEventRequest{requestId=137, eventKind=CLASS_PREPARE, suspendPolicy=EVENT_THREAD, predicates=[className!=com.abdalla.bushnaq.pluvia.launcher.IOSLauncher$PreLauncher, className=com.abdalla.bushnaq.pluvia.launcher.IOSLauncher$*]}
13:03:52.950 INFO: JdwpDebugServer: handling req: VirtualMachine(1).ClassesBySignature(2)
13:03:52.950 INFO: JdwpDebugServer: handling req: EventRequest(15).Set(1)
13:03:52.950 INFO: JdwpEventCenterDelegate: jdwpSetEventRequest: JdwpEventRequest{requestId=138, eventKind=BREAKPOINT, suspendPolicy=EVENT_THREAD, predicates=[Location{classId=22365, methodId=1457, index=20} ]}
13:03:52.951 INFO: JdwpDebugServer: handling req: VirtualMachine(1).capabilitiesNew(17)
13:03:52.952 INFO: JdwpDebugServer: handling req: EventRequest(15).Set(1)
13:03:52.952 INFO: JdwpEventCenterDelegate: jdwpSetEventRequest: JdwpEventRequest{requestId=139, eventKind=CLASS_PREPARE, suspendPolicy=EVENT_THREAD, predicates=[className=java.lang.Error]}
13:03:52.954 INFO: JdwpDebugServer: handling req: EventRequest(15).Set(1)
13:03:52.954 INFO: JdwpEventCenterDelegate: jdwpSetEventRequest: JdwpEventRequest{requestId=140, eventKind=CLASS_PREPARE, suspendPolicy=EVENT_THREAD, predicates=[className=java.lang.Error$*]}
13:03:52.955 INFO: JdwpDebugServer: handling req: VirtualMachine(1).ClassesBySignature(2)
13:03:52.955 INFO: JdwpDebugServer: handling req: EventRequest(15).Set(1)
13:03:52.955 INFO: JdwpEventCenterDelegate: jdwpSetEventRequest: JdwpEventRequest{requestId=141, eventKind=EXCEPTION, suspendPolicy=EVENT_THREAD, predicates=[exceptionType=3425(caught=true, uncaught=true)]}
13:03:52.997 INFO: JdwpDebugServer: handling req: EventRequest(15).Set(1)
13:03:52.998 INFO: JdwpEventCenterDelegate: jdwpSetEventRequest: JdwpEventRequest{requestId=142, eventKind=CLASS_PREPARE, suspendPolicy=EVENT_THREAD, predicates=[className=java.lang.Throwable]}
13:03:53.000 INFO: JdwpDebugServer: handling req: EventRequest(15).Set(1)
13:03:53.002 INFO: JdwpEventCenterDelegate: jdwpSetEventRequest: JdwpEventRequest{requestId=143, eventKind=CLASS_PREPARE, suspendPolicy=EVENT_THREAD, predicates=[className=java.lang.Throwable$*]}
13:03:53.004 INFO: JdwpDebugServer: handling req: VirtualMachine(1).ClassesBySignature(2)
13:03:53.005 INFO: JdwpDebugServer: handling req: EventRequest(15).Set(1)
13:03:53.005 INFO: JdwpEventCenterDelegate: jdwpSetEventRequest: JdwpEventRequest{requestId=144, eventKind=EXCEPTION, suspendPolicy=EVENT_THREAD, predicates=[exceptionType=7695(caught=false, uncaught=true)]}
13:03:53.006 INFO: JdwpDebugServer: handling req: ThreadReference(11).SuspendCount(12)
13:03:53.007 INFO: JdwpDebugServer: handling req: ThreadReference(11).SuspendCount(12)
13:03:53.007 INFO: JdwpDebugServer: handling req: ThreadReference(11).SuspendCount(12)
13:03:53.007 INFO: JdwpDebugServer: handling req: ThreadReference(11).SuspendCount(12)
13:03:53.007 INFO: JdwpDebugServer: handling req: VirtualMachine(1).AllThreads(4)
13:03:53.007 INFO: JdwpDebugServer: handling req: VirtualMachine(1).Resume(9)
13:03:53.050 INFO: JdwpDebugServer: handling req: EventRequest(15).Set(1)
13:03:53.050 INFO: JdwpEventCenterDelegate: jdwpSetEventRequest: JdwpEventRequest{requestId=145, eventKind=BREAKPOINT, suspendPolicy=EVENT_THREAD, predicates=[Location{classId=12880, methodId=1502, index=70} ]}
13:03:53.053 INFO: JdwpDebugServer: handling req: EventRequest(15).Set(1)
13:03:53.053 INFO: JdwpEventCenterDelegate: jdwpSetEventRequest: JdwpEventRequest{requestId=146, eventKind=BREAKPOINT, suspendPolicy=EVENT_THREAD, predicates=[Location{classId=12880, methodId=1507, index=84} ]}
13:03:53.054 INFO: JdwpDebugServer: handling req: EventRequest(15).Set(1)
13:03:53.054 INFO: JdwpEventCenterDelegate: jdwpSetEventRequest: JdwpEventRequest{requestId=147, eventKind=BREAKPOINT, suspendPolicy=EVENT_THREAD, predicates=[Location{classId=12880, methodId=1502, index=68} ]}
13:03:53.056 INFO: JdwpDebugServer: handling req: EventRequest(15).Set(1)
13:03:53.056 INFO: JdwpEventCenterDelegate: jdwpSetEventRequest: JdwpEventRequest{requestId=148, eventKind=BREAKPOINT, suspendPolicy=EVENT_THREAD, predicates=[Location{classId=12880, methodId=1507, index=82} ]}
13:03:53.057 INFO: JdwpDebugServer: handling req: EventRequest(15).Set(1)
13:03:53.057 INFO: JdwpEventCenterDelegate: jdwpSetEventRequest: JdwpEventRequest{requestId=149, eventKind=BREAKPOINT, suspendPolicy=EVENT_THREAD, predicates=[Location{classId=12880, methodId=1507, index=83} ]}
13:03:53.058 INFO: JdwpDebugServer: handling req: ThreadReference(11).Resume(3)
13:03:53.058 INFO: JdwpEventCenterDelegate: THREAD_RESUMED: thread (33, main, main)
13:03:53.082 INFO: JdwpEventCenterDelegate: THREAD_RESUMED: thread (33, main, main)
13:03:53.082 INFO: JdwpEventCenterDelegate: THREAD_RESUMED: thread (33, main, main)
13:03:53.083 INFO: JdwpEventCenterDelegate: THREAD_RESUMED: thread (33, main, main)
13:03:53.084 INFO: JdwpEventCenterDelegate: THREAD_RESUMED: thread (33, main, main)
13:03:53.084 INFO: JdwpEventCenterDelegate: THREAD_RESUMED: thread (33, main, main)
13:03:53.085 INFO: JdwpEventCenterDelegate: THREAD_RESUMED: thread (33, main, main)
13:03:53.085 INFO: JdwpEventCenterDelegate: THREAD_RESUMED: thread (33, main, main)
13:03:53.087 INFO: JdwpEventCenterDelegate: THREAD_RESUMED: thread (33, main, main)
13:03:53.088 INFO: JdwpEventCenterDelegate: THREAD_RESUMED: thread (33, main, main)
13:03:53.088 INFO: JdwpEventCenterDelegate: THREAD_RESUMED: thread (33, main, main)
13:03:53.091 INFO: JdwpEventCenterDelegate: THREAD_RESUMED: thread (33, main, main)
13:03:53.096 INFO: JdwpEventCenterDelegate: THREAD_RESUMED: thread (33, main, main)
13:03:53.097 INFO: JdwpEventCenterDelegate: THREAD_RESUMED: thread (33, main, main)
13:03:53.097 INFO: JdwpEventCenterDelegate: THREAD_RESUMED: thread (33, main, main)
13:03:53.120 INFO: JdwpDebugServer: handling req: EventRequest(15).Set(1)
13:03:53.120 INFO: JdwpEventCenterDelegate: jdwpSetEventRequest: JdwpEventRequest{requestId=150, eventKind=BREAKPOINT, suspendPolicy=EVENT_THREAD, predicates=[Location{classId=22365, methodId=1462, index=33} ]}
13:03:53.122 INFO: JdwpDebugServer: handling req: EventRequest(15).Set(1)
13:03:53.122 INFO: JdwpEventCenterDelegate: jdwpSetEventRequest: JdwpEventRequest{requestId=151, eventKind=BREAKPOINT, suspendPolicy=EVENT_THREAD, predicates=[Location{classId=22365, methodId=1457, index=23} ]}
13:03:53.123 INFO: JdwpDebugServer: handling req: EventRequest(15).Set(1)
13:03:53.123 INFO: JdwpEventCenterDelegate: jdwpSetEventRequest: JdwpEventRequest{requestId=152, eventKind=BREAKPOINT, suspendPolicy=EVENT_THREAD, predicates=[Location{classId=22365, methodId=1457, index=20} ]}
13:03:53.124 INFO: JdwpDebugServer: handling req: ThreadReference(11).Resume(3)
13:03:53.124 INFO: JdwpEventCenterDelegate: THREAD_RESUMED: thread (33, main, main)
13:03:53.167 INFO: JdwpDebugServer: handling req: ThreadReference(11).Frames(6)
13:03:53.468 INFO: JdwpDebugServer: handling req: ThreadReference(11).FramesCount(7)
13:03:53.468 INFO: JdwpDebugServer: handling req: ThreadReference(11).FramesCount(7)
13:03:53.948 INFO: JdwpDebugServer: handling req: ReferenceType(2).SignatureWithGeneric(13)
13:03:53.953 INFO: JdwpDebugServer: handling req: ThreadReference(11).Name(1)
13:03:53.955 INFO: JdwpDebugServer: handling req: ThreadReference(11).Name(1)
13:03:53.956 INFO: JdwpDebugServer: handling req: ThreadReference(11).Name(1)
13:03:53.956 INFO: JdwpDebugServer: handling req: ThreadReference(11).Name(1)
13:03:53.957 INFO: JdwpDebugServer: handling req: ThreadReference(11).Name(1)
13:03:53.957 INFO: JdwpDebugServer: handling req: ThreadReference(11).Name(1)
13:03:53.973 INFO: JdwpDebugServer: handling req: ReferenceType(2).FieldsWithGeneric(14)
13:03:53.973 INFO: JdwpDebugServer: handling req: ReferenceType(2).Interfaces(10)
13:03:53.973 INFO: JdwpDebugServer: handling req: ClassType(3).Superclass(1)
13:03:53.973 INFO: JdwpDebugServer: handling req: ReferenceType(2).FieldsWithGeneric(14)
13:03:53.974 INFO: JdwpDebugServer: handling req: ReferenceType(2).Interfaces(10)
13:03:53.974 INFO: JdwpDebugServer: handling req: ClassType(3).Superclass(1)
13:03:53.974 INFO: JdwpDebugServer: handling req: ReferenceType(2).FieldsWithGeneric(14)
13:03:53.974 INFO: JdwpDebugServer: handling req: ReferenceType(2).Interfaces(10)
13:03:53.974 INFO: JdwpDebugServer: handling req: ReferenceType(2).FieldsWithGeneric(14)
13:03:53.974 INFO: JdwpDebugServer: handling req: ReferenceType(2).Interfaces(10)
13:03:53.974 INFO: JdwpDebugServer: handling req: ReferenceType(2).FieldsWithGeneric(14)
13:03:53.975 INFO: JdwpDebugServer: handling req: ReferenceType(2).Interfaces(10)
13:03:53.975 INFO: JdwpDebugServer: handling req: ReferenceType(2).FieldsWithGeneric(14)
13:03:53.975 INFO: JdwpDebugServer: handling req: ReferenceType(2).Interfaces(10)
13:03:53.975 INFO: JdwpDebugServer: handling req: ClassType(3).Superclass(1)
13:03:53.975 INFO: JdwpDebugServer: handling req: ReferenceType(2).FieldsWithGeneric(14)
13:03:53.975 INFO: JdwpDebugServer: handling req: ReferenceType(2).Interfaces(10)
13:03:53.975 INFO: JdwpDebugServer: handling req: ClassType(3).Superclass(1)
13:03:53.975 INFO: JdwpDebugServer: handling req: ReferenceType(2).FieldsWithGeneric(14)
13:03:53.976 INFO: JdwpDebugServer: handling req: ReferenceType(2).Interfaces(10)
13:03:53.976 INFO: JdwpDebugServer: handling req: ClassType(3).Superclass(1)
13:03:53.976 INFO: JdwpDebugServer: handling req: ReferenceType(2).FieldsWithGeneric(14)
13:03:53.976 INFO: JdwpDebugServer: handling req: ReferenceType(2).Interfaces(10)
13:03:53.976 INFO: JdwpDebugServer: handling req: ClassType(3).Superclass(1)
13:03:53.976 INFO: JdwpDebugServer: handling req: ClassType(3).Superclass(1)
13:03:53.977 INFO: JdwpDebugServer: handling req: Method(6).VariableTableWithGenerics(5)
13:03:53.992 INFO: JdwpDebugServer: handling req: ReferenceType(2).SourceFile(7)
13:03:54.018 INFO: JdwpDebugServer: handling req: StackFrame(16).GetValues(1)
13:03:54.020 INFO: JdwpDebugServer: handling req: StackFrame(16).GetValues(1)
13:03:54.020 INFO: JdwpDebugServer: handling req: StackFrame(16).GetValues(1)
13:03:54.020 INFO: JdwpDebugServer: handling req: ArrayReference(13).Length(1)
13:03:54.020 INFO: JdwpDebugServer: handling req: ObjectReference(9).ReferenceType(1)
13:03:54.020 INFO: JdwpDebugServer: handling req: StackFrame(16).GetValues(1)
13:03:54.021 INFO: JdwpDebugServer: handling req: ObjectReference(9).ReferenceType(1)
13:03:54.021 INFO: JdwpDebugServer: handling req: StackFrame(16).GetValues(1)
13:03:54.021 INFO: JdwpDebugServer: handling req: ReferenceType(2).FieldsWithGeneric(14)
13:03:54.021 INFO: JdwpDebugServer: handling req: StackFrame(16).GetValues(1)
13:03:54.021 INFO: JdwpDebugServer: handling req: ReferenceType(2).Interfaces(10)
13:03:54.021 INFO: JdwpDebugServer: handling req: ReferenceType(2).FieldsWithGeneric(14)
13:03:54.021 INFO: JdwpDebugServer: handling req: StackFrame(16).GetValues(1)
13:03:54.022 INFO: JdwpDebugServer: handling req: ReferenceType(2).Interfaces(10)
13:03:54.022 INFO: JdwpDebugServer: handling req: ReferenceType(2).Signature(1)
13:03:54.022 INFO: JdwpDebugServer: handling req: ClassType(3).Superclass(1)
13:03:54.022 INFO: JdwpDebugServer: handling req: ReferenceType(2).ClassLoader(2)
13:03:54.022 INFO: JdwpDebugServer: handling req: VirtualMachine(1).ClassesBySignature(2)
13:03:54.022 INFO: JdwpDebugServer: handling req: ReferenceType(2).ClassLoader(2)
13:03:54.022 INFO: JdwpDebugServer: handling req: StackFrame(16).GetValues(1)
13:03:54.023 INFO: JdwpDebugServer: handling req: StackFrame(16).GetValues(1)
13:03:54.023 INFO: JdwpDebugServer: handling req: StackFrame(16).GetValues(1)
13:03:54.023 INFO: JdwpDebugServer: handling req: StackFrame(16).GetValues(1)
13:03:54.023 INFO: JdwpDebugServer: handling req: ClassType(3).Superclass(1)
13:03:54.024 INFO: JdwpDebugServer: handling req: ClassType(3).Superclass(1)
13:03:54.024 INFO: JdwpDebugServer: handling req: StackFrame(16).GetValues(1)
13:03:54.024 INFO: JdwpDebugServer: handling req: StackFrame(16).GetValues(1)
13:03:54.024 INFO: JdwpDebugServer: handling req: StackFrame(16).GetValues(1)
13:03:54.024 INFO: JdwpDebugServer: handling req: StackFrame(16).GetValues(1)
13:03:54.025 INFO: JdwpDebugServer: handling req: StackFrame(16).GetValues(1)
13:03:54.040 INFO: JdwpDebugServer: handling req: ThreadReference(11).FramesCount(7)
13:03:54.042 INFO: JdwpDebugServer: handling req: ThreadReference(11).Name(1)
13:03:54.042 INFO: JdwpDebugServer: handling req: ThreadReference(11).FramesCount(7)
13:03:54.043 INFO: JdwpDebugServer: handling req: ThreadReference(11).Name(1)
13:03:54.043 INFO: JdwpDebugServer: handling req: ThreadReference(11).Name(1)
13:03:54.043 INFO: JdwpDebugServer: handling req: ThreadReference(11).Name(1)
13:04:02.513 INFO: JdwpDebugServer: handling req: ThreadReference(11).Resume(3)
13:04:02.515 INFO: JdwpEventCenterDelegate: THREAD_RESUMED: thread (33, main, main)
13:04:02.521 INFO: JdwpEventCenterDelegate: THREAD_RESUMED: thread (33, main, main)
13:04:02.522 INFO: JdwpEventCenterDelegate: THREAD_RESUMED: thread (33, main, main)
13:04:02.523 INFO: JdwpEventCenterDelegate: THREAD_RESUMED: thread (33, main, main)
13:04:02.538 INFO: JdwpDebugServer: handling req: ThreadReference(11).Name(1)
13:04:02.539 INFO: JdwpEventCenterDelegate: THREAD_RESUMED: thread (33, main, main)
13:04:02.539 INFO: JdwpDebugServer: handling req: ThreadReference(11).Name(1)
13:04:02.540 INFO: JdwpEventCenterDelegate: THREAD_RESUMED: thread (33, main, main)
13:04:02.540 INFO: JdwpDebugServer: handling req: ThreadReference(11).Name(1)
13:04:02.540 INFO: JdwpEventCenterDelegate: THREAD_RESUMED: thread (33, main, main)
13:04:02.605 INFO: JdwpDebugServer: handling req: ThreadReference(11).Name(1)
13:04:02.733 INFO: JdwpEventCenterDelegate: THREAD_RESUMED: thread (33, main, main)
13:04:02.733 INFO: JdwpEventCenterDelegate: THREAD_RESUMED: thread (33, main, main)
13:04:02.734 INFO: JdwpEventCenterDelegate: THREAD_RESUMED: thread (33, main, main)
13:04:02.734 INFO: JdwpEventCenterDelegate: THREAD_DETTACHED: thread (33, main, main)
13:04:02.749 SEVERE: Debugger: Thread HooksChannel socket thread crashed
org.robovm.debugger.DebuggerException: java.nio.BufferUnderflowException
	at org.robovm.debugger.hooks.HooksChannel.doSocketWork(HooksChannel.java:149)
	at java.base/java.lang.Thread.run(Thread.java:833)
	at org.robovm.debugger.utils.DebuggerThread.run(DebuggerThread.java:42)
Caused by: java.nio.BufferUnderflowException
	at org.robovm.debugger.utils.bytebuffer.DataBufferWriter.writeFromStream(DataBufferWriter.java:91)
	at org.robovm.debugger.hooks.HooksChannel.doSocketWork(HooksChannel.java:116)
	... 2 more
13:04:03.264 SEVERE: Debugger: Thread JDWP server socket thread crashed
org.robovm.debugger.DebuggerException: java.net.SocketException: Socket closed
	at org.robovm.debugger.jdwp.JdwpDebugServer.doSocketWork(JdwpDebugServer.java:215)
	at java.base/java.lang.Thread.run(Thread.java:833)
	at org.robovm.debugger.utils.DebuggerThread.run(DebuggerThread.java:42)
Caused by: java.net.SocketException: Socket closed
	at java.base/sun.nio.ch.NioSocketImpl.endRead(NioSocketImpl.java:248)
	at java.base/sun.nio.ch.NioSocketImpl.implRead(NioSocketImpl.java:327)
	at java.base/sun.nio.ch.NioSocketImpl.read(NioSocketImpl.java:350)
	at java.base/sun.nio.ch.NioSocketImpl$1.read(NioSocketImpl.java:803)
	at java.base/java.net.Socket$SocketInputStream.read(Socket.java:966)
	at org.robovm.debugger.utils.bytebuffer.DataBufferWriter.writeFromStream(DataBufferWriter.java:89)
	at org.robovm.debugger.jdwp.protocol.JdwpRequestHeader.readFromStream(JdwpRequestHeader.java:36)
	at org.robovm.debugger.jdwp.JdwpDebugServer.doSocketWork(JdwpDebugServer.java:185)
	... 2 more
