09:26:33.147 INFO: JdwpEventCenterDelegate: THREAD_STARTED: thread (33, main, main)
09:26:33.222 INFO: JdwpEventCenterDelegate: THREAD_STARTED: thread (48, ReferenceQueueDaemon, main)
09:26:33.222 INFO: JdwpEventCenterDelegate: THREAD_STARTED: thread (63, FinalizerDaemon, main)
09:26:33.223 INFO: JdwpEventCenterDelegate: THREAD_STARTED: thread (78, FinalizerWatchdogDaemon, main)
09:26:35.082 INFO: JdwpDebugServer: handling req: VirtualMachine(1).IDSizes(7)
09:26:35.083 INFO: JdwpDebugServer: handling req: EventRequest(15).Set(1)
09:26:35.085 INFO: JdwpEventCenterDelegate: jdwpSetEventRequest: JdwpEventRequest{requestId=100, eventKind=CLASS_UNLOAD, suspendPolicy=NONE, predicates=[]}
09:26:35.085 INFO: JdwpDebugServer: handling req: EventRequest(15).Set(1)
09:26:35.085 INFO: JdwpEventCenterDelegate: jdwpSetEventRequest: JdwpEventRequest{requestId=101, eventKind=THREAD_START, suspendPolicy=NONE, predicates=[]}
09:26:35.086 INFO: JdwpDebugServer: handling req: VirtualMachine(1).ClassesBySignature(2)
09:26:35.088 INFO: JdwpDebugServer: handling req: VirtualMachine(1).Version(1)
09:26:35.089 INFO: JdwpDebugServer: handling req: ReferenceType(2).MethodsWithGeneric(15)
09:26:35.090 INFO: JdwpDebugServer: handling req: Method(6).LineTable(1)
09:26:35.091 INFO: JdwpDebugServer: handling req: EventRequest(15).Set(1)
09:26:35.092 INFO: JdwpEventCenterDelegate: jdwpSetEventRequest: JdwpEventRequest{requestId=102, eventKind=BREAKPOINT, suspendPolicy=NONE, predicates=[Location{classId=845, methodId=257, index=928} ]}
09:26:35.092 INFO: JdwpDebugServer: handling req: EventRequest(15).Set(1)
09:26:35.092 INFO: JdwpEventCenterDelegate: jdwpSetEventRequest: JdwpEventRequest{requestId=103, eventKind=THREAD_DEATH, suspendPolicy=NONE, predicates=[]}
09:26:35.093 INFO: JdwpDebugServer: handling req: VirtualMachine(1).AllThreads(4)
09:26:35.093 INFO: JdwpDebugServer: handling req: ThreadReference(11).ThreadGroup(5)
09:26:35.093 INFO: JdwpDebugServer: handling req: ThreadGroup(12).Name(1)
09:26:35.094 INFO: JdwpDebugServer: handling req: ThreadGroup(12).Parent(2)
09:26:35.094 INFO: JdwpDebugServer: handling req: ObjectReference(9).ReferenceType(1)
09:26:35.094 INFO: JdwpDebugServer: handling req: ReferenceType(2).FieldsWithGeneric(14)
09:26:35.095 INFO: JdwpDebugServer: handling req: ReferenceType(2).Interfaces(10)
09:26:35.096 INFO: JdwpDebugServer: handling req: ReferenceType(2).FieldsWithGeneric(14)
09:26:35.096 INFO: JdwpDebugServer: handling req: ReferenceType(2).Interfaces(10)
09:26:35.096 INFO: JdwpDebugServer: handling req: ClassType(3).Superclass(1)
09:26:35.096 INFO: JdwpDebugServer: handling req: ReferenceType(2).FieldsWithGeneric(14)
09:26:35.097 INFO: JdwpDebugServer: handling req: ReferenceType(2).Interfaces(10)
09:26:35.097 INFO: JdwpDebugServer: handling req: ClassType(3).Superclass(1)
09:26:35.097 INFO: JdwpDebugServer: handling req: ObjectReference(9).GetValues(2)
09:26:35.099 INFO: JdwpDebugServer: handling req: ThreadReference(11).Status(4)
09:26:35.099 INFO: JdwpDebugServer: handling req: ThreadReference(11).Status(4)
09:26:35.099 INFO: JdwpDebugServer: handling req: ThreadReference(11).ThreadGroup(5)
09:26:35.099 INFO: JdwpDebugServer: handling req: ObjectReference(9).ReferenceType(1)
09:26:35.100 INFO: JdwpDebugServer: handling req: ObjectReference(9).GetValues(2)
09:26:35.100 INFO: JdwpDebugServer: handling req: ThreadReference(11).Status(4)
09:26:35.101 INFO: JdwpDebugServer: handling req: ThreadReference(11).Status(4)
09:26:35.101 INFO: JdwpDebugServer: handling req: ThreadReference(11).ThreadGroup(5)
09:26:35.101 INFO: JdwpDebugServer: handling req: ObjectReference(9).ReferenceType(1)
09:26:35.101 INFO: JdwpDebugServer: handling req: ObjectReference(9).GetValues(2)
09:26:35.101 INFO: JdwpDebugServer: handling req: ThreadReference(11).Status(4)
09:26:35.101 INFO: JdwpDebugServer: handling req: ThreadReference(11).Status(4)
09:26:35.102 INFO: JdwpDebugServer: handling req: ThreadReference(11).ThreadGroup(5)
09:26:35.102 INFO: JdwpDebugServer: handling req: ObjectReference(9).ReferenceType(1)
09:26:35.102 INFO: JdwpDebugServer: handling req: ObjectReference(9).GetValues(2)
09:26:35.102 INFO: JdwpDebugServer: handling req: ThreadReference(11).Status(4)
09:26:35.102 INFO: JdwpDebugServer: handling req: ThreadReference(11).Status(4)
09:26:35.105 INFO: JdwpDebugServer: handling req: EventRequest(15).Set(1)
09:26:35.105 INFO: JdwpEventCenterDelegate: jdwpSetEventRequest: JdwpEventRequest{requestId=104, eventKind=CLASS_PREPARE, suspendPolicy=EVENT_THREAD, predicates=[className=com.badlogic.gdx.graphics.g2d.PolygonSpriteBatch]}
09:26:35.109 INFO: JdwpDebugServer: handling req: EventRequest(15).Set(1)
09:26:35.109 INFO: JdwpEventCenterDelegate: jdwpSetEventRequest: JdwpEventRequest{requestId=105, eventKind=CLASS_PREPARE, suspendPolicy=EVENT_THREAD, predicates=[className=com.badlogic.gdx.graphics.g2d.PolygonSpriteBatch$*]}
09:26:35.110 INFO: JdwpDebugServer: handling req: VirtualMachine(1).ClassesBySignature(2)
09:26:35.111 INFO: JdwpDebugServer: handling req: ReferenceType(2).MethodsWithGeneric(15)
09:26:35.112 INFO: JdwpDebugServer: handling req: Method(6).LineTable(1)
09:26:35.112 INFO: JdwpDebugServer: handling req: Method(6).LineTable(1)
09:26:35.112 INFO: JdwpDebugServer: handling req: Method(6).LineTable(1)
09:26:35.112 INFO: JdwpDebugServer: handling req: Method(6).LineTable(1)
09:26:35.113 INFO: JdwpDebugServer: handling req: Method(6).LineTable(1)
09:26:35.113 INFO: JdwpDebugServer: handling req: Method(6).LineTable(1)
09:26:35.113 INFO: JdwpDebugServer: handling req: Method(6).LineTable(1)
09:26:35.113 INFO: JdwpDebugServer: handling req: Method(6).LineTable(1)
09:26:35.113 INFO: JdwpDebugServer: handling req: Method(6).LineTable(1)
09:26:35.114 INFO: JdwpDebugServer: handling req: Method(6).LineTable(1)
09:26:35.114 INFO: JdwpDebugServer: handling req: Method(6).LineTable(1)
09:26:35.114 INFO: JdwpDebugServer: handling req: Method(6).LineTable(1)
09:26:35.114 INFO: JdwpDebugServer: handling req: Method(6).LineTable(1)
09:26:35.114 INFO: JdwpDebugServer: handling req: Method(6).LineTable(1)
09:26:35.114 INFO: JdwpDebugServer: handling req: Method(6).LineTable(1)
09:26:35.114 INFO: JdwpDebugServer: handling req: Method(6).LineTable(1)
09:26:35.115 INFO: JdwpDebugServer: handling req: Method(6).LineTable(1)
09:26:35.115 INFO: JdwpDebugServer: handling req: Method(6).LineTable(1)
09:26:35.115 INFO: JdwpDebugServer: handling req: Method(6).LineTable(1)
09:26:35.115 INFO: JdwpDebugServer: handling req: Method(6).LineTable(1)
09:26:35.115 INFO: JdwpDebugServer: handling req: Method(6).LineTable(1)
09:26:35.115 INFO: JdwpDebugServer: handling req: Method(6).LineTable(1)
09:26:35.116 INFO: JdwpDebugServer: handling req: Method(6).LineTable(1)
09:26:35.116 INFO: JdwpDebugServer: handling req: Method(6).LineTable(1)
09:26:35.116 INFO: JdwpDebugServer: handling req: Method(6).LineTable(1)
09:26:35.116 INFO: JdwpDebugServer: handling req: Method(6).LineTable(1)
09:26:35.116 INFO: JdwpDebugServer: handling req: Method(6).LineTable(1)
09:26:35.117 INFO: JdwpDebugServer: handling req: Method(6).LineTable(1)
09:26:35.117 INFO: JdwpDebugServer: handling req: Method(6).LineTable(1)
09:26:35.117 INFO: JdwpDebugServer: handling req: Method(6).LineTable(1)
09:26:35.117 INFO: JdwpDebugServer: handling req: Method(6).LineTable(1)
09:26:35.117 INFO: JdwpDebugServer: handling req: Method(6).LineTable(1)
09:26:35.118 INFO: JdwpDebugServer: handling req: Method(6).LineTable(1)
09:26:35.118 INFO: JdwpDebugServer: handling req: Method(6).LineTable(1)
09:26:35.118 INFO: JdwpDebugServer: handling req: Method(6).LineTable(1)
09:26:35.118 INFO: JdwpDebugServer: handling req: Method(6).LineTable(1)
09:26:35.118 INFO: JdwpDebugServer: handling req: Method(6).LineTable(1)
09:26:35.118 INFO: JdwpDebugServer: handling req: Method(6).LineTable(1)
09:26:35.119 INFO: JdwpDebugServer: handling req: Method(6).LineTable(1)
09:26:35.119 INFO: JdwpDebugServer: handling req: Method(6).LineTable(1)
09:26:35.119 INFO: JdwpDebugServer: handling req: Method(6).LineTable(1)
09:26:35.119 INFO: JdwpDebugServer: handling req: Method(6).LineTable(1)
09:26:35.119 INFO: JdwpDebugServer: handling req: Method(6).LineTable(1)
09:26:35.119 INFO: JdwpDebugServer: handling req: Method(6).LineTable(1)
09:26:35.120 INFO: JdwpDebugServer: handling req: Method(6).LineTable(1)
09:26:35.120 INFO: JdwpDebugServer: handling req: Method(6).LineTable(1)
09:26:35.120 INFO: JdwpDebugServer: handling req: Method(6).LineTable(1)
09:26:35.120 INFO: JdwpDebugServer: handling req: EventRequest(15).Set(1)
09:26:35.120 INFO: JdwpEventCenterDelegate: jdwpSetEventRequest: JdwpEventRequest{requestId=106, eventKind=BREAKPOINT, suspendPolicy=EVENT_THREAD, predicates=[Location{classId=15500, methodId=1122, index=142} ]}
09:26:35.121 INFO: JdwpDebugServer: handling req: ReferenceType(2).Signature(1)
09:26:35.124 INFO: JdwpDebugServer: handling req: EventRequest(15).Set(1)
09:26:35.124 INFO: JdwpEventCenterDelegate: jdwpSetEventRequest: JdwpEventRequest{requestId=107, eventKind=CLASS_PREPARE, suspendPolicy=EVENT_THREAD, predicates=[className=com.badlogic.gdx.graphics.g2d.SpriteBatch]}
09:26:35.126 INFO: JdwpDebugServer: handling req: EventRequest(15).Set(1)
09:26:35.126 INFO: JdwpEventCenterDelegate: jdwpSetEventRequest: JdwpEventRequest{requestId=108, eventKind=CLASS_PREPARE, suspendPolicy=EVENT_THREAD, predicates=[className=com.badlogic.gdx.graphics.g2d.SpriteBatch$*]}
09:26:35.127 INFO: JdwpDebugServer: handling req: VirtualMachine(1).ClassesBySignature(2)
09:26:35.127 INFO: JdwpDebugServer: handling req: ReferenceType(2).MethodsWithGeneric(15)
09:26:35.127 INFO: JdwpDebugServer: handling req: Method(6).LineTable(1)
09:26:35.128 INFO: JdwpDebugServer: handling req: Method(6).LineTable(1)
09:26:35.128 INFO: JdwpDebugServer: handling req: Method(6).LineTable(1)
09:26:35.128 INFO: JdwpDebugServer: handling req: Method(6).LineTable(1)
09:26:35.128 INFO: JdwpDebugServer: handling req: Method(6).LineTable(1)
09:26:35.128 INFO: JdwpDebugServer: handling req: Method(6).LineTable(1)
09:26:35.129 INFO: JdwpDebugServer: handling req: Method(6).LineTable(1)
09:26:35.129 INFO: JdwpDebugServer: handling req: Method(6).LineTable(1)
09:26:35.129 INFO: JdwpDebugServer: handling req: Method(6).LineTable(1)
09:26:35.129 INFO: JdwpDebugServer: handling req: Method(6).LineTable(1)
09:26:35.129 INFO: JdwpDebugServer: handling req: Method(6).LineTable(1)
09:26:35.129 INFO: JdwpDebugServer: handling req: Method(6).LineTable(1)
09:26:35.130 INFO: JdwpDebugServer: handling req: Method(6).LineTable(1)
09:26:35.130 INFO: JdwpDebugServer: handling req: Method(6).LineTable(1)
09:26:35.130 INFO: JdwpDebugServer: handling req: Method(6).LineTable(1)
09:26:35.130 INFO: JdwpDebugServer: handling req: Method(6).LineTable(1)
09:26:35.130 INFO: JdwpDebugServer: handling req: Method(6).LineTable(1)
09:26:35.130 INFO: JdwpDebugServer: handling req: Method(6).LineTable(1)
09:26:35.131 INFO: JdwpDebugServer: handling req: Method(6).LineTable(1)
09:26:35.131 INFO: JdwpDebugServer: handling req: Method(6).LineTable(1)
09:26:35.131 INFO: JdwpDebugServer: handling req: Method(6).LineTable(1)
09:26:35.131 INFO: JdwpDebugServer: handling req: Method(6).LineTable(1)
09:26:35.131 INFO: JdwpDebugServer: handling req: Method(6).LineTable(1)
09:26:35.131 INFO: JdwpDebugServer: handling req: Method(6).LineTable(1)
09:26:35.132 INFO: JdwpDebugServer: handling req: Method(6).LineTable(1)
09:26:35.132 INFO: JdwpDebugServer: handling req: Method(6).LineTable(1)
09:26:35.132 INFO: JdwpDebugServer: handling req: Method(6).LineTable(1)
09:26:35.132 INFO: JdwpDebugServer: handling req: Method(6).LineTable(1)
09:26:35.132 INFO: JdwpDebugServer: handling req: Method(6).LineTable(1)
09:26:35.132 INFO: JdwpDebugServer: handling req: Method(6).LineTable(1)
09:26:35.132 INFO: JdwpDebugServer: handling req: Method(6).LineTable(1)
09:26:35.133 INFO: JdwpDebugServer: handling req: Method(6).LineTable(1)
09:26:35.133 INFO: JdwpDebugServer: handling req: Method(6).LineTable(1)
09:26:35.133 INFO: JdwpDebugServer: handling req: Method(6).LineTable(1)
09:26:35.133 INFO: JdwpDebugServer: handling req: Method(6).LineTable(1)
09:26:35.133 INFO: JdwpDebugServer: handling req: Method(6).LineTable(1)
09:26:35.133 INFO: JdwpDebugServer: handling req: Method(6).LineTable(1)
09:26:35.133 INFO: JdwpDebugServer: handling req: Method(6).LineTable(1)
09:26:35.134 INFO: JdwpDebugServer: handling req: Method(6).LineTable(1)
09:26:35.134 INFO: JdwpDebugServer: handling req: Method(6).LineTable(1)
09:26:35.134 INFO: JdwpDebugServer: handling req: Method(6).LineTable(1)
09:26:35.134 INFO: JdwpDebugServer: handling req: Method(6).LineTable(1)
09:26:35.134 INFO: JdwpDebugServer: handling req: Method(6).LineTable(1)
09:26:35.134 INFO: JdwpDebugServer: handling req: Method(6).LineTable(1)
09:26:35.135 INFO: JdwpDebugServer: handling req: EventRequest(15).Set(1)
09:26:35.135 INFO: JdwpEventCenterDelegate: jdwpSetEventRequest: JdwpEventRequest{requestId=109, eventKind=BREAKPOINT, suspendPolicy=EVENT_THREAD, predicates=[Location{classId=18040, methodId=1357, index=163} ]}
09:26:35.135 INFO: JdwpDebugServer: handling req: ReferenceType(2).Signature(1)
09:26:35.135 INFO: JdwpDebugServer: handling req: EventRequest(15).Set(1)
09:26:35.135 INFO: JdwpEventCenterDelegate: jdwpSetEventRequest: JdwpEventRequest{requestId=110, eventKind=CLASS_PREPARE, suspendPolicy=EVENT_THREAD, predicates=[className=com.badlogic.gdx.graphics.g2d.PolygonSpriteBatch]}
09:26:35.137 INFO: JdwpDebugServer: handling req: EventRequest(15).Set(1)
09:26:35.137 INFO: JdwpEventCenterDelegate: jdwpSetEventRequest: JdwpEventRequest{requestId=111, eventKind=CLASS_PREPARE, suspendPolicy=EVENT_THREAD, predicates=[className=com.badlogic.gdx.graphics.g2d.PolygonSpriteBatch$*]}
09:26:35.137 INFO: JdwpDebugServer: handling req: VirtualMachine(1).ClassesBySignature(2)
09:26:35.138 INFO: JdwpDebugServer: handling req: EventRequest(15).Set(1)
09:26:35.138 INFO: JdwpEventCenterDelegate: jdwpSetEventRequest: JdwpEventRequest{requestId=112, eventKind=BREAKPOINT, suspendPolicy=EVENT_THREAD, predicates=[Location{classId=15500, methodId=1122, index=141} ]}
09:26:35.138 INFO: JdwpDebugServer: handling req: EventRequest(15).Set(1)
09:26:35.138 INFO: JdwpEventCenterDelegate: jdwpSetEventRequest: JdwpEventRequest{requestId=113, eventKind=CLASS_PREPARE, suspendPolicy=EVENT_THREAD, predicates=[className=java.lang.Throwable]}
09:26:35.138 INFO: JdwpDebugServer: handling req: EventRequest(15).Set(1)
09:26:35.138 INFO: JdwpEventCenterDelegate: jdwpSetEventRequest: JdwpEventRequest{requestId=114, eventKind=CLASS_PREPARE, suspendPolicy=EVENT_THREAD, predicates=[className=java.lang.Throwable$*]}
09:26:35.139 INFO: JdwpDebugServer: handling req: VirtualMachine(1).ClassesBySignature(2)
09:26:35.139 INFO: JdwpDebugServer: handling req: ReferenceType(2).MethodsWithGeneric(15)
09:26:35.140 INFO: JdwpDebugServer: handling req: Method(6).LineTable(1)
09:26:35.140 INFO: JdwpDebugServer: handling req: Method(6).LineTable(1)
09:26:35.140 INFO: JdwpDebugServer: handling req: Method(6).LineTable(1)
09:26:35.140 INFO: JdwpDebugServer: handling req: Method(6).LineTable(1)
09:26:35.140 INFO: JdwpDebugServer: handling req: Method(6).LineTable(1)
09:26:35.140 INFO: JdwpDebugServer: handling req: Method(6).LineTable(1)
09:26:35.140 INFO: JdwpDebugServer: handling req: Method(6).LineTable(1)
09:26:35.140 INFO: JdwpDebugServer: handling req: Method(6).LineTable(1)
09:26:35.140 INFO: JdwpDebugServer: handling req: Method(6).LineTable(1)
09:26:35.141 INFO: JdwpDebugServer: handling req: Method(6).LineTable(1)
09:26:35.141 INFO: JdwpDebugServer: handling req: Method(6).LineTable(1)
09:26:35.141 INFO: JdwpDebugServer: handling req: Method(6).LineTable(1)
09:26:35.141 INFO: JdwpDebugServer: handling req: Method(6).LineTable(1)
09:26:35.141 INFO: JdwpDebugServer: handling req: Method(6).LineTable(1)
09:26:35.141 INFO: JdwpDebugServer: handling req: Method(6).LineTable(1)
09:26:35.141 INFO: JdwpDebugServer: handling req: Method(6).LineTable(1)
09:26:35.141 INFO: JdwpDebugServer: handling req: Method(6).LineTable(1)
09:26:35.141 INFO: JdwpDebugServer: handling req: Method(6).LineTable(1)
09:26:35.142 INFO: JdwpDebugServer: handling req: Method(6).LineTable(1)
09:26:35.142 INFO: JdwpDebugServer: handling req: Method(6).LineTable(1)
09:26:35.142 INFO: JdwpDebugServer: handling req: Method(6).LineTable(1)
09:26:35.142 INFO: JdwpDebugServer: handling req: Method(6).LineTable(1)
09:26:35.142 INFO: JdwpDebugServer: handling req: Method(6).LineTable(1)
09:26:35.142 INFO: JdwpDebugServer: handling req: Method(6).LineTable(1)
09:26:35.142 INFO: JdwpDebugServer: handling req: VirtualMachine(1).ClassesBySignature(2)
09:26:35.143 INFO: JdwpDebugServer: handling req: VirtualMachine(1).AllClassesWithGeneric(20)
09:26:35.158 INFO: JdwpDebugServer: handling req: EventRequest(15).Set(1)
09:26:35.158 INFO: JdwpEventCenterDelegate: jdwpSetEventRequest: JdwpEventRequest{requestId=115, eventKind=CLASS_PREPARE, suspendPolicy=EVENT_THREAD, predicates=[className=com.badlogic.gdx.utils.ScreenUtils]}
09:26:35.159 INFO: JdwpDebugServer: handling req: EventRequest(15).Set(1)
09:26:35.159 INFO: JdwpEventCenterDelegate: jdwpSetEventRequest: JdwpEventRequest{requestId=116, eventKind=CLASS_PREPARE, suspendPolicy=EVENT_THREAD, predicates=[className=com.badlogic.gdx.utils.ScreenUtils$*]}
09:26:35.160 INFO: JdwpDebugServer: handling req: VirtualMachine(1).ClassesBySignature(2)
09:26:35.160 INFO: JdwpDebugServer: handling req: ReferenceType(2).MethodsWithGeneric(15)
09:26:35.161 INFO: JdwpDebugServer: handling req: Method(6).LineTable(1)
09:26:35.161 INFO: JdwpDebugServer: handling req: Method(6).LineTable(1)
09:26:35.161 INFO: JdwpDebugServer: handling req: Method(6).LineTable(1)
09:26:35.161 INFO: JdwpDebugServer: handling req: Method(6).LineTable(1)
09:26:35.161 INFO: JdwpDebugServer: handling req: Method(6).LineTable(1)
09:26:35.161 INFO: JdwpDebugServer: handling req: Method(6).LineTable(1)
09:26:35.161 INFO: JdwpDebugServer: handling req: Method(6).LineTable(1)
09:26:35.162 INFO: JdwpDebugServer: handling req: Method(6).LineTable(1)
09:26:35.162 INFO: JdwpDebugServer: handling req: Method(6).LineTable(1)
09:26:35.162 INFO: JdwpDebugServer: handling req: Method(6).LineTable(1)
09:26:35.162 INFO: JdwpDebugServer: handling req: EventRequest(15).Set(1)
09:26:35.162 INFO: JdwpEventCenterDelegate: jdwpSetEventRequest: JdwpEventRequest{requestId=117, eventKind=BREAKPOINT, suspendPolicy=EVENT_THREAD, predicates=[Location{classId=22240, methodId=1727, index=89} ]}
09:26:35.163 INFO: JdwpDebugServer: handling req: EventRequest(15).Set(1)
09:26:35.163 INFO: JdwpEventCenterDelegate: jdwpSetEventRequest: JdwpEventRequest{requestId=118, eventKind=CLASS_PREPARE, suspendPolicy=EVENT_THREAD, predicates=[className=com.badlogic.gdx.utils.ScreenUtils]}
09:26:35.163 INFO: JdwpDebugServer: handling req: EventRequest(15).Set(1)
09:26:35.163 INFO: JdwpEventCenterDelegate: jdwpSetEventRequest: JdwpEventRequest{requestId=119, eventKind=CLASS_PREPARE, suspendPolicy=EVENT_THREAD, predicates=[className=com.badlogic.gdx.utils.ScreenUtils$*]}
09:26:35.164 INFO: JdwpDebugServer: handling req: VirtualMachine(1).ClassesBySignature(2)
09:26:35.164 INFO: JdwpDebugServer: handling req: EventRequest(15).Set(1)
09:26:35.164 INFO: JdwpEventCenterDelegate: jdwpSetEventRequest: JdwpEventRequest{requestId=120, eventKind=BREAKPOINT, suspendPolicy=EVENT_THREAD, predicates=[Location{classId=22240, methodId=1722, index=72} ]}
09:26:35.165 INFO: JdwpDebugServer: handling req: EventRequest(15).Set(1)
09:26:35.165 INFO: JdwpEventCenterDelegate: jdwpSetEventRequest: JdwpEventRequest{requestId=121, eventKind=CLASS_PREPARE, suspendPolicy=EVENT_THREAD, predicates=[className=com.scottlogic.util.ShaderProgramFactory]}
09:26:35.165 INFO: JdwpDebugServer: handling req: EventRequest(15).Set(1)
09:26:35.165 INFO: JdwpEventCenterDelegate: jdwpSetEventRequest: JdwpEventRequest{requestId=122, eventKind=CLASS_PREPARE, suspendPolicy=EVENT_THREAD, predicates=[className=com.scottlogic.util.ShaderProgramFactory$*]}
09:26:35.167 INFO: JdwpDebugServer: handling req: VirtualMachine(1).ClassesBySignature(2)
09:26:35.167 INFO: JdwpDebugServer: handling req: ReferenceType(2).MethodsWithGeneric(15)
09:26:35.167 INFO: JdwpDebugServer: handling req: Method(6).LineTable(1)
09:26:35.167 INFO: JdwpDebugServer: handling req: Method(6).LineTable(1)
09:26:35.167 INFO: JdwpDebugServer: handling req: Method(6).LineTable(1)
09:26:35.167 INFO: JdwpDebugServer: handling req: Method(6).LineTable(1)
09:26:35.167 INFO: JdwpDebugServer: handling req: Method(6).LineTable(1)
09:26:35.167 INFO: JdwpDebugServer: handling req: EventRequest(15).Set(1)
09:26:35.167 INFO: JdwpEventCenterDelegate: jdwpSetEventRequest: JdwpEventRequest{requestId=123, eventKind=BREAKPOINT, suspendPolicy=EVENT_THREAD, predicates=[Location{classId=20400, methodId=1762, index=106} ]}
09:26:35.168 INFO: JdwpDebugServer: handling req: EventRequest(15).Set(1)
09:26:35.168 INFO: JdwpEventCenterDelegate: jdwpSetEventRequest: JdwpEventRequest{requestId=124, eventKind=CLASS_PREPARE, suspendPolicy=EVENT_THREAD, predicates=[className=com.abdalla.bushnaq.pluvia.launcher.IOSLauncher]}
09:26:35.168 INFO: JdwpDebugServer: handling req: EventRequest(15).Set(1)
09:26:35.168 INFO: JdwpEventCenterDelegate: jdwpSetEventRequest: JdwpEventRequest{requestId=125, eventKind=CLASS_PREPARE, suspendPolicy=EVENT_THREAD, predicates=[className=com.abdalla.bushnaq.pluvia.launcher.IOSLauncher$*]}
09:26:35.169 INFO: JdwpDebugServer: handling req: VirtualMachine(1).ClassesBySignature(2)
09:26:35.169 INFO: JdwpDebugServer: handling req: ReferenceType(2).MethodsWithGeneric(15)
09:26:35.169 INFO: JdwpDebugServer: handling req: Method(6).LineTable(1)
09:26:35.170 INFO: JdwpDebugServer: handling req: Method(6).LineTable(1)
09:26:35.170 INFO: JdwpDebugServer: handling req: Method(6).LineTable(1)
09:26:35.170 INFO: JdwpDebugServer: handling req: Method(6).LineTable(1)
09:26:35.170 INFO: JdwpDebugServer: handling req: EventRequest(15).Set(1)
09:26:35.170 INFO: JdwpEventCenterDelegate: jdwpSetEventRequest: JdwpEventRequest{requestId=126, eventKind=BREAKPOINT, suspendPolicy=EVENT_THREAD, predicates=[Location{classId=12885, methodId=1787, index=74} ]}
09:26:35.171 INFO: JdwpDebugServer: handling req: VirtualMachine(1).capabilitiesNew(17)
09:26:35.175 INFO: JdwpDebugServer: handling req: EventRequest(15).Set(1)
09:26:35.175 INFO: JdwpEventCenterDelegate: jdwpSetEventRequest: JdwpEventRequest{requestId=127, eventKind=CLASS_PREPARE, suspendPolicy=EVENT_THREAD, predicates=[className=java.lang.Error]}
09:26:35.176 INFO: JdwpDebugServer: handling req: EventRequest(15).Set(1)
09:26:35.176 INFO: JdwpEventCenterDelegate: jdwpSetEventRequest: JdwpEventRequest{requestId=128, eventKind=CLASS_PREPARE, suspendPolicy=EVENT_THREAD, predicates=[className=java.lang.Error$*]}
09:26:35.177 INFO: JdwpDebugServer: handling req: VirtualMachine(1).ClassesBySignature(2)
09:26:35.177 INFO: JdwpDebugServer: handling req: EventRequest(15).Set(1)
09:26:35.178 INFO: JdwpEventCenterDelegate: jdwpSetEventRequest: JdwpEventRequest{requestId=129, eventKind=EXCEPTION, suspendPolicy=EVENT_THREAD, predicates=[exceptionType=3425(caught=true, uncaught=true)]}
09:26:35.230 INFO: JdwpDebugServer: handling req: EventRequest(15).Set(1)
09:26:35.230 INFO: JdwpEventCenterDelegate: jdwpSetEventRequest: JdwpEventRequest{requestId=130, eventKind=CLASS_PREPARE, suspendPolicy=EVENT_THREAD, predicates=[className=java.lang.Throwable]}
09:26:35.232 INFO: JdwpDebugServer: handling req: EventRequest(15).Set(1)
09:26:35.232 INFO: JdwpEventCenterDelegate: jdwpSetEventRequest: JdwpEventRequest{requestId=131, eventKind=CLASS_PREPARE, suspendPolicy=EVENT_THREAD, predicates=[className=java.lang.Throwable$*]}
09:26:35.233 INFO: JdwpDebugServer: handling req: VirtualMachine(1).ClassesBySignature(2)
09:26:35.233 INFO: JdwpDebugServer: handling req: EventRequest(15).Set(1)
09:26:35.233 INFO: JdwpEventCenterDelegate: jdwpSetEventRequest: JdwpEventRequest{requestId=132, eventKind=EXCEPTION, suspendPolicy=EVENT_THREAD, predicates=[exceptionType=7695(caught=false, uncaught=true)]}
09:26:35.236 INFO: JdwpDebugServer: handling req: ThreadReference(11).SuspendCount(12)
09:26:35.236 INFO: JdwpDebugServer: handling req: ThreadReference(11).SuspendCount(12)
09:26:35.236 INFO: JdwpDebugServer: handling req: ThreadReference(11).SuspendCount(12)
09:26:35.236 INFO: JdwpDebugServer: handling req: ThreadReference(11).SuspendCount(12)
09:26:35.236 INFO: JdwpDebugServer: handling req: VirtualMachine(1).AllThreads(4)
09:26:35.236 INFO: JdwpDebugServer: handling req: VirtualMachine(1).Resume(9)
09:26:35.282 INFO: JdwpDebugServer: handling req: EventRequest(15).Set(1)
09:26:35.282 INFO: JdwpEventCenterDelegate: jdwpSetEventRequest: JdwpEventRequest{requestId=133, eventKind=BREAKPOINT, suspendPolicy=EVENT_THREAD, predicates=[Location{classId=12885, methodId=1787, index=74} ]}
09:26:35.284 INFO: JdwpDebugServer: handling req: ThreadReference(11).Resume(3)
09:26:35.285 INFO: JdwpEventCenterDelegate: THREAD_RESUMED: thread (33, main, main)
09:26:35.308 INFO: JdwpEventCenterDelegate: THREAD_RESUMED: thread (33, main, main)
09:26:35.309 INFO: JdwpEventCenterDelegate: THREAD_RESUMED: thread (33, main, main)
09:26:35.310 INFO: JdwpEventCenterDelegate: THREAD_RESUMED: thread (33, main, main)
09:26:35.310 INFO: JdwpEventCenterDelegate: THREAD_RESUMED: thread (33, main, main)
09:26:35.310 INFO: JdwpEventCenterDelegate: THREAD_RESUMED: thread (33, main, main)
09:26:35.311 INFO: JdwpEventCenterDelegate: THREAD_RESUMED: thread (33, main, main)
09:26:35.311 INFO: JdwpEventCenterDelegate: THREAD_RESUMED: thread (33, main, main)
09:26:35.313 INFO: JdwpEventCenterDelegate: THREAD_RESUMED: thread (33, main, main)
09:26:35.313 INFO: JdwpEventCenterDelegate: THREAD_RESUMED: thread (33, main, main)
09:26:35.314 INFO: JdwpEventCenterDelegate: THREAD_RESUMED: thread (33, main, main)
09:26:35.314 INFO: JdwpEventCenterDelegate: THREAD_RESUMED: thread (33, main, main)
09:26:35.320 INFO: JdwpEventCenterDelegate: THREAD_RESUMED: thread (33, main, main)
09:26:35.320 INFO: JdwpEventCenterDelegate: THREAD_RESUMED: thread (33, main, main)
09:26:35.320 INFO: JdwpEventCenterDelegate: THREAD_RESUMED: thread (33, main, main)
09:26:35.380 INFO: JdwpEventCenterDelegate: THREAD_RESUMED: thread (33, main, main)
09:26:35.380 INFO: JdwpEventCenterDelegate: THREAD_RESUMED: thread (33, main, main)
09:26:35.380 INFO: JdwpEventCenterDelegate: THREAD_RESUMED: thread (33, main, main)
09:26:35.387 INFO: JdwpEventCenterDelegate: THREAD_RESUMED: thread (33, main, main)
09:26:35.387 INFO: JdwpEventCenterDelegate: THREAD_RESUMED: thread (33, main, main)
09:26:35.388 INFO: JdwpEventCenterDelegate: THREAD_RESUMED: thread (33, main, main)
09:26:35.642 INFO: JdwpEventCenterDelegate: THREAD_RESUMED: thread (33, main, main)
09:26:35.642 INFO: JdwpEventCenterDelegate: THREAD_RESUMED: thread (33, main, main)
09:26:35.643 INFO: JdwpEventCenterDelegate: THREAD_RESUMED: thread (33, main, main)
09:26:35.705 INFO: JdwpEventCenterDelegate: THREAD_RESUMED: thread (33, main, main)
09:26:35.706 INFO: JdwpEventCenterDelegate: THREAD_RESUMED: thread (33, main, main)
09:26:35.707 INFO: JdwpEventCenterDelegate: THREAD_RESUMED: thread (33, main, main)
09:26:35.732 INFO: JdwpEventCenterDelegate: THREAD_RESUMED: thread (33, main, main)
09:26:35.732 INFO: JdwpEventCenterDelegate: THREAD_RESUMED: thread (33, main, main)
09:26:35.733 INFO: JdwpEventCenterDelegate: THREAD_RESUMED: thread (33, main, main)
09:26:35.746 INFO: JdwpDebugServer: handling req: ThreadReference(11).Name(1)
09:26:35.747 INFO: JdwpDebugServer: handling req: ThreadReference(11).Name(1)
09:26:35.747 INFO: JdwpDebugServer: handling req: ThreadReference(11).Name(1)
09:26:35.748 INFO: JdwpDebugServer: handling req: ThreadReference(11).Name(1)
09:26:35.757 INFO: JdwpEventCenterDelegate: THREAD_RESUMED: thread (33, main, main)
09:26:35.758 INFO: JdwpEventCenterDelegate: THREAD_RESUMED: thread (33, main, main)
09:26:35.758 INFO: JdwpEventCenterDelegate: THREAD_RESUMED: thread (33, main, main)
09:26:35.759 INFO: JdwpEventCenterDelegate: THREAD_RESUMED: thread (33, main, main)
09:26:35.765 INFO: JdwpEventCenterDelegate: THREAD_RESUMED: thread (33, main, main)
09:26:35.766 INFO: JdwpEventCenterDelegate: THREAD_RESUMED: thread (33, main, main)
09:26:36.293 INFO: JdwpEventCenterDelegate: THREAD_RESUMED: thread (33, main, main)
09:26:36.293 INFO: JdwpEventCenterDelegate: THREAD_RESUMED: thread (33, main, main)
09:26:36.316 INFO: JdwpEventCenterDelegate: THREAD_RESUMED: thread (33, main, main)
09:26:36.316 INFO: JdwpEventCenterDelegate: THREAD_RESUMED: thread (33, main, main)
09:26:36.317 INFO: JdwpEventCenterDelegate: THREAD_RESUMED: thread (33, main, main)
09:26:36.317 INFO: JdwpEventCenterDelegate: THREAD_RESUMED: thread (33, main, main)
09:26:36.385 INFO: JdwpEventCenterDelegate: THREAD_RESUMED: thread (33, main, main)
09:26:36.749 INFO: JdwpDebugServer: handling req: EventRequest(15).Set(1)
09:26:36.750 INFO: JdwpEventCenterDelegate: jdwpSetEventRequest: JdwpEventRequest{requestId=134, eventKind=BREAKPOINT, suspendPolicy=EVENT_THREAD, predicates=[Location{classId=15500, methodId=1122, index=142} ]}
09:26:36.751 INFO: JdwpDebugServer: handling req: EventRequest(15).Set(1)
09:26:36.751 INFO: JdwpEventCenterDelegate: jdwpSetEventRequest: JdwpEventRequest{requestId=135, eventKind=BREAKPOINT, suspendPolicy=EVENT_THREAD, predicates=[Location{classId=15500, methodId=1122, index=141} ]}
09:26:36.753 INFO: JdwpDebugServer: handling req: ThreadReference(11).Resume(3)
09:26:36.754 INFO: JdwpEventCenterDelegate: THREAD_RESUMED: thread (33, main, main)
09:26:36.755 INFO: JdwpEventCenterDelegate: THREAD_RESUMED: thread (33, main, main)
09:26:36.756 INFO: JdwpEventCenterDelegate: THREAD_RESUMED: thread (33, main, main)
09:26:36.757 INFO: JdwpEventCenterDelegate: THREAD_RESUMED: thread (33, main, main)
09:26:36.758 INFO: JdwpEventCenterDelegate: THREAD_RESUMED: thread (33, main, main)
09:26:36.759 INFO: JdwpEventCenterDelegate: THREAD_RESUMED: thread (33, main, main)
09:26:36.760 INFO: JdwpEventCenterDelegate: THREAD_RESUMED: thread (33, main, main)
09:26:36.761 INFO: JdwpDebugServer: handling req: EventRequest(15).Set(1)
09:26:36.761 INFO: JdwpEventCenterDelegate: jdwpSetEventRequest: JdwpEventRequest{requestId=136, eventKind=BREAKPOINT, suspendPolicy=EVENT_THREAD, predicates=[Location{classId=20400, methodId=1762, index=106} ]}
09:26:36.766 INFO: JdwpDebugServer: handling req: ThreadReference(11).Resume(3)
09:26:36.766 INFO: JdwpEventCenterDelegate: THREAD_RESUMED: thread (33, main, main)
09:26:36.810 INFO: JdwpDebugServer: handling req: ThreadReference(11).Frames(6)
09:26:36.811 INFO: JdwpDebugServer: handling req: ReferenceType(2).MethodsWithGeneric(15)
09:26:36.811 INFO: JdwpDebugServer: handling req: ReferenceType(2).MethodsWithGeneric(15)
09:26:36.812 INFO: JdwpDebugServer: handling req: ReferenceType(2).MethodsWithGeneric(15)
09:26:36.812 INFO: JdwpDebugServer: handling req: ReferenceType(2).MethodsWithGeneric(15)
09:26:36.812 INFO: JdwpDebugServer: handling req: ReferenceType(2).MethodsWithGeneric(15)
09:26:36.813 INFO: JdwpDebugServer: handling req: ReferenceType(2).MethodsWithGeneric(15)
09:26:36.817 INFO: JdwpDebugServer: handling req: ThreadReference(11).FramesCount(7)
09:26:36.818 INFO: JdwpDebugServer: handling req: ThreadReference(11).FramesCount(7)
09:26:37.588 INFO: JdwpDebugServer: handling req: ReferenceType(2).SourceFile(7)
09:26:37.691 INFO: JdwpDebugServer: handling req: ReferenceType(2).SignatureWithGeneric(13)
09:26:37.696 INFO: JdwpDebugServer: handling req: ThreadReference(11).Name(1)
09:26:37.704 INFO: JdwpDebugServer: handling req: ThreadReference(11).Name(1)
09:26:37.704 INFO: JdwpDebugServer: handling req: ThreadReference(11).Name(1)
09:26:37.704 INFO: JdwpDebugServer: handling req: ThreadReference(11).Name(1)
09:26:37.704 INFO: JdwpDebugServer: handling req: ThreadReference(11).Name(1)
09:26:37.739 INFO: JdwpDebugServer: handling req: ReferenceType(2).FieldsWithGeneric(14)
09:26:37.739 INFO: JdwpDebugServer: handling req: ReferenceType(2).Interfaces(10)
09:26:37.739 INFO: JdwpDebugServer: handling req: ClassType(3).Superclass(1)
09:26:37.739 INFO: JdwpDebugServer: handling req: ClassType(3).Superclass(1)
09:26:37.740 INFO: JdwpDebugServer: handling req: Method(6).VariableTableWithGenerics(5)
09:26:38.020 INFO: JdwpDebugServer: handling req: StackFrame(16).GetValues(1)
09:26:38.022 INFO: JdwpDebugServer: handling req: StackFrame(16).GetValues(1)
09:26:38.022 INFO: JdwpDebugServer: handling req: ObjectReference(9).ReferenceType(1)
09:26:38.022 INFO: JdwpDebugServer: handling req: StackFrame(16).GetValues(1)
09:26:38.023 INFO: JdwpDebugServer: handling req: ReferenceType(2).FieldsWithGeneric(14)
09:26:38.023 INFO: JdwpDebugServer: handling req: ReferenceType(2).Interfaces(10)
09:26:38.024 INFO: JdwpDebugServer: handling req: ReferenceType(2).FieldsWithGeneric(14)
09:26:38.024 INFO: JdwpDebugServer: handling req: ClassType(3).Superclass(1)
09:26:38.024 INFO: JdwpDebugServer: handling req: ReferenceType(2).Interfaces(10)
09:26:38.024 INFO: JdwpDebugServer: handling req: ReferenceType(2).FieldsWithGeneric(14)
09:26:38.024 INFO: JdwpDebugServer: handling req: ClassType(3).Superclass(1)
09:26:38.024 INFO: JdwpDebugServer: handling req: ReferenceType(2).Interfaces(10)
09:26:38.024 INFO: JdwpDebugServer: handling req: ReferenceType(2).Interfaces(10)
09:26:38.024 INFO: JdwpDebugServer: handling req: ReferenceType(2).FieldsWithGeneric(14)
09:26:38.024 INFO: JdwpDebugServer: handling req: ReferenceType(2).Interfaces(10)
09:26:38.024 INFO: JdwpDebugServer: handling req: ReferenceType(2).Interfaces(10)
09:26:38.025 INFO: JdwpDebugServer: handling req: ClassType(3).Superclass(1)
09:26:38.025 INFO: JdwpDebugServer: handling req: StackFrame(16).GetValues(1)
09:26:38.025 INFO: JdwpDebugServer: handling req: ObjectReference(9).ReferenceType(1)
09:26:38.025 INFO: JdwpDebugServer: handling req: StackFrame(16).GetValues(1)
09:26:38.026 INFO: JdwpDebugServer: handling req: StackFrame(16).GetValues(1)
09:26:38.026 INFO: JdwpDebugServer: handling req: StackFrame(16).GetValues(1)
09:26:38.026 INFO: JdwpDebugServer: handling req: StackFrame(16).GetValues(1)
09:26:38.027 INFO: JdwpDebugServer: handling req: StackFrame(16).GetValues(1)
09:26:38.027 INFO: JdwpDebugServer: handling req: StringReference(10).Value(1)
09:26:38.028 INFO: JdwpDebugServer: handling req: StackFrame(16).GetValues(1)
09:26:38.029 INFO: JdwpDebugServer: handling req: StackFrame(16).GetValues(1)
09:26:38.029 INFO: JdwpDebugServer: handling req: StackFrame(16).GetValues(1)
09:26:38.030 INFO: JdwpDebugServer: handling req: StackFrame(16).GetValues(1)
09:26:38.030 INFO: JdwpDebugServer: handling req: StackFrame(16).GetValues(1)
09:26:38.030 INFO: JdwpDebugServer: handling req: ObjectReference(9).ReferenceType(1)
09:26:38.030 INFO: JdwpDebugServer: handling req: StackFrame(16).GetValues(1)
09:26:38.031 INFO: JdwpDebugServer: handling req: ReferenceType(2).FieldsWithGeneric(14)
09:26:38.031 INFO: JdwpDebugServer: handling req: StackFrame(16).GetValues(1)
09:26:38.031 INFO: JdwpDebugServer: handling req: ReferenceType(2).Interfaces(10)
09:26:38.031 INFO: JdwpDebugServer: handling req: ClassType(3).Superclass(1)
09:26:38.031 INFO: JdwpDebugServer: handling req: ReferenceType(2).FieldsWithGeneric(14)
09:26:38.032 INFO: JdwpDebugServer: handling req: StackFrame(16).GetValues(1)
09:26:38.032 INFO: JdwpDebugServer: handling req: ReferenceType(2).Interfaces(10)
09:26:38.032 INFO: JdwpDebugServer: handling req: StackFrame(16).GetValues(1)
09:26:38.032 INFO: JdwpDebugServer: handling req: ClassType(3).Superclass(1)
09:26:38.032 INFO: JdwpDebugServer: handling req: StackFrame(16).GetValues(1)
09:26:38.032 INFO: JdwpDebugServer: handling req: StringReference(10).Value(1)
09:26:38.034 INFO: JdwpDebugServer: handling req: StackFrame(16).GetValues(1)
09:26:38.034 INFO: JdwpDebugServer: handling req: StackFrame(16).GetValues(1)
09:26:38.034 INFO: JdwpDebugServer: handling req: StackFrame(16).GetValues(1)
09:26:38.035 INFO: JdwpDebugServer: handling req: StackFrame(16).GetValues(1)
09:26:38.035 INFO: JdwpDebugServer: handling req: StackFrame(16).GetValues(1)
09:26:38.035 INFO: JdwpDebugServer: handling req: StackFrame(16).GetValues(1)
09:26:38.036 INFO: JdwpDebugServer: handling req: StackFrame(16).GetValues(1)
09:26:38.036 INFO: JdwpDebugServer: handling req: StackFrame(16).GetValues(1)
09:26:38.036 INFO: JdwpDebugServer: handling req: StackFrame(16).GetValues(1)
09:26:38.037 INFO: JdwpDebugServer: handling req: StackFrame(16).GetValues(1)
09:26:38.037 INFO: JdwpDebugServer: handling req: StackFrame(16).GetValues(1)
09:26:38.037 INFO: JdwpDebugServer: handling req: ClassType(3).Superclass(1)
09:26:38.037 INFO: JdwpDebugServer: handling req: StackFrame(16).GetValues(1)
09:26:38.038 INFO: JdwpDebugServer: handling req: StackFrame(16).GetValues(1)
09:26:38.038 INFO: JdwpDebugServer: handling req: StackFrame(16).GetValues(1)
09:26:38.038 INFO: JdwpDebugServer: handling req: StackFrame(16).GetValues(1)
09:26:38.039 INFO: JdwpDebugServer: handling req: StackFrame(16).GetValues(1)
09:26:38.039 INFO: JdwpDebugServer: handling req: StackFrame(16).GetValues(1)
09:26:38.040 INFO: JdwpDebugServer: handling req: StackFrame(16).GetValues(1)
09:26:38.040 INFO: JdwpDebugServer: handling req: StackFrame(16).GetValues(1)
09:26:38.040 INFO: JdwpDebugServer: handling req: StackFrame(16).GetValues(1)
09:26:38.040 INFO: JdwpDebugServer: handling req: StackFrame(16).GetValues(1)
09:26:38.041 INFO: JdwpDebugServer: handling req: StackFrame(16).GetValues(1)
09:26:38.041 INFO: JdwpDebugServer: handling req: StackFrame(16).GetValues(1)
09:26:38.041 INFO: JdwpDebugServer: handling req: StackFrame(16).GetValues(1)
09:26:38.041 INFO: JdwpDebugServer: handling req: StackFrame(16).GetValues(1)
09:26:38.042 INFO: JdwpDebugServer: handling req: StackFrame(16).GetValues(1)
09:26:38.042 INFO: JdwpDebugServer: handling req: StackFrame(16).GetValues(1)
09:26:38.042 INFO: JdwpDebugServer: handling req: StackFrame(16).GetValues(1)
09:26:38.042 INFO: JdwpDebugServer: handling req: StackFrame(16).GetValues(1)
09:26:38.043 INFO: JdwpDebugServer: handling req: StackFrame(16).GetValues(1)
09:26:38.043 INFO: JdwpDebugServer: handling req: StackFrame(16).GetValues(1)
09:26:38.043 INFO: JdwpDebugServer: handling req: StackFrame(16).GetValues(1)
09:26:38.043 INFO: JdwpDebugServer: handling req: StackFrame(16).GetValues(1)
09:26:38.044 INFO: JdwpDebugServer: handling req: ClassType(3).Superclass(1)
09:26:38.044 INFO: JdwpDebugServer: handling req: StackFrame(16).GetValues(1)
09:26:38.044 INFO: JdwpDebugServer: handling req: StackFrame(16).GetValues(1)
09:26:38.044 INFO: JdwpDebugServer: handling req: StackFrame(16).GetValues(1)
09:26:38.045 INFO: JdwpDebugServer: handling req: StackFrame(16).GetValues(1)
09:26:38.045 INFO: JdwpDebugServer: handling req: StackFrame(16).GetValues(1)
09:26:38.071 INFO: JdwpDebugServer: handling req: ThreadReference(11).FramesCount(7)
09:26:38.072 INFO: JdwpDebugServer: handling req: StackFrame(16).GetValues(1)
09:26:38.073 INFO: JdwpDebugServer: handling req: ClassType(3).Superclass(1)
09:26:38.084 INFO: JdwpDebugServer: handling req: ObjectReference(9).GetValues(2)
09:26:38.085 INFO: JdwpDebugServer: handling req: ObjectReference(9).ReferenceType(1)
09:26:38.085 INFO: JdwpDebugServer: handling req: ClassType(3).Superclass(1)
09:26:38.085 INFO: JdwpDebugServer: handling req: StringReference(10).Value(1)
09:26:38.087 INFO: JdwpDebugServer: handling req: ObjectReference(9).GetValues(2)
09:26:38.087 INFO: JdwpDebugServer: handling req: ThreadReference(11).Name(1)
09:26:38.087 INFO: JdwpDebugServer: handling req: ObjectReference(9).GetValues(2)
09:26:38.088 INFO: JdwpDebugServer: handling req: ThreadReference(11).Name(1)
09:26:38.088 INFO: JdwpDebugServer: handling req: ObjectReference(9).GetValues(2)
09:26:38.088 INFO: JdwpDebugServer: handling req: ThreadReference(11).Name(1)
09:26:38.088 INFO: JdwpDebugServer: handling req: ArrayReference(13).Length(1)
09:26:38.088 INFO: JdwpDebugServer: handling req: ObjectReference(9).ReferenceType(1)
09:26:38.089 INFO: JdwpDebugServer: handling req: ThreadReference(11).Name(1)
09:26:38.089 INFO: JdwpDebugServer: handling req: ObjectReference(9).GetValues(2)
09:26:38.089 INFO: JdwpDebugServer: handling req: ObjectReference(9).ReferenceType(1)
09:26:38.089 INFO: JdwpDebugServer: handling req: ReferenceType(2).FieldsWithGeneric(14)
09:26:38.089 INFO: JdwpDebugServer: handling req: ObjectReference(9).GetValues(2)
09:26:38.090 INFO: JdwpDebugServer: handling req: ReferenceType(2).Interfaces(10)
09:26:38.090 INFO: JdwpDebugServer: handling req: ObjectReference(9).GetValues(2)
09:26:38.090 INFO: JdwpDebugServer: handling req: ReferenceType(2).FieldsWithGeneric(14)
09:26:38.090 INFO: JdwpDebugServer: handling req: ObjectReference(9).GetValues(2)
09:26:38.090 INFO: JdwpDebugServer: handling req: ReferenceType(2).Interfaces(10)
09:26:38.090 INFO: JdwpDebugServer: handling req: ReferenceType(2).Signature(1)
09:26:38.090 INFO: JdwpDebugServer: handling req: ClassType(3).Superclass(1)
09:26:38.090 INFO: JdwpDebugServer: handling req: ObjectReference(9).GetValues(2)
09:26:38.091 INFO: JdwpDebugServer: handling req: ReferenceType(2).ClassLoader(2)
09:26:38.091 INFO: JdwpDebugServer: handling req: ObjectReference(9).ReferenceType(1)
09:26:38.091 INFO: JdwpDebugServer: handling req: VirtualMachine(1).ClassesBySignature(2)
09:26:38.091 INFO: JdwpDebugServer: handling req: ObjectReference(9).GetValues(2)
09:26:38.091 INFO: JdwpDebugServer: handling req: ReferenceType(2).ClassLoader(2)
09:26:38.091 INFO: JdwpDebugServer: handling req: ObjectReference(9).ReferenceType(1)
09:26:38.091 INFO: JdwpDebugServer: handling req: ObjectReference(9).GetValues(2)
09:26:38.092 INFO: JdwpDebugServer: handling req: ObjectReference(9).GetValues(2)
09:26:38.092 INFO: JdwpDebugServer: handling req: ObjectReference(9).GetValues(2)
09:26:38.092 INFO: JdwpDebugServer: handling req: ObjectReference(9).GetValues(2)
09:26:38.092 INFO: JdwpDebugServer: handling req: ObjectReference(9).GetValues(2)
09:26:38.092 INFO: JdwpDebugServer: handling req: ObjectReference(9).GetValues(2)
09:26:38.093 INFO: JdwpDebugServer: handling req: ObjectReference(9).GetValues(2)
09:26:38.093 INFO: JdwpDebugServer: handling req: ObjectReference(9).ReferenceType(1)
09:26:38.093 INFO: JdwpDebugServer: handling req: ObjectReference(9).GetValues(2)
09:26:38.093 INFO: JdwpDebugServer: handling req: ObjectReference(9).ReferenceType(1)
09:26:38.093 INFO: JdwpDebugServer: handling req: ReferenceType(2).FieldsWithGeneric(14)
09:26:38.093 INFO: JdwpDebugServer: handling req: ObjectReference(9).GetValues(2)
09:26:38.093 INFO: JdwpDebugServer: handling req: ReferenceType(2).Interfaces(10)
09:26:38.094 INFO: JdwpDebugServer: handling req: ObjectReference(9).GetValues(2)
09:26:38.094 INFO: JdwpDebugServer: handling req: ClassType(3).Superclass(1)
09:26:38.094 INFO: JdwpDebugServer: handling req: ClassType(3).Superclass(1)
09:26:38.094 INFO: JdwpDebugServer: handling req: ReferenceType(2).FieldsWithGeneric(14)
09:26:38.094 INFO: JdwpDebugServer: handling req: ObjectReference(9).GetValues(2)
09:26:38.094 INFO: JdwpDebugServer: handling req: ReferenceType(2).Interfaces(10)
09:26:38.094 INFO: JdwpDebugServer: handling req: ObjectReference(9).GetValues(2)
09:26:38.094 INFO: JdwpDebugServer: handling req: ClassType(3).Superclass(1)
09:26:38.094 INFO: JdwpDebugServer: handling req: ObjectReference(9).GetValues(2)
09:26:38.094 INFO: JdwpDebugServer: handling req: ReferenceType(2).FieldsWithGeneric(14)
09:26:38.095 INFO: JdwpDebugServer: handling req: ReferenceType(2).Interfaces(10)
09:26:38.095 INFO: JdwpDebugServer: handling req: ClassType(3).Superclass(1)
09:26:38.095 INFO: JdwpDebugServer: handling req: ObjectReference(9).GetValues(2)
09:26:38.095 INFO: JdwpDebugServer: handling req: ObjectReference(9).GetValues(2)
09:26:38.095 INFO: JdwpDebugServer: handling req: ObjectReference(9).GetValues(2)
09:26:38.095 INFO: JdwpDebugServer: handling req: ObjectReference(9).ReferenceType(1)
09:26:38.095 INFO: JdwpDebugServer: handling req: ObjectReference(9).GetValues(2)
09:26:38.095 INFO: JdwpDebugServer: handling req: ReferenceType(2).FieldsWithGeneric(14)
09:26:38.095 INFO: JdwpDebugServer: handling req: ObjectReference(9).GetValues(2)
09:26:38.095 INFO: JdwpDebugServer: handling req: ReferenceType(2).Interfaces(10)
09:26:38.096 INFO: JdwpDebugServer: handling req: ClassType(3).Superclass(1)
09:26:38.096 INFO: JdwpDebugServer: handling req: ClassType(3).Superclass(1)
09:26:38.096 INFO: JdwpDebugServer: handling req: ObjectReference(9).GetValues(2)
09:26:38.096 INFO: JdwpDebugServer: handling req: ReferenceType(2).FieldsWithGeneric(14)
09:26:38.096 INFO: JdwpDebugServer: handling req: ObjectReference(9).GetValues(2)
09:26:38.096 INFO: JdwpDebugServer: handling req: ReferenceType(2).Interfaces(10)
09:26:38.096 INFO: JdwpDebugServer: handling req: ObjectReference(9).GetValues(2)
09:26:38.096 INFO: JdwpDebugServer: handling req: ClassType(3).Superclass(1)
09:26:38.096 INFO: JdwpDebugServer: handling req: ObjectReference(9).GetValues(2)
09:26:38.096 INFO: JdwpDebugServer: handling req: ObjectReference(9).GetValues(2)
09:26:38.096 INFO: JdwpDebugServer: handling req: ObjectReference(9).GetValues(2)
09:26:38.097 INFO: JdwpDebugServer: handling req: ObjectReference(9).GetValues(2)
09:26:38.097 INFO: JdwpDebugServer: handling req: ObjectReference(9).GetValues(2)
09:26:38.098 INFO: JdwpDebugServer: handling req: ObjectReference(9).GetValues(2)
09:26:38.098 INFO: JdwpDebugServer: handling req: ObjectReference(9).GetValues(2)
09:26:38.098 INFO: JdwpDebugServer: handling req: ObjectReference(9).ReferenceType(1)
09:26:38.098 INFO: JdwpDebugServer: handling req: ClassType(3).Superclass(1)
09:26:38.098 INFO: JdwpDebugServer: handling req: ObjectReference(9).GetValues(2)
09:26:38.099 INFO: JdwpDebugServer: handling req: ObjectReference(9).GetValues(2)
09:26:38.099 INFO: JdwpDebugServer: handling req: ArrayReference(13).Length(1)
09:26:38.099 INFO: JdwpDebugServer: handling req: ObjectReference(9).GetValues(2)
09:26:38.099 INFO: JdwpDebugServer: handling req: ObjectReference(9).GetValues(2)
09:26:38.099 INFO: JdwpDebugServer: handling req: ObjectReference(9).GetValues(2)
09:26:38.100 INFO: JdwpDebugServer: handling req: ObjectReference(9).ReferenceType(1)
09:26:38.100 INFO: JdwpDebugServer: handling req: ObjectReference(9).GetValues(2)
09:26:38.100 INFO: JdwpDebugServer: handling req: ObjectReference(9).GetValues(2)
09:26:38.100 INFO: JdwpDebugServer: handling req: ObjectReference(9).GetValues(2)
09:26:38.100 INFO: JdwpDebugServer: handling req: ObjectReference(9).ReferenceType(1)
09:26:38.100 INFO: JdwpDebugServer: handling req: ObjectReference(9).GetValues(2)
09:26:38.101 INFO: JdwpDebugServer: handling req: ObjectReference(9).GetValues(2)
09:26:38.101 INFO: JdwpDebugServer: handling req: ObjectReference(9).ReferenceType(1)
09:26:38.101 INFO: JdwpDebugServer: handling req: ObjectReference(9).GetValues(2)
09:26:38.101 INFO: JdwpDebugServer: handling req: ObjectReference(9).GetValues(2)
09:26:38.101 INFO: JdwpDebugServer: handling req: ObjectReference(9).GetValues(2)
09:26:38.102 INFO: JdwpDebugServer: handling req: ObjectReference(9).GetValues(2)
09:26:38.102 INFO: JdwpDebugServer: handling req: ObjectReference(9).GetValues(2)
09:26:38.102 INFO: JdwpDebugServer: handling req: ObjectReference(9).ReferenceType(1)
09:26:38.102 INFO: JdwpDebugServer: handling req: ObjectReference(9).GetValues(2)
09:26:38.103 INFO: JdwpDebugServer: handling req: ObjectReference(9).GetValues(2)
09:26:38.103 INFO: JdwpDebugServer: handling req: ObjectReference(9).GetValues(2)
09:26:38.103 INFO: JdwpDebugServer: handling req: ObjectReference(9).GetValues(2)
09:26:38.103 INFO: JdwpDebugServer: handling req: ObjectReference(9).GetValues(2)
09:26:38.104 INFO: JdwpDebugServer: handling req: ClassType(3).Superclass(1)
09:26:38.104 INFO: JdwpDebugServer: handling req: ObjectReference(9).GetValues(2)
09:26:38.104 INFO: JdwpDebugServer: handling req: ObjectReference(9).GetValues(2)
09:26:38.104 INFO: JdwpDebugServer: handling req: ObjectReference(9).GetValues(2)
09:26:38.104 INFO: JdwpDebugServer: handling req: StringReference(10).Value(1)
09:26:38.105 INFO: JdwpDebugServer: handling req: ObjectReference(9).GetValues(2)
09:26:38.105 INFO: JdwpDebugServer: handling req: ObjectReference(9).GetValues(2)
09:26:38.105 INFO: JdwpDebugServer: handling req: ThreadReference(11).FramesCount(7)
09:26:38.105 INFO: JdwpDebugServer: handling req: ObjectReference(9).GetValues(2)
09:26:38.105 INFO: JdwpDebugServer: handling req: ObjectReference(9).GetValues(2)
09:26:38.106 INFO: JdwpDebugServer: handling req: ObjectReference(9).GetValues(2)
09:26:38.106 INFO: JdwpDebugServer: handling req: ObjectReference(9).GetValues(2)
09:26:38.106 INFO: JdwpDebugServer: handling req: ObjectReference(9).GetValues(2)
09:26:38.107 INFO: JdwpDebugServer: handling req: ObjectReference(9).GetValues(2)
09:26:38.107 INFO: JdwpDebugServer: handling req: ObjectReference(9).GetValues(2)
09:26:38.107 INFO: JdwpDebugServer: handling req: ObjectReference(9).GetValues(2)
09:26:38.108 INFO: JdwpDebugServer: handling req: ObjectReference(9).GetValues(2)
09:26:38.108 INFO: JdwpDebugServer: handling req: ObjectReference(9).GetValues(2)
09:26:38.108 INFO: JdwpDebugServer: handling req: ObjectReference(9).GetValues(2)
09:26:38.109 INFO: JdwpDebugServer: handling req: ObjectReference(9).GetValues(2)
09:26:38.109 INFO: JdwpDebugServer: handling req: ObjectReference(9).GetValues(2)
09:26:38.109 INFO: JdwpDebugServer: handling req: ObjectReference(9).GetValues(2)
09:26:38.110 INFO: JdwpDebugServer: handling req: ObjectReference(9).GetValues(2)
09:26:38.110 INFO: JdwpDebugServer: handling req: ObjectReference(9).GetValues(2)
09:26:38.110 INFO: JdwpDebugServer: handling req: ClassType(3).Superclass(1)
09:26:38.110 INFO: JdwpDebugServer: handling req: ObjectReference(9).GetValues(2)
09:26:38.110 INFO: JdwpDebugServer: handling req: ObjectReference(9).GetValues(2)
09:26:38.110 INFO: JdwpDebugServer: handling req: ObjectReference(9).GetValues(2)
09:26:38.111 INFO: JdwpDebugServer: handling req: StringReference(10).Value(1)
09:26:38.112 INFO: JdwpDebugServer: handling req: ObjectReference(9).GetValues(2)
09:26:38.112 INFO: JdwpDebugServer: handling req: ObjectReference(9).GetValues(2)
09:26:38.112 INFO: JdwpDebugServer: handling req: ObjectReference(9).GetValues(2)
09:26:38.112 INFO: JdwpDebugServer: handling req: ObjectReference(9).GetValues(2)
09:26:38.112 INFO: JdwpDebugServer: handling req: ClassType(3).Superclass(1)
09:26:38.113 INFO: JdwpDebugServer: handling req: ObjectReference(9).GetValues(2)
09:26:38.113 INFO: JdwpDebugServer: handling req: ObjectReference(9).GetValues(2)
09:26:38.113 INFO: JdwpDebugServer: handling req: ObjectReference(9).GetValues(2)
09:26:38.113 INFO: JdwpDebugServer: handling req: ObjectReference(9).GetValues(2)
09:26:38.113 INFO: JdwpDebugServer: handling req: ObjectReference(9).GetValues(2)
09:26:38.113 INFO: JdwpDebugServer: handling req: ObjectReference(9).GetValues(2)
09:26:38.114 INFO: JdwpDebugServer: handling req: ObjectReference(9).GetValues(2)
09:26:38.114 INFO: JdwpDebugServer: handling req: ClassType(3).Superclass(1)
09:26:38.114 INFO: JdwpDebugServer: handling req: ObjectReference(9).GetValues(2)
09:26:38.114 INFO: JdwpDebugServer: handling req: ObjectReference(9).GetValues(2)
09:26:38.114 INFO: JdwpDebugServer: handling req: ObjectReference(9).GetValues(2)
09:26:38.114 INFO: JdwpDebugServer: handling req: ObjectReference(9).GetValues(2)
09:26:38.114 INFO: JdwpDebugServer: handling req: ObjectReference(9).GetValues(2)
09:26:38.114 INFO: JdwpDebugServer: handling req: ObjectReference(9).GetValues(2)
09:26:38.115 INFO: JdwpDebugServer: handling req: ObjectReference(9).GetValues(2)
09:26:38.115 INFO: JdwpDebugServer: handling req: ObjectReference(9).GetValues(2)
09:26:38.115 INFO: JdwpDebugServer: handling req: ObjectReference(9).GetValues(2)
09:26:38.115 INFO: JdwpDebugServer: handling req: ObjectReference(9).GetValues(2)
09:26:38.116 INFO: JdwpDebugServer: handling req: ObjectReference(9).GetValues(2)
09:26:38.116 INFO: JdwpDebugServer: handling req: ObjectReference(9).GetValues(2)
09:26:38.116 INFO: JdwpDebugServer: handling req: ObjectReference(9).GetValues(2)
09:26:38.116 INFO: JdwpDebugServer: handling req: ObjectReference(9).GetValues(2)
09:26:38.116 INFO: JdwpDebugServer: handling req: ObjectReference(9).GetValues(2)
09:26:38.117 INFO: JdwpDebugServer: handling req: ObjectReference(9).GetValues(2)
09:26:38.117 INFO: JdwpDebugServer: handling req: ObjectReference(9).GetValues(2)
09:26:38.117 INFO: JdwpDebugServer: handling req: ObjectReference(9).GetValues(2)
09:26:38.117 INFO: JdwpDebugServer: handling req: ObjectReference(9).GetValues(2)
09:26:38.118 INFO: JdwpDebugServer: handling req: ObjectReference(9).GetValues(2)
09:26:38.118 INFO: JdwpDebugServer: handling req: ObjectReference(9).GetValues(2)
09:26:38.118 INFO: JdwpDebugServer: handling req: ClassType(3).Superclass(1)
09:26:38.118 INFO: JdwpDebugServer: handling req: ObjectReference(9).GetValues(2)
09:26:38.118 INFO: JdwpDebugServer: handling req: ObjectReference(9).GetValues(2)
09:26:38.118 INFO: JdwpDebugServer: handling req: ObjectReference(9).GetValues(2)
09:26:38.118 INFO: JdwpDebugServer: handling req: ObjectReference(9).GetValues(2)
09:26:38.118 INFO: JdwpDebugServer: handling req: ObjectReference(9).GetValues(2)
09:26:38.119 INFO: JdwpDebugServer: handling req: ObjectReference(9).GetValues(2)
09:26:38.119 INFO: JdwpDebugServer: handling req: ObjectReference(9).GetValues(2)
09:26:38.119 INFO: JdwpDebugServer: handling req: ObjectReference(9).ReferenceType(1)
09:26:38.119 INFO: JdwpDebugServer: handling req: ObjectReference(9).GetValues(2)
09:26:38.119 INFO: JdwpDebugServer: handling req: ObjectReference(9).GetValues(2)
09:26:38.119 INFO: JdwpDebugServer: handling req: ObjectReference(9).GetValues(2)
09:26:38.120 INFO: JdwpDebugServer: handling req: ObjectReference(9).GetValues(2)
09:26:38.120 INFO: JdwpDebugServer: handling req: ObjectReference(9).GetValues(2)
09:26:38.120 INFO: JdwpDebugServer: handling req: Method(6).LineTable(1)
09:26:38.120 INFO: JdwpDebugServer: handling req: StackFrame(16).ThisObject(3)
09:26:38.120 INFO: JdwpDebugServer: handling req: ObjectReference(9).ReferenceType(1)
09:26:38.120 INFO: JdwpDebugServer: handling req: Method(6).LineTable(1)
09:26:38.121 INFO: JdwpDebugServer: handling req: ObjectReference(9).GetValues(2)
09:26:38.121 INFO: JdwpDebugServer: handling req: ObjectReference(9).GetValues(2)
09:26:38.121 INFO: JdwpDebugServer: handling req: ClassType(3).Superclass(1)
09:26:38.121 INFO: JdwpDebugServer: handling req: ObjectReference(9).GetValues(2)
09:26:38.121 INFO: JdwpDebugServer: handling req: ObjectReference(9).GetValues(2)
09:26:38.121 INFO: JdwpDebugServer: handling req: ObjectReference(9).GetValues(2)
09:26:38.121 INFO: JdwpDebugServer: handling req: ObjectReference(9).GetValues(2)
09:26:38.122 INFO: JdwpDebugServer: handling req: ObjectReference(9).GetValues(2)
09:26:38.122 INFO: JdwpDebugServer: handling req: ObjectReference(9).GetValues(2)
09:26:38.122 INFO: JdwpDebugServer: handling req: ObjectReference(9).GetValues(2)
09:26:38.122 INFO: JdwpDebugServer: handling req: ClassType(3).Superclass(1)
09:26:38.122 INFO: JdwpDebugServer: handling req: ObjectReference(9).GetValues(2)
09:26:38.122 INFO: JdwpDebugServer: handling req: ObjectReference(9).GetValues(2)
09:26:38.123 INFO: JdwpDebugServer: handling req: ObjectReference(9).GetValues(2)
09:26:38.123 INFO: JdwpDebugServer: handling req: ObjectReference(9).GetValues(2)
09:26:38.123 INFO: JdwpDebugServer: handling req: ObjectReference(9).GetValues(2)
09:26:38.123 INFO: JdwpDebugServer: handling req: ObjectReference(9).GetValues(2)
09:26:38.123 INFO: JdwpDebugServer: handling req: ObjectReference(9).GetValues(2)
09:26:38.123 INFO: JdwpDebugServer: handling req: ClassType(3).Superclass(1)
09:26:38.124 INFO: JdwpDebugServer: handling req: ObjectReference(9).GetValues(2)
09:26:38.124 INFO: JdwpDebugServer: handling req: ObjectReference(9).GetValues(2)
09:26:38.124 INFO: JdwpDebugServer: handling req: ObjectReference(9).GetValues(2)
09:26:38.124 INFO: JdwpDebugServer: handling req: ObjectReference(9).GetValues(2)
09:26:38.124 INFO: JdwpDebugServer: handling req: ObjectReference(9).GetValues(2)
09:26:38.124 INFO: JdwpDebugServer: handling req: ObjectReference(9).GetValues(2)
09:26:38.125 INFO: JdwpDebugServer: handling req: ObjectReference(9).GetValues(2)
09:26:38.125 INFO: JdwpDebugServer: handling req: ObjectReference(9).GetValues(2)
09:26:38.125 INFO: JdwpDebugServer: handling req: ObjectReference(9).GetValues(2)
09:26:38.125 INFO: JdwpDebugServer: handling req: ObjectReference(9).GetValues(2)
09:26:38.125 INFO: JdwpDebugServer: handling req: ObjectReference(9).GetValues(2)
09:26:38.126 INFO: JdwpDebugServer: handling req: ObjectReference(9).GetValues(2)
09:26:38.126 INFO: JdwpDebugServer: handling req: ObjectReference(9).GetValues(2)
09:26:38.126 INFO: JdwpDebugServer: handling req: ObjectReference(9).GetValues(2)
09:26:38.126 INFO: JdwpDebugServer: handling req: ClassType(3).Superclass(1)
09:26:38.126 INFO: JdwpDebugServer: handling req: ObjectReference(9).GetValues(2)
09:26:38.126 INFO: JdwpDebugServer: handling req: ObjectReference(9).GetValues(2)
09:26:38.126 INFO: JdwpDebugServer: handling req: ObjectReference(9).GetValues(2)
09:26:38.126 INFO: JdwpDebugServer: handling req: StringReference(10).Value(1)
09:26:38.127 INFO: JdwpDebugServer: handling req: ObjectReference(9).GetValues(2)
09:26:38.127 INFO: JdwpDebugServer: handling req: ObjectReference(9).GetValues(2)
09:26:38.127 INFO: JdwpDebugServer: handling req: StackFrame(16).ThisObject(3)
09:26:38.127 INFO: JdwpDebugServer: handling req: ObjectReference(9).ReferenceType(1)
09:26:38.127 INFO: JdwpDebugServer: handling req: Method(6).LineTable(1)
09:26:38.128 INFO: JdwpDebugServer: handling req: StackFrame(16).ThisObject(3)
09:26:38.128 INFO: JdwpDebugServer: handling req: ObjectReference(9).ReferenceType(1)
09:26:38.128 INFO: JdwpDebugServer: handling req: Method(6).LineTable(1)
09:26:38.128 INFO: JdwpDebugServer: handling req: StackFrame(16).ThisObject(3)
09:26:38.128 INFO: JdwpDebugServer: handling req: ObjectReference(9).ReferenceType(1)
09:26:38.128 INFO: JdwpDebugServer: handling req: Method(6).LineTable(1)
09:26:38.128 INFO: JdwpDebugServer: handling req: StackFrame(16).ThisObject(3)
09:26:38.129 INFO: JdwpDebugServer: handling req: ObjectReference(9).ReferenceType(1)
09:26:38.129 INFO: JdwpDebugServer: handling req: Method(6).LineTable(1)
09:26:38.129 INFO: JdwpDebugServer: handling req: Method(6).LineTable(1)
09:26:38.129 INFO: JdwpDebugServer: handling req: ReferenceType(2).SignatureWithGeneric(13)
09:26:40.061 INFO: JdwpDebugServer: handling req: ThreadReference(11).Resume(3)
09:26:40.061 INFO: JdwpEventCenterDelegate: THREAD_RESUMED: thread (33, main, main)
09:26:40.064 INFO: JdwpDebugServer: handling req: ReferenceType(2).MethodsWithGeneric(15)
09:26:40.064 INFO: JdwpDebugServer: handling req: Method(6).LineTable(1)
09:26:40.064 INFO: JdwpDebugServer: handling req: Method(6).LineTable(1)
09:26:40.064 INFO: JdwpDebugServer: handling req: Method(6).LineTable(1)
09:26:40.064 INFO: JdwpDebugServer: handling req: ThreadReference(11).Resume(3)
09:26:40.065 INFO: JdwpEventCenterDelegate: THREAD_RESUMED: thread (33, main, main)
09:26:40.077 INFO: JdwpDebugServer: handling req: ThreadReference(11).Frames(6)
09:26:40.077 INFO: JdwpDebugServer: handling req: ReferenceType(2).MethodsWithGeneric(15)
09:26:40.081 INFO: JdwpDebugServer: handling req: ThreadReference(11).FramesCount(7)
09:26:40.081 INFO: JdwpDebugServer: handling req: ThreadReference(11).FramesCount(7)
09:26:40.085 INFO: JdwpDebugServer: handling req: ThreadReference(11).Name(1)
09:26:40.086 INFO: JdwpDebugServer: handling req: ThreadReference(11).Name(1)
09:26:40.086 INFO: JdwpDebugServer: handling req: ThreadReference(11).Name(1)
09:26:40.158 INFO: JdwpDebugServer: handling req: ReferenceType(2).SignatureWithGeneric(13)
09:26:40.158 INFO: JdwpDebugServer: handling req: ThreadReference(11).Name(1)
09:26:40.158 INFO: JdwpDebugServer: handling req: StackFrame(16).ThisObject(3)
09:26:40.158 INFO: JdwpDebugServer: handling req: ObjectReference(9).ReferenceType(1)
09:26:40.161 INFO: JdwpDebugServer: handling req: ThreadReference(11).Name(1)
09:26:40.161 INFO: JdwpDebugServer: handling req: ThreadReference(11).Name(1)
09:26:40.161 INFO: JdwpDebugServer: handling req: ThreadReference(11).Name(1)
09:26:40.162 INFO: JdwpDebugServer: handling req: ThreadReference(11).Name(1)
09:26:40.175 INFO: JdwpDebugServer: handling req: ThreadReference(11).FramesCount(7)
09:26:40.177 INFO: JdwpDebugServer: handling req: Method(6).VariableTableWithGenerics(5)
09:26:40.183 INFO: JdwpDebugServer: handling req: ThreadReference(11).Name(1)
09:26:40.190 INFO: JdwpDebugServer: handling req: ThreadReference(11).FramesCount(7)
09:26:40.200 INFO: JdwpDebugServer: handling req: ReferenceType(2).FieldsWithGeneric(14)
09:26:40.200 INFO: JdwpDebugServer: handling req: ReferenceType(2).Modifiers(3)
09:26:40.200 INFO: JdwpDebugServer: handling req: ReferenceType(2).Interfaces(10)
09:26:40.200 INFO: JdwpDebugServer: handling req: ClassType(3).Superclass(1)
09:26:40.200 INFO: JdwpDebugServer: handling req: ReferenceType(2).FieldsWithGeneric(14)
09:26:40.201 INFO: JdwpDebugServer: handling req: ReferenceType(2).Interfaces(10)
09:26:40.201 INFO: JdwpDebugServer: handling req: ReferenceType(2).FieldsWithGeneric(14)
09:26:40.202 INFO: JdwpDebugServer: handling req: ReferenceType(2).Interfaces(10)
09:26:40.202 INFO: JdwpDebugServer: handling req: ClassType(3).Superclass(1)
09:26:40.202 INFO: JdwpDebugServer: handling req: ReferenceType(2).FieldsWithGeneric(14)
09:26:40.202 INFO: JdwpDebugServer: handling req: ClassType(3).Superclass(1)
09:26:40.202 INFO: JdwpDebugServer: handling req: ReferenceType(2).Interfaces(10)
09:26:40.202 INFO: JdwpDebugServer: handling req: ReferenceType(2).Interfaces(10)
09:26:40.202 INFO: JdwpDebugServer: handling req: StackFrame(16).GetValues(1)
09:26:40.203 INFO: JdwpDebugServer: handling req: StackFrame(16).GetValues(1)
09:26:40.204 INFO: JdwpDebugServer: handling req: StackFrame(16).GetValues(1)
09:26:40.205 INFO: JdwpDebugServer: handling req: ObjectReference(9).ReferenceType(1)
09:26:40.205 INFO: JdwpDebugServer: handling req: StackFrame(16).GetValues(1)
09:26:40.206 INFO: JdwpDebugServer: handling req: ObjectReference(9).ReferenceType(1)
09:26:40.206 INFO: JdwpDebugServer: handling req: ReferenceType(2).FieldsWithGeneric(14)
09:26:40.207 INFO: JdwpDebugServer: handling req: ReferenceType(2).Interfaces(10)
09:26:40.207 INFO: JdwpDebugServer: handling req: ClassType(3).Superclass(1)
09:26:40.207 INFO: JdwpDebugServer: handling req: ReferenceType(2).FieldsWithGeneric(14)
09:26:40.208 INFO: JdwpDebugServer: handling req: ReferenceType(2).Interfaces(10)
09:26:40.208 INFO: JdwpDebugServer: handling req: ClassType(3).Superclass(1)
09:26:40.217 INFO: JdwpDebugServer: handling req: StackFrame(16).GetValues(1)
09:26:40.217 INFO: JdwpDebugServer: handling req: StackFrame(16).GetValues(1)
09:26:40.218 INFO: JdwpDebugServer: handling req: StackFrame(16).GetValues(1)
09:26:40.218 INFO: JdwpDebugServer: handling req: StackFrame(16).GetValues(1)
09:26:40.219 INFO: JdwpDebugServer: handling req: StackFrame(16).GetValues(1)
09:26:40.219 INFO: JdwpDebugServer: handling req: StackFrame(16).GetValues(1)
09:26:40.220 INFO: JdwpDebugServer: handling req: StackFrame(16).GetValues(1)
09:26:40.220 INFO: JdwpDebugServer: handling req: StackFrame(16).GetValues(1)
09:26:40.220 INFO: JdwpDebugServer: handling req: StackFrame(16).GetValues(1)
09:26:40.221 INFO: JdwpDebugServer: handling req: StackFrame(16).GetValues(1)
09:26:40.221 INFO: JdwpDebugServer: handling req: StackFrame(16).GetValues(1)
09:26:40.222 INFO: JdwpDebugServer: handling req: StackFrame(16).GetValues(1)
09:26:40.222 INFO: JdwpDebugServer: handling req: StackFrame(16).GetValues(1)
09:26:40.222 INFO: JdwpDebugServer: handling req: StackFrame(16).GetValues(1)
09:26:40.223 INFO: JdwpDebugServer: handling req: StackFrame(16).GetValues(1)
09:26:40.223 INFO: JdwpDebugServer: handling req: StackFrame(16).GetValues(1)
09:26:40.224 INFO: JdwpDebugServer: handling req: ClassType(3).Superclass(1)
09:26:40.224 INFO: JdwpDebugServer: handling req: StackFrame(16).GetValues(1)
09:26:40.224 INFO: JdwpDebugServer: handling req: StackFrame(16).GetValues(1)
09:26:40.224 INFO: JdwpDebugServer: handling req: StackFrame(16).GetValues(1)
09:26:40.226 INFO: JdwpDebugServer: handling req: StackFrame(16).GetValues(1)
09:26:40.227 INFO: JdwpDebugServer: handling req: StackFrame(16).GetValues(1)
09:26:40.227 INFO: JdwpDebugServer: handling req: StackFrame(16).ThisObject(3)
09:26:40.227 INFO: JdwpDebugServer: handling req: ObjectReference(9).ReferenceType(1)
09:26:40.228 INFO: JdwpDebugServer: handling req: Method(6).LineTable(1)
09:26:40.228 INFO: JdwpDebugServer: handling req: StackFrame(16).GetValues(1)
09:26:40.228 INFO: JdwpDebugServer: handling req: StackFrame(16).GetValues(1)
09:26:40.228 INFO: JdwpDebugServer: handling req: ClassType(3).Superclass(1)
09:26:40.229 INFO: JdwpDebugServer: handling req: StackFrame(16).GetValues(1)
09:26:40.229 INFO: JdwpDebugServer: handling req: StackFrame(16).GetValues(1)
09:26:40.229 INFO: JdwpDebugServer: handling req: StackFrame(16).GetValues(1)
09:26:40.230 INFO: JdwpDebugServer: handling req: StackFrame(16).GetValues(1)
09:26:40.230 INFO: JdwpDebugServer: handling req: StackFrame(16).GetValues(1)
09:26:40.230 INFO: JdwpDebugServer: handling req: StackFrame(16).ThisObject(3)
09:26:40.231 INFO: JdwpDebugServer: handling req: ObjectReference(9).ReferenceType(1)
09:26:40.231 INFO: JdwpDebugServer: handling req: StackFrame(16).ThisObject(3)
09:26:40.231 INFO: JdwpDebugServer: handling req: ObjectReference(9).ReferenceType(1)
09:26:40.232 INFO: JdwpDebugServer: handling req: StackFrame(16).ThisObject(3)
09:26:40.232 INFO: JdwpDebugServer: handling req: ObjectReference(9).ReferenceType(1)
09:26:40.232 INFO: JdwpDebugServer: handling req: StackFrame(16).ThisObject(3)
09:26:40.232 INFO: JdwpDebugServer: handling req: ObjectReference(9).ReferenceType(1)
09:26:40.233 INFO: JdwpDebugServer: handling req: StackFrame(16).ThisObject(3)
09:26:40.233 INFO: JdwpDebugServer: handling req: ObjectReference(9).ReferenceType(1)
09:26:40.236 INFO: JdwpDebugServer: handling req: ReferenceType(2).SourceFile(7)
09:26:44.687 INFO: JdwpDebugServer: handling req: EventRequest(15).Clear(2)
09:26:44.688 INFO: JdwpDebugServer: handling req: EventRequest(15).Clear(2)
09:26:44.689 INFO: JdwpDebugServer: handling req: EventRequest(15).Clear(2)
09:26:44.694 INFO: JdwpDebugServer: handling req: EventRequest(15).Clear(2)
09:26:45.539 INFO: JdwpDebugServer: handling req: EventRequest(15).Clear(2)
09:26:45.540 INFO: JdwpDebugServer: handling req: EventRequest(15).Clear(2)
09:26:45.540 INFO: JdwpDebugServer: handling req: EventRequest(15).Clear(2)
09:26:45.547 INFO: JdwpDebugServer: handling req: EventRequest(15).Clear(2)
09:26:46.942 INFO: JdwpDebugServer: handling req: ThreadReference(11).Resume(3)
09:26:46.943 INFO: JdwpEventCenterDelegate: THREAD_RESUMED: thread (33, main, main)
09:26:46.964 INFO: JdwpEventCenterDelegate: THREAD_RESUMED: thread (33, main, main)
09:26:46.970 INFO: JdwpEventCenterDelegate: THREAD_RESUMED: thread (33, main, main)
09:26:46.972 INFO: JdwpEventCenterDelegate: THREAD_RESUMED: thread (33, main, main)
09:26:46.975 INFO: JdwpEventCenterDelegate: THREAD_RESUMED: thread (33, main, main)
09:26:46.978 INFO: JdwpEventCenterDelegate: THREAD_RESUMED: thread (33, main, main)
09:26:46.980 INFO: JdwpEventCenterDelegate: THREAD_RESUMED: thread (33, main, main)
09:26:46.984 INFO: JdwpEventCenterDelegate: THREAD_RESUMED: thread (33, main, main)
09:26:46.997 INFO: JdwpDebugServer: handling req: ThreadReference(11).Name(1)
09:26:46.997 INFO: JdwpDebugServer: handling req: ThreadReference(11).Name(1)
09:26:46.997 INFO: JdwpDebugServer: handling req: ThreadReference(11).Name(1)
09:26:47.009 INFO: JdwpEventCenterDelegate: THREAD_RESUMED: thread (33, main, main)
09:26:47.024 INFO: JdwpDebugServer: handling req: ThreadReference(11).Name(1)
09:26:47.026 INFO: JdwpEventCenterDelegate: THREAD_RESUMED: thread (33, main, main)
09:26:47.041 INFO: JdwpEventCenterDelegate: THREAD_RESUMED: thread (33, main, main)
09:26:47.052 INFO: JdwpEventCenterDelegate: THREAD_RESUMED: thread (33, main, main)
09:26:47.068 INFO: JdwpEventCenterDelegate: THREAD_RESUMED: thread (33, main, main)
09:26:47.085 INFO: JdwpEventCenterDelegate: THREAD_RESUMED: thread (33, main, main)
09:26:47.091 INFO: JdwpEventCenterDelegate: THREAD_RESUMED: thread (33, main, main)
09:26:47.096 INFO: JdwpEventCenterDelegate: THREAD_RESUMED: thread (33, main, main)
09:26:47.101 INFO: JdwpEventCenterDelegate: THREAD_RESUMED: thread (33, main, main)
09:26:47.105 INFO: JdwpEventCenterDelegate: THREAD_RESUMED: thread (33, main, main)
09:26:47.110 INFO: JdwpEventCenterDelegate: THREAD_RESUMED: thread (33, main, main)
09:26:47.117 INFO: JdwpEventCenterDelegate: THREAD_RESUMED: thread (33, main, main)
09:26:47.122 INFO: JdwpEventCenterDelegate: THREAD_RESUMED: thread (33, main, main)
09:26:47.127 INFO: JdwpEventCenterDelegate: THREAD_RESUMED: thread (33, main, main)
09:26:47.132 INFO: JdwpEventCenterDelegate: THREAD_RESUMED: thread (33, main, main)
09:26:47.136 INFO: JdwpEventCenterDelegate: THREAD_RESUMED: thread (33, main, main)
09:26:47.146 INFO: JdwpEventCenterDelegate: THREAD_RESUMED: thread (33, main, main)
09:26:47.151 INFO: JdwpEventCenterDelegate: THREAD_RESUMED: thread (33, main, main)
09:26:47.153 INFO: JdwpEventCenterDelegate: THREAD_RESUMED: thread (33, main, main)
09:26:47.154 INFO: JdwpEventCenterDelegate: THREAD_RESUMED: thread (33, main, main)
09:26:47.156 INFO: JdwpEventCenterDelegate: THREAD_RESUMED: thread (33, main, main)
09:26:47.157 INFO: JdwpEventCenterDelegate: THREAD_RESUMED: thread (33, main, main)
09:26:47.159 INFO: JdwpEventCenterDelegate: THREAD_RESUMED: thread (33, main, main)
09:26:47.161 INFO: JdwpEventCenterDelegate: THREAD_RESUMED: thread (33, main, main)
09:26:47.162 INFO: JdwpEventCenterDelegate: THREAD_RESUMED: thread (33, main, main)
09:26:47.163 INFO: JdwpEventCenterDelegate: THREAD_RESUMED: thread (33, main, main)
09:26:47.164 INFO: JdwpEventCenterDelegate: THREAD_RESUMED: thread (33, main, main)
09:26:47.165 INFO: JdwpEventCenterDelegate: THREAD_RESUMED: thread (33, main, main)
09:26:47.166 INFO: JdwpEventCenterDelegate: THREAD_RESUMED: thread (33, main, main)
09:26:47.167 INFO: JdwpEventCenterDelegate: THREAD_RESUMED: thread (33, main, main)
09:26:47.168 INFO: JdwpEventCenterDelegate: THREAD_RESUMED: thread (33, main, main)
09:26:47.169 INFO: JdwpEventCenterDelegate: THREAD_RESUMED: thread (33, main, main)
09:26:47.170 INFO: JdwpEventCenterDelegate: THREAD_RESUMED: thread (33, main, main)
09:26:47.171 INFO: JdwpEventCenterDelegate: THREAD_RESUMED: thread (33, main, main)
09:26:47.172 INFO: JdwpEventCenterDelegate: THREAD_RESUMED: thread (33, main, main)
09:26:47.173 INFO: JdwpEventCenterDelegate: THREAD_RESUMED: thread (33, main, main)
09:26:47.174 INFO: JdwpEventCenterDelegate: THREAD_RESUMED: thread (33, main, main)
09:26:47.175 INFO: JdwpEventCenterDelegate: THREAD_RESUMED: thread (33, main, main)
09:26:47.176 INFO: JdwpEventCenterDelegate: THREAD_RESUMED: thread (33, main, main)
09:26:47.177 INFO: JdwpEventCenterDelegate: THREAD_RESUMED: thread (33, main, main)
09:26:47.178 INFO: JdwpEventCenterDelegate: THREAD_RESUMED: thread (33, main, main)
09:26:47.179 INFO: JdwpEventCenterDelegate: THREAD_RESUMED: thread (33, main, main)
09:26:47.180 INFO: JdwpEventCenterDelegate: THREAD_RESUMED: thread (33, main, main)
09:26:47.181 INFO: JdwpEventCenterDelegate: THREAD_RESUMED: thread (33, main, main)
09:26:47.181 INFO: JdwpEventCenterDelegate: THREAD_RESUMED: thread (33, main, main)
09:26:47.182 INFO: JdwpEventCenterDelegate: THREAD_RESUMED: thread (33, main, main)
09:26:47.183 INFO: JdwpEventCenterDelegate: THREAD_RESUMED: thread (33, main, main)
09:26:47.184 INFO: JdwpEventCenterDelegate: THREAD_RESUMED: thread (33, main, main)
09:26:47.185 INFO: JdwpEventCenterDelegate: THREAD_RESUMED: thread (33, main, main)
09:26:47.186 INFO: JdwpEventCenterDelegate: THREAD_RESUMED: thread (33, main, main)
09:26:47.187 INFO: JdwpEventCenterDelegate: THREAD_RESUMED: thread (33, main, main)
09:26:47.188 INFO: JdwpEventCenterDelegate: THREAD_RESUMED: thread (33, main, main)
09:26:47.189 INFO: JdwpEventCenterDelegate: THREAD_RESUMED: thread (33, main, main)
09:26:47.190 INFO: JdwpEventCenterDelegate: THREAD_RESUMED: thread (33, main, main)
09:26:47.191 INFO: JdwpEventCenterDelegate: THREAD_RESUMED: thread (33, main, main)
09:26:47.192 INFO: JdwpEventCenterDelegate: THREAD_RESUMED: thread (33, main, main)
09:26:47.193 INFO: JdwpEventCenterDelegate: THREAD_RESUMED: thread (33, main, main)
09:26:47.193 INFO: JdwpEventCenterDelegate: THREAD_RESUMED: thread (33, main, main)
09:26:47.194 INFO: JdwpEventCenterDelegate: THREAD_RESUMED: thread (33, main, main)
09:26:47.195 INFO: JdwpEventCenterDelegate: THREAD_RESUMED: thread (33, main, main)
09:26:47.196 INFO: JdwpEventCenterDelegate: THREAD_RESUMED: thread (33, main, main)
09:26:47.197 INFO: JdwpEventCenterDelegate: THREAD_RESUMED: thread (33, main, main)
09:26:47.198 INFO: JdwpEventCenterDelegate: THREAD_RESUMED: thread (33, main, main)
09:26:47.199 INFO: JdwpEventCenterDelegate: THREAD_RESUMED: thread (33, main, main)
09:26:47.199 INFO: JdwpEventCenterDelegate: THREAD_RESUMED: thread (33, main, main)
09:26:47.200 INFO: JdwpEventCenterDelegate: THREAD_RESUMED: thread (33, main, main)
09:26:47.201 INFO: JdwpEventCenterDelegate: THREAD_RESUMED: thread (33, main, main)
09:26:47.202 INFO: JdwpEventCenterDelegate: THREAD_RESUMED: thread (33, main, main)
09:26:47.203 INFO: JdwpEventCenterDelegate: THREAD_RESUMED: thread (33, main, main)
09:26:47.204 INFO: JdwpEventCenterDelegate: THREAD_RESUMED: thread (33, main, main)
09:26:47.205 INFO: JdwpEventCenterDelegate: THREAD_RESUMED: thread (33, main, main)
09:26:47.519 INFO: JdwpEventCenterDelegate: THREAD_RESUMED: thread (33, main, main)
09:26:47.545 INFO: JdwpEventCenterDelegate: THREAD_RESUMED: thread (33, main, main)
09:26:47.546 INFO: JdwpEventCenterDelegate: THREAD_RESUMED: thread (33, main, main)
09:26:47.546 INFO: JdwpEventCenterDelegate: THREAD_RESUMED: thread (33, main, main)
09:26:47.732 INFO: JdwpEventCenterDelegate: THREAD_RESUMED: thread (33, main, main)
09:26:47.732 INFO: JdwpEventCenterDelegate: THREAD_RESUMED: thread (33, main, main)
09:26:47.773 INFO: JdwpEventCenterDelegate: THREAD_RESUMED: thread (33, main, main)
09:26:47.774 INFO: JdwpEventCenterDelegate: THREAD_RESUMED: thread (33, main, main)
09:26:47.799 INFO: JdwpEventCenterDelegate: THREAD_RESUMED: thread (33, main, main)
09:26:47.800 INFO: JdwpEventCenterDelegate: THREAD_RESUMED: thread (33, main, main)
09:26:47.801 INFO: JdwpEventCenterDelegate: THREAD_RESUMED: thread (33, main, main)
09:26:47.802 INFO: JdwpEventCenterDelegate: THREAD_RESUMED: thread (33, main, main)
09:26:47.803 INFO: JdwpEventCenterDelegate: THREAD_RESUMED: thread (33, main, main)
09:26:47.804 INFO: JdwpEventCenterDelegate: THREAD_RESUMED: thread (33, main, main)
09:26:47.817 INFO: JdwpEventCenterDelegate: THREAD_RESUMED: thread (33, main, main)
09:26:47.844 SEVERE: Debugger: Thread HooksChannel socket thread crashed
org.robovm.debugger.DebuggerException: java.nio.BufferUnderflowException
	at org.robovm.debugger.hooks.HooksChannel.doSocketWork(HooksChannel.java:149)
	at java.base/java.lang.Thread.run(Thread.java:833)
	at org.robovm.debugger.utils.DebuggerThread.run(DebuggerThread.java:42)
Caused by: java.nio.BufferUnderflowException
	at org.robovm.debugger.utils.bytebuffer.DataBufferWriter.writeFromStream(DataBufferWriter.java:91)
	at org.robovm.debugger.hooks.HooksChannel.doSocketWork(HooksChannel.java:116)
	... 2 more
09:26:48.356 SEVERE: Debugger: Thread JDWP server socket thread crashed
org.robovm.debugger.DebuggerException: java.net.SocketException: Socket closed
	at org.robovm.debugger.jdwp.JdwpDebugServer.doSocketWork(JdwpDebugServer.java:215)
	at java.base/java.lang.Thread.run(Thread.java:833)
	at org.robovm.debugger.utils.DebuggerThread.run(DebuggerThread.java:42)
Caused by: java.net.SocketException: Socket closed
	at java.base/sun.nio.ch.NioSocketImpl.endRead(NioSocketImpl.java:248)
	at java.base/sun.nio.ch.NioSocketImpl.implRead(NioSocketImpl.java:327)
	at java.base/sun.nio.ch.NioSocketImpl.read(NioSocketImpl.java:350)
	at java.base/sun.nio.ch.NioSocketImpl$1.read(NioSocketImpl.java:803)
	at java.base/java.net.Socket$SocketInputStream.read(Socket.java:966)
	at org.robovm.debugger.utils.bytebuffer.DataBufferWriter.writeFromStream(DataBufferWriter.java:89)
	at org.robovm.debugger.jdwp.protocol.JdwpRequestHeader.readFromStream(JdwpRequestHeader.java:36)
	at org.robovm.debugger.jdwp.JdwpDebugServer.doSocketWork(JdwpDebugServer.java:185)
	... 2 more
