10:24:37.415 INFO: JdwpEventCenterDelegate: THREAD_STARTED: thread (33, main, main)
10:24:37.429 INFO: JdwpEventCenterDelegate: THREAD_STARTED: thread (48, ReferenceQueueDaemon, main)
10:24:37.436 INFO: JdwpEventCenterDelegate: THREAD_STARTED: thread (63, FinalizerDaemon, main)
10:24:37.443 INFO: JdwpEventCenterDelegate: THREAD_STARTED: thread (78, FinalizerWatchdogDaemon, main)
10:24:41.573 INFO: JdwpDebugServer: handling req: VirtualMachine(1).IDSizes(7)
10:24:41.574 INFO: JdwpDebugServer: handling req: EventRequest(15).Set(1)
10:24:41.575 INFO: JdwpEventCenterDelegate: jdwpSetEventRequest: JdwpEventRequest{requestId=100, eventKind=CLASS_UNLOAD, suspendPolicy=NONE, predicates=[]}
10:24:41.575 INFO: JdwpDebugServer: handling req: EventRequest(15).Set(1)
10:24:41.575 INFO: JdwpEventCenterDelegate: jdwpSetEventRequest: JdwpEventRequest{requestId=101, eventKind=THREAD_START, suspendPolicy=NONE, predicates=[]}
10:24:41.576 INFO: JdwpDebugServer: handling req: VirtualMachine(1).ClassesBySignature(2)
10:24:41.578 INFO: JdwpDebugServer: handling req: VirtualMachine(1).Version(1)
10:24:41.578 INFO: JdwpDebugServer: handling req: ReferenceType(2).MethodsWithGeneric(15)
10:24:41.580 INFO: JdwpDebugServer: handling req: Method(6).LineTable(1)
10:24:41.580 INFO: JdwpDebugServer: handling req: EventRequest(15).Set(1)
10:24:41.580 INFO: JdwpEventCenterDelegate: jdwpSetEventRequest: JdwpEventRequest{requestId=102, eventKind=BREAKPOINT, suspendPolicy=NONE, predicates=[Location{classId=845, methodId=257, index=928} ]}
10:24:41.585 INFO: JdwpDebugServer: handling req: EventRequest(15).Set(1)
10:24:41.585 INFO: JdwpEventCenterDelegate: jdwpSetEventRequest: JdwpEventRequest{requestId=103, eventKind=THREAD_DEATH, suspendPolicy=NONE, predicates=[]}
10:24:41.585 INFO: JdwpDebugServer: handling req: VirtualMachine(1).AllThreads(4)
10:24:41.586 INFO: JdwpDebugServer: handling req: ThreadReference(11).ThreadGroup(5)
10:24:41.586 INFO: JdwpDebugServer: handling req: ThreadGroup(12).Name(1)
10:24:41.587 INFO: JdwpDebugServer: handling req: ThreadGroup(12).Parent(2)
10:24:41.588 INFO: JdwpDebugServer: handling req: ObjectReference(9).ReferenceType(1)
10:24:41.588 INFO: JdwpDebugServer: handling req: ReferenceType(2).FieldsWithGeneric(14)
10:24:41.589 INFO: JdwpDebugServer: handling req: ReferenceType(2).Interfaces(10)
10:24:41.590 INFO: JdwpDebugServer: handling req: ReferenceType(2).FieldsWithGeneric(14)
10:24:41.591 INFO: JdwpDebugServer: handling req: ReferenceType(2).Interfaces(10)
10:24:41.593 INFO: JdwpDebugServer: handling req: ClassType(3).Superclass(1)
10:24:41.593 INFO: JdwpDebugServer: handling req: ReferenceType(2).FieldsWithGeneric(14)
10:24:41.593 INFO: JdwpDebugServer: handling req: ReferenceType(2).Interfaces(10)
10:24:41.594 INFO: JdwpDebugServer: handling req: ClassType(3).Superclass(1)
10:24:41.594 INFO: JdwpDebugServer: handling req: ObjectReference(9).GetValues(2)
10:24:41.602 INFO: JdwpDebugServer: handling req: ThreadReference(11).Status(4)
10:24:41.603 INFO: JdwpDebugServer: handling req: ThreadReference(11).Status(4)
10:24:41.604 INFO: JdwpDebugServer: handling req: ThreadReference(11).ThreadGroup(5)
10:24:41.604 INFO: JdwpDebugServer: handling req: ObjectReference(9).ReferenceType(1)
10:24:41.604 INFO: JdwpDebugServer: handling req: ObjectReference(9).GetValues(2)
10:24:41.614 INFO: JdwpDebugServer: handling req: ThreadReference(11).Status(4)
10:24:41.614 INFO: JdwpDebugServer: handling req: ThreadReference(11).Status(4)
10:24:41.614 INFO: JdwpDebugServer: handling req: ThreadReference(11).ThreadGroup(5)
10:24:41.614 INFO: JdwpDebugServer: handling req: ObjectReference(9).ReferenceType(1)
10:24:41.615 INFO: JdwpDebugServer: handling req: ObjectReference(9).GetValues(2)
10:24:41.626 INFO: JdwpDebugServer: handling req: ThreadReference(11).Status(4)
10:24:41.626 INFO: JdwpDebugServer: handling req: ThreadReference(11).Status(4)
10:24:41.626 INFO: JdwpDebugServer: handling req: ThreadReference(11).ThreadGroup(5)
10:24:41.626 INFO: JdwpDebugServer: handling req: ObjectReference(9).ReferenceType(1)
10:24:41.626 INFO: JdwpDebugServer: handling req: ObjectReference(9).GetValues(2)
10:24:41.629 INFO: JdwpDebugServer: handling req: ThreadReference(11).Status(4)
10:24:41.630 INFO: JdwpDebugServer: handling req: ThreadReference(11).Status(4)
10:24:41.631 INFO: JdwpDebugServer: handling req: EventRequest(15).Set(1)
10:24:41.631 INFO: JdwpEventCenterDelegate: jdwpSetEventRequest: JdwpEventRequest{requestId=104, eventKind=CLASS_PREPARE, suspendPolicy=EVENT_THREAD, predicates=[className=com.abdalla.bushnaq.pluvia.engine.AudioManager]}
10:24:41.636 INFO: JdwpDebugServer: handling req: EventRequest(15).Set(1)
10:24:41.636 INFO: JdwpEventCenterDelegate: jdwpSetEventRequest: JdwpEventRequest{requestId=105, eventKind=CLASS_PREPARE, suspendPolicy=EVENT_THREAD, predicates=[className=com.abdalla.bushnaq.pluvia.engine.AudioManager$*]}
10:24:41.638 INFO: JdwpDebugServer: handling req: VirtualMachine(1).ClassesBySignature(2)
10:24:41.639 INFO: JdwpDebugServer: handling req: ReferenceType(2).MethodsWithGeneric(15)
10:24:41.639 INFO: JdwpDebugServer: handling req: Method(6).LineTable(1)
10:24:41.640 INFO: JdwpDebugServer: handling req: Method(6).LineTable(1)
10:24:41.640 INFO: JdwpDebugServer: handling req: Method(6).LineTable(1)
10:24:41.641 INFO: JdwpDebugServer: handling req: Method(6).LineTable(1)
10:24:41.641 INFO: JdwpDebugServer: handling req: VirtualMachine(1).ClassesBySignature(2)
10:24:41.641 INFO: JdwpDebugServer: handling req: VirtualMachine(1).AllClassesWithGeneric(20)
10:24:41.657 INFO: JdwpDebugServer: handling req: VirtualMachine(1).capabilitiesNew(17)
10:24:41.662 INFO: JdwpDebugServer: handling req: EventRequest(15).Set(1)
10:24:41.662 INFO: JdwpEventCenterDelegate: jdwpSetEventRequest: JdwpEventRequest{requestId=106, eventKind=CLASS_PREPARE, suspendPolicy=EVENT_THREAD, predicates=[className=java.lang.Error]}
10:24:41.664 INFO: JdwpDebugServer: handling req: EventRequest(15).Set(1)
10:24:41.664 INFO: JdwpEventCenterDelegate: jdwpSetEventRequest: JdwpEventRequest{requestId=107, eventKind=CLASS_PREPARE, suspendPolicy=EVENT_THREAD, predicates=[className=java.lang.Error$*]}
10:24:41.667 INFO: JdwpDebugServer: handling req: VirtualMachine(1).ClassesBySignature(2)
10:24:41.667 INFO: JdwpDebugServer: handling req: EventRequest(15).Set(1)
10:24:41.667 INFO: JdwpEventCenterDelegate: jdwpSetEventRequest: JdwpEventRequest{requestId=108, eventKind=EXCEPTION, suspendPolicy=EVENT_THREAD, predicates=[exceptionType=3425(caught=true, uncaught=true)]}
10:24:41.673 INFO: JdwpDebugServer: handling req: EventRequest(15).Set(1)
10:24:41.673 INFO: JdwpEventCenterDelegate: jdwpSetEventRequest: JdwpEventRequest{requestId=109, eventKind=CLASS_PREPARE, suspendPolicy=EVENT_THREAD, predicates=[className=java.lang.Throwable]}
10:24:41.675 INFO: JdwpDebugServer: handling req: EventRequest(15).Set(1)
10:24:41.675 INFO: JdwpEventCenterDelegate: jdwpSetEventRequest: JdwpEventRequest{requestId=110, eventKind=CLASS_PREPARE, suspendPolicy=EVENT_THREAD, predicates=[className=java.lang.Throwable$*]}
10:24:41.677 INFO: JdwpDebugServer: handling req: VirtualMachine(1).ClassesBySignature(2)
10:24:41.677 INFO: JdwpDebugServer: handling req: EventRequest(15).Set(1)
10:24:41.677 INFO: JdwpEventCenterDelegate: jdwpSetEventRequest: JdwpEventRequest{requestId=111, eventKind=EXCEPTION, suspendPolicy=EVENT_THREAD, predicates=[exceptionType=7695(caught=false, uncaught=true)]}
10:24:41.678 INFO: JdwpDebugServer: handling req: ThreadReference(11).SuspendCount(12)
10:24:41.678 INFO: JdwpDebugServer: handling req: ThreadReference(11).SuspendCount(12)
10:24:41.679 INFO: JdwpDebugServer: handling req: ThreadReference(11).SuspendCount(12)
10:24:41.679 INFO: JdwpDebugServer: handling req: ThreadReference(11).SuspendCount(12)
10:24:41.679 INFO: JdwpDebugServer: handling req: VirtualMachine(1).AllThreads(4)
10:24:41.679 INFO: JdwpDebugServer: handling req: VirtualMachine(1).Resume(9)
10:24:41.715 INFO: JdwpEventCenterDelegate: THREAD_RESUMED: thread (33, main, main)
10:24:41.716 INFO: JdwpEventCenterDelegate: THREAD_RESUMED: thread (33, main, main)
10:24:41.717 INFO: JdwpEventCenterDelegate: THREAD_RESUMED: thread (33, main, main)
10:24:41.718 INFO: JdwpEventCenterDelegate: THREAD_RESUMED: thread (33, main, main)
10:24:41.719 INFO: JdwpEventCenterDelegate: THREAD_RESUMED: thread (33, main, main)
10:24:41.720 INFO: JdwpEventCenterDelegate: THREAD_RESUMED: thread (33, main, main)
10:24:41.722 INFO: JdwpEventCenterDelegate: THREAD_RESUMED: thread (33, main, main)
10:24:41.724 INFO: JdwpEventCenterDelegate: THREAD_RESUMED: thread (33, main, main)
10:24:41.725 INFO: JdwpEventCenterDelegate: THREAD_RESUMED: thread (33, main, main)
10:24:41.727 INFO: JdwpEventCenterDelegate: THREAD_RESUMED: thread (33, main, main)
10:24:41.729 INFO: JdwpEventCenterDelegate: THREAD_RESUMED: thread (33, main, main)
10:24:41.730 INFO: JdwpEventCenterDelegate: THREAD_RESUMED: thread (33, main, main)
10:24:41.732 INFO: JdwpEventCenterDelegate: THREAD_RESUMED: thread (33, main, main)
10:24:41.733 INFO: JdwpEventCenterDelegate: THREAD_RESUMED: thread (33, main, main)
10:24:41.734 INFO: JdwpEventCenterDelegate: THREAD_RESUMED: thread (33, main, main)
10:24:41.736 INFO: JdwpEventCenterDelegate: THREAD_RESUMED: thread (33, main, main)
10:24:41.738 INFO: JdwpEventCenterDelegate: THREAD_RESUMED: thread (33, main, main)
10:24:41.739 INFO: JdwpEventCenterDelegate: THREAD_RESUMED: thread (33, main, main)
10:24:41.743 INFO: JdwpEventCenterDelegate: THREAD_RESUMED: thread (33, main, main)
10:24:41.745 INFO: JdwpEventCenterDelegate: THREAD_RESUMED: thread (33, main, main)
10:24:41.746 INFO: JdwpEventCenterDelegate: THREAD_RESUMED: thread (33, main, main)
10:24:41.747 INFO: JdwpEventCenterDelegate: THREAD_RESUMED: thread (33, main, main)
10:24:41.749 INFO: JdwpEventCenterDelegate: THREAD_RESUMED: thread (33, main, main)
10:24:41.749 INFO: JdwpEventCenterDelegate: THREAD_RESUMED: thread (33, main, main)
10:24:41.751 INFO: JdwpEventCenterDelegate: THREAD_RESUMED: thread (33, main, main)
10:24:41.799 INFO: JdwpEventCenterDelegate: THREAD_RESUMED: thread (33, main, main)
10:24:41.801 INFO: JdwpEventCenterDelegate: THREAD_RESUMED: thread (33, main, main)
10:24:41.802 INFO: JdwpEventCenterDelegate: THREAD_RESUMED: thread (33, main, main)
10:24:41.803 INFO: JdwpEventCenterDelegate: THREAD_RESUMED: thread (33, main, main)
10:24:41.805 INFO: JdwpEventCenterDelegate: THREAD_RESUMED: thread (33, main, main)
10:24:41.806 INFO: JdwpEventCenterDelegate: THREAD_RESUMED: thread (33, main, main)
10:24:41.807 INFO: JdwpEventCenterDelegate: THREAD_RESUMED: thread (33, main, main)
10:24:41.814 INFO: JdwpEventCenterDelegate: THREAD_RESUMED: thread (33, main, main)
10:24:41.815 INFO: JdwpEventCenterDelegate: THREAD_RESUMED: thread (33, main, main)
10:24:41.816 INFO: JdwpEventCenterDelegate: THREAD_RESUMED: thread (33, main, main)
10:24:41.817 INFO: JdwpEventCenterDelegate: THREAD_RESUMED: thread (33, main, main)
10:24:41.818 INFO: JdwpEventCenterDelegate: THREAD_RESUMED: thread (33, main, main)
10:24:41.820 INFO: JdwpEventCenterDelegate: THREAD_RESUMED: thread (33, main, main)
10:24:41.821 INFO: JdwpEventCenterDelegate: THREAD_RESUMED: thread (33, main, main)
10:24:41.856 INFO: JdwpEventCenterDelegate: THREAD_RESUMED: thread (33, main, main)
10:24:41.860 INFO: JdwpEventCenterDelegate: THREAD_RESUMED: thread (33, main, main)
10:24:41.861 INFO: JdwpEventCenterDelegate: THREAD_RESUMED: thread (33, main, main)
10:24:41.862 INFO: JdwpEventCenterDelegate: THREAD_RESUMED: thread (33, main, main)
10:24:41.864 INFO: JdwpEventCenterDelegate: THREAD_RESUMED: thread (33, main, main)
10:24:41.865 INFO: JdwpEventCenterDelegate: THREAD_RESUMED: thread (33, main, main)
10:24:41.866 INFO: JdwpEventCenterDelegate: THREAD_RESUMED: thread (33, main, main)
10:24:41.881 INFO: JdwpEventCenterDelegate: THREAD_RESUMED: thread (33, main, main)
10:24:41.883 INFO: JdwpEventCenterDelegate: THREAD_RESUMED: thread (33, main, main)
10:24:41.884 INFO: JdwpEventCenterDelegate: THREAD_RESUMED: thread (33, main, main)
10:24:41.886 INFO: JdwpEventCenterDelegate: THREAD_RESUMED: thread (33, main, main)
10:24:41.887 INFO: JdwpEventCenterDelegate: THREAD_RESUMED: thread (33, main, main)
10:24:41.888 INFO: JdwpEventCenterDelegate: THREAD_RESUMED: thread (33, main, main)
10:24:41.889 INFO: JdwpEventCenterDelegate: THREAD_RESUMED: thread (33, main, main)
10:24:41.901 INFO: JdwpEventCenterDelegate: THREAD_RESUMED: thread (33, main, main)
10:24:41.905 INFO: JdwpEventCenterDelegate: THREAD_RESUMED: thread (33, main, main)
10:24:41.906 INFO: JdwpEventCenterDelegate: THREAD_RESUMED: thread (33, main, main)
10:24:41.907 INFO: JdwpEventCenterDelegate: THREAD_RESUMED: thread (33, main, main)
10:24:41.908 INFO: JdwpEventCenterDelegate: THREAD_RESUMED: thread (33, main, main)
10:24:41.910 INFO: JdwpEventCenterDelegate: THREAD_RESUMED: thread (33, main, main)
10:24:41.911 INFO: JdwpEventCenterDelegate: THREAD_RESUMED: thread (33, main, main)
10:24:41.926 INFO: JdwpEventCenterDelegate: THREAD_RESUMED: thread (33, main, main)
10:24:41.927 INFO: JdwpEventCenterDelegate: THREAD_RESUMED: thread (33, main, main)
10:24:41.929 INFO: JdwpEventCenterDelegate: THREAD_RESUMED: thread (33, main, main)
10:24:41.930 INFO: JdwpEventCenterDelegate: THREAD_RESUMED: thread (33, main, main)
10:24:41.931 INFO: JdwpEventCenterDelegate: THREAD_RESUMED: thread (33, main, main)
10:24:41.932 INFO: JdwpEventCenterDelegate: THREAD_RESUMED: thread (33, main, main)
10:24:41.933 INFO: JdwpEventCenterDelegate: THREAD_RESUMED: thread (33, main, main)
10:24:41.934 INFO: JdwpEventCenterDelegate: THREAD_RESUMED: thread (33, main, main)
10:24:41.936 INFO: JdwpEventCenterDelegate: THREAD_RESUMED: thread (33, main, main)
10:24:41.937 INFO: JdwpEventCenterDelegate: THREAD_RESUMED: thread (33, main, main)
10:24:41.938 INFO: JdwpEventCenterDelegate: THREAD_RESUMED: thread (33, main, main)
10:24:41.939 INFO: JdwpEventCenterDelegate: THREAD_RESUMED: thread (33, main, main)
10:24:41.941 INFO: JdwpEventCenterDelegate: THREAD_RESUMED: thread (33, main, main)
10:24:41.942 INFO: JdwpEventCenterDelegate: THREAD_RESUMED: thread (33, main, main)
10:24:41.943 INFO: JdwpEventCenterDelegate: THREAD_RESUMED: thread (33, main, main)
10:24:41.944 INFO: JdwpEventCenterDelegate: THREAD_RESUMED: thread (33, main, main)
10:24:41.946 INFO: JdwpEventCenterDelegate: THREAD_RESUMED: thread (33, main, main)
10:24:41.947 INFO: JdwpEventCenterDelegate: THREAD_RESUMED: thread (33, main, main)
10:24:41.953 INFO: JdwpEventCenterDelegate: THREAD_RESUMED: thread (33, main, main)
10:24:41.954 INFO: JdwpEventCenterDelegate: THREAD_RESUMED: thread (33, main, main)
10:24:42.171 INFO: JdwpEventCenterDelegate: THREAD_RESUMED: thread (33, main, main)
10:24:42.173 INFO: JdwpEventCenterDelegate: THREAD_RESUMED: thread (33, main, main)
10:24:42.187 INFO: JdwpEventCenterDelegate: THREAD_RESUMED: thread (33, main, main)
10:24:42.189 INFO: JdwpEventCenterDelegate: THREAD_RESUMED: thread (33, main, main)
10:24:42.190 INFO: JdwpEventCenterDelegate: THREAD_RESUMED: thread (33, main, main)
10:24:42.192 INFO: JdwpEventCenterDelegate: THREAD_RESUMED: thread (33, main, main)
10:24:42.196 INFO: JdwpEventCenterDelegate: THREAD_RESUMED: thread (33, main, main)
10:24:42.197 INFO: JdwpEventCenterDelegate: THREAD_RESUMED: thread (33, main, main)
10:24:42.248 INFO: JdwpEventCenterDelegate: THREAD_RESUMED: thread (33, main, main)
10:24:42.432 INFO: JdwpEventCenterDelegate: THREAD_RESUMED: thread (33, main, main)
10:24:42.433 INFO: JdwpEventCenterDelegate: THREAD_RESUMED: thread (33, main, main)
10:24:42.435 INFO: JdwpEventCenterDelegate: THREAD_RESUMED: thread (33, main, main)
10:24:42.437 INFO: JdwpEventCenterDelegate: THREAD_RESUMED: thread (33, main, main)
10:24:42.438 INFO: JdwpEventCenterDelegate: THREAD_RESUMED: thread (33, main, main)
10:24:42.439 INFO: JdwpEventCenterDelegate: THREAD_RESUMED: thread (33, main, main)
10:24:42.448 INFO: JdwpEventCenterDelegate: THREAD_RESUMED: thread (33, main, main)
10:24:42.450 INFO: JdwpEventCenterDelegate: THREAD_RESUMED: thread (33, main, main)
10:24:42.452 INFO: JdwpEventCenterDelegate: THREAD_RESUMED: thread (33, main, main)
10:24:42.454 INFO: JdwpEventCenterDelegate: THREAD_RESUMED: thread (33, main, main)
10:24:42.456 INFO: JdwpEventCenterDelegate: THREAD_RESUMED: thread (33, main, main)
10:24:42.459 INFO: JdwpEventCenterDelegate: THREAD_RESUMED: thread (33, main, main)
10:24:42.463 INFO: JdwpEventCenterDelegate: THREAD_RESUMED: thread (33, main, main)
10:24:42.480 INFO: JdwpEventCenterDelegate: THREAD_RESUMED: thread (33, main, main)
10:24:42.496 INFO: JdwpEventCenterDelegate: THREAD_RESUMED: thread (33, main, main)
10:24:42.510 INFO: JdwpEventCenterDelegate: THREAD_RESUMED: thread (33, main, main)
10:24:42.521 INFO: JdwpEventCenterDelegate: THREAD_RESUMED: thread (33, main, main)
10:24:42.536 INFO: JdwpEventCenterDelegate: THREAD_RESUMED: thread (33, main, main)
10:24:42.560 INFO: JdwpEventCenterDelegate: THREAD_RESUMED: thread (33, main, main)
10:24:42.566 INFO: JdwpEventCenterDelegate: THREAD_RESUMED: thread (33, main, main)
10:24:42.572 INFO: JdwpEventCenterDelegate: THREAD_RESUMED: thread (33, main, main)
10:24:42.577 INFO: JdwpEventCenterDelegate: THREAD_RESUMED: thread (33, main, main)
10:24:42.583 INFO: JdwpEventCenterDelegate: THREAD_RESUMED: thread (33, main, main)
10:24:42.588 INFO: JdwpEventCenterDelegate: THREAD_RESUMED: thread (33, main, main)
10:24:42.599 INFO: JdwpEventCenterDelegate: THREAD_RESUMED: thread (33, main, main)
10:24:42.605 INFO: JdwpEventCenterDelegate: THREAD_RESUMED: thread (33, main, main)
10:24:42.611 INFO: JdwpEventCenterDelegate: THREAD_RESUMED: thread (33, main, main)
10:24:42.617 INFO: JdwpEventCenterDelegate: THREAD_RESUMED: thread (33, main, main)
10:24:42.623 INFO: JdwpEventCenterDelegate: THREAD_RESUMED: thread (33, main, main)
10:24:42.629 INFO: JdwpEventCenterDelegate: THREAD_RESUMED: thread (33, main, main)
10:24:42.635 INFO: JdwpEventCenterDelegate: THREAD_RESUMED: thread (33, main, main)
10:24:42.637 INFO: JdwpEventCenterDelegate: THREAD_RESUMED: thread (33, main, main)
10:24:42.640 INFO: JdwpEventCenterDelegate: THREAD_RESUMED: thread (33, main, main)
10:24:42.642 INFO: JdwpEventCenterDelegate: THREAD_RESUMED: thread (33, main, main)
10:24:42.645 INFO: JdwpEventCenterDelegate: THREAD_RESUMED: thread (33, main, main)
10:24:42.648 INFO: JdwpEventCenterDelegate: THREAD_RESUMED: thread (33, main, main)
10:24:42.651 INFO: JdwpEventCenterDelegate: THREAD_RESUMED: thread (33, main, main)
10:24:42.653 INFO: JdwpEventCenterDelegate: THREAD_RESUMED: thread (33, main, main)
10:24:42.654 INFO: JdwpEventCenterDelegate: THREAD_RESUMED: thread (33, main, main)
10:24:42.656 INFO: JdwpEventCenterDelegate: THREAD_RESUMED: thread (33, main, main)
10:24:42.657 INFO: JdwpEventCenterDelegate: THREAD_RESUMED: thread (33, main, main)
10:24:42.659 INFO: JdwpEventCenterDelegate: THREAD_RESUMED: thread (33, main, main)
10:24:42.661 INFO: JdwpEventCenterDelegate: THREAD_RESUMED: thread (33, main, main)
10:24:42.663 INFO: JdwpEventCenterDelegate: THREAD_RESUMED: thread (33, main, main)
10:24:42.664 INFO: JdwpEventCenterDelegate: THREAD_RESUMED: thread (33, main, main)
10:24:42.666 INFO: JdwpEventCenterDelegate: THREAD_RESUMED: thread (33, main, main)
10:24:42.667 INFO: JdwpEventCenterDelegate: THREAD_RESUMED: thread (33, main, main)
10:24:42.669 INFO: JdwpEventCenterDelegate: THREAD_RESUMED: thread (33, main, main)
10:24:42.670 INFO: JdwpEventCenterDelegate: THREAD_RESUMED: thread (33, main, main)
10:24:42.672 INFO: JdwpEventCenterDelegate: THREAD_RESUMED: thread (33, main, main)
10:24:42.674 INFO: JdwpEventCenterDelegate: THREAD_RESUMED: thread (33, main, main)
10:24:42.675 INFO: JdwpEventCenterDelegate: THREAD_RESUMED: thread (33, main, main)
10:24:42.677 INFO: JdwpEventCenterDelegate: THREAD_RESUMED: thread (33, main, main)
10:24:42.679 INFO: JdwpEventCenterDelegate: THREAD_RESUMED: thread (33, main, main)
10:24:42.680 INFO: JdwpEventCenterDelegate: THREAD_RESUMED: thread (33, main, main)
10:24:42.682 INFO: JdwpEventCenterDelegate: THREAD_RESUMED: thread (33, main, main)
10:24:42.684 INFO: JdwpEventCenterDelegate: THREAD_RESUMED: thread (33, main, main)
10:24:42.685 INFO: JdwpEventCenterDelegate: THREAD_RESUMED: thread (33, main, main)
10:24:42.687 INFO: JdwpEventCenterDelegate: THREAD_RESUMED: thread (33, main, main)
10:24:42.689 INFO: JdwpEventCenterDelegate: THREAD_RESUMED: thread (33, main, main)
10:24:42.691 INFO: JdwpEventCenterDelegate: THREAD_RESUMED: thread (33, main, main)
10:24:42.692 INFO: JdwpEventCenterDelegate: THREAD_RESUMED: thread (33, main, main)
10:24:42.694 INFO: JdwpEventCenterDelegate: THREAD_RESUMED: thread (33, main, main)
10:24:42.695 INFO: JdwpEventCenterDelegate: THREAD_RESUMED: thread (33, main, main)
10:24:42.697 INFO: JdwpEventCenterDelegate: THREAD_RESUMED: thread (33, main, main)
10:24:42.698 INFO: JdwpEventCenterDelegate: THREAD_RESUMED: thread (33, main, main)
10:24:42.700 INFO: JdwpEventCenterDelegate: THREAD_RESUMED: thread (33, main, main)
10:24:42.701 INFO: JdwpEventCenterDelegate: THREAD_RESUMED: thread (33, main, main)
10:24:42.703 INFO: JdwpEventCenterDelegate: THREAD_RESUMED: thread (33, main, main)
10:24:42.704 INFO: JdwpEventCenterDelegate: THREAD_RESUMED: thread (33, main, main)
10:24:42.706 INFO: JdwpEventCenterDelegate: THREAD_RESUMED: thread (33, main, main)
10:24:42.707 INFO: JdwpEventCenterDelegate: THREAD_RESUMED: thread (33, main, main)
10:24:42.709 INFO: JdwpEventCenterDelegate: THREAD_RESUMED: thread (33, main, main)
10:24:42.710 INFO: JdwpEventCenterDelegate: THREAD_RESUMED: thread (33, main, main)
10:24:42.712 INFO: JdwpEventCenterDelegate: THREAD_RESUMED: thread (33, main, main)
10:24:42.714 INFO: JdwpEventCenterDelegate: THREAD_RESUMED: thread (33, main, main)
10:24:42.716 INFO: JdwpEventCenterDelegate: THREAD_RESUMED: thread (33, main, main)
10:24:42.718 INFO: JdwpEventCenterDelegate: THREAD_RESUMED: thread (33, main, main)
10:24:42.720 INFO: JdwpEventCenterDelegate: THREAD_RESUMED: thread (33, main, main)
10:24:42.721 INFO: JdwpEventCenterDelegate: THREAD_RESUMED: thread (33, main, main)
10:24:42.722 INFO: JdwpEventCenterDelegate: THREAD_RESUMED: thread (33, main, main)
10:24:42.724 INFO: JdwpEventCenterDelegate: THREAD_RESUMED: thread (33, main, main)
10:24:42.725 INFO: JdwpEventCenterDelegate: THREAD_RESUMED: thread (33, main, main)
10:24:42.726 INFO: JdwpEventCenterDelegate: THREAD_RESUMED: thread (33, main, main)
10:24:42.890 INFO: JdwpDebugServer: handling req: ThreadReference(11).Resume(3)
10:24:42.892 INFO: JdwpEventCenterDelegate: THREAD_RESUMED: thread (33, main, main)
10:24:42.915 INFO: JdwpEventCenterDelegate: THREAD_RESUMED: thread (33, main, main)
10:24:42.945 INFO: JdwpEventCenterDelegate: THREAD_RESUMED: thread (33, main, main)
10:24:42.947 INFO: JdwpEventCenterDelegate: THREAD_RESUMED: thread (33, main, main)
10:24:42.948 INFO: JdwpEventCenterDelegate: THREAD_RESUMED: thread (33, main, main)
10:24:42.950 INFO: JdwpEventCenterDelegate: THREAD_RESUMED: thread (33, main, main)
10:24:43.095 INFO: JdwpEventCenterDelegate: THREAD_RESUMED: thread (33, main, main)
10:24:43.097 INFO: JdwpEventCenterDelegate: THREAD_RESUMED: thread (33, main, main)
10:24:43.110 INFO: JdwpEventCenterDelegate: THREAD_RESUMED: thread (33, main, main)
10:24:43.110 INFO: JdwpEventCenterDelegate: THREAD_RESUMED: thread (33, main, main)
10:24:43.114 INFO: JdwpEventCenterDelegate: THREAD_RESUMED: thread (33, main, main)
10:24:43.115 INFO: JdwpEventCenterDelegate: THREAD_RESUMED: thread (33, main, main)
10:24:43.117 INFO: JdwpEventCenterDelegate: THREAD_RESUMED: thread (33, main, main)
10:24:43.118 INFO: JdwpEventCenterDelegate: THREAD_RESUMED: thread (33, main, main)
10:24:43.119 INFO: JdwpEventCenterDelegate: THREAD_RESUMED: thread (33, main, main)
10:24:43.120 INFO: JdwpEventCenterDelegate: THREAD_RESUMED: thread (33, main, main)
10:24:48.542 INFO: JdwpEventCenterDelegate: THREAD_RESUMED: thread (33, main, main)
10:24:48.544 INFO: JdwpEventCenterDelegate: THREAD_RESUMED: thread (33, main, main)
10:24:50.215 INFO: JdwpEventCenterDelegate: THREAD_RESUMED: thread (33, main, main)
10:24:50.216 INFO: JdwpEventCenterDelegate: THREAD_RESUMED: thread (33, main, main)
10:24:50.217 INFO: JdwpEventCenterDelegate: THREAD_RESUMED: thread (33, main, main)
10:24:50.218 INFO: JdwpEventCenterDelegate: THREAD_RESUMED: thread (33, main, main)
10:24:50.223 INFO: JdwpEventCenterDelegate: THREAD_RESUMED: thread (33, main, main)
10:24:50.225 INFO: JdwpEventCenterDelegate: THREAD_RESUMED: thread (33, main, main)
10:24:50.230 INFO: JdwpEventCenterDelegate: THREAD_DETTACHED: thread (33, main, main)
10:24:50.231 SEVERE: Debugger: Thread HooksChannel socket thread crashed
org.robovm.debugger.DebuggerException: java.io.IOException: org.robovm.libimobiledevice.LibIMobileDeviceException: IDEVICE_E_UNKNOWN_ERROR
	at org.robovm.debugger.hooks.HooksChannel.doSocketWork(HooksChannel.java:149)
	at java.base/java.lang.Thread.run(Thread.java:833)
	at org.robovm.debugger.utils.DebuggerThread.run(DebuggerThread.java:42)
Caused by: java.io.IOException: org.robovm.libimobiledevice.LibIMobileDeviceException: IDEVICE_E_UNKNOWN_ERROR
	at org.robovm.libimobiledevice.IDeviceConnection$DeviceInputStream.read(IDeviceConnection.java:203)
	at org.robovm.debugger.utils.bytebuffer.DataBufferWriter.writeFromStream(DataBufferWriter.java:89)
	at org.robovm.debugger.hooks.HooksChannel.doSocketWork(HooksChannel.java:116)
	... 2 more
Caused by: org.robovm.libimobiledevice.LibIMobileDeviceException: IDEVICE_E_UNKNOWN_ERROR
	at org.robovm.libimobiledevice.IDevice.checkResult(IDevice.java:206)
	at org.robovm.libimobiledevice.IDeviceConnection.receive(IDeviceConnection.java:110)
	at org.robovm.libimobiledevice.IDeviceConnection.receive(IDeviceConnection.java:81)
	at org.robovm.libimobiledevice.IDeviceConnection$DeviceInputStream.read(IDeviceConnection.java:201)
	... 4 more
10:24:50.748 SEVERE: Debugger: Thread JDWP server socket thread crashed
org.robovm.debugger.DebuggerException: java.net.SocketException: Socket closed
	at org.robovm.debugger.jdwp.JdwpDebugServer.doSocketWork(JdwpDebugServer.java:215)
	at java.base/java.lang.Thread.run(Thread.java:833)
	at org.robovm.debugger.utils.DebuggerThread.run(DebuggerThread.java:42)
Caused by: java.net.SocketException: Socket closed
	at java.base/sun.nio.ch.NioSocketImpl.endRead(NioSocketImpl.java:248)
	at java.base/sun.nio.ch.NioSocketImpl.implRead(NioSocketImpl.java:327)
	at java.base/sun.nio.ch.NioSocketImpl.read(NioSocketImpl.java:350)
	at java.base/sun.nio.ch.NioSocketImpl$1.read(NioSocketImpl.java:803)
	at java.base/java.net.Socket$SocketInputStream.read(Socket.java:966)
	at org.robovm.debugger.utils.bytebuffer.DataBufferWriter.writeFromStream(DataBufferWriter.java:89)
	at org.robovm.debugger.jdwp.protocol.JdwpRequestHeader.readFromStream(JdwpRequestHeader.java:36)
	at org.robovm.debugger.jdwp.JdwpDebugServer.doSocketWork(JdwpDebugServer.java:185)
	... 2 more
