12:04:04.434 INFO: JdwpEventCenterDelegate: THREAD_STARTED: thread (33, main, main)
12:04:04.442 INFO: JdwpEventCenterDelegate: THREAD_STARTED: thread (48, ReferenceQueueDaemon, main)
12:04:04.449 INFO: JdwpEventCenterDelegate: THREAD_STARTED: thread (63, FinalizerDaemon, main)
12:04:04.456 INFO: JdwpEventCenterDelegate: THREAD_STARTED: thread (78, FinalizerWatchdogDaemon, main)
12:04:08.802 INFO: JdwpDebugServer: handling req: VirtualMachine(1).IDSizes(7)
12:04:08.804 INFO: JdwpDebugServer: handling req: EventRequest(15).Set(1)
12:04:08.804 INFO: JdwpEventCenterDelegate: jdwpSetEventRequest: JdwpEventRequest{requestId=100, eventKind=CLASS_UNLOAD, suspendPolicy=NONE, predicates=[]}
12:04:08.804 INFO: JdwpDebugServer: handling req: EventRequest(15).Set(1)
12:04:08.805 INFO: JdwpEventCenterDelegate: jdwpSetEventRequest: JdwpEventRequest{requestId=101, eventKind=THREAD_START, suspendPolicy=NONE, predicates=[]}
12:04:08.805 INFO: JdwpDebugServer: handling req: VirtualMachine(1).ClassesBySignature(2)
12:04:08.807 INFO: JdwpDebugServer: handling req: VirtualMachine(1).Version(1)
12:04:08.808 INFO: JdwpDebugServer: handling req: ReferenceType(2).MethodsWithGeneric(15)
12:04:08.810 INFO: JdwpDebugServer: handling req: Method(6).LineTable(1)
12:04:08.811 INFO: JdwpDebugServer: handling req: EventRequest(15).Set(1)
12:04:08.811 INFO: JdwpEventCenterDelegate: jdwpSetEventRequest: JdwpEventRequest{requestId=102, eventKind=BREAKPOINT, suspendPolicy=NONE, predicates=[Location{classId=845, methodId=257, index=928} ]}
12:04:08.813 INFO: JdwpDebugServer: handling req: EventRequest(15).Set(1)
12:04:08.813 INFO: JdwpEventCenterDelegate: jdwpSetEventRequest: JdwpEventRequest{requestId=103, eventKind=THREAD_DEATH, suspendPolicy=NONE, predicates=[]}
12:04:08.813 INFO: JdwpDebugServer: handling req: VirtualMachine(1).AllThreads(4)
12:04:08.814 INFO: JdwpDebugServer: handling req: ThreadReference(11).ThreadGroup(5)
12:04:08.814 INFO: JdwpDebugServer: handling req: ThreadGroup(12).Name(1)
12:04:08.815 INFO: JdwpDebugServer: handling req: ThreadGroup(12).Parent(2)
12:04:08.815 INFO: JdwpDebugServer: handling req: ObjectReference(9).ReferenceType(1)
12:04:08.818 INFO: JdwpDebugServer: handling req: ReferenceType(2).FieldsWithGeneric(14)
12:04:08.818 INFO: JdwpDebugServer: handling req: ReferenceType(2).Interfaces(10)
12:04:08.819 INFO: JdwpDebugServer: handling req: ReferenceType(2).FieldsWithGeneric(14)
12:04:08.819 INFO: JdwpDebugServer: handling req: ReferenceType(2).Interfaces(10)
12:04:08.820 INFO: JdwpDebugServer: handling req: ClassType(3).Superclass(1)
12:04:08.820 INFO: JdwpDebugServer: handling req: ReferenceType(2).FieldsWithGeneric(14)
12:04:08.820 INFO: JdwpDebugServer: handling req: ReferenceType(2).Interfaces(10)
12:04:08.820 INFO: JdwpDebugServer: handling req: ClassType(3).Superclass(1)
12:04:08.821 INFO: JdwpDebugServer: handling req: ObjectReference(9).GetValues(2)
12:04:08.824 INFO: JdwpDebugServer: handling req: ThreadReference(11).Status(4)
12:04:08.824 INFO: JdwpDebugServer: handling req: ThreadReference(11).Status(4)
12:04:08.825 INFO: JdwpDebugServer: handling req: ThreadReference(11).ThreadGroup(5)
12:04:08.825 INFO: JdwpDebugServer: handling req: ObjectReference(9).ReferenceType(1)
12:04:08.825 INFO: JdwpDebugServer: handling req: ObjectReference(9).GetValues(2)
12:04:08.827 INFO: JdwpDebugServer: handling req: ThreadReference(11).Status(4)
12:04:08.827 INFO: JdwpDebugServer: handling req: ThreadReference(11).Status(4)
12:04:08.828 INFO: JdwpDebugServer: handling req: ThreadReference(11).ThreadGroup(5)
12:04:08.828 INFO: JdwpDebugServer: handling req: ObjectReference(9).ReferenceType(1)
12:04:08.828 INFO: JdwpDebugServer: handling req: ObjectReference(9).GetValues(2)
12:04:08.830 INFO: JdwpDebugServer: handling req: ThreadReference(11).Status(4)
12:04:08.830 INFO: JdwpDebugServer: handling req: ThreadReference(11).Status(4)
12:04:08.830 INFO: JdwpDebugServer: handling req: ThreadReference(11).ThreadGroup(5)
12:04:08.831 INFO: JdwpDebugServer: handling req: ObjectReference(9).ReferenceType(1)
12:04:08.831 INFO: JdwpDebugServer: handling req: ObjectReference(9).GetValues(2)
12:04:08.834 INFO: JdwpDebugServer: handling req: ThreadReference(11).Status(4)
12:04:08.834 INFO: JdwpDebugServer: handling req: ThreadReference(11).Status(4)
12:04:08.836 INFO: JdwpDebugServer: handling req: EventRequest(15).Set(1)
12:04:08.836 INFO: JdwpEventCenterDelegate: jdwpSetEventRequest: JdwpEventRequest{requestId=104, eventKind=CLASS_PREPARE, suspendPolicy=EVENT_THREAD, predicates=[className=com.badlogic.gdx.graphics.g3d.utils.BaseShaderProvider]}
12:04:08.846 INFO: JdwpDebugServer: handling req: EventRequest(15).Set(1)
12:04:08.846 INFO: JdwpEventCenterDelegate: jdwpSetEventRequest: JdwpEventRequest{requestId=105, eventKind=CLASS_PREPARE, suspendPolicy=EVENT_THREAD, predicates=[className=com.badlogic.gdx.graphics.g3d.utils.BaseShaderProvider$*]}
12:04:08.848 INFO: JdwpDebugServer: handling req: VirtualMachine(1).ClassesBySignature(2)
12:04:08.848 INFO: JdwpDebugServer: handling req: ReferenceType(2).MethodsWithGeneric(15)
12:04:08.848 INFO: JdwpDebugServer: handling req: Method(6).LineTable(1)
12:04:08.849 INFO: JdwpDebugServer: handling req: Method(6).LineTable(1)
12:04:08.849 INFO: JdwpDebugServer: handling req: Method(6).LineTable(1)
12:04:08.849 INFO: JdwpDebugServer: handling req: ReferenceType(2).Signature(1)
12:04:08.853 INFO: JdwpDebugServer: handling req: VirtualMachine(1).capabilitiesNew(17)
12:04:08.854 INFO: JdwpDebugServer: handling req: EventRequest(15).Set(1)
12:04:08.854 INFO: JdwpEventCenterDelegate: jdwpSetEventRequest: JdwpEventRequest{requestId=106, eventKind=CLASS_PREPARE, suspendPolicy=EVENT_THREAD, predicates=[className=java.lang.Error]}
12:04:08.857 INFO: JdwpDebugServer: handling req: EventRequest(15).Set(1)
12:04:08.857 INFO: JdwpEventCenterDelegate: jdwpSetEventRequest: JdwpEventRequest{requestId=107, eventKind=CLASS_PREPARE, suspendPolicy=EVENT_THREAD, predicates=[className=java.lang.Error$*]}
12:04:08.858 INFO: JdwpDebugServer: handling req: VirtualMachine(1).ClassesBySignature(2)
12:04:08.860 INFO: JdwpDebugServer: handling req: EventRequest(15).Set(1)
12:04:08.860 INFO: JdwpEventCenterDelegate: jdwpSetEventRequest: JdwpEventRequest{requestId=108, eventKind=EXCEPTION, suspendPolicy=EVENT_THREAD, predicates=[exceptionType=3425(caught=true, uncaught=true)]}
12:04:08.860 INFO: JdwpDebugServer: handling req: ReferenceType(2).Signature(1)
12:04:08.871 INFO: JdwpDebugServer: handling req: EventRequest(15).Set(1)
12:04:08.872 INFO: JdwpEventCenterDelegate: jdwpSetEventRequest: JdwpEventRequest{requestId=109, eventKind=CLASS_PREPARE, suspendPolicy=EVENT_THREAD, predicates=[className=java.lang.Throwable]}
12:04:08.873 INFO: JdwpDebugServer: handling req: EventRequest(15).Set(1)
12:04:08.874 INFO: JdwpEventCenterDelegate: jdwpSetEventRequest: JdwpEventRequest{requestId=110, eventKind=CLASS_PREPARE, suspendPolicy=EVENT_THREAD, predicates=[className=java.lang.Throwable$*]}
12:04:08.875 INFO: JdwpDebugServer: handling req: VirtualMachine(1).ClassesBySignature(2)
12:04:08.875 INFO: JdwpDebugServer: handling req: EventRequest(15).Set(1)
12:04:08.875 INFO: JdwpEventCenterDelegate: jdwpSetEventRequest: JdwpEventRequest{requestId=111, eventKind=EXCEPTION, suspendPolicy=EVENT_THREAD, predicates=[exceptionType=7695(caught=false, uncaught=true)]}
12:04:08.875 INFO: JdwpDebugServer: handling req: ReferenceType(2).Signature(1)
12:04:08.878 INFO: JdwpDebugServer: handling req: ThreadReference(11).SuspendCount(12)
12:04:08.878 INFO: JdwpDebugServer: handling req: ThreadReference(11).SuspendCount(12)
12:04:08.879 INFO: JdwpDebugServer: handling req: ThreadReference(11).SuspendCount(12)
12:04:08.879 INFO: JdwpDebugServer: handling req: ThreadReference(11).SuspendCount(12)
12:04:08.879 INFO: JdwpDebugServer: handling req: VirtualMachine(1).AllThreads(4)
12:04:08.879 INFO: JdwpDebugServer: handling req: VirtualMachine(1).Resume(9)
12:04:08.934 INFO: JdwpEventCenterDelegate: THREAD_RESUMED: thread (33, main, main)
12:04:08.935 INFO: JdwpEventCenterDelegate: THREAD_RESUMED: thread (33, main, main)
12:04:08.936 INFO: JdwpEventCenterDelegate: THREAD_RESUMED: thread (33, main, main)
12:04:08.937 INFO: JdwpEventCenterDelegate: THREAD_RESUMED: thread (33, main, main)
12:04:08.938 INFO: JdwpEventCenterDelegate: THREAD_RESUMED: thread (33, main, main)
12:04:08.939 INFO: JdwpEventCenterDelegate: THREAD_RESUMED: thread (33, main, main)
12:04:08.940 INFO: JdwpEventCenterDelegate: THREAD_RESUMED: thread (33, main, main)
12:04:08.941 INFO: JdwpEventCenterDelegate: THREAD_RESUMED: thread (33, main, main)
12:04:08.955 INFO: JdwpEventCenterDelegate: THREAD_RESUMED: thread (33, main, main)
12:04:08.966 INFO: JdwpEventCenterDelegate: THREAD_RESUMED: thread (33, main, main)
12:04:08.968 INFO: JdwpEventCenterDelegate: THREAD_RESUMED: thread (33, main, main)
12:04:08.969 INFO: JdwpEventCenterDelegate: THREAD_RESUMED: thread (33, main, main)
12:04:08.970 INFO: JdwpEventCenterDelegate: THREAD_RESUMED: thread (33, main, main)
12:04:08.971 INFO: JdwpEventCenterDelegate: THREAD_RESUMED: thread (33, main, main)
12:04:08.972 INFO: JdwpEventCenterDelegate: THREAD_RESUMED: thread (33, main, main)
12:04:08.973 INFO: JdwpEventCenterDelegate: THREAD_RESUMED: thread (33, main, main)
12:04:08.974 INFO: JdwpEventCenterDelegate: THREAD_RESUMED: thread (33, main, main)
12:04:08.975 INFO: JdwpEventCenterDelegate: THREAD_RESUMED: thread (33, main, main)
12:04:08.979 INFO: JdwpEventCenterDelegate: THREAD_RESUMED: thread (33, main, main)
12:04:08.980 INFO: JdwpEventCenterDelegate: THREAD_RESUMED: thread (33, main, main)
12:04:08.982 INFO: JdwpEventCenterDelegate: THREAD_RESUMED: thread (33, main, main)
12:04:08.982 INFO: JdwpEventCenterDelegate: THREAD_RESUMED: thread (33, main, main)
12:04:08.984 INFO: JdwpEventCenterDelegate: THREAD_RESUMED: thread (33, main, main)
12:04:08.985 INFO: JdwpEventCenterDelegate: THREAD_RESUMED: thread (33, main, main)
12:04:08.986 INFO: JdwpEventCenterDelegate: THREAD_RESUMED: thread (33, main, main)
12:04:09.027 INFO: JdwpEventCenterDelegate: THREAD_RESUMED: thread (33, main, main)
12:04:09.028 INFO: JdwpEventCenterDelegate: THREAD_RESUMED: thread (33, main, main)
12:04:09.029 INFO: JdwpEventCenterDelegate: THREAD_RESUMED: thread (33, main, main)
12:04:09.030 INFO: JdwpEventCenterDelegate: THREAD_RESUMED: thread (33, main, main)
12:04:09.031 INFO: JdwpEventCenterDelegate: THREAD_RESUMED: thread (33, main, main)
12:04:09.032 INFO: JdwpEventCenterDelegate: THREAD_RESUMED: thread (33, main, main)
12:04:09.033 INFO: JdwpEventCenterDelegate: THREAD_RESUMED: thread (33, main, main)
12:04:09.040 INFO: JdwpEventCenterDelegate: THREAD_RESUMED: thread (33, main, main)
12:04:09.041 INFO: JdwpEventCenterDelegate: THREAD_RESUMED: thread (33, main, main)
12:04:09.042 INFO: JdwpEventCenterDelegate: THREAD_RESUMED: thread (33, main, main)
12:04:09.043 INFO: JdwpEventCenterDelegate: THREAD_RESUMED: thread (33, main, main)
12:04:09.044 INFO: JdwpEventCenterDelegate: THREAD_RESUMED: thread (33, main, main)
12:04:09.045 INFO: JdwpEventCenterDelegate: THREAD_RESUMED: thread (33, main, main)
12:04:09.047 INFO: JdwpEventCenterDelegate: THREAD_RESUMED: thread (33, main, main)
12:04:09.076 INFO: JdwpEventCenterDelegate: THREAD_RESUMED: thread (33, main, main)
12:04:09.078 INFO: JdwpEventCenterDelegate: THREAD_RESUMED: thread (33, main, main)
12:04:09.079 INFO: JdwpEventCenterDelegate: THREAD_RESUMED: thread (33, main, main)
12:04:09.080 INFO: JdwpEventCenterDelegate: THREAD_RESUMED: thread (33, main, main)
12:04:09.081 INFO: JdwpEventCenterDelegate: THREAD_RESUMED: thread (33, main, main)
12:04:09.083 INFO: JdwpEventCenterDelegate: THREAD_RESUMED: thread (33, main, main)
12:04:09.084 INFO: JdwpEventCenterDelegate: THREAD_RESUMED: thread (33, main, main)
12:04:09.098 INFO: JdwpEventCenterDelegate: THREAD_RESUMED: thread (33, main, main)
12:04:09.100 INFO: JdwpEventCenterDelegate: THREAD_RESUMED: thread (33, main, main)
12:04:09.101 INFO: JdwpEventCenterDelegate: THREAD_RESUMED: thread (33, main, main)
12:04:09.102 INFO: JdwpEventCenterDelegate: THREAD_RESUMED: thread (33, main, main)
12:04:09.103 INFO: JdwpEventCenterDelegate: THREAD_RESUMED: thread (33, main, main)
12:04:09.104 INFO: JdwpEventCenterDelegate: THREAD_RESUMED: thread (33, main, main)
12:04:09.106 INFO: JdwpEventCenterDelegate: THREAD_RESUMED: thread (33, main, main)
12:04:09.114 INFO: JdwpEventCenterDelegate: THREAD_RESUMED: thread (33, main, main)
12:04:09.115 INFO: JdwpEventCenterDelegate: THREAD_RESUMED: thread (33, main, main)
12:04:09.117 INFO: JdwpEventCenterDelegate: THREAD_RESUMED: thread (33, main, main)
12:04:09.118 INFO: JdwpEventCenterDelegate: THREAD_RESUMED: thread (33, main, main)
12:04:09.120 INFO: JdwpEventCenterDelegate: THREAD_RESUMED: thread (33, main, main)
12:04:09.122 INFO: JdwpEventCenterDelegate: THREAD_RESUMED: thread (33, main, main)
12:04:09.123 INFO: JdwpEventCenterDelegate: THREAD_RESUMED: thread (33, main, main)
12:04:09.132 INFO: JdwpEventCenterDelegate: THREAD_RESUMED: thread (33, main, main)
12:04:09.133 INFO: JdwpEventCenterDelegate: THREAD_RESUMED: thread (33, main, main)
12:04:09.135 INFO: JdwpEventCenterDelegate: THREAD_RESUMED: thread (33, main, main)
12:04:09.136 INFO: JdwpEventCenterDelegate: THREAD_RESUMED: thread (33, main, main)
12:04:09.137 INFO: JdwpEventCenterDelegate: THREAD_RESUMED: thread (33, main, main)
12:04:09.138 INFO: JdwpEventCenterDelegate: THREAD_RESUMED: thread (33, main, main)
12:04:09.139 INFO: JdwpEventCenterDelegate: THREAD_RESUMED: thread (33, main, main)
12:04:09.141 INFO: JdwpEventCenterDelegate: THREAD_RESUMED: thread (33, main, main)
12:04:09.142 INFO: JdwpEventCenterDelegate: THREAD_RESUMED: thread (33, main, main)
12:04:09.143 INFO: JdwpEventCenterDelegate: THREAD_RESUMED: thread (33, main, main)
12:04:09.145 INFO: JdwpEventCenterDelegate: THREAD_RESUMED: thread (33, main, main)
12:04:09.146 INFO: JdwpEventCenterDelegate: THREAD_RESUMED: thread (33, main, main)
12:04:09.147 INFO: JdwpEventCenterDelegate: THREAD_RESUMED: thread (33, main, main)
12:04:09.149 INFO: JdwpEventCenterDelegate: THREAD_RESUMED: thread (33, main, main)
12:04:09.150 INFO: JdwpEventCenterDelegate: THREAD_RESUMED: thread (33, main, main)
12:04:09.152 INFO: JdwpEventCenterDelegate: THREAD_RESUMED: thread (33, main, main)
12:04:09.154 INFO: JdwpEventCenterDelegate: THREAD_RESUMED: thread (33, main, main)
12:04:09.155 INFO: JdwpEventCenterDelegate: THREAD_RESUMED: thread (33, main, main)
12:04:09.159 INFO: JdwpEventCenterDelegate: THREAD_RESUMED: thread (33, main, main)
12:04:09.160 INFO: JdwpEventCenterDelegate: THREAD_RESUMED: thread (33, main, main)
12:04:09.374 INFO: JdwpEventCenterDelegate: THREAD_RESUMED: thread (33, main, main)
12:04:09.375 INFO: JdwpEventCenterDelegate: THREAD_RESUMED: thread (33, main, main)
12:04:09.389 INFO: JdwpEventCenterDelegate: THREAD_RESUMED: thread (33, main, main)
12:04:09.390 INFO: JdwpEventCenterDelegate: THREAD_RESUMED: thread (33, main, main)
12:04:09.391 INFO: JdwpEventCenterDelegate: THREAD_RESUMED: thread (33, main, main)
12:04:09.392 INFO: JdwpEventCenterDelegate: THREAD_RESUMED: thread (33, main, main)
12:04:09.397 INFO: JdwpEventCenterDelegate: THREAD_RESUMED: thread (33, main, main)
12:04:09.398 INFO: JdwpEventCenterDelegate: THREAD_RESUMED: thread (33, main, main)
12:04:09.409 INFO: JdwpDebugServer: handling req: ThreadReference(11).Name(1)
12:04:09.411 INFO: JdwpDebugServer: handling req: ThreadReference(11).Name(1)
12:04:09.411 INFO: JdwpDebugServer: handling req: ThreadReference(11).Name(1)
12:04:09.411 INFO: JdwpDebugServer: handling req: ThreadReference(11).Name(1)
12:04:09.448 INFO: JdwpEventCenterDelegate: THREAD_RESUMED: thread (33, main, main)
12:04:09.635 INFO: JdwpDebugServer: handling req: ThreadReference(11).Resume(3)
12:04:09.636 INFO: JdwpEventCenterDelegate: THREAD_RESUMED: thread (33, main, main)
12:04:09.640 INFO: JdwpEventCenterDelegate: THREAD_RESUMED: thread (33, main, main)
12:04:09.641 INFO: JdwpEventCenterDelegate: THREAD_RESUMED: thread (33, main, main)
12:04:09.643 INFO: JdwpEventCenterDelegate: THREAD_RESUMED: thread (33, main, main)
12:04:09.644 INFO: JdwpEventCenterDelegate: THREAD_RESUMED: thread (33, main, main)
12:04:09.645 INFO: JdwpEventCenterDelegate: THREAD_RESUMED: thread (33, main, main)
12:04:09.646 INFO: JdwpEventCenterDelegate: THREAD_RESUMED: thread (33, main, main)
12:04:09.654 INFO: JdwpEventCenterDelegate: THREAD_RESUMED: thread (33, main, main)
12:04:09.656 INFO: JdwpEventCenterDelegate: THREAD_RESUMED: thread (33, main, main)
12:04:09.658 INFO: JdwpEventCenterDelegate: THREAD_RESUMED: thread (33, main, main)
12:04:09.659 INFO: JdwpEventCenterDelegate: THREAD_RESUMED: thread (33, main, main)
12:04:09.660 INFO: JdwpEventCenterDelegate: THREAD_RESUMED: thread (33, main, main)
12:04:09.662 INFO: JdwpEventCenterDelegate: THREAD_RESUMED: thread (33, main, main)
12:04:09.664 INFO: JdwpEventCenterDelegate: THREAD_RESUMED: thread (33, main, main)
12:04:09.681 INFO: JdwpEventCenterDelegate: THREAD_RESUMED: thread (33, main, main)
12:04:09.697 INFO: JdwpEventCenterDelegate: THREAD_RESUMED: thread (33, main, main)
12:04:09.711 INFO: JdwpEventCenterDelegate: THREAD_RESUMED: thread (33, main, main)
12:04:09.721 INFO: JdwpEventCenterDelegate: THREAD_RESUMED: thread (33, main, main)
12:04:09.736 INFO: JdwpEventCenterDelegate: THREAD_RESUMED: thread (33, main, main)
12:04:09.761 INFO: JdwpEventCenterDelegate: THREAD_RESUMED: thread (33, main, main)
12:04:09.767 INFO: JdwpEventCenterDelegate: THREAD_RESUMED: thread (33, main, main)
12:04:09.773 INFO: JdwpEventCenterDelegate: THREAD_RESUMED: thread (33, main, main)
12:04:09.778 INFO: JdwpEventCenterDelegate: THREAD_RESUMED: thread (33, main, main)
12:04:09.783 INFO: JdwpEventCenterDelegate: THREAD_RESUMED: thread (33, main, main)
12:04:09.789 INFO: JdwpEventCenterDelegate: THREAD_RESUMED: thread (33, main, main)
12:04:09.798 INFO: JdwpEventCenterDelegate: THREAD_RESUMED: thread (33, main, main)
12:04:09.803 INFO: JdwpEventCenterDelegate: THREAD_RESUMED: thread (33, main, main)
12:04:09.809 INFO: JdwpEventCenterDelegate: THREAD_RESUMED: thread (33, main, main)
12:04:09.814 INFO: JdwpEventCenterDelegate: THREAD_RESUMED: thread (33, main, main)
12:04:09.819 INFO: JdwpEventCenterDelegate: THREAD_RESUMED: thread (33, main, main)
12:04:09.825 INFO: JdwpEventCenterDelegate: THREAD_RESUMED: thread (33, main, main)
12:04:09.831 INFO: JdwpEventCenterDelegate: THREAD_RESUMED: thread (33, main, main)
12:04:09.833 INFO: JdwpEventCenterDelegate: THREAD_RESUMED: thread (33, main, main)
12:04:09.836 INFO: JdwpEventCenterDelegate: THREAD_RESUMED: thread (33, main, main)
12:04:09.839 INFO: JdwpEventCenterDelegate: THREAD_RESUMED: thread (33, main, main)
12:04:09.841 INFO: JdwpEventCenterDelegate: THREAD_RESUMED: thread (33, main, main)
12:04:09.844 INFO: JdwpEventCenterDelegate: THREAD_RESUMED: thread (33, main, main)
12:04:09.846 INFO: JdwpEventCenterDelegate: THREAD_RESUMED: thread (33, main, main)
12:04:09.848 INFO: JdwpEventCenterDelegate: THREAD_RESUMED: thread (33, main, main)
12:04:09.850 INFO: JdwpEventCenterDelegate: THREAD_RESUMED: thread (33, main, main)
12:04:09.851 INFO: JdwpEventCenterDelegate: THREAD_RESUMED: thread (33, main, main)
12:04:09.854 INFO: JdwpEventCenterDelegate: THREAD_RESUMED: thread (33, main, main)
12:04:09.856 INFO: JdwpEventCenterDelegate: THREAD_RESUMED: thread (33, main, main)
12:04:09.858 INFO: JdwpEventCenterDelegate: THREAD_RESUMED: thread (33, main, main)
12:04:09.860 INFO: JdwpEventCenterDelegate: THREAD_RESUMED: thread (33, main, main)
12:04:09.861 INFO: JdwpEventCenterDelegate: THREAD_RESUMED: thread (33, main, main)
12:04:09.863 INFO: JdwpEventCenterDelegate: THREAD_RESUMED: thread (33, main, main)
12:04:09.864 INFO: JdwpEventCenterDelegate: THREAD_RESUMED: thread (33, main, main)
12:04:09.866 INFO: JdwpEventCenterDelegate: THREAD_RESUMED: thread (33, main, main)
12:04:09.868 INFO: JdwpEventCenterDelegate: THREAD_RESUMED: thread (33, main, main)
12:04:09.869 INFO: JdwpEventCenterDelegate: THREAD_RESUMED: thread (33, main, main)
12:04:09.871 INFO: JdwpEventCenterDelegate: THREAD_RESUMED: thread (33, main, main)
12:04:09.873 INFO: JdwpEventCenterDelegate: THREAD_RESUMED: thread (33, main, main)
12:04:09.874 INFO: JdwpEventCenterDelegate: THREAD_RESUMED: thread (33, main, main)
12:04:09.876 INFO: JdwpEventCenterDelegate: THREAD_RESUMED: thread (33, main, main)
12:04:09.877 INFO: JdwpEventCenterDelegate: THREAD_RESUMED: thread (33, main, main)
12:04:09.879 INFO: JdwpEventCenterDelegate: THREAD_RESUMED: thread (33, main, main)
12:04:09.881 INFO: JdwpEventCenterDelegate: THREAD_RESUMED: thread (33, main, main)
12:04:09.882 INFO: JdwpEventCenterDelegate: THREAD_RESUMED: thread (33, main, main)
12:04:09.884 INFO: JdwpEventCenterDelegate: THREAD_RESUMED: thread (33, main, main)
12:04:09.886 INFO: JdwpEventCenterDelegate: THREAD_RESUMED: thread (33, main, main)
12:04:09.887 INFO: JdwpEventCenterDelegate: THREAD_RESUMED: thread (33, main, main)
12:04:09.889 INFO: JdwpEventCenterDelegate: THREAD_RESUMED: thread (33, main, main)
12:04:09.890 INFO: JdwpEventCenterDelegate: THREAD_RESUMED: thread (33, main, main)
12:04:09.892 INFO: JdwpEventCenterDelegate: THREAD_RESUMED: thread (33, main, main)
12:04:09.894 INFO: JdwpEventCenterDelegate: THREAD_RESUMED: thread (33, main, main)
12:04:09.895 INFO: JdwpEventCenterDelegate: THREAD_RESUMED: thread (33, main, main)
12:04:09.897 INFO: JdwpEventCenterDelegate: THREAD_RESUMED: thread (33, main, main)
12:04:09.899 INFO: JdwpEventCenterDelegate: THREAD_RESUMED: thread (33, main, main)
12:04:09.900 INFO: JdwpEventCenterDelegate: THREAD_RESUMED: thread (33, main, main)
12:04:09.902 INFO: JdwpEventCenterDelegate: THREAD_RESUMED: thread (33, main, main)
12:04:09.903 INFO: JdwpEventCenterDelegate: THREAD_RESUMED: thread (33, main, main)
12:04:09.905 INFO: JdwpEventCenterDelegate: THREAD_RESUMED: thread (33, main, main)
12:04:09.907 INFO: JdwpEventCenterDelegate: THREAD_RESUMED: thread (33, main, main)
12:04:09.908 INFO: JdwpEventCenterDelegate: THREAD_RESUMED: thread (33, main, main)
12:04:09.910 INFO: JdwpEventCenterDelegate: THREAD_RESUMED: thread (33, main, main)
12:04:09.911 INFO: JdwpEventCenterDelegate: THREAD_RESUMED: thread (33, main, main)
12:04:09.913 INFO: JdwpEventCenterDelegate: THREAD_RESUMED: thread (33, main, main)
12:04:09.915 INFO: JdwpEventCenterDelegate: THREAD_RESUMED: thread (33, main, main)
12:04:09.916 INFO: JdwpEventCenterDelegate: THREAD_RESUMED: thread (33, main, main)
12:04:09.918 INFO: JdwpEventCenterDelegate: THREAD_RESUMED: thread (33, main, main)
12:04:09.920 INFO: JdwpEventCenterDelegate: THREAD_RESUMED: thread (33, main, main)
12:04:09.921 INFO: JdwpEventCenterDelegate: THREAD_RESUMED: thread (33, main, main)
12:04:09.923 INFO: JdwpEventCenterDelegate: THREAD_RESUMED: thread (33, main, main)
12:04:09.925 INFO: JdwpEventCenterDelegate: THREAD_RESUMED: thread (33, main, main)
12:04:10.078 INFO: JdwpEventCenterDelegate: THREAD_RESUMED: thread (33, main, main)
12:04:10.105 INFO: JdwpEventCenterDelegate: THREAD_RESUMED: thread (33, main, main)
12:04:10.106 INFO: JdwpEventCenterDelegate: THREAD_RESUMED: thread (33, main, main)
12:04:10.107 INFO: JdwpEventCenterDelegate: THREAD_RESUMED: thread (33, main, main)
12:04:10.109 INFO: JdwpEventCenterDelegate: THREAD_RESUMED: thread (33, main, main)
12:04:10.254 INFO: JdwpEventCenterDelegate: THREAD_RESUMED: thread (33, main, main)
12:04:10.256 INFO: JdwpEventCenterDelegate: THREAD_RESUMED: thread (33, main, main)
12:04:10.269 INFO: JdwpEventCenterDelegate: THREAD_RESUMED: thread (33, main, main)
12:04:10.270 INFO: JdwpEventCenterDelegate: THREAD_RESUMED: thread (33, main, main)
12:04:10.274 INFO: JdwpEventCenterDelegate: THREAD_RESUMED: thread (33, main, main)
12:04:10.275 INFO: JdwpEventCenterDelegate: THREAD_RESUMED: thread (33, main, main)
12:04:10.276 INFO: JdwpEventCenterDelegate: THREAD_RESUMED: thread (33, main, main)
12:04:10.277 INFO: JdwpEventCenterDelegate: THREAD_RESUMED: thread (33, main, main)
12:04:10.279 INFO: JdwpEventCenterDelegate: THREAD_RESUMED: thread (33, main, main)
12:04:10.281 INFO: JdwpEventCenterDelegate: THREAD_RESUMED: thread (33, main, main)
12:04:13.537 INFO: JdwpEventCenterDelegate: THREAD_RESUMED: thread (33, main, main)
12:04:13.539 INFO: JdwpEventCenterDelegate: THREAD_RESUMED: thread (33, main, main)
12:04:13.740 INFO: JdwpEventCenterDelegate: THREAD_RESUMED: thread (33, main, main)
12:04:13.742 INFO: JdwpEventCenterDelegate: THREAD_RESUMED: thread (33, main, main)
12:04:13.744 INFO: JdwpEventCenterDelegate: THREAD_RESUMED: thread (33, main, main)
12:04:13.746 INFO: JdwpEventCenterDelegate: THREAD_RESUMED: thread (33, main, main)
12:04:13.748 INFO: JdwpEventCenterDelegate: THREAD_RESUMED: thread (33, main, main)
12:04:13.750 INFO: JdwpEventCenterDelegate: THREAD_RESUMED: thread (33, main, main)
12:04:13.754 INFO: JdwpEventCenterDelegate: THREAD_RESUMED: thread (33, main, main)
12:04:13.756 INFO: JdwpEventCenterDelegate: THREAD_RESUMED: thread (33, main, main)
12:04:13.758 INFO: JdwpEventCenterDelegate: THREAD_RESUMED: thread (33, main, main)
12:04:13.767 INFO: JdwpEventCenterDelegate: THREAD_RESUMED: thread (33, main, main)
12:04:13.769 INFO: JdwpEventCenterDelegate: THREAD_RESUMED: thread (33, main, main)
12:04:13.771 INFO: JdwpEventCenterDelegate: THREAD_RESUMED: thread (33, main, main)
12:04:28.884 INFO: JdwpDebugServer: handling req: VirtualMachine(1).Exit(10)
12:04:28.885 SEVERE: Debugger: Thread JDWP server socket thread crashed
org.robovm.debugger.DebuggerException: Terminating due exit command
	at org.robovm.debugger.jdwp.JdwpDebugServer.doSocketWork(JdwpDebugServer.java:211)
	at java.base/java.lang.Thread.run(Thread.java:833)
	at org.robovm.debugger.utils.DebuggerThread.run(DebuggerThread.java:42)
12:04:29.393 SEVERE: Debugger: Thread HooksChannel socket thread crashed
org.robovm.debugger.DebuggerException: java.io.IOException: org.robovm.libimobiledevice.LibIMobileDeviceException: IDEVICE_E_UNKNOWN_ERROR
	at org.robovm.debugger.hooks.HooksChannel.doSocketWork(HooksChannel.java:149)
	at java.base/java.lang.Thread.run(Thread.java:833)
	at org.robovm.debugger.utils.DebuggerThread.run(DebuggerThread.java:42)
Caused by: java.io.IOException: org.robovm.libimobiledevice.LibIMobileDeviceException: IDEVICE_E_UNKNOWN_ERROR
	at org.robovm.libimobiledevice.IDeviceConnection$DeviceInputStream.read(IDeviceConnection.java:203)
	at org.robovm.debugger.utils.bytebuffer.DataBufferWriter.writeFromStream(DataBufferWriter.java:89)
	at org.robovm.debugger.hooks.HooksChannel.doSocketWork(HooksChannel.java:116)
	... 2 more
Caused by: org.robovm.libimobiledevice.LibIMobileDeviceException: IDEVICE_E_UNKNOWN_ERROR
	at org.robovm.libimobiledevice.IDevice.checkResult(IDevice.java:206)
	at org.robovm.libimobiledevice.IDeviceConnection.receive(IDeviceConnection.java:110)
	at org.robovm.libimobiledevice.IDeviceConnection.receive(IDeviceConnection.java:81)
	at org.robovm.libimobiledevice.IDeviceConnection$DeviceInputStream.read(IDeviceConnection.java:201)
	... 4 more
