10:25:45.868 INFO: JdwpEventCenterDelegate: THREAD_STARTED: thread (33, main, main)
10:25:45.882 INFO: JdwpEventCenterDelegate: THREAD_STARTED: thread (48, ReferenceQueueDaemon, main)
10:25:45.889 INFO: JdwpEventCenterDelegate: THREAD_STARTED: thread (63, FinalizerDaemon, main)
10:25:45.895 INFO: JdwpEventCenterDelegate: THREAD_STARTED: thread (78, FinalizerWatchdogDaemon, main)
10:25:50.023 INFO: JdwpDebugServer: handling req: VirtualMachine(1).IDSizes(7)
10:25:50.025 INFO: JdwpDebugServer: handling req: EventRequest(15).Set(1)
10:25:50.025 INFO: JdwpEventCenterDelegate: jdwpSetEventRequest: JdwpEventRequest{requestId=100, eventKind=CLASS_UNLOAD, suspendPolicy=NONE, predicates=[]}
10:25:50.026 INFO: JdwpDebugServer: handling req: EventRequest(15).Set(1)
10:25:50.026 INFO: JdwpEventCenterDelegate: jdwpSetEventRequest: JdwpEventRequest{requestId=101, eventKind=THREAD_START, suspendPolicy=NONE, predicates=[]}
10:25:50.027 INFO: JdwpDebugServer: handling req: VirtualMachine(1).ClassesBySignature(2)
10:25:50.028 INFO: JdwpDebugServer: handling req: VirtualMachine(1).Version(1)
10:25:50.029 INFO: JdwpDebugServer: handling req: ReferenceType(2).MethodsWithGeneric(15)
10:25:50.030 INFO: JdwpDebugServer: handling req: Method(6).LineTable(1)
10:25:50.031 INFO: JdwpDebugServer: handling req: EventRequest(15).Set(1)
10:25:50.031 INFO: JdwpEventCenterDelegate: jdwpSetEventRequest: JdwpEventRequest{requestId=102, eventKind=BREAKPOINT, suspendPolicy=NONE, predicates=[Location{classId=845, methodId=257, index=928} ]}
10:25:50.032 INFO: JdwpDebugServer: handling req: EventRequest(15).Set(1)
10:25:50.032 INFO: JdwpEventCenterDelegate: jdwpSetEventRequest: JdwpEventRequest{requestId=103, eventKind=THREAD_DEATH, suspendPolicy=NONE, predicates=[]}
10:25:50.033 INFO: JdwpDebugServer: handling req: VirtualMachine(1).AllThreads(4)
10:25:50.033 INFO: JdwpDebugServer: handling req: ThreadReference(11).ThreadGroup(5)
10:25:50.033 INFO: JdwpDebugServer: handling req: ThreadGroup(12).Name(1)
10:25:50.034 INFO: JdwpDebugServer: handling req: ThreadGroup(12).Parent(2)
10:25:50.034 INFO: JdwpDebugServer: handling req: ObjectReference(9).ReferenceType(1)
10:25:50.034 INFO: JdwpDebugServer: handling req: ReferenceType(2).FieldsWithGeneric(14)
10:25:50.035 INFO: JdwpDebugServer: handling req: ReferenceType(2).Interfaces(10)
10:25:50.035 INFO: JdwpDebugServer: handling req: ReferenceType(2).FieldsWithGeneric(14)
10:25:50.035 INFO: JdwpDebugServer: handling req: ReferenceType(2).Interfaces(10)
10:25:50.035 INFO: JdwpDebugServer: handling req: ClassType(3).Superclass(1)
10:25:50.036 INFO: JdwpDebugServer: handling req: ReferenceType(2).FieldsWithGeneric(14)
10:25:50.036 INFO: JdwpDebugServer: handling req: ReferenceType(2).Interfaces(10)
10:25:50.036 INFO: JdwpDebugServer: handling req: ClassType(3).Superclass(1)
10:25:50.036 INFO: JdwpDebugServer: handling req: ObjectReference(9).GetValues(2)
10:25:50.038 INFO: JdwpDebugServer: handling req: ThreadReference(11).Status(4)
10:25:50.038 INFO: JdwpDebugServer: handling req: ThreadReference(11).Status(4)
10:25:50.038 INFO: JdwpDebugServer: handling req: ThreadReference(11).ThreadGroup(5)
10:25:50.040 INFO: JdwpDebugServer: handling req: ObjectReference(9).ReferenceType(1)
10:25:50.040 INFO: JdwpDebugServer: handling req: ObjectReference(9).GetValues(2)
10:25:50.041 INFO: JdwpDebugServer: handling req: ThreadReference(11).Status(4)
10:25:50.042 INFO: JdwpDebugServer: handling req: ThreadReference(11).Status(4)
10:25:50.042 INFO: JdwpDebugServer: handling req: ThreadReference(11).ThreadGroup(5)
10:25:50.042 INFO: JdwpDebugServer: handling req: ObjectReference(9).ReferenceType(1)
10:25:50.042 INFO: JdwpDebugServer: handling req: ObjectReference(9).GetValues(2)
10:25:50.044 INFO: JdwpDebugServer: handling req: ThreadReference(11).Status(4)
10:25:50.044 INFO: JdwpDebugServer: handling req: ThreadReference(11).Status(4)
10:25:50.044 INFO: JdwpDebugServer: handling req: ThreadReference(11).ThreadGroup(5)
10:25:50.044 INFO: JdwpDebugServer: handling req: ObjectReference(9).ReferenceType(1)
10:25:50.044 INFO: JdwpDebugServer: handling req: ObjectReference(9).GetValues(2)
10:25:50.046 INFO: JdwpDebugServer: handling req: ThreadReference(11).Status(4)
10:25:50.046 INFO: JdwpDebugServer: handling req: ThreadReference(11).Status(4)
10:25:50.047 INFO: JdwpDebugServer: handling req: EventRequest(15).Set(1)
10:25:50.047 INFO: JdwpEventCenterDelegate: jdwpSetEventRequest: JdwpEventRequest{requestId=104, eventKind=CLASS_PREPARE, suspendPolicy=EVENT_THREAD, predicates=[className=com.abdalla.bushnaq.pluvia.engine.AudioManager]}
10:25:50.052 INFO: JdwpDebugServer: handling req: EventRequest(15).Set(1)
10:25:50.052 INFO: JdwpEventCenterDelegate: jdwpSetEventRequest: JdwpEventRequest{requestId=105, eventKind=CLASS_PREPARE, suspendPolicy=EVENT_THREAD, predicates=[className=com.abdalla.bushnaq.pluvia.engine.AudioManager$*]}
10:25:50.054 INFO: JdwpDebugServer: handling req: VirtualMachine(1).ClassesBySignature(2)
10:25:50.054 INFO: JdwpDebugServer: handling req: ReferenceType(2).MethodsWithGeneric(15)
10:25:50.055 INFO: JdwpDebugServer: handling req: Method(6).LineTable(1)
10:25:50.055 INFO: JdwpDebugServer: handling req: Method(6).LineTable(1)
10:25:50.056 INFO: JdwpDebugServer: handling req: Method(6).LineTable(1)
10:25:50.056 INFO: JdwpDebugServer: handling req: Method(6).LineTable(1)
10:25:50.056 INFO: JdwpDebugServer: handling req: VirtualMachine(1).ClassesBySignature(2)
10:25:50.057 INFO: JdwpDebugServer: handling req: VirtualMachine(1).AllClassesWithGeneric(20)
10:25:50.069 INFO: JdwpDebugServer: handling req: VirtualMachine(1).capabilitiesNew(17)
10:25:50.073 INFO: JdwpDebugServer: handling req: EventRequest(15).Set(1)
10:25:50.073 INFO: JdwpEventCenterDelegate: jdwpSetEventRequest: JdwpEventRequest{requestId=106, eventKind=CLASS_PREPARE, suspendPolicy=EVENT_THREAD, predicates=[className=java.lang.Error]}
10:25:50.075 INFO: JdwpDebugServer: handling req: EventRequest(15).Set(1)
10:25:50.075 INFO: JdwpEventCenterDelegate: jdwpSetEventRequest: JdwpEventRequest{requestId=107, eventKind=CLASS_PREPARE, suspendPolicy=EVENT_THREAD, predicates=[className=java.lang.Error$*]}
10:25:50.076 INFO: JdwpDebugServer: handling req: VirtualMachine(1).ClassesBySignature(2)
10:25:50.077 INFO: JdwpDebugServer: handling req: EventRequest(15).Set(1)
10:25:50.077 INFO: JdwpEventCenterDelegate: jdwpSetEventRequest: JdwpEventRequest{requestId=108, eventKind=EXCEPTION, suspendPolicy=EVENT_THREAD, predicates=[exceptionType=3425(caught=true, uncaught=true)]}
10:25:50.084 INFO: JdwpDebugServer: handling req: EventRequest(15).Set(1)
10:25:50.084 INFO: JdwpEventCenterDelegate: jdwpSetEventRequest: JdwpEventRequest{requestId=109, eventKind=CLASS_PREPARE, suspendPolicy=EVENT_THREAD, predicates=[className=java.lang.Throwable]}
10:25:50.086 INFO: JdwpDebugServer: handling req: EventRequest(15).Set(1)
10:25:50.086 INFO: JdwpEventCenterDelegate: jdwpSetEventRequest: JdwpEventRequest{requestId=110, eventKind=CLASS_PREPARE, suspendPolicy=EVENT_THREAD, predicates=[className=java.lang.Throwable$*]}
10:25:50.087 INFO: JdwpDebugServer: handling req: VirtualMachine(1).ClassesBySignature(2)
10:25:50.087 INFO: JdwpDebugServer: handling req: EventRequest(15).Set(1)
10:25:50.087 INFO: JdwpEventCenterDelegate: jdwpSetEventRequest: JdwpEventRequest{requestId=111, eventKind=EXCEPTION, suspendPolicy=EVENT_THREAD, predicates=[exceptionType=7695(caught=false, uncaught=true)]}
10:25:50.088 INFO: JdwpDebugServer: handling req: ThreadReference(11).SuspendCount(12)
10:25:50.088 INFO: JdwpDebugServer: handling req: ThreadReference(11).SuspendCount(12)
10:25:50.089 INFO: JdwpDebugServer: handling req: ThreadReference(11).SuspendCount(12)
10:25:50.089 INFO: JdwpDebugServer: handling req: ThreadReference(11).SuspendCount(12)
10:25:50.089 INFO: JdwpDebugServer: handling req: VirtualMachine(1).AllThreads(4)
10:25:50.089 INFO: JdwpDebugServer: handling req: VirtualMachine(1).Resume(9)
10:25:50.159 INFO: JdwpEventCenterDelegate: THREAD_RESUMED: thread (33, main, main)
10:25:50.160 INFO: JdwpEventCenterDelegate: THREAD_RESUMED: thread (33, main, main)
10:25:50.162 INFO: JdwpEventCenterDelegate: THREAD_RESUMED: thread (33, main, main)
10:25:50.163 INFO: JdwpEventCenterDelegate: THREAD_RESUMED: thread (33, main, main)
10:25:50.164 INFO: JdwpEventCenterDelegate: THREAD_RESUMED: thread (33, main, main)
10:25:50.165 INFO: JdwpEventCenterDelegate: THREAD_RESUMED: thread (33, main, main)
10:25:50.166 INFO: JdwpEventCenterDelegate: THREAD_RESUMED: thread (33, main, main)
10:25:50.167 INFO: JdwpEventCenterDelegate: THREAD_RESUMED: thread (33, main, main)
10:25:50.169 INFO: JdwpEventCenterDelegate: THREAD_RESUMED: thread (33, main, main)
10:25:50.170 INFO: JdwpEventCenterDelegate: THREAD_RESUMED: thread (33, main, main)
10:25:50.171 INFO: JdwpEventCenterDelegate: THREAD_RESUMED: thread (33, main, main)
10:25:50.172 INFO: JdwpEventCenterDelegate: THREAD_RESUMED: thread (33, main, main)
10:25:50.174 INFO: JdwpEventCenterDelegate: THREAD_RESUMED: thread (33, main, main)
10:25:50.175 INFO: JdwpEventCenterDelegate: THREAD_RESUMED: thread (33, main, main)
10:25:50.176 INFO: JdwpEventCenterDelegate: THREAD_RESUMED: thread (33, main, main)
10:25:50.177 INFO: JdwpEventCenterDelegate: THREAD_RESUMED: thread (33, main, main)
10:25:50.178 INFO: JdwpEventCenterDelegate: THREAD_RESUMED: thread (33, main, main)
10:25:50.179 INFO: JdwpEventCenterDelegate: THREAD_RESUMED: thread (33, main, main)
10:25:50.183 INFO: JdwpEventCenterDelegate: THREAD_RESUMED: thread (33, main, main)
10:25:50.184 INFO: JdwpEventCenterDelegate: THREAD_RESUMED: thread (33, main, main)
10:25:50.185 INFO: JdwpEventCenterDelegate: THREAD_RESUMED: thread (33, main, main)
10:25:50.186 INFO: JdwpEventCenterDelegate: THREAD_RESUMED: thread (33, main, main)
10:25:50.187 INFO: JdwpEventCenterDelegate: THREAD_RESUMED: thread (33, main, main)
10:25:50.188 INFO: JdwpEventCenterDelegate: THREAD_RESUMED: thread (33, main, main)
10:25:50.189 INFO: JdwpEventCenterDelegate: THREAD_RESUMED: thread (33, main, main)
10:25:50.236 INFO: JdwpEventCenterDelegate: THREAD_RESUMED: thread (33, main, main)
10:25:50.237 INFO: JdwpEventCenterDelegate: THREAD_RESUMED: thread (33, main, main)
10:25:50.238 INFO: JdwpEventCenterDelegate: THREAD_RESUMED: thread (33, main, main)
10:25:50.240 INFO: JdwpEventCenterDelegate: THREAD_RESUMED: thread (33, main, main)
10:25:50.241 INFO: JdwpEventCenterDelegate: THREAD_RESUMED: thread (33, main, main)
10:25:50.242 INFO: JdwpEventCenterDelegate: THREAD_RESUMED: thread (33, main, main)
10:25:50.243 INFO: JdwpEventCenterDelegate: THREAD_RESUMED: thread (33, main, main)
10:25:50.250 INFO: JdwpEventCenterDelegate: THREAD_RESUMED: thread (33, main, main)
10:25:50.251 INFO: JdwpEventCenterDelegate: THREAD_RESUMED: thread (33, main, main)
10:25:50.252 INFO: JdwpEventCenterDelegate: THREAD_RESUMED: thread (33, main, main)
10:25:50.253 INFO: JdwpEventCenterDelegate: THREAD_RESUMED: thread (33, main, main)
10:25:50.255 INFO: JdwpEventCenterDelegate: THREAD_RESUMED: thread (33, main, main)
10:25:50.256 INFO: JdwpEventCenterDelegate: THREAD_RESUMED: thread (33, main, main)
10:25:50.257 INFO: JdwpEventCenterDelegate: THREAD_RESUMED: thread (33, main, main)
10:25:50.285 INFO: JdwpEventCenterDelegate: THREAD_RESUMED: thread (33, main, main)
10:25:50.286 INFO: JdwpEventCenterDelegate: THREAD_RESUMED: thread (33, main, main)
10:25:50.287 INFO: JdwpEventCenterDelegate: THREAD_RESUMED: thread (33, main, main)
10:25:50.288 INFO: JdwpEventCenterDelegate: THREAD_RESUMED: thread (33, main, main)
10:25:50.289 INFO: JdwpEventCenterDelegate: THREAD_RESUMED: thread (33, main, main)
10:25:50.290 INFO: JdwpEventCenterDelegate: THREAD_RESUMED: thread (33, main, main)
10:25:50.291 INFO: JdwpEventCenterDelegate: THREAD_RESUMED: thread (33, main, main)
10:25:50.305 INFO: JdwpEventCenterDelegate: THREAD_RESUMED: thread (33, main, main)
10:25:50.306 INFO: JdwpEventCenterDelegate: THREAD_RESUMED: thread (33, main, main)
10:25:50.307 INFO: JdwpEventCenterDelegate: THREAD_RESUMED: thread (33, main, main)
10:25:50.307 INFO: JdwpEventCenterDelegate: THREAD_RESUMED: thread (33, main, main)
10:25:50.308 INFO: JdwpEventCenterDelegate: THREAD_RESUMED: thread (33, main, main)
10:25:50.309 INFO: JdwpEventCenterDelegate: THREAD_RESUMED: thread (33, main, main)
10:25:50.310 INFO: JdwpEventCenterDelegate: THREAD_RESUMED: thread (33, main, main)
10:25:50.321 INFO: JdwpEventCenterDelegate: THREAD_RESUMED: thread (33, main, main)
10:25:50.322 INFO: JdwpEventCenterDelegate: THREAD_RESUMED: thread (33, main, main)
10:25:50.323 INFO: JdwpEventCenterDelegate: THREAD_RESUMED: thread (33, main, main)
10:25:50.325 INFO: JdwpEventCenterDelegate: THREAD_RESUMED: thread (33, main, main)
10:25:50.326 INFO: JdwpEventCenterDelegate: THREAD_RESUMED: thread (33, main, main)
10:25:50.327 INFO: JdwpEventCenterDelegate: THREAD_RESUMED: thread (33, main, main)
10:25:50.329 INFO: JdwpEventCenterDelegate: THREAD_RESUMED: thread (33, main, main)
10:25:50.338 INFO: JdwpEventCenterDelegate: THREAD_RESUMED: thread (33, main, main)
10:25:50.339 INFO: JdwpEventCenterDelegate: THREAD_RESUMED: thread (33, main, main)
10:25:50.340 INFO: JdwpEventCenterDelegate: THREAD_RESUMED: thread (33, main, main)
10:25:50.341 INFO: JdwpEventCenterDelegate: THREAD_RESUMED: thread (33, main, main)
10:25:50.342 INFO: JdwpEventCenterDelegate: THREAD_RESUMED: thread (33, main, main)
10:25:50.343 INFO: JdwpEventCenterDelegate: THREAD_RESUMED: thread (33, main, main)
10:25:50.344 INFO: JdwpEventCenterDelegate: THREAD_RESUMED: thread (33, main, main)
10:25:50.345 INFO: JdwpEventCenterDelegate: THREAD_RESUMED: thread (33, main, main)
10:25:50.346 INFO: JdwpEventCenterDelegate: THREAD_RESUMED: thread (33, main, main)
10:25:50.347 INFO: JdwpEventCenterDelegate: THREAD_RESUMED: thread (33, main, main)
10:25:50.349 INFO: JdwpEventCenterDelegate: THREAD_RESUMED: thread (33, main, main)
10:25:50.350 INFO: JdwpEventCenterDelegate: THREAD_RESUMED: thread (33, main, main)
10:25:50.351 INFO: JdwpEventCenterDelegate: THREAD_RESUMED: thread (33, main, main)
10:25:50.352 INFO: JdwpEventCenterDelegate: THREAD_RESUMED: thread (33, main, main)
10:25:50.353 INFO: JdwpEventCenterDelegate: THREAD_RESUMED: thread (33, main, main)
10:25:50.354 INFO: JdwpEventCenterDelegate: THREAD_RESUMED: thread (33, main, main)
10:25:50.355 INFO: JdwpEventCenterDelegate: THREAD_RESUMED: thread (33, main, main)
10:25:50.356 INFO: JdwpEventCenterDelegate: THREAD_RESUMED: thread (33, main, main)
10:25:50.360 INFO: JdwpEventCenterDelegate: THREAD_RESUMED: thread (33, main, main)
10:25:50.361 INFO: JdwpEventCenterDelegate: THREAD_RESUMED: thread (33, main, main)
10:25:50.571 INFO: JdwpEventCenterDelegate: THREAD_RESUMED: thread (33, main, main)
10:25:50.572 INFO: JdwpEventCenterDelegate: THREAD_RESUMED: thread (33, main, main)
10:25:50.587 INFO: JdwpEventCenterDelegate: THREAD_RESUMED: thread (33, main, main)
10:25:50.588 INFO: JdwpEventCenterDelegate: THREAD_RESUMED: thread (33, main, main)
10:25:50.590 INFO: JdwpEventCenterDelegate: THREAD_RESUMED: thread (33, main, main)
10:25:50.591 INFO: JdwpEventCenterDelegate: THREAD_RESUMED: thread (33, main, main)
10:25:50.596 INFO: JdwpEventCenterDelegate: THREAD_RESUMED: thread (33, main, main)
10:25:50.598 INFO: JdwpEventCenterDelegate: THREAD_RESUMED: thread (33, main, main)
10:25:50.650 INFO: JdwpEventCenterDelegate: THREAD_RESUMED: thread (33, main, main)
10:25:50.834 INFO: JdwpEventCenterDelegate: THREAD_RESUMED: thread (33, main, main)
10:25:50.836 INFO: JdwpEventCenterDelegate: THREAD_RESUMED: thread (33, main, main)
10:25:50.837 INFO: JdwpEventCenterDelegate: THREAD_RESUMED: thread (33, main, main)
10:25:50.839 INFO: JdwpEventCenterDelegate: THREAD_RESUMED: thread (33, main, main)
10:25:50.840 INFO: JdwpEventCenterDelegate: THREAD_RESUMED: thread (33, main, main)
10:25:50.842 INFO: JdwpEventCenterDelegate: THREAD_RESUMED: thread (33, main, main)
10:25:50.850 INFO: JdwpEventCenterDelegate: THREAD_RESUMED: thread (33, main, main)
10:25:50.852 INFO: JdwpEventCenterDelegate: THREAD_RESUMED: thread (33, main, main)
10:25:50.854 INFO: JdwpEventCenterDelegate: THREAD_RESUMED: thread (33, main, main)
10:25:50.856 INFO: JdwpEventCenterDelegate: THREAD_RESUMED: thread (33, main, main)
10:25:50.858 INFO: JdwpEventCenterDelegate: THREAD_RESUMED: thread (33, main, main)
10:25:50.860 INFO: JdwpEventCenterDelegate: THREAD_RESUMED: thread (33, main, main)
10:25:50.862 INFO: JdwpEventCenterDelegate: THREAD_RESUMED: thread (33, main, main)
10:25:50.879 INFO: JdwpEventCenterDelegate: THREAD_RESUMED: thread (33, main, main)
10:25:50.895 INFO: JdwpEventCenterDelegate: THREAD_RESUMED: thread (33, main, main)
10:25:50.909 INFO: JdwpEventCenterDelegate: THREAD_RESUMED: thread (33, main, main)
10:25:50.921 INFO: JdwpEventCenterDelegate: THREAD_RESUMED: thread (33, main, main)
10:25:50.937 INFO: JdwpEventCenterDelegate: THREAD_RESUMED: thread (33, main, main)
10:25:50.961 INFO: JdwpEventCenterDelegate: THREAD_RESUMED: thread (33, main, main)
10:25:50.967 INFO: JdwpEventCenterDelegate: THREAD_RESUMED: thread (33, main, main)
10:25:50.973 INFO: JdwpEventCenterDelegate: THREAD_RESUMED: thread (33, main, main)
10:25:50.979 INFO: JdwpEventCenterDelegate: THREAD_RESUMED: thread (33, main, main)
10:25:50.984 INFO: JdwpEventCenterDelegate: THREAD_RESUMED: thread (33, main, main)
10:25:50.989 INFO: JdwpEventCenterDelegate: THREAD_RESUMED: thread (33, main, main)
10:25:50.999 INFO: JdwpEventCenterDelegate: THREAD_RESUMED: thread (33, main, main)
10:25:51.005 INFO: JdwpEventCenterDelegate: THREAD_RESUMED: thread (33, main, main)
10:25:51.011 INFO: JdwpEventCenterDelegate: THREAD_RESUMED: thread (33, main, main)
10:25:51.017 INFO: JdwpEventCenterDelegate: THREAD_RESUMED: thread (33, main, main)
10:25:51.022 INFO: JdwpEventCenterDelegate: THREAD_RESUMED: thread (33, main, main)
10:25:51.028 INFO: JdwpEventCenterDelegate: THREAD_RESUMED: thread (33, main, main)
10:25:51.034 INFO: JdwpEventCenterDelegate: THREAD_RESUMED: thread (33, main, main)
10:25:51.036 INFO: JdwpEventCenterDelegate: THREAD_RESUMED: thread (33, main, main)
10:25:51.039 INFO: JdwpEventCenterDelegate: THREAD_RESUMED: thread (33, main, main)
10:25:51.042 INFO: JdwpEventCenterDelegate: THREAD_RESUMED: thread (33, main, main)
10:25:51.044 INFO: JdwpEventCenterDelegate: THREAD_RESUMED: thread (33, main, main)
10:25:51.047 INFO: JdwpEventCenterDelegate: THREAD_RESUMED: thread (33, main, main)
10:25:51.049 INFO: JdwpEventCenterDelegate: THREAD_RESUMED: thread (33, main, main)
10:25:51.051 INFO: JdwpEventCenterDelegate: THREAD_RESUMED: thread (33, main, main)
10:25:51.052 INFO: JdwpEventCenterDelegate: THREAD_RESUMED: thread (33, main, main)
10:25:51.054 INFO: JdwpEventCenterDelegate: THREAD_RESUMED: thread (33, main, main)
10:25:51.056 INFO: JdwpEventCenterDelegate: THREAD_RESUMED: thread (33, main, main)
10:25:51.058 INFO: JdwpEventCenterDelegate: THREAD_RESUMED: thread (33, main, main)
10:25:51.060 INFO: JdwpEventCenterDelegate: THREAD_RESUMED: thread (33, main, main)
10:25:51.061 INFO: JdwpEventCenterDelegate: THREAD_RESUMED: thread (33, main, main)
10:25:51.063 INFO: JdwpEventCenterDelegate: THREAD_RESUMED: thread (33, main, main)
10:25:51.064 INFO: JdwpEventCenterDelegate: THREAD_RESUMED: thread (33, main, main)
10:25:51.066 INFO: JdwpEventCenterDelegate: THREAD_RESUMED: thread (33, main, main)
10:25:51.067 INFO: JdwpEventCenterDelegate: THREAD_RESUMED: thread (33, main, main)
10:25:51.069 INFO: JdwpEventCenterDelegate: THREAD_RESUMED: thread (33, main, main)
10:25:51.070 INFO: JdwpEventCenterDelegate: THREAD_RESUMED: thread (33, main, main)
10:25:51.072 INFO: JdwpEventCenterDelegate: THREAD_RESUMED: thread (33, main, main)
10:25:51.073 INFO: JdwpEventCenterDelegate: THREAD_RESUMED: thread (33, main, main)
10:25:51.075 INFO: JdwpEventCenterDelegate: THREAD_RESUMED: thread (33, main, main)
10:25:51.077 INFO: JdwpEventCenterDelegate: THREAD_RESUMED: thread (33, main, main)
10:25:51.078 INFO: JdwpEventCenterDelegate: THREAD_RESUMED: thread (33, main, main)
10:25:51.080 INFO: JdwpEventCenterDelegate: THREAD_RESUMED: thread (33, main, main)
10:25:51.082 INFO: JdwpEventCenterDelegate: THREAD_RESUMED: thread (33, main, main)
10:25:51.083 INFO: JdwpEventCenterDelegate: THREAD_RESUMED: thread (33, main, main)
10:25:51.084 INFO: JdwpEventCenterDelegate: THREAD_RESUMED: thread (33, main, main)
10:25:51.085 INFO: JdwpEventCenterDelegate: THREAD_RESUMED: thread (33, main, main)
10:25:51.087 INFO: JdwpEventCenterDelegate: THREAD_RESUMED: thread (33, main, main)
10:25:51.088 INFO: JdwpEventCenterDelegate: THREAD_RESUMED: thread (33, main, main)
10:25:51.089 INFO: JdwpEventCenterDelegate: THREAD_RESUMED: thread (33, main, main)
10:25:51.090 INFO: JdwpEventCenterDelegate: THREAD_RESUMED: thread (33, main, main)
10:25:51.091 INFO: JdwpEventCenterDelegate: THREAD_RESUMED: thread (33, main, main)
10:25:51.093 INFO: JdwpEventCenterDelegate: THREAD_RESUMED: thread (33, main, main)
10:25:51.094 INFO: JdwpEventCenterDelegate: THREAD_RESUMED: thread (33, main, main)
10:25:51.096 INFO: JdwpEventCenterDelegate: THREAD_RESUMED: thread (33, main, main)
10:25:51.097 INFO: JdwpEventCenterDelegate: THREAD_RESUMED: thread (33, main, main)
10:25:51.100 INFO: JdwpEventCenterDelegate: THREAD_RESUMED: thread (33, main, main)
10:25:51.103 INFO: JdwpEventCenterDelegate: THREAD_RESUMED: thread (33, main, main)
10:25:51.105 INFO: JdwpEventCenterDelegate: THREAD_RESUMED: thread (33, main, main)
10:25:51.106 INFO: JdwpEventCenterDelegate: THREAD_RESUMED: thread (33, main, main)
10:25:51.108 INFO: JdwpEventCenterDelegate: THREAD_RESUMED: thread (33, main, main)
10:25:51.109 INFO: JdwpEventCenterDelegate: THREAD_RESUMED: thread (33, main, main)
10:25:51.111 INFO: JdwpEventCenterDelegate: THREAD_RESUMED: thread (33, main, main)
10:25:51.113 INFO: JdwpEventCenterDelegate: THREAD_RESUMED: thread (33, main, main)
10:25:51.114 INFO: JdwpEventCenterDelegate: THREAD_RESUMED: thread (33, main, main)
10:25:51.115 INFO: JdwpEventCenterDelegate: THREAD_RESUMED: thread (33, main, main)
10:25:51.117 INFO: JdwpEventCenterDelegate: THREAD_RESUMED: thread (33, main, main)
10:25:51.118 INFO: JdwpEventCenterDelegate: THREAD_RESUMED: thread (33, main, main)
10:25:51.120 INFO: JdwpEventCenterDelegate: THREAD_RESUMED: thread (33, main, main)
10:25:51.121 INFO: JdwpEventCenterDelegate: THREAD_RESUMED: thread (33, main, main)
10:25:51.122 INFO: JdwpEventCenterDelegate: THREAD_RESUMED: thread (33, main, main)
10:25:51.262 INFO: JdwpDebugServer: handling req: ThreadReference(11).Resume(3)
10:25:51.264 INFO: JdwpEventCenterDelegate: THREAD_RESUMED: thread (33, main, main)
10:25:51.283 INFO: JdwpEventCenterDelegate: THREAD_RESUMED: thread (33, main, main)
10:25:51.311 INFO: JdwpEventCenterDelegate: THREAD_RESUMED: thread (33, main, main)
10:25:51.312 INFO: JdwpEventCenterDelegate: THREAD_RESUMED: thread (33, main, main)
10:25:51.313 INFO: JdwpEventCenterDelegate: THREAD_RESUMED: thread (33, main, main)
10:25:51.315 INFO: JdwpEventCenterDelegate: THREAD_RESUMED: thread (33, main, main)
10:25:51.452 INFO: JdwpEventCenterDelegate: THREAD_RESUMED: thread (33, main, main)
10:25:51.453 INFO: JdwpEventCenterDelegate: THREAD_RESUMED: thread (33, main, main)
10:25:51.465 INFO: JdwpEventCenterDelegate: THREAD_RESUMED: thread (33, main, main)
10:25:51.466 INFO: JdwpEventCenterDelegate: THREAD_RESUMED: thread (33, main, main)
10:25:51.469 INFO: JdwpEventCenterDelegate: THREAD_RESUMED: thread (33, main, main)
10:25:51.470 INFO: JdwpEventCenterDelegate: THREAD_RESUMED: thread (33, main, main)
10:25:51.472 INFO: JdwpEventCenterDelegate: THREAD_RESUMED: thread (33, main, main)
10:25:51.473 INFO: JdwpEventCenterDelegate: THREAD_RESUMED: thread (33, main, main)
10:25:51.474 INFO: JdwpEventCenterDelegate: THREAD_RESUMED: thread (33, main, main)
10:25:51.475 INFO: JdwpEventCenterDelegate: THREAD_RESUMED: thread (33, main, main)
10:25:54.925 INFO: JdwpEventCenterDelegate: THREAD_RESUMED: thread (33, main, main)
10:25:54.926 INFO: JdwpEventCenterDelegate: THREAD_RESUMED: thread (33, main, main)
10:26:12.548 INFO: JdwpDebugServer: handling req: VirtualMachine(1).Exit(10)
10:26:12.549 SEVERE: Debugger: Thread JDWP server socket thread crashed
org.robovm.debugger.DebuggerException: Terminating due exit command
	at org.robovm.debugger.jdwp.JdwpDebugServer.doSocketWork(JdwpDebugServer.java:211)
	at java.base/java.lang.Thread.run(Thread.java:833)
	at org.robovm.debugger.utils.DebuggerThread.run(DebuggerThread.java:42)
10:26:12.577 SEVERE: Debugger: Thread HooksChannel socket thread crashed
org.robovm.debugger.DebuggerException: java.io.IOException: org.robovm.libimobiledevice.LibIMobileDeviceException: IDEVICE_E_UNKNOWN_ERROR
	at org.robovm.debugger.hooks.HooksChannel.doSocketWork(HooksChannel.java:149)
	at java.base/java.lang.Thread.run(Thread.java:833)
	at org.robovm.debugger.utils.DebuggerThread.run(DebuggerThread.java:42)
Caused by: java.io.IOException: org.robovm.libimobiledevice.LibIMobileDeviceException: IDEVICE_E_UNKNOWN_ERROR
	at org.robovm.libimobiledevice.IDeviceConnection$DeviceInputStream.read(IDeviceConnection.java:203)
	at org.robovm.debugger.utils.bytebuffer.DataBufferWriter.writeFromStream(DataBufferWriter.java:89)
	at org.robovm.debugger.hooks.HooksChannel.doSocketWork(HooksChannel.java:116)
	... 2 more
Caused by: org.robovm.libimobiledevice.LibIMobileDeviceException: IDEVICE_E_UNKNOWN_ERROR
	at org.robovm.libimobiledevice.IDevice.checkResult(IDevice.java:206)
	at org.robovm.libimobiledevice.IDeviceConnection.receive(IDeviceConnection.java:110)
	at org.robovm.libimobiledevice.IDeviceConnection.receive(IDeviceConnection.java:81)
	at org.robovm.libimobiledevice.IDeviceConnection$DeviceInputStream.read(IDeviceConnection.java:201)
	... 4 more
