08:04:21.983 INFO: JdwpDebugServer: handling req: VirtualMachine(1).IDSizes(7)
08:04:21.996 INFO: JdwpDebugServer: handling req: EventRequest(15).Set(1)
08:04:21.998 INFO: JdwpEventCenterDelegate: jdwpSetEventRequest: JdwpEventRequest{requestId=100, eventKind=CLASS_UNLOAD, suspendPolicy=NONE, predicates=[]}
08:04:22.000 INFO: JdwpDebugServer: handling req: EventRequest(15).Set(1)
08:04:22.001 INFO: JdwpEventCenterDelegate: jdwpSetEventRequest: JdwpEventRequest{requestId=101, eventKind=THREAD_START, suspendPolicy=NONE, predicates=[]}
08:04:22.008 INFO: JdwpDebugServer: handling req: VirtualMachine(1).ClassesBySignature(2)
08:04:22.026 INFO: JdwpDebugServer: handling req: VirtualMachine(1).Version(1)
08:04:22.028 INFO: JdwpDebugServer: handling req: ReferenceType(2).MethodsWithGeneric(15)
08:04:22.055 INFO: JdwpDebugServer: handling req: Method(6).LineTable(1)
08:04:22.059 INFO: JdwpDebugServer: handling req: EventRequest(15).Set(1)
08:04:22.062 INFO: JdwpEventCenterDelegate: jdwpSetEventRequest: JdwpEventRequest{requestId=102, eventKind=BREAKPOINT, suspendPolicy=NONE, predicates=[Location{classId=845, methodId=257, index=928} ]}
08:04:22.068 INFO: JdwpDebugServer: handling req: EventRequest(15).Set(1)
08:04:22.068 INFO: JdwpEventCenterDelegate: jdwpSetEventRequest: JdwpEventRequest{requestId=103, eventKind=THREAD_DEATH, suspendPolicy=NONE, predicates=[]}
08:04:22.069 INFO: JdwpDebugServer: handling req: VirtualMachine(1).AllThreads(4)
08:04:22.082 INFO: JdwpDebugServer: handling req: EventRequest(15).Set(1)
08:04:22.085 INFO: JdwpEventCenterDelegate: jdwpSetEventRequest: JdwpEventRequest{requestId=104, eventKind=CLASS_PREPARE, suspendPolicy=EVENT_THREAD, predicates=[className=com.abdalla.bushnaq.pluvia.engine.AudioManager]}
08:04:22.088 INFO: JdwpDebugServer: handling req: EventRequest(15).Set(1)
08:04:22.089 INFO: JdwpEventCenterDelegate: jdwpSetEventRequest: JdwpEventRequest{requestId=105, eventKind=CLASS_PREPARE, suspendPolicy=EVENT_THREAD, predicates=[className=com.abdalla.bushnaq.pluvia.engine.AudioManager$*]}
08:04:22.090 INFO: JdwpDebugServer: handling req: VirtualMachine(1).ClassesBySignature(2)
08:04:22.093 INFO: JdwpDebugServer: handling req: ReferenceType(2).MethodsWithGeneric(15)
08:04:22.111 INFO: JdwpDebugServer: handling req: Method(6).LineTable(1)
08:04:22.114 INFO: JdwpDebugServer: handling req: Method(6).LineTable(1)
08:04:22.116 INFO: JdwpDebugServer: handling req: Method(6).LineTable(1)
08:04:22.117 INFO: JdwpDebugServer: handling req: Method(6).LineTable(1)
08:04:22.123 INFO: JdwpDebugServer: handling req: VirtualMachine(1).ClassesBySignature(2)
08:04:22.124 INFO: JdwpDebugServer: handling req: VirtualMachine(1).AllClassesWithGeneric(20)
08:04:23.236 INFO: JdwpDebugServer: handling req: VirtualMachine(1).capabilitiesNew(17)
08:04:44.589 INFO: JdwpDebugServer: handling req: VirtualMachine(1).AllThreads(4)
08:04:44.632 INFO: JdwpEventCenterDelegate: THREAD_STARTED: thread (33, main, main)
08:04:44.633 INFO: JdwpDebugServer: handling req: VirtualMachine(1).Resume(9)
08:04:44.635 INFO: JdwpEventCenterDelegate: THREAD_STARTED: thread (48, ReferenceQueueDaemon, main)
08:04:44.636 INFO: JdwpEventCenterDelegate: THREAD_STARTED: thread (63, FinalizerDaemon, main)
08:04:44.639 INFO: JdwpEventCenterDelegate: THREAD_STARTED: thread (78, FinalizerWatchdogDaemon, main)
08:04:44.645 INFO: JdwpDebugServer: handling req: ObjectReference(9).IsCollected(9)
08:04:44.650 INFO: JdwpDebugServer: handling req: ThreadReference(11).ThreadGroup(5)
08:04:44.651 INFO: JdwpDebugServer: handling req: ThreadGroup(12).Name(1)
08:04:44.652 INFO: JdwpDebugServer: handling req: ThreadGroup(12).Parent(2)
08:04:44.652 INFO: JdwpDebugServer: handling req: ObjectReference(9).ReferenceType(1)
08:04:44.653 INFO: JdwpDebugServer: handling req: ReferenceType(2).FieldsWithGeneric(14)
08:04:44.658 INFO: JdwpDebugServer: handling req: ReferenceType(2).Interfaces(10)
08:04:44.659 INFO: JdwpDebugServer: handling req: ReferenceType(2).FieldsWithGeneric(14)
08:04:44.659 INFO: JdwpDebugServer: handling req: ReferenceType(2).Interfaces(10)
08:04:44.660 INFO: JdwpDebugServer: handling req: ClassType(3).Superclass(1)
08:04:44.660 INFO: JdwpDebugServer: handling req: ReferenceType(2).FieldsWithGeneric(14)
08:04:44.662 INFO: JdwpDebugServer: handling req: ReferenceType(2).Interfaces(10)
08:04:44.662 INFO: JdwpDebugServer: handling req: ClassType(3).Superclass(1)
08:04:44.663 INFO: JdwpDebugServer: handling req: ObjectReference(9).GetValues(2)
08:04:44.664 INFO: JdwpDebugServer: handling req: ThreadReference(11).Status(4)
08:04:44.665 INFO: JdwpDebugServer: handling req: ThreadReference(11).Status(4)
08:04:44.666 INFO: JdwpDebugServer: handling req: ObjectReference(9).IsCollected(9)
08:04:44.667 INFO: JdwpDebugServer: handling req: ThreadReference(11).ThreadGroup(5)
08:04:44.667 INFO: JdwpDebugServer: handling req: ObjectReference(9).ReferenceType(1)
08:04:44.667 INFO: JdwpDebugServer: handling req: ObjectReference(9).GetValues(2)
08:04:44.668 INFO: JdwpDebugServer: handling req: ThreadReference(11).Status(4)
08:04:44.668 INFO: JdwpDebugServer: handling req: ThreadReference(11).Status(4)
08:04:44.668 INFO: JdwpDebugServer: handling req: ObjectReference(9).IsCollected(9)
08:04:44.669 INFO: JdwpDebugServer: handling req: ThreadReference(11).ThreadGroup(5)
08:04:44.669 INFO: JdwpDebugServer: handling req: ObjectReference(9).ReferenceType(1)
08:04:44.669 INFO: JdwpDebugServer: handling req: ObjectReference(9).GetValues(2)
08:04:44.669 INFO: JdwpDebugServer: handling req: ThreadReference(11).Status(4)
08:04:44.669 INFO: JdwpDebugServer: handling req: ThreadReference(11).Status(4)
08:04:44.670 INFO: JdwpDebugServer: handling req: ObjectReference(9).IsCollected(9)
08:04:44.671 INFO: JdwpDebugServer: handling req: ThreadReference(11).ThreadGroup(5)
08:04:44.672 INFO: JdwpDebugServer: handling req: ObjectReference(9).ReferenceType(1)
08:04:44.672 INFO: JdwpDebugServer: handling req: ObjectReference(9).GetValues(2)
08:04:44.673 INFO: JdwpDebugServer: handling req: ThreadReference(11).Status(4)
08:04:44.673 INFO: JdwpDebugServer: handling req: ThreadReference(11).Status(4)
08:04:44.734 INFO: JdwpEventCenterDelegate: THREAD_RESUMED: thread (33, main, main)
08:04:44.735 INFO: JdwpEventCenterDelegate: THREAD_RESUMED: thread (33, main, main)
08:04:44.736 INFO: JdwpEventCenterDelegate: THREAD_RESUMED: thread (33, main, main)
08:04:44.737 INFO: JdwpEventCenterDelegate: THREAD_RESUMED: thread (33, main, main)
08:04:44.738 INFO: JdwpEventCenterDelegate: THREAD_RESUMED: thread (33, main, main)
08:04:44.738 INFO: JdwpEventCenterDelegate: THREAD_RESUMED: thread (33, main, main)
08:04:44.738 INFO: JdwpEventCenterDelegate: THREAD_RESUMED: thread (33, main, main)
08:04:44.740 INFO: JdwpEventCenterDelegate: THREAD_RESUMED: thread (33, main, main)
08:04:44.741 INFO: JdwpEventCenterDelegate: THREAD_RESUMED: thread (33, main, main)
08:04:44.744 INFO: JdwpEventCenterDelegate: THREAD_RESUMED: thread (33, main, main)
08:04:44.745 INFO: JdwpEventCenterDelegate: THREAD_RESUMED: thread (33, main, main)
08:04:44.750 INFO: JdwpEventCenterDelegate: THREAD_RESUMED: thread (33, main, main)
08:04:44.752 INFO: JdwpEventCenterDelegate: THREAD_RESUMED: thread (33, main, main)
08:04:44.752 INFO: JdwpEventCenterDelegate: THREAD_RESUMED: thread (33, main, main)
08:04:44.815 INFO: JdwpEventCenterDelegate: THREAD_RESUMED: thread (33, main, main)
08:04:44.816 INFO: JdwpEventCenterDelegate: THREAD_RESUMED: thread (33, main, main)
08:04:44.817 INFO: JdwpEventCenterDelegate: THREAD_RESUMED: thread (33, main, main)
08:04:44.830 INFO: JdwpEventCenterDelegate: THREAD_RESUMED: thread (33, main, main)
08:04:44.831 INFO: JdwpEventCenterDelegate: THREAD_RESUMED: thread (33, main, main)
08:04:44.831 INFO: JdwpEventCenterDelegate: THREAD_RESUMED: thread (33, main, main)
08:04:45.004 INFO: JdwpEventCenterDelegate: THREAD_RESUMED: thread (33, main, main)
08:04:45.005 INFO: JdwpEventCenterDelegate: THREAD_RESUMED: thread (33, main, main)
08:04:45.005 INFO: JdwpEventCenterDelegate: THREAD_RESUMED: thread (33, main, main)
08:04:45.058 INFO: JdwpEventCenterDelegate: THREAD_RESUMED: thread (33, main, main)
08:04:45.059 INFO: JdwpEventCenterDelegate: THREAD_RESUMED: thread (33, main, main)
08:04:45.060 INFO: JdwpEventCenterDelegate: THREAD_RESUMED: thread (33, main, main)
08:04:45.268 INFO: JdwpEventCenterDelegate: THREAD_RESUMED: thread (33, main, main)
08:04:45.269 INFO: JdwpEventCenterDelegate: THREAD_RESUMED: thread (33, main, main)
08:04:45.270 INFO: JdwpEventCenterDelegate: THREAD_RESUMED: thread (33, main, main)
08:04:45.329 INFO: JdwpEventCenterDelegate: THREAD_RESUMED: thread (33, main, main)
08:04:45.331 INFO: JdwpEventCenterDelegate: THREAD_RESUMED: thread (33, main, main)
08:04:45.333 INFO: JdwpEventCenterDelegate: THREAD_RESUMED: thread (33, main, main)
08:04:45.334 INFO: JdwpEventCenterDelegate: THREAD_RESUMED: thread (33, main, main)
08:04:45.346 INFO: JdwpEventCenterDelegate: THREAD_RESUMED: thread (33, main, main)
08:04:45.347 INFO: JdwpEventCenterDelegate: THREAD_RESUMED: thread (33, main, main)
08:04:46.217 INFO: JdwpEventCenterDelegate: THREAD_RESUMED: thread (33, main, main)
08:04:46.217 INFO: JdwpEventCenterDelegate: THREAD_RESUMED: thread (33, main, main)
08:04:46.237 INFO: JdwpEventCenterDelegate: THREAD_RESUMED: thread (33, main, main)
08:04:46.237 INFO: JdwpEventCenterDelegate: THREAD_RESUMED: thread (33, main, main)
08:04:46.238 INFO: JdwpEventCenterDelegate: THREAD_RESUMED: thread (33, main, main)
08:04:46.239 INFO: JdwpEventCenterDelegate: THREAD_RESUMED: thread (33, main, main)
08:04:46.315 INFO: JdwpEventCenterDelegate: THREAD_RESUMED: thread (33, main, main)
08:04:46.684 INFO: JdwpEventCenterDelegate: THREAD_RESUMED: thread (33, main, main)
08:04:46.685 INFO: JdwpEventCenterDelegate: THREAD_RESUMED: thread (33, main, main)
08:04:46.686 INFO: JdwpEventCenterDelegate: THREAD_RESUMED: thread (33, main, main)
08:04:46.687 INFO: JdwpEventCenterDelegate: THREAD_RESUMED: thread (33, main, main)
08:04:46.687 INFO: JdwpEventCenterDelegate: THREAD_RESUMED: thread (33, main, main)
08:04:46.688 INFO: JdwpEventCenterDelegate: THREAD_RESUMED: thread (33, main, main)
08:04:46.733 INFO: JdwpEventCenterDelegate: THREAD_RESUMED: thread (33, main, main)
08:04:46.735 INFO: JdwpEventCenterDelegate: THREAD_RESUMED: thread (33, main, main)
08:04:46.737 INFO: JdwpEventCenterDelegate: THREAD_RESUMED: thread (33, main, main)
08:04:46.739 INFO: JdwpEventCenterDelegate: THREAD_RESUMED: thread (33, main, main)
08:04:46.740 INFO: JdwpEventCenterDelegate: THREAD_RESUMED: thread (33, main, main)
08:04:46.742 INFO: JdwpEventCenterDelegate: THREAD_RESUMED: thread (33, main, main)
08:04:46.745 INFO: JdwpEventCenterDelegate: THREAD_RESUMED: thread (33, main, main)
08:04:46.763 INFO: JdwpEventCenterDelegate: THREAD_RESUMED: thread (33, main, main)
08:04:46.777 INFO: JdwpEventCenterDelegate: THREAD_RESUMED: thread (33, main, main)
08:04:46.790 INFO: JdwpEventCenterDelegate: THREAD_RESUMED: thread (33, main, main)
08:04:46.802 INFO: JdwpEventCenterDelegate: THREAD_RESUMED: thread (33, main, main)
08:04:46.827 INFO: JdwpEventCenterDelegate: THREAD_RESUMED: thread (33, main, main)
08:04:46.846 INFO: JdwpEventCenterDelegate: THREAD_RESUMED: thread (33, main, main)
08:04:46.852 INFO: JdwpEventCenterDelegate: THREAD_RESUMED: thread (33, main, main)
08:04:46.858 INFO: JdwpEventCenterDelegate: THREAD_RESUMED: thread (33, main, main)
08:04:46.863 INFO: JdwpEventCenterDelegate: THREAD_RESUMED: thread (33, main, main)
08:04:46.867 INFO: JdwpEventCenterDelegate: THREAD_RESUMED: thread (33, main, main)
08:04:46.874 INFO: JdwpEventCenterDelegate: THREAD_RESUMED: thread (33, main, main)
08:04:46.882 INFO: JdwpEventCenterDelegate: THREAD_RESUMED: thread (33, main, main)
08:04:46.888 INFO: JdwpEventCenterDelegate: THREAD_RESUMED: thread (33, main, main)
08:04:46.893 INFO: JdwpEventCenterDelegate: THREAD_RESUMED: thread (33, main, main)
08:04:46.909 INFO: JdwpEventCenterDelegate: THREAD_RESUMED: thread (33, main, main)
08:04:46.914 INFO: JdwpEventCenterDelegate: THREAD_RESUMED: thread (33, main, main)
08:04:46.923 INFO: JdwpEventCenterDelegate: THREAD_RESUMED: thread (33, main, main)
08:04:46.928 INFO: JdwpEventCenterDelegate: THREAD_RESUMED: thread (33, main, main)
08:04:46.930 INFO: JdwpEventCenterDelegate: THREAD_RESUMED: thread (33, main, main)
08:04:46.932 INFO: JdwpEventCenterDelegate: THREAD_RESUMED: thread (33, main, main)
08:04:46.934 INFO: JdwpEventCenterDelegate: THREAD_RESUMED: thread (33, main, main)
08:04:46.938 INFO: JdwpEventCenterDelegate: THREAD_RESUMED: thread (33, main, main)
08:04:46.940 INFO: JdwpEventCenterDelegate: THREAD_RESUMED: thread (33, main, main)
08:04:46.942 INFO: JdwpEventCenterDelegate: THREAD_RESUMED: thread (33, main, main)
08:04:46.944 INFO: JdwpEventCenterDelegate: THREAD_RESUMED: thread (33, main, main)
08:04:46.945 INFO: JdwpEventCenterDelegate: THREAD_RESUMED: thread (33, main, main)
08:04:46.947 INFO: JdwpEventCenterDelegate: THREAD_RESUMED: thread (33, main, main)
08:04:46.948 INFO: JdwpEventCenterDelegate: THREAD_RESUMED: thread (33, main, main)
08:04:46.949 INFO: JdwpEventCenterDelegate: THREAD_RESUMED: thread (33, main, main)
08:04:46.951 INFO: JdwpEventCenterDelegate: THREAD_RESUMED: thread (33, main, main)
08:04:46.952 INFO: JdwpEventCenterDelegate: THREAD_RESUMED: thread (33, main, main)
08:04:46.954 INFO: JdwpEventCenterDelegate: THREAD_RESUMED: thread (33, main, main)
08:04:46.955 INFO: JdwpEventCenterDelegate: THREAD_RESUMED: thread (33, main, main)
08:04:46.957 INFO: JdwpEventCenterDelegate: THREAD_RESUMED: thread (33, main, main)
08:04:46.958 INFO: JdwpEventCenterDelegate: THREAD_RESUMED: thread (33, main, main)
08:04:46.960 INFO: JdwpEventCenterDelegate: THREAD_RESUMED: thread (33, main, main)
08:04:46.963 INFO: JdwpEventCenterDelegate: THREAD_RESUMED: thread (33, main, main)
08:04:46.964 INFO: JdwpEventCenterDelegate: THREAD_RESUMED: thread (33, main, main)
08:04:46.965 INFO: JdwpEventCenterDelegate: THREAD_RESUMED: thread (33, main, main)
08:04:46.967 INFO: JdwpEventCenterDelegate: THREAD_RESUMED: thread (33, main, main)
08:04:46.968 INFO: JdwpEventCenterDelegate: THREAD_RESUMED: thread (33, main, main)
08:04:46.969 INFO: JdwpEventCenterDelegate: THREAD_RESUMED: thread (33, main, main)
08:04:46.971 INFO: JdwpEventCenterDelegate: THREAD_RESUMED: thread (33, main, main)
08:04:46.972 INFO: JdwpEventCenterDelegate: THREAD_RESUMED: thread (33, main, main)
08:04:46.973 INFO: JdwpEventCenterDelegate: THREAD_RESUMED: thread (33, main, main)
08:04:46.974 INFO: JdwpEventCenterDelegate: THREAD_RESUMED: thread (33, main, main)
08:04:46.975 INFO: JdwpEventCenterDelegate: THREAD_RESUMED: thread (33, main, main)
08:04:46.976 INFO: JdwpEventCenterDelegate: THREAD_RESUMED: thread (33, main, main)
08:04:46.978 INFO: JdwpEventCenterDelegate: THREAD_RESUMED: thread (33, main, main)
08:04:46.979 INFO: JdwpEventCenterDelegate: THREAD_RESUMED: thread (33, main, main)
08:04:46.980 INFO: JdwpEventCenterDelegate: THREAD_RESUMED: thread (33, main, main)
08:04:46.981 INFO: JdwpEventCenterDelegate: THREAD_RESUMED: thread (33, main, main)
08:04:46.982 INFO: JdwpEventCenterDelegate: THREAD_RESUMED: thread (33, main, main)
08:04:46.983 INFO: JdwpEventCenterDelegate: THREAD_RESUMED: thread (33, main, main)
08:04:46.985 INFO: JdwpEventCenterDelegate: THREAD_RESUMED: thread (33, main, main)
08:04:46.986 INFO: JdwpEventCenterDelegate: THREAD_RESUMED: thread (33, main, main)
08:04:46.987 INFO: JdwpEventCenterDelegate: THREAD_RESUMED: thread (33, main, main)
08:04:46.988 INFO: JdwpEventCenterDelegate: THREAD_RESUMED: thread (33, main, main)
08:04:46.990 INFO: JdwpEventCenterDelegate: THREAD_RESUMED: thread (33, main, main)
08:04:46.991 INFO: JdwpEventCenterDelegate: THREAD_RESUMED: thread (33, main, main)
08:04:46.992 INFO: JdwpEventCenterDelegate: THREAD_RESUMED: thread (33, main, main)
08:04:46.993 INFO: JdwpEventCenterDelegate: THREAD_RESUMED: thread (33, main, main)
08:04:46.995 INFO: JdwpEventCenterDelegate: THREAD_RESUMED: thread (33, main, main)
08:04:46.996 INFO: JdwpEventCenterDelegate: THREAD_RESUMED: thread (33, main, main)
08:04:46.997 INFO: JdwpEventCenterDelegate: THREAD_RESUMED: thread (33, main, main)
08:04:46.998 INFO: JdwpEventCenterDelegate: THREAD_RESUMED: thread (33, main, main)
08:04:47.002 INFO: JdwpEventCenterDelegate: THREAD_RESUMED: thread (33, main, main)
08:04:47.004 INFO: JdwpEventCenterDelegate: THREAD_RESUMED: thread (33, main, main)
08:04:47.005 INFO: JdwpEventCenterDelegate: THREAD_RESUMED: thread (33, main, main)
08:04:47.006 INFO: JdwpEventCenterDelegate: THREAD_RESUMED: thread (33, main, main)
08:04:47.007 INFO: JdwpEventCenterDelegate: THREAD_RESUMED: thread (33, main, main)
08:04:47.286 INFO: JdwpDebugServer: handling req: ThreadReference(11).Resume(3)
08:04:47.287 INFO: JdwpEventCenterDelegate: THREAD_RESUMED: thread (33, main, main)
08:04:47.371 INFO: JdwpEventCenterDelegate: THREAD_RESUMED: thread (33, main, main)
08:04:47.400 INFO: JdwpEventCenterDelegate: THREAD_RESUMED: thread (33, main, main)
08:04:47.402 INFO: JdwpEventCenterDelegate: THREAD_RESUMED: thread (33, main, main)
08:04:47.403 INFO: JdwpEventCenterDelegate: THREAD_RESUMED: thread (33, main, main)
08:04:47.642 INFO: JdwpEventCenterDelegate: THREAD_RESUMED: thread (33, main, main)
08:04:47.646 INFO: JdwpEventCenterDelegate: THREAD_RESUMED: thread (33, main, main)
08:04:47.685 INFO: JdwpEventCenterDelegate: THREAD_RESUMED: thread (33, main, main)
08:04:47.686 INFO: JdwpEventCenterDelegate: THREAD_RESUMED: thread (33, main, main)
08:04:47.714 INFO: JdwpEventCenterDelegate: THREAD_RESUMED: thread (33, main, main)
08:04:47.715 INFO: JdwpEventCenterDelegate: THREAD_RESUMED: thread (33, main, main)
08:04:47.716 INFO: JdwpEventCenterDelegate: THREAD_RESUMED: thread (33, main, main)
08:04:47.717 INFO: JdwpEventCenterDelegate: THREAD_RESUMED: thread (33, main, main)
08:04:47.718 INFO: JdwpEventCenterDelegate: THREAD_RESUMED: thread (33, main, main)
08:04:47.719 INFO: JdwpEventCenterDelegate: THREAD_RESUMED: thread (33, main, main)
08:16:35.961 SEVERE: Debugger: Thread HooksChannel socket thread crashed
org.robovm.debugger.DebuggerException: java.nio.BufferUnderflowException
	at org.robovm.debugger.hooks.HooksChannel.doSocketWork(HooksChannel.java:149)
	at java.base/java.lang.Thread.run(Thread.java:833)
	at org.robovm.debugger.utils.DebuggerThread.run(DebuggerThread.java:42)
Caused by: java.nio.BufferUnderflowException
	at org.robovm.debugger.utils.bytebuffer.DataBufferWriter.writeFromStream(DataBufferWriter.java:91)
	at org.robovm.debugger.hooks.HooksChannel.doSocketWork(HooksChannel.java:116)
	... 2 more
08:16:36.511 SEVERE: Debugger: Thread JDWP server socket thread crashed
org.robovm.debugger.DebuggerException: java.net.SocketException: Socket closed
	at org.robovm.debugger.jdwp.JdwpDebugServer.doSocketWork(JdwpDebugServer.java:215)
	at java.base/java.lang.Thread.run(Thread.java:833)
	at org.robovm.debugger.utils.DebuggerThread.run(DebuggerThread.java:42)
Caused by: java.net.SocketException: Socket closed
	at java.base/sun.nio.ch.NioSocketImpl.endRead(NioSocketImpl.java:248)
	at java.base/sun.nio.ch.NioSocketImpl.implRead(NioSocketImpl.java:327)
	at java.base/sun.nio.ch.NioSocketImpl.read(NioSocketImpl.java:350)
	at java.base/sun.nio.ch.NioSocketImpl$1.read(NioSocketImpl.java:803)
	at java.base/java.net.Socket$SocketInputStream.read(Socket.java:966)
	at org.robovm.debugger.utils.bytebuffer.DataBufferWriter.writeFromStream(DataBufferWriter.java:89)
	at org.robovm.debugger.jdwp.protocol.JdwpRequestHeader.readFromStream(JdwpRequestHeader.java:36)
	at org.robovm.debugger.jdwp.JdwpDebugServer.doSocketWork(JdwpDebugServer.java:185)
	... 2 more
