10:25:10.412 INFO: JdwpEventCenterDelegate: THREAD_STARTED: thread (33, main, main)
10:25:10.496 INFO: JdwpEventCenterDelegate: THREAD_STARTED: thread (48, ReferenceQueueDaemon, main)
10:25:10.497 INFO: JdwpEventCenterDelegate: THREAD_STARTED: thread (63, FinalizerDaemon, main)
10:25:10.499 INFO: JdwpEventCenterDelegate: THREAD_STARTED: thread (78, FinalizerWatchdogDaemon, main)
10:25:12.128 INFO: JdwpDebugServer: handling req: VirtualMachine(1).IDSizes(7)
10:25:12.129 INFO: JdwpDebugServer: handling req: EventRequest(15).Set(1)
10:25:12.130 INFO: JdwpEventCenterDelegate: jdwpSetEventRequest: JdwpEventRequest{requestId=100, eventKind=CLASS_UNLOAD, suspendPolicy=NONE, predicates=[]}
10:25:12.131 INFO: JdwpDebugServer: handling req: EventRequest(15).Set(1)
10:25:12.131 INFO: JdwpEventCenterDelegate: jdwpSetEventRequest: JdwpEventRequest{requestId=101, eventKind=THREAD_START, suspendPolicy=NONE, predicates=[]}
10:25:12.132 INFO: JdwpDebugServer: handling req: VirtualMachine(1).ClassesBySignature(2)
10:25:12.133 INFO: JdwpDebugServer: handling req: VirtualMachine(1).Version(1)
10:25:12.134 INFO: JdwpDebugServer: handling req: ReferenceType(2).MethodsWithGeneric(15)
10:25:12.135 INFO: JdwpDebugServer: handling req: Method(6).LineTable(1)
10:25:12.136 INFO: JdwpDebugServer: handling req: EventRequest(15).Set(1)
10:25:12.136 INFO: JdwpEventCenterDelegate: jdwpSetEventRequest: JdwpEventRequest{requestId=102, eventKind=BREAKPOINT, suspendPolicy=NONE, predicates=[Location{classId=845, methodId=257, index=928} ]}
10:25:12.137 INFO: JdwpDebugServer: handling req: EventRequest(15).Set(1)
10:25:12.137 INFO: JdwpEventCenterDelegate: jdwpSetEventRequest: JdwpEventRequest{requestId=103, eventKind=THREAD_DEATH, suspendPolicy=NONE, predicates=[]}
10:25:12.137 INFO: JdwpDebugServer: handling req: VirtualMachine(1).AllThreads(4)
10:25:12.138 INFO: JdwpDebugServer: handling req: ThreadReference(11).ThreadGroup(5)
10:25:12.139 INFO: JdwpDebugServer: handling req: ThreadGroup(12).Name(1)
10:25:12.139 INFO: JdwpDebugServer: handling req: ThreadGroup(12).Parent(2)
10:25:12.139 INFO: JdwpDebugServer: handling req: ObjectReference(9).ReferenceType(1)
10:25:12.140 INFO: JdwpDebugServer: handling req: ReferenceType(2).FieldsWithGeneric(14)
10:25:12.141 INFO: JdwpDebugServer: handling req: ReferenceType(2).Interfaces(10)
10:25:12.141 INFO: JdwpDebugServer: handling req: ReferenceType(2).FieldsWithGeneric(14)
10:25:12.142 INFO: JdwpDebugServer: handling req: ReferenceType(2).Interfaces(10)
10:25:12.142 INFO: JdwpDebugServer: handling req: ClassType(3).Superclass(1)
10:25:12.142 INFO: JdwpDebugServer: handling req: ReferenceType(2).FieldsWithGeneric(14)
10:25:12.142 INFO: JdwpDebugServer: handling req: ReferenceType(2).Interfaces(10)
10:25:12.142 INFO: JdwpDebugServer: handling req: ClassType(3).Superclass(1)
10:25:12.143 INFO: JdwpDebugServer: handling req: ObjectReference(9).GetValues(2)
10:25:12.144 INFO: JdwpDebugServer: handling req: ThreadReference(11).Status(4)
10:25:12.144 INFO: JdwpDebugServer: handling req: ThreadReference(11).Status(4)
10:25:12.144 INFO: JdwpDebugServer: handling req: ThreadReference(11).ThreadGroup(5)
10:25:12.144 INFO: JdwpDebugServer: handling req: ObjectReference(9).ReferenceType(1)
10:25:12.145 INFO: JdwpDebugServer: handling req: ObjectReference(9).GetValues(2)
10:25:12.145 INFO: JdwpDebugServer: handling req: ThreadReference(11).Status(4)
10:25:12.145 INFO: JdwpDebugServer: handling req: ThreadReference(11).Status(4)
10:25:12.145 INFO: JdwpDebugServer: handling req: ThreadReference(11).ThreadGroup(5)
10:25:12.145 INFO: JdwpDebugServer: handling req: ObjectReference(9).ReferenceType(1)
10:25:12.145 INFO: JdwpDebugServer: handling req: ObjectReference(9).GetValues(2)
10:25:12.146 INFO: JdwpDebugServer: handling req: ThreadReference(11).Status(4)
10:25:12.146 INFO: JdwpDebugServer: handling req: ThreadReference(11).Status(4)
10:25:12.146 INFO: JdwpDebugServer: handling req: ThreadReference(11).ThreadGroup(5)
10:25:12.146 INFO: JdwpDebugServer: handling req: ObjectReference(9).ReferenceType(1)
10:25:12.146 INFO: JdwpDebugServer: handling req: ObjectReference(9).GetValues(2)
10:25:12.146 INFO: JdwpDebugServer: handling req: ThreadReference(11).Status(4)
10:25:12.146 INFO: JdwpDebugServer: handling req: ThreadReference(11).Status(4)
10:25:12.149 INFO: JdwpDebugServer: handling req: EventRequest(15).Set(1)
10:25:12.149 INFO: JdwpEventCenterDelegate: jdwpSetEventRequest: JdwpEventRequest{requestId=104, eventKind=CLASS_PREPARE, suspendPolicy=EVENT_THREAD, predicates=[className=java.lang.Throwable]}
10:25:12.156 INFO: JdwpDebugServer: handling req: EventRequest(15).Set(1)
10:25:12.161 INFO: JdwpEventCenterDelegate: jdwpSetEventRequest: JdwpEventRequest{requestId=105, eventKind=CLASS_PREPARE, suspendPolicy=EVENT_THREAD, predicates=[className=java.lang.Throwable$*]}
10:25:12.164 INFO: JdwpDebugServer: handling req: VirtualMachine(1).ClassesBySignature(2)
10:25:12.165 INFO: JdwpDebugServer: handling req: ReferenceType(2).MethodsWithGeneric(15)
10:25:12.165 INFO: JdwpDebugServer: handling req: Method(6).LineTable(1)
10:25:12.166 INFO: JdwpDebugServer: handling req: Method(6).LineTable(1)
10:25:12.166 INFO: JdwpDebugServer: handling req: Method(6).LineTable(1)
10:25:12.166 INFO: JdwpDebugServer: handling req: Method(6).LineTable(1)
10:25:12.167 INFO: JdwpDebugServer: handling req: Method(6).LineTable(1)
10:25:12.167 INFO: JdwpDebugServer: handling req: Method(6).LineTable(1)
10:25:12.167 INFO: JdwpDebugServer: handling req: Method(6).LineTable(1)
10:25:12.167 INFO: JdwpDebugServer: handling req: Method(6).LineTable(1)
10:25:12.167 INFO: JdwpDebugServer: handling req: Method(6).LineTable(1)
10:25:12.168 INFO: JdwpDebugServer: handling req: Method(6).LineTable(1)
10:25:12.168 INFO: JdwpDebugServer: handling req: Method(6).LineTable(1)
10:25:12.168 INFO: JdwpDebugServer: handling req: Method(6).LineTable(1)
10:25:12.168 INFO: JdwpDebugServer: handling req: Method(6).LineTable(1)
10:25:12.168 INFO: JdwpDebugServer: handling req: Method(6).LineTable(1)
10:25:12.169 INFO: JdwpDebugServer: handling req: Method(6).LineTable(1)
10:25:12.169 INFO: JdwpDebugServer: handling req: Method(6).LineTable(1)
10:25:12.169 INFO: JdwpDebugServer: handling req: Method(6).LineTable(1)
10:25:12.169 INFO: JdwpDebugServer: handling req: Method(6).LineTable(1)
10:25:12.169 INFO: JdwpDebugServer: handling req: Method(6).LineTable(1)
10:25:12.169 INFO: JdwpDebugServer: handling req: Method(6).LineTable(1)
10:25:12.170 INFO: JdwpDebugServer: handling req: Method(6).LineTable(1)
10:25:12.170 INFO: JdwpDebugServer: handling req: Method(6).LineTable(1)
10:25:12.170 INFO: JdwpDebugServer: handling req: Method(6).LineTable(1)
10:25:12.170 INFO: JdwpDebugServer: handling req: Method(6).LineTable(1)
10:25:12.170 INFO: JdwpDebugServer: handling req: VirtualMachine(1).ClassesBySignature(2)
10:25:12.171 INFO: JdwpDebugServer: handling req: VirtualMachine(1).AllClassesWithGeneric(20)
10:25:12.183 INFO: JdwpDebugServer: handling req: EventRequest(15).Set(1)
10:25:12.184 INFO: JdwpEventCenterDelegate: jdwpSetEventRequest: JdwpEventRequest{requestId=106, eventKind=CLASS_PREPARE, suspendPolicy=EVENT_THREAD, predicates=[className=com.badlogic.gdx.utils.ScreenUtils]}
10:25:12.186 INFO: JdwpDebugServer: handling req: EventRequest(15).Set(1)
10:25:12.187 INFO: JdwpEventCenterDelegate: jdwpSetEventRequest: JdwpEventRequest{requestId=107, eventKind=CLASS_PREPARE, suspendPolicy=EVENT_THREAD, predicates=[className=com.badlogic.gdx.utils.ScreenUtils$*]}
10:25:12.188 INFO: JdwpDebugServer: handling req: VirtualMachine(1).ClassesBySignature(2)
10:25:12.188 INFO: JdwpDebugServer: handling req: ReferenceType(2).MethodsWithGeneric(15)
10:25:12.188 INFO: JdwpDebugServer: handling req: Method(6).LineTable(1)
10:25:12.188 INFO: JdwpDebugServer: handling req: Method(6).LineTable(1)
10:25:12.189 INFO: JdwpDebugServer: handling req: Method(6).LineTable(1)
10:25:12.189 INFO: JdwpDebugServer: handling req: Method(6).LineTable(1)
10:25:12.189 INFO: JdwpDebugServer: handling req: Method(6).LineTable(1)
10:25:12.189 INFO: JdwpDebugServer: handling req: Method(6).LineTable(1)
10:25:12.189 INFO: JdwpDebugServer: handling req: Method(6).LineTable(1)
10:25:12.190 INFO: JdwpDebugServer: handling req: Method(6).LineTable(1)
10:25:12.190 INFO: JdwpDebugServer: handling req: Method(6).LineTable(1)
10:25:12.190 INFO: JdwpDebugServer: handling req: Method(6).LineTable(1)
10:25:12.190 INFO: JdwpDebugServer: handling req: EventRequest(15).Set(1)
10:25:12.192 INFO: JdwpEventCenterDelegate: jdwpSetEventRequest: JdwpEventRequest{requestId=108, eventKind=BREAKPOINT, suspendPolicy=EVENT_THREAD, predicates=[Location{classId=22240, methodId=1272, index=89} ]}
10:25:12.195 INFO: JdwpDebugServer: handling req: EventRequest(15).Set(1)
10:25:12.196 INFO: JdwpEventCenterDelegate: jdwpSetEventRequest: JdwpEventRequest{requestId=109, eventKind=CLASS_PREPARE, suspendPolicy=EVENT_THREAD, predicates=[className=com.badlogic.gdx.utils.ScreenUtils]}
10:25:12.197 INFO: JdwpDebugServer: handling req: EventRequest(15).Set(1)
10:25:12.197 INFO: JdwpEventCenterDelegate: jdwpSetEventRequest: JdwpEventRequest{requestId=110, eventKind=CLASS_PREPARE, suspendPolicy=EVENT_THREAD, predicates=[className=com.badlogic.gdx.utils.ScreenUtils$*]}
10:25:12.198 INFO: JdwpDebugServer: handling req: VirtualMachine(1).ClassesBySignature(2)
10:25:12.198 INFO: JdwpDebugServer: handling req: EventRequest(15).Set(1)
10:25:12.198 INFO: JdwpEventCenterDelegate: jdwpSetEventRequest: JdwpEventRequest{requestId=111, eventKind=BREAKPOINT, suspendPolicy=EVENT_THREAD, predicates=[Location{classId=22240, methodId=1267, index=72} ]}
10:25:12.199 INFO: JdwpDebugServer: handling req: EventRequest(15).Set(1)
10:25:12.199 INFO: JdwpEventCenterDelegate: jdwpSetEventRequest: JdwpEventRequest{requestId=112, eventKind=CLASS_PREPARE, suspendPolicy=EVENT_THREAD, predicates=[className=com.badlogic.gdx.graphics.g2d.PolygonSpriteBatch]}
10:25:12.200 INFO: JdwpDebugServer: handling req: EventRequest(15).Set(1)
10:25:12.200 INFO: JdwpEventCenterDelegate: jdwpSetEventRequest: JdwpEventRequest{requestId=113, eventKind=CLASS_PREPARE, suspendPolicy=EVENT_THREAD, predicates=[className=com.badlogic.gdx.graphics.g2d.PolygonSpriteBatch$*]}
10:25:12.200 INFO: JdwpDebugServer: handling req: VirtualMachine(1).ClassesBySignature(2)
10:25:12.200 INFO: JdwpDebugServer: handling req: ReferenceType(2).MethodsWithGeneric(15)
10:25:12.201 INFO: JdwpDebugServer: handling req: Method(6).LineTable(1)
10:25:12.201 INFO: JdwpDebugServer: handling req: Method(6).LineTable(1)
10:25:12.201 INFO: JdwpDebugServer: handling req: Method(6).LineTable(1)
10:25:12.202 INFO: JdwpDebugServer: handling req: Method(6).LineTable(1)
10:25:12.202 INFO: JdwpDebugServer: handling req: Method(6).LineTable(1)
10:25:12.202 INFO: JdwpDebugServer: handling req: Method(6).LineTable(1)
10:25:12.202 INFO: JdwpDebugServer: handling req: Method(6).LineTable(1)
10:25:12.202 INFO: JdwpDebugServer: handling req: Method(6).LineTable(1)
10:25:12.202 INFO: JdwpDebugServer: handling req: Method(6).LineTable(1)
10:25:12.202 INFO: JdwpDebugServer: handling req: Method(6).LineTable(1)
10:25:12.202 INFO: JdwpDebugServer: handling req: Method(6).LineTable(1)
10:25:12.202 INFO: JdwpDebugServer: handling req: Method(6).LineTable(1)
10:25:12.202 INFO: JdwpDebugServer: handling req: Method(6).LineTable(1)
10:25:12.203 INFO: JdwpDebugServer: handling req: Method(6).LineTable(1)
10:25:12.203 INFO: JdwpDebugServer: handling req: Method(6).LineTable(1)
10:25:12.203 INFO: JdwpDebugServer: handling req: Method(6).LineTable(1)
10:25:12.203 INFO: JdwpDebugServer: handling req: Method(6).LineTable(1)
10:25:12.203 INFO: JdwpDebugServer: handling req: Method(6).LineTable(1)
10:25:12.203 INFO: JdwpDebugServer: handling req: Method(6).LineTable(1)
10:25:12.203 INFO: JdwpDebugServer: handling req: Method(6).LineTable(1)
10:25:12.203 INFO: JdwpDebugServer: handling req: Method(6).LineTable(1)
10:25:12.203 INFO: JdwpDebugServer: handling req: Method(6).LineTable(1)
10:25:12.204 INFO: JdwpDebugServer: handling req: Method(6).LineTable(1)
10:25:12.204 INFO: JdwpDebugServer: handling req: Method(6).LineTable(1)
10:25:12.204 INFO: JdwpDebugServer: handling req: Method(6).LineTable(1)
10:25:12.204 INFO: JdwpDebugServer: handling req: Method(6).LineTable(1)
10:25:12.204 INFO: JdwpDebugServer: handling req: Method(6).LineTable(1)
10:25:12.204 INFO: JdwpDebugServer: handling req: Method(6).LineTable(1)
10:25:12.204 INFO: JdwpDebugServer: handling req: Method(6).LineTable(1)
10:25:12.204 INFO: JdwpDebugServer: handling req: Method(6).LineTable(1)
10:25:12.205 INFO: JdwpDebugServer: handling req: Method(6).LineTable(1)
10:25:12.205 INFO: JdwpDebugServer: handling req: Method(6).LineTable(1)
10:25:12.205 INFO: JdwpDebugServer: handling req: Method(6).LineTable(1)
10:25:12.205 INFO: JdwpDebugServer: handling req: Method(6).LineTable(1)
10:25:12.205 INFO: JdwpDebugServer: handling req: Method(6).LineTable(1)
10:25:12.205 INFO: JdwpDebugServer: handling req: Method(6).LineTable(1)
10:25:12.205 INFO: JdwpDebugServer: handling req: Method(6).LineTable(1)
10:25:12.205 INFO: JdwpDebugServer: handling req: Method(6).LineTable(1)
10:25:12.205 INFO: JdwpDebugServer: handling req: Method(6).LineTable(1)
10:25:12.205 INFO: JdwpDebugServer: handling req: Method(6).LineTable(1)
10:25:12.206 INFO: JdwpDebugServer: handling req: Method(6).LineTable(1)
10:25:12.206 INFO: JdwpDebugServer: handling req: Method(6).LineTable(1)
10:25:12.206 INFO: JdwpDebugServer: handling req: Method(6).LineTable(1)
10:25:12.206 INFO: JdwpDebugServer: handling req: Method(6).LineTable(1)
10:25:12.206 INFO: JdwpDebugServer: handling req: Method(6).LineTable(1)
10:25:12.206 INFO: JdwpDebugServer: handling req: Method(6).LineTable(1)
10:25:12.206 INFO: JdwpDebugServer: handling req: Method(6).LineTable(1)
10:25:12.206 INFO: JdwpDebugServer: handling req: EventRequest(15).Set(1)
10:25:12.207 INFO: JdwpEventCenterDelegate: jdwpSetEventRequest: JdwpEventRequest{requestId=114, eventKind=BREAKPOINT, suspendPolicy=EVENT_THREAD, predicates=[Location{classId=15500, methodId=1307, index=142} ]}
10:25:12.207 INFO: JdwpDebugServer: handling req: EventRequest(15).Set(1)
10:25:12.207 INFO: JdwpEventCenterDelegate: jdwpSetEventRequest: JdwpEventRequest{requestId=115, eventKind=CLASS_PREPARE, suspendPolicy=EVENT_THREAD, predicates=[className=com.badlogic.gdx.graphics.g2d.SpriteBatch]}
10:25:12.208 INFO: JdwpDebugServer: handling req: EventRequest(15).Set(1)
10:25:12.208 INFO: JdwpEventCenterDelegate: jdwpSetEventRequest: JdwpEventRequest{requestId=116, eventKind=CLASS_PREPARE, suspendPolicy=EVENT_THREAD, predicates=[className=com.badlogic.gdx.graphics.g2d.SpriteBatch$*]}
10:25:12.209 INFO: JdwpDebugServer: handling req: VirtualMachine(1).ClassesBySignature(2)
10:25:12.209 INFO: JdwpDebugServer: handling req: ReferenceType(2).MethodsWithGeneric(15)
10:25:12.210 INFO: JdwpDebugServer: handling req: Method(6).LineTable(1)
10:25:12.210 INFO: JdwpDebugServer: handling req: Method(6).LineTable(1)
10:25:12.210 INFO: JdwpDebugServer: handling req: Method(6).LineTable(1)
10:25:12.210 INFO: JdwpDebugServer: handling req: Method(6).LineTable(1)
10:25:12.211 INFO: JdwpDebugServer: handling req: Method(6).LineTable(1)
10:25:12.211 INFO: JdwpDebugServer: handling req: Method(6).LineTable(1)
10:25:12.211 INFO: JdwpDebugServer: handling req: Method(6).LineTable(1)
10:25:12.211 INFO: JdwpDebugServer: handling req: Method(6).LineTable(1)
10:25:12.211 INFO: JdwpDebugServer: handling req: Method(6).LineTable(1)
10:25:12.211 INFO: JdwpDebugServer: handling req: Method(6).LineTable(1)
10:25:12.212 INFO: JdwpDebugServer: handling req: Method(6).LineTable(1)
10:25:12.212 INFO: JdwpDebugServer: handling req: Method(6).LineTable(1)
10:25:12.212 INFO: JdwpDebugServer: handling req: Method(6).LineTable(1)
10:25:12.212 INFO: JdwpDebugServer: handling req: Method(6).LineTable(1)
10:25:12.212 INFO: JdwpDebugServer: handling req: Method(6).LineTable(1)
10:25:12.213 INFO: JdwpDebugServer: handling req: Method(6).LineTable(1)
10:25:12.213 INFO: JdwpDebugServer: handling req: Method(6).LineTable(1)
10:25:12.213 INFO: JdwpDebugServer: handling req: Method(6).LineTable(1)
10:25:12.213 INFO: JdwpDebugServer: handling req: Method(6).LineTable(1)
10:25:12.213 INFO: JdwpDebugServer: handling req: Method(6).LineTable(1)
10:25:12.213 INFO: JdwpDebugServer: handling req: Method(6).LineTable(1)
10:25:12.214 INFO: JdwpDebugServer: handling req: Method(6).LineTable(1)
10:25:12.214 INFO: JdwpDebugServer: handling req: Method(6).LineTable(1)
10:25:12.214 INFO: JdwpDebugServer: handling req: Method(6).LineTable(1)
10:25:12.214 INFO: JdwpDebugServer: handling req: Method(6).LineTable(1)
10:25:12.214 INFO: JdwpDebugServer: handling req: Method(6).LineTable(1)
10:25:12.215 INFO: JdwpDebugServer: handling req: Method(6).LineTable(1)
10:25:12.215 INFO: JdwpDebugServer: handling req: Method(6).LineTable(1)
10:25:12.215 INFO: JdwpDebugServer: handling req: Method(6).LineTable(1)
10:25:12.215 INFO: JdwpDebugServer: handling req: Method(6).LineTable(1)
10:25:12.215 INFO: JdwpDebugServer: handling req: Method(6).LineTable(1)
10:25:12.216 INFO: JdwpDebugServer: handling req: Method(6).LineTable(1)
10:25:12.216 INFO: JdwpDebugServer: handling req: Method(6).LineTable(1)
10:25:12.216 INFO: JdwpDebugServer: handling req: Method(6).LineTable(1)
10:25:12.216 INFO: JdwpDebugServer: handling req: Method(6).LineTable(1)
10:25:12.216 INFO: JdwpDebugServer: handling req: Method(6).LineTable(1)
10:25:12.217 INFO: JdwpDebugServer: handling req: Method(6).LineTable(1)
10:25:12.217 INFO: JdwpDebugServer: handling req: Method(6).LineTable(1)
10:25:12.217 INFO: JdwpDebugServer: handling req: Method(6).LineTable(1)
10:25:12.217 INFO: JdwpDebugServer: handling req: Method(6).LineTable(1)
10:25:12.217 INFO: JdwpDebugServer: handling req: Method(6).LineTable(1)
10:25:12.217 INFO: JdwpDebugServer: handling req: Method(6).LineTable(1)
10:25:12.218 INFO: JdwpDebugServer: handling req: Method(6).LineTable(1)
10:25:12.218 INFO: JdwpDebugServer: handling req: Method(6).LineTable(1)
10:25:12.218 INFO: JdwpDebugServer: handling req: EventRequest(15).Set(1)
10:25:12.218 INFO: JdwpEventCenterDelegate: jdwpSetEventRequest: JdwpEventRequest{requestId=117, eventKind=BREAKPOINT, suspendPolicy=EVENT_THREAD, predicates=[Location{classId=18040, methodId=1542, index=163} ]}
10:25:12.219 INFO: JdwpDebugServer: handling req: EventRequest(15).Set(1)
10:25:12.219 INFO: JdwpEventCenterDelegate: jdwpSetEventRequest: JdwpEventRequest{requestId=118, eventKind=CLASS_PREPARE, suspendPolicy=EVENT_THREAD, predicates=[className=com.badlogic.gdx.graphics.g2d.PolygonSpriteBatch]}
10:25:12.220 INFO: JdwpDebugServer: handling req: EventRequest(15).Set(1)
10:25:12.220 INFO: JdwpEventCenterDelegate: jdwpSetEventRequest: JdwpEventRequest{requestId=119, eventKind=CLASS_PREPARE, suspendPolicy=EVENT_THREAD, predicates=[className=com.badlogic.gdx.graphics.g2d.PolygonSpriteBatch$*]}
10:25:12.221 INFO: JdwpDebugServer: handling req: VirtualMachine(1).ClassesBySignature(2)
10:25:12.221 INFO: JdwpDebugServer: handling req: EventRequest(15).Set(1)
10:25:12.221 INFO: JdwpEventCenterDelegate: jdwpSetEventRequest: JdwpEventRequest{requestId=120, eventKind=BREAKPOINT, suspendPolicy=EVENT_THREAD, predicates=[Location{classId=15500, methodId=1307, index=141} ]}
10:25:12.222 INFO: JdwpDebugServer: handling req: VirtualMachine(1).capabilitiesNew(17)
10:25:12.231 INFO: JdwpDebugServer: handling req: EventRequest(15).Set(1)
10:25:12.231 INFO: JdwpEventCenterDelegate: jdwpSetEventRequest: JdwpEventRequest{requestId=121, eventKind=CLASS_PREPARE, suspendPolicy=EVENT_THREAD, predicates=[className=java.lang.Error]}
10:25:12.233 INFO: JdwpDebugServer: handling req: EventRequest(15).Set(1)
10:25:12.233 INFO: JdwpEventCenterDelegate: jdwpSetEventRequest: JdwpEventRequest{requestId=122, eventKind=CLASS_PREPARE, suspendPolicy=EVENT_THREAD, predicates=[className=java.lang.Error$*]}
10:25:12.234 INFO: JdwpDebugServer: handling req: VirtualMachine(1).ClassesBySignature(2)
10:25:12.234 INFO: JdwpDebugServer: handling req: EventRequest(15).Set(1)
10:25:12.240 INFO: JdwpEventCenterDelegate: jdwpSetEventRequest: JdwpEventRequest{requestId=123, eventKind=EXCEPTION, suspendPolicy=EVENT_THREAD, predicates=[exceptionType=3425(caught=true, uncaught=true)]}
10:25:12.269 INFO: JdwpDebugServer: handling req: EventRequest(15).Set(1)
10:25:12.270 INFO: JdwpEventCenterDelegate: jdwpSetEventRequest: JdwpEventRequest{requestId=124, eventKind=CLASS_PREPARE, suspendPolicy=EVENT_THREAD, predicates=[className=java.lang.Throwable]}
10:25:12.271 INFO: JdwpDebugServer: handling req: EventRequest(15).Set(1)
10:25:12.272 INFO: JdwpEventCenterDelegate: jdwpSetEventRequest: JdwpEventRequest{requestId=125, eventKind=CLASS_PREPARE, suspendPolicy=EVENT_THREAD, predicates=[className=java.lang.Throwable$*]}
10:25:12.272 INFO: JdwpDebugServer: handling req: VirtualMachine(1).ClassesBySignature(2)
10:25:12.273 INFO: JdwpDebugServer: handling req: EventRequest(15).Set(1)
10:25:12.273 INFO: JdwpEventCenterDelegate: jdwpSetEventRequest: JdwpEventRequest{requestId=126, eventKind=EXCEPTION, suspendPolicy=EVENT_THREAD, predicates=[exceptionType=7695(caught=false, uncaught=true)]}
10:25:12.276 INFO: JdwpDebugServer: handling req: ThreadReference(11).SuspendCount(12)
10:25:12.276 INFO: JdwpDebugServer: handling req: ThreadReference(11).SuspendCount(12)
10:25:12.276 INFO: JdwpDebugServer: handling req: ThreadReference(11).SuspendCount(12)
10:25:12.276 INFO: JdwpDebugServer: handling req: ThreadReference(11).SuspendCount(12)
10:25:12.276 INFO: JdwpDebugServer: handling req: VirtualMachine(1).AllThreads(4)
10:25:12.276 INFO: JdwpDebugServer: handling req: VirtualMachine(1).Resume(9)
10:25:12.323 INFO: JdwpEventCenterDelegate: THREAD_RESUMED: thread (33, main, main)
10:25:12.324 INFO: JdwpEventCenterDelegate: THREAD_RESUMED: thread (33, main, main)
10:25:12.325 INFO: JdwpEventCenterDelegate: THREAD_RESUMED: thread (33, main, main)
10:25:12.325 INFO: JdwpEventCenterDelegate: THREAD_RESUMED: thread (33, main, main)
10:25:12.325 INFO: JdwpEventCenterDelegate: THREAD_RESUMED: thread (33, main, main)
10:25:12.326 INFO: JdwpEventCenterDelegate: THREAD_RESUMED: thread (33, main, main)
10:25:12.326 INFO: JdwpEventCenterDelegate: THREAD_RESUMED: thread (33, main, main)
10:25:12.329 INFO: JdwpEventCenterDelegate: THREAD_RESUMED: thread (33, main, main)
10:25:12.329 INFO: JdwpEventCenterDelegate: THREAD_RESUMED: thread (33, main, main)
10:25:12.330 INFO: JdwpEventCenterDelegate: THREAD_RESUMED: thread (33, main, main)
10:25:12.330 INFO: JdwpEventCenterDelegate: THREAD_RESUMED: thread (33, main, main)
10:25:12.336 INFO: JdwpEventCenterDelegate: THREAD_RESUMED: thread (33, main, main)
10:25:12.336 INFO: JdwpEventCenterDelegate: THREAD_RESUMED: thread (33, main, main)
10:25:12.337 INFO: JdwpEventCenterDelegate: THREAD_RESUMED: thread (33, main, main)
10:25:12.396 INFO: JdwpEventCenterDelegate: THREAD_RESUMED: thread (33, main, main)
10:25:12.397 INFO: JdwpEventCenterDelegate: THREAD_RESUMED: thread (33, main, main)
10:25:12.398 INFO: JdwpEventCenterDelegate: THREAD_RESUMED: thread (33, main, main)
10:25:12.405 INFO: JdwpEventCenterDelegate: THREAD_RESUMED: thread (33, main, main)
10:25:12.405 INFO: JdwpEventCenterDelegate: THREAD_RESUMED: thread (33, main, main)
10:25:12.406 INFO: JdwpEventCenterDelegate: THREAD_RESUMED: thread (33, main, main)
10:25:12.653 INFO: JdwpEventCenterDelegate: THREAD_RESUMED: thread (33, main, main)
10:25:12.654 INFO: JdwpEventCenterDelegate: THREAD_RESUMED: thread (33, main, main)
10:25:12.655 INFO: JdwpEventCenterDelegate: THREAD_RESUMED: thread (33, main, main)
10:25:12.710 INFO: JdwpEventCenterDelegate: THREAD_RESUMED: thread (33, main, main)
10:25:12.711 INFO: JdwpEventCenterDelegate: THREAD_RESUMED: thread (33, main, main)
10:25:12.711 INFO: JdwpEventCenterDelegate: THREAD_RESUMED: thread (33, main, main)
10:25:12.735 INFO: JdwpEventCenterDelegate: THREAD_RESUMED: thread (33, main, main)
10:25:12.736 INFO: JdwpEventCenterDelegate: THREAD_RESUMED: thread (33, main, main)
10:25:12.736 INFO: JdwpEventCenterDelegate: THREAD_RESUMED: thread (33, main, main)
10:25:12.758 INFO: JdwpEventCenterDelegate: THREAD_RESUMED: thread (33, main, main)
10:25:12.759 INFO: JdwpEventCenterDelegate: THREAD_RESUMED: thread (33, main, main)
10:25:12.760 INFO: JdwpEventCenterDelegate: THREAD_RESUMED: thread (33, main, main)
10:25:12.760 INFO: JdwpEventCenterDelegate: THREAD_RESUMED: thread (33, main, main)
10:25:12.766 INFO: JdwpEventCenterDelegate: THREAD_RESUMED: thread (33, main, main)
10:25:12.767 INFO: JdwpEventCenterDelegate: THREAD_RESUMED: thread (33, main, main)
10:25:12.787 INFO: JdwpDebugServer: handling req: ThreadReference(11).Name(1)
10:25:12.789 INFO: JdwpDebugServer: handling req: ThreadReference(11).Name(1)
10:25:12.790 INFO: JdwpDebugServer: handling req: ThreadReference(11).Name(1)
10:25:12.790 INFO: JdwpDebugServer: handling req: ThreadReference(11).Name(1)
10:25:13.283 INFO: JdwpEventCenterDelegate: THREAD_RESUMED: thread (33, main, main)
10:25:13.285 INFO: JdwpEventCenterDelegate: THREAD_RESUMED: thread (33, main, main)
10:25:13.304 INFO: JdwpEventCenterDelegate: THREAD_RESUMED: thread (33, main, main)
10:25:13.305 INFO: JdwpEventCenterDelegate: THREAD_RESUMED: thread (33, main, main)
10:25:13.305 INFO: JdwpEventCenterDelegate: THREAD_RESUMED: thread (33, main, main)
10:25:13.306 INFO: JdwpEventCenterDelegate: THREAD_RESUMED: thread (33, main, main)
10:25:13.375 INFO: JdwpEventCenterDelegate: THREAD_RESUMED: thread (33, main, main)
10:25:13.750 INFO: JdwpDebugServer: handling req: EventRequest(15).Set(1)
10:25:13.751 INFO: JdwpEventCenterDelegate: jdwpSetEventRequest: JdwpEventRequest{requestId=127, eventKind=BREAKPOINT, suspendPolicy=EVENT_THREAD, predicates=[Location{classId=15500, methodId=1307, index=142} ]}
10:25:13.760 INFO: JdwpDebugServer: handling req: EventRequest(15).Set(1)
10:25:13.760 INFO: JdwpEventCenterDelegate: jdwpSetEventRequest: JdwpEventRequest{requestId=128, eventKind=BREAKPOINT, suspendPolicy=EVENT_THREAD, predicates=[Location{classId=15500, methodId=1307, index=141} ]}
10:25:13.767 INFO: JdwpDebugServer: handling req: ThreadReference(11).Resume(3)
10:25:13.768 INFO: JdwpEventCenterDelegate: THREAD_RESUMED: thread (33, main, main)
10:25:13.781 INFO: JdwpEventCenterDelegate: THREAD_RESUMED: thread (33, main, main)
10:25:13.806 SEVERE: Debugger: Thread HooksChannel socket thread crashed
org.robovm.debugger.DebuggerException: java.nio.BufferUnderflowException
	at org.robovm.debugger.hooks.HooksChannel.doSocketWork(HooksChannel.java:149)
	at java.base/java.lang.Thread.run(Thread.java:833)
	at org.robovm.debugger.utils.DebuggerThread.run(DebuggerThread.java:42)
Caused by: java.nio.BufferUnderflowException
	at org.robovm.debugger.utils.bytebuffer.DataBufferWriter.writeFromStream(DataBufferWriter.java:91)
	at org.robovm.debugger.hooks.HooksChannel.doSocketWork(HooksChannel.java:116)
	... 2 more
10:25:14.316 SEVERE: Debugger: Thread JDWP server socket thread crashed
org.robovm.debugger.DebuggerException: java.net.SocketException: Socket closed
	at org.robovm.debugger.jdwp.JdwpDebugServer.doSocketWork(JdwpDebugServer.java:215)
	at java.base/java.lang.Thread.run(Thread.java:833)
	at org.robovm.debugger.utils.DebuggerThread.run(DebuggerThread.java:42)
Caused by: java.net.SocketException: Socket closed
	at java.base/sun.nio.ch.NioSocketImpl.endRead(NioSocketImpl.java:248)
	at java.base/sun.nio.ch.NioSocketImpl.implRead(NioSocketImpl.java:327)
	at java.base/sun.nio.ch.NioSocketImpl.read(NioSocketImpl.java:350)
	at java.base/sun.nio.ch.NioSocketImpl$1.read(NioSocketImpl.java:803)
	at java.base/java.net.Socket$SocketInputStream.read(Socket.java:966)
	at org.robovm.debugger.utils.bytebuffer.DataBufferWriter.writeFromStream(DataBufferWriter.java:89)
	at org.robovm.debugger.jdwp.protocol.JdwpRequestHeader.readFromStream(JdwpRequestHeader.java:36)
	at org.robovm.debugger.jdwp.JdwpDebugServer.doSocketWork(JdwpDebugServer.java:185)
	... 2 more
