09:20:23.443 INFO: JdwpEventCenterDelegate: THREAD_STARTED: thread (33, main, main)
09:20:23.497 INFO: JdwpEventCenterDelegate: THREAD_STARTED: thread (48, FinalizerDaemon, main)
09:20:23.499 INFO: JdwpEventCenterDelegate: THREAD_STARTED: thread (63, ReferenceQueueDaemon, main)
09:20:23.501 INFO: JdwpEventCenterDelegate: THREAD_STARTED: thread (78, FinalizerWatchdogDaemon, main)
09:20:25.360 INFO: JdwpDebugServer: handling req: VirtualMachine(1).IDSizes(7)
09:20:25.361 INFO: JdwpDebugServer: handling req: EventRequest(15).Set(1)
09:20:25.363 INFO: JdwpEventCenterDelegate: jdwpSetEventRequest: JdwpEventRequest{requestId=100, eventKind=CLASS_UNLOAD, suspendPolicy=NONE, predicates=[]}
09:20:25.364 INFO: JdwpDebugServer: handling req: EventRequest(15).Set(1)
09:20:25.364 INFO: JdwpEventCenterDelegate: jdwpSetEventRequest: JdwpEventRequest{requestId=101, eventKind=THREAD_START, suspendPolicy=NONE, predicates=[]}
09:20:25.365 INFO: JdwpDebugServer: handling req: VirtualMachine(1).ClassesBySignature(2)
09:20:25.367 INFO: JdwpDebugServer: handling req: VirtualMachine(1).Version(1)
09:20:25.369 INFO: JdwpDebugServer: handling req: ReferenceType(2).MethodsWithGeneric(15)
09:20:25.371 INFO: JdwpDebugServer: handling req: Method(6).LineTable(1)
09:20:25.372 INFO: JdwpDebugServer: handling req: EventRequest(15).Set(1)
09:20:25.373 INFO: JdwpEventCenterDelegate: jdwpSetEventRequest: JdwpEventRequest{requestId=102, eventKind=BREAKPOINT, suspendPolicy=NONE, predicates=[Location{classId=845, methodId=257, index=928} ]}
09:20:25.374 INFO: JdwpDebugServer: handling req: EventRequest(15).Set(1)
09:20:25.374 INFO: JdwpEventCenterDelegate: jdwpSetEventRequest: JdwpEventRequest{requestId=103, eventKind=THREAD_DEATH, suspendPolicy=NONE, predicates=[]}
09:20:25.374 INFO: JdwpDebugServer: handling req: VirtualMachine(1).AllThreads(4)
09:20:25.375 INFO: JdwpDebugServer: handling req: ThreadReference(11).ThreadGroup(5)
09:20:25.376 INFO: JdwpDebugServer: handling req: ThreadGroup(12).Name(1)
09:20:25.376 INFO: JdwpDebugServer: handling req: ThreadGroup(12).Parent(2)
09:20:25.377 INFO: JdwpDebugServer: handling req: ObjectReference(9).ReferenceType(1)
09:20:25.377 INFO: JdwpDebugServer: handling req: ReferenceType(2).FieldsWithGeneric(14)
09:20:25.379 INFO: JdwpDebugServer: handling req: ReferenceType(2).Interfaces(10)
09:20:25.379 INFO: JdwpDebugServer: handling req: ReferenceType(2).FieldsWithGeneric(14)
09:20:25.380 INFO: JdwpDebugServer: handling req: ReferenceType(2).Interfaces(10)
09:20:25.380 INFO: JdwpDebugServer: handling req: ClassType(3).Superclass(1)
09:20:25.380 INFO: JdwpDebugServer: handling req: ReferenceType(2).FieldsWithGeneric(14)
09:20:25.381 INFO: JdwpDebugServer: handling req: ReferenceType(2).Interfaces(10)
09:20:25.381 INFO: JdwpDebugServer: handling req: ClassType(3).Superclass(1)
09:20:25.381 INFO: JdwpDebugServer: handling req: ObjectReference(9).GetValues(2)
09:20:25.384 INFO: JdwpDebugServer: handling req: ThreadReference(11).Status(4)
09:20:25.384 INFO: JdwpDebugServer: handling req: ThreadReference(11).Status(4)
09:20:25.385 INFO: JdwpDebugServer: handling req: ThreadReference(11).ThreadGroup(5)
09:20:25.385 INFO: JdwpDebugServer: handling req: ObjectReference(9).ReferenceType(1)
09:20:25.385 INFO: JdwpDebugServer: handling req: ObjectReference(9).GetValues(2)
09:20:25.386 INFO: JdwpDebugServer: handling req: ThreadReference(11).Status(4)
09:20:25.386 INFO: JdwpDebugServer: handling req: ThreadReference(11).Status(4)
09:20:25.386 INFO: JdwpDebugServer: handling req: ThreadReference(11).ThreadGroup(5)
09:20:25.386 INFO: JdwpDebugServer: handling req: ObjectReference(9).ReferenceType(1)
09:20:25.386 INFO: JdwpDebugServer: handling req: ObjectReference(9).GetValues(2)
09:20:25.387 INFO: JdwpDebugServer: handling req: ThreadReference(11).Status(4)
09:20:25.387 INFO: JdwpDebugServer: handling req: ThreadReference(11).Status(4)
09:20:25.387 INFO: JdwpDebugServer: handling req: ThreadReference(11).ThreadGroup(5)
09:20:25.387 INFO: JdwpDebugServer: handling req: ObjectReference(9).ReferenceType(1)
09:20:25.387 INFO: JdwpDebugServer: handling req: ObjectReference(9).GetValues(2)
09:20:25.387 INFO: JdwpDebugServer: handling req: ThreadReference(11).Status(4)
09:20:25.387 INFO: JdwpDebugServer: handling req: ThreadReference(11).Status(4)
09:20:25.390 INFO: JdwpDebugServer: handling req: EventRequest(15).Set(1)
09:20:25.390 INFO: JdwpEventCenterDelegate: jdwpSetEventRequest: JdwpEventRequest{requestId=104, eventKind=CLASS_PREPARE, suspendPolicy=EVENT_THREAD, predicates=[className=com.badlogic.gdx.graphics.g2d.PolygonSpriteBatch]}
09:20:25.396 INFO: JdwpDebugServer: handling req: EventRequest(15).Set(1)
09:20:25.396 INFO: JdwpEventCenterDelegate: jdwpSetEventRequest: JdwpEventRequest{requestId=105, eventKind=CLASS_PREPARE, suspendPolicy=EVENT_THREAD, predicates=[className=com.badlogic.gdx.graphics.g2d.PolygonSpriteBatch$*]}
09:20:25.397 INFO: JdwpDebugServer: handling req: VirtualMachine(1).ClassesBySignature(2)
09:20:25.398 INFO: JdwpDebugServer: handling req: ReferenceType(2).MethodsWithGeneric(15)
09:20:25.399 INFO: JdwpDebugServer: handling req: Method(6).LineTable(1)
09:20:25.400 INFO: JdwpDebugServer: handling req: Method(6).LineTable(1)
09:20:25.400 INFO: JdwpDebugServer: handling req: Method(6).LineTable(1)
09:20:25.400 INFO: JdwpDebugServer: handling req: Method(6).LineTable(1)
09:20:25.401 INFO: JdwpDebugServer: handling req: Method(6).LineTable(1)
09:20:25.401 INFO: JdwpDebugServer: handling req: Method(6).LineTable(1)
09:20:25.401 INFO: JdwpDebugServer: handling req: Method(6).LineTable(1)
09:20:25.402 INFO: JdwpDebugServer: handling req: Method(6).LineTable(1)
09:20:25.402 INFO: JdwpDebugServer: handling req: Method(6).LineTable(1)
09:20:25.402 INFO: JdwpDebugServer: handling req: Method(6).LineTable(1)
09:20:25.402 INFO: JdwpDebugServer: handling req: Method(6).LineTable(1)
09:20:25.402 INFO: JdwpDebugServer: handling req: Method(6).LineTable(1)
09:20:25.403 INFO: JdwpDebugServer: handling req: Method(6).LineTable(1)
09:20:25.403 INFO: JdwpDebugServer: handling req: Method(6).LineTable(1)
09:20:25.403 INFO: JdwpDebugServer: handling req: Method(6).LineTable(1)
09:20:25.403 INFO: JdwpDebugServer: handling req: Method(6).LineTable(1)
09:20:25.403 INFO: JdwpDebugServer: handling req: Method(6).LineTable(1)
09:20:25.404 INFO: JdwpDebugServer: handling req: Method(6).LineTable(1)
09:20:25.404 INFO: JdwpDebugServer: handling req: Method(6).LineTable(1)
09:20:25.404 INFO: JdwpDebugServer: handling req: Method(6).LineTable(1)
09:20:25.404 INFO: JdwpDebugServer: handling req: Method(6).LineTable(1)
09:20:25.404 INFO: JdwpDebugServer: handling req: Method(6).LineTable(1)
09:20:25.404 INFO: JdwpDebugServer: handling req: Method(6).LineTable(1)
09:20:25.405 INFO: JdwpDebugServer: handling req: Method(6).LineTable(1)
09:20:25.405 INFO: JdwpDebugServer: handling req: Method(6).LineTable(1)
09:20:25.405 INFO: JdwpDebugServer: handling req: Method(6).LineTable(1)
09:20:25.405 INFO: JdwpDebugServer: handling req: Method(6).LineTable(1)
09:20:25.406 INFO: JdwpDebugServer: handling req: Method(6).LineTable(1)
09:20:25.406 INFO: JdwpDebugServer: handling req: Method(6).LineTable(1)
09:20:25.406 INFO: JdwpDebugServer: handling req: Method(6).LineTable(1)
09:20:25.406 INFO: JdwpDebugServer: handling req: Method(6).LineTable(1)
09:20:25.406 INFO: JdwpDebugServer: handling req: Method(6).LineTable(1)
09:20:25.407 INFO: JdwpDebugServer: handling req: Method(6).LineTable(1)
09:20:25.407 INFO: JdwpDebugServer: handling req: Method(6).LineTable(1)
09:20:25.407 INFO: JdwpDebugServer: handling req: Method(6).LineTable(1)
09:20:25.407 INFO: JdwpDebugServer: handling req: Method(6).LineTable(1)
09:20:25.407 INFO: JdwpDebugServer: handling req: Method(6).LineTable(1)
09:20:25.407 INFO: JdwpDebugServer: handling req: Method(6).LineTable(1)
09:20:25.407 INFO: JdwpDebugServer: handling req: Method(6).LineTable(1)
09:20:25.408 INFO: JdwpDebugServer: handling req: Method(6).LineTable(1)
09:20:25.408 INFO: JdwpDebugServer: handling req: Method(6).LineTable(1)
09:20:25.408 INFO: JdwpDebugServer: handling req: Method(6).LineTable(1)
09:20:25.408 INFO: JdwpDebugServer: handling req: Method(6).LineTable(1)
09:20:25.408 INFO: JdwpDebugServer: handling req: Method(6).LineTable(1)
09:20:25.409 INFO: JdwpDebugServer: handling req: Method(6).LineTable(1)
09:20:25.409 INFO: JdwpDebugServer: handling req: Method(6).LineTable(1)
09:20:25.409 INFO: JdwpDebugServer: handling req: Method(6).LineTable(1)
09:20:25.409 INFO: JdwpDebugServer: handling req: EventRequest(15).Set(1)
09:20:25.409 INFO: JdwpEventCenterDelegate: jdwpSetEventRequest: JdwpEventRequest{requestId=106, eventKind=BREAKPOINT, suspendPolicy=EVENT_THREAD, predicates=[Location{classId=15500, methodId=1122, index=142} ]}
09:20:25.410 INFO: JdwpDebugServer: handling req: ReferenceType(2).Signature(1)
09:20:25.413 INFO: JdwpDebugServer: handling req: EventRequest(15).Set(1)
09:20:25.413 INFO: JdwpEventCenterDelegate: jdwpSetEventRequest: JdwpEventRequest{requestId=107, eventKind=CLASS_PREPARE, suspendPolicy=EVENT_THREAD, predicates=[className=com.badlogic.gdx.graphics.g2d.SpriteBatch]}
09:20:25.414 INFO: JdwpDebugServer: handling req: EventRequest(15).Set(1)
09:20:25.414 INFO: JdwpEventCenterDelegate: jdwpSetEventRequest: JdwpEventRequest{requestId=108, eventKind=CLASS_PREPARE, suspendPolicy=EVENT_THREAD, predicates=[className=com.badlogic.gdx.graphics.g2d.SpriteBatch$*]}
09:20:25.415 INFO: JdwpDebugServer: handling req: VirtualMachine(1).ClassesBySignature(2)
09:20:25.416 INFO: JdwpDebugServer: handling req: ReferenceType(2).MethodsWithGeneric(15)
09:20:25.416 INFO: JdwpDebugServer: handling req: Method(6).LineTable(1)
09:20:25.416 INFO: JdwpDebugServer: handling req: Method(6).LineTable(1)
09:20:25.416 INFO: JdwpDebugServer: handling req: Method(6).LineTable(1)
09:20:25.417 INFO: JdwpDebugServer: handling req: Method(6).LineTable(1)
09:20:25.417 INFO: JdwpDebugServer: handling req: Method(6).LineTable(1)
09:20:25.417 INFO: JdwpDebugServer: handling req: Method(6).LineTable(1)
09:20:25.417 INFO: JdwpDebugServer: handling req: Method(6).LineTable(1)
09:20:25.417 INFO: JdwpDebugServer: handling req: Method(6).LineTable(1)
09:20:25.417 INFO: JdwpDebugServer: handling req: Method(6).LineTable(1)
09:20:25.417 INFO: JdwpDebugServer: handling req: Method(6).LineTable(1)
09:20:25.418 INFO: JdwpDebugServer: handling req: Method(6).LineTable(1)
09:20:25.418 INFO: JdwpDebugServer: handling req: Method(6).LineTable(1)
09:20:25.418 INFO: JdwpDebugServer: handling req: Method(6).LineTable(1)
09:20:25.418 INFO: JdwpDebugServer: handling req: Method(6).LineTable(1)
09:20:25.418 INFO: JdwpDebugServer: handling req: Method(6).LineTable(1)
09:20:25.418 INFO: JdwpDebugServer: handling req: Method(6).LineTable(1)
09:20:25.419 INFO: JdwpDebugServer: handling req: Method(6).LineTable(1)
09:20:25.419 INFO: JdwpDebugServer: handling req: Method(6).LineTable(1)
09:20:25.419 INFO: JdwpDebugServer: handling req: Method(6).LineTable(1)
09:20:25.419 INFO: JdwpDebugServer: handling req: Method(6).LineTable(1)
09:20:25.419 INFO: JdwpDebugServer: handling req: Method(6).LineTable(1)
09:20:25.419 INFO: JdwpDebugServer: handling req: Method(6).LineTable(1)
09:20:25.419 INFO: JdwpDebugServer: handling req: Method(6).LineTable(1)
09:20:25.419 INFO: JdwpDebugServer: handling req: Method(6).LineTable(1)
09:20:25.420 INFO: JdwpDebugServer: handling req: Method(6).LineTable(1)
09:20:25.420 INFO: JdwpDebugServer: handling req: Method(6).LineTable(1)
09:20:25.420 INFO: JdwpDebugServer: handling req: Method(6).LineTable(1)
09:20:25.420 INFO: JdwpDebugServer: handling req: Method(6).LineTable(1)
09:20:25.420 INFO: JdwpDebugServer: handling req: Method(6).LineTable(1)
09:20:25.420 INFO: JdwpDebugServer: handling req: Method(6).LineTable(1)
09:20:25.420 INFO: JdwpDebugServer: handling req: Method(6).LineTable(1)
09:20:25.421 INFO: JdwpDebugServer: handling req: Method(6).LineTable(1)
09:20:25.421 INFO: JdwpDebugServer: handling req: Method(6).LineTable(1)
09:20:25.421 INFO: JdwpDebugServer: handling req: Method(6).LineTable(1)
09:20:25.421 INFO: JdwpDebugServer: handling req: Method(6).LineTable(1)
09:20:25.421 INFO: JdwpDebugServer: handling req: Method(6).LineTable(1)
09:20:25.421 INFO: JdwpDebugServer: handling req: Method(6).LineTable(1)
09:20:25.421 INFO: JdwpDebugServer: handling req: Method(6).LineTable(1)
09:20:25.421 INFO: JdwpDebugServer: handling req: Method(6).LineTable(1)
09:20:25.422 INFO: JdwpDebugServer: handling req: Method(6).LineTable(1)
09:20:25.422 INFO: JdwpDebugServer: handling req: Method(6).LineTable(1)
09:20:25.422 INFO: JdwpDebugServer: handling req: Method(6).LineTable(1)
09:20:25.422 INFO: JdwpDebugServer: handling req: Method(6).LineTable(1)
09:20:25.422 INFO: JdwpDebugServer: handling req: Method(6).LineTable(1)
09:20:25.422 INFO: JdwpDebugServer: handling req: EventRequest(15).Set(1)
09:20:25.422 INFO: JdwpEventCenterDelegate: jdwpSetEventRequest: JdwpEventRequest{requestId=109, eventKind=BREAKPOINT, suspendPolicy=EVENT_THREAD, predicates=[Location{classId=18040, methodId=1357, index=163} ]}
09:20:25.423 INFO: JdwpDebugServer: handling req: ReferenceType(2).Signature(1)
09:20:25.423 INFO: JdwpDebugServer: handling req: EventRequest(15).Set(1)
09:20:25.423 INFO: JdwpEventCenterDelegate: jdwpSetEventRequest: JdwpEventRequest{requestId=110, eventKind=CLASS_PREPARE, suspendPolicy=EVENT_THREAD, predicates=[className=com.badlogic.gdx.graphics.g2d.PolygonSpriteBatch]}
09:20:25.424 INFO: JdwpDebugServer: handling req: EventRequest(15).Set(1)
09:20:25.424 INFO: JdwpEventCenterDelegate: jdwpSetEventRequest: JdwpEventRequest{requestId=111, eventKind=CLASS_PREPARE, suspendPolicy=EVENT_THREAD, predicates=[className=com.badlogic.gdx.graphics.g2d.PolygonSpriteBatch$*]}
09:20:25.424 INFO: JdwpDebugServer: handling req: VirtualMachine(1).ClassesBySignature(2)
09:20:25.425 INFO: JdwpDebugServer: handling req: EventRequest(15).Set(1)
09:20:25.425 INFO: JdwpEventCenterDelegate: jdwpSetEventRequest: JdwpEventRequest{requestId=112, eventKind=BREAKPOINT, suspendPolicy=EVENT_THREAD, predicates=[Location{classId=15500, methodId=1122, index=141} ]}
09:20:25.425 INFO: JdwpDebugServer: handling req: EventRequest(15).Set(1)
09:20:25.425 INFO: JdwpEventCenterDelegate: jdwpSetEventRequest: JdwpEventRequest{requestId=113, eventKind=CLASS_PREPARE, suspendPolicy=EVENT_THREAD, predicates=[className=java.lang.Throwable]}
09:20:25.426 INFO: JdwpDebugServer: handling req: EventRequest(15).Set(1)
09:20:25.426 INFO: JdwpEventCenterDelegate: jdwpSetEventRequest: JdwpEventRequest{requestId=114, eventKind=CLASS_PREPARE, suspendPolicy=EVENT_THREAD, predicates=[className=java.lang.Throwable$*]}
09:20:25.427 INFO: JdwpDebugServer: handling req: VirtualMachine(1).ClassesBySignature(2)
09:20:25.427 INFO: JdwpDebugServer: handling req: ReferenceType(2).MethodsWithGeneric(15)
09:20:25.427 INFO: JdwpDebugServer: handling req: Method(6).LineTable(1)
09:20:25.428 INFO: JdwpDebugServer: handling req: Method(6).LineTable(1)
09:20:25.428 INFO: JdwpDebugServer: handling req: Method(6).LineTable(1)
09:20:25.428 INFO: JdwpDebugServer: handling req: Method(6).LineTable(1)
09:20:25.428 INFO: JdwpDebugServer: handling req: Method(6).LineTable(1)
09:20:25.428 INFO: JdwpDebugServer: handling req: Method(6).LineTable(1)
09:20:25.428 INFO: JdwpDebugServer: handling req: Method(6).LineTable(1)
09:20:25.429 INFO: JdwpDebugServer: handling req: Method(6).LineTable(1)
09:20:25.429 INFO: JdwpDebugServer: handling req: Method(6).LineTable(1)
09:20:25.429 INFO: JdwpDebugServer: handling req: Method(6).LineTable(1)
09:20:25.429 INFO: JdwpDebugServer: handling req: Method(6).LineTable(1)
09:20:25.429 INFO: JdwpDebugServer: handling req: Method(6).LineTable(1)
09:20:25.429 INFO: JdwpDebugServer: handling req: Method(6).LineTable(1)
09:20:25.430 INFO: JdwpDebugServer: handling req: Method(6).LineTable(1)
09:20:25.430 INFO: JdwpDebugServer: handling req: Method(6).LineTable(1)
09:20:25.430 INFO: JdwpDebugServer: handling req: Method(6).LineTable(1)
09:20:25.430 INFO: JdwpDebugServer: handling req: Method(6).LineTable(1)
09:20:25.430 INFO: JdwpDebugServer: handling req: Method(6).LineTable(1)
09:20:25.430 INFO: JdwpDebugServer: handling req: Method(6).LineTable(1)
09:20:25.431 INFO: JdwpDebugServer: handling req: Method(6).LineTable(1)
09:20:25.431 INFO: JdwpDebugServer: handling req: Method(6).LineTable(1)
09:20:25.431 INFO: JdwpDebugServer: handling req: Method(6).LineTable(1)
09:20:25.431 INFO: JdwpDebugServer: handling req: Method(6).LineTable(1)
09:20:25.431 INFO: JdwpDebugServer: handling req: Method(6).LineTable(1)
09:20:25.432 INFO: JdwpDebugServer: handling req: VirtualMachine(1).ClassesBySignature(2)
09:20:25.432 INFO: JdwpDebugServer: handling req: VirtualMachine(1).AllClassesWithGeneric(20)
09:20:25.442 INFO: JdwpDebugServer: handling req: EventRequest(15).Set(1)
09:20:25.442 INFO: JdwpEventCenterDelegate: jdwpSetEventRequest: JdwpEventRequest{requestId=115, eventKind=CLASS_PREPARE, suspendPolicy=EVENT_THREAD, predicates=[className=com.badlogic.gdx.utils.ScreenUtils]}
09:20:25.444 INFO: JdwpDebugServer: handling req: EventRequest(15).Set(1)
09:20:25.444 INFO: JdwpEventCenterDelegate: jdwpSetEventRequest: JdwpEventRequest{requestId=116, eventKind=CLASS_PREPARE, suspendPolicy=EVENT_THREAD, predicates=[className=com.badlogic.gdx.utils.ScreenUtils$*]}
09:20:25.445 INFO: JdwpDebugServer: handling req: VirtualMachine(1).ClassesBySignature(2)
09:20:25.445 INFO: JdwpDebugServer: handling req: ReferenceType(2).MethodsWithGeneric(15)
09:20:25.445 INFO: JdwpDebugServer: handling req: Method(6).LineTable(1)
09:20:25.446 INFO: JdwpDebugServer: handling req: Method(6).LineTable(1)
09:20:25.446 INFO: JdwpDebugServer: handling req: Method(6).LineTable(1)
09:20:25.447 INFO: JdwpDebugServer: handling req: Method(6).LineTable(1)
09:20:25.447 INFO: JdwpDebugServer: handling req: Method(6).LineTable(1)
09:20:25.447 INFO: JdwpDebugServer: handling req: Method(6).LineTable(1)
09:20:25.447 INFO: JdwpDebugServer: handling req: Method(6).LineTable(1)
09:20:25.449 INFO: JdwpDebugServer: handling req: Method(6).LineTable(1)
09:20:25.449 INFO: JdwpDebugServer: handling req: Method(6).LineTable(1)
09:20:25.449 INFO: JdwpDebugServer: handling req: Method(6).LineTable(1)
09:20:25.449 INFO: JdwpDebugServer: handling req: EventRequest(15).Set(1)
09:20:25.449 INFO: JdwpEventCenterDelegate: jdwpSetEventRequest: JdwpEventRequest{requestId=117, eventKind=BREAKPOINT, suspendPolicy=EVENT_THREAD, predicates=[Location{classId=22240, methodId=1727, index=89} ]}
09:20:25.450 INFO: JdwpDebugServer: handling req: EventRequest(15).Set(1)
09:20:25.450 INFO: JdwpEventCenterDelegate: jdwpSetEventRequest: JdwpEventRequest{requestId=118, eventKind=CLASS_PREPARE, suspendPolicy=EVENT_THREAD, predicates=[className=com.badlogic.gdx.utils.ScreenUtils]}
09:20:25.451 INFO: JdwpDebugServer: handling req: EventRequest(15).Set(1)
09:20:25.451 INFO: JdwpEventCenterDelegate: jdwpSetEventRequest: JdwpEventRequest{requestId=119, eventKind=CLASS_PREPARE, suspendPolicy=EVENT_THREAD, predicates=[className=com.badlogic.gdx.utils.ScreenUtils$*]}
09:20:25.452 INFO: JdwpDebugServer: handling req: VirtualMachine(1).ClassesBySignature(2)
09:20:25.452 INFO: JdwpDebugServer: handling req: EventRequest(15).Set(1)
09:20:25.452 INFO: JdwpEventCenterDelegate: jdwpSetEventRequest: JdwpEventRequest{requestId=120, eventKind=BREAKPOINT, suspendPolicy=EVENT_THREAD, predicates=[Location{classId=22240, methodId=1722, index=72} ]}
09:20:25.453 INFO: JdwpDebugServer: handling req: EventRequest(15).Set(1)
09:20:25.453 INFO: JdwpEventCenterDelegate: jdwpSetEventRequest: JdwpEventRequest{requestId=121, eventKind=CLASS_PREPARE, suspendPolicy=EVENT_THREAD, predicates=[className=com.scottlogic.util.ShaderProgramFactory]}
09:20:25.453 INFO: JdwpDebugServer: handling req: EventRequest(15).Set(1)
09:20:25.453 INFO: JdwpEventCenterDelegate: jdwpSetEventRequest: JdwpEventRequest{requestId=122, eventKind=CLASS_PREPARE, suspendPolicy=EVENT_THREAD, predicates=[className=com.scottlogic.util.ShaderProgramFactory$*]}
09:20:25.455 INFO: JdwpDebugServer: handling req: VirtualMachine(1).ClassesBySignature(2)
09:20:25.455 INFO: JdwpDebugServer: handling req: ReferenceType(2).MethodsWithGeneric(15)
09:20:25.455 INFO: JdwpDebugServer: handling req: Method(6).LineTable(1)
09:20:25.455 INFO: JdwpDebugServer: handling req: Method(6).LineTable(1)
09:20:25.455 INFO: JdwpDebugServer: handling req: Method(6).LineTable(1)
09:20:25.456 INFO: JdwpDebugServer: handling req: Method(6).LineTable(1)
09:20:25.456 INFO: JdwpDebugServer: handling req: Method(6).LineTable(1)
09:20:25.456 INFO: JdwpDebugServer: handling req: EventRequest(15).Set(1)
09:20:25.456 INFO: JdwpEventCenterDelegate: jdwpSetEventRequest: JdwpEventRequest{requestId=123, eventKind=BREAKPOINT, suspendPolicy=EVENT_THREAD, predicates=[Location{classId=20400, methodId=1762, index=106} ]}
09:20:25.457 INFO: JdwpDebugServer: handling req: EventRequest(15).Set(1)
09:20:25.457 INFO: JdwpEventCenterDelegate: jdwpSetEventRequest: JdwpEventRequest{requestId=124, eventKind=CLASS_PREPARE, suspendPolicy=EVENT_THREAD, predicates=[className=com.abdalla.bushnaq.pluvia.launcher.IOSLauncher]}
09:20:25.458 INFO: JdwpDebugServer: handling req: EventRequest(15).Set(1)
09:20:25.458 INFO: JdwpEventCenterDelegate: jdwpSetEventRequest: JdwpEventRequest{requestId=125, eventKind=CLASS_PREPARE, suspendPolicy=EVENT_THREAD, predicates=[className=com.abdalla.bushnaq.pluvia.launcher.IOSLauncher$*]}
09:20:25.458 INFO: JdwpDebugServer: handling req: VirtualMachine(1).ClassesBySignature(2)
09:20:25.459 INFO: JdwpDebugServer: handling req: ReferenceType(2).MethodsWithGeneric(15)
09:20:25.459 INFO: JdwpDebugServer: handling req: Method(6).LineTable(1)
09:20:25.459 INFO: JdwpDebugServer: handling req: Method(6).LineTable(1)
09:20:25.459 INFO: JdwpDebugServer: handling req: Method(6).LineTable(1)
09:20:25.460 INFO: JdwpDebugServer: handling req: Method(6).LineTable(1)
09:20:25.460 INFO: JdwpDebugServer: handling req: EventRequest(15).Set(1)
09:20:25.460 INFO: JdwpEventCenterDelegate: jdwpSetEventRequest: JdwpEventRequest{requestId=126, eventKind=BREAKPOINT, suspendPolicy=EVENT_THREAD, predicates=[Location{classId=12885, methodId=1787, index=74} ]}
09:20:25.461 INFO: JdwpDebugServer: handling req: VirtualMachine(1).capabilitiesNew(17)
09:20:25.466 INFO: JdwpDebugServer: handling req: EventRequest(15).Set(1)
09:20:25.467 INFO: JdwpEventCenterDelegate: jdwpSetEventRequest: JdwpEventRequest{requestId=127, eventKind=CLASS_PREPARE, suspendPolicy=EVENT_THREAD, predicates=[className=java.lang.Error]}
09:20:25.469 INFO: JdwpDebugServer: handling req: EventRequest(15).Set(1)
09:20:25.469 INFO: JdwpEventCenterDelegate: jdwpSetEventRequest: JdwpEventRequest{requestId=128, eventKind=CLASS_PREPARE, suspendPolicy=EVENT_THREAD, predicates=[className=java.lang.Error$*]}
09:20:25.470 INFO: JdwpDebugServer: handling req: VirtualMachine(1).ClassesBySignature(2)
09:20:25.470 INFO: JdwpDebugServer: handling req: EventRequest(15).Set(1)
09:20:25.471 INFO: JdwpEventCenterDelegate: jdwpSetEventRequest: JdwpEventRequest{requestId=129, eventKind=EXCEPTION, suspendPolicy=EVENT_THREAD, predicates=[exceptionType=3425(caught=true, uncaught=true)]}
09:20:25.521 INFO: JdwpDebugServer: handling req: EventRequest(15).Set(1)
09:20:25.522 INFO: JdwpEventCenterDelegate: jdwpSetEventRequest: JdwpEventRequest{requestId=130, eventKind=CLASS_PREPARE, suspendPolicy=EVENT_THREAD, predicates=[className=java.lang.Throwable]}
09:20:25.523 INFO: JdwpDebugServer: handling req: EventRequest(15).Set(1)
09:20:25.523 INFO: JdwpEventCenterDelegate: jdwpSetEventRequest: JdwpEventRequest{requestId=131, eventKind=CLASS_PREPARE, suspendPolicy=EVENT_THREAD, predicates=[className=java.lang.Throwable$*]}
09:20:25.524 INFO: JdwpDebugServer: handling req: VirtualMachine(1).ClassesBySignature(2)
09:20:25.524 INFO: JdwpDebugServer: handling req: EventRequest(15).Set(1)
09:20:25.524 INFO: JdwpEventCenterDelegate: jdwpSetEventRequest: JdwpEventRequest{requestId=132, eventKind=EXCEPTION, suspendPolicy=EVENT_THREAD, predicates=[exceptionType=7695(caught=false, uncaught=true)]}
09:20:25.527 INFO: JdwpDebugServer: handling req: ThreadReference(11).SuspendCount(12)
09:20:25.527 INFO: JdwpDebugServer: handling req: ThreadReference(11).SuspendCount(12)
09:20:25.527 INFO: JdwpDebugServer: handling req: ThreadReference(11).SuspendCount(12)
09:20:25.527 INFO: JdwpDebugServer: handling req: ThreadReference(11).SuspendCount(12)
09:20:25.527 INFO: JdwpDebugServer: handling req: VirtualMachine(1).AllThreads(4)
09:20:25.528 INFO: JdwpDebugServer: handling req: VirtualMachine(1).Resume(9)
09:20:25.557 INFO: JdwpDebugServer: handling req: EventRequest(15).Set(1)
09:20:25.557 INFO: JdwpEventCenterDelegate: jdwpSetEventRequest: JdwpEventRequest{requestId=133, eventKind=BREAKPOINT, suspendPolicy=EVENT_THREAD, predicates=[Location{classId=12885, methodId=1787, index=74} ]}
09:20:25.560 INFO: JdwpDebugServer: handling req: ThreadReference(11).Resume(3)
09:20:25.560 INFO: JdwpEventCenterDelegate: THREAD_RESUMED: thread (33, main, main)
09:20:25.580 INFO: JdwpEventCenterDelegate: THREAD_RESUMED: thread (33, main, main)
09:20:25.581 INFO: JdwpEventCenterDelegate: THREAD_RESUMED: thread (33, main, main)
09:20:25.582 INFO: JdwpEventCenterDelegate: THREAD_RESUMED: thread (33, main, main)
09:20:25.582 INFO: JdwpEventCenterDelegate: THREAD_RESUMED: thread (33, main, main)
09:20:25.582 INFO: JdwpEventCenterDelegate: THREAD_RESUMED: thread (33, main, main)
09:20:25.583 INFO: JdwpEventCenterDelegate: THREAD_RESUMED: thread (33, main, main)
09:20:25.583 INFO: JdwpEventCenterDelegate: THREAD_RESUMED: thread (33, main, main)
09:20:25.585 INFO: JdwpEventCenterDelegate: THREAD_RESUMED: thread (33, main, main)
09:20:25.585 INFO: JdwpEventCenterDelegate: THREAD_RESUMED: thread (33, main, main)
09:20:25.586 INFO: JdwpEventCenterDelegate: THREAD_RESUMED: thread (33, main, main)
09:20:25.586 INFO: JdwpEventCenterDelegate: THREAD_RESUMED: thread (33, main, main)
09:20:25.591 INFO: JdwpEventCenterDelegate: THREAD_RESUMED: thread (33, main, main)
09:20:25.592 INFO: JdwpEventCenterDelegate: THREAD_RESUMED: thread (33, main, main)
09:20:25.592 INFO: JdwpEventCenterDelegate: THREAD_RESUMED: thread (33, main, main)
09:20:25.651 INFO: JdwpEventCenterDelegate: THREAD_RESUMED: thread (33, main, main)
09:20:25.652 INFO: JdwpEventCenterDelegate: THREAD_RESUMED: thread (33, main, main)
09:20:25.653 INFO: JdwpEventCenterDelegate: THREAD_RESUMED: thread (33, main, main)
09:20:25.659 INFO: JdwpEventCenterDelegate: THREAD_RESUMED: thread (33, main, main)
09:20:25.660 INFO: JdwpEventCenterDelegate: THREAD_RESUMED: thread (33, main, main)
09:20:25.660 INFO: JdwpEventCenterDelegate: THREAD_RESUMED: thread (33, main, main)
09:20:25.918 INFO: JdwpEventCenterDelegate: THREAD_RESUMED: thread (33, main, main)
09:20:25.918 INFO: JdwpEventCenterDelegate: THREAD_RESUMED: thread (33, main, main)
09:20:25.919 INFO: JdwpEventCenterDelegate: THREAD_RESUMED: thread (33, main, main)
09:20:25.978 INFO: JdwpEventCenterDelegate: THREAD_RESUMED: thread (33, main, main)
09:20:25.978 INFO: JdwpEventCenterDelegate: THREAD_RESUMED: thread (33, main, main)
09:20:25.979 INFO: JdwpEventCenterDelegate: THREAD_RESUMED: thread (33, main, main)
09:20:26.004 INFO: JdwpEventCenterDelegate: THREAD_RESUMED: thread (33, main, main)
09:20:26.004 INFO: JdwpEventCenterDelegate: THREAD_RESUMED: thread (33, main, main)
09:20:26.005 INFO: JdwpEventCenterDelegate: THREAD_RESUMED: thread (33, main, main)
09:20:26.033 INFO: JdwpEventCenterDelegate: THREAD_RESUMED: thread (33, main, main)
09:20:26.034 INFO: JdwpEventCenterDelegate: THREAD_RESUMED: thread (33, main, main)
09:20:26.035 INFO: JdwpEventCenterDelegate: THREAD_RESUMED: thread (33, main, main)
09:20:26.035 INFO: JdwpEventCenterDelegate: THREAD_RESUMED: thread (33, main, main)
09:20:26.042 INFO: JdwpEventCenterDelegate: THREAD_RESUMED: thread (33, main, main)
09:20:26.043 INFO: JdwpEventCenterDelegate: THREAD_RESUMED: thread (33, main, main)
09:20:26.056 INFO: JdwpDebugServer: handling req: ThreadReference(11).Name(1)
09:20:26.057 INFO: JdwpDebugServer: handling req: ThreadReference(11).Name(1)
09:20:26.057 INFO: JdwpDebugServer: handling req: ThreadReference(11).Name(1)
09:20:26.057 INFO: JdwpDebugServer: handling req: ThreadReference(11).Name(1)
09:20:26.581 INFO: JdwpEventCenterDelegate: THREAD_RESUMED: thread (33, main, main)
09:20:26.581 INFO: JdwpEventCenterDelegate: THREAD_RESUMED: thread (33, main, main)
09:20:26.599 INFO: JdwpEventCenterDelegate: THREAD_RESUMED: thread (33, main, main)
09:20:26.599 INFO: JdwpEventCenterDelegate: THREAD_RESUMED: thread (33, main, main)
09:20:26.600 INFO: JdwpEventCenterDelegate: THREAD_RESUMED: thread (33, main, main)
09:20:26.600 INFO: JdwpEventCenterDelegate: THREAD_RESUMED: thread (33, main, main)
09:20:26.665 INFO: JdwpEventCenterDelegate: THREAD_RESUMED: thread (33, main, main)
09:20:27.014 INFO: JdwpDebugServer: handling req: EventRequest(15).Set(1)
09:20:27.015 INFO: JdwpEventCenterDelegate: jdwpSetEventRequest: JdwpEventRequest{requestId=134, eventKind=BREAKPOINT, suspendPolicy=EVENT_THREAD, predicates=[Location{classId=15500, methodId=1122, index=142} ]}
09:20:27.018 INFO: JdwpDebugServer: handling req: EventRequest(15).Set(1)
09:20:27.018 INFO: JdwpEventCenterDelegate: jdwpSetEventRequest: JdwpEventRequest{requestId=135, eventKind=BREAKPOINT, suspendPolicy=EVENT_THREAD, predicates=[Location{classId=15500, methodId=1122, index=141} ]}
09:20:27.019 INFO: JdwpDebugServer: handling req: ThreadReference(11).Resume(3)
09:20:27.020 INFO: JdwpEventCenterDelegate: THREAD_RESUMED: thread (33, main, main)
09:20:27.021 INFO: JdwpEventCenterDelegate: THREAD_RESUMED: thread (33, main, main)
09:20:27.021 INFO: JdwpEventCenterDelegate: THREAD_RESUMED: thread (33, main, main)
09:20:27.022 INFO: JdwpEventCenterDelegate: THREAD_RESUMED: thread (33, main, main)
09:20:27.023 INFO: JdwpEventCenterDelegate: THREAD_RESUMED: thread (33, main, main)
09:20:27.024 INFO: JdwpEventCenterDelegate: THREAD_RESUMED: thread (33, main, main)
09:20:27.025 INFO: JdwpEventCenterDelegate: THREAD_RESUMED: thread (33, main, main)
09:20:27.026 INFO: JdwpDebugServer: handling req: EventRequest(15).Set(1)
09:20:27.026 INFO: JdwpEventCenterDelegate: jdwpSetEventRequest: JdwpEventRequest{requestId=136, eventKind=BREAKPOINT, suspendPolicy=EVENT_THREAD, predicates=[Location{classId=20400, methodId=1762, index=106} ]}
09:20:27.031 INFO: JdwpDebugServer: handling req: ThreadReference(11).Resume(3)
09:20:27.032 INFO: JdwpEventCenterDelegate: THREAD_RESUMED: thread (33, main, main)
09:20:27.059 INFO: JdwpDebugServer: handling req: ThreadReference(11).Frames(6)
09:20:27.059 INFO: JdwpDebugServer: handling req: ReferenceType(2).MethodsWithGeneric(15)
09:20:27.059 INFO: JdwpDebugServer: handling req: ReferenceType(2).MethodsWithGeneric(15)
09:20:27.059 INFO: JdwpDebugServer: handling req: ReferenceType(2).MethodsWithGeneric(15)
09:20:27.060 INFO: JdwpDebugServer: handling req: ReferenceType(2).MethodsWithGeneric(15)
09:20:27.060 INFO: JdwpDebugServer: handling req: ReferenceType(2).MethodsWithGeneric(15)
09:20:27.060 INFO: JdwpDebugServer: handling req: ReferenceType(2).MethodsWithGeneric(15)
09:20:27.061 INFO: JdwpDebugServer: handling req: ThreadReference(11).FramesCount(7)
09:20:27.062 INFO: JdwpDebugServer: handling req: ThreadReference(11).FramesCount(7)
09:20:27.230 INFO: JdwpDebugServer: handling req: ThreadReference(11).Name(1)
09:20:27.230 INFO: JdwpDebugServer: handling req: ReferenceType(2).SignatureWithGeneric(13)
09:20:27.231 INFO: JdwpDebugServer: handling req: ThreadReference(11).Name(1)
09:20:27.231 INFO: JdwpDebugServer: handling req: ThreadReference(11).Name(1)
09:20:27.232 INFO: JdwpDebugServer: handling req: ThreadReference(11).Name(1)
09:20:27.232 INFO: JdwpDebugServer: handling req: ThreadReference(11).Name(1)
09:20:27.279 INFO: JdwpDebugServer: handling req: ReferenceType(2).FieldsWithGeneric(14)
09:20:27.279 INFO: JdwpDebugServer: handling req: ReferenceType(2).Interfaces(10)
09:20:27.279 INFO: JdwpDebugServer: handling req: ClassType(3).Superclass(1)
09:20:27.279 INFO: JdwpDebugServer: handling req: ClassType(3).Superclass(1)
09:20:27.280 INFO: JdwpDebugServer: handling req: Method(6).VariableTableWithGenerics(5)
09:20:27.296 INFO: JdwpDebugServer: handling req: StackFrame(16).GetValues(1)
09:20:27.298 INFO: JdwpDebugServer: handling req: ReferenceType(2).SourceFile(7)
09:20:27.298 INFO: JdwpDebugServer: handling req: ObjectReference(9).ReferenceType(1)
09:20:27.299 INFO: JdwpDebugServer: handling req: ReferenceType(2).FieldsWithGeneric(14)
09:20:27.299 INFO: JdwpDebugServer: handling req: ReferenceType(2).Interfaces(10)
09:20:27.299 INFO: JdwpDebugServer: handling req: ReferenceType(2).FieldsWithGeneric(14)
09:20:27.299 INFO: JdwpDebugServer: handling req: ReferenceType(2).Interfaces(10)
09:20:27.299 INFO: JdwpDebugServer: handling req: ReferenceType(2).FieldsWithGeneric(14)
09:20:27.299 INFO: JdwpDebugServer: handling req: ReferenceType(2).Interfaces(10)
09:20:27.300 INFO: JdwpDebugServer: handling req: ReferenceType(2).FieldsWithGeneric(14)
09:20:27.300 INFO: JdwpDebugServer: handling req: ReferenceType(2).Interfaces(10)
09:20:27.300 INFO: JdwpDebugServer: handling req: ClassType(3).Superclass(1)
09:20:27.301 INFO: JdwpDebugServer: handling req: StackFrame(16).GetValues(1)
09:20:27.301 INFO: JdwpDebugServer: handling req: ObjectReference(9).ReferenceType(1)
09:20:27.301 INFO: JdwpDebugServer: handling req: StackFrame(16).GetValues(1)
09:20:27.302 INFO: JdwpDebugServer: handling req: StackFrame(16).GetValues(1)
09:20:27.303 INFO: JdwpDebugServer: handling req: StackFrame(16).GetValues(1)
09:20:27.303 INFO: JdwpDebugServer: handling req: StackFrame(16).GetValues(1)
09:20:27.304 INFO: JdwpDebugServer: handling req: StackFrame(16).GetValues(1)
09:20:27.304 INFO: JdwpDebugServer: handling req: ObjectReference(9).ReferenceType(1)
09:20:27.310 INFO: JdwpDebugServer: handling req: StackFrame(16).GetValues(1)
09:20:27.310 INFO: JdwpDebugServer: handling req: ReferenceType(2).FieldsWithGeneric(14)
09:20:27.310 INFO: JdwpDebugServer: handling req: ReferenceType(2).Interfaces(10)
09:20:27.310 INFO: JdwpDebugServer: handling req: ReferenceType(2).FieldsWithGeneric(14)
09:20:27.310 INFO: JdwpDebugServer: handling req: ReferenceType(2).Interfaces(10)
09:20:27.311 INFO: JdwpDebugServer: handling req: ClassType(3).Superclass(1)
09:20:27.315 INFO: JdwpDebugServer: handling req: StackFrame(16).GetValues(1)
09:20:27.315 INFO: JdwpDebugServer: handling req: ClassType(3).Superclass(1)
09:20:27.316 INFO: JdwpDebugServer: handling req: ClassType(3).Superclass(1)
09:20:27.316 INFO: JdwpDebugServer: handling req: StackFrame(16).GetValues(1)
09:20:27.317 INFO: JdwpDebugServer: handling req: StackFrame(16).GetValues(1)
09:20:27.317 INFO: JdwpDebugServer: handling req: StackFrame(16).GetValues(1)
09:20:27.318 INFO: JdwpDebugServer: handling req: StringReference(10).Value(1)
09:20:27.320 INFO: JdwpDebugServer: handling req: StackFrame(16).GetValues(1)
09:20:27.320 INFO: JdwpDebugServer: handling req: StackFrame(16).GetValues(1)
09:20:27.320 INFO: JdwpDebugServer: handling req: StackFrame(16).GetValues(1)
09:20:27.321 INFO: JdwpDebugServer: handling req: StackFrame(16).GetValues(1)
09:20:27.321 INFO: JdwpDebugServer: handling req: ClassType(3).Superclass(1)
09:20:27.321 INFO: JdwpDebugServer: handling req: StackFrame(16).GetValues(1)
09:20:27.321 INFO: JdwpDebugServer: handling req: StackFrame(16).GetValues(1)
09:20:27.321 INFO: JdwpDebugServer: handling req: StackFrame(16).GetValues(1)
09:20:27.322 INFO: JdwpDebugServer: handling req: StringReference(10).Value(1)
09:20:27.323 INFO: JdwpDebugServer: handling req: StackFrame(16).GetValues(1)
09:20:27.323 INFO: JdwpDebugServer: handling req: StackFrame(16).GetValues(1)
09:20:27.323 INFO: JdwpDebugServer: handling req: StackFrame(16).GetValues(1)
09:20:27.324 INFO: JdwpDebugServer: handling req: StackFrame(16).GetValues(1)
09:20:27.324 INFO: JdwpDebugServer: handling req: StackFrame(16).GetValues(1)
09:20:27.324 INFO: JdwpDebugServer: handling req: StackFrame(16).GetValues(1)
09:20:27.324 INFO: JdwpDebugServer: handling req: StackFrame(16).GetValues(1)
09:20:27.325 INFO: JdwpDebugServer: handling req: StackFrame(16).GetValues(1)
09:20:27.325 INFO: JdwpDebugServer: handling req: StackFrame(16).GetValues(1)
09:20:27.325 INFO: JdwpDebugServer: handling req: StackFrame(16).GetValues(1)
09:20:27.326 INFO: JdwpDebugServer: handling req: StackFrame(16).GetValues(1)
09:20:27.326 INFO: JdwpDebugServer: handling req: StackFrame(16).GetValues(1)
09:20:27.326 INFO: JdwpDebugServer: handling req: StackFrame(16).GetValues(1)
09:20:27.326 INFO: JdwpDebugServer: handling req: StackFrame(16).GetValues(1)
09:20:27.326 INFO: JdwpDebugServer: handling req: StackFrame(16).GetValues(1)
09:20:27.327 INFO: JdwpDebugServer: handling req: StackFrame(16).GetValues(1)
09:20:27.327 INFO: JdwpDebugServer: handling req: StackFrame(16).GetValues(1)
09:20:27.327 INFO: JdwpDebugServer: handling req: StackFrame(16).GetValues(1)
09:20:27.327 INFO: JdwpDebugServer: handling req: StackFrame(16).GetValues(1)
09:20:27.327 INFO: JdwpDebugServer: handling req: StackFrame(16).GetValues(1)
09:20:27.327 INFO: JdwpDebugServer: handling req: StackFrame(16).GetValues(1)
09:20:27.327 INFO: JdwpDebugServer: handling req: StackFrame(16).GetValues(1)
09:20:27.328 INFO: JdwpDebugServer: handling req: StackFrame(16).GetValues(1)
09:20:27.328 INFO: JdwpDebugServer: handling req: StackFrame(16).GetValues(1)
09:20:27.328 INFO: JdwpDebugServer: handling req: StackFrame(16).GetValues(1)
09:20:27.328 INFO: JdwpDebugServer: handling req: StackFrame(16).GetValues(1)
09:20:27.328 INFO: JdwpDebugServer: handling req: StackFrame(16).GetValues(1)
09:20:27.329 INFO: JdwpDebugServer: handling req: StackFrame(16).GetValues(1)
09:20:27.329 INFO: JdwpDebugServer: handling req: StackFrame(16).GetValues(1)
09:20:27.329 INFO: JdwpDebugServer: handling req: StackFrame(16).GetValues(1)
09:20:27.329 INFO: JdwpDebugServer: handling req: ClassType(3).Superclass(1)
09:20:27.329 INFO: JdwpDebugServer: handling req: StackFrame(16).GetValues(1)
09:20:27.330 INFO: JdwpDebugServer: handling req: StackFrame(16).GetValues(1)
09:20:27.330 INFO: JdwpDebugServer: handling req: StackFrame(16).GetValues(1)
09:20:27.330 INFO: JdwpDebugServer: handling req: ClassType(3).Superclass(1)
09:20:27.330 INFO: JdwpDebugServer: handling req: StackFrame(16).GetValues(1)
09:20:27.330 INFO: JdwpDebugServer: handling req: StackFrame(16).GetValues(1)
09:20:27.331 INFO: JdwpDebugServer: handling req: StackFrame(16).GetValues(1)
09:20:27.331 INFO: JdwpDebugServer: handling req: StackFrame(16).GetValues(1)
09:20:27.332 INFO: JdwpDebugServer: handling req: StackFrame(16).GetValues(1)
09:20:27.362 INFO: JdwpDebugServer: handling req: StackFrame(16).GetValues(1)
09:20:27.362 INFO: JdwpDebugServer: handling req: ThreadReference(11).FramesCount(7)
09:20:27.362 INFO: JdwpDebugServer: handling req: ClassType(3).Superclass(1)
09:20:27.376 INFO: JdwpDebugServer: handling req: ObjectReference(9).GetValues(2)
09:20:27.377 INFO: JdwpDebugServer: handling req: ObjectReference(9).GetValues(2)
09:20:27.378 INFO: JdwpDebugServer: handling req: ObjectReference(9).GetValues(2)
09:20:27.378 INFO: JdwpDebugServer: handling req: ObjectReference(9).GetValues(2)
09:20:27.378 INFO: JdwpDebugServer: handling req: ObjectReference(9).GetValues(2)
09:20:27.378 INFO: JdwpDebugServer: handling req: ObjectReference(9).GetValues(2)
09:20:27.378 INFO: JdwpDebugServer: handling req: ObjectReference(9).GetValues(2)
09:20:27.379 INFO: JdwpDebugServer: handling req: ObjectReference(9).GetValues(2)
09:20:27.379 INFO: JdwpDebugServer: handling req: ObjectReference(9).GetValues(2)
09:20:27.379 INFO: JdwpDebugServer: handling req: ObjectReference(9).ReferenceType(1)
09:20:27.380 INFO: JdwpDebugServer: handling req: ObjectReference(9).GetValues(2)
09:20:27.380 INFO: JdwpDebugServer: handling req: ClassType(3).Superclass(1)
09:20:27.380 INFO: JdwpDebugServer: handling req: ClassType(3).Superclass(1)
09:20:27.380 INFO: JdwpDebugServer: handling req: ObjectReference(9).ReferenceType(1)
09:20:27.380 INFO: JdwpDebugServer: handling req: ReferenceType(2).Interfaces(10)
09:20:27.380 INFO: JdwpDebugServer: handling req: ClassType(3).Superclass(1)
09:20:27.380 INFO: JdwpDebugServer: handling req: ReferenceType(2).Interfaces(10)
09:20:27.380 INFO: JdwpDebugServer: handling req: StringReference(10).Value(1)
09:20:27.381 INFO: JdwpDebugServer: handling req: ObjectReference(9).GetValues(2)
09:20:27.381 INFO: JdwpDebugServer: handling req: ObjectReference(9).GetValues(2)
09:20:27.381 INFO: JdwpDebugServer: handling req: ObjectReference(9).GetValues(2)
09:20:27.382 INFO: JdwpDebugServer: handling req: ObjectReference(9).GetValues(2)
09:20:27.382 INFO: JdwpDebugServer: handling req: ObjectReference(9).GetValues(2)
09:20:27.382 INFO: JdwpDebugServer: handling req: ObjectReference(9).GetValues(2)
09:20:27.382 INFO: JdwpDebugServer: handling req: ObjectReference(9).GetValues(2)
09:20:27.382 INFO: JdwpDebugServer: handling req: ObjectReference(9).ReferenceType(1)
09:20:27.382 INFO: JdwpDebugServer: handling req: ClassType(3).Superclass(1)
09:20:27.382 INFO: JdwpDebugServer: handling req: ObjectReference(9).GetValues(2)
09:20:27.383 INFO: JdwpDebugServer: handling req: ObjectReference(9).GetValues(2)
09:20:27.383 INFO: JdwpDebugServer: handling req: ObjectReference(9).GetValues(2)
09:20:27.383 INFO: JdwpDebugServer: handling req: ObjectReference(9).GetValues(2)
09:20:27.383 INFO: JdwpDebugServer: handling req: ObjectReference(9).GetValues(2)
09:20:27.383 INFO: JdwpDebugServer: handling req: ObjectReference(9).GetValues(2)
09:20:27.384 INFO: JdwpDebugServer: handling req: ObjectReference(9).GetValues(2)
09:20:27.384 INFO: JdwpDebugServer: handling req: ObjectReference(9).ReferenceType(1)
09:20:27.384 INFO: JdwpDebugServer: handling req: ClassType(3).Superclass(1)
09:20:27.384 INFO: JdwpDebugServer: handling req: ObjectReference(9).GetValues(2)
09:20:27.384 INFO: JdwpDebugServer: handling req: ObjectReference(9).GetValues(2)
09:20:27.385 INFO: JdwpDebugServer: handling req: ObjectReference(9).GetValues(2)
09:20:27.385 INFO: JdwpDebugServer: handling req: ObjectReference(9).GetValues(2)
09:20:27.385 INFO: JdwpDebugServer: handling req: ThreadReference(11).Name(1)
09:20:27.385 INFO: JdwpDebugServer: handling req: ObjectReference(9).GetValues(2)
09:20:27.385 INFO: JdwpDebugServer: handling req: ObjectReference(9).GetValues(2)
09:20:27.385 INFO: JdwpDebugServer: handling req: ObjectReference(9).GetValues(2)
09:20:27.385 INFO: JdwpDebugServer: handling req: ReferenceType(2).FieldsWithGeneric(14)
09:20:27.386 INFO: JdwpDebugServer: handling req: ReferenceType(2).FieldsWithGeneric(14)
09:20:27.386 INFO: JdwpDebugServer: handling req: ObjectReference(9).GetValues(2)
09:20:27.386 INFO: JdwpDebugServer: handling req: ObjectReference(9).GetValues(2)
09:20:27.386 INFO: JdwpDebugServer: handling req: ObjectReference(9).GetValues(2)
09:20:27.387 INFO: JdwpDebugServer: handling req: ObjectReference(9).GetValues(2)
09:20:27.387 INFO: JdwpDebugServer: handling req: ObjectReference(9).GetValues(2)
09:20:27.387 INFO: JdwpDebugServer: handling req: ObjectReference(9).GetValues(2)
09:20:27.387 INFO: JdwpDebugServer: handling req: ObjectReference(9).GetValues(2)
09:20:27.387 INFO: JdwpDebugServer: handling req: ObjectReference(9).GetValues(2)
09:20:27.388 INFO: JdwpDebugServer: handling req: ObjectReference(9).ReferenceType(1)
09:20:27.388 INFO: JdwpDebugServer: handling req: ObjectReference(9).GetValues(2)
09:20:27.388 INFO: JdwpDebugServer: handling req: ObjectReference(9).GetValues(2)
09:20:27.388 INFO: JdwpDebugServer: handling req: ThreadReference(11).Name(1)
09:20:27.388 INFO: JdwpDebugServer: handling req: ObjectReference(9).GetValues(2)
09:20:27.388 INFO: JdwpDebugServer: handling req: ObjectReference(9).GetValues(2)
09:20:27.388 INFO: JdwpDebugServer: handling req: ObjectReference(9).GetValues(2)
09:20:27.389 INFO: JdwpDebugServer: handling req: ObjectReference(9).GetValues(2)
09:20:27.389 INFO: JdwpDebugServer: handling req: ObjectReference(9).GetValues(2)
09:20:27.389 INFO: JdwpDebugServer: handling req: ObjectReference(9).ReferenceType(1)
09:20:27.389 INFO: JdwpDebugServer: handling req: ObjectReference(9).GetValues(2)
09:20:27.389 INFO: JdwpDebugServer: handling req: ObjectReference(9).GetValues(2)
09:20:27.390 INFO: JdwpDebugServer: handling req: ObjectReference(9).ReferenceType(1)
09:20:27.390 INFO: JdwpDebugServer: handling req: ClassType(3).Superclass(1)
09:20:27.390 INFO: JdwpDebugServer: handling req: ReferenceType(2).FieldsWithGeneric(14)
09:20:27.390 INFO: JdwpDebugServer: handling req: ReferenceType(2).Interfaces(10)
09:20:27.390 INFO: JdwpDebugServer: handling req: ObjectReference(9).GetValues(2)
09:20:27.390 INFO: JdwpDebugServer: handling req: ClassType(3).Superclass(1)
09:20:27.390 INFO: JdwpDebugServer: handling req: ObjectReference(9).GetValues(2)
09:20:27.390 INFO: JdwpDebugServer: handling req: ReferenceType(2).FieldsWithGeneric(14)
09:20:27.390 INFO: JdwpDebugServer: handling req: ThreadReference(11).Name(1)
09:20:27.390 INFO: JdwpDebugServer: handling req: ObjectReference(9).GetValues(2)
09:20:27.390 INFO: JdwpDebugServer: handling req: ReferenceType(2).Interfaces(10)
09:20:27.391 INFO: JdwpDebugServer: handling req: ThreadReference(11).Name(1)
09:20:27.391 INFO: JdwpDebugServer: handling req: StringReference(10).Value(1)
09:20:27.391 INFO: JdwpDebugServer: handling req: ClassType(3).Superclass(1)
09:20:27.391 INFO: JdwpDebugServer: handling req: ReferenceType(2).FieldsWithGeneric(14)
09:20:27.392 INFO: JdwpDebugServer: handling req: ObjectReference(9).GetValues(2)
09:20:27.392 INFO: JdwpDebugServer: handling req: ReferenceType(2).Interfaces(10)
09:20:27.392 INFO: JdwpDebugServer: handling req: ObjectReference(9).GetValues(2)
09:20:27.392 INFO: JdwpDebugServer: handling req: ClassType(3).Superclass(1)
09:20:27.392 INFO: JdwpDebugServer: handling req: ObjectReference(9).GetValues(2)
09:20:27.393 INFO: JdwpDebugServer: handling req: ObjectReference(9).ReferenceType(1)
09:20:27.393 INFO: JdwpDebugServer: handling req: ReferenceType(2).FieldsWithGeneric(14)
09:20:27.393 INFO: JdwpDebugServer: handling req: ReferenceType(2).Interfaces(10)
09:20:27.393 INFO: JdwpDebugServer: handling req: ClassType(3).Superclass(1)
09:20:27.394 INFO: JdwpDebugServer: handling req: ReferenceType(2).FieldsWithGeneric(14)
09:20:27.394 INFO: JdwpDebugServer: handling req: ObjectReference(9).GetValues(2)
09:20:27.394 INFO: JdwpDebugServer: handling req: ReferenceType(2).Interfaces(10)
09:20:27.394 INFO: JdwpDebugServer: handling req: ClassType(3).Superclass(1)
09:20:27.394 INFO: JdwpDebugServer: handling req: ObjectReference(9).GetValues(2)
09:20:27.394 INFO: JdwpDebugServer: handling req: ObjectReference(9).GetValues(2)
09:20:27.395 INFO: JdwpDebugServer: handling req: ObjectReference(9).GetValues(2)
09:20:27.395 INFO: JdwpDebugServer: handling req: ObjectReference(9).GetValues(2)
09:20:27.395 INFO: JdwpDebugServer: handling req: ObjectReference(9).GetValues(2)
09:20:27.398 INFO: JdwpDebugServer: handling req: ObjectReference(9).GetValues(2)
09:20:27.398 INFO: JdwpDebugServer: handling req: ObjectReference(9).GetValues(2)
09:20:27.399 INFO: JdwpDebugServer: handling req: ObjectReference(9).ReferenceType(1)
09:20:27.399 INFO: JdwpDebugServer: handling req: ObjectReference(9).GetValues(2)
09:20:27.399 INFO: JdwpDebugServer: handling req: ObjectReference(9).GetValues(2)
09:20:27.399 INFO: JdwpDebugServer: handling req: ObjectReference(9).GetValues(2)
09:20:27.399 INFO: JdwpDebugServer: handling req: ObjectReference(9).GetValues(2)
09:20:27.400 INFO: JdwpDebugServer: handling req: ObjectReference(9).GetValues(2)
09:20:27.400 INFO: JdwpDebugServer: handling req: ObjectReference(9).ReferenceType(1)
09:20:27.400 INFO: JdwpDebugServer: handling req: ObjectReference(9).GetValues(2)
09:20:27.400 INFO: JdwpDebugServer: handling req: ObjectReference(9).GetValues(2)
09:20:27.400 INFO: JdwpDebugServer: handling req: ObjectReference(9).GetValues(2)
09:20:27.401 INFO: JdwpDebugServer: handling req: ObjectReference(9).ReferenceType(1)
09:20:27.401 INFO: JdwpDebugServer: handling req: ObjectReference(9).GetValues(2)
09:20:27.401 INFO: JdwpDebugServer: handling req: ObjectReference(9).GetValues(2)
09:20:27.401 INFO: JdwpDebugServer: handling req: ObjectReference(9).GetValues(2)
09:20:27.401 INFO: JdwpDebugServer: handling req: ObjectReference(9).ReferenceType(1)
09:20:27.401 INFO: JdwpDebugServer: handling req: ObjectReference(9).GetValues(2)
09:20:27.402 INFO: JdwpDebugServer: handling req: ObjectReference(9).GetValues(2)
09:20:27.402 INFO: JdwpDebugServer: handling req: ObjectReference(9).GetValues(2)
09:20:27.402 INFO: JdwpDebugServer: handling req: ObjectReference(9).GetValues(2)
09:20:27.402 INFO: JdwpDebugServer: handling req: ObjectReference(9).GetValues(2)
09:20:27.402 INFO: JdwpDebugServer: handling req: ObjectReference(9).GetValues(2)
09:20:27.403 INFO: JdwpDebugServer: handling req: ClassType(3).Superclass(1)
09:20:27.403 INFO: JdwpDebugServer: handling req: ObjectReference(9).GetValues(2)
09:20:27.403 INFO: JdwpDebugServer: handling req: ObjectReference(9).GetValues(2)
09:20:27.404 INFO: JdwpDebugServer: handling req: ObjectReference(9).GetValues(2)
09:20:27.404 INFO: JdwpDebugServer: handling req: StringReference(10).Value(1)
09:20:27.404 INFO: JdwpDebugServer: handling req: ObjectReference(9).GetValues(2)
09:20:27.405 INFO: JdwpDebugServer: handling req: ObjectReference(9).GetValues(2)
09:20:27.405 INFO: JdwpDebugServer: handling req: ObjectReference(9).GetValues(2)
09:20:27.405 INFO: JdwpDebugServer: handling req: ObjectReference(9).GetValues(2)
09:20:27.405 INFO: JdwpDebugServer: handling req: ClassType(3).Superclass(1)
09:20:27.405 INFO: JdwpDebugServer: handling req: ObjectReference(9).GetValues(2)
09:20:27.405 INFO: JdwpDebugServer: handling req: ObjectReference(9).GetValues(2)
09:20:27.405 INFO: JdwpDebugServer: handling req: ObjectReference(9).GetValues(2)
09:20:27.406 INFO: JdwpDebugServer: handling req: ObjectReference(9).GetValues(2)
09:20:27.406 INFO: JdwpDebugServer: handling req: ObjectReference(9).GetValues(2)
09:20:27.406 INFO: JdwpDebugServer: handling req: ObjectReference(9).GetValues(2)
09:20:27.407 INFO: JdwpDebugServer: handling req: ObjectReference(9).GetValues(2)
09:20:27.408 INFO: JdwpDebugServer: handling req: ClassType(3).Superclass(1)
09:20:27.408 INFO: JdwpDebugServer: handling req: ObjectReference(9).GetValues(2)
09:20:27.408 INFO: JdwpDebugServer: handling req: ObjectReference(9).GetValues(2)
09:20:27.408 INFO: JdwpDebugServer: handling req: ObjectReference(9).GetValues(2)
09:20:27.408 INFO: JdwpDebugServer: handling req: ObjectReference(9).GetValues(2)
09:20:27.408 INFO: JdwpDebugServer: handling req: ObjectReference(9).GetValues(2)
09:20:27.409 INFO: JdwpDebugServer: handling req: ObjectReference(9).GetValues(2)
09:20:27.409 INFO: JdwpDebugServer: handling req: ObjectReference(9).GetValues(2)
09:20:27.409 INFO: JdwpDebugServer: handling req: ObjectReference(9).GetValues(2)
09:20:27.409 INFO: JdwpDebugServer: handling req: ObjectReference(9).GetValues(2)
09:20:27.410 INFO: JdwpDebugServer: handling req: ObjectReference(9).GetValues(2)
09:20:27.410 INFO: JdwpDebugServer: handling req: ObjectReference(9).GetValues(2)
09:20:27.410 INFO: JdwpDebugServer: handling req: ObjectReference(9).GetValues(2)
09:20:27.410 INFO: JdwpDebugServer: handling req: ObjectReference(9).GetValues(2)
09:20:27.410 INFO: JdwpDebugServer: handling req: ObjectReference(9).GetValues(2)
09:20:27.411 INFO: JdwpDebugServer: handling req: ObjectReference(9).GetValues(2)
09:20:27.411 INFO: JdwpDebugServer: handling req: ObjectReference(9).GetValues(2)
09:20:27.411 INFO: JdwpDebugServer: handling req: ObjectReference(9).GetValues(2)
09:20:27.411 INFO: JdwpDebugServer: handling req: ObjectReference(9).GetValues(2)
09:20:27.412 INFO: JdwpDebugServer: handling req: ObjectReference(9).GetValues(2)
09:20:27.412 INFO: JdwpDebugServer: handling req: ObjectReference(9).GetValues(2)
09:20:27.412 INFO: JdwpDebugServer: handling req: ObjectReference(9).GetValues(2)
09:20:27.412 INFO: JdwpDebugServer: handling req: ClassType(3).Superclass(1)
09:20:27.412 INFO: JdwpDebugServer: handling req: ObjectReference(9).GetValues(2)
09:20:27.412 INFO: JdwpDebugServer: handling req: ObjectReference(9).GetValues(2)
09:20:27.412 INFO: JdwpDebugServer: handling req: ObjectReference(9).GetValues(2)
09:20:27.413 INFO: JdwpDebugServer: handling req: ObjectReference(9).GetValues(2)
09:20:27.413 INFO: JdwpDebugServer: handling req: ObjectReference(9).GetValues(2)
09:20:27.413 INFO: JdwpDebugServer: handling req: ObjectReference(9).GetValues(2)
09:20:27.413 INFO: JdwpDebugServer: handling req: ObjectReference(9).GetValues(2)
09:20:27.413 INFO: JdwpDebugServer: handling req: ObjectReference(9).GetValues(2)
09:20:27.413 INFO: JdwpDebugServer: handling req: ObjectReference(9).GetValues(2)
09:20:27.413 INFO: JdwpDebugServer: handling req: ObjectReference(9).GetValues(2)
09:20:27.414 INFO: JdwpDebugServer: handling req: ObjectReference(9).GetValues(2)
09:20:27.414 INFO: JdwpDebugServer: handling req: ObjectReference(9).GetValues(2)
09:20:27.414 INFO: JdwpDebugServer: handling req: ObjectReference(9).GetValues(2)
09:20:27.414 INFO: JdwpDebugServer: handling req: ObjectReference(9).GetValues(2)
09:20:27.414 INFO: JdwpDebugServer: handling req: ClassType(3).Superclass(1)
09:20:27.414 INFO: JdwpDebugServer: handling req: ObjectReference(9).GetValues(2)
09:20:27.414 INFO: JdwpDebugServer: handling req: ObjectReference(9).GetValues(2)
09:20:27.415 INFO: JdwpDebugServer: handling req: ObjectReference(9).GetValues(2)
09:20:27.415 INFO: JdwpDebugServer: handling req: ObjectReference(9).GetValues(2)
09:20:27.415 INFO: JdwpDebugServer: handling req: ObjectReference(9).GetValues(2)
09:20:27.415 INFO: JdwpDebugServer: handling req: ObjectReference(9).GetValues(2)
09:20:27.415 INFO: JdwpDebugServer: handling req: ObjectReference(9).GetValues(2)
09:20:27.415 INFO: JdwpDebugServer: handling req: ClassType(3).Superclass(1)
09:20:27.415 INFO: JdwpDebugServer: handling req: ObjectReference(9).GetValues(2)
09:20:27.416 INFO: JdwpDebugServer: handling req: ObjectReference(9).GetValues(2)
09:20:27.416 INFO: JdwpDebugServer: handling req: ObjectReference(9).GetValues(2)
09:20:27.416 INFO: JdwpDebugServer: handling req: ObjectReference(9).GetValues(2)
09:20:27.416 INFO: JdwpDebugServer: handling req: ObjectReference(9).GetValues(2)
09:20:27.416 INFO: JdwpDebugServer: handling req: ObjectReference(9).GetValues(2)
09:20:27.416 INFO: JdwpDebugServer: handling req: ObjectReference(9).GetValues(2)
09:20:27.416 INFO: JdwpDebugServer: handling req: ClassType(3).Superclass(1)
09:20:27.416 INFO: JdwpDebugServer: handling req: ObjectReference(9).GetValues(2)
09:20:27.417 INFO: JdwpDebugServer: handling req: ObjectReference(9).GetValues(2)
09:20:27.417 INFO: JdwpDebugServer: handling req: ObjectReference(9).GetValues(2)
09:20:27.417 INFO: JdwpDebugServer: handling req: ObjectReference(9).GetValues(2)
09:20:27.417 INFO: JdwpDebugServer: handling req: ObjectReference(9).GetValues(2)
09:20:27.417 INFO: JdwpDebugServer: handling req: ObjectReference(9).GetValues(2)
09:20:27.417 INFO: JdwpDebugServer: handling req: ObjectReference(9).GetValues(2)
09:20:27.418 INFO: JdwpDebugServer: handling req: ObjectReference(9).GetValues(2)
09:20:27.418 INFO: JdwpDebugServer: handling req: ObjectReference(9).GetValues(2)
09:20:27.418 INFO: JdwpDebugServer: handling req: ObjectReference(9).GetValues(2)
09:20:27.418 INFO: JdwpDebugServer: handling req: ObjectReference(9).GetValues(2)
09:20:27.418 INFO: JdwpDebugServer: handling req: ObjectReference(9).GetValues(2)
09:20:27.419 INFO: JdwpDebugServer: handling req: ObjectReference(9).GetValues(2)
09:20:27.419 INFO: JdwpDebugServer: handling req: ObjectReference(9).GetValues(2)
09:20:27.419 INFO: JdwpDebugServer: handling req: ClassType(3).Superclass(1)
09:20:27.419 INFO: JdwpDebugServer: handling req: ObjectReference(9).GetValues(2)
09:20:27.419 INFO: JdwpDebugServer: handling req: ObjectReference(9).GetValues(2)
09:20:27.419 INFO: JdwpDebugServer: handling req: ObjectReference(9).GetValues(2)
09:20:27.419 INFO: JdwpDebugServer: handling req: StringReference(10).Value(1)
09:20:27.419 INFO: JdwpDebugServer: handling req: ObjectReference(9).GetValues(2)
09:20:27.420 INFO: JdwpDebugServer: handling req: ObjectReference(9).GetValues(2)
09:20:27.437 INFO: JdwpDebugServer: handling req: ThreadReference(11).FramesCount(7)
09:20:27.438 INFO: JdwpDebugServer: handling req: Method(6).LineTable(1)
09:20:27.439 INFO: JdwpDebugServer: handling req: StackFrame(16).ThisObject(3)
09:20:27.439 INFO: JdwpDebugServer: handling req: ObjectReference(9).ReferenceType(1)
09:20:27.439 INFO: JdwpDebugServer: handling req: Method(6).LineTable(1)
09:20:27.440 INFO: JdwpDebugServer: handling req: StackFrame(16).ThisObject(3)
09:20:27.440 INFO: JdwpDebugServer: handling req: ObjectReference(9).ReferenceType(1)
09:20:27.440 INFO: JdwpDebugServer: handling req: Method(6).LineTable(1)
09:20:27.440 INFO: JdwpDebugServer: handling req: StackFrame(16).ThisObject(3)
09:20:27.441 INFO: JdwpDebugServer: handling req: ObjectReference(9).ReferenceType(1)
09:20:27.441 INFO: JdwpDebugServer: handling req: Method(6).LineTable(1)
09:20:27.441 INFO: JdwpDebugServer: handling req: StackFrame(16).ThisObject(3)
09:20:27.442 INFO: JdwpDebugServer: handling req: ObjectReference(9).ReferenceType(1)
09:20:27.442 INFO: JdwpDebugServer: handling req: Method(6).LineTable(1)
09:20:27.442 INFO: JdwpDebugServer: handling req: StackFrame(16).ThisObject(3)
09:20:27.442 INFO: JdwpDebugServer: handling req: ObjectReference(9).ReferenceType(1)
09:20:27.443 INFO: JdwpDebugServer: handling req: Method(6).LineTable(1)
09:20:27.444 INFO: JdwpDebugServer: handling req: Method(6).LineTable(1)
09:20:27.444 INFO: JdwpDebugServer: handling req: ReferenceType(2).SignatureWithGeneric(13)
09:20:29.700 INFO: JdwpDebugServer: handling req: ObjectReference(9).GetValues(2)
09:20:33.777 INFO: JdwpDebugServer: handling req: StringReference(10).Value(1)
09:20:39.683 INFO: JdwpDebugServer: handling req: ObjectReference(9).GetValues(2)
09:20:41.805 INFO: JdwpDebugServer: handling req: ObjectReference(9).GetValues(2)
09:20:41.806 INFO: JdwpDebugServer: handling req: StringReference(10).Value(1)
09:20:41.842 INFO: JdwpDebugServer: handling req: StringReference(10).Value(1)
09:20:41.970 INFO: JdwpDebugServer: handling req: ObjectReference(9).GetValues(2)
09:20:41.971 INFO: JdwpDebugServer: handling req: StringReference(10).Value(1)
09:20:41.976 INFO: JdwpDebugServer: handling req: ObjectReference(9).GetValues(2)
09:20:41.976 INFO: JdwpDebugServer: handling req: ReferenceType(2).SourceFile(7)
09:20:41.976 INFO: JdwpDebugServer: handling req: ObjectReference(9).GetValues(2)
09:20:41.977 INFO: JdwpDebugServer: handling req: ObjectReference(9).GetValues(2)
09:20:41.983 INFO: JdwpDebugServer: handling req: ReferenceType(2).SourceFile(7)
09:20:42.007 INFO: JdwpDebugServer: handling req: ObjectReference(9).GetValues(2)
09:20:42.008 INFO: JdwpDebugServer: handling req: ClassType(3).Superclass(1)
09:20:42.008 INFO: JdwpDebugServer: handling req: StringReference(10).Value(1)
09:20:42.684 INFO: JdwpDebugServer: handling req: ObjectReference(9).GetValues(2)
09:20:45.198 INFO: JdwpDebugServer: handling req: StringReference(10).Value(1)
09:20:50.704 INFO: JdwpDebugServer: handling req: ObjectReference(9).GetValues(2)
09:20:50.726 INFO: JdwpDebugServer: handling req: StringReference(10).Value(1)
09:20:52.281 INFO: JdwpDebugServer: handling req: ThreadReference(11).Resume(3)
09:20:52.282 INFO: JdwpEventCenterDelegate: THREAD_RESUMED: thread (33, main, main)
09:20:52.288 INFO: JdwpDebugServer: handling req: ReferenceType(2).MethodsWithGeneric(15)
09:20:52.289 INFO: JdwpDebugServer: handling req: Method(6).LineTable(1)
09:20:52.289 INFO: JdwpDebugServer: handling req: Method(6).LineTable(1)
09:20:52.290 INFO: JdwpDebugServer: handling req: Method(6).LineTable(1)
09:20:52.290 INFO: JdwpDebugServer: handling req: ThreadReference(11).Resume(3)
09:20:52.290 INFO: JdwpEventCenterDelegate: THREAD_RESUMED: thread (33, main, main)
09:20:52.293 INFO: JdwpEventCenterDelegate: THREAD_RESUMED: thread (33, main, main)
09:20:52.312 INFO: JdwpDebugServer: handling req: ThreadReference(11).Name(1)
09:20:52.313 INFO: JdwpDebugServer: handling req: ThreadReference(11).Name(1)
09:20:52.313 INFO: JdwpDebugServer: handling req: ThreadReference(11).Name(1)
09:20:52.343 SEVERE: Debugger: Thread HooksChannel socket thread crashed
org.robovm.debugger.DebuggerException: java.nio.BufferUnderflowException
	at org.robovm.debugger.hooks.HooksChannel.doSocketWork(HooksChannel.java:149)
	at java.base/java.lang.Thread.run(Thread.java:833)
	at org.robovm.debugger.utils.DebuggerThread.run(DebuggerThread.java:42)
Caused by: java.nio.BufferUnderflowException
	at org.robovm.debugger.utils.bytebuffer.DataBufferWriter.writeFromStream(DataBufferWriter.java:91)
	at org.robovm.debugger.hooks.HooksChannel.doSocketWork(HooksChannel.java:116)
	... 2 more
09:20:52.414 INFO: JdwpDebugServer: handling req: ThreadReference(11).Name(1)
