11:05:39.659 INFO: JdwpEventCenterDelegate: THREAD_STARTED: thread (33, main, main)
11:05:39.730 INFO: JdwpEventCenterDelegate: THREAD_STARTED: thread (48, ReferenceQueueDaemon, main)
11:05:39.731 INFO: JdwpEventCenterDelegate: THREAD_STARTED: thread (63, FinalizerDaemon, main)
11:05:39.732 INFO: JdwpEventCenterDelegate: THREAD_STARTED: thread (78, FinalizerWatchdogDaemon, main)
11:05:41.216 INFO: JdwpDebugServer: handling req: VirtualMachine(1).IDSizes(7)
11:05:41.218 INFO: JdwpDebugServer: handling req: EventRequest(15).Set(1)
11:05:41.218 INFO: JdwpEventCenterDelegate: jdwpSetEventRequest: JdwpEventRequest{requestId=100, eventKind=CLASS_UNLOAD, suspendPolicy=NONE, predicates=[]}
11:05:41.219 INFO: JdwpDebugServer: handling req: EventRequest(15).Set(1)
11:05:41.220 INFO: JdwpEventCenterDelegate: jdwpSetEventRequest: JdwpEventRequest{requestId=101, eventKind=THREAD_START, suspendPolicy=NONE, predicates=[]}
11:05:41.221 INFO: JdwpDebugServer: handling req: VirtualMachine(1).ClassesBySignature(2)
11:05:41.226 INFO: JdwpDebugServer: handling req: VirtualMachine(1).Version(1)
11:05:41.227 INFO: JdwpDebugServer: handling req: ReferenceType(2).MethodsWithGeneric(15)
11:05:41.229 INFO: JdwpDebugServer: handling req: Method(6).LineTable(1)
11:05:41.230 INFO: JdwpDebugServer: handling req: EventRequest(15).Set(1)
11:05:41.230 INFO: JdwpEventCenterDelegate: jdwpSetEventRequest: JdwpEventRequest{requestId=102, eventKind=BREAKPOINT, suspendPolicy=NONE, predicates=[Location{classId=845, methodId=257, index=928} ]}
11:05:41.231 INFO: JdwpDebugServer: handling req: EventRequest(15).Set(1)
11:05:41.231 INFO: JdwpEventCenterDelegate: jdwpSetEventRequest: JdwpEventRequest{requestId=103, eventKind=THREAD_DEATH, suspendPolicy=NONE, predicates=[]}
11:05:41.231 INFO: JdwpDebugServer: handling req: VirtualMachine(1).AllThreads(4)
11:05:41.232 INFO: JdwpDebugServer: handling req: ThreadReference(11).ThreadGroup(5)
11:05:41.232 INFO: JdwpDebugServer: handling req: ThreadGroup(12).Name(1)
11:05:41.232 INFO: JdwpDebugServer: handling req: ThreadGroup(12).Parent(2)
11:05:41.233 INFO: JdwpDebugServer: handling req: ObjectReference(9).ReferenceType(1)
11:05:41.233 INFO: JdwpDebugServer: handling req: ReferenceType(2).FieldsWithGeneric(14)
11:05:41.234 INFO: JdwpDebugServer: handling req: ReferenceType(2).Interfaces(10)
11:05:41.234 INFO: JdwpDebugServer: handling req: ReferenceType(2).FieldsWithGeneric(14)
11:05:41.234 INFO: JdwpDebugServer: handling req: ReferenceType(2).Interfaces(10)
11:05:41.234 INFO: JdwpDebugServer: handling req: ClassType(3).Superclass(1)
11:05:41.234 INFO: JdwpDebugServer: handling req: ReferenceType(2).FieldsWithGeneric(14)
11:05:41.235 INFO: JdwpDebugServer: handling req: ReferenceType(2).Interfaces(10)
11:05:41.235 INFO: JdwpDebugServer: handling req: ClassType(3).Superclass(1)
11:05:41.236 INFO: JdwpDebugServer: handling req: ObjectReference(9).GetValues(2)
11:05:41.236 INFO: JdwpDebugServer: handling req: ThreadReference(11).Status(4)
11:05:41.236 INFO: JdwpDebugServer: handling req: ThreadReference(11).Status(4)
11:05:41.237 INFO: JdwpDebugServer: handling req: ThreadReference(11).ThreadGroup(5)
11:05:41.237 INFO: JdwpDebugServer: handling req: ObjectReference(9).ReferenceType(1)
11:05:41.237 INFO: JdwpDebugServer: handling req: ObjectReference(9).GetValues(2)
11:05:41.238 INFO: JdwpDebugServer: handling req: ThreadReference(11).Status(4)
11:05:41.238 INFO: JdwpDebugServer: handling req: ThreadReference(11).Status(4)
11:05:41.238 INFO: JdwpDebugServer: handling req: ThreadReference(11).ThreadGroup(5)
11:05:41.238 INFO: JdwpDebugServer: handling req: ObjectReference(9).ReferenceType(1)
11:05:41.238 INFO: JdwpDebugServer: handling req: ObjectReference(9).GetValues(2)
11:05:41.239 INFO: JdwpDebugServer: handling req: ThreadReference(11).Status(4)
11:05:41.239 INFO: JdwpDebugServer: handling req: ThreadReference(11).Status(4)
11:05:41.239 INFO: JdwpDebugServer: handling req: ThreadReference(11).ThreadGroup(5)
11:05:41.239 INFO: JdwpDebugServer: handling req: ObjectReference(9).ReferenceType(1)
11:05:41.239 INFO: JdwpDebugServer: handling req: ObjectReference(9).GetValues(2)
11:05:41.240 INFO: JdwpDebugServer: handling req: ThreadReference(11).Status(4)
11:05:41.241 INFO: JdwpDebugServer: handling req: ThreadReference(11).Status(4)
11:05:41.244 INFO: JdwpDebugServer: handling req: EventRequest(15).Set(1)
11:05:41.244 INFO: JdwpEventCenterDelegate: jdwpSetEventRequest: JdwpEventRequest{requestId=104, eventKind=CLASS_PREPARE, suspendPolicy=EVENT_THREAD, predicates=[className=java.lang.Throwable]}
11:05:41.251 INFO: JdwpDebugServer: handling req: EventRequest(15).Set(1)
11:05:41.251 INFO: JdwpEventCenterDelegate: jdwpSetEventRequest: JdwpEventRequest{requestId=105, eventKind=CLASS_PREPARE, suspendPolicy=EVENT_THREAD, predicates=[className=java.lang.Throwable$*]}
11:05:41.254 INFO: JdwpDebugServer: handling req: VirtualMachine(1).ClassesBySignature(2)
11:05:41.255 INFO: JdwpDebugServer: handling req: ReferenceType(2).MethodsWithGeneric(15)
11:05:41.256 INFO: JdwpDebugServer: handling req: Method(6).LineTable(1)
11:05:41.258 INFO: JdwpDebugServer: handling req: Method(6).LineTable(1)
11:05:41.258 INFO: JdwpDebugServer: handling req: Method(6).LineTable(1)
11:05:41.258 INFO: JdwpDebugServer: handling req: Method(6).LineTable(1)
11:05:41.259 INFO: JdwpDebugServer: handling req: Method(6).LineTable(1)
11:05:41.259 INFO: JdwpDebugServer: handling req: Method(6).LineTable(1)
11:05:41.259 INFO: JdwpDebugServer: handling req: Method(6).LineTable(1)
11:05:41.259 INFO: JdwpDebugServer: handling req: Method(6).LineTable(1)
11:05:41.259 INFO: JdwpDebugServer: handling req: Method(6).LineTable(1)
11:05:41.260 INFO: JdwpDebugServer: handling req: Method(6).LineTable(1)
11:05:41.260 INFO: JdwpDebugServer: handling req: Method(6).LineTable(1)
11:05:41.260 INFO: JdwpDebugServer: handling req: Method(6).LineTable(1)
11:05:41.260 INFO: JdwpDebugServer: handling req: Method(6).LineTable(1)
11:05:41.260 INFO: JdwpDebugServer: handling req: Method(6).LineTable(1)
11:05:41.260 INFO: JdwpDebugServer: handling req: Method(6).LineTable(1)
11:05:41.261 INFO: JdwpDebugServer: handling req: Method(6).LineTable(1)
11:05:41.261 INFO: JdwpDebugServer: handling req: Method(6).LineTable(1)
11:05:41.261 INFO: JdwpDebugServer: handling req: Method(6).LineTable(1)
11:05:41.262 INFO: JdwpDebugServer: handling req: Method(6).LineTable(1)
11:05:41.263 INFO: JdwpDebugServer: handling req: Method(6).LineTable(1)
11:05:41.263 INFO: JdwpDebugServer: handling req: Method(6).LineTable(1)
11:05:41.263 INFO: JdwpDebugServer: handling req: Method(6).LineTable(1)
11:05:41.263 INFO: JdwpDebugServer: handling req: Method(6).LineTable(1)
11:05:41.263 INFO: JdwpDebugServer: handling req: Method(6).LineTable(1)
11:05:41.263 INFO: JdwpDebugServer: handling req: VirtualMachine(1).ClassesBySignature(2)
11:05:41.264 INFO: JdwpDebugServer: handling req: VirtualMachine(1).AllClassesWithGeneric(20)
11:05:41.291 INFO: JdwpDebugServer: handling req: EventRequest(15).Set(1)
11:05:41.291 INFO: JdwpEventCenterDelegate: jdwpSetEventRequest: JdwpEventRequest{requestId=106, eventKind=CLASS_PREPARE, suspendPolicy=EVENT_THREAD, predicates=[className=com.badlogic.gdx.utils.ScreenUtils]}
11:05:41.293 INFO: JdwpDebugServer: handling req: EventRequest(15).Set(1)
11:05:41.293 INFO: JdwpEventCenterDelegate: jdwpSetEventRequest: JdwpEventRequest{requestId=107, eventKind=CLASS_PREPARE, suspendPolicy=EVENT_THREAD, predicates=[className=com.badlogic.gdx.utils.ScreenUtils$*]}
11:05:41.294 INFO: JdwpDebugServer: handling req: VirtualMachine(1).ClassesBySignature(2)
11:05:41.294 INFO: JdwpDebugServer: handling req: ReferenceType(2).MethodsWithGeneric(15)
11:05:41.295 INFO: JdwpDebugServer: handling req: Method(6).LineTable(1)
11:05:41.296 INFO: JdwpDebugServer: handling req: Method(6).LineTable(1)
11:05:41.296 INFO: JdwpDebugServer: handling req: Method(6).LineTable(1)
11:05:41.296 INFO: JdwpDebugServer: handling req: Method(6).LineTable(1)
11:05:41.296 INFO: JdwpDebugServer: handling req: Method(6).LineTable(1)
11:05:41.296 INFO: JdwpDebugServer: handling req: Method(6).LineTable(1)
11:05:41.297 INFO: JdwpDebugServer: handling req: Method(6).LineTable(1)
11:05:41.297 INFO: JdwpDebugServer: handling req: Method(6).LineTable(1)
11:05:41.297 INFO: JdwpDebugServer: handling req: Method(6).LineTable(1)
11:05:41.298 INFO: JdwpDebugServer: handling req: Method(6).LineTable(1)
11:05:41.298 INFO: JdwpDebugServer: handling req: EventRequest(15).Set(1)
11:05:41.298 INFO: JdwpEventCenterDelegate: jdwpSetEventRequest: JdwpEventRequest{requestId=108, eventKind=BREAKPOINT, suspendPolicy=EVENT_THREAD, predicates=[Location{classId=22230, methodId=1272, index=89} ]}
11:05:41.300 INFO: JdwpDebugServer: handling req: EventRequest(15).Set(1)
11:05:41.300 INFO: JdwpEventCenterDelegate: jdwpSetEventRequest: JdwpEventRequest{requestId=109, eventKind=CLASS_PREPARE, suspendPolicy=EVENT_THREAD, predicates=[className=com.badlogic.gdx.utils.ScreenUtils]}
11:05:41.301 INFO: JdwpDebugServer: handling req: EventRequest(15).Set(1)
11:05:41.301 INFO: JdwpEventCenterDelegate: jdwpSetEventRequest: JdwpEventRequest{requestId=110, eventKind=CLASS_PREPARE, suspendPolicy=EVENT_THREAD, predicates=[className=com.badlogic.gdx.utils.ScreenUtils$*]}
11:05:41.302 INFO: JdwpDebugServer: handling req: VirtualMachine(1).ClassesBySignature(2)
11:05:41.303 INFO: JdwpDebugServer: handling req: EventRequest(15).Set(1)
11:05:41.303 INFO: JdwpEventCenterDelegate: jdwpSetEventRequest: JdwpEventRequest{requestId=111, eventKind=BREAKPOINT, suspendPolicy=EVENT_THREAD, predicates=[Location{classId=22230, methodId=1267, index=72} ]}
11:05:41.303 INFO: JdwpDebugServer: handling req: EventRequest(15).Set(1)
11:05:41.303 INFO: JdwpEventCenterDelegate: jdwpSetEventRequest: JdwpEventRequest{requestId=112, eventKind=CLASS_PREPARE, suspendPolicy=EVENT_THREAD, predicates=[className=com.abdalla.bushnaq.pluvia.engine.GameEngine]}
11:05:41.304 INFO: JdwpDebugServer: handling req: EventRequest(15).Set(1)
11:05:41.304 INFO: JdwpEventCenterDelegate: jdwpSetEventRequest: JdwpEventRequest{requestId=113, eventKind=CLASS_PREPARE, suspendPolicy=EVENT_THREAD, predicates=[className=com.abdalla.bushnaq.pluvia.engine.GameEngine$*]}
11:05:41.305 INFO: JdwpDebugServer: handling req: VirtualMachine(1).ClassesBySignature(2)
11:05:41.305 INFO: JdwpDebugServer: handling req: ReferenceType(2).MethodsWithGeneric(15)
11:05:41.306 INFO: JdwpDebugServer: handling req: Method(6).LineTable(1)
11:05:41.306 INFO: JdwpDebugServer: handling req: Method(6).LineTable(1)
11:05:41.307 INFO: JdwpDebugServer: handling req: Method(6).LineTable(1)
11:05:41.307 INFO: JdwpDebugServer: handling req: Method(6).LineTable(1)
11:05:41.307 INFO: JdwpDebugServer: handling req: Method(6).LineTable(1)
11:05:41.307 INFO: JdwpDebugServer: handling req: Method(6).LineTable(1)
11:05:41.308 INFO: JdwpDebugServer: handling req: Method(6).LineTable(1)
11:05:41.308 INFO: JdwpDebugServer: handling req: Method(6).LineTable(1)
11:05:41.308 INFO: JdwpDebugServer: handling req: Method(6).LineTable(1)
11:05:41.308 INFO: JdwpDebugServer: handling req: Method(6).LineTable(1)
11:05:41.309 INFO: JdwpDebugServer: handling req: Method(6).LineTable(1)
11:05:41.309 INFO: JdwpDebugServer: handling req: Method(6).LineTable(1)
11:05:41.309 INFO: JdwpDebugServer: handling req: Method(6).LineTable(1)
11:05:41.309 INFO: JdwpDebugServer: handling req: Method(6).LineTable(1)
11:05:41.309 INFO: JdwpDebugServer: handling req: Method(6).LineTable(1)
11:05:41.309 INFO: JdwpDebugServer: handling req: Method(6).LineTable(1)
11:05:41.310 INFO: JdwpDebugServer: handling req: Method(6).LineTable(1)
11:05:41.310 INFO: JdwpDebugServer: handling req: Method(6).LineTable(1)
11:05:41.310 INFO: JdwpDebugServer: handling req: Method(6).LineTable(1)
11:05:41.310 INFO: JdwpDebugServer: handling req: Method(6).LineTable(1)
11:05:41.310 INFO: JdwpDebugServer: handling req: Method(6).LineTable(1)
11:05:41.310 INFO: JdwpDebugServer: handling req: Method(6).LineTable(1)
11:05:41.310 INFO: JdwpDebugServer: handling req: Method(6).LineTable(1)
11:05:41.311 INFO: JdwpDebugServer: handling req: Method(6).LineTable(1)
11:05:41.311 INFO: JdwpDebugServer: handling req: Method(6).LineTable(1)
11:05:41.311 INFO: JdwpDebugServer: handling req: Method(6).LineTable(1)
11:05:41.311 INFO: JdwpDebugServer: handling req: Method(6).LineTable(1)
11:05:41.311 INFO: JdwpDebugServer: handling req: Method(6).LineTable(1)
11:05:41.311 INFO: JdwpDebugServer: handling req: Method(6).LineTable(1)
11:05:41.311 INFO: JdwpDebugServer: handling req: Method(6).LineTable(1)
11:05:41.312 INFO: JdwpDebugServer: handling req: Method(6).LineTable(1)
11:05:41.312 INFO: JdwpDebugServer: handling req: Method(6).LineTable(1)
11:05:41.312 INFO: JdwpDebugServer: handling req: EventRequest(15).Set(1)
11:05:41.312 INFO: JdwpEventCenterDelegate: jdwpSetEventRequest: JdwpEventRequest{requestId=114, eventKind=BREAKPOINT, suspendPolicy=EVENT_THREAD, predicates=[Location{classId=16855, methodId=1297, index=100} ]}
11:05:41.313 INFO: JdwpDebugServer: handling req: EventRequest(15).Set(1)
11:05:41.313 INFO: JdwpEventCenterDelegate: jdwpSetEventRequest: JdwpEventRequest{requestId=115, eventKind=CLASS_PREPARE, suspendPolicy=EVENT_THREAD, predicates=[className=com.abdalla.bushnaq.pluvia.launcher.IOSLauncher]}
11:05:41.314 INFO: JdwpDebugServer: handling req: EventRequest(15).Set(1)
11:05:41.314 INFO: JdwpEventCenterDelegate: jdwpSetEventRequest: JdwpEventRequest{requestId=116, eventKind=CLASS_PREPARE, suspendPolicy=EVENT_THREAD, predicates=[className=com.abdalla.bushnaq.pluvia.launcher.IOSLauncher$*]}
11:05:41.317 INFO: JdwpDebugServer: handling req: VirtualMachine(1).ClassesBySignature(2)
11:05:41.317 INFO: JdwpDebugServer: handling req: ReferenceType(2).MethodsWithGeneric(15)
11:05:41.317 INFO: JdwpDebugServer: handling req: Method(6).LineTable(1)
11:05:41.318 INFO: JdwpDebugServer: handling req: Method(6).LineTable(1)
11:05:41.318 INFO: JdwpDebugServer: handling req: Method(6).LineTable(1)
11:05:41.318 INFO: JdwpDebugServer: handling req: Method(6).LineTable(1)
11:05:41.319 INFO: JdwpDebugServer: handling req: Method(6).LineTable(1)
11:05:41.319 INFO: JdwpDebugServer: handling req: Method(6).LineTable(1)
11:05:41.319 INFO: JdwpDebugServer: handling req: Method(6).LineTable(1)
11:05:41.319 INFO: JdwpDebugServer: handling req: Method(6).LineTable(1)
11:05:41.320 INFO: JdwpDebugServer: handling req: EventRequest(15).Set(1)
11:05:41.320 INFO: JdwpEventCenterDelegate: jdwpSetEventRequest: JdwpEventRequest{requestId=117, eventKind=BREAKPOINT, suspendPolicy=EVENT_THREAD, predicates=[Location{classId=12880, methodId=1467, index=67} ]}
11:05:41.320 INFO: JdwpDebugServer: handling req: EventRequest(15).Set(1)
11:05:41.320 INFO: JdwpEventCenterDelegate: jdwpSetEventRequest: JdwpEventRequest{requestId=118, eventKind=CLASS_PREPARE, suspendPolicy=EVENT_THREAD, predicates=[className=com.abdalla.bushnaq.pluvia.launcher.IOSLauncher]}
11:05:41.321 INFO: JdwpDebugServer: handling req: EventRequest(15).Set(1)
11:05:41.321 INFO: JdwpEventCenterDelegate: jdwpSetEventRequest: JdwpEventRequest{requestId=119, eventKind=CLASS_PREPARE, suspendPolicy=EVENT_THREAD, predicates=[className=com.abdalla.bushnaq.pluvia.launcher.IOSLauncher$*]}
11:05:41.323 INFO: JdwpDebugServer: handling req: VirtualMachine(1).ClassesBySignature(2)
11:05:41.323 INFO: JdwpDebugServer: handling req: EventRequest(15).Set(1)
11:05:41.323 INFO: JdwpEventCenterDelegate: jdwpSetEventRequest: JdwpEventRequest{requestId=120, eventKind=BREAKPOINT, suspendPolicy=EVENT_THREAD, predicates=[Location{classId=12880, methodId=1457, index=22} ]}
11:05:41.324 INFO: JdwpDebugServer: handling req: VirtualMachine(1).capabilitiesNew(17)
11:05:41.327 INFO: JdwpDebugServer: handling req: EventRequest(15).Set(1)
11:05:41.327 INFO: JdwpEventCenterDelegate: jdwpSetEventRequest: JdwpEventRequest{requestId=121, eventKind=CLASS_PREPARE, suspendPolicy=EVENT_THREAD, predicates=[className=java.lang.Error]}
11:05:41.329 INFO: JdwpDebugServer: handling req: EventRequest(15).Set(1)
11:05:41.329 INFO: JdwpEventCenterDelegate: jdwpSetEventRequest: JdwpEventRequest{requestId=122, eventKind=CLASS_PREPARE, suspendPolicy=EVENT_THREAD, predicates=[className=java.lang.Error$*]}
11:05:41.330 INFO: JdwpDebugServer: handling req: VirtualMachine(1).ClassesBySignature(2)
11:05:41.332 INFO: JdwpDebugServer: handling req: EventRequest(15).Set(1)
11:05:41.332 INFO: JdwpEventCenterDelegate: jdwpSetEventRequest: JdwpEventRequest{requestId=123, eventKind=EXCEPTION, suspendPolicy=EVENT_THREAD, predicates=[exceptionType=3425(caught=true, uncaught=true)]}
11:05:41.393 INFO: JdwpDebugServer: handling req: EventRequest(15).Set(1)
11:05:41.393 INFO: JdwpEventCenterDelegate: jdwpSetEventRequest: JdwpEventRequest{requestId=124, eventKind=CLASS_PREPARE, suspendPolicy=EVENT_THREAD, predicates=[className=java.lang.Throwable]}
11:05:41.395 INFO: JdwpDebugServer: handling req: EventRequest(15).Set(1)
11:05:41.396 INFO: JdwpEventCenterDelegate: jdwpSetEventRequest: JdwpEventRequest{requestId=125, eventKind=CLASS_PREPARE, suspendPolicy=EVENT_THREAD, predicates=[className=java.lang.Throwable$*]}
11:05:41.398 INFO: JdwpDebugServer: handling req: VirtualMachine(1).ClassesBySignature(2)
11:05:41.399 INFO: JdwpDebugServer: handling req: EventRequest(15).Set(1)
11:05:41.399 INFO: JdwpEventCenterDelegate: jdwpSetEventRequest: JdwpEventRequest{requestId=126, eventKind=EXCEPTION, suspendPolicy=EVENT_THREAD, predicates=[exceptionType=7695(caught=false, uncaught=true)]}
11:05:41.401 INFO: JdwpDebugServer: handling req: ThreadReference(11).SuspendCount(12)
11:05:41.401 INFO: JdwpDebugServer: handling req: ThreadReference(11).SuspendCount(12)
11:05:41.401 INFO: JdwpDebugServer: handling req: ThreadReference(11).SuspendCount(12)
11:05:41.401 INFO: JdwpDebugServer: handling req: ThreadReference(11).SuspendCount(12)
11:05:41.401 INFO: JdwpDebugServer: handling req: VirtualMachine(1).AllThreads(4)
11:05:41.402 INFO: JdwpDebugServer: handling req: VirtualMachine(1).Resume(9)
11:05:41.439 INFO: JdwpDebugServer: handling req: EventRequest(15).Set(1)
11:05:41.439 INFO: JdwpEventCenterDelegate: jdwpSetEventRequest: JdwpEventRequest{requestId=127, eventKind=BREAKPOINT, suspendPolicy=EVENT_THREAD, predicates=[Location{classId=12880, methodId=1467, index=67} ]}
11:05:41.443 INFO: JdwpDebugServer: handling req: EventRequest(15).Set(1)
11:05:41.443 INFO: JdwpEventCenterDelegate: jdwpSetEventRequest: JdwpEventRequest{requestId=128, eventKind=BREAKPOINT, suspendPolicy=EVENT_THREAD, predicates=[Location{classId=12880, methodId=1457, index=22} ]}
11:05:41.444 INFO: JdwpDebugServer: handling req: ThreadReference(11).Resume(3)
11:05:41.445 INFO: JdwpEventCenterDelegate: THREAD_RESUMED: thread (33, main, main)
11:05:41.474 INFO: JdwpEventCenterDelegate: THREAD_RESUMED: thread (33, main, main)
11:05:41.476 INFO: JdwpEventCenterDelegate: THREAD_RESUMED: thread (33, main, main)
11:05:41.478 INFO: JdwpEventCenterDelegate: THREAD_RESUMED: thread (33, main, main)
11:05:41.478 INFO: JdwpEventCenterDelegate: THREAD_RESUMED: thread (33, main, main)
11:05:41.478 INFO: JdwpEventCenterDelegate: THREAD_RESUMED: thread (33, main, main)
11:05:41.479 INFO: JdwpEventCenterDelegate: THREAD_RESUMED: thread (33, main, main)
11:05:41.479 INFO: JdwpEventCenterDelegate: THREAD_RESUMED: thread (33, main, main)
11:05:41.483 INFO: JdwpEventCenterDelegate: THREAD_RESUMED: thread (33, main, main)
11:05:41.484 INFO: JdwpEventCenterDelegate: THREAD_RESUMED: thread (33, main, main)
11:05:41.485 INFO: JdwpEventCenterDelegate: THREAD_RESUMED: thread (33, main, main)
11:05:41.485 INFO: JdwpEventCenterDelegate: THREAD_RESUMED: thread (33, main, main)
11:05:41.491 INFO: JdwpEventCenterDelegate: THREAD_RESUMED: thread (33, main, main)
11:05:41.493 INFO: JdwpEventCenterDelegate: THREAD_RESUMED: thread (33, main, main)
11:05:41.494 INFO: JdwpEventCenterDelegate: THREAD_RESUMED: thread (33, main, main)
11:05:41.570 INFO: JdwpEventCenterDelegate: THREAD_RESUMED: thread (33, main, main)
11:05:41.571 INFO: JdwpEventCenterDelegate: THREAD_RESUMED: thread (33, main, main)
11:05:41.572 INFO: JdwpEventCenterDelegate: THREAD_RESUMED: thread (33, main, main)
11:05:41.583 INFO: JdwpEventCenterDelegate: THREAD_RESUMED: thread (33, main, main)
11:05:41.584 INFO: JdwpEventCenterDelegate: THREAD_RESUMED: thread (33, main, main)
11:05:41.585 INFO: JdwpEventCenterDelegate: THREAD_RESUMED: thread (33, main, main)
11:05:41.823 INFO: JdwpDebugServer: handling req: ThreadReference(11).Frames(6)
11:05:41.826 INFO: JdwpDebugServer: handling req: ReferenceType(2).MethodsWithGeneric(15)
11:05:41.826 INFO: JdwpDebugServer: handling req: ReferenceType(2).MethodsWithGeneric(15)
11:05:41.843 INFO: JdwpDebugServer: handling req: ThreadReference(11).FramesCount(7)
11:05:41.843 INFO: JdwpDebugServer: handling req: ThreadReference(11).FramesCount(7)
11:05:41.983 INFO: JdwpDebugServer: handling req: ThreadReference(11).Name(1)
11:05:41.984 INFO: JdwpDebugServer: handling req: ReferenceType(2).SignatureWithGeneric(13)
11:05:41.984 INFO: JdwpDebugServer: handling req: StackFrame(16).ThisObject(3)
11:05:41.986 INFO: JdwpDebugServer: handling req: ObjectReference(9).ReferenceType(1)
11:05:41.986 INFO: JdwpDebugServer: handling req: ThreadReference(11).Name(1)
11:05:41.986 INFO: JdwpDebugServer: handling req: ThreadReference(11).Name(1)
11:05:41.987 INFO: JdwpDebugServer: handling req: ThreadReference(11).Name(1)
11:05:41.987 INFO: JdwpDebugServer: handling req: ThreadReference(11).Name(1)
11:05:41.987 INFO: JdwpDebugServer: handling req: ThreadReference(11).Name(1)
11:05:42.046 INFO: JdwpDebugServer: handling req: ReferenceType(2).SourceFile(7)
11:05:42.056 INFO: JdwpDebugServer: handling req: Method(6).VariableTableWithGenerics(5)
11:05:42.086 INFO: JdwpDebugServer: handling req: ReferenceType(2).Modifiers(3)
11:05:42.086 INFO: JdwpDebugServer: handling req: ReferenceType(2).FieldsWithGeneric(14)
11:05:42.086 INFO: JdwpDebugServer: handling req: ClassType(3).Superclass(1)
11:05:42.087 INFO: JdwpDebugServer: handling req: ReferenceType(2).Interfaces(10)
11:05:42.088 INFO: JdwpDebugServer: handling req: ClassType(3).Superclass(1)
11:05:42.088 INFO: JdwpDebugServer: handling req: ReferenceType(2).FieldsWithGeneric(14)
11:05:42.088 INFO: JdwpDebugServer: handling req: ClassType(3).Superclass(1)
11:05:42.088 INFO: JdwpDebugServer: handling req: ReferenceType(2).Interfaces(10)
11:05:42.088 INFO: JdwpDebugServer: handling req: ClassType(3).Superclass(1)
11:05:42.088 INFO: JdwpDebugServer: handling req: ReferenceType(2).FieldsWithGeneric(14)
11:05:42.088 INFO: JdwpDebugServer: handling req: ClassType(3).Superclass(1)
11:05:42.088 INFO: JdwpDebugServer: handling req: ReferenceType(2).Interfaces(10)
11:05:42.088 INFO: JdwpDebugServer: handling req: ClassType(3).Superclass(1)
11:05:42.089 INFO: JdwpDebugServer: handling req: ReferenceType(2).FieldsWithGeneric(14)
11:05:42.089 INFO: JdwpDebugServer: handling req: ClassType(3).Superclass(1)
11:05:42.090 INFO: JdwpDebugServer: handling req: ReferenceType(2).Interfaces(10)
11:05:42.090 INFO: JdwpDebugServer: handling req: ReferenceType(2).Interfaces(10)
11:05:42.090 INFO: JdwpDebugServer: handling req: ReferenceType(2).FieldsWithGeneric(14)
11:05:42.091 INFO: JdwpDebugServer: handling req: ReferenceType(2).Interfaces(10)
11:05:42.091 INFO: JdwpDebugServer: handling req: ReferenceType(2).Interfaces(10)
11:05:42.091 INFO: JdwpDebugServer: handling req: ReferenceType(2).Interfaces(10)
11:05:42.091 INFO: JdwpDebugServer: handling req: ReferenceType(2).FieldsWithGeneric(14)
11:05:42.091 INFO: JdwpDebugServer: handling req: ReferenceType(2).Interfaces(10)
11:05:42.092 INFO: JdwpDebugServer: handling req: ReferenceType(2).FieldsWithGeneric(14)
11:05:42.092 INFO: JdwpDebugServer: handling req: ReferenceType(2).Interfaces(10)
11:05:42.092 INFO: JdwpDebugServer: handling req: ReferenceType(2).FieldsWithGeneric(14)
11:05:42.095 INFO: JdwpDebugServer: handling req: ReferenceType(2).Interfaces(10)
11:05:42.095 INFO: JdwpDebugServer: handling req: ReferenceType(2).Interfaces(10)
11:05:42.096 INFO: JdwpDebugServer: handling req: ReferenceType(2).FieldsWithGeneric(14)
11:05:42.096 INFO: JdwpDebugServer: handling req: ClassType(3).Superclass(1)
11:05:42.096 INFO: JdwpDebugServer: handling req: ReferenceType(2).FieldsWithGeneric(14)
11:05:42.096 INFO: JdwpDebugServer: handling req: ClassType(3).Superclass(1)
11:05:42.097 INFO: JdwpDebugServer: handling req: ThreadReference(11).FramesCount(7)
11:05:42.100 INFO: JdwpDebugServer: handling req: StackFrame(16).GetValues(1)
11:05:42.102 INFO: JdwpDebugServer: handling req: StackFrame(16).GetValues(1)
11:05:42.102 INFO: JdwpDebugServer: handling req: StackFrame(16).GetValues(1)
11:05:42.102 INFO: JdwpDebugServer: handling req: ObjectReference(9).ReferenceType(1)
11:05:42.102 INFO: JdwpDebugServer: handling req: ObjectReference(9).ReferenceType(1)
11:05:42.103 INFO: JdwpDebugServer: handling req: ReferenceType(2).FieldsWithGeneric(14)
11:05:42.103 INFO: JdwpDebugServer: handling req: ClassType(3).Superclass(1)
11:05:42.103 INFO: JdwpDebugServer: handling req: ReferenceType(2).Interfaces(10)
11:05:42.103 INFO: JdwpDebugServer: handling req: ClassType(3).Superclass(1)
11:05:42.103 INFO: JdwpDebugServer: handling req: StackFrame(16).GetValues(1)
11:05:42.104 INFO: JdwpDebugServer: handling req: StackFrame(16).GetValues(1)
11:05:42.104 INFO: JdwpDebugServer: handling req: StackFrame(16).GetValues(1)
11:05:42.105 INFO: JdwpDebugServer: handling req: StackFrame(16).GetValues(1)
11:05:42.105 INFO: JdwpDebugServer: handling req: StackFrame(16).GetValues(1)
11:05:42.111 INFO: JdwpDebugServer: handling req: ThreadReference(11).Name(1)
11:05:42.112 INFO: JdwpDebugServer: handling req: ThreadReference(11).Name(1)
11:05:42.112 INFO: JdwpDebugServer: handling req: ThreadReference(11).FramesCount(7)
11:05:42.112 INFO: JdwpDebugServer: handling req: ThreadReference(11).Name(1)
11:05:42.112 INFO: JdwpDebugServer: handling req: ThreadReference(11).Name(1)
11:05:42.114 INFO: JdwpDebugServer: handling req: StackFrame(16).ThisObject(3)
11:05:42.115 INFO: JdwpDebugServer: handling req: ObjectReference(9).ReferenceType(1)
11:05:42.115 INFO: JdwpDebugServer: handling req: Method(6).LineTable(1)
11:05:42.116 INFO: JdwpDebugServer: handling req: Method(6).LineTable(1)
11:05:47.353 INFO: JdwpDebugServer: handling req: EventRequest(15).Set(1)
11:05:47.357 INFO: JdwpEventCenterDelegate: jdwpSetEventRequest: JdwpEventRequest{requestId=129, eventKind=SINGLE_STEP, suspendPolicy=EVENT_THREAD, predicates=[step{threadId=33, size=1, depth=1} , count=1]}
11:05:47.399 INFO: JdwpDebugServer: handling req: ThreadReference(11).Resume(3)
11:05:47.400 INFO: JdwpEventCenterDelegate: THREAD_RESUMED: thread (33, main, main)
11:05:47.409 INFO: JdwpDebugServer: handling req: EventRequest(15).Clear(2)
11:05:47.409 INFO: JdwpDebugServer: handling req: ThreadReference(11).Frames(6)
11:05:47.410 INFO: JdwpDebugServer: handling req: ThreadReference(11).FramesCount(7)
11:05:47.432 INFO: JdwpDebugServer: handling req: StackFrame(16).ThisObject(3)
11:05:47.433 INFO: JdwpDebugServer: handling req: ThreadReference(11).Name(1)
11:05:47.434 INFO: JdwpDebugServer: handling req: ObjectReference(9).ReferenceType(1)
11:05:47.443 INFO: JdwpDebugServer: handling req: ClassType(3).Superclass(1)
11:05:49.903 INFO: JdwpDebugServer: handling req: EventRequest(15).Set(1)
11:05:49.903 INFO: JdwpEventCenterDelegate: jdwpSetEventRequest: JdwpEventRequest{requestId=130, eventKind=SINGLE_STEP, suspendPolicy=EVENT_THREAD, predicates=[step{threadId=33, size=1, depth=1} , count=1]}
11:05:49.904 INFO: JdwpDebugServer: handling req: ThreadReference(11).Resume(3)
11:05:49.905 INFO: JdwpEventCenterDelegate: THREAD_RESUMED: thread (33, main, main)
11:05:49.910 INFO: JdwpDebugServer: handling req: EventRequest(15).Clear(2)
11:05:49.912 INFO: JdwpDebugServer: handling req: ThreadReference(11).Frames(6)
11:05:49.912 INFO: JdwpDebugServer: handling req: ThreadReference(11).FramesCount(7)
11:05:49.953 INFO: JdwpDebugServer: handling req: StackFrame(16).ThisObject(3)
11:05:49.954 INFO: JdwpDebugServer: handling req: ThreadReference(11).Name(1)
11:05:49.955 INFO: JdwpDebugServer: handling req: ObjectReference(9).ReferenceType(1)
11:05:49.964 INFO: JdwpDebugServer: handling req: ClassType(3).Superclass(1)
11:05:51.303 INFO: JdwpDebugServer: handling req: EventRequest(15).Set(1)
11:05:51.303 INFO: JdwpEventCenterDelegate: jdwpSetEventRequest: JdwpEventRequest{requestId=131, eventKind=SINGLE_STEP, suspendPolicy=EVENT_THREAD, predicates=[step{threadId=33, size=1, depth=1} , count=1]}
11:05:51.304 INFO: JdwpDebugServer: handling req: ThreadReference(11).Resume(3)
11:05:51.305 INFO: JdwpEventCenterDelegate: THREAD_RESUMED: thread (33, main, main)
11:05:51.306 INFO: JdwpDebugServer: handling req: EventRequest(15).Clear(2)
11:05:51.306 INFO: JdwpDebugServer: handling req: ThreadReference(11).Frames(6)
11:05:51.309 INFO: JdwpDebugServer: handling req: ThreadReference(11).FramesCount(7)
11:05:51.349 INFO: JdwpDebugServer: handling req: StackFrame(16).ThisObject(3)
11:05:51.349 INFO: JdwpDebugServer: handling req: ThreadReference(11).Name(1)
11:05:51.349 INFO: JdwpDebugServer: handling req: ObjectReference(9).ReferenceType(1)
11:05:51.362 INFO: JdwpDebugServer: handling req: StackFrame(16).GetValues(1)
11:05:51.363 INFO: JdwpDebugServer: handling req: ClassType(3).Superclass(1)
11:05:51.363 INFO: JdwpDebugServer: handling req: ObjectReference(9).ReferenceType(1)
11:05:51.363 INFO: JdwpDebugServer: handling req: StackFrame(16).GetValues(1)
11:05:51.363 INFO: JdwpDebugServer: handling req: StackFrame(16).GetValues(1)
11:05:51.364 INFO: JdwpDebugServer: handling req: ClassType(3).Superclass(1)
11:05:51.364 INFO: JdwpDebugServer: handling req: StackFrame(16).GetValues(1)
11:05:51.364 INFO: JdwpDebugServer: handling req: StackFrame(16).GetValues(1)
11:05:51.365 INFO: JdwpDebugServer: handling req: StackFrame(16).GetValues(1)
11:05:51.365 INFO: JdwpDebugServer: handling req: StackFrame(16).GetValues(1)
11:05:51.367 INFO: JdwpDebugServer: handling req: StackFrame(16).GetValues(1)
11:05:52.324 INFO: JdwpDebugServer: handling req: EventRequest(15).Set(1)
11:05:52.328 INFO: JdwpEventCenterDelegate: jdwpSetEventRequest: JdwpEventRequest{requestId=132, eventKind=SINGLE_STEP, suspendPolicy=EVENT_THREAD, predicates=[step{threadId=33, size=1, depth=1} , count=1]}
11:05:52.330 INFO: JdwpDebugServer: handling req: ThreadReference(11).Resume(3)
11:05:52.331 INFO: JdwpEventCenterDelegate: THREAD_RESUMED: thread (33, main, main)
11:05:52.332 INFO: JdwpDebugServer: handling req: EventRequest(15).Clear(2)
11:05:52.332 INFO: JdwpDebugServer: handling req: ThreadReference(11).Frames(6)
11:05:52.332 INFO: JdwpDebugServer: handling req: ThreadReference(11).FramesCount(7)
11:05:52.367 INFO: JdwpDebugServer: handling req: StackFrame(16).ThisObject(3)
11:05:52.367 INFO: JdwpDebugServer: handling req: ThreadReference(11).Name(1)
11:05:52.368 INFO: JdwpDebugServer: handling req: ObjectReference(9).ReferenceType(1)
11:05:52.382 INFO: JdwpDebugServer: handling req: StackFrame(16).GetValues(1)
11:05:52.383 INFO: JdwpDebugServer: handling req: ClassType(3).Superclass(1)
11:05:52.383 INFO: JdwpDebugServer: handling req: StackFrame(16).GetValues(1)
11:05:52.383 INFO: JdwpDebugServer: handling req: StackFrame(16).GetValues(1)
11:05:52.384 INFO: JdwpDebugServer: handling req: ClassType(3).Superclass(1)
11:05:52.384 INFO: JdwpDebugServer: handling req: StackFrame(16).GetValues(1)
11:05:52.384 INFO: JdwpDebugServer: handling req: StackFrame(16).GetValues(1)
11:05:52.385 INFO: JdwpDebugServer: handling req: StackFrame(16).GetValues(1)
11:05:52.385 INFO: JdwpDebugServer: handling req: StackFrame(16).GetValues(1)
11:05:52.385 INFO: JdwpDebugServer: handling req: StackFrame(16).GetValues(1)
11:05:53.467 INFO: JdwpDebugServer: handling req: EventRequest(15).Set(1)
11:05:53.467 INFO: JdwpEventCenterDelegate: jdwpSetEventRequest: JdwpEventRequest{requestId=133, eventKind=SINGLE_STEP, suspendPolicy=EVENT_THREAD, predicates=[step{threadId=33, size=1, depth=1} , count=1]}
11:05:53.468 INFO: JdwpDebugServer: handling req: ThreadReference(11).Resume(3)
11:05:53.469 INFO: JdwpEventCenterDelegate: THREAD_RESUMED: thread (33, main, main)
11:05:53.471 INFO: JdwpDebugServer: handling req: EventRequest(15).Clear(2)
11:05:53.473 INFO: JdwpDebugServer: handling req: ThreadReference(11).Frames(6)
11:05:53.474 INFO: JdwpDebugServer: handling req: ThreadReference(11).FramesCount(7)
11:05:53.515 INFO: JdwpDebugServer: handling req: StackFrame(16).ThisObject(3)
11:05:53.516 INFO: JdwpDebugServer: handling req: ThreadReference(11).Name(1)
11:05:53.516 INFO: JdwpDebugServer: handling req: ObjectReference(9).ReferenceType(1)
11:05:53.525 INFO: JdwpDebugServer: handling req: StackFrame(16).GetValues(1)
11:05:53.525 INFO: JdwpDebugServer: handling req: ClassType(3).Superclass(1)
11:05:53.526 INFO: JdwpDebugServer: handling req: StackFrame(16).GetValues(1)
11:05:53.526 INFO: JdwpDebugServer: handling req: StackFrame(16).GetValues(1)
11:05:53.526 INFO: JdwpDebugServer: handling req: ClassType(3).Superclass(1)
11:05:53.527 INFO: JdwpDebugServer: handling req: StackFrame(16).GetValues(1)
11:05:53.527 INFO: JdwpDebugServer: handling req: StackFrame(16).GetValues(1)
11:05:53.527 INFO: JdwpDebugServer: handling req: StackFrame(16).GetValues(1)
11:05:53.528 INFO: JdwpDebugServer: handling req: StackFrame(16).GetValues(1)
11:05:53.528 INFO: JdwpDebugServer: handling req: StackFrame(16).GetValues(1)
11:05:55.043 INFO: JdwpDebugServer: handling req: EventRequest(15).Set(1)
11:05:55.043 INFO: JdwpEventCenterDelegate: jdwpSetEventRequest: JdwpEventRequest{requestId=134, eventKind=SINGLE_STEP, suspendPolicy=EVENT_THREAD, predicates=[step{threadId=33, size=1, depth=1} , count=1]}
11:05:55.044 INFO: JdwpDebugServer: handling req: ThreadReference(11).Resume(3)
11:05:55.045 INFO: JdwpEventCenterDelegate: THREAD_RESUMED: thread (33, main, main)
11:05:55.052 INFO: JdwpDebugServer: handling req: EventRequest(15).Clear(2)
11:05:55.052 INFO: JdwpDebugServer: handling req: ThreadReference(11).Frames(6)
11:05:55.053 INFO: JdwpDebugServer: handling req: ThreadReference(11).FramesCount(7)
11:05:55.080 INFO: JdwpDebugServer: handling req: StackFrame(16).ThisObject(3)
11:05:55.087 INFO: JdwpDebugServer: handling req: ThreadReference(11).Name(1)
11:05:55.087 INFO: JdwpDebugServer: handling req: ObjectReference(9).ReferenceType(1)
11:05:55.097 INFO: JdwpDebugServer: handling req: StackFrame(16).GetValues(1)
11:05:55.097 INFO: JdwpDebugServer: handling req: ClassType(3).Superclass(1)
11:05:55.098 INFO: JdwpDebugServer: handling req: StackFrame(16).GetValues(1)
11:05:55.098 INFO: JdwpDebugServer: handling req: StackFrame(16).GetValues(1)
11:05:55.099 INFO: JdwpDebugServer: handling req: ClassType(3).Superclass(1)
11:05:55.099 INFO: JdwpDebugServer: handling req: StackFrame(16).GetValues(1)
11:05:55.099 INFO: JdwpDebugServer: handling req: StackFrame(16).GetValues(1)
11:05:55.100 INFO: JdwpDebugServer: handling req: StackFrame(16).GetValues(1)
11:05:55.100 INFO: JdwpDebugServer: handling req: StackFrame(16).GetValues(1)
11:05:55.100 INFO: JdwpDebugServer: handling req: StackFrame(16).GetValues(1)
11:05:56.444 INFO: JdwpDebugServer: handling req: EventRequest(15).Set(1)
11:05:56.444 INFO: JdwpEventCenterDelegate: jdwpSetEventRequest: JdwpEventRequest{requestId=135, eventKind=SINGLE_STEP, suspendPolicy=EVENT_THREAD, predicates=[step{threadId=33, size=1, depth=1} , count=1]}
11:05:56.447 INFO: JdwpDebugServer: handling req: ThreadReference(11).Resume(3)
11:05:56.448 INFO: JdwpEventCenterDelegate: THREAD_RESUMED: thread (33, main, main)
11:05:56.450 INFO: JdwpDebugServer: handling req: EventRequest(15).Clear(2)
11:05:56.450 INFO: JdwpDebugServer: handling req: ThreadReference(11).Frames(6)
11:05:56.451 INFO: JdwpDebugServer: handling req: ThreadReference(11).FramesCount(7)
11:05:56.484 INFO: JdwpDebugServer: handling req: StackFrame(16).ThisObject(3)
11:05:56.487 INFO: JdwpDebugServer: handling req: ThreadReference(11).Name(1)
11:05:56.487 INFO: JdwpDebugServer: handling req: ObjectReference(9).ReferenceType(1)
11:05:56.497 INFO: JdwpDebugServer: handling req: ClassType(3).Superclass(1)
11:05:56.497 INFO: JdwpDebugServer: handling req: StackFrame(16).GetValues(1)
11:05:56.497 INFO: JdwpDebugServer: handling req: StackFrame(16).GetValues(1)
11:05:56.498 INFO: JdwpDebugServer: handling req: StackFrame(16).GetValues(1)
11:05:56.498 INFO: JdwpDebugServer: handling req: ClassType(3).Superclass(1)
11:05:56.498 INFO: JdwpDebugServer: handling req: StackFrame(16).GetValues(1)
11:05:56.499 INFO: JdwpDebugServer: handling req: StackFrame(16).GetValues(1)
11:05:56.499 INFO: JdwpDebugServer: handling req: StackFrame(16).GetValues(1)
11:05:56.500 INFO: JdwpDebugServer: handling req: StackFrame(16).GetValues(1)
11:05:56.500 INFO: JdwpDebugServer: handling req: StackFrame(16).GetValues(1)
11:06:48.563 INFO: JdwpDebugServer: handling req: VirtualMachine(1).Exit(10)
11:06:48.569 SEVERE: Debugger: Thread JDWP server socket thread crashed
org.robovm.debugger.DebuggerException: Terminating due exit command
	at org.robovm.debugger.jdwp.JdwpDebugServer.doSocketWork(JdwpDebugServer.java:211)
	at java.base/java.lang.Thread.run(Thread.java:833)
	at org.robovm.debugger.utils.DebuggerThread.run(DebuggerThread.java:42)
11:06:48.593 SEVERE: Debugger: Thread HooksChannel socket thread crashed
org.robovm.debugger.DebuggerException: java.nio.BufferUnderflowException
	at org.robovm.debugger.hooks.HooksChannel.doSocketWork(HooksChannel.java:149)
	at java.base/java.lang.Thread.run(Thread.java:833)
	at org.robovm.debugger.utils.DebuggerThread.run(DebuggerThread.java:42)
Caused by: java.nio.BufferUnderflowException
	at org.robovm.debugger.utils.bytebuffer.DataBufferWriter.writeFromStream(DataBufferWriter.java:91)
	at org.robovm.debugger.hooks.HooksChannel.doSocketWork(HooksChannel.java:116)
	... 2 more
