14:45:19.146 INFO: JdwpEventCenterDelegate: THREAD_STARTED: thread (33, main, main)
14:45:19.200 INFO: JdwpEventCenterDelegate: THREAD_STARTED: thread (48, ReferenceQueueDaemon, main)
14:45:19.201 INFO: JdwpEventCenterDelegate: THREAD_STARTED: thread (63, FinalizerDaemon, main)
14:45:19.202 INFO: JdwpEventCenterDelegate: THREAD_STARTED: thread (78, FinalizerWatchdogDaemon, main)
14:45:20.052 INFO: JdwpDebugServer: handling req: VirtualMachine(1).IDSizes(7)
14:45:20.053 INFO: JdwpDebugServer: handling req: EventRequest(15).Set(1)
14:45:20.057 INFO: JdwpEventCenterDelegate: jdwpSetEventRequest: JdwpEventRequest{requestId=100, eventKind=CLASS_UNLOAD, suspendPolicy=NONE, predicates=[]}
14:45:20.059 INFO: JdwpDebugServer: handling req: EventRequest(15).Set(1)
14:45:20.059 INFO: JdwpEventCenterDelegate: jdwpSetEventRequest: JdwpEventRequest{requestId=101, eventKind=THREAD_START, suspendPolicy=NONE, predicates=[]}
14:45:20.061 INFO: JdwpDebugServer: handling req: VirtualMachine(1).ClassesBySignature(2)
14:45:20.065 INFO: JdwpDebugServer: handling req: VirtualMachine(1).Version(1)
14:45:20.066 INFO: JdwpDebugServer: handling req: ReferenceType(2).MethodsWithGeneric(15)
14:45:20.079 INFO: JdwpDebugServer: handling req: Method(6).LineTable(1)
14:45:20.081 INFO: JdwpDebugServer: handling req: EventRequest(15).Set(1)
14:45:20.082 INFO: JdwpEventCenterDelegate: jdwpSetEventRequest: JdwpEventRequest{requestId=102, eventKind=BREAKPOINT, suspendPolicy=NONE, predicates=[Location{classId=845, methodId=257, index=928} ]}
14:45:20.086 INFO: JdwpDebugServer: handling req: EventRequest(15).Set(1)
14:45:20.086 INFO: JdwpEventCenterDelegate: jdwpSetEventRequest: JdwpEventRequest{requestId=103, eventKind=THREAD_DEATH, suspendPolicy=NONE, predicates=[]}
14:45:20.086 INFO: JdwpDebugServer: handling req: VirtualMachine(1).AllThreads(4)
14:45:20.088 INFO: JdwpDebugServer: handling req: ThreadReference(11).ThreadGroup(5)
14:45:20.088 INFO: JdwpDebugServer: handling req: ThreadGroup(12).Name(1)
14:45:20.089 INFO: JdwpDebugServer: handling req: ThreadGroup(12).Parent(2)
14:45:20.089 INFO: JdwpDebugServer: handling req: ObjectReference(9).ReferenceType(1)
14:45:20.090 INFO: JdwpDebugServer: handling req: ReferenceType(2).FieldsWithGeneric(14)
14:45:20.093 INFO: JdwpDebugServer: handling req: ReferenceType(2).Interfaces(10)
14:45:20.094 INFO: JdwpDebugServer: handling req: ReferenceType(2).FieldsWithGeneric(14)
14:45:20.094 INFO: JdwpDebugServer: handling req: ReferenceType(2).Interfaces(10)
14:45:20.094 INFO: JdwpDebugServer: handling req: ClassType(3).Superclass(1)
14:45:20.094 INFO: JdwpDebugServer: handling req: ReferenceType(2).FieldsWithGeneric(14)
14:45:20.095 INFO: JdwpDebugServer: handling req: ReferenceType(2).Interfaces(10)
14:45:20.095 INFO: JdwpDebugServer: handling req: ClassType(3).Superclass(1)
14:45:20.095 INFO: JdwpDebugServer: handling req: ObjectReference(9).GetValues(2)
14:45:20.098 INFO: JdwpDebugServer: handling req: ThreadReference(11).Status(4)
14:45:20.098 INFO: JdwpDebugServer: handling req: ThreadReference(11).Status(4)
14:45:20.099 INFO: JdwpDebugServer: handling req: ThreadReference(11).ThreadGroup(5)
14:45:20.099 INFO: JdwpDebugServer: handling req: ObjectReference(9).ReferenceType(1)
14:45:20.099 INFO: JdwpDebugServer: handling req: ObjectReference(9).GetValues(2)
14:45:20.099 INFO: JdwpDebugServer: handling req: ThreadReference(11).Status(4)
14:45:20.100 INFO: JdwpDebugServer: handling req: ThreadReference(11).Status(4)
14:45:20.100 INFO: JdwpDebugServer: handling req: ThreadReference(11).ThreadGroup(5)
14:45:20.100 INFO: JdwpDebugServer: handling req: ObjectReference(9).ReferenceType(1)
14:45:20.100 INFO: JdwpDebugServer: handling req: ObjectReference(9).GetValues(2)
14:45:20.100 INFO: JdwpDebugServer: handling req: ThreadReference(11).Status(4)
14:45:20.101 INFO: JdwpDebugServer: handling req: ThreadReference(11).Status(4)
14:45:20.101 INFO: JdwpDebugServer: handling req: ThreadReference(11).ThreadGroup(5)
14:45:20.101 INFO: JdwpDebugServer: handling req: ObjectReference(9).ReferenceType(1)
14:45:20.101 INFO: JdwpDebugServer: handling req: ObjectReference(9).GetValues(2)
14:45:20.102 INFO: JdwpDebugServer: handling req: ThreadReference(11).Status(4)
14:45:20.102 INFO: JdwpDebugServer: handling req: ThreadReference(11).Status(4)
14:45:20.106 INFO: JdwpDebugServer: handling req: EventRequest(15).Set(1)
14:45:20.107 INFO: JdwpEventCenterDelegate: jdwpSetEventRequest: JdwpEventRequest{requestId=104, eventKind=CLASS_PREPARE, suspendPolicy=EVENT_THREAD, predicates=[className=com.abdalla.bushnaq.pluvia.engine.AudioManager]}
14:45:20.113 INFO: JdwpDebugServer: handling req: EventRequest(15).Set(1)
14:45:20.113 INFO: JdwpEventCenterDelegate: jdwpSetEventRequest: JdwpEventRequest{requestId=105, eventKind=CLASS_PREPARE, suspendPolicy=EVENT_THREAD, predicates=[className=com.abdalla.bushnaq.pluvia.engine.AudioManager$*]}
14:45:20.116 INFO: JdwpDebugServer: handling req: VirtualMachine(1).ClassesBySignature(2)
14:45:20.117 INFO: JdwpDebugServer: handling req: ReferenceType(2).MethodsWithGeneric(15)
14:45:20.118 INFO: JdwpDebugServer: handling req: Method(6).LineTable(1)
14:45:20.118 INFO: JdwpDebugServer: handling req: Method(6).LineTable(1)
14:45:20.118 INFO: JdwpDebugServer: handling req: Method(6).LineTable(1)
14:45:20.118 INFO: JdwpDebugServer: handling req: Method(6).LineTable(1)
14:45:20.118 INFO: JdwpDebugServer: handling req: VirtualMachine(1).ClassesBySignature(2)
14:45:20.119 INFO: JdwpDebugServer: handling req: VirtualMachine(1).AllClassesWithGeneric(20)
14:45:20.132 INFO: JdwpDebugServer: handling req: EventRequest(15).Set(1)
14:45:20.132 INFO: JdwpEventCenterDelegate: jdwpSetEventRequest: JdwpEventRequest{requestId=106, eventKind=CLASS_PREPARE, suspendPolicy=EVENT_THREAD, predicates=[className=com.abdalla.bushnaq.pluvia.launcher.IOSLauncher]}
14:45:20.134 INFO: JdwpDebugServer: handling req: EventRequest(15).Set(1)
14:45:20.134 INFO: JdwpEventCenterDelegate: jdwpSetEventRequest: JdwpEventRequest{requestId=107, eventKind=CLASS_PREPARE, suspendPolicy=EVENT_THREAD, predicates=[className=com.abdalla.bushnaq.pluvia.launcher.IOSLauncher$*]}
14:45:20.135 INFO: JdwpDebugServer: handling req: VirtualMachine(1).ClassesBySignature(2)
14:45:20.135 INFO: JdwpDebugServer: handling req: ReferenceType(2).MethodsWithGeneric(15)
14:45:20.135 INFO: JdwpDebugServer: handling req: Method(6).LineTable(1)
14:45:20.135 INFO: JdwpDebugServer: handling req: Method(6).LineTable(1)
14:45:20.135 INFO: JdwpDebugServer: handling req: Method(6).LineTable(1)
14:45:20.136 INFO: JdwpDebugServer: handling req: EventRequest(15).Set(1)
14:45:20.136 INFO: JdwpEventCenterDelegate: jdwpSetEventRequest: JdwpEventRequest{requestId=108, eventKind=BREAKPOINT, suspendPolicy=EVENT_THREAD, predicates=[Location{classId=12885, methodId=1142, index=59} ]}
14:45:20.140 INFO: JdwpDebugServer: handling req: VirtualMachine(1).capabilitiesNew(17)
14:45:20.143 INFO: JdwpDebugServer: handling req: EventRequest(15).Set(1)
14:45:20.143 INFO: JdwpEventCenterDelegate: jdwpSetEventRequest: JdwpEventRequest{requestId=109, eventKind=CLASS_PREPARE, suspendPolicy=EVENT_THREAD, predicates=[className=java.lang.Error]}
14:45:20.146 INFO: JdwpDebugServer: handling req: EventRequest(15).Set(1)
14:45:20.146 INFO: JdwpEventCenterDelegate: jdwpSetEventRequest: JdwpEventRequest{requestId=110, eventKind=CLASS_PREPARE, suspendPolicy=EVENT_THREAD, predicates=[className=java.lang.Error$*]}
14:45:20.147 INFO: JdwpDebugServer: handling req: VirtualMachine(1).ClassesBySignature(2)
14:45:20.148 INFO: JdwpDebugServer: handling req: EventRequest(15).Set(1)
14:45:20.149 INFO: JdwpEventCenterDelegate: jdwpSetEventRequest: JdwpEventRequest{requestId=111, eventKind=EXCEPTION, suspendPolicy=EVENT_THREAD, predicates=[exceptionType=3425(caught=true, uncaught=true)]}
14:45:20.212 INFO: JdwpDebugServer: handling req: EventRequest(15).Set(1)
14:45:20.212 INFO: JdwpEventCenterDelegate: jdwpSetEventRequest: JdwpEventRequest{requestId=112, eventKind=CLASS_PREPARE, suspendPolicy=EVENT_THREAD, predicates=[className=java.lang.Throwable]}
14:45:20.214 INFO: JdwpDebugServer: handling req: EventRequest(15).Set(1)
14:45:20.214 INFO: JdwpEventCenterDelegate: jdwpSetEventRequest: JdwpEventRequest{requestId=113, eventKind=CLASS_PREPARE, suspendPolicy=EVENT_THREAD, predicates=[className=java.lang.Throwable$*]}
14:45:20.216 INFO: JdwpDebugServer: handling req: VirtualMachine(1).ClassesBySignature(2)
14:45:20.216 INFO: JdwpDebugServer: handling req: EventRequest(15).Set(1)
14:45:20.216 INFO: JdwpEventCenterDelegate: jdwpSetEventRequest: JdwpEventRequest{requestId=114, eventKind=EXCEPTION, suspendPolicy=EVENT_THREAD, predicates=[exceptionType=7695(caught=false, uncaught=true)]}
14:45:20.219 INFO: JdwpDebugServer: handling req: ThreadReference(11).SuspendCount(12)
14:45:20.220 INFO: JdwpDebugServer: handling req: ThreadReference(11).SuspendCount(12)
14:45:20.220 INFO: JdwpDebugServer: handling req: ThreadReference(11).SuspendCount(12)
14:45:20.220 INFO: JdwpDebugServer: handling req: ThreadReference(11).SuspendCount(12)
14:45:20.220 INFO: JdwpDebugServer: handling req: VirtualMachine(1).AllThreads(4)
14:45:20.220 INFO: JdwpDebugServer: handling req: VirtualMachine(1).Resume(9)
14:45:20.308 INFO: JdwpDebugServer: handling req: EventRequest(15).Set(1)
14:45:20.308 INFO: JdwpEventCenterDelegate: jdwpSetEventRequest: JdwpEventRequest{requestId=115, eventKind=BREAKPOINT, suspendPolicy=EVENT_THREAD, predicates=[Location{classId=12885, methodId=1142, index=59} ]}
14:45:20.310 INFO: JdwpDebugServer: handling req: ThreadReference(11).Resume(3)
14:45:20.310 INFO: JdwpEventCenterDelegate: THREAD_RESUMED: thread (33, main, main)
14:45:20.338 INFO: JdwpEventCenterDelegate: THREAD_RESUMED: thread (33, main, main)
14:45:20.339 INFO: JdwpEventCenterDelegate: THREAD_RESUMED: thread (33, main, main)
14:45:20.340 INFO: JdwpEventCenterDelegate: THREAD_RESUMED: thread (33, main, main)
14:45:20.340 INFO: JdwpEventCenterDelegate: THREAD_RESUMED: thread (33, main, main)
14:45:20.340 INFO: JdwpEventCenterDelegate: THREAD_RESUMED: thread (33, main, main)
14:45:20.341 INFO: JdwpEventCenterDelegate: THREAD_RESUMED: thread (33, main, main)
14:45:20.341 INFO: JdwpEventCenterDelegate: THREAD_RESUMED: thread (33, main, main)
14:45:20.344 INFO: JdwpEventCenterDelegate: THREAD_RESUMED: thread (33, main, main)
14:45:20.344 INFO: JdwpEventCenterDelegate: THREAD_RESUMED: thread (33, main, main)
14:45:20.344 INFO: JdwpEventCenterDelegate: THREAD_RESUMED: thread (33, main, main)
14:45:20.345 INFO: JdwpEventCenterDelegate: THREAD_RESUMED: thread (33, main, main)
14:45:20.351 INFO: JdwpEventCenterDelegate: THREAD_RESUMED: thread (33, main, main)
14:45:20.351 INFO: JdwpEventCenterDelegate: THREAD_RESUMED: thread (33, main, main)
14:45:20.352 INFO: JdwpEventCenterDelegate: THREAD_RESUMED: thread (33, main, main)
14:45:20.448 INFO: JdwpEventCenterDelegate: THREAD_RESUMED: thread (33, main, main)
14:45:20.449 INFO: JdwpEventCenterDelegate: THREAD_RESUMED: thread (33, main, main)
14:45:20.449 INFO: JdwpEventCenterDelegate: THREAD_RESUMED: thread (33, main, main)
14:45:20.459 INFO: JdwpEventCenterDelegate: THREAD_RESUMED: thread (33, main, main)
14:45:20.459 INFO: JdwpEventCenterDelegate: THREAD_RESUMED: thread (33, main, main)
14:45:20.460 INFO: JdwpEventCenterDelegate: THREAD_RESUMED: thread (33, main, main)
14:45:20.670 INFO: JdwpDebugServer: handling req: ThreadReference(11).Name(1)
14:45:20.672 INFO: JdwpDebugServer: handling req: ThreadReference(11).Name(1)
14:45:20.672 INFO: JdwpDebugServer: handling req: ThreadReference(11).Name(1)
14:45:20.672 INFO: JdwpDebugServer: handling req: ThreadReference(11).Name(1)
14:45:20.741 INFO: JdwpDebugServer: handling req: ThreadReference(11).Frames(6)
14:45:20.742 INFO: JdwpDebugServer: handling req: ReferenceType(2).MethodsWithGeneric(15)
14:45:20.742 INFO: JdwpDebugServer: handling req: ReferenceType(2).MethodsWithGeneric(15)
14:45:20.746 INFO: JdwpDebugServer: handling req: ThreadReference(11).FramesCount(7)
14:45:20.746 INFO: JdwpDebugServer: handling req: ThreadReference(11).FramesCount(7)
14:45:20.994 INFO: JdwpDebugServer: handling req: ThreadReference(11).Name(1)
14:45:20.994 INFO: JdwpDebugServer: handling req: ReferenceType(2).SignatureWithGeneric(13)
14:45:20.995 INFO: JdwpDebugServer: handling req: ThreadReference(11).Name(1)
14:45:20.998 INFO: JdwpDebugServer: handling req: ThreadReference(11).Name(1)
14:45:20.998 INFO: JdwpDebugServer: handling req: StackFrame(16).ThisObject(3)
14:45:20.999 INFO: JdwpDebugServer: handling req: ObjectReference(9).ReferenceType(1)
14:45:20.999 INFO: JdwpDebugServer: handling req: ThreadReference(11).Name(1)
14:45:21.000 INFO: JdwpDebugServer: handling req: ThreadReference(11).Name(1)
14:45:21.035 INFO: JdwpDebugServer: handling req: ThreadReference(11).FramesCount(7)
14:45:21.035 INFO: JdwpDebugServer: handling req: ThreadReference(11).Name(1)
14:45:21.036 INFO: JdwpDebugServer: handling req: ThreadReference(11).FramesCount(7)
14:45:21.036 INFO: JdwpDebugServer: handling req: ThreadReference(11).Name(1)
14:45:21.036 INFO: JdwpDebugServer: handling req: ThreadReference(11).Name(1)
14:45:21.036 INFO: JdwpDebugServer: handling req: ThreadReference(11).Name(1)
14:45:21.037 INFO: JdwpDebugServer: handling req: StackFrame(16).ThisObject(3)
14:45:21.037 INFO: JdwpDebugServer: handling req: ObjectReference(9).ReferenceType(1)
14:45:21.038 INFO: JdwpDebugServer: handling req: Method(6).LineTable(1)
14:45:21.039 INFO: JdwpDebugServer: handling req: Method(6).LineTable(1)
14:45:21.040 INFO: JdwpDebugServer: handling req: ReferenceType(2).SourceFile(7)
14:45:35.118 INFO: JdwpDebugServer: handling req: Method(6).VariableTableWithGenerics(5)
14:45:35.120 INFO: JdwpDebugServer: handling req: ReferenceType(2).FieldsWithGeneric(14)
14:45:35.120 INFO: JdwpDebugServer: handling req: ReferenceType(2).Interfaces(10)
14:45:35.120 INFO: JdwpDebugServer: handling req: ClassType(3).Superclass(1)
14:45:35.120 INFO: JdwpDebugServer: handling req: ReferenceType(2).FieldsWithGeneric(14)
14:45:35.120 INFO: JdwpDebugServer: handling req: ReferenceType(2).Interfaces(10)
14:45:35.120 INFO: JdwpDebugServer: handling req: ClassType(3).Superclass(1)
14:45:35.120 INFO: JdwpDebugServer: handling req: ReferenceType(2).FieldsWithGeneric(14)
14:45:35.121 INFO: JdwpDebugServer: handling req: ReferenceType(2).Interfaces(10)
14:45:35.121 INFO: JdwpDebugServer: handling req: ReferenceType(2).FieldsWithGeneric(14)
14:45:35.121 INFO: JdwpDebugServer: handling req: ReferenceType(2).Interfaces(10)
14:45:35.121 INFO: JdwpDebugServer: handling req: ReferenceType(2).FieldsWithGeneric(14)
14:45:35.122 INFO: JdwpDebugServer: handling req: ReferenceType(2).Interfaces(10)
14:45:35.122 INFO: JdwpDebugServer: handling req: ReferenceType(2).FieldsWithGeneric(14)
14:45:35.122 INFO: JdwpDebugServer: handling req: ReferenceType(2).Interfaces(10)
14:45:35.122 INFO: JdwpDebugServer: handling req: ClassType(3).Superclass(1)
14:45:35.122 INFO: JdwpDebugServer: handling req: ReferenceType(2).FieldsWithGeneric(14)
14:45:35.123 INFO: JdwpDebugServer: handling req: ReferenceType(2).Interfaces(10)
14:45:35.123 INFO: JdwpDebugServer: handling req: ClassType(3).Superclass(1)
14:45:35.123 INFO: JdwpDebugServer: handling req: ReferenceType(2).FieldsWithGeneric(14)
14:45:35.123 INFO: JdwpDebugServer: handling req: ReferenceType(2).Interfaces(10)
14:45:35.123 INFO: JdwpDebugServer: handling req: ClassType(3).Superclass(1)
14:45:35.123 INFO: JdwpDebugServer: handling req: ReferenceType(2).FieldsWithGeneric(14)
14:45:35.123 INFO: JdwpDebugServer: handling req: ReferenceType(2).Interfaces(10)
14:45:35.123 INFO: JdwpDebugServer: handling req: ClassType(3).Superclass(1)
14:45:35.123 INFO: JdwpDebugServer: handling req: ClassType(3).Superclass(1)
14:45:35.197 INFO: JdwpDebugServer: handling req: StackFrame(16).GetValues(1)
14:45:35.198 INFO: JdwpDebugServer: handling req: ObjectReference(9).ReferenceType(1)
14:45:35.198 INFO: JdwpDebugServer: handling req: ClassType(3).Superclass(1)
14:45:35.198 INFO: JdwpDebugServer: handling req: ClassType(3).Superclass(1)
14:45:35.198 INFO: JdwpDebugServer: handling req: ReferenceType(2).Interfaces(10)
14:45:35.198 INFO: JdwpDebugServer: handling req: ClassType(3).Superclass(1)
14:45:35.199 INFO: JdwpDebugServer: handling req: ReferenceType(2).MethodsWithGeneric(15)
14:45:35.199 INFO: JdwpDebugServer: handling req: ReferenceType(2).MethodsWithGeneric(15)
14:45:35.200 INFO: JdwpDebugServer: handling req: ClassType(3).Superclass(1)
14:45:35.200 INFO: JdwpDebugServer: handling req: ReferenceType(2).ClassLoader(2)
14:45:35.200 INFO: JdwpDebugServer: handling req: ObjectReference(9).InvokeMethod(6)
14:45:35.202 INFO: JdwpDebugServer: handling req: ThreadReference(11).Frames(6)
14:45:35.203 INFO: JdwpDebugServer: handling req: StackFrame(16).GetValues(1)
14:45:35.203 INFO: JdwpDebugServer: handling req: ReferenceType(2).FieldsWithGeneric(14)
14:45:35.203 INFO: JdwpDebugServer: handling req: StringReference(10).Value(1)
14:45:35.204 INFO: JdwpDebugServer: handling req: StackFrame(16).GetValues(1)
14:45:35.206 INFO: JdwpDebugServer: handling req: StackFrame(16).GetValues(1)
14:45:35.207 INFO: JdwpDebugServer: handling req: ClassType(3).Superclass(1)
14:45:35.208 INFO: JdwpDebugServer: handling req: StackFrame(16).GetValues(1)
14:45:35.209 INFO: JdwpDebugServer: handling req: StackFrame(16).GetValues(1)
14:45:35.210 INFO: JdwpDebugServer: handling req: StackFrame(16).GetValues(1)
14:45:35.211 INFO: JdwpDebugServer: handling req: ClassType(3).Superclass(1)
14:45:35.215 INFO: JdwpDebugServer: handling req: StackFrame(16).ThisObject(3)
14:45:35.215 INFO: JdwpDebugServer: handling req: ThreadReference(11).Name(1)
14:45:35.215 INFO: JdwpDebugServer: handling req: ObjectReference(9).ReferenceType(1)
14:45:35.216 INFO: JdwpDebugServer: handling req: StackFrame(16).GetValues(1)
14:45:35.216 INFO: JdwpDebugServer: handling req: ClassType(3).Superclass(1)
14:45:35.217 INFO: JdwpDebugServer: handling req: ObjectReference(9).GetValues(2)
14:45:35.219 INFO: JdwpDebugServer: handling req: ObjectReference(9).GetValues(2)
14:45:35.220 INFO: JdwpDebugServer: handling req: ObjectReference(9).GetValues(2)
14:45:35.221 INFO: JdwpDebugServer: handling req: ObjectReference(9).GetValues(2)
14:45:35.222 INFO: JdwpDebugServer: handling req: ObjectReference(9).GetValues(2)
14:45:35.228 INFO: JdwpDebugServer: handling req: StackFrame(16).GetValues(1)
14:45:35.228 INFO: JdwpDebugServer: handling req: ClassType(3).Superclass(1)
14:45:35.232 INFO: JdwpDebugServer: handling req: ObjectReference(9).GetValues(2)
14:45:35.232 INFO: JdwpDebugServer: handling req: ObjectReference(9).GetValues(2)
14:45:35.232 INFO: JdwpDebugServer: handling req: ObjectReference(9).GetValues(2)
14:45:35.232 INFO: JdwpDebugServer: handling req: ObjectReference(9).GetValues(2)
14:45:35.232 INFO: JdwpDebugServer: handling req: ObjectReference(9).ReferenceType(1)
14:45:35.232 INFO: JdwpDebugServer: handling req: ObjectReference(9).GetValues(2)
14:45:35.233 INFO: JdwpDebugServer: handling req: ReferenceType(2).FieldsWithGeneric(14)
14:45:35.233 INFO: JdwpDebugServer: handling req: ObjectReference(9).GetValues(2)
14:45:35.233 INFO: JdwpDebugServer: handling req: ReferenceType(2).Interfaces(10)
14:45:35.233 INFO: JdwpDebugServer: handling req: ReferenceType(2).FieldsWithGeneric(14)
14:45:35.233 INFO: JdwpDebugServer: handling req: ObjectReference(9).GetValues(2)
14:45:35.233 INFO: JdwpDebugServer: handling req: ReferenceType(2).Interfaces(10)
14:45:35.233 INFO: JdwpDebugServer: handling req: ClassType(3).Superclass(1)
14:45:35.233 INFO: JdwpDebugServer: handling req: ObjectReference(9).GetValues(2)
14:45:35.233 INFO: JdwpDebugServer: handling req: ReferenceType(2).FieldsWithGeneric(14)
14:45:35.233 INFO: JdwpDebugServer: handling req: ClassType(3).Superclass(1)
14:45:35.234 INFO: JdwpDebugServer: handling req: ReferenceType(2).Interfaces(10)
14:45:35.234 INFO: JdwpDebugServer: handling req: ClassType(3).Superclass(1)
14:45:35.234 INFO: JdwpDebugServer: handling req: ReferenceType(2).FieldsWithGeneric(14)
14:45:35.234 INFO: JdwpDebugServer: handling req: ReferenceType(2).Interfaces(10)
14:45:35.234 INFO: JdwpDebugServer: handling req: ReferenceType(2).Interfaces(10)
14:45:35.234 INFO: JdwpDebugServer: handling req: ReferenceType(2).Interfaces(10)
14:45:35.234 INFO: JdwpDebugServer: handling req: ReferenceType(2).FieldsWithGeneric(14)
14:45:35.234 INFO: JdwpDebugServer: handling req: ObjectReference(9).GetValues(2)
14:45:35.234 INFO: JdwpDebugServer: handling req: ObjectReference(9).GetValues(2)
14:45:35.235 INFO: JdwpDebugServer: handling req: ObjectReference(9).GetValues(2)
14:45:35.235 INFO: JdwpDebugServer: handling req: ObjectReference(9).ReferenceType(1)
14:45:35.235 INFO: JdwpDebugServer: handling req: ReferenceType(2).FieldsWithGeneric(14)
14:45:35.235 INFO: JdwpDebugServer: handling req: ObjectReference(9).GetValues(2)
14:45:35.235 INFO: JdwpDebugServer: handling req: ReferenceType(2).Interfaces(10)
14:45:35.235 INFO: JdwpDebugServer: handling req: ClassType(3).Superclass(1)
14:45:35.235 INFO: JdwpDebugServer: handling req: ObjectReference(9).GetValues(2)
14:45:35.235 INFO: JdwpDebugServer: handling req: ObjectReference(9).GetValues(2)
14:45:35.235 INFO: JdwpDebugServer: handling req: ClassType(3).Superclass(1)
14:45:35.235 INFO: JdwpDebugServer: handling req: ObjectReference(9).GetValues(2)
14:45:35.235 INFO: JdwpDebugServer: handling req: ObjectReference(9).ReferenceType(1)
14:45:35.235 INFO: JdwpDebugServer: handling req: ReferenceType(2).FieldsWithGeneric(14)
14:45:35.236 INFO: JdwpDebugServer: handling req: ObjectReference(9).GetValues(2)
14:45:35.236 INFO: JdwpDebugServer: handling req: ReferenceType(2).Interfaces(10)
14:45:35.236 INFO: JdwpDebugServer: handling req: ClassType(3).Superclass(1)
14:45:35.236 INFO: JdwpDebugServer: handling req: ObjectReference(9).GetValues(2)
14:45:35.236 INFO: JdwpDebugServer: handling req: ObjectReference(9).GetValues(2)
14:45:35.236 INFO: JdwpDebugServer: handling req: ObjectReference(9).GetValues(2)
14:45:35.236 INFO: JdwpDebugServer: handling req: ObjectReference(9).GetValues(2)
14:45:35.236 INFO: JdwpDebugServer: handling req: ClassType(3).Superclass(1)
14:45:35.236 INFO: JdwpDebugServer: handling req: ObjectReference(9).GetValues(2)
14:45:35.237 INFO: JdwpDebugServer: handling req: ObjectReference(9).GetValues(2)
14:45:35.237 INFO: JdwpDebugServer: handling req: ObjectReference(9).ReferenceType(1)
14:45:35.237 INFO: JdwpDebugServer: handling req: ObjectReference(9).GetValues(2)
14:45:35.237 INFO: JdwpDebugServer: handling req: ReferenceType(2).FieldsWithGeneric(14)
14:45:35.237 INFO: JdwpDebugServer: handling req: ObjectReference(9).GetValues(2)
14:45:35.237 INFO: JdwpDebugServer: handling req: ReferenceType(2).Interfaces(10)
14:45:35.238 INFO: JdwpDebugServer: handling req: ReferenceType(2).FieldsWithGeneric(14)
14:45:35.238 INFO: JdwpDebugServer: handling req: ObjectReference(9).GetValues(2)
14:45:35.238 INFO: JdwpDebugServer: handling req: ReferenceType(2).Interfaces(10)
14:45:35.238 INFO: JdwpDebugServer: handling req: ObjectReference(9).GetValues(2)
14:45:35.238 INFO: JdwpDebugServer: handling req: ClassType(3).Superclass(1)
14:45:35.238 INFO: JdwpDebugServer: handling req: ObjectReference(9).GetValues(2)
14:45:35.238 INFO: JdwpDebugServer: handling req: ObjectReference(9).GetValues(2)
14:45:35.238 INFO: JdwpDebugServer: handling req: ObjectReference(9).GetValues(2)
14:45:35.238 INFO: JdwpDebugServer: handling req: ObjectReference(9).GetValues(2)
14:45:35.239 INFO: JdwpDebugServer: handling req: ObjectReference(9).GetValues(2)
14:45:35.239 INFO: JdwpDebugServer: handling req: ObjectReference(9).GetValues(2)
14:45:35.239 INFO: JdwpDebugServer: handling req: ObjectReference(9).GetValues(2)
14:45:35.239 INFO: JdwpDebugServer: handling req: ObjectReference(9).ReferenceType(1)
14:45:35.240 INFO: JdwpDebugServer: handling req: ObjectReference(9).GetValues(2)
14:45:35.240 INFO: JdwpDebugServer: handling req: ReferenceType(2).FieldsWithGeneric(14)
14:45:35.240 INFO: JdwpDebugServer: handling req: ObjectReference(9).GetValues(2)
14:45:35.240 INFO: JdwpDebugServer: handling req: ReferenceType(2).Interfaces(10)
14:45:35.240 INFO: JdwpDebugServer: handling req: ClassType(3).Superclass(1)
14:45:35.240 INFO: JdwpDebugServer: handling req: ObjectReference(9).GetValues(2)
14:45:35.240 INFO: JdwpDebugServer: handling req: ObjectReference(9).GetValues(2)
14:45:35.241 INFO: JdwpDebugServer: handling req: ObjectReference(9).GetValues(2)
14:45:35.241 INFO: JdwpDebugServer: handling req: ObjectReference(9).GetValues(2)
14:45:35.242 INFO: JdwpDebugServer: handling req: ClassType(3).Superclass(1)
14:45:35.242 INFO: JdwpDebugServer: handling req: ObjectReference(9).GetValues(2)
14:45:35.243 INFO: JdwpDebugServer: handling req: ObjectReference(9).GetValues(2)
14:45:35.243 INFO: JdwpDebugServer: handling req: ObjectReference(9).GetValues(2)
14:45:35.243 INFO: JdwpDebugServer: handling req: ObjectReference(9).GetValues(2)
14:45:35.243 INFO: JdwpDebugServer: handling req: ObjectReference(9).GetValues(2)
14:45:35.243 INFO: JdwpDebugServer: handling req: ObjectReference(9).GetValues(2)
14:45:35.243 INFO: JdwpDebugServer: handling req: ObjectReference(9).ReferenceType(1)
14:45:35.244 INFO: JdwpDebugServer: handling req: ReferenceType(2).FieldsWithGeneric(14)
14:45:35.244 INFO: JdwpDebugServer: handling req: ReferenceType(2).Interfaces(10)
14:45:35.244 INFO: JdwpDebugServer: handling req: ClassType(3).Superclass(1)
14:45:35.244 INFO: JdwpDebugServer: handling req: ObjectReference(9).GetValues(2)
14:45:35.244 INFO: JdwpDebugServer: handling req: ReferenceType(2).FieldsWithGeneric(14)
14:45:35.244 INFO: JdwpDebugServer: handling req: ObjectReference(9).GetValues(2)
14:45:35.244 INFO: JdwpDebugServer: handling req: ReferenceType(2).Interfaces(10)
14:45:35.244 INFO: JdwpDebugServer: handling req: ClassType(3).Superclass(1)
14:45:35.244 INFO: JdwpDebugServer: handling req: ObjectReference(9).GetValues(2)
14:45:35.245 INFO: JdwpDebugServer: handling req: ObjectReference(9).GetValues(2)
14:45:35.245 INFO: JdwpDebugServer: handling req: ObjectReference(9).GetValues(2)
14:45:35.245 INFO: JdwpDebugServer: handling req: ObjectReference(9).GetValues(2)
14:45:35.245 INFO: JdwpDebugServer: handling req: ObjectReference(9).ReferenceType(1)
14:45:35.245 INFO: JdwpDebugServer: handling req: ObjectReference(9).GetValues(2)
14:45:35.245 INFO: JdwpDebugServer: handling req: ReferenceType(2).FieldsWithGeneric(14)
14:45:35.245 INFO: JdwpDebugServer: handling req: ObjectReference(9).GetValues(2)
14:45:35.245 INFO: JdwpDebugServer: handling req: ReferenceType(2).Interfaces(10)
14:45:35.245 INFO: JdwpDebugServer: handling req: ObjectReference(9).GetValues(2)
14:45:35.245 INFO: JdwpDebugServer: handling req: ClassType(3).Superclass(1)
14:45:35.246 INFO: JdwpDebugServer: handling req: ObjectReference(9).GetValues(2)
14:45:35.246 INFO: JdwpDebugServer: handling req: ObjectReference(9).GetValues(2)
14:45:35.246 INFO: JdwpDebugServer: handling req: ObjectReference(9).GetValues(2)
14:45:35.246 INFO: JdwpDebugServer: handling req: ObjectReference(9).GetValues(2)
14:45:35.246 INFO: JdwpDebugServer: handling req: ClassType(3).Superclass(1)
14:45:35.246 INFO: JdwpDebugServer: handling req: ObjectReference(9).GetValues(2)
14:45:35.246 INFO: JdwpDebugServer: handling req: ObjectReference(9).GetValues(2)
14:45:35.246 INFO: JdwpDebugServer: handling req: ObjectReference(9).GetValues(2)
14:45:35.246 INFO: JdwpDebugServer: handling req: ObjectReference(9).GetValues(2)
14:45:35.246 INFO: JdwpDebugServer: handling req: ObjectReference(9).GetValues(2)
14:45:35.247 INFO: JdwpDebugServer: handling req: ObjectReference(9).GetValues(2)
14:45:35.247 INFO: JdwpDebugServer: handling req: ObjectReference(9).GetValues(2)
14:45:35.247 INFO: JdwpDebugServer: handling req: ObjectReference(9).GetValues(2)
14:45:35.247 INFO: JdwpDebugServer: handling req: ObjectReference(9).GetValues(2)
14:45:35.247 INFO: JdwpDebugServer: handling req: ObjectReference(9).GetValues(2)
14:45:35.248 INFO: JdwpDebugServer: handling req: ObjectReference(9).GetValues(2)
14:45:35.248 INFO: JdwpDebugServer: handling req: ObjectReference(9).GetValues(2)
14:45:35.248 INFO: JdwpDebugServer: handling req: ObjectReference(9).GetValues(2)
14:45:35.248 INFO: JdwpDebugServer: handling req: ObjectReference(9).GetValues(2)
14:45:35.248 INFO: JdwpDebugServer: handling req: ObjectReference(9).GetValues(2)
14:45:35.249 INFO: JdwpDebugServer: handling req: ObjectReference(9).GetValues(2)
14:45:35.249 INFO: JdwpDebugServer: handling req: ObjectReference(9).GetValues(2)
14:45:35.249 INFO: JdwpDebugServer: handling req: ObjectReference(9).GetValues(2)
14:45:35.249 INFO: JdwpDebugServer: handling req: ObjectReference(9).GetValues(2)
14:45:35.249 INFO: JdwpDebugServer: handling req: ObjectReference(9).GetValues(2)
14:45:35.250 INFO: JdwpDebugServer: handling req: ObjectReference(9).GetValues(2)
14:45:35.250 INFO: JdwpDebugServer: handling req: ObjectReference(9).GetValues(2)
14:45:35.250 INFO: JdwpDebugServer: handling req: ObjectReference(9).GetValues(2)
14:45:35.250 INFO: JdwpDebugServer: handling req: ObjectReference(9).GetValues(2)
14:45:35.250 INFO: JdwpDebugServer: handling req: ObjectReference(9).GetValues(2)
14:45:35.250 INFO: JdwpDebugServer: handling req: ObjectReference(9).GetValues(2)
14:45:35.251 INFO: JdwpDebugServer: handling req: ClassType(3).Superclass(1)
14:45:35.251 INFO: JdwpDebugServer: handling req: ObjectReference(9).GetValues(2)
14:45:35.251 INFO: JdwpDebugServer: handling req: ObjectReference(9).GetValues(2)
14:45:35.251 INFO: JdwpDebugServer: handling req: ObjectReference(9).GetValues(2)
14:45:35.251 INFO: JdwpDebugServer: handling req: ObjectReference(9).GetValues(2)
14:45:35.251 INFO: JdwpDebugServer: handling req: ObjectReference(9).GetValues(2)
14:45:35.251 INFO: JdwpDebugServer: handling req: ObjectReference(9).GetValues(2)
14:45:35.252 INFO: JdwpDebugServer: handling req: ObjectReference(9).GetValues(2)
14:45:35.252 INFO: JdwpDebugServer: handling req: ObjectReference(9).GetValues(2)
14:45:35.252 INFO: JdwpDebugServer: handling req: ClassType(3).Superclass(1)
14:45:35.252 INFO: JdwpDebugServer: handling req: ObjectReference(9).GetValues(2)
14:45:35.252 INFO: JdwpDebugServer: handling req: ObjectReference(9).GetValues(2)
14:45:35.253 INFO: JdwpDebugServer: handling req: ObjectReference(9).GetValues(2)
14:45:35.253 INFO: JdwpDebugServer: handling req: ObjectReference(9).GetValues(2)
14:45:35.253 INFO: JdwpDebugServer: handling req: ObjectReference(9).GetValues(2)
14:45:35.253 INFO: JdwpDebugServer: handling req: ObjectReference(9).GetValues(2)
14:45:35.254 INFO: JdwpDebugServer: handling req: ObjectReference(9).GetValues(2)
14:45:35.254 INFO: JdwpDebugServer: handling req: ObjectReference(9).GetValues(2)
14:45:35.254 INFO: JdwpDebugServer: handling req: ObjectReference(9).GetValues(2)
14:45:35.254 INFO: JdwpDebugServer: handling req: ObjectReference(9).GetValues(2)
14:45:35.254 INFO: JdwpDebugServer: handling req: ObjectReference(9).GetValues(2)
14:45:35.255 INFO: JdwpDebugServer: handling req: ObjectReference(9).GetValues(2)
14:45:35.255 INFO: JdwpDebugServer: handling req: ObjectReference(9).GetValues(2)
14:45:35.255 INFO: JdwpDebugServer: handling req: ObjectReference(9).GetValues(2)
14:45:35.256 INFO: JdwpDebugServer: handling req: ObjectReference(9).GetValues(2)
14:45:35.256 INFO: JdwpDebugServer: handling req: ObjectReference(9).GetValues(2)
14:45:35.256 INFO: JdwpDebugServer: handling req: ObjectReference(9).GetValues(2)
14:45:35.256 INFO: JdwpDebugServer: handling req: ObjectReference(9).GetValues(2)
14:45:36.593 INFO: JdwpDebugServer: handling req: StackFrame(16).GetValues(1)
14:45:36.594 INFO: JdwpDebugServer: handling req: ClassType(3).Superclass(1)
14:45:36.594 INFO: JdwpDebugServer: handling req: ObjectReference(9).InvokeMethod(6)
14:45:36.595 INFO: JdwpDebugServer: handling req: ThreadReference(11).Frames(6)
14:45:36.596 INFO: JdwpDebugServer: handling req: StringReference(10).Value(1)
14:45:36.600 INFO: JdwpDebugServer: handling req: StackFrame(16).GetValues(1)
14:45:36.600 INFO: JdwpDebugServer: handling req: StackFrame(16).GetValues(1)
14:45:36.600 INFO: JdwpDebugServer: handling req: StackFrame(16).GetValues(1)
14:45:36.600 INFO: JdwpDebugServer: handling req: ClassType(3).Superclass(1)
14:45:36.601 INFO: JdwpDebugServer: handling req: StackFrame(16).GetValues(1)
14:45:36.601 INFO: JdwpDebugServer: handling req: StackFrame(16).GetValues(1)
14:45:36.610 INFO: JdwpDebugServer: handling req: ThreadReference(11).Name(1)
14:45:36.610 INFO: JdwpDebugServer: handling req: StackFrame(16).ThisObject(3)
14:45:36.610 INFO: JdwpDebugServer: handling req: ObjectReference(9).ReferenceType(1)
14:45:36.610 INFO: JdwpDebugServer: handling req: StackFrame(16).GetValues(1)
14:45:36.611 INFO: JdwpDebugServer: handling req: ClassType(3).Superclass(1)
14:45:36.621 INFO: JdwpDebugServer: handling req: StackFrame(16).GetValues(1)
14:45:36.621 INFO: JdwpDebugServer: handling req: ClassType(3).Superclass(1)
14:45:36.625 INFO: JdwpDebugServer: handling req: ObjectReference(9).GetValues(2)
14:45:36.625 INFO: JdwpDebugServer: handling req: ObjectReference(9).GetValues(2)
14:45:36.626 INFO: JdwpDebugServer: handling req: ObjectReference(9).GetValues(2)
14:45:36.626 INFO: JdwpDebugServer: handling req: ObjectReference(9).GetValues(2)
14:45:36.626 INFO: JdwpDebugServer: handling req: ObjectReference(9).GetValues(2)
14:45:36.626 INFO: JdwpDebugServer: handling req: ObjectReference(9).GetValues(2)
14:45:36.626 INFO: JdwpDebugServer: handling req: ObjectReference(9).GetValues(2)
14:45:36.627 INFO: JdwpDebugServer: handling req: ObjectReference(9).GetValues(2)
14:45:36.627 INFO: JdwpDebugServer: handling req: ObjectReference(9).GetValues(2)
14:45:36.627 INFO: JdwpDebugServer: handling req: ObjectReference(9).GetValues(2)
14:45:36.627 INFO: JdwpDebugServer: handling req: ObjectReference(9).GetValues(2)
14:45:36.627 INFO: JdwpDebugServer: handling req: ObjectReference(9).GetValues(2)
14:45:36.627 INFO: JdwpDebugServer: handling req: ObjectReference(9).GetValues(2)
14:45:36.628 INFO: JdwpDebugServer: handling req: ObjectReference(9).GetValues(2)
14:45:36.628 INFO: JdwpDebugServer: handling req: ObjectReference(9).GetValues(2)
14:45:36.628 INFO: JdwpDebugServer: handling req: ObjectReference(9).GetValues(2)
14:45:36.628 INFO: JdwpDebugServer: handling req: ObjectReference(9).GetValues(2)
14:45:36.628 INFO: JdwpDebugServer: handling req: ObjectReference(9).GetValues(2)
14:45:36.628 INFO: JdwpDebugServer: handling req: ObjectReference(9).GetValues(2)
14:45:36.629 INFO: JdwpDebugServer: handling req: ObjectReference(9).GetValues(2)
14:45:36.629 INFO: JdwpDebugServer: handling req: ObjectReference(9).GetValues(2)
14:45:36.629 INFO: JdwpDebugServer: handling req: ClassType(3).Superclass(1)
14:45:36.629 INFO: JdwpDebugServer: handling req: ObjectReference(9).GetValues(2)
14:45:36.629 INFO: JdwpDebugServer: handling req: ObjectReference(9).GetValues(2)
14:45:36.629 INFO: JdwpDebugServer: handling req: ObjectReference(9).GetValues(2)
14:45:36.629 INFO: JdwpDebugServer: handling req: ObjectReference(9).GetValues(2)
14:45:36.630 INFO: JdwpDebugServer: handling req: ObjectReference(9).GetValues(2)
14:45:36.630 INFO: JdwpDebugServer: handling req: ObjectReference(9).GetValues(2)
14:45:36.630 INFO: JdwpDebugServer: handling req: ObjectReference(9).GetValues(2)
14:45:36.630 INFO: JdwpDebugServer: handling req: ObjectReference(9).GetValues(2)
14:45:36.630 INFO: JdwpDebugServer: handling req: ObjectReference(9).GetValues(2)
14:45:36.630 INFO: JdwpDebugServer: handling req: ClassType(3).Superclass(1)
14:45:36.631 INFO: JdwpDebugServer: handling req: ObjectReference(9).GetValues(2)
14:45:36.631 INFO: JdwpDebugServer: handling req: ObjectReference(9).GetValues(2)
14:45:36.631 INFO: JdwpDebugServer: handling req: ObjectReference(9).GetValues(2)
14:45:36.631 INFO: JdwpDebugServer: handling req: ObjectReference(9).GetValues(2)
14:45:36.631 INFO: JdwpDebugServer: handling req: ObjectReference(9).GetValues(2)
14:45:36.631 INFO: JdwpDebugServer: handling req: ObjectReference(9).GetValues(2)
14:45:36.631 INFO: JdwpDebugServer: handling req: ObjectReference(9).GetValues(2)
14:45:36.632 INFO: JdwpDebugServer: handling req: ObjectReference(9).GetValues(2)
14:45:36.632 INFO: JdwpDebugServer: handling req: ObjectReference(9).GetValues(2)
14:45:36.632 INFO: JdwpDebugServer: handling req: ClassType(3).Superclass(1)
14:45:36.632 INFO: JdwpDebugServer: handling req: ObjectReference(9).GetValues(2)
14:45:36.632 INFO: JdwpDebugServer: handling req: ObjectReference(9).GetValues(2)
14:45:36.632 INFO: JdwpDebugServer: handling req: ObjectReference(9).GetValues(2)
14:45:36.632 INFO: JdwpDebugServer: handling req: ObjectReference(9).GetValues(2)
14:45:36.633 INFO: JdwpDebugServer: handling req: ObjectReference(9).GetValues(2)
14:45:36.633 INFO: JdwpDebugServer: handling req: ObjectReference(9).GetValues(2)
14:45:36.633 INFO: JdwpDebugServer: handling req: ObjectReference(9).GetValues(2)
14:45:36.634 INFO: JdwpDebugServer: handling req: ObjectReference(9).GetValues(2)
14:45:36.634 INFO: JdwpDebugServer: handling req: ObjectReference(9).GetValues(2)
14:45:36.634 INFO: JdwpDebugServer: handling req: ObjectReference(9).GetValues(2)
14:45:36.635 INFO: JdwpDebugServer: handling req: ObjectReference(9).GetValues(2)
14:45:36.635 INFO: JdwpDebugServer: handling req: ObjectReference(9).GetValues(2)
14:45:36.635 INFO: JdwpDebugServer: handling req: ObjectReference(9).GetValues(2)
14:45:36.635 INFO: JdwpDebugServer: handling req: ObjectReference(9).GetValues(2)
14:45:36.636 INFO: JdwpDebugServer: handling req: ClassType(3).Superclass(1)
14:45:36.636 INFO: JdwpDebugServer: handling req: ObjectReference(9).GetValues(2)
14:45:36.636 INFO: JdwpDebugServer: handling req: ObjectReference(9).GetValues(2)
14:45:36.636 INFO: JdwpDebugServer: handling req: ObjectReference(9).GetValues(2)
14:45:36.637 INFO: JdwpDebugServer: handling req: ObjectReference(9).GetValues(2)
14:45:36.637 INFO: JdwpDebugServer: handling req: ObjectReference(9).GetValues(2)
14:45:36.637 INFO: JdwpDebugServer: handling req: ObjectReference(9).GetValues(2)
14:45:36.637 INFO: JdwpDebugServer: handling req: ObjectReference(9).GetValues(2)
14:45:36.638 INFO: JdwpDebugServer: handling req: ObjectReference(9).GetValues(2)
14:45:36.638 INFO: JdwpDebugServer: handling req: ObjectReference(9).GetValues(2)
14:45:36.638 INFO: JdwpDebugServer: handling req: ObjectReference(9).GetValues(2)
14:45:36.639 INFO: JdwpDebugServer: handling req: ObjectReference(9).GetValues(2)
14:45:36.639 INFO: JdwpDebugServer: handling req: ObjectReference(9).GetValues(2)
14:45:36.639 INFO: JdwpDebugServer: handling req: ClassType(3).Superclass(1)
14:45:36.639 INFO: JdwpDebugServer: handling req: ObjectReference(9).GetValues(2)
14:45:36.640 INFO: JdwpDebugServer: handling req: ObjectReference(9).GetValues(2)
14:45:36.640 INFO: JdwpDebugServer: handling req: ObjectReference(9).GetValues(2)
14:45:36.640 INFO: JdwpDebugServer: handling req: ObjectReference(9).GetValues(2)
14:45:36.640 INFO: JdwpDebugServer: handling req: ObjectReference(9).GetValues(2)
14:45:36.641 INFO: JdwpDebugServer: handling req: ObjectReference(9).GetValues(2)
14:45:36.641 INFO: JdwpDebugServer: handling req: ObjectReference(9).GetValues(2)
14:45:36.641 INFO: JdwpDebugServer: handling req: ObjectReference(9).GetValues(2)
14:45:36.642 INFO: JdwpDebugServer: handling req: ObjectReference(9).GetValues(2)
14:45:36.642 INFO: JdwpDebugServer: handling req: ObjectReference(9).GetValues(2)
14:45:36.642 INFO: JdwpDebugServer: handling req: ObjectReference(9).GetValues(2)
14:45:36.643 INFO: JdwpDebugServer: handling req: ObjectReference(9).GetValues(2)
14:45:36.643 INFO: JdwpDebugServer: handling req: ObjectReference(9).GetValues(2)
14:45:36.643 INFO: JdwpDebugServer: handling req: ObjectReference(9).GetValues(2)
14:45:36.644 INFO: JdwpDebugServer: handling req: ObjectReference(9).GetValues(2)
14:45:36.644 INFO: JdwpDebugServer: handling req: ObjectReference(9).GetValues(2)
14:45:36.644 INFO: JdwpDebugServer: handling req: ObjectReference(9).GetValues(2)
14:45:36.644 INFO: JdwpDebugServer: handling req: ObjectReference(9).GetValues(2)
14:45:36.645 INFO: JdwpDebugServer: handling req: ObjectReference(9).GetValues(2)
14:45:36.645 INFO: JdwpDebugServer: handling req: ObjectReference(9).GetValues(2)
14:45:36.645 INFO: JdwpDebugServer: handling req: ObjectReference(9).GetValues(2)
14:45:36.645 INFO: JdwpDebugServer: handling req: ObjectReference(9).GetValues(2)
14:45:36.646 INFO: JdwpDebugServer: handling req: ObjectReference(9).GetValues(2)
14:45:36.646 INFO: JdwpDebugServer: handling req: ObjectReference(9).GetValues(2)
14:45:36.646 INFO: JdwpDebugServer: handling req: ClassType(3).Superclass(1)
14:45:36.646 INFO: JdwpDebugServer: handling req: ObjectReference(9).GetValues(2)
14:45:36.647 INFO: JdwpDebugServer: handling req: ObjectReference(9).GetValues(2)
14:45:36.647 INFO: JdwpDebugServer: handling req: ObjectReference(9).GetValues(2)
14:45:36.647 INFO: JdwpDebugServer: handling req: ObjectReference(9).GetValues(2)
14:45:36.647 INFO: JdwpDebugServer: handling req: ObjectReference(9).GetValues(2)
14:45:36.648 INFO: JdwpDebugServer: handling req: ObjectReference(9).GetValues(2)
14:45:36.648 INFO: JdwpDebugServer: handling req: ObjectReference(9).GetValues(2)
14:45:36.648 INFO: JdwpDebugServer: handling req: ObjectReference(9).GetValues(2)
14:45:36.648 INFO: JdwpDebugServer: handling req: ClassType(3).Superclass(1)
14:45:36.649 INFO: JdwpDebugServer: handling req: ObjectReference(9).GetValues(2)
14:45:36.649 INFO: JdwpDebugServer: handling req: ObjectReference(9).GetValues(2)
14:45:36.649 INFO: JdwpDebugServer: handling req: ObjectReference(9).GetValues(2)
14:45:36.649 INFO: JdwpDebugServer: handling req: ObjectReference(9).GetValues(2)
14:45:36.649 INFO: JdwpDebugServer: handling req: ObjectReference(9).GetValues(2)
14:45:36.650 INFO: JdwpDebugServer: handling req: ObjectReference(9).GetValues(2)
14:45:36.650 INFO: JdwpDebugServer: handling req: ObjectReference(9).GetValues(2)
14:45:36.650 INFO: JdwpDebugServer: handling req: ObjectReference(9).GetValues(2)
14:45:36.651 INFO: JdwpDebugServer: handling req: ObjectReference(9).GetValues(2)
14:45:36.651 INFO: JdwpDebugServer: handling req: ObjectReference(9).GetValues(2)
14:45:36.651 INFO: JdwpDebugServer: handling req: ObjectReference(9).GetValues(2)
14:45:36.652 INFO: JdwpDebugServer: handling req: ObjectReference(9).GetValues(2)
14:45:36.652 INFO: JdwpDebugServer: handling req: ObjectReference(9).GetValues(2)
14:45:36.652 INFO: JdwpDebugServer: handling req: ObjectReference(9).GetValues(2)
14:45:36.653 INFO: JdwpDebugServer: handling req: ObjectReference(9).GetValues(2)
14:45:36.653 INFO: JdwpDebugServer: handling req: ObjectReference(9).GetValues(2)
14:45:36.653 INFO: JdwpDebugServer: handling req: ObjectReference(9).GetValues(2)
14:45:36.653 INFO: JdwpDebugServer: handling req: ObjectReference(9).GetValues(2)
14:45:40.748 INFO: JdwpDebugServer: handling req: StackFrame(16).GetValues(1)
14:45:40.749 INFO: JdwpDebugServer: handling req: StackFrame(16).GetValues(1)
14:45:40.749 INFO: JdwpDebugServer: handling req: ObjectReference(9).ReferenceType(1)
14:45:40.749 INFO: JdwpDebugServer: handling req: ReferenceType(2).Modifiers(3)
14:45:40.750 INFO: JdwpDebugServer: handling req: ReferenceType(2).FieldsWithGeneric(14)
14:45:40.750 INFO: JdwpDebugServer: handling req: ClassType(3).Superclass(1)
14:45:40.750 INFO: JdwpDebugServer: handling req: ReferenceType(2).Interfaces(10)
14:45:40.750 INFO: JdwpDebugServer: handling req: ReferenceType(2).FieldsWithGeneric(14)
14:45:40.750 INFO: JdwpDebugServer: handling req: StackFrame(16).GetValues(1)
14:45:40.750 INFO: JdwpDebugServer: handling req: ReferenceType(2).Interfaces(10)
14:45:40.750 INFO: JdwpDebugServer: handling req: ReferenceType(2).FieldsWithGeneric(14)
14:45:40.751 INFO: JdwpDebugServer: handling req: StackFrame(16).GetValues(1)
14:45:40.751 INFO: JdwpDebugServer: handling req: ReferenceType(2).Interfaces(10)
14:45:40.751 INFO: JdwpDebugServer: handling req: ClassType(3).Superclass(1)
14:45:40.751 INFO: JdwpDebugServer: handling req: ReferenceType(2).FieldsWithGeneric(14)
14:45:40.751 INFO: JdwpDebugServer: handling req: StackFrame(16).GetValues(1)
14:45:40.751 INFO: JdwpDebugServer: handling req: ReferenceType(2).Interfaces(10)
14:45:40.751 INFO: JdwpDebugServer: handling req: ClassType(3).Superclass(1)
14:45:40.751 INFO: JdwpDebugServer: handling req: StackFrame(16).GetValues(1)
14:45:40.751 INFO: JdwpDebugServer: handling req: StackFrame(16).GetValues(1)
14:45:40.751 INFO: JdwpDebugServer: handling req: StackFrame(16).GetValues(1)
14:45:40.752 INFO: JdwpDebugServer: handling req: StackFrame(16).GetValues(1)
14:45:40.752 INFO: JdwpDebugServer: handling req: StackFrame(16).GetValues(1)
14:45:40.752 INFO: JdwpDebugServer: handling req: StackFrame(16).GetValues(1)
14:45:40.752 INFO: JdwpDebugServer: handling req: ClassType(3).Superclass(1)
14:45:40.752 INFO: JdwpDebugServer: handling req: StackFrame(16).GetValues(1)
14:45:40.752 INFO: JdwpDebugServer: handling req: StackFrame(16).GetValues(1)
14:45:40.753 INFO: JdwpDebugServer: handling req: StackFrame(16).GetValues(1)
14:45:40.753 INFO: JdwpDebugServer: handling req: StackFrame(16).GetValues(1)
14:45:40.753 INFO: JdwpDebugServer: handling req: StackFrame(16).GetValues(1)
14:45:41.876 INFO: JdwpDebugServer: handling req: StackFrame(16).GetValues(1)
14:45:41.877 INFO: JdwpDebugServer: handling req: ReferenceType(2).SourceFile(7)
14:45:41.877 INFO: JdwpDebugServer: handling req: StackFrame(16).GetValues(1)
14:45:41.877 INFO: JdwpDebugServer: handling req: StackFrame(16).GetValues(1)
14:45:41.890 INFO: JdwpDebugServer: handling req: StackFrame(16).GetValues(1)
14:45:41.890 INFO: JdwpDebugServer: handling req: ClassType(3).Superclass(1)
14:45:41.891 INFO: JdwpDebugServer: handling req: ObjectReference(9).InvokeMethod(6)
14:45:41.891 INFO: JdwpDebugServer: handling req: ThreadReference(11).Frames(6)
14:45:41.891 INFO: JdwpDebugServer: handling req: StringReference(10).Value(1)
14:45:41.897 INFO: JdwpDebugServer: handling req: StackFrame(16).ThisObject(3)
14:45:41.898 INFO: JdwpDebugServer: handling req: ThreadReference(11).Name(1)
14:45:41.898 INFO: JdwpDebugServer: handling req: ObjectReference(9).ReferenceType(1)
14:45:42.651 INFO: JdwpDebugServer: handling req: StackFrame(16).GetValues(1)
14:45:42.652 INFO: JdwpDebugServer: handling req: ClassType(3).Superclass(1)
14:45:42.683 INFO: JdwpDebugServer: handling req: StackFrame(16).GetValues(1)
14:45:42.683 INFO: JdwpDebugServer: handling req: ClassType(3).Superclass(1)
14:45:42.686 INFO: JdwpDebugServer: handling req: ObjectReference(9).GetValues(2)
14:45:42.686 INFO: JdwpDebugServer: handling req: ObjectReference(9).GetValues(2)
14:45:42.686 INFO: JdwpDebugServer: handling req: ObjectReference(9).GetValues(2)
14:45:42.687 INFO: JdwpDebugServer: handling req: ObjectReference(9).GetValues(2)
14:45:42.687 INFO: JdwpDebugServer: handling req: ObjectReference(9).GetValues(2)
14:45:42.687 INFO: JdwpDebugServer: handling req: ObjectReference(9).GetValues(2)
14:45:42.687 INFO: JdwpDebugServer: handling req: ObjectReference(9).GetValues(2)
14:45:42.687 INFO: JdwpDebugServer: handling req: ObjectReference(9).GetValues(2)
14:45:42.687 INFO: JdwpDebugServer: handling req: ObjectReference(9).GetValues(2)
14:45:42.688 INFO: JdwpDebugServer: handling req: ObjectReference(9).GetValues(2)
14:45:42.688 INFO: JdwpDebugServer: handling req: ObjectReference(9).GetValues(2)
14:45:42.688 INFO: JdwpDebugServer: handling req: ObjectReference(9).GetValues(2)
14:45:42.688 INFO: JdwpDebugServer: handling req: ObjectReference(9).GetValues(2)
14:45:42.688 INFO: JdwpDebugServer: handling req: ObjectReference(9).GetValues(2)
14:45:42.689 INFO: JdwpDebugServer: handling req: ObjectReference(9).GetValues(2)
14:45:42.689 INFO: JdwpDebugServer: handling req: ObjectReference(9).GetValues(2)
14:45:42.689 INFO: JdwpDebugServer: handling req: ObjectReference(9).GetValues(2)
14:45:42.689 INFO: JdwpDebugServer: handling req: ObjectReference(9).GetValues(2)
14:45:42.689 INFO: JdwpDebugServer: handling req: ObjectReference(9).GetValues(2)
14:45:42.689 INFO: JdwpDebugServer: handling req: ObjectReference(9).GetValues(2)
14:45:42.689 INFO: JdwpDebugServer: handling req: ObjectReference(9).GetValues(2)
14:45:42.690 INFO: JdwpDebugServer: handling req: ObjectReference(9).GetValues(2)
14:45:42.690 INFO: JdwpDebugServer: handling req: ObjectReference(9).GetValues(2)
14:45:42.690 INFO: JdwpDebugServer: handling req: ObjectReference(9).GetValues(2)
14:45:42.690 INFO: JdwpDebugServer: handling req: ObjectReference(9).GetValues(2)
14:45:42.690 INFO: JdwpDebugServer: handling req: ObjectReference(9).GetValues(2)
14:45:42.690 INFO: JdwpDebugServer: handling req: ObjectReference(9).GetValues(2)
14:45:42.690 INFO: JdwpDebugServer: handling req: ObjectReference(9).GetValues(2)
14:45:42.691 INFO: JdwpDebugServer: handling req: ObjectReference(9).GetValues(2)
14:45:42.691 INFO: JdwpDebugServer: handling req: ObjectReference(9).GetValues(2)
14:45:42.691 INFO: JdwpDebugServer: handling req: ObjectReference(9).GetValues(2)
14:45:42.691 INFO: JdwpDebugServer: handling req: ObjectReference(9).GetValues(2)
14:45:42.692 INFO: JdwpDebugServer: handling req: ObjectReference(9).GetValues(2)
14:45:42.692 INFO: JdwpDebugServer: handling req: ClassType(3).Superclass(1)
14:45:42.692 INFO: JdwpDebugServer: handling req: ObjectReference(9).GetValues(2)
14:45:42.692 INFO: JdwpDebugServer: handling req: ObjectReference(9).GetValues(2)
14:45:42.693 INFO: JdwpDebugServer: handling req: ObjectReference(9).GetValues(2)
14:45:42.693 INFO: JdwpDebugServer: handling req: ObjectReference(9).GetValues(2)
14:45:42.693 INFO: JdwpDebugServer: handling req: ObjectReference(9).GetValues(2)
14:45:42.694 INFO: JdwpDebugServer: handling req: ObjectReference(9).GetValues(2)
14:45:42.694 INFO: JdwpDebugServer: handling req: ObjectReference(9).GetValues(2)
14:45:42.694 INFO: JdwpDebugServer: handling req: ClassType(3).Superclass(1)
14:45:42.694 INFO: JdwpDebugServer: handling req: ObjectReference(9).GetValues(2)
14:45:42.694 INFO: JdwpDebugServer: handling req: ObjectReference(9).GetValues(2)
14:45:42.695 INFO: JdwpDebugServer: handling req: ObjectReference(9).GetValues(2)
14:45:42.695 INFO: JdwpDebugServer: handling req: ObjectReference(9).GetValues(2)
14:45:42.695 INFO: JdwpDebugServer: handling req: ObjectReference(9).GetValues(2)
14:45:42.695 INFO: JdwpDebugServer: handling req: ObjectReference(9).GetValues(2)
14:45:42.696 INFO: JdwpDebugServer: handling req: ObjectReference(9).GetValues(2)
14:45:42.696 INFO: JdwpDebugServer: handling req: ClassType(3).Superclass(1)
14:45:42.696 INFO: JdwpDebugServer: handling req: ObjectReference(9).GetValues(2)
14:45:42.696 INFO: JdwpDebugServer: handling req: ObjectReference(9).GetValues(2)
14:45:42.696 INFO: JdwpDebugServer: handling req: ObjectReference(9).GetValues(2)
14:45:42.696 INFO: JdwpDebugServer: handling req: ObjectReference(9).GetValues(2)
14:45:42.697 INFO: JdwpDebugServer: handling req: ObjectReference(9).GetValues(2)
14:45:42.697 INFO: JdwpDebugServer: handling req: ObjectReference(9).GetValues(2)
14:45:42.697 INFO: JdwpDebugServer: handling req: ObjectReference(9).GetValues(2)
14:45:42.698 INFO: JdwpDebugServer: handling req: ObjectReference(9).GetValues(2)
14:45:42.698 INFO: JdwpDebugServer: handling req: ObjectReference(9).GetValues(2)
14:45:42.698 INFO: JdwpDebugServer: handling req: ObjectReference(9).GetValues(2)
14:45:42.698 INFO: JdwpDebugServer: handling req: ObjectReference(9).GetValues(2)
14:45:42.699 INFO: JdwpDebugServer: handling req: ObjectReference(9).GetValues(2)
14:45:42.699 INFO: JdwpDebugServer: handling req: ObjectReference(9).GetValues(2)
14:45:42.700 INFO: JdwpDebugServer: handling req: ObjectReference(9).GetValues(2)
14:45:42.700 INFO: JdwpDebugServer: handling req: ObjectReference(9).GetValues(2)
14:45:42.700 INFO: JdwpDebugServer: handling req: StackFrame(16).GetValues(1)
14:45:42.700 INFO: JdwpDebugServer: handling req: ObjectReference(9).GetValues(2)
14:45:42.700 INFO: JdwpDebugServer: handling req: ClassType(3).Superclass(1)
14:45:42.700 INFO: JdwpDebugServer: handling req: ObjectReference(9).GetValues(2)
14:45:42.701 INFO: JdwpDebugServer: handling req: ObjectReference(9).GetValues(2)
14:45:42.701 INFO: JdwpDebugServer: handling req: ObjectReference(9).GetValues(2)
14:45:42.701 INFO: JdwpDebugServer: handling req: ObjectReference(9).GetValues(2)
14:45:42.702 INFO: JdwpDebugServer: handling req: ObjectReference(9).GetValues(2)
14:45:42.702 INFO: JdwpDebugServer: handling req: ClassType(3).Superclass(1)
14:45:42.702 INFO: JdwpDebugServer: handling req: ObjectReference(9).GetValues(2)
14:45:42.702 INFO: JdwpDebugServer: handling req: ObjectReference(9).GetValues(2)
14:45:42.703 INFO: JdwpDebugServer: handling req: ObjectReference(9).GetValues(2)
14:45:42.703 INFO: JdwpDebugServer: handling req: ObjectReference(9).GetValues(2)
14:45:42.703 INFO: JdwpDebugServer: handling req: ObjectReference(9).GetValues(2)
14:45:42.704 INFO: JdwpDebugServer: handling req: ObjectReference(9).InvokeMethod(6)
14:45:42.704 INFO: JdwpDebugServer: handling req: ThreadReference(11).Frames(6)
14:45:42.704 INFO: JdwpDebugServer: handling req: StringReference(10).Value(1)
14:45:42.705 INFO: JdwpDebugServer: handling req: ObjectReference(9).GetValues(2)
14:45:42.705 INFO: JdwpDebugServer: handling req: ObjectReference(9).GetValues(2)
14:45:42.705 INFO: JdwpDebugServer: handling req: ObjectReference(9).GetValues(2)
14:45:42.706 INFO: JdwpDebugServer: handling req: ObjectReference(9).GetValues(2)
14:45:42.706 INFO: JdwpDebugServer: handling req: ObjectReference(9).GetValues(2)
14:45:42.706 INFO: JdwpDebugServer: handling req: ObjectReference(9).GetValues(2)
14:45:42.707 INFO: JdwpDebugServer: handling req: ObjectReference(9).GetValues(2)
14:45:42.707 INFO: JdwpDebugServer: handling req: ThreadReference(11).Name(1)
14:45:42.707 INFO: JdwpDebugServer: handling req: StackFrame(16).ThisObject(3)
14:45:42.707 INFO: JdwpDebugServer: handling req: ObjectReference(9).ReferenceType(1)
14:45:42.708 INFO: JdwpDebugServer: handling req: ObjectReference(9).GetValues(2)
14:45:42.708 INFO: JdwpDebugServer: handling req: ObjectReference(9).GetValues(2)
14:45:42.708 INFO: JdwpDebugServer: handling req: ObjectReference(9).GetValues(2)
14:45:42.708 INFO: JdwpDebugServer: handling req: ObjectReference(9).GetValues(2)
14:45:42.709 INFO: JdwpDebugServer: handling req: ObjectReference(9).GetValues(2)
14:45:42.709 INFO: JdwpDebugServer: handling req: ObjectReference(9).GetValues(2)
14:45:42.709 INFO: JdwpDebugServer: handling req: ObjectReference(9).GetValues(2)
14:45:42.709 INFO: JdwpDebugServer: handling req: ObjectReference(9).GetValues(2)
14:45:42.710 INFO: JdwpDebugServer: handling req: ObjectReference(9).GetValues(2)
14:45:42.710 INFO: JdwpDebugServer: handling req: ClassType(3).Superclass(1)
14:45:42.710 INFO: JdwpDebugServer: handling req: ObjectReference(9).GetValues(2)
14:45:42.710 INFO: JdwpDebugServer: handling req: ObjectReference(9).GetValues(2)
14:45:42.710 INFO: JdwpDebugServer: handling req: ObjectReference(9).GetValues(2)
14:45:42.711 INFO: JdwpDebugServer: handling req: ObjectReference(9).GetValues(2)
14:45:42.711 INFO: JdwpDebugServer: handling req: ObjectReference(9).GetValues(2)
14:45:42.711 INFO: JdwpDebugServer: handling req: ObjectReference(9).GetValues(2)
14:45:42.712 INFO: JdwpDebugServer: handling req: ObjectReference(9).GetValues(2)
14:45:42.712 INFO: JdwpDebugServer: handling req: ObjectReference(9).GetValues(2)
14:45:42.712 INFO: JdwpDebugServer: handling req: ObjectReference(9).GetValues(2)
14:45:42.713 INFO: JdwpDebugServer: handling req: ObjectReference(9).GetValues(2)
14:45:42.713 INFO: JdwpDebugServer: handling req: ObjectReference(9).GetValues(2)
14:45:42.713 INFO: JdwpDebugServer: handling req: ObjectReference(9).GetValues(2)
14:45:42.714 INFO: JdwpDebugServer: handling req: ObjectReference(9).GetValues(2)
14:45:42.714 INFO: JdwpDebugServer: handling req: ObjectReference(9).GetValues(2)
14:45:42.715 INFO: JdwpDebugServer: handling req: ObjectReference(9).GetValues(2)
14:45:42.715 INFO: JdwpDebugServer: handling req: ObjectReference(9).GetValues(2)
14:45:42.715 INFO: JdwpDebugServer: handling req: ObjectReference(9).GetValues(2)
14:45:42.715 INFO: JdwpDebugServer: handling req: ObjectReference(9).GetValues(2)
14:45:42.716 INFO: JdwpDebugServer: handling req: ObjectReference(9).GetValues(2)
14:45:42.716 INFO: JdwpDebugServer: handling req: ObjectReference(9).GetValues(2)
14:45:42.716 INFO: JdwpDebugServer: handling req: ObjectReference(9).GetValues(2)
14:45:42.716 INFO: JdwpDebugServer: handling req: ObjectReference(9).GetValues(2)
14:45:42.717 INFO: JdwpDebugServer: handling req: ObjectReference(9).GetValues(2)
14:45:42.717 INFO: JdwpDebugServer: handling req: ObjectReference(9).GetValues(2)
14:45:42.717 INFO: JdwpDebugServer: handling req: ObjectReference(9).GetValues(2)
14:45:42.717 INFO: JdwpDebugServer: handling req: ObjectReference(9).GetValues(2)
14:45:42.718 INFO: JdwpDebugServer: handling req: ObjectReference(9).GetValues(2)
14:45:42.718 INFO: JdwpDebugServer: handling req: ObjectReference(9).GetValues(2)
14:45:42.718 INFO: JdwpDebugServer: handling req: ObjectReference(9).GetValues(2)
14:45:42.719 INFO: JdwpDebugServer: handling req: ObjectReference(9).GetValues(2)
14:45:42.719 INFO: JdwpDebugServer: handling req: ObjectReference(9).GetValues(2)
14:45:42.719 INFO: JdwpDebugServer: handling req: ObjectReference(9).GetValues(2)
14:45:42.719 INFO: JdwpDebugServer: handling req: ObjectReference(9).GetValues(2)
14:45:42.720 INFO: JdwpDebugServer: handling req: ObjectReference(9).GetValues(2)
14:45:42.720 INFO: JdwpDebugServer: handling req: ObjectReference(9).GetValues(2)
14:45:42.720 INFO: JdwpDebugServer: handling req: ObjectReference(9).GetValues(2)
14:45:42.720 INFO: JdwpDebugServer: handling req: ObjectReference(9).GetValues(2)
14:45:42.721 INFO: JdwpDebugServer: handling req: ObjectReference(9).GetValues(2)
14:45:42.721 INFO: JdwpDebugServer: handling req: ObjectReference(9).GetValues(2)
14:45:42.721 INFO: JdwpDebugServer: handling req: ObjectReference(9).GetValues(2)
14:45:42.721 INFO: JdwpDebugServer: handling req: ObjectReference(9).GetValues(2)
14:45:42.721 INFO: JdwpDebugServer: handling req: ObjectReference(9).GetValues(2)
14:45:42.722 INFO: JdwpDebugServer: handling req: ClassType(3).Superclass(1)
14:45:42.722 INFO: JdwpDebugServer: handling req: ObjectReference(9).GetValues(2)
14:45:42.722 INFO: JdwpDebugServer: handling req: ObjectReference(9).GetValues(2)
14:45:42.722 INFO: JdwpDebugServer: handling req: ObjectReference(9).GetValues(2)
14:45:42.722 INFO: JdwpDebugServer: handling req: ObjectReference(9).GetValues(2)
14:45:42.722 INFO: JdwpDebugServer: handling req: ObjectReference(9).GetValues(2)
14:45:42.881 INFO: JdwpDebugServer: handling req: StackFrame(16).GetValues(1)
14:45:42.882 INFO: JdwpDebugServer: handling req: ClassType(3).Superclass(1)
14:45:42.882 INFO: JdwpDebugServer: handling req: ObjectReference(9).GetValues(2)
14:45:42.883 INFO: JdwpDebugServer: handling req: ObjectReference(9).GetValues(2)
14:45:42.883 INFO: JdwpDebugServer: handling req: ObjectReference(9).GetValues(2)
14:45:42.883 INFO: JdwpDebugServer: handling req: ObjectReference(9).GetValues(2)
14:45:42.883 INFO: JdwpDebugServer: handling req: ObjectReference(9).GetValues(2)
14:45:42.884 INFO: JdwpDebugServer: handling req: ObjectReference(9).GetValues(2)
14:45:42.884 INFO: JdwpDebugServer: handling req: ObjectReference(9).GetValues(2)
14:45:42.884 INFO: JdwpDebugServer: handling req: ObjectReference(9).GetValues(2)
14:45:42.885 INFO: JdwpDebugServer: handling req: ObjectReference(9).GetValues(2)
14:45:42.886 INFO: JdwpDebugServer: handling req: ObjectReference(9).GetValues(2)
14:45:42.886 INFO: JdwpDebugServer: handling req: ObjectReference(9).GetValues(2)
14:45:42.887 INFO: JdwpDebugServer: handling req: ObjectReference(9).GetValues(2)
14:45:42.887 INFO: JdwpDebugServer: handling req: ObjectReference(9).GetValues(2)
14:45:42.888 INFO: JdwpDebugServer: handling req: ObjectReference(9).GetValues(2)
14:45:42.889 INFO: JdwpDebugServer: handling req: ObjectReference(9).GetValues(2)
14:45:42.889 INFO: JdwpDebugServer: handling req: ClassType(3).Superclass(1)
14:45:42.889 INFO: JdwpDebugServer: handling req: ObjectReference(9).GetValues(2)
14:45:42.889 INFO: JdwpDebugServer: handling req: ObjectReference(9).GetValues(2)
14:45:42.890 INFO: JdwpDebugServer: handling req: StackFrame(16).GetValues(1)
14:45:42.890 INFO: JdwpDebugServer: handling req: ObjectReference(9).GetValues(2)
14:45:42.890 INFO: JdwpDebugServer: handling req: ClassType(3).Superclass(1)
14:45:42.890 INFO: JdwpDebugServer: handling req: ObjectReference(9).GetValues(2)
14:45:42.890 INFO: JdwpDebugServer: handling req: ObjectReference(9).GetValues(2)
14:45:42.891 INFO: JdwpDebugServer: handling req: ObjectReference(9).InvokeMethod(6)
14:45:42.891 INFO: JdwpDebugServer: handling req: ThreadReference(11).Frames(6)
14:45:42.891 INFO: JdwpDebugServer: handling req: StringReference(10).Value(1)
14:45:42.892 INFO: JdwpDebugServer: handling req: ObjectReference(9).GetValues(2)
14:45:42.892 INFO: JdwpDebugServer: handling req: ObjectReference(9).GetValues(2)
14:45:42.893 INFO: JdwpDebugServer: handling req: ObjectReference(9).GetValues(2)
14:45:42.893 INFO: JdwpDebugServer: handling req: ObjectReference(9).GetValues(2)
14:45:42.894 INFO: JdwpDebugServer: handling req: ObjectReference(9).GetValues(2)
14:45:42.894 INFO: JdwpDebugServer: handling req: ObjectReference(9).GetValues(2)
14:45:42.894 INFO: JdwpDebugServer: handling req: ObjectReference(9).GetValues(2)
14:45:42.896 INFO: JdwpDebugServer: handling req: ObjectReference(9).GetValues(2)
14:45:42.896 INFO: JdwpDebugServer: handling req: ThreadReference(11).Name(1)
14:45:42.896 INFO: JdwpDebugServer: handling req: ObjectReference(9).GetValues(2)
14:45:42.897 INFO: JdwpDebugServer: handling req: ObjectReference(9).GetValues(2)
14:45:42.898 INFO: JdwpDebugServer: handling req: ObjectReference(9).GetValues(2)
14:45:42.898 INFO: JdwpDebugServer: handling req: ObjectReference(9).GetValues(2)
14:45:42.899 INFO: JdwpDebugServer: handling req: ObjectReference(9).GetValues(2)
14:45:42.899 INFO: JdwpDebugServer: handling req: ObjectReference(9).GetValues(2)
14:45:42.900 INFO: JdwpDebugServer: handling req: ObjectReference(9).GetValues(2)
14:45:42.900 INFO: JdwpDebugServer: handling req: ObjectReference(9).GetValues(2)
14:45:42.901 INFO: JdwpDebugServer: handling req: ObjectReference(9).GetValues(2)
14:45:42.901 INFO: JdwpDebugServer: handling req: ObjectReference(9).GetValues(2)
14:45:42.901 INFO: JdwpDebugServer: handling req: ObjectReference(9).GetValues(2)
14:45:42.902 INFO: JdwpDebugServer: handling req: ObjectReference(9).GetValues(2)
14:45:42.902 INFO: JdwpDebugServer: handling req: ObjectReference(9).GetValues(2)
14:45:42.902 INFO: JdwpDebugServer: handling req: StackFrame(16).ThisObject(3)
14:45:42.903 INFO: JdwpDebugServer: handling req: ObjectReference(9).ReferenceType(1)
14:45:42.904 INFO: JdwpDebugServer: handling req: ObjectReference(9).GetValues(2)
14:45:42.904 INFO: JdwpDebugServer: handling req: ObjectReference(9).GetValues(2)
14:45:42.904 INFO: JdwpDebugServer: handling req: ObjectReference(9).GetValues(2)
14:45:42.905 INFO: JdwpDebugServer: handling req: ObjectReference(9).GetValues(2)
14:45:42.905 INFO: JdwpDebugServer: handling req: ObjectReference(9).GetValues(2)
14:45:42.905 INFO: JdwpDebugServer: handling req: ObjectReference(9).GetValues(2)
14:45:42.906 INFO: JdwpDebugServer: handling req: ObjectReference(9).GetValues(2)
14:45:47.662 INFO: JdwpDebugServer: handling req: ObjectReference(9).GetValues(2)
14:45:47.663 INFO: JdwpDebugServer: handling req: ObjectReference(9).GetValues(2)
14:45:47.663 INFO: JdwpDebugServer: handling req: ObjectReference(9).GetValues(2)
14:45:47.692 INFO: JdwpDebugServer: handling req: ObjectReference(9).GetValues(2)
14:46:19.723 INFO: JdwpDebugServer: handling req: ObjectReference(9).GetValues(2)
14:46:19.725 INFO: JdwpDebugServer: handling req: ObjectReference(9).GetValues(2)
14:46:19.725 INFO: JdwpDebugServer: handling req: ObjectReference(9).GetValues(2)
14:46:19.743 INFO: JdwpDebugServer: handling req: ObjectReference(9).GetValues(2)
14:46:20.676 INFO: JdwpDebugServer: handling req: ObjectReference(9).GetValues(2)
14:46:20.677 INFO: JdwpDebugServer: handling req: ObjectReference(9).GetValues(2)
14:46:20.677 INFO: JdwpDebugServer: handling req: ObjectReference(9).GetValues(2)
14:46:20.685 INFO: JdwpDebugServer: handling req: ObjectReference(9).GetValues(2)
14:46:22.312 INFO: JdwpDebugServer: handling req: ObjectReference(9).GetValues(2)
14:46:22.313 INFO: JdwpDebugServer: handling req: ObjectReference(9).GetValues(2)
14:46:22.313 INFO: JdwpDebugServer: handling req: ObjectReference(9).GetValues(2)
14:46:22.320 INFO: JdwpDebugServer: handling req: ObjectReference(9).GetValues(2)
14:46:23.131 INFO: JdwpDebugServer: handling req: ObjectReference(9).GetValues(2)
14:46:23.133 INFO: JdwpDebugServer: handling req: ObjectReference(9).GetValues(2)
14:46:23.134 INFO: JdwpDebugServer: handling req: ObjectReference(9).GetValues(2)
14:46:23.161 INFO: JdwpDebugServer: handling req: ObjectReference(9).GetValues(2)
14:46:23.282 INFO: JdwpDebugServer: handling req: ObjectReference(9).GetValues(2)
14:46:23.285 INFO: JdwpDebugServer: handling req: ObjectReference(9).GetValues(2)
14:46:23.285 INFO: JdwpDebugServer: handling req: ObjectReference(9).GetValues(2)
14:46:23.286 INFO: JdwpDebugServer: handling req: ReferenceType(2).ClassLoader(2)
14:46:23.287 INFO: JdwpDebugServer: handling req: ObjectReference(9).GetValues(2)
14:46:23.288 INFO: JdwpDebugServer: handling req: ObjectReference(9).GetValues(2)
14:46:23.289 INFO: JdwpDebugServer: handling req: ObjectReference(9).GetValues(2)
14:46:23.289 INFO: JdwpDebugServer: handling req: ObjectReference(9).GetValues(2)
14:46:23.290 INFO: JdwpDebugServer: handling req: ObjectReference(9).GetValues(2)
14:46:23.290 INFO: JdwpDebugServer: handling req: ObjectReference(9).GetValues(2)
14:46:23.290 INFO: JdwpDebugServer: handling req: ObjectReference(9).GetValues(2)
14:46:23.291 INFO: JdwpDebugServer: handling req: ObjectReference(9).GetValues(2)
14:46:23.292 INFO: JdwpDebugServer: handling req: ObjectReference(9).GetValues(2)
14:46:23.294 INFO: JdwpDebugServer: handling req: ObjectReference(9).GetValues(2)
14:46:23.295 INFO: JdwpDebugServer: handling req: ObjectReference(9).GetValues(2)
14:46:23.295 INFO: JdwpDebugServer: handling req: ObjectReference(9).GetValues(2)
14:46:23.321 INFO: JdwpDebugServer: handling req: ObjectReference(9).GetValues(2)
14:46:23.322 INFO: JdwpDebugServer: handling req: ObjectReference(9).GetValues(2)
14:46:23.322 INFO: JdwpDebugServer: handling req: ObjectReference(9).GetValues(2)
14:46:23.323 INFO: JdwpDebugServer: handling req: ObjectReference(9).GetValues(2)
14:46:23.323 INFO: JdwpDebugServer: handling req: ObjectReference(9).GetValues(2)
14:46:23.323 INFO: JdwpDebugServer: handling req: ObjectReference(9).GetValues(2)
14:46:23.324 INFO: JdwpDebugServer: handling req: ObjectReference(9).GetValues(2)
14:46:23.337 INFO: JdwpDebugServer: handling req: ObjectReference(9).GetValues(2)
14:46:23.338 INFO: JdwpDebugServer: handling req: ObjectReference(9).GetValues(2)
14:46:23.338 INFO: JdwpDebugServer: handling req: ObjectReference(9).GetValues(2)
14:46:23.338 INFO: JdwpDebugServer: handling req: ObjectReference(9).GetValues(2)
14:46:23.339 INFO: JdwpDebugServer: handling req: ObjectReference(9).GetValues(2)
14:46:23.339 INFO: JdwpDebugServer: handling req: ObjectReference(9).GetValues(2)
14:46:28.071 INFO: JdwpDebugServer: handling req: ObjectReference(9).GetValues(2)
14:46:28.072 INFO: JdwpDebugServer: handling req: ObjectReference(9).GetValues(2)
14:46:28.072 INFO: JdwpDebugServer: handling req: ObjectReference(9).GetValues(2)
14:46:28.088 INFO: JdwpDebugServer: handling req: StackFrame(16).GetValues(1)
14:46:28.088 INFO: JdwpDebugServer: handling req: StackFrame(16).GetValues(1)
14:46:28.088 INFO: JdwpDebugServer: handling req: ClassType(3).Superclass(1)
14:46:28.089 INFO: JdwpDebugServer: handling req: StackFrame(16).GetValues(1)
14:46:28.089 INFO: JdwpDebugServer: handling req: ClassType(3).Superclass(1)
14:46:28.089 INFO: JdwpDebugServer: handling req: StackFrame(16).GetValues(1)
14:46:28.090 INFO: JdwpDebugServer: handling req: StackFrame(16).GetValues(1)
14:46:28.092 INFO: JdwpDebugServer: handling req: StackFrame(16).GetValues(1)
14:46:28.092 INFO: JdwpDebugServer: handling req: StackFrame(16).GetValues(1)
14:46:28.093 INFO: JdwpDebugServer: handling req: StackFrame(16).GetValues(1)
14:46:28.094 INFO: JdwpDebugServer: handling req: StackFrame(16).GetValues(1)
14:46:28.095 INFO: JdwpDebugServer: handling req: StackFrame(16).GetValues(1)
14:46:28.095 INFO: JdwpDebugServer: handling req: StackFrame(16).GetValues(1)
14:46:28.096 INFO: JdwpDebugServer: handling req: StackFrame(16).GetValues(1)
14:46:28.096 INFO: JdwpDebugServer: handling req: ClassType(3).Superclass(1)
14:46:28.096 INFO: JdwpDebugServer: handling req: ClassType(3).Superclass(1)
14:46:28.096 INFO: JdwpDebugServer: handling req: StackFrame(16).GetValues(1)
14:46:28.096 INFO: JdwpDebugServer: handling req: StackFrame(16).GetValues(1)
14:46:28.096 INFO: JdwpDebugServer: handling req: StackFrame(16).GetValues(1)
14:46:28.096 INFO: JdwpDebugServer: handling req: StackFrame(16).GetValues(1)
14:46:28.096 INFO: JdwpDebugServer: handling req: StackFrame(16).GetValues(1)
14:46:28.097 INFO: JdwpDebugServer: handling req: ClassType(3).Superclass(1)
14:46:28.097 INFO: JdwpDebugServer: handling req: StackFrame(16).GetValues(1)
14:46:28.098 INFO: JdwpDebugServer: handling req: ObjectReference(9).GetValues(2)
14:46:28.098 INFO: JdwpDebugServer: handling req: ObjectReference(9).GetValues(2)
14:46:28.099 INFO: JdwpDebugServer: handling req: ObjectReference(9).GetValues(2)
14:46:28.099 INFO: JdwpDebugServer: handling req: ObjectReference(9).GetValues(2)
14:46:28.099 INFO: JdwpDebugServer: handling req: ObjectReference(9).GetValues(2)
14:46:28.099 INFO: JdwpDebugServer: handling req: ObjectReference(9).GetValues(2)
14:46:28.100 INFO: JdwpDebugServer: handling req: ObjectReference(9).GetValues(2)
14:46:28.100 INFO: JdwpDebugServer: handling req: ObjectReference(9).GetValues(2)
14:46:30.440 INFO: JdwpDebugServer: handling req: ObjectReference(9).GetValues(2)
14:46:30.441 INFO: JdwpDebugServer: handling req: ObjectReference(9).GetValues(2)
14:46:30.442 INFO: JdwpDebugServer: handling req: ObjectReference(9).GetValues(2)
14:46:30.453 INFO: JdwpDebugServer: handling req: ObjectReference(9).GetValues(2)
14:46:30.455 INFO: JdwpDebugServer: handling req: ObjectReference(9).GetValues(2)
14:46:30.455 INFO: JdwpDebugServer: handling req: ObjectReference(9).GetValues(2)
14:46:30.903 INFO: JdwpDebugServer: handling req: ObjectReference(9).GetValues(2)
14:48:57.914 INFO: JdwpDebugServer: handling req: VirtualMachine(1).Exit(10)
14:48:57.922 SEVERE: Debugger: Thread JDWP server socket thread crashed
org.robovm.debugger.DebuggerException: Terminating due exit command
	at org.robovm.debugger.jdwp.JdwpDebugServer.doSocketWork(JdwpDebugServer.java:211)
	at java.base/java.lang.Thread.run(Thread.java:833)
	at org.robovm.debugger.utils.DebuggerThread.run(DebuggerThread.java:42)
14:48:57.951 SEVERE: Debugger: Thread HooksChannel socket thread crashed
org.robovm.debugger.DebuggerException: java.nio.BufferUnderflowException
	at org.robovm.debugger.hooks.HooksChannel.doSocketWork(HooksChannel.java:149)
	at java.base/java.lang.Thread.run(Thread.java:833)
	at org.robovm.debugger.utils.DebuggerThread.run(DebuggerThread.java:42)
Caused by: java.nio.BufferUnderflowException
	at org.robovm.debugger.utils.bytebuffer.DataBufferWriter.writeFromStream(DataBufferWriter.java:91)
	at org.robovm.debugger.hooks.HooksChannel.doSocketWork(HooksChannel.java:116)
	... 2 more
