08:17:45.148 INFO: JdwpEventCenterDelegate: THREAD_STARTED: thread (33, main, main)
08:17:45.216 INFO: JdwpEventCenterDelegate: THREAD_STARTED: thread (48, ReferenceQueueDaemon, main)
08:17:45.217 INFO: JdwpEventCenterDelegate: THREAD_STARTED: thread (63, FinalizerDaemon, main)
08:17:45.220 INFO: JdwpEventCenterDelegate: THREAD_STARTED: thread (78, FinalizerWatchdogDaemon, main)
08:17:47.439 INFO: JdwpDebugServer: handling req: VirtualMachine(1).IDSizes(7)
08:17:47.440 INFO: JdwpDebugServer: handling req: EventRequest(15).Set(1)
08:17:47.440 INFO: JdwpEventCenterDelegate: jdwpSetEventRequest: JdwpEventRequest{requestId=100, eventKind=CLASS_UNLOAD, suspendPolicy=NONE, predicates=[]}
08:17:47.441 INFO: JdwpDebugServer: handling req: EventRequest(15).Set(1)
08:17:47.441 INFO: JdwpEventCenterDelegate: jdwpSetEventRequest: JdwpEventRequest{requestId=101, eventKind=THREAD_START, suspendPolicy=NONE, predicates=[]}
08:17:47.442 INFO: JdwpDebugServer: handling req: VirtualMachine(1).ClassesBySignature(2)
08:17:47.446 INFO: JdwpDebugServer: handling req: VirtualMachine(1).Version(1)
08:17:47.450 INFO: JdwpDebugServer: handling req: ReferenceType(2).MethodsWithGeneric(15)
08:17:47.452 INFO: JdwpDebugServer: handling req: Method(6).LineTable(1)
08:17:47.453 INFO: JdwpDebugServer: handling req: EventRequest(15).Set(1)
08:17:47.453 INFO: JdwpEventCenterDelegate: jdwpSetEventRequest: JdwpEventRequest{requestId=102, eventKind=BREAKPOINT, suspendPolicy=NONE, predicates=[Location{classId=845, methodId=257, index=928} ]}
08:17:47.454 INFO: JdwpDebugServer: handling req: EventRequest(15).Set(1)
08:17:47.454 INFO: JdwpEventCenterDelegate: jdwpSetEventRequest: JdwpEventRequest{requestId=103, eventKind=THREAD_DEATH, suspendPolicy=NONE, predicates=[]}
08:17:47.455 INFO: JdwpDebugServer: handling req: VirtualMachine(1).AllThreads(4)
08:17:47.455 INFO: JdwpDebugServer: handling req: ThreadReference(11).ThreadGroup(5)
08:17:47.457 INFO: JdwpDebugServer: handling req: ThreadGroup(12).Name(1)
08:17:47.458 INFO: JdwpDebugServer: handling req: ThreadGroup(12).Parent(2)
08:17:47.458 INFO: JdwpDebugServer: handling req: ObjectReference(9).ReferenceType(1)
08:17:47.459 INFO: JdwpDebugServer: handling req: ReferenceType(2).FieldsWithGeneric(14)
08:17:47.459 INFO: JdwpDebugServer: handling req: ReferenceType(2).Interfaces(10)
08:17:47.460 INFO: JdwpDebugServer: handling req: ReferenceType(2).FieldsWithGeneric(14)
08:17:47.460 INFO: JdwpDebugServer: handling req: ReferenceType(2).Interfaces(10)
08:17:47.461 INFO: JdwpDebugServer: handling req: ClassType(3).Superclass(1)
08:17:47.462 INFO: JdwpDebugServer: handling req: ReferenceType(2).FieldsWithGeneric(14)
08:17:47.463 INFO: JdwpDebugServer: handling req: ReferenceType(2).Interfaces(10)
08:17:47.464 INFO: JdwpDebugServer: handling req: ClassType(3).Superclass(1)
08:17:47.464 INFO: JdwpDebugServer: handling req: ObjectReference(9).GetValues(2)
08:17:47.465 INFO: JdwpDebugServer: handling req: ThreadReference(11).Status(4)
08:17:47.465 INFO: JdwpDebugServer: handling req: ThreadReference(11).Status(4)
08:17:47.465 INFO: JdwpDebugServer: handling req: ThreadReference(11).ThreadGroup(5)
08:17:47.466 INFO: JdwpDebugServer: handling req: ObjectReference(9).ReferenceType(1)
08:17:47.466 INFO: JdwpDebugServer: handling req: ObjectReference(9).GetValues(2)
08:17:47.467 INFO: JdwpDebugServer: handling req: ThreadReference(11).Status(4)
08:17:47.467 INFO: JdwpDebugServer: handling req: ThreadReference(11).Status(4)
08:17:47.467 INFO: JdwpDebugServer: handling req: ThreadReference(11).ThreadGroup(5)
08:17:47.467 INFO: JdwpDebugServer: handling req: ObjectReference(9).ReferenceType(1)
08:17:47.468 INFO: JdwpDebugServer: handling req: ObjectReference(9).GetValues(2)
08:17:47.469 INFO: JdwpDebugServer: handling req: ThreadReference(11).Status(4)
08:17:47.469 INFO: JdwpDebugServer: handling req: ThreadReference(11).Status(4)
08:17:47.470 INFO: JdwpDebugServer: handling req: ThreadReference(11).ThreadGroup(5)
08:17:47.470 INFO: JdwpDebugServer: handling req: ObjectReference(9).ReferenceType(1)
08:17:47.470 INFO: JdwpDebugServer: handling req: ObjectReference(9).GetValues(2)
08:17:47.471 INFO: JdwpDebugServer: handling req: ThreadReference(11).Status(4)
08:17:47.472 INFO: JdwpDebugServer: handling req: ThreadReference(11).Status(4)
08:17:47.474 INFO: JdwpDebugServer: handling req: EventRequest(15).Set(1)
08:17:47.475 INFO: JdwpEventCenterDelegate: jdwpSetEventRequest: JdwpEventRequest{requestId=104, eventKind=CLASS_PREPARE, suspendPolicy=EVENT_THREAD, predicates=[className=com.abdalla.bushnaq.pluvia.engine.AudioManager]}
08:17:47.479 INFO: JdwpDebugServer: handling req: EventRequest(15).Set(1)
08:17:47.479 INFO: JdwpEventCenterDelegate: jdwpSetEventRequest: JdwpEventRequest{requestId=105, eventKind=CLASS_PREPARE, suspendPolicy=EVENT_THREAD, predicates=[className=com.abdalla.bushnaq.pluvia.engine.AudioManager$*]}
08:17:47.481 INFO: JdwpDebugServer: handling req: VirtualMachine(1).ClassesBySignature(2)
08:17:47.481 INFO: JdwpDebugServer: handling req: ReferenceType(2).MethodsWithGeneric(15)
08:17:47.482 INFO: JdwpDebugServer: handling req: Method(6).LineTable(1)
08:17:47.482 INFO: JdwpDebugServer: handling req: Method(6).LineTable(1)
08:17:47.482 INFO: JdwpDebugServer: handling req: Method(6).LineTable(1)
08:17:47.483 INFO: JdwpDebugServer: handling req: Method(6).LineTable(1)
08:17:47.483 INFO: JdwpDebugServer: handling req: VirtualMachine(1).ClassesBySignature(2)
08:17:47.483 INFO: JdwpDebugServer: handling req: VirtualMachine(1).AllClassesWithGeneric(20)
08:17:47.499 INFO: JdwpDebugServer: handling req: VirtualMachine(1).capabilitiesNew(17)
08:17:47.502 INFO: JdwpDebugServer: handling req: ThreadReference(11).SuspendCount(12)
08:17:47.502 INFO: JdwpDebugServer: handling req: ThreadReference(11).SuspendCount(12)
08:17:47.503 INFO: JdwpDebugServer: handling req: ThreadReference(11).SuspendCount(12)
08:17:47.503 INFO: JdwpDebugServer: handling req: ThreadReference(11).SuspendCount(12)
08:17:47.503 INFO: JdwpDebugServer: handling req: VirtualMachine(1).AllThreads(4)
08:17:47.503 INFO: JdwpDebugServer: handling req: VirtualMachine(1).Resume(9)
08:17:47.559 INFO: JdwpEventCenterDelegate: THREAD_RESUMED: thread (33, main, main)
08:17:47.561 INFO: JdwpEventCenterDelegate: THREAD_RESUMED: thread (33, main, main)
08:17:47.562 INFO: JdwpEventCenterDelegate: THREAD_RESUMED: thread (33, main, main)
08:17:47.563 INFO: JdwpEventCenterDelegate: THREAD_RESUMED: thread (33, main, main)
08:17:47.563 INFO: JdwpEventCenterDelegate: THREAD_RESUMED: thread (33, main, main)
08:17:47.564 INFO: JdwpEventCenterDelegate: THREAD_RESUMED: thread (33, main, main)
08:17:47.564 INFO: JdwpEventCenterDelegate: THREAD_RESUMED: thread (33, main, main)
08:17:47.566 INFO: JdwpEventCenterDelegate: THREAD_RESUMED: thread (33, main, main)
08:17:47.567 INFO: JdwpEventCenterDelegate: THREAD_RESUMED: thread (33, main, main)
08:17:47.567 INFO: JdwpEventCenterDelegate: THREAD_RESUMED: thread (33, main, main)
08:17:47.568 INFO: JdwpEventCenterDelegate: THREAD_RESUMED: thread (33, main, main)
08:17:47.574 INFO: JdwpEventCenterDelegate: THREAD_RESUMED: thread (33, main, main)
08:17:47.574 INFO: JdwpEventCenterDelegate: THREAD_RESUMED: thread (33, main, main)
08:17:47.574 INFO: JdwpEventCenterDelegate: THREAD_RESUMED: thread (33, main, main)
08:17:47.642 INFO: JdwpEventCenterDelegate: THREAD_RESUMED: thread (33, main, main)
08:17:47.642 INFO: JdwpEventCenterDelegate: THREAD_RESUMED: thread (33, main, main)
08:17:47.643 INFO: JdwpEventCenterDelegate: THREAD_RESUMED: thread (33, main, main)
08:17:47.651 INFO: JdwpEventCenterDelegate: THREAD_RESUMED: thread (33, main, main)
08:17:47.651 INFO: JdwpEventCenterDelegate: THREAD_RESUMED: thread (33, main, main)
08:17:47.652 INFO: JdwpEventCenterDelegate: THREAD_RESUMED: thread (33, main, main)
08:17:47.898 INFO: JdwpEventCenterDelegate: THREAD_RESUMED: thread (33, main, main)
08:17:47.899 INFO: JdwpEventCenterDelegate: THREAD_RESUMED: thread (33, main, main)
08:17:47.899 INFO: JdwpEventCenterDelegate: THREAD_RESUMED: thread (33, main, main)
08:17:47.958 INFO: JdwpEventCenterDelegate: THREAD_RESUMED: thread (33, main, main)
08:17:47.958 INFO: JdwpEventCenterDelegate: THREAD_RESUMED: thread (33, main, main)
08:17:47.959 INFO: JdwpEventCenterDelegate: THREAD_RESUMED: thread (33, main, main)
08:17:47.983 INFO: JdwpEventCenterDelegate: THREAD_RESUMED: thread (33, main, main)
08:17:47.985 INFO: JdwpEventCenterDelegate: THREAD_RESUMED: thread (33, main, main)
08:17:47.986 INFO: JdwpEventCenterDelegate: THREAD_RESUMED: thread (33, main, main)
08:17:48.009 INFO: JdwpEventCenterDelegate: THREAD_RESUMED: thread (33, main, main)
08:17:48.009 INFO: JdwpEventCenterDelegate: THREAD_RESUMED: thread (33, main, main)
08:17:48.010 INFO: JdwpEventCenterDelegate: THREAD_RESUMED: thread (33, main, main)
08:17:48.011 INFO: JdwpEventCenterDelegate: THREAD_RESUMED: thread (33, main, main)
08:17:48.018 INFO: JdwpEventCenterDelegate: THREAD_RESUMED: thread (33, main, main)
08:17:48.019 INFO: JdwpEventCenterDelegate: THREAD_RESUMED: thread (33, main, main)
08:17:48.556 INFO: JdwpEventCenterDelegate: THREAD_RESUMED: thread (33, main, main)
08:17:48.557 INFO: JdwpEventCenterDelegate: THREAD_RESUMED: thread (33, main, main)
08:17:48.575 INFO: JdwpEventCenterDelegate: THREAD_RESUMED: thread (33, main, main)
08:17:48.576 INFO: JdwpEventCenterDelegate: THREAD_RESUMED: thread (33, main, main)
08:17:48.576 INFO: JdwpEventCenterDelegate: THREAD_RESUMED: thread (33, main, main)
08:17:48.577 INFO: JdwpEventCenterDelegate: THREAD_RESUMED: thread (33, main, main)
08:17:48.648 INFO: JdwpEventCenterDelegate: THREAD_RESUMED: thread (33, main, main)
08:17:49.016 INFO: JdwpEventCenterDelegate: THREAD_RESUMED: thread (33, main, main)
08:17:49.016 INFO: JdwpEventCenterDelegate: THREAD_RESUMED: thread (33, main, main)
08:17:49.017 INFO: JdwpEventCenterDelegate: THREAD_RESUMED: thread (33, main, main)
08:17:49.018 INFO: JdwpEventCenterDelegate: THREAD_RESUMED: thread (33, main, main)
08:17:49.019 INFO: JdwpEventCenterDelegate: THREAD_RESUMED: thread (33, main, main)
08:17:49.020 INFO: JdwpEventCenterDelegate: THREAD_RESUMED: thread (33, main, main)
08:17:49.070 INFO: JdwpEventCenterDelegate: THREAD_RESUMED: thread (33, main, main)
08:17:49.073 INFO: JdwpEventCenterDelegate: THREAD_RESUMED: thread (33, main, main)
08:17:49.074 INFO: JdwpEventCenterDelegate: THREAD_RESUMED: thread (33, main, main)
08:17:49.075 INFO: JdwpEventCenterDelegate: THREAD_RESUMED: thread (33, main, main)
08:17:49.077 INFO: JdwpEventCenterDelegate: THREAD_RESUMED: thread (33, main, main)
08:17:49.078 INFO: JdwpEventCenterDelegate: THREAD_RESUMED: thread (33, main, main)
08:17:49.080 INFO: JdwpEventCenterDelegate: THREAD_RESUMED: thread (33, main, main)
08:17:49.097 INFO: JdwpEventCenterDelegate: THREAD_RESUMED: thread (33, main, main)
08:17:49.112 INFO: JdwpEventCenterDelegate: THREAD_RESUMED: thread (33, main, main)
08:17:49.125 INFO: JdwpEventCenterDelegate: THREAD_RESUMED: thread (33, main, main)
08:17:49.139 INFO: JdwpEventCenterDelegate: THREAD_RESUMED: thread (33, main, main)
08:17:49.157 INFO: JdwpEventCenterDelegate: THREAD_RESUMED: thread (33, main, main)
08:17:49.175 INFO: JdwpEventCenterDelegate: THREAD_RESUMED: thread (33, main, main)
08:17:49.181 INFO: JdwpEventCenterDelegate: THREAD_RESUMED: thread (33, main, main)
08:17:49.186 INFO: JdwpEventCenterDelegate: THREAD_RESUMED: thread (33, main, main)
08:17:49.191 INFO: JdwpEventCenterDelegate: THREAD_RESUMED: thread (33, main, main)
08:17:49.196 INFO: JdwpEventCenterDelegate: THREAD_RESUMED: thread (33, main, main)
08:17:49.201 INFO: JdwpEventCenterDelegate: THREAD_RESUMED: thread (33, main, main)
08:17:49.211 INFO: JdwpEventCenterDelegate: THREAD_RESUMED: thread (33, main, main)
08:17:49.216 INFO: JdwpEventCenterDelegate: THREAD_RESUMED: thread (33, main, main)
08:17:49.221 INFO: JdwpEventCenterDelegate: THREAD_RESUMED: thread (33, main, main)
08:17:49.227 INFO: JdwpEventCenterDelegate: THREAD_RESUMED: thread (33, main, main)
08:17:49.231 INFO: JdwpEventCenterDelegate: THREAD_RESUMED: thread (33, main, main)
08:17:49.239 INFO: JdwpEventCenterDelegate: THREAD_RESUMED: thread (33, main, main)
08:17:49.245 INFO: JdwpEventCenterDelegate: THREAD_RESUMED: thread (33, main, main)
08:17:49.247 INFO: JdwpEventCenterDelegate: THREAD_RESUMED: thread (33, main, main)
08:17:49.248 INFO: JdwpEventCenterDelegate: THREAD_RESUMED: thread (33, main, main)
08:17:49.250 INFO: JdwpEventCenterDelegate: THREAD_RESUMED: thread (33, main, main)
08:17:49.252 INFO: JdwpEventCenterDelegate: THREAD_RESUMED: thread (33, main, main)
08:17:49.254 INFO: JdwpEventCenterDelegate: THREAD_RESUMED: thread (33, main, main)
08:17:49.256 INFO: JdwpEventCenterDelegate: THREAD_RESUMED: thread (33, main, main)
08:17:49.257 INFO: JdwpEventCenterDelegate: THREAD_RESUMED: thread (33, main, main)
08:17:49.258 INFO: JdwpEventCenterDelegate: THREAD_RESUMED: thread (33, main, main)
08:17:49.259 INFO: JdwpEventCenterDelegate: THREAD_RESUMED: thread (33, main, main)
08:17:49.260 INFO: JdwpEventCenterDelegate: THREAD_RESUMED: thread (33, main, main)
08:17:49.261 INFO: JdwpEventCenterDelegate: THREAD_RESUMED: thread (33, main, main)
08:17:49.263 INFO: JdwpEventCenterDelegate: THREAD_RESUMED: thread (33, main, main)
08:17:49.264 INFO: JdwpEventCenterDelegate: THREAD_RESUMED: thread (33, main, main)
08:17:49.267 INFO: JdwpEventCenterDelegate: THREAD_RESUMED: thread (33, main, main)
08:17:49.267 INFO: JdwpEventCenterDelegate: THREAD_RESUMED: thread (33, main, main)
08:17:49.269 INFO: JdwpEventCenterDelegate: THREAD_RESUMED: thread (33, main, main)
08:17:49.269 INFO: JdwpEventCenterDelegate: THREAD_RESUMED: thread (33, main, main)
08:17:49.270 INFO: JdwpEventCenterDelegate: THREAD_RESUMED: thread (33, main, main)
08:17:49.271 INFO: JdwpEventCenterDelegate: THREAD_RESUMED: thread (33, main, main)
08:17:49.272 INFO: JdwpEventCenterDelegate: THREAD_RESUMED: thread (33, main, main)
08:17:49.273 INFO: JdwpEventCenterDelegate: THREAD_RESUMED: thread (33, main, main)
08:17:49.274 INFO: JdwpEventCenterDelegate: THREAD_RESUMED: thread (33, main, main)
08:17:49.275 INFO: JdwpEventCenterDelegate: THREAD_RESUMED: thread (33, main, main)
08:17:49.276 INFO: JdwpEventCenterDelegate: THREAD_RESUMED: thread (33, main, main)
08:17:49.277 INFO: JdwpEventCenterDelegate: THREAD_RESUMED: thread (33, main, main)
08:17:49.278 INFO: JdwpEventCenterDelegate: THREAD_RESUMED: thread (33, main, main)
08:17:49.279 INFO: JdwpEventCenterDelegate: THREAD_RESUMED: thread (33, main, main)
08:17:49.280 INFO: JdwpEventCenterDelegate: THREAD_RESUMED: thread (33, main, main)
08:17:49.281 INFO: JdwpEventCenterDelegate: THREAD_RESUMED: thread (33, main, main)
08:17:49.282 INFO: JdwpEventCenterDelegate: THREAD_RESUMED: thread (33, main, main)
08:17:49.283 INFO: JdwpEventCenterDelegate: THREAD_RESUMED: thread (33, main, main)
08:17:49.284 INFO: JdwpEventCenterDelegate: THREAD_RESUMED: thread (33, main, main)
08:17:49.284 INFO: JdwpEventCenterDelegate: THREAD_RESUMED: thread (33, main, main)
08:17:49.285 INFO: JdwpEventCenterDelegate: THREAD_RESUMED: thread (33, main, main)
08:17:49.287 INFO: JdwpEventCenterDelegate: THREAD_RESUMED: thread (33, main, main)
08:17:49.290 INFO: JdwpEventCenterDelegate: THREAD_RESUMED: thread (33, main, main)
08:17:49.291 INFO: JdwpEventCenterDelegate: THREAD_RESUMED: thread (33, main, main)
08:17:49.293 INFO: JdwpEventCenterDelegate: THREAD_RESUMED: thread (33, main, main)
08:17:49.294 INFO: JdwpEventCenterDelegate: THREAD_RESUMED: thread (33, main, main)
08:17:49.294 INFO: JdwpEventCenterDelegate: THREAD_RESUMED: thread (33, main, main)
08:17:49.295 INFO: JdwpEventCenterDelegate: THREAD_RESUMED: thread (33, main, main)
08:17:49.296 INFO: JdwpEventCenterDelegate: THREAD_RESUMED: thread (33, main, main)
08:17:49.297 INFO: JdwpEventCenterDelegate: THREAD_RESUMED: thread (33, main, main)
08:17:49.299 INFO: JdwpEventCenterDelegate: THREAD_RESUMED: thread (33, main, main)
08:17:49.300 INFO: JdwpEventCenterDelegate: THREAD_RESUMED: thread (33, main, main)
08:17:49.301 INFO: JdwpEventCenterDelegate: THREAD_RESUMED: thread (33, main, main)
08:17:49.302 INFO: JdwpEventCenterDelegate: THREAD_RESUMED: thread (33, main, main)
08:17:49.303 INFO: JdwpEventCenterDelegate: THREAD_RESUMED: thread (33, main, main)
08:17:49.305 INFO: JdwpEventCenterDelegate: THREAD_RESUMED: thread (33, main, main)
08:17:49.306 INFO: JdwpEventCenterDelegate: THREAD_RESUMED: thread (33, main, main)
08:17:49.307 INFO: JdwpEventCenterDelegate: THREAD_RESUMED: thread (33, main, main)
08:17:49.308 INFO: JdwpEventCenterDelegate: THREAD_RESUMED: thread (33, main, main)
08:17:49.309 INFO: JdwpEventCenterDelegate: THREAD_RESUMED: thread (33, main, main)
08:17:49.561 INFO: JdwpDebugServer: handling req: ThreadReference(11).Resume(3)
08:17:49.563 INFO: JdwpEventCenterDelegate: THREAD_RESUMED: thread (33, main, main)
08:17:49.666 INFO: JdwpEventCenterDelegate: THREAD_RESUMED: thread (33, main, main)
08:17:49.691 INFO: JdwpEventCenterDelegate: THREAD_RESUMED: thread (33, main, main)
08:17:49.692 INFO: JdwpEventCenterDelegate: THREAD_RESUMED: thread (33, main, main)
08:17:49.693 INFO: JdwpEventCenterDelegate: THREAD_RESUMED: thread (33, main, main)
08:17:49.945 INFO: JdwpEventCenterDelegate: THREAD_RESUMED: thread (33, main, main)
08:17:49.949 INFO: JdwpEventCenterDelegate: THREAD_RESUMED: thread (33, main, main)
08:17:49.988 INFO: JdwpEventCenterDelegate: THREAD_RESUMED: thread (33, main, main)
08:17:49.989 INFO: JdwpEventCenterDelegate: THREAD_RESUMED: thread (33, main, main)
08:17:50.015 INFO: JdwpEventCenterDelegate: THREAD_RESUMED: thread (33, main, main)
08:17:50.016 INFO: JdwpEventCenterDelegate: THREAD_RESUMED: thread (33, main, main)
08:17:50.017 INFO: JdwpEventCenterDelegate: THREAD_RESUMED: thread (33, main, main)
08:17:50.019 INFO: JdwpEventCenterDelegate: THREAD_RESUMED: thread (33, main, main)
08:17:50.019 INFO: JdwpEventCenterDelegate: THREAD_RESUMED: thread (33, main, main)
08:17:50.020 INFO: JdwpEventCenterDelegate: THREAD_RESUMED: thread (33, main, main)
08:18:00.626 INFO: JdwpEventCenterDelegate: THREAD_RESUMED: thread (33, main, main)
08:18:00.627 INFO: JdwpEventCenterDelegate: THREAD_RESUMED: thread (33, main, main)
08:19:12.760 INFO: JdwpDebugServer: handling req: VirtualMachine(1).Exit(10)
08:19:12.764 SEVERE: Debugger: Thread JDWP server socket thread crashed
org.robovm.debugger.DebuggerException: Terminating due exit command
	at org.robovm.debugger.jdwp.JdwpDebugServer.doSocketWork(JdwpDebugServer.java:211)
	at java.base/java.lang.Thread.run(Thread.java:833)
	at org.robovm.debugger.utils.DebuggerThread.run(DebuggerThread.java:42)
08:19:12.803 SEVERE: Debugger: Thread HooksChannel socket thread crashed
org.robovm.debugger.DebuggerException: java.nio.BufferUnderflowException
	at org.robovm.debugger.hooks.HooksChannel.doSocketWork(HooksChannel.java:149)
	at java.base/java.lang.Thread.run(Thread.java:833)
	at org.robovm.debugger.utils.DebuggerThread.run(DebuggerThread.java:42)
Caused by: java.nio.BufferUnderflowException
	at org.robovm.debugger.utils.bytebuffer.DataBufferWriter.writeFromStream(DataBufferWriter.java:91)
	at org.robovm.debugger.hooks.HooksChannel.doSocketWork(HooksChannel.java:116)
	... 2 more
