11:50:45.611 INFO: JdwpEventCenterDelegate: THREAD_STARTED: thread (33, main, main)
11:50:45.676 INFO: JdwpEventCenterDelegate: THREAD_STARTED: thread (48, ReferenceQueueDaemon, main)
11:50:45.677 INFO: JdwpEventCenterDelegate: THREAD_STARTED: thread (63, FinalizerDaemon, main)
11:50:45.678 INFO: JdwpEventCenterDelegate: THREAD_STARTED: thread (78, FinalizerWatchdogDaemon, main)
11:50:47.347 INFO: JdwpDebugServer: handling req: VirtualMachine(1).IDSizes(7)
11:50:47.349 INFO: JdwpDebugServer: handling req: EventRequest(15).Set(1)
11:50:47.350 INFO: JdwpEventCenterDelegate: jdwpSetEventRequest: JdwpEventRequest{requestId=100, eventKind=CLASS_UNLOAD, suspendPolicy=NONE, predicates=[]}
11:50:47.350 INFO: JdwpDebugServer: handling req: EventRequest(15).Set(1)
11:50:47.350 INFO: JdwpEventCenterDelegate: jdwpSetEventRequest: JdwpEventRequest{requestId=101, eventKind=THREAD_START, suspendPolicy=NONE, predicates=[]}
11:50:47.351 INFO: JdwpDebugServer: handling req: VirtualMachine(1).ClassesBySignature(2)
11:50:47.353 INFO: JdwpDebugServer: handling req: VirtualMachine(1).Version(1)
11:50:47.355 INFO: JdwpDebugServer: handling req: ReferenceType(2).MethodsWithGeneric(15)
11:50:47.357 INFO: JdwpDebugServer: handling req: Method(6).LineTable(1)
11:50:47.359 INFO: JdwpDebugServer: handling req: EventRequest(15).Set(1)
11:50:47.360 INFO: JdwpEventCenterDelegate: jdwpSetEventRequest: JdwpEventRequest{requestId=102, eventKind=BREAKPOINT, suspendPolicy=NONE, predicates=[Location{classId=845, methodId=257, index=928} ]}
11:50:47.360 INFO: JdwpDebugServer: handling req: EventRequest(15).Set(1)
11:50:47.360 INFO: JdwpEventCenterDelegate: jdwpSetEventRequest: JdwpEventRequest{requestId=103, eventKind=THREAD_DEATH, suspendPolicy=NONE, predicates=[]}
11:50:47.361 INFO: JdwpDebugServer: handling req: VirtualMachine(1).AllThreads(4)
11:50:47.362 INFO: JdwpDebugServer: handling req: ThreadReference(11).ThreadGroup(5)
11:50:47.362 INFO: JdwpDebugServer: handling req: ThreadGroup(12).Name(1)
11:50:47.362 INFO: JdwpDebugServer: handling req: ThreadGroup(12).Parent(2)
11:50:47.363 INFO: JdwpDebugServer: handling req: ObjectReference(9).ReferenceType(1)
11:50:47.363 INFO: JdwpDebugServer: handling req: ReferenceType(2).FieldsWithGeneric(14)
11:50:47.364 INFO: JdwpDebugServer: handling req: ReferenceType(2).Interfaces(10)
11:50:47.365 INFO: JdwpDebugServer: handling req: ReferenceType(2).FieldsWithGeneric(14)
11:50:47.365 INFO: JdwpDebugServer: handling req: ReferenceType(2).Interfaces(10)
11:50:47.366 INFO: JdwpDebugServer: handling req: ClassType(3).Superclass(1)
11:50:47.366 INFO: JdwpDebugServer: handling req: ReferenceType(2).FieldsWithGeneric(14)
11:50:47.366 INFO: JdwpDebugServer: handling req: ReferenceType(2).Interfaces(10)
11:50:47.366 INFO: JdwpDebugServer: handling req: ClassType(3).Superclass(1)
11:50:47.367 INFO: JdwpDebugServer: handling req: ObjectReference(9).GetValues(2)
11:50:47.369 INFO: JdwpDebugServer: handling req: ThreadReference(11).Status(4)
11:50:47.369 INFO: JdwpDebugServer: handling req: ThreadReference(11).Status(4)
11:50:47.370 INFO: JdwpDebugServer: handling req: ThreadReference(11).ThreadGroup(5)
11:50:47.370 INFO: JdwpDebugServer: handling req: ObjectReference(9).ReferenceType(1)
11:50:47.370 INFO: JdwpDebugServer: handling req: ObjectReference(9).GetValues(2)
11:50:47.370 INFO: JdwpDebugServer: handling req: ThreadReference(11).Status(4)
11:50:47.371 INFO: JdwpDebugServer: handling req: ThreadReference(11).Status(4)
11:50:47.371 INFO: JdwpDebugServer: handling req: ThreadReference(11).ThreadGroup(5)
11:50:47.371 INFO: JdwpDebugServer: handling req: ObjectReference(9).ReferenceType(1)
11:50:47.371 INFO: JdwpDebugServer: handling req: ObjectReference(9).GetValues(2)
11:50:47.372 INFO: JdwpDebugServer: handling req: ThreadReference(11).Status(4)
11:50:47.372 INFO: JdwpDebugServer: handling req: ThreadReference(11).Status(4)
11:50:47.372 INFO: JdwpDebugServer: handling req: ThreadReference(11).ThreadGroup(5)
11:50:47.372 INFO: JdwpDebugServer: handling req: ObjectReference(9).ReferenceType(1)
11:50:47.372 INFO: JdwpDebugServer: handling req: ObjectReference(9).GetValues(2)
11:50:47.373 INFO: JdwpDebugServer: handling req: ThreadReference(11).Status(4)
11:50:47.373 INFO: JdwpDebugServer: handling req: ThreadReference(11).Status(4)
11:50:47.375 INFO: JdwpDebugServer: handling req: EventRequest(15).Set(1)
11:50:47.375 INFO: JdwpEventCenterDelegate: jdwpSetEventRequest: JdwpEventRequest{requestId=104, eventKind=CLASS_PREPARE, suspendPolicy=EVENT_THREAD, predicates=[className=com.badlogic.gdx.graphics.g3d.utils.BaseShaderProvider]}
11:50:47.381 INFO: JdwpDebugServer: handling req: EventRequest(15).Set(1)
11:50:47.381 INFO: JdwpEventCenterDelegate: jdwpSetEventRequest: JdwpEventRequest{requestId=105, eventKind=CLASS_PREPARE, suspendPolicy=EVENT_THREAD, predicates=[className=com.badlogic.gdx.graphics.g3d.utils.BaseShaderProvider$*]}
11:50:47.383 INFO: JdwpDebugServer: handling req: VirtualMachine(1).ClassesBySignature(2)
11:50:47.383 INFO: JdwpDebugServer: handling req: ReferenceType(2).MethodsWithGeneric(15)
11:50:47.384 INFO: JdwpDebugServer: handling req: Method(6).LineTable(1)
11:50:47.384 INFO: JdwpDebugServer: handling req: Method(6).LineTable(1)
11:50:47.385 INFO: JdwpDebugServer: handling req: Method(6).LineTable(1)
11:50:47.385 INFO: JdwpDebugServer: handling req: ReferenceType(2).Signature(1)
11:50:47.389 INFO: JdwpDebugServer: handling req: VirtualMachine(1).capabilitiesNew(17)
11:50:47.392 INFO: JdwpDebugServer: handling req: EventRequest(15).Set(1)
11:50:47.392 INFO: JdwpEventCenterDelegate: jdwpSetEventRequest: JdwpEventRequest{requestId=106, eventKind=CLASS_PREPARE, suspendPolicy=EVENT_THREAD, predicates=[className=java.lang.Error]}
11:50:47.394 INFO: JdwpDebugServer: handling req: EventRequest(15).Set(1)
11:50:47.394 INFO: JdwpEventCenterDelegate: jdwpSetEventRequest: JdwpEventRequest{requestId=107, eventKind=CLASS_PREPARE, suspendPolicy=EVENT_THREAD, predicates=[className=java.lang.Error$*]}
11:50:47.395 INFO: JdwpDebugServer: handling req: VirtualMachine(1).ClassesBySignature(2)
11:50:47.396 INFO: JdwpDebugServer: handling req: EventRequest(15).Set(1)
11:50:47.396 INFO: JdwpEventCenterDelegate: jdwpSetEventRequest: JdwpEventRequest{requestId=108, eventKind=EXCEPTION, suspendPolicy=EVENT_THREAD, predicates=[exceptionType=3425(caught=true, uncaught=true)]}
11:50:47.396 INFO: JdwpDebugServer: handling req: ReferenceType(2).Signature(1)
11:50:47.412 INFO: JdwpDebugServer: handling req: EventRequest(15).Set(1)
11:50:47.412 INFO: JdwpEventCenterDelegate: jdwpSetEventRequest: JdwpEventRequest{requestId=109, eventKind=CLASS_PREPARE, suspendPolicy=EVENT_THREAD, predicates=[className=java.lang.Throwable]}
11:50:47.413 INFO: JdwpDebugServer: handling req: EventRequest(15).Set(1)
11:50:47.413 INFO: JdwpEventCenterDelegate: jdwpSetEventRequest: JdwpEventRequest{requestId=110, eventKind=CLASS_PREPARE, suspendPolicy=EVENT_THREAD, predicates=[className=java.lang.Throwable$*]}
11:50:47.414 INFO: JdwpDebugServer: handling req: VirtualMachine(1).ClassesBySignature(2)
11:50:47.414 INFO: JdwpDebugServer: handling req: EventRequest(15).Set(1)
11:50:47.414 INFO: JdwpEventCenterDelegate: jdwpSetEventRequest: JdwpEventRequest{requestId=111, eventKind=EXCEPTION, suspendPolicy=EVENT_THREAD, predicates=[exceptionType=7695(caught=false, uncaught=true)]}
11:50:47.414 INFO: JdwpDebugServer: handling req: ReferenceType(2).Signature(1)
11:50:47.416 INFO: JdwpDebugServer: handling req: ThreadReference(11).SuspendCount(12)
11:50:47.416 INFO: JdwpDebugServer: handling req: ThreadReference(11).SuspendCount(12)
11:50:47.416 INFO: JdwpDebugServer: handling req: ThreadReference(11).SuspendCount(12)
11:50:47.417 INFO: JdwpDebugServer: handling req: ThreadReference(11).SuspendCount(12)
11:50:47.417 INFO: JdwpDebugServer: handling req: VirtualMachine(1).AllThreads(4)
11:50:47.417 INFO: JdwpDebugServer: handling req: VirtualMachine(1).Resume(9)
11:50:47.504 INFO: JdwpEventCenterDelegate: THREAD_RESUMED: thread (33, main, main)
11:50:47.504 INFO: JdwpEventCenterDelegate: THREAD_RESUMED: thread (33, main, main)
11:50:47.505 INFO: JdwpEventCenterDelegate: THREAD_RESUMED: thread (33, main, main)
11:50:47.506 INFO: JdwpEventCenterDelegate: THREAD_RESUMED: thread (33, main, main)
11:50:47.506 INFO: JdwpEventCenterDelegate: THREAD_RESUMED: thread (33, main, main)
11:50:47.506 INFO: JdwpEventCenterDelegate: THREAD_RESUMED: thread (33, main, main)
11:50:47.507 INFO: JdwpEventCenterDelegate: THREAD_RESUMED: thread (33, main, main)
11:50:47.508 INFO: JdwpEventCenterDelegate: THREAD_RESUMED: thread (33, main, main)
11:50:47.509 INFO: JdwpEventCenterDelegate: THREAD_RESUMED: thread (33, main, main)
11:50:47.509 INFO: JdwpEventCenterDelegate: THREAD_RESUMED: thread (33, main, main)
11:50:47.509 INFO: JdwpEventCenterDelegate: THREAD_RESUMED: thread (33, main, main)
11:50:47.515 INFO: JdwpEventCenterDelegate: THREAD_RESUMED: thread (33, main, main)
11:50:47.515 INFO: JdwpEventCenterDelegate: THREAD_RESUMED: thread (33, main, main)
11:50:47.516 INFO: JdwpEventCenterDelegate: THREAD_RESUMED: thread (33, main, main)
11:50:47.578 INFO: JdwpEventCenterDelegate: THREAD_RESUMED: thread (33, main, main)
11:50:47.578 INFO: JdwpEventCenterDelegate: THREAD_RESUMED: thread (33, main, main)
11:50:47.579 INFO: JdwpEventCenterDelegate: THREAD_RESUMED: thread (33, main, main)
11:50:47.587 INFO: JdwpEventCenterDelegate: THREAD_RESUMED: thread (33, main, main)
11:50:47.587 INFO: JdwpEventCenterDelegate: THREAD_RESUMED: thread (33, main, main)
11:50:47.588 INFO: JdwpEventCenterDelegate: THREAD_RESUMED: thread (33, main, main)
11:50:47.847 INFO: JdwpEventCenterDelegate: THREAD_RESUMED: thread (33, main, main)
11:50:47.848 INFO: JdwpEventCenterDelegate: THREAD_RESUMED: thread (33, main, main)
11:50:47.849 INFO: JdwpEventCenterDelegate: THREAD_RESUMED: thread (33, main, main)
11:50:47.910 INFO: JdwpEventCenterDelegate: THREAD_RESUMED: thread (33, main, main)
11:50:47.910 INFO: JdwpEventCenterDelegate: THREAD_RESUMED: thread (33, main, main)
11:50:47.911 INFO: JdwpEventCenterDelegate: THREAD_RESUMED: thread (33, main, main)
11:50:47.940 INFO: JdwpEventCenterDelegate: THREAD_RESUMED: thread (33, main, main)
11:50:47.940 INFO: JdwpEventCenterDelegate: THREAD_RESUMED: thread (33, main, main)
11:50:47.941 INFO: JdwpEventCenterDelegate: THREAD_RESUMED: thread (33, main, main)
11:50:47.950 INFO: JdwpDebugServer: handling req: ThreadReference(11).Name(1)
11:50:47.951 INFO: JdwpDebugServer: handling req: ThreadReference(11).Name(1)
11:50:47.952 INFO: JdwpDebugServer: handling req: ThreadReference(11).Name(1)
11:50:47.952 INFO: JdwpDebugServer: handling req: ThreadReference(11).Name(1)
11:50:47.965 INFO: JdwpEventCenterDelegate: THREAD_RESUMED: thread (33, main, main)
11:50:47.966 INFO: JdwpEventCenterDelegate: THREAD_RESUMED: thread (33, main, main)
11:50:47.967 INFO: JdwpEventCenterDelegate: THREAD_RESUMED: thread (33, main, main)
11:50:47.968 INFO: JdwpEventCenterDelegate: THREAD_RESUMED: thread (33, main, main)
11:50:47.975 INFO: JdwpEventCenterDelegate: THREAD_RESUMED: thread (33, main, main)
11:50:47.975 INFO: JdwpEventCenterDelegate: THREAD_RESUMED: thread (33, main, main)
11:50:48.528 INFO: JdwpEventCenterDelegate: THREAD_RESUMED: thread (33, main, main)
11:50:48.529 INFO: JdwpEventCenterDelegate: THREAD_RESUMED: thread (33, main, main)
11:50:48.546 INFO: JdwpEventCenterDelegate: THREAD_RESUMED: thread (33, main, main)
11:50:48.547 INFO: JdwpEventCenterDelegate: THREAD_RESUMED: thread (33, main, main)
11:50:48.547 INFO: JdwpEventCenterDelegate: THREAD_RESUMED: thread (33, main, main)
11:50:48.548 INFO: JdwpEventCenterDelegate: THREAD_RESUMED: thread (33, main, main)
11:50:48.617 INFO: JdwpEventCenterDelegate: THREAD_RESUMED: thread (33, main, main)
11:50:48.991 INFO: JdwpDebugServer: handling req: ThreadReference(11).Resume(3)
11:50:48.993 INFO: JdwpEventCenterDelegate: THREAD_RESUMED: thread (33, main, main)
11:50:49.001 INFO: JdwpEventCenterDelegate: THREAD_RESUMED: thread (33, main, main)
11:50:49.002 INFO: JdwpEventCenterDelegate: THREAD_RESUMED: thread (33, main, main)
11:50:49.003 INFO: JdwpEventCenterDelegate: THREAD_RESUMED: thread (33, main, main)
11:50:49.004 INFO: JdwpEventCenterDelegate: THREAD_RESUMED: thread (33, main, main)
11:50:49.004 INFO: JdwpEventCenterDelegate: THREAD_RESUMED: thread (33, main, main)
11:50:49.005 INFO: JdwpEventCenterDelegate: THREAD_RESUMED: thread (33, main, main)
11:50:49.059 INFO: JdwpEventCenterDelegate: THREAD_RESUMED: thread (33, main, main)
11:50:49.062 INFO: JdwpEventCenterDelegate: THREAD_RESUMED: thread (33, main, main)
11:50:49.063 INFO: JdwpEventCenterDelegate: THREAD_RESUMED: thread (33, main, main)
11:50:49.064 INFO: JdwpEventCenterDelegate: THREAD_RESUMED: thread (33, main, main)
11:50:49.066 INFO: JdwpEventCenterDelegate: THREAD_RESUMED: thread (33, main, main)
11:50:49.067 INFO: JdwpEventCenterDelegate: THREAD_RESUMED: thread (33, main, main)
11:50:49.070 INFO: JdwpEventCenterDelegate: THREAD_RESUMED: thread (33, main, main)
11:50:49.086 INFO: JdwpEventCenterDelegate: THREAD_RESUMED: thread (33, main, main)
11:50:49.101 INFO: JdwpEventCenterDelegate: THREAD_RESUMED: thread (33, main, main)
11:50:49.113 INFO: JdwpEventCenterDelegate: THREAD_RESUMED: thread (33, main, main)
11:50:49.124 INFO: JdwpEventCenterDelegate: THREAD_RESUMED: thread (33, main, main)
11:50:49.139 INFO: JdwpEventCenterDelegate: THREAD_RESUMED: thread (33, main, main)
11:50:49.156 INFO: JdwpEventCenterDelegate: THREAD_RESUMED: thread (33, main, main)
11:50:49.161 INFO: JdwpEventCenterDelegate: THREAD_RESUMED: thread (33, main, main)
11:50:49.167 INFO: JdwpEventCenterDelegate: THREAD_RESUMED: thread (33, main, main)
11:50:49.171 INFO: JdwpEventCenterDelegate: THREAD_RESUMED: thread (33, main, main)
11:50:49.176 INFO: JdwpEventCenterDelegate: THREAD_RESUMED: thread (33, main, main)
11:50:49.181 INFO: JdwpEventCenterDelegate: THREAD_RESUMED: thread (33, main, main)
11:50:49.187 INFO: JdwpEventCenterDelegate: THREAD_RESUMED: thread (33, main, main)
11:50:49.192 INFO: JdwpEventCenterDelegate: THREAD_RESUMED: thread (33, main, main)
11:50:49.196 INFO: JdwpEventCenterDelegate: THREAD_RESUMED: thread (33, main, main)
11:50:49.202 INFO: JdwpEventCenterDelegate: THREAD_RESUMED: thread (33, main, main)
11:50:49.207 INFO: JdwpEventCenterDelegate: THREAD_RESUMED: thread (33, main, main)
11:50:49.215 INFO: JdwpEventCenterDelegate: THREAD_RESUMED: thread (33, main, main)
11:50:49.223 INFO: JdwpEventCenterDelegate: THREAD_RESUMED: thread (33, main, main)
11:50:49.225 INFO: JdwpEventCenterDelegate: THREAD_RESUMED: thread (33, main, main)
11:50:49.227 INFO: JdwpEventCenterDelegate: THREAD_RESUMED: thread (33, main, main)
11:50:49.229 INFO: JdwpEventCenterDelegate: THREAD_RESUMED: thread (33, main, main)
11:50:49.230 INFO: JdwpEventCenterDelegate: THREAD_RESUMED: thread (33, main, main)
11:50:49.232 INFO: JdwpEventCenterDelegate: THREAD_RESUMED: thread (33, main, main)
11:50:49.234 INFO: JdwpEventCenterDelegate: THREAD_RESUMED: thread (33, main, main)
11:50:49.235 INFO: JdwpEventCenterDelegate: THREAD_RESUMED: thread (33, main, main)
11:50:49.237 INFO: JdwpEventCenterDelegate: THREAD_RESUMED: thread (33, main, main)
11:50:49.238 INFO: JdwpEventCenterDelegate: THREAD_RESUMED: thread (33, main, main)
11:50:49.239 INFO: JdwpEventCenterDelegate: THREAD_RESUMED: thread (33, main, main)
11:50:49.240 INFO: JdwpEventCenterDelegate: THREAD_RESUMED: thread (33, main, main)
11:50:49.242 INFO: JdwpEventCenterDelegate: THREAD_RESUMED: thread (33, main, main)
11:50:49.243 INFO: JdwpEventCenterDelegate: THREAD_RESUMED: thread (33, main, main)
11:50:49.244 INFO: JdwpEventCenterDelegate: THREAD_RESUMED: thread (33, main, main)
11:50:49.244 INFO: JdwpEventCenterDelegate: THREAD_RESUMED: thread (33, main, main)
11:50:49.245 INFO: JdwpEventCenterDelegate: THREAD_RESUMED: thread (33, main, main)
11:50:49.246 INFO: JdwpEventCenterDelegate: THREAD_RESUMED: thread (33, main, main)
11:50:49.247 INFO: JdwpEventCenterDelegate: THREAD_RESUMED: thread (33, main, main)
11:50:49.248 INFO: JdwpEventCenterDelegate: THREAD_RESUMED: thread (33, main, main)
11:50:49.249 INFO: JdwpEventCenterDelegate: THREAD_RESUMED: thread (33, main, main)
11:50:49.250 INFO: JdwpEventCenterDelegate: THREAD_RESUMED: thread (33, main, main)
11:50:49.251 INFO: JdwpEventCenterDelegate: THREAD_RESUMED: thread (33, main, main)
11:50:49.252 INFO: JdwpEventCenterDelegate: THREAD_RESUMED: thread (33, main, main)
11:50:49.253 INFO: JdwpEventCenterDelegate: THREAD_RESUMED: thread (33, main, main)
11:50:49.254 INFO: JdwpEventCenterDelegate: THREAD_RESUMED: thread (33, main, main)
11:50:49.255 INFO: JdwpEventCenterDelegate: THREAD_RESUMED: thread (33, main, main)
11:50:49.256 INFO: JdwpEventCenterDelegate: THREAD_RESUMED: thread (33, main, main)
11:50:49.257 INFO: JdwpEventCenterDelegate: THREAD_RESUMED: thread (33, main, main)
11:50:49.258 INFO: JdwpEventCenterDelegate: THREAD_RESUMED: thread (33, main, main)
11:50:49.259 INFO: JdwpEventCenterDelegate: THREAD_RESUMED: thread (33, main, main)
11:50:49.260 INFO: JdwpEventCenterDelegate: THREAD_RESUMED: thread (33, main, main)
11:50:49.260 INFO: JdwpEventCenterDelegate: THREAD_RESUMED: thread (33, main, main)
11:50:49.261 INFO: JdwpEventCenterDelegate: THREAD_RESUMED: thread (33, main, main)
11:50:49.262 INFO: JdwpEventCenterDelegate: THREAD_RESUMED: thread (33, main, main)
11:50:49.263 INFO: JdwpEventCenterDelegate: THREAD_RESUMED: thread (33, main, main)
11:50:49.264 INFO: JdwpEventCenterDelegate: THREAD_RESUMED: thread (33, main, main)
11:50:49.265 INFO: JdwpEventCenterDelegate: THREAD_RESUMED: thread (33, main, main)
11:50:49.266 INFO: JdwpEventCenterDelegate: THREAD_RESUMED: thread (33, main, main)
11:50:49.267 INFO: JdwpEventCenterDelegate: THREAD_RESUMED: thread (33, main, main)
11:50:49.268 INFO: JdwpEventCenterDelegate: THREAD_RESUMED: thread (33, main, main)
11:50:49.269 INFO: JdwpEventCenterDelegate: THREAD_RESUMED: thread (33, main, main)
11:50:49.269 INFO: JdwpEventCenterDelegate: THREAD_RESUMED: thread (33, main, main)
11:50:49.270 INFO: JdwpEventCenterDelegate: THREAD_RESUMED: thread (33, main, main)
11:50:49.271 INFO: JdwpEventCenterDelegate: THREAD_RESUMED: thread (33, main, main)
11:50:49.272 INFO: JdwpEventCenterDelegate: THREAD_RESUMED: thread (33, main, main)
11:50:49.273 INFO: JdwpEventCenterDelegate: THREAD_RESUMED: thread (33, main, main)
11:50:49.274 INFO: JdwpEventCenterDelegate: THREAD_RESUMED: thread (33, main, main)
11:50:49.275 INFO: JdwpEventCenterDelegate: THREAD_RESUMED: thread (33, main, main)
11:50:49.276 INFO: JdwpEventCenterDelegate: THREAD_RESUMED: thread (33, main, main)
11:50:49.277 INFO: JdwpEventCenterDelegate: THREAD_RESUMED: thread (33, main, main)
11:50:49.278 INFO: JdwpEventCenterDelegate: THREAD_RESUMED: thread (33, main, main)
11:50:49.279 INFO: JdwpEventCenterDelegate: THREAD_RESUMED: thread (33, main, main)
11:50:49.280 INFO: JdwpEventCenterDelegate: THREAD_RESUMED: thread (33, main, main)
11:50:49.615 INFO: JdwpEventCenterDelegate: THREAD_RESUMED: thread (33, main, main)
11:50:49.634 INFO: JdwpEventCenterDelegate: THREAD_RESUMED: thread (33, main, main)
11:50:49.635 INFO: JdwpEventCenterDelegate: THREAD_RESUMED: thread (33, main, main)
11:50:49.636 INFO: JdwpEventCenterDelegate: THREAD_RESUMED: thread (33, main, main)
11:50:49.868 INFO: JdwpEventCenterDelegate: THREAD_RESUMED: thread (33, main, main)
11:50:49.868 INFO: JdwpEventCenterDelegate: THREAD_RESUMED: thread (33, main, main)
11:50:49.906 INFO: JdwpEventCenterDelegate: THREAD_RESUMED: thread (33, main, main)
11:50:49.906 INFO: JdwpEventCenterDelegate: THREAD_RESUMED: thread (33, main, main)
11:50:49.927 INFO: JdwpEventCenterDelegate: THREAD_RESUMED: thread (33, main, main)
11:50:49.928 INFO: JdwpEventCenterDelegate: THREAD_RESUMED: thread (33, main, main)
11:50:49.929 INFO: JdwpEventCenterDelegate: THREAD_RESUMED: thread (33, main, main)
11:50:49.930 INFO: JdwpEventCenterDelegate: THREAD_RESUMED: thread (33, main, main)
11:50:49.930 INFO: JdwpEventCenterDelegate: THREAD_RESUMED: thread (33, main, main)
11:50:49.931 INFO: JdwpEventCenterDelegate: THREAD_RESUMED: thread (33, main, main)
11:51:02.092 INFO: JdwpEventCenterDelegate: THREAD_RESUMED: thread (33, main, main)
11:51:02.093 INFO: JdwpEventCenterDelegate: THREAD_RESUMED: thread (33, main, main)
11:51:02.563 INFO: JdwpEventCenterDelegate: THREAD_RESUMED: thread (33, main, main)
11:51:02.564 INFO: JdwpEventCenterDelegate: THREAD_RESUMED: thread (33, main, main)
11:51:02.565 INFO: JdwpEventCenterDelegate: THREAD_RESUMED: thread (33, main, main)
11:51:02.566 INFO: JdwpEventCenterDelegate: THREAD_RESUMED: thread (33, main, main)
11:51:02.567 INFO: JdwpEventCenterDelegate: THREAD_RESUMED: thread (33, main, main)
11:51:02.568 INFO: JdwpEventCenterDelegate: THREAD_RESUMED: thread (33, main, main)
11:51:02.573 INFO: JdwpEventCenterDelegate: THREAD_RESUMED: thread (33, main, main)
11:51:02.574 INFO: JdwpEventCenterDelegate: THREAD_RESUMED: thread (33, main, main)
11:51:02.575 INFO: JdwpEventCenterDelegate: THREAD_RESUMED: thread (33, main, main)
11:51:02.583 INFO: JdwpEventCenterDelegate: THREAD_RESUMED: thread (33, main, main)
11:51:02.584 INFO: JdwpEventCenterDelegate: THREAD_RESUMED: thread (33, main, main)
11:51:02.585 INFO: JdwpEventCenterDelegate: THREAD_RESUMED: thread (33, main, main)
11:51:54.551 INFO: JdwpDebugServer: handling req: VirtualMachine(1).Exit(10)
11:51:54.551 SEVERE: Debugger: Thread JDWP server socket thread crashed
org.robovm.debugger.DebuggerException: Terminating due exit command
	at org.robovm.debugger.jdwp.JdwpDebugServer.doSocketWork(JdwpDebugServer.java:211)
	at java.base/java.lang.Thread.run(Thread.java:833)
	at org.robovm.debugger.utils.DebuggerThread.run(DebuggerThread.java:42)
11:51:55.103 SEVERE: Debugger: Thread HooksChannel socket thread crashed
org.robovm.debugger.DebuggerException: java.nio.BufferUnderflowException
	at org.robovm.debugger.hooks.HooksChannel.doSocketWork(HooksChannel.java:149)
	at java.base/java.lang.Thread.run(Thread.java:833)
	at org.robovm.debugger.utils.DebuggerThread.run(DebuggerThread.java:42)
Caused by: java.nio.BufferUnderflowException
	at org.robovm.debugger.utils.bytebuffer.DataBufferWriter.writeFromStream(DataBufferWriter.java:91)
	at org.robovm.debugger.hooks.HooksChannel.doSocketWork(HooksChannel.java:116)
	... 2 more
