10:42:47.872 INFO: JdwpEventCenterDelegate: THREAD_STARTED: thread (33, main, main)
10:42:47.945 INFO: JdwpEventCenterDelegate: THREAD_STARTED: thread (48, ReferenceQueueDaemon, main)
10:42:47.946 INFO: JdwpEventCenterDelegate: THREAD_STARTED: thread (63, FinalizerDaemon, main)
10:42:47.947 INFO: JdwpEventCenterDelegate: THREAD_STARTED: thread (78, FinalizerWatchdogDaemon, main)
10:42:49.461 INFO: JdwpDebugServer: handling req: VirtualMachine(1).IDSizes(7)
10:42:49.463 INFO: JdwpDebugServer: handling req: EventRequest(15).Set(1)
10:42:49.464 INFO: JdwpEventCenterDelegate: jdwpSetEventRequest: JdwpEventRequest{requestId=100, eventKind=CLASS_UNLOAD, suspendPolicy=NONE, predicates=[]}
10:42:49.465 INFO: JdwpDebugServer: handling req: EventRequest(15).Set(1)
10:42:49.465 INFO: JdwpEventCenterDelegate: jdwpSetEventRequest: JdwpEventRequest{requestId=101, eventKind=THREAD_START, suspendPolicy=NONE, predicates=[]}
10:42:49.467 INFO: JdwpDebugServer: handling req: VirtualMachine(1).ClassesBySignature(2)
10:42:49.468 INFO: JdwpDebugServer: handling req: VirtualMachine(1).Version(1)
10:42:49.470 INFO: JdwpDebugServer: handling req: ReferenceType(2).MethodsWithGeneric(15)
10:42:49.471 INFO: JdwpDebugServer: handling req: Method(6).LineTable(1)
10:42:49.473 INFO: JdwpDebugServer: handling req: EventRequest(15).Set(1)
10:42:49.473 INFO: JdwpEventCenterDelegate: jdwpSetEventRequest: JdwpEventRequest{requestId=102, eventKind=BREAKPOINT, suspendPolicy=NONE, predicates=[Location{classId=845, methodId=257, index=928} ]}
10:42:49.474 INFO: JdwpDebugServer: handling req: EventRequest(15).Set(1)
10:42:49.475 INFO: JdwpEventCenterDelegate: jdwpSetEventRequest: JdwpEventRequest{requestId=103, eventKind=THREAD_DEATH, suspendPolicy=NONE, predicates=[]}
10:42:49.475 INFO: JdwpDebugServer: handling req: VirtualMachine(1).AllThreads(4)
10:42:49.476 INFO: JdwpDebugServer: handling req: ThreadReference(11).ThreadGroup(5)
10:42:49.477 INFO: JdwpDebugServer: handling req: ThreadGroup(12).Name(1)
10:42:49.477 INFO: JdwpDebugServer: handling req: ThreadGroup(12).Parent(2)
10:42:49.477 INFO: JdwpDebugServer: handling req: ObjectReference(9).ReferenceType(1)
10:42:49.478 INFO: JdwpDebugServer: handling req: ReferenceType(2).FieldsWithGeneric(14)
10:42:49.479 INFO: JdwpDebugServer: handling req: ReferenceType(2).Interfaces(10)
10:42:49.480 INFO: JdwpDebugServer: handling req: ReferenceType(2).FieldsWithGeneric(14)
10:42:49.480 INFO: JdwpDebugServer: handling req: ReferenceType(2).Interfaces(10)
10:42:49.480 INFO: JdwpDebugServer: handling req: ClassType(3).Superclass(1)
10:42:49.481 INFO: JdwpDebugServer: handling req: ReferenceType(2).FieldsWithGeneric(14)
10:42:49.481 INFO: JdwpDebugServer: handling req: ReferenceType(2).Interfaces(10)
10:42:49.481 INFO: JdwpDebugServer: handling req: ClassType(3).Superclass(1)
10:42:49.482 INFO: JdwpDebugServer: handling req: ObjectReference(9).GetValues(2)
10:42:49.484 INFO: JdwpDebugServer: handling req: ThreadReference(11).Status(4)
10:42:49.484 INFO: JdwpDebugServer: handling req: ThreadReference(11).Status(4)
10:42:49.484 INFO: JdwpDebugServer: handling req: ThreadReference(11).ThreadGroup(5)
10:42:49.485 INFO: JdwpDebugServer: handling req: ObjectReference(9).ReferenceType(1)
10:42:49.485 INFO: JdwpDebugServer: handling req: ObjectReference(9).GetValues(2)
10:42:49.486 INFO: JdwpDebugServer: handling req: ThreadReference(11).Status(4)
10:42:49.486 INFO: JdwpDebugServer: handling req: ThreadReference(11).Status(4)
10:42:49.486 INFO: JdwpDebugServer: handling req: ThreadReference(11).ThreadGroup(5)
10:42:49.486 INFO: JdwpDebugServer: handling req: ObjectReference(9).ReferenceType(1)
10:42:49.486 INFO: JdwpDebugServer: handling req: ObjectReference(9).GetValues(2)
10:42:49.487 INFO: JdwpDebugServer: handling req: ThreadReference(11).Status(4)
10:42:49.487 INFO: JdwpDebugServer: handling req: ThreadReference(11).Status(4)
10:42:49.487 INFO: JdwpDebugServer: handling req: ThreadReference(11).ThreadGroup(5)
10:42:49.487 INFO: JdwpDebugServer: handling req: ObjectReference(9).ReferenceType(1)
10:42:49.487 INFO: JdwpDebugServer: handling req: ObjectReference(9).GetValues(2)
10:42:49.488 INFO: JdwpDebugServer: handling req: ThreadReference(11).Status(4)
10:42:49.488 INFO: JdwpDebugServer: handling req: ThreadReference(11).Status(4)
10:42:49.491 INFO: JdwpDebugServer: handling req: EventRequest(15).Set(1)
10:42:49.491 INFO: JdwpEventCenterDelegate: jdwpSetEventRequest: JdwpEventRequest{requestId=104, eventKind=CLASS_PREPARE, suspendPolicy=EVENT_THREAD, predicates=[className=java.lang.Throwable]}
10:42:49.497 INFO: JdwpDebugServer: handling req: EventRequest(15).Set(1)
10:42:49.497 INFO: JdwpEventCenterDelegate: jdwpSetEventRequest: JdwpEventRequest{requestId=105, eventKind=CLASS_PREPARE, suspendPolicy=EVENT_THREAD, predicates=[className=java.lang.Throwable$*]}
10:42:49.498 INFO: JdwpDebugServer: handling req: VirtualMachine(1).ClassesBySignature(2)
10:42:49.499 INFO: JdwpDebugServer: handling req: ReferenceType(2).MethodsWithGeneric(15)
10:42:49.499 INFO: JdwpDebugServer: handling req: Method(6).LineTable(1)
10:42:49.499 INFO: JdwpDebugServer: handling req: Method(6).LineTable(1)
10:42:49.500 INFO: JdwpDebugServer: handling req: Method(6).LineTable(1)
10:42:49.500 INFO: JdwpDebugServer: handling req: Method(6).LineTable(1)
10:42:49.500 INFO: JdwpDebugServer: handling req: Method(6).LineTable(1)
10:42:49.500 INFO: JdwpDebugServer: handling req: Method(6).LineTable(1)
10:42:49.500 INFO: JdwpDebugServer: handling req: Method(6).LineTable(1)
10:42:49.500 INFO: JdwpDebugServer: handling req: Method(6).LineTable(1)
10:42:49.500 INFO: JdwpDebugServer: handling req: Method(6).LineTable(1)
10:42:49.501 INFO: JdwpDebugServer: handling req: Method(6).LineTable(1)
10:42:49.501 INFO: JdwpDebugServer: handling req: Method(6).LineTable(1)
10:42:49.501 INFO: JdwpDebugServer: handling req: Method(6).LineTable(1)
10:42:49.501 INFO: JdwpDebugServer: handling req: Method(6).LineTable(1)
10:42:49.501 INFO: JdwpDebugServer: handling req: Method(6).LineTable(1)
10:42:49.501 INFO: JdwpDebugServer: handling req: Method(6).LineTable(1)
10:42:49.501 INFO: JdwpDebugServer: handling req: Method(6).LineTable(1)
10:42:49.502 INFO: JdwpDebugServer: handling req: Method(6).LineTable(1)
10:42:49.502 INFO: JdwpDebugServer: handling req: Method(6).LineTable(1)
10:42:49.502 INFO: JdwpDebugServer: handling req: Method(6).LineTable(1)
10:42:49.502 INFO: JdwpDebugServer: handling req: Method(6).LineTable(1)
10:42:49.502 INFO: JdwpDebugServer: handling req: Method(6).LineTable(1)
10:42:49.502 INFO: JdwpDebugServer: handling req: Method(6).LineTable(1)
10:42:49.502 INFO: JdwpDebugServer: handling req: Method(6).LineTable(1)
10:42:49.502 INFO: JdwpDebugServer: handling req: Method(6).LineTable(1)
10:42:49.502 INFO: JdwpDebugServer: handling req: VirtualMachine(1).ClassesBySignature(2)
10:42:49.503 INFO: JdwpDebugServer: handling req: VirtualMachine(1).AllClassesWithGeneric(20)
10:42:49.517 INFO: JdwpDebugServer: handling req: EventRequest(15).Set(1)
10:42:49.517 INFO: JdwpEventCenterDelegate: jdwpSetEventRequest: JdwpEventRequest{requestId=106, eventKind=CLASS_PREPARE, suspendPolicy=EVENT_THREAD, predicates=[className=com.badlogic.gdx.utils.ScreenUtils]}
10:42:49.519 INFO: JdwpDebugServer: handling req: EventRequest(15).Set(1)
10:42:49.519 INFO: JdwpEventCenterDelegate: jdwpSetEventRequest: JdwpEventRequest{requestId=107, eventKind=CLASS_PREPARE, suspendPolicy=EVENT_THREAD, predicates=[className=com.badlogic.gdx.utils.ScreenUtils$*]}
10:42:49.520 INFO: JdwpDebugServer: handling req: VirtualMachine(1).ClassesBySignature(2)
10:42:49.520 INFO: JdwpDebugServer: handling req: ReferenceType(2).MethodsWithGeneric(15)
10:42:49.520 INFO: JdwpDebugServer: handling req: Method(6).LineTable(1)
10:42:49.520 INFO: JdwpDebugServer: handling req: Method(6).LineTable(1)
10:42:49.520 INFO: JdwpDebugServer: handling req: Method(6).LineTable(1)
10:42:49.520 INFO: JdwpDebugServer: handling req: Method(6).LineTable(1)
10:42:49.520 INFO: JdwpDebugServer: handling req: Method(6).LineTable(1)
10:42:49.521 INFO: JdwpDebugServer: handling req: Method(6).LineTable(1)
10:42:49.521 INFO: JdwpDebugServer: handling req: Method(6).LineTable(1)
10:42:49.521 INFO: JdwpDebugServer: handling req: Method(6).LineTable(1)
10:42:49.521 INFO: JdwpDebugServer: handling req: Method(6).LineTable(1)
10:42:49.521 INFO: JdwpDebugServer: handling req: Method(6).LineTable(1)
10:42:49.522 INFO: JdwpDebugServer: handling req: EventRequest(15).Set(1)
10:42:49.522 INFO: JdwpEventCenterDelegate: jdwpSetEventRequest: JdwpEventRequest{requestId=108, eventKind=BREAKPOINT, suspendPolicy=EVENT_THREAD, predicates=[Location{classId=22240, methodId=1272, index=89} ]}
10:42:49.525 INFO: JdwpDebugServer: handling req: EventRequest(15).Set(1)
10:42:49.525 INFO: JdwpEventCenterDelegate: jdwpSetEventRequest: JdwpEventRequest{requestId=109, eventKind=CLASS_PREPARE, suspendPolicy=EVENT_THREAD, predicates=[className=com.badlogic.gdx.utils.ScreenUtils]}
10:42:49.526 INFO: JdwpDebugServer: handling req: EventRequest(15).Set(1)
10:42:49.526 INFO: JdwpEventCenterDelegate: jdwpSetEventRequest: JdwpEventRequest{requestId=110, eventKind=CLASS_PREPARE, suspendPolicy=EVENT_THREAD, predicates=[className=com.badlogic.gdx.utils.ScreenUtils$*]}
10:42:49.527 INFO: JdwpDebugServer: handling req: VirtualMachine(1).ClassesBySignature(2)
10:42:49.527 INFO: JdwpDebugServer: handling req: EventRequest(15).Set(1)
10:42:49.527 INFO: JdwpEventCenterDelegate: jdwpSetEventRequest: JdwpEventRequest{requestId=111, eventKind=BREAKPOINT, suspendPolicy=EVENT_THREAD, predicates=[Location{classId=22240, methodId=1267, index=72} ]}
10:42:49.528 INFO: JdwpDebugServer: handling req: EventRequest(15).Set(1)
10:42:49.529 INFO: JdwpEventCenterDelegate: jdwpSetEventRequest: JdwpEventRequest{requestId=112, eventKind=CLASS_PREPARE, suspendPolicy=EVENT_THREAD, predicates=[className=com.badlogic.gdx.graphics.g2d.PolygonSpriteBatch]}
10:42:49.530 INFO: JdwpDebugServer: handling req: EventRequest(15).Set(1)
10:42:49.530 INFO: JdwpEventCenterDelegate: jdwpSetEventRequest: JdwpEventRequest{requestId=113, eventKind=CLASS_PREPARE, suspendPolicy=EVENT_THREAD, predicates=[className=com.badlogic.gdx.graphics.g2d.PolygonSpriteBatch$*]}
10:42:49.531 INFO: JdwpDebugServer: handling req: VirtualMachine(1).ClassesBySignature(2)
10:42:49.532 INFO: JdwpDebugServer: handling req: ReferenceType(2).MethodsWithGeneric(15)
10:42:49.532 INFO: JdwpDebugServer: handling req: Method(6).LineTable(1)
10:42:49.532 INFO: JdwpDebugServer: handling req: Method(6).LineTable(1)
10:42:49.532 INFO: JdwpDebugServer: handling req: Method(6).LineTable(1)
10:42:49.532 INFO: JdwpDebugServer: handling req: Method(6).LineTable(1)
10:42:49.533 INFO: JdwpDebugServer: handling req: Method(6).LineTable(1)
10:42:49.533 INFO: JdwpDebugServer: handling req: Method(6).LineTable(1)
10:42:49.533 INFO: JdwpDebugServer: handling req: Method(6).LineTable(1)
10:42:49.533 INFO: JdwpDebugServer: handling req: Method(6).LineTable(1)
10:42:49.533 INFO: JdwpDebugServer: handling req: Method(6).LineTable(1)
10:42:49.533 INFO: JdwpDebugServer: handling req: Method(6).LineTable(1)
10:42:49.533 INFO: JdwpDebugServer: handling req: Method(6).LineTable(1)
10:42:49.533 INFO: JdwpDebugServer: handling req: Method(6).LineTable(1)
10:42:49.533 INFO: JdwpDebugServer: handling req: Method(6).LineTable(1)
10:42:49.533 INFO: JdwpDebugServer: handling req: Method(6).LineTable(1)
10:42:49.533 INFO: JdwpDebugServer: handling req: Method(6).LineTable(1)
10:42:49.533 INFO: JdwpDebugServer: handling req: Method(6).LineTable(1)
10:42:49.534 INFO: JdwpDebugServer: handling req: Method(6).LineTable(1)
10:42:49.534 INFO: JdwpDebugServer: handling req: Method(6).LineTable(1)
10:42:49.534 INFO: JdwpDebugServer: handling req: Method(6).LineTable(1)
10:42:49.534 INFO: JdwpDebugServer: handling req: Method(6).LineTable(1)
10:42:49.534 INFO: JdwpDebugServer: handling req: Method(6).LineTable(1)
10:42:49.534 INFO: JdwpDebugServer: handling req: Method(6).LineTable(1)
10:42:49.534 INFO: JdwpDebugServer: handling req: Method(6).LineTable(1)
10:42:49.534 INFO: JdwpDebugServer: handling req: Method(6).LineTable(1)
10:42:49.534 INFO: JdwpDebugServer: handling req: Method(6).LineTable(1)
10:42:49.534 INFO: JdwpDebugServer: handling req: Method(6).LineTable(1)
10:42:49.535 INFO: JdwpDebugServer: handling req: Method(6).LineTable(1)
10:42:49.535 INFO: JdwpDebugServer: handling req: Method(6).LineTable(1)
10:42:49.535 INFO: JdwpDebugServer: handling req: Method(6).LineTable(1)
10:42:49.535 INFO: JdwpDebugServer: handling req: Method(6).LineTable(1)
10:42:49.535 INFO: JdwpDebugServer: handling req: Method(6).LineTable(1)
10:42:49.535 INFO: JdwpDebugServer: handling req: Method(6).LineTable(1)
10:42:49.535 INFO: JdwpDebugServer: handling req: Method(6).LineTable(1)
10:42:49.535 INFO: JdwpDebugServer: handling req: Method(6).LineTable(1)
10:42:49.536 INFO: JdwpDebugServer: handling req: Method(6).LineTable(1)
10:42:49.536 INFO: JdwpDebugServer: handling req: Method(6).LineTable(1)
10:42:49.536 INFO: JdwpDebugServer: handling req: Method(6).LineTable(1)
10:42:49.536 INFO: JdwpDebugServer: handling req: Method(6).LineTable(1)
10:42:49.536 INFO: JdwpDebugServer: handling req: Method(6).LineTable(1)
10:42:49.536 INFO: JdwpDebugServer: handling req: Method(6).LineTable(1)
10:42:49.536 INFO: JdwpDebugServer: handling req: Method(6).LineTable(1)
10:42:49.536 INFO: JdwpDebugServer: handling req: Method(6).LineTable(1)
10:42:49.536 INFO: JdwpDebugServer: handling req: Method(6).LineTable(1)
10:42:49.536 INFO: JdwpDebugServer: handling req: Method(6).LineTable(1)
10:42:49.536 INFO: JdwpDebugServer: handling req: Method(6).LineTable(1)
10:42:49.537 INFO: JdwpDebugServer: handling req: Method(6).LineTable(1)
10:42:49.537 INFO: JdwpDebugServer: handling req: Method(6).LineTable(1)
10:42:49.537 INFO: JdwpDebugServer: handling req: EventRequest(15).Set(1)
10:42:49.537 INFO: JdwpEventCenterDelegate: jdwpSetEventRequest: JdwpEventRequest{requestId=114, eventKind=BREAKPOINT, suspendPolicy=EVENT_THREAD, predicates=[Location{classId=15500, methodId=1307, index=142} ]}
10:42:49.537 INFO: JdwpDebugServer: handling req: EventRequest(15).Set(1)
10:42:49.538 INFO: JdwpEventCenterDelegate: jdwpSetEventRequest: JdwpEventRequest{requestId=115, eventKind=CLASS_PREPARE, suspendPolicy=EVENT_THREAD, predicates=[className=com.badlogic.gdx.graphics.g2d.SpriteBatch]}
10:42:49.538 INFO: JdwpDebugServer: handling req: EventRequest(15).Set(1)
10:42:49.538 INFO: JdwpEventCenterDelegate: jdwpSetEventRequest: JdwpEventRequest{requestId=116, eventKind=CLASS_PREPARE, suspendPolicy=EVENT_THREAD, predicates=[className=com.badlogic.gdx.graphics.g2d.SpriteBatch$*]}
10:42:49.539 INFO: JdwpDebugServer: handling req: VirtualMachine(1).ClassesBySignature(2)
10:42:49.539 INFO: JdwpDebugServer: handling req: ReferenceType(2).MethodsWithGeneric(15)
10:42:49.540 INFO: JdwpDebugServer: handling req: Method(6).LineTable(1)
10:42:49.540 INFO: JdwpDebugServer: handling req: Method(6).LineTable(1)
10:42:49.540 INFO: JdwpDebugServer: handling req: Method(6).LineTable(1)
10:42:49.540 INFO: JdwpDebugServer: handling req: Method(6).LineTable(1)
10:42:49.540 INFO: JdwpDebugServer: handling req: Method(6).LineTable(1)
10:42:49.540 INFO: JdwpDebugServer: handling req: Method(6).LineTable(1)
10:42:49.540 INFO: JdwpDebugServer: handling req: Method(6).LineTable(1)
10:42:49.541 INFO: JdwpDebugServer: handling req: Method(6).LineTable(1)
10:42:49.541 INFO: JdwpDebugServer: handling req: Method(6).LineTable(1)
10:42:49.541 INFO: JdwpDebugServer: handling req: Method(6).LineTable(1)
10:42:49.541 INFO: JdwpDebugServer: handling req: Method(6).LineTable(1)
10:42:49.541 INFO: JdwpDebugServer: handling req: Method(6).LineTable(1)
10:42:49.541 INFO: JdwpDebugServer: handling req: Method(6).LineTable(1)
10:42:49.541 INFO: JdwpDebugServer: handling req: Method(6).LineTable(1)
10:42:49.542 INFO: JdwpDebugServer: handling req: Method(6).LineTable(1)
10:42:49.542 INFO: JdwpDebugServer: handling req: Method(6).LineTable(1)
10:42:49.542 INFO: JdwpDebugServer: handling req: Method(6).LineTable(1)
10:42:49.542 INFO: JdwpDebugServer: handling req: Method(6).LineTable(1)
10:42:49.542 INFO: JdwpDebugServer: handling req: Method(6).LineTable(1)
10:42:49.542 INFO: JdwpDebugServer: handling req: Method(6).LineTable(1)
10:42:49.542 INFO: JdwpDebugServer: handling req: Method(6).LineTable(1)
10:42:49.542 INFO: JdwpDebugServer: handling req: Method(6).LineTable(1)
10:42:49.543 INFO: JdwpDebugServer: handling req: Method(6).LineTable(1)
10:42:49.543 INFO: JdwpDebugServer: handling req: Method(6).LineTable(1)
10:42:49.543 INFO: JdwpDebugServer: handling req: Method(6).LineTable(1)
10:42:49.543 INFO: JdwpDebugServer: handling req: Method(6).LineTable(1)
10:42:49.543 INFO: JdwpDebugServer: handling req: Method(6).LineTable(1)
10:42:49.543 INFO: JdwpDebugServer: handling req: Method(6).LineTable(1)
10:42:49.543 INFO: JdwpDebugServer: handling req: Method(6).LineTable(1)
10:42:49.544 INFO: JdwpDebugServer: handling req: Method(6).LineTable(1)
10:42:49.544 INFO: JdwpDebugServer: handling req: Method(6).LineTable(1)
10:42:49.544 INFO: JdwpDebugServer: handling req: Method(6).LineTable(1)
10:42:49.544 INFO: JdwpDebugServer: handling req: Method(6).LineTable(1)
10:42:49.544 INFO: JdwpDebugServer: handling req: Method(6).LineTable(1)
10:42:49.544 INFO: JdwpDebugServer: handling req: Method(6).LineTable(1)
10:42:49.544 INFO: JdwpDebugServer: handling req: Method(6).LineTable(1)
10:42:49.544 INFO: JdwpDebugServer: handling req: Method(6).LineTable(1)
10:42:49.545 INFO: JdwpDebugServer: handling req: Method(6).LineTable(1)
10:42:49.545 INFO: JdwpDebugServer: handling req: Method(6).LineTable(1)
10:42:49.545 INFO: JdwpDebugServer: handling req: Method(6).LineTable(1)
10:42:49.545 INFO: JdwpDebugServer: handling req: Method(6).LineTable(1)
10:42:49.545 INFO: JdwpDebugServer: handling req: Method(6).LineTable(1)
10:42:49.545 INFO: JdwpDebugServer: handling req: Method(6).LineTable(1)
10:42:49.545 INFO: JdwpDebugServer: handling req: Method(6).LineTable(1)
10:42:49.546 INFO: JdwpDebugServer: handling req: EventRequest(15).Set(1)
10:42:49.546 INFO: JdwpEventCenterDelegate: jdwpSetEventRequest: JdwpEventRequest{requestId=117, eventKind=BREAKPOINT, suspendPolicy=EVENT_THREAD, predicates=[Location{classId=18040, methodId=1542, index=163} ]}
10:42:49.546 INFO: JdwpDebugServer: handling req: EventRequest(15).Set(1)
10:42:49.546 INFO: JdwpEventCenterDelegate: jdwpSetEventRequest: JdwpEventRequest{requestId=118, eventKind=CLASS_PREPARE, suspendPolicy=EVENT_THREAD, predicates=[className=com.badlogic.gdx.graphics.g2d.PolygonSpriteBatch]}
10:42:49.547 INFO: JdwpDebugServer: handling req: EventRequest(15).Set(1)
10:42:49.547 INFO: JdwpEventCenterDelegate: jdwpSetEventRequest: JdwpEventRequest{requestId=119, eventKind=CLASS_PREPARE, suspendPolicy=EVENT_THREAD, predicates=[className=com.badlogic.gdx.graphics.g2d.PolygonSpriteBatch$*]}
10:42:49.548 INFO: JdwpDebugServer: handling req: VirtualMachine(1).ClassesBySignature(2)
10:42:49.548 INFO: JdwpDebugServer: handling req: EventRequest(15).Set(1)
10:42:49.548 INFO: JdwpEventCenterDelegate: jdwpSetEventRequest: JdwpEventRequest{requestId=120, eventKind=BREAKPOINT, suspendPolicy=EVENT_THREAD, predicates=[Location{classId=15500, methodId=1307, index=141} ]}
10:42:49.549 INFO: JdwpDebugServer: handling req: EventRequest(15).Set(1)
10:42:49.549 INFO: JdwpEventCenterDelegate: jdwpSetEventRequest: JdwpEventRequest{requestId=121, eventKind=CLASS_PREPARE, suspendPolicy=EVENT_THREAD, predicates=[className=com.scottlogic.util.GL32CMacIssueHandler]}
10:42:49.550 INFO: JdwpDebugServer: handling req: EventRequest(15).Set(1)
10:42:49.550 INFO: JdwpEventCenterDelegate: jdwpSetEventRequest: JdwpEventRequest{requestId=122, eventKind=CLASS_PREPARE, suspendPolicy=EVENT_THREAD, predicates=[className=com.scottlogic.util.GL32CMacIssueHandler$*]}
10:42:49.550 INFO: JdwpDebugServer: handling req: VirtualMachine(1).ClassesBySignature(2)
10:42:49.551 INFO: JdwpDebugServer: handling req: ReferenceType(2).MethodsWithGeneric(15)
10:42:49.551 INFO: JdwpDebugServer: handling req: Method(6).LineTable(1)
10:42:49.551 INFO: JdwpDebugServer: handling req: Method(6).LineTable(1)
10:42:49.551 INFO: JdwpDebugServer: handling req: Method(6).LineTable(1)
10:42:49.551 INFO: JdwpDebugServer: handling req: Method(6).LineTable(1)
10:42:49.551 INFO: JdwpDebugServer: handling req: Method(6).LineTable(1)
10:42:49.552 INFO: JdwpDebugServer: handling req: EventRequest(15).Set(1)
10:42:49.552 INFO: JdwpEventCenterDelegate: jdwpSetEventRequest: JdwpEventRequest{requestId=123, eventKind=BREAKPOINT, suspendPolicy=EVENT_THREAD, predicates=[Location{classId=21445, methodId=1762, index=129} ]}
10:42:49.552 INFO: JdwpDebugServer: handling req: EventRequest(15).Set(1)
10:42:49.552 INFO: JdwpEventCenterDelegate: jdwpSetEventRequest: JdwpEventRequest{requestId=124, eventKind=CLASS_PREPARE, suspendPolicy=EVENT_THREAD, predicates=[className=com.scottlogic.util.ShaderProgramFactory]}
10:42:49.553 INFO: JdwpDebugServer: handling req: EventRequest(15).Set(1)
10:42:49.553 INFO: JdwpEventCenterDelegate: jdwpSetEventRequest: JdwpEventRequest{requestId=125, eventKind=CLASS_PREPARE, suspendPolicy=EVENT_THREAD, predicates=[className=com.scottlogic.util.ShaderProgramFactory$*]}
10:42:49.554 INFO: JdwpDebugServer: handling req: VirtualMachine(1).ClassesBySignature(2)
10:42:49.554 INFO: JdwpDebugServer: handling req: ReferenceType(2).MethodsWithGeneric(15)
10:42:49.554 INFO: JdwpDebugServer: handling req: Method(6).LineTable(1)
10:42:49.555 INFO: JdwpDebugServer: handling req: Method(6).LineTable(1)
10:42:49.555 INFO: JdwpDebugServer: handling req: Method(6).LineTable(1)
10:42:49.555 INFO: JdwpDebugServer: handling req: Method(6).LineTable(1)
10:42:49.555 INFO: JdwpDebugServer: handling req: Method(6).LineTable(1)
10:42:49.555 INFO: JdwpDebugServer: handling req: EventRequest(15).Set(1)
10:42:49.555 INFO: JdwpEventCenterDelegate: jdwpSetEventRequest: JdwpEventRequest{requestId=126, eventKind=BREAKPOINT, suspendPolicy=EVENT_THREAD, predicates=[Location{classId=20400, methodId=1787, index=106} ]}
10:42:49.557 INFO: JdwpDebugServer: handling req: VirtualMachine(1).capabilitiesNew(17)
10:42:49.562 INFO: JdwpDebugServer: handling req: EventRequest(15).Set(1)
10:42:49.562 INFO: JdwpEventCenterDelegate: jdwpSetEventRequest: JdwpEventRequest{requestId=127, eventKind=CLASS_PREPARE, suspendPolicy=EVENT_THREAD, predicates=[className=java.lang.Error]}
10:42:49.564 INFO: JdwpDebugServer: handling req: EventRequest(15).Set(1)
10:42:49.564 INFO: JdwpEventCenterDelegate: jdwpSetEventRequest: JdwpEventRequest{requestId=128, eventKind=CLASS_PREPARE, suspendPolicy=EVENT_THREAD, predicates=[className=java.lang.Error$*]}
10:42:49.565 INFO: JdwpDebugServer: handling req: VirtualMachine(1).ClassesBySignature(2)
10:42:49.566 INFO: JdwpDebugServer: handling req: EventRequest(15).Set(1)
10:42:49.567 INFO: JdwpEventCenterDelegate: jdwpSetEventRequest: JdwpEventRequest{requestId=129, eventKind=EXCEPTION, suspendPolicy=EVENT_THREAD, predicates=[exceptionType=3425(caught=true, uncaught=true)]}
10:42:49.624 INFO: JdwpDebugServer: handling req: EventRequest(15).Set(1)
10:42:49.624 INFO: JdwpEventCenterDelegate: jdwpSetEventRequest: JdwpEventRequest{requestId=130, eventKind=CLASS_PREPARE, suspendPolicy=EVENT_THREAD, predicates=[className=java.lang.Throwable]}
10:42:49.626 INFO: JdwpDebugServer: handling req: EventRequest(15).Set(1)
10:42:49.626 INFO: JdwpEventCenterDelegate: jdwpSetEventRequest: JdwpEventRequest{requestId=131, eventKind=CLASS_PREPARE, suspendPolicy=EVENT_THREAD, predicates=[className=java.lang.Throwable$*]}
10:42:49.627 INFO: JdwpDebugServer: handling req: VirtualMachine(1).ClassesBySignature(2)
10:42:49.627 INFO: JdwpDebugServer: handling req: EventRequest(15).Set(1)
10:42:49.627 INFO: JdwpEventCenterDelegate: jdwpSetEventRequest: JdwpEventRequest{requestId=132, eventKind=EXCEPTION, suspendPolicy=EVENT_THREAD, predicates=[exceptionType=7695(caught=false, uncaught=true)]}
10:42:49.630 INFO: JdwpDebugServer: handling req: ThreadReference(11).SuspendCount(12)
10:42:49.630 INFO: JdwpDebugServer: handling req: ThreadReference(11).SuspendCount(12)
10:42:49.630 INFO: JdwpDebugServer: handling req: ThreadReference(11).SuspendCount(12)
10:42:49.630 INFO: JdwpDebugServer: handling req: ThreadReference(11).SuspendCount(12)
10:42:49.631 INFO: JdwpDebugServer: handling req: VirtualMachine(1).AllThreads(4)
10:42:49.631 INFO: JdwpDebugServer: handling req: VirtualMachine(1).Resume(9)
10:42:49.730 INFO: JdwpEventCenterDelegate: THREAD_RESUMED: thread (33, main, main)
10:42:49.730 INFO: JdwpEventCenterDelegate: THREAD_RESUMED: thread (33, main, main)
10:42:49.730 INFO: JdwpEventCenterDelegate: THREAD_RESUMED: thread (33, main, main)
10:42:49.731 INFO: JdwpEventCenterDelegate: THREAD_RESUMED: thread (33, main, main)
10:42:49.731 INFO: JdwpEventCenterDelegate: THREAD_RESUMED: thread (33, main, main)
10:42:49.732 INFO: JdwpEventCenterDelegate: THREAD_RESUMED: thread (33, main, main)
10:42:49.732 INFO: JdwpEventCenterDelegate: THREAD_RESUMED: thread (33, main, main)
10:42:49.734 INFO: JdwpEventCenterDelegate: THREAD_RESUMED: thread (33, main, main)
10:42:49.734 INFO: JdwpEventCenterDelegate: THREAD_RESUMED: thread (33, main, main)
10:42:49.735 INFO: JdwpEventCenterDelegate: THREAD_RESUMED: thread (33, main, main)
10:42:49.735 INFO: JdwpEventCenterDelegate: THREAD_RESUMED: thread (33, main, main)
10:42:49.740 INFO: JdwpEventCenterDelegate: THREAD_RESUMED: thread (33, main, main)
10:42:49.741 INFO: JdwpEventCenterDelegate: THREAD_RESUMED: thread (33, main, main)
10:42:49.741 INFO: JdwpEventCenterDelegate: THREAD_RESUMED: thread (33, main, main)
10:42:49.819 INFO: JdwpEventCenterDelegate: THREAD_RESUMED: thread (33, main, main)
10:42:49.820 INFO: JdwpEventCenterDelegate: THREAD_RESUMED: thread (33, main, main)
10:42:49.820 INFO: JdwpEventCenterDelegate: THREAD_RESUMED: thread (33, main, main)
10:42:49.828 INFO: JdwpEventCenterDelegate: THREAD_RESUMED: thread (33, main, main)
10:42:49.828 INFO: JdwpEventCenterDelegate: THREAD_RESUMED: thread (33, main, main)
10:42:49.829 INFO: JdwpEventCenterDelegate: THREAD_RESUMED: thread (33, main, main)
10:42:50.114 INFO: JdwpEventCenterDelegate: THREAD_RESUMED: thread (33, main, main)
10:42:50.115 INFO: JdwpEventCenterDelegate: THREAD_RESUMED: thread (33, main, main)
10:42:50.115 INFO: JdwpEventCenterDelegate: THREAD_RESUMED: thread (33, main, main)
10:42:50.126 INFO: JdwpDebugServer: handling req: ThreadReference(11).Name(1)
10:42:50.127 INFO: JdwpDebugServer: handling req: ThreadReference(11).Name(1)
10:42:50.127 INFO: JdwpDebugServer: handling req: ThreadReference(11).Name(1)
10:42:50.128 INFO: JdwpDebugServer: handling req: ThreadReference(11).Name(1)
10:42:50.179 INFO: JdwpEventCenterDelegate: THREAD_RESUMED: thread (33, main, main)
10:42:50.180 INFO: JdwpEventCenterDelegate: THREAD_RESUMED: thread (33, main, main)
10:42:50.180 INFO: JdwpEventCenterDelegate: THREAD_RESUMED: thread (33, main, main)
10:42:50.205 INFO: JdwpEventCenterDelegate: THREAD_RESUMED: thread (33, main, main)
10:42:50.205 INFO: JdwpEventCenterDelegate: THREAD_RESUMED: thread (33, main, main)
10:42:50.206 INFO: JdwpEventCenterDelegate: THREAD_RESUMED: thread (33, main, main)
10:42:50.228 INFO: JdwpEventCenterDelegate: THREAD_RESUMED: thread (33, main, main)
10:42:50.229 INFO: JdwpEventCenterDelegate: THREAD_RESUMED: thread (33, main, main)
10:42:50.230 INFO: JdwpEventCenterDelegate: THREAD_RESUMED: thread (33, main, main)
10:42:50.230 INFO: JdwpEventCenterDelegate: THREAD_RESUMED: thread (33, main, main)
10:42:50.237 INFO: JdwpEventCenterDelegate: THREAD_RESUMED: thread (33, main, main)
10:42:50.237 INFO: JdwpEventCenterDelegate: THREAD_RESUMED: thread (33, main, main)
10:42:50.797 INFO: JdwpEventCenterDelegate: THREAD_RESUMED: thread (33, main, main)
10:42:50.799 INFO: JdwpEventCenterDelegate: THREAD_RESUMED: thread (33, main, main)
10:42:50.818 INFO: JdwpEventCenterDelegate: THREAD_RESUMED: thread (33, main, main)
10:42:50.819 INFO: JdwpEventCenterDelegate: THREAD_RESUMED: thread (33, main, main)
10:42:50.821 INFO: JdwpEventCenterDelegate: THREAD_RESUMED: thread (33, main, main)
10:42:50.822 INFO: JdwpEventCenterDelegate: THREAD_RESUMED: thread (33, main, main)
10:42:50.893 INFO: JdwpEventCenterDelegate: THREAD_RESUMED: thread (33, main, main)
10:42:51.264 INFO: JdwpDebugServer: handling req: EventRequest(15).Set(1)
10:42:51.264 INFO: JdwpEventCenterDelegate: jdwpSetEventRequest: JdwpEventRequest{requestId=133, eventKind=BREAKPOINT, suspendPolicy=EVENT_THREAD, predicates=[Location{classId=15500, methodId=1307, index=142} ]}
10:42:51.265 INFO: JdwpDebugServer: handling req: EventRequest(15).Set(1)
10:42:51.265 INFO: JdwpEventCenterDelegate: jdwpSetEventRequest: JdwpEventRequest{requestId=134, eventKind=BREAKPOINT, suspendPolicy=EVENT_THREAD, predicates=[Location{classId=15500, methodId=1307, index=141} ]}
10:42:51.267 INFO: JdwpDebugServer: handling req: ThreadReference(11).Resume(3)
10:42:51.267 INFO: JdwpEventCenterDelegate: THREAD_RESUMED: thread (33, main, main)
10:42:51.268 INFO: JdwpDebugServer: handling req: EventRequest(15).Set(1)
10:42:51.268 INFO: JdwpEventCenterDelegate: jdwpSetEventRequest: JdwpEventRequest{requestId=135, eventKind=BREAKPOINT, suspendPolicy=EVENT_THREAD, predicates=[Location{classId=21445, methodId=1762, index=129} ]}
10:42:51.279 INFO: JdwpDebugServer: handling req: ThreadReference(11).Resume(3)
10:42:51.279 INFO: JdwpEventCenterDelegate: THREAD_RESUMED: thread (33, main, main)
10:42:51.287 INFO: JdwpDebugServer: handling req: ThreadReference(11).Frames(6)
10:42:51.288 INFO: JdwpDebugServer: handling req: ReferenceType(2).MethodsWithGeneric(15)
10:42:51.289 INFO: JdwpDebugServer: handling req: ReferenceType(2).MethodsWithGeneric(15)
10:42:51.289 INFO: JdwpDebugServer: handling req: ReferenceType(2).MethodsWithGeneric(15)
10:42:51.289 INFO: JdwpDebugServer: handling req: ReferenceType(2).MethodsWithGeneric(15)
10:42:51.290 INFO: JdwpDebugServer: handling req: ReferenceType(2).MethodsWithGeneric(15)
10:42:51.290 INFO: JdwpDebugServer: handling req: ReferenceType(2).MethodsWithGeneric(15)
10:42:51.295 INFO: JdwpDebugServer: handling req: ThreadReference(11).FramesCount(7)
10:42:51.295 INFO: JdwpDebugServer: handling req: ThreadReference(11).FramesCount(7)
10:42:51.560 INFO: JdwpDebugServer: handling req: ThreadReference(11).Name(1)
10:42:51.561 INFO: JdwpDebugServer: handling req: ReferenceType(2).SignatureWithGeneric(13)
10:42:51.561 INFO: JdwpDebugServer: handling req: ThreadReference(11).Name(1)
10:42:51.562 INFO: JdwpDebugServer: handling req: ThreadReference(11).Name(1)
10:42:51.562 INFO: JdwpDebugServer: handling req: ThreadReference(11).Name(1)
10:42:51.563 INFO: JdwpDebugServer: handling req: ThreadReference(11).Name(1)
10:42:51.619 INFO: JdwpDebugServer: handling req: ReferenceType(2).SourceFile(7)
10:42:51.641 INFO: JdwpDebugServer: handling req: ReferenceType(2).FieldsWithGeneric(14)
10:42:51.641 INFO: JdwpDebugServer: handling req: ReferenceType(2).Interfaces(10)
10:42:51.642 INFO: JdwpDebugServer: handling req: ClassType(3).Superclass(1)
10:42:51.642 INFO: JdwpDebugServer: handling req: ClassType(3).Superclass(1)
10:42:51.643 INFO: JdwpDebugServer: handling req: Method(6).VariableTableWithGenerics(5)
10:42:51.678 INFO: JdwpDebugServer: handling req: StackFrame(16).GetValues(1)
10:42:51.683 INFO: JdwpDebugServer: handling req: ObjectReference(9).ReferenceType(1)
10:42:51.683 INFO: JdwpDebugServer: handling req: StackFrame(16).GetValues(1)
10:42:51.683 INFO: JdwpDebugServer: handling req: ReferenceType(2).FieldsWithGeneric(14)
10:42:51.684 INFO: JdwpDebugServer: handling req: StackFrame(16).GetValues(1)
10:42:51.684 INFO: JdwpDebugServer: handling req: ReferenceType(2).Interfaces(10)
10:42:51.684 INFO: JdwpDebugServer: handling req: ClassType(3).Superclass(1)
10:42:51.684 INFO: JdwpDebugServer: handling req: ReferenceType(2).FieldsWithGeneric(14)
10:42:51.684 INFO: JdwpDebugServer: handling req: ClassType(3).Superclass(1)
10:42:51.684 INFO: JdwpDebugServer: handling req: ReferenceType(2).Interfaces(10)
10:42:51.685 INFO: JdwpDebugServer: handling req: ReferenceType(2).FieldsWithGeneric(14)
10:42:51.685 INFO: JdwpDebugServer: handling req: ReferenceType(2).Interfaces(10)
10:42:51.685 INFO: JdwpDebugServer: handling req: ReferenceType(2).Interfaces(10)
10:42:51.685 INFO: JdwpDebugServer: handling req: ReferenceType(2).FieldsWithGeneric(14)
10:42:51.685 INFO: JdwpDebugServer: handling req: ReferenceType(2).Interfaces(10)
10:42:51.685 INFO: JdwpDebugServer: handling req: ReferenceType(2).Interfaces(10)
10:42:51.685 INFO: JdwpDebugServer: handling req: ClassType(3).Superclass(1)
10:42:51.686 INFO: JdwpDebugServer: handling req: StackFrame(16).GetValues(1)
10:42:51.686 INFO: JdwpDebugServer: handling req: StackFrame(16).GetValues(1)
10:42:51.687 INFO: JdwpDebugServer: handling req: StackFrame(16).GetValues(1)
10:42:51.687 INFO: JdwpDebugServer: handling req: ClassType(3).Superclass(1)
10:42:51.687 INFO: JdwpDebugServer: handling req: StackFrame(16).GetValues(1)
10:42:51.687 INFO: JdwpDebugServer: handling req: StringReference(10).Value(1)
10:42:51.688 INFO: JdwpDebugServer: handling req: ObjectReference(9).ReferenceType(1)
10:42:51.688 INFO: JdwpDebugServer: handling req: StackFrame(16).GetValues(1)
10:42:51.688 INFO: JdwpDebugServer: handling req: StringReference(10).Value(1)
10:42:51.689 INFO: JdwpDebugServer: handling req: StackFrame(16).GetValues(1)
10:42:51.690 INFO: JdwpDebugServer: handling req: StackFrame(16).GetValues(1)
10:42:51.690 INFO: JdwpDebugServer: handling req: StackFrame(16).GetValues(1)
10:42:51.690 INFO: JdwpDebugServer: handling req: StackFrame(16).GetValues(1)
10:42:51.691 INFO: JdwpDebugServer: handling req: ClassType(3).Superclass(1)
10:42:51.691 INFO: JdwpDebugServer: handling req: StackFrame(16).GetValues(1)
10:42:51.691 INFO: JdwpDebugServer: handling req: StackFrame(16).GetValues(1)
10:42:51.691 INFO: JdwpDebugServer: handling req: StackFrame(16).GetValues(1)
10:42:51.692 INFO: JdwpDebugServer: handling req: StringReference(10).Value(1)
10:42:51.692 INFO: JdwpDebugServer: handling req: StackFrame(16).GetValues(1)
10:42:51.693 INFO: JdwpDebugServer: handling req: StackFrame(16).GetValues(1)
10:42:51.728 INFO: JdwpDebugServer: handling req: StackFrame(16).GetValues(1)
10:42:51.728 INFO: JdwpDebugServer: handling req: ClassType(3).Superclass(1)
10:42:51.728 INFO: JdwpDebugServer: handling req: StringReference(10).Value(1)
10:42:51.730 INFO: JdwpDebugServer: handling req: ThreadReference(11).FramesCount(7)
10:42:51.736 INFO: JdwpDebugServer: handling req: ThreadReference(11).Name(1)
10:42:51.737 INFO: JdwpDebugServer: handling req: ThreadReference(11).FramesCount(7)
10:42:51.737 INFO: JdwpDebugServer: handling req: ThreadReference(11).Name(1)
10:42:51.737 INFO: JdwpDebugServer: handling req: ThreadReference(11).Name(1)
10:42:51.737 INFO: JdwpDebugServer: handling req: ThreadReference(11).Name(1)
10:42:51.741 INFO: JdwpDebugServer: handling req: StackFrame(16).ThisObject(3)
10:42:51.741 INFO: JdwpDebugServer: handling req: ObjectReference(9).ReferenceType(1)
10:42:51.742 INFO: JdwpDebugServer: handling req: Method(6).LineTable(1)
10:42:51.742 INFO: JdwpDebugServer: handling req: StackFrame(16).ThisObject(3)
10:42:51.742 INFO: JdwpDebugServer: handling req: ObjectReference(9).ReferenceType(1)
10:42:51.743 INFO: JdwpDebugServer: handling req: Method(6).LineTable(1)
10:42:51.743 INFO: JdwpDebugServer: handling req: StackFrame(16).ThisObject(3)
10:42:51.747 INFO: JdwpDebugServer: handling req: ObjectReference(9).ReferenceType(1)
10:42:51.747 INFO: JdwpDebugServer: handling req: Method(6).LineTable(1)
10:42:51.747 INFO: JdwpDebugServer: handling req: StackFrame(16).ThisObject(3)
10:42:51.748 INFO: JdwpDebugServer: handling req: ObjectReference(9).ReferenceType(1)
10:42:51.748 INFO: JdwpDebugServer: handling req: Method(6).LineTable(1)
10:42:51.749 INFO: JdwpDebugServer: handling req: StackFrame(16).ThisObject(3)
10:42:51.749 INFO: JdwpDebugServer: handling req: ObjectReference(9).ReferenceType(1)
10:42:51.749 INFO: JdwpDebugServer: handling req: Method(6).LineTable(1)
10:42:51.750 INFO: JdwpDebugServer: handling req: Method(6).LineTable(1)
10:42:51.750 INFO: JdwpDebugServer: handling req: Method(6).LineTable(1)
10:42:53.868 INFO: JdwpDebugServer: handling req: ThreadReference(11).Resume(3)
10:42:53.869 INFO: JdwpEventCenterDelegate: THREAD_RESUMED: thread (33, main, main)
10:42:53.870 INFO: JdwpDebugServer: handling req: EventRequest(15).Set(1)
10:42:53.871 INFO: JdwpEventCenterDelegate: jdwpSetEventRequest: JdwpEventRequest{requestId=136, eventKind=BREAKPOINT, suspendPolicy=EVENT_THREAD, predicates=[Location{classId=20400, methodId=1787, index=106} ]}
10:42:53.884 INFO: JdwpDebugServer: handling req: ThreadReference(11).Resume(3)
10:42:53.884 INFO: JdwpEventCenterDelegate: THREAD_RESUMED: thread (33, main, main)
10:42:53.886 INFO: JdwpDebugServer: handling req: ThreadReference(11).Name(1)
10:42:53.887 INFO: JdwpDebugServer: handling req: ThreadReference(11).Name(1)
10:42:53.887 INFO: JdwpDebugServer: handling req: ThreadReference(11).Name(1)
10:42:53.901 INFO: JdwpDebugServer: handling req: ThreadReference(11).Frames(6)
10:42:53.902 INFO: JdwpDebugServer: handling req: ThreadReference(11).FramesCount(7)
10:42:53.902 INFO: JdwpDebugServer: handling req: ThreadReference(11).FramesCount(7)
10:42:53.956 INFO: JdwpDebugServer: handling req: ReferenceType(2).SignatureWithGeneric(13)
10:42:53.956 INFO: JdwpDebugServer: handling req: ThreadReference(11).Name(1)
10:42:53.957 INFO: JdwpDebugServer: handling req: ThreadReference(11).Name(1)
10:42:53.957 INFO: JdwpDebugServer: handling req: ThreadReference(11).Name(1)
10:42:53.957 INFO: JdwpDebugServer: handling req: ThreadReference(11).Name(1)
10:42:53.957 INFO: JdwpDebugServer: handling req: ThreadReference(11).Name(1)
10:42:53.972 INFO: JdwpDebugServer: handling req: ReferenceType(2).FieldsWithGeneric(14)
10:42:53.973 INFO: JdwpDebugServer: handling req: ThreadReference(11).FramesCount(7)
10:42:53.973 INFO: JdwpDebugServer: handling req: ReferenceType(2).Interfaces(10)
10:42:53.973 INFO: JdwpDebugServer: handling req: ClassType(3).Superclass(1)
10:42:53.973 INFO: JdwpDebugServer: handling req: Method(6).VariableTableWithGenerics(5)
10:42:54.010 INFO: JdwpDebugServer: handling req: ThreadReference(11).Name(1)
10:42:54.011 INFO: JdwpDebugServer: handling req: StackFrame(16).GetValues(1)
10:42:54.011 INFO: JdwpDebugServer: handling req: ObjectReference(9).ReferenceType(1)
10:42:54.012 INFO: JdwpDebugServer: handling req: StackFrame(16).GetValues(1)
10:42:54.012 INFO: JdwpDebugServer: handling req: StackFrame(16).GetValues(1)
10:42:54.012 INFO: JdwpDebugServer: handling req: ClassType(3).Superclass(1)
10:42:54.012 INFO: JdwpDebugServer: handling req: StackFrame(16).GetValues(1)
10:42:54.012 INFO: JdwpDebugServer: handling req: ObjectReference(9).ReferenceType(1)
10:42:54.012 INFO: JdwpDebugServer: handling req: StackFrame(16).GetValues(1)
10:42:54.013 INFO: JdwpDebugServer: handling req: StackFrame(16).GetValues(1)
10:42:54.013 INFO: JdwpDebugServer: handling req: StackFrame(16).GetValues(1)
10:42:54.013 INFO: JdwpDebugServer: handling req: StringReference(10).Value(1)
10:42:54.013 INFO: JdwpDebugServer: handling req: StackFrame(16).GetValues(1)
10:42:54.014 INFO: JdwpDebugServer: handling req: StackFrame(16).GetValues(1)
10:42:54.014 INFO: JdwpDebugServer: handling req: StackFrame(16).GetValues(1)
10:42:54.014 INFO: JdwpDebugServer: handling req: StackFrame(16).GetValues(1)
10:42:54.014 INFO: JdwpDebugServer: handling req: ThreadReference(11).FramesCount(7)
10:42:54.014 INFO: JdwpDebugServer: handling req: StackFrame(16).GetValues(1)
10:42:54.015 INFO: JdwpDebugServer: handling req: StackFrame(16).GetValues(1)
10:42:54.015 INFO: JdwpDebugServer: handling req: StackFrame(16).GetValues(1)
10:42:54.016 INFO: JdwpDebugServer: handling req: StackFrame(16).GetValues(1)
10:42:54.016 INFO: JdwpDebugServer: handling req: ObjectReference(9).ReferenceType(1)
10:42:54.016 INFO: JdwpDebugServer: handling req: StackFrame(16).GetValues(1)
10:42:54.016 INFO: JdwpDebugServer: handling req: ReferenceType(2).FieldsWithGeneric(14)
10:42:54.017 INFO: JdwpDebugServer: handling req: ClassType(3).Superclass(1)
10:42:54.018 INFO: JdwpDebugServer: handling req: ReferenceType(2).Interfaces(10)
10:42:54.018 INFO: JdwpDebugServer: handling req: StackFrame(16).GetValues(1)
10:42:54.018 INFO: JdwpDebugServer: handling req: ReferenceType(2).FieldsWithGeneric(14)
10:42:54.018 INFO: JdwpDebugServer: handling req: StackFrame(16).GetValues(1)
10:42:54.018 INFO: JdwpDebugServer: handling req: ReferenceType(2).Interfaces(10)
10:42:54.018 INFO: JdwpDebugServer: handling req: StackFrame(16).GetValues(1)
10:42:54.018 INFO: JdwpDebugServer: handling req: ClassType(3).Superclass(1)
10:42:54.018 INFO: JdwpDebugServer: handling req: StringReference(10).Value(1)
10:42:54.018 INFO: JdwpDebugServer: handling req: StackFrame(16).GetValues(1)
10:42:54.018 INFO: JdwpDebugServer: handling req: StackFrame(16).GetValues(1)
10:42:54.019 INFO: JdwpDebugServer: handling req: StackFrame(16).GetValues(1)
10:42:54.019 INFO: JdwpDebugServer: handling req: StackFrame(16).GetValues(1)
10:42:54.019 INFO: JdwpDebugServer: handling req: StackFrame(16).GetValues(1)
10:42:54.019 INFO: JdwpDebugServer: handling req: StackFrame(16).GetValues(1)
10:42:54.020 INFO: JdwpDebugServer: handling req: StackFrame(16).GetValues(1)
10:42:54.020 INFO: JdwpDebugServer: handling req: StackFrame(16).GetValues(1)
10:42:54.020 INFO: JdwpDebugServer: handling req: StackFrame(16).GetValues(1)
10:42:54.020 INFO: JdwpDebugServer: handling req: ClassType(3).Superclass(1)
10:42:54.020 INFO: JdwpDebugServer: handling req: StackFrame(16).GetValues(1)
10:42:54.021 INFO: JdwpDebugServer: handling req: StackFrame(16).GetValues(1)
10:42:54.021 INFO: JdwpDebugServer: handling req: StackFrame(16).GetValues(1)
10:42:54.021 INFO: JdwpDebugServer: handling req: StackFrame(16).GetValues(1)
10:42:54.021 INFO: JdwpDebugServer: handling req: StackFrame(16).GetValues(1)
10:42:54.021 INFO: JdwpDebugServer: handling req: StackFrame(16).GetValues(1)
10:42:54.022 INFO: JdwpDebugServer: handling req: StackFrame(16).GetValues(1)
10:42:54.022 INFO: JdwpDebugServer: handling req: StackFrame(16).GetValues(1)
10:42:54.022 INFO: JdwpDebugServer: handling req: StackFrame(16).GetValues(1)
10:42:54.022 INFO: JdwpDebugServer: handling req: StackFrame(16).GetValues(1)
10:42:54.022 INFO: JdwpDebugServer: handling req: StackFrame(16).GetValues(1)
10:42:54.023 INFO: JdwpDebugServer: handling req: StackFrame(16).GetValues(1)
10:42:54.023 INFO: JdwpDebugServer: handling req: StackFrame(16).GetValues(1)
10:42:54.023 INFO: JdwpDebugServer: handling req: StackFrame(16).GetValues(1)
10:42:54.023 INFO: JdwpDebugServer: handling req: StackFrame(16).GetValues(1)
10:42:54.023 INFO: JdwpDebugServer: handling req: StackFrame(16).GetValues(1)
10:42:54.023 INFO: JdwpDebugServer: handling req: StackFrame(16).GetValues(1)
10:42:54.023 INFO: JdwpDebugServer: handling req: StackFrame(16).GetValues(1)
10:42:54.024 INFO: JdwpDebugServer: handling req: StackFrame(16).GetValues(1)
10:42:54.024 INFO: JdwpDebugServer: handling req: StackFrame(16).GetValues(1)
10:42:54.024 INFO: JdwpDebugServer: handling req: ReferenceType(2).SourceFile(7)
10:42:54.024 INFO: JdwpDebugServer: handling req: StackFrame(16).GetValues(1)
10:42:54.024 INFO: JdwpDebugServer: handling req: StackFrame(16).GetValues(1)
10:42:54.024 INFO: JdwpDebugServer: handling req: StackFrame(16).GetValues(1)
10:42:54.025 INFO: JdwpDebugServer: handling req: StackFrame(16).GetValues(1)
10:42:54.025 INFO: JdwpDebugServer: handling req: ClassType(3).Superclass(1)
10:42:54.025 INFO: JdwpDebugServer: handling req: StackFrame(16).GetValues(1)
10:42:54.025 INFO: JdwpDebugServer: handling req: StackFrame(16).GetValues(1)
10:42:54.025 INFO: JdwpDebugServer: handling req: StackFrame(16).GetValues(1)
10:42:54.025 INFO: JdwpDebugServer: handling req: StackFrame(16).GetValues(1)
10:42:54.026 INFO: JdwpDebugServer: handling req: StackFrame(16).GetValues(1)
10:42:54.026 INFO: JdwpDebugServer: handling req: StackFrame(16).ThisObject(3)
10:42:54.026 INFO: JdwpDebugServer: handling req: ObjectReference(9).ReferenceType(1)
10:42:54.026 INFO: JdwpDebugServer: handling req: StackFrame(16).ThisObject(3)
10:42:54.026 INFO: JdwpDebugServer: handling req: ObjectReference(9).ReferenceType(1)
10:42:54.026 INFO: JdwpDebugServer: handling req: StackFrame(16).ThisObject(3)
10:42:54.027 INFO: JdwpDebugServer: handling req: ObjectReference(9).ReferenceType(1)
10:42:54.027 INFO: JdwpDebugServer: handling req: StackFrame(16).ThisObject(3)
10:42:54.027 INFO: JdwpDebugServer: handling req: ObjectReference(9).ReferenceType(1)
10:42:54.027 INFO: JdwpDebugServer: handling req: StackFrame(16).ThisObject(3)
10:42:54.027 INFO: JdwpDebugServer: handling req: ObjectReference(9).ReferenceType(1)
10:42:54.041 INFO: JdwpDebugServer: handling req: StackFrame(16).GetValues(1)
10:42:54.041 INFO: JdwpDebugServer: handling req: ClassType(3).Superclass(1)
10:42:54.051 INFO: JdwpDebugServer: handling req: ObjectReference(9).GetValues(2)
10:42:54.051 INFO: JdwpDebugServer: handling req: ObjectReference(9).GetValues(2)
10:42:54.051 INFO: JdwpDebugServer: handling req: ObjectReference(9).GetValues(2)
10:42:54.051 INFO: JdwpDebugServer: handling req: ObjectReference(9).ReferenceType(1)
10:42:54.051 INFO: JdwpDebugServer: handling req: ClassType(3).Superclass(1)
10:42:54.052 INFO: JdwpDebugServer: handling req: ObjectReference(9).GetValues(2)
10:42:54.052 INFO: JdwpDebugServer: handling req: ObjectReference(9).GetValues(2)
10:42:54.052 INFO: JdwpDebugServer: handling req: StringReference(10).Value(1)
10:42:54.053 INFO: JdwpDebugServer: handling req: ObjectReference(9).GetValues(2)
10:42:54.053 INFO: JdwpDebugServer: handling req: ObjectReference(9).ReferenceType(1)
10:42:54.053 INFO: JdwpDebugServer: handling req: ReferenceType(2).FieldsWithGeneric(14)
10:42:54.053 INFO: JdwpDebugServer: handling req: ObjectReference(9).GetValues(2)
10:42:54.053 INFO: JdwpDebugServer: handling req: ReferenceType(2).Interfaces(10)
10:42:54.053 INFO: JdwpDebugServer: handling req: ObjectReference(9).GetValues(2)
10:42:54.054 INFO: JdwpDebugServer: handling req: ReferenceType(2).FieldsWithGeneric(14)
10:42:54.054 INFO: JdwpDebugServer: handling req: ReferenceType(2).Interfaces(10)
10:42:54.054 INFO: JdwpDebugServer: handling req: ClassType(3).Superclass(1)
10:42:54.054 INFO: JdwpDebugServer: handling req: ObjectReference(9).GetValues(2)
10:42:54.054 INFO: JdwpDebugServer: handling req: ObjectReference(9).ReferenceType(1)
10:42:54.055 INFO: JdwpDebugServer: handling req: ObjectReference(9).GetValues(2)
10:42:54.055 INFO: JdwpDebugServer: handling req: ObjectReference(9).ReferenceType(1)
10:42:54.055 INFO: JdwpDebugServer: handling req: ObjectReference(9).GetValues(2)
10:42:54.056 INFO: JdwpDebugServer: handling req: ObjectReference(9).GetValues(2)
10:42:54.056 INFO: JdwpDebugServer: handling req: ObjectReference(9).GetValues(2)
10:42:54.056 INFO: JdwpDebugServer: handling req: ObjectReference(9).GetValues(2)
10:42:54.057 INFO: JdwpDebugServer: handling req: ObjectReference(9).GetValues(2)
10:42:54.057 INFO: JdwpDebugServer: handling req: ObjectReference(9).ReferenceType(1)
10:42:54.057 INFO: JdwpDebugServer: handling req: ObjectReference(9).GetValues(2)
10:42:54.057 INFO: JdwpDebugServer: handling req: ObjectReference(9).ReferenceType(1)
10:42:54.058 INFO: JdwpDebugServer: handling req: ReferenceType(2).FieldsWithGeneric(14)
10:42:54.058 INFO: JdwpDebugServer: handling req: ObjectReference(9).GetValues(2)
10:42:54.058 INFO: JdwpDebugServer: handling req: ReferenceType(2).Interfaces(10)
10:42:54.058 INFO: JdwpDebugServer: handling req: ObjectReference(9).GetValues(2)
10:42:54.058 INFO: JdwpDebugServer: handling req: ClassType(3).Superclass(1)
10:42:54.059 INFO: JdwpDebugServer: handling req: ReferenceType(2).FieldsWithGeneric(14)
10:42:54.059 INFO: JdwpDebugServer: handling req: ObjectReference(9).GetValues(2)
10:42:54.059 INFO: JdwpDebugServer: handling req: ReferenceType(2).Interfaces(10)
10:42:54.059 INFO: JdwpDebugServer: handling req: ObjectReference(9).GetValues(2)
10:42:54.059 INFO: JdwpDebugServer: handling req: ClassType(3).Superclass(1)
10:42:54.059 INFO: JdwpDebugServer: handling req: ClassType(3).Superclass(1)
10:42:54.059 INFO: JdwpDebugServer: handling req: ReferenceType(2).FieldsWithGeneric(14)
10:42:54.060 INFO: JdwpDebugServer: handling req: ObjectReference(9).GetValues(2)
10:42:54.060 INFO: JdwpDebugServer: handling req: ReferenceType(2).Interfaces(10)
10:42:54.060 INFO: JdwpDebugServer: handling req: ObjectReference(9).GetValues(2)
10:42:54.060 INFO: JdwpDebugServer: handling req: ClassType(3).Superclass(1)
10:42:54.060 INFO: JdwpDebugServer: handling req: ObjectReference(9).GetValues(2)
10:42:54.060 INFO: JdwpDebugServer: handling req: ObjectReference(9).GetValues(2)
10:42:54.060 INFO: JdwpDebugServer: handling req: ObjectReference(9).ReferenceType(1)
10:42:54.061 INFO: JdwpDebugServer: handling req: ReferenceType(2).FieldsWithGeneric(14)
10:42:54.061 INFO: JdwpDebugServer: handling req: ReferenceType(2).Interfaces(10)
10:42:54.061 INFO: JdwpDebugServer: handling req: ClassType(3).Superclass(1)
10:42:54.061 INFO: JdwpDebugServer: handling req: ReferenceType(2).FieldsWithGeneric(14)
10:42:54.061 INFO: JdwpDebugServer: handling req: ReferenceType(2).Interfaces(10)
10:42:54.062 INFO: JdwpDebugServer: handling req: ClassType(3).Superclass(1)
10:42:54.062 INFO: JdwpDebugServer: handling req: ObjectReference(9).GetValues(2)
10:42:54.063 INFO: JdwpDebugServer: handling req: ObjectReference(9).GetValues(2)
10:42:54.063 INFO: JdwpDebugServer: handling req: ObjectReference(9).GetValues(2)
10:42:54.063 INFO: JdwpDebugServer: handling req: ObjectReference(9).ReferenceType(1)
10:42:54.064 INFO: JdwpDebugServer: handling req: ObjectReference(9).GetValues(2)
10:42:54.064 INFO: JdwpDebugServer: handling req: ObjectReference(9).GetValues(2)
10:42:54.064 INFO: JdwpDebugServer: handling req: ObjectReference(9).GetValues(2)
10:42:54.064 INFO: JdwpDebugServer: handling req: ObjectReference(9).GetValues(2)
10:42:54.064 INFO: JdwpDebugServer: handling req: ObjectReference(9).GetValues(2)
10:42:54.064 INFO: JdwpDebugServer: handling req: ObjectReference(9).ReferenceType(1)
10:42:54.064 INFO: JdwpDebugServer: handling req: ObjectReference(9).GetValues(2)
10:42:54.064 INFO: JdwpDebugServer: handling req: ObjectReference(9).GetValues(2)
10:42:54.065 INFO: JdwpDebugServer: handling req: ClassType(3).Superclass(1)
10:42:54.065 INFO: JdwpDebugServer: handling req: ObjectReference(9).ReferenceType(1)
10:42:54.065 INFO: JdwpDebugServer: handling req: ObjectReference(9).GetValues(2)
10:42:54.065 INFO: JdwpDebugServer: handling req: ObjectReference(9).GetValues(2)
10:42:54.065 INFO: JdwpDebugServer: handling req: ObjectReference(9).GetValues(2)
10:42:54.065 INFO: JdwpDebugServer: handling req: ObjectReference(9).ReferenceType(1)
10:42:54.065 INFO: JdwpDebugServer: handling req: ObjectReference(9).GetValues(2)
10:42:54.065 INFO: JdwpDebugServer: handling req: ObjectReference(9).GetValues(2)
10:42:54.066 INFO: JdwpDebugServer: handling req: ObjectReference(9).GetValues(2)
10:42:54.066 INFO: JdwpDebugServer: handling req: ObjectReference(9).GetValues(2)
10:42:54.066 INFO: JdwpDebugServer: handling req: ObjectReference(9).GetValues(2)
10:42:54.067 INFO: JdwpDebugServer: handling req: ObjectReference(9).ReferenceType(1)
10:42:54.067 INFO: JdwpDebugServer: handling req: ObjectReference(9).GetValues(2)
10:42:54.067 INFO: JdwpDebugServer: handling req: ObjectReference(9).GetValues(2)
10:42:54.067 INFO: JdwpDebugServer: handling req: ClassType(3).Superclass(1)
10:42:54.067 INFO: JdwpDebugServer: handling req: ObjectReference(9).GetValues(2)
10:42:54.067 INFO: JdwpDebugServer: handling req: ObjectReference(9).GetValues(2)
10:42:54.067 INFO: JdwpDebugServer: handling req: ObjectReference(9).GetValues(2)
10:42:54.067 INFO: JdwpDebugServer: handling req: ObjectReference(9).GetValues(2)
10:42:54.068 INFO: JdwpDebugServer: handling req: ObjectReference(9).GetValues(2)
10:42:54.068 INFO: JdwpDebugServer: handling req: ObjectReference(9).GetValues(2)
10:42:54.068 INFO: JdwpDebugServer: handling req: ObjectReference(9).GetValues(2)
10:42:54.068 INFO: JdwpDebugServer: handling req: ObjectReference(9).GetValues(2)
10:42:54.068 INFO: JdwpDebugServer: handling req: ObjectReference(9).GetValues(2)
10:42:54.069 INFO: JdwpDebugServer: handling req: ObjectReference(9).GetValues(2)
10:42:54.069 INFO: JdwpDebugServer: handling req: ObjectReference(9).GetValues(2)
10:42:54.069 INFO: JdwpDebugServer: handling req: ObjectReference(9).GetValues(2)
10:42:54.069 INFO: JdwpDebugServer: handling req: ClassType(3).Superclass(1)
10:42:54.069 INFO: JdwpDebugServer: handling req: ObjectReference(9).GetValues(2)
10:42:54.069 INFO: JdwpDebugServer: handling req: StringReference(10).Value(1)
10:42:54.069 INFO: JdwpDebugServer: handling req: ObjectReference(9).GetValues(2)
10:42:54.070 INFO: JdwpDebugServer: handling req: ObjectReference(9).GetValues(2)
10:42:54.070 INFO: JdwpDebugServer: handling req: ClassType(3).Superclass(1)
10:42:54.070 INFO: JdwpDebugServer: handling req: ObjectReference(9).GetValues(2)
10:42:54.070 INFO: JdwpDebugServer: handling req: ObjectReference(9).GetValues(2)
10:42:54.071 INFO: JdwpDebugServer: handling req: ObjectReference(9).GetValues(2)
10:42:54.071 INFO: JdwpDebugServer: handling req: StringReference(10).Value(1)
10:42:54.073 INFO: JdwpDebugServer: handling req: ObjectReference(9).GetValues(2)
10:42:54.073 INFO: JdwpDebugServer: handling req: ObjectReference(9).GetValues(2)
10:42:54.073 INFO: JdwpDebugServer: handling req: ObjectReference(9).GetValues(2)
10:42:54.073 INFO: JdwpDebugServer: handling req: ObjectReference(9).GetValues(2)
10:42:54.074 INFO: JdwpDebugServer: handling req: ObjectReference(9).GetValues(2)
10:42:54.074 INFO: JdwpDebugServer: handling req: ObjectReference(9).GetValues(2)
10:42:54.074 INFO: JdwpDebugServer: handling req: ObjectReference(9).GetValues(2)
10:42:54.075 INFO: JdwpDebugServer: handling req: ObjectReference(9).GetValues(2)
10:42:54.075 INFO: JdwpDebugServer: handling req: ObjectReference(9).GetValues(2)
10:42:54.076 INFO: JdwpDebugServer: handling req: ObjectReference(9).GetValues(2)
10:42:54.076 INFO: JdwpDebugServer: handling req: ObjectReference(9).GetValues(2)
10:42:54.077 INFO: JdwpDebugServer: handling req: ObjectReference(9).GetValues(2)
10:42:54.077 INFO: JdwpDebugServer: handling req: ObjectReference(9).GetValues(2)
10:42:54.077 INFO: JdwpDebugServer: handling req: ObjectReference(9).GetValues(2)
10:42:54.078 INFO: JdwpDebugServer: handling req: ObjectReference(9).GetValues(2)
10:42:54.078 INFO: JdwpDebugServer: handling req: ObjectReference(9).GetValues(2)
10:42:54.078 INFO: JdwpDebugServer: handling req: ObjectReference(9).GetValues(2)
10:42:54.079 INFO: JdwpDebugServer: handling req: ObjectReference(9).GetValues(2)
10:42:54.079 INFO: JdwpDebugServer: handling req: ClassType(3).Superclass(1)
10:42:54.079 INFO: JdwpDebugServer: handling req: ObjectReference(9).GetValues(2)
10:42:54.079 INFO: JdwpDebugServer: handling req: ObjectReference(9).GetValues(2)
10:42:54.079 INFO: JdwpDebugServer: handling req: ObjectReference(9).GetValues(2)
10:42:54.080 INFO: JdwpDebugServer: handling req: StringReference(10).Value(1)
10:42:54.080 INFO: JdwpDebugServer: handling req: ObjectReference(9).GetValues(2)
10:42:54.081 INFO: JdwpDebugServer: handling req: ObjectReference(9).GetValues(2)
10:42:54.081 INFO: JdwpDebugServer: handling req: ObjectReference(9).GetValues(2)
10:42:54.081 INFO: JdwpDebugServer: handling req: ObjectReference(9).GetValues(2)
10:42:54.081 INFO: JdwpDebugServer: handling req: ClassType(3).Superclass(1)
10:42:54.082 INFO: JdwpDebugServer: handling req: ObjectReference(9).GetValues(2)
10:42:54.082 INFO: JdwpDebugServer: handling req: ObjectReference(9).GetValues(2)
10:42:54.082 INFO: JdwpDebugServer: handling req: ObjectReference(9).GetValues(2)
10:42:54.083 INFO: JdwpDebugServer: handling req: ObjectReference(9).GetValues(2)
10:42:54.083 INFO: JdwpDebugServer: handling req: ObjectReference(9).GetValues(2)
10:42:54.083 INFO: JdwpDebugServer: handling req: ObjectReference(9).GetValues(2)
10:42:54.083 INFO: JdwpDebugServer: handling req: ObjectReference(9).GetValues(2)
10:42:54.083 INFO: JdwpDebugServer: handling req: ClassType(3).Superclass(1)
10:42:54.084 INFO: JdwpDebugServer: handling req: ObjectReference(9).GetValues(2)
10:42:54.084 INFO: JdwpDebugServer: handling req: ObjectReference(9).GetValues(2)
10:42:54.084 INFO: JdwpDebugServer: handling req: ObjectReference(9).GetValues(2)
10:42:54.084 INFO: JdwpDebugServer: handling req: ObjectReference(9).GetValues(2)
10:42:54.085 INFO: JdwpDebugServer: handling req: ObjectReference(9).GetValues(2)
10:42:54.085 INFO: JdwpDebugServer: handling req: ObjectReference(9).GetValues(2)
10:42:54.085 INFO: JdwpDebugServer: handling req: ObjectReference(9).GetValues(2)
10:42:54.085 INFO: JdwpDebugServer: handling req: ObjectReference(9).GetValues(2)
10:42:54.086 INFO: JdwpDebugServer: handling req: ObjectReference(9).GetValues(2)
10:42:54.086 INFO: JdwpDebugServer: handling req: ObjectReference(9).GetValues(2)
10:42:54.086 INFO: JdwpDebugServer: handling req: ObjectReference(9).GetValues(2)
10:42:54.087 INFO: JdwpDebugServer: handling req: ObjectReference(9).GetValues(2)
10:42:54.087 INFO: JdwpDebugServer: handling req: ObjectReference(9).GetValues(2)
10:42:54.087 INFO: JdwpDebugServer: handling req: ObjectReference(9).GetValues(2)
10:42:54.088 INFO: JdwpDebugServer: handling req: ObjectReference(9).GetValues(2)
10:42:54.088 INFO: JdwpDebugServer: handling req: ObjectReference(9).GetValues(2)
10:42:54.088 INFO: JdwpDebugServer: handling req: ObjectReference(9).GetValues(2)
10:42:54.088 INFO: JdwpDebugServer: handling req: ObjectReference(9).GetValues(2)
10:42:54.089 INFO: JdwpDebugServer: handling req: ObjectReference(9).GetValues(2)
10:42:54.089 INFO: JdwpDebugServer: handling req: ObjectReference(9).GetValues(2)
10:42:54.089 INFO: JdwpDebugServer: handling req: ObjectReference(9).GetValues(2)
10:42:54.089 INFO: JdwpDebugServer: handling req: ClassType(3).Superclass(1)
10:42:54.089 INFO: JdwpDebugServer: handling req: ObjectReference(9).GetValues(2)
10:42:54.090 INFO: JdwpDebugServer: handling req: ObjectReference(9).GetValues(2)
10:42:54.090 INFO: JdwpDebugServer: handling req: ObjectReference(9).GetValues(2)
10:42:54.090 INFO: JdwpDebugServer: handling req: ObjectReference(9).GetValues(2)
10:42:54.090 INFO: JdwpDebugServer: handling req: ObjectReference(9).GetValues(2)
10:42:54.091 INFO: JdwpDebugServer: handling req: ObjectReference(9).GetValues(2)
10:42:54.091 INFO: JdwpDebugServer: handling req: ObjectReference(9).GetValues(2)
10:42:54.091 INFO: JdwpDebugServer: handling req: ObjectReference(9).GetValues(2)
10:42:54.091 INFO: JdwpDebugServer: handling req: ObjectReference(9).GetValues(2)
10:42:54.092 INFO: JdwpDebugServer: handling req: ObjectReference(9).GetValues(2)
10:42:54.092 INFO: JdwpDebugServer: handling req: ObjectReference(9).GetValues(2)
10:42:54.092 INFO: JdwpDebugServer: handling req: ObjectReference(9).GetValues(2)
10:42:54.092 INFO: JdwpDebugServer: handling req: ObjectReference(9).GetValues(2)
10:42:54.092 INFO: JdwpDebugServer: handling req: ObjectReference(9).GetValues(2)
10:42:54.093 INFO: JdwpDebugServer: handling req: ClassType(3).Superclass(1)
10:42:54.093 INFO: JdwpDebugServer: handling req: ObjectReference(9).GetValues(2)
10:42:54.093 INFO: JdwpDebugServer: handling req: ObjectReference(9).GetValues(2)
10:42:54.093 INFO: JdwpDebugServer: handling req: ObjectReference(9).GetValues(2)
10:42:54.093 INFO: JdwpDebugServer: handling req: ObjectReference(9).GetValues(2)
10:42:54.094 INFO: JdwpDebugServer: handling req: ObjectReference(9).GetValues(2)
10:42:54.094 INFO: JdwpDebugServer: handling req: ObjectReference(9).GetValues(2)
10:42:54.094 INFO: JdwpDebugServer: handling req: ObjectReference(9).GetValues(2)
10:42:54.094 INFO: JdwpDebugServer: handling req: ClassType(3).Superclass(1)
10:42:54.094 INFO: JdwpDebugServer: handling req: ObjectReference(9).GetValues(2)
10:42:54.095 INFO: JdwpDebugServer: handling req: ObjectReference(9).GetValues(2)
10:42:54.095 INFO: JdwpDebugServer: handling req: ObjectReference(9).GetValues(2)
10:42:54.095 INFO: JdwpDebugServer: handling req: ObjectReference(9).GetValues(2)
10:42:54.095 INFO: JdwpDebugServer: handling req: ObjectReference(9).GetValues(2)
10:42:54.095 INFO: JdwpDebugServer: handling req: ObjectReference(9).GetValues(2)
10:42:54.096 INFO: JdwpDebugServer: handling req: ObjectReference(9).GetValues(2)
10:42:54.096 INFO: JdwpDebugServer: handling req: ClassType(3).Superclass(1)
10:42:54.096 INFO: JdwpDebugServer: handling req: ObjectReference(9).GetValues(2)
10:42:54.096 INFO: JdwpDebugServer: handling req: ObjectReference(9).GetValues(2)
10:42:54.096 INFO: JdwpDebugServer: handling req: ObjectReference(9).GetValues(2)
10:42:54.097 INFO: JdwpDebugServer: handling req: ObjectReference(9).GetValues(2)
10:42:54.097 INFO: JdwpDebugServer: handling req: ObjectReference(9).GetValues(2)
10:42:54.097 INFO: JdwpDebugServer: handling req: ObjectReference(9).GetValues(2)
10:42:54.097 INFO: JdwpDebugServer: handling req: ObjectReference(9).GetValues(2)
10:42:54.097 INFO: JdwpDebugServer: handling req: ObjectReference(9).GetValues(2)
10:42:54.098 INFO: JdwpDebugServer: handling req: ObjectReference(9).GetValues(2)
10:42:54.098 INFO: JdwpDebugServer: handling req: ObjectReference(9).GetValues(2)
10:42:54.098 INFO: JdwpDebugServer: handling req: ObjectReference(9).GetValues(2)
10:42:54.098 INFO: JdwpDebugServer: handling req: ObjectReference(9).GetValues(2)
10:42:54.099 INFO: JdwpDebugServer: handling req: ObjectReference(9).GetValues(2)
10:42:54.099 INFO: JdwpDebugServer: handling req: ObjectReference(9).GetValues(2)
10:42:54.099 INFO: JdwpDebugServer: handling req: ClassType(3).Superclass(1)
10:42:54.099 INFO: JdwpDebugServer: handling req: ObjectReference(9).GetValues(2)
10:42:54.099 INFO: JdwpDebugServer: handling req: ObjectReference(9).GetValues(2)
10:42:54.099 INFO: JdwpDebugServer: handling req: ObjectReference(9).GetValues(2)
10:42:54.099 INFO: JdwpDebugServer: handling req: StringReference(10).Value(1)
10:42:54.100 INFO: JdwpDebugServer: handling req: ObjectReference(9).GetValues(2)
10:42:54.100 INFO: JdwpDebugServer: handling req: ObjectReference(9).GetValues(2)
10:42:56.355 INFO: JdwpDebugServer: handling req: ObjectReference(9).GetValues(2)
10:42:59.229 INFO: JdwpDebugServer: handling req: StringReference(10).Value(1)
10:43:03.654 INFO: JdwpDebugServer: handling req: ObjectReference(9).GetValues(2)
10:43:03.676 INFO: JdwpDebugServer: handling req: StringReference(10).Value(1)
10:43:05.073 INFO: JdwpDebugServer: handling req: ThreadReference(11).Resume(3)
10:43:05.076 INFO: JdwpEventCenterDelegate: THREAD_RESUMED: thread (33, main, main)
10:43:05.078 INFO: JdwpDebugServer: handling req: ReferenceType(2).MethodsWithGeneric(15)
10:43:05.079 INFO: JdwpDebugServer: handling req: Method(6).LineTable(1)
10:43:05.079 INFO: JdwpDebugServer: handling req: Method(6).LineTable(1)
10:43:05.079 INFO: JdwpDebugServer: handling req: Method(6).LineTable(1)
10:43:05.079 INFO: JdwpDebugServer: handling req: ThreadReference(11).Resume(3)
10:43:05.079 INFO: JdwpEventCenterDelegate: THREAD_RESUMED: thread (33, main, main)
10:43:05.081 INFO: JdwpEventCenterDelegate: THREAD_RESUMED: thread (33, main, main)
10:43:05.124 INFO: JdwpDebugServer: handling req: ThreadReference(11).Name(1)
10:43:05.124 INFO: JdwpDebugServer: handling req: ThreadReference(11).Name(1)
10:43:05.124 INFO: JdwpDebugServer: handling req: ThreadReference(11).Name(1)
10:43:05.126 SEVERE: Debugger: Thread HooksChannel socket thread crashed
org.robovm.debugger.DebuggerException: java.nio.BufferUnderflowException
	at org.robovm.debugger.hooks.HooksChannel.doSocketWork(HooksChannel.java:149)
	at java.base/java.lang.Thread.run(Thread.java:833)
	at org.robovm.debugger.utils.DebuggerThread.run(DebuggerThread.java:42)
Caused by: java.nio.BufferUnderflowException
	at org.robovm.debugger.utils.bytebuffer.DataBufferWriter.writeFromStream(DataBufferWriter.java:91)
	at org.robovm.debugger.hooks.HooksChannel.doSocketWork(HooksChannel.java:116)
	... 2 more
10:43:05.156 INFO: JdwpDebugServer: handling req: ThreadReference(11).Name(1)
