09:42:12.040 INFO: JdwpEventCenterDelegate: THREAD_STARTED: thread (33, main, main)
09:42:12.094 INFO: JdwpEventCenterDelegate: THREAD_STARTED: thread (48, ReferenceQueueDaemon, main)
09:42:12.095 INFO: JdwpEventCenterDelegate: THREAD_STARTED: thread (63, FinalizerDaemon, main)
09:42:12.097 INFO: JdwpEventCenterDelegate: THREAD_STARTED: thread (78, FinalizerWatchdogDaemon, main)
09:42:14.168 INFO: JdwpDebugServer: handling req: VirtualMachine(1).IDSizes(7)
09:42:14.169 INFO: JdwpDebugServer: handling req: EventRequest(15).Set(1)
09:42:14.170 INFO: JdwpEventCenterDelegate: jdwpSetEventRequest: JdwpEventRequest{requestId=100, eventKind=CLASS_UNLOAD, suspendPolicy=NONE, predicates=[]}
09:42:14.171 INFO: JdwpDebugServer: handling req: EventRequest(15).Set(1)
09:42:14.171 INFO: JdwpEventCenterDelegate: jdwpSetEventRequest: JdwpEventRequest{requestId=101, eventKind=THREAD_START, suspendPolicy=NONE, predicates=[]}
09:42:14.173 INFO: JdwpDebugServer: handling req: VirtualMachine(1).ClassesBySignature(2)
09:42:14.175 INFO: JdwpDebugServer: handling req: VirtualMachine(1).Version(1)
09:42:14.177 INFO: JdwpDebugServer: handling req: ReferenceType(2).MethodsWithGeneric(15)
09:42:14.178 INFO: JdwpDebugServer: handling req: Method(6).LineTable(1)
09:42:14.180 INFO: JdwpDebugServer: handling req: EventRequest(15).Set(1)
09:42:14.180 INFO: JdwpEventCenterDelegate: jdwpSetEventRequest: JdwpEventRequest{requestId=102, eventKind=BREAKPOINT, suspendPolicy=NONE, predicates=[Location{classId=845, methodId=257, index=928} ]}
09:42:14.181 INFO: JdwpDebugServer: handling req: EventRequest(15).Set(1)
09:42:14.181 INFO: JdwpEventCenterDelegate: jdwpSetEventRequest: JdwpEventRequest{requestId=103, eventKind=THREAD_DEATH, suspendPolicy=NONE, predicates=[]}
09:42:14.181 INFO: JdwpDebugServer: handling req: VirtualMachine(1).AllThreads(4)
09:42:14.182 INFO: JdwpDebugServer: handling req: ThreadReference(11).ThreadGroup(5)
09:42:14.182 INFO: JdwpDebugServer: handling req: ThreadGroup(12).Name(1)
09:42:14.183 INFO: JdwpDebugServer: handling req: ThreadGroup(12).Parent(2)
09:42:14.183 INFO: JdwpDebugServer: handling req: ObjectReference(9).ReferenceType(1)
09:42:14.184 INFO: JdwpDebugServer: handling req: ReferenceType(2).FieldsWithGeneric(14)
09:42:14.185 INFO: JdwpDebugServer: handling req: ReferenceType(2).Interfaces(10)
09:42:14.186 INFO: JdwpDebugServer: handling req: ReferenceType(2).FieldsWithGeneric(14)
09:42:14.186 INFO: JdwpDebugServer: handling req: ReferenceType(2).Interfaces(10)
09:42:14.186 INFO: JdwpDebugServer: handling req: ClassType(3).Superclass(1)
09:42:14.187 INFO: JdwpDebugServer: handling req: ReferenceType(2).FieldsWithGeneric(14)
09:42:14.187 INFO: JdwpDebugServer: handling req: ReferenceType(2).Interfaces(10)
09:42:14.187 INFO: JdwpDebugServer: handling req: ClassType(3).Superclass(1)
09:42:14.188 INFO: JdwpDebugServer: handling req: ObjectReference(9).GetValues(2)
09:42:14.190 INFO: JdwpDebugServer: handling req: ThreadReference(11).Status(4)
09:42:14.190 INFO: JdwpDebugServer: handling req: ThreadReference(11).Status(4)
09:42:14.191 INFO: JdwpDebugServer: handling req: ThreadReference(11).ThreadGroup(5)
09:42:14.191 INFO: JdwpDebugServer: handling req: ObjectReference(9).ReferenceType(1)
09:42:14.191 INFO: JdwpDebugServer: handling req: ObjectReference(9).GetValues(2)
09:42:14.192 INFO: JdwpDebugServer: handling req: ThreadReference(11).Status(4)
09:42:14.192 INFO: JdwpDebugServer: handling req: ThreadReference(11).Status(4)
09:42:14.192 INFO: JdwpDebugServer: handling req: ThreadReference(11).ThreadGroup(5)
09:42:14.193 INFO: JdwpDebugServer: handling req: ObjectReference(9).ReferenceType(1)
09:42:14.193 INFO: JdwpDebugServer: handling req: ObjectReference(9).GetValues(2)
09:42:14.193 INFO: JdwpDebugServer: handling req: ThreadReference(11).Status(4)
09:42:14.193 INFO: JdwpDebugServer: handling req: ThreadReference(11).Status(4)
09:42:14.193 INFO: JdwpDebugServer: handling req: ThreadReference(11).ThreadGroup(5)
09:42:14.194 INFO: JdwpDebugServer: handling req: ObjectReference(9).ReferenceType(1)
09:42:14.194 INFO: JdwpDebugServer: handling req: ObjectReference(9).GetValues(2)
09:42:14.194 INFO: JdwpDebugServer: handling req: ThreadReference(11).Status(4)
09:42:14.194 INFO: JdwpDebugServer: handling req: ThreadReference(11).Status(4)
09:42:14.197 INFO: JdwpDebugServer: handling req: EventRequest(15).Set(1)
09:42:14.197 INFO: JdwpEventCenterDelegate: jdwpSetEventRequest: JdwpEventRequest{requestId=104, eventKind=CLASS_PREPARE, suspendPolicy=EVENT_THREAD, predicates=[className=com.badlogic.gdx.graphics.g2d.SpriteBatch]}
09:42:14.203 INFO: JdwpDebugServer: handling req: EventRequest(15).Set(1)
09:42:14.203 INFO: JdwpEventCenterDelegate: jdwpSetEventRequest: JdwpEventRequest{requestId=105, eventKind=CLASS_PREPARE, suspendPolicy=EVENT_THREAD, predicates=[className=com.badlogic.gdx.graphics.g2d.SpriteBatch$*]}
09:42:14.205 INFO: JdwpDebugServer: handling req: VirtualMachine(1).ClassesBySignature(2)
09:42:14.205 INFO: JdwpDebugServer: handling req: ReferenceType(2).MethodsWithGeneric(15)
09:42:14.206 INFO: JdwpDebugServer: handling req: Method(6).LineTable(1)
09:42:14.206 INFO: JdwpDebugServer: handling req: Method(6).LineTable(1)
09:42:14.207 INFO: JdwpDebugServer: handling req: Method(6).LineTable(1)
09:42:14.207 INFO: JdwpDebugServer: handling req: Method(6).LineTable(1)
09:42:14.207 INFO: JdwpDebugServer: handling req: Method(6).LineTable(1)
09:42:14.207 INFO: JdwpDebugServer: handling req: Method(6).LineTable(1)
09:42:14.207 INFO: JdwpDebugServer: handling req: Method(6).LineTable(1)
09:42:14.207 INFO: JdwpDebugServer: handling req: Method(6).LineTable(1)
09:42:14.207 INFO: JdwpDebugServer: handling req: Method(6).LineTable(1)
09:42:14.208 INFO: JdwpDebugServer: handling req: Method(6).LineTable(1)
09:42:14.208 INFO: JdwpDebugServer: handling req: Method(6).LineTable(1)
09:42:14.208 INFO: JdwpDebugServer: handling req: Method(6).LineTable(1)
09:42:14.208 INFO: JdwpDebugServer: handling req: Method(6).LineTable(1)
09:42:14.208 INFO: JdwpDebugServer: handling req: Method(6).LineTable(1)
09:42:14.208 INFO: JdwpDebugServer: handling req: Method(6).LineTable(1)
09:42:14.208 INFO: JdwpDebugServer: handling req: Method(6).LineTable(1)
09:42:14.208 INFO: JdwpDebugServer: handling req: Method(6).LineTable(1)
09:42:14.208 INFO: JdwpDebugServer: handling req: Method(6).LineTable(1)
09:42:14.209 INFO: JdwpDebugServer: handling req: Method(6).LineTable(1)
09:42:14.209 INFO: JdwpDebugServer: handling req: Method(6).LineTable(1)
09:42:14.209 INFO: JdwpDebugServer: handling req: Method(6).LineTable(1)
09:42:14.209 INFO: JdwpDebugServer: handling req: Method(6).LineTable(1)
09:42:14.209 INFO: JdwpDebugServer: handling req: Method(6).LineTable(1)
09:42:14.209 INFO: JdwpDebugServer: handling req: Method(6).LineTable(1)
09:42:14.209 INFO: JdwpDebugServer: handling req: Method(6).LineTable(1)
09:42:14.209 INFO: JdwpDebugServer: handling req: Method(6).LineTable(1)
09:42:14.209 INFO: JdwpDebugServer: handling req: Method(6).LineTable(1)
09:42:14.209 INFO: JdwpDebugServer: handling req: Method(6).LineTable(1)
09:42:14.210 INFO: JdwpDebugServer: handling req: Method(6).LineTable(1)
09:42:14.210 INFO: JdwpDebugServer: handling req: Method(6).LineTable(1)
09:42:14.210 INFO: JdwpDebugServer: handling req: Method(6).LineTable(1)
09:42:14.210 INFO: JdwpDebugServer: handling req: Method(6).LineTable(1)
09:42:14.210 INFO: JdwpDebugServer: handling req: Method(6).LineTable(1)
09:42:14.210 INFO: JdwpDebugServer: handling req: Method(6).LineTable(1)
09:42:14.211 INFO: JdwpDebugServer: handling req: Method(6).LineTable(1)
09:42:14.211 INFO: JdwpDebugServer: handling req: Method(6).LineTable(1)
09:42:14.211 INFO: JdwpDebugServer: handling req: Method(6).LineTable(1)
09:42:14.211 INFO: JdwpDebugServer: handling req: Method(6).LineTable(1)
09:42:14.211 INFO: JdwpDebugServer: handling req: Method(6).LineTable(1)
09:42:14.211 INFO: JdwpDebugServer: handling req: Method(6).LineTable(1)
09:42:14.211 INFO: JdwpDebugServer: handling req: Method(6).LineTable(1)
09:42:14.211 INFO: JdwpDebugServer: handling req: Method(6).LineTable(1)
09:42:14.212 INFO: JdwpDebugServer: handling req: Method(6).LineTable(1)
09:42:14.212 INFO: JdwpDebugServer: handling req: Method(6).LineTable(1)
09:42:14.212 INFO: JdwpDebugServer: handling req: EventRequest(15).Set(1)
09:42:14.212 INFO: JdwpEventCenterDelegate: jdwpSetEventRequest: JdwpEventRequest{requestId=106, eventKind=BREAKPOINT, suspendPolicy=EVENT_THREAD, predicates=[Location{classId=18040, methodId=1122, index=163} ]}
09:42:14.213 INFO: JdwpDebugServer: handling req: ReferenceType(2).Signature(1)
09:42:14.216 INFO: JdwpDebugServer: handling req: EventRequest(15).Set(1)
09:42:14.216 INFO: JdwpEventCenterDelegate: jdwpSetEventRequest: JdwpEventRequest{requestId=107, eventKind=CLASS_PREPARE, suspendPolicy=EVENT_THREAD, predicates=[className=java.lang.Throwable]}
09:42:14.217 INFO: JdwpDebugServer: handling req: EventRequest(15).Set(1)
09:42:14.217 INFO: JdwpEventCenterDelegate: jdwpSetEventRequest: JdwpEventRequest{requestId=108, eventKind=CLASS_PREPARE, suspendPolicy=EVENT_THREAD, predicates=[className=java.lang.Throwable$*]}
09:42:14.218 INFO: JdwpDebugServer: handling req: VirtualMachine(1).ClassesBySignature(2)
09:42:14.218 INFO: JdwpDebugServer: handling req: ReferenceType(2).MethodsWithGeneric(15)
09:42:14.219 INFO: JdwpDebugServer: handling req: Method(6).LineTable(1)
09:42:14.219 INFO: JdwpDebugServer: handling req: Method(6).LineTable(1)
09:42:14.219 INFO: JdwpDebugServer: handling req: Method(6).LineTable(1)
09:42:14.219 INFO: JdwpDebugServer: handling req: Method(6).LineTable(1)
09:42:14.219 INFO: JdwpDebugServer: handling req: Method(6).LineTable(1)
09:42:14.219 INFO: JdwpDebugServer: handling req: Method(6).LineTable(1)
09:42:14.220 INFO: JdwpDebugServer: handling req: Method(6).LineTable(1)
09:42:14.220 INFO: JdwpDebugServer: handling req: Method(6).LineTable(1)
09:42:14.220 INFO: JdwpDebugServer: handling req: Method(6).LineTable(1)
09:42:14.220 INFO: JdwpDebugServer: handling req: Method(6).LineTable(1)
09:42:14.220 INFO: JdwpDebugServer: handling req: Method(6).LineTable(1)
09:42:14.221 INFO: JdwpDebugServer: handling req: Method(6).LineTable(1)
09:42:14.221 INFO: JdwpDebugServer: handling req: Method(6).LineTable(1)
09:42:14.221 INFO: JdwpDebugServer: handling req: Method(6).LineTable(1)
09:42:14.221 INFO: JdwpDebugServer: handling req: Method(6).LineTable(1)
09:42:14.221 INFO: JdwpDebugServer: handling req: Method(6).LineTable(1)
09:42:14.221 INFO: JdwpDebugServer: handling req: Method(6).LineTable(1)
09:42:14.222 INFO: JdwpDebugServer: handling req: Method(6).LineTable(1)
09:42:14.222 INFO: JdwpDebugServer: handling req: Method(6).LineTable(1)
09:42:14.222 INFO: JdwpDebugServer: handling req: Method(6).LineTable(1)
09:42:14.222 INFO: JdwpDebugServer: handling req: Method(6).LineTable(1)
09:42:14.222 INFO: JdwpDebugServer: handling req: Method(6).LineTable(1)
09:42:14.223 INFO: JdwpDebugServer: handling req: Method(6).LineTable(1)
09:42:14.223 INFO: JdwpDebugServer: handling req: Method(6).LineTable(1)
09:42:14.223 INFO: JdwpDebugServer: handling req: VirtualMachine(1).ClassesBySignature(2)
09:42:14.223 INFO: JdwpDebugServer: handling req: VirtualMachine(1).AllClassesWithGeneric(20)
09:42:14.233 INFO: JdwpDebugServer: handling req: EventRequest(15).Set(1)
09:42:14.233 INFO: JdwpEventCenterDelegate: jdwpSetEventRequest: JdwpEventRequest{requestId=109, eventKind=CLASS_PREPARE, suspendPolicy=EVENT_THREAD, predicates=[className=com.badlogic.gdx.utils.ScreenUtils]}
09:42:14.234 INFO: JdwpDebugServer: handling req: EventRequest(15).Set(1)
09:42:14.234 INFO: JdwpEventCenterDelegate: jdwpSetEventRequest: JdwpEventRequest{requestId=110, eventKind=CLASS_PREPARE, suspendPolicy=EVENT_THREAD, predicates=[className=com.badlogic.gdx.utils.ScreenUtils$*]}
09:42:14.235 INFO: JdwpDebugServer: handling req: VirtualMachine(1).ClassesBySignature(2)
09:42:14.235 INFO: JdwpDebugServer: handling req: ReferenceType(2).MethodsWithGeneric(15)
09:42:14.235 INFO: JdwpDebugServer: handling req: Method(6).LineTable(1)
09:42:14.235 INFO: JdwpDebugServer: handling req: Method(6).LineTable(1)
09:42:14.235 INFO: JdwpDebugServer: handling req: Method(6).LineTable(1)
09:42:14.236 INFO: JdwpDebugServer: handling req: Method(6).LineTable(1)
09:42:14.236 INFO: JdwpDebugServer: handling req: Method(6).LineTable(1)
09:42:14.236 INFO: JdwpDebugServer: handling req: Method(6).LineTable(1)
09:42:14.236 INFO: JdwpDebugServer: handling req: Method(6).LineTable(1)
09:42:14.236 INFO: JdwpDebugServer: handling req: Method(6).LineTable(1)
09:42:14.236 INFO: JdwpDebugServer: handling req: Method(6).LineTable(1)
09:42:14.236 INFO: JdwpDebugServer: handling req: Method(6).LineTable(1)
09:42:14.236 INFO: JdwpDebugServer: handling req: EventRequest(15).Set(1)
09:42:14.236 INFO: JdwpEventCenterDelegate: jdwpSetEventRequest: JdwpEventRequest{requestId=111, eventKind=BREAKPOINT, suspendPolicy=EVENT_THREAD, predicates=[Location{classId=22240, methodId=1492, index=89} ]}
09:42:14.237 INFO: JdwpDebugServer: handling req: EventRequest(15).Set(1)
09:42:14.237 INFO: JdwpEventCenterDelegate: jdwpSetEventRequest: JdwpEventRequest{requestId=112, eventKind=CLASS_PREPARE, suspendPolicy=EVENT_THREAD, predicates=[className=com.badlogic.gdx.utils.ScreenUtils]}
09:42:14.237 INFO: JdwpDebugServer: handling req: EventRequest(15).Set(1)
09:42:14.237 INFO: JdwpEventCenterDelegate: jdwpSetEventRequest: JdwpEventRequest{requestId=113, eventKind=CLASS_PREPARE, suspendPolicy=EVENT_THREAD, predicates=[className=com.badlogic.gdx.utils.ScreenUtils$*]}
09:42:14.238 INFO: JdwpDebugServer: handling req: VirtualMachine(1).ClassesBySignature(2)
09:42:14.238 INFO: JdwpDebugServer: handling req: EventRequest(15).Set(1)
09:42:14.238 INFO: JdwpEventCenterDelegate: jdwpSetEventRequest: JdwpEventRequest{requestId=114, eventKind=BREAKPOINT, suspendPolicy=EVENT_THREAD, predicates=[Location{classId=22240, methodId=1487, index=72} ]}
09:42:14.238 INFO: JdwpDebugServer: handling req: EventRequest(15).Set(1)
09:42:14.238 INFO: JdwpEventCenterDelegate: jdwpSetEventRequest: JdwpEventRequest{requestId=115, eventKind=CLASS_PREPARE, suspendPolicy=EVENT_THREAD, predicates=[className=com.abdalla.bushnaq.pluvia.launcher.IOSLauncher]}
09:42:14.239 INFO: JdwpDebugServer: handling req: EventRequest(15).Set(1)
09:42:14.239 INFO: JdwpEventCenterDelegate: jdwpSetEventRequest: JdwpEventRequest{requestId=116, eventKind=CLASS_PREPARE, suspendPolicy=EVENT_THREAD, predicates=[className=com.abdalla.bushnaq.pluvia.launcher.IOSLauncher$*]}
09:42:14.240 INFO: JdwpDebugServer: handling req: VirtualMachine(1).ClassesBySignature(2)
09:42:14.240 INFO: JdwpDebugServer: handling req: ReferenceType(2).MethodsWithGeneric(15)
09:42:14.240 INFO: JdwpDebugServer: handling req: Method(6).LineTable(1)
09:42:14.240 INFO: JdwpDebugServer: handling req: Method(6).LineTable(1)
09:42:14.240 INFO: JdwpDebugServer: handling req: Method(6).LineTable(1)
09:42:14.241 INFO: JdwpDebugServer: handling req: Method(6).LineTable(1)
09:42:14.241 INFO: JdwpDebugServer: handling req: EventRequest(15).Set(1)
09:42:14.241 INFO: JdwpEventCenterDelegate: jdwpSetEventRequest: JdwpEventRequest{requestId=117, eventKind=BREAKPOINT, suspendPolicy=EVENT_THREAD, predicates=[Location{classId=12885, methodId=1527, index=74} ]}
09:42:14.241 INFO: JdwpDebugServer: handling req: EventRequest(15).Set(1)
09:42:14.241 INFO: JdwpEventCenterDelegate: jdwpSetEventRequest: JdwpEventRequest{requestId=118, eventKind=CLASS_PREPARE, suspendPolicy=EVENT_THREAD, predicates=[className=com.badlogic.gdx.graphics.g3d.shaders.BaseShader]}
09:42:14.242 INFO: JdwpDebugServer: handling req: EventRequest(15).Set(1)
09:42:14.242 INFO: JdwpEventCenterDelegate: jdwpSetEventRequest: JdwpEventRequest{requestId=119, eventKind=CLASS_PREPARE, suspendPolicy=EVENT_THREAD, predicates=[className=com.badlogic.gdx.graphics.g3d.shaders.BaseShader$*]}
09:42:14.243 INFO: JdwpDebugServer: handling req: VirtualMachine(1).ClassesBySignature(2)
09:42:14.243 INFO: JdwpDebugServer: handling req: ReferenceType(2).MethodsWithGeneric(15)
09:42:14.244 INFO: JdwpDebugServer: handling req: Method(6).LineTable(1)
09:42:14.244 INFO: JdwpDebugServer: handling req: Method(6).LineTable(1)
09:42:14.244 INFO: JdwpDebugServer: handling req: Method(6).LineTable(1)
09:42:14.244 INFO: JdwpDebugServer: handling req: Method(6).LineTable(1)
09:42:14.244 INFO: JdwpDebugServer: handling req: Method(6).LineTable(1)
09:42:14.244 INFO: JdwpDebugServer: handling req: Method(6).LineTable(1)
09:42:14.244 INFO: JdwpDebugServer: handling req: Method(6).LineTable(1)
09:42:14.244 INFO: JdwpDebugServer: handling req: Method(6).LineTable(1)
09:42:14.244 INFO: JdwpDebugServer: handling req: Method(6).LineTable(1)
09:42:14.244 INFO: JdwpDebugServer: handling req: Method(6).LineTable(1)
09:42:14.244 INFO: JdwpDebugServer: handling req: Method(6).LineTable(1)
09:42:14.244 INFO: JdwpDebugServer: handling req: Method(6).LineTable(1)
09:42:14.245 INFO: JdwpDebugServer: handling req: Method(6).LineTable(1)
09:42:14.245 INFO: JdwpDebugServer: handling req: Method(6).LineTable(1)
09:42:14.245 INFO: JdwpDebugServer: handling req: Method(6).LineTable(1)
09:42:14.245 INFO: JdwpDebugServer: handling req: Method(6).LineTable(1)
09:42:14.245 INFO: JdwpDebugServer: handling req: Method(6).LineTable(1)
09:42:14.245 INFO: JdwpDebugServer: handling req: Method(6).LineTable(1)
09:42:14.245 INFO: JdwpDebugServer: handling req: Method(6).LineTable(1)
09:42:14.245 INFO: JdwpDebugServer: handling req: Method(6).LineTable(1)
09:42:14.245 INFO: JdwpDebugServer: handling req: Method(6).LineTable(1)
09:42:14.245 INFO: JdwpDebugServer: handling req: Method(6).LineTable(1)
09:42:14.245 INFO: JdwpDebugServer: handling req: Method(6).LineTable(1)
09:42:14.245 INFO: JdwpDebugServer: handling req: Method(6).LineTable(1)
09:42:14.246 INFO: JdwpDebugServer: handling req: Method(6).LineTable(1)
09:42:14.246 INFO: JdwpDebugServer: handling req: Method(6).LineTable(1)
09:42:14.246 INFO: JdwpDebugServer: handling req: Method(6).LineTable(1)
09:42:14.246 INFO: JdwpDebugServer: handling req: Method(6).LineTable(1)
09:42:14.246 INFO: JdwpDebugServer: handling req: Method(6).LineTable(1)
09:42:14.246 INFO: JdwpDebugServer: handling req: Method(6).LineTable(1)
09:42:14.246 INFO: JdwpDebugServer: handling req: Method(6).LineTable(1)
09:42:14.246 INFO: JdwpDebugServer: handling req: Method(6).LineTable(1)
09:42:14.246 INFO: JdwpDebugServer: handling req: Method(6).LineTable(1)
09:42:14.246 INFO: JdwpDebugServer: handling req: EventRequest(15).Set(1)
09:42:14.246 INFO: JdwpEventCenterDelegate: jdwpSetEventRequest: JdwpEventRequest{requestId=120, eventKind=BREAKPOINT, suspendPolicy=EVENT_THREAD, predicates=[Location{classId=13310, methodId=1587, index=168} ]}
09:42:14.248 INFO: JdwpDebugServer: handling req: VirtualMachine(1).capabilitiesNew(17)
09:42:14.249 INFO: JdwpDebugServer: handling req: EventRequest(15).Set(1)
09:42:14.249 INFO: JdwpEventCenterDelegate: jdwpSetEventRequest: JdwpEventRequest{requestId=121, eventKind=CLASS_PREPARE, suspendPolicy=EVENT_THREAD, predicates=[className=java.lang.Error]}
09:42:14.251 INFO: JdwpDebugServer: handling req: EventRequest(15).Set(1)
09:42:14.251 INFO: JdwpEventCenterDelegate: jdwpSetEventRequest: JdwpEventRequest{requestId=122, eventKind=CLASS_PREPARE, suspendPolicy=EVENT_THREAD, predicates=[className=java.lang.Error$*]}
09:42:14.252 INFO: JdwpDebugServer: handling req: VirtualMachine(1).ClassesBySignature(2)
09:42:14.252 INFO: JdwpDebugServer: handling req: EventRequest(15).Set(1)
09:42:14.252 INFO: JdwpEventCenterDelegate: jdwpSetEventRequest: JdwpEventRequest{requestId=123, eventKind=EXCEPTION, suspendPolicy=EVENT_THREAD, predicates=[exceptionType=3425(caught=true, uncaught=true)]}
09:42:14.294 INFO: JdwpDebugServer: handling req: EventRequest(15).Set(1)
09:42:14.294 INFO: JdwpEventCenterDelegate: jdwpSetEventRequest: JdwpEventRequest{requestId=124, eventKind=CLASS_PREPARE, suspendPolicy=EVENT_THREAD, predicates=[className=java.lang.Throwable]}
09:42:14.295 INFO: JdwpDebugServer: handling req: EventRequest(15).Set(1)
09:42:14.295 INFO: JdwpEventCenterDelegate: jdwpSetEventRequest: JdwpEventRequest{requestId=125, eventKind=CLASS_PREPARE, suspendPolicy=EVENT_THREAD, predicates=[className=java.lang.Throwable$*]}
09:42:14.296 INFO: JdwpDebugServer: handling req: VirtualMachine(1).ClassesBySignature(2)
09:42:14.296 INFO: JdwpDebugServer: handling req: EventRequest(15).Set(1)
09:42:14.296 INFO: JdwpEventCenterDelegate: jdwpSetEventRequest: JdwpEventRequest{requestId=126, eventKind=EXCEPTION, suspendPolicy=EVENT_THREAD, predicates=[exceptionType=7695(caught=false, uncaught=true)]}
09:42:14.299 INFO: JdwpDebugServer: handling req: ThreadReference(11).SuspendCount(12)
09:42:14.299 INFO: JdwpDebugServer: handling req: ThreadReference(11).SuspendCount(12)
09:42:14.299 INFO: JdwpDebugServer: handling req: ThreadReference(11).SuspendCount(12)
09:42:14.299 INFO: JdwpDebugServer: handling req: ThreadReference(11).SuspendCount(12)
09:42:14.300 INFO: JdwpDebugServer: handling req: VirtualMachine(1).AllThreads(4)
09:42:14.300 INFO: JdwpDebugServer: handling req: VirtualMachine(1).Resume(9)
09:42:14.356 INFO: JdwpDebugServer: handling req: EventRequest(15).Set(1)
09:42:14.356 INFO: JdwpEventCenterDelegate: jdwpSetEventRequest: JdwpEventRequest{requestId=127, eventKind=BREAKPOINT, suspendPolicy=EVENT_THREAD, predicates=[Location{classId=12885, methodId=1527, index=74} ]}
09:42:14.358 INFO: JdwpDebugServer: handling req: ThreadReference(11).Resume(3)
09:42:14.359 INFO: JdwpEventCenterDelegate: THREAD_RESUMED: thread (33, main, main)
09:42:14.381 INFO: JdwpEventCenterDelegate: THREAD_RESUMED: thread (33, main, main)
09:42:14.382 INFO: JdwpEventCenterDelegate: THREAD_RESUMED: thread (33, main, main)
09:42:14.383 INFO: JdwpEventCenterDelegate: THREAD_RESUMED: thread (33, main, main)
09:42:14.383 INFO: JdwpEventCenterDelegate: THREAD_RESUMED: thread (33, main, main)
09:42:14.384 INFO: JdwpEventCenterDelegate: THREAD_RESUMED: thread (33, main, main)
09:42:14.384 INFO: JdwpEventCenterDelegate: THREAD_RESUMED: thread (33, main, main)
09:42:14.385 INFO: JdwpEventCenterDelegate: THREAD_RESUMED: thread (33, main, main)
09:42:14.387 INFO: JdwpEventCenterDelegate: THREAD_RESUMED: thread (33, main, main)
09:42:14.387 INFO: JdwpEventCenterDelegate: THREAD_RESUMED: thread (33, main, main)
09:42:14.388 INFO: JdwpEventCenterDelegate: THREAD_RESUMED: thread (33, main, main)
09:42:14.388 INFO: JdwpEventCenterDelegate: THREAD_RESUMED: thread (33, main, main)
09:42:14.394 INFO: JdwpEventCenterDelegate: THREAD_RESUMED: thread (33, main, main)
09:42:14.394 INFO: JdwpEventCenterDelegate: THREAD_RESUMED: thread (33, main, main)
09:42:14.395 INFO: JdwpEventCenterDelegate: THREAD_RESUMED: thread (33, main, main)
09:42:14.459 INFO: JdwpEventCenterDelegate: THREAD_RESUMED: thread (33, main, main)
09:42:14.459 INFO: JdwpEventCenterDelegate: THREAD_RESUMED: thread (33, main, main)
09:42:14.460 INFO: JdwpEventCenterDelegate: THREAD_RESUMED: thread (33, main, main)
09:42:14.468 INFO: JdwpEventCenterDelegate: THREAD_RESUMED: thread (33, main, main)
09:42:14.468 INFO: JdwpEventCenterDelegate: THREAD_RESUMED: thread (33, main, main)
09:42:14.469 INFO: JdwpEventCenterDelegate: THREAD_RESUMED: thread (33, main, main)
09:42:14.712 INFO: JdwpEventCenterDelegate: THREAD_RESUMED: thread (33, main, main)
09:42:14.713 INFO: JdwpEventCenterDelegate: THREAD_RESUMED: thread (33, main, main)
09:42:14.714 INFO: JdwpEventCenterDelegate: THREAD_RESUMED: thread (33, main, main)
09:42:14.774 INFO: JdwpEventCenterDelegate: THREAD_RESUMED: thread (33, main, main)
09:42:14.774 INFO: JdwpEventCenterDelegate: THREAD_RESUMED: thread (33, main, main)
09:42:14.775 INFO: JdwpEventCenterDelegate: THREAD_RESUMED: thread (33, main, main)
09:42:14.793 INFO: JdwpDebugServer: handling req: ThreadReference(11).Name(1)
09:42:14.795 INFO: JdwpDebugServer: handling req: ThreadReference(11).Name(1)
09:42:14.795 INFO: JdwpDebugServer: handling req: ThreadReference(11).Name(1)
09:42:14.795 INFO: JdwpDebugServer: handling req: ThreadReference(11).Name(1)
09:42:14.801 INFO: JdwpEventCenterDelegate: THREAD_RESUMED: thread (33, main, main)
09:42:14.802 INFO: JdwpEventCenterDelegate: THREAD_RESUMED: thread (33, main, main)
09:42:14.802 INFO: JdwpEventCenterDelegate: THREAD_RESUMED: thread (33, main, main)
09:42:14.825 INFO: JdwpEventCenterDelegate: THREAD_RESUMED: thread (33, main, main)
09:42:14.826 INFO: JdwpEventCenterDelegate: THREAD_RESUMED: thread (33, main, main)
09:42:14.826 INFO: JdwpEventCenterDelegate: THREAD_RESUMED: thread (33, main, main)
09:42:14.827 INFO: JdwpEventCenterDelegate: THREAD_RESUMED: thread (33, main, main)
09:42:14.833 INFO: JdwpEventCenterDelegate: THREAD_RESUMED: thread (33, main, main)
09:42:14.834 INFO: JdwpEventCenterDelegate: THREAD_RESUMED: thread (33, main, main)
09:42:15.342 INFO: JdwpEventCenterDelegate: THREAD_RESUMED: thread (33, main, main)
09:42:15.343 INFO: JdwpEventCenterDelegate: THREAD_RESUMED: thread (33, main, main)
09:42:15.361 INFO: JdwpEventCenterDelegate: THREAD_RESUMED: thread (33, main, main)
09:42:15.361 INFO: JdwpEventCenterDelegate: THREAD_RESUMED: thread (33, main, main)
09:42:15.362 INFO: JdwpEventCenterDelegate: THREAD_RESUMED: thread (33, main, main)
09:42:15.363 INFO: JdwpEventCenterDelegate: THREAD_RESUMED: thread (33, main, main)
09:42:15.430 INFO: JdwpEventCenterDelegate: THREAD_RESUMED: thread (33, main, main)
09:42:15.816 INFO: JdwpEventCenterDelegate: THREAD_RESUMED: thread (33, main, main)
09:42:15.817 INFO: JdwpEventCenterDelegate: THREAD_RESUMED: thread (33, main, main)
09:42:15.818 INFO: JdwpEventCenterDelegate: THREAD_RESUMED: thread (33, main, main)
09:42:15.819 INFO: JdwpEventCenterDelegate: THREAD_RESUMED: thread (33, main, main)
09:42:15.820 INFO: JdwpEventCenterDelegate: THREAD_RESUMED: thread (33, main, main)
09:42:15.821 INFO: JdwpEventCenterDelegate: THREAD_RESUMED: thread (33, main, main)
09:42:15.845 INFO: JdwpEventCenterDelegate: THREAD_RESUMED: thread (33, main, main)
09:42:15.868 SEVERE: Debugger: Thread HooksChannel socket thread crashed
org.robovm.debugger.DebuggerException: java.nio.BufferUnderflowException
	at org.robovm.debugger.hooks.HooksChannel.doSocketWork(HooksChannel.java:149)
	at java.base/java.lang.Thread.run(Thread.java:833)
	at org.robovm.debugger.utils.DebuggerThread.run(DebuggerThread.java:42)
Caused by: java.nio.BufferUnderflowException
	at org.robovm.debugger.utils.bytebuffer.DataBufferWriter.writeFromStream(DataBufferWriter.java:91)
	at org.robovm.debugger.hooks.HooksChannel.doSocketWork(HooksChannel.java:116)
	... 2 more
09:42:16.385 SEVERE: Debugger: Thread JDWP server socket thread crashed
org.robovm.debugger.DebuggerException: java.net.SocketException: Socket closed
	at org.robovm.debugger.jdwp.JdwpDebugServer.doSocketWork(JdwpDebugServer.java:215)
	at java.base/java.lang.Thread.run(Thread.java:833)
	at org.robovm.debugger.utils.DebuggerThread.run(DebuggerThread.java:42)
Caused by: java.net.SocketException: Socket closed
	at java.base/sun.nio.ch.NioSocketImpl.endRead(NioSocketImpl.java:248)
	at java.base/sun.nio.ch.NioSocketImpl.implRead(NioSocketImpl.java:327)
	at java.base/sun.nio.ch.NioSocketImpl.read(NioSocketImpl.java:350)
	at java.base/sun.nio.ch.NioSocketImpl$1.read(NioSocketImpl.java:803)
	at java.base/java.net.Socket$SocketInputStream.read(Socket.java:966)
	at org.robovm.debugger.utils.bytebuffer.DataBufferWriter.writeFromStream(DataBufferWriter.java:89)
	at org.robovm.debugger.jdwp.protocol.JdwpRequestHeader.readFromStream(JdwpRequestHeader.java:36)
	at org.robovm.debugger.jdwp.JdwpDebugServer.doSocketWork(JdwpDebugServer.java:185)
	... 2 more
