08:52:58.749 INFO: JdwpEventCenterDelegate: THREAD_STARTED: thread (33, main, main)
08:52:58.829 INFO: JdwpEventCenterDelegate: THREAD_STARTED: thread (48, ReferenceQueueDaemon, main)
08:52:58.830 INFO: JdwpEventCenterDelegate: THREAD_STARTED: thread (63, FinalizerDaemon, main)
08:52:58.831 INFO: JdwpEventCenterDelegate: THREAD_STARTED: thread (78, FinalizerWatchdogDaemon, main)
08:53:00.873 INFO: JdwpDebugServer: handling req: VirtualMachine(1).IDSizes(7)
08:53:00.874 INFO: JdwpDebugServer: handling req: EventRequest(15).Set(1)
08:53:00.876 INFO: JdwpEventCenterDelegate: jdwpSetEventRequest: JdwpEventRequest{requestId=100, eventKind=CLASS_UNLOAD, suspendPolicy=NONE, predicates=[]}
08:53:00.877 INFO: JdwpDebugServer: handling req: EventRequest(15).Set(1)
08:53:00.877 INFO: JdwpEventCenterDelegate: jdwpSetEventRequest: JdwpEventRequest{requestId=101, eventKind=THREAD_START, suspendPolicy=NONE, predicates=[]}
08:53:00.878 INFO: JdwpDebugServer: handling req: VirtualMachine(1).ClassesBySignature(2)
08:53:00.880 INFO: JdwpDebugServer: handling req: VirtualMachine(1).Version(1)
08:53:00.882 INFO: JdwpDebugServer: handling req: ReferenceType(2).MethodsWithGeneric(15)
08:53:00.884 INFO: JdwpDebugServer: handling req: Method(6).LineTable(1)
08:53:00.886 INFO: JdwpDebugServer: handling req: EventRequest(15).Set(1)
08:53:00.887 INFO: JdwpEventCenterDelegate: jdwpSetEventRequest: JdwpEventRequest{requestId=102, eventKind=BREAKPOINT, suspendPolicy=NONE, predicates=[Location{classId=845, methodId=257, index=928} ]}
08:53:00.888 INFO: JdwpDebugServer: handling req: EventRequest(15).Set(1)
08:53:00.888 INFO: JdwpEventCenterDelegate: jdwpSetEventRequest: JdwpEventRequest{requestId=103, eventKind=THREAD_DEATH, suspendPolicy=NONE, predicates=[]}
08:53:00.888 INFO: JdwpDebugServer: handling req: VirtualMachine(1).AllThreads(4)
08:53:00.889 INFO: JdwpDebugServer: handling req: ThreadReference(11).ThreadGroup(5)
08:53:00.889 INFO: JdwpDebugServer: handling req: ThreadGroup(12).Name(1)
08:53:00.889 INFO: JdwpDebugServer: handling req: ThreadGroup(12).Parent(2)
08:53:00.890 INFO: JdwpDebugServer: handling req: ObjectReference(9).ReferenceType(1)
08:53:00.890 INFO: JdwpDebugServer: handling req: ReferenceType(2).FieldsWithGeneric(14)
08:53:00.892 INFO: JdwpDebugServer: handling req: ReferenceType(2).Interfaces(10)
08:53:00.893 INFO: JdwpDebugServer: handling req: ReferenceType(2).FieldsWithGeneric(14)
08:53:00.893 INFO: JdwpDebugServer: handling req: ReferenceType(2).Interfaces(10)
08:53:00.893 INFO: JdwpDebugServer: handling req: ClassType(3).Superclass(1)
08:53:00.893 INFO: JdwpDebugServer: handling req: ReferenceType(2).FieldsWithGeneric(14)
08:53:00.894 INFO: JdwpDebugServer: handling req: ReferenceType(2).Interfaces(10)
08:53:00.894 INFO: JdwpDebugServer: handling req: ClassType(3).Superclass(1)
08:53:00.894 INFO: JdwpDebugServer: handling req: ObjectReference(9).GetValues(2)
08:53:00.896 INFO: JdwpDebugServer: handling req: ThreadReference(11).Status(4)
08:53:00.896 INFO: JdwpDebugServer: handling req: ThreadReference(11).Status(4)
08:53:00.897 INFO: JdwpDebugServer: handling req: ThreadReference(11).ThreadGroup(5)
08:53:00.897 INFO: JdwpDebugServer: handling req: ObjectReference(9).ReferenceType(1)
08:53:00.897 INFO: JdwpDebugServer: handling req: ObjectReference(9).GetValues(2)
08:53:00.898 INFO: JdwpDebugServer: handling req: ThreadReference(11).Status(4)
08:53:00.898 INFO: JdwpDebugServer: handling req: ThreadReference(11).Status(4)
08:53:00.898 INFO: JdwpDebugServer: handling req: ThreadReference(11).ThreadGroup(5)
08:53:00.898 INFO: JdwpDebugServer: handling req: ObjectReference(9).ReferenceType(1)
08:53:00.899 INFO: JdwpDebugServer: handling req: ObjectReference(9).GetValues(2)
08:53:00.899 INFO: JdwpDebugServer: handling req: ThreadReference(11).Status(4)
08:53:00.899 INFO: JdwpDebugServer: handling req: ThreadReference(11).Status(4)
08:53:00.900 INFO: JdwpDebugServer: handling req: ThreadReference(11).ThreadGroup(5)
08:53:00.900 INFO: JdwpDebugServer: handling req: ObjectReference(9).ReferenceType(1)
08:53:00.900 INFO: JdwpDebugServer: handling req: ObjectReference(9).GetValues(2)
08:53:00.900 INFO: JdwpDebugServer: handling req: ThreadReference(11).Status(4)
08:53:00.901 INFO: JdwpDebugServer: handling req: ThreadReference(11).Status(4)
08:53:00.903 INFO: JdwpDebugServer: handling req: EventRequest(15).Set(1)
08:53:00.904 INFO: JdwpEventCenterDelegate: jdwpSetEventRequest: JdwpEventRequest{requestId=104, eventKind=CLASS_PREPARE, suspendPolicy=EVENT_THREAD, predicates=[className=com.badlogic.gdx.graphics.g2d.PolygonSpriteBatch]}
08:53:00.909 INFO: JdwpDebugServer: handling req: EventRequest(15).Set(1)
08:53:00.909 INFO: JdwpEventCenterDelegate: jdwpSetEventRequest: JdwpEventRequest{requestId=105, eventKind=CLASS_PREPARE, suspendPolicy=EVENT_THREAD, predicates=[className=com.badlogic.gdx.graphics.g2d.PolygonSpriteBatch$*]}
08:53:00.911 INFO: JdwpDebugServer: handling req: VirtualMachine(1).ClassesBySignature(2)
08:53:00.912 INFO: JdwpDebugServer: handling req: ReferenceType(2).MethodsWithGeneric(15)
08:53:00.913 INFO: JdwpDebugServer: handling req: Method(6).LineTable(1)
08:53:00.913 INFO: JdwpDebugServer: handling req: Method(6).LineTable(1)
08:53:00.913 INFO: JdwpDebugServer: handling req: Method(6).LineTable(1)
08:53:00.913 INFO: JdwpDebugServer: handling req: Method(6).LineTable(1)
08:53:00.914 INFO: JdwpDebugServer: handling req: Method(6).LineTable(1)
08:53:00.914 INFO: JdwpDebugServer: handling req: Method(6).LineTable(1)
08:53:00.914 INFO: JdwpDebugServer: handling req: Method(6).LineTable(1)
08:53:00.914 INFO: JdwpDebugServer: handling req: Method(6).LineTable(1)
08:53:00.914 INFO: JdwpDebugServer: handling req: Method(6).LineTable(1)
08:53:00.915 INFO: JdwpDebugServer: handling req: Method(6).LineTable(1)
08:53:00.915 INFO: JdwpDebugServer: handling req: Method(6).LineTable(1)
08:53:00.915 INFO: JdwpDebugServer: handling req: Method(6).LineTable(1)
08:53:00.915 INFO: JdwpDebugServer: handling req: Method(6).LineTable(1)
08:53:00.915 INFO: JdwpDebugServer: handling req: Method(6).LineTable(1)
08:53:00.915 INFO: JdwpDebugServer: handling req: Method(6).LineTable(1)
08:53:00.916 INFO: JdwpDebugServer: handling req: Method(6).LineTable(1)
08:53:00.916 INFO: JdwpDebugServer: handling req: Method(6).LineTable(1)
08:53:00.916 INFO: JdwpDebugServer: handling req: Method(6).LineTable(1)
08:53:00.916 INFO: JdwpDebugServer: handling req: Method(6).LineTable(1)
08:53:00.916 INFO: JdwpDebugServer: handling req: Method(6).LineTable(1)
08:53:00.917 INFO: JdwpDebugServer: handling req: Method(6).LineTable(1)
08:53:00.917 INFO: JdwpDebugServer: handling req: Method(6).LineTable(1)
08:53:00.917 INFO: JdwpDebugServer: handling req: Method(6).LineTable(1)
08:53:00.917 INFO: JdwpDebugServer: handling req: Method(6).LineTable(1)
08:53:00.917 INFO: JdwpDebugServer: handling req: Method(6).LineTable(1)
08:53:00.918 INFO: JdwpDebugServer: handling req: Method(6).LineTable(1)
08:53:00.918 INFO: JdwpDebugServer: handling req: Method(6).LineTable(1)
08:53:00.918 INFO: JdwpDebugServer: handling req: Method(6).LineTable(1)
08:53:00.918 INFO: JdwpDebugServer: handling req: Method(6).LineTable(1)
08:53:00.918 INFO: JdwpDebugServer: handling req: Method(6).LineTable(1)
08:53:00.919 INFO: JdwpDebugServer: handling req: Method(6).LineTable(1)
08:53:00.919 INFO: JdwpDebugServer: handling req: Method(6).LineTable(1)
08:53:00.919 INFO: JdwpDebugServer: handling req: Method(6).LineTable(1)
08:53:00.919 INFO: JdwpDebugServer: handling req: Method(6).LineTable(1)
08:53:00.919 INFO: JdwpDebugServer: handling req: Method(6).LineTable(1)
08:53:00.919 INFO: JdwpDebugServer: handling req: Method(6).LineTable(1)
08:53:00.920 INFO: JdwpDebugServer: handling req: Method(6).LineTable(1)
08:53:00.920 INFO: JdwpDebugServer: handling req: Method(6).LineTable(1)
08:53:00.920 INFO: JdwpDebugServer: handling req: Method(6).LineTable(1)
08:53:00.920 INFO: JdwpDebugServer: handling req: Method(6).LineTable(1)
08:53:00.920 INFO: JdwpDebugServer: handling req: Method(6).LineTable(1)
08:53:00.920 INFO: JdwpDebugServer: handling req: Method(6).LineTable(1)
08:53:00.920 INFO: JdwpDebugServer: handling req: Method(6).LineTable(1)
08:53:00.921 INFO: JdwpDebugServer: handling req: Method(6).LineTable(1)
08:53:00.921 INFO: JdwpDebugServer: handling req: Method(6).LineTable(1)
08:53:00.921 INFO: JdwpDebugServer: handling req: Method(6).LineTable(1)
08:53:00.921 INFO: JdwpDebugServer: handling req: Method(6).LineTable(1)
08:53:00.921 INFO: JdwpDebugServer: handling req: EventRequest(15).Set(1)
08:53:00.921 INFO: JdwpEventCenterDelegate: jdwpSetEventRequest: JdwpEventRequest{requestId=106, eventKind=BREAKPOINT, suspendPolicy=EVENT_THREAD, predicates=[Location{classId=15500, methodId=1122, index=142} ]}
08:53:00.922 INFO: JdwpDebugServer: handling req: ReferenceType(2).Signature(1)
08:53:00.925 INFO: JdwpDebugServer: handling req: EventRequest(15).Set(1)
08:53:00.925 INFO: JdwpEventCenterDelegate: jdwpSetEventRequest: JdwpEventRequest{requestId=107, eventKind=CLASS_PREPARE, suspendPolicy=EVENT_THREAD, predicates=[className=com.badlogic.gdx.graphics.g2d.SpriteBatch]}
08:53:00.927 INFO: JdwpDebugServer: handling req: EventRequest(15).Set(1)
08:53:00.927 INFO: JdwpEventCenterDelegate: jdwpSetEventRequest: JdwpEventRequest{requestId=108, eventKind=CLASS_PREPARE, suspendPolicy=EVENT_THREAD, predicates=[className=com.badlogic.gdx.graphics.g2d.SpriteBatch$*]}
08:53:00.928 INFO: JdwpDebugServer: handling req: VirtualMachine(1).ClassesBySignature(2)
08:53:00.928 INFO: JdwpDebugServer: handling req: ReferenceType(2).MethodsWithGeneric(15)
08:53:00.929 INFO: JdwpDebugServer: handling req: Method(6).LineTable(1)
08:53:00.929 INFO: JdwpDebugServer: handling req: Method(6).LineTable(1)
08:53:00.929 INFO: JdwpDebugServer: handling req: Method(6).LineTable(1)
08:53:00.929 INFO: JdwpDebugServer: handling req: Method(6).LineTable(1)
08:53:00.930 INFO: JdwpDebugServer: handling req: Method(6).LineTable(1)
08:53:00.930 INFO: JdwpDebugServer: handling req: Method(6).LineTable(1)
08:53:00.930 INFO: JdwpDebugServer: handling req: Method(6).LineTable(1)
08:53:00.930 INFO: JdwpDebugServer: handling req: Method(6).LineTable(1)
08:53:00.930 INFO: JdwpDebugServer: handling req: Method(6).LineTable(1)
08:53:00.930 INFO: JdwpDebugServer: handling req: Method(6).LineTable(1)
08:53:00.930 INFO: JdwpDebugServer: handling req: Method(6).LineTable(1)
08:53:00.930 INFO: JdwpDebugServer: handling req: Method(6).LineTable(1)
08:53:00.931 INFO: JdwpDebugServer: handling req: Method(6).LineTable(1)
08:53:00.931 INFO: JdwpDebugServer: handling req: Method(6).LineTable(1)
08:53:00.931 INFO: JdwpDebugServer: handling req: Method(6).LineTable(1)
08:53:00.931 INFO: JdwpDebugServer: handling req: Method(6).LineTable(1)
08:53:00.931 INFO: JdwpDebugServer: handling req: Method(6).LineTable(1)
08:53:00.931 INFO: JdwpDebugServer: handling req: Method(6).LineTable(1)
08:53:00.932 INFO: JdwpDebugServer: handling req: Method(6).LineTable(1)
08:53:00.932 INFO: JdwpDebugServer: handling req: Method(6).LineTable(1)
08:53:00.932 INFO: JdwpDebugServer: handling req: Method(6).LineTable(1)
08:53:00.932 INFO: JdwpDebugServer: handling req: Method(6).LineTable(1)
08:53:00.932 INFO: JdwpDebugServer: handling req: Method(6).LineTable(1)
08:53:00.932 INFO: JdwpDebugServer: handling req: Method(6).LineTable(1)
08:53:00.932 INFO: JdwpDebugServer: handling req: Method(6).LineTable(1)
08:53:00.933 INFO: JdwpDebugServer: handling req: Method(6).LineTable(1)
08:53:00.933 INFO: JdwpDebugServer: handling req: Method(6).LineTable(1)
08:53:00.933 INFO: JdwpDebugServer: handling req: Method(6).LineTable(1)
08:53:00.933 INFO: JdwpDebugServer: handling req: Method(6).LineTable(1)
08:53:00.933 INFO: JdwpDebugServer: handling req: Method(6).LineTable(1)
08:53:00.933 INFO: JdwpDebugServer: handling req: Method(6).LineTable(1)
08:53:00.933 INFO: JdwpDebugServer: handling req: Method(6).LineTable(1)
08:53:00.934 INFO: JdwpDebugServer: handling req: Method(6).LineTable(1)
08:53:00.934 INFO: JdwpDebugServer: handling req: Method(6).LineTable(1)
08:53:00.934 INFO: JdwpDebugServer: handling req: Method(6).LineTable(1)
08:53:00.934 INFO: JdwpDebugServer: handling req: Method(6).LineTable(1)
08:53:00.934 INFO: JdwpDebugServer: handling req: Method(6).LineTable(1)
08:53:00.934 INFO: JdwpDebugServer: handling req: Method(6).LineTable(1)
08:53:00.934 INFO: JdwpDebugServer: handling req: Method(6).LineTable(1)
08:53:00.934 INFO: JdwpDebugServer: handling req: Method(6).LineTable(1)
08:53:00.935 INFO: JdwpDebugServer: handling req: Method(6).LineTable(1)
08:53:00.935 INFO: JdwpDebugServer: handling req: Method(6).LineTable(1)
08:53:00.935 INFO: JdwpDebugServer: handling req: Method(6).LineTable(1)
08:53:00.935 INFO: JdwpDebugServer: handling req: Method(6).LineTable(1)
08:53:00.935 INFO: JdwpDebugServer: handling req: EventRequest(15).Set(1)
08:53:00.935 INFO: JdwpEventCenterDelegate: jdwpSetEventRequest: JdwpEventRequest{requestId=109, eventKind=BREAKPOINT, suspendPolicy=EVENT_THREAD, predicates=[Location{classId=18040, methodId=1357, index=163} ]}
08:53:00.936 INFO: JdwpDebugServer: handling req: ReferenceType(2).Signature(1)
08:53:00.936 INFO: JdwpDebugServer: handling req: EventRequest(15).Set(1)
08:53:00.936 INFO: JdwpEventCenterDelegate: jdwpSetEventRequest: JdwpEventRequest{requestId=110, eventKind=CLASS_PREPARE, suspendPolicy=EVENT_THREAD, predicates=[className=com.badlogic.gdx.graphics.g2d.PolygonSpriteBatch]}
08:53:00.938 INFO: JdwpDebugServer: handling req: EventRequest(15).Set(1)
08:53:00.938 INFO: JdwpEventCenterDelegate: jdwpSetEventRequest: JdwpEventRequest{requestId=111, eventKind=CLASS_PREPARE, suspendPolicy=EVENT_THREAD, predicates=[className=com.badlogic.gdx.graphics.g2d.PolygonSpriteBatch$*]}
08:53:00.939 INFO: JdwpDebugServer: handling req: VirtualMachine(1).ClassesBySignature(2)
08:53:00.939 INFO: JdwpDebugServer: handling req: EventRequest(15).Set(1)
08:53:00.939 INFO: JdwpEventCenterDelegate: jdwpSetEventRequest: JdwpEventRequest{requestId=112, eventKind=BREAKPOINT, suspendPolicy=EVENT_THREAD, predicates=[Location{classId=15500, methodId=1122, index=141} ]}
08:53:00.940 INFO: JdwpDebugServer: handling req: EventRequest(15).Set(1)
08:53:00.940 INFO: JdwpEventCenterDelegate: jdwpSetEventRequest: JdwpEventRequest{requestId=113, eventKind=CLASS_PREPARE, suspendPolicy=EVENT_THREAD, predicates=[className=java.lang.Throwable]}
08:53:00.941 INFO: JdwpDebugServer: handling req: EventRequest(15).Set(1)
08:53:00.941 INFO: JdwpEventCenterDelegate: jdwpSetEventRequest: JdwpEventRequest{requestId=114, eventKind=CLASS_PREPARE, suspendPolicy=EVENT_THREAD, predicates=[className=java.lang.Throwable$*]}
08:53:00.941 INFO: JdwpDebugServer: handling req: VirtualMachine(1).ClassesBySignature(2)
08:53:00.942 INFO: JdwpDebugServer: handling req: ReferenceType(2).MethodsWithGeneric(15)
08:53:00.942 INFO: JdwpDebugServer: handling req: Method(6).LineTable(1)
08:53:00.942 INFO: JdwpDebugServer: handling req: Method(6).LineTable(1)
08:53:00.942 INFO: JdwpDebugServer: handling req: Method(6).LineTable(1)
08:53:00.942 INFO: JdwpDebugServer: handling req: Method(6).LineTable(1)
08:53:00.943 INFO: JdwpDebugServer: handling req: Method(6).LineTable(1)
08:53:00.943 INFO: JdwpDebugServer: handling req: Method(6).LineTable(1)
08:53:00.943 INFO: JdwpDebugServer: handling req: Method(6).LineTable(1)
08:53:00.943 INFO: JdwpDebugServer: handling req: Method(6).LineTable(1)
08:53:00.943 INFO: JdwpDebugServer: handling req: Method(6).LineTable(1)
08:53:00.943 INFO: JdwpDebugServer: handling req: Method(6).LineTable(1)
08:53:00.943 INFO: JdwpDebugServer: handling req: Method(6).LineTable(1)
08:53:00.943 INFO: JdwpDebugServer: handling req: Method(6).LineTable(1)
08:53:00.944 INFO: JdwpDebugServer: handling req: Method(6).LineTable(1)
08:53:00.944 INFO: JdwpDebugServer: handling req: Method(6).LineTable(1)
08:53:00.944 INFO: JdwpDebugServer: handling req: Method(6).LineTable(1)
08:53:00.944 INFO: JdwpDebugServer: handling req: Method(6).LineTable(1)
08:53:00.944 INFO: JdwpDebugServer: handling req: Method(6).LineTable(1)
08:53:00.944 INFO: JdwpDebugServer: handling req: Method(6).LineTable(1)
08:53:00.944 INFO: JdwpDebugServer: handling req: Method(6).LineTable(1)
08:53:00.945 INFO: JdwpDebugServer: handling req: Method(6).LineTable(1)
08:53:00.945 INFO: JdwpDebugServer: handling req: Method(6).LineTable(1)
08:53:00.945 INFO: JdwpDebugServer: handling req: Method(6).LineTable(1)
08:53:00.945 INFO: JdwpDebugServer: handling req: Method(6).LineTable(1)
08:53:00.945 INFO: JdwpDebugServer: handling req: Method(6).LineTable(1)
08:53:00.946 INFO: JdwpDebugServer: handling req: VirtualMachine(1).ClassesBySignature(2)
08:53:00.946 INFO: JdwpDebugServer: handling req: VirtualMachine(1).AllClassesWithGeneric(20)
08:53:00.956 INFO: JdwpDebugServer: handling req: EventRequest(15).Set(1)
08:53:00.957 INFO: JdwpEventCenterDelegate: jdwpSetEventRequest: JdwpEventRequest{requestId=115, eventKind=CLASS_PREPARE, suspendPolicy=EVENT_THREAD, predicates=[className=com.badlogic.gdx.utils.ScreenUtils]}
08:53:00.958 INFO: JdwpDebugServer: handling req: EventRequest(15).Set(1)
08:53:00.958 INFO: JdwpEventCenterDelegate: jdwpSetEventRequest: JdwpEventRequest{requestId=116, eventKind=CLASS_PREPARE, suspendPolicy=EVENT_THREAD, predicates=[className=com.badlogic.gdx.utils.ScreenUtils$*]}
08:53:00.959 INFO: JdwpDebugServer: handling req: VirtualMachine(1).ClassesBySignature(2)
08:53:00.959 INFO: JdwpDebugServer: handling req: ReferenceType(2).MethodsWithGeneric(15)
08:53:00.959 INFO: JdwpDebugServer: handling req: Method(6).LineTable(1)
08:53:00.960 INFO: JdwpDebugServer: handling req: Method(6).LineTable(1)
08:53:00.960 INFO: JdwpDebugServer: handling req: Method(6).LineTable(1)
08:53:00.960 INFO: JdwpDebugServer: handling req: Method(6).LineTable(1)
08:53:00.960 INFO: JdwpDebugServer: handling req: Method(6).LineTable(1)
08:53:00.961 INFO: JdwpDebugServer: handling req: Method(6).LineTable(1)
08:53:00.961 INFO: JdwpDebugServer: handling req: Method(6).LineTable(1)
08:53:00.961 INFO: JdwpDebugServer: handling req: Method(6).LineTable(1)
08:53:00.961 INFO: JdwpDebugServer: handling req: Method(6).LineTable(1)
08:53:00.961 INFO: JdwpDebugServer: handling req: Method(6).LineTable(1)
08:53:00.961 INFO: JdwpDebugServer: handling req: EventRequest(15).Set(1)
08:53:00.961 INFO: JdwpEventCenterDelegate: jdwpSetEventRequest: JdwpEventRequest{requestId=117, eventKind=BREAKPOINT, suspendPolicy=EVENT_THREAD, predicates=[Location{classId=22240, methodId=1727, index=89} ]}
08:53:00.962 INFO: JdwpDebugServer: handling req: EventRequest(15).Set(1)
08:53:00.962 INFO: JdwpEventCenterDelegate: jdwpSetEventRequest: JdwpEventRequest{requestId=118, eventKind=CLASS_PREPARE, suspendPolicy=EVENT_THREAD, predicates=[className=com.badlogic.gdx.utils.ScreenUtils]}
08:53:00.963 INFO: JdwpDebugServer: handling req: EventRequest(15).Set(1)
08:53:00.963 INFO: JdwpEventCenterDelegate: jdwpSetEventRequest: JdwpEventRequest{requestId=119, eventKind=CLASS_PREPARE, suspendPolicy=EVENT_THREAD, predicates=[className=com.badlogic.gdx.utils.ScreenUtils$*]}
08:53:00.963 INFO: JdwpDebugServer: handling req: VirtualMachine(1).ClassesBySignature(2)
08:53:00.963 INFO: JdwpDebugServer: handling req: EventRequest(15).Set(1)
08:53:00.963 INFO: JdwpEventCenterDelegate: jdwpSetEventRequest: JdwpEventRequest{requestId=120, eventKind=BREAKPOINT, suspendPolicy=EVENT_THREAD, predicates=[Location{classId=22240, methodId=1722, index=72} ]}
08:53:00.964 INFO: JdwpDebugServer: handling req: EventRequest(15).Set(1)
08:53:00.964 INFO: JdwpEventCenterDelegate: jdwpSetEventRequest: JdwpEventRequest{requestId=121, eventKind=CLASS_PREPARE, suspendPolicy=EVENT_THREAD, predicates=[className=com.scottlogic.util.ShaderProgramFactory]}
08:53:00.964 INFO: JdwpDebugServer: handling req: EventRequest(15).Set(1)
08:53:00.964 INFO: JdwpEventCenterDelegate: jdwpSetEventRequest: JdwpEventRequest{requestId=122, eventKind=CLASS_PREPARE, suspendPolicy=EVENT_THREAD, predicates=[className=com.scottlogic.util.ShaderProgramFactory$*]}
08:53:00.966 INFO: JdwpDebugServer: handling req: VirtualMachine(1).ClassesBySignature(2)
08:53:00.966 INFO: JdwpDebugServer: handling req: ReferenceType(2).MethodsWithGeneric(15)
08:53:00.966 INFO: JdwpDebugServer: handling req: Method(6).LineTable(1)
08:53:00.966 INFO: JdwpDebugServer: handling req: Method(6).LineTable(1)
08:53:00.966 INFO: JdwpDebugServer: handling req: Method(6).LineTable(1)
08:53:00.966 INFO: JdwpDebugServer: handling req: Method(6).LineTable(1)
08:53:00.966 INFO: JdwpDebugServer: handling req: Method(6).LineTable(1)
08:53:00.966 INFO: JdwpDebugServer: handling req: EventRequest(15).Set(1)
08:53:00.966 INFO: JdwpEventCenterDelegate: jdwpSetEventRequest: JdwpEventRequest{requestId=123, eventKind=BREAKPOINT, suspendPolicy=EVENT_THREAD, predicates=[Location{classId=20400, methodId=1762, index=106} ]}
08:53:00.967 INFO: JdwpDebugServer: handling req: EventRequest(15).Set(1)
08:53:00.967 INFO: JdwpEventCenterDelegate: jdwpSetEventRequest: JdwpEventRequest{requestId=124, eventKind=CLASS_PREPARE, suspendPolicy=EVENT_THREAD, predicates=[className=com.abdalla.bushnaq.pluvia.launcher.IOSLauncher]}
08:53:00.968 INFO: JdwpDebugServer: handling req: EventRequest(15).Set(1)
08:53:00.968 INFO: JdwpEventCenterDelegate: jdwpSetEventRequest: JdwpEventRequest{requestId=125, eventKind=CLASS_PREPARE, suspendPolicy=EVENT_THREAD, predicates=[className=com.abdalla.bushnaq.pluvia.launcher.IOSLauncher$*]}
08:53:00.968 INFO: JdwpDebugServer: handling req: VirtualMachine(1).ClassesBySignature(2)
08:53:00.969 INFO: JdwpDebugServer: handling req: ReferenceType(2).MethodsWithGeneric(15)
08:53:00.969 INFO: JdwpDebugServer: handling req: Method(6).LineTable(1)
08:53:00.969 INFO: JdwpDebugServer: handling req: Method(6).LineTable(1)
08:53:00.969 INFO: JdwpDebugServer: handling req: Method(6).LineTable(1)
08:53:00.969 INFO: JdwpDebugServer: handling req: Method(6).LineTable(1)
08:53:00.969 INFO: JdwpDebugServer: handling req: EventRequest(15).Set(1)
08:53:00.970 INFO: JdwpEventCenterDelegate: jdwpSetEventRequest: JdwpEventRequest{requestId=126, eventKind=BREAKPOINT, suspendPolicy=EVENT_THREAD, predicates=[Location{classId=12885, methodId=1787, index=74} ]}
08:53:00.971 INFO: JdwpDebugServer: handling req: VirtualMachine(1).capabilitiesNew(17)
08:53:00.973 INFO: JdwpDebugServer: handling req: EventRequest(15).Set(1)
08:53:00.973 INFO: JdwpEventCenterDelegate: jdwpSetEventRequest: JdwpEventRequest{requestId=127, eventKind=CLASS_PREPARE, suspendPolicy=EVENT_THREAD, predicates=[className=java.lang.Error]}
08:53:00.974 INFO: JdwpDebugServer: handling req: EventRequest(15).Set(1)
08:53:00.974 INFO: JdwpEventCenterDelegate: jdwpSetEventRequest: JdwpEventRequest{requestId=128, eventKind=CLASS_PREPARE, suspendPolicy=EVENT_THREAD, predicates=[className=java.lang.Error$*]}
08:53:00.975 INFO: JdwpDebugServer: handling req: VirtualMachine(1).ClassesBySignature(2)
08:53:00.976 INFO: JdwpDebugServer: handling req: EventRequest(15).Set(1)
08:53:00.977 INFO: JdwpEventCenterDelegate: jdwpSetEventRequest: JdwpEventRequest{requestId=129, eventKind=EXCEPTION, suspendPolicy=EVENT_THREAD, predicates=[exceptionType=3425(caught=true, uncaught=true)]}
08:53:01.016 INFO: JdwpDebugServer: handling req: EventRequest(15).Set(1)
08:53:01.016 INFO: JdwpEventCenterDelegate: jdwpSetEventRequest: JdwpEventRequest{requestId=130, eventKind=CLASS_PREPARE, suspendPolicy=EVENT_THREAD, predicates=[className=java.lang.Throwable]}
08:53:01.113 INFO: JdwpDebugServer: handling req: EventRequest(15).Set(1)
08:53:01.113 INFO: JdwpEventCenterDelegate: jdwpSetEventRequest: JdwpEventRequest{requestId=131, eventKind=CLASS_PREPARE, suspendPolicy=EVENT_THREAD, predicates=[className=java.lang.Throwable$*]}
08:53:01.114 INFO: JdwpDebugServer: handling req: VirtualMachine(1).ClassesBySignature(2)
08:53:01.115 INFO: JdwpDebugServer: handling req: EventRequest(15).Set(1)
08:53:01.115 INFO: JdwpEventCenterDelegate: jdwpSetEventRequest: JdwpEventRequest{requestId=132, eventKind=EXCEPTION, suspendPolicy=EVENT_THREAD, predicates=[exceptionType=7695(caught=false, uncaught=true)]}
08:53:01.125 INFO: JdwpDebugServer: handling req: ThreadReference(11).SuspendCount(12)
08:53:01.126 INFO: JdwpDebugServer: handling req: ThreadReference(11).SuspendCount(12)
08:53:01.126 INFO: JdwpDebugServer: handling req: ThreadReference(11).SuspendCount(12)
08:53:01.126 INFO: JdwpDebugServer: handling req: ThreadReference(11).SuspendCount(12)
08:53:01.126 INFO: JdwpDebugServer: handling req: VirtualMachine(1).AllThreads(4)
08:53:01.127 INFO: JdwpDebugServer: handling req: VirtualMachine(1).Resume(9)
08:53:01.198 INFO: JdwpDebugServer: handling req: EventRequest(15).Set(1)
08:53:01.198 INFO: JdwpEventCenterDelegate: jdwpSetEventRequest: JdwpEventRequest{requestId=133, eventKind=BREAKPOINT, suspendPolicy=EVENT_THREAD, predicates=[Location{classId=12885, methodId=1787, index=74} ]}
08:53:01.203 INFO: JdwpDebugServer: handling req: ThreadReference(11).Resume(3)
08:53:01.203 INFO: JdwpEventCenterDelegate: THREAD_RESUMED: thread (33, main, main)
08:53:01.229 INFO: JdwpEventCenterDelegate: THREAD_RESUMED: thread (33, main, main)
08:53:01.229 INFO: JdwpEventCenterDelegate: THREAD_RESUMED: thread (33, main, main)
08:53:01.230 INFO: JdwpEventCenterDelegate: THREAD_RESUMED: thread (33, main, main)
08:53:01.230 INFO: JdwpEventCenterDelegate: THREAD_RESUMED: thread (33, main, main)
08:53:01.230 INFO: JdwpEventCenterDelegate: THREAD_RESUMED: thread (33, main, main)
08:53:01.231 INFO: JdwpEventCenterDelegate: THREAD_RESUMED: thread (33, main, main)
08:53:01.231 INFO: JdwpEventCenterDelegate: THREAD_RESUMED: thread (33, main, main)
08:53:01.233 INFO: JdwpEventCenterDelegate: THREAD_RESUMED: thread (33, main, main)
08:53:01.234 INFO: JdwpEventCenterDelegate: THREAD_RESUMED: thread (33, main, main)
08:53:01.234 INFO: JdwpEventCenterDelegate: THREAD_RESUMED: thread (33, main, main)
08:53:01.234 INFO: JdwpEventCenterDelegate: THREAD_RESUMED: thread (33, main, main)
08:53:01.241 INFO: JdwpEventCenterDelegate: THREAD_RESUMED: thread (33, main, main)
08:53:01.241 INFO: JdwpEventCenterDelegate: THREAD_RESUMED: thread (33, main, main)
08:53:01.241 INFO: JdwpEventCenterDelegate: THREAD_RESUMED: thread (33, main, main)
08:53:01.318 INFO: JdwpEventCenterDelegate: THREAD_RESUMED: thread (33, main, main)
08:53:01.319 INFO: JdwpEventCenterDelegate: THREAD_RESUMED: thread (33, main, main)
08:53:01.319 INFO: JdwpEventCenterDelegate: THREAD_RESUMED: thread (33, main, main)
08:53:01.327 INFO: JdwpEventCenterDelegate: THREAD_RESUMED: thread (33, main, main)
08:53:01.327 INFO: JdwpEventCenterDelegate: THREAD_RESUMED: thread (33, main, main)
08:53:01.328 INFO: JdwpEventCenterDelegate: THREAD_RESUMED: thread (33, main, main)
08:53:01.497 INFO: JdwpDebugServer: handling req: ThreadReference(11).Name(1)
08:53:01.498 INFO: JdwpDebugServer: handling req: ThreadReference(11).Name(1)
08:53:01.498 INFO: JdwpDebugServer: handling req: ThreadReference(11).Name(1)
08:53:01.498 INFO: JdwpDebugServer: handling req: ThreadReference(11).Name(1)
08:53:01.597 INFO: JdwpEventCenterDelegate: THREAD_RESUMED: thread (33, main, main)
08:53:01.598 INFO: JdwpEventCenterDelegate: THREAD_RESUMED: thread (33, main, main)
08:53:01.599 INFO: JdwpEventCenterDelegate: THREAD_RESUMED: thread (33, main, main)
08:53:01.665 INFO: JdwpEventCenterDelegate: THREAD_RESUMED: thread (33, main, main)
08:53:01.666 INFO: JdwpEventCenterDelegate: THREAD_RESUMED: thread (33, main, main)
08:53:01.666 INFO: JdwpEventCenterDelegate: THREAD_RESUMED: thread (33, main, main)
08:53:01.691 INFO: JdwpEventCenterDelegate: THREAD_RESUMED: thread (33, main, main)
08:53:01.691 INFO: JdwpEventCenterDelegate: THREAD_RESUMED: thread (33, main, main)
08:53:01.692 INFO: JdwpEventCenterDelegate: THREAD_RESUMED: thread (33, main, main)
08:53:01.713 INFO: JdwpEventCenterDelegate: THREAD_RESUMED: thread (33, main, main)
08:53:01.714 INFO: JdwpEventCenterDelegate: THREAD_RESUMED: thread (33, main, main)
08:53:01.714 INFO: JdwpEventCenterDelegate: THREAD_RESUMED: thread (33, main, main)
08:53:01.715 INFO: JdwpEventCenterDelegate: THREAD_RESUMED: thread (33, main, main)
08:53:01.722 INFO: JdwpEventCenterDelegate: THREAD_RESUMED: thread (33, main, main)
08:53:01.723 INFO: JdwpEventCenterDelegate: THREAD_RESUMED: thread (33, main, main)
08:53:02.236 INFO: JdwpEventCenterDelegate: THREAD_RESUMED: thread (33, main, main)
08:53:02.236 INFO: JdwpEventCenterDelegate: THREAD_RESUMED: thread (33, main, main)
08:53:02.255 INFO: JdwpEventCenterDelegate: THREAD_RESUMED: thread (33, main, main)
08:53:02.255 INFO: JdwpEventCenterDelegate: THREAD_RESUMED: thread (33, main, main)
08:53:02.256 INFO: JdwpEventCenterDelegate: THREAD_RESUMED: thread (33, main, main)
08:53:02.257 INFO: JdwpEventCenterDelegate: THREAD_RESUMED: thread (33, main, main)
08:53:02.326 INFO: JdwpEventCenterDelegate: THREAD_RESUMED: thread (33, main, main)
08:53:02.681 INFO: JdwpDebugServer: handling req: EventRequest(15).Set(1)
08:53:02.682 INFO: JdwpEventCenterDelegate: jdwpSetEventRequest: JdwpEventRequest{requestId=134, eventKind=BREAKPOINT, suspendPolicy=EVENT_THREAD, predicates=[Location{classId=15500, methodId=1122, index=142} ]}
08:53:02.686 INFO: JdwpDebugServer: handling req: EventRequest(15).Set(1)
08:53:02.686 INFO: JdwpEventCenterDelegate: jdwpSetEventRequest: JdwpEventRequest{requestId=135, eventKind=BREAKPOINT, suspendPolicy=EVENT_THREAD, predicates=[Location{classId=15500, methodId=1122, index=141} ]}
08:53:02.688 INFO: JdwpDebugServer: handling req: ThreadReference(11).Resume(3)
08:53:02.688 INFO: JdwpEventCenterDelegate: THREAD_RESUMED: thread (33, main, main)
08:53:02.689 INFO: JdwpEventCenterDelegate: THREAD_RESUMED: thread (33, main, main)
08:53:02.690 INFO: JdwpEventCenterDelegate: THREAD_RESUMED: thread (33, main, main)
08:53:02.691 INFO: JdwpEventCenterDelegate: THREAD_RESUMED: thread (33, main, main)
08:53:02.692 INFO: JdwpEventCenterDelegate: THREAD_RESUMED: thread (33, main, main)
08:53:02.693 INFO: JdwpEventCenterDelegate: THREAD_RESUMED: thread (33, main, main)
08:53:02.694 INFO: JdwpEventCenterDelegate: THREAD_RESUMED: thread (33, main, main)
08:53:02.695 INFO: JdwpDebugServer: handling req: EventRequest(15).Set(1)
08:53:02.695 INFO: JdwpEventCenterDelegate: jdwpSetEventRequest: JdwpEventRequest{requestId=136, eventKind=BREAKPOINT, suspendPolicy=EVENT_THREAD, predicates=[Location{classId=20400, methodId=1762, index=106} ]}
08:53:02.699 INFO: JdwpDebugServer: handling req: ThreadReference(11).Resume(3)
08:53:02.699 INFO: JdwpEventCenterDelegate: THREAD_RESUMED: thread (33, main, main)
08:53:02.715 INFO: JdwpDebugServer: handling req: ThreadReference(11).Frames(6)
08:53:02.716 INFO: JdwpDebugServer: handling req: ReferenceType(2).MethodsWithGeneric(15)
08:53:02.716 INFO: JdwpDebugServer: handling req: ReferenceType(2).MethodsWithGeneric(15)
08:53:02.717 INFO: JdwpDebugServer: handling req: ReferenceType(2).MethodsWithGeneric(15)
08:53:02.717 INFO: JdwpDebugServer: handling req: ReferenceType(2).MethodsWithGeneric(15)
08:53:02.717 INFO: JdwpDebugServer: handling req: ReferenceType(2).MethodsWithGeneric(15)
08:53:02.718 INFO: JdwpDebugServer: handling req: ReferenceType(2).MethodsWithGeneric(15)
08:53:02.722 INFO: JdwpDebugServer: handling req: ThreadReference(11).FramesCount(7)
08:53:02.723 INFO: JdwpDebugServer: handling req: ThreadReference(11).FramesCount(7)
08:53:03.441 INFO: JdwpDebugServer: handling req: ReferenceType(2).SourceFile(7)
08:53:03.498 INFO: JdwpDebugServer: handling req: ThreadReference(11).Name(1)
08:53:03.499 INFO: JdwpDebugServer: handling req: ReferenceType(2).SignatureWithGeneric(13)
08:53:03.500 INFO: JdwpDebugServer: handling req: ThreadReference(11).Name(1)
08:53:03.500 INFO: JdwpDebugServer: handling req: ThreadReference(11).Name(1)
08:53:03.500 INFO: JdwpDebugServer: handling req: ThreadReference(11).Name(1)
08:53:03.500 INFO: JdwpDebugServer: handling req: ThreadReference(11).Name(1)
08:53:03.538 INFO: JdwpDebugServer: handling req: ReferenceType(2).FieldsWithGeneric(14)
08:53:03.538 INFO: JdwpDebugServer: handling req: ReferenceType(2).Interfaces(10)
08:53:03.538 INFO: JdwpDebugServer: handling req: ClassType(3).Superclass(1)
08:53:03.539 INFO: JdwpDebugServer: handling req: ClassType(3).Superclass(1)
08:53:03.539 INFO: JdwpDebugServer: handling req: Method(6).VariableTableWithGenerics(5)
08:53:03.555 INFO: JdwpDebugServer: handling req: StackFrame(16).GetValues(1)
08:53:03.557 INFO: JdwpDebugServer: handling req: ObjectReference(9).ReferenceType(1)
08:53:03.557 INFO: JdwpDebugServer: handling req: ReferenceType(2).FieldsWithGeneric(14)
08:53:03.558 INFO: JdwpDebugServer: handling req: ReferenceType(2).Interfaces(10)
08:53:03.558 INFO: JdwpDebugServer: handling req: ReferenceType(2).FieldsWithGeneric(14)
08:53:03.559 INFO: JdwpDebugServer: handling req: ReferenceType(2).Interfaces(10)
08:53:03.559 INFO: JdwpDebugServer: handling req: ReferenceType(2).FieldsWithGeneric(14)
08:53:03.560 INFO: JdwpDebugServer: handling req: ReferenceType(2).Interfaces(10)
08:53:03.560 INFO: JdwpDebugServer: handling req: ReferenceType(2).FieldsWithGeneric(14)
08:53:03.560 INFO: JdwpDebugServer: handling req: ReferenceType(2).Interfaces(10)
08:53:03.560 INFO: JdwpDebugServer: handling req: ClassType(3).Superclass(1)
08:53:03.561 INFO: JdwpDebugServer: handling req: StackFrame(16).GetValues(1)
08:53:03.561 INFO: JdwpDebugServer: handling req: StackFrame(16).GetValues(1)
08:53:03.562 INFO: JdwpDebugServer: handling req: StackFrame(16).GetValues(1)
08:53:03.562 INFO: JdwpDebugServer: handling req: ObjectReference(9).ReferenceType(1)
08:53:03.562 INFO: JdwpDebugServer: handling req: StackFrame(16).GetValues(1)
08:53:03.562 INFO: JdwpDebugServer: handling req: ClassType(3).Superclass(1)
08:53:03.562 INFO: JdwpDebugServer: handling req: StackFrame(16).GetValues(1)
08:53:03.562 INFO: JdwpDebugServer: handling req: ClassType(3).Superclass(1)
08:53:03.562 INFO: JdwpDebugServer: handling req: StackFrame(16).GetValues(1)
08:53:03.563 INFO: JdwpDebugServer: handling req: StackFrame(16).GetValues(1)
08:53:03.563 INFO: JdwpDebugServer: handling req: StackFrame(16).GetValues(1)
08:53:03.564 INFO: JdwpDebugServer: handling req: ObjectReference(9).ReferenceType(1)
08:53:03.564 INFO: JdwpDebugServer: handling req: StackFrame(16).GetValues(1)
08:53:03.564 INFO: JdwpDebugServer: handling req: ReferenceType(2).FieldsWithGeneric(14)
08:53:03.564 INFO: JdwpDebugServer: handling req: StackFrame(16).GetValues(1)
08:53:03.565 INFO: JdwpDebugServer: handling req: ReferenceType(2).Interfaces(10)
08:53:03.565 INFO: JdwpDebugServer: handling req: StackFrame(16).GetValues(1)
08:53:03.565 INFO: JdwpDebugServer: handling req: ReferenceType(2).FieldsWithGeneric(14)
08:53:03.565 INFO: JdwpDebugServer: handling req: ReferenceType(2).Interfaces(10)
08:53:03.565 INFO: JdwpDebugServer: handling req: ClassType(3).Superclass(1)
08:53:03.566 INFO: JdwpDebugServer: handling req: StringReference(10).Value(1)
08:53:03.569 INFO: JdwpDebugServer: handling req: StackFrame(16).GetValues(1)
08:53:03.570 INFO: JdwpDebugServer: handling req: ClassType(3).Superclass(1)
08:53:03.571 INFO: JdwpDebugServer: handling req: StackFrame(16).GetValues(1)
08:53:03.572 INFO: JdwpDebugServer: handling req: StackFrame(16).GetValues(1)
08:53:03.572 INFO: JdwpDebugServer: handling req: StackFrame(16).GetValues(1)
08:53:03.572 INFO: JdwpDebugServer: handling req: StackFrame(16).GetValues(1)
08:53:03.572 INFO: JdwpDebugServer: handling req: ClassType(3).Superclass(1)
08:53:03.573 INFO: JdwpDebugServer: handling req: StackFrame(16).GetValues(1)
08:53:03.573 INFO: JdwpDebugServer: handling req: StackFrame(16).GetValues(1)
08:53:03.573 INFO: JdwpDebugServer: handling req: StackFrame(16).GetValues(1)
08:53:03.574 INFO: JdwpDebugServer: handling req: StringReference(10).Value(1)
08:53:03.575 INFO: JdwpDebugServer: handling req: StackFrame(16).GetValues(1)
08:53:03.575 INFO: JdwpDebugServer: handling req: StackFrame(16).GetValues(1)
08:53:03.576 INFO: JdwpDebugServer: handling req: StackFrame(16).GetValues(1)
08:53:03.576 INFO: JdwpDebugServer: handling req: StackFrame(16).GetValues(1)
08:53:03.577 INFO: JdwpDebugServer: handling req: StackFrame(16).GetValues(1)
08:53:03.578 INFO: JdwpDebugServer: handling req: StackFrame(16).GetValues(1)
08:53:03.578 INFO: JdwpDebugServer: handling req: StackFrame(16).GetValues(1)
08:53:03.578 INFO: JdwpDebugServer: handling req: StackFrame(16).GetValues(1)
08:53:03.579 INFO: JdwpDebugServer: handling req: StackFrame(16).GetValues(1)
08:53:03.579 INFO: JdwpDebugServer: handling req: StackFrame(16).GetValues(1)
08:53:03.580 INFO: JdwpDebugServer: handling req: StackFrame(16).GetValues(1)
08:53:03.580 INFO: JdwpDebugServer: handling req: StackFrame(16).GetValues(1)
08:53:03.580 INFO: JdwpDebugServer: handling req: StackFrame(16).GetValues(1)
08:53:03.581 INFO: JdwpDebugServer: handling req: StackFrame(16).GetValues(1)
08:53:03.581 INFO: JdwpDebugServer: handling req: StackFrame(16).GetValues(1)
08:53:03.581 INFO: JdwpDebugServer: handling req: StackFrame(16).GetValues(1)
08:53:03.582 INFO: JdwpDebugServer: handling req: StackFrame(16).GetValues(1)
08:53:03.582 INFO: JdwpDebugServer: handling req: StackFrame(16).GetValues(1)
08:53:03.582 INFO: JdwpDebugServer: handling req: StackFrame(16).GetValues(1)
08:53:03.582 INFO: JdwpDebugServer: handling req: StackFrame(16).GetValues(1)
08:53:03.583 INFO: JdwpDebugServer: handling req: StackFrame(16).GetValues(1)
08:53:03.583 INFO: JdwpDebugServer: handling req: StackFrame(16).GetValues(1)
08:53:03.583 INFO: JdwpDebugServer: handling req: StackFrame(16).GetValues(1)
08:53:03.583 INFO: JdwpDebugServer: handling req: StackFrame(16).GetValues(1)
08:53:03.583 INFO: JdwpDebugServer: handling req: StackFrame(16).GetValues(1)
08:53:03.584 INFO: JdwpDebugServer: handling req: StackFrame(16).GetValues(1)
08:53:03.584 INFO: JdwpDebugServer: handling req: StackFrame(16).GetValues(1)
08:53:03.584 INFO: JdwpDebugServer: handling req: StackFrame(16).GetValues(1)
08:53:03.584 INFO: JdwpDebugServer: handling req: StackFrame(16).GetValues(1)
08:53:03.584 INFO: JdwpDebugServer: handling req: StackFrame(16).GetValues(1)
08:53:03.586 INFO: JdwpDebugServer: handling req: StackFrame(16).GetValues(1)
08:53:03.587 INFO: JdwpDebugServer: handling req: StackFrame(16).GetValues(1)
08:53:03.587 INFO: JdwpDebugServer: handling req: ClassType(3).Superclass(1)
08:53:03.587 INFO: JdwpDebugServer: handling req: StackFrame(16).GetValues(1)
08:53:03.588 INFO: JdwpDebugServer: handling req: StackFrame(16).GetValues(1)
08:53:03.588 INFO: JdwpDebugServer: handling req: StackFrame(16).GetValues(1)
08:53:03.589 INFO: JdwpDebugServer: handling req: StackFrame(16).GetValues(1)
08:53:03.589 INFO: JdwpDebugServer: handling req: StackFrame(16).GetValues(1)
08:53:03.778 INFO: JdwpDebugServer: handling req: ThreadReference(11).FramesCount(7)
08:53:03.817 INFO: JdwpDebugServer: handling req: StackFrame(16).GetValues(1)
08:53:03.818 INFO: JdwpDebugServer: handling req: ClassType(3).Superclass(1)
08:53:03.840 INFO: JdwpDebugServer: handling req: ObjectReference(9).GetValues(2)
08:53:03.841 INFO: JdwpDebugServer: handling req: ObjectReference(9).GetValues(2)
08:53:03.841 INFO: JdwpDebugServer: handling req: ObjectReference(9).GetValues(2)
08:53:03.841 INFO: JdwpDebugServer: handling req: ObjectReference(9).GetValues(2)
08:53:03.842 INFO: JdwpDebugServer: handling req: ObjectReference(9).GetValues(2)
08:53:03.842 INFO: JdwpDebugServer: handling req: ObjectReference(9).GetValues(2)
08:53:03.842 INFO: JdwpDebugServer: handling req: ObjectReference(9).GetValues(2)
08:53:03.843 INFO: JdwpDebugServer: handling req: ObjectReference(9).ReferenceType(1)
08:53:03.843 INFO: JdwpDebugServer: handling req: ObjectReference(9).GetValues(2)
08:53:03.843 INFO: JdwpDebugServer: handling req: ClassType(3).Superclass(1)
08:53:03.843 INFO: JdwpDebugServer: handling req: ObjectReference(9).GetValues(2)
08:53:03.843 INFO: JdwpDebugServer: handling req: StringReference(10).Value(1)
08:53:03.844 INFO: JdwpDebugServer: handling req: ObjectReference(9).GetValues(2)
08:53:03.845 INFO: JdwpDebugServer: handling req: ObjectReference(9).ReferenceType(1)
08:53:03.845 INFO: JdwpDebugServer: handling req: ClassType(3).Superclass(1)
08:53:03.845 INFO: JdwpDebugServer: handling req: ClassType(3).Superclass(1)
08:53:03.845 INFO: JdwpDebugServer: handling req: ReferenceType(2).Interfaces(10)
08:53:03.846 INFO: JdwpDebugServer: handling req: ReferenceType(2).Interfaces(10)
08:53:03.846 INFO: JdwpDebugServer: handling req: ObjectReference(9).GetValues(2)
08:53:03.847 INFO: JdwpDebugServer: handling req: ObjectReference(9).GetValues(2)
08:53:03.847 INFO: JdwpDebugServer: handling req: ObjectReference(9).GetValues(2)
08:53:03.847 INFO: JdwpDebugServer: handling req: ObjectReference(9).GetValues(2)
08:53:03.847 INFO: JdwpDebugServer: handling req: ObjectReference(9).GetValues(2)
08:53:03.848 INFO: JdwpDebugServer: handling req: ObjectReference(9).GetValues(2)
08:53:03.848 INFO: JdwpDebugServer: handling req: ObjectReference(9).GetValues(2)
08:53:03.848 INFO: JdwpDebugServer: handling req: ObjectReference(9).GetValues(2)
08:53:03.849 INFO: JdwpDebugServer: handling req: ObjectReference(9).ReferenceType(1)
08:53:03.849 INFO: JdwpDebugServer: handling req: ObjectReference(9).GetValues(2)
08:53:03.849 INFO: JdwpDebugServer: handling req: ClassType(3).Superclass(1)
08:53:03.849 INFO: JdwpDebugServer: handling req: ThreadReference(11).Name(1)
08:53:03.849 INFO: JdwpDebugServer: handling req: ReferenceType(2).FieldsWithGeneric(14)
08:53:03.849 INFO: JdwpDebugServer: handling req: ObjectReference(9).GetValues(2)
08:53:03.850 INFO: JdwpDebugServer: handling req: ThreadReference(11).Name(1)
08:53:03.850 INFO: JdwpDebugServer: handling req: ReferenceType(2).FieldsWithGeneric(14)
08:53:03.850 INFO: JdwpDebugServer: handling req: ObjectReference(9).GetValues(2)
08:53:03.850 INFO: JdwpDebugServer: handling req: ObjectReference(9).GetValues(2)
08:53:03.850 INFO: JdwpDebugServer: handling req: ThreadReference(11).Name(1)
08:53:03.851 INFO: JdwpDebugServer: handling req: ObjectReference(9).GetValues(2)
08:53:03.851 INFO: JdwpDebugServer: handling req: ObjectReference(9).GetValues(2)
08:53:03.851 INFO: JdwpDebugServer: handling req: ThreadReference(11).Name(1)
08:53:03.851 INFO: JdwpDebugServer: handling req: ObjectReference(9).ReferenceType(1)
08:53:03.852 INFO: JdwpDebugServer: handling req: ObjectReference(9).GetValues(2)
08:53:03.852 INFO: JdwpDebugServer: handling req: ObjectReference(9).GetValues(2)
08:53:03.852 INFO: JdwpDebugServer: handling req: ObjectReference(9).GetValues(2)
08:53:03.853 INFO: JdwpDebugServer: handling req: ObjectReference(9).GetValues(2)
08:53:03.853 INFO: JdwpDebugServer: handling req: ObjectReference(9).ReferenceType(1)
08:53:03.853 INFO: JdwpDebugServer: handling req: ObjectReference(9).GetValues(2)
08:53:03.853 INFO: JdwpDebugServer: handling req: ObjectReference(9).GetValues(2)
08:53:03.853 INFO: JdwpDebugServer: handling req: ObjectReference(9).GetValues(2)
08:53:03.854 INFO: JdwpDebugServer: handling req: ObjectReference(9).GetValues(2)
08:53:03.854 INFO: JdwpDebugServer: handling req: ObjectReference(9).GetValues(2)
08:53:03.854 INFO: JdwpDebugServer: handling req: ClassType(3).Superclass(1)
08:53:03.854 INFO: JdwpDebugServer: handling req: ObjectReference(9).ReferenceType(1)
08:53:03.854 INFO: JdwpDebugServer: handling req: ObjectReference(9).GetValues(2)
08:53:03.855 INFO: JdwpDebugServer: handling req: ObjectReference(9).GetValues(2)
08:53:03.855 INFO: JdwpDebugServer: handling req: ObjectReference(9).GetValues(2)
08:53:03.855 INFO: JdwpDebugServer: handling req: ObjectReference(9).ReferenceType(1)
08:53:03.855 INFO: JdwpDebugServer: handling req: ObjectReference(9).GetValues(2)
08:53:03.856 INFO: JdwpDebugServer: handling req: ObjectReference(9).GetValues(2)
08:53:03.856 INFO: JdwpDebugServer: handling req: ReferenceType(2).FieldsWithGeneric(14)
08:53:03.856 INFO: JdwpDebugServer: handling req: ObjectReference(9).GetValues(2)
08:53:03.857 INFO: JdwpDebugServer: handling req: ObjectReference(9).GetValues(2)
08:53:03.858 INFO: JdwpDebugServer: handling req: ObjectReference(9).GetValues(2)
08:53:03.859 INFO: JdwpDebugServer: handling req: ObjectReference(9).GetValues(2)
08:53:03.859 INFO: JdwpDebugServer: handling req: ObjectReference(9).GetValues(2)
08:53:03.861 INFO: JdwpDebugServer: handling req: ReferenceType(2).Interfaces(10)
08:53:03.861 INFO: JdwpDebugServer: handling req: ObjectReference(9).GetValues(2)
08:53:03.863 INFO: JdwpDebugServer: handling req: ObjectReference(9).GetValues(2)
08:53:03.864 INFO: JdwpDebugServer: handling req: ObjectReference(9).GetValues(2)
08:53:03.864 INFO: JdwpDebugServer: handling req: ObjectReference(9).GetValues(2)
08:53:03.864 INFO: JdwpDebugServer: handling req: ObjectReference(9).GetValues(2)
08:53:03.865 INFO: JdwpDebugServer: handling req: ClassType(3).Superclass(1)
08:53:03.865 INFO: JdwpDebugServer: handling req: ObjectReference(9).GetValues(2)
08:53:03.865 INFO: JdwpDebugServer: handling req: ClassType(3).Superclass(1)
08:53:03.865 INFO: JdwpDebugServer: handling req: ObjectReference(9).GetValues(2)
08:53:03.866 INFO: JdwpDebugServer: handling req: ObjectReference(9).GetValues(2)
08:53:03.866 INFO: JdwpDebugServer: handling req: ReferenceType(2).FieldsWithGeneric(14)
08:53:03.866 INFO: JdwpDebugServer: handling req: StringReference(10).Value(1)
08:53:03.870 INFO: JdwpDebugServer: handling req: ReferenceType(2).Interfaces(10)
08:53:03.870 INFO: JdwpDebugServer: handling req: ObjectReference(9).GetValues(2)
08:53:03.872 INFO: JdwpDebugServer: handling req: ObjectReference(9).GetValues(2)
08:53:03.872 INFO: JdwpDebugServer: handling req: ObjectReference(9).GetValues(2)
08:53:03.873 INFO: JdwpDebugServer: handling req: ClassType(3).Superclass(1)
08:53:03.873 INFO: JdwpDebugServer: handling req: ObjectReference(9).GetValues(2)
08:53:03.874 INFO: JdwpDebugServer: handling req: ReferenceType(2).FieldsWithGeneric(14)
08:53:03.876 INFO: JdwpDebugServer: handling req: ObjectReference(9).GetValues(2)
08:53:03.877 INFO: JdwpDebugServer: handling req: ReferenceType(2).Interfaces(10)
08:53:03.877 INFO: JdwpDebugServer: handling req: ClassType(3).Superclass(1)
08:53:03.877 INFO: JdwpDebugServer: handling req: ObjectReference(9).GetValues(2)
08:53:03.877 INFO: JdwpDebugServer: handling req: ObjectReference(9).GetValues(2)
08:53:03.879 INFO: JdwpDebugServer: handling req: ObjectReference(9).GetValues(2)
08:53:03.883 INFO: JdwpDebugServer: handling req: ObjectReference(9).GetValues(2)
08:53:03.884 INFO: JdwpDebugServer: handling req: ObjectReference(9).ReferenceType(1)
08:53:03.884 INFO: JdwpDebugServer: handling req: ObjectReference(9).GetValues(2)
08:53:03.885 INFO: JdwpDebugServer: handling req: ReferenceType(2).FieldsWithGeneric(14)
08:53:03.887 INFO: JdwpDebugServer: handling req: ObjectReference(9).GetValues(2)
08:53:03.888 INFO: JdwpDebugServer: handling req: ReferenceType(2).Interfaces(10)
08:53:03.888 INFO: JdwpDebugServer: handling req: ObjectReference(9).GetValues(2)
08:53:03.889 INFO: JdwpDebugServer: handling req: ClassType(3).Superclass(1)
08:53:03.889 INFO: JdwpDebugServer: handling req: ReferenceType(2).FieldsWithGeneric(14)
08:53:03.889 INFO: JdwpDebugServer: handling req: ObjectReference(9).GetValues(2)
08:53:03.892 INFO: JdwpDebugServer: handling req: ReferenceType(2).Interfaces(10)
08:53:03.892 INFO: JdwpDebugServer: handling req: ObjectReference(9).GetValues(2)
08:53:03.894 INFO: JdwpDebugServer: handling req: ClassType(3).Superclass(1)
08:53:03.894 INFO: JdwpDebugServer: handling req: ObjectReference(9).GetValues(2)
08:53:03.897 INFO: JdwpDebugServer: handling req: ObjectReference(9).GetValues(2)
08:53:03.897 INFO: JdwpDebugServer: handling req: ObjectReference(9).GetValues(2)
08:53:03.898 INFO: JdwpDebugServer: handling req: ObjectReference(9).GetValues(2)
08:53:03.898 INFO: JdwpDebugServer: handling req: ObjectReference(9).GetValues(2)
08:53:03.898 INFO: JdwpDebugServer: handling req: ObjectReference(9).GetValues(2)
08:53:03.899 INFO: JdwpDebugServer: handling req: ObjectReference(9).GetValues(2)
08:53:03.899 INFO: JdwpDebugServer: handling req: ObjectReference(9).ReferenceType(1)
08:53:03.899 INFO: JdwpDebugServer: handling req: ObjectReference(9).GetValues(2)
08:53:03.899 INFO: JdwpDebugServer: handling req: ObjectReference(9).GetValues(2)
08:53:03.899 INFO: JdwpDebugServer: handling req: ClassType(3).Superclass(1)
08:53:03.899 INFO: JdwpDebugServer: handling req: ObjectReference(9).GetValues(2)
08:53:03.900 INFO: JdwpDebugServer: handling req: ObjectReference(9).GetValues(2)
08:53:03.900 INFO: JdwpDebugServer: handling req: ObjectReference(9).ReferenceType(1)
08:53:03.900 INFO: JdwpDebugServer: handling req: ObjectReference(9).GetValues(2)
08:53:03.900 INFO: JdwpDebugServer: handling req: ObjectReference(9).GetValues(2)
08:53:03.900 INFO: JdwpDebugServer: handling req: ObjectReference(9).GetValues(2)
08:53:03.900 INFO: JdwpDebugServer: handling req: ObjectReference(9).ReferenceType(1)
08:53:03.901 INFO: JdwpDebugServer: handling req: ObjectReference(9).GetValues(2)
08:53:03.901 INFO: JdwpDebugServer: handling req: StringReference(10).Value(1)
08:53:03.903 INFO: JdwpDebugServer: handling req: ObjectReference(9).ReferenceType(1)
08:53:03.903 INFO: JdwpDebugServer: handling req: ObjectReference(9).GetValues(2)
08:53:03.903 INFO: JdwpDebugServer: handling req: ObjectReference(9).GetValues(2)
08:53:03.904 INFO: JdwpDebugServer: handling req: ObjectReference(9).GetValues(2)
08:53:03.904 INFO: JdwpDebugServer: handling req: ObjectReference(9).GetValues(2)
08:53:03.904 INFO: JdwpDebugServer: handling req: ObjectReference(9).GetValues(2)
08:53:03.905 INFO: JdwpDebugServer: handling req: ObjectReference(9).GetValues(2)
08:53:03.905 INFO: JdwpDebugServer: handling req: ClassType(3).Superclass(1)
08:53:03.905 INFO: JdwpDebugServer: handling req: ObjectReference(9).GetValues(2)
08:53:03.906 INFO: JdwpDebugServer: handling req: ObjectReference(9).GetValues(2)
08:53:03.906 INFO: JdwpDebugServer: handling req: ObjectReference(9).GetValues(2)
08:53:03.907 INFO: JdwpDebugServer: handling req: ObjectReference(9).GetValues(2)
08:53:03.907 INFO: JdwpDebugServer: handling req: ObjectReference(9).GetValues(2)
08:53:03.907 INFO: JdwpDebugServer: handling req: ObjectReference(9).GetValues(2)
08:53:03.908 INFO: JdwpDebugServer: handling req: ObjectReference(9).GetValues(2)
08:53:03.908 INFO: JdwpDebugServer: handling req: ClassType(3).Superclass(1)
08:53:03.908 INFO: JdwpDebugServer: handling req: ObjectReference(9).GetValues(2)
08:53:03.909 INFO: JdwpDebugServer: handling req: ObjectReference(9).GetValues(2)
08:53:03.909 INFO: JdwpDebugServer: handling req: ObjectReference(9).GetValues(2)
08:53:03.909 INFO: JdwpDebugServer: handling req: ObjectReference(9).GetValues(2)
08:53:03.910 INFO: JdwpDebugServer: handling req: ObjectReference(9).GetValues(2)
08:53:03.910 INFO: JdwpDebugServer: handling req: ThreadReference(11).FramesCount(7)
08:53:03.911 INFO: JdwpDebugServer: handling req: ObjectReference(9).GetValues(2)
08:53:03.911 INFO: JdwpDebugServer: handling req: ObjectReference(9).GetValues(2)
08:53:03.912 INFO: JdwpDebugServer: handling req: ObjectReference(9).GetValues(2)
08:53:03.912 INFO: JdwpDebugServer: handling req: ObjectReference(9).GetValues(2)
08:53:03.913 INFO: JdwpDebugServer: handling req: ObjectReference(9).GetValues(2)
08:53:03.913 INFO: JdwpDebugServer: handling req: ObjectReference(9).GetValues(2)
08:53:03.913 INFO: JdwpDebugServer: handling req: ObjectReference(9).GetValues(2)
08:53:03.914 INFO: JdwpDebugServer: handling req: ObjectReference(9).GetValues(2)
08:53:03.914 INFO: JdwpDebugServer: handling req: ObjectReference(9).GetValues(2)
08:53:03.915 INFO: JdwpDebugServer: handling req: ObjectReference(9).GetValues(2)
08:53:03.915 INFO: JdwpDebugServer: handling req: ObjectReference(9).GetValues(2)
08:53:03.915 INFO: JdwpDebugServer: handling req: ObjectReference(9).GetValues(2)
08:53:03.916 INFO: JdwpDebugServer: handling req: ObjectReference(9).GetValues(2)
08:53:03.917 INFO: JdwpDebugServer: handling req: ObjectReference(9).GetValues(2)
08:53:03.917 INFO: JdwpDebugServer: handling req: ObjectReference(9).GetValues(2)
08:53:03.917 INFO: JdwpDebugServer: handling req: ObjectReference(9).GetValues(2)
08:53:03.918 INFO: JdwpDebugServer: handling req: ClassType(3).Superclass(1)
08:53:03.918 INFO: JdwpDebugServer: handling req: ObjectReference(9).GetValues(2)
08:53:03.918 INFO: JdwpDebugServer: handling req: ObjectReference(9).GetValues(2)
08:53:03.919 INFO: JdwpDebugServer: handling req: ObjectReference(9).GetValues(2)
08:53:03.919 INFO: JdwpDebugServer: handling req: ObjectReference(9).GetValues(2)
08:53:03.920 INFO: JdwpDebugServer: handling req: ObjectReference(9).GetValues(2)
08:53:03.921 INFO: JdwpDebugServer: handling req: ObjectReference(9).GetValues(2)
08:53:03.921 INFO: JdwpDebugServer: handling req: ObjectReference(9).GetValues(2)
08:53:03.922 INFO: JdwpDebugServer: handling req: ObjectReference(9).GetValues(2)
08:53:03.922 INFO: JdwpDebugServer: handling req: ObjectReference(9).GetValues(2)
08:53:03.922 INFO: JdwpDebugServer: handling req: ObjectReference(9).GetValues(2)
08:53:03.923 INFO: JdwpDebugServer: handling req: ObjectReference(9).GetValues(2)
08:53:03.923 INFO: JdwpDebugServer: handling req: ObjectReference(9).GetValues(2)
08:53:03.923 INFO: JdwpDebugServer: handling req: ObjectReference(9).GetValues(2)
08:53:03.923 INFO: JdwpDebugServer: handling req: ObjectReference(9).GetValues(2)
08:53:03.924 INFO: JdwpDebugServer: handling req: ClassType(3).Superclass(1)
08:53:03.924 INFO: JdwpDebugServer: handling req: ObjectReference(9).GetValues(2)
08:53:03.924 INFO: JdwpDebugServer: handling req: ObjectReference(9).GetValues(2)
08:53:03.925 INFO: JdwpDebugServer: handling req: ObjectReference(9).GetValues(2)
08:53:03.925 INFO: JdwpDebugServer: handling req: ObjectReference(9).GetValues(2)
08:53:03.925 INFO: JdwpDebugServer: handling req: ObjectReference(9).GetValues(2)
08:53:03.926 INFO: JdwpDebugServer: handling req: ObjectReference(9).GetValues(2)
08:53:03.926 INFO: JdwpDebugServer: handling req: ObjectReference(9).GetValues(2)
08:53:03.927 INFO: JdwpDebugServer: handling req: ClassType(3).Superclass(1)
08:53:03.927 INFO: JdwpDebugServer: handling req: ObjectReference(9).GetValues(2)
08:53:03.927 INFO: JdwpDebugServer: handling req: ObjectReference(9).GetValues(2)
08:53:03.927 INFO: JdwpDebugServer: handling req: ObjectReference(9).GetValues(2)
08:53:03.928 INFO: JdwpDebugServer: handling req: ObjectReference(9).GetValues(2)
08:53:03.928 INFO: JdwpDebugServer: handling req: ObjectReference(9).GetValues(2)
08:53:03.928 INFO: JdwpDebugServer: handling req: ObjectReference(9).GetValues(2)
08:53:03.929 INFO: JdwpDebugServer: handling req: ObjectReference(9).GetValues(2)
08:53:03.929 INFO: JdwpDebugServer: handling req: ClassType(3).Superclass(1)
08:53:03.929 INFO: JdwpDebugServer: handling req: ObjectReference(9).GetValues(2)
08:53:03.930 INFO: JdwpDebugServer: handling req: ObjectReference(9).GetValues(2)
08:53:03.930 INFO: JdwpDebugServer: handling req: ObjectReference(9).GetValues(2)
08:53:03.930 INFO: JdwpDebugServer: handling req: ObjectReference(9).GetValues(2)
08:53:03.930 INFO: JdwpDebugServer: handling req: ObjectReference(9).GetValues(2)
08:53:03.931 INFO: JdwpDebugServer: handling req: Method(6).LineTable(1)
08:53:03.931 INFO: JdwpDebugServer: handling req: StackFrame(16).ThisObject(3)
08:53:03.932 INFO: JdwpDebugServer: handling req: ObjectReference(9).ReferenceType(1)
08:53:03.932 INFO: JdwpDebugServer: handling req: Method(6).LineTable(1)
08:53:03.933 INFO: JdwpDebugServer: handling req: StackFrame(16).ThisObject(3)
08:53:03.933 INFO: JdwpDebugServer: handling req: ObjectReference(9).ReferenceType(1)
08:53:03.933 INFO: JdwpDebugServer: handling req: Method(6).LineTable(1)
08:53:03.934 INFO: JdwpDebugServer: handling req: StackFrame(16).ThisObject(3)
08:53:03.934 INFO: JdwpDebugServer: handling req: ObjectReference(9).ReferenceType(1)
08:53:03.934 INFO: JdwpDebugServer: handling req: Method(6).LineTable(1)
08:53:03.934 INFO: JdwpDebugServer: handling req: ObjectReference(9).GetValues(2)
08:53:03.935 INFO: JdwpDebugServer: handling req: ObjectReference(9).GetValues(2)
08:53:03.935 INFO: JdwpDebugServer: handling req: ObjectReference(9).GetValues(2)
08:53:03.936 INFO: JdwpDebugServer: handling req: ObjectReference(9).GetValues(2)
08:53:03.936 INFO: JdwpDebugServer: handling req: ObjectReference(9).GetValues(2)
08:53:03.936 INFO: JdwpDebugServer: handling req: ObjectReference(9).GetValues(2)
08:53:03.937 INFO: JdwpDebugServer: handling req: ObjectReference(9).GetValues(2)
08:53:03.937 INFO: JdwpDebugServer: handling req: ObjectReference(9).GetValues(2)
08:53:03.937 INFO: JdwpDebugServer: handling req: ObjectReference(9).GetValues(2)
08:53:03.937 INFO: JdwpDebugServer: handling req: ClassType(3).Superclass(1)
08:53:03.938 INFO: JdwpDebugServer: handling req: ObjectReference(9).GetValues(2)
08:53:03.938 INFO: JdwpDebugServer: handling req: ObjectReference(9).GetValues(2)
08:53:03.938 INFO: JdwpDebugServer: handling req: ObjectReference(9).GetValues(2)
08:53:03.938 INFO: JdwpDebugServer: handling req: StringReference(10).Value(1)
08:53:03.939 INFO: JdwpDebugServer: handling req: ObjectReference(9).GetValues(2)
08:53:03.939 INFO: JdwpDebugServer: handling req: ObjectReference(9).GetValues(2)
08:53:03.939 INFO: JdwpDebugServer: handling req: StackFrame(16).ThisObject(3)
08:53:03.940 INFO: JdwpDebugServer: handling req: ObjectReference(9).ReferenceType(1)
08:53:03.940 INFO: JdwpDebugServer: handling req: Method(6).LineTable(1)
08:53:03.940 INFO: JdwpDebugServer: handling req: StackFrame(16).ThisObject(3)
08:53:03.941 INFO: JdwpDebugServer: handling req: ObjectReference(9).ReferenceType(1)
08:53:03.941 INFO: JdwpDebugServer: handling req: Method(6).LineTable(1)
08:53:03.941 INFO: JdwpDebugServer: handling req: Method(6).LineTable(1)
08:53:03.942 INFO: JdwpDebugServer: handling req: ReferenceType(2).SignatureWithGeneric(13)
09:13:24.222 INFO: JdwpDebugServer: handling req: VirtualMachine(1).Exit(10)
09:13:24.223 SEVERE: Debugger: Thread JDWP server socket thread crashed
org.robovm.debugger.DebuggerException: Terminating due exit command
	at org.robovm.debugger.jdwp.JdwpDebugServer.doSocketWork(JdwpDebugServer.java:211)
	at java.base/java.lang.Thread.run(Thread.java:833)
	at org.robovm.debugger.utils.DebuggerThread.run(DebuggerThread.java:42)
09:13:24.770 SEVERE: Debugger: Thread HooksChannel socket thread crashed
org.robovm.debugger.DebuggerException: java.nio.BufferUnderflowException
	at org.robovm.debugger.hooks.HooksChannel.doSocketWork(HooksChannel.java:149)
	at java.base/java.lang.Thread.run(Thread.java:833)
	at org.robovm.debugger.utils.DebuggerThread.run(DebuggerThread.java:42)
Caused by: java.nio.BufferUnderflowException
	at org.robovm.debugger.utils.bytebuffer.DataBufferWriter.writeFromStream(DataBufferWriter.java:91)
	at org.robovm.debugger.hooks.HooksChannel.doSocketWork(HooksChannel.java:116)
	... 2 more
