10:20:16.481 INFO: JdwpEventCenterDelegate: THREAD_STARTED: thread (33, main, main)
10:20:16.550 INFO: JdwpEventCenterDelegate: THREAD_STARTED: thread (48, ReferenceQueueDaemon, main)
10:20:16.551 INFO: JdwpEventCenterDelegate: THREAD_STARTED: thread (63, FinalizerDaemon, main)
10:20:16.552 INFO: JdwpEventCenterDelegate: THREAD_STARTED: thread (78, FinalizerWatchdogDaemon, main)
10:20:18.186 INFO: JdwpDebugServer: handling req: VirtualMachine(1).IDSizes(7)
10:20:18.188 INFO: JdwpDebugServer: handling req: EventRequest(15).Set(1)
10:20:18.189 INFO: JdwpEventCenterDelegate: jdwpSetEventRequest: JdwpEventRequest{requestId=100, eventKind=CLASS_UNLOAD, suspendPolicy=NONE, predicates=[]}
10:20:18.190 INFO: JdwpDebugServer: handling req: EventRequest(15).Set(1)
10:20:18.190 INFO: JdwpEventCenterDelegate: jdwpSetEventRequest: JdwpEventRequest{requestId=101, eventKind=THREAD_START, suspendPolicy=NONE, predicates=[]}
10:20:18.191 INFO: JdwpDebugServer: handling req: VirtualMachine(1).ClassesBySignature(2)
10:20:18.194 INFO: JdwpDebugServer: handling req: VirtualMachine(1).Version(1)
10:20:18.200 INFO: JdwpDebugServer: handling req: ReferenceType(2).MethodsWithGeneric(15)
10:20:18.202 INFO: JdwpDebugServer: handling req: Method(6).LineTable(1)
10:20:18.203 INFO: JdwpDebugServer: handling req: EventRequest(15).Set(1)
10:20:18.204 INFO: JdwpEventCenterDelegate: jdwpSetEventRequest: JdwpEventRequest{requestId=102, eventKind=BREAKPOINT, suspendPolicy=NONE, predicates=[Location{classId=845, methodId=257, index=928} ]}
10:20:18.205 INFO: JdwpDebugServer: handling req: EventRequest(15).Set(1)
10:20:18.206 INFO: JdwpEventCenterDelegate: jdwpSetEventRequest: JdwpEventRequest{requestId=103, eventKind=THREAD_DEATH, suspendPolicy=NONE, predicates=[]}
10:20:18.206 INFO: JdwpDebugServer: handling req: VirtualMachine(1).AllThreads(4)
10:20:18.225 INFO: JdwpDebugServer: handling req: ThreadReference(11).ThreadGroup(5)
10:20:18.225 INFO: JdwpDebugServer: handling req: ThreadGroup(12).Name(1)
10:20:18.225 INFO: JdwpDebugServer: handling req: ThreadGroup(12).Parent(2)
10:20:18.227 INFO: JdwpDebugServer: handling req: ObjectReference(9).ReferenceType(1)
10:20:18.227 INFO: JdwpDebugServer: handling req: ReferenceType(2).FieldsWithGeneric(14)
10:20:18.228 INFO: JdwpDebugServer: handling req: ReferenceType(2).Interfaces(10)
10:20:18.229 INFO: JdwpDebugServer: handling req: ReferenceType(2).FieldsWithGeneric(14)
10:20:18.229 INFO: JdwpDebugServer: handling req: ReferenceType(2).Interfaces(10)
10:20:18.229 INFO: JdwpDebugServer: handling req: ClassType(3).Superclass(1)
10:20:18.229 INFO: JdwpDebugServer: handling req: ReferenceType(2).FieldsWithGeneric(14)
10:20:18.230 INFO: JdwpDebugServer: handling req: ReferenceType(2).Interfaces(10)
10:20:18.230 INFO: JdwpDebugServer: handling req: ClassType(3).Superclass(1)
10:20:18.230 INFO: JdwpDebugServer: handling req: ObjectReference(9).GetValues(2)
10:20:18.231 INFO: JdwpDebugServer: handling req: ThreadReference(11).Status(4)
10:20:18.231 INFO: JdwpDebugServer: handling req: ThreadReference(11).Status(4)
10:20:18.232 INFO: JdwpDebugServer: handling req: ThreadReference(11).ThreadGroup(5)
10:20:18.232 INFO: JdwpDebugServer: handling req: ObjectReference(9).ReferenceType(1)
10:20:18.232 INFO: JdwpDebugServer: handling req: ObjectReference(9).GetValues(2)
10:20:18.233 INFO: JdwpDebugServer: handling req: ThreadReference(11).Status(4)
10:20:18.233 INFO: JdwpDebugServer: handling req: ThreadReference(11).Status(4)
10:20:18.233 INFO: JdwpDebugServer: handling req: ThreadReference(11).ThreadGroup(5)
10:20:18.233 INFO: JdwpDebugServer: handling req: ObjectReference(9).ReferenceType(1)
10:20:18.233 INFO: JdwpDebugServer: handling req: ObjectReference(9).GetValues(2)
10:20:18.234 INFO: JdwpDebugServer: handling req: ThreadReference(11).Status(4)
10:20:18.234 INFO: JdwpDebugServer: handling req: ThreadReference(11).Status(4)
10:20:18.234 INFO: JdwpDebugServer: handling req: ThreadReference(11).ThreadGroup(5)
10:20:18.234 INFO: JdwpDebugServer: handling req: ObjectReference(9).ReferenceType(1)
10:20:18.234 INFO: JdwpDebugServer: handling req: ObjectReference(9).GetValues(2)
10:20:18.235 INFO: JdwpDebugServer: handling req: ThreadReference(11).Status(4)
10:20:18.235 INFO: JdwpDebugServer: handling req: ThreadReference(11).Status(4)
10:20:18.238 INFO: JdwpDebugServer: handling req: EventRequest(15).Set(1)
10:20:18.238 INFO: JdwpEventCenterDelegate: jdwpSetEventRequest: JdwpEventRequest{requestId=104, eventKind=CLASS_PREPARE, suspendPolicy=EVENT_THREAD, predicates=[className=java.lang.Throwable]}
10:20:18.245 INFO: JdwpDebugServer: handling req: EventRequest(15).Set(1)
10:20:18.245 INFO: JdwpEventCenterDelegate: jdwpSetEventRequest: JdwpEventRequest{requestId=105, eventKind=CLASS_PREPARE, suspendPolicy=EVENT_THREAD, predicates=[className=java.lang.Throwable$*]}
10:20:18.246 INFO: JdwpDebugServer: handling req: VirtualMachine(1).ClassesBySignature(2)
10:20:18.247 INFO: JdwpDebugServer: handling req: ReferenceType(2).MethodsWithGeneric(15)
10:20:18.249 INFO: JdwpDebugServer: handling req: Method(6).LineTable(1)
10:20:18.250 INFO: JdwpDebugServer: handling req: Method(6).LineTable(1)
10:20:18.250 INFO: JdwpDebugServer: handling req: Method(6).LineTable(1)
10:20:18.250 INFO: JdwpDebugServer: handling req: Method(6).LineTable(1)
10:20:18.250 INFO: JdwpDebugServer: handling req: Method(6).LineTable(1)
10:20:18.250 INFO: JdwpDebugServer: handling req: Method(6).LineTable(1)
10:20:18.250 INFO: JdwpDebugServer: handling req: Method(6).LineTable(1)
10:20:18.250 INFO: JdwpDebugServer: handling req: Method(6).LineTable(1)
10:20:18.250 INFO: JdwpDebugServer: handling req: Method(6).LineTable(1)
10:20:18.250 INFO: JdwpDebugServer: handling req: Method(6).LineTable(1)
10:20:18.251 INFO: JdwpDebugServer: handling req: Method(6).LineTable(1)
10:20:18.251 INFO: JdwpDebugServer: handling req: Method(6).LineTable(1)
10:20:18.251 INFO: JdwpDebugServer: handling req: Method(6).LineTable(1)
10:20:18.251 INFO: JdwpDebugServer: handling req: Method(6).LineTable(1)
10:20:18.251 INFO: JdwpDebugServer: handling req: Method(6).LineTable(1)
10:20:18.251 INFO: JdwpDebugServer: handling req: Method(6).LineTable(1)
10:20:18.251 INFO: JdwpDebugServer: handling req: Method(6).LineTable(1)
10:20:18.251 INFO: JdwpDebugServer: handling req: Method(6).LineTable(1)
10:20:18.251 INFO: JdwpDebugServer: handling req: Method(6).LineTable(1)
10:20:18.252 INFO: JdwpDebugServer: handling req: Method(6).LineTable(1)
10:20:18.252 INFO: JdwpDebugServer: handling req: Method(6).LineTable(1)
10:20:18.252 INFO: JdwpDebugServer: handling req: Method(6).LineTable(1)
10:20:18.252 INFO: JdwpDebugServer: handling req: Method(6).LineTable(1)
10:20:18.253 INFO: JdwpDebugServer: handling req: Method(6).LineTable(1)
10:20:18.253 INFO: JdwpDebugServer: handling req: VirtualMachine(1).ClassesBySignature(2)
10:20:18.253 INFO: JdwpDebugServer: handling req: VirtualMachine(1).AllClassesWithGeneric(20)
10:20:18.268 INFO: JdwpDebugServer: handling req: EventRequest(15).Set(1)
10:20:18.268 INFO: JdwpEventCenterDelegate: jdwpSetEventRequest: JdwpEventRequest{requestId=106, eventKind=CLASS_PREPARE, suspendPolicy=EVENT_THREAD, predicates=[className=com.badlogic.gdx.utils.ScreenUtils]}
10:20:18.274 INFO: JdwpDebugServer: handling req: EventRequest(15).Set(1)
10:20:18.274 INFO: JdwpEventCenterDelegate: jdwpSetEventRequest: JdwpEventRequest{requestId=107, eventKind=CLASS_PREPARE, suspendPolicy=EVENT_THREAD, predicates=[className=com.badlogic.gdx.utils.ScreenUtils$*]}
10:20:18.277 INFO: JdwpDebugServer: handling req: VirtualMachine(1).ClassesBySignature(2)
10:20:18.277 INFO: JdwpDebugServer: handling req: ReferenceType(2).MethodsWithGeneric(15)
10:20:18.277 INFO: JdwpDebugServer: handling req: Method(6).LineTable(1)
10:20:18.277 INFO: JdwpDebugServer: handling req: Method(6).LineTable(1)
10:20:18.278 INFO: JdwpDebugServer: handling req: Method(6).LineTable(1)
10:20:18.278 INFO: JdwpDebugServer: handling req: Method(6).LineTable(1)
10:20:18.278 INFO: JdwpDebugServer: handling req: Method(6).LineTable(1)
10:20:18.278 INFO: JdwpDebugServer: handling req: Method(6).LineTable(1)
10:20:18.278 INFO: JdwpDebugServer: handling req: Method(6).LineTable(1)
10:20:18.279 INFO: JdwpDebugServer: handling req: Method(6).LineTable(1)
10:20:18.279 INFO: JdwpDebugServer: handling req: Method(6).LineTable(1)
10:20:18.279 INFO: JdwpDebugServer: handling req: Method(6).LineTable(1)
10:20:18.282 INFO: JdwpDebugServer: handling req: EventRequest(15).Set(1)
10:20:18.282 INFO: JdwpEventCenterDelegate: jdwpSetEventRequest: JdwpEventRequest{requestId=108, eventKind=BREAKPOINT, suspendPolicy=EVENT_THREAD, predicates=[Location{classId=22240, methodId=1272, index=89} ]}
10:20:18.287 INFO: JdwpDebugServer: handling req: EventRequest(15).Set(1)
10:20:18.287 INFO: JdwpEventCenterDelegate: jdwpSetEventRequest: JdwpEventRequest{requestId=109, eventKind=CLASS_PREPARE, suspendPolicy=EVENT_THREAD, predicates=[className=com.badlogic.gdx.utils.ScreenUtils]}
10:20:18.289 INFO: JdwpDebugServer: handling req: EventRequest(15).Set(1)
10:20:18.289 INFO: JdwpEventCenterDelegate: jdwpSetEventRequest: JdwpEventRequest{requestId=110, eventKind=CLASS_PREPARE, suspendPolicy=EVENT_THREAD, predicates=[className=com.badlogic.gdx.utils.ScreenUtils$*]}
10:20:18.290 INFO: JdwpDebugServer: handling req: VirtualMachine(1).ClassesBySignature(2)
10:20:18.290 INFO: JdwpDebugServer: handling req: EventRequest(15).Set(1)
10:20:18.291 INFO: JdwpEventCenterDelegate: jdwpSetEventRequest: JdwpEventRequest{requestId=111, eventKind=BREAKPOINT, suspendPolicy=EVENT_THREAD, predicates=[Location{classId=22240, methodId=1267, index=72} ]}
10:20:18.291 INFO: JdwpDebugServer: handling req: EventRequest(15).Set(1)
10:20:18.291 INFO: JdwpEventCenterDelegate: jdwpSetEventRequest: JdwpEventRequest{requestId=112, eventKind=CLASS_PREPARE, suspendPolicy=EVENT_THREAD, predicates=[className=com.badlogic.gdx.graphics.g2d.PolygonSpriteBatch]}
10:20:18.292 INFO: JdwpDebugServer: handling req: EventRequest(15).Set(1)
10:20:18.292 INFO: JdwpEventCenterDelegate: jdwpSetEventRequest: JdwpEventRequest{requestId=113, eventKind=CLASS_PREPARE, suspendPolicy=EVENT_THREAD, predicates=[className=com.badlogic.gdx.graphics.g2d.PolygonSpriteBatch$*]}
10:20:18.293 INFO: JdwpDebugServer: handling req: VirtualMachine(1).ClassesBySignature(2)
10:20:18.293 INFO: JdwpDebugServer: handling req: ReferenceType(2).MethodsWithGeneric(15)
10:20:18.293 INFO: JdwpDebugServer: handling req: Method(6).LineTable(1)
10:20:18.293 INFO: JdwpDebugServer: handling req: Method(6).LineTable(1)
10:20:18.293 INFO: JdwpDebugServer: handling req: Method(6).LineTable(1)
10:20:18.294 INFO: JdwpDebugServer: handling req: Method(6).LineTable(1)
10:20:18.294 INFO: JdwpDebugServer: handling req: Method(6).LineTable(1)
10:20:18.294 INFO: JdwpDebugServer: handling req: Method(6).LineTable(1)
10:20:18.294 INFO: JdwpDebugServer: handling req: Method(6).LineTable(1)
10:20:18.294 INFO: JdwpDebugServer: handling req: Method(6).LineTable(1)
10:20:18.294 INFO: JdwpDebugServer: handling req: Method(6).LineTable(1)
10:20:18.294 INFO: JdwpDebugServer: handling req: Method(6).LineTable(1)
10:20:18.294 INFO: JdwpDebugServer: handling req: Method(6).LineTable(1)
10:20:18.295 INFO: JdwpDebugServer: handling req: Method(6).LineTable(1)
10:20:18.295 INFO: JdwpDebugServer: handling req: Method(6).LineTable(1)
10:20:18.295 INFO: JdwpDebugServer: handling req: Method(6).LineTable(1)
10:20:18.295 INFO: JdwpDebugServer: handling req: Method(6).LineTable(1)
10:20:18.295 INFO: JdwpDebugServer: handling req: Method(6).LineTable(1)
10:20:18.295 INFO: JdwpDebugServer: handling req: Method(6).LineTable(1)
10:20:18.295 INFO: JdwpDebugServer: handling req: Method(6).LineTable(1)
10:20:18.295 INFO: JdwpDebugServer: handling req: Method(6).LineTable(1)
10:20:18.295 INFO: JdwpDebugServer: handling req: Method(6).LineTable(1)
10:20:18.296 INFO: JdwpDebugServer: handling req: Method(6).LineTable(1)
10:20:18.296 INFO: JdwpDebugServer: handling req: Method(6).LineTable(1)
10:20:18.296 INFO: JdwpDebugServer: handling req: Method(6).LineTable(1)
10:20:18.296 INFO: JdwpDebugServer: handling req: Method(6).LineTable(1)
10:20:18.296 INFO: JdwpDebugServer: handling req: Method(6).LineTable(1)
10:20:18.296 INFO: JdwpDebugServer: handling req: Method(6).LineTable(1)
10:20:18.296 INFO: JdwpDebugServer: handling req: Method(6).LineTable(1)
10:20:18.296 INFO: JdwpDebugServer: handling req: Method(6).LineTable(1)
10:20:18.296 INFO: JdwpDebugServer: handling req: Method(6).LineTable(1)
10:20:18.296 INFO: JdwpDebugServer: handling req: Method(6).LineTable(1)
10:20:18.296 INFO: JdwpDebugServer: handling req: Method(6).LineTable(1)
10:20:18.297 INFO: JdwpDebugServer: handling req: Method(6).LineTable(1)
10:20:18.297 INFO: JdwpDebugServer: handling req: Method(6).LineTable(1)
10:20:18.297 INFO: JdwpDebugServer: handling req: Method(6).LineTable(1)
10:20:18.297 INFO: JdwpDebugServer: handling req: Method(6).LineTable(1)
10:20:18.297 INFO: JdwpDebugServer: handling req: Method(6).LineTable(1)
10:20:18.297 INFO: JdwpDebugServer: handling req: Method(6).LineTable(1)
10:20:18.297 INFO: JdwpDebugServer: handling req: Method(6).LineTable(1)
10:20:18.298 INFO: JdwpDebugServer: handling req: Method(6).LineTable(1)
10:20:18.298 INFO: JdwpDebugServer: handling req: Method(6).LineTable(1)
10:20:18.298 INFO: JdwpDebugServer: handling req: Method(6).LineTable(1)
10:20:18.298 INFO: JdwpDebugServer: handling req: Method(6).LineTable(1)
10:20:18.298 INFO: JdwpDebugServer: handling req: Method(6).LineTable(1)
10:20:18.298 INFO: JdwpDebugServer: handling req: Method(6).LineTable(1)
10:20:18.298 INFO: JdwpDebugServer: handling req: Method(6).LineTable(1)
10:20:18.298 INFO: JdwpDebugServer: handling req: Method(6).LineTable(1)
10:20:18.298 INFO: JdwpDebugServer: handling req: Method(6).LineTable(1)
10:20:18.298 INFO: JdwpDebugServer: handling req: EventRequest(15).Set(1)
10:20:18.298 INFO: JdwpEventCenterDelegate: jdwpSetEventRequest: JdwpEventRequest{requestId=114, eventKind=BREAKPOINT, suspendPolicy=EVENT_THREAD, predicates=[Location{classId=15500, methodId=1307, index=142} ]}
10:20:18.299 INFO: JdwpDebugServer: handling req: EventRequest(15).Set(1)
10:20:18.299 INFO: JdwpEventCenterDelegate: jdwpSetEventRequest: JdwpEventRequest{requestId=115, eventKind=CLASS_PREPARE, suspendPolicy=EVENT_THREAD, predicates=[className=com.badlogic.gdx.graphics.g2d.SpriteBatch]}
10:20:18.300 INFO: JdwpDebugServer: handling req: EventRequest(15).Set(1)
10:20:18.300 INFO: JdwpEventCenterDelegate: jdwpSetEventRequest: JdwpEventRequest{requestId=116, eventKind=CLASS_PREPARE, suspendPolicy=EVENT_THREAD, predicates=[className=com.badlogic.gdx.graphics.g2d.SpriteBatch$*]}
10:20:18.300 INFO: JdwpDebugServer: handling req: VirtualMachine(1).ClassesBySignature(2)
10:20:18.301 INFO: JdwpDebugServer: handling req: ReferenceType(2).MethodsWithGeneric(15)
10:20:18.301 INFO: JdwpDebugServer: handling req: Method(6).LineTable(1)
10:20:18.301 INFO: JdwpDebugServer: handling req: Method(6).LineTable(1)
10:20:18.301 INFO: JdwpDebugServer: handling req: Method(6).LineTable(1)
10:20:18.301 INFO: JdwpDebugServer: handling req: Method(6).LineTable(1)
10:20:18.301 INFO: JdwpDebugServer: handling req: Method(6).LineTable(1)
10:20:18.301 INFO: JdwpDebugServer: handling req: Method(6).LineTable(1)
10:20:18.302 INFO: JdwpDebugServer: handling req: Method(6).LineTable(1)
10:20:18.302 INFO: JdwpDebugServer: handling req: Method(6).LineTable(1)
10:20:18.302 INFO: JdwpDebugServer: handling req: Method(6).LineTable(1)
10:20:18.302 INFO: JdwpDebugServer: handling req: Method(6).LineTable(1)
10:20:18.302 INFO: JdwpDebugServer: handling req: Method(6).LineTable(1)
10:20:18.302 INFO: JdwpDebugServer: handling req: Method(6).LineTable(1)
10:20:18.302 INFO: JdwpDebugServer: handling req: Method(6).LineTable(1)
10:20:18.302 INFO: JdwpDebugServer: handling req: Method(6).LineTable(1)
10:20:18.302 INFO: JdwpDebugServer: handling req: Method(6).LineTable(1)
10:20:18.302 INFO: JdwpDebugServer: handling req: Method(6).LineTable(1)
10:20:18.302 INFO: JdwpDebugServer: handling req: Method(6).LineTable(1)
10:20:18.302 INFO: JdwpDebugServer: handling req: Method(6).LineTable(1)
10:20:18.302 INFO: JdwpDebugServer: handling req: Method(6).LineTable(1)
10:20:18.303 INFO: JdwpDebugServer: handling req: Method(6).LineTable(1)
10:20:18.303 INFO: JdwpDebugServer: handling req: Method(6).LineTable(1)
10:20:18.303 INFO: JdwpDebugServer: handling req: Method(6).LineTable(1)
10:20:18.303 INFO: JdwpDebugServer: handling req: Method(6).LineTable(1)
10:20:18.303 INFO: JdwpDebugServer: handling req: Method(6).LineTable(1)
10:20:18.303 INFO: JdwpDebugServer: handling req: Method(6).LineTable(1)
10:20:18.303 INFO: JdwpDebugServer: handling req: Method(6).LineTable(1)
10:20:18.303 INFO: JdwpDebugServer: handling req: Method(6).LineTable(1)
10:20:18.303 INFO: JdwpDebugServer: handling req: Method(6).LineTable(1)
10:20:18.303 INFO: JdwpDebugServer: handling req: Method(6).LineTable(1)
10:20:18.303 INFO: JdwpDebugServer: handling req: Method(6).LineTable(1)
10:20:18.304 INFO: JdwpDebugServer: handling req: Method(6).LineTable(1)
10:20:18.304 INFO: JdwpDebugServer: handling req: Method(6).LineTable(1)
10:20:18.304 INFO: JdwpDebugServer: handling req: Method(6).LineTable(1)
10:20:18.304 INFO: JdwpDebugServer: handling req: Method(6).LineTable(1)
10:20:18.304 INFO: JdwpDebugServer: handling req: Method(6).LineTable(1)
10:20:18.304 INFO: JdwpDebugServer: handling req: Method(6).LineTable(1)
10:20:18.304 INFO: JdwpDebugServer: handling req: Method(6).LineTable(1)
10:20:18.304 INFO: JdwpDebugServer: handling req: Method(6).LineTable(1)
10:20:18.304 INFO: JdwpDebugServer: handling req: Method(6).LineTable(1)
10:20:18.304 INFO: JdwpDebugServer: handling req: Method(6).LineTable(1)
10:20:18.304 INFO: JdwpDebugServer: handling req: Method(6).LineTable(1)
10:20:18.305 INFO: JdwpDebugServer: handling req: Method(6).LineTable(1)
10:20:18.305 INFO: JdwpDebugServer: handling req: Method(6).LineTable(1)
10:20:18.305 INFO: JdwpDebugServer: handling req: Method(6).LineTable(1)
10:20:18.305 INFO: JdwpDebugServer: handling req: EventRequest(15).Set(1)
10:20:18.305 INFO: JdwpEventCenterDelegate: jdwpSetEventRequest: JdwpEventRequest{requestId=117, eventKind=BREAKPOINT, suspendPolicy=EVENT_THREAD, predicates=[Location{classId=18040, methodId=1542, index=163} ]}
10:20:18.306 INFO: JdwpDebugServer: handling req: EventRequest(15).Set(1)
10:20:18.306 INFO: JdwpEventCenterDelegate: jdwpSetEventRequest: JdwpEventRequest{requestId=118, eventKind=CLASS_PREPARE, suspendPolicy=EVENT_THREAD, predicates=[className=com.abdalla.bushnaq.pluvia.engine.RenderEngine]}
10:20:18.308 INFO: JdwpDebugServer: handling req: EventRequest(15).Set(1)
10:20:18.308 INFO: JdwpEventCenterDelegate: jdwpSetEventRequest: JdwpEventRequest{requestId=119, eventKind=CLASS_PREPARE, suspendPolicy=EVENT_THREAD, predicates=[className=com.abdalla.bushnaq.pluvia.engine.RenderEngine$*]}
10:20:18.308 INFO: JdwpDebugServer: handling req: VirtualMachine(1).ClassesBySignature(2)
10:20:18.308 INFO: JdwpDebugServer: handling req: ReferenceType(2).MethodsWithGeneric(15)
10:20:18.309 INFO: JdwpDebugServer: handling req: Method(6).LineTable(1)
10:20:18.309 INFO: JdwpDebugServer: handling req: Method(6).LineTable(1)
10:20:18.309 INFO: JdwpDebugServer: handling req: Method(6).LineTable(1)
10:20:18.310 INFO: JdwpDebugServer: handling req: Method(6).LineTable(1)
10:20:18.310 INFO: JdwpDebugServer: handling req: Method(6).LineTable(1)
10:20:18.310 INFO: JdwpDebugServer: handling req: Method(6).LineTable(1)
10:20:18.310 INFO: JdwpDebugServer: handling req: Method(6).LineTable(1)
10:20:18.310 INFO: JdwpDebugServer: handling req: Method(6).LineTable(1)
10:20:18.310 INFO: JdwpDebugServer: handling req: Method(6).LineTable(1)
10:20:18.311 INFO: JdwpDebugServer: handling req: Method(6).LineTable(1)
10:20:18.311 INFO: JdwpDebugServer: handling req: Method(6).LineTable(1)
10:20:18.311 INFO: JdwpDebugServer: handling req: Method(6).LineTable(1)
10:20:18.311 INFO: JdwpDebugServer: handling req: Method(6).LineTable(1)
10:20:18.311 INFO: JdwpDebugServer: handling req: Method(6).LineTable(1)
10:20:18.311 INFO: JdwpDebugServer: handling req: Method(6).LineTable(1)
10:20:18.312 INFO: JdwpDebugServer: handling req: Method(6).LineTable(1)
10:20:18.312 INFO: JdwpDebugServer: handling req: Method(6).LineTable(1)
10:20:18.312 INFO: JdwpDebugServer: handling req: Method(6).LineTable(1)
10:20:18.312 INFO: JdwpDebugServer: handling req: Method(6).LineTable(1)
10:20:18.312 INFO: JdwpDebugServer: handling req: Method(6).LineTable(1)
10:20:18.312 INFO: JdwpDebugServer: handling req: Method(6).LineTable(1)
10:20:18.313 INFO: JdwpDebugServer: handling req: Method(6).LineTable(1)
10:20:18.313 INFO: JdwpDebugServer: handling req: Method(6).LineTable(1)
10:20:18.313 INFO: JdwpDebugServer: handling req: Method(6).LineTable(1)
10:20:18.313 INFO: JdwpDebugServer: handling req: Method(6).LineTable(1)
10:20:18.313 INFO: JdwpDebugServer: handling req: Method(6).LineTable(1)
10:20:18.313 INFO: JdwpDebugServer: handling req: Method(6).LineTable(1)
10:20:18.313 INFO: JdwpDebugServer: handling req: Method(6).LineTable(1)
10:20:18.313 INFO: JdwpDebugServer: handling req: Method(6).LineTable(1)
10:20:18.313 INFO: JdwpDebugServer: handling req: Method(6).LineTable(1)
10:20:18.313 INFO: JdwpDebugServer: handling req: Method(6).LineTable(1)
10:20:18.314 INFO: JdwpDebugServer: handling req: Method(6).LineTable(1)
10:20:18.314 INFO: JdwpDebugServer: handling req: Method(6).LineTable(1)
10:20:18.314 INFO: JdwpDebugServer: handling req: Method(6).LineTable(1)
10:20:18.314 INFO: JdwpDebugServer: handling req: Method(6).LineTable(1)
10:20:18.314 INFO: JdwpDebugServer: handling req: Method(6).LineTable(1)
10:20:18.314 INFO: JdwpDebugServer: handling req: Method(6).LineTable(1)
10:20:18.314 INFO: JdwpDebugServer: handling req: Method(6).LineTable(1)
10:20:18.314 INFO: JdwpDebugServer: handling req: Method(6).LineTable(1)
10:20:18.314 INFO: JdwpDebugServer: handling req: Method(6).LineTable(1)
10:20:18.314 INFO: JdwpDebugServer: handling req: Method(6).LineTable(1)
10:20:18.314 INFO: JdwpDebugServer: handling req: Method(6).LineTable(1)
10:20:18.314 INFO: JdwpDebugServer: handling req: Method(6).LineTable(1)
10:20:18.315 INFO: JdwpDebugServer: handling req: Method(6).LineTable(1)
10:20:18.315 INFO: JdwpDebugServer: handling req: Method(6).LineTable(1)
10:20:18.315 INFO: JdwpDebugServer: handling req: Method(6).LineTable(1)
10:20:18.315 INFO: JdwpDebugServer: handling req: Method(6).LineTable(1)
10:20:18.315 INFO: JdwpDebugServer: handling req: Method(6).LineTable(1)
10:20:18.315 INFO: JdwpDebugServer: handling req: Method(6).LineTable(1)
10:20:18.315 INFO: JdwpDebugServer: handling req: Method(6).LineTable(1)
10:20:18.315 INFO: JdwpDebugServer: handling req: Method(6).LineTable(1)
10:20:18.315 INFO: JdwpDebugServer: handling req: Method(6).LineTable(1)
10:20:18.315 INFO: JdwpDebugServer: handling req: Method(6).LineTable(1)
10:20:18.315 INFO: JdwpDebugServer: handling req: Method(6).LineTable(1)
10:20:18.316 INFO: JdwpDebugServer: handling req: Method(6).LineTable(1)
10:20:18.316 INFO: JdwpDebugServer: handling req: Method(6).LineTable(1)
10:20:18.316 INFO: JdwpDebugServer: handling req: Method(6).LineTable(1)
10:20:18.316 INFO: JdwpDebugServer: handling req: Method(6).LineTable(1)
10:20:18.316 INFO: JdwpDebugServer: handling req: Method(6).LineTable(1)
10:20:18.316 INFO: JdwpDebugServer: handling req: Method(6).LineTable(1)
10:20:18.316 INFO: JdwpDebugServer: handling req: Method(6).LineTable(1)
10:20:18.316 INFO: JdwpDebugServer: handling req: Method(6).LineTable(1)
10:20:18.316 INFO: JdwpDebugServer: handling req: Method(6).LineTable(1)
10:20:18.316 INFO: JdwpDebugServer: handling req: Method(6).LineTable(1)
10:20:18.316 INFO: JdwpDebugServer: handling req: Method(6).LineTable(1)
10:20:18.317 INFO: JdwpDebugServer: handling req: Method(6).LineTable(1)
10:20:18.317 INFO: JdwpDebugServer: handling req: Method(6).LineTable(1)
10:20:18.317 INFO: JdwpDebugServer: handling req: Method(6).LineTable(1)
10:20:18.317 INFO: JdwpDebugServer: handling req: Method(6).LineTable(1)
10:20:18.317 INFO: JdwpDebugServer: handling req: Method(6).LineTable(1)
10:20:18.317 INFO: JdwpDebugServer: handling req: Method(6).LineTable(1)
10:20:18.317 INFO: JdwpDebugServer: handling req: Method(6).LineTable(1)
10:20:18.317 INFO: JdwpDebugServer: handling req: Method(6).LineTable(1)
10:20:18.317 INFO: JdwpDebugServer: handling req: Method(6).LineTable(1)
10:20:18.317 INFO: JdwpDebugServer: handling req: Method(6).LineTable(1)
10:20:18.317 INFO: JdwpDebugServer: handling req: Method(6).LineTable(1)
10:20:18.318 INFO: JdwpDebugServer: handling req: Method(6).LineTable(1)
10:20:18.318 INFO: JdwpDebugServer: handling req: Method(6).LineTable(1)
10:20:18.318 INFO: JdwpDebugServer: handling req: Method(6).LineTable(1)
10:20:18.318 INFO: JdwpDebugServer: handling req: Method(6).LineTable(1)
10:20:18.318 INFO: JdwpDebugServer: handling req: Method(6).LineTable(1)
10:20:18.318 INFO: JdwpDebugServer: handling req: Method(6).LineTable(1)
10:20:18.318 INFO: JdwpDebugServer: handling req: Method(6).LineTable(1)
10:20:18.318 INFO: JdwpDebugServer: handling req: Method(6).LineTable(1)
10:20:18.318 INFO: JdwpDebugServer: handling req: Method(6).LineTable(1)
10:20:18.318 INFO: JdwpDebugServer: handling req: Method(6).LineTable(1)
10:20:18.318 INFO: JdwpDebugServer: handling req: Method(6).LineTable(1)
10:20:18.319 INFO: JdwpDebugServer: handling req: Method(6).LineTable(1)
10:20:18.319 INFO: JdwpDebugServer: handling req: Method(6).LineTable(1)
10:20:18.319 INFO: JdwpDebugServer: handling req: Method(6).LineTable(1)
10:20:18.319 INFO: JdwpDebugServer: handling req: Method(6).LineTable(1)
10:20:18.319 INFO: JdwpDebugServer: handling req: Method(6).LineTable(1)
10:20:18.319 INFO: JdwpDebugServer: handling req: Method(6).LineTable(1)
10:20:18.319 INFO: JdwpDebugServer: handling req: Method(6).LineTable(1)
10:20:18.319 INFO: JdwpDebugServer: handling req: Method(6).LineTable(1)
10:20:18.319 INFO: JdwpDebugServer: handling req: Method(6).LineTable(1)
10:20:18.319 INFO: JdwpDebugServer: handling req: Method(6).LineTable(1)
10:20:18.319 INFO: JdwpDebugServer: handling req: Method(6).LineTable(1)
10:20:18.320 INFO: JdwpDebugServer: handling req: Method(6).LineTable(1)
10:20:18.320 INFO: JdwpDebugServer: handling req: EventRequest(15).Set(1)
10:20:18.320 INFO: JdwpEventCenterDelegate: jdwpSetEventRequest: JdwpEventRequest{requestId=120, eventKind=BREAKPOINT, suspendPolicy=EVENT_THREAD, predicates=[Location{classId=22075, methodId=1842, index=452} ]}
10:20:18.320 INFO: JdwpDebugServer: handling req: EventRequest(15).Set(1)
10:20:18.320 INFO: JdwpEventCenterDelegate: jdwpSetEventRequest: JdwpEventRequest{requestId=121, eventKind=CLASS_PREPARE, suspendPolicy=EVENT_THREAD, predicates=[className=com.badlogic.gdx.graphics.g2d.PolygonSpriteBatch]}
10:20:18.321 INFO: JdwpDebugServer: handling req: EventRequest(15).Set(1)
10:20:18.321 INFO: JdwpEventCenterDelegate: jdwpSetEventRequest: JdwpEventRequest{requestId=122, eventKind=CLASS_PREPARE, suspendPolicy=EVENT_THREAD, predicates=[className=com.badlogic.gdx.graphics.g2d.PolygonSpriteBatch$*]}
10:20:18.322 INFO: JdwpDebugServer: handling req: VirtualMachine(1).ClassesBySignature(2)
10:20:18.323 INFO: JdwpDebugServer: handling req: EventRequest(15).Set(1)
10:20:18.323 INFO: JdwpEventCenterDelegate: jdwpSetEventRequest: JdwpEventRequest{requestId=123, eventKind=BREAKPOINT, suspendPolicy=EVENT_THREAD, predicates=[Location{classId=15500, methodId=1307, index=141} ]}
10:20:18.323 INFO: JdwpDebugServer: handling req: EventRequest(15).Set(1)
10:20:18.323 INFO: JdwpEventCenterDelegate: jdwpSetEventRequest: JdwpEventRequest{requestId=124, eventKind=CLASS_PREPARE, suspendPolicy=EVENT_THREAD, predicates=[className=com.scottlogic.util.ShaderCompatibilityHelper]}
10:20:18.324 INFO: JdwpDebugServer: handling req: EventRequest(15).Set(1)
10:20:18.324 INFO: JdwpEventCenterDelegate: jdwpSetEventRequest: JdwpEventRequest{requestId=125, eventKind=CLASS_PREPARE, suspendPolicy=EVENT_THREAD, predicates=[className=com.scottlogic.util.ShaderCompatibilityHelper$*]}
10:20:18.325 INFO: JdwpDebugServer: handling req: VirtualMachine(1).ClassesBySignature(2)
10:20:18.325 INFO: JdwpDebugServer: handling req: ReferenceType(2).MethodsWithGeneric(15)
10:20:18.325 INFO: JdwpDebugServer: handling req: Method(6).LineTable(1)
10:20:18.325 INFO: JdwpDebugServer: handling req: Method(6).LineTable(1)
10:20:18.326 INFO: JdwpDebugServer: handling req: Method(6).LineTable(1)
10:20:18.326 INFO: JdwpDebugServer: handling req: Method(6).LineTable(1)
10:20:18.326 INFO: JdwpDebugServer: handling req: Method(6).LineTable(1)
10:20:18.326 INFO: JdwpDebugServer: handling req: Method(6).LineTable(1)
10:20:18.326 INFO: JdwpDebugServer: handling req: Method(6).LineTable(1)
10:20:18.327 INFO: JdwpDebugServer: handling req: EventRequest(15).Set(1)
10:20:18.327 INFO: JdwpEventCenterDelegate: jdwpSetEventRequest: JdwpEventRequest{requestId=126, eventKind=BREAKPOINT, suspendPolicy=EVENT_THREAD, predicates=[Location{classId=29075, methodId=2262, index=70} ]}
10:20:18.328 INFO: JdwpDebugServer: handling req: VirtualMachine(1).capabilitiesNew(17)
10:20:18.336 INFO: JdwpDebugServer: handling req: EventRequest(15).Set(1)
10:20:18.336 INFO: JdwpEventCenterDelegate: jdwpSetEventRequest: JdwpEventRequest{requestId=127, eventKind=CLASS_PREPARE, suspendPolicy=EVENT_THREAD, predicates=[className=java.lang.Error]}
10:20:18.337 INFO: JdwpDebugServer: handling req: EventRequest(15).Set(1)
10:20:18.337 INFO: JdwpEventCenterDelegate: jdwpSetEventRequest: JdwpEventRequest{requestId=128, eventKind=CLASS_PREPARE, suspendPolicy=EVENT_THREAD, predicates=[className=java.lang.Error$*]}
10:20:18.338 INFO: JdwpDebugServer: handling req: VirtualMachine(1).ClassesBySignature(2)
10:20:18.348 INFO: JdwpDebugServer: handling req: EventRequest(15).Set(1)
10:20:18.348 INFO: JdwpEventCenterDelegate: jdwpSetEventRequest: JdwpEventRequest{requestId=129, eventKind=EXCEPTION, suspendPolicy=EVENT_THREAD, predicates=[exceptionType=3425(caught=true, uncaught=true)]}
10:20:18.393 INFO: JdwpDebugServer: handling req: EventRequest(15).Set(1)
10:20:18.396 INFO: JdwpEventCenterDelegate: jdwpSetEventRequest: JdwpEventRequest{requestId=130, eventKind=CLASS_PREPARE, suspendPolicy=EVENT_THREAD, predicates=[className=java.lang.Throwable]}
10:20:18.397 INFO: JdwpDebugServer: handling req: EventRequest(15).Set(1)
10:20:18.397 INFO: JdwpEventCenterDelegate: jdwpSetEventRequest: JdwpEventRequest{requestId=131, eventKind=CLASS_PREPARE, suspendPolicy=EVENT_THREAD, predicates=[className=java.lang.Throwable$*]}
10:20:18.398 INFO: JdwpDebugServer: handling req: VirtualMachine(1).ClassesBySignature(2)
10:20:18.399 INFO: JdwpDebugServer: handling req: EventRequest(15).Set(1)
10:20:18.399 INFO: JdwpEventCenterDelegate: jdwpSetEventRequest: JdwpEventRequest{requestId=132, eventKind=EXCEPTION, suspendPolicy=EVENT_THREAD, predicates=[exceptionType=7695(caught=false, uncaught=true)]}
10:20:18.403 INFO: JdwpDebugServer: handling req: ThreadReference(11).SuspendCount(12)
10:20:18.403 INFO: JdwpDebugServer: handling req: ThreadReference(11).SuspendCount(12)
10:20:18.404 INFO: JdwpDebugServer: handling req: ThreadReference(11).SuspendCount(12)
10:20:18.404 INFO: JdwpDebugServer: handling req: ThreadReference(11).SuspendCount(12)
10:20:18.404 INFO: JdwpDebugServer: handling req: VirtualMachine(1).AllThreads(4)
10:20:18.404 INFO: JdwpDebugServer: handling req: VirtualMachine(1).Resume(9)
10:20:18.480 INFO: JdwpEventCenterDelegate: THREAD_RESUMED: thread (33, main, main)
10:20:18.481 INFO: JdwpEventCenterDelegate: THREAD_RESUMED: thread (33, main, main)
10:20:18.481 INFO: JdwpEventCenterDelegate: THREAD_RESUMED: thread (33, main, main)
10:20:18.482 INFO: JdwpEventCenterDelegate: THREAD_RESUMED: thread (33, main, main)
10:20:18.482 INFO: JdwpEventCenterDelegate: THREAD_RESUMED: thread (33, main, main)
10:20:18.482 INFO: JdwpEventCenterDelegate: THREAD_RESUMED: thread (33, main, main)
10:20:18.483 INFO: JdwpEventCenterDelegate: THREAD_RESUMED: thread (33, main, main)
10:20:18.484 INFO: JdwpEventCenterDelegate: THREAD_RESUMED: thread (33, main, main)
10:20:18.485 INFO: JdwpEventCenterDelegate: THREAD_RESUMED: thread (33, main, main)
10:20:18.485 INFO: JdwpEventCenterDelegate: THREAD_RESUMED: thread (33, main, main)
10:20:18.486 INFO: JdwpEventCenterDelegate: THREAD_RESUMED: thread (33, main, main)
10:20:18.491 INFO: JdwpEventCenterDelegate: THREAD_RESUMED: thread (33, main, main)
10:20:18.491 INFO: JdwpEventCenterDelegate: THREAD_RESUMED: thread (33, main, main)
10:20:18.491 INFO: JdwpEventCenterDelegate: THREAD_RESUMED: thread (33, main, main)
10:20:18.554 INFO: JdwpEventCenterDelegate: THREAD_RESUMED: thread (33, main, main)
10:20:18.555 INFO: JdwpEventCenterDelegate: THREAD_RESUMED: thread (33, main, main)
10:20:18.555 INFO: JdwpEventCenterDelegate: THREAD_RESUMED: thread (33, main, main)
10:20:18.562 INFO: JdwpEventCenterDelegate: THREAD_RESUMED: thread (33, main, main)
10:20:18.562 INFO: JdwpEventCenterDelegate: THREAD_RESUMED: thread (33, main, main)
10:20:18.563 INFO: JdwpEventCenterDelegate: THREAD_RESUMED: thread (33, main, main)
10:20:18.830 INFO: JdwpEventCenterDelegate: THREAD_RESUMED: thread (33, main, main)
10:20:18.830 INFO: JdwpEventCenterDelegate: THREAD_RESUMED: thread (33, main, main)
10:20:18.831 INFO: JdwpEventCenterDelegate: THREAD_RESUMED: thread (33, main, main)
10:20:18.881 INFO: JdwpDebugServer: handling req: ThreadReference(11).Name(1)
10:20:18.882 INFO: JdwpDebugServer: handling req: ThreadReference(11).Name(1)
10:20:18.883 INFO: JdwpDebugServer: handling req: ThreadReference(11).Name(1)
10:20:18.883 INFO: JdwpDebugServer: handling req: ThreadReference(11).Name(1)
10:20:18.894 INFO: JdwpEventCenterDelegate: THREAD_RESUMED: thread (33, main, main)
10:20:18.894 INFO: JdwpEventCenterDelegate: THREAD_RESUMED: thread (33, main, main)
10:20:18.895 INFO: JdwpEventCenterDelegate: THREAD_RESUMED: thread (33, main, main)
10:20:18.921 INFO: JdwpEventCenterDelegate: THREAD_RESUMED: thread (33, main, main)
10:20:18.922 INFO: JdwpEventCenterDelegate: THREAD_RESUMED: thread (33, main, main)
10:20:18.923 INFO: JdwpEventCenterDelegate: THREAD_RESUMED: thread (33, main, main)
10:20:18.944 INFO: JdwpEventCenterDelegate: THREAD_RESUMED: thread (33, main, main)
10:20:18.945 INFO: JdwpEventCenterDelegate: THREAD_RESUMED: thread (33, main, main)
10:20:18.945 INFO: JdwpEventCenterDelegate: THREAD_RESUMED: thread (33, main, main)
10:20:18.946 INFO: JdwpEventCenterDelegate: THREAD_RESUMED: thread (33, main, main)
10:20:18.952 INFO: JdwpEventCenterDelegate: THREAD_RESUMED: thread (33, main, main)
10:20:18.953 INFO: JdwpEventCenterDelegate: THREAD_RESUMED: thread (33, main, main)
10:20:19.520 INFO: JdwpEventCenterDelegate: THREAD_RESUMED: thread (33, main, main)
10:20:19.521 INFO: JdwpEventCenterDelegate: THREAD_RESUMED: thread (33, main, main)
10:20:19.539 INFO: JdwpEventCenterDelegate: THREAD_RESUMED: thread (33, main, main)
10:20:19.539 INFO: JdwpEventCenterDelegate: THREAD_RESUMED: thread (33, main, main)
10:20:19.540 INFO: JdwpEventCenterDelegate: THREAD_RESUMED: thread (33, main, main)
10:20:19.540 INFO: JdwpEventCenterDelegate: THREAD_RESUMED: thread (33, main, main)
10:20:19.587 INFO: JdwpDebugServer: handling req: EventRequest(15).Set(1)
10:20:19.587 INFO: JdwpEventCenterDelegate: jdwpSetEventRequest: JdwpEventRequest{requestId=133, eventKind=BREAKPOINT, suspendPolicy=EVENT_THREAD, predicates=[Location{classId=22075, methodId=1842, index=452} ]}
10:20:19.593 INFO: JdwpDebugServer: handling req: ThreadReference(11).Resume(3)
10:20:19.594 INFO: JdwpEventCenterDelegate: THREAD_RESUMED: thread (33, main, main)
10:20:19.618 INFO: JdwpEventCenterDelegate: THREAD_RESUMED: thread (33, main, main)
10:20:19.972 INFO: JdwpDebugServer: handling req: ThreadReference(11).Frames(6)
10:20:19.973 INFO: JdwpDebugServer: handling req: ReferenceType(2).MethodsWithGeneric(15)
10:20:19.973 INFO: JdwpDebugServer: handling req: ReferenceType(2).MethodsWithGeneric(15)
10:20:19.973 INFO: JdwpDebugServer: handling req: ReferenceType(2).MethodsWithGeneric(15)
10:20:19.974 INFO: JdwpDebugServer: handling req: ReferenceType(2).MethodsWithGeneric(15)
10:20:19.976 INFO: JdwpDebugServer: handling req: ReferenceType(2).MethodsWithGeneric(15)
10:20:19.981 INFO: JdwpDebugServer: handling req: ThreadReference(11).FramesCount(7)
10:20:19.982 INFO: JdwpDebugServer: handling req: ThreadReference(11).FramesCount(7)
10:20:20.840 INFO: JdwpDebugServer: handling req: ReferenceType(2).SourceFile(7)
10:20:20.960 INFO: JdwpDebugServer: handling req: ThreadReference(11).Name(1)
10:20:20.960 INFO: JdwpDebugServer: handling req: ReferenceType(2).SignatureWithGeneric(13)
10:20:20.961 INFO: JdwpDebugServer: handling req: StackFrame(16).ThisObject(3)
10:20:20.962 INFO: JdwpDebugServer: handling req: ObjectReference(9).ReferenceType(1)
10:20:20.962 INFO: JdwpDebugServer: handling req: ThreadReference(11).Name(1)
10:20:20.963 INFO: JdwpDebugServer: handling req: ThreadReference(11).Name(1)
10:20:20.963 INFO: JdwpDebugServer: handling req: ThreadReference(11).Name(1)
10:20:20.964 INFO: JdwpDebugServer: handling req: ThreadReference(11).Name(1)
10:20:21.011 INFO: JdwpDebugServer: handling req: Method(6).VariableTableWithGenerics(5)
10:20:21.256 INFO: JdwpDebugServer: handling req: ReferenceType(2).FieldsWithGeneric(14)
10:20:21.256 INFO: JdwpDebugServer: handling req: ReferenceType(2).Modifiers(3)
10:20:21.257 INFO: JdwpDebugServer: handling req: ReferenceType(2).Interfaces(10)
10:20:21.257 INFO: JdwpDebugServer: handling req: ClassType(3).Superclass(1)
10:20:21.257 INFO: JdwpDebugServer: handling req: ClassType(3).Superclass(1)
10:20:21.257 INFO: JdwpDebugServer: handling req: ClassType(3).Superclass(1)
10:20:21.257 INFO: JdwpDebugServer: handling req: ClassType(3).Superclass(1)
10:20:21.257 INFO: JdwpDebugServer: handling req: ClassType(3).Superclass(1)
10:20:21.308 INFO: JdwpDebugServer: handling req: ThreadReference(11).FramesCount(7)
10:20:21.312 INFO: JdwpDebugServer: handling req: ThreadReference(11).Name(1)
10:20:21.312 INFO: JdwpDebugServer: handling req: ThreadReference(11).FramesCount(7)
10:20:21.313 INFO: JdwpDebugServer: handling req: ThreadReference(11).Name(1)
10:20:21.313 INFO: JdwpDebugServer: handling req: ThreadReference(11).Name(1)
10:20:21.313 INFO: JdwpDebugServer: handling req: ThreadReference(11).Name(1)
10:20:21.315 INFO: JdwpDebugServer: handling req: StackFrame(16).ThisObject(3)
10:20:21.316 INFO: JdwpDebugServer: handling req: ObjectReference(9).ReferenceType(1)
10:20:21.316 INFO: JdwpDebugServer: handling req: StackFrame(16).ThisObject(3)
10:20:21.316 INFO: JdwpDebugServer: handling req: ObjectReference(9).ReferenceType(1)
10:20:21.316 INFO: JdwpDebugServer: handling req: Method(6).LineTable(1)
10:20:21.319 INFO: JdwpDebugServer: handling req: StackFrame(16).ThisObject(3)
10:20:21.320 INFO: JdwpDebugServer: handling req: ObjectReference(9).ReferenceType(1)
10:20:21.320 INFO: JdwpDebugServer: handling req: Method(6).LineTable(1)
10:20:21.320 INFO: JdwpDebugServer: handling req: StackFrame(16).ThisObject(3)
10:20:21.321 INFO: JdwpDebugServer: handling req: ObjectReference(9).ReferenceType(1)
10:20:21.321 INFO: JdwpDebugServer: handling req: Method(6).LineTable(1)
10:20:21.321 INFO: JdwpDebugServer: handling req: Method(6).LineTable(1)
10:20:21.321 INFO: JdwpDebugServer: handling req: Method(6).LineTable(1)
10:20:27.285 INFO: JdwpDebugServer: handling req: EventRequest(15).Clear(2)
10:20:27.288 INFO: JdwpDebugServer: handling req: EventRequest(15).Clear(2)
10:20:27.288 INFO: JdwpDebugServer: handling req: EventRequest(15).Clear(2)
10:20:27.301 INFO: JdwpDebugServer: handling req: EventRequest(15).Clear(2)
10:20:29.758 INFO: JdwpDebugServer: handling req: ThreadReference(11).Resume(3)
10:20:29.759 INFO: JdwpEventCenterDelegate: THREAD_RESUMED: thread (33, main, main)
10:20:29.762 INFO: JdwpDebugServer: handling req: EventRequest(15).Set(1)
10:20:29.762 INFO: JdwpEventCenterDelegate: jdwpSetEventRequest: JdwpEventRequest{requestId=134, eventKind=BREAKPOINT, suspendPolicy=EVENT_THREAD, predicates=[Location{classId=15500, methodId=1307, index=142} ]}
10:20:29.764 INFO: JdwpDebugServer: handling req: EventRequest(15).Set(1)
10:20:29.765 INFO: JdwpEventCenterDelegate: jdwpSetEventRequest: JdwpEventRequest{requestId=135, eventKind=BREAKPOINT, suspendPolicy=EVENT_THREAD, predicates=[Location{classId=15500, methodId=1307, index=141} ]}
10:20:29.766 INFO: JdwpDebugServer: handling req: ThreadReference(11).Resume(3)
10:20:29.766 INFO: JdwpEventCenterDelegate: THREAD_RESUMED: thread (33, main, main)
10:20:29.768 INFO: JdwpDebugServer: handling req: EventRequest(15).Set(1)
10:20:29.768 INFO: JdwpEventCenterDelegate: jdwpSetEventRequest: JdwpEventRequest{requestId=136, eventKind=BREAKPOINT, suspendPolicy=EVENT_THREAD, predicates=[Location{classId=29075, methodId=2262, index=70} ]}
10:20:29.772 INFO: JdwpDebugServer: handling req: ThreadReference(11).Resume(3)
10:20:29.772 INFO: JdwpEventCenterDelegate: THREAD_RESUMED: thread (33, main, main)
10:20:29.773 INFO: JdwpDebugServer: handling req: ThreadReference(11).Frames(6)
10:20:29.775 INFO: JdwpDebugServer: handling req: ThreadReference(11).FramesCount(7)
10:20:29.775 INFO: JdwpDebugServer: handling req: ThreadReference(11).FramesCount(7)
10:20:29.776 INFO: JdwpDebugServer: handling req: ThreadReference(11).FramesCount(7)
10:20:29.789 INFO: JdwpDebugServer: handling req: ThreadReference(11).Name(1)
10:20:29.789 INFO: JdwpDebugServer: handling req: ThreadReference(11).Name(1)
10:20:29.789 INFO: JdwpDebugServer: handling req: ThreadReference(11).Name(1)
10:20:29.895 INFO: JdwpDebugServer: handling req: ThreadReference(11).FramesCount(7)
10:20:29.896 INFO: JdwpDebugServer: handling req: ThreadReference(11).Name(1)
10:20:29.896 INFO: JdwpDebugServer: handling req: ThreadReference(11).Name(1)
10:20:29.896 INFO: JdwpDebugServer: handling req: ReferenceType(2).SignatureWithGeneric(13)
10:20:29.897 INFO: JdwpDebugServer: handling req: ThreadReference(11).Name(1)
10:20:29.897 INFO: JdwpDebugServer: handling req: ThreadReference(11).Name(1)
10:20:29.897 INFO: JdwpDebugServer: handling req: ThreadReference(11).Name(1)
10:20:29.935 INFO: JdwpDebugServer: handling req: ReferenceType(2).FieldsWithGeneric(14)
10:20:29.935 INFO: JdwpDebugServer: handling req: ReferenceType(2).Interfaces(10)
10:20:29.935 INFO: JdwpDebugServer: handling req: ClassType(3).Superclass(1)
10:20:29.935 INFO: JdwpDebugServer: handling req: Method(6).VariableTableWithGenerics(5)
10:20:29.941 INFO: JdwpDebugServer: handling req: ThreadReference(11).Name(1)
10:20:29.941 INFO: JdwpDebugServer: handling req: ThreadReference(11).FramesCount(7)
10:20:29.947 INFO: JdwpDebugServer: handling req: StackFrame(16).ThisObject(3)
10:20:29.947 INFO: JdwpDebugServer: handling req: ObjectReference(9).ReferenceType(1)
10:20:29.948 INFO: JdwpDebugServer: handling req: StackFrame(16).ThisObject(3)
10:20:29.948 INFO: JdwpDebugServer: handling req: ObjectReference(9).ReferenceType(1)
10:20:29.948 INFO: JdwpDebugServer: handling req: StackFrame(16).ThisObject(3)
10:20:29.948 INFO: JdwpDebugServer: handling req: ObjectReference(9).ReferenceType(1)
10:20:29.949 INFO: JdwpDebugServer: handling req: StackFrame(16).ThisObject(3)
10:20:29.949 INFO: JdwpDebugServer: handling req: ObjectReference(9).ReferenceType(1)
10:20:29.949 INFO: JdwpDebugServer: handling req: StackFrame(16).ThisObject(3)
10:20:29.950 INFO: JdwpDebugServer: handling req: ObjectReference(9).ReferenceType(1)
10:20:29.968 INFO: JdwpDebugServer: handling req: ReferenceType(2).SourceFile(7)
10:20:31.724 INFO: JdwpDebugServer: handling req: EventRequest(15).Clear(2)
10:20:31.726 INFO: JdwpDebugServer: handling req: EventRequest(15).Clear(2)
10:20:31.726 INFO: JdwpDebugServer: handling req: EventRequest(15).Clear(2)
10:20:31.733 INFO: JdwpDebugServer: handling req: EventRequest(15).Clear(2)
10:20:33.031 INFO: JdwpDebugServer: handling req: ThreadReference(11).Resume(3)
10:20:33.033 INFO: JdwpEventCenterDelegate: THREAD_RESUMED: thread (33, main, main)
10:20:33.061 INFO: JdwpEventCenterDelegate: THREAD_RESUMED: thread (33, main, main)
10:20:33.089 INFO: JdwpDebugServer: handling req: ThreadReference(11).Name(1)
10:20:33.090 INFO: JdwpDebugServer: handling req: ThreadReference(11).Name(1)
10:20:33.091 INFO: JdwpDebugServer: handling req: ThreadReference(11).Name(1)
10:20:33.098 SEVERE: Debugger: Thread HooksChannel socket thread crashed
org.robovm.debugger.DebuggerException: java.nio.BufferUnderflowException
	at org.robovm.debugger.hooks.HooksChannel.doSocketWork(HooksChannel.java:149)
	at java.base/java.lang.Thread.run(Thread.java:833)
	at org.robovm.debugger.utils.DebuggerThread.run(DebuggerThread.java:42)
Caused by: java.nio.BufferUnderflowException
	at org.robovm.debugger.utils.bytebuffer.DataBufferWriter.writeFromStream(DataBufferWriter.java:91)
	at org.robovm.debugger.hooks.HooksChannel.doSocketWork(HooksChannel.java:116)
	... 2 more
10:20:33.139 INFO: JdwpDebugServer: handling req: ThreadReference(11).Name(1)
