07:45:53.756 INFO: JdwpEventCenterDelegate: THREAD_STARTED: thread (33, main, main)
07:45:53.814 INFO: JdwpEventCenterDelegate: THREAD_STARTED: thread (48, ReferenceQueueDaemon, main)
07:45:53.815 INFO: JdwpEventCenterDelegate: THREAD_STARTED: thread (63, FinalizerDaemon, main)
07:45:53.817 INFO: JdwpEventCenterDelegate: THREAD_STARTED: thread (78, FinalizerWatchdogDaemon, main)
07:45:55.876 INFO: JdwpDebugServer: handling req: VirtualMachine(1).IDSizes(7)
07:45:55.878 INFO: JdwpDebugServer: handling req: EventRequest(15).Set(1)
07:45:55.879 INFO: JdwpEventCenterDelegate: jdwpSetEventRequest: JdwpEventRequest{requestId=100, eventKind=CLASS_UNLOAD, suspendPolicy=NONE, predicates=[]}
07:45:55.880 INFO: JdwpDebugServer: handling req: EventRequest(15).Set(1)
07:45:55.880 INFO: JdwpEventCenterDelegate: jdwpSetEventRequest: JdwpEventRequest{requestId=101, eventKind=THREAD_START, suspendPolicy=NONE, predicates=[]}
07:45:55.881 INFO: JdwpDebugServer: handling req: VirtualMachine(1).ClassesBySignature(2)
07:45:55.883 INFO: JdwpDebugServer: handling req: VirtualMachine(1).Version(1)
07:45:55.885 INFO: JdwpDebugServer: handling req: ReferenceType(2).MethodsWithGeneric(15)
07:45:55.886 INFO: JdwpDebugServer: handling req: Method(6).LineTable(1)
07:45:55.888 INFO: JdwpDebugServer: handling req: EventRequest(15).Set(1)
07:45:55.888 INFO: JdwpEventCenterDelegate: jdwpSetEventRequest: JdwpEventRequest{requestId=102, eventKind=BREAKPOINT, suspendPolicy=NONE, predicates=[Location{classId=845, methodId=257, index=928} ]}
07:45:55.889 INFO: JdwpDebugServer: handling req: EventRequest(15).Set(1)
07:45:55.889 INFO: JdwpEventCenterDelegate: jdwpSetEventRequest: JdwpEventRequest{requestId=103, eventKind=THREAD_DEATH, suspendPolicy=NONE, predicates=[]}
07:45:55.889 INFO: JdwpDebugServer: handling req: VirtualMachine(1).AllThreads(4)
07:45:55.891 INFO: JdwpDebugServer: handling req: ThreadReference(11).ThreadGroup(5)
07:45:55.891 INFO: JdwpDebugServer: handling req: ThreadGroup(12).Name(1)
07:45:55.891 INFO: JdwpDebugServer: handling req: ThreadGroup(12).Parent(2)
07:45:55.892 INFO: JdwpDebugServer: handling req: ObjectReference(9).ReferenceType(1)
07:45:55.892 INFO: JdwpDebugServer: handling req: ReferenceType(2).FieldsWithGeneric(14)
07:45:55.893 INFO: JdwpDebugServer: handling req: ReferenceType(2).Interfaces(10)
07:45:55.894 INFO: JdwpDebugServer: handling req: ReferenceType(2).FieldsWithGeneric(14)
07:45:55.894 INFO: JdwpDebugServer: handling req: ReferenceType(2).Interfaces(10)
07:45:55.894 INFO: JdwpDebugServer: handling req: ClassType(3).Superclass(1)
07:45:55.894 INFO: JdwpDebugServer: handling req: ReferenceType(2).FieldsWithGeneric(14)
07:45:55.895 INFO: JdwpDebugServer: handling req: ReferenceType(2).Interfaces(10)
07:45:55.895 INFO: JdwpDebugServer: handling req: ClassType(3).Superclass(1)
07:45:55.895 INFO: JdwpDebugServer: handling req: ObjectReference(9).GetValues(2)
07:45:55.897 INFO: JdwpDebugServer: handling req: ThreadReference(11).Status(4)
07:45:55.897 INFO: JdwpDebugServer: handling req: ThreadReference(11).Status(4)
07:45:55.897 INFO: JdwpDebugServer: handling req: ThreadReference(11).ThreadGroup(5)
07:45:55.898 INFO: JdwpDebugServer: handling req: ObjectReference(9).ReferenceType(1)
07:45:55.898 INFO: JdwpDebugServer: handling req: ObjectReference(9).GetValues(2)
07:45:55.899 INFO: JdwpDebugServer: handling req: ThreadReference(11).Status(4)
07:45:55.899 INFO: JdwpDebugServer: handling req: ThreadReference(11).Status(4)
07:45:55.899 INFO: JdwpDebugServer: handling req: ThreadReference(11).ThreadGroup(5)
07:45:55.899 INFO: JdwpDebugServer: handling req: ObjectReference(9).ReferenceType(1)
07:45:55.900 INFO: JdwpDebugServer: handling req: ObjectReference(9).GetValues(2)
07:45:55.900 INFO: JdwpDebugServer: handling req: ThreadReference(11).Status(4)
07:45:55.900 INFO: JdwpDebugServer: handling req: ThreadReference(11).Status(4)
07:45:55.901 INFO: JdwpDebugServer: handling req: ThreadReference(11).ThreadGroup(5)
07:45:55.901 INFO: JdwpDebugServer: handling req: ObjectReference(9).ReferenceType(1)
07:45:55.901 INFO: JdwpDebugServer: handling req: ObjectReference(9).GetValues(2)
07:45:55.902 INFO: JdwpDebugServer: handling req: ThreadReference(11).Status(4)
07:45:55.902 INFO: JdwpDebugServer: handling req: ThreadReference(11).Status(4)
07:45:55.904 INFO: JdwpDebugServer: handling req: EventRequest(15).Set(1)
07:45:55.904 INFO: JdwpEventCenterDelegate: jdwpSetEventRequest: JdwpEventRequest{requestId=104, eventKind=CLASS_PREPARE, suspendPolicy=EVENT_THREAD, predicates=[className=com.badlogic.gdx.graphics.g2d.PolygonSpriteBatch]}
07:45:55.908 INFO: JdwpDebugServer: handling req: EventRequest(15).Set(1)
07:45:55.909 INFO: JdwpEventCenterDelegate: jdwpSetEventRequest: JdwpEventRequest{requestId=105, eventKind=CLASS_PREPARE, suspendPolicy=EVENT_THREAD, predicates=[className=com.badlogic.gdx.graphics.g2d.PolygonSpriteBatch$*]}
07:45:55.910 INFO: JdwpDebugServer: handling req: VirtualMachine(1).ClassesBySignature(2)
07:45:55.911 INFO: JdwpDebugServer: handling req: ReferenceType(2).MethodsWithGeneric(15)
07:45:55.912 INFO: JdwpDebugServer: handling req: Method(6).LineTable(1)
07:45:55.913 INFO: JdwpDebugServer: handling req: Method(6).LineTable(1)
07:45:55.913 INFO: JdwpDebugServer: handling req: Method(6).LineTable(1)
07:45:55.913 INFO: JdwpDebugServer: handling req: Method(6).LineTable(1)
07:45:55.914 INFO: JdwpDebugServer: handling req: Method(6).LineTable(1)
07:45:55.914 INFO: JdwpDebugServer: handling req: Method(6).LineTable(1)
07:45:55.914 INFO: JdwpDebugServer: handling req: Method(6).LineTable(1)
07:45:55.914 INFO: JdwpDebugServer: handling req: Method(6).LineTable(1)
07:45:55.914 INFO: JdwpDebugServer: handling req: Method(6).LineTable(1)
07:45:55.915 INFO: JdwpDebugServer: handling req: Method(6).LineTable(1)
07:45:55.915 INFO: JdwpDebugServer: handling req: Method(6).LineTable(1)
07:45:55.915 INFO: JdwpDebugServer: handling req: Method(6).LineTable(1)
07:45:55.915 INFO: JdwpDebugServer: handling req: Method(6).LineTable(1)
07:45:55.915 INFO: JdwpDebugServer: handling req: Method(6).LineTable(1)
07:45:55.916 INFO: JdwpDebugServer: handling req: Method(6).LineTable(1)
07:45:55.916 INFO: JdwpDebugServer: handling req: Method(6).LineTable(1)
07:45:55.916 INFO: JdwpDebugServer: handling req: Method(6).LineTable(1)
07:45:55.916 INFO: JdwpDebugServer: handling req: Method(6).LineTable(1)
07:45:55.916 INFO: JdwpDebugServer: handling req: Method(6).LineTable(1)
07:45:55.916 INFO: JdwpDebugServer: handling req: Method(6).LineTable(1)
07:45:55.917 INFO: JdwpDebugServer: handling req: Method(6).LineTable(1)
07:45:55.917 INFO: JdwpDebugServer: handling req: Method(6).LineTable(1)
07:45:55.917 INFO: JdwpDebugServer: handling req: Method(6).LineTable(1)
07:45:55.917 INFO: JdwpDebugServer: handling req: Method(6).LineTable(1)
07:45:55.917 INFO: JdwpDebugServer: handling req: Method(6).LineTable(1)
07:45:55.918 INFO: JdwpDebugServer: handling req: Method(6).LineTable(1)
07:45:55.918 INFO: JdwpDebugServer: handling req: Method(6).LineTable(1)
07:45:55.918 INFO: JdwpDebugServer: handling req: Method(6).LineTable(1)
07:45:55.918 INFO: JdwpDebugServer: handling req: Method(6).LineTable(1)
07:45:55.918 INFO: JdwpDebugServer: handling req: Method(6).LineTable(1)
07:45:55.919 INFO: JdwpDebugServer: handling req: Method(6).LineTable(1)
07:45:55.919 INFO: JdwpDebugServer: handling req: Method(6).LineTable(1)
07:45:55.919 INFO: JdwpDebugServer: handling req: Method(6).LineTable(1)
07:45:55.919 INFO: JdwpDebugServer: handling req: Method(6).LineTable(1)
07:45:55.920 INFO: JdwpDebugServer: handling req: Method(6).LineTable(1)
07:45:55.920 INFO: JdwpDebugServer: handling req: Method(6).LineTable(1)
07:45:55.920 INFO: JdwpDebugServer: handling req: Method(6).LineTable(1)
07:45:55.920 INFO: JdwpDebugServer: handling req: Method(6).LineTable(1)
07:45:55.920 INFO: JdwpDebugServer: handling req: Method(6).LineTable(1)
07:45:55.920 INFO: JdwpDebugServer: handling req: Method(6).LineTable(1)
07:45:55.921 INFO: JdwpDebugServer: handling req: Method(6).LineTable(1)
07:45:55.921 INFO: JdwpDebugServer: handling req: Method(6).LineTable(1)
07:45:55.921 INFO: JdwpDebugServer: handling req: Method(6).LineTable(1)
07:45:55.921 INFO: JdwpDebugServer: handling req: Method(6).LineTable(1)
07:45:55.921 INFO: JdwpDebugServer: handling req: Method(6).LineTable(1)
07:45:55.921 INFO: JdwpDebugServer: handling req: Method(6).LineTable(1)
07:45:55.922 INFO: JdwpDebugServer: handling req: Method(6).LineTable(1)
07:45:55.922 INFO: JdwpDebugServer: handling req: EventRequest(15).Set(1)
07:45:55.922 INFO: JdwpEventCenterDelegate: jdwpSetEventRequest: JdwpEventRequest{requestId=106, eventKind=BREAKPOINT, suspendPolicy=EVENT_THREAD, predicates=[Location{classId=15500, methodId=1122, index=142} ]}
07:45:55.923 INFO: JdwpDebugServer: handling req: ReferenceType(2).Signature(1)
07:45:55.926 INFO: JdwpDebugServer: handling req: EventRequest(15).Set(1)
07:45:55.926 INFO: JdwpEventCenterDelegate: jdwpSetEventRequest: JdwpEventRequest{requestId=107, eventKind=CLASS_PREPARE, suspendPolicy=EVENT_THREAD, predicates=[className=com.badlogic.gdx.graphics.g2d.SpriteBatch]}
07:45:55.928 INFO: JdwpDebugServer: handling req: EventRequest(15).Set(1)
07:45:55.928 INFO: JdwpEventCenterDelegate: jdwpSetEventRequest: JdwpEventRequest{requestId=108, eventKind=CLASS_PREPARE, suspendPolicy=EVENT_THREAD, predicates=[className=com.badlogic.gdx.graphics.g2d.SpriteBatch$*]}
07:45:55.932 INFO: JdwpDebugServer: handling req: VirtualMachine(1).ClassesBySignature(2)
07:45:55.933 INFO: JdwpDebugServer: handling req: ReferenceType(2).MethodsWithGeneric(15)
07:45:55.933 INFO: JdwpDebugServer: handling req: Method(6).LineTable(1)
07:45:55.933 INFO: JdwpDebugServer: handling req: Method(6).LineTable(1)
07:45:55.933 INFO: JdwpDebugServer: handling req: Method(6).LineTable(1)
07:45:55.934 INFO: JdwpDebugServer: handling req: Method(6).LineTable(1)
07:45:55.934 INFO: JdwpDebugServer: handling req: Method(6).LineTable(1)
07:45:55.934 INFO: JdwpDebugServer: handling req: Method(6).LineTable(1)
07:45:55.934 INFO: JdwpDebugServer: handling req: Method(6).LineTable(1)
07:45:55.934 INFO: JdwpDebugServer: handling req: Method(6).LineTable(1)
07:45:55.934 INFO: JdwpDebugServer: handling req: Method(6).LineTable(1)
07:45:55.935 INFO: JdwpDebugServer: handling req: Method(6).LineTable(1)
07:45:55.935 INFO: JdwpDebugServer: handling req: Method(6).LineTable(1)
07:45:55.935 INFO: JdwpDebugServer: handling req: Method(6).LineTable(1)
07:45:55.935 INFO: JdwpDebugServer: handling req: Method(6).LineTable(1)
07:45:55.935 INFO: JdwpDebugServer: handling req: Method(6).LineTable(1)
07:45:55.935 INFO: JdwpDebugServer: handling req: Method(6).LineTable(1)
07:45:55.936 INFO: JdwpDebugServer: handling req: Method(6).LineTable(1)
07:45:55.936 INFO: JdwpDebugServer: handling req: Method(6).LineTable(1)
07:45:55.936 INFO: JdwpDebugServer: handling req: Method(6).LineTable(1)
07:45:55.936 INFO: JdwpDebugServer: handling req: Method(6).LineTable(1)
07:45:55.936 INFO: JdwpDebugServer: handling req: Method(6).LineTable(1)
07:45:55.937 INFO: JdwpDebugServer: handling req: Method(6).LineTable(1)
07:45:55.937 INFO: JdwpDebugServer: handling req: Method(6).LineTable(1)
07:45:55.937 INFO: JdwpDebugServer: handling req: Method(6).LineTable(1)
07:45:55.937 INFO: JdwpDebugServer: handling req: Method(6).LineTable(1)
07:45:55.937 INFO: JdwpDebugServer: handling req: Method(6).LineTable(1)
07:45:55.937 INFO: JdwpDebugServer: handling req: Method(6).LineTable(1)
07:45:55.938 INFO: JdwpDebugServer: handling req: Method(6).LineTable(1)
07:45:55.938 INFO: JdwpDebugServer: handling req: Method(6).LineTable(1)
07:45:55.938 INFO: JdwpDebugServer: handling req: Method(6).LineTable(1)
07:45:55.938 INFO: JdwpDebugServer: handling req: Method(6).LineTable(1)
07:45:55.938 INFO: JdwpDebugServer: handling req: Method(6).LineTable(1)
07:45:55.938 INFO: JdwpDebugServer: handling req: Method(6).LineTable(1)
07:45:55.939 INFO: JdwpDebugServer: handling req: Method(6).LineTable(1)
07:45:55.939 INFO: JdwpDebugServer: handling req: Method(6).LineTable(1)
07:45:55.939 INFO: JdwpDebugServer: handling req: Method(6).LineTable(1)
07:45:55.939 INFO: JdwpDebugServer: handling req: Method(6).LineTable(1)
07:45:55.939 INFO: JdwpDebugServer: handling req: Method(6).LineTable(1)
07:45:55.939 INFO: JdwpDebugServer: handling req: Method(6).LineTable(1)
07:45:55.939 INFO: JdwpDebugServer: handling req: Method(6).LineTable(1)
07:45:55.939 INFO: JdwpDebugServer: handling req: Method(6).LineTable(1)
07:45:55.940 INFO: JdwpDebugServer: handling req: Method(6).LineTable(1)
07:45:55.940 INFO: JdwpDebugServer: handling req: Method(6).LineTable(1)
07:45:55.940 INFO: JdwpDebugServer: handling req: Method(6).LineTable(1)
07:45:55.940 INFO: JdwpDebugServer: handling req: Method(6).LineTable(1)
07:45:55.940 INFO: JdwpDebugServer: handling req: EventRequest(15).Set(1)
07:45:55.940 INFO: JdwpEventCenterDelegate: jdwpSetEventRequest: JdwpEventRequest{requestId=109, eventKind=BREAKPOINT, suspendPolicy=EVENT_THREAD, predicates=[Location{classId=18040, methodId=1357, index=163} ]}
07:45:55.941 INFO: JdwpDebugServer: handling req: ReferenceType(2).Signature(1)
07:45:55.942 INFO: JdwpDebugServer: handling req: EventRequest(15).Set(1)
07:45:55.942 INFO: JdwpEventCenterDelegate: jdwpSetEventRequest: JdwpEventRequest{requestId=110, eventKind=CLASS_PREPARE, suspendPolicy=EVENT_THREAD, predicates=[className=com.badlogic.gdx.graphics.g2d.PolygonSpriteBatch]}
07:45:55.944 INFO: JdwpDebugServer: handling req: EventRequest(15).Set(1)
07:45:55.944 INFO: JdwpEventCenterDelegate: jdwpSetEventRequest: JdwpEventRequest{requestId=111, eventKind=CLASS_PREPARE, suspendPolicy=EVENT_THREAD, predicates=[className=com.badlogic.gdx.graphics.g2d.PolygonSpriteBatch$*]}
07:45:55.946 INFO: JdwpDebugServer: handling req: VirtualMachine(1).ClassesBySignature(2)
07:45:55.946 INFO: JdwpDebugServer: handling req: EventRequest(15).Set(1)
07:45:55.946 INFO: JdwpEventCenterDelegate: jdwpSetEventRequest: JdwpEventRequest{requestId=112, eventKind=BREAKPOINT, suspendPolicy=EVENT_THREAD, predicates=[Location{classId=15500, methodId=1122, index=141} ]}
07:45:55.946 INFO: JdwpDebugServer: handling req: EventRequest(15).Set(1)
07:45:55.946 INFO: JdwpEventCenterDelegate: jdwpSetEventRequest: JdwpEventRequest{requestId=113, eventKind=CLASS_PREPARE, suspendPolicy=EVENT_THREAD, predicates=[className=java.lang.Throwable]}
07:45:55.947 INFO: JdwpDebugServer: handling req: EventRequest(15).Set(1)
07:45:55.947 INFO: JdwpEventCenterDelegate: jdwpSetEventRequest: JdwpEventRequest{requestId=114, eventKind=CLASS_PREPARE, suspendPolicy=EVENT_THREAD, predicates=[className=java.lang.Throwable$*]}
07:45:55.948 INFO: JdwpDebugServer: handling req: VirtualMachine(1).ClassesBySignature(2)
07:45:55.948 INFO: JdwpDebugServer: handling req: ReferenceType(2).MethodsWithGeneric(15)
07:45:55.949 INFO: JdwpDebugServer: handling req: Method(6).LineTable(1)
07:45:55.949 INFO: JdwpDebugServer: handling req: Method(6).LineTable(1)
07:45:55.949 INFO: JdwpDebugServer: handling req: Method(6).LineTable(1)
07:45:55.949 INFO: JdwpDebugServer: handling req: Method(6).LineTable(1)
07:45:55.950 INFO: JdwpDebugServer: handling req: Method(6).LineTable(1)
07:45:55.950 INFO: JdwpDebugServer: handling req: Method(6).LineTable(1)
07:45:55.950 INFO: JdwpDebugServer: handling req: Method(6).LineTable(1)
07:45:55.950 INFO: JdwpDebugServer: handling req: Method(6).LineTable(1)
07:45:55.950 INFO: JdwpDebugServer: handling req: Method(6).LineTable(1)
07:45:55.951 INFO: JdwpDebugServer: handling req: Method(6).LineTable(1)
07:45:55.951 INFO: JdwpDebugServer: handling req: Method(6).LineTable(1)
07:45:55.951 INFO: JdwpDebugServer: handling req: Method(6).LineTable(1)
07:45:55.951 INFO: JdwpDebugServer: handling req: Method(6).LineTable(1)
07:45:55.951 INFO: JdwpDebugServer: handling req: Method(6).LineTable(1)
07:45:55.951 INFO: JdwpDebugServer: handling req: Method(6).LineTable(1)
07:45:55.952 INFO: JdwpDebugServer: handling req: Method(6).LineTable(1)
07:45:55.952 INFO: JdwpDebugServer: handling req: Method(6).LineTable(1)
07:45:55.952 INFO: JdwpDebugServer: handling req: Method(6).LineTable(1)
07:45:55.952 INFO: JdwpDebugServer: handling req: Method(6).LineTable(1)
07:45:55.952 INFO: JdwpDebugServer: handling req: Method(6).LineTable(1)
07:45:55.953 INFO: JdwpDebugServer: handling req: Method(6).LineTable(1)
07:45:55.953 INFO: JdwpDebugServer: handling req: Method(6).LineTable(1)
07:45:55.953 INFO: JdwpDebugServer: handling req: Method(6).LineTable(1)
07:45:55.953 INFO: JdwpDebugServer: handling req: Method(6).LineTable(1)
07:45:55.954 INFO: JdwpDebugServer: handling req: VirtualMachine(1).ClassesBySignature(2)
07:45:55.954 INFO: JdwpDebugServer: handling req: VirtualMachine(1).AllClassesWithGeneric(20)
07:45:55.964 INFO: JdwpDebugServer: handling req: EventRequest(15).Set(1)
07:45:55.965 INFO: JdwpEventCenterDelegate: jdwpSetEventRequest: JdwpEventRequest{requestId=115, eventKind=CLASS_PREPARE, suspendPolicy=EVENT_THREAD, predicates=[className=com.badlogic.gdx.utils.ScreenUtils]}
07:45:55.966 INFO: JdwpDebugServer: handling req: EventRequest(15).Set(1)
07:45:55.966 INFO: JdwpEventCenterDelegate: jdwpSetEventRequest: JdwpEventRequest{requestId=116, eventKind=CLASS_PREPARE, suspendPolicy=EVENT_THREAD, predicates=[className=com.badlogic.gdx.utils.ScreenUtils$*]}
07:45:55.967 INFO: JdwpDebugServer: handling req: VirtualMachine(1).ClassesBySignature(2)
07:45:55.967 INFO: JdwpDebugServer: handling req: ReferenceType(2).MethodsWithGeneric(15)
07:45:55.967 INFO: JdwpDebugServer: handling req: Method(6).LineTable(1)
07:45:55.968 INFO: JdwpDebugServer: handling req: Method(6).LineTable(1)
07:45:55.968 INFO: JdwpDebugServer: handling req: Method(6).LineTable(1)
07:45:55.968 INFO: JdwpDebugServer: handling req: Method(6).LineTable(1)
07:45:55.968 INFO: JdwpDebugServer: handling req: Method(6).LineTable(1)
07:45:55.968 INFO: JdwpDebugServer: handling req: Method(6).LineTable(1)
07:45:55.969 INFO: JdwpDebugServer: handling req: Method(6).LineTable(1)
07:45:55.969 INFO: JdwpDebugServer: handling req: Method(6).LineTable(1)
07:45:55.969 INFO: JdwpDebugServer: handling req: Method(6).LineTable(1)
07:45:55.969 INFO: JdwpDebugServer: handling req: Method(6).LineTable(1)
07:45:55.969 INFO: JdwpDebugServer: handling req: EventRequest(15).Set(1)
07:45:55.970 INFO: JdwpEventCenterDelegate: jdwpSetEventRequest: JdwpEventRequest{requestId=117, eventKind=BREAKPOINT, suspendPolicy=EVENT_THREAD, predicates=[Location{classId=22240, methodId=1727, index=89} ]}
07:45:55.970 INFO: JdwpDebugServer: handling req: EventRequest(15).Set(1)
07:45:55.970 INFO: JdwpEventCenterDelegate: jdwpSetEventRequest: JdwpEventRequest{requestId=118, eventKind=CLASS_PREPARE, suspendPolicy=EVENT_THREAD, predicates=[className=com.badlogic.gdx.utils.ScreenUtils]}
07:45:55.971 INFO: JdwpDebugServer: handling req: EventRequest(15).Set(1)
07:45:55.971 INFO: JdwpEventCenterDelegate: jdwpSetEventRequest: JdwpEventRequest{requestId=119, eventKind=CLASS_PREPARE, suspendPolicy=EVENT_THREAD, predicates=[className=com.badlogic.gdx.utils.ScreenUtils$*]}
07:45:55.972 INFO: JdwpDebugServer: handling req: VirtualMachine(1).ClassesBySignature(2)
07:45:55.973 INFO: JdwpDebugServer: handling req: EventRequest(15).Set(1)
07:45:55.973 INFO: JdwpEventCenterDelegate: jdwpSetEventRequest: JdwpEventRequest{requestId=120, eventKind=BREAKPOINT, suspendPolicy=EVENT_THREAD, predicates=[Location{classId=22240, methodId=1722, index=72} ]}
07:45:55.973 INFO: JdwpDebugServer: handling req: EventRequest(15).Set(1)
07:45:55.973 INFO: JdwpEventCenterDelegate: jdwpSetEventRequest: JdwpEventRequest{requestId=121, eventKind=CLASS_PREPARE, suspendPolicy=EVENT_THREAD, predicates=[className=com.scottlogic.util.ShaderProgramFactory]}
07:45:55.974 INFO: JdwpDebugServer: handling req: EventRequest(15).Set(1)
07:45:55.974 INFO: JdwpEventCenterDelegate: jdwpSetEventRequest: JdwpEventRequest{requestId=122, eventKind=CLASS_PREPARE, suspendPolicy=EVENT_THREAD, predicates=[className=com.scottlogic.util.ShaderProgramFactory$*]}
07:45:55.976 INFO: JdwpDebugServer: handling req: VirtualMachine(1).ClassesBySignature(2)
07:45:55.976 INFO: JdwpDebugServer: handling req: ReferenceType(2).MethodsWithGeneric(15)
07:45:55.978 INFO: JdwpDebugServer: handling req: Method(6).LineTable(1)
07:45:55.978 INFO: JdwpDebugServer: handling req: Method(6).LineTable(1)
07:45:55.978 INFO: JdwpDebugServer: handling req: Method(6).LineTable(1)
07:45:55.979 INFO: JdwpDebugServer: handling req: Method(6).LineTable(1)
07:45:55.979 INFO: JdwpDebugServer: handling req: Method(6).LineTable(1)
07:45:55.979 INFO: JdwpDebugServer: handling req: EventRequest(15).Set(1)
07:45:55.979 INFO: JdwpEventCenterDelegate: jdwpSetEventRequest: JdwpEventRequest{requestId=123, eventKind=BREAKPOINT, suspendPolicy=EVENT_THREAD, predicates=[Location{classId=20400, methodId=1762, index=106} ]}
07:45:55.980 INFO: JdwpDebugServer: handling req: VirtualMachine(1).capabilitiesNew(17)
07:45:55.983 INFO: JdwpDebugServer: handling req: EventRequest(15).Set(1)
07:45:55.983 INFO: JdwpEventCenterDelegate: jdwpSetEventRequest: JdwpEventRequest{requestId=124, eventKind=CLASS_PREPARE, suspendPolicy=EVENT_THREAD, predicates=[className=java.lang.Error]}
07:45:55.984 INFO: JdwpDebugServer: handling req: EventRequest(15).Set(1)
07:45:55.984 INFO: JdwpEventCenterDelegate: jdwpSetEventRequest: JdwpEventRequest{requestId=125, eventKind=CLASS_PREPARE, suspendPolicy=EVENT_THREAD, predicates=[className=java.lang.Error$*]}
07:45:55.985 INFO: JdwpDebugServer: handling req: VirtualMachine(1).ClassesBySignature(2)
07:45:55.986 INFO: JdwpDebugServer: handling req: EventRequest(15).Set(1)
07:45:55.986 INFO: JdwpEventCenterDelegate: jdwpSetEventRequest: JdwpEventRequest{requestId=126, eventKind=EXCEPTION, suspendPolicy=EVENT_THREAD, predicates=[exceptionType=3425(caught=true, uncaught=true)]}
07:45:56.019 INFO: JdwpDebugServer: handling req: EventRequest(15).Set(1)
07:45:56.019 INFO: JdwpEventCenterDelegate: jdwpSetEventRequest: JdwpEventRequest{requestId=127, eventKind=CLASS_PREPARE, suspendPolicy=EVENT_THREAD, predicates=[className=java.lang.Throwable]}
07:45:56.023 INFO: JdwpDebugServer: handling req: EventRequest(15).Set(1)
07:45:56.023 INFO: JdwpEventCenterDelegate: jdwpSetEventRequest: JdwpEventRequest{requestId=128, eventKind=CLASS_PREPARE, suspendPolicy=EVENT_THREAD, predicates=[className=java.lang.Throwable$*]}
07:45:56.025 INFO: JdwpDebugServer: handling req: VirtualMachine(1).ClassesBySignature(2)
07:45:56.025 INFO: JdwpDebugServer: handling req: EventRequest(15).Set(1)
07:45:56.025 INFO: JdwpEventCenterDelegate: jdwpSetEventRequest: JdwpEventRequest{requestId=129, eventKind=EXCEPTION, suspendPolicy=EVENT_THREAD, predicates=[exceptionType=7695(caught=false, uncaught=true)]}
07:45:56.027 INFO: JdwpDebugServer: handling req: ThreadReference(11).SuspendCount(12)
07:45:56.027 INFO: JdwpDebugServer: handling req: ThreadReference(11).SuspendCount(12)
07:45:56.027 INFO: JdwpDebugServer: handling req: ThreadReference(11).SuspendCount(12)
07:45:56.028 INFO: JdwpDebugServer: handling req: ThreadReference(11).SuspendCount(12)
07:45:56.028 INFO: JdwpDebugServer: handling req: VirtualMachine(1).AllThreads(4)
07:45:56.028 INFO: JdwpDebugServer: handling req: VirtualMachine(1).Resume(9)
07:45:56.104 INFO: JdwpEventCenterDelegate: THREAD_RESUMED: thread (33, main, main)
07:45:56.104 INFO: JdwpEventCenterDelegate: THREAD_RESUMED: thread (33, main, main)
07:45:56.105 INFO: JdwpEventCenterDelegate: THREAD_RESUMED: thread (33, main, main)
07:45:56.105 INFO: JdwpEventCenterDelegate: THREAD_RESUMED: thread (33, main, main)
07:45:56.105 INFO: JdwpEventCenterDelegate: THREAD_RESUMED: thread (33, main, main)
07:45:56.106 INFO: JdwpEventCenterDelegate: THREAD_RESUMED: thread (33, main, main)
07:45:56.106 INFO: JdwpEventCenterDelegate: THREAD_RESUMED: thread (33, main, main)
07:45:56.108 INFO: JdwpEventCenterDelegate: THREAD_RESUMED: thread (33, main, main)
07:45:56.109 INFO: JdwpEventCenterDelegate: THREAD_RESUMED: thread (33, main, main)
07:45:56.109 INFO: JdwpEventCenterDelegate: THREAD_RESUMED: thread (33, main, main)
07:45:56.110 INFO: JdwpEventCenterDelegate: THREAD_RESUMED: thread (33, main, main)
07:45:56.115 INFO: JdwpEventCenterDelegate: THREAD_RESUMED: thread (33, main, main)
07:45:56.116 INFO: JdwpEventCenterDelegate: THREAD_RESUMED: thread (33, main, main)
07:45:56.116 INFO: JdwpEventCenterDelegate: THREAD_RESUMED: thread (33, main, main)
07:45:56.184 INFO: JdwpEventCenterDelegate: THREAD_RESUMED: thread (33, main, main)
07:45:56.185 INFO: JdwpEventCenterDelegate: THREAD_RESUMED: thread (33, main, main)
07:45:56.185 INFO: JdwpEventCenterDelegate: THREAD_RESUMED: thread (33, main, main)
07:45:56.192 INFO: JdwpEventCenterDelegate: THREAD_RESUMED: thread (33, main, main)
07:45:56.192 INFO: JdwpEventCenterDelegate: THREAD_RESUMED: thread (33, main, main)
07:45:56.193 INFO: JdwpEventCenterDelegate: THREAD_RESUMED: thread (33, main, main)
07:45:56.450 INFO: JdwpEventCenterDelegate: THREAD_RESUMED: thread (33, main, main)
07:45:56.451 INFO: JdwpEventCenterDelegate: THREAD_RESUMED: thread (33, main, main)
07:45:56.451 INFO: JdwpEventCenterDelegate: THREAD_RESUMED: thread (33, main, main)
07:45:56.513 INFO: JdwpEventCenterDelegate: THREAD_RESUMED: thread (33, main, main)
07:45:56.514 INFO: JdwpEventCenterDelegate: THREAD_RESUMED: thread (33, main, main)
07:45:56.515 INFO: JdwpEventCenterDelegate: THREAD_RESUMED: thread (33, main, main)
07:45:56.522 INFO: JdwpDebugServer: handling req: ThreadReference(11).Name(1)
07:45:56.523 INFO: JdwpDebugServer: handling req: ThreadReference(11).Name(1)
07:45:56.523 INFO: JdwpDebugServer: handling req: ThreadReference(11).Name(1)
07:45:56.523 INFO: JdwpDebugServer: handling req: ThreadReference(11).Name(1)
07:45:56.542 INFO: JdwpEventCenterDelegate: THREAD_RESUMED: thread (33, main, main)
07:45:56.543 INFO: JdwpEventCenterDelegate: THREAD_RESUMED: thread (33, main, main)
07:45:56.544 INFO: JdwpEventCenterDelegate: THREAD_RESUMED: thread (33, main, main)
07:45:56.564 INFO: JdwpEventCenterDelegate: THREAD_RESUMED: thread (33, main, main)
07:45:56.565 INFO: JdwpEventCenterDelegate: THREAD_RESUMED: thread (33, main, main)
07:45:56.565 INFO: JdwpEventCenterDelegate: THREAD_RESUMED: thread (33, main, main)
07:45:56.566 INFO: JdwpEventCenterDelegate: THREAD_RESUMED: thread (33, main, main)
07:45:56.573 INFO: JdwpEventCenterDelegate: THREAD_RESUMED: thread (33, main, main)
07:45:56.573 INFO: JdwpEventCenterDelegate: THREAD_RESUMED: thread (33, main, main)
07:45:57.069 INFO: JdwpEventCenterDelegate: THREAD_RESUMED: thread (33, main, main)
07:45:57.069 INFO: JdwpEventCenterDelegate: THREAD_RESUMED: thread (33, main, main)
07:45:57.087 INFO: JdwpEventCenterDelegate: THREAD_RESUMED: thread (33, main, main)
07:45:57.087 INFO: JdwpEventCenterDelegate: THREAD_RESUMED: thread (33, main, main)
07:45:57.088 INFO: JdwpEventCenterDelegate: THREAD_RESUMED: thread (33, main, main)
07:45:57.088 INFO: JdwpEventCenterDelegate: THREAD_RESUMED: thread (33, main, main)
07:45:57.153 INFO: JdwpEventCenterDelegate: THREAD_RESUMED: thread (33, main, main)
07:45:57.512 INFO: JdwpDebugServer: handling req: EventRequest(15).Set(1)
07:45:57.512 INFO: JdwpEventCenterDelegate: jdwpSetEventRequest: JdwpEventRequest{requestId=130, eventKind=BREAKPOINT, suspendPolicy=EVENT_THREAD, predicates=[Location{classId=15500, methodId=1122, index=142} ]}
07:45:57.514 INFO: JdwpDebugServer: handling req: EventRequest(15).Set(1)
07:45:57.514 INFO: JdwpEventCenterDelegate: jdwpSetEventRequest: JdwpEventRequest{requestId=131, eventKind=BREAKPOINT, suspendPolicy=EVENT_THREAD, predicates=[Location{classId=15500, methodId=1122, index=141} ]}
07:45:57.516 INFO: JdwpDebugServer: handling req: ThreadReference(11).Resume(3)
07:45:57.516 INFO: JdwpEventCenterDelegate: THREAD_RESUMED: thread (33, main, main)
07:45:57.517 INFO: JdwpEventCenterDelegate: THREAD_RESUMED: thread (33, main, main)
07:45:57.518 INFO: JdwpEventCenterDelegate: THREAD_RESUMED: thread (33, main, main)
07:45:57.519 INFO: JdwpEventCenterDelegate: THREAD_RESUMED: thread (33, main, main)
07:45:57.520 INFO: JdwpEventCenterDelegate: THREAD_RESUMED: thread (33, main, main)
07:45:57.521 INFO: JdwpEventCenterDelegate: THREAD_RESUMED: thread (33, main, main)
07:45:57.522 INFO: JdwpEventCenterDelegate: THREAD_RESUMED: thread (33, main, main)
07:45:57.523 INFO: JdwpDebugServer: handling req: EventRequest(15).Set(1)
07:45:57.523 INFO: JdwpEventCenterDelegate: jdwpSetEventRequest: JdwpEventRequest{requestId=132, eventKind=BREAKPOINT, suspendPolicy=EVENT_THREAD, predicates=[Location{classId=20400, methodId=1762, index=106} ]}
07:45:57.534 INFO: JdwpDebugServer: handling req: ThreadReference(11).Resume(3)
07:45:57.534 INFO: JdwpEventCenterDelegate: THREAD_RESUMED: thread (33, main, main)
07:45:57.545 INFO: JdwpDebugServer: handling req: ThreadReference(11).Frames(6)
07:45:57.545 INFO: JdwpDebugServer: handling req: ReferenceType(2).MethodsWithGeneric(15)
07:45:57.546 INFO: JdwpDebugServer: handling req: ReferenceType(2).MethodsWithGeneric(15)
07:45:57.546 INFO: JdwpDebugServer: handling req: ReferenceType(2).MethodsWithGeneric(15)
07:45:57.546 INFO: JdwpDebugServer: handling req: ReferenceType(2).MethodsWithGeneric(15)
07:45:57.546 INFO: JdwpDebugServer: handling req: ReferenceType(2).MethodsWithGeneric(15)
07:45:57.546 INFO: JdwpDebugServer: handling req: ReferenceType(2).MethodsWithGeneric(15)
07:45:57.547 INFO: JdwpDebugServer: handling req: ReferenceType(2).MethodsWithGeneric(15)
07:45:57.548 INFO: JdwpDebugServer: handling req: ThreadReference(11).FramesCount(7)
07:45:57.548 INFO: JdwpDebugServer: handling req: ThreadReference(11).FramesCount(7)
07:45:57.710 INFO: JdwpDebugServer: handling req: ThreadReference(11).Name(1)
07:45:57.711 INFO: JdwpDebugServer: handling req: ReferenceType(2).SignatureWithGeneric(13)
07:45:57.713 INFO: JdwpDebugServer: handling req: ThreadReference(11).Name(1)
07:45:57.714 INFO: JdwpDebugServer: handling req: ThreadReference(11).Name(1)
07:45:57.714 INFO: JdwpDebugServer: handling req: ThreadReference(11).Name(1)
07:45:57.714 INFO: JdwpDebugServer: handling req: ThreadReference(11).Name(1)
07:45:57.738 INFO: JdwpDebugServer: handling req: ReferenceType(2).FieldsWithGeneric(14)
07:45:57.738 INFO: JdwpDebugServer: handling req: ReferenceType(2).Interfaces(10)
07:45:57.738 INFO: JdwpDebugServer: handling req: ClassType(3).Superclass(1)
07:45:57.738 INFO: JdwpDebugServer: handling req: ClassType(3).Superclass(1)
07:45:57.739 INFO: JdwpDebugServer: handling req: Method(6).VariableTableWithGenerics(5)
07:45:57.760 INFO: JdwpDebugServer: handling req: StackFrame(16).GetValues(1)
07:45:57.762 INFO: JdwpDebugServer: handling req: ObjectReference(9).ReferenceType(1)
07:45:57.762 INFO: JdwpDebugServer: handling req: StackFrame(16).GetValues(1)
07:45:57.762 INFO: JdwpDebugServer: handling req: ReferenceType(2).FieldsWithGeneric(14)
07:45:57.762 INFO: JdwpDebugServer: handling req: StackFrame(16).GetValues(1)
07:45:57.762 INFO: JdwpDebugServer: handling req: ReferenceType(2).Interfaces(10)
07:45:57.762 INFO: JdwpDebugServer: handling req: ClassType(3).Superclass(1)
07:45:57.762 INFO: JdwpDebugServer: handling req: ReferenceType(2).FieldsWithGeneric(14)
07:45:57.762 INFO: JdwpDebugServer: handling req: ClassType(3).Superclass(1)
07:45:57.763 INFO: JdwpDebugServer: handling req: ReferenceType(2).Interfaces(10)
07:45:57.763 INFO: JdwpDebugServer: handling req: ReferenceType(2).Interfaces(10)
07:45:57.763 INFO: JdwpDebugServer: handling req: ReferenceType(2).FieldsWithGeneric(14)
07:45:57.763 INFO: JdwpDebugServer: handling req: ReferenceType(2).Interfaces(10)
07:45:57.763 INFO: JdwpDebugServer: handling req: ReferenceType(2).Interfaces(10)
07:45:57.763 INFO: JdwpDebugServer: handling req: ReferenceType(2).Interfaces(10)
07:45:57.763 INFO: JdwpDebugServer: handling req: ReferenceType(2).FieldsWithGeneric(14)
07:45:57.763 INFO: JdwpDebugServer: handling req: ClassType(3).Superclass(1)
07:45:57.763 INFO: JdwpDebugServer: handling req: StackFrame(16).GetValues(1)
07:45:57.764 INFO: JdwpDebugServer: handling req: StackFrame(16).GetValues(1)
07:45:57.764 INFO: JdwpDebugServer: handling req: StackFrame(16).GetValues(1)
07:45:57.764 INFO: JdwpDebugServer: handling req: StackFrame(16).GetValues(1)
07:45:57.764 INFO: JdwpDebugServer: handling req: StringReference(10).Value(1)
07:45:57.765 INFO: JdwpDebugServer: handling req: ObjectReference(9).ReferenceType(1)
07:45:57.765 INFO: JdwpDebugServer: handling req: StackFrame(16).GetValues(1)
07:45:57.766 INFO: JdwpDebugServer: handling req: StackFrame(16).GetValues(1)
07:45:57.768 INFO: JdwpDebugServer: handling req: StackFrame(16).GetValues(1)
07:45:57.768 INFO: JdwpDebugServer: handling req: StackFrame(16).GetValues(1)
07:45:57.768 INFO: JdwpDebugServer: handling req: StackFrame(16).GetValues(1)
07:45:57.769 INFO: JdwpDebugServer: handling req: StackFrame(16).GetValues(1)
07:45:57.769 INFO: JdwpDebugServer: handling req: ObjectReference(9).ReferenceType(1)
07:45:57.769 INFO: JdwpDebugServer: handling req: StackFrame(16).GetValues(1)
07:45:57.769 INFO: JdwpDebugServer: handling req: ReferenceType(2).FieldsWithGeneric(14)
07:45:57.770 INFO: JdwpDebugServer: handling req: StackFrame(16).GetValues(1)
07:45:57.770 INFO: JdwpDebugServer: handling req: ReferenceType(2).Interfaces(10)
07:45:57.770 INFO: JdwpDebugServer: handling req: StackFrame(16).GetValues(1)
07:45:57.770 INFO: JdwpDebugServer: handling req: ReferenceType(2).FieldsWithGeneric(14)
07:45:57.770 INFO: JdwpDebugServer: handling req: ClassType(3).Superclass(1)
07:45:57.770 INFO: JdwpDebugServer: handling req: ReferenceType(2).Interfaces(10)
07:45:57.771 INFO: JdwpDebugServer: handling req: ClassType(3).Superclass(1)
07:45:57.771 INFO: JdwpDebugServer: handling req: StackFrame(16).GetValues(1)
07:45:57.771 INFO: JdwpDebugServer: handling req: StackFrame(16).GetValues(1)
07:45:57.771 INFO: JdwpDebugServer: handling req: StackFrame(16).GetValues(1)
07:45:57.771 INFO: JdwpDebugServer: handling req: StringReference(10).Value(1)
07:45:57.773 INFO: JdwpDebugServer: handling req: StackFrame(16).GetValues(1)
07:45:57.773 INFO: JdwpDebugServer: handling req: StackFrame(16).GetValues(1)
07:45:57.773 INFO: JdwpDebugServer: handling req: StackFrame(16).GetValues(1)
07:45:57.773 INFO: JdwpDebugServer: handling req: StackFrame(16).GetValues(1)
07:45:57.774 INFO: JdwpDebugServer: handling req: StackFrame(16).GetValues(1)
07:45:57.774 INFO: JdwpDebugServer: handling req: StackFrame(16).GetValues(1)
07:45:57.774 INFO: JdwpDebugServer: handling req: StackFrame(16).GetValues(1)
07:45:57.774 INFO: JdwpDebugServer: handling req: StackFrame(16).GetValues(1)
07:45:57.775 INFO: JdwpDebugServer: handling req: StackFrame(16).GetValues(1)
07:45:57.775 INFO: JdwpDebugServer: handling req: StackFrame(16).GetValues(1)
07:45:57.775 INFO: JdwpDebugServer: handling req: StackFrame(16).GetValues(1)
07:45:57.775 INFO: JdwpDebugServer: handling req: StackFrame(16).GetValues(1)
07:45:57.775 INFO: JdwpDebugServer: handling req: StackFrame(16).GetValues(1)
07:45:57.776 INFO: JdwpDebugServer: handling req: StackFrame(16).GetValues(1)
07:45:57.776 INFO: JdwpDebugServer: handling req: StackFrame(16).GetValues(1)
07:45:57.776 INFO: JdwpDebugServer: handling req: StackFrame(16).GetValues(1)
07:45:57.776 INFO: JdwpDebugServer: handling req: StackFrame(16).GetValues(1)
07:45:57.777 INFO: JdwpDebugServer: handling req: ReferenceType(2).SourceFile(7)
07:45:57.777 INFO: JdwpDebugServer: handling req: StackFrame(16).GetValues(1)
07:45:57.777 INFO: JdwpDebugServer: handling req: StackFrame(16).GetValues(1)
07:45:57.777 INFO: JdwpDebugServer: handling req: StackFrame(16).GetValues(1)
07:45:57.777 INFO: JdwpDebugServer: handling req: StackFrame(16).GetValues(1)
07:45:57.778 INFO: JdwpDebugServer: handling req: StackFrame(16).GetValues(1)
07:45:57.778 INFO: JdwpDebugServer: handling req: StackFrame(16).GetValues(1)
07:45:57.778 INFO: JdwpDebugServer: handling req: StackFrame(16).GetValues(1)
07:45:57.779 INFO: JdwpDebugServer: handling req: StackFrame(16).GetValues(1)
07:45:57.779 INFO: JdwpDebugServer: handling req: StackFrame(16).GetValues(1)
07:45:57.780 INFO: JdwpDebugServer: handling req: StackFrame(16).GetValues(1)
07:45:57.780 INFO: JdwpDebugServer: handling req: StackFrame(16).GetValues(1)
07:45:57.781 INFO: JdwpDebugServer: handling req: StackFrame(16).GetValues(1)
07:45:57.781 INFO: JdwpDebugServer: handling req: StackFrame(16).GetValues(1)
07:45:57.781 INFO: JdwpDebugServer: handling req: StackFrame(16).GetValues(1)
07:45:57.782 INFO: JdwpDebugServer: handling req: StackFrame(16).GetValues(1)
07:45:57.782 INFO: JdwpDebugServer: handling req: ClassType(3).Superclass(1)
07:45:57.782 INFO: JdwpDebugServer: handling req: StackFrame(16).GetValues(1)
07:45:57.782 INFO: JdwpDebugServer: handling req: ClassType(3).Superclass(1)
07:45:57.783 INFO: JdwpDebugServer: handling req: StackFrame(16).GetValues(1)
07:45:57.783 INFO: JdwpDebugServer: handling req: StackFrame(16).GetValues(1)
07:45:57.783 INFO: JdwpDebugServer: handling req: StackFrame(16).GetValues(1)
07:45:57.784 INFO: JdwpDebugServer: handling req: StackFrame(16).GetValues(1)
07:45:57.784 INFO: JdwpDebugServer: handling req: StackFrame(16).GetValues(1)
07:45:57.814 INFO: JdwpDebugServer: handling req: StackFrame(16).GetValues(1)
07:45:57.815 INFO: JdwpDebugServer: handling req: ThreadReference(11).FramesCount(7)
07:45:57.815 INFO: JdwpDebugServer: handling req: ClassType(3).Superclass(1)
07:45:57.828 INFO: JdwpDebugServer: handling req: ThreadReference(11).Name(1)
07:45:57.828 INFO: JdwpDebugServer: handling req: ThreadReference(11).Name(1)
07:45:57.828 INFO: JdwpDebugServer: handling req: ThreadReference(11).Name(1)
07:45:57.828 INFO: JdwpDebugServer: handling req: ThreadReference(11).Name(1)
07:45:57.831 INFO: JdwpDebugServer: handling req: ObjectReference(9).GetValues(2)
07:45:57.832 INFO: JdwpDebugServer: handling req: ObjectReference(9).ReferenceType(1)
07:45:57.832 INFO: JdwpDebugServer: handling req: ClassType(3).Superclass(1)
07:45:57.832 INFO: JdwpDebugServer: handling req: StringReference(10).Value(1)
07:45:57.836 INFO: JdwpDebugServer: handling req: ObjectReference(9).GetValues(2)
07:45:57.836 INFO: JdwpDebugServer: handling req: ObjectReference(9).GetValues(2)
07:45:57.836 INFO: JdwpDebugServer: handling req: ObjectReference(9).GetValues(2)
07:45:57.837 INFO: JdwpDebugServer: handling req: ObjectReference(9).GetValues(2)
07:45:57.837 INFO: JdwpDebugServer: handling req: ObjectReference(9).ReferenceType(1)
07:45:57.837 INFO: JdwpDebugServer: handling req: ReferenceType(2).FieldsWithGeneric(14)
07:45:57.837 INFO: JdwpDebugServer: handling req: ObjectReference(9).GetValues(2)
07:45:57.837 INFO: JdwpDebugServer: handling req: ReferenceType(2).Interfaces(10)
07:45:57.837 INFO: JdwpDebugServer: handling req: ObjectReference(9).GetValues(2)
07:45:57.837 INFO: JdwpDebugServer: handling req: ReferenceType(2).FieldsWithGeneric(14)
07:45:57.838 INFO: JdwpDebugServer: handling req: ObjectReference(9).GetValues(2)
07:45:57.838 INFO: JdwpDebugServer: handling req: ReferenceType(2).Interfaces(10)
07:45:57.838 INFO: JdwpDebugServer: handling req: ObjectReference(9).GetValues(2)
07:45:57.838 INFO: JdwpDebugServer: handling req: ClassType(3).Superclass(1)
07:45:57.838 INFO: JdwpDebugServer: handling req: ObjectReference(9).GetValues(2)
07:45:57.838 INFO: JdwpDebugServer: handling req: ObjectReference(9).GetValues(2)
07:45:57.838 INFO: JdwpDebugServer: handling req: ObjectReference(9).GetValues(2)
07:45:57.838 INFO: JdwpDebugServer: handling req: ObjectReference(9).ReferenceType(1)
07:45:57.838 INFO: JdwpDebugServer: handling req: ObjectReference(9).GetValues(2)
07:45:57.838 INFO: JdwpDebugServer: handling req: ObjectReference(9).GetValues(2)
07:45:57.839 INFO: JdwpDebugServer: handling req: ClassType(3).Superclass(1)
07:45:57.839 INFO: JdwpDebugServer: handling req: ObjectReference(9).ReferenceType(1)
07:45:57.839 INFO: JdwpDebugServer: handling req: ObjectReference(9).GetValues(2)
07:45:57.839 INFO: JdwpDebugServer: handling req: ObjectReference(9).GetValues(2)
07:45:57.839 INFO: JdwpDebugServer: handling req: ObjectReference(9).GetValues(2)
07:45:57.839 INFO: JdwpDebugServer: handling req: ObjectReference(9).GetValues(2)
07:45:57.839 INFO: JdwpDebugServer: handling req: ObjectReference(9).GetValues(2)
07:45:57.839 INFO: JdwpDebugServer: handling req: ObjectReference(9).GetValues(2)
07:45:57.839 INFO: JdwpDebugServer: handling req: ObjectReference(9).GetValues(2)
07:45:57.839 INFO: JdwpDebugServer: handling req: ObjectReference(9).GetValues(2)
07:45:57.840 INFO: JdwpDebugServer: handling req: ObjectReference(9).GetValues(2)
07:45:57.840 INFO: JdwpDebugServer: handling req: ObjectReference(9).GetValues(2)
07:45:57.840 INFO: JdwpDebugServer: handling req: ObjectReference(9).ReferenceType(1)
07:45:57.840 INFO: JdwpDebugServer: handling req: ObjectReference(9).GetValues(2)
07:45:57.841 INFO: JdwpDebugServer: handling req: ObjectReference(9).GetValues(2)
07:45:57.841 INFO: JdwpDebugServer: handling req: ObjectReference(9).ReferenceType(1)
07:45:57.841 INFO: JdwpDebugServer: handling req: ObjectReference(9).GetValues(2)
07:45:57.841 INFO: JdwpDebugServer: handling req: ReferenceType(2).FieldsWithGeneric(14)
07:45:57.841 INFO: JdwpDebugServer: handling req: ClassType(3).Superclass(1)
07:45:57.841 INFO: JdwpDebugServer: handling req: ObjectReference(9).GetValues(2)
07:45:57.841 INFO: JdwpDebugServer: handling req: ReferenceType(2).Interfaces(10)
07:45:57.841 INFO: JdwpDebugServer: handling req: ObjectReference(9).GetValues(2)
07:45:57.842 INFO: JdwpDebugServer: handling req: ClassType(3).Superclass(1)
07:45:57.842 INFO: JdwpDebugServer: handling req: ObjectReference(9).GetValues(2)
07:45:57.842 INFO: JdwpDebugServer: handling req: ReferenceType(2).FieldsWithGeneric(14)
07:45:57.842 INFO: JdwpDebugServer: handling req: ObjectReference(9).GetValues(2)
07:45:57.842 INFO: JdwpDebugServer: handling req: ReferenceType(2).Interfaces(10)
07:45:57.842 INFO: JdwpDebugServer: handling req: ObjectReference(9).GetValues(2)
07:45:57.842 INFO: JdwpDebugServer: handling req: ClassType(3).Superclass(1)
07:45:57.842 INFO: JdwpDebugServer: handling req: ReferenceType(2).FieldsWithGeneric(14)
07:45:57.843 INFO: JdwpDebugServer: handling req: ObjectReference(9).GetValues(2)
07:45:57.843 INFO: JdwpDebugServer: handling req: ReferenceType(2).Interfaces(10)
07:45:57.843 INFO: JdwpDebugServer: handling req: ObjectReference(9).GetValues(2)
07:45:57.843 INFO: JdwpDebugServer: handling req: ClassType(3).Superclass(1)
07:45:57.843 INFO: JdwpDebugServer: handling req: ClassType(3).Superclass(1)
07:45:57.843 INFO: JdwpDebugServer: handling req: ObjectReference(9).GetValues(2)
07:45:57.843 INFO: JdwpDebugServer: handling req: ObjectReference(9).GetValues(2)
07:45:57.843 INFO: JdwpDebugServer: handling req: ObjectReference(9).ReferenceType(1)
07:45:57.844 INFO: JdwpDebugServer: handling req: ReferenceType(2).FieldsWithGeneric(14)
07:45:57.844 INFO: JdwpDebugServer: handling req: ObjectReference(9).GetValues(2)
07:45:57.844 INFO: JdwpDebugServer: handling req: ReferenceType(2).Interfaces(10)
07:45:57.844 INFO: JdwpDebugServer: handling req: ClassType(3).Superclass(1)
07:45:57.844 INFO: JdwpDebugServer: handling req: ReferenceType(2).FieldsWithGeneric(14)
07:45:57.844 INFO: JdwpDebugServer: handling req: ReferenceType(2).Interfaces(10)
07:45:57.845 INFO: JdwpDebugServer: handling req: ClassType(3).Superclass(1)
07:45:57.848 INFO: JdwpDebugServer: handling req: ObjectReference(9).GetValues(2)
07:45:57.849 INFO: JdwpDebugServer: handling req: ObjectReference(9).GetValues(2)
07:45:57.853 INFO: JdwpDebugServer: handling req: ObjectReference(9).GetValues(2)
07:45:57.854 INFO: JdwpDebugServer: handling req: ObjectReference(9).GetValues(2)
07:45:57.854 INFO: JdwpDebugServer: handling req: ObjectReference(9).GetValues(2)
07:45:57.854 INFO: JdwpDebugServer: handling req: ObjectReference(9).GetValues(2)
07:45:57.854 INFO: JdwpDebugServer: handling req: ThreadReference(11).FramesCount(7)
07:45:57.854 INFO: JdwpDebugServer: handling req: ObjectReference(9).ReferenceType(1)
07:45:57.855 INFO: JdwpDebugServer: handling req: ObjectReference(9).GetValues(2)
07:45:57.855 INFO: JdwpDebugServer: handling req: ObjectReference(9).GetValues(2)
07:45:57.855 INFO: JdwpDebugServer: handling req: ObjectReference(9).ReferenceType(1)
07:45:57.855 INFO: JdwpDebugServer: handling req: ObjectReference(9).GetValues(2)
07:45:57.856 INFO: JdwpDebugServer: handling req: ObjectReference(9).GetValues(2)
07:45:57.856 INFO: JdwpDebugServer: handling req: ObjectReference(9).GetValues(2)
07:45:57.856 INFO: JdwpDebugServer: handling req: ObjectReference(9).ReferenceType(1)
07:45:57.856 INFO: JdwpDebugServer: handling req: ObjectReference(9).GetValues(2)
07:45:57.856 INFO: JdwpDebugServer: handling req: ObjectReference(9).GetValues(2)
07:45:57.857 INFO: JdwpDebugServer: handling req: ObjectReference(9).GetValues(2)
07:45:57.857 INFO: JdwpDebugServer: handling req: ObjectReference(9).ReferenceType(1)
07:45:57.857 INFO: JdwpDebugServer: handling req: ObjectReference(9).GetValues(2)
07:45:57.857 INFO: JdwpDebugServer: handling req: ObjectReference(9).GetValues(2)
07:45:57.857 INFO: JdwpDebugServer: handling req: ObjectReference(9).GetValues(2)
07:45:57.858 INFO: JdwpDebugServer: handling req: ObjectReference(9).GetValues(2)
07:45:57.858 INFO: JdwpDebugServer: handling req: ObjectReference(9).GetValues(2)
07:45:57.858 INFO: JdwpDebugServer: handling req: ObjectReference(9).ReferenceType(1)
07:45:57.858 INFO: JdwpDebugServer: handling req: ObjectReference(9).GetValues(2)
07:45:57.859 INFO: JdwpDebugServer: handling req: ObjectReference(9).GetValues(2)
07:45:57.859 INFO: JdwpDebugServer: handling req: ClassType(3).Superclass(1)
07:45:57.859 INFO: JdwpDebugServer: handling req: ObjectReference(9).GetValues(2)
07:45:57.859 INFO: JdwpDebugServer: handling req: ObjectReference(9).GetValues(2)
07:45:57.860 INFO: JdwpDebugServer: handling req: ObjectReference(9).GetValues(2)
07:45:57.860 INFO: JdwpDebugServer: handling req: StringReference(10).Value(1)
07:45:57.860 INFO: JdwpDebugServer: handling req: ObjectReference(9).GetValues(2)
07:45:57.860 INFO: JdwpDebugServer: handling req: ObjectReference(9).GetValues(2)
07:45:57.860 INFO: JdwpDebugServer: handling req: ObjectReference(9).GetValues(2)
07:45:57.860 INFO: JdwpDebugServer: handling req: ObjectReference(9).GetValues(2)
07:45:57.861 INFO: JdwpDebugServer: handling req: ObjectReference(9).GetValues(2)
07:45:57.861 INFO: JdwpDebugServer: handling req: ObjectReference(9).GetValues(2)
07:45:57.861 INFO: JdwpDebugServer: handling req: ObjectReference(9).GetValues(2)
07:45:57.861 INFO: JdwpDebugServer: handling req: ObjectReference(9).GetValues(2)
07:45:57.862 INFO: JdwpDebugServer: handling req: ObjectReference(9).GetValues(2)
07:45:57.862 INFO: JdwpDebugServer: handling req: ObjectReference(9).GetValues(2)
07:45:57.862 INFO: JdwpDebugServer: handling req: ObjectReference(9).GetValues(2)
07:45:57.862 INFO: JdwpDebugServer: handling req: ObjectReference(9).GetValues(2)
07:45:57.863 INFO: JdwpDebugServer: handling req: ObjectReference(9).GetValues(2)
07:45:57.863 INFO: JdwpDebugServer: handling req: ObjectReference(9).GetValues(2)
07:45:57.863 INFO: JdwpDebugServer: handling req: ObjectReference(9).GetValues(2)
07:45:57.863 INFO: JdwpDebugServer: handling req: ObjectReference(9).GetValues(2)
07:45:57.863 INFO: JdwpDebugServer: handling req: ObjectReference(9).GetValues(2)
07:45:57.864 INFO: JdwpDebugServer: handling req: ObjectReference(9).GetValues(2)
07:45:57.864 INFO: JdwpDebugServer: handling req: ClassType(3).Superclass(1)
07:45:57.864 INFO: JdwpDebugServer: handling req: ObjectReference(9).GetValues(2)
07:45:57.864 INFO: JdwpDebugServer: handling req: ObjectReference(9).GetValues(2)
07:45:57.864 INFO: JdwpDebugServer: handling req: ObjectReference(9).GetValues(2)
07:45:57.864 INFO: JdwpDebugServer: handling req: StringReference(10).Value(1)
07:45:57.865 INFO: JdwpDebugServer: handling req: ObjectReference(9).GetValues(2)
07:45:57.865 INFO: JdwpDebugServer: handling req: ObjectReference(9).GetValues(2)
07:45:57.866 INFO: JdwpDebugServer: handling req: ObjectReference(9).GetValues(2)
07:45:57.866 INFO: JdwpDebugServer: handling req: ObjectReference(9).GetValues(2)
07:45:57.866 INFO: JdwpDebugServer: handling req: ClassType(3).Superclass(1)
07:45:57.866 INFO: JdwpDebugServer: handling req: ObjectReference(9).GetValues(2)
07:45:57.866 INFO: JdwpDebugServer: handling req: ObjectReference(9).GetValues(2)
07:45:57.866 INFO: JdwpDebugServer: handling req: ObjectReference(9).GetValues(2)
07:45:57.866 INFO: JdwpDebugServer: handling req: ObjectReference(9).GetValues(2)
07:45:57.867 INFO: JdwpDebugServer: handling req: ObjectReference(9).GetValues(2)
07:45:57.867 INFO: JdwpDebugServer: handling req: ObjectReference(9).GetValues(2)
07:45:57.867 INFO: JdwpDebugServer: handling req: ObjectReference(9).GetValues(2)
07:45:57.867 INFO: JdwpDebugServer: handling req: ClassType(3).Superclass(1)
07:45:57.867 INFO: JdwpDebugServer: handling req: ObjectReference(9).GetValues(2)
07:45:57.868 INFO: JdwpDebugServer: handling req: ObjectReference(9).GetValues(2)
07:45:57.868 INFO: JdwpDebugServer: handling req: ObjectReference(9).GetValues(2)
07:45:57.869 INFO: JdwpDebugServer: handling req: ObjectReference(9).GetValues(2)
07:45:57.869 INFO: JdwpDebugServer: handling req: ObjectReference(9).GetValues(2)
07:45:57.870 INFO: JdwpDebugServer: handling req: ObjectReference(9).GetValues(2)
07:45:57.871 INFO: JdwpDebugServer: handling req: ObjectReference(9).GetValues(2)
07:45:57.872 INFO: JdwpDebugServer: handling req: ObjectReference(9).GetValues(2)
07:45:57.873 INFO: JdwpDebugServer: handling req: ObjectReference(9).GetValues(2)
07:45:57.874 INFO: JdwpDebugServer: handling req: ObjectReference(9).GetValues(2)
07:45:57.874 INFO: JdwpDebugServer: handling req: ObjectReference(9).GetValues(2)
07:45:57.875 INFO: JdwpDebugServer: handling req: ObjectReference(9).GetValues(2)
07:45:57.876 INFO: JdwpDebugServer: handling req: ObjectReference(9).GetValues(2)
07:45:57.876 INFO: JdwpDebugServer: handling req: ObjectReference(9).GetValues(2)
07:45:57.876 INFO: JdwpDebugServer: handling req: ObjectReference(9).GetValues(2)
07:45:57.877 INFO: JdwpDebugServer: handling req: ObjectReference(9).GetValues(2)
07:45:57.877 INFO: JdwpDebugServer: handling req: ObjectReference(9).GetValues(2)
07:45:57.878 INFO: JdwpDebugServer: handling req: ObjectReference(9).GetValues(2)
07:45:57.878 INFO: JdwpDebugServer: handling req: ObjectReference(9).GetValues(2)
07:45:57.879 INFO: JdwpDebugServer: handling req: ObjectReference(9).GetValues(2)
07:45:57.879 INFO: JdwpDebugServer: handling req: ObjectReference(9).GetValues(2)
07:45:57.879 INFO: JdwpDebugServer: handling req: ClassType(3).Superclass(1)
07:45:57.880 INFO: JdwpDebugServer: handling req: ObjectReference(9).GetValues(2)
07:45:57.880 INFO: JdwpDebugServer: handling req: ObjectReference(9).GetValues(2)
07:45:57.881 INFO: JdwpDebugServer: handling req: ObjectReference(9).GetValues(2)
07:45:57.881 INFO: JdwpDebugServer: handling req: ObjectReference(9).GetValues(2)
07:45:57.882 INFO: JdwpDebugServer: handling req: ObjectReference(9).GetValues(2)
07:45:57.882 INFO: JdwpDebugServer: handling req: ObjectReference(9).GetValues(2)
07:45:57.882 INFO: JdwpDebugServer: handling req: ObjectReference(9).GetValues(2)
07:45:57.882 INFO: JdwpDebugServer: handling req: ObjectReference(9).GetValues(2)
07:45:57.883 INFO: JdwpDebugServer: handling req: ObjectReference(9).GetValues(2)
07:45:57.883 INFO: JdwpDebugServer: handling req: ObjectReference(9).GetValues(2)
07:45:57.883 INFO: JdwpDebugServer: handling req: ObjectReference(9).GetValues(2)
07:45:57.883 INFO: JdwpDebugServer: handling req: ObjectReference(9).GetValues(2)
07:45:57.884 INFO: JdwpDebugServer: handling req: ObjectReference(9).GetValues(2)
07:45:57.884 INFO: JdwpDebugServer: handling req: ObjectReference(9).GetValues(2)
07:45:57.884 INFO: JdwpDebugServer: handling req: ClassType(3).Superclass(1)
07:45:57.884 INFO: JdwpDebugServer: handling req: ObjectReference(9).GetValues(2)
07:45:57.884 INFO: JdwpDebugServer: handling req: ObjectReference(9).GetValues(2)
07:45:57.885 INFO: JdwpDebugServer: handling req: ObjectReference(9).GetValues(2)
07:45:57.885 INFO: JdwpDebugServer: handling req: ObjectReference(9).GetValues(2)
07:45:57.885 INFO: JdwpDebugServer: handling req: ObjectReference(9).GetValues(2)
07:45:57.885 INFO: JdwpDebugServer: handling req: ObjectReference(9).GetValues(2)
07:45:57.885 INFO: JdwpDebugServer: handling req: ObjectReference(9).GetValues(2)
07:45:57.885 INFO: JdwpDebugServer: handling req: ClassType(3).Superclass(1)
07:45:57.885 INFO: JdwpDebugServer: handling req: ObjectReference(9).GetValues(2)
07:45:57.886 INFO: JdwpDebugServer: handling req: ObjectReference(9).GetValues(2)
07:45:57.886 INFO: JdwpDebugServer: handling req: ObjectReference(9).GetValues(2)
07:45:57.886 INFO: JdwpDebugServer: handling req: ObjectReference(9).GetValues(2)
07:45:57.886 INFO: JdwpDebugServer: handling req: ObjectReference(9).GetValues(2)
07:45:57.886 INFO: JdwpDebugServer: handling req: ObjectReference(9).GetValues(2)
07:45:57.887 INFO: JdwpDebugServer: handling req: ObjectReference(9).GetValues(2)
07:45:57.887 INFO: JdwpDebugServer: handling req: ClassType(3).Superclass(1)
07:45:57.887 INFO: JdwpDebugServer: handling req: ObjectReference(9).GetValues(2)
07:45:57.887 INFO: JdwpDebugServer: handling req: ObjectReference(9).GetValues(2)
07:45:57.887 INFO: JdwpDebugServer: handling req: ObjectReference(9).GetValues(2)
07:45:57.887 INFO: JdwpDebugServer: handling req: ObjectReference(9).GetValues(2)
07:45:57.888 INFO: JdwpDebugServer: handling req: ObjectReference(9).GetValues(2)
07:45:57.888 INFO: JdwpDebugServer: handling req: ObjectReference(9).GetValues(2)
07:45:57.888 INFO: JdwpDebugServer: handling req: ObjectReference(9).GetValues(2)
07:45:57.889 INFO: JdwpDebugServer: handling req: ObjectReference(9).GetValues(2)
07:45:57.889 INFO: JdwpDebugServer: handling req: ObjectReference(9).GetValues(2)
07:45:57.889 INFO: JdwpDebugServer: handling req: ObjectReference(9).GetValues(2)
07:45:57.890 INFO: JdwpDebugServer: handling req: ObjectReference(9).GetValues(2)
07:45:57.890 INFO: JdwpDebugServer: handling req: ObjectReference(9).GetValues(2)
07:45:57.890 INFO: JdwpDebugServer: handling req: ObjectReference(9).GetValues(2)
07:45:57.890 INFO: JdwpDebugServer: handling req: ObjectReference(9).GetValues(2)
07:45:57.890 INFO: JdwpDebugServer: handling req: ClassType(3).Superclass(1)
07:45:57.891 INFO: JdwpDebugServer: handling req: ObjectReference(9).GetValues(2)
07:45:57.891 INFO: JdwpDebugServer: handling req: ObjectReference(9).GetValues(2)
07:45:57.891 INFO: JdwpDebugServer: handling req: ObjectReference(9).GetValues(2)
07:45:57.891 INFO: JdwpDebugServer: handling req: StringReference(10).Value(1)
07:45:57.892 INFO: JdwpDebugServer: handling req: ObjectReference(9).GetValues(2)
07:45:57.892 INFO: JdwpDebugServer: handling req: ObjectReference(9).GetValues(2)
07:45:57.893 INFO: JdwpDebugServer: handling req: Method(6).LineTable(1)
07:45:57.894 INFO: JdwpDebugServer: handling req: StackFrame(16).ThisObject(3)
07:45:57.894 INFO: JdwpDebugServer: handling req: ObjectReference(9).ReferenceType(1)
07:45:57.895 INFO: JdwpDebugServer: handling req: Method(6).LineTable(1)
07:45:57.896 INFO: JdwpDebugServer: handling req: StackFrame(16).ThisObject(3)
07:45:57.896 INFO: JdwpDebugServer: handling req: ObjectReference(9).ReferenceType(1)
07:45:57.896 INFO: JdwpDebugServer: handling req: Method(6).LineTable(1)
07:45:57.896 INFO: JdwpDebugServer: handling req: StackFrame(16).ThisObject(3)
07:45:57.899 INFO: JdwpDebugServer: handling req: ObjectReference(9).ReferenceType(1)
07:45:57.899 INFO: JdwpDebugServer: handling req: Method(6).LineTable(1)
07:45:57.899 INFO: JdwpDebugServer: handling req: StackFrame(16).ThisObject(3)
07:45:57.901 INFO: JdwpDebugServer: handling req: ObjectReference(9).ReferenceType(1)
07:45:57.901 INFO: JdwpDebugServer: handling req: Method(6).LineTable(1)
07:45:57.901 INFO: JdwpDebugServer: handling req: StackFrame(16).ThisObject(3)
07:45:57.901 INFO: JdwpDebugServer: handling req: ObjectReference(9).ReferenceType(1)
07:45:57.901 INFO: JdwpDebugServer: handling req: Method(6).LineTable(1)
07:45:57.902 INFO: JdwpDebugServer: handling req: Method(6).LineTable(1)
07:45:57.902 INFO: JdwpDebugServer: handling req: Method(6).LineTable(1)
07:46:02.272 INFO: JdwpDebugServer: handling req: ObjectReference(9).GetValues(2)
07:46:02.367 INFO: JdwpDebugServer: handling req: StringReference(10).Value(1)
07:46:02.370 INFO: JdwpDebugServer: handling req: ObjectReference(9).GetValues(2)
07:46:02.370 INFO: JdwpDebugServer: handling req: ReferenceType(2).SourceFile(7)
07:46:02.371 INFO: JdwpDebugServer: handling req: ObjectReference(9).GetValues(2)
07:46:02.371 INFO: JdwpDebugServer: handling req: ObjectReference(9).GetValues(2)
07:46:02.374 INFO: JdwpDebugServer: handling req: ReferenceType(2).SourceFile(7)
07:46:02.397 INFO: JdwpDebugServer: handling req: ObjectReference(9).GetValues(2)
07:46:02.397 INFO: JdwpDebugServer: handling req: ObjectReference(9).GetValues(2)
07:46:02.398 INFO: JdwpDebugServer: handling req: ObjectReference(9).GetValues(2)
07:46:02.414 INFO: JdwpDebugServer: handling req: ObjectReference(9).GetValues(2)
07:46:02.414 INFO: JdwpDebugServer: handling req: ClassType(3).Superclass(1)
07:46:02.414 INFO: JdwpDebugServer: handling req: StringReference(10).Value(1)
07:46:04.712 INFO: JdwpDebugServer: handling req: ObjectReference(9).GetValues(2)
07:46:04.713 INFO: JdwpDebugServer: handling req: ObjectReference(9).GetValues(2)
07:46:04.713 INFO: JdwpDebugServer: handling req: ObjectReference(9).GetValues(2)
07:46:04.725 INFO: JdwpDebugServer: handling req: ObjectReference(9).GetValues(2)
07:46:04.726 INFO: JdwpDebugServer: handling req: ClassType(3).Superclass(1)
07:46:04.726 INFO: JdwpDebugServer: handling req: StringReference(10).Value(1)
07:46:06.527 INFO: JdwpDebugServer: handling req: ObjectReference(9).GetValues(2)
07:46:10.156 INFO: JdwpDebugServer: handling req: StringReference(10).Value(1)
07:47:15.348 INFO: JdwpDebugServer: handling req: ObjectReference(9).GetValues(2)
07:47:15.499 INFO: JdwpDebugServer: handling req: StringReference(10).Value(1)
07:47:42.580 INFO: JdwpDebugServer: handling req: VirtualMachine(1).Exit(10)
07:47:42.581 SEVERE: Debugger: Thread JDWP server socket thread crashed
org.robovm.debugger.DebuggerException: Terminating due exit command
	at org.robovm.debugger.jdwp.JdwpDebugServer.doSocketWork(JdwpDebugServer.java:211)
	at java.base/java.lang.Thread.run(Thread.java:833)
	at org.robovm.debugger.utils.DebuggerThread.run(DebuggerThread.java:42)
07:47:42.643 SEVERE: Debugger: Thread HooksChannel socket thread crashed
org.robovm.debugger.DebuggerException: java.nio.BufferUnderflowException
	at org.robovm.debugger.hooks.HooksChannel.doSocketWork(HooksChannel.java:149)
	at java.base/java.lang.Thread.run(Thread.java:833)
	at org.robovm.debugger.utils.DebuggerThread.run(DebuggerThread.java:42)
Caused by: java.nio.BufferUnderflowException
	at org.robovm.debugger.utils.bytebuffer.DataBufferWriter.writeFromStream(DataBufferWriter.java:91)
	at org.robovm.debugger.hooks.HooksChannel.doSocketWork(HooksChannel.java:116)
	... 2 more
