09:52:20.158 INFO: JdwpEventCenterDelegate: THREAD_STARTED: thread (33, main, main)
09:52:20.220 INFO: JdwpEventCenterDelegate: THREAD_STARTED: thread (48, ReferenceQueueDaemon, main)
09:52:20.222 INFO: JdwpEventCenterDelegate: THREAD_STARTED: thread (63, FinalizerDaemon, main)
09:52:20.224 INFO: JdwpEventCenterDelegate: THREAD_STARTED: thread (78, FinalizerWatchdogDaemon, main)
09:52:21.657 INFO: JdwpDebugServer: handling req: VirtualMachine(1).IDSizes(7)
09:52:21.658 INFO: JdwpDebugServer: handling req: EventRequest(15).Set(1)
09:52:21.659 INFO: JdwpEventCenterDelegate: jdwpSetEventRequest: JdwpEventRequest{requestId=100, eventKind=CLASS_UNLOAD, suspendPolicy=NONE, predicates=[]}
09:52:21.661 INFO: JdwpDebugServer: handling req: EventRequest(15).Set(1)
09:52:21.661 INFO: JdwpEventCenterDelegate: jdwpSetEventRequest: JdwpEventRequest{requestId=101, eventKind=THREAD_START, suspendPolicy=NONE, predicates=[]}
09:52:21.662 INFO: JdwpDebugServer: handling req: VirtualMachine(1).ClassesBySignature(2)
09:52:21.664 INFO: JdwpDebugServer: handling req: VirtualMachine(1).Version(1)
09:52:21.666 INFO: JdwpDebugServer: handling req: ReferenceType(2).MethodsWithGeneric(15)
09:52:21.667 INFO: JdwpDebugServer: handling req: Method(6).LineTable(1)
09:52:21.670 INFO: JdwpDebugServer: handling req: EventRequest(15).Set(1)
09:52:21.670 INFO: JdwpEventCenterDelegate: jdwpSetEventRequest: JdwpEventRequest{requestId=102, eventKind=BREAKPOINT, suspendPolicy=NONE, predicates=[Location{classId=845, methodId=257, index=928} ]}
09:52:21.671 INFO: JdwpDebugServer: handling req: EventRequest(15).Set(1)
09:52:21.671 INFO: JdwpEventCenterDelegate: jdwpSetEventRequest: JdwpEventRequest{requestId=103, eventKind=THREAD_DEATH, suspendPolicy=NONE, predicates=[]}
09:52:21.671 INFO: JdwpDebugServer: handling req: VirtualMachine(1).AllThreads(4)
09:52:21.672 INFO: JdwpDebugServer: handling req: ThreadReference(11).ThreadGroup(5)
09:52:21.672 INFO: JdwpDebugServer: handling req: ThreadGroup(12).Name(1)
09:52:21.672 INFO: JdwpDebugServer: handling req: ThreadGroup(12).Parent(2)
09:52:21.673 INFO: JdwpDebugServer: handling req: ObjectReference(9).ReferenceType(1)
09:52:21.674 INFO: JdwpDebugServer: handling req: ReferenceType(2).FieldsWithGeneric(14)
09:52:21.675 INFO: JdwpDebugServer: handling req: ReferenceType(2).Interfaces(10)
09:52:21.676 INFO: JdwpDebugServer: handling req: ReferenceType(2).FieldsWithGeneric(14)
09:52:21.676 INFO: JdwpDebugServer: handling req: ReferenceType(2).Interfaces(10)
09:52:21.676 INFO: JdwpDebugServer: handling req: ClassType(3).Superclass(1)
09:52:21.677 INFO: JdwpDebugServer: handling req: ReferenceType(2).FieldsWithGeneric(14)
09:52:21.677 INFO: JdwpDebugServer: handling req: ReferenceType(2).Interfaces(10)
09:52:21.677 INFO: JdwpDebugServer: handling req: ClassType(3).Superclass(1)
09:52:21.678 INFO: JdwpDebugServer: handling req: ObjectReference(9).GetValues(2)
09:52:21.680 INFO: JdwpDebugServer: handling req: ThreadReference(11).Status(4)
09:52:21.680 INFO: JdwpDebugServer: handling req: ThreadReference(11).Status(4)
09:52:21.681 INFO: JdwpDebugServer: handling req: ThreadReference(11).ThreadGroup(5)
09:52:21.681 INFO: JdwpDebugServer: handling req: ObjectReference(9).ReferenceType(1)
09:52:21.681 INFO: JdwpDebugServer: handling req: ObjectReference(9).GetValues(2)
09:52:21.682 INFO: JdwpDebugServer: handling req: ThreadReference(11).Status(4)
09:52:21.682 INFO: JdwpDebugServer: handling req: ThreadReference(11).Status(4)
09:52:21.683 INFO: JdwpDebugServer: handling req: ThreadReference(11).ThreadGroup(5)
09:52:21.683 INFO: JdwpDebugServer: handling req: ObjectReference(9).ReferenceType(1)
09:52:21.683 INFO: JdwpDebugServer: handling req: ObjectReference(9).GetValues(2)
09:52:21.683 INFO: JdwpDebugServer: handling req: ThreadReference(11).Status(4)
09:52:21.683 INFO: JdwpDebugServer: handling req: ThreadReference(11).Status(4)
09:52:21.684 INFO: JdwpDebugServer: handling req: ThreadReference(11).ThreadGroup(5)
09:52:21.684 INFO: JdwpDebugServer: handling req: ObjectReference(9).ReferenceType(1)
09:52:21.684 INFO: JdwpDebugServer: handling req: ObjectReference(9).GetValues(2)
09:52:21.684 INFO: JdwpDebugServer: handling req: ThreadReference(11).Status(4)
09:52:21.685 INFO: JdwpDebugServer: handling req: ThreadReference(11).Status(4)
09:52:21.688 INFO: JdwpDebugServer: handling req: EventRequest(15).Set(1)
09:52:21.688 INFO: JdwpEventCenterDelegate: jdwpSetEventRequest: JdwpEventRequest{requestId=104, eventKind=CLASS_PREPARE, suspendPolicy=EVENT_THREAD, predicates=[className=com.badlogic.gdx.graphics.g2d.SpriteBatch]}
09:52:21.893 INFO: JdwpDebugServer: handling req: EventRequest(15).Set(1)
09:52:21.893 INFO: JdwpEventCenterDelegate: jdwpSetEventRequest: JdwpEventRequest{requestId=105, eventKind=CLASS_PREPARE, suspendPolicy=EVENT_THREAD, predicates=[className=com.badlogic.gdx.graphics.g2d.SpriteBatch$*]}
09:52:21.895 INFO: JdwpDebugServer: handling req: VirtualMachine(1).ClassesBySignature(2)
09:52:21.895 INFO: JdwpDebugServer: handling req: ReferenceType(2).MethodsWithGeneric(15)
09:52:21.979 INFO: JdwpDebugServer: handling req: Method(6).LineTable(1)
09:52:21.980 INFO: JdwpDebugServer: handling req: Method(6).LineTable(1)
09:52:21.980 INFO: JdwpDebugServer: handling req: Method(6).LineTable(1)
09:52:21.980 INFO: JdwpDebugServer: handling req: Method(6).LineTable(1)
09:52:21.980 INFO: JdwpDebugServer: handling req: Method(6).LineTable(1)
09:52:21.980 INFO: JdwpDebugServer: handling req: Method(6).LineTable(1)
09:52:21.980 INFO: JdwpDebugServer: handling req: Method(6).LineTable(1)
09:52:21.980 INFO: JdwpDebugServer: handling req: Method(6).LineTable(1)
09:52:21.980 INFO: JdwpDebugServer: handling req: Method(6).LineTable(1)
09:52:21.980 INFO: JdwpDebugServer: handling req: Method(6).LineTable(1)
09:52:21.981 INFO: JdwpDebugServer: handling req: Method(6).LineTable(1)
09:52:21.981 INFO: JdwpDebugServer: handling req: Method(6).LineTable(1)
09:52:21.981 INFO: JdwpDebugServer: handling req: Method(6).LineTable(1)
09:52:21.981 INFO: JdwpDebugServer: handling req: Method(6).LineTable(1)
09:52:21.981 INFO: JdwpDebugServer: handling req: Method(6).LineTable(1)
09:52:21.982 INFO: JdwpDebugServer: handling req: Method(6).LineTable(1)
09:52:21.982 INFO: JdwpDebugServer: handling req: Method(6).LineTable(1)
09:52:21.982 INFO: JdwpDebugServer: handling req: Method(6).LineTable(1)
09:52:21.982 INFO: JdwpDebugServer: handling req: Method(6).LineTable(1)
09:52:21.982 INFO: JdwpDebugServer: handling req: Method(6).LineTable(1)
09:52:21.982 INFO: JdwpDebugServer: handling req: Method(6).LineTable(1)
09:52:21.983 INFO: JdwpDebugServer: handling req: Method(6).LineTable(1)
09:52:21.983 INFO: JdwpDebugServer: handling req: Method(6).LineTable(1)
09:52:21.983 INFO: JdwpDebugServer: handling req: Method(6).LineTable(1)
09:52:21.983 INFO: JdwpDebugServer: handling req: Method(6).LineTable(1)
09:52:21.983 INFO: JdwpDebugServer: handling req: Method(6).LineTable(1)
09:52:21.983 INFO: JdwpDebugServer: handling req: Method(6).LineTable(1)
09:52:21.984 INFO: JdwpDebugServer: handling req: Method(6).LineTable(1)
09:52:21.986 INFO: JdwpDebugServer: handling req: Method(6).LineTable(1)
09:52:21.986 INFO: JdwpDebugServer: handling req: Method(6).LineTable(1)
09:52:21.986 INFO: JdwpDebugServer: handling req: Method(6).LineTable(1)
09:52:21.986 INFO: JdwpDebugServer: handling req: Method(6).LineTable(1)
09:52:21.986 INFO: JdwpDebugServer: handling req: Method(6).LineTable(1)
09:52:21.987 INFO: JdwpDebugServer: handling req: Method(6).LineTable(1)
09:52:21.987 INFO: JdwpDebugServer: handling req: Method(6).LineTable(1)
09:52:21.987 INFO: JdwpDebugServer: handling req: Method(6).LineTable(1)
09:52:21.987 INFO: JdwpDebugServer: handling req: Method(6).LineTable(1)
09:52:21.987 INFO: JdwpDebugServer: handling req: Method(6).LineTable(1)
09:52:21.987 INFO: JdwpDebugServer: handling req: Method(6).LineTable(1)
09:52:21.988 INFO: JdwpDebugServer: handling req: Method(6).LineTable(1)
09:52:21.988 INFO: JdwpDebugServer: handling req: Method(6).LineTable(1)
09:52:21.988 INFO: JdwpDebugServer: handling req: Method(6).LineTable(1)
09:52:21.988 INFO: JdwpDebugServer: handling req: Method(6).LineTable(1)
09:52:21.988 INFO: JdwpDebugServer: handling req: Method(6).LineTable(1)
09:52:21.989 INFO: JdwpDebugServer: handling req: EventRequest(15).Set(1)
09:52:21.989 INFO: JdwpEventCenterDelegate: jdwpSetEventRequest: JdwpEventRequest{requestId=106, eventKind=BREAKPOINT, suspendPolicy=EVENT_THREAD, predicates=[Location{classId=18040, methodId=1122, index=163} ]}
09:52:21.990 INFO: JdwpDebugServer: handling req: ReferenceType(2).Signature(1)
09:52:21.993 INFO: JdwpDebugServer: handling req: EventRequest(15).Set(1)
09:52:21.993 INFO: JdwpEventCenterDelegate: jdwpSetEventRequest: JdwpEventRequest{requestId=107, eventKind=CLASS_PREPARE, suspendPolicy=EVENT_THREAD, predicates=[className=java.lang.Throwable]}
09:52:21.994 INFO: JdwpDebugServer: handling req: EventRequest(15).Set(1)
09:52:21.994 INFO: JdwpEventCenterDelegate: jdwpSetEventRequest: JdwpEventRequest{requestId=108, eventKind=CLASS_PREPARE, suspendPolicy=EVENT_THREAD, predicates=[className=java.lang.Throwable$*]}
09:52:21.995 INFO: JdwpDebugServer: handling req: VirtualMachine(1).ClassesBySignature(2)
09:52:21.996 INFO: JdwpDebugServer: handling req: ReferenceType(2).MethodsWithGeneric(15)
09:52:21.996 INFO: JdwpDebugServer: handling req: Method(6).LineTable(1)
09:52:21.996 INFO: JdwpDebugServer: handling req: Method(6).LineTable(1)
09:52:21.997 INFO: JdwpDebugServer: handling req: Method(6).LineTable(1)
09:52:21.997 INFO: JdwpDebugServer: handling req: Method(6).LineTable(1)
09:52:21.997 INFO: JdwpDebugServer: handling req: Method(6).LineTable(1)
09:52:21.997 INFO: JdwpDebugServer: handling req: Method(6).LineTable(1)
09:52:21.997 INFO: JdwpDebugServer: handling req: Method(6).LineTable(1)
09:52:21.997 INFO: JdwpDebugServer: handling req: Method(6).LineTable(1)
09:52:21.998 INFO: JdwpDebugServer: handling req: Method(6).LineTable(1)
09:52:21.998 INFO: JdwpDebugServer: handling req: Method(6).LineTable(1)
09:52:21.998 INFO: JdwpDebugServer: handling req: Method(6).LineTable(1)
09:52:21.998 INFO: JdwpDebugServer: handling req: Method(6).LineTable(1)
09:52:21.998 INFO: JdwpDebugServer: handling req: Method(6).LineTable(1)
09:52:21.998 INFO: JdwpDebugServer: handling req: Method(6).LineTable(1)
09:52:21.999 INFO: JdwpDebugServer: handling req: Method(6).LineTable(1)
09:52:21.999 INFO: JdwpDebugServer: handling req: Method(6).LineTable(1)
09:52:21.999 INFO: JdwpDebugServer: handling req: Method(6).LineTable(1)
09:52:21.999 INFO: JdwpDebugServer: handling req: Method(6).LineTable(1)
09:52:21.999 INFO: JdwpDebugServer: handling req: Method(6).LineTable(1)
09:52:21.999 INFO: JdwpDebugServer: handling req: Method(6).LineTable(1)
09:52:21.999 INFO: JdwpDebugServer: handling req: Method(6).LineTable(1)
09:52:22.000 INFO: JdwpDebugServer: handling req: Method(6).LineTable(1)
09:52:22.000 INFO: JdwpDebugServer: handling req: Method(6).LineTable(1)
09:52:22.000 INFO: JdwpDebugServer: handling req: Method(6).LineTable(1)
09:52:22.000 INFO: JdwpDebugServer: handling req: VirtualMachine(1).ClassesBySignature(2)
09:52:22.001 INFO: JdwpDebugServer: handling req: VirtualMachine(1).AllClassesWithGeneric(20)
09:52:22.033 INFO: JdwpDebugServer: handling req: EventRequest(15).Set(1)
09:52:22.034 INFO: JdwpEventCenterDelegate: jdwpSetEventRequest: JdwpEventRequest{requestId=109, eventKind=CLASS_PREPARE, suspendPolicy=EVENT_THREAD, predicates=[className=com.badlogic.gdx.utils.ScreenUtils]}
09:52:22.036 INFO: JdwpDebugServer: handling req: EventRequest(15).Set(1)
09:52:22.036 INFO: JdwpEventCenterDelegate: jdwpSetEventRequest: JdwpEventRequest{requestId=110, eventKind=CLASS_PREPARE, suspendPolicy=EVENT_THREAD, predicates=[className=com.badlogic.gdx.utils.ScreenUtils$*]}
09:52:22.038 INFO: JdwpDebugServer: handling req: VirtualMachine(1).ClassesBySignature(2)
09:52:22.038 INFO: JdwpDebugServer: handling req: ReferenceType(2).MethodsWithGeneric(15)
09:52:22.039 INFO: JdwpDebugServer: handling req: Method(6).LineTable(1)
09:52:22.039 INFO: JdwpDebugServer: handling req: Method(6).LineTable(1)
09:52:22.039 INFO: JdwpDebugServer: handling req: Method(6).LineTable(1)
09:52:22.039 INFO: JdwpDebugServer: handling req: Method(6).LineTable(1)
09:52:22.040 INFO: JdwpDebugServer: handling req: Method(6).LineTable(1)
09:52:22.040 INFO: JdwpDebugServer: handling req: Method(6).LineTable(1)
09:52:22.040 INFO: JdwpDebugServer: handling req: Method(6).LineTable(1)
09:52:22.040 INFO: JdwpDebugServer: handling req: Method(6).LineTable(1)
09:52:22.040 INFO: JdwpDebugServer: handling req: Method(6).LineTable(1)
09:52:22.041 INFO: JdwpDebugServer: handling req: Method(6).LineTable(1)
09:52:22.041 INFO: JdwpDebugServer: handling req: EventRequest(15).Set(1)
09:52:22.041 INFO: JdwpEventCenterDelegate: jdwpSetEventRequest: JdwpEventRequest{requestId=111, eventKind=BREAKPOINT, suspendPolicy=EVENT_THREAD, predicates=[Location{classId=22240, methodId=1492, index=89} ]}
09:52:22.042 INFO: JdwpDebugServer: handling req: EventRequest(15).Set(1)
09:52:22.042 INFO: JdwpEventCenterDelegate: jdwpSetEventRequest: JdwpEventRequest{requestId=112, eventKind=CLASS_PREPARE, suspendPolicy=EVENT_THREAD, predicates=[className=com.badlogic.gdx.utils.ScreenUtils]}
09:52:22.043 INFO: JdwpDebugServer: handling req: EventRequest(15).Set(1)
09:52:22.043 INFO: JdwpEventCenterDelegate: jdwpSetEventRequest: JdwpEventRequest{requestId=113, eventKind=CLASS_PREPARE, suspendPolicy=EVENT_THREAD, predicates=[className=com.badlogic.gdx.utils.ScreenUtils$*]}
09:52:22.044 INFO: JdwpDebugServer: handling req: VirtualMachine(1).ClassesBySignature(2)
09:52:22.045 INFO: JdwpDebugServer: handling req: EventRequest(15).Set(1)
09:52:22.045 INFO: JdwpEventCenterDelegate: jdwpSetEventRequest: JdwpEventRequest{requestId=114, eventKind=BREAKPOINT, suspendPolicy=EVENT_THREAD, predicates=[Location{classId=22240, methodId=1487, index=72} ]}
09:52:22.047 INFO: JdwpDebugServer: handling req: EventRequest(15).Set(1)
09:52:22.047 INFO: JdwpEventCenterDelegate: jdwpSetEventRequest: JdwpEventRequest{requestId=115, eventKind=CLASS_PREPARE, suspendPolicy=EVENT_THREAD, predicates=[className=com.abdalla.bushnaq.pluvia.launcher.IOSLauncher]}
09:52:22.048 INFO: JdwpDebugServer: handling req: EventRequest(15).Set(1)
09:52:22.048 INFO: JdwpEventCenterDelegate: jdwpSetEventRequest: JdwpEventRequest{requestId=116, eventKind=CLASS_PREPARE, suspendPolicy=EVENT_THREAD, predicates=[className=com.abdalla.bushnaq.pluvia.launcher.IOSLauncher$*]}
09:52:22.049 INFO: JdwpDebugServer: handling req: VirtualMachine(1).ClassesBySignature(2)
09:52:22.050 INFO: JdwpDebugServer: handling req: ReferenceType(2).MethodsWithGeneric(15)
09:52:22.050 INFO: JdwpDebugServer: handling req: Method(6).LineTable(1)
09:52:22.050 INFO: JdwpDebugServer: handling req: Method(6).LineTable(1)
09:52:22.050 INFO: JdwpDebugServer: handling req: Method(6).LineTable(1)
09:52:22.050 INFO: JdwpDebugServer: handling req: Method(6).LineTable(1)
09:52:22.051 INFO: JdwpDebugServer: handling req: EventRequest(15).Set(1)
09:52:22.051 INFO: JdwpEventCenterDelegate: jdwpSetEventRequest: JdwpEventRequest{requestId=117, eventKind=BREAKPOINT, suspendPolicy=EVENT_THREAD, predicates=[Location{classId=12885, methodId=1527, index=74} ]}
09:52:22.054 INFO: JdwpDebugServer: handling req: VirtualMachine(1).capabilitiesNew(17)
09:52:22.065 INFO: JdwpDebugServer: handling req: EventRequest(15).Set(1)
09:52:22.066 INFO: JdwpEventCenterDelegate: jdwpSetEventRequest: JdwpEventRequest{requestId=118, eventKind=CLASS_PREPARE, suspendPolicy=EVENT_THREAD, predicates=[className=java.lang.Error]}
09:52:22.067 INFO: JdwpDebugServer: handling req: EventRequest(15).Set(1)
09:52:22.067 INFO: JdwpEventCenterDelegate: jdwpSetEventRequest: JdwpEventRequest{requestId=119, eventKind=CLASS_PREPARE, suspendPolicy=EVENT_THREAD, predicates=[className=java.lang.Error$*]}
09:52:22.069 INFO: JdwpDebugServer: handling req: VirtualMachine(1).ClassesBySignature(2)
09:52:22.069 INFO: JdwpDebugServer: handling req: EventRequest(15).Set(1)
09:52:22.070 INFO: JdwpEventCenterDelegate: jdwpSetEventRequest: JdwpEventRequest{requestId=120, eventKind=EXCEPTION, suspendPolicy=EVENT_THREAD, predicates=[exceptionType=3425(caught=true, uncaught=true)]}
09:52:22.135 INFO: JdwpDebugServer: handling req: EventRequest(15).Set(1)
09:52:22.136 INFO: JdwpEventCenterDelegate: jdwpSetEventRequest: JdwpEventRequest{requestId=121, eventKind=CLASS_PREPARE, suspendPolicy=EVENT_THREAD, predicates=[className=java.lang.Throwable]}
09:52:22.137 INFO: JdwpDebugServer: handling req: EventRequest(15).Set(1)
09:52:22.137 INFO: JdwpEventCenterDelegate: jdwpSetEventRequest: JdwpEventRequest{requestId=122, eventKind=CLASS_PREPARE, suspendPolicy=EVENT_THREAD, predicates=[className=java.lang.Throwable$*]}
09:52:22.142 INFO: JdwpDebugServer: handling req: VirtualMachine(1).ClassesBySignature(2)
09:52:22.142 INFO: JdwpDebugServer: handling req: EventRequest(15).Set(1)
09:52:22.142 INFO: JdwpEventCenterDelegate: jdwpSetEventRequest: JdwpEventRequest{requestId=123, eventKind=EXCEPTION, suspendPolicy=EVENT_THREAD, predicates=[exceptionType=7695(caught=false, uncaught=true)]}
09:52:22.147 INFO: JdwpDebugServer: handling req: ThreadReference(11).SuspendCount(12)
09:52:22.147 INFO: JdwpDebugServer: handling req: ThreadReference(11).SuspendCount(12)
09:52:22.148 INFO: JdwpDebugServer: handling req: ThreadReference(11).SuspendCount(12)
09:52:22.148 INFO: JdwpDebugServer: handling req: ThreadReference(11).SuspendCount(12)
09:52:22.148 INFO: JdwpDebugServer: handling req: VirtualMachine(1).AllThreads(4)
09:52:22.148 INFO: JdwpDebugServer: handling req: VirtualMachine(1).Resume(9)
09:52:22.187 INFO: JdwpDebugServer: handling req: EventRequest(15).Set(1)
09:52:22.187 INFO: JdwpEventCenterDelegate: jdwpSetEventRequest: JdwpEventRequest{requestId=124, eventKind=BREAKPOINT, suspendPolicy=EVENT_THREAD, predicates=[Location{classId=12885, methodId=1527, index=74} ]}
09:52:22.193 INFO: JdwpDebugServer: handling req: ThreadReference(11).Resume(3)
09:52:22.194 INFO: JdwpEventCenterDelegate: THREAD_RESUMED: thread (33, main, main)
09:52:22.225 INFO: JdwpEventCenterDelegate: THREAD_RESUMED: thread (33, main, main)
09:52:22.226 INFO: JdwpEventCenterDelegate: THREAD_RESUMED: thread (33, main, main)
09:52:22.226 INFO: JdwpEventCenterDelegate: THREAD_RESUMED: thread (33, main, main)
09:52:22.227 INFO: JdwpEventCenterDelegate: THREAD_RESUMED: thread (33, main, main)
09:52:22.227 INFO: JdwpEventCenterDelegate: THREAD_RESUMED: thread (33, main, main)
09:52:22.228 INFO: JdwpEventCenterDelegate: THREAD_RESUMED: thread (33, main, main)
09:52:22.228 INFO: JdwpEventCenterDelegate: THREAD_RESUMED: thread (33, main, main)
09:52:22.230 INFO: JdwpEventCenterDelegate: THREAD_RESUMED: thread (33, main, main)
09:52:22.231 INFO: JdwpEventCenterDelegate: THREAD_RESUMED: thread (33, main, main)
09:52:22.231 INFO: JdwpEventCenterDelegate: THREAD_RESUMED: thread (33, main, main)
09:52:22.232 INFO: JdwpEventCenterDelegate: THREAD_RESUMED: thread (33, main, main)
09:52:22.239 INFO: JdwpEventCenterDelegate: THREAD_RESUMED: thread (33, main, main)
09:52:22.239 INFO: JdwpEventCenterDelegate: THREAD_RESUMED: thread (33, main, main)
09:52:22.239 INFO: JdwpEventCenterDelegate: THREAD_RESUMED: thread (33, main, main)
09:52:22.313 INFO: JdwpEventCenterDelegate: THREAD_RESUMED: thread (33, main, main)
09:52:22.313 INFO: JdwpEventCenterDelegate: THREAD_RESUMED: thread (33, main, main)
09:52:22.313 INFO: JdwpEventCenterDelegate: THREAD_RESUMED: thread (33, main, main)
09:52:22.322 INFO: JdwpEventCenterDelegate: THREAD_RESUMED: thread (33, main, main)
09:52:22.323 INFO: JdwpEventCenterDelegate: THREAD_RESUMED: thread (33, main, main)
09:52:22.323 INFO: JdwpEventCenterDelegate: THREAD_RESUMED: thread (33, main, main)
09:52:22.630 INFO: JdwpEventCenterDelegate: THREAD_RESUMED: thread (33, main, main)
09:52:22.632 INFO: JdwpEventCenterDelegate: THREAD_RESUMED: thread (33, main, main)
09:52:22.633 INFO: JdwpEventCenterDelegate: THREAD_RESUMED: thread (33, main, main)
09:52:22.688 INFO: JdwpDebugServer: handling req: ThreadReference(11).Name(1)
09:52:22.692 INFO: JdwpDebugServer: handling req: ThreadReference(11).Name(1)
09:52:22.692 INFO: JdwpDebugServer: handling req: ThreadReference(11).Name(1)
09:52:22.693 INFO: JdwpDebugServer: handling req: ThreadReference(11).Name(1)
09:52:22.700 INFO: JdwpEventCenterDelegate: THREAD_RESUMED: thread (33, main, main)
09:52:22.701 INFO: JdwpEventCenterDelegate: THREAD_RESUMED: thread (33, main, main)
09:52:22.702 INFO: JdwpEventCenterDelegate: THREAD_RESUMED: thread (33, main, main)
09:52:22.737 INFO: JdwpEventCenterDelegate: THREAD_RESUMED: thread (33, main, main)
09:52:22.738 INFO: JdwpEventCenterDelegate: THREAD_RESUMED: thread (33, main, main)
09:52:22.739 INFO: JdwpEventCenterDelegate: THREAD_RESUMED: thread (33, main, main)
09:52:22.762 INFO: JdwpEventCenterDelegate: THREAD_RESUMED: thread (33, main, main)
09:52:22.763 INFO: JdwpEventCenterDelegate: THREAD_RESUMED: thread (33, main, main)
09:52:22.763 INFO: JdwpEventCenterDelegate: THREAD_RESUMED: thread (33, main, main)
09:52:22.764 INFO: JdwpEventCenterDelegate: THREAD_RESUMED: thread (33, main, main)
09:52:22.770 INFO: JdwpEventCenterDelegate: THREAD_RESUMED: thread (33, main, main)
09:52:22.771 INFO: JdwpEventCenterDelegate: THREAD_RESUMED: thread (33, main, main)
09:52:23.302 INFO: JdwpEventCenterDelegate: THREAD_RESUMED: thread (33, main, main)
09:52:23.303 INFO: JdwpEventCenterDelegate: THREAD_RESUMED: thread (33, main, main)
09:52:23.321 INFO: JdwpEventCenterDelegate: THREAD_RESUMED: thread (33, main, main)
09:52:23.322 INFO: JdwpEventCenterDelegate: THREAD_RESUMED: thread (33, main, main)
09:52:23.322 INFO: JdwpEventCenterDelegate: THREAD_RESUMED: thread (33, main, main)
09:52:23.323 INFO: JdwpEventCenterDelegate: THREAD_RESUMED: thread (33, main, main)
09:52:23.389 INFO: JdwpEventCenterDelegate: THREAD_RESUMED: thread (33, main, main)
09:52:23.771 INFO: JdwpEventCenterDelegate: THREAD_RESUMED: thread (33, main, main)
09:52:23.772 INFO: JdwpEventCenterDelegate: THREAD_RESUMED: thread (33, main, main)
09:52:23.773 INFO: JdwpEventCenterDelegate: THREAD_RESUMED: thread (33, main, main)
09:52:23.774 INFO: JdwpEventCenterDelegate: THREAD_RESUMED: thread (33, main, main)
09:52:23.774 INFO: JdwpEventCenterDelegate: THREAD_RESUMED: thread (33, main, main)
09:52:23.775 INFO: JdwpEventCenterDelegate: THREAD_RESUMED: thread (33, main, main)
09:52:23.826 INFO: JdwpEventCenterDelegate: THREAD_RESUMED: thread (33, main, main)
09:52:23.829 INFO: JdwpEventCenterDelegate: THREAD_RESUMED: thread (33, main, main)
09:52:23.830 INFO: JdwpEventCenterDelegate: THREAD_RESUMED: thread (33, main, main)
09:52:23.831 INFO: JdwpEventCenterDelegate: THREAD_RESUMED: thread (33, main, main)
09:52:23.833 INFO: JdwpEventCenterDelegate: THREAD_RESUMED: thread (33, main, main)
09:52:23.834 INFO: JdwpEventCenterDelegate: THREAD_RESUMED: thread (33, main, main)
09:52:23.836 INFO: JdwpEventCenterDelegate: THREAD_RESUMED: thread (33, main, main)
09:52:23.853 INFO: JdwpEventCenterDelegate: THREAD_RESUMED: thread (33, main, main)
09:52:23.868 INFO: JdwpEventCenterDelegate: THREAD_RESUMED: thread (33, main, main)
09:52:23.880 INFO: JdwpEventCenterDelegate: THREAD_RESUMED: thread (33, main, main)
09:52:23.890 INFO: JdwpEventCenterDelegate: THREAD_RESUMED: thread (33, main, main)
09:52:23.911 INFO: JdwpEventCenterDelegate: THREAD_RESUMED: thread (33, main, main)
09:52:23.929 INFO: JdwpEventCenterDelegate: THREAD_RESUMED: thread (33, main, main)
09:52:23.934 INFO: JdwpEventCenterDelegate: THREAD_RESUMED: thread (33, main, main)
09:52:23.939 INFO: JdwpEventCenterDelegate: THREAD_RESUMED: thread (33, main, main)
09:52:23.944 INFO: JdwpEventCenterDelegate: THREAD_RESUMED: thread (33, main, main)
09:52:23.948 INFO: JdwpEventCenterDelegate: THREAD_RESUMED: thread (33, main, main)
09:52:23.956 INFO: JdwpEventCenterDelegate: THREAD_RESUMED: thread (33, main, main)
09:52:23.963 INFO: JdwpEventCenterDelegate: THREAD_RESUMED: thread (33, main, main)
09:52:23.968 INFO: JdwpEventCenterDelegate: THREAD_RESUMED: thread (33, main, main)
09:52:23.973 INFO: JdwpEventCenterDelegate: THREAD_RESUMED: thread (33, main, main)
09:52:23.978 INFO: JdwpEventCenterDelegate: THREAD_RESUMED: thread (33, main, main)
09:52:23.983 INFO: JdwpEventCenterDelegate: THREAD_RESUMED: thread (33, main, main)
09:52:23.991 INFO: JdwpEventCenterDelegate: THREAD_RESUMED: thread (33, main, main)
09:52:23.996 INFO: JdwpEventCenterDelegate: THREAD_RESUMED: thread (33, main, main)
09:52:23.998 INFO: JdwpEventCenterDelegate: THREAD_RESUMED: thread (33, main, main)
09:52:23.999 INFO: JdwpEventCenterDelegate: THREAD_RESUMED: thread (33, main, main)
09:52:24.001 INFO: JdwpEventCenterDelegate: THREAD_RESUMED: thread (33, main, main)
09:52:24.003 INFO: JdwpEventCenterDelegate: THREAD_RESUMED: thread (33, main, main)
09:52:24.005 INFO: JdwpEventCenterDelegate: THREAD_RESUMED: thread (33, main, main)
09:52:24.007 INFO: JdwpEventCenterDelegate: THREAD_RESUMED: thread (33, main, main)
09:52:24.008 INFO: JdwpEventCenterDelegate: THREAD_RESUMED: thread (33, main, main)
09:52:24.009 INFO: JdwpEventCenterDelegate: THREAD_RESUMED: thread (33, main, main)
09:52:24.011 INFO: JdwpEventCenterDelegate: THREAD_RESUMED: thread (33, main, main)
09:52:24.012 INFO: JdwpEventCenterDelegate: THREAD_RESUMED: thread (33, main, main)
09:52:24.013 INFO: JdwpEventCenterDelegate: THREAD_RESUMED: thread (33, main, main)
09:52:24.014 INFO: JdwpEventCenterDelegate: THREAD_RESUMED: thread (33, main, main)
09:52:24.015 INFO: JdwpEventCenterDelegate: THREAD_RESUMED: thread (33, main, main)
09:52:24.017 INFO: JdwpEventCenterDelegate: THREAD_RESUMED: thread (33, main, main)
09:52:24.018 INFO: JdwpEventCenterDelegate: THREAD_RESUMED: thread (33, main, main)
09:52:24.019 INFO: JdwpEventCenterDelegate: THREAD_RESUMED: thread (33, main, main)
09:52:24.020 INFO: JdwpEventCenterDelegate: THREAD_RESUMED: thread (33, main, main)
09:52:24.021 INFO: JdwpEventCenterDelegate: THREAD_RESUMED: thread (33, main, main)
09:52:24.022 INFO: JdwpEventCenterDelegate: THREAD_RESUMED: thread (33, main, main)
09:52:24.023 INFO: JdwpEventCenterDelegate: THREAD_RESUMED: thread (33, main, main)
09:52:24.024 INFO: JdwpEventCenterDelegate: THREAD_RESUMED: thread (33, main, main)
09:52:24.026 INFO: JdwpEventCenterDelegate: THREAD_RESUMED: thread (33, main, main)
09:52:24.027 INFO: JdwpEventCenterDelegate: THREAD_RESUMED: thread (33, main, main)
09:52:24.028 INFO: JdwpEventCenterDelegate: THREAD_RESUMED: thread (33, main, main)
09:52:24.029 INFO: JdwpEventCenterDelegate: THREAD_RESUMED: thread (33, main, main)
09:52:24.030 INFO: JdwpEventCenterDelegate: THREAD_RESUMED: thread (33, main, main)
09:52:24.031 INFO: JdwpEventCenterDelegate: THREAD_RESUMED: thread (33, main, main)
09:52:24.032 INFO: JdwpEventCenterDelegate: THREAD_RESUMED: thread (33, main, main)
09:52:24.033 INFO: JdwpEventCenterDelegate: THREAD_RESUMED: thread (33, main, main)
09:52:24.034 INFO: JdwpEventCenterDelegate: THREAD_RESUMED: thread (33, main, main)
09:52:24.035 INFO: JdwpEventCenterDelegate: THREAD_RESUMED: thread (33, main, main)
09:52:24.036 INFO: JdwpEventCenterDelegate: THREAD_RESUMED: thread (33, main, main)
09:52:24.037 INFO: JdwpEventCenterDelegate: THREAD_RESUMED: thread (33, main, main)
09:52:24.038 INFO: JdwpEventCenterDelegate: THREAD_RESUMED: thread (33, main, main)
09:52:24.039 INFO: JdwpEventCenterDelegate: THREAD_RESUMED: thread (33, main, main)
09:52:24.041 INFO: JdwpEventCenterDelegate: THREAD_RESUMED: thread (33, main, main)
09:52:24.042 INFO: JdwpEventCenterDelegate: THREAD_RESUMED: thread (33, main, main)
09:52:24.043 INFO: JdwpEventCenterDelegate: THREAD_RESUMED: thread (33, main, main)
09:52:24.044 INFO: JdwpEventCenterDelegate: THREAD_RESUMED: thread (33, main, main)
09:52:24.045 INFO: JdwpEventCenterDelegate: THREAD_RESUMED: thread (33, main, main)
09:52:24.046 INFO: JdwpEventCenterDelegate: THREAD_RESUMED: thread (33, main, main)
09:52:24.047 INFO: JdwpEventCenterDelegate: THREAD_RESUMED: thread (33, main, main)
09:52:24.048 INFO: JdwpEventCenterDelegate: THREAD_RESUMED: thread (33, main, main)
09:52:24.049 INFO: JdwpEventCenterDelegate: THREAD_RESUMED: thread (33, main, main)
09:52:24.050 INFO: JdwpEventCenterDelegate: THREAD_RESUMED: thread (33, main, main)
09:52:24.051 INFO: JdwpEventCenterDelegate: THREAD_RESUMED: thread (33, main, main)
09:52:24.052 INFO: JdwpEventCenterDelegate: THREAD_RESUMED: thread (33, main, main)
09:52:24.053 INFO: JdwpEventCenterDelegate: THREAD_RESUMED: thread (33, main, main)
09:52:24.054 INFO: JdwpEventCenterDelegate: THREAD_RESUMED: thread (33, main, main)
09:52:24.055 INFO: JdwpEventCenterDelegate: THREAD_RESUMED: thread (33, main, main)
09:52:24.056 INFO: JdwpEventCenterDelegate: THREAD_RESUMED: thread (33, main, main)
09:52:24.057 INFO: JdwpEventCenterDelegate: THREAD_RESUMED: thread (33, main, main)
09:52:24.058 INFO: JdwpEventCenterDelegate: THREAD_RESUMED: thread (33, main, main)
09:52:24.357 INFO: JdwpEventCenterDelegate: THREAD_RESUMED: thread (33, main, main)
09:52:24.375 INFO: JdwpEventCenterDelegate: THREAD_RESUMED: thread (33, main, main)
09:52:24.377 INFO: JdwpEventCenterDelegate: THREAD_RESUMED: thread (33, main, main)
09:52:24.378 INFO: JdwpEventCenterDelegate: THREAD_RESUMED: thread (33, main, main)
09:52:24.564 INFO: JdwpEventCenterDelegate: THREAD_RESUMED: thread (33, main, main)
09:52:24.565 INFO: JdwpEventCenterDelegate: THREAD_RESUMED: thread (33, main, main)
09:52:24.600 INFO: JdwpEventCenterDelegate: THREAD_RESUMED: thread (33, main, main)
09:52:24.601 INFO: JdwpEventCenterDelegate: THREAD_RESUMED: thread (33, main, main)
09:52:24.627 INFO: JdwpEventCenterDelegate: THREAD_RESUMED: thread (33, main, main)
09:52:24.627 INFO: JdwpEventCenterDelegate: THREAD_RESUMED: thread (33, main, main)
09:52:24.628 INFO: JdwpEventCenterDelegate: THREAD_RESUMED: thread (33, main, main)
09:52:24.629 INFO: JdwpEventCenterDelegate: THREAD_RESUMED: thread (33, main, main)
09:52:24.630 INFO: JdwpEventCenterDelegate: THREAD_RESUMED: thread (33, main, main)
09:52:24.631 INFO: JdwpEventCenterDelegate: THREAD_RESUMED: thread (33, main, main)
09:52:41.723 SEVERE: Debugger: Thread HooksChannel socket thread crashed
org.robovm.debugger.DebuggerException: java.nio.BufferUnderflowException
	at org.robovm.debugger.hooks.HooksChannel.doSocketWork(HooksChannel.java:149)
	at java.base/java.lang.Thread.run(Thread.java:833)
	at org.robovm.debugger.utils.DebuggerThread.run(DebuggerThread.java:42)
Caused by: java.nio.BufferUnderflowException
	at org.robovm.debugger.utils.bytebuffer.DataBufferWriter.writeFromStream(DataBufferWriter.java:91)
	at org.robovm.debugger.hooks.HooksChannel.doSocketWork(HooksChannel.java:116)
	... 2 more
09:52:42.242 SEVERE: Debugger: Thread JDWP server socket thread crashed
org.robovm.debugger.DebuggerException: java.net.SocketException: Socket closed
	at org.robovm.debugger.jdwp.JdwpDebugServer.doSocketWork(JdwpDebugServer.java:215)
	at java.base/java.lang.Thread.run(Thread.java:833)
	at org.robovm.debugger.utils.DebuggerThread.run(DebuggerThread.java:42)
Caused by: java.net.SocketException: Socket closed
	at java.base/sun.nio.ch.NioSocketImpl.endRead(NioSocketImpl.java:248)
	at java.base/sun.nio.ch.NioSocketImpl.implRead(NioSocketImpl.java:327)
	at java.base/sun.nio.ch.NioSocketImpl.read(NioSocketImpl.java:350)
	at java.base/sun.nio.ch.NioSocketImpl$1.read(NioSocketImpl.java:803)
	at java.base/java.net.Socket$SocketInputStream.read(Socket.java:966)
	at org.robovm.debugger.utils.bytebuffer.DataBufferWriter.writeFromStream(DataBufferWriter.java:89)
	at org.robovm.debugger.jdwp.protocol.JdwpRequestHeader.readFromStream(JdwpRequestHeader.java:36)
	at org.robovm.debugger.jdwp.JdwpDebugServer.doSocketWork(JdwpDebugServer.java:185)
	... 2 more
