10:43:27.826 INFO: JdwpEventCenterDelegate: THREAD_STARTED: thread (33, main, main)
10:43:27.835 INFO: JdwpEventCenterDelegate: THREAD_STARTED: thread (48, ReferenceQueueDaemon, main)
10:43:27.842 INFO: JdwpEventCenterDelegate: THREAD_STARTED: thread (63, FinalizerDaemon, main)
10:43:27.848 INFO: JdwpEventCenterDelegate: THREAD_STARTED: thread (78, FinalizerWatchdogDaemon, main)
10:43:32.185 INFO: JdwpDebugServer: handling req: VirtualMachine(1).IDSizes(7)
10:43:32.186 INFO: JdwpDebugServer: handling req: EventRequest(15).Set(1)
10:43:32.186 INFO: JdwpEventCenterDelegate: jdwpSetEventRequest: JdwpEventRequest{requestId=100, eventKind=CLASS_UNLOAD, suspendPolicy=NONE, predicates=[]}
10:43:32.187 INFO: JdwpDebugServer: handling req: EventRequest(15).Set(1)
10:43:32.187 INFO: JdwpEventCenterDelegate: jdwpSetEventRequest: JdwpEventRequest{requestId=101, eventKind=THREAD_START, suspendPolicy=NONE, predicates=[]}
10:43:32.188 INFO: JdwpDebugServer: handling req: VirtualMachine(1).ClassesBySignature(2)
10:43:32.189 INFO: JdwpDebugServer: handling req: VirtualMachine(1).Version(1)
10:43:32.190 INFO: JdwpDebugServer: handling req: ReferenceType(2).MethodsWithGeneric(15)
10:43:32.192 INFO: JdwpDebugServer: handling req: Method(6).LineTable(1)
10:43:32.192 INFO: JdwpDebugServer: handling req: EventRequest(15).Set(1)
10:43:32.192 INFO: JdwpEventCenterDelegate: jdwpSetEventRequest: JdwpEventRequest{requestId=102, eventKind=BREAKPOINT, suspendPolicy=NONE, predicates=[Location{classId=845, methodId=257, index=928} ]}
10:43:32.194 INFO: JdwpDebugServer: handling req: EventRequest(15).Set(1)
10:43:32.194 INFO: JdwpEventCenterDelegate: jdwpSetEventRequest: JdwpEventRequest{requestId=103, eventKind=THREAD_DEATH, suspendPolicy=NONE, predicates=[]}
10:43:32.194 INFO: JdwpDebugServer: handling req: VirtualMachine(1).AllThreads(4)
10:43:32.195 INFO: JdwpDebugServer: handling req: ThreadReference(11).ThreadGroup(5)
10:43:32.195 INFO: JdwpDebugServer: handling req: ThreadGroup(12).Name(1)
10:43:32.195 INFO: JdwpDebugServer: handling req: ThreadGroup(12).Parent(2)
10:43:32.195 INFO: JdwpDebugServer: handling req: ObjectReference(9).ReferenceType(1)
10:43:32.196 INFO: JdwpDebugServer: handling req: ReferenceType(2).FieldsWithGeneric(14)
10:43:32.196 INFO: JdwpDebugServer: handling req: ReferenceType(2).Interfaces(10)
10:43:32.196 INFO: JdwpDebugServer: handling req: ReferenceType(2).FieldsWithGeneric(14)
10:43:32.197 INFO: JdwpDebugServer: handling req: ReferenceType(2).Interfaces(10)
10:43:32.197 INFO: JdwpDebugServer: handling req: ClassType(3).Superclass(1)
10:43:32.197 INFO: JdwpDebugServer: handling req: ReferenceType(2).FieldsWithGeneric(14)
10:43:32.197 INFO: JdwpDebugServer: handling req: ReferenceType(2).Interfaces(10)
10:43:32.197 INFO: JdwpDebugServer: handling req: ClassType(3).Superclass(1)
10:43:32.198 INFO: JdwpDebugServer: handling req: ObjectReference(9).GetValues(2)
10:43:32.200 INFO: JdwpDebugServer: handling req: ThreadReference(11).Status(4)
10:43:32.200 INFO: JdwpDebugServer: handling req: ThreadReference(11).Status(4)
10:43:32.200 INFO: JdwpDebugServer: handling req: ThreadReference(11).ThreadGroup(5)
10:43:32.201 INFO: JdwpDebugServer: handling req: ObjectReference(9).ReferenceType(1)
10:43:32.201 INFO: JdwpDebugServer: handling req: ObjectReference(9).GetValues(2)
10:43:32.202 INFO: JdwpDebugServer: handling req: ThreadReference(11).Status(4)
10:43:32.202 INFO: JdwpDebugServer: handling req: ThreadReference(11).Status(4)
10:43:32.203 INFO: JdwpDebugServer: handling req: ThreadReference(11).ThreadGroup(5)
10:43:32.203 INFO: JdwpDebugServer: handling req: ObjectReference(9).ReferenceType(1)
10:43:32.203 INFO: JdwpDebugServer: handling req: ObjectReference(9).GetValues(2)
10:43:32.205 INFO: JdwpDebugServer: handling req: ThreadReference(11).Status(4)
10:43:32.206 INFO: JdwpDebugServer: handling req: ThreadReference(11).Status(4)
10:43:32.207 INFO: JdwpDebugServer: handling req: ThreadReference(11).ThreadGroup(5)
10:43:32.207 INFO: JdwpDebugServer: handling req: ObjectReference(9).ReferenceType(1)
10:43:32.207 INFO: JdwpDebugServer: handling req: ObjectReference(9).GetValues(2)
10:43:32.209 INFO: JdwpDebugServer: handling req: ThreadReference(11).Status(4)
10:43:32.209 INFO: JdwpDebugServer: handling req: ThreadReference(11).Status(4)
10:43:32.211 INFO: JdwpDebugServer: handling req: EventRequest(15).Set(1)
10:43:32.211 INFO: JdwpEventCenterDelegate: jdwpSetEventRequest: JdwpEventRequest{requestId=104, eventKind=CLASS_PREPARE, suspendPolicy=EVENT_THREAD, predicates=[className=com.abdalla.bushnaq.pluvia.engine.AudioManager]}
10:43:32.216 INFO: JdwpDebugServer: handling req: EventRequest(15).Set(1)
10:43:32.216 INFO: JdwpEventCenterDelegate: jdwpSetEventRequest: JdwpEventRequest{requestId=105, eventKind=CLASS_PREPARE, suspendPolicy=EVENT_THREAD, predicates=[className=com.abdalla.bushnaq.pluvia.engine.AudioManager$*]}
10:43:32.218 INFO: JdwpDebugServer: handling req: VirtualMachine(1).ClassesBySignature(2)
10:43:32.218 INFO: JdwpDebugServer: handling req: ReferenceType(2).MethodsWithGeneric(15)
10:43:32.219 INFO: JdwpDebugServer: handling req: Method(6).LineTable(1)
10:43:32.219 INFO: JdwpDebugServer: handling req: Method(6).LineTable(1)
10:43:32.219 INFO: JdwpDebugServer: handling req: Method(6).LineTable(1)
10:43:32.220 INFO: JdwpDebugServer: handling req: Method(6).LineTable(1)
10:43:32.220 INFO: JdwpDebugServer: handling req: VirtualMachine(1).ClassesBySignature(2)
10:43:32.220 INFO: JdwpDebugServer: handling req: VirtualMachine(1).AllClassesWithGeneric(20)
10:43:32.243 INFO: JdwpDebugServer: handling req: VirtualMachine(1).capabilitiesNew(17)
10:43:32.245 INFO: JdwpDebugServer: handling req: EventRequest(15).Set(1)
10:43:32.245 INFO: JdwpEventCenterDelegate: jdwpSetEventRequest: JdwpEventRequest{requestId=106, eventKind=CLASS_PREPARE, suspendPolicy=EVENT_THREAD, predicates=[className=java.lang.Error]}
10:43:32.248 INFO: JdwpDebugServer: handling req: EventRequest(15).Set(1)
10:43:32.248 INFO: JdwpEventCenterDelegate: jdwpSetEventRequest: JdwpEventRequest{requestId=107, eventKind=CLASS_PREPARE, suspendPolicy=EVENT_THREAD, predicates=[className=java.lang.Error$*]}
10:43:32.250 INFO: JdwpDebugServer: handling req: VirtualMachine(1).ClassesBySignature(2)
10:43:32.250 INFO: JdwpDebugServer: handling req: EventRequest(15).Set(1)
10:43:32.250 INFO: JdwpEventCenterDelegate: jdwpSetEventRequest: JdwpEventRequest{requestId=108, eventKind=EXCEPTION, suspendPolicy=EVENT_THREAD, predicates=[exceptionType=3425(caught=true, uncaught=true)]}
10:43:32.259 INFO: JdwpDebugServer: handling req: EventRequest(15).Set(1)
10:43:32.259 INFO: JdwpEventCenterDelegate: jdwpSetEventRequest: JdwpEventRequest{requestId=109, eventKind=CLASS_PREPARE, suspendPolicy=EVENT_THREAD, predicates=[className=java.lang.Throwable]}
10:43:32.261 INFO: JdwpDebugServer: handling req: EventRequest(15).Set(1)
10:43:32.261 INFO: JdwpEventCenterDelegate: jdwpSetEventRequest: JdwpEventRequest{requestId=110, eventKind=CLASS_PREPARE, suspendPolicy=EVENT_THREAD, predicates=[className=java.lang.Throwable$*]}
10:43:32.262 INFO: JdwpDebugServer: handling req: VirtualMachine(1).ClassesBySignature(2)
10:43:32.262 INFO: JdwpDebugServer: handling req: EventRequest(15).Set(1)
10:43:32.262 INFO: JdwpEventCenterDelegate: jdwpSetEventRequest: JdwpEventRequest{requestId=111, eventKind=EXCEPTION, suspendPolicy=EVENT_THREAD, predicates=[exceptionType=7695(caught=false, uncaught=true)]}
10:43:32.263 INFO: JdwpDebugServer: handling req: ThreadReference(11).SuspendCount(12)
10:43:32.263 INFO: JdwpDebugServer: handling req: ThreadReference(11).SuspendCount(12)
10:43:32.263 INFO: JdwpDebugServer: handling req: ThreadReference(11).SuspendCount(12)
10:43:32.263 INFO: JdwpDebugServer: handling req: ThreadReference(11).SuspendCount(12)
10:43:32.264 INFO: JdwpDebugServer: handling req: VirtualMachine(1).AllThreads(4)
10:43:32.264 INFO: JdwpDebugServer: handling req: VirtualMachine(1).Resume(9)
10:43:32.348 INFO: JdwpEventCenterDelegate: THREAD_RESUMED: thread (33, main, main)
10:43:32.349 INFO: JdwpEventCenterDelegate: THREAD_RESUMED: thread (33, main, main)
10:43:32.351 INFO: JdwpEventCenterDelegate: THREAD_RESUMED: thread (33, main, main)
10:43:32.352 INFO: JdwpEventCenterDelegate: THREAD_RESUMED: thread (33, main, main)
10:43:32.354 INFO: JdwpEventCenterDelegate: THREAD_RESUMED: thread (33, main, main)
10:43:32.355 INFO: JdwpEventCenterDelegate: THREAD_RESUMED: thread (33, main, main)
10:43:32.356 INFO: JdwpEventCenterDelegate: THREAD_RESUMED: thread (33, main, main)
10:43:32.357 INFO: JdwpEventCenterDelegate: THREAD_RESUMED: thread (33, main, main)
10:43:32.358 INFO: JdwpEventCenterDelegate: THREAD_RESUMED: thread (33, main, main)
10:43:32.359 INFO: JdwpEventCenterDelegate: THREAD_RESUMED: thread (33, main, main)
10:43:32.360 INFO: JdwpEventCenterDelegate: THREAD_RESUMED: thread (33, main, main)
10:43:32.361 INFO: JdwpEventCenterDelegate: THREAD_RESUMED: thread (33, main, main)
10:43:32.362 INFO: JdwpEventCenterDelegate: THREAD_RESUMED: thread (33, main, main)
10:43:32.363 INFO: JdwpEventCenterDelegate: THREAD_RESUMED: thread (33, main, main)
10:43:32.364 INFO: JdwpEventCenterDelegate: THREAD_RESUMED: thread (33, main, main)
10:43:32.365 INFO: JdwpEventCenterDelegate: THREAD_RESUMED: thread (33, main, main)
10:43:32.365 INFO: JdwpEventCenterDelegate: THREAD_RESUMED: thread (33, main, main)
10:43:32.366 INFO: JdwpEventCenterDelegate: THREAD_RESUMED: thread (33, main, main)
10:43:32.369 INFO: JdwpEventCenterDelegate: THREAD_RESUMED: thread (33, main, main)
10:43:32.370 INFO: JdwpEventCenterDelegate: THREAD_RESUMED: thread (33, main, main)
10:43:32.371 INFO: JdwpEventCenterDelegate: THREAD_RESUMED: thread (33, main, main)
10:43:32.372 INFO: JdwpEventCenterDelegate: THREAD_RESUMED: thread (33, main, main)
10:43:32.373 INFO: JdwpEventCenterDelegate: THREAD_RESUMED: thread (33, main, main)
10:43:32.374 INFO: JdwpEventCenterDelegate: THREAD_RESUMED: thread (33, main, main)
10:43:32.375 INFO: JdwpEventCenterDelegate: THREAD_RESUMED: thread (33, main, main)
10:43:32.423 INFO: JdwpEventCenterDelegate: THREAD_RESUMED: thread (33, main, main)
10:43:32.424 INFO: JdwpEventCenterDelegate: THREAD_RESUMED: thread (33, main, main)
10:43:32.425 INFO: JdwpEventCenterDelegate: THREAD_RESUMED: thread (33, main, main)
10:43:32.426 INFO: JdwpEventCenterDelegate: THREAD_RESUMED: thread (33, main, main)
10:43:32.427 INFO: JdwpEventCenterDelegate: THREAD_RESUMED: thread (33, main, main)
10:43:32.428 INFO: JdwpEventCenterDelegate: THREAD_RESUMED: thread (33, main, main)
10:43:32.429 INFO: JdwpEventCenterDelegate: THREAD_RESUMED: thread (33, main, main)
10:43:32.435 INFO: JdwpEventCenterDelegate: THREAD_RESUMED: thread (33, main, main)
10:43:32.436 INFO: JdwpEventCenterDelegate: THREAD_RESUMED: thread (33, main, main)
10:43:32.437 INFO: JdwpEventCenterDelegate: THREAD_RESUMED: thread (33, main, main)
10:43:32.438 INFO: JdwpEventCenterDelegate: THREAD_RESUMED: thread (33, main, main)
10:43:32.439 INFO: JdwpEventCenterDelegate: THREAD_RESUMED: thread (33, main, main)
10:43:32.440 INFO: JdwpEventCenterDelegate: THREAD_RESUMED: thread (33, main, main)
10:43:32.440 INFO: JdwpEventCenterDelegate: THREAD_RESUMED: thread (33, main, main)
10:43:32.469 INFO: JdwpEventCenterDelegate: THREAD_RESUMED: thread (33, main, main)
10:43:32.471 INFO: JdwpEventCenterDelegate: THREAD_RESUMED: thread (33, main, main)
10:43:32.472 INFO: JdwpEventCenterDelegate: THREAD_RESUMED: thread (33, main, main)
10:43:32.473 INFO: JdwpEventCenterDelegate: THREAD_RESUMED: thread (33, main, main)
10:43:32.475 INFO: JdwpEventCenterDelegate: THREAD_RESUMED: thread (33, main, main)
10:43:32.476 INFO: JdwpEventCenterDelegate: THREAD_RESUMED: thread (33, main, main)
10:43:32.477 INFO: JdwpEventCenterDelegate: THREAD_RESUMED: thread (33, main, main)
10:43:32.491 INFO: JdwpEventCenterDelegate: THREAD_RESUMED: thread (33, main, main)
10:43:32.492 INFO: JdwpEventCenterDelegate: THREAD_RESUMED: thread (33, main, main)
10:43:32.493 INFO: JdwpEventCenterDelegate: THREAD_RESUMED: thread (33, main, main)
10:43:32.494 INFO: JdwpEventCenterDelegate: THREAD_RESUMED: thread (33, main, main)
10:43:32.495 INFO: JdwpEventCenterDelegate: THREAD_RESUMED: thread (33, main, main)
10:43:32.496 INFO: JdwpEventCenterDelegate: THREAD_RESUMED: thread (33, main, main)
10:43:32.497 INFO: JdwpEventCenterDelegate: THREAD_RESUMED: thread (33, main, main)
10:43:32.515 INFO: JdwpEventCenterDelegate: THREAD_RESUMED: thread (33, main, main)
10:43:32.516 INFO: JdwpEventCenterDelegate: THREAD_RESUMED: thread (33, main, main)
10:43:32.517 INFO: JdwpEventCenterDelegate: THREAD_RESUMED: thread (33, main, main)
10:43:32.518 INFO: JdwpEventCenterDelegate: THREAD_RESUMED: thread (33, main, main)
10:43:32.520 INFO: JdwpEventCenterDelegate: THREAD_RESUMED: thread (33, main, main)
10:43:32.521 INFO: JdwpEventCenterDelegate: THREAD_RESUMED: thread (33, main, main)
10:43:32.522 INFO: JdwpEventCenterDelegate: THREAD_RESUMED: thread (33, main, main)
10:43:32.532 INFO: JdwpEventCenterDelegate: THREAD_RESUMED: thread (33, main, main)
10:43:32.533 INFO: JdwpEventCenterDelegate: THREAD_RESUMED: thread (33, main, main)
10:43:32.534 INFO: JdwpEventCenterDelegate: THREAD_RESUMED: thread (33, main, main)
10:43:32.535 INFO: JdwpEventCenterDelegate: THREAD_RESUMED: thread (33, main, main)
10:43:32.536 INFO: JdwpEventCenterDelegate: THREAD_RESUMED: thread (33, main, main)
10:43:32.537 INFO: JdwpEventCenterDelegate: THREAD_RESUMED: thread (33, main, main)
10:43:32.538 INFO: JdwpEventCenterDelegate: THREAD_RESUMED: thread (33, main, main)
10:43:32.539 INFO: JdwpEventCenterDelegate: THREAD_RESUMED: thread (33, main, main)
10:43:32.540 INFO: JdwpEventCenterDelegate: THREAD_RESUMED: thread (33, main, main)
10:43:32.541 INFO: JdwpEventCenterDelegate: THREAD_RESUMED: thread (33, main, main)
10:43:32.542 INFO: JdwpEventCenterDelegate: THREAD_RESUMED: thread (33, main, main)
10:43:32.543 INFO: JdwpEventCenterDelegate: THREAD_RESUMED: thread (33, main, main)
10:43:32.544 INFO: JdwpEventCenterDelegate: THREAD_RESUMED: thread (33, main, main)
10:43:32.545 INFO: JdwpEventCenterDelegate: THREAD_RESUMED: thread (33, main, main)
10:43:32.546 INFO: JdwpEventCenterDelegate: THREAD_RESUMED: thread (33, main, main)
10:43:32.547 INFO: JdwpEventCenterDelegate: THREAD_RESUMED: thread (33, main, main)
10:43:32.548 INFO: JdwpEventCenterDelegate: THREAD_RESUMED: thread (33, main, main)
10:43:32.549 INFO: JdwpEventCenterDelegate: THREAD_RESUMED: thread (33, main, main)
10:43:32.552 INFO: JdwpEventCenterDelegate: THREAD_RESUMED: thread (33, main, main)
10:43:32.553 INFO: JdwpEventCenterDelegate: THREAD_RESUMED: thread (33, main, main)
10:43:32.763 INFO: JdwpEventCenterDelegate: THREAD_RESUMED: thread (33, main, main)
10:43:32.764 INFO: JdwpEventCenterDelegate: THREAD_RESUMED: thread (33, main, main)
10:43:32.777 INFO: JdwpEventCenterDelegate: THREAD_RESUMED: thread (33, main, main)
10:43:32.779 INFO: JdwpEventCenterDelegate: THREAD_RESUMED: thread (33, main, main)
10:43:32.780 INFO: JdwpEventCenterDelegate: THREAD_RESUMED: thread (33, main, main)
10:43:32.781 INFO: JdwpEventCenterDelegate: THREAD_RESUMED: thread (33, main, main)
10:43:32.785 INFO: JdwpEventCenterDelegate: THREAD_RESUMED: thread (33, main, main)
10:43:32.787 INFO: JdwpEventCenterDelegate: THREAD_RESUMED: thread (33, main, main)
10:43:32.837 INFO: JdwpEventCenterDelegate: THREAD_RESUMED: thread (33, main, main)
10:43:33.020 INFO: JdwpEventCenterDelegate: THREAD_RESUMED: thread (33, main, main)
10:43:33.021 INFO: JdwpEventCenterDelegate: THREAD_RESUMED: thread (33, main, main)
10:43:33.022 INFO: JdwpEventCenterDelegate: THREAD_RESUMED: thread (33, main, main)
10:43:33.024 INFO: JdwpEventCenterDelegate: THREAD_RESUMED: thread (33, main, main)
10:43:33.025 INFO: JdwpEventCenterDelegate: THREAD_RESUMED: thread (33, main, main)
10:43:33.027 INFO: JdwpEventCenterDelegate: THREAD_RESUMED: thread (33, main, main)
10:43:33.035 INFO: JdwpEventCenterDelegate: THREAD_RESUMED: thread (33, main, main)
10:43:33.036 INFO: JdwpEventCenterDelegate: THREAD_RESUMED: thread (33, main, main)
10:43:33.038 INFO: JdwpEventCenterDelegate: THREAD_RESUMED: thread (33, main, main)
10:43:33.040 INFO: JdwpEventCenterDelegate: THREAD_RESUMED: thread (33, main, main)
10:43:33.041 INFO: JdwpEventCenterDelegate: THREAD_RESUMED: thread (33, main, main)
10:43:33.043 INFO: JdwpEventCenterDelegate: THREAD_RESUMED: thread (33, main, main)
10:43:33.045 INFO: JdwpEventCenterDelegate: THREAD_RESUMED: thread (33, main, main)
10:43:33.062 INFO: JdwpEventCenterDelegate: THREAD_RESUMED: thread (33, main, main)
10:43:33.078 INFO: JdwpEventCenterDelegate: THREAD_RESUMED: thread (33, main, main)
10:43:33.092 INFO: JdwpEventCenterDelegate: THREAD_RESUMED: thread (33, main, main)
10:43:33.103 INFO: JdwpEventCenterDelegate: THREAD_RESUMED: thread (33, main, main)
10:43:33.119 INFO: JdwpEventCenterDelegate: THREAD_RESUMED: thread (33, main, main)
10:43:33.143 INFO: JdwpEventCenterDelegate: THREAD_RESUMED: thread (33, main, main)
10:43:33.149 INFO: JdwpEventCenterDelegate: THREAD_RESUMED: thread (33, main, main)
10:43:33.154 INFO: JdwpEventCenterDelegate: THREAD_RESUMED: thread (33, main, main)
10:43:33.160 INFO: JdwpEventCenterDelegate: THREAD_RESUMED: thread (33, main, main)
10:43:33.165 INFO: JdwpEventCenterDelegate: THREAD_RESUMED: thread (33, main, main)
10:43:33.172 INFO: JdwpEventCenterDelegate: THREAD_RESUMED: thread (33, main, main)
10:43:33.180 INFO: JdwpEventCenterDelegate: THREAD_RESUMED: thread (33, main, main)
10:43:33.186 INFO: JdwpEventCenterDelegate: THREAD_RESUMED: thread (33, main, main)
10:43:33.191 INFO: JdwpEventCenterDelegate: THREAD_RESUMED: thread (33, main, main)
10:43:33.197 INFO: JdwpEventCenterDelegate: THREAD_RESUMED: thread (33, main, main)
10:43:33.202 INFO: JdwpEventCenterDelegate: THREAD_RESUMED: thread (33, main, main)
10:43:33.208 INFO: JdwpEventCenterDelegate: THREAD_RESUMED: thread (33, main, main)
10:43:33.214 INFO: JdwpEventCenterDelegate: THREAD_RESUMED: thread (33, main, main)
10:43:33.216 INFO: JdwpEventCenterDelegate: THREAD_RESUMED: thread (33, main, main)
10:43:33.218 INFO: JdwpEventCenterDelegate: THREAD_RESUMED: thread (33, main, main)
10:43:33.220 INFO: JdwpEventCenterDelegate: THREAD_RESUMED: thread (33, main, main)
10:43:33.222 INFO: JdwpEventCenterDelegate: THREAD_RESUMED: thread (33, main, main)
10:43:33.225 INFO: JdwpEventCenterDelegate: THREAD_RESUMED: thread (33, main, main)
10:43:33.227 INFO: JdwpEventCenterDelegate: THREAD_RESUMED: thread (33, main, main)
10:43:33.229 INFO: JdwpEventCenterDelegate: THREAD_RESUMED: thread (33, main, main)
10:43:33.231 INFO: JdwpEventCenterDelegate: THREAD_RESUMED: thread (33, main, main)
10:43:33.232 INFO: JdwpEventCenterDelegate: THREAD_RESUMED: thread (33, main, main)
10:43:33.233 INFO: JdwpEventCenterDelegate: THREAD_RESUMED: thread (33, main, main)
10:43:33.235 INFO: JdwpEventCenterDelegate: THREAD_RESUMED: thread (33, main, main)
10:43:33.237 INFO: JdwpEventCenterDelegate: THREAD_RESUMED: thread (33, main, main)
10:43:33.238 INFO: JdwpEventCenterDelegate: THREAD_RESUMED: thread (33, main, main)
10:43:33.240 INFO: JdwpEventCenterDelegate: THREAD_RESUMED: thread (33, main, main)
10:43:33.241 INFO: JdwpEventCenterDelegate: THREAD_RESUMED: thread (33, main, main)
10:43:33.242 INFO: JdwpEventCenterDelegate: THREAD_RESUMED: thread (33, main, main)
10:43:33.244 INFO: JdwpEventCenterDelegate: THREAD_RESUMED: thread (33, main, main)
10:43:33.245 INFO: JdwpEventCenterDelegate: THREAD_RESUMED: thread (33, main, main)
10:43:33.246 INFO: JdwpEventCenterDelegate: THREAD_RESUMED: thread (33, main, main)
10:43:33.248 INFO: JdwpEventCenterDelegate: THREAD_RESUMED: thread (33, main, main)
10:43:33.249 INFO: JdwpEventCenterDelegate: THREAD_RESUMED: thread (33, main, main)
10:43:33.250 INFO: JdwpEventCenterDelegate: THREAD_RESUMED: thread (33, main, main)
10:43:33.252 INFO: JdwpEventCenterDelegate: THREAD_RESUMED: thread (33, main, main)
10:43:33.253 INFO: JdwpEventCenterDelegate: THREAD_RESUMED: thread (33, main, main)
10:43:33.254 INFO: JdwpEventCenterDelegate: THREAD_RESUMED: thread (33, main, main)
10:43:33.256 INFO: JdwpEventCenterDelegate: THREAD_RESUMED: thread (33, main, main)
10:43:33.257 INFO: JdwpEventCenterDelegate: THREAD_RESUMED: thread (33, main, main)
10:43:33.258 INFO: JdwpEventCenterDelegate: THREAD_RESUMED: thread (33, main, main)
10:43:33.259 INFO: JdwpEventCenterDelegate: THREAD_RESUMED: thread (33, main, main)
10:43:33.260 INFO: JdwpEventCenterDelegate: THREAD_RESUMED: thread (33, main, main)
10:43:33.261 INFO: JdwpEventCenterDelegate: THREAD_RESUMED: thread (33, main, main)
10:43:33.262 INFO: JdwpEventCenterDelegate: THREAD_RESUMED: thread (33, main, main)
10:43:33.264 INFO: JdwpEventCenterDelegate: THREAD_RESUMED: thread (33, main, main)
10:43:33.265 INFO: JdwpEventCenterDelegate: THREAD_RESUMED: thread (33, main, main)
10:43:33.266 INFO: JdwpEventCenterDelegate: THREAD_RESUMED: thread (33, main, main)
10:43:33.267 INFO: JdwpEventCenterDelegate: THREAD_RESUMED: thread (33, main, main)
10:43:33.269 INFO: JdwpEventCenterDelegate: THREAD_RESUMED: thread (33, main, main)
10:43:33.270 INFO: JdwpEventCenterDelegate: THREAD_RESUMED: thread (33, main, main)
10:43:33.271 INFO: JdwpEventCenterDelegate: THREAD_RESUMED: thread (33, main, main)
10:43:33.272 INFO: JdwpEventCenterDelegate: THREAD_RESUMED: thread (33, main, main)
10:43:33.274 INFO: JdwpEventCenterDelegate: THREAD_RESUMED: thread (33, main, main)
10:43:33.275 INFO: JdwpEventCenterDelegate: THREAD_RESUMED: thread (33, main, main)
10:43:33.276 INFO: JdwpEventCenterDelegate: THREAD_RESUMED: thread (33, main, main)
10:43:33.277 INFO: JdwpEventCenterDelegate: THREAD_RESUMED: thread (33, main, main)
10:43:33.278 INFO: JdwpEventCenterDelegate: THREAD_RESUMED: thread (33, main, main)
10:43:33.279 INFO: JdwpEventCenterDelegate: THREAD_RESUMED: thread (33, main, main)
10:43:33.281 INFO: JdwpEventCenterDelegate: THREAD_RESUMED: thread (33, main, main)
10:43:33.282 INFO: JdwpEventCenterDelegate: THREAD_RESUMED: thread (33, main, main)
10:43:33.283 INFO: JdwpEventCenterDelegate: THREAD_RESUMED: thread (33, main, main)
10:43:33.285 INFO: JdwpEventCenterDelegate: THREAD_RESUMED: thread (33, main, main)
10:43:33.286 INFO: JdwpEventCenterDelegate: THREAD_RESUMED: thread (33, main, main)
10:43:33.287 INFO: JdwpEventCenterDelegate: THREAD_RESUMED: thread (33, main, main)
10:43:33.288 INFO: JdwpEventCenterDelegate: THREAD_RESUMED: thread (33, main, main)
10:43:33.423 INFO: JdwpDebugServer: handling req: ThreadReference(11).Resume(3)
10:43:33.424 INFO: JdwpEventCenterDelegate: THREAD_RESUMED: thread (33, main, main)
10:43:33.444 INFO: JdwpEventCenterDelegate: THREAD_RESUMED: thread (33, main, main)
10:43:33.472 INFO: JdwpEventCenterDelegate: THREAD_RESUMED: thread (33, main, main)
10:43:33.473 INFO: JdwpEventCenterDelegate: THREAD_RESUMED: thread (33, main, main)
10:43:33.474 INFO: JdwpEventCenterDelegate: THREAD_RESUMED: thread (33, main, main)
10:43:33.475 INFO: JdwpEventCenterDelegate: THREAD_RESUMED: thread (33, main, main)
10:43:33.620 INFO: JdwpEventCenterDelegate: THREAD_RESUMED: thread (33, main, main)
10:43:33.633 INFO: JdwpEventCenterDelegate: THREAD_RESUMED: thread (33, main, main)
10:43:33.646 INFO: JdwpEventCenterDelegate: THREAD_RESUMED: thread (33, main, main)
10:43:33.647 INFO: JdwpEventCenterDelegate: THREAD_RESUMED: thread (33, main, main)
10:43:33.651 INFO: JdwpEventCenterDelegate: THREAD_RESUMED: thread (33, main, main)
10:43:33.652 INFO: JdwpEventCenterDelegate: THREAD_RESUMED: thread (33, main, main)
10:43:33.653 INFO: JdwpEventCenterDelegate: THREAD_RESUMED: thread (33, main, main)
10:43:33.655 INFO: JdwpEventCenterDelegate: THREAD_RESUMED: thread (33, main, main)
10:43:33.656 INFO: JdwpEventCenterDelegate: THREAD_RESUMED: thread (33, main, main)
10:43:33.657 INFO: JdwpEventCenterDelegate: THREAD_RESUMED: thread (33, main, main)
10:43:38.081 INFO: JdwpEventCenterDelegate: THREAD_RESUMED: thread (33, main, main)
10:43:38.082 INFO: JdwpEventCenterDelegate: THREAD_RESUMED: thread (33, main, main)
10:43:55.771 INFO: JdwpEventCenterDelegate: THREAD_RESUMED: thread (33, main, main)
10:43:55.774 INFO: JdwpEventCenterDelegate: THREAD_RESUMED: thread (33, main, main)
10:44:03.035 SEVERE: Debugger: Thread HooksChannel socket thread crashed
org.robovm.debugger.DebuggerException: java.io.IOException: org.robovm.libimobiledevice.LibIMobileDeviceException: IDEVICE_E_UNKNOWN_ERROR
	at org.robovm.debugger.hooks.HooksChannel.doSocketWork(HooksChannel.java:149)
	at java.base/java.lang.Thread.run(Thread.java:833)
	at org.robovm.debugger.utils.DebuggerThread.run(DebuggerThread.java:42)
Caused by: java.io.IOException: org.robovm.libimobiledevice.LibIMobileDeviceException: IDEVICE_E_UNKNOWN_ERROR
	at org.robovm.libimobiledevice.IDeviceConnection$DeviceInputStream.read(IDeviceConnection.java:203)
	at org.robovm.debugger.utils.bytebuffer.DataBufferWriter.writeFromStream(DataBufferWriter.java:89)
	at org.robovm.debugger.hooks.HooksChannel.doSocketWork(HooksChannel.java:116)
	... 2 more
Caused by: org.robovm.libimobiledevice.LibIMobileDeviceException: IDEVICE_E_UNKNOWN_ERROR
	at org.robovm.libimobiledevice.IDevice.checkResult(IDevice.java:206)
	at org.robovm.libimobiledevice.IDeviceConnection.receive(IDeviceConnection.java:110)
	at org.robovm.libimobiledevice.IDeviceConnection.receive(IDeviceConnection.java:81)
	at org.robovm.libimobiledevice.IDeviceConnection$DeviceInputStream.read(IDeviceConnection.java:201)
	... 4 more
10:44:03.546 SEVERE: Debugger: Thread JDWP server socket thread crashed
org.robovm.debugger.DebuggerException: java.net.SocketException: Socket closed
	at org.robovm.debugger.jdwp.JdwpDebugServer.doSocketWork(JdwpDebugServer.java:215)
	at java.base/java.lang.Thread.run(Thread.java:833)
	at org.robovm.debugger.utils.DebuggerThread.run(DebuggerThread.java:42)
Caused by: java.net.SocketException: Socket closed
	at java.base/sun.nio.ch.NioSocketImpl.endRead(NioSocketImpl.java:248)
	at java.base/sun.nio.ch.NioSocketImpl.implRead(NioSocketImpl.java:327)
	at java.base/sun.nio.ch.NioSocketImpl.read(NioSocketImpl.java:350)
	at java.base/sun.nio.ch.NioSocketImpl$1.read(NioSocketImpl.java:803)
	at java.base/java.net.Socket$SocketInputStream.read(Socket.java:966)
	at org.robovm.debugger.utils.bytebuffer.DataBufferWriter.writeFromStream(DataBufferWriter.java:89)
	at org.robovm.debugger.jdwp.protocol.JdwpRequestHeader.readFromStream(JdwpRequestHeader.java:36)
	at org.robovm.debugger.jdwp.JdwpDebugServer.doSocketWork(JdwpDebugServer.java:185)
	... 2 more
