07:38:31.529 INFO: JdwpEventCenterDelegate: THREAD_STARTED: thread (33, main, main)
07:38:31.615 INFO: JdwpEventCenterDelegate: THREAD_STARTED: thread (48, ReferenceQueueDaemon, main)
07:38:31.617 INFO: JdwpEventCenterDelegate: THREAD_STARTED: thread (63, FinalizerDaemon, main)
07:38:31.618 INFO: JdwpEventCenterDelegate: THREAD_STARTED: thread (78, FinalizerWatchdogDaemon, main)
07:38:33.884 INFO: JdwpDebugServer: handling req: VirtualMachine(1).IDSizes(7)
07:38:33.886 INFO: JdwpDebugServer: handling req: EventRequest(15).Set(1)
07:38:33.886 INFO: JdwpEventCenterDelegate: jdwpSetEventRequest: JdwpEventRequest{requestId=100, eventKind=CLASS_UNLOAD, suspendPolicy=NONE, predicates=[]}
07:38:33.887 INFO: JdwpDebugServer: handling req: EventRequest(15).Set(1)
07:38:33.887 INFO: JdwpEventCenterDelegate: jdwpSetEventRequest: JdwpEventRequest{requestId=101, eventKind=THREAD_START, suspendPolicy=NONE, predicates=[]}
07:38:33.887 INFO: JdwpDebugServer: handling req: VirtualMachine(1).ClassesBySignature(2)
07:38:33.892 INFO: JdwpDebugServer: handling req: VirtualMachine(1).Version(1)
07:38:33.893 INFO: JdwpDebugServer: handling req: ReferenceType(2).MethodsWithGeneric(15)
07:38:33.895 INFO: JdwpDebugServer: handling req: Method(6).LineTable(1)
07:38:33.896 INFO: JdwpDebugServer: handling req: EventRequest(15).Set(1)
07:38:33.896 INFO: JdwpEventCenterDelegate: jdwpSetEventRequest: JdwpEventRequest{requestId=102, eventKind=BREAKPOINT, suspendPolicy=NONE, predicates=[Location{classId=845, methodId=257, index=928} ]}
07:38:33.897 INFO: JdwpDebugServer: handling req: EventRequest(15).Set(1)
07:38:33.897 INFO: JdwpEventCenterDelegate: jdwpSetEventRequest: JdwpEventRequest{requestId=103, eventKind=THREAD_DEATH, suspendPolicy=NONE, predicates=[]}
07:38:33.897 INFO: JdwpDebugServer: handling req: VirtualMachine(1).AllThreads(4)
07:38:33.899 INFO: JdwpDebugServer: handling req: ThreadReference(11).ThreadGroup(5)
07:38:33.899 INFO: JdwpDebugServer: handling req: ThreadGroup(12).Name(1)
07:38:33.899 INFO: JdwpDebugServer: handling req: ThreadGroup(12).Parent(2)
07:38:33.899 INFO: JdwpDebugServer: handling req: ObjectReference(9).ReferenceType(1)
07:38:33.900 INFO: JdwpDebugServer: handling req: ReferenceType(2).FieldsWithGeneric(14)
07:38:33.901 INFO: JdwpDebugServer: handling req: ReferenceType(2).Interfaces(10)
07:38:33.901 INFO: JdwpDebugServer: handling req: ReferenceType(2).FieldsWithGeneric(14)
07:38:33.902 INFO: JdwpDebugServer: handling req: ReferenceType(2).Interfaces(10)
07:38:33.902 INFO: JdwpDebugServer: handling req: ClassType(3).Superclass(1)
07:38:33.902 INFO: JdwpDebugServer: handling req: ReferenceType(2).FieldsWithGeneric(14)
07:38:33.903 INFO: JdwpDebugServer: handling req: ReferenceType(2).Interfaces(10)
07:38:33.903 INFO: JdwpDebugServer: handling req: ClassType(3).Superclass(1)
07:38:33.903 INFO: JdwpDebugServer: handling req: ObjectReference(9).GetValues(2)
07:38:33.904 INFO: JdwpDebugServer: handling req: ThreadReference(11).Status(4)
07:38:33.904 INFO: JdwpDebugServer: handling req: ThreadReference(11).Status(4)
07:38:33.905 INFO: JdwpDebugServer: handling req: ThreadReference(11).ThreadGroup(5)
07:38:33.905 INFO: JdwpDebugServer: handling req: ObjectReference(9).ReferenceType(1)
07:38:33.906 INFO: JdwpDebugServer: handling req: ObjectReference(9).GetValues(2)
07:38:33.906 INFO: JdwpDebugServer: handling req: ThreadReference(11).Status(4)
07:38:33.906 INFO: JdwpDebugServer: handling req: ThreadReference(11).Status(4)
07:38:33.906 INFO: JdwpDebugServer: handling req: ThreadReference(11).ThreadGroup(5)
07:38:33.907 INFO: JdwpDebugServer: handling req: ObjectReference(9).ReferenceType(1)
07:38:33.907 INFO: JdwpDebugServer: handling req: ObjectReference(9).GetValues(2)
07:38:33.907 INFO: JdwpDebugServer: handling req: ThreadReference(11).Status(4)
07:38:33.907 INFO: JdwpDebugServer: handling req: ThreadReference(11).Status(4)
07:38:33.908 INFO: JdwpDebugServer: handling req: ThreadReference(11).ThreadGroup(5)
07:38:33.908 INFO: JdwpDebugServer: handling req: ObjectReference(9).ReferenceType(1)
07:38:33.908 INFO: JdwpDebugServer: handling req: ObjectReference(9).GetValues(2)
07:38:33.908 INFO: JdwpDebugServer: handling req: ThreadReference(11).Status(4)
07:38:33.909 INFO: JdwpDebugServer: handling req: ThreadReference(11).Status(4)
07:38:33.910 INFO: JdwpDebugServer: handling req: EventRequest(15).Set(1)
07:38:33.910 INFO: JdwpEventCenterDelegate: jdwpSetEventRequest: JdwpEventRequest{requestId=104, eventKind=CLASS_PREPARE, suspendPolicy=EVENT_THREAD, predicates=[className=com.badlogic.gdx.graphics.g2d.PolygonSpriteBatch]}
07:38:33.916 INFO: JdwpDebugServer: handling req: EventRequest(15).Set(1)
07:38:33.916 INFO: JdwpEventCenterDelegate: jdwpSetEventRequest: JdwpEventRequest{requestId=105, eventKind=CLASS_PREPARE, suspendPolicy=EVENT_THREAD, predicates=[className=com.badlogic.gdx.graphics.g2d.PolygonSpriteBatch$*]}
07:38:33.918 INFO: JdwpDebugServer: handling req: VirtualMachine(1).ClassesBySignature(2)
07:38:33.918 INFO: JdwpDebugServer: handling req: ReferenceType(2).MethodsWithGeneric(15)
07:38:33.919 INFO: JdwpDebugServer: handling req: Method(6).LineTable(1)
07:38:33.920 INFO: JdwpDebugServer: handling req: Method(6).LineTable(1)
07:38:33.920 INFO: JdwpDebugServer: handling req: Method(6).LineTable(1)
07:38:33.920 INFO: JdwpDebugServer: handling req: Method(6).LineTable(1)
07:38:33.920 INFO: JdwpDebugServer: handling req: Method(6).LineTable(1)
07:38:33.921 INFO: JdwpDebugServer: handling req: Method(6).LineTable(1)
07:38:33.921 INFO: JdwpDebugServer: handling req: Method(6).LineTable(1)
07:38:33.921 INFO: JdwpDebugServer: handling req: Method(6).LineTable(1)
07:38:33.921 INFO: JdwpDebugServer: handling req: Method(6).LineTable(1)
07:38:33.921 INFO: JdwpDebugServer: handling req: Method(6).LineTable(1)
07:38:33.922 INFO: JdwpDebugServer: handling req: Method(6).LineTable(1)
07:38:33.922 INFO: JdwpDebugServer: handling req: Method(6).LineTable(1)
07:38:33.922 INFO: JdwpDebugServer: handling req: Method(6).LineTable(1)
07:38:33.922 INFO: JdwpDebugServer: handling req: Method(6).LineTable(1)
07:38:33.922 INFO: JdwpDebugServer: handling req: Method(6).LineTable(1)
07:38:33.922 INFO: JdwpDebugServer: handling req: Method(6).LineTable(1)
07:38:33.922 INFO: JdwpDebugServer: handling req: Method(6).LineTable(1)
07:38:33.923 INFO: JdwpDebugServer: handling req: Method(6).LineTable(1)
07:38:33.923 INFO: JdwpDebugServer: handling req: Method(6).LineTable(1)
07:38:33.923 INFO: JdwpDebugServer: handling req: Method(6).LineTable(1)
07:38:33.923 INFO: JdwpDebugServer: handling req: Method(6).LineTable(1)
07:38:33.923 INFO: JdwpDebugServer: handling req: Method(6).LineTable(1)
07:38:33.924 INFO: JdwpDebugServer: handling req: Method(6).LineTable(1)
07:38:33.924 INFO: JdwpDebugServer: handling req: Method(6).LineTable(1)
07:38:33.924 INFO: JdwpDebugServer: handling req: Method(6).LineTable(1)
07:38:33.924 INFO: JdwpDebugServer: handling req: Method(6).LineTable(1)
07:38:33.924 INFO: JdwpDebugServer: handling req: Method(6).LineTable(1)
07:38:33.924 INFO: JdwpDebugServer: handling req: Method(6).LineTable(1)
07:38:33.924 INFO: JdwpDebugServer: handling req: Method(6).LineTable(1)
07:38:33.925 INFO: JdwpDebugServer: handling req: Method(6).LineTable(1)
07:38:33.925 INFO: JdwpDebugServer: handling req: Method(6).LineTable(1)
07:38:33.925 INFO: JdwpDebugServer: handling req: Method(6).LineTable(1)
07:38:33.925 INFO: JdwpDebugServer: handling req: Method(6).LineTable(1)
07:38:33.925 INFO: JdwpDebugServer: handling req: Method(6).LineTable(1)
07:38:33.925 INFO: JdwpDebugServer: handling req: Method(6).LineTable(1)
07:38:33.926 INFO: JdwpDebugServer: handling req: Method(6).LineTable(1)
07:38:33.926 INFO: JdwpDebugServer: handling req: Method(6).LineTable(1)
07:38:33.926 INFO: JdwpDebugServer: handling req: Method(6).LineTable(1)
07:38:33.926 INFO: JdwpDebugServer: handling req: Method(6).LineTable(1)
07:38:33.926 INFO: JdwpDebugServer: handling req: Method(6).LineTable(1)
07:38:33.926 INFO: JdwpDebugServer: handling req: Method(6).LineTable(1)
07:38:33.927 INFO: JdwpDebugServer: handling req: Method(6).LineTable(1)
07:38:33.927 INFO: JdwpDebugServer: handling req: Method(6).LineTable(1)
07:38:33.927 INFO: JdwpDebugServer: handling req: Method(6).LineTable(1)
07:38:33.927 INFO: JdwpDebugServer: handling req: Method(6).LineTable(1)
07:38:33.927 INFO: JdwpDebugServer: handling req: Method(6).LineTable(1)
07:38:33.927 INFO: JdwpDebugServer: handling req: Method(6).LineTable(1)
07:38:33.928 INFO: JdwpDebugServer: handling req: EventRequest(15).Set(1)
07:38:33.928 INFO: JdwpEventCenterDelegate: jdwpSetEventRequest: JdwpEventRequest{requestId=106, eventKind=BREAKPOINT, suspendPolicy=EVENT_THREAD, predicates=[Location{classId=15500, methodId=1122, index=142} ]}
07:38:33.928 INFO: JdwpDebugServer: handling req: ReferenceType(2).Signature(1)
07:38:33.931 INFO: JdwpDebugServer: handling req: EventRequest(15).Set(1)
07:38:33.931 INFO: JdwpEventCenterDelegate: jdwpSetEventRequest: JdwpEventRequest{requestId=107, eventKind=CLASS_PREPARE, suspendPolicy=EVENT_THREAD, predicates=[className=com.badlogic.gdx.graphics.g2d.SpriteBatch]}
07:38:33.933 INFO: JdwpDebugServer: handling req: EventRequest(15).Set(1)
07:38:33.933 INFO: JdwpEventCenterDelegate: jdwpSetEventRequest: JdwpEventRequest{requestId=108, eventKind=CLASS_PREPARE, suspendPolicy=EVENT_THREAD, predicates=[className=com.badlogic.gdx.graphics.g2d.SpriteBatch$*]}
07:38:33.934 INFO: JdwpDebugServer: handling req: VirtualMachine(1).ClassesBySignature(2)
07:38:33.934 INFO: JdwpDebugServer: handling req: ReferenceType(2).MethodsWithGeneric(15)
07:38:33.935 INFO: JdwpDebugServer: handling req: Method(6).LineTable(1)
07:38:33.935 INFO: JdwpDebugServer: handling req: Method(6).LineTable(1)
07:38:33.935 INFO: JdwpDebugServer: handling req: Method(6).LineTable(1)
07:38:33.935 INFO: JdwpDebugServer: handling req: Method(6).LineTable(1)
07:38:33.935 INFO: JdwpDebugServer: handling req: Method(6).LineTable(1)
07:38:33.936 INFO: JdwpDebugServer: handling req: Method(6).LineTable(1)
07:38:33.936 INFO: JdwpDebugServer: handling req: Method(6).LineTable(1)
07:38:33.936 INFO: JdwpDebugServer: handling req: Method(6).LineTable(1)
07:38:33.936 INFO: JdwpDebugServer: handling req: Method(6).LineTable(1)
07:38:33.936 INFO: JdwpDebugServer: handling req: Method(6).LineTable(1)
07:38:33.936 INFO: JdwpDebugServer: handling req: Method(6).LineTable(1)
07:38:33.937 INFO: JdwpDebugServer: handling req: Method(6).LineTable(1)
07:38:33.937 INFO: JdwpDebugServer: handling req: Method(6).LineTable(1)
07:38:33.937 INFO: JdwpDebugServer: handling req: Method(6).LineTable(1)
07:38:33.937 INFO: JdwpDebugServer: handling req: Method(6).LineTable(1)
07:38:33.937 INFO: JdwpDebugServer: handling req: Method(6).LineTable(1)
07:38:33.937 INFO: JdwpDebugServer: handling req: Method(6).LineTable(1)
07:38:33.938 INFO: JdwpDebugServer: handling req: Method(6).LineTable(1)
07:38:33.938 INFO: JdwpDebugServer: handling req: Method(6).LineTable(1)
07:38:33.938 INFO: JdwpDebugServer: handling req: Method(6).LineTable(1)
07:38:33.938 INFO: JdwpDebugServer: handling req: Method(6).LineTable(1)
07:38:33.938 INFO: JdwpDebugServer: handling req: Method(6).LineTable(1)
07:38:33.938 INFO: JdwpDebugServer: handling req: Method(6).LineTable(1)
07:38:33.939 INFO: JdwpDebugServer: handling req: Method(6).LineTable(1)
07:38:33.939 INFO: JdwpDebugServer: handling req: Method(6).LineTable(1)
07:38:33.939 INFO: JdwpDebugServer: handling req: Method(6).LineTable(1)
07:38:33.939 INFO: JdwpDebugServer: handling req: Method(6).LineTable(1)
07:38:33.939 INFO: JdwpDebugServer: handling req: Method(6).LineTable(1)
07:38:33.940 INFO: JdwpDebugServer: handling req: Method(6).LineTable(1)
07:38:33.940 INFO: JdwpDebugServer: handling req: Method(6).LineTable(1)
07:38:33.940 INFO: JdwpDebugServer: handling req: Method(6).LineTable(1)
07:38:33.940 INFO: JdwpDebugServer: handling req: Method(6).LineTable(1)
07:38:33.940 INFO: JdwpDebugServer: handling req: Method(6).LineTable(1)
07:38:33.940 INFO: JdwpDebugServer: handling req: Method(6).LineTable(1)
07:38:33.940 INFO: JdwpDebugServer: handling req: Method(6).LineTable(1)
07:38:33.940 INFO: JdwpDebugServer: handling req: Method(6).LineTable(1)
07:38:33.941 INFO: JdwpDebugServer: handling req: Method(6).LineTable(1)
07:38:33.941 INFO: JdwpDebugServer: handling req: Method(6).LineTable(1)
07:38:33.941 INFO: JdwpDebugServer: handling req: Method(6).LineTable(1)
07:38:33.941 INFO: JdwpDebugServer: handling req: Method(6).LineTable(1)
07:38:33.941 INFO: JdwpDebugServer: handling req: Method(6).LineTable(1)
07:38:33.941 INFO: JdwpDebugServer: handling req: Method(6).LineTable(1)
07:38:33.941 INFO: JdwpDebugServer: handling req: Method(6).LineTable(1)
07:38:33.942 INFO: JdwpDebugServer: handling req: Method(6).LineTable(1)
07:38:33.942 INFO: JdwpDebugServer: handling req: EventRequest(15).Set(1)
07:38:33.942 INFO: JdwpEventCenterDelegate: jdwpSetEventRequest: JdwpEventRequest{requestId=109, eventKind=BREAKPOINT, suspendPolicy=EVENT_THREAD, predicates=[Location{classId=18040, methodId=1357, index=163} ]}
07:38:33.942 INFO: JdwpDebugServer: handling req: ReferenceType(2).Signature(1)
07:38:33.943 INFO: JdwpDebugServer: handling req: EventRequest(15).Set(1)
07:38:33.943 INFO: JdwpEventCenterDelegate: jdwpSetEventRequest: JdwpEventRequest{requestId=110, eventKind=CLASS_PREPARE, suspendPolicy=EVENT_THREAD, predicates=[className=com.badlogic.gdx.graphics.g2d.PolygonSpriteBatch]}
07:38:33.943 INFO: JdwpDebugServer: handling req: EventRequest(15).Set(1)
07:38:33.943 INFO: JdwpEventCenterDelegate: jdwpSetEventRequest: JdwpEventRequest{requestId=111, eventKind=CLASS_PREPARE, suspendPolicy=EVENT_THREAD, predicates=[className=com.badlogic.gdx.graphics.g2d.PolygonSpriteBatch$*]}
07:38:33.944 INFO: JdwpDebugServer: handling req: VirtualMachine(1).ClassesBySignature(2)
07:38:33.945 INFO: JdwpDebugServer: handling req: EventRequest(15).Set(1)
07:38:33.945 INFO: JdwpEventCenterDelegate: jdwpSetEventRequest: JdwpEventRequest{requestId=112, eventKind=BREAKPOINT, suspendPolicy=EVENT_THREAD, predicates=[Location{classId=15500, methodId=1122, index=141} ]}
07:38:33.945 INFO: JdwpDebugServer: handling req: EventRequest(15).Set(1)
07:38:33.945 INFO: JdwpEventCenterDelegate: jdwpSetEventRequest: JdwpEventRequest{requestId=113, eventKind=CLASS_PREPARE, suspendPolicy=EVENT_THREAD, predicates=[className=java.lang.Throwable]}
07:38:33.946 INFO: JdwpDebugServer: handling req: EventRequest(15).Set(1)
07:38:33.946 INFO: JdwpEventCenterDelegate: jdwpSetEventRequest: JdwpEventRequest{requestId=114, eventKind=CLASS_PREPARE, suspendPolicy=EVENT_THREAD, predicates=[className=java.lang.Throwable$*]}
07:38:33.947 INFO: JdwpDebugServer: handling req: VirtualMachine(1).ClassesBySignature(2)
07:38:33.947 INFO: JdwpDebugServer: handling req: ReferenceType(2).MethodsWithGeneric(15)
07:38:33.947 INFO: JdwpDebugServer: handling req: Method(6).LineTable(1)
07:38:33.947 INFO: JdwpDebugServer: handling req: Method(6).LineTable(1)
07:38:33.947 INFO: JdwpDebugServer: handling req: Method(6).LineTable(1)
07:38:33.948 INFO: JdwpDebugServer: handling req: Method(6).LineTable(1)
07:38:33.948 INFO: JdwpDebugServer: handling req: Method(6).LineTable(1)
07:38:33.948 INFO: JdwpDebugServer: handling req: Method(6).LineTable(1)
07:38:33.948 INFO: JdwpDebugServer: handling req: Method(6).LineTable(1)
07:38:33.948 INFO: JdwpDebugServer: handling req: Method(6).LineTable(1)
07:38:33.948 INFO: JdwpDebugServer: handling req: Method(6).LineTable(1)
07:38:33.949 INFO: JdwpDebugServer: handling req: Method(6).LineTable(1)
07:38:33.949 INFO: JdwpDebugServer: handling req: Method(6).LineTable(1)
07:38:33.949 INFO: JdwpDebugServer: handling req: Method(6).LineTable(1)
07:38:33.949 INFO: JdwpDebugServer: handling req: Method(6).LineTable(1)
07:38:33.949 INFO: JdwpDebugServer: handling req: Method(6).LineTable(1)
07:38:33.949 INFO: JdwpDebugServer: handling req: Method(6).LineTable(1)
07:38:33.950 INFO: JdwpDebugServer: handling req: Method(6).LineTable(1)
07:38:33.950 INFO: JdwpDebugServer: handling req: Method(6).LineTable(1)
07:38:33.950 INFO: JdwpDebugServer: handling req: Method(6).LineTable(1)
07:38:33.950 INFO: JdwpDebugServer: handling req: Method(6).LineTable(1)
07:38:33.950 INFO: JdwpDebugServer: handling req: Method(6).LineTable(1)
07:38:33.951 INFO: JdwpDebugServer: handling req: Method(6).LineTable(1)
07:38:33.951 INFO: JdwpDebugServer: handling req: Method(6).LineTable(1)
07:38:33.951 INFO: JdwpDebugServer: handling req: Method(6).LineTable(1)
07:38:33.951 INFO: JdwpDebugServer: handling req: Method(6).LineTable(1)
07:38:33.951 INFO: JdwpDebugServer: handling req: VirtualMachine(1).ClassesBySignature(2)
07:38:33.951 INFO: JdwpDebugServer: handling req: VirtualMachine(1).AllClassesWithGeneric(20)
07:38:33.965 INFO: JdwpDebugServer: handling req: EventRequest(15).Set(1)
07:38:33.965 INFO: JdwpEventCenterDelegate: jdwpSetEventRequest: JdwpEventRequest{requestId=115, eventKind=CLASS_PREPARE, suspendPolicy=EVENT_THREAD, predicates=[className=com.badlogic.gdx.utils.ScreenUtils]}
07:38:33.966 INFO: JdwpDebugServer: handling req: EventRequest(15).Set(1)
07:38:33.966 INFO: JdwpEventCenterDelegate: jdwpSetEventRequest: JdwpEventRequest{requestId=116, eventKind=CLASS_PREPARE, suspendPolicy=EVENT_THREAD, predicates=[className=com.badlogic.gdx.utils.ScreenUtils$*]}
07:38:33.968 INFO: JdwpDebugServer: handling req: VirtualMachine(1).ClassesBySignature(2)
07:38:33.968 INFO: JdwpDebugServer: handling req: ReferenceType(2).MethodsWithGeneric(15)
07:38:33.968 INFO: JdwpDebugServer: handling req: Method(6).LineTable(1)
07:38:33.968 INFO: JdwpDebugServer: handling req: Method(6).LineTable(1)
07:38:33.969 INFO: JdwpDebugServer: handling req: Method(6).LineTable(1)
07:38:33.969 INFO: JdwpDebugServer: handling req: Method(6).LineTable(1)
07:38:33.969 INFO: JdwpDebugServer: handling req: Method(6).LineTable(1)
07:38:33.969 INFO: JdwpDebugServer: handling req: Method(6).LineTable(1)
07:38:33.969 INFO: JdwpDebugServer: handling req: Method(6).LineTable(1)
07:38:33.969 INFO: JdwpDebugServer: handling req: Method(6).LineTable(1)
07:38:33.969 INFO: JdwpDebugServer: handling req: Method(6).LineTable(1)
07:38:33.970 INFO: JdwpDebugServer: handling req: Method(6).LineTable(1)
07:38:33.970 INFO: JdwpDebugServer: handling req: EventRequest(15).Set(1)
07:38:33.970 INFO: JdwpEventCenterDelegate: jdwpSetEventRequest: JdwpEventRequest{requestId=117, eventKind=BREAKPOINT, suspendPolicy=EVENT_THREAD, predicates=[Location{classId=22240, methodId=1727, index=89} ]}
07:38:33.970 INFO: JdwpDebugServer: handling req: EventRequest(15).Set(1)
07:38:33.970 INFO: JdwpEventCenterDelegate: jdwpSetEventRequest: JdwpEventRequest{requestId=118, eventKind=CLASS_PREPARE, suspendPolicy=EVENT_THREAD, predicates=[className=com.badlogic.gdx.utils.ScreenUtils]}
07:38:33.971 INFO: JdwpDebugServer: handling req: EventRequest(15).Set(1)
07:38:33.971 INFO: JdwpEventCenterDelegate: jdwpSetEventRequest: JdwpEventRequest{requestId=119, eventKind=CLASS_PREPARE, suspendPolicy=EVENT_THREAD, predicates=[className=com.badlogic.gdx.utils.ScreenUtils$*]}
07:38:33.972 INFO: JdwpDebugServer: handling req: VirtualMachine(1).ClassesBySignature(2)
07:38:33.972 INFO: JdwpDebugServer: handling req: EventRequest(15).Set(1)
07:38:33.972 INFO: JdwpEventCenterDelegate: jdwpSetEventRequest: JdwpEventRequest{requestId=120, eventKind=BREAKPOINT, suspendPolicy=EVENT_THREAD, predicates=[Location{classId=22240, methodId=1722, index=72} ]}
07:38:33.973 INFO: JdwpDebugServer: handling req: EventRequest(15).Set(1)
07:38:33.973 INFO: JdwpEventCenterDelegate: jdwpSetEventRequest: JdwpEventRequest{requestId=121, eventKind=CLASS_PREPARE, suspendPolicy=EVENT_THREAD, predicates=[className=com.scottlogic.util.GL32CMacIssueHandler]}
07:38:33.974 INFO: JdwpDebugServer: handling req: EventRequest(15).Set(1)
07:38:33.974 INFO: JdwpEventCenterDelegate: jdwpSetEventRequest: JdwpEventRequest{requestId=122, eventKind=CLASS_PREPARE, suspendPolicy=EVENT_THREAD, predicates=[className=com.scottlogic.util.GL32CMacIssueHandler$*]}
07:38:33.975 INFO: JdwpDebugServer: handling req: VirtualMachine(1).ClassesBySignature(2)
07:38:33.975 INFO: JdwpDebugServer: handling req: ReferenceType(2).MethodsWithGeneric(15)
07:38:33.976 INFO: JdwpDebugServer: handling req: Method(6).LineTable(1)
07:38:33.976 INFO: JdwpDebugServer: handling req: Method(6).LineTable(1)
07:38:33.976 INFO: JdwpDebugServer: handling req: Method(6).LineTable(1)
07:38:33.977 INFO: JdwpDebugServer: handling req: Method(6).LineTable(1)
07:38:33.977 INFO: JdwpDebugServer: handling req: Method(6).LineTable(1)
07:38:33.977 INFO: JdwpDebugServer: handling req: EventRequest(15).Set(1)
07:38:33.977 INFO: JdwpEventCenterDelegate: jdwpSetEventRequest: JdwpEventRequest{requestId=123, eventKind=BREAKPOINT, suspendPolicy=EVENT_THREAD, predicates=[Location{classId=21445, methodId=1762, index=146} ]}
07:38:33.978 INFO: JdwpDebugServer: handling req: EventRequest(15).Set(1)
07:38:33.978 INFO: JdwpEventCenterDelegate: jdwpSetEventRequest: JdwpEventRequest{requestId=124, eventKind=CLASS_PREPARE, suspendPolicy=EVENT_THREAD, predicates=[className=com.scottlogic.util.ShaderProgramFactory]}
07:38:33.980 INFO: JdwpDebugServer: handling req: EventRequest(15).Set(1)
07:38:33.980 INFO: JdwpEventCenterDelegate: jdwpSetEventRequest: JdwpEventRequest{requestId=125, eventKind=CLASS_PREPARE, suspendPolicy=EVENT_THREAD, predicates=[className=com.scottlogic.util.ShaderProgramFactory$*]}
07:38:33.981 INFO: JdwpDebugServer: handling req: VirtualMachine(1).ClassesBySignature(2)
07:38:33.981 INFO: JdwpDebugServer: handling req: ReferenceType(2).MethodsWithGeneric(15)
07:38:33.981 INFO: JdwpDebugServer: handling req: Method(6).LineTable(1)
07:38:33.981 INFO: JdwpDebugServer: handling req: Method(6).LineTable(1)
07:38:33.982 INFO: JdwpDebugServer: handling req: Method(6).LineTable(1)
07:38:33.982 INFO: JdwpDebugServer: handling req: Method(6).LineTable(1)
07:38:33.982 INFO: JdwpDebugServer: handling req: Method(6).LineTable(1)
07:38:33.982 INFO: JdwpDebugServer: handling req: EventRequest(15).Set(1)
07:38:33.982 INFO: JdwpEventCenterDelegate: jdwpSetEventRequest: JdwpEventRequest{requestId=126, eventKind=BREAKPOINT, suspendPolicy=EVENT_THREAD, predicates=[Location{classId=20400, methodId=1787, index=106} ]}
07:38:33.984 INFO: JdwpDebugServer: handling req: VirtualMachine(1).capabilitiesNew(17)
07:38:33.991 INFO: JdwpDebugServer: handling req: EventRequest(15).Set(1)
07:38:33.992 INFO: JdwpEventCenterDelegate: jdwpSetEventRequest: JdwpEventRequest{requestId=127, eventKind=CLASS_PREPARE, suspendPolicy=EVENT_THREAD, predicates=[className=java.lang.Error]}
07:38:33.993 INFO: JdwpDebugServer: handling req: EventRequest(15).Set(1)
07:38:33.993 INFO: JdwpEventCenterDelegate: jdwpSetEventRequest: JdwpEventRequest{requestId=128, eventKind=CLASS_PREPARE, suspendPolicy=EVENT_THREAD, predicates=[className=java.lang.Error$*]}
07:38:33.994 INFO: JdwpDebugServer: handling req: VirtualMachine(1).ClassesBySignature(2)
07:38:33.995 INFO: JdwpDebugServer: handling req: EventRequest(15).Set(1)
07:38:33.995 INFO: JdwpEventCenterDelegate: jdwpSetEventRequest: JdwpEventRequest{requestId=129, eventKind=EXCEPTION, suspendPolicy=EVENT_THREAD, predicates=[exceptionType=3425(caught=true, uncaught=true)]}
07:38:34.032 INFO: JdwpDebugServer: handling req: EventRequest(15).Set(1)
07:38:34.032 INFO: JdwpEventCenterDelegate: jdwpSetEventRequest: JdwpEventRequest{requestId=130, eventKind=CLASS_PREPARE, suspendPolicy=EVENT_THREAD, predicates=[className=java.lang.Throwable]}
07:38:34.034 INFO: JdwpDebugServer: handling req: EventRequest(15).Set(1)
07:38:34.034 INFO: JdwpEventCenterDelegate: jdwpSetEventRequest: JdwpEventRequest{requestId=131, eventKind=CLASS_PREPARE, suspendPolicy=EVENT_THREAD, predicates=[className=java.lang.Throwable$*]}
07:38:34.035 INFO: JdwpDebugServer: handling req: VirtualMachine(1).ClassesBySignature(2)
07:38:34.035 INFO: JdwpDebugServer: handling req: EventRequest(15).Set(1)
07:38:34.035 INFO: JdwpEventCenterDelegate: jdwpSetEventRequest: JdwpEventRequest{requestId=132, eventKind=EXCEPTION, suspendPolicy=EVENT_THREAD, predicates=[exceptionType=7695(caught=false, uncaught=true)]}
07:38:34.037 INFO: JdwpDebugServer: handling req: ThreadReference(11).SuspendCount(12)
07:38:34.037 INFO: JdwpDebugServer: handling req: ThreadReference(11).SuspendCount(12)
07:38:34.037 INFO: JdwpDebugServer: handling req: ThreadReference(11).SuspendCount(12)
07:38:34.038 INFO: JdwpDebugServer: handling req: ThreadReference(11).SuspendCount(12)
07:38:34.038 INFO: JdwpDebugServer: handling req: VirtualMachine(1).AllThreads(4)
07:38:34.038 INFO: JdwpDebugServer: handling req: VirtualMachine(1).Resume(9)
07:38:34.109 INFO: JdwpEventCenterDelegate: THREAD_RESUMED: thread (33, main, main)
07:38:34.109 INFO: JdwpEventCenterDelegate: THREAD_RESUMED: thread (33, main, main)
07:38:34.110 INFO: JdwpEventCenterDelegate: THREAD_RESUMED: thread (33, main, main)
07:38:34.111 INFO: JdwpEventCenterDelegate: THREAD_RESUMED: thread (33, main, main)
07:38:34.111 INFO: JdwpEventCenterDelegate: THREAD_RESUMED: thread (33, main, main)
07:38:34.111 INFO: JdwpEventCenterDelegate: THREAD_RESUMED: thread (33, main, main)
07:38:34.112 INFO: JdwpEventCenterDelegate: THREAD_RESUMED: thread (33, main, main)
07:38:34.113 INFO: JdwpEventCenterDelegate: THREAD_RESUMED: thread (33, main, main)
07:38:34.114 INFO: JdwpEventCenterDelegate: THREAD_RESUMED: thread (33, main, main)
07:38:34.114 INFO: JdwpEventCenterDelegate: THREAD_RESUMED: thread (33, main, main)
07:38:34.115 INFO: JdwpEventCenterDelegate: THREAD_RESUMED: thread (33, main, main)
07:38:34.120 INFO: JdwpEventCenterDelegate: THREAD_RESUMED: thread (33, main, main)
07:38:34.121 INFO: JdwpEventCenterDelegate: THREAD_RESUMED: thread (33, main, main)
07:38:34.121 INFO: JdwpEventCenterDelegate: THREAD_RESUMED: thread (33, main, main)
07:38:34.187 INFO: JdwpEventCenterDelegate: THREAD_RESUMED: thread (33, main, main)
07:38:34.187 INFO: JdwpEventCenterDelegate: THREAD_RESUMED: thread (33, main, main)
07:38:34.188 INFO: JdwpEventCenterDelegate: THREAD_RESUMED: thread (33, main, main)
07:38:34.195 INFO: JdwpEventCenterDelegate: THREAD_RESUMED: thread (33, main, main)
07:38:34.195 INFO: JdwpEventCenterDelegate: THREAD_RESUMED: thread (33, main, main)
07:38:34.196 INFO: JdwpEventCenterDelegate: THREAD_RESUMED: thread (33, main, main)
07:38:34.454 INFO: JdwpEventCenterDelegate: THREAD_RESUMED: thread (33, main, main)
07:38:34.455 INFO: JdwpEventCenterDelegate: THREAD_RESUMED: thread (33, main, main)
07:38:34.456 INFO: JdwpEventCenterDelegate: THREAD_RESUMED: thread (33, main, main)
07:38:34.516 INFO: JdwpEventCenterDelegate: THREAD_RESUMED: thread (33, main, main)
07:38:34.516 INFO: JdwpEventCenterDelegate: THREAD_RESUMED: thread (33, main, main)
07:38:34.517 INFO: JdwpEventCenterDelegate: THREAD_RESUMED: thread (33, main, main)
07:38:34.529 INFO: JdwpDebugServer: handling req: ThreadReference(11).Name(1)
07:38:34.531 INFO: JdwpDebugServer: handling req: ThreadReference(11).Name(1)
07:38:34.532 INFO: JdwpDebugServer: handling req: ThreadReference(11).Name(1)
07:38:34.532 INFO: JdwpDebugServer: handling req: ThreadReference(11).Name(1)
07:38:34.543 INFO: JdwpEventCenterDelegate: THREAD_RESUMED: thread (33, main, main)
07:38:34.543 INFO: JdwpEventCenterDelegate: THREAD_RESUMED: thread (33, main, main)
07:38:34.544 INFO: JdwpEventCenterDelegate: THREAD_RESUMED: thread (33, main, main)
07:38:34.567 INFO: JdwpEventCenterDelegate: THREAD_RESUMED: thread (33, main, main)
07:38:34.568 INFO: JdwpEventCenterDelegate: THREAD_RESUMED: thread (33, main, main)
07:38:34.568 INFO: JdwpEventCenterDelegate: THREAD_RESUMED: thread (33, main, main)
07:38:34.569 INFO: JdwpEventCenterDelegate: THREAD_RESUMED: thread (33, main, main)
07:38:34.575 INFO: JdwpEventCenterDelegate: THREAD_RESUMED: thread (33, main, main)
07:38:34.576 INFO: JdwpEventCenterDelegate: THREAD_RESUMED: thread (33, main, main)
07:38:35.110 INFO: JdwpEventCenterDelegate: THREAD_RESUMED: thread (33, main, main)
07:38:35.111 INFO: JdwpEventCenterDelegate: THREAD_RESUMED: thread (33, main, main)
07:38:35.130 INFO: JdwpEventCenterDelegate: THREAD_RESUMED: thread (33, main, main)
07:38:35.130 INFO: JdwpEventCenterDelegate: THREAD_RESUMED: thread (33, main, main)
07:38:35.131 INFO: JdwpEventCenterDelegate: THREAD_RESUMED: thread (33, main, main)
07:38:35.132 INFO: JdwpEventCenterDelegate: THREAD_RESUMED: thread (33, main, main)
07:38:35.205 INFO: JdwpEventCenterDelegate: THREAD_RESUMED: thread (33, main, main)
07:38:35.572 INFO: JdwpDebugServer: handling req: EventRequest(15).Set(1)
07:38:35.573 INFO: JdwpEventCenterDelegate: jdwpSetEventRequest: JdwpEventRequest{requestId=133, eventKind=BREAKPOINT, suspendPolicy=EVENT_THREAD, predicates=[Location{classId=15500, methodId=1122, index=142} ]}
07:38:35.581 INFO: JdwpDebugServer: handling req: EventRequest(15).Set(1)
07:38:35.581 INFO: JdwpEventCenterDelegate: jdwpSetEventRequest: JdwpEventRequest{requestId=134, eventKind=BREAKPOINT, suspendPolicy=EVENT_THREAD, predicates=[Location{classId=15500, methodId=1122, index=141} ]}
07:38:35.583 INFO: JdwpDebugServer: handling req: ThreadReference(11).Resume(3)
07:38:35.587 INFO: JdwpEventCenterDelegate: THREAD_RESUMED: thread (33, main, main)
07:38:35.588 INFO: JdwpDebugServer: handling req: EventRequest(15).Set(1)
07:38:35.588 INFO: JdwpEventCenterDelegate: jdwpSetEventRequest: JdwpEventRequest{requestId=135, eventKind=BREAKPOINT, suspendPolicy=EVENT_THREAD, predicates=[Location{classId=21445, methodId=1762, index=146} ]}
07:38:35.593 INFO: JdwpDebugServer: handling req: ThreadReference(11).Resume(3)
07:38:35.596 INFO: JdwpEventCenterDelegate: THREAD_RESUMED: thread (33, main, main)
07:38:35.599 INFO: JdwpEventCenterDelegate: THREAD_RESUMED: thread (33, main, main)
07:38:35.600 INFO: JdwpEventCenterDelegate: THREAD_RESUMED: thread (33, main, main)
07:38:35.602 INFO: JdwpEventCenterDelegate: THREAD_RESUMED: thread (33, main, main)
07:38:35.603 INFO: JdwpEventCenterDelegate: THREAD_RESUMED: thread (33, main, main)
07:38:35.604 INFO: JdwpEventCenterDelegate: THREAD_RESUMED: thread (33, main, main)
07:38:35.605 INFO: JdwpEventCenterDelegate: THREAD_RESUMED: thread (33, main, main)
07:38:35.607 INFO: JdwpDebugServer: handling req: ThreadReference(11).Frames(6)
07:38:35.607 INFO: JdwpDebugServer: handling req: ReferenceType(2).MethodsWithGeneric(15)
07:38:35.607 INFO: JdwpDebugServer: handling req: ReferenceType(2).MethodsWithGeneric(15)
07:38:35.608 INFO: JdwpDebugServer: handling req: ReferenceType(2).MethodsWithGeneric(15)
07:38:35.608 INFO: JdwpDebugServer: handling req: ReferenceType(2).MethodsWithGeneric(15)
07:38:35.608 INFO: JdwpDebugServer: handling req: ReferenceType(2).MethodsWithGeneric(15)
07:38:35.609 INFO: JdwpDebugServer: handling req: ReferenceType(2).MethodsWithGeneric(15)
07:38:35.609 INFO: JdwpDebugServer: handling req: ThreadReference(11).FramesCount(7)
07:38:35.610 INFO: JdwpDebugServer: handling req: ThreadReference(11).FramesCount(7)
07:38:36.492 INFO: JdwpDebugServer: handling req: ReferenceType(2).SourceFile(7)
07:38:36.601 INFO: JdwpDebugServer: handling req: ThreadReference(11).Name(1)
07:38:36.601 INFO: JdwpDebugServer: handling req: ReferenceType(2).SignatureWithGeneric(13)
07:38:36.613 INFO: JdwpDebugServer: handling req: ThreadReference(11).Name(1)
07:38:36.613 INFO: JdwpDebugServer: handling req: ThreadReference(11).Name(1)
07:38:36.614 INFO: JdwpDebugServer: handling req: ThreadReference(11).Name(1)
07:38:36.614 INFO: JdwpDebugServer: handling req: ThreadReference(11).Name(1)
07:38:36.688 INFO: JdwpDebugServer: handling req: ReferenceType(2).FieldsWithGeneric(14)
07:38:36.689 INFO: JdwpDebugServer: handling req: ReferenceType(2).Interfaces(10)
07:38:36.690 INFO: JdwpDebugServer: handling req: ClassType(3).Superclass(1)
07:38:36.690 INFO: JdwpDebugServer: handling req: ClassType(3).Superclass(1)
07:38:36.691 INFO: JdwpDebugServer: handling req: Method(6).VariableTableWithGenerics(5)
07:38:36.828 INFO: JdwpDebugServer: handling req: StackFrame(16).GetValues(1)
07:38:36.832 INFO: JdwpDebugServer: handling req: StackFrame(16).GetValues(1)
07:38:36.833 INFO: JdwpDebugServer: handling req: ObjectReference(9).ReferenceType(1)
07:38:36.834 INFO: JdwpDebugServer: handling req: StackFrame(16).GetValues(1)
07:38:36.834 INFO: JdwpDebugServer: handling req: ReferenceType(2).FieldsWithGeneric(14)
07:38:36.834 INFO: JdwpDebugServer: handling req: ClassType(3).Superclass(1)
07:38:36.835 INFO: JdwpDebugServer: handling req: ClassType(3).Superclass(1)
07:38:36.835 INFO: JdwpDebugServer: handling req: ReferenceType(2).Interfaces(10)
07:38:36.836 INFO: JdwpDebugServer: handling req: ReferenceType(2).Interfaces(10)
07:38:36.836 INFO: JdwpDebugServer: handling req: ReferenceType(2).FieldsWithGeneric(14)
07:38:36.836 INFO: JdwpDebugServer: handling req: ReferenceType(2).Interfaces(10)
07:38:36.837 INFO: JdwpDebugServer: handling req: ReferenceType(2).Interfaces(10)
07:38:36.837 INFO: JdwpDebugServer: handling req: ReferenceType(2).Interfaces(10)
07:38:36.837 INFO: JdwpDebugServer: handling req: ReferenceType(2).FieldsWithGeneric(14)
07:38:36.837 INFO: JdwpDebugServer: handling req: ReferenceType(2).Interfaces(10)
07:38:36.837 INFO: JdwpDebugServer: handling req: ReferenceType(2).FieldsWithGeneric(14)
07:38:36.837 INFO: JdwpDebugServer: handling req: ClassType(3).Superclass(1)
07:38:36.838 INFO: JdwpDebugServer: handling req: StackFrame(16).GetValues(1)
07:38:36.838 INFO: JdwpDebugServer: handling req: StackFrame(16).GetValues(1)
07:38:36.838 INFO: JdwpDebugServer: handling req: StackFrame(16).GetValues(1)
07:38:36.839 INFO: JdwpDebugServer: handling req: StringReference(10).Value(1)
07:38:36.983 INFO: JdwpDebugServer: handling req: StackFrame(16).GetValues(1)
07:38:36.984 INFO: JdwpDebugServer: handling req: ObjectReference(9).ReferenceType(1)
07:38:36.985 INFO: JdwpDebugServer: handling req: StackFrame(16).GetValues(1)
07:38:36.985 INFO: JdwpDebugServer: handling req: StackFrame(16).GetValues(1)
07:38:36.986 INFO: JdwpDebugServer: handling req: StackFrame(16).GetValues(1)
07:38:36.986 INFO: JdwpDebugServer: handling req: StackFrame(16).GetValues(1)
07:38:36.986 INFO: JdwpDebugServer: handling req: ClassType(3).Superclass(1)
07:38:36.986 INFO: JdwpDebugServer: handling req: StackFrame(16).GetValues(1)
07:38:36.987 INFO: JdwpDebugServer: handling req: StackFrame(16).GetValues(1)
07:38:36.988 INFO: JdwpDebugServer: handling req: StackFrame(16).GetValues(1)
07:38:36.989 INFO: JdwpDebugServer: handling req: StringReference(10).Value(1)
07:38:36.990 INFO: JdwpDebugServer: handling req: StackFrame(16).GetValues(1)
07:38:36.991 INFO: JdwpDebugServer: handling req: StackFrame(16).GetValues(1)
07:38:37.000 INFO: JdwpDebugServer: handling req: ThreadReference(11).FramesCount(7)
07:38:37.008 INFO: JdwpDebugServer: handling req: ThreadReference(11).Name(1)
07:38:37.010 INFO: JdwpDebugServer: handling req: ThreadReference(11).Name(1)
07:38:37.010 INFO: JdwpDebugServer: handling req: ThreadReference(11).Name(1)
07:38:37.010 INFO: JdwpDebugServer: handling req: ThreadReference(11).Name(1)
07:38:37.016 INFO: JdwpDebugServer: handling req: ThreadReference(11).FramesCount(7)
07:38:37.020 INFO: JdwpDebugServer: handling req: StackFrame(16).ThisObject(3)
07:38:37.021 INFO: JdwpDebugServer: handling req: ObjectReference(9).ReferenceType(1)
07:38:37.022 INFO: JdwpDebugServer: handling req: Method(6).LineTable(1)
07:38:37.022 INFO: JdwpDebugServer: handling req: StackFrame(16).ThisObject(3)
07:38:37.023 INFO: JdwpDebugServer: handling req: ObjectReference(9).ReferenceType(1)
07:38:37.023 INFO: JdwpDebugServer: handling req: Method(6).LineTable(1)
07:38:37.024 INFO: JdwpDebugServer: handling req: StackFrame(16).ThisObject(3)
07:38:37.024 INFO: JdwpDebugServer: handling req: ObjectReference(9).ReferenceType(1)
07:38:37.024 INFO: JdwpDebugServer: handling req: Method(6).LineTable(1)
07:38:37.024 INFO: JdwpDebugServer: handling req: StackFrame(16).ThisObject(3)
07:38:37.025 INFO: JdwpDebugServer: handling req: ObjectReference(9).ReferenceType(1)
07:38:37.025 INFO: JdwpDebugServer: handling req: Method(6).LineTable(1)
07:38:37.025 INFO: JdwpDebugServer: handling req: StackFrame(16).ThisObject(3)
07:38:37.025 INFO: JdwpDebugServer: handling req: ObjectReference(9).ReferenceType(1)
07:38:37.026 INFO: JdwpDebugServer: handling req: Method(6).LineTable(1)
07:38:37.027 INFO: JdwpDebugServer: handling req: Method(6).LineTable(1)
07:38:37.027 INFO: JdwpDebugServer: handling req: Method(6).LineTable(1)
07:38:40.216 INFO: JdwpDebugServer: handling req: ThreadReference(11).Resume(3)
07:38:40.224 INFO: JdwpEventCenterDelegate: THREAD_RESUMED: thread (33, main, main)
07:38:40.239 INFO: JdwpDebugServer: handling req: EventRequest(15).Set(1)
07:38:40.240 INFO: JdwpEventCenterDelegate: jdwpSetEventRequest: JdwpEventRequest{requestId=136, eventKind=BREAKPOINT, suspendPolicy=EVENT_THREAD, predicates=[Location{classId=20400, methodId=1787, index=106} ]}
07:38:40.274 INFO: JdwpDebugServer: handling req: ThreadReference(11).Resume(3)
07:38:40.275 INFO: JdwpDebugServer: handling req: ThreadReference(11).Name(1)
07:38:40.275 INFO: JdwpEventCenterDelegate: THREAD_RESUMED: thread (33, main, main)
07:38:40.277 INFO: JdwpDebugServer: handling req: ThreadReference(11).Name(1)
07:38:40.277 INFO: JdwpDebugServer: handling req: ThreadReference(11).Name(1)
07:38:40.290 INFO: JdwpDebugServer: handling req: ThreadReference(11).Frames(6)
07:38:40.291 INFO: JdwpDebugServer: handling req: ThreadReference(11).FramesCount(7)
07:38:40.291 INFO: JdwpDebugServer: handling req: ThreadReference(11).FramesCount(7)
07:38:40.349 INFO: JdwpDebugServer: handling req: ReferenceType(2).SignatureWithGeneric(13)
07:38:40.349 INFO: JdwpDebugServer: handling req: ThreadReference(11).Name(1)
07:38:40.350 INFO: JdwpDebugServer: handling req: ThreadReference(11).Name(1)
07:38:40.351 INFO: JdwpDebugServer: handling req: ThreadReference(11).Name(1)
07:38:40.351 INFO: JdwpDebugServer: handling req: ThreadReference(11).Name(1)
07:38:40.352 INFO: JdwpDebugServer: handling req: ThreadReference(11).Name(1)
07:38:40.374 INFO: JdwpDebugServer: handling req: ReferenceType(2).FieldsWithGeneric(14)
07:38:40.374 INFO: JdwpDebugServer: handling req: ReferenceType(2).Interfaces(10)
07:38:40.374 INFO: JdwpDebugServer: handling req: ClassType(3).Superclass(1)
07:38:40.376 INFO: JdwpDebugServer: handling req: ThreadReference(11).FramesCount(7)
07:38:40.377 INFO: JdwpDebugServer: handling req: Method(6).VariableTableWithGenerics(5)
07:38:40.384 INFO: JdwpDebugServer: handling req: ThreadReference(11).Name(1)
07:38:40.396 INFO: JdwpDebugServer: handling req: ThreadReference(11).FramesCount(7)
07:38:40.398 INFO: JdwpDebugServer: handling req: StackFrame(16).GetValues(1)
07:38:40.398 INFO: JdwpDebugServer: handling req: ObjectReference(9).ReferenceType(1)
07:38:40.399 INFO: JdwpDebugServer: handling req: StackFrame(16).GetValues(1)
07:38:40.399 INFO: JdwpDebugServer: handling req: ObjectReference(9).ReferenceType(1)
07:38:40.399 INFO: JdwpDebugServer: handling req: StackFrame(16).GetValues(1)
07:38:40.399 INFO: JdwpDebugServer: handling req: StackFrame(16).GetValues(1)
07:38:40.400 INFO: JdwpDebugServer: handling req: StackFrame(16).GetValues(1)
07:38:40.401 INFO: JdwpDebugServer: handling req: ClassType(3).Superclass(1)
07:38:40.401 INFO: JdwpDebugServer: handling req: StackFrame(16).GetValues(1)
07:38:40.401 INFO: JdwpDebugServer: handling req: StackFrame(16).GetValues(1)
07:38:40.401 INFO: JdwpDebugServer: handling req: StackFrame(16).GetValues(1)
07:38:40.402 INFO: JdwpDebugServer: handling req: StackFrame(16).GetValues(1)
07:38:40.402 INFO: JdwpDebugServer: handling req: StackFrame(16).GetValues(1)
07:38:40.403 INFO: JdwpDebugServer: handling req: ObjectReference(9).ReferenceType(1)
07:38:40.403 INFO: JdwpDebugServer: handling req: StackFrame(16).GetValues(1)
07:38:40.403 INFO: JdwpDebugServer: handling req: ReferenceType(2).FieldsWithGeneric(14)
07:38:40.405 INFO: JdwpDebugServer: handling req: StackFrame(16).GetValues(1)
07:38:40.405 INFO: JdwpDebugServer: handling req: ReferenceType(2).Interfaces(10)
07:38:40.405 INFO: JdwpDebugServer: handling req: ReferenceType(2).FieldsWithGeneric(14)
07:38:40.405 INFO: JdwpDebugServer: handling req: StringReference(10).Value(1)
07:38:40.405 INFO: JdwpDebugServer: handling req: ReferenceType(2).Interfaces(10)
07:38:40.406 INFO: JdwpDebugServer: handling req: StackFrame(16).GetValues(1)
07:38:40.406 INFO: JdwpDebugServer: handling req: ClassType(3).Superclass(1)
07:38:40.406 INFO: JdwpDebugServer: handling req: StackFrame(16).GetValues(1)
07:38:40.407 INFO: JdwpDebugServer: handling req: StackFrame(16).GetValues(1)
07:38:40.407 INFO: JdwpDebugServer: handling req: StackFrame(16).GetValues(1)
07:38:40.408 INFO: JdwpDebugServer: handling req: ClassType(3).Superclass(1)
07:38:40.409 INFO: JdwpDebugServer: handling req: StackFrame(16).GetValues(1)
07:38:40.410 INFO: JdwpDebugServer: handling req: StackFrame(16).GetValues(1)
07:38:40.411 INFO: JdwpDebugServer: handling req: StackFrame(16).GetValues(1)
07:38:40.411 INFO: JdwpDebugServer: handling req: StringReference(10).Value(1)
07:38:40.412 INFO: JdwpDebugServer: handling req: StackFrame(16).GetValues(1)
07:38:40.412 INFO: JdwpDebugServer: handling req: StackFrame(16).GetValues(1)
07:38:40.413 INFO: JdwpDebugServer: handling req: StackFrame(16).GetValues(1)
07:38:40.414 INFO: JdwpDebugServer: handling req: StackFrame(16).GetValues(1)
07:38:40.414 INFO: JdwpDebugServer: handling req: StackFrame(16).GetValues(1)
07:38:40.415 INFO: JdwpDebugServer: handling req: StackFrame(16).GetValues(1)
07:38:40.417 INFO: JdwpDebugServer: handling req: StackFrame(16).GetValues(1)
07:38:40.418 INFO: JdwpDebugServer: handling req: StackFrame(16).GetValues(1)
07:38:40.419 INFO: JdwpDebugServer: handling req: StackFrame(16).GetValues(1)
07:38:40.419 INFO: JdwpDebugServer: handling req: StackFrame(16).ThisObject(3)
07:38:40.420 INFO: JdwpDebugServer: handling req: ObjectReference(9).ReferenceType(1)
07:38:40.420 INFO: JdwpDebugServer: handling req: StackFrame(16).ThisObject(3)
07:38:40.420 INFO: JdwpDebugServer: handling req: ObjectReference(9).ReferenceType(1)
07:38:40.420 INFO: JdwpDebugServer: handling req: StackFrame(16).ThisObject(3)
07:38:40.421 INFO: JdwpDebugServer: handling req: ObjectReference(9).ReferenceType(1)
07:38:40.422 INFO: JdwpDebugServer: handling req: StackFrame(16).GetValues(1)
07:38:40.422 INFO: JdwpDebugServer: handling req: StackFrame(16).GetValues(1)
07:38:40.423 INFO: JdwpDebugServer: handling req: StackFrame(16).GetValues(1)
07:38:40.423 INFO: JdwpDebugServer: handling req: StackFrame(16).GetValues(1)
07:38:40.423 INFO: JdwpDebugServer: handling req: StackFrame(16).GetValues(1)
07:38:40.424 INFO: JdwpDebugServer: handling req: StackFrame(16).GetValues(1)
07:38:40.424 INFO: JdwpDebugServer: handling req: StackFrame(16).GetValues(1)
07:38:40.425 INFO: JdwpDebugServer: handling req: StackFrame(16).GetValues(1)
07:38:40.425 INFO: JdwpDebugServer: handling req: StackFrame(16).GetValues(1)
07:38:40.428 INFO: JdwpDebugServer: handling req: StackFrame(16).GetValues(1)
07:38:40.428 INFO: JdwpDebugServer: handling req: StackFrame(16).GetValues(1)
07:38:40.428 INFO: JdwpDebugServer: handling req: StackFrame(16).GetValues(1)
07:38:40.429 INFO: JdwpDebugServer: handling req: StackFrame(16).GetValues(1)
07:38:40.429 INFO: JdwpDebugServer: handling req: StackFrame(16).GetValues(1)
07:38:40.429 INFO: JdwpDebugServer: handling req: StackFrame(16).GetValues(1)
07:38:40.429 INFO: JdwpDebugServer: handling req: StackFrame(16).GetValues(1)
07:38:40.429 INFO: JdwpDebugServer: handling req: StackFrame(16).GetValues(1)
07:38:40.430 INFO: JdwpDebugServer: handling req: ReferenceType(2).SourceFile(7)
07:38:40.430 INFO: JdwpDebugServer: handling req: StackFrame(16).GetValues(1)
07:38:40.430 INFO: JdwpDebugServer: handling req: StackFrame(16).GetValues(1)
07:38:40.430 INFO: JdwpDebugServer: handling req: StackFrame(16).GetValues(1)
07:38:40.430 INFO: JdwpDebugServer: handling req: StackFrame(16).GetValues(1)
07:38:40.431 INFO: JdwpDebugServer: handling req: StackFrame(16).ThisObject(3)
07:38:40.431 INFO: JdwpDebugServer: handling req: ObjectReference(9).ReferenceType(1)
07:38:40.431 INFO: JdwpDebugServer: handling req: StackFrame(16).GetValues(1)
07:38:40.432 INFO: JdwpDebugServer: handling req: StackFrame(16).GetValues(1)
07:38:40.432 INFO: JdwpDebugServer: handling req: ClassType(3).Superclass(1)
07:38:40.432 INFO: JdwpDebugServer: handling req: StackFrame(16).GetValues(1)
07:38:40.433 INFO: JdwpDebugServer: handling req: StackFrame(16).GetValues(1)
07:38:40.433 INFO: JdwpDebugServer: handling req: StackFrame(16).GetValues(1)
07:38:40.433 INFO: JdwpDebugServer: handling req: StackFrame(16).GetValues(1)
07:38:40.434 INFO: JdwpDebugServer: handling req: StackFrame(16).GetValues(1)
07:38:40.435 INFO: JdwpDebugServer: handling req: StackFrame(16).ThisObject(3)
07:38:40.436 INFO: JdwpDebugServer: handling req: ObjectReference(9).ReferenceType(1)
07:38:41.976 INFO: JdwpDebugServer: handling req: ThreadReference(11).Resume(3)
07:38:41.985 INFO: JdwpEventCenterDelegate: THREAD_RESUMED: thread (33, main, main)
07:38:41.991 INFO: JdwpDebugServer: handling req: ReferenceType(2).MethodsWithGeneric(15)
07:38:41.995 INFO: JdwpDebugServer: handling req: Method(6).LineTable(1)
07:38:41.996 INFO: JdwpDebugServer: handling req: Method(6).LineTable(1)
07:38:41.996 INFO: JdwpDebugServer: handling req: Method(6).LineTable(1)
07:38:41.996 INFO: JdwpDebugServer: handling req: ThreadReference(11).Resume(3)
07:38:41.997 INFO: JdwpEventCenterDelegate: THREAD_RESUMED: thread (33, main, main)
07:38:42.002 INFO: JdwpEventCenterDelegate: THREAD_RESUMED: thread (33, main, main)
07:38:42.036 SEVERE: Debugger: Thread HooksChannel socket thread crashed
org.robovm.debugger.DebuggerException: java.nio.BufferUnderflowException
	at org.robovm.debugger.hooks.HooksChannel.doSocketWork(HooksChannel.java:149)
	at java.base/java.lang.Thread.run(Thread.java:833)
	at org.robovm.debugger.utils.DebuggerThread.run(DebuggerThread.java:42)
Caused by: java.nio.BufferUnderflowException
	at org.robovm.debugger.utils.bytebuffer.DataBufferWriter.writeFromStream(DataBufferWriter.java:91)
	at org.robovm.debugger.hooks.HooksChannel.doSocketWork(HooksChannel.java:116)
	... 2 more
07:38:42.095 INFO: JdwpDebugServer: handling req: ThreadReference(11).Name(1)
