10:32:47.563 INFO: JdwpEventCenterDelegate: THREAD_STARTED: thread (33, main, main)
10:32:47.574 INFO: JdwpEventCenterDelegate: THREAD_STARTED: thread (48, ReferenceQueueDaemon, main)
10:32:47.580 INFO: JdwpEventCenterDelegate: THREAD_STARTED: thread (63, FinalizerDaemon, main)
10:32:47.585 INFO: JdwpEventCenterDelegate: THREAD_STARTED: thread (78, FinalizerWatchdogDaemon, main)
10:32:51.933 INFO: JdwpDebugServer: handling req: VirtualMachine(1).IDSizes(7)
10:32:51.934 INFO: JdwpDebugServer: handling req: EventRequest(15).Set(1)
10:32:51.934 INFO: JdwpEventCenterDelegate: jdwpSetEventRequest: JdwpEventRequest{requestId=100, eventKind=CLASS_UNLOAD, suspendPolicy=NONE, predicates=[]}
10:32:51.935 INFO: JdwpDebugServer: handling req: EventRequest(15).Set(1)
10:32:51.935 INFO: JdwpEventCenterDelegate: jdwpSetEventRequest: JdwpEventRequest{requestId=101, eventKind=THREAD_START, suspendPolicy=NONE, predicates=[]}
10:32:51.936 INFO: JdwpDebugServer: handling req: VirtualMachine(1).ClassesBySignature(2)
10:32:51.937 INFO: JdwpDebugServer: handling req: VirtualMachine(1).Version(1)
10:32:51.938 INFO: JdwpDebugServer: handling req: ReferenceType(2).MethodsWithGeneric(15)
10:32:51.940 INFO: JdwpDebugServer: handling req: Method(6).LineTable(1)
10:32:51.941 INFO: JdwpDebugServer: handling req: EventRequest(15).Set(1)
10:32:51.941 INFO: JdwpEventCenterDelegate: jdwpSetEventRequest: JdwpEventRequest{requestId=102, eventKind=BREAKPOINT, suspendPolicy=NONE, predicates=[Location{classId=845, methodId=257, index=928} ]}
10:32:51.943 INFO: JdwpDebugServer: handling req: EventRequest(15).Set(1)
10:32:51.943 INFO: JdwpEventCenterDelegate: jdwpSetEventRequest: JdwpEventRequest{requestId=103, eventKind=THREAD_DEATH, suspendPolicy=NONE, predicates=[]}
10:32:51.944 INFO: JdwpDebugServer: handling req: VirtualMachine(1).AllThreads(4)
10:32:51.944 INFO: JdwpDebugServer: handling req: ThreadReference(11).ThreadGroup(5)
10:32:51.944 INFO: JdwpDebugServer: handling req: ThreadGroup(12).Name(1)
10:32:51.945 INFO: JdwpDebugServer: handling req: ThreadGroup(12).Parent(2)
10:32:51.945 INFO: JdwpDebugServer: handling req: ObjectReference(9).ReferenceType(1)
10:32:51.946 INFO: JdwpDebugServer: handling req: ReferenceType(2).FieldsWithGeneric(14)
10:32:51.947 INFO: JdwpDebugServer: handling req: ReferenceType(2).Interfaces(10)
10:32:51.947 INFO: JdwpDebugServer: handling req: ReferenceType(2).FieldsWithGeneric(14)
10:32:51.948 INFO: JdwpDebugServer: handling req: ReferenceType(2).Interfaces(10)
10:32:51.948 INFO: JdwpDebugServer: handling req: ClassType(3).Superclass(1)
10:32:51.948 INFO: JdwpDebugServer: handling req: ReferenceType(2).FieldsWithGeneric(14)
10:32:51.948 INFO: JdwpDebugServer: handling req: ReferenceType(2).Interfaces(10)
10:32:51.949 INFO: JdwpDebugServer: handling req: ClassType(3).Superclass(1)
10:32:51.950 INFO: JdwpDebugServer: handling req: ObjectReference(9).GetValues(2)
10:32:51.955 INFO: JdwpDebugServer: handling req: ThreadReference(11).Status(4)
10:32:51.956 INFO: JdwpDebugServer: handling req: ThreadReference(11).Status(4)
10:32:51.957 INFO: JdwpDebugServer: handling req: ThreadReference(11).ThreadGroup(5)
10:32:51.957 INFO: JdwpDebugServer: handling req: ObjectReference(9).ReferenceType(1)
10:32:51.957 INFO: JdwpDebugServer: handling req: ObjectReference(9).GetValues(2)
10:32:51.959 INFO: JdwpDebugServer: handling req: ThreadReference(11).Status(4)
10:32:51.959 INFO: JdwpDebugServer: handling req: ThreadReference(11).Status(4)
10:32:51.959 INFO: JdwpDebugServer: handling req: ThreadReference(11).ThreadGroup(5)
10:32:51.959 INFO: JdwpDebugServer: handling req: ObjectReference(9).ReferenceType(1)
10:32:51.959 INFO: JdwpDebugServer: handling req: ObjectReference(9).GetValues(2)
10:32:51.961 INFO: JdwpDebugServer: handling req: ThreadReference(11).Status(4)
10:32:51.961 INFO: JdwpDebugServer: handling req: ThreadReference(11).Status(4)
10:32:51.961 INFO: JdwpDebugServer: handling req: ThreadReference(11).ThreadGroup(5)
10:32:51.962 INFO: JdwpDebugServer: handling req: ObjectReference(9).ReferenceType(1)
10:32:51.962 INFO: JdwpDebugServer: handling req: ObjectReference(9).GetValues(2)
10:32:51.964 INFO: JdwpDebugServer: handling req: ThreadReference(11).Status(4)
10:32:51.964 INFO: JdwpDebugServer: handling req: ThreadReference(11).Status(4)
10:32:51.965 INFO: JdwpDebugServer: handling req: EventRequest(15).Set(1)
10:32:51.965 INFO: JdwpEventCenterDelegate: jdwpSetEventRequest: JdwpEventRequest{requestId=104, eventKind=CLASS_PREPARE, suspendPolicy=EVENT_THREAD, predicates=[className=com.abdalla.bushnaq.pluvia.engine.AudioManager]}
10:32:51.969 INFO: JdwpDebugServer: handling req: EventRequest(15).Set(1)
10:32:51.969 INFO: JdwpEventCenterDelegate: jdwpSetEventRequest: JdwpEventRequest{requestId=105, eventKind=CLASS_PREPARE, suspendPolicy=EVENT_THREAD, predicates=[className=com.abdalla.bushnaq.pluvia.engine.AudioManager$*]}
10:32:51.971 INFO: JdwpDebugServer: handling req: VirtualMachine(1).ClassesBySignature(2)
10:32:51.971 INFO: JdwpDebugServer: handling req: ReferenceType(2).MethodsWithGeneric(15)
10:32:51.971 INFO: JdwpDebugServer: handling req: Method(6).LineTable(1)
10:32:51.972 INFO: JdwpDebugServer: handling req: Method(6).LineTable(1)
10:32:51.972 INFO: JdwpDebugServer: handling req: Method(6).LineTable(1)
10:32:51.972 INFO: JdwpDebugServer: handling req: Method(6).LineTable(1)
10:32:51.972 INFO: JdwpDebugServer: handling req: VirtualMachine(1).ClassesBySignature(2)
10:32:51.972 INFO: JdwpDebugServer: handling req: VirtualMachine(1).AllClassesWithGeneric(20)
10:32:51.985 INFO: JdwpDebugServer: handling req: VirtualMachine(1).capabilitiesNew(17)
10:32:51.986 INFO: JdwpDebugServer: handling req: EventRequest(15).Set(1)
10:32:51.986 INFO: JdwpEventCenterDelegate: jdwpSetEventRequest: JdwpEventRequest{requestId=106, eventKind=CLASS_PREPARE, suspendPolicy=EVENT_THREAD, predicates=[className=java.lang.Error]}
10:32:51.989 INFO: JdwpDebugServer: handling req: EventRequest(15).Set(1)
10:32:51.989 INFO: JdwpEventCenterDelegate: jdwpSetEventRequest: JdwpEventRequest{requestId=107, eventKind=CLASS_PREPARE, suspendPolicy=EVENT_THREAD, predicates=[className=java.lang.Error$*]}
10:32:51.990 INFO: JdwpDebugServer: handling req: VirtualMachine(1).ClassesBySignature(2)
10:32:51.991 INFO: JdwpDebugServer: handling req: EventRequest(15).Set(1)
10:32:51.991 INFO: JdwpEventCenterDelegate: jdwpSetEventRequest: JdwpEventRequest{requestId=108, eventKind=EXCEPTION, suspendPolicy=EVENT_THREAD, predicates=[exceptionType=3425(caught=true, uncaught=true)]}
10:32:51.999 INFO: JdwpDebugServer: handling req: EventRequest(15).Set(1)
10:32:51.999 INFO: JdwpEventCenterDelegate: jdwpSetEventRequest: JdwpEventRequest{requestId=109, eventKind=CLASS_PREPARE, suspendPolicy=EVENT_THREAD, predicates=[className=java.lang.Throwable]}
10:32:52.001 INFO: JdwpDebugServer: handling req: EventRequest(15).Set(1)
10:32:52.001 INFO: JdwpEventCenterDelegate: jdwpSetEventRequest: JdwpEventRequest{requestId=110, eventKind=CLASS_PREPARE, suspendPolicy=EVENT_THREAD, predicates=[className=java.lang.Throwable$*]}
10:32:52.002 INFO: JdwpDebugServer: handling req: VirtualMachine(1).ClassesBySignature(2)
10:32:52.002 INFO: JdwpDebugServer: handling req: EventRequest(15).Set(1)
10:32:52.002 INFO: JdwpEventCenterDelegate: jdwpSetEventRequest: JdwpEventRequest{requestId=111, eventKind=EXCEPTION, suspendPolicy=EVENT_THREAD, predicates=[exceptionType=7695(caught=false, uncaught=true)]}
10:32:52.004 INFO: JdwpDebugServer: handling req: ThreadReference(11).SuspendCount(12)
10:32:52.004 INFO: JdwpDebugServer: handling req: ThreadReference(11).SuspendCount(12)
10:32:52.004 INFO: JdwpDebugServer: handling req: ThreadReference(11).SuspendCount(12)
10:32:52.004 INFO: JdwpDebugServer: handling req: ThreadReference(11).SuspendCount(12)
10:32:52.004 INFO: JdwpDebugServer: handling req: VirtualMachine(1).AllThreads(4)
10:32:52.004 INFO: JdwpDebugServer: handling req: VirtualMachine(1).Resume(9)
10:32:52.028 INFO: JdwpEventCenterDelegate: THREAD_RESUMED: thread (33, main, main)
10:32:52.029 INFO: JdwpEventCenterDelegate: THREAD_RESUMED: thread (33, main, main)
10:32:52.031 INFO: JdwpEventCenterDelegate: THREAD_RESUMED: thread (33, main, main)
10:32:52.033 INFO: JdwpEventCenterDelegate: THREAD_RESUMED: thread (33, main, main)
10:32:52.034 INFO: JdwpEventCenterDelegate: THREAD_RESUMED: thread (33, main, main)
10:32:52.035 INFO: JdwpEventCenterDelegate: THREAD_RESUMED: thread (33, main, main)
10:32:52.036 INFO: JdwpEventCenterDelegate: THREAD_RESUMED: thread (33, main, main)
10:32:52.037 INFO: JdwpEventCenterDelegate: THREAD_RESUMED: thread (33, main, main)
10:32:52.038 INFO: JdwpEventCenterDelegate: THREAD_RESUMED: thread (33, main, main)
10:32:52.040 INFO: JdwpEventCenterDelegate: THREAD_RESUMED: thread (33, main, main)
10:32:52.041 INFO: JdwpEventCenterDelegate: THREAD_RESUMED: thread (33, main, main)
10:32:52.042 INFO: JdwpEventCenterDelegate: THREAD_RESUMED: thread (33, main, main)
10:32:52.043 INFO: JdwpEventCenterDelegate: THREAD_RESUMED: thread (33, main, main)
10:32:52.044 INFO: JdwpEventCenterDelegate: THREAD_RESUMED: thread (33, main, main)
10:32:52.044 INFO: JdwpEventCenterDelegate: THREAD_RESUMED: thread (33, main, main)
10:32:52.045 INFO: JdwpEventCenterDelegate: THREAD_RESUMED: thread (33, main, main)
10:32:52.046 INFO: JdwpEventCenterDelegate: THREAD_RESUMED: thread (33, main, main)
10:32:52.047 INFO: JdwpEventCenterDelegate: THREAD_RESUMED: thread (33, main, main)
10:32:52.051 INFO: JdwpEventCenterDelegate: THREAD_RESUMED: thread (33, main, main)
10:32:52.052 INFO: JdwpEventCenterDelegate: THREAD_RESUMED: thread (33, main, main)
10:32:52.053 INFO: JdwpEventCenterDelegate: THREAD_RESUMED: thread (33, main, main)
10:32:52.054 INFO: JdwpEventCenterDelegate: THREAD_RESUMED: thread (33, main, main)
10:32:52.055 INFO: JdwpEventCenterDelegate: THREAD_RESUMED: thread (33, main, main)
10:32:52.055 INFO: JdwpEventCenterDelegate: THREAD_RESUMED: thread (33, main, main)
10:32:52.056 INFO: JdwpEventCenterDelegate: THREAD_RESUMED: thread (33, main, main)
10:32:52.103 INFO: JdwpEventCenterDelegate: THREAD_RESUMED: thread (33, main, main)
10:32:52.104 INFO: JdwpEventCenterDelegate: THREAD_RESUMED: thread (33, main, main)
10:32:52.105 INFO: JdwpEventCenterDelegate: THREAD_RESUMED: thread (33, main, main)
10:32:52.106 INFO: JdwpEventCenterDelegate: THREAD_RESUMED: thread (33, main, main)
10:32:52.107 INFO: JdwpEventCenterDelegate: THREAD_RESUMED: thread (33, main, main)
10:32:52.108 INFO: JdwpEventCenterDelegate: THREAD_RESUMED: thread (33, main, main)
10:32:52.109 INFO: JdwpEventCenterDelegate: THREAD_RESUMED: thread (33, main, main)
10:32:52.115 INFO: JdwpEventCenterDelegate: THREAD_RESUMED: thread (33, main, main)
10:32:52.116 INFO: JdwpEventCenterDelegate: THREAD_RESUMED: thread (33, main, main)
10:32:52.117 INFO: JdwpEventCenterDelegate: THREAD_RESUMED: thread (33, main, main)
10:32:52.119 INFO: JdwpEventCenterDelegate: THREAD_RESUMED: thread (33, main, main)
10:32:52.119 INFO: JdwpEventCenterDelegate: THREAD_RESUMED: thread (33, main, main)
10:32:52.120 INFO: JdwpEventCenterDelegate: THREAD_RESUMED: thread (33, main, main)
10:32:52.121 INFO: JdwpEventCenterDelegate: THREAD_RESUMED: thread (33, main, main)
10:32:52.151 INFO: JdwpEventCenterDelegate: THREAD_RESUMED: thread (33, main, main)
10:32:52.152 INFO: JdwpEventCenterDelegate: THREAD_RESUMED: thread (33, main, main)
10:32:52.153 INFO: JdwpEventCenterDelegate: THREAD_RESUMED: thread (33, main, main)
10:32:52.154 INFO: JdwpEventCenterDelegate: THREAD_RESUMED: thread (33, main, main)
10:32:52.155 INFO: JdwpEventCenterDelegate: THREAD_RESUMED: thread (33, main, main)
10:32:52.156 INFO: JdwpEventCenterDelegate: THREAD_RESUMED: thread (33, main, main)
10:32:52.157 INFO: JdwpEventCenterDelegate: THREAD_RESUMED: thread (33, main, main)
10:32:52.173 INFO: JdwpEventCenterDelegate: THREAD_RESUMED: thread (33, main, main)
10:32:52.174 INFO: JdwpEventCenterDelegate: THREAD_RESUMED: thread (33, main, main)
10:32:52.175 INFO: JdwpEventCenterDelegate: THREAD_RESUMED: thread (33, main, main)
10:32:52.176 INFO: JdwpEventCenterDelegate: THREAD_RESUMED: thread (33, main, main)
10:32:52.177 INFO: JdwpEventCenterDelegate: THREAD_RESUMED: thread (33, main, main)
10:32:52.178 INFO: JdwpEventCenterDelegate: THREAD_RESUMED: thread (33, main, main)
10:32:52.179 INFO: JdwpEventCenterDelegate: THREAD_RESUMED: thread (33, main, main)
10:32:52.188 INFO: JdwpEventCenterDelegate: THREAD_RESUMED: thread (33, main, main)
10:32:52.190 INFO: JdwpEventCenterDelegate: THREAD_RESUMED: thread (33, main, main)
10:32:52.191 INFO: JdwpEventCenterDelegate: THREAD_RESUMED: thread (33, main, main)
10:32:52.193 INFO: JdwpEventCenterDelegate: THREAD_RESUMED: thread (33, main, main)
10:32:52.194 INFO: JdwpEventCenterDelegate: THREAD_RESUMED: thread (33, main, main)
10:32:52.195 INFO: JdwpEventCenterDelegate: THREAD_RESUMED: thread (33, main, main)
10:32:52.196 INFO: JdwpEventCenterDelegate: THREAD_RESUMED: thread (33, main, main)
10:32:52.205 INFO: JdwpEventCenterDelegate: THREAD_RESUMED: thread (33, main, main)
10:32:52.206 INFO: JdwpEventCenterDelegate: THREAD_RESUMED: thread (33, main, main)
10:32:52.207 INFO: JdwpEventCenterDelegate: THREAD_RESUMED: thread (33, main, main)
10:32:52.208 INFO: JdwpEventCenterDelegate: THREAD_RESUMED: thread (33, main, main)
10:32:52.209 INFO: JdwpEventCenterDelegate: THREAD_RESUMED: thread (33, main, main)
10:32:52.210 INFO: JdwpEventCenterDelegate: THREAD_RESUMED: thread (33, main, main)
10:32:52.211 INFO: JdwpEventCenterDelegate: THREAD_RESUMED: thread (33, main, main)
10:32:52.212 INFO: JdwpEventCenterDelegate: THREAD_RESUMED: thread (33, main, main)
10:32:52.213 INFO: JdwpEventCenterDelegate: THREAD_RESUMED: thread (33, main, main)
10:32:52.214 INFO: JdwpEventCenterDelegate: THREAD_RESUMED: thread (33, main, main)
10:32:52.215 INFO: JdwpEventCenterDelegate: THREAD_RESUMED: thread (33, main, main)
10:32:52.216 INFO: JdwpEventCenterDelegate: THREAD_RESUMED: thread (33, main, main)
10:32:52.217 INFO: JdwpEventCenterDelegate: THREAD_RESUMED: thread (33, main, main)
10:32:52.218 INFO: JdwpEventCenterDelegate: THREAD_RESUMED: thread (33, main, main)
10:32:52.218 INFO: JdwpEventCenterDelegate: THREAD_RESUMED: thread (33, main, main)
10:32:52.219 INFO: JdwpEventCenterDelegate: THREAD_RESUMED: thread (33, main, main)
10:32:52.220 INFO: JdwpEventCenterDelegate: THREAD_RESUMED: thread (33, main, main)
10:32:52.221 INFO: JdwpEventCenterDelegate: THREAD_RESUMED: thread (33, main, main)
10:32:52.224 INFO: JdwpEventCenterDelegate: THREAD_RESUMED: thread (33, main, main)
10:32:52.225 INFO: JdwpEventCenterDelegate: THREAD_RESUMED: thread (33, main, main)
10:32:52.437 INFO: JdwpEventCenterDelegate: THREAD_RESUMED: thread (33, main, main)
10:32:52.438 INFO: JdwpEventCenterDelegate: THREAD_RESUMED: thread (33, main, main)
10:32:52.451 INFO: JdwpEventCenterDelegate: THREAD_RESUMED: thread (33, main, main)
10:32:52.452 INFO: JdwpEventCenterDelegate: THREAD_RESUMED: thread (33, main, main)
10:32:52.454 INFO: JdwpEventCenterDelegate: THREAD_RESUMED: thread (33, main, main)
10:32:52.455 INFO: JdwpEventCenterDelegate: THREAD_RESUMED: thread (33, main, main)
10:32:52.459 INFO: JdwpEventCenterDelegate: THREAD_RESUMED: thread (33, main, main)
10:32:52.461 INFO: JdwpEventCenterDelegate: THREAD_RESUMED: thread (33, main, main)
10:32:52.511 INFO: JdwpEventCenterDelegate: THREAD_RESUMED: thread (33, main, main)
10:32:52.692 INFO: JdwpEventCenterDelegate: THREAD_RESUMED: thread (33, main, main)
10:32:52.694 INFO: JdwpEventCenterDelegate: THREAD_RESUMED: thread (33, main, main)
10:32:52.695 INFO: JdwpEventCenterDelegate: THREAD_RESUMED: thread (33, main, main)
10:32:52.697 INFO: JdwpEventCenterDelegate: THREAD_RESUMED: thread (33, main, main)
10:32:52.699 INFO: JdwpEventCenterDelegate: THREAD_RESUMED: thread (33, main, main)
10:32:52.700 INFO: JdwpEventCenterDelegate: THREAD_RESUMED: thread (33, main, main)
10:32:52.706 INFO: JdwpEventCenterDelegate: THREAD_RESUMED: thread (33, main, main)
10:32:52.708 INFO: JdwpEventCenterDelegate: THREAD_RESUMED: thread (33, main, main)
10:32:52.710 INFO: JdwpEventCenterDelegate: THREAD_RESUMED: thread (33, main, main)
10:32:52.711 INFO: JdwpEventCenterDelegate: THREAD_RESUMED: thread (33, main, main)
10:32:52.713 INFO: JdwpEventCenterDelegate: THREAD_RESUMED: thread (33, main, main)
10:32:52.715 INFO: JdwpEventCenterDelegate: THREAD_RESUMED: thread (33, main, main)
10:32:52.717 INFO: JdwpEventCenterDelegate: THREAD_RESUMED: thread (33, main, main)
10:32:52.734 INFO: JdwpEventCenterDelegate: THREAD_RESUMED: thread (33, main, main)
10:32:52.750 INFO: JdwpEventCenterDelegate: THREAD_RESUMED: thread (33, main, main)
10:32:52.763 INFO: JdwpEventCenterDelegate: THREAD_RESUMED: thread (33, main, main)
10:32:52.775 INFO: JdwpEventCenterDelegate: THREAD_RESUMED: thread (33, main, main)
10:32:52.790 INFO: JdwpEventCenterDelegate: THREAD_RESUMED: thread (33, main, main)
10:32:52.814 INFO: JdwpEventCenterDelegate: THREAD_RESUMED: thread (33, main, main)
10:32:52.820 INFO: JdwpEventCenterDelegate: THREAD_RESUMED: thread (33, main, main)
10:32:52.826 INFO: JdwpEventCenterDelegate: THREAD_RESUMED: thread (33, main, main)
10:32:52.831 INFO: JdwpEventCenterDelegate: THREAD_RESUMED: thread (33, main, main)
10:32:52.836 INFO: JdwpEventCenterDelegate: THREAD_RESUMED: thread (33, main, main)
10:32:52.842 INFO: JdwpEventCenterDelegate: THREAD_RESUMED: thread (33, main, main)
10:32:52.851 INFO: JdwpEventCenterDelegate: THREAD_RESUMED: thread (33, main, main)
10:32:52.858 INFO: JdwpEventCenterDelegate: THREAD_RESUMED: thread (33, main, main)
10:32:52.863 INFO: JdwpEventCenterDelegate: THREAD_RESUMED: thread (33, main, main)
10:32:52.869 INFO: JdwpEventCenterDelegate: THREAD_RESUMED: thread (33, main, main)
10:32:52.875 INFO: JdwpEventCenterDelegate: THREAD_RESUMED: thread (33, main, main)
10:32:52.880 INFO: JdwpEventCenterDelegate: THREAD_RESUMED: thread (33, main, main)
10:32:52.886 INFO: JdwpEventCenterDelegate: THREAD_RESUMED: thread (33, main, main)
10:32:52.889 INFO: JdwpEventCenterDelegate: THREAD_RESUMED: thread (33, main, main)
10:32:52.891 INFO: JdwpEventCenterDelegate: THREAD_RESUMED: thread (33, main, main)
10:32:52.893 INFO: JdwpEventCenterDelegate: THREAD_RESUMED: thread (33, main, main)
10:32:52.896 INFO: JdwpEventCenterDelegate: THREAD_RESUMED: thread (33, main, main)
10:32:52.898 INFO: JdwpEventCenterDelegate: THREAD_RESUMED: thread (33, main, main)
10:32:52.901 INFO: JdwpEventCenterDelegate: THREAD_RESUMED: thread (33, main, main)
10:32:52.903 INFO: JdwpEventCenterDelegate: THREAD_RESUMED: thread (33, main, main)
10:32:52.905 INFO: JdwpEventCenterDelegate: THREAD_RESUMED: thread (33, main, main)
10:32:52.907 INFO: JdwpEventCenterDelegate: THREAD_RESUMED: thread (33, main, main)
10:32:52.909 INFO: JdwpEventCenterDelegate: THREAD_RESUMED: thread (33, main, main)
10:32:52.911 INFO: JdwpEventCenterDelegate: THREAD_RESUMED: thread (33, main, main)
10:32:52.913 INFO: JdwpEventCenterDelegate: THREAD_RESUMED: thread (33, main, main)
10:32:52.914 INFO: JdwpEventCenterDelegate: THREAD_RESUMED: thread (33, main, main)
10:32:52.916 INFO: JdwpEventCenterDelegate: THREAD_RESUMED: thread (33, main, main)
10:32:52.917 INFO: JdwpEventCenterDelegate: THREAD_RESUMED: thread (33, main, main)
10:32:52.919 INFO: JdwpEventCenterDelegate: THREAD_RESUMED: thread (33, main, main)
10:32:52.921 INFO: JdwpEventCenterDelegate: THREAD_RESUMED: thread (33, main, main)
10:32:52.922 INFO: JdwpEventCenterDelegate: THREAD_RESUMED: thread (33, main, main)
10:32:52.924 INFO: JdwpEventCenterDelegate: THREAD_RESUMED: thread (33, main, main)
10:32:52.926 INFO: JdwpEventCenterDelegate: THREAD_RESUMED: thread (33, main, main)
10:32:52.928 INFO: JdwpEventCenterDelegate: THREAD_RESUMED: thread (33, main, main)
10:32:52.929 INFO: JdwpEventCenterDelegate: THREAD_RESUMED: thread (33, main, main)
10:32:52.931 INFO: JdwpEventCenterDelegate: THREAD_RESUMED: thread (33, main, main)
10:32:52.932 INFO: JdwpEventCenterDelegate: THREAD_RESUMED: thread (33, main, main)
10:32:52.934 INFO: JdwpEventCenterDelegate: THREAD_RESUMED: thread (33, main, main)
10:32:52.936 INFO: JdwpEventCenterDelegate: THREAD_RESUMED: thread (33, main, main)
10:32:52.938 INFO: JdwpEventCenterDelegate: THREAD_RESUMED: thread (33, main, main)
10:32:52.939 INFO: JdwpEventCenterDelegate: THREAD_RESUMED: thread (33, main, main)
10:32:52.941 INFO: JdwpEventCenterDelegate: THREAD_RESUMED: thread (33, main, main)
10:32:52.943 INFO: JdwpEventCenterDelegate: THREAD_RESUMED: thread (33, main, main)
10:32:52.945 INFO: JdwpEventCenterDelegate: THREAD_RESUMED: thread (33, main, main)
10:32:52.946 INFO: JdwpEventCenterDelegate: THREAD_RESUMED: thread (33, main, main)
10:32:52.948 INFO: JdwpEventCenterDelegate: THREAD_RESUMED: thread (33, main, main)
10:32:52.950 INFO: JdwpEventCenterDelegate: THREAD_RESUMED: thread (33, main, main)
10:32:52.952 INFO: JdwpEventCenterDelegate: THREAD_RESUMED: thread (33, main, main)
10:32:52.953 INFO: JdwpEventCenterDelegate: THREAD_RESUMED: thread (33, main, main)
10:32:52.955 INFO: JdwpEventCenterDelegate: THREAD_RESUMED: thread (33, main, main)
10:32:52.956 INFO: JdwpEventCenterDelegate: THREAD_RESUMED: thread (33, main, main)
10:32:52.959 INFO: JdwpEventCenterDelegate: THREAD_RESUMED: thread (33, main, main)
10:32:52.960 INFO: JdwpEventCenterDelegate: THREAD_RESUMED: thread (33, main, main)
10:32:52.962 INFO: JdwpEventCenterDelegate: THREAD_RESUMED: thread (33, main, main)
10:32:52.964 INFO: JdwpEventCenterDelegate: THREAD_RESUMED: thread (33, main, main)
10:32:52.966 INFO: JdwpEventCenterDelegate: THREAD_RESUMED: thread (33, main, main)
10:32:52.967 INFO: JdwpEventCenterDelegate: THREAD_RESUMED: thread (33, main, main)
10:32:52.969 INFO: JdwpEventCenterDelegate: THREAD_RESUMED: thread (33, main, main)
10:32:52.970 INFO: JdwpEventCenterDelegate: THREAD_RESUMED: thread (33, main, main)
10:32:52.972 INFO: JdwpEventCenterDelegate: THREAD_RESUMED: thread (33, main, main)
10:32:52.974 INFO: JdwpEventCenterDelegate: THREAD_RESUMED: thread (33, main, main)
10:32:52.976 INFO: JdwpEventCenterDelegate: THREAD_RESUMED: thread (33, main, main)
10:32:52.978 INFO: JdwpEventCenterDelegate: THREAD_RESUMED: thread (33, main, main)
10:32:52.980 INFO: JdwpEventCenterDelegate: THREAD_RESUMED: thread (33, main, main)
10:32:52.981 INFO: JdwpEventCenterDelegate: THREAD_RESUMED: thread (33, main, main)
10:32:52.983 INFO: JdwpEventCenterDelegate: THREAD_RESUMED: thread (33, main, main)
10:32:53.129 INFO: JdwpDebugServer: handling req: ThreadReference(11).Resume(3)
10:32:53.130 INFO: JdwpEventCenterDelegate: THREAD_RESUMED: thread (33, main, main)
10:32:53.150 INFO: JdwpEventCenterDelegate: THREAD_RESUMED: thread (33, main, main)
10:32:53.179 INFO: JdwpEventCenterDelegate: THREAD_RESUMED: thread (33, main, main)
10:32:53.180 INFO: JdwpEventCenterDelegate: THREAD_RESUMED: thread (33, main, main)
10:32:53.182 INFO: JdwpEventCenterDelegate: THREAD_RESUMED: thread (33, main, main)
10:32:53.183 INFO: JdwpEventCenterDelegate: THREAD_RESUMED: thread (33, main, main)
10:32:53.320 INFO: JdwpEventCenterDelegate: THREAD_RESUMED: thread (33, main, main)
10:32:53.321 INFO: JdwpEventCenterDelegate: THREAD_RESUMED: thread (33, main, main)
10:32:53.335 INFO: JdwpEventCenterDelegate: THREAD_RESUMED: thread (33, main, main)
10:32:53.336 INFO: JdwpEventCenterDelegate: THREAD_RESUMED: thread (33, main, main)
10:32:53.340 INFO: JdwpEventCenterDelegate: THREAD_RESUMED: thread (33, main, main)
10:32:53.342 INFO: JdwpEventCenterDelegate: THREAD_RESUMED: thread (33, main, main)
10:32:53.343 INFO: JdwpEventCenterDelegate: THREAD_RESUMED: thread (33, main, main)
10:32:53.345 INFO: JdwpEventCenterDelegate: THREAD_RESUMED: thread (33, main, main)
10:32:53.346 INFO: JdwpEventCenterDelegate: THREAD_RESUMED: thread (33, main, main)
10:32:53.347 INFO: JdwpEventCenterDelegate: THREAD_RESUMED: thread (33, main, main)
10:32:55.811 INFO: JdwpEventCenterDelegate: THREAD_RESUMED: thread (33, main, main)
10:32:55.813 INFO: JdwpEventCenterDelegate: THREAD_RESUMED: thread (33, main, main)
10:33:14.826 INFO: JdwpDebugServer: handling req: VirtualMachine(1).Exit(10)
10:33:14.828 SEVERE: Debugger: Thread JDWP server socket thread crashed
org.robovm.debugger.DebuggerException: Terminating due exit command
	at org.robovm.debugger.jdwp.JdwpDebugServer.doSocketWork(JdwpDebugServer.java:211)
	at java.base/java.lang.Thread.run(Thread.java:833)
	at org.robovm.debugger.utils.DebuggerThread.run(DebuggerThread.java:42)
10:33:15.337 SEVERE: Debugger: Thread HooksChannel socket thread crashed
org.robovm.debugger.DebuggerException: java.io.IOException: org.robovm.libimobiledevice.LibIMobileDeviceException: IDEVICE_E_UNKNOWN_ERROR
	at org.robovm.debugger.hooks.HooksChannel.doSocketWork(HooksChannel.java:149)
	at java.base/java.lang.Thread.run(Thread.java:833)
	at org.robovm.debugger.utils.DebuggerThread.run(DebuggerThread.java:42)
Caused by: java.io.IOException: org.robovm.libimobiledevice.LibIMobileDeviceException: IDEVICE_E_UNKNOWN_ERROR
	at org.robovm.libimobiledevice.IDeviceConnection$DeviceInputStream.read(IDeviceConnection.java:203)
	at org.robovm.debugger.utils.bytebuffer.DataBufferWriter.writeFromStream(DataBufferWriter.java:89)
	at org.robovm.debugger.hooks.HooksChannel.doSocketWork(HooksChannel.java:116)
	... 2 more
Caused by: org.robovm.libimobiledevice.LibIMobileDeviceException: IDEVICE_E_UNKNOWN_ERROR
	at org.robovm.libimobiledevice.IDevice.checkResult(IDevice.java:206)
	at org.robovm.libimobiledevice.IDeviceConnection.receive(IDeviceConnection.java:110)
	at org.robovm.libimobiledevice.IDeviceConnection.receive(IDeviceConnection.java:81)
	at org.robovm.libimobiledevice.IDeviceConnection$DeviceInputStream.read(IDeviceConnection.java:201)
	... 4 more
