07:36:22.370 INFO: JdwpEventCenterDelegate: THREAD_STARTED: thread (33, main, main)
07:36:22.459 INFO: JdwpEventCenterDelegate: THREAD_STARTED: thread (48, ReferenceQueueDaemon, main)
07:36:22.460 INFO: JdwpEventCenterDelegate: THREAD_STARTED: thread (63, FinalizerDaemon, main)
07:36:22.461 INFO: JdwpEventCenterDelegate: THREAD_STARTED: thread (78, FinalizerWatchdogDaemon, main)
07:36:24.477 INFO: JdwpDebugServer: handling req: VirtualMachine(1).IDSizes(7)
07:36:24.480 INFO: JdwpDebugServer: handling req: EventRequest(15).Set(1)
07:36:24.481 INFO: JdwpEventCenterDelegate: jdwpSetEventRequest: JdwpEventRequest{requestId=100, eventKind=CLASS_UNLOAD, suspendPolicy=NONE, predicates=[]}
07:36:24.482 INFO: JdwpDebugServer: handling req: EventRequest(15).Set(1)
07:36:24.482 INFO: JdwpEventCenterDelegate: jdwpSetEventRequest: JdwpEventRequest{requestId=101, eventKind=THREAD_START, suspendPolicy=NONE, predicates=[]}
07:36:24.483 INFO: JdwpDebugServer: handling req: VirtualMachine(1).ClassesBySignature(2)
07:36:24.485 INFO: JdwpDebugServer: handling req: VirtualMachine(1).Version(1)
07:36:24.487 INFO: JdwpDebugServer: handling req: ReferenceType(2).MethodsWithGeneric(15)
07:36:24.489 INFO: JdwpDebugServer: handling req: Method(6).LineTable(1)
07:36:24.491 INFO: JdwpDebugServer: handling req: EventRequest(15).Set(1)
07:36:24.491 INFO: JdwpEventCenterDelegate: jdwpSetEventRequest: JdwpEventRequest{requestId=102, eventKind=BREAKPOINT, suspendPolicy=NONE, predicates=[Location{classId=845, methodId=257, index=928} ]}
07:36:24.492 INFO: JdwpDebugServer: handling req: EventRequest(15).Set(1)
07:36:24.492 INFO: JdwpEventCenterDelegate: jdwpSetEventRequest: JdwpEventRequest{requestId=103, eventKind=THREAD_DEATH, suspendPolicy=NONE, predicates=[]}
07:36:24.492 INFO: JdwpDebugServer: handling req: VirtualMachine(1).AllThreads(4)
07:36:24.493 INFO: JdwpDebugServer: handling req: ThreadReference(11).ThreadGroup(5)
07:36:24.493 INFO: JdwpDebugServer: handling req: ThreadGroup(12).Name(1)
07:36:24.494 INFO: JdwpDebugServer: handling req: ThreadGroup(12).Parent(2)
07:36:24.494 INFO: JdwpDebugServer: handling req: ObjectReference(9).ReferenceType(1)
07:36:24.494 INFO: JdwpDebugServer: handling req: ReferenceType(2).FieldsWithGeneric(14)
07:36:24.495 INFO: JdwpDebugServer: handling req: ReferenceType(2).Interfaces(10)
07:36:24.495 INFO: JdwpDebugServer: handling req: ReferenceType(2).FieldsWithGeneric(14)
07:36:24.495 INFO: JdwpDebugServer: handling req: ReferenceType(2).Interfaces(10)
07:36:24.495 INFO: JdwpDebugServer: handling req: ClassType(3).Superclass(1)
07:36:24.495 INFO: JdwpDebugServer: handling req: ReferenceType(2).FieldsWithGeneric(14)
07:36:24.496 INFO: JdwpDebugServer: handling req: ReferenceType(2).Interfaces(10)
07:36:24.496 INFO: JdwpDebugServer: handling req: ClassType(3).Superclass(1)
07:36:24.497 INFO: JdwpDebugServer: handling req: ObjectReference(9).GetValues(2)
07:36:24.497 INFO: JdwpDebugServer: handling req: ThreadReference(11).Status(4)
07:36:24.498 INFO: JdwpDebugServer: handling req: ThreadReference(11).Status(4)
07:36:24.498 INFO: JdwpDebugServer: handling req: ThreadReference(11).ThreadGroup(5)
07:36:24.498 INFO: JdwpDebugServer: handling req: ObjectReference(9).ReferenceType(1)
07:36:24.498 INFO: JdwpDebugServer: handling req: ObjectReference(9).GetValues(2)
07:36:24.499 INFO: JdwpDebugServer: handling req: ThreadReference(11).Status(4)
07:36:24.499 INFO: JdwpDebugServer: handling req: ThreadReference(11).Status(4)
07:36:24.499 INFO: JdwpDebugServer: handling req: ThreadReference(11).ThreadGroup(5)
07:36:24.499 INFO: JdwpDebugServer: handling req: ObjectReference(9).ReferenceType(1)
07:36:24.499 INFO: JdwpDebugServer: handling req: ObjectReference(9).GetValues(2)
07:36:24.500 INFO: JdwpDebugServer: handling req: ThreadReference(11).Status(4)
07:36:24.500 INFO: JdwpDebugServer: handling req: ThreadReference(11).Status(4)
07:36:24.500 INFO: JdwpDebugServer: handling req: ThreadReference(11).ThreadGroup(5)
07:36:24.500 INFO: JdwpDebugServer: handling req: ObjectReference(9).ReferenceType(1)
07:36:24.500 INFO: JdwpDebugServer: handling req: ObjectReference(9).GetValues(2)
07:36:24.501 INFO: JdwpDebugServer: handling req: ThreadReference(11).Status(4)
07:36:24.501 INFO: JdwpDebugServer: handling req: ThreadReference(11).Status(4)
07:36:24.502 INFO: JdwpDebugServer: handling req: EventRequest(15).Set(1)
07:36:24.502 INFO: JdwpEventCenterDelegate: jdwpSetEventRequest: JdwpEventRequest{requestId=104, eventKind=CLASS_PREPARE, suspendPolicy=EVENT_THREAD, predicates=[className=java.lang.Throwable]}
07:36:24.510 INFO: JdwpDebugServer: handling req: EventRequest(15).Set(1)
07:36:24.510 INFO: JdwpEventCenterDelegate: jdwpSetEventRequest: JdwpEventRequest{requestId=105, eventKind=CLASS_PREPARE, suspendPolicy=EVENT_THREAD, predicates=[className=java.lang.Throwable$*]}
07:36:24.511 INFO: JdwpDebugServer: handling req: VirtualMachine(1).ClassesBySignature(2)
07:36:24.512 INFO: JdwpDebugServer: handling req: ReferenceType(2).MethodsWithGeneric(15)
07:36:24.513 INFO: JdwpDebugServer: handling req: Method(6).LineTable(1)
07:36:24.513 INFO: JdwpDebugServer: handling req: Method(6).LineTable(1)
07:36:24.513 INFO: JdwpDebugServer: handling req: Method(6).LineTable(1)
07:36:24.513 INFO: JdwpDebugServer: handling req: Method(6).LineTable(1)
07:36:24.513 INFO: JdwpDebugServer: handling req: Method(6).LineTable(1)
07:36:24.513 INFO: JdwpDebugServer: handling req: Method(6).LineTable(1)
07:36:24.514 INFO: JdwpDebugServer: handling req: Method(6).LineTable(1)
07:36:24.514 INFO: JdwpDebugServer: handling req: Method(6).LineTable(1)
07:36:24.515 INFO: JdwpDebugServer: handling req: Method(6).LineTable(1)
07:36:24.515 INFO: JdwpDebugServer: handling req: Method(6).LineTable(1)
07:36:24.516 INFO: JdwpDebugServer: handling req: Method(6).LineTable(1)
07:36:24.516 INFO: JdwpDebugServer: handling req: Method(6).LineTable(1)
07:36:24.516 INFO: JdwpDebugServer: handling req: Method(6).LineTable(1)
07:36:24.522 INFO: JdwpDebugServer: handling req: Method(6).LineTable(1)
07:36:24.522 INFO: JdwpDebugServer: handling req: Method(6).LineTable(1)
07:36:24.522 INFO: JdwpDebugServer: handling req: Method(6).LineTable(1)
07:36:24.523 INFO: JdwpDebugServer: handling req: Method(6).LineTable(1)
07:36:24.523 INFO: JdwpDebugServer: handling req: Method(6).LineTable(1)
07:36:24.523 INFO: JdwpDebugServer: handling req: Method(6).LineTable(1)
07:36:24.523 INFO: JdwpDebugServer: handling req: Method(6).LineTable(1)
07:36:24.523 INFO: JdwpDebugServer: handling req: Method(6).LineTable(1)
07:36:24.523 INFO: JdwpDebugServer: handling req: Method(6).LineTable(1)
07:36:24.524 INFO: JdwpDebugServer: handling req: Method(6).LineTable(1)
07:36:24.524 INFO: JdwpDebugServer: handling req: Method(6).LineTable(1)
07:36:24.524 INFO: JdwpDebugServer: handling req: VirtualMachine(1).ClassesBySignature(2)
07:36:24.524 INFO: JdwpDebugServer: handling req: VirtualMachine(1).AllClassesWithGeneric(20)
07:36:24.537 INFO: JdwpDebugServer: handling req: EventRequest(15).Set(1)
07:36:24.537 INFO: JdwpEventCenterDelegate: jdwpSetEventRequest: JdwpEventRequest{requestId=106, eventKind=CLASS_PREPARE, suspendPolicy=EVENT_THREAD, predicates=[className=com.badlogic.gdx.utils.ScreenUtils]}
07:36:24.539 INFO: JdwpDebugServer: handling req: EventRequest(15).Set(1)
07:36:24.539 INFO: JdwpEventCenterDelegate: jdwpSetEventRequest: JdwpEventRequest{requestId=107, eventKind=CLASS_PREPARE, suspendPolicy=EVENT_THREAD, predicates=[className=com.badlogic.gdx.utils.ScreenUtils$*]}
07:36:24.540 INFO: JdwpDebugServer: handling req: VirtualMachine(1).ClassesBySignature(2)
07:36:24.541 INFO: JdwpDebugServer: handling req: ReferenceType(2).MethodsWithGeneric(15)
07:36:24.541 INFO: JdwpDebugServer: handling req: Method(6).LineTable(1)
07:36:24.541 INFO: JdwpDebugServer: handling req: Method(6).LineTable(1)
07:36:24.541 INFO: JdwpDebugServer: handling req: Method(6).LineTable(1)
07:36:24.541 INFO: JdwpDebugServer: handling req: Method(6).LineTable(1)
07:36:24.542 INFO: JdwpDebugServer: handling req: Method(6).LineTable(1)
07:36:24.542 INFO: JdwpDebugServer: handling req: Method(6).LineTable(1)
07:36:24.542 INFO: JdwpDebugServer: handling req: Method(6).LineTable(1)
07:36:24.543 INFO: JdwpDebugServer: handling req: Method(6).LineTable(1)
07:36:24.543 INFO: JdwpDebugServer: handling req: Method(6).LineTable(1)
07:36:24.544 INFO: JdwpDebugServer: handling req: Method(6).LineTable(1)
07:36:24.544 INFO: JdwpDebugServer: handling req: EventRequest(15).Set(1)
07:36:24.544 INFO: JdwpEventCenterDelegate: jdwpSetEventRequest: JdwpEventRequest{requestId=108, eventKind=BREAKPOINT, suspendPolicy=EVENT_THREAD, predicates=[Location{classId=22240, methodId=1272, index=89} ]}
07:36:24.547 INFO: JdwpDebugServer: handling req: EventRequest(15).Set(1)
07:36:24.547 INFO: JdwpEventCenterDelegate: jdwpSetEventRequest: JdwpEventRequest{requestId=109, eventKind=CLASS_PREPARE, suspendPolicy=EVENT_THREAD, predicates=[className=com.badlogic.gdx.utils.ScreenUtils]}
07:36:24.547 INFO: JdwpDebugServer: handling req: EventRequest(15).Set(1)
07:36:24.547 INFO: JdwpEventCenterDelegate: jdwpSetEventRequest: JdwpEventRequest{requestId=110, eventKind=CLASS_PREPARE, suspendPolicy=EVENT_THREAD, predicates=[className=com.badlogic.gdx.utils.ScreenUtils$*]}
07:36:24.548 INFO: JdwpDebugServer: handling req: VirtualMachine(1).ClassesBySignature(2)
07:36:24.549 INFO: JdwpDebugServer: handling req: EventRequest(15).Set(1)
07:36:24.549 INFO: JdwpEventCenterDelegate: jdwpSetEventRequest: JdwpEventRequest{requestId=111, eventKind=BREAKPOINT, suspendPolicy=EVENT_THREAD, predicates=[Location{classId=22240, methodId=1267, index=72} ]}
07:36:24.550 INFO: JdwpDebugServer: handling req: VirtualMachine(1).capabilitiesNew(17)
07:36:24.551 INFO: JdwpDebugServer: handling req: EventRequest(15).Set(1)
07:36:24.551 INFO: JdwpEventCenterDelegate: jdwpSetEventRequest: JdwpEventRequest{requestId=112, eventKind=CLASS_PREPARE, suspendPolicy=EVENT_THREAD, predicates=[className=java.lang.Error]}
07:36:24.552 INFO: JdwpDebugServer: handling req: EventRequest(15).Set(1)
07:36:24.552 INFO: JdwpEventCenterDelegate: jdwpSetEventRequest: JdwpEventRequest{requestId=113, eventKind=CLASS_PREPARE, suspendPolicy=EVENT_THREAD, predicates=[className=java.lang.Error$*]}
07:36:24.553 INFO: JdwpDebugServer: handling req: VirtualMachine(1).ClassesBySignature(2)
07:36:24.554 INFO: JdwpDebugServer: handling req: EventRequest(15).Set(1)
07:36:24.554 INFO: JdwpEventCenterDelegate: jdwpSetEventRequest: JdwpEventRequest{requestId=114, eventKind=EXCEPTION, suspendPolicy=EVENT_THREAD, predicates=[exceptionType=3425(caught=true, uncaught=true)]}
07:36:24.561 INFO: JdwpDebugServer: handling req: EventRequest(15).Set(1)
07:36:24.561 INFO: JdwpEventCenterDelegate: jdwpSetEventRequest: JdwpEventRequest{requestId=115, eventKind=CLASS_PREPARE, suspendPolicy=EVENT_THREAD, predicates=[className=java.lang.Throwable]}
07:36:24.562 INFO: JdwpDebugServer: handling req: EventRequest(15).Set(1)
07:36:24.562 INFO: JdwpEventCenterDelegate: jdwpSetEventRequest: JdwpEventRequest{requestId=116, eventKind=CLASS_PREPARE, suspendPolicy=EVENT_THREAD, predicates=[className=java.lang.Throwable$*]}
07:36:24.563 INFO: JdwpDebugServer: handling req: VirtualMachine(1).ClassesBySignature(2)
07:36:24.564 INFO: JdwpDebugServer: handling req: EventRequest(15).Set(1)
07:36:24.564 INFO: JdwpEventCenterDelegate: jdwpSetEventRequest: JdwpEventRequest{requestId=117, eventKind=EXCEPTION, suspendPolicy=EVENT_THREAD, predicates=[exceptionType=7695(caught=false, uncaught=true)]}
07:36:24.565 INFO: JdwpDebugServer: handling req: ThreadReference(11).SuspendCount(12)
07:36:24.565 INFO: JdwpDebugServer: handling req: ThreadReference(11).SuspendCount(12)
07:36:24.566 INFO: JdwpDebugServer: handling req: ThreadReference(11).SuspendCount(12)
07:36:24.566 INFO: JdwpDebugServer: handling req: ThreadReference(11).SuspendCount(12)
07:36:24.566 INFO: JdwpDebugServer: handling req: VirtualMachine(1).AllThreads(4)
07:36:24.567 INFO: JdwpDebugServer: handling req: VirtualMachine(1).Resume(9)
07:36:24.641 INFO: JdwpEventCenterDelegate: THREAD_RESUMED: thread (33, main, main)
07:36:24.641 INFO: JdwpEventCenterDelegate: THREAD_RESUMED: thread (33, main, main)
07:36:24.642 INFO: JdwpEventCenterDelegate: THREAD_RESUMED: thread (33, main, main)
07:36:24.643 INFO: JdwpEventCenterDelegate: THREAD_RESUMED: thread (33, main, main)
07:36:24.643 INFO: JdwpEventCenterDelegate: THREAD_RESUMED: thread (33, main, main)
07:36:24.644 INFO: JdwpEventCenterDelegate: THREAD_RESUMED: thread (33, main, main)
07:36:24.644 INFO: JdwpEventCenterDelegate: THREAD_RESUMED: thread (33, main, main)
07:36:24.646 INFO: JdwpEventCenterDelegate: THREAD_RESUMED: thread (33, main, main)
07:36:24.647 INFO: JdwpEventCenterDelegate: THREAD_RESUMED: thread (33, main, main)
07:36:24.647 INFO: JdwpEventCenterDelegate: THREAD_RESUMED: thread (33, main, main)
07:36:24.648 INFO: JdwpEventCenterDelegate: THREAD_RESUMED: thread (33, main, main)
07:36:24.654 INFO: JdwpEventCenterDelegate: THREAD_RESUMED: thread (33, main, main)
07:36:24.654 INFO: JdwpEventCenterDelegate: THREAD_RESUMED: thread (33, main, main)
07:36:24.655 INFO: JdwpEventCenterDelegate: THREAD_RESUMED: thread (33, main, main)
07:36:24.719 INFO: JdwpEventCenterDelegate: THREAD_RESUMED: thread (33, main, main)
07:36:24.719 INFO: JdwpEventCenterDelegate: THREAD_RESUMED: thread (33, main, main)
07:36:24.720 INFO: JdwpEventCenterDelegate: THREAD_RESUMED: thread (33, main, main)
07:36:24.728 INFO: JdwpEventCenterDelegate: THREAD_RESUMED: thread (33, main, main)
07:36:24.728 INFO: JdwpEventCenterDelegate: THREAD_RESUMED: thread (33, main, main)
07:36:24.729 INFO: JdwpEventCenterDelegate: THREAD_RESUMED: thread (33, main, main)
07:36:24.998 INFO: JdwpEventCenterDelegate: THREAD_RESUMED: thread (33, main, main)
07:36:24.999 INFO: JdwpEventCenterDelegate: THREAD_RESUMED: thread (33, main, main)
07:36:25.000 INFO: JdwpEventCenterDelegate: THREAD_RESUMED: thread (33, main, main)
07:36:25.061 INFO: JdwpEventCenterDelegate: THREAD_RESUMED: thread (33, main, main)
07:36:25.062 INFO: JdwpEventCenterDelegate: THREAD_RESUMED: thread (33, main, main)
07:36:25.062 INFO: JdwpEventCenterDelegate: THREAD_RESUMED: thread (33, main, main)
07:36:25.087 INFO: JdwpEventCenterDelegate: THREAD_RESUMED: thread (33, main, main)
07:36:25.088 INFO: JdwpEventCenterDelegate: THREAD_RESUMED: thread (33, main, main)
07:36:25.088 INFO: JdwpEventCenterDelegate: THREAD_RESUMED: thread (33, main, main)
07:36:25.094 INFO: JdwpDebugServer: handling req: ThreadReference(11).Name(1)
07:36:25.095 INFO: JdwpDebugServer: handling req: ThreadReference(11).Name(1)
07:36:25.095 INFO: JdwpDebugServer: handling req: ThreadReference(11).Name(1)
07:36:25.095 INFO: JdwpDebugServer: handling req: ThreadReference(11).Name(1)
07:36:25.115 INFO: JdwpEventCenterDelegate: THREAD_RESUMED: thread (33, main, main)
07:36:25.116 INFO: JdwpEventCenterDelegate: THREAD_RESUMED: thread (33, main, main)
07:36:25.117 INFO: JdwpEventCenterDelegate: THREAD_RESUMED: thread (33, main, main)
07:36:25.117 INFO: JdwpEventCenterDelegate: THREAD_RESUMED: thread (33, main, main)
07:36:25.124 INFO: JdwpEventCenterDelegate: THREAD_RESUMED: thread (33, main, main)
07:36:25.125 INFO: JdwpEventCenterDelegate: THREAD_RESUMED: thread (33, main, main)
07:36:25.663 INFO: JdwpEventCenterDelegate: THREAD_RESUMED: thread (33, main, main)
07:36:25.664 INFO: JdwpEventCenterDelegate: THREAD_RESUMED: thread (33, main, main)
07:36:25.683 INFO: JdwpEventCenterDelegate: THREAD_RESUMED: thread (33, main, main)
07:36:25.683 INFO: JdwpEventCenterDelegate: THREAD_RESUMED: thread (33, main, main)
07:36:25.684 INFO: JdwpEventCenterDelegate: THREAD_RESUMED: thread (33, main, main)
07:36:25.684 INFO: JdwpEventCenterDelegate: THREAD_RESUMED: thread (33, main, main)
07:36:25.761 INFO: JdwpEventCenterDelegate: THREAD_RESUMED: thread (33, main, main)
07:36:26.177 INFO: JdwpEventCenterDelegate: THREAD_RESUMED: thread (33, main, main)
07:36:26.180 INFO: JdwpEventCenterDelegate: THREAD_RESUMED: thread (33, main, main)
07:36:26.181 INFO: JdwpEventCenterDelegate: THREAD_RESUMED: thread (33, main, main)
07:36:26.182 INFO: JdwpEventCenterDelegate: THREAD_RESUMED: thread (33, main, main)
07:36:26.184 INFO: JdwpEventCenterDelegate: THREAD_RESUMED: thread (33, main, main)
07:36:26.185 INFO: JdwpEventCenterDelegate: THREAD_RESUMED: thread (33, main, main)
07:36:26.188 INFO: JdwpEventCenterDelegate: THREAD_RESUMED: thread (33, main, main)
07:36:26.204 INFO: JdwpEventCenterDelegate: THREAD_RESUMED: thread (33, main, main)
07:36:26.219 INFO: JdwpEventCenterDelegate: THREAD_RESUMED: thread (33, main, main)
07:36:26.231 INFO: JdwpEventCenterDelegate: THREAD_RESUMED: thread (33, main, main)
07:36:26.241 INFO: JdwpEventCenterDelegate: THREAD_RESUMED: thread (33, main, main)
07:36:26.256 INFO: JdwpEventCenterDelegate: THREAD_RESUMED: thread (33, main, main)
07:36:26.274 INFO: JdwpEventCenterDelegate: THREAD_RESUMED: thread (33, main, main)
07:36:26.279 INFO: JdwpEventCenterDelegate: THREAD_RESUMED: thread (33, main, main)
07:36:26.285 INFO: JdwpEventCenterDelegate: THREAD_RESUMED: thread (33, main, main)
07:36:26.290 INFO: JdwpEventCenterDelegate: THREAD_RESUMED: thread (33, main, main)
07:36:26.294 INFO: JdwpEventCenterDelegate: THREAD_RESUMED: thread (33, main, main)
07:36:26.300 INFO: JdwpEventCenterDelegate: THREAD_RESUMED: thread (33, main, main)
07:36:26.307 INFO: JdwpEventCenterDelegate: THREAD_RESUMED: thread (33, main, main)
07:36:26.312 INFO: JdwpEventCenterDelegate: THREAD_RESUMED: thread (33, main, main)
07:36:26.317 INFO: JdwpEventCenterDelegate: THREAD_RESUMED: thread (33, main, main)
07:36:26.322 INFO: JdwpEventCenterDelegate: THREAD_RESUMED: thread (33, main, main)
07:36:26.327 INFO: JdwpEventCenterDelegate: THREAD_RESUMED: thread (33, main, main)
07:36:26.333 INFO: JdwpEventCenterDelegate: THREAD_RESUMED: thread (33, main, main)
07:36:26.341 INFO: JdwpEventCenterDelegate: THREAD_RESUMED: thread (33, main, main)
07:36:26.343 INFO: JdwpEventCenterDelegate: THREAD_RESUMED: thread (33, main, main)
07:36:26.345 INFO: JdwpEventCenterDelegate: THREAD_RESUMED: thread (33, main, main)
07:36:26.351 INFO: JdwpEventCenterDelegate: THREAD_RESUMED: thread (33, main, main)
07:36:26.353 INFO: JdwpEventCenterDelegate: THREAD_RESUMED: thread (33, main, main)
07:36:26.355 INFO: JdwpEventCenterDelegate: THREAD_RESUMED: thread (33, main, main)
07:36:26.357 INFO: JdwpEventCenterDelegate: THREAD_RESUMED: thread (33, main, main)
07:36:26.358 INFO: JdwpEventCenterDelegate: THREAD_RESUMED: thread (33, main, main)
07:36:26.360 INFO: JdwpEventCenterDelegate: THREAD_RESUMED: thread (33, main, main)
07:36:26.361 INFO: JdwpEventCenterDelegate: THREAD_RESUMED: thread (33, main, main)
07:36:26.362 INFO: JdwpEventCenterDelegate: THREAD_RESUMED: thread (33, main, main)
07:36:26.363 INFO: JdwpEventCenterDelegate: THREAD_RESUMED: thread (33, main, main)
07:36:26.365 INFO: JdwpEventCenterDelegate: THREAD_RESUMED: thread (33, main, main)
07:36:26.366 INFO: JdwpEventCenterDelegate: THREAD_RESUMED: thread (33, main, main)
07:36:26.367 INFO: JdwpEventCenterDelegate: THREAD_RESUMED: thread (33, main, main)
07:36:26.368 INFO: JdwpEventCenterDelegate: THREAD_RESUMED: thread (33, main, main)
07:36:26.370 INFO: JdwpEventCenterDelegate: THREAD_RESUMED: thread (33, main, main)
07:36:26.371 INFO: JdwpEventCenterDelegate: THREAD_RESUMED: thread (33, main, main)
07:36:26.372 INFO: JdwpEventCenterDelegate: THREAD_RESUMED: thread (33, main, main)
07:36:26.373 INFO: JdwpEventCenterDelegate: THREAD_RESUMED: thread (33, main, main)
07:36:26.374 INFO: JdwpEventCenterDelegate: THREAD_RESUMED: thread (33, main, main)
07:36:26.375 INFO: JdwpEventCenterDelegate: THREAD_RESUMED: thread (33, main, main)
07:36:26.377 INFO: JdwpEventCenterDelegate: THREAD_RESUMED: thread (33, main, main)
07:36:26.378 INFO: JdwpEventCenterDelegate: THREAD_RESUMED: thread (33, main, main)
07:36:26.379 INFO: JdwpEventCenterDelegate: THREAD_RESUMED: thread (33, main, main)
07:36:26.380 INFO: JdwpEventCenterDelegate: THREAD_RESUMED: thread (33, main, main)
07:36:26.381 INFO: JdwpEventCenterDelegate: THREAD_RESUMED: thread (33, main, main)
07:36:26.383 INFO: JdwpEventCenterDelegate: THREAD_RESUMED: thread (33, main, main)
07:36:26.384 INFO: JdwpEventCenterDelegate: THREAD_RESUMED: thread (33, main, main)
07:36:26.385 INFO: JdwpEventCenterDelegate: THREAD_RESUMED: thread (33, main, main)
07:36:26.386 INFO: JdwpEventCenterDelegate: THREAD_RESUMED: thread (33, main, main)
07:36:26.387 INFO: JdwpEventCenterDelegate: THREAD_RESUMED: thread (33, main, main)
07:36:26.389 INFO: JdwpEventCenterDelegate: THREAD_RESUMED: thread (33, main, main)
07:36:26.390 INFO: JdwpEventCenterDelegate: THREAD_RESUMED: thread (33, main, main)
07:36:26.391 INFO: JdwpEventCenterDelegate: THREAD_RESUMED: thread (33, main, main)
07:36:26.392 INFO: JdwpEventCenterDelegate: THREAD_RESUMED: thread (33, main, main)
07:36:26.393 INFO: JdwpEventCenterDelegate: THREAD_RESUMED: thread (33, main, main)
07:36:26.395 INFO: JdwpEventCenterDelegate: THREAD_RESUMED: thread (33, main, main)
07:36:26.396 INFO: JdwpEventCenterDelegate: THREAD_RESUMED: thread (33, main, main)
07:36:26.397 INFO: JdwpEventCenterDelegate: THREAD_RESUMED: thread (33, main, main)
07:36:26.397 INFO: JdwpEventCenterDelegate: THREAD_RESUMED: thread (33, main, main)
07:36:26.399 INFO: JdwpEventCenterDelegate: THREAD_RESUMED: thread (33, main, main)
07:36:26.400 INFO: JdwpEventCenterDelegate: THREAD_RESUMED: thread (33, main, main)
07:36:26.401 INFO: JdwpEventCenterDelegate: THREAD_RESUMED: thread (33, main, main)
07:36:26.402 INFO: JdwpEventCenterDelegate: THREAD_RESUMED: thread (33, main, main)
07:36:26.403 INFO: JdwpEventCenterDelegate: THREAD_RESUMED: thread (33, main, main)
07:36:26.404 INFO: JdwpEventCenterDelegate: THREAD_RESUMED: thread (33, main, main)
07:36:26.406 INFO: JdwpEventCenterDelegate: THREAD_RESUMED: thread (33, main, main)
07:36:26.407 INFO: JdwpEventCenterDelegate: THREAD_RESUMED: thread (33, main, main)
07:36:26.408 INFO: JdwpEventCenterDelegate: THREAD_RESUMED: thread (33, main, main)
07:36:26.409 INFO: JdwpEventCenterDelegate: THREAD_RESUMED: thread (33, main, main)
07:36:26.410 INFO: JdwpEventCenterDelegate: THREAD_RESUMED: thread (33, main, main)
07:36:26.411 INFO: JdwpEventCenterDelegate: THREAD_RESUMED: thread (33, main, main)
07:36:26.412 INFO: JdwpEventCenterDelegate: THREAD_RESUMED: thread (33, main, main)
07:36:26.739 INFO: JdwpEventCenterDelegate: THREAD_RESUMED: thread (33, main, main)
07:36:26.761 INFO: JdwpEventCenterDelegate: THREAD_RESUMED: thread (33, main, main)
07:36:26.762 INFO: JdwpEventCenterDelegate: THREAD_RESUMED: thread (33, main, main)
07:36:26.763 INFO: JdwpEventCenterDelegate: THREAD_RESUMED: thread (33, main, main)
07:36:26.950 INFO: JdwpEventCenterDelegate: THREAD_RESUMED: thread (33, main, main)
07:36:26.951 INFO: JdwpEventCenterDelegate: THREAD_RESUMED: thread (33, main, main)
07:36:26.988 INFO: JdwpEventCenterDelegate: THREAD_RESUMED: thread (33, main, main)
07:36:26.989 INFO: JdwpEventCenterDelegate: THREAD_RESUMED: thread (33, main, main)
07:36:27.010 INFO: JdwpEventCenterDelegate: THREAD_RESUMED: thread (33, main, main)
07:36:27.011 INFO: JdwpEventCenterDelegate: THREAD_RESUMED: thread (33, main, main)
07:36:27.012 INFO: JdwpEventCenterDelegate: THREAD_RESUMED: thread (33, main, main)
07:36:27.013 INFO: JdwpEventCenterDelegate: THREAD_RESUMED: thread (33, main, main)
07:36:27.014 INFO: JdwpEventCenterDelegate: THREAD_RESUMED: thread (33, main, main)
07:36:27.015 INFO: JdwpEventCenterDelegate: THREAD_RESUMED: thread (33, main, main)
07:36:27.027 INFO: JdwpEventCenterDelegate: THREAD_RESUMED: thread (33, main, main)
07:36:27.055 SEVERE: Debugger: Thread HooksChannel socket thread crashed
org.robovm.debugger.DebuggerException: java.nio.BufferUnderflowException
	at org.robovm.debugger.hooks.HooksChannel.doSocketWork(HooksChannel.java:149)
	at java.base/java.lang.Thread.run(Thread.java:833)
	at org.robovm.debugger.utils.DebuggerThread.run(DebuggerThread.java:42)
Caused by: java.nio.BufferUnderflowException
	at org.robovm.debugger.utils.bytebuffer.DataBufferWriter.writeFromStream(DataBufferWriter.java:91)
	at org.robovm.debugger.hooks.HooksChannel.doSocketWork(HooksChannel.java:116)
	... 2 more
07:36:27.567 SEVERE: Debugger: Thread JDWP server socket thread crashed
org.robovm.debugger.DebuggerException: java.net.SocketException: Socket closed
	at org.robovm.debugger.jdwp.JdwpDebugServer.doSocketWork(JdwpDebugServer.java:215)
	at java.base/java.lang.Thread.run(Thread.java:833)
	at org.robovm.debugger.utils.DebuggerThread.run(DebuggerThread.java:42)
Caused by: java.net.SocketException: Socket closed
	at java.base/sun.nio.ch.NioSocketImpl.endRead(NioSocketImpl.java:248)
	at java.base/sun.nio.ch.NioSocketImpl.implRead(NioSocketImpl.java:327)
	at java.base/sun.nio.ch.NioSocketImpl.read(NioSocketImpl.java:350)
	at java.base/sun.nio.ch.NioSocketImpl$1.read(NioSocketImpl.java:803)
	at java.base/java.net.Socket$SocketInputStream.read(Socket.java:966)
	at org.robovm.debugger.utils.bytebuffer.DataBufferWriter.writeFromStream(DataBufferWriter.java:89)
	at org.robovm.debugger.jdwp.protocol.JdwpRequestHeader.readFromStream(JdwpRequestHeader.java:36)
	at org.robovm.debugger.jdwp.JdwpDebugServer.doSocketWork(JdwpDebugServer.java:185)
	... 2 more
