08:38:26.271 INFO: JdwpDebugServer: handling req: VirtualMachine(1).IDSizes(7)
08:38:26.274 INFO: JdwpDebugServer: handling req: EventRequest(15).Set(1)
08:38:26.276 INFO: JdwpEventCenterDelegate: jdwpSetEventRequest: JdwpEventRequest{requestId=100, eventKind=CLASS_UNLOAD, suspendPolicy=NONE, predicates=[]}
08:38:26.277 INFO: JdwpDebugServer: handling req: EventRequest(15).Set(1)
08:38:26.278 INFO: JdwpEventCenterDelegate: jdwpSetEventRequest: JdwpEventRequest{requestId=101, eventKind=THREAD_START, suspendPolicy=NONE, predicates=[]}
08:38:26.279 INFO: JdwpDebugServer: handling req: VirtualMachine(1).ClassesBySignature(2)
08:38:26.282 INFO: JdwpDebugServer: handling req: VirtualMachine(1).Version(1)
08:38:26.284 INFO: JdwpDebugServer: handling req: ReferenceType(2).MethodsWithGeneric(15)
08:38:26.294 INFO: JdwpDebugServer: handling req: Method(6).LineTable(1)
08:38:26.296 INFO: JdwpDebugServer: handling req: EventRequest(15).Set(1)
08:38:26.297 INFO: JdwpEventCenterDelegate: jdwpSetEventRequest: JdwpEventRequest{requestId=102, eventKind=BREAKPOINT, suspendPolicy=NONE, predicates=[Location{classId=845, methodId=257, index=928} ]}
08:38:26.298 INFO: JdwpDebugServer: handling req: EventRequest(15).Set(1)
08:38:26.298 INFO: JdwpEventCenterDelegate: jdwpSetEventRequest: JdwpEventRequest{requestId=103, eventKind=THREAD_DEATH, suspendPolicy=NONE, predicates=[]}
08:38:26.299 INFO: JdwpDebugServer: handling req: VirtualMachine(1).AllThreads(4)
08:38:26.302 INFO: JdwpDebugServer: handling req: EventRequest(15).Set(1)
08:38:26.302 INFO: JdwpEventCenterDelegate: jdwpSetEventRequest: JdwpEventRequest{requestId=104, eventKind=CLASS_PREPARE, suspendPolicy=EVENT_THREAD, predicates=[className=com.badlogic.gdx.graphics.g2d.PolygonSpriteBatch]}
08:38:26.303 INFO: JdwpDebugServer: handling req: EventRequest(15).Set(1)
08:38:26.303 INFO: JdwpEventCenterDelegate: jdwpSetEventRequest: JdwpEventRequest{requestId=105, eventKind=CLASS_PREPARE, suspendPolicy=EVENT_THREAD, predicates=[className=com.badlogic.gdx.graphics.g2d.PolygonSpriteBatch$*]}
08:38:26.303 INFO: JdwpDebugServer: handling req: VirtualMachine(1).ClassesBySignature(2)
08:38:26.304 INFO: JdwpDebugServer: handling req: ReferenceType(2).MethodsWithGeneric(15)
08:38:26.305 INFO: JdwpDebugServer: handling req: Method(6).LineTable(1)
08:38:26.306 INFO: JdwpDebugServer: handling req: Method(6).LineTable(1)
08:38:26.306 INFO: JdwpDebugServer: handling req: Method(6).LineTable(1)
08:38:26.306 INFO: JdwpDebugServer: handling req: Method(6).LineTable(1)
08:38:26.307 INFO: JdwpDebugServer: handling req: Method(6).LineTable(1)
08:38:26.307 INFO: JdwpDebugServer: handling req: Method(6).LineTable(1)
08:38:26.307 INFO: JdwpDebugServer: handling req: Method(6).LineTable(1)
08:38:26.308 INFO: JdwpDebugServer: handling req: Method(6).LineTable(1)
08:38:26.308 INFO: JdwpDebugServer: handling req: Method(6).LineTable(1)
08:38:26.308 INFO: JdwpDebugServer: handling req: Method(6).LineTable(1)
08:38:26.308 INFO: JdwpDebugServer: handling req: Method(6).LineTable(1)
08:38:26.308 INFO: JdwpDebugServer: handling req: Method(6).LineTable(1)
08:38:26.309 INFO: JdwpDebugServer: handling req: Method(6).LineTable(1)
08:38:26.309 INFO: JdwpDebugServer: handling req: Method(6).LineTable(1)
08:38:26.309 INFO: JdwpDebugServer: handling req: Method(6).LineTable(1)
08:38:26.310 INFO: JdwpDebugServer: handling req: Method(6).LineTable(1)
08:38:26.310 INFO: JdwpDebugServer: handling req: Method(6).LineTable(1)
08:38:26.310 INFO: JdwpDebugServer: handling req: Method(6).LineTable(1)
08:38:26.310 INFO: JdwpDebugServer: handling req: Method(6).LineTable(1)
08:38:26.311 INFO: JdwpDebugServer: handling req: Method(6).LineTable(1)
08:38:26.311 INFO: JdwpDebugServer: handling req: Method(6).LineTable(1)
08:38:26.311 INFO: JdwpDebugServer: handling req: Method(6).LineTable(1)
08:38:26.311 INFO: JdwpDebugServer: handling req: Method(6).LineTable(1)
08:38:26.311 INFO: JdwpDebugServer: handling req: Method(6).LineTable(1)
08:38:26.312 INFO: JdwpDebugServer: handling req: Method(6).LineTable(1)
08:38:26.312 INFO: JdwpDebugServer: handling req: Method(6).LineTable(1)
08:38:26.312 INFO: JdwpDebugServer: handling req: Method(6).LineTable(1)
08:38:26.312 INFO: JdwpDebugServer: handling req: Method(6).LineTable(1)
08:38:26.312 INFO: JdwpDebugServer: handling req: Method(6).LineTable(1)
08:38:26.313 INFO: JdwpDebugServer: handling req: Method(6).LineTable(1)
08:38:26.313 INFO: JdwpDebugServer: handling req: Method(6).LineTable(1)
08:38:26.313 INFO: JdwpDebugServer: handling req: Method(6).LineTable(1)
08:38:26.313 INFO: JdwpDebugServer: handling req: Method(6).LineTable(1)
08:38:26.313 INFO: JdwpDebugServer: handling req: Method(6).LineTable(1)
08:38:26.313 INFO: JdwpDebugServer: handling req: Method(6).LineTable(1)
08:38:26.314 INFO: JdwpDebugServer: handling req: Method(6).LineTable(1)
08:38:26.314 INFO: JdwpDebugServer: handling req: Method(6).LineTable(1)
08:38:26.314 INFO: JdwpDebugServer: handling req: Method(6).LineTable(1)
08:38:26.314 INFO: JdwpDebugServer: handling req: Method(6).LineTable(1)
08:38:26.314 INFO: JdwpDebugServer: handling req: Method(6).LineTable(1)
08:38:26.314 INFO: JdwpDebugServer: handling req: Method(6).LineTable(1)
08:38:26.315 INFO: JdwpDebugServer: handling req: Method(6).LineTable(1)
08:38:26.315 INFO: JdwpDebugServer: handling req: Method(6).LineTable(1)
08:38:26.315 INFO: JdwpDebugServer: handling req: Method(6).LineTable(1)
08:38:26.315 INFO: JdwpDebugServer: handling req: Method(6).LineTable(1)
08:38:26.315 INFO: JdwpDebugServer: handling req: Method(6).LineTable(1)
08:38:26.315 INFO: JdwpDebugServer: handling req: Method(6).LineTable(1)
08:38:26.316 INFO: JdwpDebugServer: handling req: EventRequest(15).Set(1)
08:38:26.316 INFO: JdwpEventCenterDelegate: jdwpSetEventRequest: JdwpEventRequest{requestId=106, eventKind=BREAKPOINT, suspendPolicy=EVENT_THREAD, predicates=[Location{classId=15500, methodId=382, index=142} ]}
08:38:26.316 INFO: JdwpDebugServer: handling req: ReferenceType(2).Signature(1)
08:38:26.321 INFO: JdwpDebugServer: handling req: EventRequest(15).Set(1)
08:38:26.321 INFO: JdwpEventCenterDelegate: jdwpSetEventRequest: JdwpEventRequest{requestId=107, eventKind=CLASS_PREPARE, suspendPolicy=EVENT_THREAD, predicates=[className=com.badlogic.gdx.graphics.g2d.SpriteBatch]}
08:38:26.322 INFO: JdwpDebugServer: handling req: EventRequest(15).Set(1)
08:38:26.322 INFO: JdwpEventCenterDelegate: jdwpSetEventRequest: JdwpEventRequest{requestId=108, eventKind=CLASS_PREPARE, suspendPolicy=EVENT_THREAD, predicates=[className=com.badlogic.gdx.graphics.g2d.SpriteBatch$*]}
08:38:26.322 INFO: JdwpDebugServer: handling req: VirtualMachine(1).ClassesBySignature(2)
08:38:26.322 INFO: JdwpDebugServer: handling req: ReferenceType(2).MethodsWithGeneric(15)
08:38:26.323 INFO: JdwpDebugServer: handling req: Method(6).LineTable(1)
08:38:26.323 INFO: JdwpDebugServer: handling req: Method(6).LineTable(1)
08:38:26.323 INFO: JdwpDebugServer: handling req: Method(6).LineTable(1)
08:38:26.323 INFO: JdwpDebugServer: handling req: Method(6).LineTable(1)
08:38:26.324 INFO: JdwpDebugServer: handling req: Method(6).LineTable(1)
08:38:26.324 INFO: JdwpDebugServer: handling req: Method(6).LineTable(1)
08:38:26.324 INFO: JdwpDebugServer: handling req: Method(6).LineTable(1)
08:38:26.325 INFO: JdwpDebugServer: handling req: Method(6).LineTable(1)
08:38:26.325 INFO: JdwpDebugServer: handling req: Method(6).LineTable(1)
08:38:26.326 INFO: JdwpDebugServer: handling req: Method(6).LineTable(1)
08:38:26.326 INFO: JdwpDebugServer: handling req: Method(6).LineTable(1)
08:38:26.326 INFO: JdwpDebugServer: handling req: Method(6).LineTable(1)
08:38:26.326 INFO: JdwpDebugServer: handling req: Method(6).LineTable(1)
08:38:26.327 INFO: JdwpDebugServer: handling req: Method(6).LineTable(1)
08:38:26.327 INFO: JdwpDebugServer: handling req: Method(6).LineTable(1)
08:38:26.327 INFO: JdwpDebugServer: handling req: Method(6).LineTable(1)
08:38:26.328 INFO: JdwpDebugServer: handling req: Method(6).LineTable(1)
08:38:26.329 INFO: JdwpDebugServer: handling req: Method(6).LineTable(1)
08:38:26.330 INFO: JdwpDebugServer: handling req: Method(6).LineTable(1)
08:38:26.330 INFO: JdwpDebugServer: handling req: Method(6).LineTable(1)
08:38:26.330 INFO: JdwpDebugServer: handling req: Method(6).LineTable(1)
08:38:26.331 INFO: JdwpDebugServer: handling req: Method(6).LineTable(1)
08:38:26.331 INFO: JdwpDebugServer: handling req: Method(6).LineTable(1)
08:38:26.331 INFO: JdwpDebugServer: handling req: Method(6).LineTable(1)
08:38:26.331 INFO: JdwpDebugServer: handling req: Method(6).LineTable(1)
08:38:26.331 INFO: JdwpDebugServer: handling req: Method(6).LineTable(1)
08:38:26.332 INFO: JdwpDebugServer: handling req: Method(6).LineTable(1)
08:38:26.332 INFO: JdwpDebugServer: handling req: Method(6).LineTable(1)
08:38:26.332 INFO: JdwpDebugServer: handling req: Method(6).LineTable(1)
08:38:26.333 INFO: JdwpDebugServer: handling req: Method(6).LineTable(1)
08:38:26.333 INFO: JdwpDebugServer: handling req: Method(6).LineTable(1)
08:38:26.333 INFO: JdwpDebugServer: handling req: Method(6).LineTable(1)
08:38:26.333 INFO: JdwpDebugServer: handling req: Method(6).LineTable(1)
08:38:26.334 INFO: JdwpDebugServer: handling req: Method(6).LineTable(1)
08:38:26.334 INFO: JdwpDebugServer: handling req: Method(6).LineTable(1)
08:38:26.335 INFO: JdwpDebugServer: handling req: Method(6).LineTable(1)
08:38:26.335 INFO: JdwpDebugServer: handling req: Method(6).LineTable(1)
08:38:26.336 INFO: JdwpDebugServer: handling req: Method(6).LineTable(1)
08:38:26.337 INFO: JdwpDebugServer: handling req: Method(6).LineTable(1)
08:38:26.338 INFO: JdwpDebugServer: handling req: Method(6).LineTable(1)
08:38:26.338 INFO: JdwpDebugServer: handling req: Method(6).LineTable(1)
08:38:26.339 INFO: JdwpDebugServer: handling req: Method(6).LineTable(1)
08:38:26.339 INFO: JdwpDebugServer: handling req: Method(6).LineTable(1)
08:38:26.340 INFO: JdwpDebugServer: handling req: Method(6).LineTable(1)
08:38:26.340 INFO: JdwpDebugServer: handling req: EventRequest(15).Set(1)
08:38:26.340 INFO: JdwpEventCenterDelegate: jdwpSetEventRequest: JdwpEventRequest{requestId=109, eventKind=BREAKPOINT, suspendPolicy=EVENT_THREAD, predicates=[Location{classId=18040, methodId=617, index=163} ]}
08:38:26.341 INFO: JdwpDebugServer: handling req: ReferenceType(2).Signature(1)
08:38:26.341 INFO: JdwpDebugServer: handling req: EventRequest(15).Set(1)
08:38:26.341 INFO: JdwpEventCenterDelegate: jdwpSetEventRequest: JdwpEventRequest{requestId=110, eventKind=CLASS_PREPARE, suspendPolicy=EVENT_THREAD, predicates=[className=com.badlogic.gdx.graphics.g2d.PolygonSpriteBatch]}
08:38:26.342 INFO: JdwpDebugServer: handling req: EventRequest(15).Set(1)
08:38:26.342 INFO: JdwpEventCenterDelegate: jdwpSetEventRequest: JdwpEventRequest{requestId=111, eventKind=CLASS_PREPARE, suspendPolicy=EVENT_THREAD, predicates=[className=com.badlogic.gdx.graphics.g2d.PolygonSpriteBatch$*]}
08:38:26.342 INFO: JdwpDebugServer: handling req: VirtualMachine(1).ClassesBySignature(2)
08:38:26.343 INFO: JdwpDebugServer: handling req: EventRequest(15).Set(1)
08:38:26.343 INFO: JdwpEventCenterDelegate: jdwpSetEventRequest: JdwpEventRequest{requestId=112, eventKind=BREAKPOINT, suspendPolicy=EVENT_THREAD, predicates=[Location{classId=15500, methodId=382, index=141} ]}
08:38:26.344 INFO: JdwpDebugServer: handling req: EventRequest(15).Set(1)
08:38:26.344 INFO: JdwpEventCenterDelegate: jdwpSetEventRequest: JdwpEventRequest{requestId=113, eventKind=CLASS_PREPARE, suspendPolicy=EVENT_THREAD, predicates=[className=java.lang.Throwable]}
08:38:26.344 INFO: JdwpDebugServer: handling req: EventRequest(15).Set(1)
08:38:26.344 INFO: JdwpEventCenterDelegate: jdwpSetEventRequest: JdwpEventRequest{requestId=114, eventKind=CLASS_PREPARE, suspendPolicy=EVENT_THREAD, predicates=[className=java.lang.Throwable$*]}
08:38:26.345 INFO: JdwpDebugServer: handling req: VirtualMachine(1).ClassesBySignature(2)
08:38:26.345 INFO: JdwpDebugServer: handling req: ReferenceType(2).MethodsWithGeneric(15)
08:38:26.348 INFO: JdwpDebugServer: handling req: Method(6).LineTable(1)
08:38:26.348 INFO: JdwpDebugServer: handling req: Method(6).LineTable(1)
08:38:26.348 INFO: JdwpDebugServer: handling req: Method(6).LineTable(1)
08:38:26.349 INFO: JdwpDebugServer: handling req: Method(6).LineTable(1)
08:38:26.349 INFO: JdwpDebugServer: handling req: Method(6).LineTable(1)
08:38:26.349 INFO: JdwpDebugServer: handling req: Method(6).LineTable(1)
08:38:26.350 INFO: JdwpDebugServer: handling req: Method(6).LineTable(1)
08:38:26.351 INFO: JdwpDebugServer: handling req: Method(6).LineTable(1)
08:38:26.353 INFO: JdwpDebugServer: handling req: Method(6).LineTable(1)
08:38:26.355 INFO: JdwpDebugServer: handling req: Method(6).LineTable(1)
08:38:26.355 INFO: JdwpDebugServer: handling req: Method(6).LineTable(1)
08:38:26.356 INFO: JdwpDebugServer: handling req: Method(6).LineTable(1)
08:38:26.356 INFO: JdwpDebugServer: handling req: Method(6).LineTable(1)
08:38:26.359 INFO: JdwpDebugServer: handling req: Method(6).LineTable(1)
08:38:26.360 INFO: JdwpDebugServer: handling req: Method(6).LineTable(1)
08:38:26.361 INFO: JdwpDebugServer: handling req: Method(6).LineTable(1)
08:38:26.361 INFO: JdwpDebugServer: handling req: Method(6).LineTable(1)
08:38:26.362 INFO: JdwpDebugServer: handling req: Method(6).LineTable(1)
08:38:26.362 INFO: JdwpDebugServer: handling req: Method(6).LineTable(1)
08:38:26.362 INFO: JdwpDebugServer: handling req: Method(6).LineTable(1)
08:38:26.363 INFO: JdwpDebugServer: handling req: Method(6).LineTable(1)
08:38:26.363 INFO: JdwpDebugServer: handling req: Method(6).LineTable(1)
08:38:26.363 INFO: JdwpDebugServer: handling req: Method(6).LineTable(1)
08:38:26.363 INFO: JdwpDebugServer: handling req: Method(6).LineTable(1)
08:38:26.364 INFO: JdwpDebugServer: handling req: VirtualMachine(1).ClassesBySignature(2)
08:38:26.365 INFO: JdwpDebugServer: handling req: VirtualMachine(1).AllClassesWithGeneric(20)
08:38:26.419 INFO: JdwpDebugServer: handling req: EventRequest(15).Set(1)
08:38:26.472 INFO: JdwpEventCenterDelegate: jdwpSetEventRequest: JdwpEventRequest{requestId=115, eventKind=CLASS_PREPARE, suspendPolicy=EVENT_THREAD, predicates=[className=com.badlogic.gdx.utils.ScreenUtils]}
08:38:26.475 INFO: JdwpDebugServer: handling req: EventRequest(15).Set(1)
08:38:26.506 INFO: JdwpEventCenterDelegate: THREAD_STARTED: thread (33, main, main)
08:38:26.506 INFO: JdwpEventCenterDelegate: jdwpSetEventRequest: JdwpEventRequest{requestId=116, eventKind=CLASS_PREPARE, suspendPolicy=EVENT_THREAD, predicates=[className=com.badlogic.gdx.utils.ScreenUtils$*]}
08:38:26.509 INFO: JdwpDebugServer: handling req: VirtualMachine(1).ClassesBySignature(2)
08:38:26.510 INFO: JdwpDebugServer: handling req: ReferenceType(2).MethodsWithGeneric(15)
08:38:26.510 INFO: JdwpDebugServer: handling req: Method(6).LineTable(1)
08:38:26.510 INFO: JdwpDebugServer: handling req: Method(6).LineTable(1)
08:38:26.511 INFO: JdwpDebugServer: handling req: Method(6).LineTable(1)
08:38:26.511 INFO: JdwpDebugServer: handling req: Method(6).LineTable(1)
08:38:26.511 INFO: JdwpDebugServer: handling req: Method(6).LineTable(1)
08:38:26.511 INFO: JdwpDebugServer: handling req: Method(6).LineTable(1)
08:38:26.511 INFO: JdwpDebugServer: handling req: Method(6).LineTable(1)
08:38:26.511 INFO: JdwpDebugServer: handling req: Method(6).LineTable(1)
08:38:26.512 INFO: JdwpDebugServer: handling req: Method(6).LineTable(1)
08:38:26.512 INFO: JdwpDebugServer: handling req: Method(6).LineTable(1)
08:38:26.512 INFO: JdwpDebugServer: handling req: EventRequest(15).Set(1)
08:38:26.513 INFO: JdwpEventCenterDelegate: jdwpSetEventRequest: JdwpEventRequest{requestId=117, eventKind=BREAKPOINT, suspendPolicy=EVENT_THREAD, predicates=[Location{classId=22240, methodId=1657, index=89} ]}
08:38:26.514 INFO: JdwpDebugServer: handling req: EventRequest(15).Set(1)
08:38:26.515 INFO: JdwpEventCenterDelegate: jdwpSetEventRequest: JdwpEventRequest{requestId=118, eventKind=CLASS_PREPARE, suspendPolicy=EVENT_THREAD, predicates=[className=com.badlogic.gdx.utils.ScreenUtils]}
08:38:26.517 INFO: JdwpDebugServer: handling req: EventRequest(15).Set(1)
08:38:26.525 INFO: JdwpEventCenterDelegate: jdwpSetEventRequest: JdwpEventRequest{requestId=119, eventKind=CLASS_PREPARE, suspendPolicy=EVENT_THREAD, predicates=[className=com.badlogic.gdx.utils.ScreenUtils$*]}
08:38:26.530 INFO: JdwpDebugServer: handling req: VirtualMachine(1).ClassesBySignature(2)
08:38:26.530 INFO: JdwpDebugServer: handling req: EventRequest(15).Set(1)
08:38:26.531 INFO: JdwpEventCenterDelegate: jdwpSetEventRequest: JdwpEventRequest{requestId=120, eventKind=BREAKPOINT, suspendPolicy=EVENT_THREAD, predicates=[Location{classId=22240, methodId=1652, index=72} ]}
08:38:26.532 INFO: JdwpDebugServer: handling req: EventRequest(15).Set(1)
08:38:26.532 INFO: JdwpEventCenterDelegate: jdwpSetEventRequest: JdwpEventRequest{requestId=121, eventKind=CLASS_PREPARE, suspendPolicy=EVENT_THREAD, predicates=[className=com.scottlogic.util.ShaderProgramFactory]}
08:38:26.537 INFO: JdwpDebugServer: handling req: EventRequest(15).Set(1)
08:38:26.537 INFO: JdwpEventCenterDelegate: jdwpSetEventRequest: JdwpEventRequest{requestId=122, eventKind=CLASS_PREPARE, suspendPolicy=EVENT_THREAD, predicates=[className=com.scottlogic.util.ShaderProgramFactory$*]}
08:38:26.541 INFO: JdwpDebugServer: handling req: VirtualMachine(1).ClassesBySignature(2)
08:38:26.542 INFO: JdwpDebugServer: handling req: ReferenceType(2).MethodsWithGeneric(15)
08:38:26.542 INFO: JdwpDebugServer: handling req: Method(6).LineTable(1)
08:38:26.543 INFO: JdwpDebugServer: handling req: Method(6).LineTable(1)
08:38:26.543 INFO: JdwpDebugServer: handling req: Method(6).LineTable(1)
08:38:26.543 INFO: JdwpDebugServer: handling req: Method(6).LineTable(1)
08:38:26.543 INFO: JdwpDebugServer: handling req: Method(6).LineTable(1)
08:38:26.544 INFO: JdwpDebugServer: handling req: EventRequest(15).Set(1)
08:38:26.544 INFO: JdwpEventCenterDelegate: jdwpSetEventRequest: JdwpEventRequest{requestId=123, eventKind=BREAKPOINT, suspendPolicy=EVENT_THREAD, predicates=[Location{classId=20400, methodId=1692, index=106} ]}
08:38:26.546 INFO: JdwpDebugServer: handling req: EventRequest(15).Set(1)
08:38:26.547 INFO: JdwpEventCenterDelegate: THREAD_STARTED: thread (48, ReferenceQueueDaemon, main)
08:38:26.548 INFO: JdwpEventCenterDelegate: THREAD_STARTED: thread (63, FinalizerDaemon, main)
08:38:26.548 INFO: JdwpEventCenterDelegate: jdwpSetEventRequest: JdwpEventRequest{requestId=124, eventKind=CLASS_PREPARE, suspendPolicy=EVENT_THREAD, predicates=[className=com.abdalla.bushnaq.pluvia.launcher.IOSLauncher]}
08:38:26.550 INFO: JdwpDebugServer: handling req: EventRequest(15).Set(1)
08:38:26.551 INFO: JdwpEventCenterDelegate: THREAD_STARTED: thread (78, FinalizerWatchdogDaemon, main)
08:38:26.552 INFO: JdwpEventCenterDelegate: jdwpSetEventRequest: JdwpEventRequest{requestId=125, eventKind=CLASS_PREPARE, suspendPolicy=EVENT_THREAD, predicates=[className=com.abdalla.bushnaq.pluvia.launcher.IOSLauncher$*]}
08:38:26.553 INFO: JdwpDebugServer: handling req: VirtualMachine(1).ClassesBySignature(2)
08:38:26.554 INFO: JdwpDebugServer: handling req: ReferenceType(2).MethodsWithGeneric(15)
08:38:26.555 INFO: JdwpDebugServer: handling req: Method(6).LineTable(1)
08:38:26.555 INFO: JdwpDebugServer: handling req: Method(6).LineTable(1)
08:38:26.555 INFO: JdwpDebugServer: handling req: Method(6).LineTable(1)
08:38:26.555 INFO: JdwpDebugServer: handling req: Method(6).LineTable(1)
08:38:26.555 INFO: JdwpDebugServer: handling req: EventRequest(15).Set(1)
08:38:26.555 INFO: JdwpEventCenterDelegate: jdwpSetEventRequest: JdwpEventRequest{requestId=126, eventKind=BREAKPOINT, suspendPolicy=EVENT_THREAD, predicates=[Location{classId=12885, methodId=1717, index=74} ]}
08:38:26.556 INFO: JdwpDebugServer: handling req: VirtualMachine(1).capabilitiesNew(17)
08:38:26.559 INFO: JdwpDebugServer: handling req: EventRequest(15).Set(1)
08:38:26.560 INFO: JdwpEventCenterDelegate: jdwpSetEventRequest: JdwpEventRequest{requestId=127, eventKind=CLASS_PREPARE, suspendPolicy=EVENT_THREAD, predicates=[className=java.lang.Error]}
08:38:26.564 INFO: JdwpDebugServer: handling req: EventRequest(15).Set(1)
08:38:26.564 INFO: JdwpEventCenterDelegate: jdwpSetEventRequest: JdwpEventRequest{requestId=128, eventKind=CLASS_PREPARE, suspendPolicy=EVENT_THREAD, predicates=[className=java.lang.Error$*]}
08:38:26.567 INFO: JdwpDebugServer: handling req: VirtualMachine(1).ClassesBySignature(2)
08:38:26.568 INFO: JdwpDebugServer: handling req: EventRequest(15).Set(1)
08:38:26.570 INFO: JdwpEventCenterDelegate: jdwpSetEventRequest: JdwpEventRequest{requestId=129, eventKind=EXCEPTION, suspendPolicy=EVENT_THREAD, predicates=[exceptionType=3425(caught=true, uncaught=true)]}
08:38:26.637 INFO: JdwpDebugServer: handling req: EventRequest(15).Set(1)
08:38:26.637 INFO: JdwpEventCenterDelegate: jdwpSetEventRequest: JdwpEventRequest{requestId=130, eventKind=CLASS_PREPARE, suspendPolicy=EVENT_THREAD, predicates=[className=java.lang.Throwable]}
08:38:26.640 INFO: JdwpDebugServer: handling req: EventRequest(15).Set(1)
08:38:26.640 INFO: JdwpEventCenterDelegate: jdwpSetEventRequest: JdwpEventRequest{requestId=131, eventKind=CLASS_PREPARE, suspendPolicy=EVENT_THREAD, predicates=[className=java.lang.Throwable$*]}
08:38:26.642 INFO: JdwpDebugServer: handling req: VirtualMachine(1).ClassesBySignature(2)
08:38:26.642 INFO: JdwpDebugServer: handling req: EventRequest(15).Set(1)
08:38:26.642 INFO: JdwpEventCenterDelegate: jdwpSetEventRequest: JdwpEventRequest{requestId=132, eventKind=EXCEPTION, suspendPolicy=EVENT_THREAD, predicates=[exceptionType=7695(caught=false, uncaught=true)]}
08:38:26.653 INFO: JdwpDebugServer: handling req: VirtualMachine(1).AllThreads(4)
08:38:26.653 INFO: JdwpDebugServer: handling req: VirtualMachine(1).Resume(9)
08:38:26.655 INFO: JdwpDebugServer: handling req: VirtualMachine(1).AllThreads(4)
08:38:26.655 INFO: JdwpDebugServer: handling req: VirtualMachine(1).Resume(9)
08:38:26.659 INFO: JdwpDebugServer: handling req: ObjectReference(9).IsCollected(9)
08:38:26.661 INFO: JdwpDebugServer: handling req: ThreadReference(11).ThreadGroup(5)
08:38:26.662 INFO: JdwpDebugServer: handling req: ThreadGroup(12).Name(1)
08:38:26.662 INFO: JdwpDebugServer: handling req: ThreadGroup(12).Parent(2)
08:38:26.662 INFO: JdwpDebugServer: handling req: ObjectReference(9).ReferenceType(1)
08:38:26.662 INFO: JdwpDebugServer: handling req: ReferenceType(2).FieldsWithGeneric(14)
08:38:26.668 INFO: JdwpDebugServer: handling req: ReferenceType(2).Interfaces(10)
08:38:26.668 INFO: JdwpDebugServer: handling req: ReferenceType(2).FieldsWithGeneric(14)
08:38:26.669 INFO: JdwpDebugServer: handling req: ReferenceType(2).Interfaces(10)
08:38:26.669 INFO: JdwpDebugServer: handling req: ClassType(3).Superclass(1)
08:38:26.669 INFO: JdwpDebugServer: handling req: ReferenceType(2).FieldsWithGeneric(14)
08:38:26.669 INFO: JdwpDebugServer: handling req: ReferenceType(2).Interfaces(10)
08:38:26.669 INFO: JdwpDebugServer: handling req: ClassType(3).Superclass(1)
08:38:26.670 INFO: JdwpDebugServer: handling req: ObjectReference(9).GetValues(2)
08:38:26.671 INFO: JdwpDebugServer: handling req: ThreadReference(11).Status(4)
08:38:26.671 INFO: JdwpDebugServer: handling req: ThreadReference(11).Status(4)
08:38:26.671 INFO: JdwpDebugServer: handling req: ObjectReference(9).IsCollected(9)
08:38:26.672 INFO: JdwpDebugServer: handling req: ThreadReference(11).ThreadGroup(5)
08:38:26.672 INFO: JdwpDebugServer: handling req: ObjectReference(9).ReferenceType(1)
08:38:26.672 INFO: JdwpDebugServer: handling req: ObjectReference(9).GetValues(2)
08:38:26.672 INFO: JdwpDebugServer: handling req: ThreadReference(11).Status(4)
08:38:26.673 INFO: JdwpDebugServer: handling req: ThreadReference(11).Status(4)
08:38:26.673 INFO: JdwpDebugServer: handling req: ObjectReference(9).IsCollected(9)
08:38:26.673 INFO: JdwpDebugServer: handling req: ThreadReference(11).ThreadGroup(5)
08:38:26.673 INFO: JdwpDebugServer: handling req: ObjectReference(9).ReferenceType(1)
08:38:26.673 INFO: JdwpDebugServer: handling req: ObjectReference(9).GetValues(2)
08:38:26.673 INFO: JdwpDebugServer: handling req: ThreadReference(11).Status(4)
08:38:26.673 INFO: JdwpDebugServer: handling req: ThreadReference(11).Status(4)
08:38:26.674 INFO: JdwpDebugServer: handling req: ObjectReference(9).IsCollected(9)
08:38:26.674 INFO: JdwpDebugServer: handling req: ThreadReference(11).ThreadGroup(5)
08:38:26.674 INFO: JdwpDebugServer: handling req: ObjectReference(9).ReferenceType(1)
08:38:26.674 INFO: JdwpDebugServer: handling req: ObjectReference(9).GetValues(2)
08:38:26.674 INFO: JdwpDebugServer: handling req: ThreadReference(11).Status(4)
08:38:26.674 INFO: JdwpDebugServer: handling req: ThreadReference(11).Status(4)
08:38:26.725 INFO: JdwpDebugServer: handling req: EventRequest(15).Set(1)
08:38:26.725 INFO: JdwpEventCenterDelegate: jdwpSetEventRequest: JdwpEventRequest{requestId=133, eventKind=BREAKPOINT, suspendPolicy=EVENT_THREAD, predicates=[Location{classId=12885, methodId=1717, index=74} ]}
08:38:26.734 INFO: JdwpDebugServer: handling req: ThreadReference(11).Resume(3)
08:38:26.736 INFO: JdwpEventCenterDelegate: THREAD_RESUMED: thread (33, main, main)
08:38:26.760 INFO: JdwpEventCenterDelegate: THREAD_RESUMED: thread (33, main, main)
08:38:26.760 INFO: JdwpEventCenterDelegate: THREAD_RESUMED: thread (33, main, main)
08:38:26.761 INFO: JdwpEventCenterDelegate: THREAD_RESUMED: thread (33, main, main)
08:38:26.761 INFO: JdwpEventCenterDelegate: THREAD_RESUMED: thread (33, main, main)
08:38:26.762 INFO: JdwpEventCenterDelegate: THREAD_RESUMED: thread (33, main, main)
08:38:26.762 INFO: JdwpEventCenterDelegate: THREAD_RESUMED: thread (33, main, main)
08:38:26.763 INFO: JdwpEventCenterDelegate: THREAD_RESUMED: thread (33, main, main)
08:38:26.764 INFO: JdwpEventCenterDelegate: THREAD_RESUMED: thread (33, main, main)
08:38:26.765 INFO: JdwpEventCenterDelegate: THREAD_RESUMED: thread (33, main, main)
08:38:26.766 INFO: JdwpEventCenterDelegate: THREAD_RESUMED: thread (33, main, main)
08:38:26.766 INFO: JdwpEventCenterDelegate: THREAD_RESUMED: thread (33, main, main)
08:38:26.778 INFO: JdwpEventCenterDelegate: THREAD_RESUMED: thread (33, main, main)
08:38:26.779 INFO: JdwpEventCenterDelegate: THREAD_RESUMED: thread (33, main, main)
08:38:26.779 INFO: JdwpEventCenterDelegate: THREAD_RESUMED: thread (33, main, main)
08:38:26.839 INFO: JdwpEventCenterDelegate: THREAD_RESUMED: thread (33, main, main)
08:38:26.841 INFO: JdwpEventCenterDelegate: THREAD_RESUMED: thread (33, main, main)
08:38:26.842 INFO: JdwpEventCenterDelegate: THREAD_RESUMED: thread (33, main, main)
08:38:26.849 INFO: JdwpEventCenterDelegate: THREAD_RESUMED: thread (33, main, main)
08:38:26.850 INFO: JdwpEventCenterDelegate: THREAD_RESUMED: thread (33, main, main)
08:38:26.850 INFO: JdwpEventCenterDelegate: THREAD_RESUMED: thread (33, main, main)
08:38:27.125 INFO: JdwpDebugServer: handling req: ThreadReference(11).Name(1)
08:38:27.128 INFO: JdwpDebugServer: handling req: ThreadReference(11).Name(1)
08:38:27.128 INFO: JdwpDebugServer: handling req: ThreadReference(11).Name(1)
08:38:27.129 INFO: JdwpDebugServer: handling req: ThreadReference(11).Name(1)
08:38:27.139 INFO: JdwpEventCenterDelegate: THREAD_RESUMED: thread (33, main, main)
08:38:27.139 INFO: JdwpEventCenterDelegate: THREAD_RESUMED: thread (33, main, main)
08:38:27.140 INFO: JdwpEventCenterDelegate: THREAD_RESUMED: thread (33, main, main)
08:38:27.196 INFO: JdwpEventCenterDelegate: THREAD_RESUMED: thread (33, main, main)
08:38:27.197 INFO: JdwpEventCenterDelegate: THREAD_RESUMED: thread (33, main, main)
08:38:27.197 INFO: JdwpEventCenterDelegate: THREAD_RESUMED: thread (33, main, main)
08:38:27.230 INFO: JdwpEventCenterDelegate: THREAD_RESUMED: thread (33, main, main)
08:38:27.231 INFO: JdwpEventCenterDelegate: THREAD_RESUMED: thread (33, main, main)
08:38:27.232 INFO: JdwpEventCenterDelegate: THREAD_RESUMED: thread (33, main, main)
08:38:27.260 INFO: JdwpEventCenterDelegate: THREAD_RESUMED: thread (33, main, main)
08:38:27.261 INFO: JdwpEventCenterDelegate: THREAD_RESUMED: thread (33, main, main)
08:38:27.261 INFO: JdwpEventCenterDelegate: THREAD_RESUMED: thread (33, main, main)
08:38:27.262 INFO: JdwpEventCenterDelegate: THREAD_RESUMED: thread (33, main, main)
08:38:27.268 INFO: JdwpEventCenterDelegate: THREAD_RESUMED: thread (33, main, main)
08:38:27.269 INFO: JdwpEventCenterDelegate: THREAD_RESUMED: thread (33, main, main)
08:38:27.870 INFO: JdwpEventCenterDelegate: THREAD_RESUMED: thread (33, main, main)
08:38:27.871 INFO: JdwpEventCenterDelegate: THREAD_RESUMED: thread (33, main, main)
08:38:27.890 INFO: JdwpEventCenterDelegate: THREAD_RESUMED: thread (33, main, main)
08:38:27.891 INFO: JdwpEventCenterDelegate: THREAD_RESUMED: thread (33, main, main)
08:38:27.892 INFO: JdwpEventCenterDelegate: THREAD_RESUMED: thread (33, main, main)
08:38:27.892 INFO: JdwpEventCenterDelegate: THREAD_RESUMED: thread (33, main, main)
08:38:27.964 INFO: JdwpEventCenterDelegate: THREAD_RESUMED: thread (33, main, main)
08:38:28.371 INFO: JdwpDebugServer: handling req: EventRequest(15).Set(1)
08:38:28.372 INFO: JdwpEventCenterDelegate: jdwpSetEventRequest: JdwpEventRequest{requestId=134, eventKind=BREAKPOINT, suspendPolicy=EVENT_THREAD, predicates=[Location{classId=15500, methodId=382, index=142} ]}
08:38:28.374 INFO: JdwpDebugServer: handling req: EventRequest(15).Set(1)
08:38:28.374 INFO: JdwpEventCenterDelegate: jdwpSetEventRequest: JdwpEventRequest{requestId=135, eventKind=BREAKPOINT, suspendPolicy=EVENT_THREAD, predicates=[Location{classId=15500, methodId=382, index=141} ]}
08:38:28.375 INFO: JdwpDebugServer: handling req: ThreadReference(11).Resume(3)
08:38:28.376 INFO: JdwpEventCenterDelegate: THREAD_RESUMED: thread (33, main, main)
08:38:28.377 INFO: JdwpEventCenterDelegate: THREAD_RESUMED: thread (33, main, main)
08:38:28.377 INFO: JdwpEventCenterDelegate: THREAD_RESUMED: thread (33, main, main)
08:38:28.378 INFO: JdwpEventCenterDelegate: THREAD_RESUMED: thread (33, main, main)
08:38:28.379 INFO: JdwpEventCenterDelegate: THREAD_RESUMED: thread (33, main, main)
08:38:28.380 INFO: JdwpEventCenterDelegate: THREAD_RESUMED: thread (33, main, main)
08:38:28.380 INFO: JdwpEventCenterDelegate: THREAD_RESUMED: thread (33, main, main)
08:38:28.382 INFO: JdwpDebugServer: handling req: EventRequest(15).Set(1)
08:38:28.383 INFO: JdwpEventCenterDelegate: jdwpSetEventRequest: JdwpEventRequest{requestId=136, eventKind=BREAKPOINT, suspendPolicy=EVENT_THREAD, predicates=[Location{classId=20400, methodId=1692, index=106} ]}
08:38:28.392 INFO: JdwpDebugServer: handling req: ThreadReference(11).Resume(3)
08:38:28.392 INFO: JdwpEventCenterDelegate: THREAD_RESUMED: thread (33, main, main)
08:38:28.404 INFO: JdwpDebugServer: handling req: ThreadReference(11).Frames(6)
08:38:28.405 INFO: JdwpDebugServer: handling req: ReferenceType(2).MethodsWithGeneric(15)
08:38:28.405 INFO: JdwpDebugServer: handling req: ReferenceType(2).MethodsWithGeneric(15)
08:38:28.405 INFO: JdwpDebugServer: handling req: ReferenceType(2).MethodsWithGeneric(15)
08:38:28.405 INFO: JdwpDebugServer: handling req: ReferenceType(2).MethodsWithGeneric(15)
08:38:28.406 INFO: JdwpDebugServer: handling req: ReferenceType(2).MethodsWithGeneric(15)
08:38:28.406 INFO: JdwpDebugServer: handling req: ReferenceType(2).MethodsWithGeneric(15)
08:38:28.408 INFO: JdwpDebugServer: handling req: ThreadReference(11).FramesCount(7)
08:38:28.408 INFO: JdwpDebugServer: handling req: ThreadReference(11).FramesCount(7)
08:38:28.734 INFO: JdwpDebugServer: handling req: ThreadReference(11).Name(1)
08:38:28.735 INFO: JdwpDebugServer: handling req: ReferenceType(2).SignatureWithGeneric(13)
08:38:28.735 INFO: JdwpDebugServer: handling req: ThreadReference(11).Name(1)
08:38:28.736 INFO: JdwpDebugServer: handling req: ThreadReference(11).Name(1)
08:38:28.736 INFO: JdwpDebugServer: handling req: ThreadReference(11).Name(1)
08:38:28.738 INFO: JdwpDebugServer: handling req: ThreadReference(11).Name(1)
08:38:28.788 INFO: JdwpDebugServer: handling req: ReferenceType(2).SourceFile(7)
08:38:28.844 INFO: JdwpDebugServer: handling req: ReferenceType(2).FieldsWithGeneric(14)
08:38:28.844 INFO: JdwpDebugServer: handling req: ReferenceType(2).Interfaces(10)
08:38:28.844 INFO: JdwpDebugServer: handling req: ClassType(3).Superclass(1)
08:38:28.845 INFO: JdwpDebugServer: handling req: ClassType(3).Superclass(1)
08:38:28.845 INFO: JdwpDebugServer: handling req: Method(6).VariableTableWithGenerics(5)
08:38:28.862 INFO: JdwpDebugServer: handling req: StackFrame(16).GetValues(1)
08:38:28.864 INFO: JdwpDebugServer: handling req: ObjectReference(9).ReferenceType(1)
08:38:28.865 INFO: JdwpDebugServer: handling req: StackFrame(16).GetValues(1)
08:38:28.865 INFO: JdwpDebugServer: handling req: ReferenceType(2).FieldsWithGeneric(14)
08:38:28.865 INFO: JdwpDebugServer: handling req: StackFrame(16).GetValues(1)
08:38:28.865 INFO: JdwpDebugServer: handling req: ReferenceType(2).Interfaces(10)
08:38:28.865 INFO: JdwpDebugServer: handling req: ReferenceType(2).FieldsWithGeneric(14)
08:38:28.865 INFO: JdwpDebugServer: handling req: ClassType(3).Superclass(1)
08:38:28.865 INFO: JdwpDebugServer: handling req: ReferenceType(2).Interfaces(10)
08:38:28.865 INFO: JdwpDebugServer: handling req: ClassType(3).Superclass(1)
08:38:28.865 INFO: JdwpDebugServer: handling req: ReferenceType(2).FieldsWithGeneric(14)
08:38:28.866 INFO: JdwpDebugServer: handling req: ReferenceType(2).Interfaces(10)
08:38:28.866 INFO: JdwpDebugServer: handling req: ReferenceType(2).Interfaces(10)
08:38:28.866 INFO: JdwpDebugServer: handling req: ReferenceType(2).Interfaces(10)
08:38:28.866 INFO: JdwpDebugServer: handling req: ReferenceType(2).FieldsWithGeneric(14)
08:38:28.866 INFO: JdwpDebugServer: handling req: ClassType(3).Superclass(1)
08:38:28.866 INFO: JdwpDebugServer: handling req: StackFrame(16).GetValues(1)
08:38:28.867 INFO: JdwpDebugServer: handling req: ObjectReference(9).ReferenceType(1)
08:38:28.867 INFO: JdwpDebugServer: handling req: StackFrame(16).GetValues(1)
08:38:28.867 INFO: JdwpDebugServer: handling req: StackFrame(16).GetValues(1)
08:38:28.868 INFO: JdwpDebugServer: handling req: StackFrame(16).GetValues(1)
08:38:28.868 INFO: JdwpDebugServer: handling req: StackFrame(16).GetValues(1)
08:38:28.869 INFO: JdwpDebugServer: handling req: StackFrame(16).GetValues(1)
08:38:28.869 INFO: JdwpDebugServer: handling req: StackFrame(16).GetValues(1)
08:38:28.869 INFO: JdwpDebugServer: handling req: ObjectReference(9).ReferenceType(1)
08:38:28.869 INFO: JdwpDebugServer: handling req: StackFrame(16).GetValues(1)
08:38:28.869 INFO: JdwpDebugServer: handling req: ReferenceType(2).FieldsWithGeneric(14)
08:38:28.870 INFO: JdwpDebugServer: handling req: StackFrame(16).GetValues(1)
08:38:28.870 INFO: JdwpDebugServer: handling req: ReferenceType(2).Interfaces(10)
08:38:28.870 INFO: JdwpDebugServer: handling req: ReferenceType(2).FieldsWithGeneric(14)
08:38:28.870 INFO: JdwpDebugServer: handling req: StringReference(10).Value(1)
08:38:28.871 INFO: JdwpDebugServer: handling req: ReferenceType(2).Interfaces(10)
08:38:28.871 INFO: JdwpDebugServer: handling req: ClassType(3).Superclass(1)
08:38:28.872 INFO: JdwpDebugServer: handling req: StackFrame(16).GetValues(1)
08:38:28.873 INFO: JdwpDebugServer: handling req: StackFrame(16).GetValues(1)
08:38:28.873 INFO: JdwpDebugServer: handling req: StackFrame(16).GetValues(1)
08:38:28.873 INFO: JdwpDebugServer: handling req: StackFrame(16).GetValues(1)
08:38:28.874 INFO: JdwpDebugServer: handling req: ClassType(3).Superclass(1)
08:38:28.874 INFO: JdwpDebugServer: handling req: StackFrame(16).GetValues(1)
08:38:28.874 INFO: JdwpDebugServer: handling req: StackFrame(16).GetValues(1)
08:38:28.875 INFO: JdwpDebugServer: handling req: StackFrame(16).GetValues(1)
08:38:28.875 INFO: JdwpDebugServer: handling req: StringReference(10).Value(1)
08:38:28.876 INFO: JdwpDebugServer: handling req: StackFrame(16).GetValues(1)
08:38:28.876 INFO: JdwpDebugServer: handling req: StackFrame(16).GetValues(1)
08:38:28.877 INFO: JdwpDebugServer: handling req: StackFrame(16).GetValues(1)
08:38:28.878 INFO: JdwpDebugServer: handling req: StackFrame(16).GetValues(1)
08:38:28.878 INFO: JdwpDebugServer: handling req: StackFrame(16).GetValues(1)
08:38:28.879 INFO: JdwpDebugServer: handling req: StackFrame(16).GetValues(1)
08:38:28.880 INFO: JdwpDebugServer: handling req: StackFrame(16).GetValues(1)
08:38:28.881 INFO: JdwpDebugServer: handling req: StackFrame(16).GetValues(1)
08:38:28.881 INFO: JdwpDebugServer: handling req: StackFrame(16).GetValues(1)
08:38:28.881 INFO: JdwpDebugServer: handling req: StackFrame(16).GetValues(1)
08:38:28.881 INFO: JdwpDebugServer: handling req: StackFrame(16).GetValues(1)
08:38:28.882 INFO: JdwpDebugServer: handling req: StackFrame(16).GetValues(1)
08:38:28.882 INFO: JdwpDebugServer: handling req: StackFrame(16).GetValues(1)
08:38:28.882 INFO: JdwpDebugServer: handling req: StackFrame(16).GetValues(1)
08:38:28.882 INFO: JdwpDebugServer: handling req: ClassType(3).Superclass(1)
08:38:28.882 INFO: JdwpDebugServer: handling req: StackFrame(16).GetValues(1)
08:38:28.882 INFO: JdwpDebugServer: handling req: StackFrame(16).GetValues(1)
08:38:28.883 INFO: JdwpDebugServer: handling req: StackFrame(16).GetValues(1)
08:38:28.883 INFO: JdwpDebugServer: handling req: StackFrame(16).GetValues(1)
08:38:28.883 INFO: JdwpDebugServer: handling req: StackFrame(16).GetValues(1)
08:38:28.883 INFO: JdwpDebugServer: handling req: StackFrame(16).GetValues(1)
08:38:28.883 INFO: JdwpDebugServer: handling req: StackFrame(16).GetValues(1)
08:38:28.884 INFO: JdwpDebugServer: handling req: StackFrame(16).GetValues(1)
08:38:28.884 INFO: JdwpDebugServer: handling req: StackFrame(16).GetValues(1)
08:38:28.884 INFO: JdwpDebugServer: handling req: StackFrame(16).GetValues(1)
08:38:28.885 INFO: JdwpDebugServer: handling req: StackFrame(16).GetValues(1)
08:38:28.885 INFO: JdwpDebugServer: handling req: StackFrame(16).GetValues(1)
08:38:28.885 INFO: JdwpDebugServer: handling req: StackFrame(16).GetValues(1)
08:38:28.885 INFO: JdwpDebugServer: handling req: StackFrame(16).GetValues(1)
08:38:28.886 INFO: JdwpDebugServer: handling req: StackFrame(16).GetValues(1)
08:38:28.887 INFO: JdwpDebugServer: handling req: StackFrame(16).GetValues(1)
08:38:28.887 INFO: JdwpDebugServer: handling req: StackFrame(16).GetValues(1)
08:38:28.887 INFO: JdwpDebugServer: handling req: StackFrame(16).GetValues(1)
08:38:28.888 INFO: JdwpDebugServer: handling req: StackFrame(16).GetValues(1)
08:38:28.888 INFO: JdwpDebugServer: handling req: ClassType(3).Superclass(1)
08:38:28.888 INFO: JdwpDebugServer: handling req: StackFrame(16).GetValues(1)
08:38:28.888 INFO: JdwpDebugServer: handling req: StackFrame(16).GetValues(1)
08:38:28.888 INFO: JdwpDebugServer: handling req: StackFrame(16).GetValues(1)
08:38:28.888 INFO: JdwpDebugServer: handling req: StackFrame(16).GetValues(1)
08:38:28.889 INFO: JdwpDebugServer: handling req: StackFrame(16).GetValues(1)
08:38:28.912 INFO: JdwpDebugServer: handling req: StackFrame(16).GetValues(1)
08:38:28.913 INFO: JdwpDebugServer: handling req: ClassType(3).Superclass(1)
08:38:28.916 INFO: JdwpDebugServer: handling req: ObjectReference(9).GetValues(2)
08:38:28.917 INFO: JdwpDebugServer: handling req: ObjectReference(9).GetValues(2)
08:38:28.917 INFO: JdwpDebugServer: handling req: ObjectReference(9).GetValues(2)
08:38:28.917 INFO: JdwpDebugServer: handling req: ObjectReference(9).GetValues(2)
08:38:28.917 INFO: JdwpDebugServer: handling req: ObjectReference(9).GetValues(2)
08:38:28.917 INFO: JdwpDebugServer: handling req: ObjectReference(9).GetValues(2)
08:38:28.918 INFO: JdwpDebugServer: handling req: ObjectReference(9).GetValues(2)
08:38:28.918 INFO: JdwpDebugServer: handling req: ObjectReference(9).GetValues(2)
08:38:28.918 INFO: JdwpDebugServer: handling req: ObjectReference(9).GetValues(2)
08:38:28.919 INFO: JdwpDebugServer: handling req: ObjectReference(9).ReferenceType(1)
08:38:28.919 INFO: JdwpDebugServer: handling req: ClassType(3).Superclass(1)
08:38:28.919 INFO: JdwpDebugServer: handling req: ClassType(3).Superclass(1)
08:38:28.919 INFO: JdwpDebugServer: handling req: ReferenceType(2).Interfaces(10)
08:38:28.919 INFO: JdwpDebugServer: handling req: ReferenceType(2).Interfaces(10)
08:38:28.920 INFO: JdwpDebugServer: handling req: ObjectReference(9).GetValues(2)
08:38:28.920 INFO: JdwpDebugServer: handling req: ObjectReference(9).GetValues(2)
08:38:28.920 INFO: JdwpDebugServer: handling req: ObjectReference(9).GetValues(2)
08:38:28.920 INFO: JdwpDebugServer: handling req: ObjectReference(9).GetValues(2)
08:38:28.921 INFO: JdwpDebugServer: handling req: ObjectReference(9).GetValues(2)
08:38:28.921 INFO: JdwpDebugServer: handling req: ObjectReference(9).GetValues(2)
08:38:28.921 INFO: JdwpDebugServer: handling req: ObjectReference(9).ReferenceType(1)
08:38:28.921 INFO: JdwpDebugServer: handling req: ClassType(3).Superclass(1)
08:38:28.921 INFO: JdwpDebugServer: handling req: ObjectReference(9).GetValues(2)
08:38:28.921 INFO: JdwpDebugServer: handling req: StringReference(10).Value(1)
08:38:28.922 INFO: JdwpDebugServer: handling req: ObjectReference(9).GetValues(2)
08:38:28.922 INFO: JdwpDebugServer: handling req: ObjectReference(9).ReferenceType(1)
08:38:28.922 INFO: JdwpDebugServer: handling req: ClassType(3).Superclass(1)
08:38:28.922 INFO: JdwpDebugServer: handling req: ObjectReference(9).GetValues(2)
08:38:28.922 INFO: JdwpDebugServer: handling req: ObjectReference(9).GetValues(2)
08:38:28.922 INFO: JdwpDebugServer: handling req: ObjectReference(9).GetValues(2)
08:38:28.923 INFO: JdwpDebugServer: handling req: ObjectReference(9).GetValues(2)
08:38:28.923 INFO: JdwpDebugServer: handling req: ObjectReference(9).GetValues(2)
08:38:28.923 INFO: JdwpDebugServer: handling req: ObjectReference(9).GetValues(2)
08:38:28.923 INFO: JdwpDebugServer: handling req: ObjectReference(9).GetValues(2)
08:38:28.924 INFO: JdwpDebugServer: handling req: ObjectReference(9).ReferenceType(1)
08:38:28.924 INFO: JdwpDebugServer: handling req: ClassType(3).Superclass(1)
08:38:28.924 INFO: JdwpDebugServer: handling req: ObjectReference(9).GetValues(2)
08:38:28.924 INFO: JdwpDebugServer: handling req: ObjectReference(9).GetValues(2)
08:38:28.924 INFO: JdwpDebugServer: handling req: ObjectReference(9).GetValues(2)
08:38:28.924 INFO: JdwpDebugServer: handling req: ObjectReference(9).GetValues(2)
08:38:28.924 INFO: JdwpDebugServer: handling req: ObjectReference(9).GetValues(2)
08:38:28.925 INFO: JdwpDebugServer: handling req: ObjectReference(9).GetValues(2)
08:38:28.925 INFO: JdwpDebugServer: handling req: ObjectReference(9).GetValues(2)
08:38:28.925 INFO: JdwpDebugServer: handling req: ObjectReference(9).GetValues(2)
08:38:28.926 INFO: JdwpDebugServer: handling req: ObjectReference(9).GetValues(2)
08:38:28.926 INFO: JdwpDebugServer: handling req: ObjectReference(9).GetValues(2)
08:38:28.926 INFO: JdwpDebugServer: handling req: ObjectReference(9).GetValues(2)
08:38:28.927 INFO: JdwpDebugServer: handling req: ObjectReference(9).GetValues(2)
08:38:28.927 INFO: JdwpDebugServer: handling req: ObjectReference(9).GetValues(2)
08:38:28.927 INFO: JdwpDebugServer: handling req: ObjectReference(9).GetValues(2)
08:38:28.927 INFO: JdwpDebugServer: handling req: ObjectReference(9).GetValues(2)
08:38:28.927 INFO: JdwpDebugServer: handling req: ObjectReference(9).GetValues(2)
08:38:28.927 INFO: JdwpDebugServer: handling req: ReferenceType(2).FieldsWithGeneric(14)
08:38:28.927 INFO: JdwpDebugServer: handling req: ObjectReference(9).ReferenceType(1)
08:38:28.927 INFO: JdwpDebugServer: handling req: ReferenceType(2).FieldsWithGeneric(14)
08:38:28.927 INFO: JdwpDebugServer: handling req: ClassType(3).Superclass(1)
08:38:28.927 INFO: JdwpDebugServer: handling req: ObjectReference(9).GetValues(2)
08:38:28.928 INFO: JdwpDebugServer: handling req: ObjectReference(9).GetValues(2)
08:38:28.928 INFO: JdwpDebugServer: handling req: ObjectReference(9).GetValues(2)
08:38:28.928 INFO: JdwpDebugServer: handling req: ObjectReference(9).GetValues(2)
08:38:28.928 INFO: JdwpDebugServer: handling req: ObjectReference(9).GetValues(2)
08:38:28.928 INFO: JdwpDebugServer: handling req: ObjectReference(9).GetValues(2)
08:38:28.928 INFO: JdwpDebugServer: handling req: ObjectReference(9).GetValues(2)
08:38:28.928 INFO: JdwpDebugServer: handling req: StringReference(10).Value(1)
08:38:28.929 INFO: JdwpDebugServer: handling req: ObjectReference(9).GetValues(2)
08:38:28.929 INFO: JdwpDebugServer: handling req: ObjectReference(9).GetValues(2)
08:38:28.930 INFO: JdwpDebugServer: handling req: ObjectReference(9).GetValues(2)
08:38:28.930 INFO: JdwpDebugServer: handling req: ObjectReference(9).GetValues(2)
08:38:28.930 INFO: JdwpDebugServer: handling req: ObjectReference(9).GetValues(2)
08:38:28.930 INFO: JdwpDebugServer: handling req: ObjectReference(9).GetValues(2)
08:38:28.930 INFO: JdwpDebugServer: handling req: ObjectReference(9).ReferenceType(1)
08:38:28.930 INFO: JdwpDebugServer: handling req: ObjectReference(9).GetValues(2)
08:38:28.931 INFO: JdwpDebugServer: handling req: ObjectReference(9).GetValues(2)
08:38:28.931 INFO: JdwpDebugServer: handling req: ObjectReference(9).GetValues(2)
08:38:28.931 INFO: JdwpDebugServer: handling req: ObjectReference(9).ReferenceType(1)
08:38:28.931 INFO: JdwpDebugServer: handling req: ReferenceType(2).FieldsWithGeneric(14)
08:38:28.931 INFO: JdwpDebugServer: handling req: ObjectReference(9).GetValues(2)
08:38:28.931 INFO: JdwpDebugServer: handling req: ReferenceType(2).Interfaces(10)
08:38:28.931 INFO: JdwpDebugServer: handling req: ObjectReference(9).GetValues(2)
08:38:28.931 INFO: JdwpDebugServer: handling req: ClassType(3).Superclass(1)
08:38:28.931 INFO: JdwpDebugServer: handling req: ObjectReference(9).GetValues(2)
08:38:28.932 INFO: JdwpDebugServer: handling req: ReferenceType(2).FieldsWithGeneric(14)
08:38:28.932 INFO: JdwpDebugServer: handling req: ObjectReference(9).GetValues(2)
08:38:28.932 INFO: JdwpDebugServer: handling req: ReferenceType(2).Interfaces(10)
08:38:28.932 INFO: JdwpDebugServer: handling req: ClassType(3).Superclass(1)
08:38:28.932 INFO: JdwpDebugServer: handling req: ReferenceType(2).FieldsWithGeneric(14)
08:38:28.932 INFO: JdwpDebugServer: handling req: ObjectReference(9).GetValues(2)
08:38:28.933 INFO: JdwpDebugServer: handling req: ReferenceType(2).Interfaces(10)
08:38:28.933 INFO: JdwpDebugServer: handling req: ObjectReference(9).GetValues(2)
08:38:28.933 INFO: JdwpDebugServer: handling req: ClassType(3).Superclass(1)
08:38:28.933 INFO: JdwpDebugServer: handling req: ObjectReference(9).GetValues(2)
08:38:28.933 INFO: JdwpDebugServer: handling req: ObjectReference(9).GetValues(2)
08:38:28.933 INFO: JdwpDebugServer: handling req: ObjectReference(9).GetValues(2)
08:38:28.933 INFO: JdwpDebugServer: handling req: ObjectReference(9).ReferenceType(1)
08:38:28.934 INFO: JdwpDebugServer: handling req: ObjectReference(9).GetValues(2)
08:38:28.934 INFO: JdwpDebugServer: handling req: ReferenceType(2).FieldsWithGeneric(14)
08:38:28.934 INFO: JdwpDebugServer: handling req: ObjectReference(9).GetValues(2)
08:38:28.934 INFO: JdwpDebugServer: handling req: ReferenceType(2).Interfaces(10)
08:38:28.934 INFO: JdwpDebugServer: handling req: ClassType(3).Superclass(1)
08:38:28.934 INFO: JdwpDebugServer: handling req: ObjectReference(9).GetValues(2)
08:38:28.934 INFO: JdwpDebugServer: handling req: ReferenceType(2).FieldsWithGeneric(14)
08:38:28.934 INFO: JdwpDebugServer: handling req: ObjectReference(9).GetValues(2)
08:38:28.934 INFO: JdwpDebugServer: handling req: ReferenceType(2).Interfaces(10)
08:38:28.934 INFO: JdwpDebugServer: handling req: ClassType(3).Superclass(1)
08:38:28.935 INFO: JdwpDebugServer: handling req: ObjectReference(9).GetValues(2)
08:38:28.935 INFO: JdwpDebugServer: handling req: ObjectReference(9).GetValues(2)
08:38:28.935 INFO: JdwpDebugServer: handling req: ClassType(3).Superclass(1)
08:38:28.935 INFO: JdwpDebugServer: handling req: ObjectReference(9).GetValues(2)
08:38:28.935 INFO: JdwpDebugServer: handling req: ObjectReference(9).GetValues(2)
08:38:28.935 INFO: JdwpDebugServer: handling req: ObjectReference(9).GetValues(2)
08:38:28.935 INFO: JdwpDebugServer: handling req: ObjectReference(9).GetValues(2)
08:38:28.935 INFO: JdwpDebugServer: handling req: ObjectReference(9).ReferenceType(1)
08:38:28.935 INFO: JdwpDebugServer: handling req: ObjectReference(9).GetValues(2)
08:38:28.935 INFO: JdwpDebugServer: handling req: ObjectReference(9).GetValues(2)
08:38:28.936 INFO: JdwpDebugServer: handling req: StringReference(10).Value(1)
08:38:28.936 INFO: JdwpDebugServer: handling req: ObjectReference(9).GetValues(2)
08:38:28.938 INFO: JdwpDebugServer: handling req: ObjectReference(9).GetValues(2)
08:38:28.938 INFO: JdwpDebugServer: handling req: ObjectReference(9).ReferenceType(1)
08:38:28.939 INFO: JdwpDebugServer: handling req: ObjectReference(9).GetValues(2)
08:38:28.939 INFO: JdwpDebugServer: handling req: ObjectReference(9).GetValues(2)
08:38:28.939 INFO: JdwpDebugServer: handling req: ObjectReference(9).GetValues(2)
08:38:28.939 INFO: JdwpDebugServer: handling req: ObjectReference(9).ReferenceType(1)
08:38:28.939 INFO: JdwpDebugServer: handling req: ObjectReference(9).GetValues(2)
08:38:28.939 INFO: JdwpDebugServer: handling req: ObjectReference(9).GetValues(2)
08:38:28.939 INFO: JdwpDebugServer: handling req: ObjectReference(9).ReferenceType(1)
08:38:28.939 INFO: JdwpDebugServer: handling req: ClassType(3).Superclass(1)
08:38:28.939 INFO: JdwpDebugServer: handling req: ObjectReference(9).GetValues(2)
08:38:28.940 INFO: JdwpDebugServer: handling req: ObjectReference(9).GetValues(2)
08:38:28.940 INFO: JdwpDebugServer: handling req: ObjectReference(9).GetValues(2)
08:38:28.940 INFO: JdwpDebugServer: handling req: ObjectReference(9).GetValues(2)
08:38:28.940 INFO: JdwpDebugServer: handling req: ObjectReference(9).GetValues(2)
08:38:28.940 INFO: JdwpDebugServer: handling req: ObjectReference(9).GetValues(2)
08:38:28.940 INFO: JdwpDebugServer: handling req: ObjectReference(9).GetValues(2)
08:38:28.940 INFO: JdwpDebugServer: handling req: ObjectReference(9).GetValues(2)
08:38:28.941 INFO: JdwpDebugServer: handling req: ObjectReference(9).GetValues(2)
08:38:28.941 INFO: JdwpDebugServer: handling req: ClassType(3).Superclass(1)
08:38:28.941 INFO: JdwpDebugServer: handling req: ObjectReference(9).GetValues(2)
08:38:28.941 INFO: JdwpDebugServer: handling req: ObjectReference(9).GetValues(2)
08:38:28.941 INFO: JdwpDebugServer: handling req: ObjectReference(9).GetValues(2)
08:38:28.941 INFO: JdwpDebugServer: handling req: ObjectReference(9).GetValues(2)
08:38:28.942 INFO: JdwpDebugServer: handling req: ObjectReference(9).GetValues(2)
08:38:28.942 INFO: JdwpDebugServer: handling req: ObjectReference(9).GetValues(2)
08:38:28.942 INFO: JdwpDebugServer: handling req: ObjectReference(9).GetValues(2)
08:38:28.942 INFO: JdwpDebugServer: handling req: ObjectReference(9).GetValues(2)
08:38:28.943 INFO: JdwpDebugServer: handling req: ObjectReference(9).GetValues(2)
08:38:28.943 INFO: JdwpDebugServer: handling req: ObjectReference(9).GetValues(2)
08:38:28.943 INFO: JdwpDebugServer: handling req: ObjectReference(9).GetValues(2)
08:38:28.943 INFO: JdwpDebugServer: handling req: ObjectReference(9).GetValues(2)
08:38:28.943 INFO: JdwpDebugServer: handling req: ObjectReference(9).GetValues(2)
08:38:28.944 INFO: JdwpDebugServer: handling req: ObjectReference(9).GetValues(2)
08:38:28.944 INFO: JdwpDebugServer: handling req: ObjectReference(9).GetValues(2)
08:38:28.944 INFO: JdwpDebugServer: handling req: ObjectReference(9).GetValues(2)
08:38:28.944 INFO: JdwpDebugServer: handling req: ObjectReference(9).GetValues(2)
08:38:28.945 INFO: JdwpDebugServer: handling req: ObjectReference(9).GetValues(2)
08:38:28.945 INFO: JdwpDebugServer: handling req: ObjectReference(9).GetValues(2)
08:38:28.945 INFO: JdwpDebugServer: handling req: ObjectReference(9).GetValues(2)
08:38:28.945 INFO: JdwpDebugServer: handling req: ObjectReference(9).GetValues(2)
08:38:28.945 INFO: JdwpDebugServer: handling req: ClassType(3).Superclass(1)
08:38:28.945 INFO: JdwpDebugServer: handling req: ObjectReference(9).GetValues(2)
08:38:28.946 INFO: JdwpDebugServer: handling req: ObjectReference(9).GetValues(2)
08:38:28.946 INFO: JdwpDebugServer: handling req: ObjectReference(9).GetValues(2)
08:38:28.946 INFO: JdwpDebugServer: handling req: ObjectReference(9).GetValues(2)
08:38:28.946 INFO: JdwpDebugServer: handling req: ObjectReference(9).GetValues(2)
08:38:28.947 INFO: JdwpDebugServer: handling req: ObjectReference(9).GetValues(2)
08:38:28.947 INFO: JdwpDebugServer: handling req: ObjectReference(9).GetValues(2)
08:38:28.947 INFO: JdwpDebugServer: handling req: ObjectReference(9).GetValues(2)
08:38:28.947 INFO: JdwpDebugServer: handling req: ObjectReference(9).GetValues(2)
08:38:28.947 INFO: JdwpDebugServer: handling req: ObjectReference(9).GetValues(2)
08:38:28.948 INFO: JdwpDebugServer: handling req: ObjectReference(9).GetValues(2)
08:38:28.948 INFO: JdwpDebugServer: handling req: ObjectReference(9).GetValues(2)
08:38:28.948 INFO: JdwpDebugServer: handling req: ObjectReference(9).GetValues(2)
08:38:28.948 INFO: JdwpDebugServer: handling req: ObjectReference(9).GetValues(2)
08:38:28.948 INFO: JdwpDebugServer: handling req: ClassType(3).Superclass(1)
08:38:28.948 INFO: JdwpDebugServer: handling req: ObjectReference(9).GetValues(2)
08:38:28.949 INFO: JdwpDebugServer: handling req: ObjectReference(9).GetValues(2)
08:38:28.949 INFO: JdwpDebugServer: handling req: ObjectReference(9).GetValues(2)
08:38:28.949 INFO: JdwpDebugServer: handling req: ObjectReference(9).GetValues(2)
08:38:28.949 INFO: JdwpDebugServer: handling req: ObjectReference(9).GetValues(2)
08:38:28.949 INFO: JdwpDebugServer: handling req: ObjectReference(9).GetValues(2)
08:38:28.949 INFO: JdwpDebugServer: handling req: ObjectReference(9).GetValues(2)
08:38:28.950 INFO: JdwpDebugServer: handling req: ClassType(3).Superclass(1)
08:38:28.950 INFO: JdwpDebugServer: handling req: ObjectReference(9).GetValues(2)
08:38:28.950 INFO: JdwpDebugServer: handling req: ObjectReference(9).GetValues(2)
08:38:28.950 INFO: JdwpDebugServer: handling req: ObjectReference(9).GetValues(2)
08:38:28.950 INFO: JdwpDebugServer: handling req: ObjectReference(9).GetValues(2)
08:38:28.950 INFO: JdwpDebugServer: handling req: ObjectReference(9).GetValues(2)
08:38:28.951 INFO: JdwpDebugServer: handling req: ObjectReference(9).GetValues(2)
08:38:28.951 INFO: JdwpDebugServer: handling req: ObjectReference(9).GetValues(2)
08:38:28.951 INFO: JdwpDebugServer: handling req: ClassType(3).Superclass(1)
08:38:28.951 INFO: JdwpDebugServer: handling req: ObjectReference(9).GetValues(2)
08:38:28.951 INFO: JdwpDebugServer: handling req: ObjectReference(9).GetValues(2)
08:38:28.951 INFO: JdwpDebugServer: handling req: ObjectReference(9).GetValues(2)
08:38:28.951 INFO: JdwpDebugServer: handling req: ObjectReference(9).GetValues(2)
08:38:28.951 INFO: JdwpDebugServer: handling req: ObjectReference(9).GetValues(2)
08:38:28.951 INFO: JdwpDebugServer: handling req: ObjectReference(9).GetValues(2)
08:38:28.951 INFO: JdwpDebugServer: handling req: ObjectReference(9).GetValues(2)
08:38:28.951 INFO: JdwpDebugServer: handling req: ObjectReference(9).GetValues(2)
08:38:28.952 INFO: JdwpDebugServer: handling req: ObjectReference(9).GetValues(2)
08:38:28.952 INFO: JdwpDebugServer: handling req: ObjectReference(9).GetValues(2)
08:38:28.952 INFO: JdwpDebugServer: handling req: ObjectReference(9).GetValues(2)
08:38:28.953 INFO: JdwpDebugServer: handling req: ObjectReference(9).GetValues(2)
08:38:28.953 INFO: JdwpDebugServer: handling req: ObjectReference(9).GetValues(2)
08:38:28.953 INFO: JdwpDebugServer: handling req: ObjectReference(9).GetValues(2)
08:38:28.953 INFO: JdwpDebugServer: handling req: ClassType(3).Superclass(1)
08:38:28.953 INFO: JdwpDebugServer: handling req: ObjectReference(9).GetValues(2)
08:38:28.953 INFO: JdwpDebugServer: handling req: ObjectReference(9).GetValues(2)
08:38:28.953 INFO: JdwpDebugServer: handling req: ObjectReference(9).GetValues(2)
08:38:28.954 INFO: JdwpDebugServer: handling req: StringReference(10).Value(1)
08:38:28.954 INFO: JdwpDebugServer: handling req: ObjectReference(9).GetValues(2)
08:38:28.954 INFO: JdwpDebugServer: handling req: ObjectReference(9).GetValues(2)
08:38:29.155 INFO: JdwpDebugServer: handling req: ThreadReference(11).FramesCount(7)
08:38:29.232 INFO: JdwpDebugServer: handling req: ThreadReference(11).Name(1)
08:38:29.233 INFO: JdwpDebugServer: handling req: ThreadReference(11).Name(1)
08:38:29.233 INFO: JdwpDebugServer: handling req: ThreadReference(11).Name(1)
08:38:29.233 INFO: JdwpDebugServer: handling req: ThreadReference(11).FramesCount(7)
08:38:29.233 INFO: JdwpDebugServer: handling req: ThreadReference(11).Name(1)
08:38:29.240 INFO: JdwpDebugServer: handling req: Method(6).LineTable(1)
08:38:29.240 INFO: JdwpDebugServer: handling req: StackFrame(16).ThisObject(3)
08:38:29.241 INFO: JdwpDebugServer: handling req: ObjectReference(9).ReferenceType(1)
08:38:29.241 INFO: JdwpDebugServer: handling req: Method(6).LineTable(1)
08:38:29.242 INFO: JdwpDebugServer: handling req: StackFrame(16).ThisObject(3)
08:38:29.242 INFO: JdwpDebugServer: handling req: ObjectReference(9).ReferenceType(1)
08:38:29.242 INFO: JdwpDebugServer: handling req: Method(6).LineTable(1)
08:38:29.242 INFO: JdwpDebugServer: handling req: StackFrame(16).ThisObject(3)
08:38:29.243 INFO: JdwpDebugServer: handling req: ObjectReference(9).ReferenceType(1)
08:38:29.243 INFO: JdwpDebugServer: handling req: Method(6).LineTable(1)
08:38:29.244 INFO: JdwpDebugServer: handling req: StackFrame(16).ThisObject(3)
08:38:29.244 INFO: JdwpDebugServer: handling req: ObjectReference(9).ReferenceType(1)
08:38:29.244 INFO: JdwpDebugServer: handling req: Method(6).LineTable(1)
08:38:29.245 INFO: JdwpDebugServer: handling req: StackFrame(16).ThisObject(3)
08:38:29.245 INFO: JdwpDebugServer: handling req: ObjectReference(9).ReferenceType(1)
08:38:29.245 INFO: JdwpDebugServer: handling req: Method(6).LineTable(1)
08:38:29.246 INFO: JdwpDebugServer: handling req: Method(6).LineTable(1)
08:38:29.246 INFO: JdwpDebugServer: handling req: ReferenceType(2).SignatureWithGeneric(13)
08:38:41.626 INFO: JdwpDebugServer: handling req: ThreadReference(11).Resume(3)
08:38:41.632 INFO: JdwpEventCenterDelegate: THREAD_RESUMED: thread (33, main, main)
08:38:41.641 INFO: JdwpDebugServer: handling req: ReferenceType(2).MethodsWithGeneric(15)
08:38:41.646 INFO: JdwpDebugServer: handling req: Method(6).LineTable(1)
08:38:41.646 INFO: JdwpDebugServer: handling req: Method(6).LineTable(1)
08:38:41.646 INFO: JdwpDebugServer: handling req: Method(6).LineTable(1)
08:38:41.647 INFO: JdwpDebugServer: handling req: ThreadReference(11).Resume(3)
08:38:41.648 INFO: JdwpEventCenterDelegate: THREAD_RESUMED: thread (33, main, main)
08:38:41.654 INFO: JdwpEventCenterDelegate: THREAD_RESUMED: thread (33, main, main)
08:38:41.699 INFO: JdwpDebugServer: handling req: ThreadReference(11).Name(1)
08:38:41.701 INFO: JdwpDebugServer: handling req: ThreadReference(11).Name(1)
08:38:41.701 INFO: JdwpDebugServer: handling req: ThreadReference(11).Name(1)
08:38:41.709 SEVERE: Debugger: Thread HooksChannel socket thread crashed
org.robovm.debugger.DebuggerException: java.nio.BufferUnderflowException
	at org.robovm.debugger.hooks.HooksChannel.doSocketWork(HooksChannel.java:149)
	at java.base/java.lang.Thread.run(Thread.java:833)
	at org.robovm.debugger.utils.DebuggerThread.run(DebuggerThread.java:42)
Caused by: java.nio.BufferUnderflowException
	at org.robovm.debugger.utils.bytebuffer.DataBufferWriter.writeFromStream(DataBufferWriter.java:91)
	at org.robovm.debugger.hooks.HooksChannel.doSocketWork(HooksChannel.java:116)
	... 2 more
08:38:41.785 INFO: JdwpDebugServer: handling req: ThreadReference(11).Name(1)
