07:45:02.866 INFO: JdwpEventCenterDelegate: THREAD_STARTED: thread (33, main, main)
07:45:02.943 INFO: JdwpEventCenterDelegate: THREAD_STARTED: thread (48, ReferenceQueueDaemon, main)
07:45:02.944 INFO: JdwpEventCenterDelegate: THREAD_STARTED: thread (63, FinalizerDaemon, main)
07:45:02.945 INFO: JdwpEventCenterDelegate: THREAD_STARTED: thread (78, FinalizerWatchdogDaemon, main)
07:45:05.188 INFO: JdwpDebugServer: handling req: VirtualMachine(1).IDSizes(7)
07:45:05.189 INFO: JdwpDebugServer: handling req: EventRequest(15).Set(1)
07:45:05.189 INFO: JdwpEventCenterDelegate: jdwpSetEventRequest: JdwpEventRequest{requestId=100, eventKind=CLASS_UNLOAD, suspendPolicy=NONE, predicates=[]}
07:45:05.190 INFO: JdwpDebugServer: handling req: EventRequest(15).Set(1)
07:45:05.190 INFO: JdwpEventCenterDelegate: jdwpSetEventRequest: JdwpEventRequest{requestId=101, eventKind=THREAD_START, suspendPolicy=NONE, predicates=[]}
07:45:05.190 INFO: JdwpDebugServer: handling req: VirtualMachine(1).ClassesBySignature(2)
07:45:05.191 INFO: JdwpDebugServer: handling req: VirtualMachine(1).Version(1)
07:45:05.192 INFO: JdwpDebugServer: handling req: ReferenceType(2).MethodsWithGeneric(15)
07:45:05.193 INFO: JdwpDebugServer: handling req: Method(6).LineTable(1)
07:45:05.193 INFO: JdwpDebugServer: handling req: EventRequest(15).Set(1)
07:45:05.194 INFO: JdwpEventCenterDelegate: jdwpSetEventRequest: JdwpEventRequest{requestId=102, eventKind=BREAKPOINT, suspendPolicy=NONE, predicates=[Location{classId=845, methodId=257, index=928} ]}
07:45:05.194 INFO: JdwpDebugServer: handling req: EventRequest(15).Set(1)
07:45:05.194 INFO: JdwpEventCenterDelegate: jdwpSetEventRequest: JdwpEventRequest{requestId=103, eventKind=THREAD_DEATH, suspendPolicy=NONE, predicates=[]}
07:45:05.194 INFO: JdwpDebugServer: handling req: VirtualMachine(1).AllThreads(4)
07:45:05.195 INFO: JdwpDebugServer: handling req: ThreadReference(11).ThreadGroup(5)
07:45:05.195 INFO: JdwpDebugServer: handling req: ThreadGroup(12).Name(1)
07:45:05.195 INFO: JdwpDebugServer: handling req: ThreadGroup(12).Parent(2)
07:45:05.195 INFO: JdwpDebugServer: handling req: ObjectReference(9).ReferenceType(1)
07:45:05.196 INFO: JdwpDebugServer: handling req: ReferenceType(2).FieldsWithGeneric(14)
07:45:05.196 INFO: JdwpDebugServer: handling req: ReferenceType(2).Interfaces(10)
07:45:05.196 INFO: JdwpDebugServer: handling req: ReferenceType(2).FieldsWithGeneric(14)
07:45:05.197 INFO: JdwpDebugServer: handling req: ReferenceType(2).Interfaces(10)
07:45:05.197 INFO: JdwpDebugServer: handling req: ClassType(3).Superclass(1)
07:45:05.197 INFO: JdwpDebugServer: handling req: ReferenceType(2).FieldsWithGeneric(14)
07:45:05.197 INFO: JdwpDebugServer: handling req: ReferenceType(2).Interfaces(10)
07:45:05.197 INFO: JdwpDebugServer: handling req: ClassType(3).Superclass(1)
07:45:05.197 INFO: JdwpDebugServer: handling req: ObjectReference(9).GetValues(2)
07:45:05.198 INFO: JdwpDebugServer: handling req: ThreadReference(11).Status(4)
07:45:05.198 INFO: JdwpDebugServer: handling req: ThreadReference(11).Status(4)
07:45:05.198 INFO: JdwpDebugServer: handling req: ThreadReference(11).ThreadGroup(5)
07:45:05.199 INFO: JdwpDebugServer: handling req: ObjectReference(9).ReferenceType(1)
07:45:05.199 INFO: JdwpDebugServer: handling req: ObjectReference(9).GetValues(2)
07:45:05.199 INFO: JdwpDebugServer: handling req: ThreadReference(11).Status(4)
07:45:05.200 INFO: JdwpDebugServer: handling req: ThreadReference(11).Status(4)
07:45:05.200 INFO: JdwpDebugServer: handling req: ThreadReference(11).ThreadGroup(5)
07:45:05.200 INFO: JdwpDebugServer: handling req: ObjectReference(9).ReferenceType(1)
07:45:05.200 INFO: JdwpDebugServer: handling req: ObjectReference(9).GetValues(2)
07:45:05.201 INFO: JdwpDebugServer: handling req: ThreadReference(11).Status(4)
07:45:05.201 INFO: JdwpDebugServer: handling req: ThreadReference(11).Status(4)
07:45:05.201 INFO: JdwpDebugServer: handling req: ThreadReference(11).ThreadGroup(5)
07:45:05.201 INFO: JdwpDebugServer: handling req: ObjectReference(9).ReferenceType(1)
07:45:05.202 INFO: JdwpDebugServer: handling req: ObjectReference(9).GetValues(2)
07:45:05.202 INFO: JdwpDebugServer: handling req: ThreadReference(11).Status(4)
07:45:05.202 INFO: JdwpDebugServer: handling req: ThreadReference(11).Status(4)
07:45:05.203 INFO: JdwpDebugServer: handling req: EventRequest(15).Set(1)
07:45:05.203 INFO: JdwpEventCenterDelegate: jdwpSetEventRequest: JdwpEventRequest{requestId=104, eventKind=CLASS_PREPARE, suspendPolicy=EVENT_THREAD, predicates=[className=com.badlogic.gdx.graphics.g2d.PolygonSpriteBatch]}
07:45:05.207 INFO: JdwpDebugServer: handling req: EventRequest(15).Set(1)
07:45:05.207 INFO: JdwpEventCenterDelegate: jdwpSetEventRequest: JdwpEventRequest{requestId=105, eventKind=CLASS_PREPARE, suspendPolicy=EVENT_THREAD, predicates=[className=com.badlogic.gdx.graphics.g2d.PolygonSpriteBatch$*]}
07:45:05.209 INFO: JdwpDebugServer: handling req: VirtualMachine(1).ClassesBySignature(2)
07:45:05.209 INFO: JdwpDebugServer: handling req: ReferenceType(2).MethodsWithGeneric(15)
07:45:05.210 INFO: JdwpDebugServer: handling req: Method(6).LineTable(1)
07:45:05.211 INFO: JdwpDebugServer: handling req: Method(6).LineTable(1)
07:45:05.211 INFO: JdwpDebugServer: handling req: Method(6).LineTable(1)
07:45:05.211 INFO: JdwpDebugServer: handling req: Method(6).LineTable(1)
07:45:05.212 INFO: JdwpDebugServer: handling req: Method(6).LineTable(1)
07:45:05.212 INFO: JdwpDebugServer: handling req: Method(6).LineTable(1)
07:45:05.212 INFO: JdwpDebugServer: handling req: Method(6).LineTable(1)
07:45:05.212 INFO: JdwpDebugServer: handling req: Method(6).LineTable(1)
07:45:05.213 INFO: JdwpDebugServer: handling req: Method(6).LineTable(1)
07:45:05.213 INFO: JdwpDebugServer: handling req: Method(6).LineTable(1)
07:45:05.213 INFO: JdwpDebugServer: handling req: Method(6).LineTable(1)
07:45:05.213 INFO: JdwpDebugServer: handling req: Method(6).LineTable(1)
07:45:05.213 INFO: JdwpDebugServer: handling req: Method(6).LineTable(1)
07:45:05.214 INFO: JdwpDebugServer: handling req: Method(6).LineTable(1)
07:45:05.214 INFO: JdwpDebugServer: handling req: Method(6).LineTable(1)
07:45:05.214 INFO: JdwpDebugServer: handling req: Method(6).LineTable(1)
07:45:05.214 INFO: JdwpDebugServer: handling req: Method(6).LineTable(1)
07:45:05.214 INFO: JdwpDebugServer: handling req: Method(6).LineTable(1)
07:45:05.215 INFO: JdwpDebugServer: handling req: Method(6).LineTable(1)
07:45:05.215 INFO: JdwpDebugServer: handling req: Method(6).LineTable(1)
07:45:05.215 INFO: JdwpDebugServer: handling req: Method(6).LineTable(1)
07:45:05.215 INFO: JdwpDebugServer: handling req: Method(6).LineTable(1)
07:45:05.215 INFO: JdwpDebugServer: handling req: Method(6).LineTable(1)
07:45:05.216 INFO: JdwpDebugServer: handling req: Method(6).LineTable(1)
07:45:05.216 INFO: JdwpDebugServer: handling req: Method(6).LineTable(1)
07:45:05.216 INFO: JdwpDebugServer: handling req: Method(6).LineTable(1)
07:45:05.216 INFO: JdwpDebugServer: handling req: Method(6).LineTable(1)
07:45:05.216 INFO: JdwpDebugServer: handling req: Method(6).LineTable(1)
07:45:05.217 INFO: JdwpDebugServer: handling req: Method(6).LineTable(1)
07:45:05.217 INFO: JdwpDebugServer: handling req: Method(6).LineTable(1)
07:45:05.217 INFO: JdwpDebugServer: handling req: Method(6).LineTable(1)
07:45:05.217 INFO: JdwpDebugServer: handling req: Method(6).LineTable(1)
07:45:05.217 INFO: JdwpDebugServer: handling req: Method(6).LineTable(1)
07:45:05.218 INFO: JdwpDebugServer: handling req: Method(6).LineTable(1)
07:45:05.218 INFO: JdwpDebugServer: handling req: Method(6).LineTable(1)
07:45:05.218 INFO: JdwpDebugServer: handling req: Method(6).LineTable(1)
07:45:05.218 INFO: JdwpDebugServer: handling req: Method(6).LineTable(1)
07:45:05.218 INFO: JdwpDebugServer: handling req: Method(6).LineTable(1)
07:45:05.218 INFO: JdwpDebugServer: handling req: Method(6).LineTable(1)
07:45:05.219 INFO: JdwpDebugServer: handling req: Method(6).LineTable(1)
07:45:05.219 INFO: JdwpDebugServer: handling req: Method(6).LineTable(1)
07:45:05.219 INFO: JdwpDebugServer: handling req: Method(6).LineTable(1)
07:45:05.219 INFO: JdwpDebugServer: handling req: Method(6).LineTable(1)
07:45:05.219 INFO: JdwpDebugServer: handling req: Method(6).LineTable(1)
07:45:05.220 INFO: JdwpDebugServer: handling req: Method(6).LineTable(1)
07:45:05.220 INFO: JdwpDebugServer: handling req: Method(6).LineTable(1)
07:45:05.220 INFO: JdwpDebugServer: handling req: Method(6).LineTable(1)
07:45:05.220 INFO: JdwpDebugServer: handling req: EventRequest(15).Set(1)
07:45:05.220 INFO: JdwpEventCenterDelegate: jdwpSetEventRequest: JdwpEventRequest{requestId=106, eventKind=BREAKPOINT, suspendPolicy=EVENT_THREAD, predicates=[Location{classId=15500, methodId=1122, index=142} ]}
07:45:05.221 INFO: JdwpDebugServer: handling req: ReferenceType(2).Signature(1)
07:45:05.224 INFO: JdwpDebugServer: handling req: EventRequest(15).Set(1)
07:45:05.224 INFO: JdwpEventCenterDelegate: jdwpSetEventRequest: JdwpEventRequest{requestId=107, eventKind=CLASS_PREPARE, suspendPolicy=EVENT_THREAD, predicates=[className=com.badlogic.gdx.graphics.g2d.SpriteBatch]}
07:45:05.225 INFO: JdwpDebugServer: handling req: EventRequest(15).Set(1)
07:45:05.225 INFO: JdwpEventCenterDelegate: jdwpSetEventRequest: JdwpEventRequest{requestId=108, eventKind=CLASS_PREPARE, suspendPolicy=EVENT_THREAD, predicates=[className=com.badlogic.gdx.graphics.g2d.SpriteBatch$*]}
07:45:05.226 INFO: JdwpDebugServer: handling req: VirtualMachine(1).ClassesBySignature(2)
07:45:05.226 INFO: JdwpDebugServer: handling req: ReferenceType(2).MethodsWithGeneric(15)
07:45:05.228 INFO: JdwpDebugServer: handling req: Method(6).LineTable(1)
07:45:05.228 INFO: JdwpDebugServer: handling req: Method(6).LineTable(1)
07:45:05.229 INFO: JdwpDebugServer: handling req: Method(6).LineTable(1)
07:45:05.229 INFO: JdwpDebugServer: handling req: Method(6).LineTable(1)
07:45:05.229 INFO: JdwpDebugServer: handling req: Method(6).LineTable(1)
07:45:05.229 INFO: JdwpDebugServer: handling req: Method(6).LineTable(1)
07:45:05.229 INFO: JdwpDebugServer: handling req: Method(6).LineTable(1)
07:45:05.229 INFO: JdwpDebugServer: handling req: Method(6).LineTable(1)
07:45:05.229 INFO: JdwpDebugServer: handling req: Method(6).LineTable(1)
07:45:05.230 INFO: JdwpDebugServer: handling req: Method(6).LineTable(1)
07:45:05.230 INFO: JdwpDebugServer: handling req: Method(6).LineTable(1)
07:45:05.230 INFO: JdwpDebugServer: handling req: Method(6).LineTable(1)
07:45:05.230 INFO: JdwpDebugServer: handling req: Method(6).LineTable(1)
07:45:05.230 INFO: JdwpDebugServer: handling req: Method(6).LineTable(1)
07:45:05.231 INFO: JdwpDebugServer: handling req: Method(6).LineTable(1)
07:45:05.231 INFO: JdwpDebugServer: handling req: Method(6).LineTable(1)
07:45:05.231 INFO: JdwpDebugServer: handling req: Method(6).LineTable(1)
07:45:05.231 INFO: JdwpDebugServer: handling req: Method(6).LineTable(1)
07:45:05.232 INFO: JdwpDebugServer: handling req: Method(6).LineTable(1)
07:45:05.232 INFO: JdwpDebugServer: handling req: Method(6).LineTable(1)
07:45:05.232 INFO: JdwpDebugServer: handling req: Method(6).LineTable(1)
07:45:05.232 INFO: JdwpDebugServer: handling req: Method(6).LineTable(1)
07:45:05.232 INFO: JdwpDebugServer: handling req: Method(6).LineTable(1)
07:45:05.233 INFO: JdwpDebugServer: handling req: Method(6).LineTable(1)
07:45:05.233 INFO: JdwpDebugServer: handling req: Method(6).LineTable(1)
07:45:05.233 INFO: JdwpDebugServer: handling req: Method(6).LineTable(1)
07:45:05.233 INFO: JdwpDebugServer: handling req: Method(6).LineTable(1)
07:45:05.233 INFO: JdwpDebugServer: handling req: Method(6).LineTable(1)
07:45:05.233 INFO: JdwpDebugServer: handling req: Method(6).LineTable(1)
07:45:05.234 INFO: JdwpDebugServer: handling req: Method(6).LineTable(1)
07:45:05.234 INFO: JdwpDebugServer: handling req: Method(6).LineTable(1)
07:45:05.234 INFO: JdwpDebugServer: handling req: Method(6).LineTable(1)
07:45:05.234 INFO: JdwpDebugServer: handling req: Method(6).LineTable(1)
07:45:05.234 INFO: JdwpDebugServer: handling req: Method(6).LineTable(1)
07:45:05.235 INFO: JdwpDebugServer: handling req: Method(6).LineTable(1)
07:45:05.235 INFO: JdwpDebugServer: handling req: Method(6).LineTable(1)
07:45:05.235 INFO: JdwpDebugServer: handling req: Method(6).LineTable(1)
07:45:05.235 INFO: JdwpDebugServer: handling req: Method(6).LineTable(1)
07:45:05.235 INFO: JdwpDebugServer: handling req: Method(6).LineTable(1)
07:45:05.235 INFO: JdwpDebugServer: handling req: Method(6).LineTable(1)
07:45:05.236 INFO: JdwpDebugServer: handling req: Method(6).LineTable(1)
07:45:05.236 INFO: JdwpDebugServer: handling req: Method(6).LineTable(1)
07:45:05.236 INFO: JdwpDebugServer: handling req: Method(6).LineTable(1)
07:45:05.236 INFO: JdwpDebugServer: handling req: Method(6).LineTable(1)
07:45:05.236 INFO: JdwpDebugServer: handling req: EventRequest(15).Set(1)
07:45:05.236 INFO: JdwpEventCenterDelegate: jdwpSetEventRequest: JdwpEventRequest{requestId=109, eventKind=BREAKPOINT, suspendPolicy=EVENT_THREAD, predicates=[Location{classId=18040, methodId=1357, index=163} ]}
07:45:05.237 INFO: JdwpDebugServer: handling req: ReferenceType(2).Signature(1)
07:45:05.237 INFO: JdwpDebugServer: handling req: EventRequest(15).Set(1)
07:45:05.237 INFO: JdwpEventCenterDelegate: jdwpSetEventRequest: JdwpEventRequest{requestId=110, eventKind=CLASS_PREPARE, suspendPolicy=EVENT_THREAD, predicates=[className=com.badlogic.gdx.graphics.g2d.PolygonSpriteBatch]}
07:45:05.239 INFO: JdwpDebugServer: handling req: EventRequest(15).Set(1)
07:45:05.239 INFO: JdwpEventCenterDelegate: jdwpSetEventRequest: JdwpEventRequest{requestId=111, eventKind=CLASS_PREPARE, suspendPolicy=EVENT_THREAD, predicates=[className=com.badlogic.gdx.graphics.g2d.PolygonSpriteBatch$*]}
07:45:05.240 INFO: JdwpDebugServer: handling req: VirtualMachine(1).ClassesBySignature(2)
07:45:05.240 INFO: JdwpDebugServer: handling req: EventRequest(15).Set(1)
07:45:05.240 INFO: JdwpEventCenterDelegate: jdwpSetEventRequest: JdwpEventRequest{requestId=112, eventKind=BREAKPOINT, suspendPolicy=EVENT_THREAD, predicates=[Location{classId=15500, methodId=1122, index=141} ]}
07:45:05.241 INFO: JdwpDebugServer: handling req: EventRequest(15).Set(1)
07:45:05.241 INFO: JdwpEventCenterDelegate: jdwpSetEventRequest: JdwpEventRequest{requestId=113, eventKind=CLASS_PREPARE, suspendPolicy=EVENT_THREAD, predicates=[className=java.lang.Throwable]}
07:45:05.241 INFO: JdwpDebugServer: handling req: EventRequest(15).Set(1)
07:45:05.241 INFO: JdwpEventCenterDelegate: jdwpSetEventRequest: JdwpEventRequest{requestId=114, eventKind=CLASS_PREPARE, suspendPolicy=EVENT_THREAD, predicates=[className=java.lang.Throwable$*]}
07:45:05.242 INFO: JdwpDebugServer: handling req: VirtualMachine(1).ClassesBySignature(2)
07:45:05.242 INFO: JdwpDebugServer: handling req: ReferenceType(2).MethodsWithGeneric(15)
07:45:05.245 INFO: JdwpDebugServer: handling req: Method(6).LineTable(1)
07:45:05.245 INFO: JdwpDebugServer: handling req: Method(6).LineTable(1)
07:45:05.245 INFO: JdwpDebugServer: handling req: Method(6).LineTable(1)
07:45:05.246 INFO: JdwpDebugServer: handling req: Method(6).LineTable(1)
07:45:05.246 INFO: JdwpDebugServer: handling req: Method(6).LineTable(1)
07:45:05.246 INFO: JdwpDebugServer: handling req: Method(6).LineTable(1)
07:45:05.246 INFO: JdwpDebugServer: handling req: Method(6).LineTable(1)
07:45:05.246 INFO: JdwpDebugServer: handling req: Method(6).LineTable(1)
07:45:05.246 INFO: JdwpDebugServer: handling req: Method(6).LineTable(1)
07:45:05.247 INFO: JdwpDebugServer: handling req: Method(6).LineTable(1)
07:45:05.247 INFO: JdwpDebugServer: handling req: Method(6).LineTable(1)
07:45:05.247 INFO: JdwpDebugServer: handling req: Method(6).LineTable(1)
07:45:05.247 INFO: JdwpDebugServer: handling req: Method(6).LineTable(1)
07:45:05.247 INFO: JdwpDebugServer: handling req: Method(6).LineTable(1)
07:45:05.247 INFO: JdwpDebugServer: handling req: Method(6).LineTable(1)
07:45:05.248 INFO: JdwpDebugServer: handling req: Method(6).LineTable(1)
07:45:05.248 INFO: JdwpDebugServer: handling req: Method(6).LineTable(1)
07:45:05.248 INFO: JdwpDebugServer: handling req: Method(6).LineTable(1)
07:45:05.248 INFO: JdwpDebugServer: handling req: Method(6).LineTable(1)
07:45:05.248 INFO: JdwpDebugServer: handling req: Method(6).LineTable(1)
07:45:05.248 INFO: JdwpDebugServer: handling req: Method(6).LineTable(1)
07:45:05.248 INFO: JdwpDebugServer: handling req: Method(6).LineTable(1)
07:45:05.249 INFO: JdwpDebugServer: handling req: Method(6).LineTable(1)
07:45:05.249 INFO: JdwpDebugServer: handling req: Method(6).LineTable(1)
07:45:05.249 INFO: JdwpDebugServer: handling req: VirtualMachine(1).ClassesBySignature(2)
07:45:05.249 INFO: JdwpDebugServer: handling req: VirtualMachine(1).AllClassesWithGeneric(20)
07:45:05.260 INFO: JdwpDebugServer: handling req: EventRequest(15).Set(1)
07:45:05.260 INFO: JdwpEventCenterDelegate: jdwpSetEventRequest: JdwpEventRequest{requestId=115, eventKind=CLASS_PREPARE, suspendPolicy=EVENT_THREAD, predicates=[className=com.badlogic.gdx.utils.ScreenUtils]}
07:45:05.261 INFO: JdwpDebugServer: handling req: EventRequest(15).Set(1)
07:45:05.261 INFO: JdwpEventCenterDelegate: jdwpSetEventRequest: JdwpEventRequest{requestId=116, eventKind=CLASS_PREPARE, suspendPolicy=EVENT_THREAD, predicates=[className=com.badlogic.gdx.utils.ScreenUtils$*]}
07:45:05.262 INFO: JdwpDebugServer: handling req: VirtualMachine(1).ClassesBySignature(2)
07:45:05.263 INFO: JdwpDebugServer: handling req: ReferenceType(2).MethodsWithGeneric(15)
07:45:05.263 INFO: JdwpDebugServer: handling req: Method(6).LineTable(1)
07:45:05.263 INFO: JdwpDebugServer: handling req: Method(6).LineTable(1)
07:45:05.263 INFO: JdwpDebugServer: handling req: Method(6).LineTable(1)
07:45:05.263 INFO: JdwpDebugServer: handling req: Method(6).LineTable(1)
07:45:05.263 INFO: JdwpDebugServer: handling req: Method(6).LineTable(1)
07:45:05.264 INFO: JdwpDebugServer: handling req: Method(6).LineTable(1)
07:45:05.264 INFO: JdwpDebugServer: handling req: Method(6).LineTable(1)
07:45:05.264 INFO: JdwpDebugServer: handling req: Method(6).LineTable(1)
07:45:05.264 INFO: JdwpDebugServer: handling req: Method(6).LineTable(1)
07:45:05.264 INFO: JdwpDebugServer: handling req: Method(6).LineTable(1)
07:45:05.264 INFO: JdwpDebugServer: handling req: EventRequest(15).Set(1)
07:45:05.264 INFO: JdwpEventCenterDelegate: jdwpSetEventRequest: JdwpEventRequest{requestId=117, eventKind=BREAKPOINT, suspendPolicy=EVENT_THREAD, predicates=[Location{classId=22240, methodId=1727, index=89} ]}
07:45:05.265 INFO: JdwpDebugServer: handling req: EventRequest(15).Set(1)
07:45:05.265 INFO: JdwpEventCenterDelegate: jdwpSetEventRequest: JdwpEventRequest{requestId=118, eventKind=CLASS_PREPARE, suspendPolicy=EVENT_THREAD, predicates=[className=com.badlogic.gdx.utils.ScreenUtils]}
07:45:05.266 INFO: JdwpDebugServer: handling req: EventRequest(15).Set(1)
07:45:05.266 INFO: JdwpEventCenterDelegate: jdwpSetEventRequest: JdwpEventRequest{requestId=119, eventKind=CLASS_PREPARE, suspendPolicy=EVENT_THREAD, predicates=[className=com.badlogic.gdx.utils.ScreenUtils$*]}
07:45:05.267 INFO: JdwpDebugServer: handling req: VirtualMachine(1).ClassesBySignature(2)
07:45:05.267 INFO: JdwpDebugServer: handling req: EventRequest(15).Set(1)
07:45:05.267 INFO: JdwpEventCenterDelegate: jdwpSetEventRequest: JdwpEventRequest{requestId=120, eventKind=BREAKPOINT, suspendPolicy=EVENT_THREAD, predicates=[Location{classId=22240, methodId=1722, index=72} ]}
07:45:05.267 INFO: JdwpDebugServer: handling req: EventRequest(15).Set(1)
07:45:05.267 INFO: JdwpEventCenterDelegate: jdwpSetEventRequest: JdwpEventRequest{requestId=121, eventKind=CLASS_PREPARE, suspendPolicy=EVENT_THREAD, predicates=[className=com.scottlogic.util.ShaderProgramFactory]}
07:45:05.268 INFO: JdwpDebugServer: handling req: EventRequest(15).Set(1)
07:45:05.268 INFO: JdwpEventCenterDelegate: jdwpSetEventRequest: JdwpEventRequest{requestId=122, eventKind=CLASS_PREPARE, suspendPolicy=EVENT_THREAD, predicates=[className=com.scottlogic.util.ShaderProgramFactory$*]}
07:45:05.269 INFO: JdwpDebugServer: handling req: VirtualMachine(1).ClassesBySignature(2)
07:45:05.270 INFO: JdwpDebugServer: handling req: ReferenceType(2).MethodsWithGeneric(15)
07:45:05.270 INFO: JdwpDebugServer: handling req: Method(6).LineTable(1)
07:45:05.270 INFO: JdwpDebugServer: handling req: Method(6).LineTable(1)
07:45:05.270 INFO: JdwpDebugServer: handling req: Method(6).LineTable(1)
07:45:05.270 INFO: JdwpDebugServer: handling req: Method(6).LineTable(1)
07:45:05.270 INFO: JdwpDebugServer: handling req: Method(6).LineTable(1)
07:45:05.271 INFO: JdwpDebugServer: handling req: EventRequest(15).Set(1)
07:45:05.271 INFO: JdwpEventCenterDelegate: jdwpSetEventRequest: JdwpEventRequest{requestId=123, eventKind=BREAKPOINT, suspendPolicy=EVENT_THREAD, predicates=[Location{classId=20400, methodId=1762, index=106} ]}
07:45:05.272 INFO: JdwpDebugServer: handling req: VirtualMachine(1).capabilitiesNew(17)
07:45:05.273 INFO: JdwpDebugServer: handling req: EventRequest(15).Set(1)
07:45:05.273 INFO: JdwpEventCenterDelegate: jdwpSetEventRequest: JdwpEventRequest{requestId=124, eventKind=CLASS_PREPARE, suspendPolicy=EVENT_THREAD, predicates=[className=java.lang.Error]}
07:45:05.274 INFO: JdwpDebugServer: handling req: EventRequest(15).Set(1)
07:45:05.274 INFO: JdwpEventCenterDelegate: jdwpSetEventRequest: JdwpEventRequest{requestId=125, eventKind=CLASS_PREPARE, suspendPolicy=EVENT_THREAD, predicates=[className=java.lang.Error$*]}
07:45:05.275 INFO: JdwpDebugServer: handling req: VirtualMachine(1).ClassesBySignature(2)
07:45:05.275 INFO: JdwpDebugServer: handling req: EventRequest(15).Set(1)
07:45:05.276 INFO: JdwpEventCenterDelegate: jdwpSetEventRequest: JdwpEventRequest{requestId=126, eventKind=EXCEPTION, suspendPolicy=EVENT_THREAD, predicates=[exceptionType=3425(caught=true, uncaught=true)]}
07:45:05.310 INFO: JdwpDebugServer: handling req: EventRequest(15).Set(1)
07:45:05.310 INFO: JdwpEventCenterDelegate: jdwpSetEventRequest: JdwpEventRequest{requestId=127, eventKind=CLASS_PREPARE, suspendPolicy=EVENT_THREAD, predicates=[className=java.lang.Throwable]}
07:45:05.312 INFO: JdwpDebugServer: handling req: EventRequest(15).Set(1)
07:45:05.312 INFO: JdwpEventCenterDelegate: jdwpSetEventRequest: JdwpEventRequest{requestId=128, eventKind=CLASS_PREPARE, suspendPolicy=EVENT_THREAD, predicates=[className=java.lang.Throwable$*]}
07:45:05.313 INFO: JdwpDebugServer: handling req: VirtualMachine(1).ClassesBySignature(2)
07:45:05.313 INFO: JdwpDebugServer: handling req: EventRequest(15).Set(1)
07:45:05.313 INFO: JdwpEventCenterDelegate: jdwpSetEventRequest: JdwpEventRequest{requestId=129, eventKind=EXCEPTION, suspendPolicy=EVENT_THREAD, predicates=[exceptionType=7695(caught=false, uncaught=true)]}
07:45:05.316 INFO: JdwpDebugServer: handling req: ThreadReference(11).SuspendCount(12)
07:45:05.316 INFO: JdwpDebugServer: handling req: ThreadReference(11).SuspendCount(12)
07:45:05.317 INFO: JdwpDebugServer: handling req: ThreadReference(11).SuspendCount(12)
07:45:05.317 INFO: JdwpDebugServer: handling req: ThreadReference(11).SuspendCount(12)
07:45:05.317 INFO: JdwpDebugServer: handling req: VirtualMachine(1).AllThreads(4)
07:45:05.317 INFO: JdwpDebugServer: handling req: VirtualMachine(1).Resume(9)
07:45:05.387 INFO: JdwpEventCenterDelegate: THREAD_RESUMED: thread (33, main, main)
07:45:05.388 INFO: JdwpEventCenterDelegate: THREAD_RESUMED: thread (33, main, main)
07:45:05.388 INFO: JdwpEventCenterDelegate: THREAD_RESUMED: thread (33, main, main)
07:45:05.389 INFO: JdwpEventCenterDelegate: THREAD_RESUMED: thread (33, main, main)
07:45:05.389 INFO: JdwpEventCenterDelegate: THREAD_RESUMED: thread (33, main, main)
07:45:05.390 INFO: JdwpEventCenterDelegate: THREAD_RESUMED: thread (33, main, main)
07:45:05.390 INFO: JdwpEventCenterDelegate: THREAD_RESUMED: thread (33, main, main)
07:45:05.392 INFO: JdwpEventCenterDelegate: THREAD_RESUMED: thread (33, main, main)
07:45:05.393 INFO: JdwpEventCenterDelegate: THREAD_RESUMED: thread (33, main, main)
07:45:05.394 INFO: JdwpEventCenterDelegate: THREAD_RESUMED: thread (33, main, main)
07:45:05.394 INFO: JdwpEventCenterDelegate: THREAD_RESUMED: thread (33, main, main)
07:45:05.400 INFO: JdwpEventCenterDelegate: THREAD_RESUMED: thread (33, main, main)
07:45:05.400 INFO: JdwpEventCenterDelegate: THREAD_RESUMED: thread (33, main, main)
07:45:05.401 INFO: JdwpEventCenterDelegate: THREAD_RESUMED: thread (33, main, main)
07:45:05.471 INFO: JdwpEventCenterDelegate: THREAD_RESUMED: thread (33, main, main)
07:45:05.472 INFO: JdwpEventCenterDelegate: THREAD_RESUMED: thread (33, main, main)
07:45:05.473 INFO: JdwpEventCenterDelegate: THREAD_RESUMED: thread (33, main, main)
07:45:05.481 INFO: JdwpEventCenterDelegate: THREAD_RESUMED: thread (33, main, main)
07:45:05.482 INFO: JdwpEventCenterDelegate: THREAD_RESUMED: thread (33, main, main)
07:45:05.482 INFO: JdwpEventCenterDelegate: THREAD_RESUMED: thread (33, main, main)
07:45:05.749 INFO: JdwpEventCenterDelegate: THREAD_RESUMED: thread (33, main, main)
07:45:05.749 INFO: JdwpEventCenterDelegate: THREAD_RESUMED: thread (33, main, main)
07:45:05.750 INFO: JdwpEventCenterDelegate: THREAD_RESUMED: thread (33, main, main)
07:45:05.804 INFO: JdwpDebugServer: handling req: ThreadReference(11).Name(1)
07:45:05.805 INFO: JdwpDebugServer: handling req: ThreadReference(11).Name(1)
07:45:05.805 INFO: JdwpDebugServer: handling req: ThreadReference(11).Name(1)
07:45:05.805 INFO: JdwpDebugServer: handling req: ThreadReference(11).Name(1)
07:45:05.814 INFO: JdwpEventCenterDelegate: THREAD_RESUMED: thread (33, main, main)
07:45:05.815 INFO: JdwpEventCenterDelegate: THREAD_RESUMED: thread (33, main, main)
07:45:05.815 INFO: JdwpEventCenterDelegate: THREAD_RESUMED: thread (33, main, main)
07:45:05.843 INFO: JdwpEventCenterDelegate: THREAD_RESUMED: thread (33, main, main)
07:45:05.843 INFO: JdwpEventCenterDelegate: THREAD_RESUMED: thread (33, main, main)
07:45:05.844 INFO: JdwpEventCenterDelegate: THREAD_RESUMED: thread (33, main, main)
07:45:05.868 INFO: JdwpEventCenterDelegate: THREAD_RESUMED: thread (33, main, main)
07:45:05.868 INFO: JdwpEventCenterDelegate: THREAD_RESUMED: thread (33, main, main)
07:45:05.869 INFO: JdwpEventCenterDelegate: THREAD_RESUMED: thread (33, main, main)
07:45:05.870 INFO: JdwpEventCenterDelegate: THREAD_RESUMED: thread (33, main, main)
07:45:05.876 INFO: JdwpEventCenterDelegate: THREAD_RESUMED: thread (33, main, main)
07:45:05.877 INFO: JdwpEventCenterDelegate: THREAD_RESUMED: thread (33, main, main)
07:45:06.420 INFO: JdwpEventCenterDelegate: THREAD_RESUMED: thread (33, main, main)
07:45:06.421 INFO: JdwpEventCenterDelegate: THREAD_RESUMED: thread (33, main, main)
07:45:06.440 INFO: JdwpEventCenterDelegate: THREAD_RESUMED: thread (33, main, main)
07:45:06.441 INFO: JdwpEventCenterDelegate: THREAD_RESUMED: thread (33, main, main)
07:45:06.441 INFO: JdwpEventCenterDelegate: THREAD_RESUMED: thread (33, main, main)
07:45:06.442 INFO: JdwpEventCenterDelegate: THREAD_RESUMED: thread (33, main, main)
07:45:06.515 INFO: JdwpEventCenterDelegate: THREAD_RESUMED: thread (33, main, main)
07:45:06.908 INFO: JdwpDebugServer: handling req: EventRequest(15).Set(1)
07:45:06.908 INFO: JdwpEventCenterDelegate: jdwpSetEventRequest: JdwpEventRequest{requestId=130, eventKind=BREAKPOINT, suspendPolicy=EVENT_THREAD, predicates=[Location{classId=15500, methodId=1122, index=142} ]}
07:45:06.911 INFO: JdwpDebugServer: handling req: EventRequest(15).Set(1)
07:45:06.911 INFO: JdwpEventCenterDelegate: jdwpSetEventRequest: JdwpEventRequest{requestId=131, eventKind=BREAKPOINT, suspendPolicy=EVENT_THREAD, predicates=[Location{classId=15500, methodId=1122, index=141} ]}
07:45:06.912 INFO: JdwpDebugServer: handling req: ThreadReference(11).Resume(3)
07:45:06.914 INFO: JdwpEventCenterDelegate: THREAD_RESUMED: thread (33, main, main)
07:45:06.915 INFO: JdwpEventCenterDelegate: THREAD_RESUMED: thread (33, main, main)
07:45:06.916 INFO: JdwpEventCenterDelegate: THREAD_RESUMED: thread (33, main, main)
07:45:06.917 INFO: JdwpEventCenterDelegate: THREAD_RESUMED: thread (33, main, main)
07:45:06.918 INFO: JdwpEventCenterDelegate: THREAD_RESUMED: thread (33, main, main)
07:45:06.918 INFO: JdwpEventCenterDelegate: THREAD_RESUMED: thread (33, main, main)
07:45:06.919 INFO: JdwpEventCenterDelegate: THREAD_RESUMED: thread (33, main, main)
07:45:06.921 INFO: JdwpDebugServer: handling req: EventRequest(15).Set(1)
07:45:06.922 INFO: JdwpEventCenterDelegate: jdwpSetEventRequest: JdwpEventRequest{requestId=132, eventKind=BREAKPOINT, suspendPolicy=EVENT_THREAD, predicates=[Location{classId=20400, methodId=1762, index=106} ]}
07:45:06.930 INFO: JdwpDebugServer: handling req: ThreadReference(11).Resume(3)
07:45:06.931 INFO: JdwpEventCenterDelegate: THREAD_RESUMED: thread (33, main, main)
07:45:06.943 INFO: JdwpDebugServer: handling req: ThreadReference(11).Frames(6)
07:45:06.943 INFO: JdwpDebugServer: handling req: ReferenceType(2).MethodsWithGeneric(15)
07:45:06.943 INFO: JdwpDebugServer: handling req: ReferenceType(2).MethodsWithGeneric(15)
07:45:06.944 INFO: JdwpDebugServer: handling req: ReferenceType(2).MethodsWithGeneric(15)
07:45:06.944 INFO: JdwpDebugServer: handling req: ReferenceType(2).MethodsWithGeneric(15)
07:45:06.945 INFO: JdwpDebugServer: handling req: ReferenceType(2).MethodsWithGeneric(15)
07:45:06.945 INFO: JdwpDebugServer: handling req: ReferenceType(2).MethodsWithGeneric(15)
07:45:06.945 INFO: JdwpDebugServer: handling req: ReferenceType(2).MethodsWithGeneric(15)
07:45:06.946 INFO: JdwpDebugServer: handling req: ThreadReference(11).FramesCount(7)
07:45:06.947 INFO: JdwpDebugServer: handling req: ThreadReference(11).FramesCount(7)
07:45:07.535 INFO: JdwpDebugServer: handling req: ReferenceType(2).SourceFile(7)
07:45:07.623 INFO: JdwpDebugServer: handling req: ThreadReference(11).Name(1)
07:45:07.623 INFO: JdwpDebugServer: handling req: ReferenceType(2).SignatureWithGeneric(13)
07:45:07.624 INFO: JdwpDebugServer: handling req: ThreadReference(11).Name(1)
07:45:07.624 INFO: JdwpDebugServer: handling req: ThreadReference(11).Name(1)
07:45:07.624 INFO: JdwpDebugServer: handling req: ThreadReference(11).Name(1)
07:45:07.624 INFO: JdwpDebugServer: handling req: ThreadReference(11).Name(1)
07:45:07.670 INFO: JdwpDebugServer: handling req: ReferenceType(2).FieldsWithGeneric(14)
07:45:07.671 INFO: JdwpDebugServer: handling req: ReferenceType(2).Interfaces(10)
07:45:07.671 INFO: JdwpDebugServer: handling req: ClassType(3).Superclass(1)
07:45:07.671 INFO: JdwpDebugServer: handling req: ClassType(3).Superclass(1)
07:45:07.672 INFO: JdwpDebugServer: handling req: Method(6).VariableTableWithGenerics(5)
07:45:07.945 INFO: JdwpDebugServer: handling req: StackFrame(16).GetValues(1)
07:45:07.947 INFO: JdwpDebugServer: handling req: ObjectReference(9).ReferenceType(1)
07:45:07.947 INFO: JdwpDebugServer: handling req: StackFrame(16).GetValues(1)
07:45:07.947 INFO: JdwpDebugServer: handling req: ReferenceType(2).FieldsWithGeneric(14)
07:45:07.947 INFO: JdwpDebugServer: handling req: StackFrame(16).GetValues(1)
07:45:07.947 INFO: JdwpDebugServer: handling req: ReferenceType(2).Interfaces(10)
07:45:07.948 INFO: JdwpDebugServer: handling req: ReferenceType(2).FieldsWithGeneric(14)
07:45:07.948 INFO: JdwpDebugServer: handling req: ClassType(3).Superclass(1)
07:45:07.948 INFO: JdwpDebugServer: handling req: ReferenceType(2).Interfaces(10)
07:45:07.948 INFO: JdwpDebugServer: handling req: ClassType(3).Superclass(1)
07:45:07.948 INFO: JdwpDebugServer: handling req: ReferenceType(2).FieldsWithGeneric(14)
07:45:07.948 INFO: JdwpDebugServer: handling req: ReferenceType(2).Interfaces(10)
07:45:07.948 INFO: JdwpDebugServer: handling req: ReferenceType(2).Interfaces(10)
07:45:07.948 INFO: JdwpDebugServer: handling req: ReferenceType(2).Interfaces(10)
07:45:07.948 INFO: JdwpDebugServer: handling req: ReferenceType(2).FieldsWithGeneric(14)
07:45:07.948 INFO: JdwpDebugServer: handling req: ClassType(3).Superclass(1)
07:45:07.949 INFO: JdwpDebugServer: handling req: StackFrame(16).GetValues(1)
07:45:07.949 INFO: JdwpDebugServer: handling req: StackFrame(16).GetValues(1)
07:45:07.949 INFO: JdwpDebugServer: handling req: StackFrame(16).GetValues(1)
07:45:07.950 INFO: JdwpDebugServer: handling req: StackFrame(16).GetValues(1)
07:45:07.950 INFO: JdwpDebugServer: handling req: ObjectReference(9).ReferenceType(1)
07:45:07.950 INFO: JdwpDebugServer: handling req: StackFrame(16).GetValues(1)
07:45:07.950 INFO: JdwpDebugServer: handling req: StringReference(10).Value(1)
07:45:07.951 INFO: JdwpDebugServer: handling req: StackFrame(16).GetValues(1)
07:45:07.952 INFO: JdwpDebugServer: handling req: StackFrame(16).GetValues(1)
07:45:07.952 INFO: JdwpDebugServer: handling req: StackFrame(16).GetValues(1)
07:45:07.952 INFO: JdwpDebugServer: handling req: StackFrame(16).GetValues(1)
07:45:07.952 INFO: JdwpDebugServer: handling req: StackFrame(16).GetValues(1)
07:45:07.953 INFO: JdwpDebugServer: handling req: StackFrame(16).GetValues(1)
07:45:07.953 INFO: JdwpDebugServer: handling req: StackFrame(16).GetValues(1)
07:45:07.953 INFO: JdwpDebugServer: handling req: ObjectReference(9).ReferenceType(1)
07:45:07.954 INFO: JdwpDebugServer: handling req: StackFrame(16).GetValues(1)
07:45:07.954 INFO: JdwpDebugServer: handling req: ReferenceType(2).FieldsWithGeneric(14)
07:45:07.955 INFO: JdwpDebugServer: handling req: ClassType(3).Superclass(1)
07:45:07.955 INFO: JdwpDebugServer: handling req: StackFrame(16).GetValues(1)
07:45:07.955 INFO: JdwpDebugServer: handling req: ReferenceType(2).Interfaces(10)
07:45:07.955 INFO: JdwpDebugServer: handling req: StackFrame(16).GetValues(1)
07:45:07.955 INFO: JdwpDebugServer: handling req: ReferenceType(2).FieldsWithGeneric(14)
07:45:07.955 INFO: JdwpDebugServer: handling req: StackFrame(16).GetValues(1)
07:45:07.955 INFO: JdwpDebugServer: handling req: ReferenceType(2).Interfaces(10)
07:45:07.955 INFO: JdwpDebugServer: handling req: StringReference(10).Value(1)
07:45:07.956 INFO: JdwpDebugServer: handling req: ClassType(3).Superclass(1)
07:45:07.956 INFO: JdwpDebugServer: handling req: StackFrame(16).GetValues(1)
07:45:07.956 INFO: JdwpDebugServer: handling req: StackFrame(16).GetValues(1)
07:45:07.957 INFO: JdwpDebugServer: handling req: StackFrame(16).GetValues(1)
07:45:07.957 INFO: JdwpDebugServer: handling req: StackFrame(16).GetValues(1)
07:45:07.957 INFO: JdwpDebugServer: handling req: StackFrame(16).GetValues(1)
07:45:07.957 INFO: JdwpDebugServer: handling req: StackFrame(16).GetValues(1)
07:45:07.958 INFO: JdwpDebugServer: handling req: StackFrame(16).GetValues(1)
07:45:07.958 INFO: JdwpDebugServer: handling req: StackFrame(16).GetValues(1)
07:45:07.959 INFO: JdwpDebugServer: handling req: StackFrame(16).GetValues(1)
07:45:07.959 INFO: JdwpDebugServer: handling req: StackFrame(16).GetValues(1)
07:45:07.960 INFO: JdwpDebugServer: handling req: StackFrame(16).GetValues(1)
07:45:07.960 INFO: JdwpDebugServer: handling req: StackFrame(16).GetValues(1)
07:45:07.960 INFO: JdwpDebugServer: handling req: StackFrame(16).GetValues(1)
07:45:07.961 INFO: JdwpDebugServer: handling req: StackFrame(16).GetValues(1)
07:45:07.961 INFO: JdwpDebugServer: handling req: StackFrame(16).GetValues(1)
07:45:07.961 INFO: JdwpDebugServer: handling req: StackFrame(16).GetValues(1)
07:45:07.961 INFO: JdwpDebugServer: handling req: StackFrame(16).GetValues(1)
07:45:07.961 INFO: JdwpDebugServer: handling req: StackFrame(16).GetValues(1)
07:45:07.962 INFO: JdwpDebugServer: handling req: StackFrame(16).GetValues(1)
07:45:07.962 INFO: JdwpDebugServer: handling req: StackFrame(16).GetValues(1)
07:45:07.962 INFO: JdwpDebugServer: handling req: StackFrame(16).GetValues(1)
07:45:07.962 INFO: JdwpDebugServer: handling req: StackFrame(16).GetValues(1)
07:45:07.962 INFO: JdwpDebugServer: handling req: StackFrame(16).GetValues(1)
07:45:07.964 INFO: JdwpDebugServer: handling req: StackFrame(16).GetValues(1)
07:45:07.965 INFO: JdwpDebugServer: handling req: StackFrame(16).GetValues(1)
07:45:07.966 INFO: JdwpDebugServer: handling req: StackFrame(16).GetValues(1)
07:45:07.967 INFO: JdwpDebugServer: handling req: StackFrame(16).GetValues(1)
07:45:07.967 INFO: JdwpDebugServer: handling req: StackFrame(16).GetValues(1)
07:45:07.967 INFO: JdwpDebugServer: handling req: StackFrame(16).GetValues(1)
07:45:07.967 INFO: JdwpDebugServer: handling req: StackFrame(16).GetValues(1)
07:45:07.967 INFO: JdwpDebugServer: handling req: StackFrame(16).GetValues(1)
07:45:07.967 INFO: JdwpDebugServer: handling req: StackFrame(16).GetValues(1)
07:45:07.968 INFO: JdwpDebugServer: handling req: ClassType(3).Superclass(1)
07:45:07.968 INFO: JdwpDebugServer: handling req: StackFrame(16).GetValues(1)
07:45:07.968 INFO: JdwpDebugServer: handling req: StackFrame(16).GetValues(1)
07:45:07.968 INFO: JdwpDebugServer: handling req: StackFrame(16).GetValues(1)
07:45:07.969 INFO: JdwpDebugServer: handling req: StackFrame(16).GetValues(1)
07:45:07.969 INFO: JdwpDebugServer: handling req: StackFrame(16).GetValues(1)
07:45:07.982 INFO: JdwpDebugServer: handling req: StackFrame(16).GetValues(1)
07:45:07.982 INFO: JdwpDebugServer: handling req: ClassType(3).Superclass(1)
07:45:08.020 INFO: JdwpDebugServer: handling req: ThreadReference(11).FramesCount(7)
07:45:08.021 INFO: JdwpDebugServer: handling req: StackFrame(16).GetValues(1)
07:45:08.022 INFO: JdwpDebugServer: handling req: ClassType(3).Superclass(1)
07:45:08.036 INFO: JdwpDebugServer: handling req: ObjectReference(9).GetValues(2)
07:45:08.037 INFO: JdwpDebugServer: handling req: ObjectReference(9).ReferenceType(1)
07:45:08.037 INFO: JdwpDebugServer: handling req: ClassType(3).Superclass(1)
07:45:08.037 INFO: JdwpDebugServer: handling req: StringReference(10).Value(1)
07:45:08.039 INFO: JdwpDebugServer: handling req: ObjectReference(9).GetValues(2)
07:45:08.039 INFO: JdwpDebugServer: handling req: ObjectReference(9).GetValues(2)
07:45:08.039 INFO: JdwpDebugServer: handling req: ObjectReference(9).GetValues(2)
07:45:08.039 INFO: JdwpDebugServer: handling req: ObjectReference(9).GetValues(2)
07:45:08.039 INFO: JdwpDebugServer: handling req: ObjectReference(9).GetValues(2)
07:45:08.039 INFO: JdwpDebugServer: handling req: ObjectReference(9).ReferenceType(1)
07:45:08.039 INFO: JdwpDebugServer: handling req: ObjectReference(9).GetValues(2)
07:45:08.040 INFO: JdwpDebugServer: handling req: ReferenceType(2).FieldsWithGeneric(14)
07:45:08.040 INFO: JdwpDebugServer: handling req: ObjectReference(9).GetValues(2)
07:45:08.040 INFO: JdwpDebugServer: handling req: ReferenceType(2).Interfaces(10)
07:45:08.041 INFO: JdwpDebugServer: handling req: ObjectReference(9).GetValues(2)
07:45:08.041 INFO: JdwpDebugServer: handling req: ReferenceType(2).FieldsWithGeneric(14)
07:45:08.041 INFO: JdwpDebugServer: handling req: ObjectReference(9).GetValues(2)
07:45:08.041 INFO: JdwpDebugServer: handling req: ReferenceType(2).Interfaces(10)
07:45:08.041 INFO: JdwpDebugServer: handling req: ClassType(3).Superclass(1)
07:45:08.041 INFO: JdwpDebugServer: handling req: ObjectReference(9).GetValues(2)
07:45:08.041 INFO: JdwpDebugServer: handling req: ObjectReference(9).GetValues(2)
07:45:08.042 INFO: JdwpDebugServer: handling req: ObjectReference(9).GetValues(2)
07:45:08.042 INFO: JdwpDebugServer: handling req: ObjectReference(9).ReferenceType(1)
07:45:08.042 INFO: JdwpDebugServer: handling req: ClassType(3).Superclass(1)
07:45:08.042 INFO: JdwpDebugServer: handling req: ObjectReference(9).GetValues(2)
07:45:08.042 INFO: JdwpDebugServer: handling req: ObjectReference(9).GetValues(2)
07:45:08.042 INFO: JdwpDebugServer: handling req: ObjectReference(9).ReferenceType(1)
07:45:08.042 INFO: JdwpDebugServer: handling req: ObjectReference(9).GetValues(2)
07:45:08.045 INFO: JdwpDebugServer: handling req: ObjectReference(9).GetValues(2)
07:45:08.045 INFO: JdwpDebugServer: handling req: ObjectReference(9).GetValues(2)
07:45:08.045 INFO: JdwpDebugServer: handling req: ObjectReference(9).GetValues(2)
07:45:08.046 INFO: JdwpDebugServer: handling req: ObjectReference(9).GetValues(2)
07:45:08.046 INFO: JdwpDebugServer: handling req: ObjectReference(9).GetValues(2)
07:45:08.046 INFO: JdwpDebugServer: handling req: ObjectReference(9).GetValues(2)
07:45:08.046 INFO: JdwpDebugServer: handling req: ObjectReference(9).GetValues(2)
07:45:08.046 INFO: JdwpDebugServer: handling req: ObjectReference(9).GetValues(2)
07:45:08.046 INFO: JdwpDebugServer: handling req: ObjectReference(9).GetValues(2)
07:45:08.046 INFO: JdwpDebugServer: handling req: ObjectReference(9).GetValues(2)
07:45:08.047 INFO: JdwpDebugServer: handling req: ObjectReference(9).ReferenceType(1)
07:45:08.047 INFO: JdwpDebugServer: handling req: ClassType(3).Superclass(1)
07:45:08.047 INFO: JdwpDebugServer: handling req: ObjectReference(9).GetValues(2)
07:45:08.047 INFO: JdwpDebugServer: handling req: ObjectReference(9).GetValues(2)
07:45:08.047 INFO: JdwpDebugServer: handling req: ObjectReference(9).ReferenceType(1)
07:45:08.047 INFO: JdwpDebugServer: handling req: ObjectReference(9).GetValues(2)
07:45:08.047 INFO: JdwpDebugServer: handling req: ReferenceType(2).FieldsWithGeneric(14)
07:45:08.047 INFO: JdwpDebugServer: handling req: ObjectReference(9).GetValues(2)
07:45:08.047 INFO: JdwpDebugServer: handling req: ReferenceType(2).Interfaces(10)
07:45:08.048 INFO: JdwpDebugServer: handling req: ObjectReference(9).GetValues(2)
07:45:08.048 INFO: JdwpDebugServer: handling req: ClassType(3).Superclass(1)
07:45:08.048 INFO: JdwpDebugServer: handling req: ObjectReference(9).GetValues(2)
07:45:08.048 INFO: JdwpDebugServer: handling req: ReferenceType(2).FieldsWithGeneric(14)
07:45:08.050 INFO: JdwpDebugServer: handling req: ObjectReference(9).GetValues(2)
07:45:08.050 INFO: JdwpDebugServer: handling req: ReferenceType(2).Interfaces(10)
07:45:08.050 INFO: JdwpDebugServer: handling req: ClassType(3).Superclass(1)
07:45:08.050 INFO: JdwpDebugServer: handling req: ObjectReference(9).GetValues(2)
07:45:08.050 INFO: JdwpDebugServer: handling req: ReferenceType(2).FieldsWithGeneric(14)
07:45:08.050 INFO: JdwpDebugServer: handling req: ClassType(3).Superclass(1)
07:45:08.051 INFO: JdwpDebugServer: handling req: ObjectReference(9).GetValues(2)
07:45:08.051 INFO: JdwpDebugServer: handling req: ReferenceType(2).Interfaces(10)
07:45:08.051 INFO: JdwpDebugServer: handling req: ObjectReference(9).GetValues(2)
07:45:08.051 INFO: JdwpDebugServer: handling req: ClassType(3).Superclass(1)
07:45:08.051 INFO: JdwpDebugServer: handling req: ObjectReference(9).GetValues(2)
07:45:08.054 INFO: JdwpDebugServer: handling req: ObjectReference(9).GetValues(2)
07:45:08.054 INFO: JdwpDebugServer: handling req: ObjectReference(9).ReferenceType(1)
07:45:08.054 INFO: JdwpDebugServer: handling req: ReferenceType(2).FieldsWithGeneric(14)
07:45:08.054 INFO: JdwpDebugServer: handling req: ObjectReference(9).GetValues(2)
07:45:08.055 INFO: JdwpDebugServer: handling req: ReferenceType(2).Interfaces(10)
07:45:08.055 INFO: JdwpDebugServer: handling req: ObjectReference(9).GetValues(2)
07:45:08.055 INFO: JdwpDebugServer: handling req: ClassType(3).Superclass(1)
07:45:08.055 INFO: JdwpDebugServer: handling req: ObjectReference(9).GetValues(2)
07:45:08.059 INFO: JdwpDebugServer: handling req: ReferenceType(2).FieldsWithGeneric(14)
07:45:08.062 INFO: JdwpDebugServer: handling req: ObjectReference(9).GetValues(2)
07:45:08.067 INFO: JdwpDebugServer: handling req: ReferenceType(2).Interfaces(10)
07:45:08.067 INFO: JdwpDebugServer: handling req: ClassType(3).Superclass(1)
07:45:08.067 INFO: JdwpDebugServer: handling req: ObjectReference(9).GetValues(2)
07:45:08.070 INFO: JdwpDebugServer: handling req: ObjectReference(9).GetValues(2)
07:45:08.074 INFO: JdwpDebugServer: handling req: ObjectReference(9).GetValues(2)
07:45:08.075 INFO: JdwpDebugServer: handling req: ObjectReference(9).GetValues(2)
07:45:08.075 INFO: JdwpDebugServer: handling req: ObjectReference(9).GetValues(2)
07:45:08.075 INFO: JdwpDebugServer: handling req: ObjectReference(9).GetValues(2)
07:45:08.075 INFO: JdwpDebugServer: handling req: ObjectReference(9).GetValues(2)
07:45:08.076 INFO: JdwpDebugServer: handling req: ObjectReference(9).ReferenceType(1)
07:45:08.079 INFO: JdwpDebugServer: handling req: ObjectReference(9).GetValues(2)
07:45:08.080 INFO: JdwpDebugServer: handling req: ObjectReference(9).GetValues(2)
07:45:08.081 INFO: JdwpDebugServer: handling req: ObjectReference(9).GetValues(2)
07:45:08.082 INFO: JdwpDebugServer: handling req: ObjectReference(9).GetValues(2)
07:45:08.083 INFO: JdwpDebugServer: handling req: ObjectReference(9).GetValues(2)
07:45:08.083 INFO: JdwpDebugServer: handling req: ObjectReference(9).ReferenceType(1)
07:45:08.083 INFO: JdwpDebugServer: handling req: ClassType(3).Superclass(1)
07:45:08.083 INFO: JdwpDebugServer: handling req: ObjectReference(9).GetValues(2)
07:45:08.088 INFO: JdwpDebugServer: handling req: ObjectReference(9).GetValues(2)
07:45:08.088 INFO: JdwpDebugServer: handling req: ObjectReference(9).ReferenceType(1)
07:45:08.088 INFO: JdwpDebugServer: handling req: ObjectReference(9).GetValues(2)
07:45:08.088 INFO: JdwpDebugServer: handling req: ObjectReference(9).GetValues(2)
07:45:08.089 INFO: JdwpDebugServer: handling req: ObjectReference(9).GetValues(2)
07:45:08.089 INFO: JdwpDebugServer: handling req: ObjectReference(9).ReferenceType(1)
07:45:08.089 INFO: JdwpDebugServer: handling req: ObjectReference(9).GetValues(2)
07:45:08.089 INFO: JdwpDebugServer: handling req: StringReference(10).Value(1)
07:45:08.089 INFO: JdwpDebugServer: handling req: ObjectReference(9).GetValues(2)
07:45:08.096 INFO: JdwpDebugServer: handling req: ObjectReference(9).GetValues(2)
07:45:08.096 INFO: JdwpDebugServer: handling req: ThreadReference(11).Name(1)
07:45:08.096 INFO: JdwpDebugServer: handling req: ObjectReference(9).ReferenceType(1)
07:45:08.097 INFO: JdwpDebugServer: handling req: ThreadReference(11).Name(1)
07:45:08.097 INFO: JdwpDebugServer: handling req: ThreadReference(11).Name(1)
07:45:08.098 INFO: JdwpDebugServer: handling req: ObjectReference(9).GetValues(2)
07:45:08.098 INFO: JdwpDebugServer: handling req: ThreadReference(11).Name(1)
07:45:08.105 INFO: JdwpDebugServer: handling req: ObjectReference(9).GetValues(2)
07:45:08.106 INFO: JdwpDebugServer: handling req: ObjectReference(9).GetValues(2)
07:45:08.106 INFO: JdwpDebugServer: handling req: ObjectReference(9).GetValues(2)
07:45:08.107 INFO: JdwpDebugServer: handling req: ObjectReference(9).GetValues(2)
07:45:08.107 INFO: JdwpDebugServer: handling req: ObjectReference(9).GetValues(2)
07:45:08.108 INFO: JdwpDebugServer: handling req: ObjectReference(9).GetValues(2)
07:45:08.109 INFO: JdwpDebugServer: handling req: ObjectReference(9).GetValues(2)
07:45:08.110 INFO: JdwpDebugServer: handling req: ObjectReference(9).GetValues(2)
07:45:08.111 INFO: JdwpDebugServer: handling req: ObjectReference(9).GetValues(2)
07:45:08.112 INFO: JdwpDebugServer: handling req: ObjectReference(9).GetValues(2)
07:45:08.112 INFO: JdwpDebugServer: handling req: ObjectReference(9).GetValues(2)
07:45:08.112 INFO: JdwpDebugServer: handling req: ObjectReference(9).GetValues(2)
07:45:08.113 INFO: JdwpDebugServer: handling req: ObjectReference(9).GetValues(2)
07:45:08.115 INFO: JdwpDebugServer: handling req: ObjectReference(9).GetValues(2)
07:45:08.115 INFO: JdwpDebugServer: handling req: ObjectReference(9).GetValues(2)
07:45:08.117 INFO: JdwpDebugServer: handling req: ObjectReference(9).GetValues(2)
07:45:08.117 INFO: JdwpDebugServer: handling req: ClassType(3).Superclass(1)
07:45:08.117 INFO: JdwpDebugServer: handling req: ObjectReference(9).GetValues(2)
07:45:08.117 INFO: JdwpDebugServer: handling req: ObjectReference(9).GetValues(2)
07:45:08.117 INFO: JdwpDebugServer: handling req: ObjectReference(9).GetValues(2)
07:45:08.118 INFO: JdwpDebugServer: handling req: StringReference(10).Value(1)
07:45:08.119 INFO: JdwpDebugServer: handling req: ObjectReference(9).GetValues(2)
07:45:08.119 INFO: JdwpDebugServer: handling req: ObjectReference(9).GetValues(2)
07:45:08.119 INFO: JdwpDebugServer: handling req: ObjectReference(9).GetValues(2)
07:45:08.120 INFO: JdwpDebugServer: handling req: ObjectReference(9).GetValues(2)
07:45:08.121 INFO: JdwpDebugServer: handling req: ClassType(3).Superclass(1)
07:45:08.122 INFO: JdwpDebugServer: handling req: ObjectReference(9).GetValues(2)
07:45:08.122 INFO: JdwpDebugServer: handling req: ObjectReference(9).GetValues(2)
07:45:08.122 INFO: JdwpDebugServer: handling req: ObjectReference(9).GetValues(2)
07:45:08.123 INFO: JdwpDebugServer: handling req: ObjectReference(9).GetValues(2)
07:45:08.123 INFO: JdwpDebugServer: handling req: ObjectReference(9).GetValues(2)
07:45:08.123 INFO: JdwpDebugServer: handling req: ObjectReference(9).GetValues(2)
07:45:08.124 INFO: JdwpDebugServer: handling req: ObjectReference(9).GetValues(2)
07:45:08.124 INFO: JdwpDebugServer: handling req: ClassType(3).Superclass(1)
07:45:08.124 INFO: JdwpDebugServer: handling req: ObjectReference(9).GetValues(2)
07:45:08.124 INFO: JdwpDebugServer: handling req: ObjectReference(9).GetValues(2)
07:45:08.125 INFO: JdwpDebugServer: handling req: ObjectReference(9).GetValues(2)
07:45:08.125 INFO: JdwpDebugServer: handling req: ObjectReference(9).GetValues(2)
07:45:08.125 INFO: JdwpDebugServer: handling req: ObjectReference(9).GetValues(2)
07:45:08.126 INFO: JdwpDebugServer: handling req: ThreadReference(11).FramesCount(7)
07:45:08.126 INFO: JdwpDebugServer: handling req: ObjectReference(9).GetValues(2)
07:45:08.126 INFO: JdwpDebugServer: handling req: ObjectReference(9).GetValues(2)
07:45:08.127 INFO: JdwpDebugServer: handling req: ObjectReference(9).GetValues(2)
07:45:08.127 INFO: JdwpDebugServer: handling req: ObjectReference(9).GetValues(2)
07:45:08.127 INFO: JdwpDebugServer: handling req: ObjectReference(9).GetValues(2)
07:45:08.128 INFO: JdwpDebugServer: handling req: ObjectReference(9).GetValues(2)
07:45:08.128 INFO: JdwpDebugServer: handling req: ObjectReference(9).GetValues(2)
07:45:08.129 INFO: JdwpDebugServer: handling req: ObjectReference(9).GetValues(2)
07:45:08.129 INFO: JdwpDebugServer: handling req: ObjectReference(9).GetValues(2)
07:45:08.129 INFO: JdwpDebugServer: handling req: ObjectReference(9).GetValues(2)
07:45:08.130 INFO: JdwpDebugServer: handling req: ObjectReference(9).GetValues(2)
07:45:08.130 INFO: JdwpDebugServer: handling req: ObjectReference(9).GetValues(2)
07:45:08.131 INFO: JdwpDebugServer: handling req: ObjectReference(9).GetValues(2)
07:45:08.131 INFO: JdwpDebugServer: handling req: ObjectReference(9).GetValues(2)
07:45:08.132 INFO: JdwpDebugServer: handling req: ObjectReference(9).GetValues(2)
07:45:08.132 INFO: JdwpDebugServer: handling req: ObjectReference(9).GetValues(2)
07:45:08.132 INFO: JdwpDebugServer: handling req: ClassType(3).Superclass(1)
07:45:08.132 INFO: JdwpDebugServer: handling req: ObjectReference(9).GetValues(2)
07:45:08.132 INFO: JdwpDebugServer: handling req: ObjectReference(9).GetValues(2)
07:45:08.133 INFO: JdwpDebugServer: handling req: ObjectReference(9).GetValues(2)
07:45:08.133 INFO: JdwpDebugServer: handling req: ObjectReference(9).GetValues(2)
07:45:08.133 INFO: JdwpDebugServer: handling req: ObjectReference(9).GetValues(2)
07:45:08.133 INFO: JdwpDebugServer: handling req: ObjectReference(9).GetValues(2)
07:45:08.134 INFO: JdwpDebugServer: handling req: ObjectReference(9).GetValues(2)
07:45:08.134 INFO: JdwpDebugServer: handling req: ObjectReference(9).GetValues(2)
07:45:08.134 INFO: JdwpDebugServer: handling req: ObjectReference(9).GetValues(2)
07:45:08.134 INFO: JdwpDebugServer: handling req: ObjectReference(9).GetValues(2)
07:45:08.135 INFO: JdwpDebugServer: handling req: ObjectReference(9).GetValues(2)
07:45:08.135 INFO: JdwpDebugServer: handling req: ObjectReference(9).GetValues(2)
07:45:08.135 INFO: JdwpDebugServer: handling req: ObjectReference(9).GetValues(2)
07:45:08.135 INFO: JdwpDebugServer: handling req: ObjectReference(9).GetValues(2)
07:45:08.136 INFO: JdwpDebugServer: handling req: ClassType(3).Superclass(1)
07:45:08.136 INFO: JdwpDebugServer: handling req: ObjectReference(9).GetValues(2)
07:45:08.136 INFO: JdwpDebugServer: handling req: ObjectReference(9).GetValues(2)
07:45:08.136 INFO: JdwpDebugServer: handling req: ObjectReference(9).GetValues(2)
07:45:08.137 INFO: JdwpDebugServer: handling req: ObjectReference(9).GetValues(2)
07:45:08.137 INFO: JdwpDebugServer: handling req: ObjectReference(9).GetValues(2)
07:45:08.137 INFO: JdwpDebugServer: handling req: Method(6).LineTable(1)
07:45:08.138 INFO: JdwpDebugServer: handling req: StackFrame(16).ThisObject(3)
07:45:08.138 INFO: JdwpDebugServer: handling req: ObjectReference(9).ReferenceType(1)
07:45:08.138 INFO: JdwpDebugServer: handling req: Method(6).LineTable(1)
07:45:08.139 INFO: JdwpDebugServer: handling req: ObjectReference(9).GetValues(2)
07:45:08.139 INFO: JdwpDebugServer: handling req: ObjectReference(9).GetValues(2)
07:45:08.139 INFO: JdwpDebugServer: handling req: ClassType(3).Superclass(1)
07:45:08.139 INFO: JdwpDebugServer: handling req: ObjectReference(9).GetValues(2)
07:45:08.140 INFO: JdwpDebugServer: handling req: ObjectReference(9).GetValues(2)
07:45:08.140 INFO: JdwpDebugServer: handling req: ObjectReference(9).GetValues(2)
07:45:08.140 INFO: JdwpDebugServer: handling req: ObjectReference(9).GetValues(2)
07:45:08.140 INFO: JdwpDebugServer: handling req: ObjectReference(9).GetValues(2)
07:45:08.141 INFO: JdwpDebugServer: handling req: ObjectReference(9).GetValues(2)
07:45:08.141 INFO: JdwpDebugServer: handling req: ObjectReference(9).GetValues(2)
07:45:08.141 INFO: JdwpDebugServer: handling req: ClassType(3).Superclass(1)
07:45:08.142 INFO: JdwpDebugServer: handling req: ObjectReference(9).GetValues(2)
07:45:08.142 INFO: JdwpDebugServer: handling req: ObjectReference(9).GetValues(2)
07:45:08.142 INFO: JdwpDebugServer: handling req: ObjectReference(9).GetValues(2)
07:45:08.142 INFO: JdwpDebugServer: handling req: ObjectReference(9).GetValues(2)
07:45:08.143 INFO: JdwpDebugServer: handling req: ObjectReference(9).GetValues(2)
07:45:08.143 INFO: JdwpDebugServer: handling req: StackFrame(16).ThisObject(3)
07:45:08.143 INFO: JdwpDebugServer: handling req: ObjectReference(9).ReferenceType(1)
07:45:08.144 INFO: JdwpDebugServer: handling req: Method(6).LineTable(1)
07:45:08.144 INFO: JdwpDebugServer: handling req: ObjectReference(9).GetValues(2)
07:45:08.144 INFO: JdwpDebugServer: handling req: ObjectReference(9).GetValues(2)
07:45:08.145 INFO: JdwpDebugServer: handling req: ObjectReference(9).GetValues(2)
07:45:08.145 INFO: JdwpDebugServer: handling req: ObjectReference(9).GetValues(2)
07:45:08.145 INFO: JdwpDebugServer: handling req: ObjectReference(9).GetValues(2)
07:45:08.146 INFO: JdwpDebugServer: handling req: ObjectReference(9).GetValues(2)
07:45:08.146 INFO: JdwpDebugServer: handling req: ObjectReference(9).GetValues(2)
07:45:08.147 INFO: JdwpDebugServer: handling req: StackFrame(16).ThisObject(3)
07:45:08.147 INFO: JdwpDebugServer: handling req: ObjectReference(9).ReferenceType(1)
07:45:08.148 INFO: JdwpDebugServer: handling req: Method(6).LineTable(1)
07:45:08.148 INFO: JdwpDebugServer: handling req: ObjectReference(9).GetValues(2)
07:45:08.148 INFO: JdwpDebugServer: handling req: ObjectReference(9).GetValues(2)
07:45:08.148 INFO: JdwpDebugServer: handling req: ClassType(3).Superclass(1)
07:45:08.149 INFO: JdwpDebugServer: handling req: ObjectReference(9).GetValues(2)
07:45:08.149 INFO: JdwpDebugServer: handling req: ObjectReference(9).GetValues(2)
07:45:08.149 INFO: JdwpDebugServer: handling req: ObjectReference(9).GetValues(2)
07:45:08.149 INFO: JdwpDebugServer: handling req: StringReference(10).Value(1)
07:45:08.150 INFO: JdwpDebugServer: handling req: ObjectReference(9).GetValues(2)
07:45:08.150 INFO: JdwpDebugServer: handling req: ObjectReference(9).GetValues(2)
07:45:08.151 INFO: JdwpDebugServer: handling req: StackFrame(16).ThisObject(3)
07:45:08.151 INFO: JdwpDebugServer: handling req: ObjectReference(9).ReferenceType(1)
07:45:08.151 INFO: JdwpDebugServer: handling req: Method(6).LineTable(1)
07:45:08.151 INFO: JdwpDebugServer: handling req: StackFrame(16).ThisObject(3)
07:45:08.152 INFO: JdwpDebugServer: handling req: ObjectReference(9).ReferenceType(1)
07:45:08.152 INFO: JdwpDebugServer: handling req: Method(6).LineTable(1)
07:45:08.153 INFO: JdwpDebugServer: handling req: Method(6).LineTable(1)
07:45:08.153 INFO: JdwpDebugServer: handling req: Method(6).LineTable(1)
07:45:12.070 INFO: JdwpDebugServer: handling req: ThreadReference(11).Resume(3)
07:45:12.072 INFO: JdwpEventCenterDelegate: THREAD_RESUMED: thread (33, main, main)
07:45:12.073 INFO: JdwpDebugServer: handling req: ReferenceType(2).MethodsWithGeneric(15)
07:45:12.074 INFO: JdwpDebugServer: handling req: Method(6).LineTable(1)
07:45:12.074 INFO: JdwpDebugServer: handling req: Method(6).LineTable(1)
07:45:12.074 INFO: JdwpDebugServer: handling req: Method(6).LineTable(1)
07:45:12.075 INFO: JdwpDebugServer: handling req: ThreadReference(11).Resume(3)
07:45:12.075 INFO: JdwpEventCenterDelegate: THREAD_RESUMED: thread (33, main, main)
07:45:12.078 INFO: JdwpEventCenterDelegate: THREAD_RESUMED: thread (33, main, main)
07:45:12.119 SEVERE: Debugger: Thread HooksChannel socket thread crashed
org.robovm.debugger.DebuggerException: java.nio.BufferUnderflowException
	at org.robovm.debugger.hooks.HooksChannel.doSocketWork(HooksChannel.java:149)
	at java.base/java.lang.Thread.run(Thread.java:833)
	at org.robovm.debugger.utils.DebuggerThread.run(DebuggerThread.java:42)
Caused by: java.nio.BufferUnderflowException
	at org.robovm.debugger.utils.bytebuffer.DataBufferWriter.writeFromStream(DataBufferWriter.java:91)
	at org.robovm.debugger.hooks.HooksChannel.doSocketWork(HooksChannel.java:116)
	... 2 more
07:45:12.143 INFO: JdwpDebugServer: handling req: ThreadReference(11).Name(1)
