08:38:51.358 INFO: JdwpEventCenterDelegate: THREAD_STARTED: thread (33, main, main)
08:38:51.426 INFO: JdwpEventCenterDelegate: THREAD_STARTED: thread (48, ReferenceQueueDaemon, main)
08:38:51.427 INFO: JdwpEventCenterDelegate: THREAD_STARTED: thread (63, FinalizerDaemon, main)
08:38:51.428 INFO: JdwpEventCenterDelegate: THREAD_STARTED: thread (78, FinalizerWatchdogDaemon, main)
08:38:53.226 INFO: JdwpDebugServer: handling req: VirtualMachine(1).IDSizes(7)
08:38:53.227 INFO: JdwpDebugServer: handling req: EventRequest(15).Set(1)
08:38:53.228 INFO: JdwpEventCenterDelegate: jdwpSetEventRequest: JdwpEventRequest{requestId=100, eventKind=CLASS_UNLOAD, suspendPolicy=NONE, predicates=[]}
08:38:53.228 INFO: JdwpDebugServer: handling req: EventRequest(15).Set(1)
08:38:53.228 INFO: JdwpEventCenterDelegate: jdwpSetEventRequest: JdwpEventRequest{requestId=101, eventKind=THREAD_START, suspendPolicy=NONE, predicates=[]}
08:38:53.231 INFO: JdwpDebugServer: handling req: VirtualMachine(1).ClassesBySignature(2)
08:38:53.234 INFO: JdwpDebugServer: handling req: VirtualMachine(1).Version(1)
08:38:53.235 INFO: JdwpDebugServer: handling req: ReferenceType(2).MethodsWithGeneric(15)
08:38:53.237 INFO: JdwpDebugServer: handling req: Method(6).LineTable(1)
08:38:53.238 INFO: JdwpDebugServer: handling req: EventRequest(15).Set(1)
08:38:53.238 INFO: JdwpEventCenterDelegate: jdwpSetEventRequest: JdwpEventRequest{requestId=102, eventKind=BREAKPOINT, suspendPolicy=NONE, predicates=[Location{classId=845, methodId=257, index=928} ]}
08:38:53.239 INFO: JdwpDebugServer: handling req: EventRequest(15).Set(1)
08:38:53.239 INFO: JdwpEventCenterDelegate: jdwpSetEventRequest: JdwpEventRequest{requestId=103, eventKind=THREAD_DEATH, suspendPolicy=NONE, predicates=[]}
08:38:53.241 INFO: JdwpDebugServer: handling req: VirtualMachine(1).AllThreads(4)
08:38:53.241 INFO: JdwpDebugServer: handling req: ThreadReference(11).ThreadGroup(5)
08:38:53.242 INFO: JdwpDebugServer: handling req: ThreadGroup(12).Name(1)
08:38:53.242 INFO: JdwpDebugServer: handling req: ThreadGroup(12).Parent(2)
08:38:53.242 INFO: JdwpDebugServer: handling req: ObjectReference(9).ReferenceType(1)
08:38:53.242 INFO: JdwpDebugServer: handling req: ReferenceType(2).FieldsWithGeneric(14)
08:38:53.243 INFO: JdwpDebugServer: handling req: ReferenceType(2).Interfaces(10)
08:38:53.243 INFO: JdwpDebugServer: handling req: ReferenceType(2).FieldsWithGeneric(14)
08:38:53.243 INFO: JdwpDebugServer: handling req: ReferenceType(2).Interfaces(10)
08:38:53.244 INFO: JdwpDebugServer: handling req: ClassType(3).Superclass(1)
08:38:53.244 INFO: JdwpDebugServer: handling req: ReferenceType(2).FieldsWithGeneric(14)
08:38:53.244 INFO: JdwpDebugServer: handling req: ReferenceType(2).Interfaces(10)
08:38:53.244 INFO: JdwpDebugServer: handling req: ClassType(3).Superclass(1)
08:38:53.245 INFO: JdwpDebugServer: handling req: ObjectReference(9).GetValues(2)
08:38:53.245 INFO: JdwpDebugServer: handling req: ThreadReference(11).Status(4)
08:38:53.246 INFO: JdwpDebugServer: handling req: ThreadReference(11).Status(4)
08:38:53.246 INFO: JdwpDebugServer: handling req: ThreadReference(11).ThreadGroup(5)
08:38:53.247 INFO: JdwpDebugServer: handling req: ObjectReference(9).ReferenceType(1)
08:38:53.247 INFO: JdwpDebugServer: handling req: ObjectReference(9).GetValues(2)
08:38:53.247 INFO: JdwpDebugServer: handling req: ThreadReference(11).Status(4)
08:38:53.248 INFO: JdwpDebugServer: handling req: ThreadReference(11).Status(4)
08:38:53.248 INFO: JdwpDebugServer: handling req: ThreadReference(11).ThreadGroup(5)
08:38:53.248 INFO: JdwpDebugServer: handling req: ObjectReference(9).ReferenceType(1)
08:38:53.249 INFO: JdwpDebugServer: handling req: ObjectReference(9).GetValues(2)
08:38:53.249 INFO: JdwpDebugServer: handling req: ThreadReference(11).Status(4)
08:38:53.249 INFO: JdwpDebugServer: handling req: ThreadReference(11).Status(4)
08:38:53.249 INFO: JdwpDebugServer: handling req: ThreadReference(11).ThreadGroup(5)
08:38:53.250 INFO: JdwpDebugServer: handling req: ObjectReference(9).ReferenceType(1)
08:38:53.250 INFO: JdwpDebugServer: handling req: ObjectReference(9).GetValues(2)
08:38:53.251 INFO: JdwpDebugServer: handling req: ThreadReference(11).Status(4)
08:38:53.251 INFO: JdwpDebugServer: handling req: ThreadReference(11).Status(4)
08:38:53.252 INFO: JdwpDebugServer: handling req: EventRequest(15).Set(1)
08:38:53.252 INFO: JdwpEventCenterDelegate: jdwpSetEventRequest: JdwpEventRequest{requestId=104, eventKind=CLASS_PREPARE, suspendPolicy=EVENT_THREAD, predicates=[className=com.abdalla.bushnaq.pluvia.engine.AudioManager]}
08:38:53.258 INFO: JdwpDebugServer: handling req: EventRequest(15).Set(1)
08:38:53.258 INFO: JdwpEventCenterDelegate: jdwpSetEventRequest: JdwpEventRequest{requestId=105, eventKind=CLASS_PREPARE, suspendPolicy=EVENT_THREAD, predicates=[className=com.abdalla.bushnaq.pluvia.engine.AudioManager$*]}
08:38:53.260 INFO: JdwpDebugServer: handling req: VirtualMachine(1).ClassesBySignature(2)
08:38:53.260 INFO: JdwpDebugServer: handling req: ReferenceType(2).MethodsWithGeneric(15)
08:38:53.260 INFO: JdwpDebugServer: handling req: Method(6).LineTable(1)
08:38:53.261 INFO: JdwpDebugServer: handling req: Method(6).LineTable(1)
08:38:53.262 INFO: JdwpDebugServer: handling req: Method(6).LineTable(1)
08:38:53.262 INFO: JdwpDebugServer: handling req: Method(6).LineTable(1)
08:38:53.262 INFO: JdwpDebugServer: handling req: VirtualMachine(1).ClassesBySignature(2)
08:38:53.262 INFO: JdwpDebugServer: handling req: VirtualMachine(1).AllClassesWithGeneric(20)
08:38:53.276 INFO: JdwpDebugServer: handling req: VirtualMachine(1).capabilitiesNew(17)
08:38:53.278 INFO: JdwpDebugServer: handling req: EventRequest(15).Set(1)
08:38:53.278 INFO: JdwpEventCenterDelegate: jdwpSetEventRequest: JdwpEventRequest{requestId=106, eventKind=CLASS_PREPARE, suspendPolicy=EVENT_THREAD, predicates=[className=java.lang.Error]}
08:38:53.281 INFO: JdwpDebugServer: handling req: EventRequest(15).Set(1)
08:38:53.281 INFO: JdwpEventCenterDelegate: jdwpSetEventRequest: JdwpEventRequest{requestId=107, eventKind=CLASS_PREPARE, suspendPolicy=EVENT_THREAD, predicates=[className=java.lang.Error$*]}
08:38:53.282 INFO: JdwpDebugServer: handling req: VirtualMachine(1).ClassesBySignature(2)
08:38:53.283 INFO: JdwpDebugServer: handling req: EventRequest(15).Set(1)
08:38:53.283 INFO: JdwpEventCenterDelegate: jdwpSetEventRequest: JdwpEventRequest{requestId=108, eventKind=EXCEPTION, suspendPolicy=EVENT_THREAD, predicates=[exceptionType=3425(caught=true, uncaught=true)]}
08:38:53.291 INFO: JdwpDebugServer: handling req: EventRequest(15).Set(1)
08:38:53.291 INFO: JdwpEventCenterDelegate: jdwpSetEventRequest: JdwpEventRequest{requestId=109, eventKind=CLASS_PREPARE, suspendPolicy=EVENT_THREAD, predicates=[className=java.lang.Throwable]}
08:38:53.293 INFO: JdwpDebugServer: handling req: EventRequest(15).Set(1)
08:38:53.293 INFO: JdwpEventCenterDelegate: jdwpSetEventRequest: JdwpEventRequest{requestId=110, eventKind=CLASS_PREPARE, suspendPolicy=EVENT_THREAD, predicates=[className=java.lang.Throwable$*]}
08:38:53.296 INFO: JdwpDebugServer: handling req: VirtualMachine(1).ClassesBySignature(2)
08:38:53.296 INFO: JdwpDebugServer: handling req: EventRequest(15).Set(1)
08:38:53.296 INFO: JdwpEventCenterDelegate: jdwpSetEventRequest: JdwpEventRequest{requestId=111, eventKind=EXCEPTION, suspendPolicy=EVENT_THREAD, predicates=[exceptionType=7695(caught=false, uncaught=true)]}
08:38:53.299 INFO: JdwpDebugServer: handling req: ThreadReference(11).SuspendCount(12)
08:38:53.299 INFO: JdwpDebugServer: handling req: ThreadReference(11).SuspendCount(12)
08:38:53.299 INFO: JdwpDebugServer: handling req: ThreadReference(11).SuspendCount(12)
08:38:53.299 INFO: JdwpDebugServer: handling req: ThreadReference(11).SuspendCount(12)
08:38:53.299 INFO: JdwpDebugServer: handling req: VirtualMachine(1).AllThreads(4)
08:38:53.299 INFO: JdwpDebugServer: handling req: VirtualMachine(1).Resume(9)
08:38:53.348 INFO: JdwpEventCenterDelegate: THREAD_RESUMED: thread (33, main, main)
08:38:53.348 INFO: JdwpEventCenterDelegate: THREAD_RESUMED: thread (33, main, main)
08:38:53.349 INFO: JdwpEventCenterDelegate: THREAD_RESUMED: thread (33, main, main)
08:38:53.349 INFO: JdwpEventCenterDelegate: THREAD_RESUMED: thread (33, main, main)
08:38:53.350 INFO: JdwpEventCenterDelegate: THREAD_RESUMED: thread (33, main, main)
08:38:53.350 INFO: JdwpEventCenterDelegate: THREAD_RESUMED: thread (33, main, main)
08:38:53.351 INFO: JdwpEventCenterDelegate: THREAD_RESUMED: thread (33, main, main)
08:38:53.353 INFO: JdwpEventCenterDelegate: THREAD_RESUMED: thread (33, main, main)
08:38:53.354 INFO: JdwpEventCenterDelegate: THREAD_RESUMED: thread (33, main, main)
08:38:53.354 INFO: JdwpEventCenterDelegate: THREAD_RESUMED: thread (33, main, main)
08:38:53.355 INFO: JdwpEventCenterDelegate: THREAD_RESUMED: thread (33, main, main)
08:38:53.361 INFO: JdwpEventCenterDelegate: THREAD_RESUMED: thread (33, main, main)
08:38:53.361 INFO: JdwpEventCenterDelegate: THREAD_RESUMED: thread (33, main, main)
08:38:53.362 INFO: JdwpEventCenterDelegate: THREAD_RESUMED: thread (33, main, main)
08:38:53.423 INFO: JdwpEventCenterDelegate: THREAD_RESUMED: thread (33, main, main)
08:38:53.424 INFO: JdwpEventCenterDelegate: THREAD_RESUMED: thread (33, main, main)
08:38:53.425 INFO: JdwpEventCenterDelegate: THREAD_RESUMED: thread (33, main, main)
08:38:53.432 INFO: JdwpEventCenterDelegate: THREAD_RESUMED: thread (33, main, main)
08:38:53.433 INFO: JdwpEventCenterDelegate: THREAD_RESUMED: thread (33, main, main)
08:38:53.433 INFO: JdwpEventCenterDelegate: THREAD_RESUMED: thread (33, main, main)
08:38:53.679 INFO: JdwpEventCenterDelegate: THREAD_RESUMED: thread (33, main, main)
08:38:53.680 INFO: JdwpEventCenterDelegate: THREAD_RESUMED: thread (33, main, main)
08:38:53.681 INFO: JdwpEventCenterDelegate: THREAD_RESUMED: thread (33, main, main)
08:38:53.743 INFO: JdwpEventCenterDelegate: THREAD_RESUMED: thread (33, main, main)
08:38:53.743 INFO: JdwpEventCenterDelegate: THREAD_RESUMED: thread (33, main, main)
08:38:53.744 INFO: JdwpEventCenterDelegate: THREAD_RESUMED: thread (33, main, main)
08:38:53.768 INFO: JdwpEventCenterDelegate: THREAD_RESUMED: thread (33, main, main)
08:38:53.769 INFO: JdwpEventCenterDelegate: THREAD_RESUMED: thread (33, main, main)
08:38:53.770 INFO: JdwpEventCenterDelegate: THREAD_RESUMED: thread (33, main, main)
08:38:53.792 INFO: JdwpEventCenterDelegate: THREAD_RESUMED: thread (33, main, main)
08:38:53.792 INFO: JdwpEventCenterDelegate: THREAD_RESUMED: thread (33, main, main)
08:38:53.793 INFO: JdwpEventCenterDelegate: THREAD_RESUMED: thread (33, main, main)
08:38:53.794 INFO: JdwpEventCenterDelegate: THREAD_RESUMED: thread (33, main, main)
08:38:53.800 INFO: JdwpEventCenterDelegate: THREAD_RESUMED: thread (33, main, main)
08:38:53.801 INFO: JdwpEventCenterDelegate: THREAD_RESUMED: thread (33, main, main)
08:38:54.324 INFO: JdwpEventCenterDelegate: THREAD_RESUMED: thread (33, main, main)
08:38:54.324 INFO: JdwpEventCenterDelegate: THREAD_RESUMED: thread (33, main, main)
08:38:54.343 INFO: JdwpEventCenterDelegate: THREAD_RESUMED: thread (33, main, main)
08:38:54.344 INFO: JdwpEventCenterDelegate: THREAD_RESUMED: thread (33, main, main)
08:38:54.345 INFO: JdwpEventCenterDelegate: THREAD_RESUMED: thread (33, main, main)
08:38:54.346 INFO: JdwpEventCenterDelegate: THREAD_RESUMED: thread (33, main, main)
08:38:54.414 INFO: JdwpEventCenterDelegate: THREAD_RESUMED: thread (33, main, main)
08:38:54.785 INFO: JdwpEventCenterDelegate: THREAD_RESUMED: thread (33, main, main)
08:38:54.786 INFO: JdwpEventCenterDelegate: THREAD_RESUMED: thread (33, main, main)
08:38:54.787 INFO: JdwpEventCenterDelegate: THREAD_RESUMED: thread (33, main, main)
08:38:54.788 INFO: JdwpEventCenterDelegate: THREAD_RESUMED: thread (33, main, main)
08:38:54.788 INFO: JdwpEventCenterDelegate: THREAD_RESUMED: thread (33, main, main)
08:38:54.789 INFO: JdwpEventCenterDelegate: THREAD_RESUMED: thread (33, main, main)
08:38:54.845 INFO: JdwpEventCenterDelegate: THREAD_RESUMED: thread (33, main, main)
08:38:54.847 INFO: JdwpEventCenterDelegate: THREAD_RESUMED: thread (33, main, main)
08:38:54.849 INFO: JdwpEventCenterDelegate: THREAD_RESUMED: thread (33, main, main)
08:38:54.850 INFO: JdwpEventCenterDelegate: THREAD_RESUMED: thread (33, main, main)
08:38:54.851 INFO: JdwpEventCenterDelegate: THREAD_RESUMED: thread (33, main, main)
08:38:54.853 INFO: JdwpEventCenterDelegate: THREAD_RESUMED: thread (33, main, main)
08:38:54.855 INFO: JdwpEventCenterDelegate: THREAD_RESUMED: thread (33, main, main)
08:38:54.872 INFO: JdwpEventCenterDelegate: THREAD_RESUMED: thread (33, main, main)
08:38:54.887 INFO: JdwpEventCenterDelegate: THREAD_RESUMED: thread (33, main, main)
08:38:54.899 INFO: JdwpEventCenterDelegate: THREAD_RESUMED: thread (33, main, main)
08:38:54.910 INFO: JdwpEventCenterDelegate: THREAD_RESUMED: thread (33, main, main)
08:38:54.928 INFO: JdwpEventCenterDelegate: THREAD_RESUMED: thread (33, main, main)
08:38:54.947 INFO: JdwpEventCenterDelegate: THREAD_RESUMED: thread (33, main, main)
08:38:54.953 INFO: JdwpEventCenterDelegate: THREAD_RESUMED: thread (33, main, main)
08:38:54.958 INFO: JdwpEventCenterDelegate: THREAD_RESUMED: thread (33, main, main)
08:38:54.963 INFO: JdwpEventCenterDelegate: THREAD_RESUMED: thread (33, main, main)
08:38:54.967 INFO: JdwpEventCenterDelegate: THREAD_RESUMED: thread (33, main, main)
08:38:54.973 INFO: JdwpEventCenterDelegate: THREAD_RESUMED: thread (33, main, main)
08:38:54.980 INFO: JdwpEventCenterDelegate: THREAD_RESUMED: thread (33, main, main)
08:38:54.985 INFO: JdwpEventCenterDelegate: THREAD_RESUMED: thread (33, main, main)
08:38:54.990 INFO: JdwpEventCenterDelegate: THREAD_RESUMED: thread (33, main, main)
08:38:54.995 INFO: JdwpEventCenterDelegate: THREAD_RESUMED: thread (33, main, main)
08:38:54.999 INFO: JdwpEventCenterDelegate: THREAD_RESUMED: thread (33, main, main)
08:38:55.007 INFO: JdwpEventCenterDelegate: THREAD_RESUMED: thread (33, main, main)
08:38:55.012 INFO: JdwpEventCenterDelegate: THREAD_RESUMED: thread (33, main, main)
08:38:55.014 INFO: JdwpEventCenterDelegate: THREAD_RESUMED: thread (33, main, main)
08:38:55.016 INFO: JdwpEventCenterDelegate: THREAD_RESUMED: thread (33, main, main)
08:38:55.018 INFO: JdwpEventCenterDelegate: THREAD_RESUMED: thread (33, main, main)
08:38:55.019 INFO: JdwpEventCenterDelegate: THREAD_RESUMED: thread (33, main, main)
08:38:55.021 INFO: JdwpEventCenterDelegate: THREAD_RESUMED: thread (33, main, main)
08:38:55.023 INFO: JdwpEventCenterDelegate: THREAD_RESUMED: thread (33, main, main)
08:38:55.024 INFO: JdwpEventCenterDelegate: THREAD_RESUMED: thread (33, main, main)
08:38:55.026 INFO: JdwpEventCenterDelegate: THREAD_RESUMED: thread (33, main, main)
08:38:55.027 INFO: JdwpEventCenterDelegate: THREAD_RESUMED: thread (33, main, main)
08:38:55.028 INFO: JdwpEventCenterDelegate: THREAD_RESUMED: thread (33, main, main)
08:38:55.029 INFO: JdwpEventCenterDelegate: THREAD_RESUMED: thread (33, main, main)
08:38:55.031 INFO: JdwpEventCenterDelegate: THREAD_RESUMED: thread (33, main, main)
08:38:55.032 INFO: JdwpEventCenterDelegate: THREAD_RESUMED: thread (33, main, main)
08:38:55.033 INFO: JdwpEventCenterDelegate: THREAD_RESUMED: thread (33, main, main)
08:38:55.034 INFO: JdwpEventCenterDelegate: THREAD_RESUMED: thread (33, main, main)
08:38:55.035 INFO: JdwpEventCenterDelegate: THREAD_RESUMED: thread (33, main, main)
08:38:55.036 INFO: JdwpEventCenterDelegate: THREAD_RESUMED: thread (33, main, main)
08:38:55.048 INFO: JdwpEventCenterDelegate: THREAD_RESUMED: thread (33, main, main)
08:38:55.048 INFO: JdwpEventCenterDelegate: THREAD_RESUMED: thread (33, main, main)
08:38:55.049 INFO: JdwpEventCenterDelegate: THREAD_RESUMED: thread (33, main, main)
08:38:55.050 INFO: JdwpEventCenterDelegate: THREAD_RESUMED: thread (33, main, main)
08:38:55.051 INFO: JdwpEventCenterDelegate: THREAD_RESUMED: thread (33, main, main)
08:38:55.053 INFO: JdwpEventCenterDelegate: THREAD_RESUMED: thread (33, main, main)
08:38:55.054 INFO: JdwpEventCenterDelegate: THREAD_RESUMED: thread (33, main, main)
08:38:55.055 INFO: JdwpEventCenterDelegate: THREAD_RESUMED: thread (33, main, main)
08:38:55.056 INFO: JdwpEventCenterDelegate: THREAD_RESUMED: thread (33, main, main)
08:38:55.057 INFO: JdwpEventCenterDelegate: THREAD_RESUMED: thread (33, main, main)
08:38:55.058 INFO: JdwpEventCenterDelegate: THREAD_RESUMED: thread (33, main, main)
08:38:55.059 INFO: JdwpEventCenterDelegate: THREAD_RESUMED: thread (33, main, main)
08:38:55.060 INFO: JdwpEventCenterDelegate: THREAD_RESUMED: thread (33, main, main)
08:38:55.062 INFO: JdwpEventCenterDelegate: THREAD_RESUMED: thread (33, main, main)
08:38:55.063 INFO: JdwpEventCenterDelegate: THREAD_RESUMED: thread (33, main, main)
08:38:55.064 INFO: JdwpEventCenterDelegate: THREAD_RESUMED: thread (33, main, main)
08:38:55.065 INFO: JdwpEventCenterDelegate: THREAD_RESUMED: thread (33, main, main)
08:38:55.066 INFO: JdwpEventCenterDelegate: THREAD_RESUMED: thread (33, main, main)
08:38:55.067 INFO: JdwpEventCenterDelegate: THREAD_RESUMED: thread (33, main, main)
08:38:55.068 INFO: JdwpEventCenterDelegate: THREAD_RESUMED: thread (33, main, main)
08:38:55.069 INFO: JdwpEventCenterDelegate: THREAD_RESUMED: thread (33, main, main)
08:38:55.070 INFO: JdwpEventCenterDelegate: THREAD_RESUMED: thread (33, main, main)
08:38:55.071 INFO: JdwpEventCenterDelegate: THREAD_RESUMED: thread (33, main, main)
08:38:55.072 INFO: JdwpEventCenterDelegate: THREAD_RESUMED: thread (33, main, main)
08:38:55.073 INFO: JdwpEventCenterDelegate: THREAD_RESUMED: thread (33, main, main)
08:38:55.074 INFO: JdwpEventCenterDelegate: THREAD_RESUMED: thread (33, main, main)
08:38:55.075 INFO: JdwpEventCenterDelegate: THREAD_RESUMED: thread (33, main, main)
08:38:55.076 INFO: JdwpEventCenterDelegate: THREAD_RESUMED: thread (33, main, main)
08:38:55.077 INFO: JdwpEventCenterDelegate: THREAD_RESUMED: thread (33, main, main)
08:38:55.078 INFO: JdwpEventCenterDelegate: THREAD_RESUMED: thread (33, main, main)
08:38:55.080 INFO: JdwpEventCenterDelegate: THREAD_RESUMED: thread (33, main, main)
08:38:55.081 INFO: JdwpEventCenterDelegate: THREAD_RESUMED: thread (33, main, main)
08:38:55.082 INFO: JdwpEventCenterDelegate: THREAD_RESUMED: thread (33, main, main)
08:38:55.083 INFO: JdwpEventCenterDelegate: THREAD_RESUMED: thread (33, main, main)
08:38:55.084 INFO: JdwpEventCenterDelegate: THREAD_RESUMED: thread (33, main, main)
08:38:55.085 INFO: JdwpEventCenterDelegate: THREAD_RESUMED: thread (33, main, main)
08:38:55.333 INFO: JdwpDebugServer: handling req: ThreadReference(11).Resume(3)
08:38:55.334 INFO: JdwpEventCenterDelegate: THREAD_RESUMED: thread (33, main, main)
08:38:55.424 INFO: JdwpEventCenterDelegate: THREAD_RESUMED: thread (33, main, main)
08:38:55.450 INFO: JdwpEventCenterDelegate: THREAD_RESUMED: thread (33, main, main)
08:38:55.452 INFO: JdwpEventCenterDelegate: THREAD_RESUMED: thread (33, main, main)
08:38:55.452 INFO: JdwpEventCenterDelegate: THREAD_RESUMED: thread (33, main, main)
08:38:55.677 INFO: JdwpEventCenterDelegate: THREAD_RESUMED: thread (33, main, main)
08:38:55.678 INFO: JdwpEventCenterDelegate: THREAD_RESUMED: thread (33, main, main)
08:38:55.718 INFO: JdwpEventCenterDelegate: THREAD_RESUMED: thread (33, main, main)
08:38:55.718 INFO: JdwpEventCenterDelegate: THREAD_RESUMED: thread (33, main, main)
08:38:55.740 INFO: JdwpEventCenterDelegate: THREAD_RESUMED: thread (33, main, main)
08:38:55.741 INFO: JdwpEventCenterDelegate: THREAD_RESUMED: thread (33, main, main)
08:38:55.742 INFO: JdwpEventCenterDelegate: THREAD_RESUMED: thread (33, main, main)
08:38:55.743 INFO: JdwpEventCenterDelegate: THREAD_RESUMED: thread (33, main, main)
08:38:55.744 INFO: JdwpEventCenterDelegate: THREAD_RESUMED: thread (33, main, main)
08:38:55.745 INFO: JdwpEventCenterDelegate: THREAD_RESUMED: thread (33, main, main)
08:39:09.401 SEVERE: Debugger: Thread HooksChannel socket thread crashed
org.robovm.debugger.DebuggerException: java.nio.BufferUnderflowException
	at org.robovm.debugger.hooks.HooksChannel.doSocketWork(HooksChannel.java:149)
	at java.base/java.lang.Thread.run(Thread.java:833)
	at org.robovm.debugger.utils.DebuggerThread.run(DebuggerThread.java:42)
Caused by: java.nio.BufferUnderflowException
	at org.robovm.debugger.utils.bytebuffer.DataBufferWriter.writeFromStream(DataBufferWriter.java:91)
	at org.robovm.debugger.hooks.HooksChannel.doSocketWork(HooksChannel.java:116)
	... 2 more
08:39:09.913 SEVERE: Debugger: Thread JDWP server socket thread crashed
org.robovm.debugger.DebuggerException: java.net.SocketException: Socket closed
	at org.robovm.debugger.jdwp.JdwpDebugServer.doSocketWork(JdwpDebugServer.java:215)
	at java.base/java.lang.Thread.run(Thread.java:833)
	at org.robovm.debugger.utils.DebuggerThread.run(DebuggerThread.java:42)
Caused by: java.net.SocketException: Socket closed
	at java.base/sun.nio.ch.NioSocketImpl.endRead(NioSocketImpl.java:248)
	at java.base/sun.nio.ch.NioSocketImpl.implRead(NioSocketImpl.java:327)
	at java.base/sun.nio.ch.NioSocketImpl.read(NioSocketImpl.java:350)
	at java.base/sun.nio.ch.NioSocketImpl$1.read(NioSocketImpl.java:803)
	at java.base/java.net.Socket$SocketInputStream.read(Socket.java:966)
	at org.robovm.debugger.utils.bytebuffer.DataBufferWriter.writeFromStream(DataBufferWriter.java:89)
	at org.robovm.debugger.jdwp.protocol.JdwpRequestHeader.readFromStream(JdwpRequestHeader.java:36)
	at org.robovm.debugger.jdwp.JdwpDebugServer.doSocketWork(JdwpDebugServer.java:185)
	... 2 more
