11:31:50.196 INFO: JdwpEventCenterDelegate: THREAD_STARTED: thread (33, main, main)
11:31:50.291 INFO: JdwpEventCenterDelegate: THREAD_STARTED: thread (48, ReferenceQueueDaemon, main)
11:31:50.291 INFO: JdwpEventCenterDelegate: THREAD_STARTED: thread (63, FinalizerDaemon, main)
11:31:50.292 INFO: JdwpEventCenterDelegate: THREAD_STARTED: thread (78, FinalizerWatchdogDaemon, main)
11:31:52.510 INFO: JdwpDebugServer: handling req: VirtualMachine(1).IDSizes(7)
11:31:52.514 INFO: JdwpDebugServer: handling req: EventRequest(15).Set(1)
11:31:52.514 INFO: JdwpEventCenterDelegate: jdwpSetEventRequest: JdwpEventRequest{requestId=100, eventKind=CLASS_UNLOAD, suspendPolicy=NONE, predicates=[]}
11:31:52.515 INFO: JdwpDebugServer: handling req: EventRequest(15).Set(1)
11:31:52.515 INFO: JdwpEventCenterDelegate: jdwpSetEventRequest: JdwpEventRequest{requestId=101, eventKind=THREAD_START, suspendPolicy=NONE, predicates=[]}
11:31:52.516 INFO: JdwpDebugServer: handling req: VirtualMachine(1).ClassesBySignature(2)
11:31:52.519 INFO: JdwpDebugServer: handling req: VirtualMachine(1).Version(1)
11:31:52.523 INFO: JdwpDebugServer: handling req: ReferenceType(2).MethodsWithGeneric(15)
11:31:52.526 INFO: JdwpDebugServer: handling req: Method(6).LineTable(1)
11:31:52.528 INFO: JdwpDebugServer: handling req: EventRequest(15).Set(1)
11:31:52.528 INFO: JdwpEventCenterDelegate: jdwpSetEventRequest: JdwpEventRequest{requestId=102, eventKind=BREAKPOINT, suspendPolicy=NONE, predicates=[Location{classId=845, methodId=257, index=928} ]}
11:31:52.529 INFO: JdwpDebugServer: handling req: EventRequest(15).Set(1)
11:31:52.529 INFO: JdwpEventCenterDelegate: jdwpSetEventRequest: JdwpEventRequest{requestId=103, eventKind=THREAD_DEATH, suspendPolicy=NONE, predicates=[]}
11:31:52.529 INFO: JdwpDebugServer: handling req: VirtualMachine(1).AllThreads(4)
11:31:52.530 INFO: JdwpDebugServer: handling req: ThreadReference(11).ThreadGroup(5)
11:31:52.531 INFO: JdwpDebugServer: handling req: ThreadGroup(12).Name(1)
11:31:52.531 INFO: JdwpDebugServer: handling req: ThreadGroup(12).Parent(2)
11:31:52.532 INFO: JdwpDebugServer: handling req: ObjectReference(9).ReferenceType(1)
11:31:52.532 INFO: JdwpDebugServer: handling req: ReferenceType(2).FieldsWithGeneric(14)
11:31:52.533 INFO: JdwpDebugServer: handling req: ReferenceType(2).Interfaces(10)
11:31:52.534 INFO: JdwpDebugServer: handling req: ReferenceType(2).FieldsWithGeneric(14)
11:31:52.534 INFO: JdwpDebugServer: handling req: ReferenceType(2).Interfaces(10)
11:31:52.535 INFO: JdwpDebugServer: handling req: ClassType(3).Superclass(1)
11:31:52.535 INFO: JdwpDebugServer: handling req: ReferenceType(2).FieldsWithGeneric(14)
11:31:52.536 INFO: JdwpDebugServer: handling req: ReferenceType(2).Interfaces(10)
11:31:52.536 INFO: JdwpDebugServer: handling req: ClassType(3).Superclass(1)
11:31:52.537 INFO: JdwpDebugServer: handling req: ObjectReference(9).GetValues(2)
11:31:52.539 INFO: JdwpDebugServer: handling req: ThreadReference(11).Status(4)
11:31:52.539 INFO: JdwpDebugServer: handling req: ThreadReference(11).Status(4)
11:31:52.539 INFO: JdwpDebugServer: handling req: ThreadReference(11).ThreadGroup(5)
11:31:52.540 INFO: JdwpDebugServer: handling req: ObjectReference(9).ReferenceType(1)
11:31:52.541 INFO: JdwpDebugServer: handling req: ObjectReference(9).GetValues(2)
11:31:52.541 INFO: JdwpDebugServer: handling req: ThreadReference(11).Status(4)
11:31:52.542 INFO: JdwpDebugServer: handling req: ThreadReference(11).Status(4)
11:31:52.542 INFO: JdwpDebugServer: handling req: ThreadReference(11).ThreadGroup(5)
11:31:52.542 INFO: JdwpDebugServer: handling req: ObjectReference(9).ReferenceType(1)
11:31:52.542 INFO: JdwpDebugServer: handling req: ObjectReference(9).GetValues(2)
11:31:52.543 INFO: JdwpDebugServer: handling req: ThreadReference(11).Status(4)
11:31:52.543 INFO: JdwpDebugServer: handling req: ThreadReference(11).Status(4)
11:31:52.543 INFO: JdwpDebugServer: handling req: ThreadReference(11).ThreadGroup(5)
11:31:52.543 INFO: JdwpDebugServer: handling req: ObjectReference(9).ReferenceType(1)
11:31:52.543 INFO: JdwpDebugServer: handling req: ObjectReference(9).GetValues(2)
11:31:52.544 INFO: JdwpDebugServer: handling req: ThreadReference(11).Status(4)
11:31:52.544 INFO: JdwpDebugServer: handling req: ThreadReference(11).Status(4)
11:31:52.545 INFO: JdwpDebugServer: handling req: EventRequest(15).Set(1)
11:31:52.545 INFO: JdwpEventCenterDelegate: jdwpSetEventRequest: JdwpEventRequest{requestId=104, eventKind=CLASS_PREPARE, suspendPolicy=EVENT_THREAD, predicates=[className=com.abdalla.bushnaq.pluvia.engine.AudioManager]}
11:31:52.550 INFO: JdwpDebugServer: handling req: EventRequest(15).Set(1)
11:31:52.550 INFO: JdwpEventCenterDelegate: jdwpSetEventRequest: JdwpEventRequest{requestId=105, eventKind=CLASS_PREPARE, suspendPolicy=EVENT_THREAD, predicates=[className=com.abdalla.bushnaq.pluvia.engine.AudioManager$*]}
11:31:52.552 INFO: JdwpDebugServer: handling req: VirtualMachine(1).ClassesBySignature(2)
11:31:52.552 INFO: JdwpDebugServer: handling req: ReferenceType(2).MethodsWithGeneric(15)
11:31:52.553 INFO: JdwpDebugServer: handling req: Method(6).LineTable(1)
11:31:52.553 INFO: JdwpDebugServer: handling req: Method(6).LineTable(1)
11:31:52.554 INFO: JdwpDebugServer: handling req: Method(6).LineTable(1)
11:31:52.554 INFO: JdwpDebugServer: handling req: Method(6).LineTable(1)
11:31:52.554 INFO: JdwpDebugServer: handling req: VirtualMachine(1).ClassesBySignature(2)
11:31:52.555 INFO: JdwpDebugServer: handling req: VirtualMachine(1).AllClassesWithGeneric(20)
11:31:52.569 INFO: JdwpDebugServer: handling req: EventRequest(15).Set(1)
11:31:52.569 INFO: JdwpEventCenterDelegate: jdwpSetEventRequest: JdwpEventRequest{requestId=106, eventKind=CLASS_PREPARE, suspendPolicy=EVENT_THREAD, predicates=[className=com.badlogic.gdx.graphics.g3d.utils.BaseShaderProvider]}
11:31:52.570 INFO: JdwpDebugServer: handling req: EventRequest(15).Set(1)
11:31:52.570 INFO: JdwpEventCenterDelegate: jdwpSetEventRequest: JdwpEventRequest{requestId=107, eventKind=CLASS_PREPARE, suspendPolicy=EVENT_THREAD, predicates=[className=com.badlogic.gdx.graphics.g3d.utils.BaseShaderProvider$*]}
11:31:52.571 INFO: JdwpDebugServer: handling req: VirtualMachine(1).ClassesBySignature(2)
11:31:52.571 INFO: JdwpDebugServer: handling req: ReferenceType(2).MethodsWithGeneric(15)
11:31:52.571 INFO: JdwpDebugServer: handling req: Method(6).LineTable(1)
11:31:52.571 INFO: JdwpDebugServer: handling req: Method(6).LineTable(1)
11:31:52.572 INFO: JdwpDebugServer: handling req: Method(6).LineTable(1)
11:31:52.573 INFO: JdwpDebugServer: handling req: VirtualMachine(1).capabilitiesNew(17)
11:31:52.579 INFO: JdwpDebugServer: handling req: EventRequest(15).Set(1)
11:31:52.579 INFO: JdwpEventCenterDelegate: jdwpSetEventRequest: JdwpEventRequest{requestId=108, eventKind=CLASS_PREPARE, suspendPolicy=EVENT_THREAD, predicates=[className=java.lang.Error]}
11:31:52.581 INFO: JdwpDebugServer: handling req: EventRequest(15).Set(1)
11:31:52.581 INFO: JdwpEventCenterDelegate: jdwpSetEventRequest: JdwpEventRequest{requestId=109, eventKind=CLASS_PREPARE, suspendPolicy=EVENT_THREAD, predicates=[className=java.lang.Error$*]}
11:31:52.582 INFO: JdwpDebugServer: handling req: VirtualMachine(1).ClassesBySignature(2)
11:31:52.583 INFO: JdwpDebugServer: handling req: EventRequest(15).Set(1)
11:31:52.584 INFO: JdwpEventCenterDelegate: jdwpSetEventRequest: JdwpEventRequest{requestId=110, eventKind=EXCEPTION, suspendPolicy=EVENT_THREAD, predicates=[exceptionType=3425(caught=true, uncaught=true)]}
11:31:52.591 INFO: JdwpDebugServer: handling req: EventRequest(15).Set(1)
11:31:52.592 INFO: JdwpEventCenterDelegate: jdwpSetEventRequest: JdwpEventRequest{requestId=111, eventKind=CLASS_PREPARE, suspendPolicy=EVENT_THREAD, predicates=[className=java.lang.Throwable]}
11:31:52.593 INFO: JdwpDebugServer: handling req: EventRequest(15).Set(1)
11:31:52.593 INFO: JdwpEventCenterDelegate: jdwpSetEventRequest: JdwpEventRequest{requestId=112, eventKind=CLASS_PREPARE, suspendPolicy=EVENT_THREAD, predicates=[className=java.lang.Throwable$*]}
11:31:52.594 INFO: JdwpDebugServer: handling req: VirtualMachine(1).ClassesBySignature(2)
11:31:52.594 INFO: JdwpDebugServer: handling req: EventRequest(15).Set(1)
11:31:52.594 INFO: JdwpEventCenterDelegate: jdwpSetEventRequest: JdwpEventRequest{requestId=113, eventKind=EXCEPTION, suspendPolicy=EVENT_THREAD, predicates=[exceptionType=7695(caught=false, uncaught=true)]}
11:31:52.598 INFO: JdwpDebugServer: handling req: ThreadReference(11).SuspendCount(12)
11:31:52.598 INFO: JdwpDebugServer: handling req: ThreadReference(11).SuspendCount(12)
11:31:52.598 INFO: JdwpDebugServer: handling req: ThreadReference(11).SuspendCount(12)
11:31:52.598 INFO: JdwpDebugServer: handling req: ThreadReference(11).SuspendCount(12)
11:31:52.599 INFO: JdwpDebugServer: handling req: VirtualMachine(1).AllThreads(4)
11:31:52.599 INFO: JdwpDebugServer: handling req: VirtualMachine(1).Resume(9)
11:31:52.671 INFO: JdwpEventCenterDelegate: THREAD_RESUMED: thread (33, main, main)
11:31:52.672 INFO: JdwpEventCenterDelegate: THREAD_RESUMED: thread (33, main, main)
11:31:52.672 INFO: JdwpEventCenterDelegate: THREAD_RESUMED: thread (33, main, main)
11:31:52.673 INFO: JdwpEventCenterDelegate: THREAD_RESUMED: thread (33, main, main)
11:31:52.673 INFO: JdwpEventCenterDelegate: THREAD_RESUMED: thread (33, main, main)
11:31:52.674 INFO: JdwpEventCenterDelegate: THREAD_RESUMED: thread (33, main, main)
11:31:52.674 INFO: JdwpEventCenterDelegate: THREAD_RESUMED: thread (33, main, main)
11:31:52.676 INFO: JdwpEventCenterDelegate: THREAD_RESUMED: thread (33, main, main)
11:31:52.676 INFO: JdwpEventCenterDelegate: THREAD_RESUMED: thread (33, main, main)
11:31:52.677 INFO: JdwpEventCenterDelegate: THREAD_RESUMED: thread (33, main, main)
11:31:52.677 INFO: JdwpEventCenterDelegate: THREAD_RESUMED: thread (33, main, main)
11:31:52.682 INFO: JdwpEventCenterDelegate: THREAD_RESUMED: thread (33, main, main)
11:31:52.682 INFO: JdwpEventCenterDelegate: THREAD_RESUMED: thread (33, main, main)
11:31:52.683 INFO: JdwpEventCenterDelegate: THREAD_RESUMED: thread (33, main, main)
11:31:52.743 INFO: JdwpEventCenterDelegate: THREAD_RESUMED: thread (33, main, main)
11:31:52.744 INFO: JdwpEventCenterDelegate: THREAD_RESUMED: thread (33, main, main)
11:31:52.744 INFO: JdwpEventCenterDelegate: THREAD_RESUMED: thread (33, main, main)
11:31:52.751 INFO: JdwpEventCenterDelegate: THREAD_RESUMED: thread (33, main, main)
11:31:52.752 INFO: JdwpEventCenterDelegate: THREAD_RESUMED: thread (33, main, main)
11:31:52.752 INFO: JdwpEventCenterDelegate: THREAD_RESUMED: thread (33, main, main)
11:31:53.003 INFO: JdwpEventCenterDelegate: THREAD_RESUMED: thread (33, main, main)
11:31:53.003 INFO: JdwpEventCenterDelegate: THREAD_RESUMED: thread (33, main, main)
11:31:53.004 INFO: JdwpEventCenterDelegate: THREAD_RESUMED: thread (33, main, main)
11:31:53.062 INFO: JdwpEventCenterDelegate: THREAD_RESUMED: thread (33, main, main)
11:31:53.063 INFO: JdwpEventCenterDelegate: THREAD_RESUMED: thread (33, main, main)
11:31:53.064 INFO: JdwpEventCenterDelegate: THREAD_RESUMED: thread (33, main, main)
11:31:53.090 INFO: JdwpEventCenterDelegate: THREAD_RESUMED: thread (33, main, main)
11:31:53.090 INFO: JdwpEventCenterDelegate: THREAD_RESUMED: thread (33, main, main)
11:31:53.091 INFO: JdwpEventCenterDelegate: THREAD_RESUMED: thread (33, main, main)
11:31:53.113 INFO: JdwpEventCenterDelegate: THREAD_RESUMED: thread (33, main, main)
11:31:53.114 INFO: JdwpEventCenterDelegate: THREAD_RESUMED: thread (33, main, main)
11:31:53.114 INFO: JdwpEventCenterDelegate: THREAD_RESUMED: thread (33, main, main)
11:31:53.115 INFO: JdwpEventCenterDelegate: THREAD_RESUMED: thread (33, main, main)
11:31:53.122 INFO: JdwpEventCenterDelegate: THREAD_RESUMED: thread (33, main, main)
11:31:53.122 INFO: JdwpEventCenterDelegate: THREAD_RESUMED: thread (33, main, main)
11:31:53.148 INFO: JdwpDebugServer: handling req: ThreadReference(11).Name(1)
11:31:53.150 INFO: JdwpDebugServer: handling req: ThreadReference(11).Name(1)
11:31:53.153 INFO: JdwpDebugServer: handling req: ThreadReference(11).Name(1)
11:31:53.154 INFO: JdwpDebugServer: handling req: ThreadReference(11).Name(1)
11:31:53.704 INFO: JdwpEventCenterDelegate: THREAD_RESUMED: thread (33, main, main)
11:31:53.704 INFO: JdwpEventCenterDelegate: THREAD_RESUMED: thread (33, main, main)
11:31:53.722 INFO: JdwpEventCenterDelegate: THREAD_RESUMED: thread (33, main, main)
11:31:53.723 INFO: JdwpEventCenterDelegate: THREAD_RESUMED: thread (33, main, main)
11:31:53.724 INFO: JdwpEventCenterDelegate: THREAD_RESUMED: thread (33, main, main)
11:31:53.725 INFO: JdwpEventCenterDelegate: THREAD_RESUMED: thread (33, main, main)
11:31:53.799 INFO: JdwpEventCenterDelegate: THREAD_RESUMED: thread (33, main, main)
11:31:54.203 INFO: JdwpDebugServer: handling req: ThreadReference(11).Resume(3)
11:31:54.207 INFO: JdwpEventCenterDelegate: THREAD_RESUMED: thread (33, main, main)
11:31:54.216 INFO: JdwpEventCenterDelegate: THREAD_RESUMED: thread (33, main, main)
11:31:54.216 INFO: JdwpEventCenterDelegate: THREAD_RESUMED: thread (33, main, main)
11:31:54.217 INFO: JdwpEventCenterDelegate: THREAD_RESUMED: thread (33, main, main)
11:31:54.218 INFO: JdwpEventCenterDelegate: THREAD_RESUMED: thread (33, main, main)
11:31:54.219 INFO: JdwpEventCenterDelegate: THREAD_RESUMED: thread (33, main, main)
11:31:54.220 INFO: JdwpEventCenterDelegate: THREAD_RESUMED: thread (33, main, main)
11:31:54.279 INFO: JdwpEventCenterDelegate: THREAD_RESUMED: thread (33, main, main)
11:31:54.282 INFO: JdwpEventCenterDelegate: THREAD_RESUMED: thread (33, main, main)
11:31:54.283 INFO: JdwpEventCenterDelegate: THREAD_RESUMED: thread (33, main, main)
11:31:54.284 INFO: JdwpEventCenterDelegate: THREAD_RESUMED: thread (33, main, main)
11:31:54.286 INFO: JdwpEventCenterDelegate: THREAD_RESUMED: thread (33, main, main)
11:31:54.287 INFO: JdwpEventCenterDelegate: THREAD_RESUMED: thread (33, main, main)
11:31:54.289 INFO: JdwpEventCenterDelegate: THREAD_RESUMED: thread (33, main, main)
11:31:54.307 INFO: JdwpEventCenterDelegate: THREAD_RESUMED: thread (33, main, main)
11:31:54.322 INFO: JdwpEventCenterDelegate: THREAD_RESUMED: thread (33, main, main)
11:31:54.335 INFO: JdwpEventCenterDelegate: THREAD_RESUMED: thread (33, main, main)
11:31:54.346 INFO: JdwpEventCenterDelegate: THREAD_RESUMED: thread (33, main, main)
11:31:54.361 INFO: JdwpEventCenterDelegate: THREAD_RESUMED: thread (33, main, main)
11:31:54.379 INFO: JdwpEventCenterDelegate: THREAD_RESUMED: thread (33, main, main)
11:31:54.385 INFO: JdwpEventCenterDelegate: THREAD_RESUMED: thread (33, main, main)
11:31:54.391 INFO: JdwpEventCenterDelegate: THREAD_RESUMED: thread (33, main, main)
11:31:54.395 INFO: JdwpEventCenterDelegate: THREAD_RESUMED: thread (33, main, main)
11:31:54.400 INFO: JdwpEventCenterDelegate: THREAD_RESUMED: thread (33, main, main)
11:31:54.405 INFO: JdwpEventCenterDelegate: THREAD_RESUMED: thread (33, main, main)
11:31:54.412 INFO: JdwpEventCenterDelegate: THREAD_RESUMED: thread (33, main, main)
11:31:54.418 INFO: JdwpEventCenterDelegate: THREAD_RESUMED: thread (33, main, main)
11:31:54.422 INFO: JdwpEventCenterDelegate: THREAD_RESUMED: thread (33, main, main)
11:31:54.428 INFO: JdwpEventCenterDelegate: THREAD_RESUMED: thread (33, main, main)
11:31:54.432 INFO: JdwpEventCenterDelegate: THREAD_RESUMED: thread (33, main, main)
11:31:54.440 INFO: JdwpEventCenterDelegate: THREAD_RESUMED: thread (33, main, main)
11:31:54.445 INFO: JdwpEventCenterDelegate: THREAD_RESUMED: thread (33, main, main)
11:31:54.447 INFO: JdwpEventCenterDelegate: THREAD_RESUMED: thread (33, main, main)
11:31:54.449 INFO: JdwpEventCenterDelegate: THREAD_RESUMED: thread (33, main, main)
11:31:54.452 INFO: JdwpEventCenterDelegate: THREAD_RESUMED: thread (33, main, main)
11:31:54.454 INFO: JdwpEventCenterDelegate: THREAD_RESUMED: thread (33, main, main)
11:31:54.456 INFO: JdwpEventCenterDelegate: THREAD_RESUMED: thread (33, main, main)
11:31:54.458 INFO: JdwpEventCenterDelegate: THREAD_RESUMED: thread (33, main, main)
11:31:54.459 INFO: JdwpEventCenterDelegate: THREAD_RESUMED: thread (33, main, main)
11:31:54.461 INFO: JdwpEventCenterDelegate: THREAD_RESUMED: thread (33, main, main)
11:31:54.462 INFO: JdwpEventCenterDelegate: THREAD_RESUMED: thread (33, main, main)
11:31:54.463 INFO: JdwpEventCenterDelegate: THREAD_RESUMED: thread (33, main, main)
11:31:54.465 INFO: JdwpEventCenterDelegate: THREAD_RESUMED: thread (33, main, main)
11:31:54.466 INFO: JdwpEventCenterDelegate: THREAD_RESUMED: thread (33, main, main)
11:31:54.467 INFO: JdwpEventCenterDelegate: THREAD_RESUMED: thread (33, main, main)
11:31:54.468 INFO: JdwpEventCenterDelegate: THREAD_RESUMED: thread (33, main, main)
11:31:54.469 INFO: JdwpEventCenterDelegate: THREAD_RESUMED: thread (33, main, main)
11:31:54.470 INFO: JdwpEventCenterDelegate: THREAD_RESUMED: thread (33, main, main)
11:31:54.470 INFO: JdwpEventCenterDelegate: THREAD_RESUMED: thread (33, main, main)
11:31:54.471 INFO: JdwpEventCenterDelegate: THREAD_RESUMED: thread (33, main, main)
11:31:54.472 INFO: JdwpEventCenterDelegate: THREAD_RESUMED: thread (33, main, main)
11:31:54.473 INFO: JdwpEventCenterDelegate: THREAD_RESUMED: thread (33, main, main)
11:31:54.474 INFO: JdwpEventCenterDelegate: THREAD_RESUMED: thread (33, main, main)
11:31:54.475 INFO: JdwpEventCenterDelegate: THREAD_RESUMED: thread (33, main, main)
11:31:54.476 INFO: JdwpEventCenterDelegate: THREAD_RESUMED: thread (33, main, main)
11:31:54.477 INFO: JdwpEventCenterDelegate: THREAD_RESUMED: thread (33, main, main)
11:31:54.478 INFO: JdwpEventCenterDelegate: THREAD_RESUMED: thread (33, main, main)
11:31:54.479 INFO: JdwpEventCenterDelegate: THREAD_RESUMED: thread (33, main, main)
11:31:54.480 INFO: JdwpEventCenterDelegate: THREAD_RESUMED: thread (33, main, main)
11:31:54.481 INFO: JdwpEventCenterDelegate: THREAD_RESUMED: thread (33, main, main)
11:31:54.482 INFO: JdwpEventCenterDelegate: THREAD_RESUMED: thread (33, main, main)
11:31:54.483 INFO: JdwpEventCenterDelegate: THREAD_RESUMED: thread (33, main, main)
11:31:54.484 INFO: JdwpEventCenterDelegate: THREAD_RESUMED: thread (33, main, main)
11:31:54.485 INFO: JdwpEventCenterDelegate: THREAD_RESUMED: thread (33, main, main)
11:31:54.486 INFO: JdwpEventCenterDelegate: THREAD_RESUMED: thread (33, main, main)
11:31:54.487 INFO: JdwpEventCenterDelegate: THREAD_RESUMED: thread (33, main, main)
11:31:54.488 INFO: JdwpEventCenterDelegate: THREAD_RESUMED: thread (33, main, main)
11:31:54.489 INFO: JdwpEventCenterDelegate: THREAD_RESUMED: thread (33, main, main)
11:31:54.490 INFO: JdwpEventCenterDelegate: THREAD_RESUMED: thread (33, main, main)
11:31:54.491 INFO: JdwpEventCenterDelegate: THREAD_RESUMED: thread (33, main, main)
11:31:54.492 INFO: JdwpEventCenterDelegate: THREAD_RESUMED: thread (33, main, main)
11:31:54.492 INFO: JdwpEventCenterDelegate: THREAD_RESUMED: thread (33, main, main)
11:31:54.494 INFO: JdwpEventCenterDelegate: THREAD_RESUMED: thread (33, main, main)
11:31:54.495 INFO: JdwpEventCenterDelegate: THREAD_RESUMED: thread (33, main, main)
11:31:54.496 INFO: JdwpEventCenterDelegate: THREAD_RESUMED: thread (33, main, main)
11:31:54.497 INFO: JdwpEventCenterDelegate: THREAD_RESUMED: thread (33, main, main)
11:31:54.498 INFO: JdwpEventCenterDelegate: THREAD_RESUMED: thread (33, main, main)
11:31:54.499 INFO: JdwpEventCenterDelegate: THREAD_RESUMED: thread (33, main, main)
11:31:54.500 INFO: JdwpEventCenterDelegate: THREAD_RESUMED: thread (33, main, main)
11:31:54.501 INFO: JdwpEventCenterDelegate: THREAD_RESUMED: thread (33, main, main)
11:31:54.502 INFO: JdwpEventCenterDelegate: THREAD_RESUMED: thread (33, main, main)
11:31:54.504 INFO: JdwpEventCenterDelegate: THREAD_RESUMED: thread (33, main, main)
11:31:54.505 INFO: JdwpEventCenterDelegate: THREAD_RESUMED: thread (33, main, main)
11:31:54.506 INFO: JdwpEventCenterDelegate: THREAD_RESUMED: thread (33, main, main)
11:31:54.507 INFO: JdwpEventCenterDelegate: THREAD_RESUMED: thread (33, main, main)
11:31:54.759 INFO: JdwpDebugServer: handling req: ThreadReference(11).Resume(3)
11:31:54.759 INFO: JdwpEventCenterDelegate: THREAD_RESUMED: thread (33, main, main)
11:31:54.856 INFO: JdwpEventCenterDelegate: THREAD_RESUMED: thread (33, main, main)
11:31:54.870 INFO: JdwpEventCenterDelegate: THREAD_RESUMED: thread (33, main, main)
11:31:54.872 INFO: JdwpEventCenterDelegate: THREAD_RESUMED: thread (33, main, main)
11:31:54.872 INFO: JdwpEventCenterDelegate: THREAD_RESUMED: thread (33, main, main)
11:31:55.098 INFO: JdwpEventCenterDelegate: THREAD_RESUMED: thread (33, main, main)
11:31:55.099 INFO: JdwpEventCenterDelegate: THREAD_RESUMED: thread (33, main, main)
11:31:55.137 INFO: JdwpEventCenterDelegate: THREAD_RESUMED: thread (33, main, main)
11:31:55.138 INFO: JdwpEventCenterDelegate: THREAD_RESUMED: thread (33, main, main)
11:31:55.161 INFO: JdwpEventCenterDelegate: THREAD_RESUMED: thread (33, main, main)
11:31:55.162 INFO: JdwpEventCenterDelegate: THREAD_RESUMED: thread (33, main, main)
11:31:55.163 INFO: JdwpEventCenterDelegate: THREAD_RESUMED: thread (33, main, main)
11:31:55.164 INFO: JdwpEventCenterDelegate: THREAD_RESUMED: thread (33, main, main)
11:31:55.165 INFO: JdwpEventCenterDelegate: THREAD_RESUMED: thread (33, main, main)
11:31:55.166 INFO: JdwpEventCenterDelegate: THREAD_RESUMED: thread (33, main, main)
11:32:45.461 INFO: JdwpEventCenterDelegate: THREAD_RESUMED: thread (33, main, main)
11:32:45.463 INFO: JdwpEventCenterDelegate: THREAD_RESUMED: thread (33, main, main)
11:32:45.980 INFO: JdwpEventCenterDelegate: THREAD_RESUMED: thread (33, main, main)
11:32:45.981 INFO: JdwpEventCenterDelegate: THREAD_RESUMED: thread (33, main, main)
11:32:45.982 INFO: JdwpEventCenterDelegate: THREAD_RESUMED: thread (33, main, main)
11:32:45.985 INFO: JdwpEventCenterDelegate: THREAD_RESUMED: thread (33, main, main)
11:32:45.987 INFO: JdwpEventCenterDelegate: THREAD_RESUMED: thread (33, main, main)
11:32:45.988 INFO: JdwpEventCenterDelegate: THREAD_RESUMED: thread (33, main, main)
11:32:45.993 INFO: JdwpEventCenterDelegate: THREAD_RESUMED: thread (33, main, main)
11:32:45.993 INFO: JdwpEventCenterDelegate: THREAD_RESUMED: thread (33, main, main)
11:32:45.995 INFO: JdwpEventCenterDelegate: THREAD_RESUMED: thread (33, main, main)
11:32:46.008 INFO: JdwpEventCenterDelegate: THREAD_RESUMED: thread (33, main, main)
11:32:46.009 INFO: JdwpEventCenterDelegate: THREAD_RESUMED: thread (33, main, main)
11:32:46.009 INFO: JdwpEventCenterDelegate: THREAD_RESUMED: thread (33, main, main)
11:32:46.019 INFO: JdwpEventCenterDelegate: THREAD_RESUMED: thread (33, main, main)
11:32:46.068 SEVERE: Debugger: Thread HooksChannel socket thread crashed
org.robovm.debugger.DebuggerException: java.nio.BufferUnderflowException
	at org.robovm.debugger.hooks.HooksChannel.doSocketWork(HooksChannel.java:149)
	at java.base/java.lang.Thread.run(Thread.java:833)
	at org.robovm.debugger.utils.DebuggerThread.run(DebuggerThread.java:42)
Caused by: java.nio.BufferUnderflowException
	at org.robovm.debugger.utils.bytebuffer.DataBufferWriter.writeFromStream(DataBufferWriter.java:91)
	at org.robovm.debugger.hooks.HooksChannel.doSocketWork(HooksChannel.java:116)
	... 2 more
11:32:46.585 SEVERE: Debugger: Thread JDWP server socket thread crashed
org.robovm.debugger.DebuggerException: java.net.SocketException: Socket closed
	at org.robovm.debugger.jdwp.JdwpDebugServer.doSocketWork(JdwpDebugServer.java:215)
	at java.base/java.lang.Thread.run(Thread.java:833)
	at org.robovm.debugger.utils.DebuggerThread.run(DebuggerThread.java:42)
Caused by: java.net.SocketException: Socket closed
	at java.base/sun.nio.ch.NioSocketImpl.endRead(NioSocketImpl.java:248)
	at java.base/sun.nio.ch.NioSocketImpl.implRead(NioSocketImpl.java:327)
	at java.base/sun.nio.ch.NioSocketImpl.read(NioSocketImpl.java:350)
	at java.base/sun.nio.ch.NioSocketImpl$1.read(NioSocketImpl.java:803)
	at java.base/java.net.Socket$SocketInputStream.read(Socket.java:966)
	at org.robovm.debugger.utils.bytebuffer.DataBufferWriter.writeFromStream(DataBufferWriter.java:89)
	at org.robovm.debugger.jdwp.protocol.JdwpRequestHeader.readFromStream(JdwpRequestHeader.java:36)
	at org.robovm.debugger.jdwp.JdwpDebugServer.doSocketWork(JdwpDebugServer.java:185)
	... 2 more
