12:51:56.334 INFO: JdwpEventCenterDelegate: THREAD_STARTED: thread (33, main, main)
12:51:56.420 INFO: JdwpEventCenterDelegate: THREAD_STARTED: thread (48, ReferenceQueueDaemon, main)
12:51:56.423 INFO: JdwpEventCenterDelegate: THREAD_STARTED: thread (63, FinalizerDaemon, main)
12:51:56.425 INFO: JdwpEventCenterDelegate: THREAD_STARTED: thread (78, FinalizerWatchdogDaemon, main)
12:51:58.071 INFO: JdwpDebugServer: handling req: VirtualMachine(1).IDSizes(7)
12:51:58.075 INFO: JdwpDebugServer: handling req: EventRequest(15).Set(1)
12:51:58.075 INFO: JdwpEventCenterDelegate: jdwpSetEventRequest: JdwpEventRequest{requestId=100, eventKind=CLASS_UNLOAD, suspendPolicy=NONE, predicates=[]}
12:51:58.076 INFO: JdwpDebugServer: handling req: EventRequest(15).Set(1)
12:51:58.076 INFO: JdwpEventCenterDelegate: jdwpSetEventRequest: JdwpEventRequest{requestId=101, eventKind=THREAD_START, suspendPolicy=NONE, predicates=[]}
12:51:58.077 INFO: JdwpDebugServer: handling req: VirtualMachine(1).ClassesBySignature(2)
12:51:58.079 INFO: JdwpDebugServer: handling req: VirtualMachine(1).Version(1)
12:51:58.081 INFO: JdwpDebugServer: handling req: ReferenceType(2).MethodsWithGeneric(15)
12:51:58.084 INFO: JdwpDebugServer: handling req: Method(6).LineTable(1)
12:51:58.086 INFO: JdwpDebugServer: handling req: EventRequest(15).Set(1)
12:51:58.086 INFO: JdwpEventCenterDelegate: jdwpSetEventRequest: JdwpEventRequest{requestId=102, eventKind=BREAKPOINT, suspendPolicy=NONE, predicates=[Location{classId=845, methodId=257, index=928} ]}
12:51:58.087 INFO: JdwpDebugServer: handling req: EventRequest(15).Set(1)
12:51:58.087 INFO: JdwpEventCenterDelegate: jdwpSetEventRequest: JdwpEventRequest{requestId=103, eventKind=THREAD_DEATH, suspendPolicy=NONE, predicates=[]}
12:51:58.087 INFO: JdwpDebugServer: handling req: VirtualMachine(1).AllThreads(4)
12:51:58.088 INFO: JdwpDebugServer: handling req: ThreadReference(11).ThreadGroup(5)
12:51:58.088 INFO: JdwpDebugServer: handling req: ThreadGroup(12).Name(1)
12:51:58.089 INFO: JdwpDebugServer: handling req: ThreadGroup(12).Parent(2)
12:51:58.089 INFO: JdwpDebugServer: handling req: ObjectReference(9).ReferenceType(1)
12:51:58.091 INFO: JdwpDebugServer: handling req: ReferenceType(2).FieldsWithGeneric(14)
12:51:58.092 INFO: JdwpDebugServer: handling req: ReferenceType(2).Interfaces(10)
12:51:58.092 INFO: JdwpDebugServer: handling req: ReferenceType(2).FieldsWithGeneric(14)
12:51:58.092 INFO: JdwpDebugServer: handling req: ReferenceType(2).Interfaces(10)
12:51:58.093 INFO: JdwpDebugServer: handling req: ClassType(3).Superclass(1)
12:51:58.093 INFO: JdwpDebugServer: handling req: ReferenceType(2).FieldsWithGeneric(14)
12:51:58.093 INFO: JdwpDebugServer: handling req: ReferenceType(2).Interfaces(10)
12:51:58.093 INFO: JdwpDebugServer: handling req: ClassType(3).Superclass(1)
12:51:58.094 INFO: JdwpDebugServer: handling req: ObjectReference(9).GetValues(2)
12:51:58.097 INFO: JdwpDebugServer: handling req: ThreadReference(11).Status(4)
12:51:58.097 INFO: JdwpDebugServer: handling req: ThreadReference(11).Status(4)
12:51:58.098 INFO: JdwpDebugServer: handling req: ThreadReference(11).ThreadGroup(5)
12:51:58.098 INFO: JdwpDebugServer: handling req: ObjectReference(9).ReferenceType(1)
12:51:58.098 INFO: JdwpDebugServer: handling req: ObjectReference(9).GetValues(2)
12:51:58.099 INFO: JdwpDebugServer: handling req: ThreadReference(11).Status(4)
12:51:58.099 INFO: JdwpDebugServer: handling req: ThreadReference(11).Status(4)
12:51:58.099 INFO: JdwpDebugServer: handling req: ThreadReference(11).ThreadGroup(5)
12:51:58.099 INFO: JdwpDebugServer: handling req: ObjectReference(9).ReferenceType(1)
12:51:58.099 INFO: JdwpDebugServer: handling req: ObjectReference(9).GetValues(2)
12:51:58.100 INFO: JdwpDebugServer: handling req: ThreadReference(11).Status(4)
12:51:58.100 INFO: JdwpDebugServer: handling req: ThreadReference(11).Status(4)
12:51:58.100 INFO: JdwpDebugServer: handling req: ThreadReference(11).ThreadGroup(5)
12:51:58.101 INFO: JdwpDebugServer: handling req: ObjectReference(9).ReferenceType(1)
12:51:58.101 INFO: JdwpDebugServer: handling req: ObjectReference(9).GetValues(2)
12:51:58.101 INFO: JdwpDebugServer: handling req: ThreadReference(11).Status(4)
12:51:58.101 INFO: JdwpDebugServer: handling req: ThreadReference(11).Status(4)
12:51:58.103 INFO: JdwpDebugServer: handling req: EventRequest(15).Set(1)
12:51:58.103 INFO: JdwpEventCenterDelegate: jdwpSetEventRequest: JdwpEventRequest{requestId=104, eventKind=CLASS_PREPARE, suspendPolicy=EVENT_THREAD, predicates=[className=java.lang.Throwable]}
12:51:58.108 INFO: JdwpDebugServer: handling req: EventRequest(15).Set(1)
12:51:58.108 INFO: JdwpEventCenterDelegate: jdwpSetEventRequest: JdwpEventRequest{requestId=105, eventKind=CLASS_PREPARE, suspendPolicy=EVENT_THREAD, predicates=[className=java.lang.Throwable$*]}
12:51:58.110 INFO: JdwpDebugServer: handling req: VirtualMachine(1).ClassesBySignature(2)
12:51:58.110 INFO: JdwpDebugServer: handling req: ReferenceType(2).MethodsWithGeneric(15)
12:51:58.111 INFO: JdwpDebugServer: handling req: Method(6).LineTable(1)
12:51:58.111 INFO: JdwpDebugServer: handling req: Method(6).LineTable(1)
12:51:58.112 INFO: JdwpDebugServer: handling req: Method(6).LineTable(1)
12:51:58.112 INFO: JdwpDebugServer: handling req: Method(6).LineTable(1)
12:51:58.112 INFO: JdwpDebugServer: handling req: Method(6).LineTable(1)
12:51:58.112 INFO: JdwpDebugServer: handling req: Method(6).LineTable(1)
12:51:58.112 INFO: JdwpDebugServer: handling req: Method(6).LineTable(1)
12:51:58.112 INFO: JdwpDebugServer: handling req: Method(6).LineTable(1)
12:51:58.113 INFO: JdwpDebugServer: handling req: Method(6).LineTable(1)
12:51:58.113 INFO: JdwpDebugServer: handling req: Method(6).LineTable(1)
12:51:58.113 INFO: JdwpDebugServer: handling req: Method(6).LineTable(1)
12:51:58.113 INFO: JdwpDebugServer: handling req: Method(6).LineTable(1)
12:51:58.113 INFO: JdwpDebugServer: handling req: Method(6).LineTable(1)
12:51:58.113 INFO: JdwpDebugServer: handling req: Method(6).LineTable(1)
12:51:58.114 INFO: JdwpDebugServer: handling req: Method(6).LineTable(1)
12:51:58.114 INFO: JdwpDebugServer: handling req: Method(6).LineTable(1)
12:51:58.114 INFO: JdwpDebugServer: handling req: Method(6).LineTable(1)
12:51:58.114 INFO: JdwpDebugServer: handling req: Method(6).LineTable(1)
12:51:58.114 INFO: JdwpDebugServer: handling req: Method(6).LineTable(1)
12:51:58.115 INFO: JdwpDebugServer: handling req: Method(6).LineTable(1)
12:51:58.115 INFO: JdwpDebugServer: handling req: Method(6).LineTable(1)
12:51:58.115 INFO: JdwpDebugServer: handling req: Method(6).LineTable(1)
12:51:58.115 INFO: JdwpDebugServer: handling req: Method(6).LineTable(1)
12:51:58.115 INFO: JdwpDebugServer: handling req: Method(6).LineTable(1)
12:51:58.115 INFO: JdwpDebugServer: handling req: VirtualMachine(1).ClassesBySignature(2)
12:51:58.116 INFO: JdwpDebugServer: handling req: VirtualMachine(1).AllClassesWithGeneric(20)
12:51:58.131 INFO: JdwpDebugServer: handling req: EventRequest(15).Set(1)
12:51:58.131 INFO: JdwpEventCenterDelegate: jdwpSetEventRequest: JdwpEventRequest{requestId=106, eventKind=CLASS_PREPARE, suspendPolicy=EVENT_THREAD, predicates=[className=com.badlogic.gdx.utils.ScreenUtils]}
12:51:58.133 INFO: JdwpDebugServer: handling req: EventRequest(15).Set(1)
12:51:58.133 INFO: JdwpEventCenterDelegate: jdwpSetEventRequest: JdwpEventRequest{requestId=107, eventKind=CLASS_PREPARE, suspendPolicy=EVENT_THREAD, predicates=[className=com.badlogic.gdx.utils.ScreenUtils$*]}
12:51:58.134 INFO: JdwpDebugServer: handling req: VirtualMachine(1).ClassesBySignature(2)
12:51:58.134 INFO: JdwpDebugServer: handling req: ReferenceType(2).MethodsWithGeneric(15)
12:51:58.134 INFO: JdwpDebugServer: handling req: Method(6).LineTable(1)
12:51:58.135 INFO: JdwpDebugServer: handling req: Method(6).LineTable(1)
12:51:58.135 INFO: JdwpDebugServer: handling req: Method(6).LineTable(1)
12:51:58.135 INFO: JdwpDebugServer: handling req: Method(6).LineTable(1)
12:51:58.135 INFO: JdwpDebugServer: handling req: Method(6).LineTable(1)
12:51:58.135 INFO: JdwpDebugServer: handling req: Method(6).LineTable(1)
12:51:58.135 INFO: JdwpDebugServer: handling req: Method(6).LineTable(1)
12:51:58.136 INFO: JdwpDebugServer: handling req: Method(6).LineTable(1)
12:51:58.136 INFO: JdwpDebugServer: handling req: Method(6).LineTable(1)
12:51:58.136 INFO: JdwpDebugServer: handling req: Method(6).LineTable(1)
12:51:58.136 INFO: JdwpDebugServer: handling req: EventRequest(15).Set(1)
12:51:58.137 INFO: JdwpEventCenterDelegate: jdwpSetEventRequest: JdwpEventRequest{requestId=108, eventKind=BREAKPOINT, suspendPolicy=EVENT_THREAD, predicates=[Location{classId=22230, methodId=1272, index=89} ]}
12:51:58.139 INFO: JdwpDebugServer: handling req: EventRequest(15).Set(1)
12:51:58.139 INFO: JdwpEventCenterDelegate: jdwpSetEventRequest: JdwpEventRequest{requestId=109, eventKind=CLASS_PREPARE, suspendPolicy=EVENT_THREAD, predicates=[className=com.badlogic.gdx.utils.ScreenUtils]}
12:51:58.139 INFO: JdwpDebugServer: handling req: EventRequest(15).Set(1)
12:51:58.139 INFO: JdwpEventCenterDelegate: jdwpSetEventRequest: JdwpEventRequest{requestId=110, eventKind=CLASS_PREPARE, suspendPolicy=EVENT_THREAD, predicates=[className=com.badlogic.gdx.utils.ScreenUtils$*]}
12:51:58.140 INFO: JdwpDebugServer: handling req: VirtualMachine(1).ClassesBySignature(2)
12:51:58.141 INFO: JdwpDebugServer: handling req: EventRequest(15).Set(1)
12:51:58.141 INFO: JdwpEventCenterDelegate: jdwpSetEventRequest: JdwpEventRequest{requestId=111, eventKind=BREAKPOINT, suspendPolicy=EVENT_THREAD, predicates=[Location{classId=22230, methodId=1267, index=72} ]}
12:51:58.141 INFO: JdwpDebugServer: handling req: EventRequest(15).Set(1)
12:51:58.141 INFO: JdwpEventCenterDelegate: jdwpSetEventRequest: JdwpEventRequest{requestId=112, eventKind=CLASS_PREPARE, suspendPolicy=EVENT_THREAD, predicates=[className=com.abdalla.bushnaq.pluvia.engine.GameEngine]}
12:51:58.142 INFO: JdwpDebugServer: handling req: EventRequest(15).Set(1)
12:51:58.142 INFO: JdwpEventCenterDelegate: jdwpSetEventRequest: JdwpEventRequest{requestId=113, eventKind=CLASS_PREPARE, suspendPolicy=EVENT_THREAD, predicates=[className=com.abdalla.bushnaq.pluvia.engine.GameEngine$*]}
12:51:58.143 INFO: JdwpDebugServer: handling req: VirtualMachine(1).ClassesBySignature(2)
12:51:58.143 INFO: JdwpDebugServer: handling req: ReferenceType(2).MethodsWithGeneric(15)
12:51:58.143 INFO: JdwpDebugServer: handling req: Method(6).LineTable(1)
12:51:58.147 INFO: JdwpDebugServer: handling req: Method(6).LineTable(1)
12:51:58.148 INFO: JdwpDebugServer: handling req: Method(6).LineTable(1)
12:51:58.148 INFO: JdwpDebugServer: handling req: Method(6).LineTable(1)
12:51:58.148 INFO: JdwpDebugServer: handling req: Method(6).LineTable(1)
12:51:58.148 INFO: JdwpDebugServer: handling req: Method(6).LineTable(1)
12:51:58.148 INFO: JdwpDebugServer: handling req: Method(6).LineTable(1)
12:51:58.149 INFO: JdwpDebugServer: handling req: Method(6).LineTable(1)
12:51:58.149 INFO: JdwpDebugServer: handling req: Method(6).LineTable(1)
12:51:58.149 INFO: JdwpDebugServer: handling req: Method(6).LineTable(1)
12:51:58.149 INFO: JdwpDebugServer: handling req: Method(6).LineTable(1)
12:51:58.150 INFO: JdwpDebugServer: handling req: Method(6).LineTable(1)
12:51:58.150 INFO: JdwpDebugServer: handling req: Method(6).LineTable(1)
12:51:58.151 INFO: JdwpDebugServer: handling req: Method(6).LineTable(1)
12:51:58.152 INFO: JdwpDebugServer: handling req: Method(6).LineTable(1)
12:51:58.152 INFO: JdwpDebugServer: handling req: Method(6).LineTable(1)
12:51:58.152 INFO: JdwpDebugServer: handling req: Method(6).LineTable(1)
12:51:58.152 INFO: JdwpDebugServer: handling req: Method(6).LineTable(1)
12:51:58.152 INFO: JdwpDebugServer: handling req: Method(6).LineTable(1)
12:51:58.152 INFO: JdwpDebugServer: handling req: Method(6).LineTable(1)
12:51:58.152 INFO: JdwpDebugServer: handling req: Method(6).LineTable(1)
12:51:58.153 INFO: JdwpDebugServer: handling req: Method(6).LineTable(1)
12:51:58.153 INFO: JdwpDebugServer: handling req: Method(6).LineTable(1)
12:51:58.153 INFO: JdwpDebugServer: handling req: Method(6).LineTable(1)
12:51:58.153 INFO: JdwpDebugServer: handling req: Method(6).LineTable(1)
12:51:58.153 INFO: JdwpDebugServer: handling req: Method(6).LineTable(1)
12:51:58.153 INFO: JdwpDebugServer: handling req: Method(6).LineTable(1)
12:51:58.153 INFO: JdwpDebugServer: handling req: Method(6).LineTable(1)
12:51:58.153 INFO: JdwpDebugServer: handling req: Method(6).LineTable(1)
12:51:58.153 INFO: JdwpDebugServer: handling req: Method(6).LineTable(1)
12:51:58.153 INFO: JdwpDebugServer: handling req: Method(6).LineTable(1)
12:51:58.154 INFO: JdwpDebugServer: handling req: Method(6).LineTable(1)
12:51:58.154 INFO: JdwpDebugServer: handling req: EventRequest(15).Set(1)
12:51:58.154 INFO: JdwpEventCenterDelegate: jdwpSetEventRequest: JdwpEventRequest{requestId=114, eventKind=BREAKPOINT, suspendPolicy=EVENT_THREAD, predicates=[Location{classId=16855, methodId=1297, index=100} ]}
12:51:58.155 INFO: JdwpDebugServer: handling req: EventRequest(15).Set(1)
12:51:58.155 INFO: JdwpEventCenterDelegate: jdwpSetEventRequest: JdwpEventRequest{requestId=115, eventKind=CLASS_PREPARE, suspendPolicy=EVENT_THREAD, predicates=[className=com.abdalla.bushnaq.pluvia.launcher.IOSLauncher]}
12:51:58.156 INFO: JdwpDebugServer: handling req: EventRequest(15).Set(1)
12:51:58.156 INFO: JdwpEventCenterDelegate: jdwpSetEventRequest: JdwpEventRequest{requestId=116, eventKind=CLASS_PREPARE, suspendPolicy=EVENT_THREAD, predicates=[className=com.abdalla.bushnaq.pluvia.launcher.IOSLauncher$*]}
12:51:58.158 INFO: JdwpDebugServer: handling req: VirtualMachine(1).ClassesBySignature(2)
12:51:58.158 INFO: JdwpDebugServer: handling req: ReferenceType(2).MethodsWithGeneric(15)
12:51:58.158 INFO: JdwpDebugServer: handling req: Method(6).LineTable(1)
12:51:58.158 INFO: JdwpDebugServer: handling req: Method(6).LineTable(1)
12:51:58.158 INFO: JdwpDebugServer: handling req: Method(6).LineTable(1)
12:51:58.158 INFO: JdwpDebugServer: handling req: EventRequest(15).Set(1)
12:51:58.158 INFO: JdwpEventCenterDelegate: jdwpSetEventRequest: JdwpEventRequest{requestId=117, eventKind=BREAKPOINT, suspendPolicy=EVENT_THREAD, predicates=[Location{classId=12880, methodId=1462, index=81} ]}
12:51:58.159 INFO: JdwpDebugServer: handling req: EventRequest(15).Set(1)
12:51:58.159 INFO: JdwpEventCenterDelegate: jdwpSetEventRequest: JdwpEventRequest{requestId=118, eventKind=CLASS_PREPARE, suspendPolicy=EVENT_THREAD, predicates=[className=com.abdalla.bushnaq.pluvia.launcher.IOSLauncher$PreLauncher]}
12:51:58.160 INFO: JdwpDebugServer: handling req: EventRequest(15).Set(1)
12:51:58.160 INFO: JdwpEventCenterDelegate: jdwpSetEventRequest: JdwpEventRequest{requestId=119, eventKind=CLASS_PREPARE, suspendPolicy=EVENT_THREAD, predicates=[className!=com.abdalla.bushnaq.pluvia.launcher.IOSLauncher$PreLauncher, className=com.abdalla.bushnaq.pluvia.launcher.IOSLauncher$*]}
12:51:58.160 INFO: JdwpDebugServer: handling req: VirtualMachine(1).ClassesBySignature(2)
12:51:58.161 INFO: JdwpDebugServer: handling req: ReferenceType(2).MethodsWithGeneric(15)
12:51:58.161 INFO: JdwpDebugServer: handling req: Method(6).LineTable(1)
12:51:58.162 INFO: JdwpDebugServer: handling req: Method(6).LineTable(1)
12:51:58.162 INFO: JdwpDebugServer: handling req: Method(6).LineTable(1)
12:51:58.162 INFO: JdwpDebugServer: handling req: Method(6).LineTable(1)
12:51:58.162 INFO: JdwpDebugServer: handling req: Method(6).LineTable(1)
12:51:58.162 INFO: JdwpDebugServer: handling req: Method(6).LineTable(1)
12:51:58.162 INFO: JdwpDebugServer: handling req: Method(6).LineTable(1)
12:51:58.162 INFO: JdwpDebugServer: handling req: EventRequest(15).Set(1)
12:51:58.162 INFO: JdwpEventCenterDelegate: jdwpSetEventRequest: JdwpEventRequest{requestId=120, eventKind=BREAKPOINT, suspendPolicy=EVENT_THREAD, predicates=[Location{classId=22365, methodId=1487, index=31} ]}
12:51:58.163 INFO: JdwpDebugServer: handling req: EventRequest(15).Set(1)
12:51:58.163 INFO: JdwpEventCenterDelegate: jdwpSetEventRequest: JdwpEventRequest{requestId=121, eventKind=CLASS_PREPARE, suspendPolicy=EVENT_THREAD, predicates=[className=com.abdalla.bushnaq.pluvia.launcher.IOSLauncher]}
12:51:58.164 INFO: JdwpDebugServer: handling req: EventRequest(15).Set(1)
12:51:58.164 INFO: JdwpEventCenterDelegate: jdwpSetEventRequest: JdwpEventRequest{requestId=122, eventKind=CLASS_PREPARE, suspendPolicy=EVENT_THREAD, predicates=[className=com.abdalla.bushnaq.pluvia.launcher.IOSLauncher$*]}
12:51:58.165 INFO: JdwpDebugServer: handling req: VirtualMachine(1).ClassesBySignature(2)
12:51:58.168 INFO: JdwpDebugServer: handling req: EventRequest(15).Set(1)
12:51:58.168 INFO: JdwpEventCenterDelegate: jdwpSetEventRequest: JdwpEventRequest{requestId=123, eventKind=BREAKPOINT, suspendPolicy=EVENT_THREAD, predicates=[Location{classId=12880, methodId=1462, index=80} ]}
12:51:58.169 INFO: JdwpDebugServer: handling req: EventRequest(15).Set(1)
12:51:58.169 INFO: JdwpEventCenterDelegate: jdwpSetEventRequest: JdwpEventRequest{requestId=124, eventKind=CLASS_PREPARE, suspendPolicy=EVENT_THREAD, predicates=[className=com.abdalla.bushnaq.pluvia.launcher.IOSLauncher$PreLauncher]}
12:51:58.169 INFO: JdwpDebugServer: handling req: EventRequest(15).Set(1)
12:51:58.169 INFO: JdwpEventCenterDelegate: jdwpSetEventRequest: JdwpEventRequest{requestId=125, eventKind=CLASS_PREPARE, suspendPolicy=EVENT_THREAD, predicates=[className!=com.abdalla.bushnaq.pluvia.launcher.IOSLauncher$PreLauncher, className=com.abdalla.bushnaq.pluvia.launcher.IOSLauncher$*]}
12:51:58.170 INFO: JdwpDebugServer: handling req: VirtualMachine(1).ClassesBySignature(2)
12:51:58.171 INFO: JdwpDebugServer: handling req: EventRequest(15).Set(1)
12:51:58.171 INFO: JdwpEventCenterDelegate: jdwpSetEventRequest: JdwpEventRequest{requestId=126, eventKind=BREAKPOINT, suspendPolicy=EVENT_THREAD, predicates=[Location{classId=22365, methodId=1482, index=22} ]}
12:51:58.171 INFO: JdwpDebugServer: handling req: VirtualMachine(1).capabilitiesNew(17)
12:51:58.173 INFO: JdwpDebugServer: handling req: EventRequest(15).Set(1)
12:51:58.173 INFO: JdwpEventCenterDelegate: jdwpSetEventRequest: JdwpEventRequest{requestId=127, eventKind=CLASS_PREPARE, suspendPolicy=EVENT_THREAD, predicates=[className=java.lang.Error]}
12:51:58.174 INFO: JdwpDebugServer: handling req: EventRequest(15).Set(1)
12:51:58.174 INFO: JdwpEventCenterDelegate: jdwpSetEventRequest: JdwpEventRequest{requestId=128, eventKind=CLASS_PREPARE, suspendPolicy=EVENT_THREAD, predicates=[className=java.lang.Error$*]}
12:51:58.175 INFO: JdwpDebugServer: handling req: VirtualMachine(1).ClassesBySignature(2)
12:51:58.176 INFO: JdwpDebugServer: handling req: EventRequest(15).Set(1)
12:51:58.176 INFO: JdwpEventCenterDelegate: jdwpSetEventRequest: JdwpEventRequest{requestId=129, eventKind=EXCEPTION, suspendPolicy=EVENT_THREAD, predicates=[exceptionType=3425(caught=true, uncaught=true)]}
12:51:58.212 INFO: JdwpDebugServer: handling req: EventRequest(15).Set(1)
12:51:58.212 INFO: JdwpEventCenterDelegate: jdwpSetEventRequest: JdwpEventRequest{requestId=130, eventKind=CLASS_PREPARE, suspendPolicy=EVENT_THREAD, predicates=[className=java.lang.Throwable]}
12:51:58.214 INFO: JdwpDebugServer: handling req: EventRequest(15).Set(1)
12:51:58.214 INFO: JdwpEventCenterDelegate: jdwpSetEventRequest: JdwpEventRequest{requestId=131, eventKind=CLASS_PREPARE, suspendPolicy=EVENT_THREAD, predicates=[className=java.lang.Throwable$*]}
12:51:58.215 INFO: JdwpDebugServer: handling req: VirtualMachine(1).ClassesBySignature(2)
12:51:58.215 INFO: JdwpDebugServer: handling req: EventRequest(15).Set(1)
12:51:58.215 INFO: JdwpEventCenterDelegate: jdwpSetEventRequest: JdwpEventRequest{requestId=132, eventKind=EXCEPTION, suspendPolicy=EVENT_THREAD, predicates=[exceptionType=7695(caught=false, uncaught=true)]}
12:51:58.216 INFO: JdwpDebugServer: handling req: ThreadReference(11).SuspendCount(12)
12:51:58.216 INFO: JdwpDebugServer: handling req: ThreadReference(11).SuspendCount(12)
12:51:58.216 INFO: JdwpDebugServer: handling req: ThreadReference(11).SuspendCount(12)
12:51:58.216 INFO: JdwpDebugServer: handling req: ThreadReference(11).SuspendCount(12)
12:51:58.217 INFO: JdwpDebugServer: handling req: VirtualMachine(1).AllThreads(4)
12:51:58.217 INFO: JdwpDebugServer: handling req: VirtualMachine(1).Resume(9)
12:51:58.274 INFO: JdwpDebugServer: handling req: EventRequest(15).Set(1)
12:51:58.275 INFO: JdwpEventCenterDelegate: jdwpSetEventRequest: JdwpEventRequest{requestId=133, eventKind=BREAKPOINT, suspendPolicy=EVENT_THREAD, predicates=[Location{classId=12880, methodId=1462, index=81} ]}
12:51:58.278 INFO: JdwpDebugServer: handling req: EventRequest(15).Set(1)
12:51:58.278 INFO: JdwpEventCenterDelegate: jdwpSetEventRequest: JdwpEventRequest{requestId=134, eventKind=BREAKPOINT, suspendPolicy=EVENT_THREAD, predicates=[Location{classId=12880, methodId=1462, index=80} ]}
12:51:58.279 INFO: JdwpDebugServer: handling req: ThreadReference(11).Resume(3)
12:51:58.280 INFO: JdwpEventCenterDelegate: THREAD_RESUMED: thread (33, main, main)
12:51:58.305 INFO: JdwpEventCenterDelegate: THREAD_RESUMED: thread (33, main, main)
12:51:58.306 INFO: JdwpEventCenterDelegate: THREAD_RESUMED: thread (33, main, main)
12:51:58.307 INFO: JdwpEventCenterDelegate: THREAD_RESUMED: thread (33, main, main)
12:51:58.308 INFO: JdwpEventCenterDelegate: THREAD_RESUMED: thread (33, main, main)
12:51:58.308 INFO: JdwpEventCenterDelegate: THREAD_RESUMED: thread (33, main, main)
12:51:58.309 INFO: JdwpEventCenterDelegate: THREAD_RESUMED: thread (33, main, main)
12:51:58.309 INFO: JdwpEventCenterDelegate: THREAD_RESUMED: thread (33, main, main)
12:51:58.311 INFO: JdwpEventCenterDelegate: THREAD_RESUMED: thread (33, main, main)
12:51:58.312 INFO: JdwpEventCenterDelegate: THREAD_RESUMED: thread (33, main, main)
12:51:58.312 INFO: JdwpEventCenterDelegate: THREAD_RESUMED: thread (33, main, main)
12:51:58.313 INFO: JdwpEventCenterDelegate: THREAD_RESUMED: thread (33, main, main)
12:51:58.318 INFO: JdwpEventCenterDelegate: THREAD_RESUMED: thread (33, main, main)
12:51:58.319 INFO: JdwpEventCenterDelegate: THREAD_RESUMED: thread (33, main, main)
12:51:58.319 INFO: JdwpEventCenterDelegate: THREAD_RESUMED: thread (33, main, main)
12:51:58.337 INFO: JdwpDebugServer: handling req: EventRequest(15).Set(1)
12:51:58.337 INFO: JdwpEventCenterDelegate: jdwpSetEventRequest: JdwpEventRequest{requestId=135, eventKind=BREAKPOINT, suspendPolicy=EVENT_THREAD, predicates=[Location{classId=22365, methodId=1487, index=31} ]}
12:51:58.339 INFO: JdwpDebugServer: handling req: EventRequest(15).Set(1)
12:51:58.339 INFO: JdwpEventCenterDelegate: jdwpSetEventRequest: JdwpEventRequest{requestId=136, eventKind=BREAKPOINT, suspendPolicy=EVENT_THREAD, predicates=[Location{classId=22365, methodId=1482, index=22} ]}
12:51:58.340 INFO: JdwpDebugServer: handling req: ThreadReference(11).Resume(3)
12:51:58.341 INFO: JdwpEventCenterDelegate: THREAD_RESUMED: thread (33, main, main)
12:51:58.373 INFO: JdwpDebugServer: handling req: ThreadReference(11).Frames(6)
12:51:58.681 INFO: JdwpDebugServer: handling req: ThreadReference(11).FramesCount(7)
12:51:58.682 INFO: JdwpDebugServer: handling req: ThreadReference(11).FramesCount(7)
12:51:58.727 INFO: JdwpDebugServer: handling req: ThreadReference(11).Name(1)
12:51:58.727 INFO: JdwpDebugServer: handling req: ReferenceType(2).SignatureWithGeneric(13)
12:51:58.788 INFO: JdwpDebugServer: handling req: ReferenceType(2).FieldsWithGeneric(14)
12:51:58.791 INFO: JdwpDebugServer: handling req: ThreadReference(11).Name(1)
12:51:58.791 INFO: JdwpDebugServer: handling req: ReferenceType(2).Interfaces(10)
12:51:58.792 INFO: JdwpDebugServer: handling req: ClassType(3).Superclass(1)
12:51:58.792 INFO: JdwpDebugServer: handling req: ReferenceType(2).FieldsWithGeneric(14)
12:51:58.793 INFO: JdwpDebugServer: handling req: ReferenceType(2).Interfaces(10)
12:51:58.793 INFO: JdwpDebugServer: handling req: ClassType(3).Superclass(1)
12:51:58.793 INFO: JdwpDebugServer: handling req: ReferenceType(2).FieldsWithGeneric(14)
12:51:58.793 INFO: JdwpDebugServer: handling req: ReferenceType(2).Interfaces(10)
12:51:58.793 INFO: JdwpDebugServer: handling req: ReferenceType(2).FieldsWithGeneric(14)
12:51:58.794 INFO: JdwpDebugServer: handling req: ReferenceType(2).Interfaces(10)
12:51:58.794 INFO: JdwpDebugServer: handling req: ReferenceType(2).FieldsWithGeneric(14)
12:51:58.794 INFO: JdwpDebugServer: handling req: ReferenceType(2).Interfaces(10)
12:51:58.794 INFO: JdwpDebugServer: handling req: ReferenceType(2).FieldsWithGeneric(14)
12:51:58.794 INFO: JdwpDebugServer: handling req: ReferenceType(2).Interfaces(10)
12:51:58.794 INFO: JdwpDebugServer: handling req: ClassType(3).Superclass(1)
12:51:58.794 INFO: JdwpDebugServer: handling req: ReferenceType(2).FieldsWithGeneric(14)
12:51:58.795 INFO: JdwpDebugServer: handling req: ReferenceType(2).Interfaces(10)
12:51:58.795 INFO: JdwpDebugServer: handling req: ClassType(3).Superclass(1)
12:51:58.795 INFO: JdwpDebugServer: handling req: ReferenceType(2).FieldsWithGeneric(14)
12:51:58.795 INFO: JdwpDebugServer: handling req: ReferenceType(2).Interfaces(10)
12:51:58.796 INFO: JdwpDebugServer: handling req: ClassType(3).Superclass(1)
12:51:58.796 INFO: JdwpDebugServer: handling req: ReferenceType(2).FieldsWithGeneric(14)
12:51:58.797 INFO: JdwpDebugServer: handling req: ReferenceType(2).Interfaces(10)
12:51:58.797 INFO: JdwpDebugServer: handling req: ClassType(3).Superclass(1)
12:51:58.797 INFO: JdwpDebugServer: handling req: ClassType(3).Superclass(1)
12:51:58.799 INFO: JdwpDebugServer: handling req: Method(6).VariableTableWithGenerics(5)
12:51:58.799 INFO: JdwpDebugServer: handling req: ThreadReference(11).Name(1)
12:51:58.799 INFO: JdwpDebugServer: handling req: ThreadReference(11).Name(1)
12:51:58.800 INFO: JdwpDebugServer: handling req: ThreadReference(11).Name(1)
12:51:58.800 INFO: JdwpDebugServer: handling req: ThreadReference(11).Name(1)
12:51:58.813 INFO: JdwpDebugServer: handling req: ReferenceType(2).SourceFile(7)
12:51:58.823 INFO: JdwpDebugServer: handling req: ThreadReference(11).FramesCount(7)
12:51:58.830 INFO: JdwpDebugServer: handling req: StackFrame(16).GetValues(1)
12:51:58.833 INFO: JdwpDebugServer: handling req: ArrayReference(13).Length(1)
12:51:58.833 INFO: JdwpDebugServer: handling req: StackFrame(16).GetValues(1)
12:51:58.833 INFO: JdwpDebugServer: handling req: StackFrame(16).GetValues(1)
12:51:58.833 INFO: JdwpDebugServer: handling req: ObjectReference(9).ReferenceType(1)
12:51:58.833 INFO: JdwpDebugServer: handling req: StackFrame(16).GetValues(1)
12:51:58.834 INFO: JdwpDebugServer: handling req: ReferenceType(2).FieldsWithGeneric(14)
12:51:58.836 INFO: JdwpDebugServer: handling req: ObjectReference(9).ReferenceType(1)
12:51:58.836 INFO: JdwpDebugServer: handling req: ReferenceType(2).Interfaces(10)
12:51:58.836 INFO: JdwpDebugServer: handling req: StackFrame(16).GetValues(1)
12:51:58.836 INFO: JdwpDebugServer: handling req: ReferenceType(2).FieldsWithGeneric(14)
12:51:58.836 INFO: JdwpDebugServer: handling req: StackFrame(16).GetValues(1)
12:51:58.836 INFO: JdwpDebugServer: handling req: ReferenceType(2).Interfaces(10)
12:51:58.837 INFO: JdwpDebugServer: handling req: StackFrame(16).GetValues(1)
12:51:58.837 INFO: JdwpDebugServer: handling req: ClassType(3).Superclass(1)
12:51:58.837 INFO: JdwpDebugServer: handling req: ReferenceType(2).Signature(1)
12:51:58.837 INFO: JdwpDebugServer: handling req: ReferenceType(2).ClassLoader(2)
12:51:58.837 INFO: JdwpDebugServer: handling req: VirtualMachine(1).ClassesBySignature(2)
12:51:58.838 INFO: JdwpDebugServer: handling req: ReferenceType(2).ClassLoader(2)
12:51:58.838 INFO: JdwpDebugServer: handling req: StackFrame(16).GetValues(1)
12:51:58.838 INFO: JdwpDebugServer: handling req: StackFrame(16).GetValues(1)
12:51:58.839 INFO: JdwpDebugServer: handling req: StackFrame(16).GetValues(1)
12:51:58.839 INFO: JdwpDebugServer: handling req: StackFrame(16).GetValues(1)
12:51:58.839 INFO: JdwpDebugServer: handling req: ClassType(3).Superclass(1)
12:51:58.840 INFO: JdwpDebugServer: handling req: ClassType(3).Superclass(1)
12:51:58.840 INFO: JdwpDebugServer: handling req: StackFrame(16).GetValues(1)
12:51:58.840 INFO: JdwpDebugServer: handling req: StackFrame(16).GetValues(1)
12:51:58.840 INFO: JdwpDebugServer: handling req: StackFrame(16).GetValues(1)
12:51:58.841 INFO: JdwpDebugServer: handling req: StackFrame(16).GetValues(1)
12:51:58.841 INFO: JdwpDebugServer: handling req: StackFrame(16).GetValues(1)
12:51:58.849 INFO: JdwpDebugServer: handling req: ThreadReference(11).Name(1)
12:51:58.851 INFO: JdwpDebugServer: handling req: ThreadReference(11).Name(1)
12:51:58.851 INFO: JdwpDebugServer: handling req: ThreadReference(11).Name(1)
12:51:58.851 INFO: JdwpDebugServer: handling req: ThreadReference(11).Name(1)
12:51:58.855 INFO: JdwpDebugServer: handling req: ThreadReference(11).FramesCount(7)
12:52:05.674 INFO: JdwpDebugServer: handling req: ThreadReference(11).Resume(3)
12:52:05.678 INFO: JdwpEventCenterDelegate: THREAD_RESUMED: thread (33, main, main)
12:52:05.684 INFO: JdwpEventCenterDelegate: THREAD_RESUMED: thread (33, main, main)
12:52:05.685 INFO: JdwpEventCenterDelegate: THREAD_RESUMED: thread (33, main, main)
12:52:05.685 INFO: JdwpEventCenterDelegate: THREAD_RESUMED: thread (33, main, main)
12:52:05.701 INFO: JdwpEventCenterDelegate: THREAD_RESUMED: thread (33, main, main)
12:52:05.702 INFO: JdwpEventCenterDelegate: THREAD_RESUMED: thread (33, main, main)
12:52:05.703 INFO: JdwpDebugServer: handling req: ThreadReference(11).Name(1)
12:52:05.703 INFO: JdwpEventCenterDelegate: THREAD_RESUMED: thread (33, main, main)
12:52:05.705 INFO: JdwpDebugServer: handling req: ThreadReference(11).Name(1)
12:52:05.707 INFO: JdwpDebugServer: handling req: ThreadReference(11).Name(1)
12:52:05.771 INFO: JdwpDebugServer: handling req: ThreadReference(11).Name(1)
12:52:05.893 INFO: JdwpEventCenterDelegate: THREAD_RESUMED: thread (33, main, main)
12:52:05.893 INFO: JdwpEventCenterDelegate: THREAD_RESUMED: thread (33, main, main)
12:52:05.893 INFO: JdwpEventCenterDelegate: THREAD_RESUMED: thread (33, main, main)
12:52:05.893 INFO: JdwpEventCenterDelegate: THREAD_DETTACHED: thread (33, main, main)
12:52:05.911 SEVERE: Debugger: Thread HooksChannel socket thread crashed
org.robovm.debugger.DebuggerException: java.nio.BufferUnderflowException
	at org.robovm.debugger.hooks.HooksChannel.doSocketWork(HooksChannel.java:149)
	at java.base/java.lang.Thread.run(Thread.java:833)
	at org.robovm.debugger.utils.DebuggerThread.run(DebuggerThread.java:42)
Caused by: java.nio.BufferUnderflowException
	at org.robovm.debugger.utils.bytebuffer.DataBufferWriter.writeFromStream(DataBufferWriter.java:91)
	at org.robovm.debugger.hooks.HooksChannel.doSocketWork(HooksChannel.java:116)
	... 2 more
12:52:06.428 SEVERE: Debugger: Thread JDWP server socket thread crashed
org.robovm.debugger.DebuggerException: java.net.SocketException: Socket closed
	at org.robovm.debugger.jdwp.JdwpDebugServer.doSocketWork(JdwpDebugServer.java:215)
	at java.base/java.lang.Thread.run(Thread.java:833)
	at org.robovm.debugger.utils.DebuggerThread.run(DebuggerThread.java:42)
Caused by: java.net.SocketException: Socket closed
	at java.base/sun.nio.ch.NioSocketImpl.endRead(NioSocketImpl.java:248)
	at java.base/sun.nio.ch.NioSocketImpl.implRead(NioSocketImpl.java:327)
	at java.base/sun.nio.ch.NioSocketImpl.read(NioSocketImpl.java:350)
	at java.base/sun.nio.ch.NioSocketImpl$1.read(NioSocketImpl.java:803)
	at java.base/java.net.Socket$SocketInputStream.read(Socket.java:966)
	at org.robovm.debugger.utils.bytebuffer.DataBufferWriter.writeFromStream(DataBufferWriter.java:89)
	at org.robovm.debugger.jdwp.protocol.JdwpRequestHeader.readFromStream(JdwpRequestHeader.java:36)
	at org.robovm.debugger.jdwp.JdwpDebugServer.doSocketWork(JdwpDebugServer.java:185)
	... 2 more
