07:55:59.097 INFO: JdwpEventCenterDelegate: THREAD_STARTED: thread (33, main, main)
07:55:59.175 INFO: JdwpEventCenterDelegate: THREAD_STARTED: thread (48, ReferenceQueueDaemon, main)
07:55:59.176 INFO: JdwpEventCenterDelegate: THREAD_STARTED: thread (63, FinalizerDaemon, main)
07:55:59.177 INFO: JdwpEventCenterDelegate: THREAD_STARTED: thread (78, FinalizerWatchdogDaemon, main)
07:56:01.016 INFO: JdwpDebugServer: handling req: VirtualMachine(1).IDSizes(7)
07:56:01.018 INFO: JdwpDebugServer: handling req: EventRequest(15).Set(1)
07:56:01.018 INFO: JdwpEventCenterDelegate: jdwpSetEventRequest: JdwpEventRequest{requestId=100, eventKind=CLASS_UNLOAD, suspendPolicy=NONE, predicates=[]}
07:56:01.019 INFO: JdwpDebugServer: handling req: EventRequest(15).Set(1)
07:56:01.019 INFO: JdwpEventCenterDelegate: jdwpSetEventRequest: JdwpEventRequest{requestId=101, eventKind=THREAD_START, suspendPolicy=NONE, predicates=[]}
07:56:01.020 INFO: JdwpDebugServer: handling req: VirtualMachine(1).ClassesBySignature(2)
07:56:01.023 INFO: JdwpDebugServer: handling req: VirtualMachine(1).Version(1)
07:56:01.024 INFO: JdwpDebugServer: handling req: ReferenceType(2).MethodsWithGeneric(15)
07:56:01.027 INFO: JdwpDebugServer: handling req: Method(6).LineTable(1)
07:56:01.029 INFO: JdwpDebugServer: handling req: EventRequest(15).Set(1)
07:56:01.029 INFO: JdwpEventCenterDelegate: jdwpSetEventRequest: JdwpEventRequest{requestId=102, eventKind=BREAKPOINT, suspendPolicy=NONE, predicates=[Location{classId=845, methodId=257, index=928} ]}
07:56:01.030 INFO: JdwpDebugServer: handling req: EventRequest(15).Set(1)
07:56:01.030 INFO: JdwpEventCenterDelegate: jdwpSetEventRequest: JdwpEventRequest{requestId=103, eventKind=THREAD_DEATH, suspendPolicy=NONE, predicates=[]}
07:56:01.030 INFO: JdwpDebugServer: handling req: VirtualMachine(1).AllThreads(4)
07:56:01.031 INFO: JdwpDebugServer: handling req: ThreadReference(11).ThreadGroup(5)
07:56:01.031 INFO: JdwpDebugServer: handling req: ThreadGroup(12).Name(1)
07:56:01.032 INFO: JdwpDebugServer: handling req: ThreadGroup(12).Parent(2)
07:56:01.032 INFO: JdwpDebugServer: handling req: ObjectReference(9).ReferenceType(1)
07:56:01.032 INFO: JdwpDebugServer: handling req: ReferenceType(2).FieldsWithGeneric(14)
07:56:01.033 INFO: JdwpDebugServer: handling req: ReferenceType(2).Interfaces(10)
07:56:01.034 INFO: JdwpDebugServer: handling req: ReferenceType(2).FieldsWithGeneric(14)
07:56:01.034 INFO: JdwpDebugServer: handling req: ReferenceType(2).Interfaces(10)
07:56:01.034 INFO: JdwpDebugServer: handling req: ClassType(3).Superclass(1)
07:56:01.034 INFO: JdwpDebugServer: handling req: ReferenceType(2).FieldsWithGeneric(14)
07:56:01.035 INFO: JdwpDebugServer: handling req: ReferenceType(2).Interfaces(10)
07:56:01.036 INFO: JdwpDebugServer: handling req: ClassType(3).Superclass(1)
07:56:01.036 INFO: JdwpDebugServer: handling req: ObjectReference(9).GetValues(2)
07:56:01.038 INFO: JdwpDebugServer: handling req: ThreadReference(11).Status(4)
07:56:01.038 INFO: JdwpDebugServer: handling req: ThreadReference(11).Status(4)
07:56:01.038 INFO: JdwpDebugServer: handling req: ThreadReference(11).ThreadGroup(5)
07:56:01.038 INFO: JdwpDebugServer: handling req: ObjectReference(9).ReferenceType(1)
07:56:01.039 INFO: JdwpDebugServer: handling req: ObjectReference(9).GetValues(2)
07:56:01.039 INFO: JdwpDebugServer: handling req: ThreadReference(11).Status(4)
07:56:01.039 INFO: JdwpDebugServer: handling req: ThreadReference(11).Status(4)
07:56:01.039 INFO: JdwpDebugServer: handling req: ThreadReference(11).ThreadGroup(5)
07:56:01.040 INFO: JdwpDebugServer: handling req: ObjectReference(9).ReferenceType(1)
07:56:01.040 INFO: JdwpDebugServer: handling req: ObjectReference(9).GetValues(2)
07:56:01.040 INFO: JdwpDebugServer: handling req: ThreadReference(11).Status(4)
07:56:01.040 INFO: JdwpDebugServer: handling req: ThreadReference(11).Status(4)
07:56:01.040 INFO: JdwpDebugServer: handling req: ThreadReference(11).ThreadGroup(5)
07:56:01.040 INFO: JdwpDebugServer: handling req: ObjectReference(9).ReferenceType(1)
07:56:01.041 INFO: JdwpDebugServer: handling req: ObjectReference(9).GetValues(2)
07:56:01.041 INFO: JdwpDebugServer: handling req: ThreadReference(11).Status(4)
07:56:01.041 INFO: JdwpDebugServer: handling req: ThreadReference(11).Status(4)
07:56:01.045 INFO: JdwpDebugServer: handling req: EventRequest(15).Set(1)
07:56:01.045 INFO: JdwpEventCenterDelegate: jdwpSetEventRequest: JdwpEventRequest{requestId=104, eventKind=CLASS_PREPARE, suspendPolicy=EVENT_THREAD, predicates=[className=com.badlogic.gdx.graphics.g2d.PolygonSpriteBatch]}
07:56:01.051 INFO: JdwpDebugServer: handling req: EventRequest(15).Set(1)
07:56:01.052 INFO: JdwpEventCenterDelegate: jdwpSetEventRequest: JdwpEventRequest{requestId=105, eventKind=CLASS_PREPARE, suspendPolicy=EVENT_THREAD, predicates=[className=com.badlogic.gdx.graphics.g2d.PolygonSpriteBatch$*]}
07:56:01.053 INFO: JdwpDebugServer: handling req: VirtualMachine(1).ClassesBySignature(2)
07:56:01.053 INFO: JdwpDebugServer: handling req: ReferenceType(2).MethodsWithGeneric(15)
07:56:01.055 INFO: JdwpDebugServer: handling req: Method(6).LineTable(1)
07:56:01.055 INFO: JdwpDebugServer: handling req: Method(6).LineTable(1)
07:56:01.055 INFO: JdwpDebugServer: handling req: Method(6).LineTable(1)
07:56:01.056 INFO: JdwpDebugServer: handling req: Method(6).LineTable(1)
07:56:01.056 INFO: JdwpDebugServer: handling req: Method(6).LineTable(1)
07:56:01.056 INFO: JdwpDebugServer: handling req: Method(6).LineTable(1)
07:56:01.057 INFO: JdwpDebugServer: handling req: Method(6).LineTable(1)
07:56:01.057 INFO: JdwpDebugServer: handling req: Method(6).LineTable(1)
07:56:01.057 INFO: JdwpDebugServer: handling req: Method(6).LineTable(1)
07:56:01.057 INFO: JdwpDebugServer: handling req: Method(6).LineTable(1)
07:56:01.057 INFO: JdwpDebugServer: handling req: Method(6).LineTable(1)
07:56:01.057 INFO: JdwpDebugServer: handling req: Method(6).LineTable(1)
07:56:01.058 INFO: JdwpDebugServer: handling req: Method(6).LineTable(1)
07:56:01.058 INFO: JdwpDebugServer: handling req: Method(6).LineTable(1)
07:56:01.058 INFO: JdwpDebugServer: handling req: Method(6).LineTable(1)
07:56:01.058 INFO: JdwpDebugServer: handling req: Method(6).LineTable(1)
07:56:01.058 INFO: JdwpDebugServer: handling req: Method(6).LineTable(1)
07:56:01.059 INFO: JdwpDebugServer: handling req: Method(6).LineTable(1)
07:56:01.059 INFO: JdwpDebugServer: handling req: Method(6).LineTable(1)
07:56:01.059 INFO: JdwpDebugServer: handling req: Method(6).LineTable(1)
07:56:01.059 INFO: JdwpDebugServer: handling req: Method(6).LineTable(1)
07:56:01.059 INFO: JdwpDebugServer: handling req: Method(6).LineTable(1)
07:56:01.059 INFO: JdwpDebugServer: handling req: Method(6).LineTable(1)
07:56:01.060 INFO: JdwpDebugServer: handling req: Method(6).LineTable(1)
07:56:01.060 INFO: JdwpDebugServer: handling req: Method(6).LineTable(1)
07:56:01.060 INFO: JdwpDebugServer: handling req: Method(6).LineTable(1)
07:56:01.060 INFO: JdwpDebugServer: handling req: Method(6).LineTable(1)
07:56:01.060 INFO: JdwpDebugServer: handling req: Method(6).LineTable(1)
07:56:01.060 INFO: JdwpDebugServer: handling req: Method(6).LineTable(1)
07:56:01.061 INFO: JdwpDebugServer: handling req: Method(6).LineTable(1)
07:56:01.061 INFO: JdwpDebugServer: handling req: Method(6).LineTable(1)
07:56:01.061 INFO: JdwpDebugServer: handling req: Method(6).LineTable(1)
07:56:01.062 INFO: JdwpDebugServer: handling req: Method(6).LineTable(1)
07:56:01.062 INFO: JdwpDebugServer: handling req: Method(6).LineTable(1)
07:56:01.062 INFO: JdwpDebugServer: handling req: Method(6).LineTable(1)
07:56:01.062 INFO: JdwpDebugServer: handling req: Method(6).LineTable(1)
07:56:01.063 INFO: JdwpDebugServer: handling req: Method(6).LineTable(1)
07:56:01.063 INFO: JdwpDebugServer: handling req: Method(6).LineTable(1)
07:56:01.063 INFO: JdwpDebugServer: handling req: Method(6).LineTable(1)
07:56:01.063 INFO: JdwpDebugServer: handling req: Method(6).LineTable(1)
07:56:01.063 INFO: JdwpDebugServer: handling req: Method(6).LineTable(1)
07:56:01.063 INFO: JdwpDebugServer: handling req: Method(6).LineTable(1)
07:56:01.064 INFO: JdwpDebugServer: handling req: Method(6).LineTable(1)
07:56:01.064 INFO: JdwpDebugServer: handling req: Method(6).LineTable(1)
07:56:01.064 INFO: JdwpDebugServer: handling req: Method(6).LineTable(1)
07:56:01.064 INFO: JdwpDebugServer: handling req: Method(6).LineTable(1)
07:56:01.064 INFO: JdwpDebugServer: handling req: Method(6).LineTable(1)
07:56:01.065 INFO: JdwpDebugServer: handling req: EventRequest(15).Set(1)
07:56:01.065 INFO: JdwpEventCenterDelegate: jdwpSetEventRequest: JdwpEventRequest{requestId=106, eventKind=BREAKPOINT, suspendPolicy=EVENT_THREAD, predicates=[Location{classId=15500, methodId=1122, index=142} ]}
07:56:01.065 INFO: JdwpDebugServer: handling req: ReferenceType(2).Signature(1)
07:56:01.069 INFO: JdwpDebugServer: handling req: EventRequest(15).Set(1)
07:56:01.069 INFO: JdwpEventCenterDelegate: jdwpSetEventRequest: JdwpEventRequest{requestId=107, eventKind=CLASS_PREPARE, suspendPolicy=EVENT_THREAD, predicates=[className=com.badlogic.gdx.graphics.g2d.SpriteBatch]}
07:56:01.071 INFO: JdwpDebugServer: handling req: EventRequest(15).Set(1)
07:56:01.071 INFO: JdwpEventCenterDelegate: jdwpSetEventRequest: JdwpEventRequest{requestId=108, eventKind=CLASS_PREPARE, suspendPolicy=EVENT_THREAD, predicates=[className=com.badlogic.gdx.graphics.g2d.SpriteBatch$*]}
07:56:01.072 INFO: JdwpDebugServer: handling req: VirtualMachine(1).ClassesBySignature(2)
07:56:01.072 INFO: JdwpDebugServer: handling req: ReferenceType(2).MethodsWithGeneric(15)
07:56:01.072 INFO: JdwpDebugServer: handling req: Method(6).LineTable(1)
07:56:01.073 INFO: JdwpDebugServer: handling req: Method(6).LineTable(1)
07:56:01.073 INFO: JdwpDebugServer: handling req: Method(6).LineTable(1)
07:56:01.073 INFO: JdwpDebugServer: handling req: Method(6).LineTable(1)
07:56:01.073 INFO: JdwpDebugServer: handling req: Method(6).LineTable(1)
07:56:01.073 INFO: JdwpDebugServer: handling req: Method(6).LineTable(1)
07:56:01.073 INFO: JdwpDebugServer: handling req: Method(6).LineTable(1)
07:56:01.074 INFO: JdwpDebugServer: handling req: Method(6).LineTable(1)
07:56:01.074 INFO: JdwpDebugServer: handling req: Method(6).LineTable(1)
07:56:01.074 INFO: JdwpDebugServer: handling req: Method(6).LineTable(1)
07:56:01.074 INFO: JdwpDebugServer: handling req: Method(6).LineTable(1)
07:56:01.074 INFO: JdwpDebugServer: handling req: Method(6).LineTable(1)
07:56:01.075 INFO: JdwpDebugServer: handling req: Method(6).LineTable(1)
07:56:01.075 INFO: JdwpDebugServer: handling req: Method(6).LineTable(1)
07:56:01.075 INFO: JdwpDebugServer: handling req: Method(6).LineTable(1)
07:56:01.075 INFO: JdwpDebugServer: handling req: Method(6).LineTable(1)
07:56:01.075 INFO: JdwpDebugServer: handling req: Method(6).LineTable(1)
07:56:01.075 INFO: JdwpDebugServer: handling req: Method(6).LineTable(1)
07:56:01.075 INFO: JdwpDebugServer: handling req: Method(6).LineTable(1)
07:56:01.076 INFO: JdwpDebugServer: handling req: Method(6).LineTable(1)
07:56:01.076 INFO: JdwpDebugServer: handling req: Method(6).LineTable(1)
07:56:01.076 INFO: JdwpDebugServer: handling req: Method(6).LineTable(1)
07:56:01.076 INFO: JdwpDebugServer: handling req: Method(6).LineTable(1)
07:56:01.076 INFO: JdwpDebugServer: handling req: Method(6).LineTable(1)
07:56:01.076 INFO: JdwpDebugServer: handling req: Method(6).LineTable(1)
07:56:01.077 INFO: JdwpDebugServer: handling req: Method(6).LineTable(1)
07:56:01.077 INFO: JdwpDebugServer: handling req: Method(6).LineTable(1)
07:56:01.077 INFO: JdwpDebugServer: handling req: Method(6).LineTable(1)
07:56:01.077 INFO: JdwpDebugServer: handling req: Method(6).LineTable(1)
07:56:01.077 INFO: JdwpDebugServer: handling req: Method(6).LineTable(1)
07:56:01.077 INFO: JdwpDebugServer: handling req: Method(6).LineTable(1)
07:56:01.077 INFO: JdwpDebugServer: handling req: Method(6).LineTable(1)
07:56:01.078 INFO: JdwpDebugServer: handling req: Method(6).LineTable(1)
07:56:01.078 INFO: JdwpDebugServer: handling req: Method(6).LineTable(1)
07:56:01.078 INFO: JdwpDebugServer: handling req: Method(6).LineTable(1)
07:56:01.078 INFO: JdwpDebugServer: handling req: Method(6).LineTable(1)
07:56:01.078 INFO: JdwpDebugServer: handling req: Method(6).LineTable(1)
07:56:01.078 INFO: JdwpDebugServer: handling req: Method(6).LineTable(1)
07:56:01.078 INFO: JdwpDebugServer: handling req: Method(6).LineTable(1)
07:56:01.079 INFO: JdwpDebugServer: handling req: Method(6).LineTable(1)
07:56:01.079 INFO: JdwpDebugServer: handling req: Method(6).LineTable(1)
07:56:01.079 INFO: JdwpDebugServer: handling req: Method(6).LineTable(1)
07:56:01.079 INFO: JdwpDebugServer: handling req: Method(6).LineTable(1)
07:56:01.079 INFO: JdwpDebugServer: handling req: Method(6).LineTable(1)
07:56:01.079 INFO: JdwpDebugServer: handling req: EventRequest(15).Set(1)
07:56:01.079 INFO: JdwpEventCenterDelegate: jdwpSetEventRequest: JdwpEventRequest{requestId=109, eventKind=BREAKPOINT, suspendPolicy=EVENT_THREAD, predicates=[Location{classId=18040, methodId=1357, index=163} ]}
07:56:01.080 INFO: JdwpDebugServer: handling req: ReferenceType(2).Signature(1)
07:56:01.080 INFO: JdwpDebugServer: handling req: EventRequest(15).Set(1)
07:56:01.080 INFO: JdwpEventCenterDelegate: jdwpSetEventRequest: JdwpEventRequest{requestId=110, eventKind=CLASS_PREPARE, suspendPolicy=EVENT_THREAD, predicates=[className=com.badlogic.gdx.graphics.g2d.PolygonSpriteBatch]}
07:56:01.081 INFO: JdwpDebugServer: handling req: EventRequest(15).Set(1)
07:56:01.081 INFO: JdwpEventCenterDelegate: jdwpSetEventRequest: JdwpEventRequest{requestId=111, eventKind=CLASS_PREPARE, suspendPolicy=EVENT_THREAD, predicates=[className=com.badlogic.gdx.graphics.g2d.PolygonSpriteBatch$*]}
07:56:01.082 INFO: JdwpDebugServer: handling req: VirtualMachine(1).ClassesBySignature(2)
07:56:01.082 INFO: JdwpDebugServer: handling req: EventRequest(15).Set(1)
07:56:01.082 INFO: JdwpEventCenterDelegate: jdwpSetEventRequest: JdwpEventRequest{requestId=112, eventKind=BREAKPOINT, suspendPolicy=EVENT_THREAD, predicates=[Location{classId=15500, methodId=1122, index=141} ]}
07:56:01.083 INFO: JdwpDebugServer: handling req: EventRequest(15).Set(1)
07:56:01.083 INFO: JdwpEventCenterDelegate: jdwpSetEventRequest: JdwpEventRequest{requestId=113, eventKind=CLASS_PREPARE, suspendPolicy=EVENT_THREAD, predicates=[className=java.lang.Throwable]}
07:56:01.084 INFO: JdwpDebugServer: handling req: EventRequest(15).Set(1)
07:56:01.084 INFO: JdwpEventCenterDelegate: jdwpSetEventRequest: JdwpEventRequest{requestId=114, eventKind=CLASS_PREPARE, suspendPolicy=EVENT_THREAD, predicates=[className=java.lang.Throwable$*]}
07:56:01.085 INFO: JdwpDebugServer: handling req: VirtualMachine(1).ClassesBySignature(2)
07:56:01.085 INFO: JdwpDebugServer: handling req: ReferenceType(2).MethodsWithGeneric(15)
07:56:01.085 INFO: JdwpDebugServer: handling req: Method(6).LineTable(1)
07:56:01.085 INFO: JdwpDebugServer: handling req: Method(6).LineTable(1)
07:56:01.086 INFO: JdwpDebugServer: handling req: Method(6).LineTable(1)
07:56:01.086 INFO: JdwpDebugServer: handling req: Method(6).LineTable(1)
07:56:01.086 INFO: JdwpDebugServer: handling req: Method(6).LineTable(1)
07:56:01.086 INFO: JdwpDebugServer: handling req: Method(6).LineTable(1)
07:56:01.086 INFO: JdwpDebugServer: handling req: Method(6).LineTable(1)
07:56:01.086 INFO: JdwpDebugServer: handling req: Method(6).LineTable(1)
07:56:01.086 INFO: JdwpDebugServer: handling req: Method(6).LineTable(1)
07:56:01.086 INFO: JdwpDebugServer: handling req: Method(6).LineTable(1)
07:56:01.087 INFO: JdwpDebugServer: handling req: Method(6).LineTable(1)
07:56:01.087 INFO: JdwpDebugServer: handling req: Method(6).LineTable(1)
07:56:01.087 INFO: JdwpDebugServer: handling req: Method(6).LineTable(1)
07:56:01.087 INFO: JdwpDebugServer: handling req: Method(6).LineTable(1)
07:56:01.087 INFO: JdwpDebugServer: handling req: Method(6).LineTable(1)
07:56:01.087 INFO: JdwpDebugServer: handling req: Method(6).LineTable(1)
07:56:01.087 INFO: JdwpDebugServer: handling req: Method(6).LineTable(1)
07:56:01.088 INFO: JdwpDebugServer: handling req: Method(6).LineTable(1)
07:56:01.088 INFO: JdwpDebugServer: handling req: Method(6).LineTable(1)
07:56:01.088 INFO: JdwpDebugServer: handling req: Method(6).LineTable(1)
07:56:01.088 INFO: JdwpDebugServer: handling req: Method(6).LineTable(1)
07:56:01.088 INFO: JdwpDebugServer: handling req: Method(6).LineTable(1)
07:56:01.088 INFO: JdwpDebugServer: handling req: Method(6).LineTable(1)
07:56:01.088 INFO: JdwpDebugServer: handling req: Method(6).LineTable(1)
07:56:01.089 INFO: JdwpDebugServer: handling req: VirtualMachine(1).ClassesBySignature(2)
07:56:01.089 INFO: JdwpDebugServer: handling req: VirtualMachine(1).AllClassesWithGeneric(20)
07:56:01.103 INFO: JdwpDebugServer: handling req: EventRequest(15).Set(1)
07:56:01.103 INFO: JdwpEventCenterDelegate: jdwpSetEventRequest: JdwpEventRequest{requestId=115, eventKind=CLASS_PREPARE, suspendPolicy=EVENT_THREAD, predicates=[className=com.badlogic.gdx.utils.ScreenUtils]}
07:56:01.105 INFO: JdwpDebugServer: handling req: EventRequest(15).Set(1)
07:56:01.106 INFO: JdwpEventCenterDelegate: jdwpSetEventRequest: JdwpEventRequest{requestId=116, eventKind=CLASS_PREPARE, suspendPolicy=EVENT_THREAD, predicates=[className=com.badlogic.gdx.utils.ScreenUtils$*]}
07:56:01.107 INFO: JdwpDebugServer: handling req: VirtualMachine(1).ClassesBySignature(2)
07:56:01.107 INFO: JdwpDebugServer: handling req: ReferenceType(2).MethodsWithGeneric(15)
07:56:01.107 INFO: JdwpDebugServer: handling req: Method(6).LineTable(1)
07:56:01.107 INFO: JdwpDebugServer: handling req: Method(6).LineTable(1)
07:56:01.108 INFO: JdwpDebugServer: handling req: Method(6).LineTable(1)
07:56:01.108 INFO: JdwpDebugServer: handling req: Method(6).LineTable(1)
07:56:01.108 INFO: JdwpDebugServer: handling req: Method(6).LineTable(1)
07:56:01.108 INFO: JdwpDebugServer: handling req: Method(6).LineTable(1)
07:56:01.108 INFO: JdwpDebugServer: handling req: Method(6).LineTable(1)
07:56:01.108 INFO: JdwpDebugServer: handling req: Method(6).LineTable(1)
07:56:01.108 INFO: JdwpDebugServer: handling req: Method(6).LineTable(1)
07:56:01.109 INFO: JdwpDebugServer: handling req: Method(6).LineTable(1)
07:56:01.109 INFO: JdwpDebugServer: handling req: EventRequest(15).Set(1)
07:56:01.109 INFO: JdwpEventCenterDelegate: jdwpSetEventRequest: JdwpEventRequest{requestId=117, eventKind=BREAKPOINT, suspendPolicy=EVENT_THREAD, predicates=[Location{classId=22240, methodId=1727, index=89} ]}
07:56:01.109 INFO: JdwpDebugServer: handling req: EventRequest(15).Set(1)
07:56:01.109 INFO: JdwpEventCenterDelegate: jdwpSetEventRequest: JdwpEventRequest{requestId=118, eventKind=CLASS_PREPARE, suspendPolicy=EVENT_THREAD, predicates=[className=com.badlogic.gdx.utils.ScreenUtils]}
07:56:01.110 INFO: JdwpDebugServer: handling req: EventRequest(15).Set(1)
07:56:01.110 INFO: JdwpEventCenterDelegate: jdwpSetEventRequest: JdwpEventRequest{requestId=119, eventKind=CLASS_PREPARE, suspendPolicy=EVENT_THREAD, predicates=[className=com.badlogic.gdx.utils.ScreenUtils$*]}
07:56:01.111 INFO: JdwpDebugServer: handling req: VirtualMachine(1).ClassesBySignature(2)
07:56:01.111 INFO: JdwpDebugServer: handling req: EventRequest(15).Set(1)
07:56:01.111 INFO: JdwpEventCenterDelegate: jdwpSetEventRequest: JdwpEventRequest{requestId=120, eventKind=BREAKPOINT, suspendPolicy=EVENT_THREAD, predicates=[Location{classId=22240, methodId=1722, index=72} ]}
07:56:01.112 INFO: JdwpDebugServer: handling req: EventRequest(15).Set(1)
07:56:01.112 INFO: JdwpEventCenterDelegate: jdwpSetEventRequest: JdwpEventRequest{requestId=121, eventKind=CLASS_PREPARE, suspendPolicy=EVENT_THREAD, predicates=[className=com.scottlogic.util.ShaderProgramFactory]}
07:56:01.113 INFO: JdwpDebugServer: handling req: EventRequest(15).Set(1)
07:56:01.113 INFO: JdwpEventCenterDelegate: jdwpSetEventRequest: JdwpEventRequest{requestId=122, eventKind=CLASS_PREPARE, suspendPolicy=EVENT_THREAD, predicates=[className=com.scottlogic.util.ShaderProgramFactory$*]}
07:56:01.114 INFO: JdwpDebugServer: handling req: VirtualMachine(1).ClassesBySignature(2)
07:56:01.114 INFO: JdwpDebugServer: handling req: ReferenceType(2).MethodsWithGeneric(15)
07:56:01.115 INFO: JdwpDebugServer: handling req: Method(6).LineTable(1)
07:56:01.115 INFO: JdwpDebugServer: handling req: Method(6).LineTable(1)
07:56:01.115 INFO: JdwpDebugServer: handling req: Method(6).LineTable(1)
07:56:01.116 INFO: JdwpDebugServer: handling req: Method(6).LineTable(1)
07:56:01.116 INFO: JdwpDebugServer: handling req: Method(6).LineTable(1)
07:56:01.116 INFO: JdwpDebugServer: handling req: EventRequest(15).Set(1)
07:56:01.116 INFO: JdwpEventCenterDelegate: jdwpSetEventRequest: JdwpEventRequest{requestId=123, eventKind=BREAKPOINT, suspendPolicy=EVENT_THREAD, predicates=[Location{classId=20400, methodId=1762, index=106} ]}
07:56:01.117 INFO: JdwpDebugServer: handling req: VirtualMachine(1).capabilitiesNew(17)
07:56:01.122 INFO: JdwpDebugServer: handling req: EventRequest(15).Set(1)
07:56:01.122 INFO: JdwpEventCenterDelegate: jdwpSetEventRequest: JdwpEventRequest{requestId=124, eventKind=CLASS_PREPARE, suspendPolicy=EVENT_THREAD, predicates=[className=java.lang.Error]}
07:56:01.123 INFO: JdwpDebugServer: handling req: EventRequest(15).Set(1)
07:56:01.123 INFO: JdwpEventCenterDelegate: jdwpSetEventRequest: JdwpEventRequest{requestId=125, eventKind=CLASS_PREPARE, suspendPolicy=EVENT_THREAD, predicates=[className=java.lang.Error$*]}
07:56:01.124 INFO: JdwpDebugServer: handling req: VirtualMachine(1).ClassesBySignature(2)
07:56:01.125 INFO: JdwpDebugServer: handling req: EventRequest(15).Set(1)
07:56:01.125 INFO: JdwpEventCenterDelegate: jdwpSetEventRequest: JdwpEventRequest{requestId=126, eventKind=EXCEPTION, suspendPolicy=EVENT_THREAD, predicates=[exceptionType=3425(caught=true, uncaught=true)]}
07:56:01.164 INFO: JdwpDebugServer: handling req: EventRequest(15).Set(1)
07:56:01.165 INFO: JdwpEventCenterDelegate: jdwpSetEventRequest: JdwpEventRequest{requestId=127, eventKind=CLASS_PREPARE, suspendPolicy=EVENT_THREAD, predicates=[className=java.lang.Throwable]}
07:56:01.166 INFO: JdwpDebugServer: handling req: EventRequest(15).Set(1)
07:56:01.166 INFO: JdwpEventCenterDelegate: jdwpSetEventRequest: JdwpEventRequest{requestId=128, eventKind=CLASS_PREPARE, suspendPolicy=EVENT_THREAD, predicates=[className=java.lang.Throwable$*]}
07:56:01.167 INFO: JdwpDebugServer: handling req: VirtualMachine(1).ClassesBySignature(2)
07:56:01.167 INFO: JdwpDebugServer: handling req: EventRequest(15).Set(1)
07:56:01.167 INFO: JdwpEventCenterDelegate: jdwpSetEventRequest: JdwpEventRequest{requestId=129, eventKind=EXCEPTION, suspendPolicy=EVENT_THREAD, predicates=[exceptionType=7695(caught=false, uncaught=true)]}
07:56:01.170 INFO: JdwpDebugServer: handling req: ThreadReference(11).SuspendCount(12)
07:56:01.170 INFO: JdwpDebugServer: handling req: ThreadReference(11).SuspendCount(12)
07:56:01.170 INFO: JdwpDebugServer: handling req: ThreadReference(11).SuspendCount(12)
07:56:01.170 INFO: JdwpDebugServer: handling req: ThreadReference(11).SuspendCount(12)
07:56:01.170 INFO: JdwpDebugServer: handling req: VirtualMachine(1).AllThreads(4)
07:56:01.170 INFO: JdwpDebugServer: handling req: VirtualMachine(1).Resume(9)
07:56:01.263 INFO: JdwpEventCenterDelegate: THREAD_RESUMED: thread (33, main, main)
07:56:01.264 INFO: JdwpEventCenterDelegate: THREAD_RESUMED: thread (33, main, main)
07:56:01.264 INFO: JdwpEventCenterDelegate: THREAD_RESUMED: thread (33, main, main)
07:56:01.265 INFO: JdwpEventCenterDelegate: THREAD_RESUMED: thread (33, main, main)
07:56:01.265 INFO: JdwpEventCenterDelegate: THREAD_RESUMED: thread (33, main, main)
07:56:01.266 INFO: JdwpEventCenterDelegate: THREAD_RESUMED: thread (33, main, main)
07:56:01.267 INFO: JdwpEventCenterDelegate: THREAD_RESUMED: thread (33, main, main)
07:56:01.269 INFO: JdwpEventCenterDelegate: THREAD_RESUMED: thread (33, main, main)
07:56:01.270 INFO: JdwpEventCenterDelegate: THREAD_RESUMED: thread (33, main, main)
07:56:01.270 INFO: JdwpEventCenterDelegate: THREAD_RESUMED: thread (33, main, main)
07:56:01.271 INFO: JdwpEventCenterDelegate: THREAD_RESUMED: thread (33, main, main)
07:56:01.277 INFO: JdwpEventCenterDelegate: THREAD_RESUMED: thread (33, main, main)
07:56:01.277 INFO: JdwpEventCenterDelegate: THREAD_RESUMED: thread (33, main, main)
07:56:01.277 INFO: JdwpEventCenterDelegate: THREAD_RESUMED: thread (33, main, main)
07:56:01.668 INFO: JdwpDebugServer: handling req: ThreadReference(11).Name(1)
07:56:01.670 INFO: JdwpDebugServer: handling req: ThreadReference(11).Name(1)
07:56:01.671 INFO: JdwpDebugServer: handling req: ThreadReference(11).Name(1)
07:56:01.671 INFO: JdwpDebugServer: handling req: ThreadReference(11).Name(1)
07:57:29.287 INFO: JdwpDebugServer: handling req: EventRequest(15).Set(1)
07:57:29.288 INFO: JdwpEventCenterDelegate: jdwpSetEventRequest: JdwpEventRequest{requestId=130, eventKind=CLASS_PREPARE, suspendPolicy=EVENT_THREAD, predicates=[className=com.abdalla.bushnaq.pluvia.launcher.IOSLauncher]}
07:57:29.291 INFO: JdwpDebugServer: handling req: EventRequest(15).Set(1)
07:57:29.291 INFO: JdwpEventCenterDelegate: jdwpSetEventRequest: JdwpEventRequest{requestId=131, eventKind=CLASS_PREPARE, suspendPolicy=EVENT_THREAD, predicates=[className=com.abdalla.bushnaq.pluvia.launcher.IOSLauncher$*]}
07:57:29.292 INFO: JdwpDebugServer: handling req: VirtualMachine(1).ClassesBySignature(2)
07:57:29.293 INFO: JdwpDebugServer: handling req: ReferenceType(2).MethodsWithGeneric(15)
07:57:29.294 INFO: JdwpDebugServer: handling req: Method(6).LineTable(1)
07:57:29.294 INFO: JdwpDebugServer: handling req: Method(6).LineTable(1)
07:57:29.294 INFO: JdwpDebugServer: handling req: Method(6).LineTable(1)
07:57:29.294 INFO: JdwpDebugServer: handling req: Method(6).LineTable(1)
07:57:29.294 INFO: JdwpDebugServer: handling req: Method(6).LineTable(1)
07:57:29.294 INFO: JdwpDebugServer: handling req: Method(6).LineTable(1)
07:57:29.294 INFO: JdwpDebugServer: handling req: Method(6).LineTable(1)
07:57:29.294 INFO: JdwpDebugServer: handling req: Method(6).LineTable(1)
07:57:29.294 INFO: JdwpDebugServer: handling req: EventRequest(15).Set(1)
07:57:29.295 INFO: JdwpEventCenterDelegate: jdwpSetEventRequest: JdwpEventRequest{requestId=132, eventKind=BREAKPOINT, suspendPolicy=EVENT_THREAD, predicates=[Location{classId=12885, methodId=3877, index=45} ]}
07:57:31.950 INFO: JdwpDebugServer: handling req: VirtualMachine(1).Exit(10)
07:57:31.954 SEVERE: Debugger: Thread JDWP server socket thread crashed
org.robovm.debugger.DebuggerException: Terminating due exit command
	at org.robovm.debugger.jdwp.JdwpDebugServer.doSocketWork(JdwpDebugServer.java:211)
	at java.base/java.lang.Thread.run(Thread.java:833)
	at org.robovm.debugger.utils.DebuggerThread.run(DebuggerThread.java:42)
07:57:31.971 SEVERE: Debugger: Thread HooksChannel socket thread crashed
org.robovm.debugger.DebuggerException: java.nio.BufferUnderflowException
	at org.robovm.debugger.hooks.HooksChannel.doSocketWork(HooksChannel.java:149)
	at java.base/java.lang.Thread.run(Thread.java:833)
	at org.robovm.debugger.utils.DebuggerThread.run(DebuggerThread.java:42)
Caused by: java.nio.BufferUnderflowException
	at org.robovm.debugger.utils.bytebuffer.DataBufferWriter.writeFromStream(DataBufferWriter.java:91)
	at org.robovm.debugger.hooks.HooksChannel.doSocketWork(HooksChannel.java:116)
	... 2 more
