09:40:14.921 INFO: JdwpEventCenterDelegate: THREAD_STARTED: thread (33, main, main)
09:40:14.994 INFO: JdwpEventCenterDelegate: THREAD_STARTED: thread (48, ReferenceQueueDaemon, main)
09:40:14.994 INFO: JdwpEventCenterDelegate: THREAD_STARTED: thread (63, FinalizerDaemon, main)
09:40:14.995 INFO: JdwpEventCenterDelegate: THREAD_STARTED: thread (78, FinalizerWatchdogDaemon, main)
09:40:17.031 INFO: JdwpDebugServer: handling req: VirtualMachine(1).IDSizes(7)
09:40:17.032 INFO: JdwpDebugServer: handling req: EventRequest(15).Set(1)
09:40:17.033 INFO: JdwpEventCenterDelegate: jdwpSetEventRequest: JdwpEventRequest{requestId=100, eventKind=CLASS_UNLOAD, suspendPolicy=NONE, predicates=[]}
09:40:17.034 INFO: JdwpDebugServer: handling req: EventRequest(15).Set(1)
09:40:17.034 INFO: JdwpEventCenterDelegate: jdwpSetEventRequest: JdwpEventRequest{requestId=101, eventKind=THREAD_START, suspendPolicy=NONE, predicates=[]}
09:40:17.035 INFO: JdwpDebugServer: handling req: VirtualMachine(1).ClassesBySignature(2)
09:40:17.038 INFO: JdwpDebugServer: handling req: VirtualMachine(1).Version(1)
09:40:17.039 INFO: JdwpDebugServer: handling req: ReferenceType(2).MethodsWithGeneric(15)
09:40:17.041 INFO: JdwpDebugServer: handling req: Method(6).LineTable(1)
09:40:17.043 INFO: JdwpDebugServer: handling req: EventRequest(15).Set(1)
09:40:17.043 INFO: JdwpEventCenterDelegate: jdwpSetEventRequest: JdwpEventRequest{requestId=102, eventKind=BREAKPOINT, suspendPolicy=NONE, predicates=[Location{classId=845, methodId=257, index=928} ]}
09:40:17.044 INFO: JdwpDebugServer: handling req: EventRequest(15).Set(1)
09:40:17.044 INFO: JdwpEventCenterDelegate: jdwpSetEventRequest: JdwpEventRequest{requestId=103, eventKind=THREAD_DEATH, suspendPolicy=NONE, predicates=[]}
09:40:17.044 INFO: JdwpDebugServer: handling req: VirtualMachine(1).AllThreads(4)
09:40:17.045 INFO: JdwpDebugServer: handling req: ThreadReference(11).ThreadGroup(5)
09:40:17.045 INFO: JdwpDebugServer: handling req: ThreadGroup(12).Name(1)
09:40:17.046 INFO: JdwpDebugServer: handling req: ThreadGroup(12).Parent(2)
09:40:17.046 INFO: JdwpDebugServer: handling req: ObjectReference(9).ReferenceType(1)
09:40:17.047 INFO: JdwpDebugServer: handling req: ReferenceType(2).FieldsWithGeneric(14)
09:40:17.048 INFO: JdwpDebugServer: handling req: ReferenceType(2).Interfaces(10)
09:40:17.049 INFO: JdwpDebugServer: handling req: ReferenceType(2).FieldsWithGeneric(14)
09:40:17.049 INFO: JdwpDebugServer: handling req: ReferenceType(2).Interfaces(10)
09:40:17.049 INFO: JdwpDebugServer: handling req: ClassType(3).Superclass(1)
09:40:17.050 INFO: JdwpDebugServer: handling req: ReferenceType(2).FieldsWithGeneric(14)
09:40:17.050 INFO: JdwpDebugServer: handling req: ReferenceType(2).Interfaces(10)
09:40:17.050 INFO: JdwpDebugServer: handling req: ClassType(3).Superclass(1)
09:40:17.051 INFO: JdwpDebugServer: handling req: ObjectReference(9).GetValues(2)
09:40:17.053 INFO: JdwpDebugServer: handling req: ThreadReference(11).Status(4)
09:40:17.053 INFO: JdwpDebugServer: handling req: ThreadReference(11).Status(4)
09:40:17.053 INFO: JdwpDebugServer: handling req: ThreadReference(11).ThreadGroup(5)
09:40:17.053 INFO: JdwpDebugServer: handling req: ObjectReference(9).ReferenceType(1)
09:40:17.054 INFO: JdwpDebugServer: handling req: ObjectReference(9).GetValues(2)
09:40:17.054 INFO: JdwpDebugServer: handling req: ThreadReference(11).Status(4)
09:40:17.055 INFO: JdwpDebugServer: handling req: ThreadReference(11).Status(4)
09:40:17.055 INFO: JdwpDebugServer: handling req: ThreadReference(11).ThreadGroup(5)
09:40:17.055 INFO: JdwpDebugServer: handling req: ObjectReference(9).ReferenceType(1)
09:40:17.055 INFO: JdwpDebugServer: handling req: ObjectReference(9).GetValues(2)
09:40:17.055 INFO: JdwpDebugServer: handling req: ThreadReference(11).Status(4)
09:40:17.056 INFO: JdwpDebugServer: handling req: ThreadReference(11).Status(4)
09:40:17.056 INFO: JdwpDebugServer: handling req: ThreadReference(11).ThreadGroup(5)
09:40:17.056 INFO: JdwpDebugServer: handling req: ObjectReference(9).ReferenceType(1)
09:40:17.056 INFO: JdwpDebugServer: handling req: ObjectReference(9).GetValues(2)
09:40:17.057 INFO: JdwpDebugServer: handling req: ThreadReference(11).Status(4)
09:40:17.057 INFO: JdwpDebugServer: handling req: ThreadReference(11).Status(4)
09:40:17.060 INFO: JdwpDebugServer: handling req: EventRequest(15).Set(1)
09:40:17.060 INFO: JdwpEventCenterDelegate: jdwpSetEventRequest: JdwpEventRequest{requestId=104, eventKind=CLASS_PREPARE, suspendPolicy=EVENT_THREAD, predicates=[className=com.badlogic.gdx.graphics.g2d.SpriteBatch]}
09:40:17.066 INFO: JdwpDebugServer: handling req: EventRequest(15).Set(1)
09:40:17.066 INFO: JdwpEventCenterDelegate: jdwpSetEventRequest: JdwpEventRequest{requestId=105, eventKind=CLASS_PREPARE, suspendPolicy=EVENT_THREAD, predicates=[className=com.badlogic.gdx.graphics.g2d.SpriteBatch$*]}
09:40:17.067 INFO: JdwpDebugServer: handling req: VirtualMachine(1).ClassesBySignature(2)
09:40:17.068 INFO: JdwpDebugServer: handling req: ReferenceType(2).MethodsWithGeneric(15)
09:40:17.069 INFO: JdwpDebugServer: handling req: Method(6).LineTable(1)
09:40:17.069 INFO: JdwpDebugServer: handling req: Method(6).LineTable(1)
09:40:17.069 INFO: JdwpDebugServer: handling req: Method(6).LineTable(1)
09:40:17.069 INFO: JdwpDebugServer: handling req: Method(6).LineTable(1)
09:40:17.070 INFO: JdwpDebugServer: handling req: Method(6).LineTable(1)
09:40:17.070 INFO: JdwpDebugServer: handling req: Method(6).LineTable(1)
09:40:17.070 INFO: JdwpDebugServer: handling req: Method(6).LineTable(1)
09:40:17.070 INFO: JdwpDebugServer: handling req: Method(6).LineTable(1)
09:40:17.070 INFO: JdwpDebugServer: handling req: Method(6).LineTable(1)
09:40:17.070 INFO: JdwpDebugServer: handling req: Method(6).LineTable(1)
09:40:17.070 INFO: JdwpDebugServer: handling req: Method(6).LineTable(1)
09:40:17.071 INFO: JdwpDebugServer: handling req: Method(6).LineTable(1)
09:40:17.071 INFO: JdwpDebugServer: handling req: Method(6).LineTable(1)
09:40:17.071 INFO: JdwpDebugServer: handling req: Method(6).LineTable(1)
09:40:17.071 INFO: JdwpDebugServer: handling req: Method(6).LineTable(1)
09:40:17.071 INFO: JdwpDebugServer: handling req: Method(6).LineTable(1)
09:40:17.071 INFO: JdwpDebugServer: handling req: Method(6).LineTable(1)
09:40:17.071 INFO: JdwpDebugServer: handling req: Method(6).LineTable(1)
09:40:17.072 INFO: JdwpDebugServer: handling req: Method(6).LineTable(1)
09:40:17.072 INFO: JdwpDebugServer: handling req: Method(6).LineTable(1)
09:40:17.072 INFO: JdwpDebugServer: handling req: Method(6).LineTable(1)
09:40:17.072 INFO: JdwpDebugServer: handling req: Method(6).LineTable(1)
09:40:17.072 INFO: JdwpDebugServer: handling req: Method(6).LineTable(1)
09:40:17.072 INFO: JdwpDebugServer: handling req: Method(6).LineTable(1)
09:40:17.073 INFO: JdwpDebugServer: handling req: Method(6).LineTable(1)
09:40:17.073 INFO: JdwpDebugServer: handling req: Method(6).LineTable(1)
09:40:17.073 INFO: JdwpDebugServer: handling req: Method(6).LineTable(1)
09:40:17.073 INFO: JdwpDebugServer: handling req: Method(6).LineTable(1)
09:40:17.073 INFO: JdwpDebugServer: handling req: Method(6).LineTable(1)
09:40:17.073 INFO: JdwpDebugServer: handling req: Method(6).LineTable(1)
09:40:17.074 INFO: JdwpDebugServer: handling req: Method(6).LineTable(1)
09:40:17.074 INFO: JdwpDebugServer: handling req: Method(6).LineTable(1)
09:40:17.074 INFO: JdwpDebugServer: handling req: Method(6).LineTable(1)
09:40:17.074 INFO: JdwpDebugServer: handling req: Method(6).LineTable(1)
09:40:17.074 INFO: JdwpDebugServer: handling req: Method(6).LineTable(1)
09:40:17.074 INFO: JdwpDebugServer: handling req: Method(6).LineTable(1)
09:40:17.074 INFO: JdwpDebugServer: handling req: Method(6).LineTable(1)
09:40:17.074 INFO: JdwpDebugServer: handling req: Method(6).LineTable(1)
09:40:17.075 INFO: JdwpDebugServer: handling req: Method(6).LineTable(1)
09:40:17.075 INFO: JdwpDebugServer: handling req: Method(6).LineTable(1)
09:40:17.075 INFO: JdwpDebugServer: handling req: Method(6).LineTable(1)
09:40:17.075 INFO: JdwpDebugServer: handling req: Method(6).LineTable(1)
09:40:17.075 INFO: JdwpDebugServer: handling req: Method(6).LineTable(1)
09:40:17.075 INFO: JdwpDebugServer: handling req: Method(6).LineTable(1)
09:40:17.076 INFO: JdwpDebugServer: handling req: EventRequest(15).Set(1)
09:40:17.076 INFO: JdwpEventCenterDelegate: jdwpSetEventRequest: JdwpEventRequest{requestId=106, eventKind=BREAKPOINT, suspendPolicy=EVENT_THREAD, predicates=[Location{classId=18040, methodId=1122, index=163} ]}
09:40:17.076 INFO: JdwpDebugServer: handling req: ReferenceType(2).Signature(1)
09:40:17.080 INFO: JdwpDebugServer: handling req: EventRequest(15).Set(1)
09:40:17.080 INFO: JdwpEventCenterDelegate: jdwpSetEventRequest: JdwpEventRequest{requestId=107, eventKind=CLASS_PREPARE, suspendPolicy=EVENT_THREAD, predicates=[className=java.lang.Throwable]}
09:40:17.081 INFO: JdwpDebugServer: handling req: EventRequest(15).Set(1)
09:40:17.081 INFO: JdwpEventCenterDelegate: jdwpSetEventRequest: JdwpEventRequest{requestId=108, eventKind=CLASS_PREPARE, suspendPolicy=EVENT_THREAD, predicates=[className=java.lang.Throwable$*]}
09:40:17.082 INFO: JdwpDebugServer: handling req: VirtualMachine(1).ClassesBySignature(2)
09:40:17.082 INFO: JdwpDebugServer: handling req: ReferenceType(2).MethodsWithGeneric(15)
09:40:17.082 INFO: JdwpDebugServer: handling req: Method(6).LineTable(1)
09:40:17.083 INFO: JdwpDebugServer: handling req: Method(6).LineTable(1)
09:40:17.083 INFO: JdwpDebugServer: handling req: Method(6).LineTable(1)
09:40:17.083 INFO: JdwpDebugServer: handling req: Method(6).LineTable(1)
09:40:17.083 INFO: JdwpDebugServer: handling req: Method(6).LineTable(1)
09:40:17.083 INFO: JdwpDebugServer: handling req: Method(6).LineTable(1)
09:40:17.083 INFO: JdwpDebugServer: handling req: Method(6).LineTable(1)
09:40:17.083 INFO: JdwpDebugServer: handling req: Method(6).LineTable(1)
09:40:17.084 INFO: JdwpDebugServer: handling req: Method(6).LineTable(1)
09:40:17.084 INFO: JdwpDebugServer: handling req: Method(6).LineTable(1)
09:40:17.084 INFO: JdwpDebugServer: handling req: Method(6).LineTable(1)
09:40:17.084 INFO: JdwpDebugServer: handling req: Method(6).LineTable(1)
09:40:17.084 INFO: JdwpDebugServer: handling req: Method(6).LineTable(1)
09:40:17.084 INFO: JdwpDebugServer: handling req: Method(6).LineTable(1)
09:40:17.084 INFO: JdwpDebugServer: handling req: Method(6).LineTable(1)
09:40:17.084 INFO: JdwpDebugServer: handling req: Method(6).LineTable(1)
09:40:17.085 INFO: JdwpDebugServer: handling req: Method(6).LineTable(1)
09:40:17.085 INFO: JdwpDebugServer: handling req: Method(6).LineTable(1)
09:40:17.085 INFO: JdwpDebugServer: handling req: Method(6).LineTable(1)
09:40:17.085 INFO: JdwpDebugServer: handling req: Method(6).LineTable(1)
09:40:17.085 INFO: JdwpDebugServer: handling req: Method(6).LineTable(1)
09:40:17.085 INFO: JdwpDebugServer: handling req: Method(6).LineTable(1)
09:40:17.085 INFO: JdwpDebugServer: handling req: Method(6).LineTable(1)
09:40:17.085 INFO: JdwpDebugServer: handling req: Method(6).LineTable(1)
09:40:17.086 INFO: JdwpDebugServer: handling req: VirtualMachine(1).ClassesBySignature(2)
09:40:17.086 INFO: JdwpDebugServer: handling req: VirtualMachine(1).AllClassesWithGeneric(20)
09:40:17.095 INFO: JdwpDebugServer: handling req: EventRequest(15).Set(1)
09:40:17.095 INFO: JdwpEventCenterDelegate: jdwpSetEventRequest: JdwpEventRequest{requestId=109, eventKind=CLASS_PREPARE, suspendPolicy=EVENT_THREAD, predicates=[className=com.badlogic.gdx.utils.ScreenUtils]}
09:40:17.096 INFO: JdwpDebugServer: handling req: EventRequest(15).Set(1)
09:40:17.096 INFO: JdwpEventCenterDelegate: jdwpSetEventRequest: JdwpEventRequest{requestId=110, eventKind=CLASS_PREPARE, suspendPolicy=EVENT_THREAD, predicates=[className=com.badlogic.gdx.utils.ScreenUtils$*]}
09:40:17.097 INFO: JdwpDebugServer: handling req: VirtualMachine(1).ClassesBySignature(2)
09:40:17.097 INFO: JdwpDebugServer: handling req: ReferenceType(2).MethodsWithGeneric(15)
09:40:17.097 INFO: JdwpDebugServer: handling req: Method(6).LineTable(1)
09:40:17.097 INFO: JdwpDebugServer: handling req: Method(6).LineTable(1)
09:40:17.098 INFO: JdwpDebugServer: handling req: Method(6).LineTable(1)
09:40:17.098 INFO: JdwpDebugServer: handling req: Method(6).LineTable(1)
09:40:17.098 INFO: JdwpDebugServer: handling req: Method(6).LineTable(1)
09:40:17.098 INFO: JdwpDebugServer: handling req: Method(6).LineTable(1)
09:40:17.098 INFO: JdwpDebugServer: handling req: Method(6).LineTable(1)
09:40:17.098 INFO: JdwpDebugServer: handling req: Method(6).LineTable(1)
09:40:17.098 INFO: JdwpDebugServer: handling req: Method(6).LineTable(1)
09:40:17.098 INFO: JdwpDebugServer: handling req: Method(6).LineTable(1)
09:40:17.099 INFO: JdwpDebugServer: handling req: EventRequest(15).Set(1)
09:40:17.099 INFO: JdwpEventCenterDelegate: jdwpSetEventRequest: JdwpEventRequest{requestId=111, eventKind=BREAKPOINT, suspendPolicy=EVENT_THREAD, predicates=[Location{classId=22240, methodId=1492, index=89} ]}
09:40:17.099 INFO: JdwpDebugServer: handling req: EventRequest(15).Set(1)
09:40:17.099 INFO: JdwpEventCenterDelegate: jdwpSetEventRequest: JdwpEventRequest{requestId=112, eventKind=CLASS_PREPARE, suspendPolicy=EVENT_THREAD, predicates=[className=com.badlogic.gdx.utils.ScreenUtils]}
09:40:17.100 INFO: JdwpDebugServer: handling req: EventRequest(15).Set(1)
09:40:17.100 INFO: JdwpEventCenterDelegate: jdwpSetEventRequest: JdwpEventRequest{requestId=113, eventKind=CLASS_PREPARE, suspendPolicy=EVENT_THREAD, predicates=[className=com.badlogic.gdx.utils.ScreenUtils$*]}
09:40:17.101 INFO: JdwpDebugServer: handling req: VirtualMachine(1).ClassesBySignature(2)
09:40:17.102 INFO: JdwpDebugServer: handling req: EventRequest(15).Set(1)
09:40:17.102 INFO: JdwpEventCenterDelegate: jdwpSetEventRequest: JdwpEventRequest{requestId=114, eventKind=BREAKPOINT, suspendPolicy=EVENT_THREAD, predicates=[Location{classId=22240, methodId=1487, index=72} ]}
09:40:17.102 INFO: JdwpDebugServer: handling req: EventRequest(15).Set(1)
09:40:17.102 INFO: JdwpEventCenterDelegate: jdwpSetEventRequest: JdwpEventRequest{requestId=115, eventKind=CLASS_PREPARE, suspendPolicy=EVENT_THREAD, predicates=[className=com.abdalla.bushnaq.pluvia.launcher.IOSLauncher]}
09:40:17.103 INFO: JdwpDebugServer: handling req: EventRequest(15).Set(1)
09:40:17.103 INFO: JdwpEventCenterDelegate: jdwpSetEventRequest: JdwpEventRequest{requestId=116, eventKind=CLASS_PREPARE, suspendPolicy=EVENT_THREAD, predicates=[className=com.abdalla.bushnaq.pluvia.launcher.IOSLauncher$*]}
09:40:17.104 INFO: JdwpDebugServer: handling req: VirtualMachine(1).ClassesBySignature(2)
09:40:17.104 INFO: JdwpDebugServer: handling req: ReferenceType(2).MethodsWithGeneric(15)
09:40:17.104 INFO: JdwpDebugServer: handling req: Method(6).LineTable(1)
09:40:17.104 INFO: JdwpDebugServer: handling req: Method(6).LineTable(1)
09:40:17.104 INFO: JdwpDebugServer: handling req: Method(6).LineTable(1)
09:40:17.104 INFO: JdwpDebugServer: handling req: Method(6).LineTable(1)
09:40:17.105 INFO: JdwpDebugServer: handling req: EventRequest(15).Set(1)
09:40:17.105 INFO: JdwpEventCenterDelegate: jdwpSetEventRequest: JdwpEventRequest{requestId=117, eventKind=BREAKPOINT, suspendPolicy=EVENT_THREAD, predicates=[Location{classId=12885, methodId=1527, index=74} ]}
09:40:17.105 INFO: JdwpDebugServer: handling req: EventRequest(15).Set(1)
09:40:17.105 INFO: JdwpEventCenterDelegate: jdwpSetEventRequest: JdwpEventRequest{requestId=118, eventKind=CLASS_PREPARE, suspendPolicy=EVENT_THREAD, predicates=[className=com.badlogic.gdx.graphics.g3d.shaders.BaseShader]}
09:40:17.106 INFO: JdwpDebugServer: handling req: EventRequest(15).Set(1)
09:40:17.106 INFO: JdwpEventCenterDelegate: jdwpSetEventRequest: JdwpEventRequest{requestId=119, eventKind=CLASS_PREPARE, suspendPolicy=EVENT_THREAD, predicates=[className=com.badlogic.gdx.graphics.g3d.shaders.BaseShader$*]}
09:40:17.108 INFO: JdwpDebugServer: handling req: VirtualMachine(1).ClassesBySignature(2)
09:40:17.108 INFO: JdwpDebugServer: handling req: ReferenceType(2).MethodsWithGeneric(15)
09:40:17.108 INFO: JdwpDebugServer: handling req: Method(6).LineTable(1)
09:40:17.108 INFO: JdwpDebugServer: handling req: Method(6).LineTable(1)
09:40:17.109 INFO: JdwpDebugServer: handling req: Method(6).LineTable(1)
09:40:17.109 INFO: JdwpDebugServer: handling req: Method(6).LineTable(1)
09:40:17.109 INFO: JdwpDebugServer: handling req: Method(6).LineTable(1)
09:40:17.109 INFO: JdwpDebugServer: handling req: Method(6).LineTable(1)
09:40:17.109 INFO: JdwpDebugServer: handling req: Method(6).LineTable(1)
09:40:17.109 INFO: JdwpDebugServer: handling req: Method(6).LineTable(1)
09:40:17.110 INFO: JdwpDebugServer: handling req: Method(6).LineTable(1)
09:40:17.110 INFO: JdwpDebugServer: handling req: Method(6).LineTable(1)
09:40:17.110 INFO: JdwpDebugServer: handling req: Method(6).LineTable(1)
09:40:17.110 INFO: JdwpDebugServer: handling req: Method(6).LineTable(1)
09:40:17.110 INFO: JdwpDebugServer: handling req: Method(6).LineTable(1)
09:40:17.110 INFO: JdwpDebugServer: handling req: Method(6).LineTable(1)
09:40:17.111 INFO: JdwpDebugServer: handling req: Method(6).LineTable(1)
09:40:17.111 INFO: JdwpDebugServer: handling req: Method(6).LineTable(1)
09:40:17.111 INFO: JdwpDebugServer: handling req: Method(6).LineTable(1)
09:40:17.111 INFO: JdwpDebugServer: handling req: Method(6).LineTable(1)
09:40:17.111 INFO: JdwpDebugServer: handling req: Method(6).LineTable(1)
09:40:17.111 INFO: JdwpDebugServer: handling req: Method(6).LineTable(1)
09:40:17.111 INFO: JdwpDebugServer: handling req: Method(6).LineTable(1)
09:40:17.112 INFO: JdwpDebugServer: handling req: Method(6).LineTable(1)
09:40:17.112 INFO: JdwpDebugServer: handling req: Method(6).LineTable(1)
09:40:17.112 INFO: JdwpDebugServer: handling req: Method(6).LineTable(1)
09:40:17.112 INFO: JdwpDebugServer: handling req: Method(6).LineTable(1)
09:40:17.112 INFO: JdwpDebugServer: handling req: Method(6).LineTable(1)
09:40:17.112 INFO: JdwpDebugServer: handling req: Method(6).LineTable(1)
09:40:17.112 INFO: JdwpDebugServer: handling req: Method(6).LineTable(1)
09:40:17.112 INFO: JdwpDebugServer: handling req: Method(6).LineTable(1)
09:40:17.113 INFO: JdwpDebugServer: handling req: Method(6).LineTable(1)
09:40:17.113 INFO: JdwpDebugServer: handling req: Method(6).LineTable(1)
09:40:17.113 INFO: JdwpDebugServer: handling req: Method(6).LineTable(1)
09:40:17.113 INFO: JdwpDebugServer: handling req: Method(6).LineTable(1)
09:40:17.113 INFO: JdwpDebugServer: handling req: EventRequest(15).Set(1)
09:40:17.113 INFO: JdwpEventCenterDelegate: jdwpSetEventRequest: JdwpEventRequest{requestId=120, eventKind=BREAKPOINT, suspendPolicy=EVENT_THREAD, predicates=[Location{classId=13310, methodId=1587, index=168} ]}
09:40:17.115 INFO: JdwpDebugServer: handling req: VirtualMachine(1).capabilitiesNew(17)
09:40:17.129 INFO: JdwpDebugServer: handling req: EventRequest(15).Set(1)
09:40:17.129 INFO: JdwpEventCenterDelegate: jdwpSetEventRequest: JdwpEventRequest{requestId=121, eventKind=CLASS_PREPARE, suspendPolicy=EVENT_THREAD, predicates=[className=java.lang.Error]}
09:40:17.133 INFO: JdwpDebugServer: handling req: EventRequest(15).Set(1)
09:40:17.133 INFO: JdwpEventCenterDelegate: jdwpSetEventRequest: JdwpEventRequest{requestId=122, eventKind=CLASS_PREPARE, suspendPolicy=EVENT_THREAD, predicates=[className=java.lang.Error$*]}
09:40:17.136 INFO: JdwpDebugServer: handling req: VirtualMachine(1).ClassesBySignature(2)
09:40:17.137 INFO: JdwpDebugServer: handling req: EventRequest(15).Set(1)
09:40:17.137 INFO: JdwpEventCenterDelegate: jdwpSetEventRequest: JdwpEventRequest{requestId=123, eventKind=EXCEPTION, suspendPolicy=EVENT_THREAD, predicates=[exceptionType=3425(caught=true, uncaught=true)]}
09:40:17.157 INFO: JdwpDebugServer: handling req: EventRequest(15).Set(1)
09:40:17.157 INFO: JdwpEventCenterDelegate: jdwpSetEventRequest: JdwpEventRequest{requestId=124, eventKind=CLASS_PREPARE, suspendPolicy=EVENT_THREAD, predicates=[className=java.lang.Throwable]}
09:40:17.158 INFO: JdwpDebugServer: handling req: EventRequest(15).Set(1)
09:40:17.158 INFO: JdwpEventCenterDelegate: jdwpSetEventRequest: JdwpEventRequest{requestId=125, eventKind=CLASS_PREPARE, suspendPolicy=EVENT_THREAD, predicates=[className=java.lang.Throwable$*]}
09:40:17.160 INFO: JdwpDebugServer: handling req: VirtualMachine(1).ClassesBySignature(2)
09:40:17.160 INFO: JdwpDebugServer: handling req: EventRequest(15).Set(1)
09:40:17.160 INFO: JdwpEventCenterDelegate: jdwpSetEventRequest: JdwpEventRequest{requestId=126, eventKind=EXCEPTION, suspendPolicy=EVENT_THREAD, predicates=[exceptionType=7695(caught=false, uncaught=true)]}
09:40:17.162 INFO: JdwpDebugServer: handling req: ThreadReference(11).SuspendCount(12)
09:40:17.162 INFO: JdwpDebugServer: handling req: ThreadReference(11).SuspendCount(12)
09:40:17.163 INFO: JdwpDebugServer: handling req: ThreadReference(11).SuspendCount(12)
09:40:17.163 INFO: JdwpDebugServer: handling req: ThreadReference(11).SuspendCount(12)
09:40:17.163 INFO: JdwpDebugServer: handling req: VirtualMachine(1).AllThreads(4)
09:40:17.163 INFO: JdwpDebugServer: handling req: VirtualMachine(1).Resume(9)
09:40:17.207 INFO: JdwpDebugServer: handling req: EventRequest(15).Set(1)
09:40:17.207 INFO: JdwpEventCenterDelegate: jdwpSetEventRequest: JdwpEventRequest{requestId=127, eventKind=BREAKPOINT, suspendPolicy=EVENT_THREAD, predicates=[Location{classId=12885, methodId=1527, index=74} ]}
09:40:17.209 INFO: JdwpDebugServer: handling req: ThreadReference(11).Resume(3)
09:40:17.210 INFO: JdwpEventCenterDelegate: THREAD_RESUMED: thread (33, main, main)
09:40:17.233 INFO: JdwpEventCenterDelegate: THREAD_RESUMED: thread (33, main, main)
09:40:17.233 INFO: JdwpEventCenterDelegate: THREAD_RESUMED: thread (33, main, main)
09:40:17.234 INFO: JdwpEventCenterDelegate: THREAD_RESUMED: thread (33, main, main)
09:40:17.234 INFO: JdwpEventCenterDelegate: THREAD_RESUMED: thread (33, main, main)
09:40:17.235 INFO: JdwpEventCenterDelegate: THREAD_RESUMED: thread (33, main, main)
09:40:17.235 INFO: JdwpEventCenterDelegate: THREAD_RESUMED: thread (33, main, main)
09:40:17.235 INFO: JdwpEventCenterDelegate: THREAD_RESUMED: thread (33, main, main)
09:40:17.237 INFO: JdwpEventCenterDelegate: THREAD_RESUMED: thread (33, main, main)
09:40:17.238 INFO: JdwpEventCenterDelegate: THREAD_RESUMED: thread (33, main, main)
09:40:17.238 INFO: JdwpEventCenterDelegate: THREAD_RESUMED: thread (33, main, main)
09:40:17.239 INFO: JdwpEventCenterDelegate: THREAD_RESUMED: thread (33, main, main)
09:40:17.245 INFO: JdwpEventCenterDelegate: THREAD_RESUMED: thread (33, main, main)
09:40:17.245 INFO: JdwpEventCenterDelegate: THREAD_RESUMED: thread (33, main, main)
09:40:17.246 INFO: JdwpEventCenterDelegate: THREAD_RESUMED: thread (33, main, main)
09:40:17.315 INFO: JdwpEventCenterDelegate: THREAD_RESUMED: thread (33, main, main)
09:40:17.316 INFO: JdwpEventCenterDelegate: THREAD_RESUMED: thread (33, main, main)
09:40:17.316 INFO: JdwpEventCenterDelegate: THREAD_RESUMED: thread (33, main, main)
09:40:17.324 INFO: JdwpEventCenterDelegate: THREAD_RESUMED: thread (33, main, main)
09:40:17.325 INFO: JdwpEventCenterDelegate: THREAD_RESUMED: thread (33, main, main)
09:40:17.325 INFO: JdwpEventCenterDelegate: THREAD_RESUMED: thread (33, main, main)
09:40:17.585 INFO: JdwpEventCenterDelegate: THREAD_RESUMED: thread (33, main, main)
09:40:17.585 INFO: JdwpEventCenterDelegate: THREAD_RESUMED: thread (33, main, main)
09:40:17.586 INFO: JdwpEventCenterDelegate: THREAD_RESUMED: thread (33, main, main)
09:40:17.646 INFO: JdwpEventCenterDelegate: THREAD_RESUMED: thread (33, main, main)
09:40:17.646 INFO: JdwpEventCenterDelegate: THREAD_RESUMED: thread (33, main, main)
09:40:17.647 INFO: JdwpEventCenterDelegate: THREAD_RESUMED: thread (33, main, main)
09:40:17.667 INFO: JdwpDebugServer: handling req: ThreadReference(11).Name(1)
09:40:17.669 INFO: JdwpDebugServer: handling req: ThreadReference(11).Name(1)
09:40:17.669 INFO: JdwpDebugServer: handling req: ThreadReference(11).Name(1)
09:40:17.669 INFO: JdwpDebugServer: handling req: ThreadReference(11).Name(1)
09:40:17.673 INFO: JdwpEventCenterDelegate: THREAD_RESUMED: thread (33, main, main)
09:40:17.673 INFO: JdwpEventCenterDelegate: THREAD_RESUMED: thread (33, main, main)
09:40:17.674 INFO: JdwpEventCenterDelegate: THREAD_RESUMED: thread (33, main, main)
09:40:17.699 INFO: JdwpEventCenterDelegate: THREAD_RESUMED: thread (33, main, main)
09:40:17.700 INFO: JdwpEventCenterDelegate: THREAD_RESUMED: thread (33, main, main)
09:40:17.701 INFO: JdwpEventCenterDelegate: THREAD_RESUMED: thread (33, main, main)
09:40:17.701 INFO: JdwpEventCenterDelegate: THREAD_RESUMED: thread (33, main, main)
09:40:17.708 INFO: JdwpEventCenterDelegate: THREAD_RESUMED: thread (33, main, main)
09:40:17.708 INFO: JdwpEventCenterDelegate: THREAD_RESUMED: thread (33, main, main)
09:40:18.240 INFO: JdwpEventCenterDelegate: THREAD_RESUMED: thread (33, main, main)
09:40:18.241 INFO: JdwpEventCenterDelegate: THREAD_RESUMED: thread (33, main, main)
09:40:18.261 INFO: JdwpEventCenterDelegate: THREAD_RESUMED: thread (33, main, main)
09:40:18.261 INFO: JdwpEventCenterDelegate: THREAD_RESUMED: thread (33, main, main)
09:40:18.262 INFO: JdwpEventCenterDelegate: THREAD_RESUMED: thread (33, main, main)
09:40:18.263 INFO: JdwpEventCenterDelegate: THREAD_RESUMED: thread (33, main, main)
09:40:18.330 INFO: JdwpEventCenterDelegate: THREAD_RESUMED: thread (33, main, main)
09:40:18.697 INFO: JdwpEventCenterDelegate: THREAD_RESUMED: thread (33, main, main)
09:40:18.698 INFO: JdwpEventCenterDelegate: THREAD_RESUMED: thread (33, main, main)
09:40:18.699 INFO: JdwpEventCenterDelegate: THREAD_RESUMED: thread (33, main, main)
09:40:18.700 INFO: JdwpEventCenterDelegate: THREAD_RESUMED: thread (33, main, main)
09:40:18.701 INFO: JdwpEventCenterDelegate: THREAD_RESUMED: thread (33, main, main)
09:40:18.701 INFO: JdwpEventCenterDelegate: THREAD_RESUMED: thread (33, main, main)
09:40:18.761 INFO: JdwpEventCenterDelegate: THREAD_RESUMED: thread (33, main, main)
09:40:18.764 INFO: JdwpEventCenterDelegate: THREAD_RESUMED: thread (33, main, main)
09:40:18.765 INFO: JdwpEventCenterDelegate: THREAD_RESUMED: thread (33, main, main)
09:40:18.766 INFO: JdwpEventCenterDelegate: THREAD_RESUMED: thread (33, main, main)
09:40:18.768 INFO: JdwpEventCenterDelegate: THREAD_RESUMED: thread (33, main, main)
09:40:18.769 INFO: JdwpEventCenterDelegate: THREAD_RESUMED: thread (33, main, main)
09:40:18.772 INFO: JdwpEventCenterDelegate: THREAD_RESUMED: thread (33, main, main)
09:40:18.790 INFO: JdwpEventCenterDelegate: THREAD_RESUMED: thread (33, main, main)
09:40:18.805 INFO: JdwpEventCenterDelegate: THREAD_RESUMED: thread (33, main, main)
09:40:18.818 INFO: JdwpEventCenterDelegate: THREAD_RESUMED: thread (33, main, main)
09:40:18.828 INFO: JdwpEventCenterDelegate: THREAD_RESUMED: thread (33, main, main)
09:40:18.842 INFO: JdwpEventCenterDelegate: THREAD_RESUMED: thread (33, main, main)
09:40:18.860 INFO: JdwpEventCenterDelegate: THREAD_RESUMED: thread (33, main, main)
09:40:18.865 INFO: JdwpEventCenterDelegate: THREAD_RESUMED: thread (33, main, main)
09:40:18.870 INFO: JdwpEventCenterDelegate: THREAD_RESUMED: thread (33, main, main)
09:40:18.874 INFO: JdwpEventCenterDelegate: THREAD_RESUMED: thread (33, main, main)
09:40:18.878 INFO: JdwpEventCenterDelegate: THREAD_RESUMED: thread (33, main, main)
09:40:18.883 INFO: JdwpEventCenterDelegate: THREAD_RESUMED: thread (33, main, main)
09:40:18.890 INFO: JdwpEventCenterDelegate: THREAD_RESUMED: thread (33, main, main)
09:40:18.895 INFO: JdwpEventCenterDelegate: THREAD_RESUMED: thread (33, main, main)
09:40:18.900 INFO: JdwpEventCenterDelegate: THREAD_RESUMED: thread (33, main, main)
09:40:18.905 INFO: JdwpEventCenterDelegate: THREAD_RESUMED: thread (33, main, main)
09:40:18.909 INFO: JdwpEventCenterDelegate: THREAD_RESUMED: thread (33, main, main)
09:40:18.917 INFO: JdwpEventCenterDelegate: THREAD_RESUMED: thread (33, main, main)
09:40:18.922 INFO: JdwpEventCenterDelegate: THREAD_RESUMED: thread (33, main, main)
09:40:18.924 INFO: JdwpEventCenterDelegate: THREAD_RESUMED: thread (33, main, main)
09:40:18.926 INFO: JdwpEventCenterDelegate: THREAD_RESUMED: thread (33, main, main)
09:40:18.928 INFO: JdwpEventCenterDelegate: THREAD_RESUMED: thread (33, main, main)
09:40:18.930 INFO: JdwpEventCenterDelegate: THREAD_RESUMED: thread (33, main, main)
09:40:18.931 INFO: JdwpEventCenterDelegate: THREAD_RESUMED: thread (33, main, main)
09:40:18.934 INFO: JdwpEventCenterDelegate: THREAD_RESUMED: thread (33, main, main)
09:40:18.935 INFO: JdwpEventCenterDelegate: THREAD_RESUMED: thread (33, main, main)
09:40:18.936 INFO: JdwpEventCenterDelegate: THREAD_RESUMED: thread (33, main, main)
09:40:18.937 INFO: JdwpEventCenterDelegate: THREAD_RESUMED: thread (33, main, main)
09:40:18.939 INFO: JdwpEventCenterDelegate: THREAD_RESUMED: thread (33, main, main)
09:40:18.941 INFO: JdwpEventCenterDelegate: THREAD_RESUMED: thread (33, main, main)
09:40:18.943 INFO: JdwpEventCenterDelegate: THREAD_RESUMED: thread (33, main, main)
09:40:18.945 INFO: JdwpEventCenterDelegate: THREAD_RESUMED: thread (33, main, main)
09:40:18.946 INFO: JdwpEventCenterDelegate: THREAD_RESUMED: thread (33, main, main)
09:40:18.947 INFO: JdwpEventCenterDelegate: THREAD_RESUMED: thread (33, main, main)
09:40:18.948 INFO: JdwpEventCenterDelegate: THREAD_RESUMED: thread (33, main, main)
09:40:18.949 INFO: JdwpEventCenterDelegate: THREAD_RESUMED: thread (33, main, main)
09:40:18.950 INFO: JdwpEventCenterDelegate: THREAD_RESUMED: thread (33, main, main)
09:40:18.951 INFO: JdwpEventCenterDelegate: THREAD_RESUMED: thread (33, main, main)
09:40:18.952 INFO: JdwpEventCenterDelegate: THREAD_RESUMED: thread (33, main, main)
09:40:18.953 INFO: JdwpEventCenterDelegate: THREAD_RESUMED: thread (33, main, main)
09:40:18.954 INFO: JdwpEventCenterDelegate: THREAD_RESUMED: thread (33, main, main)
09:40:18.955 INFO: JdwpEventCenterDelegate: THREAD_RESUMED: thread (33, main, main)
09:40:18.957 INFO: JdwpEventCenterDelegate: THREAD_RESUMED: thread (33, main, main)
09:40:18.958 INFO: JdwpEventCenterDelegate: THREAD_RESUMED: thread (33, main, main)
09:40:18.959 INFO: JdwpEventCenterDelegate: THREAD_RESUMED: thread (33, main, main)
09:40:18.960 INFO: JdwpEventCenterDelegate: THREAD_RESUMED: thread (33, main, main)
09:40:18.961 INFO: JdwpEventCenterDelegate: THREAD_RESUMED: thread (33, main, main)
09:40:18.962 INFO: JdwpEventCenterDelegate: THREAD_RESUMED: thread (33, main, main)
09:40:18.963 INFO: JdwpEventCenterDelegate: THREAD_RESUMED: thread (33, main, main)
09:40:18.964 INFO: JdwpEventCenterDelegate: THREAD_RESUMED: thread (33, main, main)
09:40:18.965 INFO: JdwpEventCenterDelegate: THREAD_RESUMED: thread (33, main, main)
09:40:18.966 INFO: JdwpEventCenterDelegate: THREAD_RESUMED: thread (33, main, main)
09:40:18.967 INFO: JdwpEventCenterDelegate: THREAD_RESUMED: thread (33, main, main)
09:40:18.968 INFO: JdwpEventCenterDelegate: THREAD_RESUMED: thread (33, main, main)
09:40:18.970 INFO: JdwpEventCenterDelegate: THREAD_RESUMED: thread (33, main, main)
09:40:18.971 INFO: JdwpEventCenterDelegate: THREAD_RESUMED: thread (33, main, main)
09:40:18.972 INFO: JdwpEventCenterDelegate: THREAD_RESUMED: thread (33, main, main)
09:40:18.973 INFO: JdwpEventCenterDelegate: THREAD_RESUMED: thread (33, main, main)
09:40:18.974 INFO: JdwpEventCenterDelegate: THREAD_RESUMED: thread (33, main, main)
09:40:18.975 INFO: JdwpEventCenterDelegate: THREAD_RESUMED: thread (33, main, main)
09:40:18.976 INFO: JdwpEventCenterDelegate: THREAD_RESUMED: thread (33, main, main)
09:40:18.977 INFO: JdwpEventCenterDelegate: THREAD_RESUMED: thread (33, main, main)
09:40:18.978 INFO: JdwpEventCenterDelegate: THREAD_RESUMED: thread (33, main, main)
09:40:18.979 INFO: JdwpEventCenterDelegate: THREAD_RESUMED: thread (33, main, main)
09:40:18.980 INFO: JdwpEventCenterDelegate: THREAD_RESUMED: thread (33, main, main)
09:40:18.981 INFO: JdwpEventCenterDelegate: THREAD_RESUMED: thread (33, main, main)
09:40:18.982 INFO: JdwpEventCenterDelegate: THREAD_RESUMED: thread (33, main, main)
09:40:18.983 INFO: JdwpEventCenterDelegate: THREAD_RESUMED: thread (33, main, main)
09:40:18.984 INFO: JdwpEventCenterDelegate: THREAD_RESUMED: thread (33, main, main)
09:40:18.987 INFO: JdwpEventCenterDelegate: THREAD_RESUMED: thread (33, main, main)
09:40:18.989 INFO: JdwpEventCenterDelegate: THREAD_RESUMED: thread (33, main, main)
09:40:18.989 INFO: JdwpEventCenterDelegate: THREAD_RESUMED: thread (33, main, main)
09:40:19.270 INFO: JdwpEventCenterDelegate: THREAD_RESUMED: thread (33, main, main)
09:40:19.290 INFO: JdwpEventCenterDelegate: THREAD_RESUMED: thread (33, main, main)
09:40:19.291 INFO: JdwpEventCenterDelegate: THREAD_RESUMED: thread (33, main, main)
09:40:19.292 INFO: JdwpEventCenterDelegate: THREAD_RESUMED: thread (33, main, main)
09:40:19.474 INFO: JdwpEventCenterDelegate: THREAD_RESUMED: thread (33, main, main)
09:40:19.475 INFO: JdwpEventCenterDelegate: THREAD_RESUMED: thread (33, main, main)
09:40:19.509 INFO: JdwpEventCenterDelegate: THREAD_RESUMED: thread (33, main, main)
09:40:19.510 INFO: JdwpEventCenterDelegate: THREAD_RESUMED: thread (33, main, main)
09:40:19.531 INFO: JdwpDebugServer: handling req: EventRequest(15).Set(1)
09:40:19.531 INFO: JdwpEventCenterDelegate: jdwpSetEventRequest: JdwpEventRequest{requestId=128, eventKind=BREAKPOINT, suspendPolicy=EVENT_THREAD, predicates=[Location{classId=13310, methodId=1587, index=168} ]}
09:40:19.532 INFO: JdwpDebugServer: handling req: ThreadReference(11).Resume(3)
09:40:19.532 INFO: JdwpEventCenterDelegate: THREAD_RESUMED: thread (33, main, main)
09:40:19.534 INFO: JdwpEventCenterDelegate: THREAD_RESUMED: thread (33, main, main)
09:40:19.535 INFO: JdwpEventCenterDelegate: THREAD_RESUMED: thread (33, main, main)
09:40:19.536 INFO: JdwpEventCenterDelegate: THREAD_RESUMED: thread (33, main, main)
09:40:19.537 INFO: JdwpEventCenterDelegate: THREAD_RESUMED: thread (33, main, main)
09:40:19.537 INFO: JdwpEventCenterDelegate: THREAD_RESUMED: thread (33, main, main)
09:40:19.538 INFO: JdwpEventCenterDelegate: THREAD_RESUMED: thread (33, main, main)
09:40:19.546 INFO: JdwpDebugServer: handling req: ReferenceType(2).MethodsWithGeneric(15)
09:40:19.546 INFO: JdwpDebugServer: handling req: Method(6).LineTable(1)
09:40:19.547 INFO: JdwpDebugServer: handling req: Method(6).LineTable(1)
09:40:19.547 INFO: JdwpDebugServer: handling req: Method(6).LineTable(1)
09:40:19.547 INFO: JdwpDebugServer: handling req: Method(6).LineTable(1)
09:40:19.547 INFO: JdwpDebugServer: handling req: Method(6).LineTable(1)
09:40:19.547 INFO: JdwpDebugServer: handling req: ThreadReference(11).Resume(3)
09:40:19.547 INFO: JdwpEventCenterDelegate: THREAD_RESUMED: thread (33, main, main)
09:40:19.550 INFO: JdwpDebugServer: handling req: ReferenceType(2).MethodsWithGeneric(15)
09:40:19.551 INFO: JdwpDebugServer: handling req: Method(6).LineTable(1)
09:40:19.551 INFO: JdwpDebugServer: handling req: Method(6).LineTable(1)
09:40:19.551 INFO: JdwpDebugServer: handling req: ThreadReference(11).Resume(3)
09:40:19.551 INFO: JdwpEventCenterDelegate: THREAD_RESUMED: thread (33, main, main)
09:40:19.552 INFO: JdwpDebugServer: handling req: ReferenceType(2).MethodsWithGeneric(15)
09:40:19.553 INFO: JdwpDebugServer: handling req: Method(6).LineTable(1)
09:40:19.553 INFO: JdwpDebugServer: handling req: Method(6).LineTable(1)
09:40:19.553 INFO: JdwpDebugServer: handling req: ThreadReference(11).Resume(3)
09:40:19.553 INFO: JdwpEventCenterDelegate: THREAD_RESUMED: thread (33, main, main)
09:40:19.561 INFO: JdwpDebugServer: handling req: ThreadReference(11).Frames(6)
09:40:19.561 INFO: JdwpDebugServer: handling req: ReferenceType(2).MethodsWithGeneric(15)
09:40:19.561 INFO: JdwpDebugServer: handling req: ReferenceType(2).MethodsWithGeneric(15)
09:40:19.561 INFO: JdwpDebugServer: handling req: ReferenceType(2).MethodsWithGeneric(15)
09:40:19.562 INFO: JdwpDebugServer: handling req: ReferenceType(2).MethodsWithGeneric(15)
09:40:19.562 INFO: JdwpDebugServer: handling req: ReferenceType(2).MethodsWithGeneric(15)
09:40:19.562 INFO: JdwpDebugServer: handling req: ReferenceType(2).MethodsWithGeneric(15)
09:40:19.562 INFO: JdwpDebugServer: handling req: ReferenceType(2).MethodsWithGeneric(15)
09:40:19.563 INFO: JdwpDebugServer: handling req: ReferenceType(2).MethodsWithGeneric(15)
09:40:19.565 INFO: JdwpDebugServer: handling req: ThreadReference(11).FramesCount(7)
09:40:19.566 INFO: JdwpDebugServer: handling req: ThreadReference(11).FramesCount(7)
09:40:20.244 INFO: JdwpDebugServer: handling req: ReferenceType(2).SourceFile(7)
09:40:20.263 INFO: JdwpDebugServer: handling req: ThreadReference(11).Name(1)
09:40:20.263 INFO: JdwpDebugServer: handling req: ThreadReference(11).Name(1)
09:40:20.263 INFO: JdwpDebugServer: handling req: ThreadReference(11).Name(1)
09:40:20.264 INFO: JdwpDebugServer: handling req: ThreadReference(11).Name(1)
09:40:20.264 INFO: JdwpDebugServer: handling req: ThreadReference(11).Name(1)
09:40:20.264 INFO: JdwpDebugServer: handling req: ReferenceType(2).SignatureWithGeneric(13)
09:40:20.265 INFO: JdwpDebugServer: handling req: StackFrame(16).ThisObject(3)
09:40:20.267 INFO: JdwpDebugServer: handling req: ObjectReference(9).ReferenceType(1)
09:40:20.302 INFO: JdwpDebugServer: handling req: Method(6).VariableTableWithGenerics(5)
09:40:20.335 INFO: JdwpDebugServer: handling req: ReferenceType(2).FieldsWithGeneric(14)
09:40:20.335 INFO: JdwpDebugServer: handling req: ReferenceType(2).Interfaces(10)
09:40:20.336 INFO: JdwpDebugServer: handling req: ClassType(3).Superclass(1)
09:40:20.336 INFO: JdwpDebugServer: handling req: ReferenceType(2).FieldsWithGeneric(14)
09:40:20.336 INFO: JdwpDebugServer: handling req: ReferenceType(2).Interfaces(10)
09:40:20.336 INFO: JdwpDebugServer: handling req: ClassType(3).Superclass(1)
09:40:20.336 INFO: JdwpDebugServer: handling req: ReferenceType(2).FieldsWithGeneric(14)
09:40:20.336 INFO: JdwpDebugServer: handling req: ReferenceType(2).Interfaces(10)
09:40:20.336 INFO: JdwpDebugServer: handling req: ReferenceType(2).FieldsWithGeneric(14)
09:40:20.337 INFO: JdwpDebugServer: handling req: ReferenceType(2).Interfaces(10)
09:40:20.338 INFO: JdwpDebugServer: handling req: ReferenceType(2).FieldsWithGeneric(14)
09:40:20.338 INFO: JdwpDebugServer: handling req: ReferenceType(2).Interfaces(10)
09:40:20.338 INFO: JdwpDebugServer: handling req: ClassType(3).Superclass(1)
09:40:20.338 INFO: JdwpDebugServer: handling req: ReferenceType(2).Modifiers(3)
09:40:20.338 INFO: JdwpDebugServer: handling req: ClassType(3).Superclass(1)
09:40:20.340 INFO: JdwpDebugServer: handling req: ClassType(3).Superclass(1)
09:40:20.341 INFO: JdwpDebugServer: handling req: ClassType(3).Superclass(1)
09:40:20.342 INFO: JdwpDebugServer: handling req: StackFrame(16).GetValues(1)
09:40:20.343 INFO: JdwpDebugServer: handling req: ObjectReference(9).ReferenceType(1)
09:40:20.343 INFO: JdwpDebugServer: handling req: StackFrame(16).GetValues(1)
09:40:20.343 INFO: JdwpDebugServer: handling req: ReferenceType(2).FieldsWithGeneric(14)
09:40:20.343 INFO: JdwpDebugServer: handling req: StackFrame(16).GetValues(1)
09:40:20.343 INFO: JdwpDebugServer: handling req: ReferenceType(2).Interfaces(10)
09:40:20.344 INFO: JdwpDebugServer: handling req: ClassType(3).Superclass(1)
09:40:20.344 INFO: JdwpDebugServer: handling req: ClassType(3).Superclass(1)
09:40:20.344 INFO: JdwpDebugServer: handling req: ClassType(3).Superclass(1)
09:40:20.344 INFO: JdwpDebugServer: handling req: StackFrame(16).GetValues(1)
09:40:20.344 INFO: JdwpDebugServer: handling req: StackFrame(16).GetValues(1)
09:40:20.344 INFO: JdwpDebugServer: handling req: ObjectReference(9).ReferenceType(1)
09:40:20.344 INFO: JdwpDebugServer: handling req: StackFrame(16).GetValues(1)
09:40:20.344 INFO: JdwpDebugServer: handling req: ReferenceType(2).FieldsWithGeneric(14)
09:40:20.345 INFO: JdwpDebugServer: handling req: StackFrame(16).GetValues(1)
09:40:20.345 INFO: JdwpDebugServer: handling req: ReferenceType(2).Interfaces(10)
09:40:20.345 INFO: JdwpDebugServer: handling req: ClassType(3).Superclass(1)
09:40:20.345 INFO: JdwpDebugServer: handling req: StackFrame(16).GetValues(1)
09:40:20.345 INFO: JdwpDebugServer: handling req: StackFrame(16).GetValues(1)
09:40:20.345 INFO: JdwpDebugServer: handling req: StackFrame(16).GetValues(1)
09:40:20.346 INFO: JdwpDebugServer: handling req: StackFrame(16).GetValues(1)
09:40:20.346 INFO: JdwpDebugServer: handling req: ClassType(3).Superclass(1)
09:40:20.346 INFO: JdwpDebugServer: handling req: StackFrame(16).GetValues(1)
09:40:20.346 INFO: JdwpDebugServer: handling req: StackFrame(16).GetValues(1)
09:40:20.346 INFO: JdwpDebugServer: handling req: StackFrame(16).GetValues(1)
09:40:20.346 INFO: JdwpDebugServer: handling req: StackFrame(16).GetValues(1)
09:40:20.346 INFO: JdwpDebugServer: handling req: StackFrame(16).GetValues(1)
09:40:20.347 INFO: JdwpDebugServer: handling req: StackFrame(16).GetValues(1)
09:40:20.347 INFO: JdwpDebugServer: handling req: ClassType(3).Superclass(1)
09:40:20.366 INFO: JdwpDebugServer: handling req: StackFrame(16).GetValues(1)
09:40:20.366 INFO: JdwpDebugServer: handling req: StackFrame(16).GetValues(1)
09:40:20.366 INFO: JdwpDebugServer: handling req: StackFrame(16).GetValues(1)
09:40:20.366 INFO: JdwpDebugServer: handling req: StackFrame(16).GetValues(1)
09:40:20.366 INFO: JdwpDebugServer: handling req: ClassType(3).Superclass(1)
09:40:20.366 INFO: JdwpDebugServer: handling req: ClassType(3).Superclass(1)
09:40:20.367 INFO: JdwpDebugServer: handling req: StackFrame(16).GetValues(1)
09:40:20.367 INFO: JdwpDebugServer: handling req: StackFrame(16).GetValues(1)
09:40:20.367 INFO: JdwpDebugServer: handling req: ClassType(3).Superclass(1)
09:40:20.367 INFO: JdwpDebugServer: handling req: StackFrame(16).GetValues(1)
09:40:20.367 INFO: JdwpDebugServer: handling req: StackFrame(16).GetValues(1)
09:40:20.367 INFO: JdwpDebugServer: handling req: StackFrame(16).GetValues(1)
09:40:20.367 INFO: JdwpDebugServer: handling req: StackFrame(16).GetValues(1)
09:40:20.368 INFO: JdwpDebugServer: handling req: ThreadReference(11).FramesCount(7)
09:40:20.371 INFO: JdwpDebugServer: handling req: ObjectReference(9).GetValues(2)
09:40:20.372 INFO: JdwpDebugServer: handling req: ObjectReference(9).ReferenceType(1)
09:40:20.372 INFO: JdwpDebugServer: handling req: ClassType(3).Superclass(1)
09:40:20.372 INFO: JdwpDebugServer: handling req: ClassType(3).Superclass(1)
09:40:20.372 INFO: JdwpDebugServer: handling req: ReferenceType(2).Interfaces(10)
09:40:20.373 INFO: JdwpDebugServer: handling req: ReferenceType(2).Interfaces(10)
09:40:20.373 INFO: JdwpDebugServer: handling req: ReferenceType(2).Interfaces(10)
09:40:20.373 INFO: JdwpDebugServer: handling req: ReferenceType(2).Interfaces(10)
09:40:20.373 INFO: JdwpDebugServer: handling req: StringReference(10).Value(1)
09:40:20.383 INFO: JdwpDebugServer: handling req: ObjectReference(9).GetValues(2)
09:40:20.383 INFO: JdwpDebugServer: handling req: ObjectReference(9).GetValues(2)
09:40:20.384 INFO: JdwpDebugServer: handling req: ObjectReference(9).GetValues(2)
09:40:20.384 INFO: JdwpDebugServer: handling req: ObjectReference(9).GetValues(2)
09:40:20.384 INFO: JdwpDebugServer: handling req: ObjectReference(9).ReferenceType(1)
09:40:20.384 INFO: JdwpDebugServer: handling req: ReferenceType(2).FieldsWithGeneric(14)
09:40:20.384 INFO: JdwpDebugServer: handling req: ObjectReference(9).GetValues(2)
09:40:20.384 INFO: JdwpDebugServer: handling req: ReferenceType(2).Interfaces(10)
09:40:20.384 INFO: JdwpDebugServer: handling req: ObjectReference(9).GetValues(2)
09:40:20.384 INFO: JdwpDebugServer: handling req: ReferenceType(2).FieldsWithGeneric(14)
09:40:20.385 INFO: JdwpDebugServer: handling req: ObjectReference(9).GetValues(2)
09:40:20.385 INFO: JdwpDebugServer: handling req: ReferenceType(2).Interfaces(10)
09:40:20.385 INFO: JdwpDebugServer: handling req: ClassType(3).Superclass(1)
09:40:20.385 INFO: JdwpDebugServer: handling req: ObjectReference(9).GetValues(2)
09:40:20.385 INFO: JdwpDebugServer: handling req: ObjectReference(9).GetValues(2)
09:40:20.385 INFO: JdwpDebugServer: handling req: ObjectReference(9).GetValues(2)
09:40:20.385 INFO: JdwpDebugServer: handling req: ObjectReference(9).ReferenceType(1)
09:40:20.385 INFO: JdwpDebugServer: handling req: ObjectReference(9).GetValues(2)
09:40:20.385 INFO: JdwpDebugServer: handling req: ObjectReference(9).GetValues(2)
09:40:20.385 INFO: JdwpDebugServer: handling req: ObjectReference(9).GetValues(2)
09:40:20.386 INFO: JdwpDebugServer: handling req: ObjectReference(9).ReferenceType(1)
09:40:20.386 INFO: JdwpDebugServer: handling req: ClassType(3).Superclass(1)
09:40:20.386 INFO: JdwpDebugServer: handling req: ObjectReference(9).GetValues(2)
09:40:20.386 INFO: JdwpDebugServer: handling req: ObjectReference(9).GetValues(2)
09:40:20.386 INFO: JdwpDebugServer: handling req: ObjectReference(9).GetValues(2)
09:40:20.386 INFO: JdwpDebugServer: handling req: ObjectReference(9).GetValues(2)
09:40:20.386 INFO: JdwpDebugServer: handling req: ObjectReference(9).GetValues(2)
09:40:20.387 INFO: JdwpDebugServer: handling req: ReferenceType(2).FieldsWithGeneric(14)
09:40:20.387 INFO: JdwpDebugServer: handling req: ReferenceType(2).FieldsWithGeneric(14)
09:40:20.387 INFO: JdwpDebugServer: handling req: ObjectReference(9).GetValues(2)
09:40:20.387 INFO: JdwpDebugServer: handling req: ReferenceType(2).FieldsWithGeneric(14)
09:40:20.387 INFO: JdwpDebugServer: handling req: ObjectReference(9).GetValues(2)
09:40:20.387 INFO: JdwpDebugServer: handling req: ReferenceType(2).FieldsWithGeneric(14)
09:40:20.387 INFO: JdwpDebugServer: handling req: ObjectReference(9).GetValues(2)
09:40:20.387 INFO: JdwpDebugServer: handling req: ObjectReference(9).GetValues(2)
09:40:20.387 INFO: JdwpDebugServer: handling req: ObjectReference(9).GetValues(2)
09:40:20.387 INFO: JdwpDebugServer: handling req: ObjectReference(9).GetValues(2)
09:40:20.387 INFO: JdwpDebugServer: handling req: ClassType(3).Superclass(1)
09:40:20.387 INFO: JdwpDebugServer: handling req: ObjectReference(9).GetValues(2)
09:40:20.388 INFO: JdwpDebugServer: handling req: ObjectReference(9).GetValues(2)
09:40:20.388 INFO: JdwpDebugServer: handling req: ObjectReference(9).ReferenceType(1)
09:40:20.388 INFO: JdwpDebugServer: handling req: ObjectReference(9).GetValues(2)
09:40:20.388 INFO: JdwpDebugServer: handling req: ObjectReference(9).GetValues(2)
09:40:20.388 INFO: JdwpDebugServer: handling req: ObjectReference(9).GetValues(2)
09:40:20.388 INFO: JdwpDebugServer: handling req: ObjectReference(9).ReferenceType(1)
09:40:20.388 INFO: JdwpDebugServer: handling req: ObjectReference(9).GetValues(2)
09:40:20.388 INFO: JdwpDebugServer: handling req: ReferenceType(2).FieldsWithGeneric(14)
09:40:20.388 INFO: JdwpDebugServer: handling req: ObjectReference(9).GetValues(2)
09:40:20.388 INFO: JdwpDebugServer: handling req: ReferenceType(2).Interfaces(10)
09:40:20.388 INFO: JdwpDebugServer: handling req: ObjectReference(9).GetValues(2)
09:40:20.388 INFO: JdwpDebugServer: handling req: ClassType(3).Superclass(1)
09:40:20.389 INFO: JdwpDebugServer: handling req: ObjectReference(9).GetValues(2)
09:40:20.389 INFO: JdwpDebugServer: handling req: ReferenceType(2).FieldsWithGeneric(14)
09:40:20.389 INFO: JdwpDebugServer: handling req: ClassType(3).Superclass(1)
09:40:20.389 INFO: JdwpDebugServer: handling req: ReferenceType(2).Interfaces(10)
09:40:20.389 INFO: JdwpDebugServer: handling req: ObjectReference(9).GetValues(2)
09:40:20.389 INFO: JdwpDebugServer: handling req: ClassType(3).Superclass(1)
09:40:20.389 INFO: JdwpDebugServer: handling req: ObjectReference(9).GetValues(2)
09:40:20.389 INFO: JdwpDebugServer: handling req: ReferenceType(2).FieldsWithGeneric(14)
09:40:20.389 INFO: JdwpDebugServer: handling req: ObjectReference(9).GetValues(2)
09:40:20.389 INFO: JdwpDebugServer: handling req: ReferenceType(2).Interfaces(10)
09:40:20.389 INFO: JdwpDebugServer: handling req: ObjectReference(9).GetValues(2)
09:40:20.390 INFO: JdwpDebugServer: handling req: ClassType(3).Superclass(1)
09:40:20.390 INFO: JdwpDebugServer: handling req: ObjectReference(9).GetValues(2)
09:40:20.390 INFO: JdwpDebugServer: handling req: ObjectReference(9).GetValues(2)
09:40:20.390 INFO: JdwpDebugServer: handling req: ObjectReference(9).GetValues(2)
09:40:20.390 INFO: JdwpDebugServer: handling req: ObjectReference(9).ReferenceType(1)
09:40:20.390 INFO: JdwpDebugServer: handling req: ReferenceType(2).FieldsWithGeneric(14)
09:40:20.391 INFO: JdwpDebugServer: handling req: ReferenceType(2).Interfaces(10)
09:40:20.391 INFO: JdwpDebugServer: handling req: ClassType(3).Superclass(1)
09:40:20.391 INFO: JdwpDebugServer: handling req: ReferenceType(2).FieldsWithGeneric(14)
09:40:20.391 INFO: JdwpDebugServer: handling req: ReferenceType(2).Interfaces(10)
09:40:20.391 INFO: JdwpDebugServer: handling req: ObjectReference(9).GetValues(2)
09:40:20.392 INFO: JdwpDebugServer: handling req: ClassType(3).Superclass(1)
09:40:20.392 INFO: JdwpDebugServer: handling req: ObjectReference(9).GetValues(2)
09:40:20.392 INFO: JdwpDebugServer: handling req: ObjectReference(9).GetValues(2)
09:40:20.392 INFO: JdwpDebugServer: handling req: ObjectReference(9).GetValues(2)
09:40:20.393 INFO: JdwpDebugServer: handling req: ObjectReference(9).GetValues(2)
09:40:20.393 INFO: JdwpDebugServer: handling req: ObjectReference(9).GetValues(2)
09:40:20.393 INFO: JdwpDebugServer: handling req: ObjectReference(9).GetValues(2)
09:40:20.393 INFO: JdwpDebugServer: handling req: ObjectReference(9).GetValues(2)
09:40:20.393 INFO: JdwpDebugServer: handling req: ObjectReference(9).ReferenceType(1)
09:40:20.393 INFO: JdwpDebugServer: handling req: ObjectReference(9).GetValues(2)
09:40:20.393 INFO: JdwpDebugServer: handling req: ObjectReference(9).GetValues(2)
09:40:20.394 INFO: JdwpDebugServer: handling req: ObjectReference(9).GetValues(2)
09:40:20.394 INFO: JdwpDebugServer: handling req: ObjectReference(9).GetValues(2)
09:40:20.394 INFO: JdwpDebugServer: handling req: ObjectReference(9).GetValues(2)
09:40:20.394 INFO: JdwpDebugServer: handling req: ObjectReference(9).ReferenceType(1)
09:40:20.394 INFO: JdwpDebugServer: handling req: ClassType(3).Superclass(1)
09:40:20.394 INFO: JdwpDebugServer: handling req: ObjectReference(9).GetValues(2)
09:40:20.394 INFO: JdwpDebugServer: handling req: ObjectReference(9).GetValues(2)
09:40:20.394 INFO: JdwpDebugServer: handling req: ObjectReference(9).ReferenceType(1)
09:40:20.394 INFO: JdwpDebugServer: handling req: ObjectReference(9).GetValues(2)
09:40:20.394 INFO: JdwpDebugServer: handling req: ObjectReference(9).GetValues(2)
09:40:20.395 INFO: JdwpDebugServer: handling req: ObjectReference(9).GetValues(2)
09:40:20.395 INFO: JdwpDebugServer: handling req: ObjectReference(9).ReferenceType(1)
09:40:20.395 INFO: JdwpDebugServer: handling req: StringReference(10).Value(1)
09:40:20.395 INFO: JdwpDebugServer: handling req: ObjectReference(9).GetValues(2)
09:40:20.395 INFO: JdwpDebugServer: handling req: ObjectReference(9).GetValues(2)
09:40:20.395 INFO: JdwpDebugServer: handling req: ObjectReference(9).GetValues(2)
09:40:20.395 INFO: JdwpDebugServer: handling req: ObjectReference(9).GetValues(2)
09:40:20.395 INFO: JdwpDebugServer: handling req: ObjectReference(9).ReferenceType(1)
09:40:20.395 INFO: JdwpDebugServer: handling req: ObjectReference(9).GetValues(2)
09:40:20.396 INFO: JdwpDebugServer: handling req: ObjectReference(9).GetValues(2)
09:40:20.396 INFO: JdwpDebugServer: handling req: ObjectReference(9).GetValues(2)
09:40:20.396 INFO: JdwpDebugServer: handling req: ObjectReference(9).GetValues(2)
09:40:20.396 INFO: JdwpDebugServer: handling req: ObjectReference(9).GetValues(2)
09:40:20.396 INFO: JdwpDebugServer: handling req: ObjectReference(9).GetValues(2)
09:40:20.397 INFO: JdwpDebugServer: handling req: ObjectReference(9).GetValues(2)
09:40:20.397 INFO: JdwpDebugServer: handling req: ObjectReference(9).GetValues(2)
09:40:20.397 INFO: JdwpDebugServer: handling req: ObjectReference(9).GetValues(2)
09:40:20.397 INFO: JdwpDebugServer: handling req: ObjectReference(9).GetValues(2)
09:40:20.398 INFO: JdwpDebugServer: handling req: ObjectReference(9).GetValues(2)
09:40:20.398 INFO: JdwpDebugServer: handling req: ObjectReference(9).GetValues(2)
09:40:20.398 INFO: JdwpDebugServer: handling req: ObjectReference(9).GetValues(2)
09:40:20.398 INFO: JdwpDebugServer: handling req: ObjectReference(9).GetValues(2)
09:40:20.399 INFO: JdwpDebugServer: handling req: ObjectReference(9).GetValues(2)
09:40:20.399 INFO: JdwpDebugServer: handling req: ObjectReference(9).GetValues(2)
09:40:20.399 INFO: JdwpDebugServer: handling req: ClassType(3).Superclass(1)
09:40:20.399 INFO: JdwpDebugServer: handling req: ObjectReference(9).GetValues(2)
09:40:20.399 INFO: JdwpDebugServer: handling req: ObjectReference(9).GetValues(2)
09:40:20.399 INFO: JdwpDebugServer: handling req: ObjectReference(9).GetValues(2)
09:40:20.399 INFO: JdwpDebugServer: handling req: StringReference(10).Value(1)
09:40:20.400 INFO: JdwpDebugServer: handling req: ObjectReference(9).GetValues(2)
09:40:20.400 INFO: JdwpDebugServer: handling req: ObjectReference(9).GetValues(2)
09:40:20.400 INFO: JdwpDebugServer: handling req: ObjectReference(9).GetValues(2)
09:40:20.400 INFO: JdwpDebugServer: handling req: ObjectReference(9).GetValues(2)
09:40:20.401 INFO: JdwpDebugServer: handling req: ClassType(3).Superclass(1)
09:40:20.401 INFO: JdwpDebugServer: handling req: ObjectReference(9).GetValues(2)
09:40:20.401 INFO: JdwpDebugServer: handling req: ObjectReference(9).GetValues(2)
09:40:20.401 INFO: JdwpDebugServer: handling req: ObjectReference(9).GetValues(2)
09:40:20.401 INFO: JdwpDebugServer: handling req: ObjectReference(9).GetValues(2)
09:40:20.401 INFO: JdwpDebugServer: handling req: ObjectReference(9).GetValues(2)
09:40:20.401 INFO: JdwpDebugServer: handling req: ObjectReference(9).GetValues(2)
09:40:20.402 INFO: JdwpDebugServer: handling req: ObjectReference(9).GetValues(2)
09:40:20.402 INFO: JdwpDebugServer: handling req: ClassType(3).Superclass(1)
09:40:20.402 INFO: JdwpDebugServer: handling req: ObjectReference(9).GetValues(2)
09:40:20.402 INFO: JdwpDebugServer: handling req: ObjectReference(9).GetValues(2)
09:40:20.402 INFO: JdwpDebugServer: handling req: ObjectReference(9).GetValues(2)
09:40:20.402 INFO: JdwpDebugServer: handling req: ObjectReference(9).GetValues(2)
09:40:20.402 INFO: JdwpDebugServer: handling req: ObjectReference(9).GetValues(2)
09:40:20.402 INFO: JdwpDebugServer: handling req: ObjectReference(9).GetValues(2)
09:40:20.403 INFO: JdwpDebugServer: handling req: ObjectReference(9).GetValues(2)
09:40:20.403 INFO: JdwpDebugServer: handling req: ObjectReference(9).GetValues(2)
09:40:20.403 INFO: JdwpDebugServer: handling req: ObjectReference(9).GetValues(2)
09:40:20.403 INFO: JdwpDebugServer: handling req: ObjectReference(9).GetValues(2)
09:40:20.403 INFO: JdwpDebugServer: handling req: ObjectReference(9).GetValues(2)
09:40:20.403 INFO: JdwpDebugServer: handling req: ObjectReference(9).GetValues(2)
09:40:20.404 INFO: JdwpDebugServer: handling req: ObjectReference(9).GetValues(2)
09:40:20.404 INFO: JdwpDebugServer: handling req: ObjectReference(9).GetValues(2)
09:40:20.404 INFO: JdwpDebugServer: handling req: ObjectReference(9).GetValues(2)
09:40:20.404 INFO: JdwpDebugServer: handling req: ObjectReference(9).GetValues(2)
09:40:20.404 INFO: JdwpDebugServer: handling req: ObjectReference(9).GetValues(2)
09:40:20.405 INFO: JdwpDebugServer: handling req: ObjectReference(9).GetValues(2)
09:40:20.405 INFO: JdwpDebugServer: handling req: ObjectReference(9).GetValues(2)
09:40:20.405 INFO: JdwpDebugServer: handling req: ObjectReference(9).GetValues(2)
09:40:20.405 INFO: JdwpDebugServer: handling req: ObjectReference(9).GetValues(2)
09:40:20.405 INFO: JdwpDebugServer: handling req: ClassType(3).Superclass(1)
09:40:20.406 INFO: JdwpDebugServer: handling req: ObjectReference(9).GetValues(2)
09:40:20.406 INFO: JdwpDebugServer: handling req: ObjectReference(9).GetValues(2)
09:40:20.406 INFO: JdwpDebugServer: handling req: ObjectReference(9).GetValues(2)
09:40:20.406 INFO: JdwpDebugServer: handling req: ObjectReference(9).GetValues(2)
09:40:20.406 INFO: JdwpDebugServer: handling req: ObjectReference(9).GetValues(2)
09:40:20.406 INFO: JdwpDebugServer: handling req: ObjectReference(9).GetValues(2)
09:40:20.407 INFO: JdwpDebugServer: handling req: ObjectReference(9).GetValues(2)
09:40:20.407 INFO: JdwpDebugServer: handling req: ObjectReference(9).GetValues(2)
09:40:20.407 INFO: JdwpDebugServer: handling req: ObjectReference(9).GetValues(2)
09:40:20.407 INFO: JdwpDebugServer: handling req: ObjectReference(9).GetValues(2)
09:40:20.407 INFO: JdwpDebugServer: handling req: ObjectReference(9).GetValues(2)
09:40:20.408 INFO: JdwpDebugServer: handling req: ObjectReference(9).GetValues(2)
09:40:20.408 INFO: JdwpDebugServer: handling req: ObjectReference(9).GetValues(2)
09:40:20.408 INFO: JdwpDebugServer: handling req: ObjectReference(9).GetValues(2)
09:40:20.408 INFO: JdwpDebugServer: handling req: ClassType(3).Superclass(1)
09:40:20.408 INFO: JdwpDebugServer: handling req: ObjectReference(9).GetValues(2)
09:40:20.408 INFO: JdwpDebugServer: handling req: ObjectReference(9).GetValues(2)
09:40:20.408 INFO: JdwpDebugServer: handling req: ObjectReference(9).GetValues(2)
09:40:20.409 INFO: JdwpDebugServer: handling req: ObjectReference(9).GetValues(2)
09:40:20.409 INFO: JdwpDebugServer: handling req: ObjectReference(9).GetValues(2)
09:40:20.409 INFO: JdwpDebugServer: handling req: ObjectReference(9).GetValues(2)
09:40:20.409 INFO: JdwpDebugServer: handling req: ObjectReference(9).GetValues(2)
09:40:20.410 INFO: JdwpDebugServer: handling req: ClassType(3).Superclass(1)
09:40:20.410 INFO: JdwpDebugServer: handling req: ObjectReference(9).GetValues(2)
09:40:20.410 INFO: JdwpDebugServer: handling req: ObjectReference(9).GetValues(2)
09:40:20.410 INFO: JdwpDebugServer: handling req: ObjectReference(9).GetValues(2)
09:40:20.410 INFO: JdwpDebugServer: handling req: ObjectReference(9).GetValues(2)
09:40:20.410 INFO: JdwpDebugServer: handling req: ObjectReference(9).GetValues(2)
09:40:20.411 INFO: JdwpDebugServer: handling req: ObjectReference(9).GetValues(2)
09:40:20.411 INFO: JdwpDebugServer: handling req: ObjectReference(9).GetValues(2)
09:40:20.411 INFO: JdwpDebugServer: handling req: ClassType(3).Superclass(1)
09:40:20.411 INFO: JdwpDebugServer: handling req: ObjectReference(9).GetValues(2)
09:40:20.411 INFO: JdwpDebugServer: handling req: ObjectReference(9).GetValues(2)
09:40:20.411 INFO: JdwpDebugServer: handling req: ObjectReference(9).GetValues(2)
09:40:20.412 INFO: JdwpDebugServer: handling req: ObjectReference(9).GetValues(2)
09:40:20.412 INFO: JdwpDebugServer: handling req: ObjectReference(9).GetValues(2)
09:40:20.412 INFO: JdwpDebugServer: handling req: ObjectReference(9).GetValues(2)
09:40:20.412 INFO: JdwpDebugServer: handling req: ObjectReference(9).GetValues(2)
09:40:20.413 INFO: JdwpDebugServer: handling req: ObjectReference(9).GetValues(2)
09:40:20.413 INFO: JdwpDebugServer: handling req: ObjectReference(9).GetValues(2)
09:40:20.413 INFO: JdwpDebugServer: handling req: ObjectReference(9).GetValues(2)
09:40:20.413 INFO: JdwpDebugServer: handling req: ObjectReference(9).GetValues(2)
09:40:20.413 INFO: JdwpDebugServer: handling req: ObjectReference(9).GetValues(2)
09:40:20.414 INFO: JdwpDebugServer: handling req: ObjectReference(9).GetValues(2)
09:40:20.414 INFO: JdwpDebugServer: handling req: ObjectReference(9).GetValues(2)
09:40:20.414 INFO: JdwpDebugServer: handling req: ClassType(3).Superclass(1)
09:40:20.414 INFO: JdwpDebugServer: handling req: ObjectReference(9).GetValues(2)
09:40:20.414 INFO: JdwpDebugServer: handling req: ObjectReference(9).GetValues(2)
09:40:20.414 INFO: JdwpDebugServer: handling req: ObjectReference(9).GetValues(2)
09:40:20.414 INFO: JdwpDebugServer: handling req: StringReference(10).Value(1)
09:40:20.414 INFO: JdwpDebugServer: handling req: ObjectReference(9).GetValues(2)
09:40:20.415 INFO: JdwpDebugServer: handling req: ObjectReference(9).GetValues(2)
09:40:20.941 INFO: JdwpDebugServer: handling req: StackFrame(16).GetValues(1)
09:40:20.941 INFO: JdwpDebugServer: handling req: ClassType(3).Superclass(1)
09:40:21.025 INFO: JdwpDebugServer: handling req: ThreadReference(11).Name(1)
09:40:21.026 INFO: JdwpDebugServer: handling req: ThreadReference(11).Name(1)
09:40:21.026 INFO: JdwpDebugServer: handling req: ThreadReference(11).Name(1)
09:40:21.026 INFO: JdwpDebugServer: handling req: ThreadReference(11).Name(1)
09:40:21.043 INFO: JdwpDebugServer: handling req: ObjectReference(9).GetValues(2)
09:40:21.043 INFO: JdwpDebugServer: handling req: ObjectReference(9).GetValues(2)
09:40:21.044 INFO: JdwpDebugServer: handling req: ObjectReference(9).GetValues(2)
09:40:21.044 INFO: JdwpDebugServer: handling req: ClassType(3).Superclass(1)
09:40:21.044 INFO: JdwpDebugServer: handling req: ObjectReference(9).GetValues(2)
09:40:21.044 INFO: JdwpDebugServer: handling req: ObjectReference(9).GetValues(2)
09:40:21.045 INFO: JdwpDebugServer: handling req: ObjectReference(9).GetValues(2)
09:40:21.045 INFO: JdwpDebugServer: handling req: ObjectReference(9).GetValues(2)
09:40:21.045 INFO: JdwpDebugServer: handling req: ObjectReference(9).GetValues(2)
09:40:21.050 INFO: JdwpDebugServer: handling req: ThreadReference(11).FramesCount(7)
09:40:21.062 INFO: JdwpDebugServer: handling req: StackFrame(16).ThisObject(3)
09:40:21.062 INFO: JdwpDebugServer: handling req: ObjectReference(9).ReferenceType(1)
09:40:21.063 INFO: JdwpDebugServer: handling req: Method(6).LineTable(1)
09:40:21.063 INFO: JdwpDebugServer: handling req: StackFrame(16).ThisObject(3)
09:40:21.063 INFO: JdwpDebugServer: handling req: ObjectReference(9).ReferenceType(1)
09:40:21.064 INFO: JdwpDebugServer: handling req: Method(6).LineTable(1)
09:40:21.064 INFO: JdwpDebugServer: handling req: StackFrame(16).ThisObject(3)
09:40:21.064 INFO: JdwpDebugServer: handling req: ObjectReference(9).ReferenceType(1)
09:40:21.064 INFO: JdwpDebugServer: handling req: Method(6).LineTable(1)
09:40:21.064 INFO: JdwpDebugServer: handling req: StackFrame(16).ThisObject(3)
09:40:21.065 INFO: JdwpDebugServer: handling req: ObjectReference(9).ReferenceType(1)
09:40:21.065 INFO: JdwpDebugServer: handling req: Method(6).LineTable(1)
09:40:21.065 INFO: JdwpDebugServer: handling req: StackFrame(16).ThisObject(3)
09:40:21.065 INFO: JdwpDebugServer: handling req: ObjectReference(9).ReferenceType(1)
09:40:21.065 INFO: JdwpDebugServer: handling req: Method(6).LineTable(1)
09:40:21.065 INFO: JdwpDebugServer: handling req: StackFrame(16).ThisObject(3)
09:40:21.066 INFO: JdwpDebugServer: handling req: ObjectReference(9).ReferenceType(1)
09:40:21.066 INFO: JdwpDebugServer: handling req: Method(6).LineTable(1)
09:40:21.066 INFO: JdwpDebugServer: handling req: StackFrame(16).ThisObject(3)
09:40:21.066 INFO: JdwpDebugServer: handling req: ObjectReference(9).ReferenceType(1)
09:40:21.066 INFO: JdwpDebugServer: handling req: Method(6).LineTable(1)
09:40:21.066 INFO: JdwpDebugServer: handling req: StackFrame(16).ThisObject(3)
09:40:21.067 INFO: JdwpDebugServer: handling req: ObjectReference(9).ReferenceType(1)
09:40:21.067 INFO: JdwpDebugServer: handling req: Method(6).LineTable(1)
09:40:21.067 INFO: JdwpDebugServer: handling req: StackFrame(16).ThisObject(3)
09:40:21.067 INFO: JdwpDebugServer: handling req: ObjectReference(9).ReferenceType(1)
09:40:21.067 INFO: JdwpDebugServer: handling req: Method(6).LineTable(1)
09:40:21.068 INFO: JdwpDebugServer: handling req: Method(6).LineTable(1)
09:40:21.068 INFO: JdwpDebugServer: handling req: ReferenceType(2).SignatureWithGeneric(13)
09:40:23.409 INFO: JdwpDebugServer: handling req: ObjectReference(9).GetValues(2)
09:40:23.494 INFO: JdwpDebugServer: handling req: StringReference(10).Value(1)
09:40:23.497 INFO: JdwpDebugServer: handling req: ObjectReference(9).GetValues(2)
09:40:23.497 INFO: JdwpDebugServer: handling req: ReferenceType(2).SourceFile(7)
09:40:23.497 INFO: JdwpDebugServer: handling req: ObjectReference(9).GetValues(2)
09:40:23.498 INFO: JdwpDebugServer: handling req: ObjectReference(9).GetValues(2)
09:40:23.499 INFO: JdwpDebugServer: handling req: ReferenceType(2).SourceFile(7)
09:40:23.519 INFO: JdwpDebugServer: handling req: ObjectReference(9).GetValues(2)
09:40:23.520 INFO: JdwpDebugServer: handling req: ObjectReference(9).GetValues(2)
09:40:23.520 INFO: JdwpDebugServer: handling req: ObjectReference(9).GetValues(2)
09:40:23.536 INFO: JdwpDebugServer: handling req: ObjectReference(9).GetValues(2)
09:40:23.537 INFO: JdwpDebugServer: handling req: ClassType(3).Superclass(1)
09:40:23.537 INFO: JdwpDebugServer: handling req: StringReference(10).Value(1)
09:40:24.115 INFO: JdwpDebugServer: handling req: ObjectReference(9).GetValues(2)
09:40:30.418 INFO: JdwpDebugServer: handling req: StringReference(10).Value(1)
09:40:33.536 INFO: JdwpDebugServer: handling req: ThreadReference(11).Resume(3)
09:40:33.537 INFO: JdwpEventCenterDelegate: THREAD_RESUMED: thread (33, main, main)
09:40:33.539 INFO: JdwpEventCenterDelegate: THREAD_RESUMED: thread (33, main, main)
09:40:33.589 SEVERE: Debugger: Thread HooksChannel socket thread crashed
org.robovm.debugger.DebuggerException: java.nio.BufferUnderflowException
	at org.robovm.debugger.hooks.HooksChannel.doSocketWork(HooksChannel.java:149)
	at java.base/java.lang.Thread.run(Thread.java:833)
	at org.robovm.debugger.utils.DebuggerThread.run(DebuggerThread.java:42)
Caused by: java.nio.BufferUnderflowException
	at org.robovm.debugger.utils.bytebuffer.DataBufferWriter.writeFromStream(DataBufferWriter.java:91)
	at org.robovm.debugger.hooks.HooksChannel.doSocketWork(HooksChannel.java:116)
	... 2 more
09:40:33.596 INFO: JdwpDebugServer: handling req: ThreadReference(11).Name(1)
