10:41:01.328 INFO: JdwpEventCenterDelegate: THREAD_STARTED: thread (33, main, main)
10:41:01.342 INFO: JdwpEventCenterDelegate: THREAD_STARTED: thread (48, ReferenceQueueDaemon, main)
10:41:01.349 INFO: JdwpEventCenterDelegate: THREAD_STARTED: thread (63, FinalizerDaemon, main)
10:41:01.355 INFO: JdwpEventCenterDelegate: THREAD_STARTED: thread (78, FinalizerWatchdogDaemon, main)
10:41:05.489 INFO: JdwpDebugServer: handling req: VirtualMachine(1).IDSizes(7)
10:41:05.491 INFO: JdwpDebugServer: handling req: EventRequest(15).Set(1)
10:41:05.491 INFO: JdwpEventCenterDelegate: jdwpSetEventRequest: JdwpEventRequest{requestId=100, eventKind=CLASS_UNLOAD, suspendPolicy=NONE, predicates=[]}
10:41:05.492 INFO: JdwpDebugServer: handling req: EventRequest(15).Set(1)
10:41:05.492 INFO: JdwpEventCenterDelegate: jdwpSetEventRequest: JdwpEventRequest{requestId=101, eventKind=THREAD_START, suspendPolicy=NONE, predicates=[]}
10:41:05.493 INFO: JdwpDebugServer: handling req: VirtualMachine(1).ClassesBySignature(2)
10:41:05.494 INFO: JdwpDebugServer: handling req: VirtualMachine(1).Version(1)
10:41:05.495 INFO: JdwpDebugServer: handling req: ReferenceType(2).MethodsWithGeneric(15)
10:41:05.497 INFO: JdwpDebugServer: handling req: Method(6).LineTable(1)
10:41:05.499 INFO: JdwpDebugServer: handling req: EventRequest(15).Set(1)
10:41:05.499 INFO: JdwpEventCenterDelegate: jdwpSetEventRequest: JdwpEventRequest{requestId=102, eventKind=BREAKPOINT, suspendPolicy=NONE, predicates=[Location{classId=845, methodId=257, index=928} ]}
10:41:05.500 INFO: JdwpDebugServer: handling req: EventRequest(15).Set(1)
10:41:05.500 INFO: JdwpEventCenterDelegate: jdwpSetEventRequest: JdwpEventRequest{requestId=103, eventKind=THREAD_DEATH, suspendPolicy=NONE, predicates=[]}
10:41:05.501 INFO: JdwpDebugServer: handling req: VirtualMachine(1).AllThreads(4)
10:41:05.502 INFO: JdwpDebugServer: handling req: ThreadReference(11).ThreadGroup(5)
10:41:05.502 INFO: JdwpDebugServer: handling req: ThreadGroup(12).Name(1)
10:41:05.502 INFO: JdwpDebugServer: handling req: ThreadGroup(12).Parent(2)
10:41:05.503 INFO: JdwpDebugServer: handling req: ObjectReference(9).ReferenceType(1)
10:41:05.505 INFO: JdwpDebugServer: handling req: ReferenceType(2).FieldsWithGeneric(14)
10:41:05.505 INFO: JdwpDebugServer: handling req: ReferenceType(2).Interfaces(10)
10:41:05.506 INFO: JdwpDebugServer: handling req: ReferenceType(2).FieldsWithGeneric(14)
10:41:05.506 INFO: JdwpDebugServer: handling req: ReferenceType(2).Interfaces(10)
10:41:05.506 INFO: JdwpDebugServer: handling req: ClassType(3).Superclass(1)
10:41:05.506 INFO: JdwpDebugServer: handling req: ReferenceType(2).FieldsWithGeneric(14)
10:41:05.507 INFO: JdwpDebugServer: handling req: ReferenceType(2).Interfaces(10)
10:41:05.507 INFO: JdwpDebugServer: handling req: ClassType(3).Superclass(1)
10:41:05.507 INFO: JdwpDebugServer: handling req: ObjectReference(9).GetValues(2)
10:41:05.511 INFO: JdwpDebugServer: handling req: ThreadReference(11).Status(4)
10:41:05.511 INFO: JdwpDebugServer: handling req: ThreadReference(11).Status(4)
10:41:05.511 INFO: JdwpDebugServer: handling req: ThreadReference(11).ThreadGroup(5)
10:41:05.512 INFO: JdwpDebugServer: handling req: ObjectReference(9).ReferenceType(1)
10:41:05.512 INFO: JdwpDebugServer: handling req: ObjectReference(9).GetValues(2)
10:41:05.514 INFO: JdwpDebugServer: handling req: ThreadReference(11).Status(4)
10:41:05.514 INFO: JdwpDebugServer: handling req: ThreadReference(11).Status(4)
10:41:05.514 INFO: JdwpDebugServer: handling req: ThreadReference(11).ThreadGroup(5)
10:41:05.514 INFO: JdwpDebugServer: handling req: ObjectReference(9).ReferenceType(1)
10:41:05.515 INFO: JdwpDebugServer: handling req: ObjectReference(9).GetValues(2)
10:41:05.516 INFO: JdwpDebugServer: handling req: ThreadReference(11).Status(4)
10:41:05.516 INFO: JdwpDebugServer: handling req: ThreadReference(11).Status(4)
10:41:05.517 INFO: JdwpDebugServer: handling req: ThreadReference(11).ThreadGroup(5)
10:41:05.517 INFO: JdwpDebugServer: handling req: ObjectReference(9).ReferenceType(1)
10:41:05.517 INFO: JdwpDebugServer: handling req: ObjectReference(9).GetValues(2)
10:41:05.519 INFO: JdwpDebugServer: handling req: ThreadReference(11).Status(4)
10:41:05.519 INFO: JdwpDebugServer: handling req: ThreadReference(11).Status(4)
10:41:05.521 INFO: JdwpDebugServer: handling req: EventRequest(15).Set(1)
10:41:05.521 INFO: JdwpEventCenterDelegate: jdwpSetEventRequest: JdwpEventRequest{requestId=104, eventKind=CLASS_PREPARE, suspendPolicy=EVENT_THREAD, predicates=[className=com.abdalla.bushnaq.pluvia.engine.AudioManager]}
10:41:05.526 INFO: JdwpDebugServer: handling req: EventRequest(15).Set(1)
10:41:05.526 INFO: JdwpEventCenterDelegate: jdwpSetEventRequest: JdwpEventRequest{requestId=105, eventKind=CLASS_PREPARE, suspendPolicy=EVENT_THREAD, predicates=[className=com.abdalla.bushnaq.pluvia.engine.AudioManager$*]}
10:41:05.528 INFO: JdwpDebugServer: handling req: VirtualMachine(1).ClassesBySignature(2)
10:41:05.529 INFO: JdwpDebugServer: handling req: ReferenceType(2).MethodsWithGeneric(15)
10:41:05.529 INFO: JdwpDebugServer: handling req: Method(6).LineTable(1)
10:41:05.530 INFO: JdwpDebugServer: handling req: Method(6).LineTable(1)
10:41:05.530 INFO: JdwpDebugServer: handling req: Method(6).LineTable(1)
10:41:05.530 INFO: JdwpDebugServer: handling req: Method(6).LineTable(1)
10:41:05.530 INFO: JdwpDebugServer: handling req: VirtualMachine(1).ClassesBySignature(2)
10:41:05.530 INFO: JdwpDebugServer: handling req: VirtualMachine(1).AllClassesWithGeneric(20)
10:41:05.546 INFO: JdwpDebugServer: handling req: VirtualMachine(1).capabilitiesNew(17)
10:41:05.547 INFO: JdwpDebugServer: handling req: EventRequest(15).Set(1)
10:41:05.547 INFO: JdwpEventCenterDelegate: jdwpSetEventRequest: JdwpEventRequest{requestId=106, eventKind=CLASS_PREPARE, suspendPolicy=EVENT_THREAD, predicates=[className=java.lang.Error]}
10:41:05.550 INFO: JdwpDebugServer: handling req: EventRequest(15).Set(1)
10:41:05.550 INFO: JdwpEventCenterDelegate: jdwpSetEventRequest: JdwpEventRequest{requestId=107, eventKind=CLASS_PREPARE, suspendPolicy=EVENT_THREAD, predicates=[className=java.lang.Error$*]}
10:41:05.551 INFO: JdwpDebugServer: handling req: VirtualMachine(1).ClassesBySignature(2)
10:41:05.552 INFO: JdwpDebugServer: handling req: EventRequest(15).Set(1)
10:41:05.552 INFO: JdwpEventCenterDelegate: jdwpSetEventRequest: JdwpEventRequest{requestId=108, eventKind=EXCEPTION, suspendPolicy=EVENT_THREAD, predicates=[exceptionType=3425(caught=true, uncaught=true)]}
10:41:05.561 INFO: JdwpDebugServer: handling req: EventRequest(15).Set(1)
10:41:05.561 INFO: JdwpEventCenterDelegate: jdwpSetEventRequest: JdwpEventRequest{requestId=109, eventKind=CLASS_PREPARE, suspendPolicy=EVENT_THREAD, predicates=[className=java.lang.Throwable]}
10:41:05.563 INFO: JdwpDebugServer: handling req: EventRequest(15).Set(1)
10:41:05.563 INFO: JdwpEventCenterDelegate: jdwpSetEventRequest: JdwpEventRequest{requestId=110, eventKind=CLASS_PREPARE, suspendPolicy=EVENT_THREAD, predicates=[className=java.lang.Throwable$*]}
10:41:05.564 INFO: JdwpDebugServer: handling req: VirtualMachine(1).ClassesBySignature(2)
10:41:05.564 INFO: JdwpDebugServer: handling req: EventRequest(15).Set(1)
10:41:05.564 INFO: JdwpEventCenterDelegate: jdwpSetEventRequest: JdwpEventRequest{requestId=111, eventKind=EXCEPTION, suspendPolicy=EVENT_THREAD, predicates=[exceptionType=7695(caught=false, uncaught=true)]}
10:41:05.565 INFO: JdwpDebugServer: handling req: ThreadReference(11).SuspendCount(12)
10:41:05.566 INFO: JdwpDebugServer: handling req: ThreadReference(11).SuspendCount(12)
10:41:05.566 INFO: JdwpDebugServer: handling req: ThreadReference(11).SuspendCount(12)
10:41:05.566 INFO: JdwpDebugServer: handling req: ThreadReference(11).SuspendCount(12)
10:41:05.566 INFO: JdwpDebugServer: handling req: VirtualMachine(1).AllThreads(4)
10:41:05.566 INFO: JdwpDebugServer: handling req: VirtualMachine(1).Resume(9)
10:41:05.626 INFO: JdwpEventCenterDelegate: THREAD_RESUMED: thread (33, main, main)
10:41:05.627 INFO: JdwpEventCenterDelegate: THREAD_RESUMED: thread (33, main, main)
10:41:05.629 INFO: JdwpEventCenterDelegate: THREAD_RESUMED: thread (33, main, main)
10:41:05.630 INFO: JdwpEventCenterDelegate: THREAD_RESUMED: thread (33, main, main)
10:41:05.632 INFO: JdwpEventCenterDelegate: THREAD_RESUMED: thread (33, main, main)
10:41:05.633 INFO: JdwpEventCenterDelegate: THREAD_RESUMED: thread (33, main, main)
10:41:05.634 INFO: JdwpEventCenterDelegate: THREAD_RESUMED: thread (33, main, main)
10:41:05.636 INFO: JdwpEventCenterDelegate: THREAD_RESUMED: thread (33, main, main)
10:41:05.637 INFO: JdwpEventCenterDelegate: THREAD_RESUMED: thread (33, main, main)
10:41:05.638 INFO: JdwpEventCenterDelegate: THREAD_RESUMED: thread (33, main, main)
10:41:05.640 INFO: JdwpEventCenterDelegate: THREAD_RESUMED: thread (33, main, main)
10:41:05.641 INFO: JdwpEventCenterDelegate: THREAD_RESUMED: thread (33, main, main)
10:41:05.642 INFO: JdwpEventCenterDelegate: THREAD_RESUMED: thread (33, main, main)
10:41:05.643 INFO: JdwpEventCenterDelegate: THREAD_RESUMED: thread (33, main, main)
10:41:05.645 INFO: JdwpEventCenterDelegate: THREAD_RESUMED: thread (33, main, main)
10:41:05.646 INFO: JdwpEventCenterDelegate: THREAD_RESUMED: thread (33, main, main)
10:41:05.648 INFO: JdwpEventCenterDelegate: THREAD_RESUMED: thread (33, main, main)
10:41:05.649 INFO: JdwpEventCenterDelegate: THREAD_RESUMED: thread (33, main, main)
10:41:05.653 INFO: JdwpEventCenterDelegate: THREAD_RESUMED: thread (33, main, main)
10:41:05.655 INFO: JdwpEventCenterDelegate: THREAD_RESUMED: thread (33, main, main)
10:41:05.656 INFO: JdwpEventCenterDelegate: THREAD_RESUMED: thread (33, main, main)
10:41:05.657 INFO: JdwpEventCenterDelegate: THREAD_RESUMED: thread (33, main, main)
10:41:05.658 INFO: JdwpEventCenterDelegate: THREAD_RESUMED: thread (33, main, main)
10:41:05.659 INFO: JdwpEventCenterDelegate: THREAD_RESUMED: thread (33, main, main)
10:41:05.661 INFO: JdwpEventCenterDelegate: THREAD_RESUMED: thread (33, main, main)
10:41:05.710 INFO: JdwpEventCenterDelegate: THREAD_RESUMED: thread (33, main, main)
10:41:05.711 INFO: JdwpEventCenterDelegate: THREAD_RESUMED: thread (33, main, main)
10:41:05.712 INFO: JdwpEventCenterDelegate: THREAD_RESUMED: thread (33, main, main)
10:41:05.713 INFO: JdwpEventCenterDelegate: THREAD_RESUMED: thread (33, main, main)
10:41:05.714 INFO: JdwpEventCenterDelegate: THREAD_RESUMED: thread (33, main, main)
10:41:05.715 INFO: JdwpEventCenterDelegate: THREAD_RESUMED: thread (33, main, main)
10:41:05.716 INFO: JdwpEventCenterDelegate: THREAD_RESUMED: thread (33, main, main)
10:41:05.722 INFO: JdwpEventCenterDelegate: THREAD_RESUMED: thread (33, main, main)
10:41:05.723 INFO: JdwpEventCenterDelegate: THREAD_RESUMED: thread (33, main, main)
10:41:05.724 INFO: JdwpEventCenterDelegate: THREAD_RESUMED: thread (33, main, main)
10:41:05.725 INFO: JdwpEventCenterDelegate: THREAD_RESUMED: thread (33, main, main)
10:41:05.726 INFO: JdwpEventCenterDelegate: THREAD_RESUMED: thread (33, main, main)
10:41:05.727 INFO: JdwpEventCenterDelegate: THREAD_RESUMED: thread (33, main, main)
10:41:05.728 INFO: JdwpEventCenterDelegate: THREAD_RESUMED: thread (33, main, main)
10:41:05.755 INFO: JdwpEventCenterDelegate: THREAD_RESUMED: thread (33, main, main)
10:41:05.756 INFO: JdwpEventCenterDelegate: THREAD_RESUMED: thread (33, main, main)
10:41:05.757 INFO: JdwpEventCenterDelegate: THREAD_RESUMED: thread (33, main, main)
10:41:05.757 INFO: JdwpEventCenterDelegate: THREAD_RESUMED: thread (33, main, main)
10:41:05.759 INFO: JdwpEventCenterDelegate: THREAD_RESUMED: thread (33, main, main)
10:41:05.760 INFO: JdwpEventCenterDelegate: THREAD_RESUMED: thread (33, main, main)
10:41:05.761 INFO: JdwpEventCenterDelegate: THREAD_RESUMED: thread (33, main, main)
10:41:05.773 INFO: JdwpEventCenterDelegate: THREAD_RESUMED: thread (33, main, main)
10:41:05.774 INFO: JdwpEventCenterDelegate: THREAD_RESUMED: thread (33, main, main)
10:41:05.775 INFO: JdwpEventCenterDelegate: THREAD_RESUMED: thread (33, main, main)
10:41:05.776 INFO: JdwpEventCenterDelegate: THREAD_RESUMED: thread (33, main, main)
10:41:05.777 INFO: JdwpEventCenterDelegate: THREAD_RESUMED: thread (33, main, main)
10:41:05.778 INFO: JdwpEventCenterDelegate: THREAD_RESUMED: thread (33, main, main)
10:41:05.779 INFO: JdwpEventCenterDelegate: THREAD_RESUMED: thread (33, main, main)
10:41:05.786 INFO: JdwpEventCenterDelegate: THREAD_RESUMED: thread (33, main, main)
10:41:05.787 INFO: JdwpEventCenterDelegate: THREAD_RESUMED: thread (33, main, main)
10:41:05.788 INFO: JdwpEventCenterDelegate: THREAD_RESUMED: thread (33, main, main)
10:41:05.789 INFO: JdwpEventCenterDelegate: THREAD_RESUMED: thread (33, main, main)
10:41:05.790 INFO: JdwpEventCenterDelegate: THREAD_RESUMED: thread (33, main, main)
10:41:05.792 INFO: JdwpEventCenterDelegate: THREAD_RESUMED: thread (33, main, main)
10:41:05.792 INFO: JdwpEventCenterDelegate: THREAD_RESUMED: thread (33, main, main)
10:41:05.801 INFO: JdwpEventCenterDelegate: THREAD_RESUMED: thread (33, main, main)
10:41:05.802 INFO: JdwpEventCenterDelegate: THREAD_RESUMED: thread (33, main, main)
10:41:05.803 INFO: JdwpEventCenterDelegate: THREAD_RESUMED: thread (33, main, main)
10:41:05.804 INFO: JdwpEventCenterDelegate: THREAD_RESUMED: thread (33, main, main)
10:41:05.805 INFO: JdwpEventCenterDelegate: THREAD_RESUMED: thread (33, main, main)
10:41:05.806 INFO: JdwpEventCenterDelegate: THREAD_RESUMED: thread (33, main, main)
10:41:05.807 INFO: JdwpEventCenterDelegate: THREAD_RESUMED: thread (33, main, main)
10:41:05.808 INFO: JdwpEventCenterDelegate: THREAD_RESUMED: thread (33, main, main)
10:41:05.809 INFO: JdwpEventCenterDelegate: THREAD_RESUMED: thread (33, main, main)
10:41:05.810 INFO: JdwpEventCenterDelegate: THREAD_RESUMED: thread (33, main, main)
10:41:05.811 INFO: JdwpEventCenterDelegate: THREAD_RESUMED: thread (33, main, main)
10:41:05.812 INFO: JdwpEventCenterDelegate: THREAD_RESUMED: thread (33, main, main)
10:41:05.813 INFO: JdwpEventCenterDelegate: THREAD_RESUMED: thread (33, main, main)
10:41:05.814 INFO: JdwpEventCenterDelegate: THREAD_RESUMED: thread (33, main, main)
10:41:05.815 INFO: JdwpEventCenterDelegate: THREAD_RESUMED: thread (33, main, main)
10:41:05.816 INFO: JdwpEventCenterDelegate: THREAD_RESUMED: thread (33, main, main)
10:41:05.817 INFO: JdwpEventCenterDelegate: THREAD_RESUMED: thread (33, main, main)
10:41:05.818 INFO: JdwpEventCenterDelegate: THREAD_RESUMED: thread (33, main, main)
10:41:05.822 INFO: JdwpEventCenterDelegate: THREAD_RESUMED: thread (33, main, main)
10:41:05.823 INFO: JdwpEventCenterDelegate: THREAD_RESUMED: thread (33, main, main)
10:41:06.030 INFO: JdwpEventCenterDelegate: THREAD_RESUMED: thread (33, main, main)
10:41:06.031 INFO: JdwpEventCenterDelegate: THREAD_RESUMED: thread (33, main, main)
10:41:06.043 INFO: JdwpEventCenterDelegate: THREAD_RESUMED: thread (33, main, main)
10:41:06.045 INFO: JdwpEventCenterDelegate: THREAD_RESUMED: thread (33, main, main)
10:41:06.046 INFO: JdwpEventCenterDelegate: THREAD_RESUMED: thread (33, main, main)
10:41:06.047 INFO: JdwpEventCenterDelegate: THREAD_RESUMED: thread (33, main, main)
10:41:06.052 INFO: JdwpEventCenterDelegate: THREAD_RESUMED: thread (33, main, main)
10:41:06.053 INFO: JdwpEventCenterDelegate: THREAD_RESUMED: thread (33, main, main)
10:41:06.104 INFO: JdwpEventCenterDelegate: THREAD_RESUMED: thread (33, main, main)
10:41:06.286 INFO: JdwpEventCenterDelegate: THREAD_RESUMED: thread (33, main, main)
10:41:06.287 INFO: JdwpEventCenterDelegate: THREAD_RESUMED: thread (33, main, main)
10:41:06.289 INFO: JdwpEventCenterDelegate: THREAD_RESUMED: thread (33, main, main)
10:41:06.290 INFO: JdwpEventCenterDelegate: THREAD_RESUMED: thread (33, main, main)
10:41:06.291 INFO: JdwpEventCenterDelegate: THREAD_RESUMED: thread (33, main, main)
10:41:06.292 INFO: JdwpEventCenterDelegate: THREAD_RESUMED: thread (33, main, main)
10:41:06.300 INFO: JdwpEventCenterDelegate: THREAD_RESUMED: thread (33, main, main)
10:41:06.302 INFO: JdwpEventCenterDelegate: THREAD_RESUMED: thread (33, main, main)
10:41:06.304 INFO: JdwpEventCenterDelegate: THREAD_RESUMED: thread (33, main, main)
10:41:06.305 INFO: JdwpEventCenterDelegate: THREAD_RESUMED: thread (33, main, main)
10:41:06.307 INFO: JdwpEventCenterDelegate: THREAD_RESUMED: thread (33, main, main)
10:41:06.309 INFO: JdwpEventCenterDelegate: THREAD_RESUMED: thread (33, main, main)
10:41:06.310 INFO: JdwpEventCenterDelegate: THREAD_RESUMED: thread (33, main, main)
10:41:06.327 INFO: JdwpEventCenterDelegate: THREAD_RESUMED: thread (33, main, main)
10:41:06.344 INFO: JdwpEventCenterDelegate: THREAD_RESUMED: thread (33, main, main)
10:41:06.357 INFO: JdwpEventCenterDelegate: THREAD_RESUMED: thread (33, main, main)
10:41:06.368 INFO: JdwpEventCenterDelegate: THREAD_RESUMED: thread (33, main, main)
10:41:06.384 INFO: JdwpEventCenterDelegate: THREAD_RESUMED: thread (33, main, main)
10:41:06.409 INFO: JdwpEventCenterDelegate: THREAD_RESUMED: thread (33, main, main)
10:41:06.415 INFO: JdwpEventCenterDelegate: THREAD_RESUMED: thread (33, main, main)
10:41:06.421 INFO: JdwpEventCenterDelegate: THREAD_RESUMED: thread (33, main, main)
10:41:06.426 INFO: JdwpEventCenterDelegate: THREAD_RESUMED: thread (33, main, main)
10:41:06.431 INFO: JdwpEventCenterDelegate: THREAD_RESUMED: thread (33, main, main)
10:41:06.437 INFO: JdwpEventCenterDelegate: THREAD_RESUMED: thread (33, main, main)
10:41:06.447 INFO: JdwpEventCenterDelegate: THREAD_RESUMED: thread (33, main, main)
10:41:06.454 INFO: JdwpEventCenterDelegate: THREAD_RESUMED: thread (33, main, main)
10:41:06.460 INFO: JdwpEventCenterDelegate: THREAD_RESUMED: thread (33, main, main)
10:41:06.466 INFO: JdwpEventCenterDelegate: THREAD_RESUMED: thread (33, main, main)
10:41:06.471 INFO: JdwpEventCenterDelegate: THREAD_RESUMED: thread (33, main, main)
10:41:06.478 INFO: JdwpEventCenterDelegate: THREAD_RESUMED: thread (33, main, main)
10:41:06.484 INFO: JdwpEventCenterDelegate: THREAD_RESUMED: thread (33, main, main)
10:41:06.486 INFO: JdwpEventCenterDelegate: THREAD_RESUMED: thread (33, main, main)
10:41:06.488 INFO: JdwpEventCenterDelegate: THREAD_RESUMED: thread (33, main, main)
10:41:06.491 INFO: JdwpEventCenterDelegate: THREAD_RESUMED: thread (33, main, main)
10:41:06.494 INFO: JdwpEventCenterDelegate: THREAD_RESUMED: thread (33, main, main)
10:41:06.496 INFO: JdwpEventCenterDelegate: THREAD_RESUMED: thread (33, main, main)
10:41:06.499 INFO: JdwpEventCenterDelegate: THREAD_RESUMED: thread (33, main, main)
10:41:06.501 INFO: JdwpEventCenterDelegate: THREAD_RESUMED: thread (33, main, main)
10:41:06.502 INFO: JdwpEventCenterDelegate: THREAD_RESUMED: thread (33, main, main)
10:41:06.504 INFO: JdwpEventCenterDelegate: THREAD_RESUMED: thread (33, main, main)
10:41:06.506 INFO: JdwpEventCenterDelegate: THREAD_RESUMED: thread (33, main, main)
10:41:06.508 INFO: JdwpEventCenterDelegate: THREAD_RESUMED: thread (33, main, main)
10:41:06.510 INFO: JdwpEventCenterDelegate: THREAD_RESUMED: thread (33, main, main)
10:41:06.512 INFO: JdwpEventCenterDelegate: THREAD_RESUMED: thread (33, main, main)
10:41:06.513 INFO: JdwpEventCenterDelegate: THREAD_RESUMED: thread (33, main, main)
10:41:06.515 INFO: JdwpEventCenterDelegate: THREAD_RESUMED: thread (33, main, main)
10:41:06.517 INFO: JdwpEventCenterDelegate: THREAD_RESUMED: thread (33, main, main)
10:41:06.518 INFO: JdwpEventCenterDelegate: THREAD_RESUMED: thread (33, main, main)
10:41:06.520 INFO: JdwpEventCenterDelegate: THREAD_RESUMED: thread (33, main, main)
10:41:06.521 INFO: JdwpEventCenterDelegate: THREAD_RESUMED: thread (33, main, main)
10:41:06.523 INFO: JdwpEventCenterDelegate: THREAD_RESUMED: thread (33, main, main)
10:41:06.525 INFO: JdwpEventCenterDelegate: THREAD_RESUMED: thread (33, main, main)
10:41:06.527 INFO: JdwpEventCenterDelegate: THREAD_RESUMED: thread (33, main, main)
10:41:06.528 INFO: JdwpEventCenterDelegate: THREAD_RESUMED: thread (33, main, main)
10:41:06.530 INFO: JdwpEventCenterDelegate: THREAD_RESUMED: thread (33, main, main)
10:41:06.532 INFO: JdwpEventCenterDelegate: THREAD_RESUMED: thread (33, main, main)
10:41:06.533 INFO: JdwpEventCenterDelegate: THREAD_RESUMED: thread (33, main, main)
10:41:06.535 INFO: JdwpEventCenterDelegate: THREAD_RESUMED: thread (33, main, main)
10:41:06.536 INFO: JdwpEventCenterDelegate: THREAD_RESUMED: thread (33, main, main)
10:41:06.538 INFO: JdwpEventCenterDelegate: THREAD_RESUMED: thread (33, main, main)
10:41:06.540 INFO: JdwpEventCenterDelegate: THREAD_RESUMED: thread (33, main, main)
10:41:06.541 INFO: JdwpEventCenterDelegate: THREAD_RESUMED: thread (33, main, main)
10:41:06.543 INFO: JdwpEventCenterDelegate: THREAD_RESUMED: thread (33, main, main)
10:41:06.544 INFO: JdwpEventCenterDelegate: THREAD_RESUMED: thread (33, main, main)
10:41:06.546 INFO: JdwpEventCenterDelegate: THREAD_RESUMED: thread (33, main, main)
10:41:06.547 INFO: JdwpEventCenterDelegate: THREAD_RESUMED: thread (33, main, main)
10:41:06.549 INFO: JdwpEventCenterDelegate: THREAD_RESUMED: thread (33, main, main)
10:41:06.551 INFO: JdwpEventCenterDelegate: THREAD_RESUMED: thread (33, main, main)
10:41:06.552 INFO: JdwpEventCenterDelegate: THREAD_RESUMED: thread (33, main, main)
10:41:06.554 INFO: JdwpEventCenterDelegate: THREAD_RESUMED: thread (33, main, main)
10:41:06.555 INFO: JdwpEventCenterDelegate: THREAD_RESUMED: thread (33, main, main)
10:41:06.557 INFO: JdwpEventCenterDelegate: THREAD_RESUMED: thread (33, main, main)
10:41:06.559 INFO: JdwpEventCenterDelegate: THREAD_RESUMED: thread (33, main, main)
10:41:06.560 INFO: JdwpEventCenterDelegate: THREAD_RESUMED: thread (33, main, main)
10:41:06.562 INFO: JdwpEventCenterDelegate: THREAD_RESUMED: thread (33, main, main)
10:41:06.564 INFO: JdwpEventCenterDelegate: THREAD_RESUMED: thread (33, main, main)
10:41:06.565 INFO: JdwpEventCenterDelegate: THREAD_RESUMED: thread (33, main, main)
10:41:06.567 INFO: JdwpEventCenterDelegate: THREAD_RESUMED: thread (33, main, main)
10:41:06.568 INFO: JdwpEventCenterDelegate: THREAD_RESUMED: thread (33, main, main)
10:41:06.570 INFO: JdwpEventCenterDelegate: THREAD_RESUMED: thread (33, main, main)
10:41:06.572 INFO: JdwpEventCenterDelegate: THREAD_RESUMED: thread (33, main, main)
10:41:06.573 INFO: JdwpEventCenterDelegate: THREAD_RESUMED: thread (33, main, main)
10:41:06.575 INFO: JdwpEventCenterDelegate: THREAD_RESUMED: thread (33, main, main)
10:41:06.577 INFO: JdwpEventCenterDelegate: THREAD_RESUMED: thread (33, main, main)
10:41:06.718 INFO: JdwpDebugServer: handling req: ThreadReference(11).Resume(3)
10:41:06.720 INFO: JdwpEventCenterDelegate: THREAD_RESUMED: thread (33, main, main)
10:41:06.739 INFO: JdwpEventCenterDelegate: THREAD_RESUMED: thread (33, main, main)
10:41:06.770 INFO: JdwpEventCenterDelegate: THREAD_RESUMED: thread (33, main, main)
10:41:06.771 INFO: JdwpEventCenterDelegate: THREAD_RESUMED: thread (33, main, main)
10:41:06.773 INFO: JdwpEventCenterDelegate: THREAD_RESUMED: thread (33, main, main)
10:41:06.774 INFO: JdwpEventCenterDelegate: THREAD_RESUMED: thread (33, main, main)
10:41:06.912 INFO: JdwpEventCenterDelegate: THREAD_RESUMED: thread (33, main, main)
10:41:06.913 INFO: JdwpEventCenterDelegate: THREAD_RESUMED: thread (33, main, main)
10:41:06.925 INFO: JdwpEventCenterDelegate: THREAD_RESUMED: thread (33, main, main)
10:41:06.926 INFO: JdwpEventCenterDelegate: THREAD_RESUMED: thread (33, main, main)
10:41:06.930 INFO: JdwpEventCenterDelegate: THREAD_RESUMED: thread (33, main, main)
10:41:06.931 INFO: JdwpEventCenterDelegate: THREAD_RESUMED: thread (33, main, main)
10:41:06.932 INFO: JdwpEventCenterDelegate: THREAD_RESUMED: thread (33, main, main)
10:41:06.934 INFO: JdwpEventCenterDelegate: THREAD_RESUMED: thread (33, main, main)
10:41:06.935 INFO: JdwpEventCenterDelegate: THREAD_RESUMED: thread (33, main, main)
10:41:06.936 INFO: JdwpEventCenterDelegate: THREAD_RESUMED: thread (33, main, main)
10:41:09.299 INFO: JdwpEventCenterDelegate: THREAD_RESUMED: thread (33, main, main)
10:41:09.301 INFO: JdwpEventCenterDelegate: THREAD_RESUMED: thread (33, main, main)
10:41:55.920 INFO: JdwpEventCenterDelegate: THREAD_RESUMED: thread (33, main, main)
10:41:55.922 INFO: JdwpEventCenterDelegate: THREAD_RESUMED: thread (33, main, main)
10:41:57.091 SEVERE: Debugger: Thread HooksChannel socket thread crashed
org.robovm.debugger.DebuggerException: java.io.IOException: org.robovm.libimobiledevice.LibIMobileDeviceException: IDEVICE_E_UNKNOWN_ERROR
	at org.robovm.debugger.hooks.HooksChannel.doSocketWork(HooksChannel.java:149)
	at java.base/java.lang.Thread.run(Thread.java:833)
	at org.robovm.debugger.utils.DebuggerThread.run(DebuggerThread.java:42)
Caused by: java.io.IOException: org.robovm.libimobiledevice.LibIMobileDeviceException: IDEVICE_E_UNKNOWN_ERROR
	at org.robovm.libimobiledevice.IDeviceConnection$DeviceInputStream.read(IDeviceConnection.java:203)
	at org.robovm.debugger.utils.bytebuffer.DataBufferWriter.writeFromStream(DataBufferWriter.java:89)
	at org.robovm.debugger.hooks.HooksChannel.doSocketWork(HooksChannel.java:116)
	... 2 more
Caused by: org.robovm.libimobiledevice.LibIMobileDeviceException: IDEVICE_E_UNKNOWN_ERROR
	at org.robovm.libimobiledevice.IDevice.checkResult(IDevice.java:206)
	at org.robovm.libimobiledevice.IDeviceConnection.receive(IDeviceConnection.java:110)
	at org.robovm.libimobiledevice.IDeviceConnection.receive(IDeviceConnection.java:81)
	at org.robovm.libimobiledevice.IDeviceConnection$DeviceInputStream.read(IDeviceConnection.java:201)
	... 4 more
10:41:57.604 SEVERE: Debugger: Thread JDWP server socket thread crashed
org.robovm.debugger.DebuggerException: java.net.SocketException: Socket closed
	at org.robovm.debugger.jdwp.JdwpDebugServer.doSocketWork(JdwpDebugServer.java:215)
	at java.base/java.lang.Thread.run(Thread.java:833)
	at org.robovm.debugger.utils.DebuggerThread.run(DebuggerThread.java:42)
Caused by: java.net.SocketException: Socket closed
	at java.base/sun.nio.ch.NioSocketImpl.endRead(NioSocketImpl.java:248)
	at java.base/sun.nio.ch.NioSocketImpl.implRead(NioSocketImpl.java:327)
	at java.base/sun.nio.ch.NioSocketImpl.read(NioSocketImpl.java:350)
	at java.base/sun.nio.ch.NioSocketImpl$1.read(NioSocketImpl.java:803)
	at java.base/java.net.Socket$SocketInputStream.read(Socket.java:966)
	at org.robovm.debugger.utils.bytebuffer.DataBufferWriter.writeFromStream(DataBufferWriter.java:89)
	at org.robovm.debugger.jdwp.protocol.JdwpRequestHeader.readFromStream(JdwpRequestHeader.java:36)
	at org.robovm.debugger.jdwp.JdwpDebugServer.doSocketWork(JdwpDebugServer.java:185)
	... 2 more
