08:35:03.874 INFO: JdwpEventCenterDelegate: THREAD_STARTED: thread (33, main, main)
08:35:03.919 INFO: JdwpEventCenterDelegate: THREAD_STARTED: thread (48, ReferenceQueueDaemon, main)
08:35:03.920 INFO: JdwpEventCenterDelegate: THREAD_STARTED: thread (63, FinalizerDaemon, main)
08:35:03.924 INFO: JdwpEventCenterDelegate: THREAD_STARTED: thread (78, FinalizerWatchdogDaemon, main)
08:35:05.772 INFO: JdwpDebugServer: handling req: VirtualMachine(1).IDSizes(7)
08:35:05.774 INFO: JdwpDebugServer: handling req: EventRequest(15).Set(1)
08:35:05.775 INFO: JdwpEventCenterDelegate: jdwpSetEventRequest: JdwpEventRequest{requestId=100, eventKind=CLASS_UNLOAD, suspendPolicy=NONE, predicates=[]}
08:35:05.776 INFO: JdwpDebugServer: handling req: EventRequest(15).Set(1)
08:35:05.776 INFO: JdwpEventCenterDelegate: jdwpSetEventRequest: JdwpEventRequest{requestId=101, eventKind=THREAD_START, suspendPolicy=NONE, predicates=[]}
08:35:05.778 INFO: JdwpDebugServer: handling req: VirtualMachine(1).ClassesBySignature(2)
08:35:05.781 INFO: JdwpDebugServer: handling req: VirtualMachine(1).Version(1)
08:35:05.782 INFO: JdwpDebugServer: handling req: ReferenceType(2).MethodsWithGeneric(15)
08:35:05.784 INFO: JdwpDebugServer: handling req: Method(6).LineTable(1)
08:35:05.787 INFO: JdwpDebugServer: handling req: EventRequest(15).Set(1)
08:35:05.787 INFO: JdwpEventCenterDelegate: jdwpSetEventRequest: JdwpEventRequest{requestId=102, eventKind=BREAKPOINT, suspendPolicy=NONE, predicates=[Location{classId=845, methodId=257, index=928} ]}
08:35:05.790 INFO: JdwpDebugServer: handling req: EventRequest(15).Set(1)
08:35:05.790 INFO: JdwpEventCenterDelegate: jdwpSetEventRequest: JdwpEventRequest{requestId=103, eventKind=THREAD_DEATH, suspendPolicy=NONE, predicates=[]}
08:35:05.791 INFO: JdwpDebugServer: handling req: VirtualMachine(1).AllThreads(4)
08:35:05.792 INFO: JdwpDebugServer: handling req: ThreadReference(11).ThreadGroup(5)
08:35:05.792 INFO: JdwpDebugServer: handling req: ThreadGroup(12).Name(1)
08:35:05.792 INFO: JdwpDebugServer: handling req: ThreadGroup(12).Parent(2)
08:35:05.793 INFO: JdwpDebugServer: handling req: ObjectReference(9).ReferenceType(1)
08:35:05.793 INFO: JdwpDebugServer: handling req: ReferenceType(2).FieldsWithGeneric(14)
08:35:05.794 INFO: JdwpDebugServer: handling req: ReferenceType(2).Interfaces(10)
08:35:05.796 INFO: JdwpDebugServer: handling req: ReferenceType(2).FieldsWithGeneric(14)
08:35:05.796 INFO: JdwpDebugServer: handling req: ReferenceType(2).Interfaces(10)
08:35:05.796 INFO: JdwpDebugServer: handling req: ClassType(3).Superclass(1)
08:35:05.797 INFO: JdwpDebugServer: handling req: ReferenceType(2).FieldsWithGeneric(14)
08:35:05.797 INFO: JdwpDebugServer: handling req: ReferenceType(2).Interfaces(10)
08:35:05.797 INFO: JdwpDebugServer: handling req: ClassType(3).Superclass(1)
08:35:05.798 INFO: JdwpDebugServer: handling req: ObjectReference(9).GetValues(2)
08:35:05.800 INFO: JdwpDebugServer: handling req: ThreadReference(11).Status(4)
08:35:05.800 INFO: JdwpDebugServer: handling req: ThreadReference(11).Status(4)
08:35:05.801 INFO: JdwpDebugServer: handling req: ThreadReference(11).ThreadGroup(5)
08:35:05.801 INFO: JdwpDebugServer: handling req: ObjectReference(9).ReferenceType(1)
08:35:05.801 INFO: JdwpDebugServer: handling req: ObjectReference(9).GetValues(2)
08:35:05.802 INFO: JdwpDebugServer: handling req: ThreadReference(11).Status(4)
08:35:05.803 INFO: JdwpDebugServer: handling req: ThreadReference(11).Status(4)
08:35:05.803 INFO: JdwpDebugServer: handling req: ThreadReference(11).ThreadGroup(5)
08:35:05.803 INFO: JdwpDebugServer: handling req: ObjectReference(9).ReferenceType(1)
08:35:05.803 INFO: JdwpDebugServer: handling req: ObjectReference(9).GetValues(2)
08:35:05.803 INFO: JdwpDebugServer: handling req: ThreadReference(11).Status(4)
08:35:05.804 INFO: JdwpDebugServer: handling req: ThreadReference(11).Status(4)
08:35:05.804 INFO: JdwpDebugServer: handling req: ThreadReference(11).ThreadGroup(5)
08:35:05.804 INFO: JdwpDebugServer: handling req: ObjectReference(9).ReferenceType(1)
08:35:05.804 INFO: JdwpDebugServer: handling req: ObjectReference(9).GetValues(2)
08:35:05.805 INFO: JdwpDebugServer: handling req: ThreadReference(11).Status(4)
08:35:05.805 INFO: JdwpDebugServer: handling req: ThreadReference(11).Status(4)
08:35:05.810 INFO: JdwpDebugServer: handling req: EventRequest(15).Set(1)
08:35:05.810 INFO: JdwpEventCenterDelegate: jdwpSetEventRequest: JdwpEventRequest{requestId=104, eventKind=CLASS_PREPARE, suspendPolicy=EVENT_THREAD, predicates=[className=com.badlogic.gdx.graphics.g2d.PolygonSpriteBatch]}
08:35:05.818 INFO: JdwpDebugServer: handling req: EventRequest(15).Set(1)
08:35:05.818 INFO: JdwpEventCenterDelegate: jdwpSetEventRequest: JdwpEventRequest{requestId=105, eventKind=CLASS_PREPARE, suspendPolicy=EVENT_THREAD, predicates=[className=com.badlogic.gdx.graphics.g2d.PolygonSpriteBatch$*]}
08:35:05.820 INFO: JdwpDebugServer: handling req: VirtualMachine(1).ClassesBySignature(2)
08:35:05.820 INFO: JdwpDebugServer: handling req: ReferenceType(2).MethodsWithGeneric(15)
08:35:05.821 INFO: JdwpDebugServer: handling req: Method(6).LineTable(1)
08:35:05.822 INFO: JdwpDebugServer: handling req: Method(6).LineTable(1)
08:35:05.822 INFO: JdwpDebugServer: handling req: Method(6).LineTable(1)
08:35:05.822 INFO: JdwpDebugServer: handling req: Method(6).LineTable(1)
08:35:05.823 INFO: JdwpDebugServer: handling req: Method(6).LineTable(1)
08:35:05.823 INFO: JdwpDebugServer: handling req: Method(6).LineTable(1)
08:35:05.823 INFO: JdwpDebugServer: handling req: Method(6).LineTable(1)
08:35:05.823 INFO: JdwpDebugServer: handling req: Method(6).LineTable(1)
08:35:05.823 INFO: JdwpDebugServer: handling req: Method(6).LineTable(1)
08:35:05.823 INFO: JdwpDebugServer: handling req: Method(6).LineTable(1)
08:35:05.824 INFO: JdwpDebugServer: handling req: Method(6).LineTable(1)
08:35:05.824 INFO: JdwpDebugServer: handling req: Method(6).LineTable(1)
08:35:05.824 INFO: JdwpDebugServer: handling req: Method(6).LineTable(1)
08:35:05.824 INFO: JdwpDebugServer: handling req: Method(6).LineTable(1)
08:35:05.824 INFO: JdwpDebugServer: handling req: Method(6).LineTable(1)
08:35:05.824 INFO: JdwpDebugServer: handling req: Method(6).LineTable(1)
08:35:05.825 INFO: JdwpDebugServer: handling req: Method(6).LineTable(1)
08:35:05.825 INFO: JdwpDebugServer: handling req: Method(6).LineTable(1)
08:35:05.825 INFO: JdwpDebugServer: handling req: Method(6).LineTable(1)
08:35:05.825 INFO: JdwpDebugServer: handling req: Method(6).LineTable(1)
08:35:05.825 INFO: JdwpDebugServer: handling req: Method(6).LineTable(1)
08:35:05.825 INFO: JdwpDebugServer: handling req: Method(6).LineTable(1)
08:35:05.825 INFO: JdwpDebugServer: handling req: Method(6).LineTable(1)
08:35:05.826 INFO: JdwpDebugServer: handling req: Method(6).LineTable(1)
08:35:05.826 INFO: JdwpDebugServer: handling req: Method(6).LineTable(1)
08:35:05.826 INFO: JdwpDebugServer: handling req: Method(6).LineTable(1)
08:35:05.826 INFO: JdwpDebugServer: handling req: Method(6).LineTable(1)
08:35:05.826 INFO: JdwpDebugServer: handling req: Method(6).LineTable(1)
08:35:05.826 INFO: JdwpDebugServer: handling req: Method(6).LineTable(1)
08:35:05.827 INFO: JdwpDebugServer: handling req: Method(6).LineTable(1)
08:35:05.827 INFO: JdwpDebugServer: handling req: Method(6).LineTable(1)
08:35:05.827 INFO: JdwpDebugServer: handling req: Method(6).LineTable(1)
08:35:05.827 INFO: JdwpDebugServer: handling req: Method(6).LineTable(1)
08:35:05.827 INFO: JdwpDebugServer: handling req: Method(6).LineTable(1)
08:35:05.827 INFO: JdwpDebugServer: handling req: Method(6).LineTable(1)
08:35:05.827 INFO: JdwpDebugServer: handling req: Method(6).LineTable(1)
08:35:05.828 INFO: JdwpDebugServer: handling req: Method(6).LineTable(1)
08:35:05.828 INFO: JdwpDebugServer: handling req: Method(6).LineTable(1)
08:35:05.828 INFO: JdwpDebugServer: handling req: Method(6).LineTable(1)
08:35:05.828 INFO: JdwpDebugServer: handling req: Method(6).LineTable(1)
08:35:05.828 INFO: JdwpDebugServer: handling req: Method(6).LineTable(1)
08:35:05.828 INFO: JdwpDebugServer: handling req: Method(6).LineTable(1)
08:35:05.828 INFO: JdwpDebugServer: handling req: Method(6).LineTable(1)
08:35:05.829 INFO: JdwpDebugServer: handling req: Method(6).LineTable(1)
08:35:05.829 INFO: JdwpDebugServer: handling req: Method(6).LineTable(1)
08:35:05.829 INFO: JdwpDebugServer: handling req: Method(6).LineTable(1)
08:35:05.829 INFO: JdwpDebugServer: handling req: Method(6).LineTable(1)
08:35:05.830 INFO: JdwpDebugServer: handling req: EventRequest(15).Set(1)
08:35:05.830 INFO: JdwpEventCenterDelegate: jdwpSetEventRequest: JdwpEventRequest{requestId=106, eventKind=BREAKPOINT, suspendPolicy=EVENT_THREAD, predicates=[Location{classId=15500, methodId=1122, index=142} ]}
08:35:05.831 INFO: JdwpDebugServer: handling req: ReferenceType(2).Signature(1)
08:35:05.834 INFO: JdwpDebugServer: handling req: EventRequest(15).Set(1)
08:35:05.834 INFO: JdwpEventCenterDelegate: jdwpSetEventRequest: JdwpEventRequest{requestId=107, eventKind=CLASS_PREPARE, suspendPolicy=EVENT_THREAD, predicates=[className=com.badlogic.gdx.graphics.g2d.SpriteBatch]}
08:35:05.836 INFO: JdwpDebugServer: handling req: EventRequest(15).Set(1)
08:35:05.836 INFO: JdwpEventCenterDelegate: jdwpSetEventRequest: JdwpEventRequest{requestId=108, eventKind=CLASS_PREPARE, suspendPolicy=EVENT_THREAD, predicates=[className=com.badlogic.gdx.graphics.g2d.SpriteBatch$*]}
08:35:05.837 INFO: JdwpDebugServer: handling req: VirtualMachine(1).ClassesBySignature(2)
08:35:05.837 INFO: JdwpDebugServer: handling req: ReferenceType(2).MethodsWithGeneric(15)
08:35:05.837 INFO: JdwpDebugServer: handling req: Method(6).LineTable(1)
08:35:05.837 INFO: JdwpDebugServer: handling req: Method(6).LineTable(1)
08:35:05.837 INFO: JdwpDebugServer: handling req: Method(6).LineTable(1)
08:35:05.838 INFO: JdwpDebugServer: handling req: Method(6).LineTable(1)
08:35:05.838 INFO: JdwpDebugServer: handling req: Method(6).LineTable(1)
08:35:05.838 INFO: JdwpDebugServer: handling req: Method(6).LineTable(1)
08:35:05.838 INFO: JdwpDebugServer: handling req: Method(6).LineTable(1)
08:35:05.838 INFO: JdwpDebugServer: handling req: Method(6).LineTable(1)
08:35:05.838 INFO: JdwpDebugServer: handling req: Method(6).LineTable(1)
08:35:05.838 INFO: JdwpDebugServer: handling req: Method(6).LineTable(1)
08:35:05.838 INFO: JdwpDebugServer: handling req: Method(6).LineTable(1)
08:35:05.838 INFO: JdwpDebugServer: handling req: Method(6).LineTable(1)
08:35:05.838 INFO: JdwpDebugServer: handling req: Method(6).LineTable(1)
08:35:05.838 INFO: JdwpDebugServer: handling req: Method(6).LineTable(1)
08:35:05.839 INFO: JdwpDebugServer: handling req: Method(6).LineTable(1)
08:35:05.839 INFO: JdwpDebugServer: handling req: Method(6).LineTable(1)
08:35:05.839 INFO: JdwpDebugServer: handling req: Method(6).LineTable(1)
08:35:05.839 INFO: JdwpDebugServer: handling req: Method(6).LineTable(1)
08:35:05.839 INFO: JdwpDebugServer: handling req: Method(6).LineTable(1)
08:35:05.839 INFO: JdwpDebugServer: handling req: Method(6).LineTable(1)
08:35:05.839 INFO: JdwpDebugServer: handling req: Method(6).LineTable(1)
08:35:05.839 INFO: JdwpDebugServer: handling req: Method(6).LineTable(1)
08:35:05.840 INFO: JdwpDebugServer: handling req: Method(6).LineTable(1)
08:35:05.840 INFO: JdwpDebugServer: handling req: Method(6).LineTable(1)
08:35:05.840 INFO: JdwpDebugServer: handling req: Method(6).LineTable(1)
08:35:05.840 INFO: JdwpDebugServer: handling req: Method(6).LineTable(1)
08:35:05.840 INFO: JdwpDebugServer: handling req: Method(6).LineTable(1)
08:35:05.840 INFO: JdwpDebugServer: handling req: Method(6).LineTable(1)
08:35:05.841 INFO: JdwpDebugServer: handling req: Method(6).LineTable(1)
08:35:05.841 INFO: JdwpDebugServer: handling req: Method(6).LineTable(1)
08:35:05.841 INFO: JdwpDebugServer: handling req: Method(6).LineTable(1)
08:35:05.841 INFO: JdwpDebugServer: handling req: Method(6).LineTable(1)
08:35:05.841 INFO: JdwpDebugServer: handling req: Method(6).LineTable(1)
08:35:05.841 INFO: JdwpDebugServer: handling req: Method(6).LineTable(1)
08:35:05.841 INFO: JdwpDebugServer: handling req: Method(6).LineTable(1)
08:35:05.842 INFO: JdwpDebugServer: handling req: Method(6).LineTable(1)
08:35:05.842 INFO: JdwpDebugServer: handling req: Method(6).LineTable(1)
08:35:05.842 INFO: JdwpDebugServer: handling req: Method(6).LineTable(1)
08:35:05.842 INFO: JdwpDebugServer: handling req: Method(6).LineTable(1)
08:35:05.842 INFO: JdwpDebugServer: handling req: Method(6).LineTable(1)
08:35:05.842 INFO: JdwpDebugServer: handling req: Method(6).LineTable(1)
08:35:05.842 INFO: JdwpDebugServer: handling req: Method(6).LineTable(1)
08:35:05.842 INFO: JdwpDebugServer: handling req: Method(6).LineTable(1)
08:35:05.843 INFO: JdwpDebugServer: handling req: Method(6).LineTable(1)
08:35:05.843 INFO: JdwpDebugServer: handling req: EventRequest(15).Set(1)
08:35:05.843 INFO: JdwpEventCenterDelegate: jdwpSetEventRequest: JdwpEventRequest{requestId=109, eventKind=BREAKPOINT, suspendPolicy=EVENT_THREAD, predicates=[Location{classId=18040, methodId=1357, index=163} ]}
08:35:05.843 INFO: JdwpDebugServer: handling req: ReferenceType(2).Signature(1)
08:35:05.844 INFO: JdwpDebugServer: handling req: EventRequest(15).Set(1)
08:35:05.844 INFO: JdwpEventCenterDelegate: jdwpSetEventRequest: JdwpEventRequest{requestId=110, eventKind=CLASS_PREPARE, suspendPolicy=EVENT_THREAD, predicates=[className=com.badlogic.gdx.graphics.g2d.PolygonSpriteBatch]}
08:35:05.845 INFO: JdwpDebugServer: handling req: EventRequest(15).Set(1)
08:35:05.845 INFO: JdwpEventCenterDelegate: jdwpSetEventRequest: JdwpEventRequest{requestId=111, eventKind=CLASS_PREPARE, suspendPolicy=EVENT_THREAD, predicates=[className=com.badlogic.gdx.graphics.g2d.PolygonSpriteBatch$*]}
08:35:05.845 INFO: JdwpDebugServer: handling req: VirtualMachine(1).ClassesBySignature(2)
08:35:05.846 INFO: JdwpDebugServer: handling req: EventRequest(15).Set(1)
08:35:05.846 INFO: JdwpEventCenterDelegate: jdwpSetEventRequest: JdwpEventRequest{requestId=112, eventKind=BREAKPOINT, suspendPolicy=EVENT_THREAD, predicates=[Location{classId=15500, methodId=1122, index=141} ]}
08:35:05.846 INFO: JdwpDebugServer: handling req: EventRequest(15).Set(1)
08:35:05.846 INFO: JdwpEventCenterDelegate: jdwpSetEventRequest: JdwpEventRequest{requestId=113, eventKind=CLASS_PREPARE, suspendPolicy=EVENT_THREAD, predicates=[className=java.lang.Throwable]}
08:35:05.847 INFO: JdwpDebugServer: handling req: EventRequest(15).Set(1)
08:35:05.847 INFO: JdwpEventCenterDelegate: jdwpSetEventRequest: JdwpEventRequest{requestId=114, eventKind=CLASS_PREPARE, suspendPolicy=EVENT_THREAD, predicates=[className=java.lang.Throwable$*]}
08:35:05.848 INFO: JdwpDebugServer: handling req: VirtualMachine(1).ClassesBySignature(2)
08:35:05.848 INFO: JdwpDebugServer: handling req: ReferenceType(2).MethodsWithGeneric(15)
08:35:05.850 INFO: JdwpDebugServer: handling req: Method(6).LineTable(1)
08:35:05.850 INFO: JdwpDebugServer: handling req: Method(6).LineTable(1)
08:35:05.850 INFO: JdwpDebugServer: handling req: Method(6).LineTable(1)
08:35:05.850 INFO: JdwpDebugServer: handling req: Method(6).LineTable(1)
08:35:05.850 INFO: JdwpDebugServer: handling req: Method(6).LineTable(1)
08:35:05.850 INFO: JdwpDebugServer: handling req: Method(6).LineTable(1)
08:35:05.850 INFO: JdwpDebugServer: handling req: Method(6).LineTable(1)
08:35:05.851 INFO: JdwpDebugServer: handling req: Method(6).LineTable(1)
08:35:05.851 INFO: JdwpDebugServer: handling req: Method(6).LineTable(1)
08:35:05.851 INFO: JdwpDebugServer: handling req: Method(6).LineTable(1)
08:35:05.851 INFO: JdwpDebugServer: handling req: Method(6).LineTable(1)
08:35:05.851 INFO: JdwpDebugServer: handling req: Method(6).LineTable(1)
08:35:05.851 INFO: JdwpDebugServer: handling req: Method(6).LineTable(1)
08:35:05.851 INFO: JdwpDebugServer: handling req: Method(6).LineTable(1)
08:35:05.851 INFO: JdwpDebugServer: handling req: Method(6).LineTable(1)
08:35:05.851 INFO: JdwpDebugServer: handling req: Method(6).LineTable(1)
08:35:05.851 INFO: JdwpDebugServer: handling req: Method(6).LineTable(1)
08:35:05.851 INFO: JdwpDebugServer: handling req: Method(6).LineTable(1)
08:35:05.851 INFO: JdwpDebugServer: handling req: Method(6).LineTable(1)
08:35:05.852 INFO: JdwpDebugServer: handling req: Method(6).LineTable(1)
08:35:05.852 INFO: JdwpDebugServer: handling req: Method(6).LineTable(1)
08:35:05.852 INFO: JdwpDebugServer: handling req: Method(6).LineTable(1)
08:35:05.852 INFO: JdwpDebugServer: handling req: Method(6).LineTable(1)
08:35:05.852 INFO: JdwpDebugServer: handling req: Method(6).LineTable(1)
08:35:05.852 INFO: JdwpDebugServer: handling req: VirtualMachine(1).ClassesBySignature(2)
08:35:05.852 INFO: JdwpDebugServer: handling req: VirtualMachine(1).AllClassesWithGeneric(20)
08:35:05.863 INFO: JdwpDebugServer: handling req: EventRequest(15).Set(1)
08:35:05.863 INFO: JdwpEventCenterDelegate: jdwpSetEventRequest: JdwpEventRequest{requestId=115, eventKind=CLASS_PREPARE, suspendPolicy=EVENT_THREAD, predicates=[className=com.badlogic.gdx.utils.ScreenUtils]}
08:35:05.864 INFO: JdwpDebugServer: handling req: EventRequest(15).Set(1)
08:35:05.864 INFO: JdwpEventCenterDelegate: jdwpSetEventRequest: JdwpEventRequest{requestId=116, eventKind=CLASS_PREPARE, suspendPolicy=EVENT_THREAD, predicates=[className=com.badlogic.gdx.utils.ScreenUtils$*]}
08:35:05.865 INFO: JdwpDebugServer: handling req: VirtualMachine(1).ClassesBySignature(2)
08:35:05.866 INFO: JdwpDebugServer: handling req: ReferenceType(2).MethodsWithGeneric(15)
08:35:05.866 INFO: JdwpDebugServer: handling req: Method(6).LineTable(1)
08:35:05.866 INFO: JdwpDebugServer: handling req: Method(6).LineTable(1)
08:35:05.866 INFO: JdwpDebugServer: handling req: Method(6).LineTable(1)
08:35:05.866 INFO: JdwpDebugServer: handling req: Method(6).LineTable(1)
08:35:05.866 INFO: JdwpDebugServer: handling req: Method(6).LineTable(1)
08:35:05.866 INFO: JdwpDebugServer: handling req: Method(6).LineTable(1)
08:35:05.866 INFO: JdwpDebugServer: handling req: Method(6).LineTable(1)
08:35:05.866 INFO: JdwpDebugServer: handling req: Method(6).LineTable(1)
08:35:05.867 INFO: JdwpDebugServer: handling req: Method(6).LineTable(1)
08:35:05.867 INFO: JdwpDebugServer: handling req: Method(6).LineTable(1)
08:35:05.867 INFO: JdwpDebugServer: handling req: EventRequest(15).Set(1)
08:35:05.867 INFO: JdwpEventCenterDelegate: jdwpSetEventRequest: JdwpEventRequest{requestId=117, eventKind=BREAKPOINT, suspendPolicy=EVENT_THREAD, predicates=[Location{classId=22240, methodId=1727, index=89} ]}
08:35:05.868 INFO: JdwpDebugServer: handling req: EventRequest(15).Set(1)
08:35:05.868 INFO: JdwpEventCenterDelegate: jdwpSetEventRequest: JdwpEventRequest{requestId=118, eventKind=CLASS_PREPARE, suspendPolicy=EVENT_THREAD, predicates=[className=com.badlogic.gdx.utils.ScreenUtils]}
08:35:05.870 INFO: JdwpDebugServer: handling req: EventRequest(15).Set(1)
08:35:05.870 INFO: JdwpEventCenterDelegate: jdwpSetEventRequest: JdwpEventRequest{requestId=119, eventKind=CLASS_PREPARE, suspendPolicy=EVENT_THREAD, predicates=[className=com.badlogic.gdx.utils.ScreenUtils$*]}
08:35:05.871 INFO: JdwpDebugServer: handling req: VirtualMachine(1).ClassesBySignature(2)
08:35:05.872 INFO: JdwpDebugServer: handling req: EventRequest(15).Set(1)
08:35:05.872 INFO: JdwpEventCenterDelegate: jdwpSetEventRequest: JdwpEventRequest{requestId=120, eventKind=BREAKPOINT, suspendPolicy=EVENT_THREAD, predicates=[Location{classId=22240, methodId=1722, index=72} ]}
08:35:05.873 INFO: JdwpDebugServer: handling req: EventRequest(15).Set(1)
08:35:05.873 INFO: JdwpEventCenterDelegate: jdwpSetEventRequest: JdwpEventRequest{requestId=121, eventKind=CLASS_PREPARE, suspendPolicy=EVENT_THREAD, predicates=[className=com.scottlogic.util.ShaderProgramFactory]}
08:35:05.874 INFO: JdwpDebugServer: handling req: EventRequest(15).Set(1)
08:35:05.874 INFO: JdwpEventCenterDelegate: jdwpSetEventRequest: JdwpEventRequest{requestId=122, eventKind=CLASS_PREPARE, suspendPolicy=EVENT_THREAD, predicates=[className=com.scottlogic.util.ShaderProgramFactory$*]}
08:35:05.875 INFO: JdwpDebugServer: handling req: VirtualMachine(1).ClassesBySignature(2)
08:35:05.875 INFO: JdwpDebugServer: handling req: ReferenceType(2).MethodsWithGeneric(15)
08:35:05.876 INFO: JdwpDebugServer: handling req: Method(6).LineTable(1)
08:35:05.876 INFO: JdwpDebugServer: handling req: Method(6).LineTable(1)
08:35:05.876 INFO: JdwpDebugServer: handling req: Method(6).LineTable(1)
08:35:05.876 INFO: JdwpDebugServer: handling req: Method(6).LineTable(1)
08:35:05.876 INFO: JdwpDebugServer: handling req: Method(6).LineTable(1)
08:35:05.876 INFO: JdwpDebugServer: handling req: EventRequest(15).Set(1)
08:35:05.876 INFO: JdwpEventCenterDelegate: jdwpSetEventRequest: JdwpEventRequest{requestId=123, eventKind=BREAKPOINT, suspendPolicy=EVENT_THREAD, predicates=[Location{classId=20400, methodId=1762, index=106} ]}
08:35:05.877 INFO: JdwpDebugServer: handling req: EventRequest(15).Set(1)
08:35:05.877 INFO: JdwpEventCenterDelegate: jdwpSetEventRequest: JdwpEventRequest{requestId=124, eventKind=CLASS_PREPARE, suspendPolicy=EVENT_THREAD, predicates=[className=com.abdalla.bushnaq.pluvia.launcher.IOSLauncher]}
08:35:05.878 INFO: JdwpDebugServer: handling req: EventRequest(15).Set(1)
08:35:05.878 INFO: JdwpEventCenterDelegate: jdwpSetEventRequest: JdwpEventRequest{requestId=125, eventKind=CLASS_PREPARE, suspendPolicy=EVENT_THREAD, predicates=[className=com.abdalla.bushnaq.pluvia.launcher.IOSLauncher$*]}
08:35:05.879 INFO: JdwpDebugServer: handling req: VirtualMachine(1).ClassesBySignature(2)
08:35:05.879 INFO: JdwpDebugServer: handling req: ReferenceType(2).MethodsWithGeneric(15)
08:35:05.879 INFO: JdwpDebugServer: handling req: Method(6).LineTable(1)
08:35:05.879 INFO: JdwpDebugServer: handling req: Method(6).LineTable(1)
08:35:05.879 INFO: JdwpDebugServer: handling req: Method(6).LineTable(1)
08:35:05.880 INFO: JdwpDebugServer: handling req: Method(6).LineTable(1)
08:35:05.880 INFO: JdwpDebugServer: handling req: EventRequest(15).Set(1)
08:35:05.880 INFO: JdwpEventCenterDelegate: jdwpSetEventRequest: JdwpEventRequest{requestId=126, eventKind=BREAKPOINT, suspendPolicy=EVENT_THREAD, predicates=[Location{classId=12885, methodId=1787, index=74} ]}
08:35:05.880 INFO: JdwpDebugServer: handling req: VirtualMachine(1).capabilitiesNew(17)
08:35:05.883 INFO: JdwpDebugServer: handling req: EventRequest(15).Set(1)
08:35:05.883 INFO: JdwpEventCenterDelegate: jdwpSetEventRequest: JdwpEventRequest{requestId=127, eventKind=CLASS_PREPARE, suspendPolicy=EVENT_THREAD, predicates=[className=java.lang.Error]}
08:35:05.884 INFO: JdwpDebugServer: handling req: EventRequest(15).Set(1)
08:35:05.884 INFO: JdwpEventCenterDelegate: jdwpSetEventRequest: JdwpEventRequest{requestId=128, eventKind=CLASS_PREPARE, suspendPolicy=EVENT_THREAD, predicates=[className=java.lang.Error$*]}
08:35:05.886 INFO: JdwpDebugServer: handling req: VirtualMachine(1).ClassesBySignature(2)
08:35:05.894 INFO: JdwpDebugServer: handling req: EventRequest(15).Set(1)
08:35:05.895 INFO: JdwpEventCenterDelegate: jdwpSetEventRequest: JdwpEventRequest{requestId=129, eventKind=EXCEPTION, suspendPolicy=EVENT_THREAD, predicates=[exceptionType=3425(caught=true, uncaught=true)]}
08:35:05.924 INFO: JdwpDebugServer: handling req: EventRequest(15).Set(1)
08:35:05.924 INFO: JdwpEventCenterDelegate: jdwpSetEventRequest: JdwpEventRequest{requestId=130, eventKind=CLASS_PREPARE, suspendPolicy=EVENT_THREAD, predicates=[className=java.lang.Throwable]}
08:35:05.928 INFO: JdwpDebugServer: handling req: EventRequest(15).Set(1)
08:35:05.928 INFO: JdwpEventCenterDelegate: jdwpSetEventRequest: JdwpEventRequest{requestId=131, eventKind=CLASS_PREPARE, suspendPolicy=EVENT_THREAD, predicates=[className=java.lang.Throwable$*]}
08:35:05.930 INFO: JdwpDebugServer: handling req: VirtualMachine(1).ClassesBySignature(2)
08:35:05.930 INFO: JdwpDebugServer: handling req: EventRequest(15).Set(1)
08:35:05.930 INFO: JdwpEventCenterDelegate: jdwpSetEventRequest: JdwpEventRequest{requestId=132, eventKind=EXCEPTION, suspendPolicy=EVENT_THREAD, predicates=[exceptionType=7695(caught=false, uncaught=true)]}
08:35:05.935 INFO: JdwpDebugServer: handling req: ThreadReference(11).SuspendCount(12)
08:35:05.935 INFO: JdwpDebugServer: handling req: ThreadReference(11).SuspendCount(12)
08:35:05.935 INFO: JdwpDebugServer: handling req: ThreadReference(11).SuspendCount(12)
08:35:05.935 INFO: JdwpDebugServer: handling req: ThreadReference(11).SuspendCount(12)
08:35:05.936 INFO: JdwpDebugServer: handling req: VirtualMachine(1).AllThreads(4)
08:35:05.936 INFO: JdwpDebugServer: handling req: VirtualMachine(1).Resume(9)
08:35:05.978 INFO: JdwpDebugServer: handling req: EventRequest(15).Set(1)
08:35:05.978 INFO: JdwpEventCenterDelegate: jdwpSetEventRequest: JdwpEventRequest{requestId=133, eventKind=BREAKPOINT, suspendPolicy=EVENT_THREAD, predicates=[Location{classId=12885, methodId=1787, index=74} ]}
08:35:05.980 INFO: JdwpDebugServer: handling req: ThreadReference(11).Resume(3)
08:35:05.981 INFO: JdwpEventCenterDelegate: THREAD_RESUMED: thread (33, main, main)
08:35:06.002 INFO: JdwpEventCenterDelegate: THREAD_RESUMED: thread (33, main, main)
08:35:06.002 INFO: JdwpEventCenterDelegate: THREAD_RESUMED: thread (33, main, main)
08:35:06.003 INFO: JdwpEventCenterDelegate: THREAD_RESUMED: thread (33, main, main)
08:35:06.003 INFO: JdwpEventCenterDelegate: THREAD_RESUMED: thread (33, main, main)
08:35:06.004 INFO: JdwpEventCenterDelegate: THREAD_RESUMED: thread (33, main, main)
08:35:06.004 INFO: JdwpEventCenterDelegate: THREAD_RESUMED: thread (33, main, main)
08:35:06.005 INFO: JdwpEventCenterDelegate: THREAD_RESUMED: thread (33, main, main)
08:35:06.007 INFO: JdwpEventCenterDelegate: THREAD_RESUMED: thread (33, main, main)
08:35:06.007 INFO: JdwpEventCenterDelegate: THREAD_RESUMED: thread (33, main, main)
08:35:06.007 INFO: JdwpEventCenterDelegate: THREAD_RESUMED: thread (33, main, main)
08:35:06.008 INFO: JdwpEventCenterDelegate: THREAD_RESUMED: thread (33, main, main)
08:35:06.013 INFO: JdwpEventCenterDelegate: THREAD_RESUMED: thread (33, main, main)
08:35:06.014 INFO: JdwpEventCenterDelegate: THREAD_RESUMED: thread (33, main, main)
08:35:06.014 INFO: JdwpEventCenterDelegate: THREAD_RESUMED: thread (33, main, main)
08:35:06.077 INFO: JdwpEventCenterDelegate: THREAD_RESUMED: thread (33, main, main)
08:35:06.077 INFO: JdwpEventCenterDelegate: THREAD_RESUMED: thread (33, main, main)
08:35:06.078 INFO: JdwpEventCenterDelegate: THREAD_RESUMED: thread (33, main, main)
08:35:06.085 INFO: JdwpEventCenterDelegate: THREAD_RESUMED: thread (33, main, main)
08:35:06.085 INFO: JdwpEventCenterDelegate: THREAD_RESUMED: thread (33, main, main)
08:35:06.086 INFO: JdwpEventCenterDelegate: THREAD_RESUMED: thread (33, main, main)
08:35:06.322 INFO: JdwpEventCenterDelegate: THREAD_RESUMED: thread (33, main, main)
08:35:06.322 INFO: JdwpEventCenterDelegate: THREAD_RESUMED: thread (33, main, main)
08:35:06.323 INFO: JdwpEventCenterDelegate: THREAD_RESUMED: thread (33, main, main)
08:35:06.381 INFO: JdwpEventCenterDelegate: THREAD_RESUMED: thread (33, main, main)
08:35:06.382 INFO: JdwpEventCenterDelegate: THREAD_RESUMED: thread (33, main, main)
08:35:06.382 INFO: JdwpEventCenterDelegate: THREAD_RESUMED: thread (33, main, main)
08:35:06.419 INFO: JdwpDebugServer: handling req: ThreadReference(11).Name(1)
08:35:06.421 INFO: JdwpDebugServer: handling req: ThreadReference(11).Name(1)
08:35:06.422 INFO: JdwpDebugServer: handling req: ThreadReference(11).Name(1)
08:35:06.422 INFO: JdwpDebugServer: handling req: ThreadReference(11).Name(1)
08:35:06.527 INFO: JdwpEventCenterDelegate: THREAD_RESUMED: thread (33, main, main)
08:35:06.528 INFO: JdwpEventCenterDelegate: THREAD_RESUMED: thread (33, main, main)
08:35:06.528 INFO: JdwpEventCenterDelegate: THREAD_RESUMED: thread (33, main, main)
08:35:06.583 INFO: JdwpEventCenterDelegate: THREAD_RESUMED: thread (33, main, main)
08:35:06.584 INFO: JdwpEventCenterDelegate: THREAD_RESUMED: thread (33, main, main)
08:35:06.585 INFO: JdwpEventCenterDelegate: THREAD_RESUMED: thread (33, main, main)
08:35:06.585 INFO: JdwpEventCenterDelegate: THREAD_RESUMED: thread (33, main, main)
08:35:06.593 INFO: JdwpEventCenterDelegate: THREAD_RESUMED: thread (33, main, main)
08:35:06.594 INFO: JdwpEventCenterDelegate: THREAD_RESUMED: thread (33, main, main)
08:35:07.109 INFO: JdwpEventCenterDelegate: THREAD_RESUMED: thread (33, main, main)
08:35:07.110 INFO: JdwpEventCenterDelegate: THREAD_RESUMED: thread (33, main, main)
08:35:07.128 INFO: JdwpEventCenterDelegate: THREAD_RESUMED: thread (33, main, main)
08:35:07.129 INFO: JdwpEventCenterDelegate: THREAD_RESUMED: thread (33, main, main)
08:35:07.129 INFO: JdwpEventCenterDelegate: THREAD_RESUMED: thread (33, main, main)
08:35:07.130 INFO: JdwpEventCenterDelegate: THREAD_RESUMED: thread (33, main, main)
08:35:07.199 INFO: JdwpEventCenterDelegate: THREAD_RESUMED: thread (33, main, main)
08:35:07.580 INFO: JdwpDebugServer: handling req: EventRequest(15).Set(1)
08:35:07.581 INFO: JdwpEventCenterDelegate: jdwpSetEventRequest: JdwpEventRequest{requestId=134, eventKind=BREAKPOINT, suspendPolicy=EVENT_THREAD, predicates=[Location{classId=15500, methodId=1122, index=142} ]}
08:35:07.584 INFO: JdwpDebugServer: handling req: EventRequest(15).Set(1)
08:35:07.584 INFO: JdwpEventCenterDelegate: jdwpSetEventRequest: JdwpEventRequest{requestId=135, eventKind=BREAKPOINT, suspendPolicy=EVENT_THREAD, predicates=[Location{classId=15500, methodId=1122, index=141} ]}
08:35:07.586 INFO: JdwpDebugServer: handling req: ThreadReference(11).Resume(3)
08:35:07.586 INFO: JdwpEventCenterDelegate: THREAD_RESUMED: thread (33, main, main)
08:35:07.588 INFO: JdwpEventCenterDelegate: THREAD_RESUMED: thread (33, main, main)
08:35:07.588 INFO: JdwpEventCenterDelegate: THREAD_RESUMED: thread (33, main, main)
08:35:07.589 INFO: JdwpEventCenterDelegate: THREAD_RESUMED: thread (33, main, main)
08:35:07.590 INFO: JdwpEventCenterDelegate: THREAD_RESUMED: thread (33, main, main)
08:35:07.591 INFO: JdwpEventCenterDelegate: THREAD_RESUMED: thread (33, main, main)
08:35:07.592 INFO: JdwpEventCenterDelegate: THREAD_RESUMED: thread (33, main, main)
08:35:07.593 INFO: JdwpDebugServer: handling req: EventRequest(15).Set(1)
08:35:07.593 INFO: JdwpEventCenterDelegate: jdwpSetEventRequest: JdwpEventRequest{requestId=136, eventKind=BREAKPOINT, suspendPolicy=EVENT_THREAD, predicates=[Location{classId=20400, methodId=1762, index=106} ]}
08:35:07.596 INFO: JdwpDebugServer: handling req: ThreadReference(11).Resume(3)
08:35:07.596 INFO: JdwpEventCenterDelegate: THREAD_RESUMED: thread (33, main, main)
08:35:07.615 INFO: JdwpDebugServer: handling req: ThreadReference(11).Frames(6)
08:35:07.616 INFO: JdwpDebugServer: handling req: ReferenceType(2).MethodsWithGeneric(15)
08:35:07.616 INFO: JdwpDebugServer: handling req: ReferenceType(2).MethodsWithGeneric(15)
08:35:07.618 INFO: JdwpDebugServer: handling req: ReferenceType(2).MethodsWithGeneric(15)
08:35:07.618 INFO: JdwpDebugServer: handling req: ReferenceType(2).MethodsWithGeneric(15)
08:35:07.619 INFO: JdwpDebugServer: handling req: ReferenceType(2).MethodsWithGeneric(15)
08:35:07.619 INFO: JdwpDebugServer: handling req: ReferenceType(2).MethodsWithGeneric(15)
08:35:07.624 INFO: JdwpDebugServer: handling req: ThreadReference(11).FramesCount(7)
08:35:07.626 INFO: JdwpDebugServer: handling req: ThreadReference(11).FramesCount(7)
08:35:08.211 INFO: JdwpDebugServer: handling req: ReferenceType(2).SourceFile(7)
08:35:08.251 INFO: JdwpDebugServer: handling req: ThreadReference(11).Name(1)
08:35:08.252 INFO: JdwpDebugServer: handling req: ReferenceType(2).SignatureWithGeneric(13)
08:35:08.252 INFO: JdwpDebugServer: handling req: ThreadReference(11).Name(1)
08:35:08.252 INFO: JdwpDebugServer: handling req: ThreadReference(11).Name(1)
08:35:08.253 INFO: JdwpDebugServer: handling req: ThreadReference(11).Name(1)
08:35:08.253 INFO: JdwpDebugServer: handling req: ThreadReference(11).Name(1)
08:35:08.305 INFO: JdwpDebugServer: handling req: ReferenceType(2).FieldsWithGeneric(14)
08:35:08.306 INFO: JdwpDebugServer: handling req: ReferenceType(2).Interfaces(10)
08:35:08.306 INFO: JdwpDebugServer: handling req: ClassType(3).Superclass(1)
08:35:08.306 INFO: JdwpDebugServer: handling req: ClassType(3).Superclass(1)
08:35:08.307 INFO: JdwpDebugServer: handling req: Method(6).VariableTableWithGenerics(5)
08:35:08.335 INFO: JdwpDebugServer: handling req: StackFrame(16).GetValues(1)
08:35:08.337 INFO: JdwpDebugServer: handling req: StackFrame(16).GetValues(1)
08:35:08.337 INFO: JdwpDebugServer: handling req: ObjectReference(9).ReferenceType(1)
08:35:08.338 INFO: JdwpDebugServer: handling req: StackFrame(16).GetValues(1)
08:35:08.338 INFO: JdwpDebugServer: handling req: ReferenceType(2).FieldsWithGeneric(14)
08:35:08.338 INFO: JdwpDebugServer: handling req: ClassType(3).Superclass(1)
08:35:08.338 INFO: JdwpDebugServer: handling req: ReferenceType(2).Interfaces(10)
08:35:08.338 INFO: JdwpDebugServer: handling req: ClassType(3).Superclass(1)
08:35:08.338 INFO: JdwpDebugServer: handling req: ReferenceType(2).Interfaces(10)
08:35:08.338 INFO: JdwpDebugServer: handling req: ReferenceType(2).FieldsWithGeneric(14)
08:35:08.339 INFO: JdwpDebugServer: handling req: ReferenceType(2).Interfaces(10)
08:35:08.339 INFO: JdwpDebugServer: handling req: ReferenceType(2).Interfaces(10)
08:35:08.339 INFO: JdwpDebugServer: handling req: ReferenceType(2).FieldsWithGeneric(14)
08:35:08.339 INFO: JdwpDebugServer: handling req: ReferenceType(2).Interfaces(10)
08:35:08.339 INFO: JdwpDebugServer: handling req: ReferenceType(2).Interfaces(10)
08:35:08.339 INFO: JdwpDebugServer: handling req: ReferenceType(2).Interfaces(10)
08:35:08.339 INFO: JdwpDebugServer: handling req: ReferenceType(2).FieldsWithGeneric(14)
08:35:08.339 INFO: JdwpDebugServer: handling req: ClassType(3).Superclass(1)
08:35:08.340 INFO: JdwpDebugServer: handling req: StackFrame(16).GetValues(1)
08:35:08.340 INFO: JdwpDebugServer: handling req: StackFrame(16).GetValues(1)
08:35:08.341 INFO: JdwpDebugServer: handling req: StackFrame(16).GetValues(1)
08:35:08.341 INFO: JdwpDebugServer: handling req: StackFrame(16).GetValues(1)
08:35:08.341 INFO: JdwpDebugServer: handling req: ObjectReference(9).ReferenceType(1)
08:35:08.342 INFO: JdwpDebugServer: handling req: StringReference(10).Value(1)
08:35:08.342 INFO: JdwpDebugServer: handling req: StackFrame(16).GetValues(1)
08:35:08.343 INFO: JdwpDebugServer: handling req: StackFrame(16).GetValues(1)
08:35:08.344 INFO: JdwpDebugServer: handling req: StackFrame(16).GetValues(1)
08:35:08.344 INFO: JdwpDebugServer: handling req: StackFrame(16).GetValues(1)
08:35:08.344 INFO: JdwpDebugServer: handling req: StackFrame(16).GetValues(1)
08:35:08.345 INFO: JdwpDebugServer: handling req: StackFrame(16).GetValues(1)
08:35:08.345 INFO: JdwpDebugServer: handling req: StackFrame(16).GetValues(1)
08:35:08.346 INFO: JdwpDebugServer: handling req: ObjectReference(9).ReferenceType(1)
08:35:08.346 INFO: JdwpDebugServer: handling req: StackFrame(16).GetValues(1)
08:35:08.346 INFO: JdwpDebugServer: handling req: ReferenceType(2).FieldsWithGeneric(14)
08:35:08.346 INFO: JdwpDebugServer: handling req: StackFrame(16).GetValues(1)
08:35:08.347 INFO: JdwpDebugServer: handling req: ReferenceType(2).Interfaces(10)
08:35:08.347 INFO: JdwpDebugServer: handling req: ClassType(3).Superclass(1)
08:35:08.347 INFO: JdwpDebugServer: handling req: ReferenceType(2).FieldsWithGeneric(14)
08:35:08.347 INFO: JdwpDebugServer: handling req: StackFrame(16).GetValues(1)
08:35:08.347 INFO: JdwpDebugServer: handling req: ReferenceType(2).Interfaces(10)
08:35:08.347 INFO: JdwpDebugServer: handling req: StackFrame(16).GetValues(1)
08:35:08.347 INFO: JdwpDebugServer: handling req: ClassType(3).Superclass(1)
08:35:08.347 INFO: JdwpDebugServer: handling req: StackFrame(16).GetValues(1)
08:35:08.348 INFO: JdwpDebugServer: handling req: StringReference(10).Value(1)
08:35:08.349 INFO: JdwpDebugServer: handling req: StackFrame(16).GetValues(1)
08:35:08.349 INFO: JdwpDebugServer: handling req: StackFrame(16).GetValues(1)
08:35:08.350 INFO: JdwpDebugServer: handling req: StackFrame(16).GetValues(1)
08:35:08.350 INFO: JdwpDebugServer: handling req: StackFrame(16).GetValues(1)
08:35:08.351 INFO: JdwpDebugServer: handling req: StackFrame(16).GetValues(1)
08:35:08.351 INFO: JdwpDebugServer: handling req: StackFrame(16).GetValues(1)
08:35:08.352 INFO: JdwpDebugServer: handling req: StackFrame(16).GetValues(1)
08:35:08.353 INFO: JdwpDebugServer: handling req: StackFrame(16).GetValues(1)
08:35:08.354 INFO: JdwpDebugServer: handling req: StackFrame(16).GetValues(1)
08:35:08.354 INFO: JdwpDebugServer: handling req: StackFrame(16).GetValues(1)
08:35:08.355 INFO: JdwpDebugServer: handling req: StackFrame(16).GetValues(1)
08:35:08.355 INFO: JdwpDebugServer: handling req: StackFrame(16).GetValues(1)
08:35:08.356 INFO: JdwpDebugServer: handling req: StackFrame(16).GetValues(1)
08:35:08.356 INFO: JdwpDebugServer: handling req: StackFrame(16).GetValues(1)
08:35:08.357 INFO: JdwpDebugServer: handling req: StackFrame(16).GetValues(1)
08:35:08.357 INFO: JdwpDebugServer: handling req: StackFrame(16).GetValues(1)
08:35:08.358 INFO: JdwpDebugServer: handling req: StackFrame(16).GetValues(1)
08:35:08.358 INFO: JdwpDebugServer: handling req: StackFrame(16).GetValues(1)
08:35:08.358 INFO: JdwpDebugServer: handling req: StackFrame(16).GetValues(1)
08:35:08.359 INFO: JdwpDebugServer: handling req: StackFrame(16).GetValues(1)
08:35:08.360 INFO: JdwpDebugServer: handling req: StackFrame(16).GetValues(1)
08:35:08.360 INFO: JdwpDebugServer: handling req: StackFrame(16).GetValues(1)
08:35:08.361 INFO: JdwpDebugServer: handling req: StackFrame(16).GetValues(1)
08:35:08.361 INFO: JdwpDebugServer: handling req: StackFrame(16).GetValues(1)
08:35:08.362 INFO: JdwpDebugServer: handling req: StackFrame(16).GetValues(1)
08:35:08.362 INFO: JdwpDebugServer: handling req: StackFrame(16).GetValues(1)
08:35:08.363 INFO: JdwpDebugServer: handling req: StackFrame(16).GetValues(1)
08:35:08.363 INFO: JdwpDebugServer: handling req: StackFrame(16).GetValues(1)
08:35:08.363 INFO: JdwpDebugServer: handling req: StackFrame(16).GetValues(1)
08:35:08.364 INFO: JdwpDebugServer: handling req: StackFrame(16).GetValues(1)
08:35:08.364 INFO: JdwpDebugServer: handling req: StackFrame(16).GetValues(1)
08:35:08.364 INFO: JdwpDebugServer: handling req: StackFrame(16).GetValues(1)
08:35:08.365 INFO: JdwpDebugServer: handling req: ClassType(3).Superclass(1)
08:35:08.365 INFO: JdwpDebugServer: handling req: StackFrame(16).GetValues(1)
08:35:08.365 INFO: JdwpDebugServer: handling req: StackFrame(16).GetValues(1)
08:35:08.366 INFO: JdwpDebugServer: handling req: StackFrame(16).GetValues(1)
08:35:08.366 INFO: JdwpDebugServer: handling req: StackFrame(16).GetValues(1)
08:35:08.366 INFO: JdwpDebugServer: handling req: StackFrame(16).GetValues(1)
08:35:08.842 INFO: JdwpDebugServer: handling req: StackFrame(16).GetValues(1)
08:35:08.846 INFO: JdwpDebugServer: handling req: ClassType(3).Superclass(1)
08:35:08.957 INFO: JdwpDebugServer: handling req: ThreadReference(11).FramesCount(7)
08:35:08.977 INFO: JdwpDebugServer: handling req: StackFrame(16).GetValues(1)
08:35:08.977 INFO: JdwpDebugServer: handling req: ClassType(3).Superclass(1)
08:35:08.980 INFO: JdwpDebugServer: handling req: ThreadReference(11).Name(1)
08:35:08.980 INFO: JdwpDebugServer: handling req: ThreadReference(11).Name(1)
08:35:08.980 INFO: JdwpDebugServer: handling req: ThreadReference(11).Name(1)
08:35:08.980 INFO: JdwpDebugServer: handling req: ThreadReference(11).Name(1)
08:35:08.981 INFO: JdwpDebugServer: handling req: ObjectReference(9).GetValues(2)
08:35:08.982 INFO: JdwpDebugServer: handling req: ObjectReference(9).GetValues(2)
08:35:08.982 INFO: JdwpDebugServer: handling req: ObjectReference(9).GetValues(2)
08:35:08.982 INFO: JdwpDebugServer: handling req: ObjectReference(9).GetValues(2)
08:35:08.983 INFO: JdwpDebugServer: handling req: ObjectReference(9).GetValues(2)
08:35:08.983 INFO: JdwpDebugServer: handling req: ObjectReference(9).GetValues(2)
08:35:08.983 INFO: JdwpDebugServer: handling req: ObjectReference(9).GetValues(2)
08:35:08.984 INFO: JdwpDebugServer: handling req: ObjectReference(9).GetValues(2)
08:35:08.984 INFO: JdwpDebugServer: handling req: ObjectReference(9).GetValues(2)
08:35:08.984 INFO: JdwpDebugServer: handling req: ObjectReference(9).GetValues(2)
08:35:08.985 INFO: JdwpDebugServer: handling req: ObjectReference(9).ReferenceType(1)
08:35:08.985 INFO: JdwpDebugServer: handling req: ObjectReference(9).ReferenceType(1)
08:35:08.985 INFO: JdwpDebugServer: handling req: ClassType(3).Superclass(1)
08:35:08.985 INFO: JdwpDebugServer: handling req: ClassType(3).Superclass(1)
08:35:08.985 INFO: JdwpDebugServer: handling req: StringReference(10).Value(1)
08:35:08.985 INFO: JdwpDebugServer: handling req: ClassType(3).Superclass(1)
08:35:08.986 INFO: JdwpDebugServer: handling req: ReferenceType(2).Interfaces(10)
08:35:08.986 INFO: JdwpDebugServer: handling req: ReferenceType(2).Interfaces(10)
08:35:08.986 INFO: JdwpDebugServer: handling req: ObjectReference(9).GetValues(2)
08:35:08.986 INFO: JdwpDebugServer: handling req: ObjectReference(9).GetValues(2)
08:35:08.986 INFO: JdwpDebugServer: handling req: ObjectReference(9).GetValues(2)
08:35:08.987 INFO: JdwpDebugServer: handling req: ObjectReference(9).GetValues(2)
08:35:08.987 INFO: JdwpDebugServer: handling req: ObjectReference(9).GetValues(2)
08:35:08.987 INFO: JdwpDebugServer: handling req: ObjectReference(9).GetValues(2)
08:35:08.987 INFO: JdwpDebugServer: handling req: ObjectReference(9).GetValues(2)
08:35:08.987 INFO: JdwpDebugServer: handling req: ObjectReference(9).ReferenceType(1)
08:35:08.988 INFO: JdwpDebugServer: handling req: ClassType(3).Superclass(1)
08:35:08.988 INFO: JdwpDebugServer: handling req: ObjectReference(9).GetValues(2)
08:35:08.988 INFO: JdwpDebugServer: handling req: ObjectReference(9).GetValues(2)
08:35:08.988 INFO: JdwpDebugServer: handling req: ObjectReference(9).GetValues(2)
08:35:08.988 INFO: JdwpDebugServer: handling req: ObjectReference(9).GetValues(2)
08:35:08.988 INFO: JdwpDebugServer: handling req: ReferenceType(2).FieldsWithGeneric(14)
08:35:08.988 INFO: JdwpDebugServer: handling req: ObjectReference(9).GetValues(2)
08:35:08.988 INFO: JdwpDebugServer: handling req: ReferenceType(2).FieldsWithGeneric(14)
08:35:08.988 INFO: JdwpDebugServer: handling req: ObjectReference(9).GetValues(2)
08:35:08.988 INFO: JdwpDebugServer: handling req: ObjectReference(9).GetValues(2)
08:35:08.988 INFO: JdwpDebugServer: handling req: ObjectReference(9).GetValues(2)
08:35:08.989 INFO: JdwpDebugServer: handling req: ObjectReference(9).GetValues(2)
08:35:08.989 INFO: JdwpDebugServer: handling req: ObjectReference(9).GetValues(2)
08:35:08.989 INFO: JdwpDebugServer: handling req: ObjectReference(9).ReferenceType(1)
08:35:08.989 INFO: JdwpDebugServer: handling req: ObjectReference(9).GetValues(2)
08:35:08.989 INFO: JdwpDebugServer: handling req: ObjectReference(9).GetValues(2)
08:35:08.989 INFO: JdwpDebugServer: handling req: ClassType(3).Superclass(1)
08:35:08.989 INFO: JdwpDebugServer: handling req: ObjectReference(9).GetValues(2)
08:35:08.989 INFO: JdwpDebugServer: handling req: ObjectReference(9).GetValues(2)
08:35:08.989 INFO: JdwpDebugServer: handling req: ObjectReference(9).ReferenceType(1)
08:35:08.989 INFO: JdwpDebugServer: handling req: ObjectReference(9).GetValues(2)
08:35:08.989 INFO: JdwpDebugServer: handling req: ObjectReference(9).GetValues(2)
08:35:08.990 INFO: JdwpDebugServer: handling req: ObjectReference(9).GetValues(2)
08:35:08.990 INFO: JdwpDebugServer: handling req: ObjectReference(9).GetValues(2)
08:35:08.990 INFO: JdwpDebugServer: handling req: ObjectReference(9).GetValues(2)
08:35:08.990 INFO: JdwpDebugServer: handling req: ObjectReference(9).GetValues(2)
08:35:08.990 INFO: JdwpDebugServer: handling req: ObjectReference(9).GetValues(2)
08:35:08.990 INFO: JdwpDebugServer: handling req: ObjectReference(9).ReferenceType(1)
08:35:08.990 INFO: JdwpDebugServer: handling req: ObjectReference(9).GetValues(2)
08:35:08.990 INFO: JdwpDebugServer: handling req: ObjectReference(9).GetValues(2)
08:35:08.990 INFO: JdwpDebugServer: handling req: ObjectReference(9).GetValues(2)
08:35:08.991 INFO: JdwpDebugServer: handling req: ObjectReference(9).ReferenceType(1)
08:35:08.991 INFO: JdwpDebugServer: handling req: ObjectReference(9).GetValues(2)
08:35:08.991 INFO: JdwpDebugServer: handling req: ReferenceType(2).FieldsWithGeneric(14)
08:35:08.991 INFO: JdwpDebugServer: handling req: ObjectReference(9).GetValues(2)
08:35:08.991 INFO: JdwpDebugServer: handling req: ReferenceType(2).Interfaces(10)
08:35:08.991 INFO: JdwpDebugServer: handling req: ObjectReference(9).GetValues(2)
08:35:08.991 INFO: JdwpDebugServer: handling req: ClassType(3).Superclass(1)
08:35:08.991 INFO: JdwpDebugServer: handling req: ReferenceType(2).FieldsWithGeneric(14)
08:35:08.991 INFO: JdwpDebugServer: handling req: ObjectReference(9).GetValues(2)
08:35:08.991 INFO: JdwpDebugServer: handling req: ReferenceType(2).Interfaces(10)
08:35:08.991 INFO: JdwpDebugServer: handling req: ObjectReference(9).GetValues(2)
08:35:08.992 INFO: JdwpDebugServer: handling req: ClassType(3).Superclass(1)
08:35:08.992 INFO: JdwpDebugServer: handling req: ReferenceType(2).FieldsWithGeneric(14)
08:35:08.992 INFO: JdwpDebugServer: handling req: ObjectReference(9).GetValues(2)
08:35:08.992 INFO: JdwpDebugServer: handling req: ReferenceType(2).Interfaces(10)
08:35:08.992 INFO: JdwpDebugServer: handling req: ObjectReference(9).GetValues(2)
08:35:08.992 INFO: JdwpDebugServer: handling req: ClassType(3).Superclass(1)
08:35:08.992 INFO: JdwpDebugServer: handling req: ClassType(3).Superclass(1)
08:35:08.992 INFO: JdwpDebugServer: handling req: ObjectReference(9).GetValues(2)
08:35:08.992 INFO: JdwpDebugServer: handling req: ObjectReference(9).GetValues(2)
08:35:08.992 INFO: JdwpDebugServer: handling req: ObjectReference(9).ReferenceType(1)
08:35:08.992 INFO: JdwpDebugServer: handling req: ObjectReference(9).GetValues(2)
08:35:08.992 INFO: JdwpDebugServer: handling req: ReferenceType(2).FieldsWithGeneric(14)
08:35:08.993 INFO: JdwpDebugServer: handling req: ObjectReference(9).GetValues(2)
08:35:08.993 INFO: JdwpDebugServer: handling req: ReferenceType(2).Interfaces(10)
08:35:08.993 INFO: JdwpDebugServer: handling req: StringReference(10).Value(1)
08:35:08.993 INFO: JdwpDebugServer: handling req: ClassType(3).Superclass(1)
08:35:08.994 INFO: JdwpDebugServer: handling req: ReferenceType(2).FieldsWithGeneric(14)
08:35:08.994 INFO: JdwpDebugServer: handling req: ReferenceType(2).Interfaces(10)
08:35:08.995 INFO: JdwpDebugServer: handling req: ClassType(3).Superclass(1)
08:35:08.995 INFO: JdwpDebugServer: handling req: ObjectReference(9).GetValues(2)
08:35:08.995 INFO: JdwpDebugServer: handling req: ObjectReference(9).GetValues(2)
08:35:08.995 INFO: JdwpDebugServer: handling req: ObjectReference(9).GetValues(2)
08:35:08.995 INFO: JdwpDebugServer: handling req: ObjectReference(9).GetValues(2)
08:35:08.995 INFO: JdwpDebugServer: handling req: ObjectReference(9).GetValues(2)
08:35:08.996 INFO: JdwpDebugServer: handling req: ObjectReference(9).GetValues(2)
08:35:08.996 INFO: JdwpDebugServer: handling req: ObjectReference(9).GetValues(2)
08:35:08.996 INFO: JdwpDebugServer: handling req: ObjectReference(9).ReferenceType(1)
08:35:08.996 INFO: JdwpDebugServer: handling req: ObjectReference(9).GetValues(2)
08:35:08.996 INFO: JdwpDebugServer: handling req: ObjectReference(9).GetValues(2)
08:35:08.996 INFO: JdwpDebugServer: handling req: ObjectReference(9).GetValues(2)
08:35:08.997 INFO: JdwpDebugServer: handling req: ObjectReference(9).GetValues(2)
08:35:08.997 INFO: JdwpDebugServer: handling req: ObjectReference(9).GetValues(2)
08:35:08.997 INFO: JdwpDebugServer: handling req: ObjectReference(9).ReferenceType(1)
08:35:08.998 INFO: JdwpDebugServer: handling req: ObjectReference(9).GetValues(2)
08:35:08.999 INFO: JdwpDebugServer: handling req: ObjectReference(9).GetValues(2)
08:35:08.999 INFO: JdwpDebugServer: handling req: ObjectReference(9).GetValues(2)
08:35:08.999 INFO: JdwpDebugServer: handling req: ObjectReference(9).GetValues(2)
08:35:09.000 INFO: JdwpDebugServer: handling req: ObjectReference(9).ReferenceType(1)
08:35:09.000 INFO: JdwpDebugServer: handling req: ObjectReference(9).GetValues(2)
08:35:09.000 INFO: JdwpDebugServer: handling req: ObjectReference(9).GetValues(2)
08:35:09.000 INFO: JdwpDebugServer: handling req: ObjectReference(9).GetValues(2)
08:35:09.000 INFO: JdwpDebugServer: handling req: ObjectReference(9).ReferenceType(1)
08:35:09.000 INFO: JdwpDebugServer: handling req: ObjectReference(9).GetValues(2)
08:35:09.001 INFO: JdwpDebugServer: handling req: ObjectReference(9).GetValues(2)
08:35:09.001 INFO: JdwpDebugServer: handling req: ObjectReference(9).GetValues(2)
08:35:09.001 INFO: JdwpDebugServer: handling req: ObjectReference(9).GetValues(2)
08:35:09.001 INFO: JdwpDebugServer: handling req: ObjectReference(9).GetValues(2)
08:35:09.002 INFO: JdwpDebugServer: handling req: ObjectReference(9).GetValues(2)
08:35:09.002 INFO: JdwpDebugServer: handling req: ObjectReference(9).GetValues(2)
08:35:09.003 INFO: JdwpDebugServer: handling req: ObjectReference(9).GetValues(2)
08:35:09.003 INFO: JdwpDebugServer: handling req: ClassType(3).Superclass(1)
08:35:09.004 INFO: JdwpDebugServer: handling req: ObjectReference(9).GetValues(2)
08:35:09.004 INFO: JdwpDebugServer: handling req: ObjectReference(9).GetValues(2)
08:35:09.005 INFO: JdwpDebugServer: handling req: ObjectReference(9).GetValues(2)
08:35:09.005 INFO: JdwpDebugServer: handling req: StringReference(10).Value(1)
08:35:09.006 INFO: JdwpDebugServer: handling req: ObjectReference(9).GetValues(2)
08:35:09.007 INFO: JdwpDebugServer: handling req: ObjectReference(9).GetValues(2)
08:35:09.007 INFO: JdwpDebugServer: handling req: ObjectReference(9).GetValues(2)
08:35:09.007 INFO: JdwpDebugServer: handling req: ObjectReference(9).GetValues(2)
08:35:09.008 INFO: JdwpDebugServer: handling req: ClassType(3).Superclass(1)
08:35:09.009 INFO: JdwpDebugServer: handling req: ObjectReference(9).GetValues(2)
08:35:09.009 INFO: JdwpDebugServer: handling req: ObjectReference(9).GetValues(2)
08:35:09.009 INFO: JdwpDebugServer: handling req: ObjectReference(9).GetValues(2)
08:35:09.010 INFO: JdwpDebugServer: handling req: ObjectReference(9).GetValues(2)
08:35:09.010 INFO: JdwpDebugServer: handling req: ObjectReference(9).GetValues(2)
08:35:09.010 INFO: JdwpDebugServer: handling req: ThreadReference(11).FramesCount(7)
08:35:09.011 INFO: JdwpDebugServer: handling req: ObjectReference(9).GetValues(2)
08:35:09.011 INFO: JdwpDebugServer: handling req: ObjectReference(9).GetValues(2)
08:35:09.011 INFO: JdwpDebugServer: handling req: ClassType(3).Superclass(1)
08:35:09.011 INFO: JdwpDebugServer: handling req: ObjectReference(9).GetValues(2)
08:35:09.012 INFO: JdwpDebugServer: handling req: ObjectReference(9).GetValues(2)
08:35:09.013 INFO: JdwpDebugServer: handling req: ObjectReference(9).GetValues(2)
08:35:09.014 INFO: JdwpDebugServer: handling req: ObjectReference(9).GetValues(2)
08:35:09.014 INFO: JdwpDebugServer: handling req: ObjectReference(9).GetValues(2)
08:35:09.015 INFO: JdwpDebugServer: handling req: ObjectReference(9).GetValues(2)
08:35:09.016 INFO: JdwpDebugServer: handling req: ObjectReference(9).GetValues(2)
08:35:09.016 INFO: JdwpDebugServer: handling req: ObjectReference(9).GetValues(2)
08:35:09.018 INFO: JdwpDebugServer: handling req: ObjectReference(9).GetValues(2)
08:35:09.018 INFO: JdwpDebugServer: handling req: ObjectReference(9).GetValues(2)
08:35:09.018 INFO: JdwpDebugServer: handling req: ObjectReference(9).GetValues(2)
08:35:09.019 INFO: JdwpDebugServer: handling req: ObjectReference(9).GetValues(2)
08:35:09.019 INFO: JdwpDebugServer: handling req: ObjectReference(9).GetValues(2)
08:35:09.019 INFO: JdwpDebugServer: handling req: ObjectReference(9).GetValues(2)
08:35:09.019 INFO: JdwpDebugServer: handling req: ObjectReference(9).GetValues(2)
08:35:09.020 INFO: JdwpDebugServer: handling req: ObjectReference(9).GetValues(2)
08:35:09.020 INFO: JdwpDebugServer: handling req: ObjectReference(9).GetValues(2)
08:35:09.020 INFO: JdwpDebugServer: handling req: ObjectReference(9).GetValues(2)
08:35:09.020 INFO: JdwpDebugServer: handling req: ObjectReference(9).GetValues(2)
08:35:09.021 INFO: JdwpDebugServer: handling req: ObjectReference(9).GetValues(2)
08:35:09.021 INFO: JdwpDebugServer: handling req: ObjectReference(9).GetValues(2)
08:35:09.021 INFO: JdwpDebugServer: handling req: ClassType(3).Superclass(1)
08:35:09.021 INFO: JdwpDebugServer: handling req: ObjectReference(9).GetValues(2)
08:35:09.022 INFO: JdwpDebugServer: handling req: ObjectReference(9).GetValues(2)
08:35:09.022 INFO: JdwpDebugServer: handling req: ObjectReference(9).GetValues(2)
08:35:09.022 INFO: JdwpDebugServer: handling req: ObjectReference(9).GetValues(2)
08:35:09.022 INFO: JdwpDebugServer: handling req: ObjectReference(9).GetValues(2)
08:35:09.022 INFO: JdwpDebugServer: handling req: ObjectReference(9).GetValues(2)
08:35:09.022 INFO: JdwpDebugServer: handling req: ObjectReference(9).GetValues(2)
08:35:09.023 INFO: JdwpDebugServer: handling req: ObjectReference(9).GetValues(2)
08:35:09.023 INFO: JdwpDebugServer: handling req: ObjectReference(9).GetValues(2)
08:35:09.023 INFO: JdwpDebugServer: handling req: ObjectReference(9).GetValues(2)
08:35:09.023 INFO: JdwpDebugServer: handling req: ObjectReference(9).GetValues(2)
08:35:09.023 INFO: JdwpDebugServer: handling req: ObjectReference(9).GetValues(2)
08:35:09.024 INFO: JdwpDebugServer: handling req: ObjectReference(9).GetValues(2)
08:35:09.024 INFO: JdwpDebugServer: handling req: ObjectReference(9).GetValues(2)
08:35:09.025 INFO: JdwpDebugServer: handling req: ClassType(3).Superclass(1)
08:35:09.026 INFO: JdwpDebugServer: handling req: ObjectReference(9).GetValues(2)
08:35:09.027 INFO: JdwpDebugServer: handling req: ObjectReference(9).GetValues(2)
08:35:09.028 INFO: JdwpDebugServer: handling req: ObjectReference(9).GetValues(2)
08:35:09.030 INFO: JdwpDebugServer: handling req: ObjectReference(9).GetValues(2)
08:35:09.032 INFO: JdwpDebugServer: handling req: ObjectReference(9).GetValues(2)
08:35:09.033 INFO: JdwpDebugServer: handling req: ObjectReference(9).GetValues(2)
08:35:09.034 INFO: JdwpDebugServer: handling req: ObjectReference(9).GetValues(2)
08:35:09.034 INFO: JdwpDebugServer: handling req: ClassType(3).Superclass(1)
08:35:09.035 INFO: JdwpDebugServer: handling req: ObjectReference(9).GetValues(2)
08:35:09.036 INFO: JdwpDebugServer: handling req: ObjectReference(9).GetValues(2)
08:35:09.037 INFO: JdwpDebugServer: handling req: ObjectReference(9).GetValues(2)
08:35:09.037 INFO: JdwpDebugServer: handling req: ObjectReference(9).GetValues(2)
08:35:09.038 INFO: JdwpDebugServer: handling req: ObjectReference(9).GetValues(2)
08:35:09.038 INFO: JdwpDebugServer: handling req: ObjectReference(9).GetValues(2)
08:35:09.039 INFO: JdwpDebugServer: handling req: ObjectReference(9).GetValues(2)
08:35:09.039 INFO: JdwpDebugServer: handling req: ClassType(3).Superclass(1)
08:35:09.039 INFO: JdwpDebugServer: handling req: ObjectReference(9).GetValues(2)
08:35:09.040 INFO: JdwpDebugServer: handling req: ObjectReference(9).GetValues(2)
08:35:09.040 INFO: JdwpDebugServer: handling req: ObjectReference(9).GetValues(2)
08:35:09.041 INFO: JdwpDebugServer: handling req: ObjectReference(9).GetValues(2)
08:35:09.041 INFO: JdwpDebugServer: handling req: ObjectReference(9).GetValues(2)
08:35:09.042 INFO: JdwpDebugServer: handling req: ObjectReference(9).GetValues(2)
08:35:09.043 INFO: JdwpDebugServer: handling req: ObjectReference(9).GetValues(2)
08:35:09.044 INFO: JdwpDebugServer: handling req: ObjectReference(9).GetValues(2)
08:35:09.044 INFO: JdwpDebugServer: handling req: ObjectReference(9).GetValues(2)
08:35:09.044 INFO: JdwpDebugServer: handling req: ObjectReference(9).GetValues(2)
08:35:09.045 INFO: JdwpDebugServer: handling req: ObjectReference(9).GetValues(2)
08:35:09.045 INFO: JdwpDebugServer: handling req: ObjectReference(9).GetValues(2)
08:35:09.046 INFO: JdwpDebugServer: handling req: ObjectReference(9).GetValues(2)
08:35:09.046 INFO: JdwpDebugServer: handling req: ObjectReference(9).GetValues(2)
08:35:09.047 INFO: JdwpDebugServer: handling req: ClassType(3).Superclass(1)
08:35:09.047 INFO: JdwpDebugServer: handling req: ObjectReference(9).GetValues(2)
08:35:09.047 INFO: JdwpDebugServer: handling req: ObjectReference(9).GetValues(2)
08:35:09.047 INFO: JdwpDebugServer: handling req: ObjectReference(9).GetValues(2)
08:35:09.048 INFO: JdwpDebugServer: handling req: StringReference(10).Value(1)
08:35:09.048 INFO: JdwpDebugServer: handling req: ObjectReference(9).GetValues(2)
08:35:09.048 INFO: JdwpDebugServer: handling req: ObjectReference(9).GetValues(2)
08:35:09.049 INFO: JdwpDebugServer: handling req: Method(6).LineTable(1)
08:35:09.049 INFO: JdwpDebugServer: handling req: StackFrame(16).ThisObject(3)
08:35:09.050 INFO: JdwpDebugServer: handling req: ObjectReference(9).ReferenceType(1)
08:35:09.051 INFO: JdwpDebugServer: handling req: Method(6).LineTable(1)
08:35:09.051 INFO: JdwpDebugServer: handling req: StackFrame(16).ThisObject(3)
08:35:09.053 INFO: JdwpDebugServer: handling req: ObjectReference(9).ReferenceType(1)
08:35:09.054 INFO: JdwpDebugServer: handling req: Method(6).LineTable(1)
08:35:09.055 INFO: JdwpDebugServer: handling req: StackFrame(16).ThisObject(3)
08:35:09.056 INFO: JdwpDebugServer: handling req: ObjectReference(9).ReferenceType(1)
08:35:09.056 INFO: JdwpDebugServer: handling req: Method(6).LineTable(1)
08:35:09.056 INFO: JdwpDebugServer: handling req: StackFrame(16).ThisObject(3)
08:35:09.057 INFO: JdwpDebugServer: handling req: ObjectReference(9).ReferenceType(1)
08:35:09.057 INFO: JdwpDebugServer: handling req: Method(6).LineTable(1)
08:35:09.057 INFO: JdwpDebugServer: handling req: StackFrame(16).ThisObject(3)
08:35:09.057 INFO: JdwpDebugServer: handling req: ObjectReference(9).ReferenceType(1)
08:35:09.058 INFO: JdwpDebugServer: handling req: Method(6).LineTable(1)
08:35:09.059 INFO: JdwpDebugServer: handling req: Method(6).LineTable(1)
08:35:09.059 INFO: JdwpDebugServer: handling req: ReferenceType(2).SignatureWithGeneric(13)
08:35:13.250 INFO: JdwpDebugServer: handling req: ThreadReference(11).Resume(3)
08:35:13.251 INFO: JdwpEventCenterDelegate: THREAD_RESUMED: thread (33, main, main)
08:35:13.254 INFO: JdwpDebugServer: handling req: ReferenceType(2).MethodsWithGeneric(15)
08:35:13.255 INFO: JdwpDebugServer: handling req: Method(6).LineTable(1)
08:35:13.255 INFO: JdwpDebugServer: handling req: Method(6).LineTable(1)
08:35:13.255 INFO: JdwpDebugServer: handling req: Method(6).LineTable(1)
08:35:13.256 INFO: JdwpDebugServer: handling req: ThreadReference(11).Resume(3)
08:35:13.256 INFO: JdwpEventCenterDelegate: THREAD_RESUMED: thread (33, main, main)
08:35:13.257 INFO: JdwpEventCenterDelegate: THREAD_RESUMED: thread (33, main, main)
08:35:13.272 INFO: JdwpDebugServer: handling req: ThreadReference(11).Name(1)
08:35:13.272 INFO: JdwpDebugServer: handling req: ThreadReference(11).Name(1)
08:35:13.272 INFO: JdwpDebugServer: handling req: ThreadReference(11).Name(1)
08:35:13.298 SEVERE: Debugger: Thread HooksChannel socket thread crashed
org.robovm.debugger.DebuggerException: java.nio.BufferUnderflowException
	at org.robovm.debugger.hooks.HooksChannel.doSocketWork(HooksChannel.java:149)
	at java.base/java.lang.Thread.run(Thread.java:833)
	at org.robovm.debugger.utils.DebuggerThread.run(DebuggerThread.java:42)
Caused by: java.nio.BufferUnderflowException
	at org.robovm.debugger.utils.bytebuffer.DataBufferWriter.writeFromStream(DataBufferWriter.java:91)
	at org.robovm.debugger.hooks.HooksChannel.doSocketWork(HooksChannel.java:116)
	... 2 more
08:35:13.336 INFO: JdwpDebugServer: handling req: ThreadReference(11).Name(1)
