09:13:51.670 INFO: JdwpEventCenterDelegate: THREAD_STARTED: thread (33, main, main)
09:13:51.742 INFO: JdwpEventCenterDelegate: THREAD_STARTED: thread (48, ReferenceQueueDaemon, main)
09:13:51.743 INFO: JdwpEventCenterDelegate: THREAD_STARTED: thread (63, FinalizerDaemon, main)
09:13:51.743 INFO: JdwpEventCenterDelegate: THREAD_STARTED: thread (78, FinalizerWatchdogDaemon, main)
09:13:53.774 INFO: JdwpDebugServer: handling req: VirtualMachine(1).IDSizes(7)
09:13:53.775 INFO: JdwpDebugServer: handling req: EventRequest(15).Set(1)
09:13:53.777 INFO: JdwpEventCenterDelegate: jdwpSetEventRequest: JdwpEventRequest{requestId=100, eventKind=CLASS_UNLOAD, suspendPolicy=NONE, predicates=[]}
09:13:53.778 INFO: JdwpDebugServer: handling req: EventRequest(15).Set(1)
09:13:53.778 INFO: JdwpEventCenterDelegate: jdwpSetEventRequest: JdwpEventRequest{requestId=101, eventKind=THREAD_START, suspendPolicy=NONE, predicates=[]}
09:13:53.779 INFO: JdwpDebugServer: handling req: VirtualMachine(1).ClassesBySignature(2)
09:13:53.782 INFO: JdwpDebugServer: handling req: VirtualMachine(1).Version(1)
09:13:53.783 INFO: JdwpDebugServer: handling req: ReferenceType(2).MethodsWithGeneric(15)
09:13:53.785 INFO: JdwpDebugServer: handling req: Method(6).LineTable(1)
09:13:53.787 INFO: JdwpDebugServer: handling req: EventRequest(15).Set(1)
09:13:53.787 INFO: JdwpEventCenterDelegate: jdwpSetEventRequest: JdwpEventRequest{requestId=102, eventKind=BREAKPOINT, suspendPolicy=NONE, predicates=[Location{classId=845, methodId=257, index=928} ]}
09:13:53.788 INFO: JdwpDebugServer: handling req: EventRequest(15).Set(1)
09:13:53.788 INFO: JdwpEventCenterDelegate: jdwpSetEventRequest: JdwpEventRequest{requestId=103, eventKind=THREAD_DEATH, suspendPolicy=NONE, predicates=[]}
09:13:53.788 INFO: JdwpDebugServer: handling req: VirtualMachine(1).AllThreads(4)
09:13:53.789 INFO: JdwpDebugServer: handling req: ThreadReference(11).ThreadGroup(5)
09:13:53.789 INFO: JdwpDebugServer: handling req: ThreadGroup(12).Name(1)
09:13:53.790 INFO: JdwpDebugServer: handling req: ThreadGroup(12).Parent(2)
09:13:53.790 INFO: JdwpDebugServer: handling req: ObjectReference(9).ReferenceType(1)
09:13:53.791 INFO: JdwpDebugServer: handling req: ReferenceType(2).FieldsWithGeneric(14)
09:13:53.792 INFO: JdwpDebugServer: handling req: ReferenceType(2).Interfaces(10)
09:13:53.793 INFO: JdwpDebugServer: handling req: ReferenceType(2).FieldsWithGeneric(14)
09:13:53.793 INFO: JdwpDebugServer: handling req: ReferenceType(2).Interfaces(10)
09:13:53.793 INFO: JdwpDebugServer: handling req: ClassType(3).Superclass(1)
09:13:53.794 INFO: JdwpDebugServer: handling req: ReferenceType(2).FieldsWithGeneric(14)
09:13:53.794 INFO: JdwpDebugServer: handling req: ReferenceType(2).Interfaces(10)
09:13:53.794 INFO: JdwpDebugServer: handling req: ClassType(3).Superclass(1)
09:13:53.795 INFO: JdwpDebugServer: handling req: ObjectReference(9).GetValues(2)
09:13:53.797 INFO: JdwpDebugServer: handling req: ThreadReference(11).Status(4)
09:13:53.797 INFO: JdwpDebugServer: handling req: ThreadReference(11).Status(4)
09:13:53.797 INFO: JdwpDebugServer: handling req: ThreadReference(11).ThreadGroup(5)
09:13:53.798 INFO: JdwpDebugServer: handling req: ObjectReference(9).ReferenceType(1)
09:13:53.798 INFO: JdwpDebugServer: handling req: ObjectReference(9).GetValues(2)
09:13:53.799 INFO: JdwpDebugServer: handling req: ThreadReference(11).Status(4)
09:13:53.799 INFO: JdwpDebugServer: handling req: ThreadReference(11).Status(4)
09:13:53.800 INFO: JdwpDebugServer: handling req: ThreadReference(11).ThreadGroup(5)
09:13:53.800 INFO: JdwpDebugServer: handling req: ObjectReference(9).ReferenceType(1)
09:13:53.800 INFO: JdwpDebugServer: handling req: ObjectReference(9).GetValues(2)
09:13:53.800 INFO: JdwpDebugServer: handling req: ThreadReference(11).Status(4)
09:13:53.800 INFO: JdwpDebugServer: handling req: ThreadReference(11).Status(4)
09:13:53.801 INFO: JdwpDebugServer: handling req: ThreadReference(11).ThreadGroup(5)
09:13:53.801 INFO: JdwpDebugServer: handling req: ObjectReference(9).ReferenceType(1)
09:13:53.801 INFO: JdwpDebugServer: handling req: ObjectReference(9).GetValues(2)
09:13:53.801 INFO: JdwpDebugServer: handling req: ThreadReference(11).Status(4)
09:13:53.802 INFO: JdwpDebugServer: handling req: ThreadReference(11).Status(4)
09:13:53.805 INFO: JdwpDebugServer: handling req: EventRequest(15).Set(1)
09:13:53.805 INFO: JdwpEventCenterDelegate: jdwpSetEventRequest: JdwpEventRequest{requestId=104, eventKind=CLASS_PREPARE, suspendPolicy=EVENT_THREAD, predicates=[className=com.badlogic.gdx.graphics.g2d.PolygonSpriteBatch]}
09:13:53.810 INFO: JdwpDebugServer: handling req: EventRequest(15).Set(1)
09:13:53.810 INFO: JdwpEventCenterDelegate: jdwpSetEventRequest: JdwpEventRequest{requestId=105, eventKind=CLASS_PREPARE, suspendPolicy=EVENT_THREAD, predicates=[className=com.badlogic.gdx.graphics.g2d.PolygonSpriteBatch$*]}
09:13:53.811 INFO: JdwpDebugServer: handling req: VirtualMachine(1).ClassesBySignature(2)
09:13:53.812 INFO: JdwpDebugServer: handling req: ReferenceType(2).MethodsWithGeneric(15)
09:13:53.813 INFO: JdwpDebugServer: handling req: Method(6).LineTable(1)
09:13:53.814 INFO: JdwpDebugServer: handling req: Method(6).LineTable(1)
09:13:53.814 INFO: JdwpDebugServer: handling req: Method(6).LineTable(1)
09:13:53.814 INFO: JdwpDebugServer: handling req: Method(6).LineTable(1)
09:13:53.815 INFO: JdwpDebugServer: handling req: Method(6).LineTable(1)
09:13:53.815 INFO: JdwpDebugServer: handling req: Method(6).LineTable(1)
09:13:53.815 INFO: JdwpDebugServer: handling req: Method(6).LineTable(1)
09:13:53.815 INFO: JdwpDebugServer: handling req: Method(6).LineTable(1)
09:13:53.815 INFO: JdwpDebugServer: handling req: Method(6).LineTable(1)
09:13:53.815 INFO: JdwpDebugServer: handling req: Method(6).LineTable(1)
09:13:53.815 INFO: JdwpDebugServer: handling req: Method(6).LineTable(1)
09:13:53.816 INFO: JdwpDebugServer: handling req: Method(6).LineTable(1)
09:13:53.816 INFO: JdwpDebugServer: handling req: Method(6).LineTable(1)
09:13:53.816 INFO: JdwpDebugServer: handling req: Method(6).LineTable(1)
09:13:53.816 INFO: JdwpDebugServer: handling req: Method(6).LineTable(1)
09:13:53.816 INFO: JdwpDebugServer: handling req: Method(6).LineTable(1)
09:13:53.816 INFO: JdwpDebugServer: handling req: Method(6).LineTable(1)
09:13:53.816 INFO: JdwpDebugServer: handling req: Method(6).LineTable(1)
09:13:53.817 INFO: JdwpDebugServer: handling req: Method(6).LineTable(1)
09:13:53.817 INFO: JdwpDebugServer: handling req: Method(6).LineTable(1)
09:13:53.817 INFO: JdwpDebugServer: handling req: Method(6).LineTable(1)
09:13:53.817 INFO: JdwpDebugServer: handling req: Method(6).LineTable(1)
09:13:53.817 INFO: JdwpDebugServer: handling req: Method(6).LineTable(1)
09:13:53.817 INFO: JdwpDebugServer: handling req: Method(6).LineTable(1)
09:13:53.818 INFO: JdwpDebugServer: handling req: Method(6).LineTable(1)
09:13:53.818 INFO: JdwpDebugServer: handling req: Method(6).LineTable(1)
09:13:53.818 INFO: JdwpDebugServer: handling req: Method(6).LineTable(1)
09:13:53.818 INFO: JdwpDebugServer: handling req: Method(6).LineTable(1)
09:13:53.818 INFO: JdwpDebugServer: handling req: Method(6).LineTable(1)
09:13:53.818 INFO: JdwpDebugServer: handling req: Method(6).LineTable(1)
09:13:53.819 INFO: JdwpDebugServer: handling req: Method(6).LineTable(1)
09:13:53.819 INFO: JdwpDebugServer: handling req: Method(6).LineTable(1)
09:13:53.819 INFO: JdwpDebugServer: handling req: Method(6).LineTable(1)
09:13:53.819 INFO: JdwpDebugServer: handling req: Method(6).LineTable(1)
09:13:53.819 INFO: JdwpDebugServer: handling req: Method(6).LineTable(1)
09:13:53.819 INFO: JdwpDebugServer: handling req: Method(6).LineTable(1)
09:13:53.820 INFO: JdwpDebugServer: handling req: Method(6).LineTable(1)
09:13:53.820 INFO: JdwpDebugServer: handling req: Method(6).LineTable(1)
09:13:53.820 INFO: JdwpDebugServer: handling req: Method(6).LineTable(1)
09:13:53.820 INFO: JdwpDebugServer: handling req: Method(6).LineTable(1)
09:13:53.820 INFO: JdwpDebugServer: handling req: Method(6).LineTable(1)
09:13:53.820 INFO: JdwpDebugServer: handling req: Method(6).LineTable(1)
09:13:53.820 INFO: JdwpDebugServer: handling req: Method(6).LineTable(1)
09:13:53.821 INFO: JdwpDebugServer: handling req: Method(6).LineTable(1)
09:13:53.821 INFO: JdwpDebugServer: handling req: Method(6).LineTable(1)
09:13:53.821 INFO: JdwpDebugServer: handling req: Method(6).LineTable(1)
09:13:53.821 INFO: JdwpDebugServer: handling req: Method(6).LineTable(1)
09:13:53.821 INFO: JdwpDebugServer: handling req: EventRequest(15).Set(1)
09:13:53.821 INFO: JdwpEventCenterDelegate: jdwpSetEventRequest: JdwpEventRequest{requestId=106, eventKind=BREAKPOINT, suspendPolicy=EVENT_THREAD, predicates=[Location{classId=15500, methodId=1122, index=142} ]}
09:13:53.822 INFO: JdwpDebugServer: handling req: ReferenceType(2).Signature(1)
09:13:53.825 INFO: JdwpDebugServer: handling req: EventRequest(15).Set(1)
09:13:53.825 INFO: JdwpEventCenterDelegate: jdwpSetEventRequest: JdwpEventRequest{requestId=107, eventKind=CLASS_PREPARE, suspendPolicy=EVENT_THREAD, predicates=[className=com.badlogic.gdx.graphics.g2d.SpriteBatch]}
09:13:53.827 INFO: JdwpDebugServer: handling req: EventRequest(15).Set(1)
09:13:53.827 INFO: JdwpEventCenterDelegate: jdwpSetEventRequest: JdwpEventRequest{requestId=108, eventKind=CLASS_PREPARE, suspendPolicy=EVENT_THREAD, predicates=[className=com.badlogic.gdx.graphics.g2d.SpriteBatch$*]}
09:13:53.828 INFO: JdwpDebugServer: handling req: VirtualMachine(1).ClassesBySignature(2)
09:13:53.828 INFO: JdwpDebugServer: handling req: ReferenceType(2).MethodsWithGeneric(15)
09:13:53.828 INFO: JdwpDebugServer: handling req: Method(6).LineTable(1)
09:13:53.828 INFO: JdwpDebugServer: handling req: Method(6).LineTable(1)
09:13:53.829 INFO: JdwpDebugServer: handling req: Method(6).LineTable(1)
09:13:53.829 INFO: JdwpDebugServer: handling req: Method(6).LineTable(1)
09:13:53.829 INFO: JdwpDebugServer: handling req: Method(6).LineTable(1)
09:13:53.829 INFO: JdwpDebugServer: handling req: Method(6).LineTable(1)
09:13:53.829 INFO: JdwpDebugServer: handling req: Method(6).LineTable(1)
09:13:53.829 INFO: JdwpDebugServer: handling req: Method(6).LineTable(1)
09:13:53.829 INFO: JdwpDebugServer: handling req: Method(6).LineTable(1)
09:13:53.830 INFO: JdwpDebugServer: handling req: Method(6).LineTable(1)
09:13:53.830 INFO: JdwpDebugServer: handling req: Method(6).LineTable(1)
09:13:53.830 INFO: JdwpDebugServer: handling req: Method(6).LineTable(1)
09:13:53.830 INFO: JdwpDebugServer: handling req: Method(6).LineTable(1)
09:13:53.830 INFO: JdwpDebugServer: handling req: Method(6).LineTable(1)
09:13:53.830 INFO: JdwpDebugServer: handling req: Method(6).LineTable(1)
09:13:53.830 INFO: JdwpDebugServer: handling req: Method(6).LineTable(1)
09:13:53.830 INFO: JdwpDebugServer: handling req: Method(6).LineTable(1)
09:13:53.831 INFO: JdwpDebugServer: handling req: Method(6).LineTable(1)
09:13:53.831 INFO: JdwpDebugServer: handling req: Method(6).LineTable(1)
09:13:53.831 INFO: JdwpDebugServer: handling req: Method(6).LineTable(1)
09:13:53.831 INFO: JdwpDebugServer: handling req: Method(6).LineTable(1)
09:13:53.831 INFO: JdwpDebugServer: handling req: Method(6).LineTable(1)
09:13:53.831 INFO: JdwpDebugServer: handling req: Method(6).LineTable(1)
09:13:53.831 INFO: JdwpDebugServer: handling req: Method(6).LineTable(1)
09:13:53.832 INFO: JdwpDebugServer: handling req: Method(6).LineTable(1)
09:13:53.832 INFO: JdwpDebugServer: handling req: Method(6).LineTable(1)
09:13:53.832 INFO: JdwpDebugServer: handling req: Method(6).LineTable(1)
09:13:53.832 INFO: JdwpDebugServer: handling req: Method(6).LineTable(1)
09:13:53.832 INFO: JdwpDebugServer: handling req: Method(6).LineTable(1)
09:13:53.832 INFO: JdwpDebugServer: handling req: Method(6).LineTable(1)
09:13:53.832 INFO: JdwpDebugServer: handling req: Method(6).LineTable(1)
09:13:53.833 INFO: JdwpDebugServer: handling req: Method(6).LineTable(1)
09:13:53.833 INFO: JdwpDebugServer: handling req: Method(6).LineTable(1)
09:13:53.833 INFO: JdwpDebugServer: handling req: Method(6).LineTable(1)
09:13:53.833 INFO: JdwpDebugServer: handling req: Method(6).LineTable(1)
09:13:53.833 INFO: JdwpDebugServer: handling req: Method(6).LineTable(1)
09:13:53.833 INFO: JdwpDebugServer: handling req: Method(6).LineTable(1)
09:13:53.833 INFO: JdwpDebugServer: handling req: Method(6).LineTable(1)
09:13:53.833 INFO: JdwpDebugServer: handling req: Method(6).LineTable(1)
09:13:53.834 INFO: JdwpDebugServer: handling req: Method(6).LineTable(1)
09:13:53.834 INFO: JdwpDebugServer: handling req: Method(6).LineTable(1)
09:13:53.834 INFO: JdwpDebugServer: handling req: Method(6).LineTable(1)
09:13:53.834 INFO: JdwpDebugServer: handling req: Method(6).LineTable(1)
09:13:53.834 INFO: JdwpDebugServer: handling req: Method(6).LineTable(1)
09:13:53.834 INFO: JdwpDebugServer: handling req: EventRequest(15).Set(1)
09:13:53.834 INFO: JdwpEventCenterDelegate: jdwpSetEventRequest: JdwpEventRequest{requestId=109, eventKind=BREAKPOINT, suspendPolicy=EVENT_THREAD, predicates=[Location{classId=18040, methodId=1357, index=163} ]}
09:13:53.834 INFO: JdwpDebugServer: handling req: ReferenceType(2).Signature(1)
09:13:53.835 INFO: JdwpDebugServer: handling req: EventRequest(15).Set(1)
09:13:53.835 INFO: JdwpEventCenterDelegate: jdwpSetEventRequest: JdwpEventRequest{requestId=110, eventKind=CLASS_PREPARE, suspendPolicy=EVENT_THREAD, predicates=[className=com.badlogic.gdx.graphics.g2d.PolygonSpriteBatch]}
09:13:53.835 INFO: JdwpDebugServer: handling req: EventRequest(15).Set(1)
09:13:53.835 INFO: JdwpEventCenterDelegate: jdwpSetEventRequest: JdwpEventRequest{requestId=111, eventKind=CLASS_PREPARE, suspendPolicy=EVENT_THREAD, predicates=[className=com.badlogic.gdx.graphics.g2d.PolygonSpriteBatch$*]}
09:13:53.836 INFO: JdwpDebugServer: handling req: VirtualMachine(1).ClassesBySignature(2)
09:13:53.836 INFO: JdwpDebugServer: handling req: EventRequest(15).Set(1)
09:13:53.836 INFO: JdwpEventCenterDelegate: jdwpSetEventRequest: JdwpEventRequest{requestId=112, eventKind=BREAKPOINT, suspendPolicy=EVENT_THREAD, predicates=[Location{classId=15500, methodId=1122, index=141} ]}
09:13:53.837 INFO: JdwpDebugServer: handling req: EventRequest(15).Set(1)
09:13:53.837 INFO: JdwpEventCenterDelegate: jdwpSetEventRequest: JdwpEventRequest{requestId=113, eventKind=CLASS_PREPARE, suspendPolicy=EVENT_THREAD, predicates=[className=java.lang.Throwable]}
09:13:53.837 INFO: JdwpDebugServer: handling req: EventRequest(15).Set(1)
09:13:53.837 INFO: JdwpEventCenterDelegate: jdwpSetEventRequest: JdwpEventRequest{requestId=114, eventKind=CLASS_PREPARE, suspendPolicy=EVENT_THREAD, predicates=[className=java.lang.Throwable$*]}
09:13:53.838 INFO: JdwpDebugServer: handling req: VirtualMachine(1).ClassesBySignature(2)
09:13:53.838 INFO: JdwpDebugServer: handling req: ReferenceType(2).MethodsWithGeneric(15)
09:13:53.839 INFO: JdwpDebugServer: handling req: Method(6).LineTable(1)
09:13:53.839 INFO: JdwpDebugServer: handling req: Method(6).LineTable(1)
09:13:53.839 INFO: JdwpDebugServer: handling req: Method(6).LineTable(1)
09:13:53.839 INFO: JdwpDebugServer: handling req: Method(6).LineTable(1)
09:13:53.839 INFO: JdwpDebugServer: handling req: Method(6).LineTable(1)
09:13:53.839 INFO: JdwpDebugServer: handling req: Method(6).LineTable(1)
09:13:53.839 INFO: JdwpDebugServer: handling req: Method(6).LineTable(1)
09:13:53.840 INFO: JdwpDebugServer: handling req: Method(6).LineTable(1)
09:13:53.840 INFO: JdwpDebugServer: handling req: Method(6).LineTable(1)
09:13:53.840 INFO: JdwpDebugServer: handling req: Method(6).LineTable(1)
09:13:53.840 INFO: JdwpDebugServer: handling req: Method(6).LineTable(1)
09:13:53.840 INFO: JdwpDebugServer: handling req: Method(6).LineTable(1)
09:13:53.840 INFO: JdwpDebugServer: handling req: Method(6).LineTable(1)
09:13:53.840 INFO: JdwpDebugServer: handling req: Method(6).LineTable(1)
09:13:53.840 INFO: JdwpDebugServer: handling req: Method(6).LineTable(1)
09:13:53.841 INFO: JdwpDebugServer: handling req: Method(6).LineTable(1)
09:13:53.841 INFO: JdwpDebugServer: handling req: Method(6).LineTable(1)
09:13:53.841 INFO: JdwpDebugServer: handling req: Method(6).LineTable(1)
09:13:53.841 INFO: JdwpDebugServer: handling req: Method(6).LineTable(1)
09:13:53.841 INFO: JdwpDebugServer: handling req: Method(6).LineTable(1)
09:13:53.841 INFO: JdwpDebugServer: handling req: Method(6).LineTable(1)
09:13:53.841 INFO: JdwpDebugServer: handling req: Method(6).LineTable(1)
09:13:53.841 INFO: JdwpDebugServer: handling req: Method(6).LineTable(1)
09:13:53.842 INFO: JdwpDebugServer: handling req: Method(6).LineTable(1)
09:13:53.842 INFO: JdwpDebugServer: handling req: VirtualMachine(1).ClassesBySignature(2)
09:13:53.842 INFO: JdwpDebugServer: handling req: VirtualMachine(1).AllClassesWithGeneric(20)
09:13:53.852 INFO: JdwpDebugServer: handling req: EventRequest(15).Set(1)
09:13:53.852 INFO: JdwpEventCenterDelegate: jdwpSetEventRequest: JdwpEventRequest{requestId=115, eventKind=CLASS_PREPARE, suspendPolicy=EVENT_THREAD, predicates=[className=com.badlogic.gdx.utils.ScreenUtils]}
09:13:53.853 INFO: JdwpDebugServer: handling req: EventRequest(15).Set(1)
09:13:53.853 INFO: JdwpEventCenterDelegate: jdwpSetEventRequest: JdwpEventRequest{requestId=116, eventKind=CLASS_PREPARE, suspendPolicy=EVENT_THREAD, predicates=[className=com.badlogic.gdx.utils.ScreenUtils$*]}
09:13:53.854 INFO: JdwpDebugServer: handling req: VirtualMachine(1).ClassesBySignature(2)
09:13:53.854 INFO: JdwpDebugServer: handling req: ReferenceType(2).MethodsWithGeneric(15)
09:13:53.854 INFO: JdwpDebugServer: handling req: Method(6).LineTable(1)
09:13:53.854 INFO: JdwpDebugServer: handling req: Method(6).LineTable(1)
09:13:53.855 INFO: JdwpDebugServer: handling req: Method(6).LineTable(1)
09:13:53.855 INFO: JdwpDebugServer: handling req: Method(6).LineTable(1)
09:13:53.855 INFO: JdwpDebugServer: handling req: Method(6).LineTable(1)
09:13:53.855 INFO: JdwpDebugServer: handling req: Method(6).LineTable(1)
09:13:53.855 INFO: JdwpDebugServer: handling req: Method(6).LineTable(1)
09:13:53.855 INFO: JdwpDebugServer: handling req: Method(6).LineTable(1)
09:13:53.855 INFO: JdwpDebugServer: handling req: Method(6).LineTable(1)
09:13:53.855 INFO: JdwpDebugServer: handling req: Method(6).LineTable(1)
09:13:53.856 INFO: JdwpDebugServer: handling req: EventRequest(15).Set(1)
09:13:53.856 INFO: JdwpEventCenterDelegate: jdwpSetEventRequest: JdwpEventRequest{requestId=117, eventKind=BREAKPOINT, suspendPolicy=EVENT_THREAD, predicates=[Location{classId=22240, methodId=1727, index=89} ]}
09:13:53.856 INFO: JdwpDebugServer: handling req: EventRequest(15).Set(1)
09:13:53.856 INFO: JdwpEventCenterDelegate: jdwpSetEventRequest: JdwpEventRequest{requestId=118, eventKind=CLASS_PREPARE, suspendPolicy=EVENT_THREAD, predicates=[className=com.badlogic.gdx.utils.ScreenUtils]}
09:13:53.857 INFO: JdwpDebugServer: handling req: EventRequest(15).Set(1)
09:13:53.857 INFO: JdwpEventCenterDelegate: jdwpSetEventRequest: JdwpEventRequest{requestId=119, eventKind=CLASS_PREPARE, suspendPolicy=EVENT_THREAD, predicates=[className=com.badlogic.gdx.utils.ScreenUtils$*]}
09:13:53.858 INFO: JdwpDebugServer: handling req: VirtualMachine(1).ClassesBySignature(2)
09:13:53.858 INFO: JdwpDebugServer: handling req: EventRequest(15).Set(1)
09:13:53.858 INFO: JdwpEventCenterDelegate: jdwpSetEventRequest: JdwpEventRequest{requestId=120, eventKind=BREAKPOINT, suspendPolicy=EVENT_THREAD, predicates=[Location{classId=22240, methodId=1722, index=72} ]}
09:13:53.858 INFO: JdwpDebugServer: handling req: EventRequest(15).Set(1)
09:13:53.858 INFO: JdwpEventCenterDelegate: jdwpSetEventRequest: JdwpEventRequest{requestId=121, eventKind=CLASS_PREPARE, suspendPolicy=EVENT_THREAD, predicates=[className=com.scottlogic.util.ShaderProgramFactory]}
09:13:53.859 INFO: JdwpDebugServer: handling req: EventRequest(15).Set(1)
09:13:53.859 INFO: JdwpEventCenterDelegate: jdwpSetEventRequest: JdwpEventRequest{requestId=122, eventKind=CLASS_PREPARE, suspendPolicy=EVENT_THREAD, predicates=[className=com.scottlogic.util.ShaderProgramFactory$*]}
09:13:53.860 INFO: JdwpDebugServer: handling req: VirtualMachine(1).ClassesBySignature(2)
09:13:53.860 INFO: JdwpDebugServer: handling req: ReferenceType(2).MethodsWithGeneric(15)
09:13:53.861 INFO: JdwpDebugServer: handling req: Method(6).LineTable(1)
09:13:53.861 INFO: JdwpDebugServer: handling req: Method(6).LineTable(1)
09:13:53.861 INFO: JdwpDebugServer: handling req: Method(6).LineTable(1)
09:13:53.861 INFO: JdwpDebugServer: handling req: Method(6).LineTable(1)
09:13:53.861 INFO: JdwpDebugServer: handling req: Method(6).LineTable(1)
09:13:53.861 INFO: JdwpDebugServer: handling req: EventRequest(15).Set(1)
09:13:53.861 INFO: JdwpEventCenterDelegate: jdwpSetEventRequest: JdwpEventRequest{requestId=123, eventKind=BREAKPOINT, suspendPolicy=EVENT_THREAD, predicates=[Location{classId=20400, methodId=1762, index=106} ]}
09:13:53.862 INFO: JdwpDebugServer: handling req: EventRequest(15).Set(1)
09:13:53.862 INFO: JdwpEventCenterDelegate: jdwpSetEventRequest: JdwpEventRequest{requestId=124, eventKind=CLASS_PREPARE, suspendPolicy=EVENT_THREAD, predicates=[className=com.abdalla.bushnaq.pluvia.launcher.IOSLauncher]}
09:13:53.863 INFO: JdwpDebugServer: handling req: EventRequest(15).Set(1)
09:13:53.863 INFO: JdwpEventCenterDelegate: jdwpSetEventRequest: JdwpEventRequest{requestId=125, eventKind=CLASS_PREPARE, suspendPolicy=EVENT_THREAD, predicates=[className=com.abdalla.bushnaq.pluvia.launcher.IOSLauncher$*]}
09:13:53.863 INFO: JdwpDebugServer: handling req: VirtualMachine(1).ClassesBySignature(2)
09:13:53.864 INFO: JdwpDebugServer: handling req: ReferenceType(2).MethodsWithGeneric(15)
09:13:53.864 INFO: JdwpDebugServer: handling req: Method(6).LineTable(1)
09:13:53.864 INFO: JdwpDebugServer: handling req: Method(6).LineTable(1)
09:13:53.864 INFO: JdwpDebugServer: handling req: Method(6).LineTable(1)
09:13:53.864 INFO: JdwpDebugServer: handling req: Method(6).LineTable(1)
09:13:53.864 INFO: JdwpDebugServer: handling req: EventRequest(15).Set(1)
09:13:53.864 INFO: JdwpEventCenterDelegate: jdwpSetEventRequest: JdwpEventRequest{requestId=126, eventKind=BREAKPOINT, suspendPolicy=EVENT_THREAD, predicates=[Location{classId=12885, methodId=1787, index=74} ]}
09:13:53.865 INFO: JdwpDebugServer: handling req: VirtualMachine(1).capabilitiesNew(17)
09:13:53.867 INFO: JdwpDebugServer: handling req: EventRequest(15).Set(1)
09:13:53.867 INFO: JdwpEventCenterDelegate: jdwpSetEventRequest: JdwpEventRequest{requestId=127, eventKind=CLASS_PREPARE, suspendPolicy=EVENT_THREAD, predicates=[className=java.lang.Error]}
09:13:53.869 INFO: JdwpDebugServer: handling req: EventRequest(15).Set(1)
09:13:53.869 INFO: JdwpEventCenterDelegate: jdwpSetEventRequest: JdwpEventRequest{requestId=128, eventKind=CLASS_PREPARE, suspendPolicy=EVENT_THREAD, predicates=[className=java.lang.Error$*]}
09:13:53.870 INFO: JdwpDebugServer: handling req: VirtualMachine(1).ClassesBySignature(2)
09:13:53.870 INFO: JdwpDebugServer: handling req: EventRequest(15).Set(1)
09:13:53.870 INFO: JdwpEventCenterDelegate: jdwpSetEventRequest: JdwpEventRequest{requestId=129, eventKind=EXCEPTION, suspendPolicy=EVENT_THREAD, predicates=[exceptionType=3425(caught=true, uncaught=true)]}
09:13:53.913 INFO: JdwpDebugServer: handling req: EventRequest(15).Set(1)
09:13:53.913 INFO: JdwpEventCenterDelegate: jdwpSetEventRequest: JdwpEventRequest{requestId=130, eventKind=CLASS_PREPARE, suspendPolicy=EVENT_THREAD, predicates=[className=java.lang.Throwable]}
09:13:53.914 INFO: JdwpDebugServer: handling req: EventRequest(15).Set(1)
09:13:53.914 INFO: JdwpEventCenterDelegate: jdwpSetEventRequest: JdwpEventRequest{requestId=131, eventKind=CLASS_PREPARE, suspendPolicy=EVENT_THREAD, predicates=[className=java.lang.Throwable$*]}
09:13:53.915 INFO: JdwpDebugServer: handling req: VirtualMachine(1).ClassesBySignature(2)
09:13:53.915 INFO: JdwpDebugServer: handling req: EventRequest(15).Set(1)
09:13:53.915 INFO: JdwpEventCenterDelegate: jdwpSetEventRequest: JdwpEventRequest{requestId=132, eventKind=EXCEPTION, suspendPolicy=EVENT_THREAD, predicates=[exceptionType=7695(caught=false, uncaught=true)]}
09:13:53.918 INFO: JdwpDebugServer: handling req: ThreadReference(11).SuspendCount(12)
09:13:53.918 INFO: JdwpDebugServer: handling req: ThreadReference(11).SuspendCount(12)
09:13:53.918 INFO: JdwpDebugServer: handling req: ThreadReference(11).SuspendCount(12)
09:13:53.918 INFO: JdwpDebugServer: handling req: ThreadReference(11).SuspendCount(12)
09:13:53.918 INFO: JdwpDebugServer: handling req: VirtualMachine(1).AllThreads(4)
09:13:53.918 INFO: JdwpDebugServer: handling req: VirtualMachine(1).Resume(9)
09:13:53.953 INFO: JdwpDebugServer: handling req: EventRequest(15).Set(1)
09:13:53.953 INFO: JdwpEventCenterDelegate: jdwpSetEventRequest: JdwpEventRequest{requestId=133, eventKind=BREAKPOINT, suspendPolicy=EVENT_THREAD, predicates=[Location{classId=12885, methodId=1787, index=74} ]}
09:13:53.956 INFO: JdwpDebugServer: handling req: ThreadReference(11).Resume(3)
09:13:53.956 INFO: JdwpEventCenterDelegate: THREAD_RESUMED: thread (33, main, main)
09:13:53.980 INFO: JdwpEventCenterDelegate: THREAD_RESUMED: thread (33, main, main)
09:13:53.980 INFO: JdwpEventCenterDelegate: THREAD_RESUMED: thread (33, main, main)
09:13:53.981 INFO: JdwpEventCenterDelegate: THREAD_RESUMED: thread (33, main, main)
09:13:53.981 INFO: JdwpEventCenterDelegate: THREAD_RESUMED: thread (33, main, main)
09:13:53.982 INFO: JdwpEventCenterDelegate: THREAD_RESUMED: thread (33, main, main)
09:13:53.982 INFO: JdwpEventCenterDelegate: THREAD_RESUMED: thread (33, main, main)
09:13:53.982 INFO: JdwpEventCenterDelegate: THREAD_RESUMED: thread (33, main, main)
09:13:53.984 INFO: JdwpEventCenterDelegate: THREAD_RESUMED: thread (33, main, main)
09:13:53.985 INFO: JdwpEventCenterDelegate: THREAD_RESUMED: thread (33, main, main)
09:13:53.985 INFO: JdwpEventCenterDelegate: THREAD_RESUMED: thread (33, main, main)
09:13:53.986 INFO: JdwpEventCenterDelegate: THREAD_RESUMED: thread (33, main, main)
09:13:53.992 INFO: JdwpEventCenterDelegate: THREAD_RESUMED: thread (33, main, main)
09:13:53.992 INFO: JdwpEventCenterDelegate: THREAD_RESUMED: thread (33, main, main)
09:13:53.992 INFO: JdwpEventCenterDelegate: THREAD_RESUMED: thread (33, main, main)
09:13:54.059 INFO: JdwpEventCenterDelegate: THREAD_RESUMED: thread (33, main, main)
09:13:54.059 INFO: JdwpEventCenterDelegate: THREAD_RESUMED: thread (33, main, main)
09:13:54.059 INFO: JdwpEventCenterDelegate: THREAD_RESUMED: thread (33, main, main)
09:13:54.067 INFO: JdwpEventCenterDelegate: THREAD_RESUMED: thread (33, main, main)
09:13:54.068 INFO: JdwpEventCenterDelegate: THREAD_RESUMED: thread (33, main, main)
09:13:54.068 INFO: JdwpEventCenterDelegate: THREAD_RESUMED: thread (33, main, main)
09:13:54.324 INFO: JdwpEventCenterDelegate: THREAD_RESUMED: thread (33, main, main)
09:13:54.325 INFO: JdwpEventCenterDelegate: THREAD_RESUMED: thread (33, main, main)
09:13:54.325 INFO: JdwpEventCenterDelegate: THREAD_RESUMED: thread (33, main, main)
09:13:54.387 INFO: JdwpEventCenterDelegate: THREAD_RESUMED: thread (33, main, main)
09:13:54.388 INFO: JdwpEventCenterDelegate: THREAD_RESUMED: thread (33, main, main)
09:13:54.388 INFO: JdwpEventCenterDelegate: THREAD_RESUMED: thread (33, main, main)
09:13:54.413 INFO: JdwpDebugServer: handling req: ThreadReference(11).Name(1)
09:13:54.414 INFO: JdwpEventCenterDelegate: THREAD_RESUMED: thread (33, main, main)
09:13:54.414 INFO: JdwpDebugServer: handling req: ThreadReference(11).Name(1)
09:13:54.414 INFO: JdwpEventCenterDelegate: THREAD_RESUMED: thread (33, main, main)
09:13:54.415 INFO: JdwpDebugServer: handling req: ThreadReference(11).Name(1)
09:13:54.415 INFO: JdwpEventCenterDelegate: THREAD_RESUMED: thread (33, main, main)
09:13:54.415 INFO: JdwpDebugServer: handling req: ThreadReference(11).Name(1)
09:13:54.439 INFO: JdwpEventCenterDelegate: THREAD_RESUMED: thread (33, main, main)
09:13:54.440 INFO: JdwpEventCenterDelegate: THREAD_RESUMED: thread (33, main, main)
09:13:54.440 INFO: JdwpEventCenterDelegate: THREAD_RESUMED: thread (33, main, main)
09:13:54.441 INFO: JdwpEventCenterDelegate: THREAD_RESUMED: thread (33, main, main)
09:13:54.447 INFO: JdwpEventCenterDelegate: THREAD_RESUMED: thread (33, main, main)
09:13:54.448 INFO: JdwpEventCenterDelegate: THREAD_RESUMED: thread (33, main, main)
09:13:54.993 INFO: JdwpEventCenterDelegate: THREAD_RESUMED: thread (33, main, main)
09:13:54.993 INFO: JdwpEventCenterDelegate: THREAD_RESUMED: thread (33, main, main)
09:13:55.012 INFO: JdwpEventCenterDelegate: THREAD_RESUMED: thread (33, main, main)
09:13:55.013 INFO: JdwpEventCenterDelegate: THREAD_RESUMED: thread (33, main, main)
09:13:55.013 INFO: JdwpEventCenterDelegate: THREAD_RESUMED: thread (33, main, main)
09:13:55.014 INFO: JdwpEventCenterDelegate: THREAD_RESUMED: thread (33, main, main)
09:13:55.086 INFO: JdwpEventCenterDelegate: THREAD_RESUMED: thread (33, main, main)
09:13:55.451 INFO: JdwpDebugServer: handling req: EventRequest(15).Set(1)
09:13:55.451 INFO: JdwpEventCenterDelegate: jdwpSetEventRequest: JdwpEventRequest{requestId=134, eventKind=BREAKPOINT, suspendPolicy=EVENT_THREAD, predicates=[Location{classId=15500, methodId=1122, index=142} ]}
09:13:55.456 INFO: JdwpDebugServer: handling req: EventRequest(15).Set(1)
09:13:55.456 INFO: JdwpEventCenterDelegate: jdwpSetEventRequest: JdwpEventRequest{requestId=135, eventKind=BREAKPOINT, suspendPolicy=EVENT_THREAD, predicates=[Location{classId=15500, methodId=1122, index=141} ]}
09:13:55.459 INFO: JdwpDebugServer: handling req: ThreadReference(11).Resume(3)
09:13:55.460 INFO: JdwpEventCenterDelegate: THREAD_RESUMED: thread (33, main, main)
09:13:55.461 INFO: JdwpEventCenterDelegate: THREAD_RESUMED: thread (33, main, main)
09:13:55.462 INFO: JdwpEventCenterDelegate: THREAD_RESUMED: thread (33, main, main)
09:13:55.463 INFO: JdwpEventCenterDelegate: THREAD_RESUMED: thread (33, main, main)
09:13:55.464 INFO: JdwpEventCenterDelegate: THREAD_RESUMED: thread (33, main, main)
09:13:55.464 INFO: JdwpEventCenterDelegate: THREAD_RESUMED: thread (33, main, main)
09:13:55.465 INFO: JdwpEventCenterDelegate: THREAD_RESUMED: thread (33, main, main)
09:13:55.467 INFO: JdwpDebugServer: handling req: EventRequest(15).Set(1)
09:13:55.467 INFO: JdwpEventCenterDelegate: jdwpSetEventRequest: JdwpEventRequest{requestId=136, eventKind=BREAKPOINT, suspendPolicy=EVENT_THREAD, predicates=[Location{classId=20400, methodId=1762, index=106} ]}
09:13:55.472 INFO: JdwpDebugServer: handling req: ThreadReference(11).Resume(3)
09:13:55.472 INFO: JdwpEventCenterDelegate: THREAD_RESUMED: thread (33, main, main)
09:13:55.484 INFO: JdwpDebugServer: handling req: ThreadReference(11).Frames(6)
09:13:55.484 INFO: JdwpDebugServer: handling req: ReferenceType(2).MethodsWithGeneric(15)
09:13:55.484 INFO: JdwpDebugServer: handling req: ReferenceType(2).MethodsWithGeneric(15)
09:13:55.484 INFO: JdwpDebugServer: handling req: ReferenceType(2).MethodsWithGeneric(15)
09:13:55.484 INFO: JdwpDebugServer: handling req: ReferenceType(2).MethodsWithGeneric(15)
09:13:55.485 INFO: JdwpDebugServer: handling req: ReferenceType(2).MethodsWithGeneric(15)
09:13:55.485 INFO: JdwpDebugServer: handling req: ReferenceType(2).MethodsWithGeneric(15)
09:13:55.486 INFO: JdwpDebugServer: handling req: ThreadReference(11).FramesCount(7)
09:13:55.487 INFO: JdwpDebugServer: handling req: ThreadReference(11).FramesCount(7)
09:13:55.669 INFO: JdwpDebugServer: handling req: ThreadReference(11).Name(1)
09:13:55.669 INFO: JdwpDebugServer: handling req: ReferenceType(2).SignatureWithGeneric(13)
09:13:55.670 INFO: JdwpDebugServer: handling req: ThreadReference(11).Name(1)
09:13:55.670 INFO: JdwpDebugServer: handling req: ThreadReference(11).Name(1)
09:13:55.670 INFO: JdwpDebugServer: handling req: ThreadReference(11).Name(1)
09:13:55.670 INFO: JdwpDebugServer: handling req: ThreadReference(11).Name(1)
09:13:55.704 INFO: JdwpDebugServer: handling req: ReferenceType(2).FieldsWithGeneric(14)
09:13:55.704 INFO: JdwpDebugServer: handling req: ReferenceType(2).Interfaces(10)
09:13:55.704 INFO: JdwpDebugServer: handling req: ClassType(3).Superclass(1)
09:13:55.704 INFO: JdwpDebugServer: handling req: ClassType(3).Superclass(1)
09:13:55.705 INFO: JdwpDebugServer: handling req: Method(6).VariableTableWithGenerics(5)
09:13:55.722 INFO: JdwpDebugServer: handling req: ReferenceType(2).SourceFile(7)
09:13:55.746 INFO: JdwpDebugServer: handling req: StackFrame(16).GetValues(1)
09:13:55.748 INFO: JdwpDebugServer: handling req: StackFrame(16).GetValues(1)
09:13:55.748 INFO: JdwpDebugServer: handling req: ObjectReference(9).ReferenceType(1)
09:13:55.748 INFO: JdwpDebugServer: handling req: StackFrame(16).GetValues(1)
09:13:55.748 INFO: JdwpDebugServer: handling req: ReferenceType(2).FieldsWithGeneric(14)
09:13:55.748 INFO: JdwpDebugServer: handling req: ReferenceType(2).Interfaces(10)
09:13:55.749 INFO: JdwpDebugServer: handling req: ReferenceType(2).FieldsWithGeneric(14)
09:13:55.749 INFO: JdwpDebugServer: handling req: ClassType(3).Superclass(1)
09:13:55.749 INFO: JdwpDebugServer: handling req: ReferenceType(2).Interfaces(10)
09:13:55.749 INFO: JdwpDebugServer: handling req: ClassType(3).Superclass(1)
09:13:55.750 INFO: JdwpDebugServer: handling req: ReferenceType(2).FieldsWithGeneric(14)
09:13:55.750 INFO: JdwpDebugServer: handling req: ReferenceType(2).Interfaces(10)
09:13:55.750 INFO: JdwpDebugServer: handling req: ReferenceType(2).Interfaces(10)
09:13:55.750 INFO: JdwpDebugServer: handling req: ReferenceType(2).FieldsWithGeneric(14)
09:13:55.750 INFO: JdwpDebugServer: handling req: ReferenceType(2).Interfaces(10)
09:13:55.750 INFO: JdwpDebugServer: handling req: ReferenceType(2).Interfaces(10)
09:13:55.750 INFO: JdwpDebugServer: handling req: ClassType(3).Superclass(1)
09:13:55.751 INFO: JdwpDebugServer: handling req: StackFrame(16).GetValues(1)
09:13:55.751 INFO: JdwpDebugServer: handling req: StackFrame(16).GetValues(1)
09:13:55.751 INFO: JdwpDebugServer: handling req: StackFrame(16).GetValues(1)
09:13:55.752 INFO: JdwpDebugServer: handling req: StringReference(10).Value(1)
09:13:55.753 INFO: JdwpDebugServer: handling req: StackFrame(16).GetValues(1)
09:13:55.753 INFO: JdwpDebugServer: handling req: StackFrame(16).GetValues(1)
09:13:55.753 INFO: JdwpDebugServer: handling req: ObjectReference(9).ReferenceType(1)
09:13:55.753 INFO: JdwpDebugServer: handling req: StackFrame(16).GetValues(1)
09:13:55.753 INFO: JdwpDebugServer: handling req: StackFrame(16).GetValues(1)
09:13:55.754 INFO: JdwpDebugServer: handling req: StackFrame(16).GetValues(1)
09:13:55.754 INFO: JdwpDebugServer: handling req: StackFrame(16).GetValues(1)
09:13:55.754 INFO: JdwpDebugServer: handling req: StackFrame(16).GetValues(1)
09:13:55.754 INFO: JdwpDebugServer: handling req: StackFrame(16).GetValues(1)
09:13:55.755 INFO: JdwpDebugServer: handling req: ClassType(3).Superclass(1)
09:13:55.755 INFO: JdwpDebugServer: handling req: StackFrame(16).GetValues(1)
09:13:55.755 INFO: JdwpDebugServer: handling req: StackFrame(16).GetValues(1)
09:13:55.755 INFO: JdwpDebugServer: handling req: StackFrame(16).GetValues(1)
09:13:55.755 INFO: JdwpDebugServer: handling req: StackFrame(16).GetValues(1)
09:13:55.756 INFO: JdwpDebugServer: handling req: StackFrame(16).GetValues(1)
09:13:55.756 INFO: JdwpDebugServer: handling req: StringReference(10).Value(1)
09:13:55.756 INFO: JdwpDebugServer: handling req: ObjectReference(9).ReferenceType(1)
09:13:55.757 INFO: JdwpDebugServer: handling req: StackFrame(16).GetValues(1)
09:13:55.757 INFO: JdwpDebugServer: handling req: ReferenceType(2).FieldsWithGeneric(14)
09:13:55.757 INFO: JdwpDebugServer: handling req: StackFrame(16).GetValues(1)
09:13:55.757 INFO: JdwpDebugServer: handling req: ReferenceType(2).Interfaces(10)
09:13:55.757 INFO: JdwpDebugServer: handling req: ReferenceType(2).FieldsWithGeneric(14)
09:13:55.757 INFO: JdwpDebugServer: handling req: StackFrame(16).GetValues(1)
09:13:55.758 INFO: JdwpDebugServer: handling req: ReferenceType(2).Interfaces(10)
09:13:55.758 INFO: JdwpDebugServer: handling req: ClassType(3).Superclass(1)
09:13:55.758 INFO: JdwpDebugServer: handling req: StackFrame(16).GetValues(1)
09:13:55.759 INFO: JdwpDebugServer: handling req: StackFrame(16).GetValues(1)
09:13:55.759 INFO: JdwpDebugServer: handling req: StackFrame(16).GetValues(1)
09:13:55.760 INFO: JdwpDebugServer: handling req: StackFrame(16).GetValues(1)
09:13:55.760 INFO: JdwpDebugServer: handling req: StackFrame(16).GetValues(1)
09:13:55.761 INFO: JdwpDebugServer: handling req: StackFrame(16).GetValues(1)
09:13:55.761 INFO: JdwpDebugServer: handling req: StackFrame(16).GetValues(1)
09:13:55.761 INFO: JdwpDebugServer: handling req: StackFrame(16).GetValues(1)
09:13:55.762 INFO: JdwpDebugServer: handling req: StackFrame(16).GetValues(1)
09:13:55.762 INFO: JdwpDebugServer: handling req: StackFrame(16).GetValues(1)
09:13:55.762 INFO: JdwpDebugServer: handling req: StackFrame(16).GetValues(1)
09:13:55.762 INFO: JdwpDebugServer: handling req: StackFrame(16).GetValues(1)
09:13:55.763 INFO: JdwpDebugServer: handling req: StackFrame(16).GetValues(1)
09:13:55.763 INFO: JdwpDebugServer: handling req: StackFrame(16).GetValues(1)
09:13:55.763 INFO: JdwpDebugServer: handling req: ClassType(3).Superclass(1)
09:13:55.766 INFO: JdwpDebugServer: handling req: ThreadReference(11).FramesCount(7)
09:13:55.766 INFO: JdwpDebugServer: handling req: StackFrame(16).GetValues(1)
09:13:55.767 INFO: JdwpDebugServer: handling req: StackFrame(16).GetValues(1)
09:13:55.767 INFO: JdwpDebugServer: handling req: StackFrame(16).GetValues(1)
09:13:55.767 INFO: JdwpDebugServer: handling req: StackFrame(16).GetValues(1)
09:13:55.767 INFO: JdwpDebugServer: handling req: StackFrame(16).GetValues(1)
09:13:55.767 INFO: JdwpDebugServer: handling req: StackFrame(16).GetValues(1)
09:13:55.768 INFO: JdwpDebugServer: handling req: StackFrame(16).GetValues(1)
09:13:55.768 INFO: JdwpDebugServer: handling req: StackFrame(16).GetValues(1)
09:13:55.768 INFO: JdwpDebugServer: handling req: StackFrame(16).GetValues(1)
09:13:55.768 INFO: JdwpDebugServer: handling req: StackFrame(16).GetValues(1)
09:13:55.768 INFO: JdwpDebugServer: handling req: StackFrame(16).GetValues(1)
09:13:55.768 INFO: JdwpDebugServer: handling req: StackFrame(16).GetValues(1)
09:13:55.769 INFO: JdwpDebugServer: handling req: StackFrame(16).GetValues(1)
09:13:55.769 INFO: JdwpDebugServer: handling req: StackFrame(16).GetValues(1)
09:13:55.769 INFO: JdwpDebugServer: handling req: StackFrame(16).GetValues(1)
09:13:55.769 INFO: JdwpDebugServer: handling req: StackFrame(16).GetValues(1)
09:13:55.769 INFO: JdwpDebugServer: handling req: ClassType(3).Superclass(1)
09:13:55.770 INFO: JdwpDebugServer: handling req: StackFrame(16).GetValues(1)
09:13:55.770 INFO: JdwpDebugServer: handling req: StackFrame(16).GetValues(1)
09:13:55.770 INFO: JdwpDebugServer: handling req: StackFrame(16).GetValues(1)
09:13:55.770 INFO: JdwpDebugServer: handling req: StackFrame(16).GetValues(1)
09:13:55.770 INFO: JdwpDebugServer: handling req: StackFrame(16).GetValues(1)
09:13:55.786 INFO: JdwpDebugServer: handling req: StackFrame(16).GetValues(1)
09:13:55.787 INFO: JdwpDebugServer: handling req: ThreadReference(11).Name(1)
09:13:55.787 INFO: JdwpDebugServer: handling req: ClassType(3).Superclass(1)
09:13:55.787 INFO: JdwpDebugServer: handling req: ThreadReference(11).Name(1)
09:13:55.787 INFO: JdwpDebugServer: handling req: ThreadReference(11).Name(1)
09:13:55.787 INFO: JdwpDebugServer: handling req: ThreadReference(11).Name(1)
09:13:55.795 INFO: JdwpDebugServer: handling req: ObjectReference(9).GetValues(2)
09:13:55.796 INFO: JdwpDebugServer: handling req: ObjectReference(9).GetValues(2)
09:13:55.796 INFO: JdwpDebugServer: handling req: ObjectReference(9).GetValues(2)
09:13:55.796 INFO: JdwpDebugServer: handling req: ObjectReference(9).GetValues(2)
09:13:55.796 INFO: JdwpDebugServer: handling req: ObjectReference(9).GetValues(2)
09:13:55.797 INFO: JdwpDebugServer: handling req: ObjectReference(9).GetValues(2)
09:13:55.797 INFO: JdwpDebugServer: handling req: ObjectReference(9).GetValues(2)
09:13:55.797 INFO: JdwpDebugServer: handling req: ObjectReference(9).GetValues(2)
09:13:55.797 INFO: JdwpDebugServer: handling req: ObjectReference(9).GetValues(2)
09:13:55.798 INFO: JdwpDebugServer: handling req: ObjectReference(9).ReferenceType(1)
09:13:55.798 INFO: JdwpDebugServer: handling req: ClassType(3).Superclass(1)
09:13:55.799 INFO: JdwpDebugServer: handling req: ObjectReference(9).GetValues(2)
09:13:55.799 INFO: JdwpDebugServer: handling req: ClassType(3).Superclass(1)
09:13:55.800 INFO: JdwpDebugServer: handling req: ObjectReference(9).ReferenceType(1)
09:13:55.800 INFO: JdwpDebugServer: handling req: ClassType(3).Superclass(1)
09:13:55.800 INFO: JdwpDebugServer: handling req: ReferenceType(2).Interfaces(10)
09:13:55.800 INFO: JdwpDebugServer: handling req: StringReference(10).Value(1)
09:13:55.802 INFO: JdwpDebugServer: handling req: ReferenceType(2).Interfaces(10)
09:13:55.803 INFO: JdwpDebugServer: handling req: ObjectReference(9).GetValues(2)
09:13:55.803 INFO: JdwpDebugServer: handling req: ObjectReference(9).GetValues(2)
09:13:55.803 INFO: JdwpDebugServer: handling req: ObjectReference(9).GetValues(2)
09:13:55.803 INFO: JdwpDebugServer: handling req: ObjectReference(9).GetValues(2)
09:13:55.803 INFO: JdwpDebugServer: handling req: ObjectReference(9).GetValues(2)
09:13:55.804 INFO: JdwpDebugServer: handling req: ObjectReference(9).GetValues(2)
09:13:55.804 INFO: JdwpDebugServer: handling req: ObjectReference(9).GetValues(2)
09:13:55.804 INFO: JdwpDebugServer: handling req: ObjectReference(9).ReferenceType(1)
09:13:55.804 INFO: JdwpDebugServer: handling req: ClassType(3).Superclass(1)
09:13:55.805 INFO: JdwpDebugServer: handling req: ObjectReference(9).GetValues(2)
09:13:55.805 INFO: JdwpDebugServer: handling req: ObjectReference(9).GetValues(2)
09:13:55.805 INFO: JdwpDebugServer: handling req: ObjectReference(9).GetValues(2)
09:13:55.805 INFO: JdwpDebugServer: handling req: ObjectReference(9).GetValues(2)
09:13:55.805 INFO: JdwpDebugServer: handling req: ReferenceType(2).FieldsWithGeneric(14)
09:13:55.805 INFO: JdwpDebugServer: handling req: ObjectReference(9).GetValues(2)
09:13:55.805 INFO: JdwpDebugServer: handling req: ObjectReference(9).GetValues(2)
09:13:55.805 INFO: JdwpDebugServer: handling req: ReferenceType(2).FieldsWithGeneric(14)
09:13:55.805 INFO: JdwpDebugServer: handling req: ObjectReference(9).GetValues(2)
09:13:55.805 INFO: JdwpDebugServer: handling req: ThreadReference(11).FramesCount(7)
09:13:55.806 INFO: JdwpDebugServer: handling req: ObjectReference(9).GetValues(2)
09:13:55.806 INFO: JdwpDebugServer: handling req: ObjectReference(9).GetValues(2)
09:13:55.806 INFO: JdwpDebugServer: handling req: ObjectReference(9).GetValues(2)
09:13:55.806 INFO: JdwpDebugServer: handling req: ObjectReference(9).GetValues(2)
09:13:55.806 INFO: JdwpDebugServer: handling req: ObjectReference(9).ReferenceType(1)
09:13:55.806 INFO: JdwpDebugServer: handling req: ObjectReference(9).ReferenceType(1)
09:13:55.806 INFO: JdwpDebugServer: handling req: ObjectReference(9).GetValues(2)
09:13:55.806 INFO: JdwpDebugServer: handling req: ClassType(3).Superclass(1)
09:13:55.806 INFO: JdwpDebugServer: handling req: ObjectReference(9).GetValues(2)
09:13:55.807 INFO: JdwpDebugServer: handling req: ObjectReference(9).GetValues(2)
09:13:55.807 INFO: JdwpDebugServer: handling req: ObjectReference(9).GetValues(2)
09:13:55.807 INFO: JdwpDebugServer: handling req: ObjectReference(9).GetValues(2)
09:13:55.807 INFO: JdwpDebugServer: handling req: ObjectReference(9).GetValues(2)
09:13:55.807 INFO: JdwpDebugServer: handling req: ObjectReference(9).ReferenceType(1)
09:13:55.807 INFO: JdwpDebugServer: handling req: ObjectReference(9).GetValues(2)
09:13:55.807 INFO: JdwpDebugServer: handling req: ObjectReference(9).GetValues(2)
09:13:55.808 INFO: JdwpDebugServer: handling req: ObjectReference(9).GetValues(2)
09:13:55.808 INFO: JdwpDebugServer: handling req: ObjectReference(9).GetValues(2)
09:13:55.808 INFO: JdwpDebugServer: handling req: ObjectReference(9).GetValues(2)
09:13:55.808 INFO: JdwpDebugServer: handling req: ObjectReference(9).GetValues(2)
09:13:55.808 INFO: JdwpDebugServer: handling req: ObjectReference(9).GetValues(2)
09:13:55.809 INFO: JdwpDebugServer: handling req: ObjectReference(9).ReferenceType(1)
09:13:55.809 INFO: JdwpDebugServer: handling req: ObjectReference(9).GetValues(2)
09:13:55.809 INFO: JdwpDebugServer: handling req: ObjectReference(9).GetValues(2)
09:13:55.810 INFO: JdwpDebugServer: handling req: ObjectReference(9).ReferenceType(1)
09:13:55.810 INFO: JdwpDebugServer: handling req: ObjectReference(9).GetValues(2)
09:13:55.810 INFO: JdwpDebugServer: handling req: ReferenceType(2).FieldsWithGeneric(14)
09:13:55.810 INFO: JdwpDebugServer: handling req: ObjectReference(9).GetValues(2)
09:13:55.811 INFO: JdwpDebugServer: handling req: ReferenceType(2).Interfaces(10)
09:13:55.811 INFO: JdwpDebugServer: handling req: ObjectReference(9).GetValues(2)
09:13:55.811 INFO: JdwpDebugServer: handling req: ClassType(3).Superclass(1)
09:13:55.811 INFO: JdwpDebugServer: handling req: ReferenceType(2).FieldsWithGeneric(14)
09:13:55.811 INFO: JdwpDebugServer: handling req: ObjectReference(9).GetValues(2)
09:13:55.811 INFO: JdwpDebugServer: handling req: ReferenceType(2).Interfaces(10)
09:13:55.811 INFO: JdwpDebugServer: handling req: ObjectReference(9).GetValues(2)
09:13:55.811 INFO: JdwpDebugServer: handling req: ClassType(3).Superclass(1)
09:13:55.811 INFO: JdwpDebugServer: handling req: ClassType(3).Superclass(1)
09:13:55.811 INFO: JdwpDebugServer: handling req: ReferenceType(2).FieldsWithGeneric(14)
09:13:55.812 INFO: JdwpDebugServer: handling req: ObjectReference(9).GetValues(2)
09:13:55.812 INFO: JdwpDebugServer: handling req: ReferenceType(2).Interfaces(10)
09:13:55.812 INFO: JdwpDebugServer: handling req: ObjectReference(9).GetValues(2)
09:13:55.812 INFO: JdwpDebugServer: handling req: ClassType(3).Superclass(1)
09:13:55.812 INFO: JdwpDebugServer: handling req: ObjectReference(9).GetValues(2)
09:13:55.812 INFO: JdwpDebugServer: handling req: ObjectReference(9).GetValues(2)
09:13:55.812 INFO: JdwpDebugServer: handling req: StringReference(10).Value(1)
09:13:55.813 INFO: JdwpDebugServer: handling req: ObjectReference(9).ReferenceType(1)
09:13:55.813 INFO: JdwpDebugServer: handling req: ReferenceType(2).FieldsWithGeneric(14)
09:13:55.813 INFO: JdwpDebugServer: handling req: ObjectReference(9).GetValues(2)
09:13:55.813 INFO: JdwpDebugServer: handling req: ReferenceType(2).Interfaces(10)
09:13:55.813 INFO: JdwpDebugServer: handling req: ObjectReference(9).GetValues(2)
09:13:55.813 INFO: JdwpDebugServer: handling req: ClassType(3).Superclass(1)
09:13:55.813 INFO: JdwpDebugServer: handling req: ObjectReference(9).GetValues(2)
09:13:55.814 INFO: JdwpDebugServer: handling req: ReferenceType(2).FieldsWithGeneric(14)
09:13:55.814 INFO: JdwpDebugServer: handling req: ObjectReference(9).GetValues(2)
09:13:55.814 INFO: JdwpDebugServer: handling req: ReferenceType(2).Interfaces(10)
09:13:55.814 INFO: JdwpDebugServer: handling req: ClassType(3).Superclass(1)
09:13:55.814 INFO: JdwpDebugServer: handling req: ObjectReference(9).GetValues(2)
09:13:55.814 INFO: JdwpDebugServer: handling req: ObjectReference(9).GetValues(2)
09:13:55.814 INFO: JdwpDebugServer: handling req: ObjectReference(9).GetValues(2)
09:13:55.814 INFO: JdwpDebugServer: handling req: ObjectReference(9).GetValues(2)
09:13:55.815 INFO: JdwpDebugServer: handling req: ObjectReference(9).GetValues(2)
09:13:55.815 INFO: JdwpDebugServer: handling req: ObjectReference(9).GetValues(2)
09:13:55.815 INFO: JdwpDebugServer: handling req: ObjectReference(9).GetValues(2)
09:13:55.815 INFO: JdwpDebugServer: handling req: ObjectReference(9).ReferenceType(1)
09:13:55.815 INFO: JdwpDebugServer: handling req: ObjectReference(9).GetValues(2)
09:13:55.815 INFO: JdwpDebugServer: handling req: ObjectReference(9).GetValues(2)
09:13:55.815 INFO: JdwpDebugServer: handling req: ObjectReference(9).GetValues(2)
09:13:55.816 INFO: JdwpDebugServer: handling req: ObjectReference(9).GetValues(2)
09:13:55.816 INFO: JdwpDebugServer: handling req: ObjectReference(9).GetValues(2)
09:13:55.816 INFO: JdwpDebugServer: handling req: ObjectReference(9).ReferenceType(1)
09:13:55.816 INFO: JdwpDebugServer: handling req: ObjectReference(9).GetValues(2)
09:13:55.816 INFO: JdwpDebugServer: handling req: ObjectReference(9).GetValues(2)
09:13:55.816 INFO: JdwpDebugServer: handling req: ObjectReference(9).GetValues(2)
09:13:55.817 INFO: JdwpDebugServer: handling req: ObjectReference(9).ReferenceType(1)
09:13:55.817 INFO: JdwpDebugServer: handling req: ObjectReference(9).GetValues(2)
09:13:55.817 INFO: JdwpDebugServer: handling req: ObjectReference(9).GetValues(2)
09:13:55.817 INFO: JdwpDebugServer: handling req: ObjectReference(9).GetValues(2)
09:13:55.817 INFO: JdwpDebugServer: handling req: ObjectReference(9).ReferenceType(1)
09:13:55.817 INFO: JdwpDebugServer: handling req: ObjectReference(9).GetValues(2)
09:13:55.817 INFO: JdwpDebugServer: handling req: ObjectReference(9).GetValues(2)
09:13:55.818 INFO: JdwpDebugServer: handling req: ObjectReference(9).GetValues(2)
09:13:55.818 INFO: JdwpDebugServer: handling req: ObjectReference(9).GetValues(2)
09:13:55.818 INFO: JdwpDebugServer: handling req: ObjectReference(9).GetValues(2)
09:13:55.818 INFO: JdwpDebugServer: handling req: ClassType(3).Superclass(1)
09:13:55.818 INFO: JdwpDebugServer: handling req: ObjectReference(9).GetValues(2)
09:13:55.818 INFO: JdwpDebugServer: handling req: ObjectReference(9).GetValues(2)
09:13:55.818 INFO: JdwpDebugServer: handling req: ObjectReference(9).GetValues(2)
09:13:55.819 INFO: JdwpDebugServer: handling req: StringReference(10).Value(1)
09:13:55.819 INFO: JdwpDebugServer: handling req: ObjectReference(9).GetValues(2)
09:13:55.819 INFO: JdwpDebugServer: handling req: ObjectReference(9).GetValues(2)
09:13:55.820 INFO: JdwpDebugServer: handling req: ObjectReference(9).GetValues(2)
09:13:55.820 INFO: JdwpDebugServer: handling req: ObjectReference(9).GetValues(2)
09:13:55.820 INFO: JdwpDebugServer: handling req: ClassType(3).Superclass(1)
09:13:55.820 INFO: JdwpDebugServer: handling req: ObjectReference(9).GetValues(2)
09:13:55.820 INFO: JdwpDebugServer: handling req: ObjectReference(9).GetValues(2)
09:13:55.820 INFO: JdwpDebugServer: handling req: ObjectReference(9).GetValues(2)
09:13:55.821 INFO: JdwpDebugServer: handling req: ObjectReference(9).GetValues(2)
09:13:55.821 INFO: JdwpDebugServer: handling req: ObjectReference(9).GetValues(2)
09:13:55.821 INFO: JdwpDebugServer: handling req: ObjectReference(9).GetValues(2)
09:13:55.821 INFO: JdwpDebugServer: handling req: ObjectReference(9).GetValues(2)
09:13:55.821 INFO: JdwpDebugServer: handling req: ClassType(3).Superclass(1)
09:13:55.821 INFO: JdwpDebugServer: handling req: ObjectReference(9).GetValues(2)
09:13:55.822 INFO: JdwpDebugServer: handling req: ObjectReference(9).GetValues(2)
09:13:55.822 INFO: JdwpDebugServer: handling req: ObjectReference(9).GetValues(2)
09:13:55.822 INFO: JdwpDebugServer: handling req: ObjectReference(9).GetValues(2)
09:13:55.822 INFO: JdwpDebugServer: handling req: ObjectReference(9).GetValues(2)
09:13:55.822 INFO: JdwpDebugServer: handling req: ObjectReference(9).GetValues(2)
09:13:55.823 INFO: JdwpDebugServer: handling req: ObjectReference(9).GetValues(2)
09:13:55.823 INFO: JdwpDebugServer: handling req: ObjectReference(9).GetValues(2)
09:13:55.823 INFO: JdwpDebugServer: handling req: ObjectReference(9).GetValues(2)
09:13:55.823 INFO: JdwpDebugServer: handling req: ObjectReference(9).GetValues(2)
09:13:55.824 INFO: JdwpDebugServer: handling req: ObjectReference(9).GetValues(2)
09:13:55.824 INFO: JdwpDebugServer: handling req: ObjectReference(9).GetValues(2)
09:13:55.824 INFO: JdwpDebugServer: handling req: ObjectReference(9).GetValues(2)
09:13:55.824 INFO: JdwpDebugServer: handling req: ObjectReference(9).GetValues(2)
09:13:55.824 INFO: JdwpDebugServer: handling req: ObjectReference(9).GetValues(2)
09:13:55.825 INFO: JdwpDebugServer: handling req: ObjectReference(9).GetValues(2)
09:13:55.825 INFO: JdwpDebugServer: handling req: ObjectReference(9).GetValues(2)
09:13:55.825 INFO: JdwpDebugServer: handling req: ObjectReference(9).GetValues(2)
09:13:55.825 INFO: JdwpDebugServer: handling req: ObjectReference(9).GetValues(2)
09:13:55.826 INFO: JdwpDebugServer: handling req: ObjectReference(9).GetValues(2)
09:13:55.826 INFO: JdwpDebugServer: handling req: ObjectReference(9).GetValues(2)
09:13:55.826 INFO: JdwpDebugServer: handling req: ClassType(3).Superclass(1)
09:13:55.827 INFO: JdwpDebugServer: handling req: ObjectReference(9).GetValues(2)
09:13:55.827 INFO: JdwpDebugServer: handling req: ObjectReference(9).GetValues(2)
09:13:55.827 INFO: JdwpDebugServer: handling req: ObjectReference(9).GetValues(2)
09:13:55.827 INFO: JdwpDebugServer: handling req: ObjectReference(9).GetValues(2)
09:13:55.827 INFO: JdwpDebugServer: handling req: ObjectReference(9).GetValues(2)
09:13:55.827 INFO: JdwpDebugServer: handling req: ObjectReference(9).GetValues(2)
09:13:55.828 INFO: JdwpDebugServer: handling req: ObjectReference(9).GetValues(2)
09:13:55.828 INFO: JdwpDebugServer: handling req: ObjectReference(9).GetValues(2)
09:13:55.828 INFO: JdwpDebugServer: handling req: ObjectReference(9).GetValues(2)
09:13:55.828 INFO: JdwpDebugServer: handling req: ObjectReference(9).GetValues(2)
09:13:55.828 INFO: JdwpDebugServer: handling req: ObjectReference(9).GetValues(2)
09:13:55.829 INFO: JdwpDebugServer: handling req: ObjectReference(9).GetValues(2)
09:13:55.829 INFO: JdwpDebugServer: handling req: ObjectReference(9).GetValues(2)
09:13:55.829 INFO: JdwpDebugServer: handling req: ObjectReference(9).GetValues(2)
09:13:55.829 INFO: JdwpDebugServer: handling req: ClassType(3).Superclass(1)
09:13:55.830 INFO: JdwpDebugServer: handling req: ObjectReference(9).GetValues(2)
09:13:55.830 INFO: JdwpDebugServer: handling req: ObjectReference(9).GetValues(2)
09:13:55.830 INFO: JdwpDebugServer: handling req: ObjectReference(9).GetValues(2)
09:13:55.830 INFO: JdwpDebugServer: handling req: ObjectReference(9).GetValues(2)
09:13:55.831 INFO: JdwpDebugServer: handling req: ObjectReference(9).GetValues(2)
09:13:55.831 INFO: JdwpDebugServer: handling req: ObjectReference(9).GetValues(2)
09:13:55.831 INFO: JdwpDebugServer: handling req: ObjectReference(9).GetValues(2)
09:13:55.831 INFO: JdwpDebugServer: handling req: ClassType(3).Superclass(1)
09:13:55.832 INFO: JdwpDebugServer: handling req: ObjectReference(9).GetValues(2)
09:13:55.832 INFO: JdwpDebugServer: handling req: ObjectReference(9).GetValues(2)
09:13:55.832 INFO: JdwpDebugServer: handling req: ObjectReference(9).GetValues(2)
09:13:55.832 INFO: JdwpDebugServer: handling req: ObjectReference(9).GetValues(2)
09:13:55.833 INFO: JdwpDebugServer: handling req: ObjectReference(9).GetValues(2)
09:13:55.833 INFO: JdwpDebugServer: handling req: ObjectReference(9).GetValues(2)
09:13:55.833 INFO: JdwpDebugServer: handling req: ObjectReference(9).GetValues(2)
09:13:55.833 INFO: JdwpDebugServer: handling req: ClassType(3).Superclass(1)
09:13:55.833 INFO: JdwpDebugServer: handling req: ObjectReference(9).GetValues(2)
09:13:55.833 INFO: JdwpDebugServer: handling req: ObjectReference(9).GetValues(2)
09:13:55.833 INFO: JdwpDebugServer: handling req: ObjectReference(9).GetValues(2)
09:13:55.833 INFO: JdwpDebugServer: handling req: ObjectReference(9).GetValues(2)
09:13:55.834 INFO: JdwpDebugServer: handling req: ObjectReference(9).GetValues(2)
09:13:55.834 INFO: JdwpDebugServer: handling req: ObjectReference(9).GetValues(2)
09:13:55.834 INFO: JdwpDebugServer: handling req: ObjectReference(9).GetValues(2)
09:13:55.834 INFO: JdwpDebugServer: handling req: ObjectReference(9).GetValues(2)
09:13:55.835 INFO: JdwpDebugServer: handling req: ObjectReference(9).GetValues(2)
09:13:55.835 INFO: JdwpDebugServer: handling req: ObjectReference(9).GetValues(2)
09:13:55.835 INFO: JdwpDebugServer: handling req: ObjectReference(9).GetValues(2)
09:13:55.836 INFO: JdwpDebugServer: handling req: ObjectReference(9).GetValues(2)
09:13:55.836 INFO: JdwpDebugServer: handling req: ObjectReference(9).GetValues(2)
09:13:55.837 INFO: JdwpDebugServer: handling req: ObjectReference(9).GetValues(2)
09:13:55.837 INFO: JdwpDebugServer: handling req: ClassType(3).Superclass(1)
09:13:55.837 INFO: JdwpDebugServer: handling req: ObjectReference(9).GetValues(2)
09:13:55.837 INFO: JdwpDebugServer: handling req: ObjectReference(9).GetValues(2)
09:13:55.837 INFO: JdwpDebugServer: handling req: ObjectReference(9).GetValues(2)
09:13:55.837 INFO: JdwpDebugServer: handling req: StringReference(10).Value(1)
09:13:55.837 INFO: JdwpDebugServer: handling req: ObjectReference(9).GetValues(2)
09:13:55.838 INFO: JdwpDebugServer: handling req: ObjectReference(9).GetValues(2)
09:13:55.857 INFO: JdwpDebugServer: handling req: Method(6).LineTable(1)
09:13:55.857 INFO: JdwpDebugServer: handling req: StackFrame(16).ThisObject(3)
09:13:55.858 INFO: JdwpDebugServer: handling req: ObjectReference(9).ReferenceType(1)
09:13:55.858 INFO: JdwpDebugServer: handling req: Method(6).LineTable(1)
09:13:55.858 INFO: JdwpDebugServer: handling req: StackFrame(16).ThisObject(3)
09:13:55.859 INFO: JdwpDebugServer: handling req: ObjectReference(9).ReferenceType(1)
09:13:55.859 INFO: JdwpDebugServer: handling req: Method(6).LineTable(1)
09:13:55.859 INFO: JdwpDebugServer: handling req: StackFrame(16).ThisObject(3)
09:13:55.860 INFO: JdwpDebugServer: handling req: ObjectReference(9).ReferenceType(1)
09:13:55.860 INFO: JdwpDebugServer: handling req: Method(6).LineTable(1)
09:13:55.860 INFO: JdwpDebugServer: handling req: StackFrame(16).ThisObject(3)
09:13:55.861 INFO: JdwpDebugServer: handling req: ObjectReference(9).ReferenceType(1)
09:13:55.861 INFO: JdwpDebugServer: handling req: Method(6).LineTable(1)
09:13:55.861 INFO: JdwpDebugServer: handling req: StackFrame(16).ThisObject(3)
09:13:55.861 INFO: JdwpDebugServer: handling req: ObjectReference(9).ReferenceType(1)
09:13:55.862 INFO: JdwpDebugServer: handling req: Method(6).LineTable(1)
09:13:55.862 INFO: JdwpDebugServer: handling req: Method(6).LineTable(1)
09:13:55.862 INFO: JdwpDebugServer: handling req: ReferenceType(2).SignatureWithGeneric(13)
09:13:59.736 INFO: JdwpDebugServer: handling req: ObjectReference(9).GetValues(2)
09:14:02.372 INFO: JdwpDebugServer: handling req: ThreadReference(11).Resume(3)
09:14:02.373 INFO: JdwpEventCenterDelegate: THREAD_RESUMED: thread (33, main, main)
09:14:02.375 INFO: JdwpDebugServer: handling req: ReferenceType(2).MethodsWithGeneric(15)
09:14:02.376 INFO: JdwpDebugServer: handling req: Method(6).LineTable(1)
09:14:02.376 INFO: JdwpDebugServer: handling req: Method(6).LineTable(1)
09:14:02.376 INFO: JdwpDebugServer: handling req: Method(6).LineTable(1)
09:14:02.376 INFO: JdwpDebugServer: handling req: ThreadReference(11).Resume(3)
09:14:02.377 INFO: JdwpEventCenterDelegate: THREAD_RESUMED: thread (33, main, main)
09:14:02.378 INFO: JdwpEventCenterDelegate: THREAD_RESUMED: thread (33, main, main)
09:14:02.397 INFO: JdwpDebugServer: handling req: ThreadReference(11).Name(1)
09:14:02.399 INFO: JdwpDebugServer: handling req: ThreadReference(11).Name(1)
09:14:02.400 INFO: JdwpDebugServer: handling req: ThreadReference(11).Name(1)
09:14:02.420 SEVERE: Debugger: Thread HooksChannel socket thread crashed
org.robovm.debugger.DebuggerException: java.nio.BufferUnderflowException
	at org.robovm.debugger.hooks.HooksChannel.doSocketWork(HooksChannel.java:149)
	at java.base/java.lang.Thread.run(Thread.java:833)
	at org.robovm.debugger.utils.DebuggerThread.run(DebuggerThread.java:42)
Caused by: java.nio.BufferUnderflowException
	at org.robovm.debugger.utils.bytebuffer.DataBufferWriter.writeFromStream(DataBufferWriter.java:91)
	at org.robovm.debugger.hooks.HooksChannel.doSocketWork(HooksChannel.java:116)
	... 2 more
09:14:02.466 INFO: JdwpDebugServer: handling req: ThreadReference(11).Name(1)
