08:21:01.657 INFO: JdwpEventCenterDelegate: THREAD_STARTED: thread (33, main, main)
08:21:01.726 INFO: JdwpEventCenterDelegate: THREAD_STARTED: thread (48, ReferenceQueueDaemon, main)
08:21:01.727 INFO: JdwpEventCenterDelegate: THREAD_STARTED: thread (63, FinalizerDaemon, main)
08:21:01.728 INFO: JdwpEventCenterDelegate: THREAD_STARTED: thread (78, FinalizerWatchdogDaemon, main)
08:21:03.901 INFO: JdwpDebugServer: handling req: VirtualMachine(1).IDSizes(7)
08:21:03.902 INFO: JdwpDebugServer: handling req: EventRequest(15).Set(1)
08:21:03.902 INFO: JdwpEventCenterDelegate: jdwpSetEventRequest: JdwpEventRequest{requestId=100, eventKind=CLASS_UNLOAD, suspendPolicy=NONE, predicates=[]}
08:21:03.903 INFO: JdwpDebugServer: handling req: EventRequest(15).Set(1)
08:21:03.903 INFO: JdwpEventCenterDelegate: jdwpSetEventRequest: JdwpEventRequest{requestId=101, eventKind=THREAD_START, suspendPolicy=NONE, predicates=[]}
08:21:03.903 INFO: JdwpDebugServer: handling req: VirtualMachine(1).ClassesBySignature(2)
08:21:03.905 INFO: JdwpDebugServer: handling req: VirtualMachine(1).Version(1)
08:21:03.907 INFO: JdwpDebugServer: handling req: ReferenceType(2).MethodsWithGeneric(15)
08:21:03.909 INFO: JdwpDebugServer: handling req: Method(6).LineTable(1)
08:21:03.910 INFO: JdwpDebugServer: handling req: EventRequest(15).Set(1)
08:21:03.910 INFO: JdwpEventCenterDelegate: jdwpSetEventRequest: JdwpEventRequest{requestId=102, eventKind=BREAKPOINT, suspendPolicy=NONE, predicates=[Location{classId=845, methodId=257, index=928} ]}
08:21:03.911 INFO: JdwpDebugServer: handling req: EventRequest(15).Set(1)
08:21:03.911 INFO: JdwpEventCenterDelegate: jdwpSetEventRequest: JdwpEventRequest{requestId=103, eventKind=THREAD_DEATH, suspendPolicy=NONE, predicates=[]}
08:21:03.912 INFO: JdwpDebugServer: handling req: VirtualMachine(1).AllThreads(4)
08:21:03.912 INFO: JdwpDebugServer: handling req: ThreadReference(11).ThreadGroup(5)
08:21:03.913 INFO: JdwpDebugServer: handling req: ThreadGroup(12).Name(1)
08:21:03.913 INFO: JdwpDebugServer: handling req: ThreadGroup(12).Parent(2)
08:21:03.914 INFO: JdwpDebugServer: handling req: ObjectReference(9).ReferenceType(1)
08:21:03.914 INFO: JdwpDebugServer: handling req: ReferenceType(2).FieldsWithGeneric(14)
08:21:03.917 INFO: JdwpDebugServer: handling req: ReferenceType(2).Interfaces(10)
08:21:03.917 INFO: JdwpDebugServer: handling req: ReferenceType(2).FieldsWithGeneric(14)
08:21:03.919 INFO: JdwpDebugServer: handling req: ReferenceType(2).Interfaces(10)
08:21:03.919 INFO: JdwpDebugServer: handling req: ClassType(3).Superclass(1)
08:21:03.920 INFO: JdwpDebugServer: handling req: ReferenceType(2).FieldsWithGeneric(14)
08:21:03.928 INFO: JdwpDebugServer: handling req: ReferenceType(2).Interfaces(10)
08:21:03.928 INFO: JdwpDebugServer: handling req: ClassType(3).Superclass(1)
08:21:03.928 INFO: JdwpDebugServer: handling req: ObjectReference(9).GetValues(2)
08:21:03.929 INFO: JdwpDebugServer: handling req: ThreadReference(11).Status(4)
08:21:03.930 INFO: JdwpDebugServer: handling req: ThreadReference(11).Status(4)
08:21:03.930 INFO: JdwpDebugServer: handling req: ThreadReference(11).ThreadGroup(5)
08:21:03.930 INFO: JdwpDebugServer: handling req: ObjectReference(9).ReferenceType(1)
08:21:03.931 INFO: JdwpDebugServer: handling req: ObjectReference(9).GetValues(2)
08:21:03.931 INFO: JdwpDebugServer: handling req: ThreadReference(11).Status(4)
08:21:03.931 INFO: JdwpDebugServer: handling req: ThreadReference(11).Status(4)
08:21:03.932 INFO: JdwpDebugServer: handling req: ThreadReference(11).ThreadGroup(5)
08:21:03.932 INFO: JdwpDebugServer: handling req: ObjectReference(9).ReferenceType(1)
08:21:03.932 INFO: JdwpDebugServer: handling req: ObjectReference(9).GetValues(2)
08:21:03.932 INFO: JdwpDebugServer: handling req: ThreadReference(11).Status(4)
08:21:03.933 INFO: JdwpDebugServer: handling req: ThreadReference(11).Status(4)
08:21:03.933 INFO: JdwpDebugServer: handling req: ThreadReference(11).ThreadGroup(5)
08:21:03.933 INFO: JdwpDebugServer: handling req: ObjectReference(9).ReferenceType(1)
08:21:03.933 INFO: JdwpDebugServer: handling req: ObjectReference(9).GetValues(2)
08:21:03.933 INFO: JdwpDebugServer: handling req: ThreadReference(11).Status(4)
08:21:03.934 INFO: JdwpDebugServer: handling req: ThreadReference(11).Status(4)
08:21:03.936 INFO: JdwpDebugServer: handling req: EventRequest(15).Set(1)
08:21:03.936 INFO: JdwpEventCenterDelegate: jdwpSetEventRequest: JdwpEventRequest{requestId=104, eventKind=CLASS_PREPARE, suspendPolicy=EVENT_THREAD, predicates=[className=com.abdalla.bushnaq.pluvia.engine.AudioManager]}
08:21:03.940 INFO: JdwpDebugServer: handling req: EventRequest(15).Set(1)
08:21:03.940 INFO: JdwpEventCenterDelegate: jdwpSetEventRequest: JdwpEventRequest{requestId=105, eventKind=CLASS_PREPARE, suspendPolicy=EVENT_THREAD, predicates=[className=com.abdalla.bushnaq.pluvia.engine.AudioManager$*]}
08:21:03.941 INFO: JdwpDebugServer: handling req: VirtualMachine(1).ClassesBySignature(2)
08:21:03.942 INFO: JdwpDebugServer: handling req: ReferenceType(2).MethodsWithGeneric(15)
08:21:03.944 INFO: JdwpDebugServer: handling req: Method(6).LineTable(1)
08:21:03.944 INFO: JdwpDebugServer: handling req: Method(6).LineTable(1)
08:21:03.944 INFO: JdwpDebugServer: handling req: Method(6).LineTable(1)
08:21:03.945 INFO: JdwpDebugServer: handling req: Method(6).LineTable(1)
08:21:03.945 INFO: JdwpDebugServer: handling req: VirtualMachine(1).ClassesBySignature(2)
08:21:03.945 INFO: JdwpDebugServer: handling req: VirtualMachine(1).AllClassesWithGeneric(20)
08:21:03.960 INFO: JdwpDebugServer: handling req: VirtualMachine(1).capabilitiesNew(17)
08:21:03.961 INFO: JdwpDebugServer: handling req: EventRequest(15).Set(1)
08:21:03.961 INFO: JdwpEventCenterDelegate: jdwpSetEventRequest: JdwpEventRequest{requestId=106, eventKind=CLASS_PREPARE, suspendPolicy=EVENT_THREAD, predicates=[className=java.lang.Error]}
08:21:03.963 INFO: JdwpDebugServer: handling req: EventRequest(15).Set(1)
08:21:03.963 INFO: JdwpEventCenterDelegate: jdwpSetEventRequest: JdwpEventRequest{requestId=107, eventKind=CLASS_PREPARE, suspendPolicy=EVENT_THREAD, predicates=[className=java.lang.Error$*]}
08:21:03.964 INFO: JdwpDebugServer: handling req: VirtualMachine(1).ClassesBySignature(2)
08:21:03.966 INFO: JdwpDebugServer: handling req: EventRequest(15).Set(1)
08:21:03.967 INFO: JdwpEventCenterDelegate: jdwpSetEventRequest: JdwpEventRequest{requestId=108, eventKind=EXCEPTION, suspendPolicy=EVENT_THREAD, predicates=[exceptionType=3425(caught=true, uncaught=true)]}
08:21:03.973 INFO: JdwpDebugServer: handling req: EventRequest(15).Set(1)
08:21:03.974 INFO: JdwpEventCenterDelegate: jdwpSetEventRequest: JdwpEventRequest{requestId=109, eventKind=CLASS_PREPARE, suspendPolicy=EVENT_THREAD, predicates=[className=java.lang.Throwable]}
08:21:03.975 INFO: JdwpDebugServer: handling req: EventRequest(15).Set(1)
08:21:03.975 INFO: JdwpEventCenterDelegate: jdwpSetEventRequest: JdwpEventRequest{requestId=110, eventKind=CLASS_PREPARE, suspendPolicy=EVENT_THREAD, predicates=[className=java.lang.Throwable$*]}
08:21:04.082 INFO: JdwpDebugServer: handling req: VirtualMachine(1).ClassesBySignature(2)
08:21:04.083 INFO: JdwpDebugServer: handling req: EventRequest(15).Set(1)
08:21:04.083 INFO: JdwpEventCenterDelegate: jdwpSetEventRequest: JdwpEventRequest{requestId=111, eventKind=EXCEPTION, suspendPolicy=EVENT_THREAD, predicates=[exceptionType=7695(caught=false, uncaught=true)]}
08:21:04.085 INFO: JdwpDebugServer: handling req: ThreadReference(11).SuspendCount(12)
08:21:04.085 INFO: JdwpDebugServer: handling req: ThreadReference(11).SuspendCount(12)
08:21:04.085 INFO: JdwpDebugServer: handling req: ThreadReference(11).SuspendCount(12)
08:21:04.086 INFO: JdwpDebugServer: handling req: ThreadReference(11).SuspendCount(12)
08:21:04.086 INFO: JdwpDebugServer: handling req: VirtualMachine(1).AllThreads(4)
08:21:04.087 INFO: JdwpDebugServer: handling req: VirtualMachine(1).Resume(9)
08:21:04.165 INFO: JdwpEventCenterDelegate: THREAD_RESUMED: thread (33, main, main)
08:21:04.166 INFO: JdwpEventCenterDelegate: THREAD_RESUMED: thread (33, main, main)
08:21:04.166 INFO: JdwpEventCenterDelegate: THREAD_RESUMED: thread (33, main, main)
08:21:04.167 INFO: JdwpEventCenterDelegate: THREAD_RESUMED: thread (33, main, main)
08:21:04.167 INFO: JdwpEventCenterDelegate: THREAD_RESUMED: thread (33, main, main)
08:21:04.168 INFO: JdwpEventCenterDelegate: THREAD_RESUMED: thread (33, main, main)
08:21:04.169 INFO: JdwpEventCenterDelegate: THREAD_RESUMED: thread (33, main, main)
08:21:04.172 INFO: JdwpEventCenterDelegate: THREAD_RESUMED: thread (33, main, main)
08:21:04.172 INFO: JdwpEventCenterDelegate: THREAD_RESUMED: thread (33, main, main)
08:21:04.173 INFO: JdwpEventCenterDelegate: THREAD_RESUMED: thread (33, main, main)
08:21:04.173 INFO: JdwpEventCenterDelegate: THREAD_RESUMED: thread (33, main, main)
08:21:04.179 INFO: JdwpEventCenterDelegate: THREAD_RESUMED: thread (33, main, main)
08:21:04.179 INFO: JdwpEventCenterDelegate: THREAD_RESUMED: thread (33, main, main)
08:21:04.179 INFO: JdwpEventCenterDelegate: THREAD_RESUMED: thread (33, main, main)
08:21:04.247 INFO: JdwpEventCenterDelegate: THREAD_RESUMED: thread (33, main, main)
08:21:04.248 INFO: JdwpEventCenterDelegate: THREAD_RESUMED: thread (33, main, main)
08:21:04.248 INFO: JdwpEventCenterDelegate: THREAD_RESUMED: thread (33, main, main)
08:21:04.256 INFO: JdwpEventCenterDelegate: THREAD_RESUMED: thread (33, main, main)
08:21:04.256 INFO: JdwpEventCenterDelegate: THREAD_RESUMED: thread (33, main, main)
08:21:04.256 INFO: JdwpEventCenterDelegate: THREAD_RESUMED: thread (33, main, main)
08:21:04.506 INFO: JdwpEventCenterDelegate: THREAD_RESUMED: thread (33, main, main)
08:21:04.506 INFO: JdwpEventCenterDelegate: THREAD_RESUMED: thread (33, main, main)
08:21:04.507 INFO: JdwpEventCenterDelegate: THREAD_RESUMED: thread (33, main, main)
08:21:04.567 INFO: JdwpEventCenterDelegate: THREAD_RESUMED: thread (33, main, main)
08:21:04.568 INFO: JdwpEventCenterDelegate: THREAD_RESUMED: thread (33, main, main)
08:21:04.568 INFO: JdwpEventCenterDelegate: THREAD_RESUMED: thread (33, main, main)
08:21:04.594 INFO: JdwpEventCenterDelegate: THREAD_RESUMED: thread (33, main, main)
08:21:04.595 INFO: JdwpEventCenterDelegate: THREAD_RESUMED: thread (33, main, main)
08:21:04.595 INFO: JdwpEventCenterDelegate: THREAD_RESUMED: thread (33, main, main)
08:21:04.617 INFO: JdwpEventCenterDelegate: THREAD_RESUMED: thread (33, main, main)
08:21:04.617 INFO: JdwpEventCenterDelegate: THREAD_RESUMED: thread (33, main, main)
08:21:04.618 INFO: JdwpEventCenterDelegate: THREAD_RESUMED: thread (33, main, main)
08:21:04.618 INFO: JdwpEventCenterDelegate: THREAD_RESUMED: thread (33, main, main)
08:21:04.625 INFO: JdwpEventCenterDelegate: THREAD_RESUMED: thread (33, main, main)
08:21:04.626 INFO: JdwpEventCenterDelegate: THREAD_RESUMED: thread (33, main, main)
08:21:05.159 INFO: JdwpEventCenterDelegate: THREAD_RESUMED: thread (33, main, main)
08:21:05.160 INFO: JdwpEventCenterDelegate: THREAD_RESUMED: thread (33, main, main)
08:21:05.177 INFO: JdwpEventCenterDelegate: THREAD_RESUMED: thread (33, main, main)
08:21:05.178 INFO: JdwpEventCenterDelegate: THREAD_RESUMED: thread (33, main, main)
08:21:05.178 INFO: JdwpEventCenterDelegate: THREAD_RESUMED: thread (33, main, main)
08:21:05.179 INFO: JdwpEventCenterDelegate: THREAD_RESUMED: thread (33, main, main)
08:21:05.247 INFO: JdwpEventCenterDelegate: THREAD_RESUMED: thread (33, main, main)
08:21:05.621 INFO: JdwpEventCenterDelegate: THREAD_RESUMED: thread (33, main, main)
08:21:05.622 INFO: JdwpEventCenterDelegate: THREAD_RESUMED: thread (33, main, main)
08:21:05.623 INFO: JdwpEventCenterDelegate: THREAD_RESUMED: thread (33, main, main)
08:21:05.626 INFO: JdwpEventCenterDelegate: THREAD_RESUMED: thread (33, main, main)
08:21:05.627 INFO: JdwpEventCenterDelegate: THREAD_RESUMED: thread (33, main, main)
08:21:05.628 INFO: JdwpEventCenterDelegate: THREAD_RESUMED: thread (33, main, main)
08:21:05.677 INFO: JdwpEventCenterDelegate: THREAD_RESUMED: thread (33, main, main)
08:21:05.680 INFO: JdwpEventCenterDelegate: THREAD_RESUMED: thread (33, main, main)
08:21:05.681 INFO: JdwpEventCenterDelegate: THREAD_RESUMED: thread (33, main, main)
08:21:05.683 INFO: JdwpEventCenterDelegate: THREAD_RESUMED: thread (33, main, main)
08:21:05.684 INFO: JdwpEventCenterDelegate: THREAD_RESUMED: thread (33, main, main)
08:21:05.686 INFO: JdwpEventCenterDelegate: THREAD_RESUMED: thread (33, main, main)
08:21:05.688 INFO: JdwpEventCenterDelegate: THREAD_RESUMED: thread (33, main, main)
08:21:05.705 INFO: JdwpEventCenterDelegate: THREAD_RESUMED: thread (33, main, main)
08:21:05.719 INFO: JdwpEventCenterDelegate: THREAD_RESUMED: thread (33, main, main)
08:21:05.733 INFO: JdwpEventCenterDelegate: THREAD_RESUMED: thread (33, main, main)
08:21:05.743 INFO: JdwpEventCenterDelegate: THREAD_RESUMED: thread (33, main, main)
08:21:05.759 INFO: JdwpEventCenterDelegate: THREAD_RESUMED: thread (33, main, main)
08:21:05.777 INFO: JdwpEventCenterDelegate: THREAD_RESUMED: thread (33, main, main)
08:21:05.782 INFO: JdwpEventCenterDelegate: THREAD_RESUMED: thread (33, main, main)
08:21:05.788 INFO: JdwpEventCenterDelegate: THREAD_RESUMED: thread (33, main, main)
08:21:05.792 INFO: JdwpEventCenterDelegate: THREAD_RESUMED: thread (33, main, main)
08:21:05.797 INFO: JdwpEventCenterDelegate: THREAD_RESUMED: thread (33, main, main)
08:21:05.802 INFO: JdwpEventCenterDelegate: THREAD_RESUMED: thread (33, main, main)
08:21:05.809 INFO: JdwpEventCenterDelegate: THREAD_RESUMED: thread (33, main, main)
08:21:05.816 INFO: JdwpEventCenterDelegate: THREAD_RESUMED: thread (33, main, main)
08:21:05.821 INFO: JdwpEventCenterDelegate: THREAD_RESUMED: thread (33, main, main)
08:21:05.826 INFO: JdwpEventCenterDelegate: THREAD_RESUMED: thread (33, main, main)
08:21:05.830 INFO: JdwpEventCenterDelegate: THREAD_RESUMED: thread (33, main, main)
08:21:05.839 INFO: JdwpEventCenterDelegate: THREAD_RESUMED: thread (33, main, main)
08:21:05.844 INFO: JdwpEventCenterDelegate: THREAD_RESUMED: thread (33, main, main)
08:21:05.846 INFO: JdwpEventCenterDelegate: THREAD_RESUMED: thread (33, main, main)
08:21:05.847 INFO: JdwpEventCenterDelegate: THREAD_RESUMED: thread (33, main, main)
08:21:05.849 INFO: JdwpEventCenterDelegate: THREAD_RESUMED: thread (33, main, main)
08:21:05.851 INFO: JdwpEventCenterDelegate: THREAD_RESUMED: thread (33, main, main)
08:21:05.854 INFO: JdwpEventCenterDelegate: THREAD_RESUMED: thread (33, main, main)
08:21:05.856 INFO: JdwpEventCenterDelegate: THREAD_RESUMED: thread (33, main, main)
08:21:05.860 INFO: JdwpEventCenterDelegate: THREAD_RESUMED: thread (33, main, main)
08:21:05.862 INFO: JdwpEventCenterDelegate: THREAD_RESUMED: thread (33, main, main)
08:21:05.863 INFO: JdwpEventCenterDelegate: THREAD_RESUMED: thread (33, main, main)
08:21:05.864 INFO: JdwpEventCenterDelegate: THREAD_RESUMED: thread (33, main, main)
08:21:05.865 INFO: JdwpEventCenterDelegate: THREAD_RESUMED: thread (33, main, main)
08:21:05.867 INFO: JdwpEventCenterDelegate: THREAD_RESUMED: thread (33, main, main)
08:21:05.868 INFO: JdwpEventCenterDelegate: THREAD_RESUMED: thread (33, main, main)
08:21:05.869 INFO: JdwpEventCenterDelegate: THREAD_RESUMED: thread (33, main, main)
08:21:05.870 INFO: JdwpEventCenterDelegate: THREAD_RESUMED: thread (33, main, main)
08:21:05.871 INFO: JdwpEventCenterDelegate: THREAD_RESUMED: thread (33, main, main)
08:21:05.876 INFO: JdwpEventCenterDelegate: THREAD_RESUMED: thread (33, main, main)
08:21:05.878 INFO: JdwpEventCenterDelegate: THREAD_RESUMED: thread (33, main, main)
08:21:05.879 INFO: JdwpEventCenterDelegate: THREAD_RESUMED: thread (33, main, main)
08:21:05.880 INFO: JdwpEventCenterDelegate: THREAD_RESUMED: thread (33, main, main)
08:21:05.881 INFO: JdwpEventCenterDelegate: THREAD_RESUMED: thread (33, main, main)
08:21:05.882 INFO: JdwpEventCenterDelegate: THREAD_RESUMED: thread (33, main, main)
08:21:05.883 INFO: JdwpEventCenterDelegate: THREAD_RESUMED: thread (33, main, main)
08:21:05.884 INFO: JdwpEventCenterDelegate: THREAD_RESUMED: thread (33, main, main)
08:21:05.886 INFO: JdwpEventCenterDelegate: THREAD_RESUMED: thread (33, main, main)
08:21:05.887 INFO: JdwpEventCenterDelegate: THREAD_RESUMED: thread (33, main, main)
08:21:05.888 INFO: JdwpEventCenterDelegate: THREAD_RESUMED: thread (33, main, main)
08:21:05.889 INFO: JdwpEventCenterDelegate: THREAD_RESUMED: thread (33, main, main)
08:21:05.890 INFO: JdwpEventCenterDelegate: THREAD_RESUMED: thread (33, main, main)
08:21:05.892 INFO: JdwpEventCenterDelegate: THREAD_RESUMED: thread (33, main, main)
08:21:05.893 INFO: JdwpEventCenterDelegate: THREAD_RESUMED: thread (33, main, main)
08:21:05.894 INFO: JdwpEventCenterDelegate: THREAD_RESUMED: thread (33, main, main)
08:21:05.895 INFO: JdwpEventCenterDelegate: THREAD_RESUMED: thread (33, main, main)
08:21:05.896 INFO: JdwpEventCenterDelegate: THREAD_RESUMED: thread (33, main, main)
08:21:05.897 INFO: JdwpEventCenterDelegate: THREAD_RESUMED: thread (33, main, main)
08:21:05.902 INFO: JdwpEventCenterDelegate: THREAD_RESUMED: thread (33, main, main)
08:21:05.903 INFO: JdwpEventCenterDelegate: THREAD_RESUMED: thread (33, main, main)
08:21:05.904 INFO: JdwpEventCenterDelegate: THREAD_RESUMED: thread (33, main, main)
08:21:05.905 INFO: JdwpEventCenterDelegate: THREAD_RESUMED: thread (33, main, main)
08:21:05.906 INFO: JdwpEventCenterDelegate: THREAD_RESUMED: thread (33, main, main)
08:21:05.907 INFO: JdwpEventCenterDelegate: THREAD_RESUMED: thread (33, main, main)
08:21:05.908 INFO: JdwpEventCenterDelegate: THREAD_RESUMED: thread (33, main, main)
08:21:05.909 INFO: JdwpEventCenterDelegate: THREAD_RESUMED: thread (33, main, main)
08:21:05.910 INFO: JdwpEventCenterDelegate: THREAD_RESUMED: thread (33, main, main)
08:21:05.910 INFO: JdwpEventCenterDelegate: THREAD_RESUMED: thread (33, main, main)
08:21:05.911 INFO: JdwpEventCenterDelegate: THREAD_RESUMED: thread (33, main, main)
08:21:05.912 INFO: JdwpEventCenterDelegate: THREAD_RESUMED: thread (33, main, main)
08:21:05.913 INFO: JdwpEventCenterDelegate: THREAD_RESUMED: thread (33, main, main)
08:21:05.914 INFO: JdwpEventCenterDelegate: THREAD_RESUMED: thread (33, main, main)
08:21:05.915 INFO: JdwpEventCenterDelegate: THREAD_RESUMED: thread (33, main, main)
08:21:05.916 INFO: JdwpEventCenterDelegate: THREAD_RESUMED: thread (33, main, main)
08:21:05.917 INFO: JdwpEventCenterDelegate: THREAD_RESUMED: thread (33, main, main)
08:21:05.918 INFO: JdwpEventCenterDelegate: THREAD_RESUMED: thread (33, main, main)
08:21:06.176 INFO: JdwpDebugServer: handling req: ThreadReference(11).Resume(3)
08:21:06.177 INFO: JdwpEventCenterDelegate: THREAD_RESUMED: thread (33, main, main)
08:21:06.266 INFO: JdwpEventCenterDelegate: THREAD_RESUMED: thread (33, main, main)
08:21:06.281 INFO: JdwpEventCenterDelegate: THREAD_RESUMED: thread (33, main, main)
08:21:06.283 INFO: JdwpEventCenterDelegate: THREAD_RESUMED: thread (33, main, main)
08:21:06.284 INFO: JdwpEventCenterDelegate: THREAD_RESUMED: thread (33, main, main)
08:21:06.516 INFO: JdwpEventCenterDelegate: THREAD_RESUMED: thread (33, main, main)
08:21:06.517 INFO: JdwpEventCenterDelegate: THREAD_RESUMED: thread (33, main, main)
08:21:06.553 INFO: JdwpEventCenterDelegate: THREAD_RESUMED: thread (33, main, main)
08:21:06.554 INFO: JdwpEventCenterDelegate: THREAD_RESUMED: thread (33, main, main)
08:21:06.578 INFO: JdwpEventCenterDelegate: THREAD_RESUMED: thread (33, main, main)
08:21:06.579 INFO: JdwpEventCenterDelegate: THREAD_RESUMED: thread (33, main, main)
08:21:06.580 INFO: JdwpEventCenterDelegate: THREAD_RESUMED: thread (33, main, main)
08:21:06.581 INFO: JdwpEventCenterDelegate: THREAD_RESUMED: thread (33, main, main)
08:21:06.582 INFO: JdwpEventCenterDelegate: THREAD_RESUMED: thread (33, main, main)
08:21:06.583 INFO: JdwpEventCenterDelegate: THREAD_RESUMED: thread (33, main, main)
08:21:27.822 SEVERE: Debugger: Thread HooksChannel socket thread crashed
org.robovm.debugger.DebuggerException: java.nio.BufferUnderflowException
	at org.robovm.debugger.hooks.HooksChannel.doSocketWork(HooksChannel.java:149)
	at java.base/java.lang.Thread.run(Thread.java:833)
	at org.robovm.debugger.utils.DebuggerThread.run(DebuggerThread.java:42)
Caused by: java.nio.BufferUnderflowException
	at org.robovm.debugger.utils.bytebuffer.DataBufferWriter.writeFromStream(DataBufferWriter.java:91)
	at org.robovm.debugger.hooks.HooksChannel.doSocketWork(HooksChannel.java:116)
	... 2 more
08:21:28.335 SEVERE: Debugger: Thread JDWP server socket thread crashed
org.robovm.debugger.DebuggerException: java.net.SocketException: Socket closed
	at org.robovm.debugger.jdwp.JdwpDebugServer.doSocketWork(JdwpDebugServer.java:215)
	at java.base/java.lang.Thread.run(Thread.java:833)
	at org.robovm.debugger.utils.DebuggerThread.run(DebuggerThread.java:42)
Caused by: java.net.SocketException: Socket closed
	at java.base/sun.nio.ch.NioSocketImpl.endRead(NioSocketImpl.java:248)
	at java.base/sun.nio.ch.NioSocketImpl.implRead(NioSocketImpl.java:327)
	at java.base/sun.nio.ch.NioSocketImpl.read(NioSocketImpl.java:350)
	at java.base/sun.nio.ch.NioSocketImpl$1.read(NioSocketImpl.java:803)
	at java.base/java.net.Socket$SocketInputStream.read(Socket.java:966)
	at org.robovm.debugger.utils.bytebuffer.DataBufferWriter.writeFromStream(DataBufferWriter.java:89)
	at org.robovm.debugger.jdwp.protocol.JdwpRequestHeader.readFromStream(JdwpRequestHeader.java:36)
	at org.robovm.debugger.jdwp.JdwpDebugServer.doSocketWork(JdwpDebugServer.java:185)
	... 2 more
