07:23:53.695 INFO: JdwpEventCenterDelegate: THREAD_STARTED: thread (33, main, main)
07:23:53.769 INFO: JdwpEventCenterDelegate: THREAD_STARTED: thread (48, ReferenceQueueDaemon, main)
07:23:53.770 INFO: JdwpEventCenterDelegate: THREAD_STARTED: thread (63, FinalizerDaemon, main)
07:23:53.771 INFO: JdwpEventCenterDelegate: THREAD_STARTED: thread (78, FinalizerWatchdogDaemon, main)
07:23:56.004 INFO: JdwpDebugServer: handling req: VirtualMachine(1).IDSizes(7)
07:23:56.010 INFO: JdwpDebugServer: handling req: EventRequest(15).Set(1)
07:23:56.011 INFO: JdwpEventCenterDelegate: jdwpSetEventRequest: JdwpEventRequest{requestId=100, eventKind=CLASS_UNLOAD, suspendPolicy=NONE, predicates=[]}
07:23:56.011 INFO: JdwpDebugServer: handling req: EventRequest(15).Set(1)
07:23:56.011 INFO: JdwpEventCenterDelegate: jdwpSetEventRequest: JdwpEventRequest{requestId=101, eventKind=THREAD_START, suspendPolicy=NONE, predicates=[]}
07:23:56.012 INFO: JdwpDebugServer: handling req: VirtualMachine(1).ClassesBySignature(2)
07:23:56.015 INFO: JdwpDebugServer: handling req: VirtualMachine(1).Version(1)
07:23:56.021 INFO: JdwpDebugServer: handling req: ReferenceType(2).MethodsWithGeneric(15)
07:23:56.024 INFO: JdwpDebugServer: handling req: Method(6).LineTable(1)
07:23:56.026 INFO: JdwpDebugServer: handling req: EventRequest(15).Set(1)
07:23:56.026 INFO: JdwpEventCenterDelegate: jdwpSetEventRequest: JdwpEventRequest{requestId=102, eventKind=BREAKPOINT, suspendPolicy=NONE, predicates=[Location{classId=845, methodId=257, index=928} ]}
07:23:56.027 INFO: JdwpDebugServer: handling req: EventRequest(15).Set(1)
07:23:56.027 INFO: JdwpEventCenterDelegate: jdwpSetEventRequest: JdwpEventRequest{requestId=103, eventKind=THREAD_DEATH, suspendPolicy=NONE, predicates=[]}
07:23:56.028 INFO: JdwpDebugServer: handling req: VirtualMachine(1).AllThreads(4)
07:23:56.028 INFO: JdwpDebugServer: handling req: ThreadReference(11).ThreadGroup(5)
07:23:56.028 INFO: JdwpDebugServer: handling req: ThreadGroup(12).Name(1)
07:23:56.029 INFO: JdwpDebugServer: handling req: ThreadGroup(12).Parent(2)
07:23:56.029 INFO: JdwpDebugServer: handling req: ObjectReference(9).ReferenceType(1)
07:23:56.031 INFO: JdwpDebugServer: handling req: ReferenceType(2).FieldsWithGeneric(14)
07:23:56.031 INFO: JdwpDebugServer: handling req: ReferenceType(2).Interfaces(10)
07:23:56.031 INFO: JdwpDebugServer: handling req: ReferenceType(2).FieldsWithGeneric(14)
07:23:56.032 INFO: JdwpDebugServer: handling req: ReferenceType(2).Interfaces(10)
07:23:56.032 INFO: JdwpDebugServer: handling req: ClassType(3).Superclass(1)
07:23:56.032 INFO: JdwpDebugServer: handling req: ReferenceType(2).FieldsWithGeneric(14)
07:23:56.034 INFO: JdwpDebugServer: handling req: ReferenceType(2).Interfaces(10)
07:23:56.034 INFO: JdwpDebugServer: handling req: ClassType(3).Superclass(1)
07:23:56.034 INFO: JdwpDebugServer: handling req: ObjectReference(9).GetValues(2)
07:23:56.035 INFO: JdwpDebugServer: handling req: ThreadReference(11).Status(4)
07:23:56.035 INFO: JdwpDebugServer: handling req: ThreadReference(11).Status(4)
07:23:56.036 INFO: JdwpDebugServer: handling req: ThreadReference(11).ThreadGroup(5)
07:23:56.036 INFO: JdwpDebugServer: handling req: ObjectReference(9).ReferenceType(1)
07:23:56.036 INFO: JdwpDebugServer: handling req: ObjectReference(9).GetValues(2)
07:23:56.037 INFO: JdwpDebugServer: handling req: ThreadReference(11).Status(4)
07:23:56.037 INFO: JdwpDebugServer: handling req: ThreadReference(11).Status(4)
07:23:56.037 INFO: JdwpDebugServer: handling req: ThreadReference(11).ThreadGroup(5)
07:23:56.037 INFO: JdwpDebugServer: handling req: ObjectReference(9).ReferenceType(1)
07:23:56.038 INFO: JdwpDebugServer: handling req: ObjectReference(9).GetValues(2)
07:23:56.038 INFO: JdwpDebugServer: handling req: ThreadReference(11).Status(4)
07:23:56.038 INFO: JdwpDebugServer: handling req: ThreadReference(11).Status(4)
07:23:56.038 INFO: JdwpDebugServer: handling req: ThreadReference(11).ThreadGroup(5)
07:23:56.039 INFO: JdwpDebugServer: handling req: ObjectReference(9).ReferenceType(1)
07:23:56.039 INFO: JdwpDebugServer: handling req: ObjectReference(9).GetValues(2)
07:23:56.039 INFO: JdwpDebugServer: handling req: ThreadReference(11).Status(4)
07:23:56.040 INFO: JdwpDebugServer: handling req: ThreadReference(11).Status(4)
07:23:56.041 INFO: JdwpDebugServer: handling req: EventRequest(15).Set(1)
07:23:56.041 INFO: JdwpEventCenterDelegate: jdwpSetEventRequest: JdwpEventRequest{requestId=104, eventKind=CLASS_PREPARE, suspendPolicy=EVENT_THREAD, predicates=[className=com.badlogic.gdx.graphics.g2d.PolygonSpriteBatch]}
07:23:56.045 INFO: JdwpDebugServer: handling req: EventRequest(15).Set(1)
07:23:56.045 INFO: JdwpEventCenterDelegate: jdwpSetEventRequest: JdwpEventRequest{requestId=105, eventKind=CLASS_PREPARE, suspendPolicy=EVENT_THREAD, predicates=[className=com.badlogic.gdx.graphics.g2d.PolygonSpriteBatch$*]}
07:23:56.048 INFO: JdwpDebugServer: handling req: VirtualMachine(1).ClassesBySignature(2)
07:23:56.049 INFO: JdwpDebugServer: handling req: ReferenceType(2).MethodsWithGeneric(15)
07:23:56.050 INFO: JdwpDebugServer: handling req: Method(6).LineTable(1)
07:23:56.051 INFO: JdwpDebugServer: handling req: Method(6).LineTable(1)
07:23:56.051 INFO: JdwpDebugServer: handling req: Method(6).LineTable(1)
07:23:56.051 INFO: JdwpDebugServer: handling req: Method(6).LineTable(1)
07:23:56.052 INFO: JdwpDebugServer: handling req: Method(6).LineTable(1)
07:23:56.052 INFO: JdwpDebugServer: handling req: Method(6).LineTable(1)
07:23:56.052 INFO: JdwpDebugServer: handling req: Method(6).LineTable(1)
07:23:56.053 INFO: JdwpDebugServer: handling req: Method(6).LineTable(1)
07:23:56.053 INFO: JdwpDebugServer: handling req: Method(6).LineTable(1)
07:23:56.053 INFO: JdwpDebugServer: handling req: Method(6).LineTable(1)
07:23:56.053 INFO: JdwpDebugServer: handling req: Method(6).LineTable(1)
07:23:56.053 INFO: JdwpDebugServer: handling req: Method(6).LineTable(1)
07:23:56.054 INFO: JdwpDebugServer: handling req: Method(6).LineTable(1)
07:23:56.055 INFO: JdwpDebugServer: handling req: Method(6).LineTable(1)
07:23:56.055 INFO: JdwpDebugServer: handling req: Method(6).LineTable(1)
07:23:56.056 INFO: JdwpDebugServer: handling req: Method(6).LineTable(1)
07:23:56.056 INFO: JdwpDebugServer: handling req: Method(6).LineTable(1)
07:23:56.056 INFO: JdwpDebugServer: handling req: Method(6).LineTable(1)
07:23:56.056 INFO: JdwpDebugServer: handling req: Method(6).LineTable(1)
07:23:56.057 INFO: JdwpDebugServer: handling req: Method(6).LineTable(1)
07:23:56.057 INFO: JdwpDebugServer: handling req: Method(6).LineTable(1)
07:23:56.057 INFO: JdwpDebugServer: handling req: Method(6).LineTable(1)
07:23:56.057 INFO: JdwpDebugServer: handling req: Method(6).LineTable(1)
07:23:56.057 INFO: JdwpDebugServer: handling req: Method(6).LineTable(1)
07:23:56.058 INFO: JdwpDebugServer: handling req: Method(6).LineTable(1)
07:23:56.058 INFO: JdwpDebugServer: handling req: Method(6).LineTable(1)
07:23:56.058 INFO: JdwpDebugServer: handling req: Method(6).LineTable(1)
07:23:56.058 INFO: JdwpDebugServer: handling req: Method(6).LineTable(1)
07:23:56.058 INFO: JdwpDebugServer: handling req: Method(6).LineTable(1)
07:23:56.059 INFO: JdwpDebugServer: handling req: Method(6).LineTable(1)
07:23:56.060 INFO: JdwpDebugServer: handling req: Method(6).LineTable(1)
07:23:56.060 INFO: JdwpDebugServer: handling req: Method(6).LineTable(1)
07:23:56.061 INFO: JdwpDebugServer: handling req: Method(6).LineTable(1)
07:23:56.062 INFO: JdwpDebugServer: handling req: Method(6).LineTable(1)
07:23:56.062 INFO: JdwpDebugServer: handling req: Method(6).LineTable(1)
07:23:56.062 INFO: JdwpDebugServer: handling req: Method(6).LineTable(1)
07:23:56.062 INFO: JdwpDebugServer: handling req: Method(6).LineTable(1)
07:23:56.063 INFO: JdwpDebugServer: handling req: Method(6).LineTable(1)
07:23:56.063 INFO: JdwpDebugServer: handling req: Method(6).LineTable(1)
07:23:56.063 INFO: JdwpDebugServer: handling req: Method(6).LineTable(1)
07:23:56.063 INFO: JdwpDebugServer: handling req: Method(6).LineTable(1)
07:23:56.063 INFO: JdwpDebugServer: handling req: Method(6).LineTable(1)
07:23:56.064 INFO: JdwpDebugServer: handling req: Method(6).LineTable(1)
07:23:56.064 INFO: JdwpDebugServer: handling req: Method(6).LineTable(1)
07:23:56.064 INFO: JdwpDebugServer: handling req: Method(6).LineTable(1)
07:23:56.064 INFO: JdwpDebugServer: handling req: Method(6).LineTable(1)
07:23:56.064 INFO: JdwpDebugServer: handling req: Method(6).LineTable(1)
07:23:56.065 INFO: JdwpDebugServer: handling req: EventRequest(15).Set(1)
07:23:56.065 INFO: JdwpEventCenterDelegate: jdwpSetEventRequest: JdwpEventRequest{requestId=106, eventKind=BREAKPOINT, suspendPolicy=EVENT_THREAD, predicates=[Location{classId=15500, methodId=1122, index=142} ]}
07:23:56.065 INFO: JdwpDebugServer: handling req: ReferenceType(2).Signature(1)
07:23:56.068 INFO: JdwpDebugServer: handling req: EventRequest(15).Set(1)
07:23:56.068 INFO: JdwpEventCenterDelegate: jdwpSetEventRequest: JdwpEventRequest{requestId=107, eventKind=CLASS_PREPARE, suspendPolicy=EVENT_THREAD, predicates=[className=com.badlogic.gdx.graphics.g2d.SpriteBatch]}
07:23:56.070 INFO: JdwpDebugServer: handling req: EventRequest(15).Set(1)
07:23:56.070 INFO: JdwpEventCenterDelegate: jdwpSetEventRequest: JdwpEventRequest{requestId=108, eventKind=CLASS_PREPARE, suspendPolicy=EVENT_THREAD, predicates=[className=com.badlogic.gdx.graphics.g2d.SpriteBatch$*]}
07:23:56.072 INFO: JdwpDebugServer: handling req: VirtualMachine(1).ClassesBySignature(2)
07:23:56.072 INFO: JdwpDebugServer: handling req: ReferenceType(2).MethodsWithGeneric(15)
07:23:56.074 INFO: JdwpDebugServer: handling req: Method(6).LineTable(1)
07:23:56.074 INFO: JdwpDebugServer: handling req: Method(6).LineTable(1)
07:23:56.074 INFO: JdwpDebugServer: handling req: Method(6).LineTable(1)
07:23:56.074 INFO: JdwpDebugServer: handling req: Method(6).LineTable(1)
07:23:56.074 INFO: JdwpDebugServer: handling req: Method(6).LineTable(1)
07:23:56.075 INFO: JdwpDebugServer: handling req: Method(6).LineTable(1)
07:23:56.075 INFO: JdwpDebugServer: handling req: Method(6).LineTable(1)
07:23:56.075 INFO: JdwpDebugServer: handling req: Method(6).LineTable(1)
07:23:56.075 INFO: JdwpDebugServer: handling req: Method(6).LineTable(1)
07:23:56.075 INFO: JdwpDebugServer: handling req: Method(6).LineTable(1)
07:23:56.075 INFO: JdwpDebugServer: handling req: Method(6).LineTable(1)
07:23:56.076 INFO: JdwpDebugServer: handling req: Method(6).LineTable(1)
07:23:56.076 INFO: JdwpDebugServer: handling req: Method(6).LineTable(1)
07:23:56.076 INFO: JdwpDebugServer: handling req: Method(6).LineTable(1)
07:23:56.077 INFO: JdwpDebugServer: handling req: Method(6).LineTable(1)
07:23:56.077 INFO: JdwpDebugServer: handling req: Method(6).LineTable(1)
07:23:56.078 INFO: JdwpDebugServer: handling req: Method(6).LineTable(1)
07:23:56.080 INFO: JdwpDebugServer: handling req: Method(6).LineTable(1)
07:23:56.080 INFO: JdwpDebugServer: handling req: Method(6).LineTable(1)
07:23:56.081 INFO: JdwpDebugServer: handling req: Method(6).LineTable(1)
07:23:56.081 INFO: JdwpDebugServer: handling req: Method(6).LineTable(1)
07:23:56.081 INFO: JdwpDebugServer: handling req: Method(6).LineTable(1)
07:23:56.081 INFO: JdwpDebugServer: handling req: Method(6).LineTable(1)
07:23:56.081 INFO: JdwpDebugServer: handling req: Method(6).LineTable(1)
07:23:56.081 INFO: JdwpDebugServer: handling req: Method(6).LineTable(1)
07:23:56.082 INFO: JdwpDebugServer: handling req: Method(6).LineTable(1)
07:23:56.082 INFO: JdwpDebugServer: handling req: Method(6).LineTable(1)
07:23:56.082 INFO: JdwpDebugServer: handling req: Method(6).LineTable(1)
07:23:56.083 INFO: JdwpDebugServer: handling req: Method(6).LineTable(1)
07:23:56.083 INFO: JdwpDebugServer: handling req: Method(6).LineTable(1)
07:23:56.083 INFO: JdwpDebugServer: handling req: Method(6).LineTable(1)
07:23:56.083 INFO: JdwpDebugServer: handling req: Method(6).LineTable(1)
07:23:56.084 INFO: JdwpDebugServer: handling req: Method(6).LineTable(1)
07:23:56.084 INFO: JdwpDebugServer: handling req: Method(6).LineTable(1)
07:23:56.084 INFO: JdwpDebugServer: handling req: Method(6).LineTable(1)
07:23:56.084 INFO: JdwpDebugServer: handling req: Method(6).LineTable(1)
07:23:56.084 INFO: JdwpDebugServer: handling req: Method(6).LineTable(1)
07:23:56.085 INFO: JdwpDebugServer: handling req: Method(6).LineTable(1)
07:23:56.085 INFO: JdwpDebugServer: handling req: Method(6).LineTable(1)
07:23:56.086 INFO: JdwpDebugServer: handling req: Method(6).LineTable(1)
07:23:56.086 INFO: JdwpDebugServer: handling req: Method(6).LineTable(1)
07:23:56.086 INFO: JdwpDebugServer: handling req: Method(6).LineTable(1)
07:23:56.086 INFO: JdwpDebugServer: handling req: Method(6).LineTable(1)
07:23:56.086 INFO: JdwpDebugServer: handling req: Method(6).LineTable(1)
07:23:56.087 INFO: JdwpDebugServer: handling req: EventRequest(15).Set(1)
07:23:56.087 INFO: JdwpEventCenterDelegate: jdwpSetEventRequest: JdwpEventRequest{requestId=109, eventKind=BREAKPOINT, suspendPolicy=EVENT_THREAD, predicates=[Location{classId=18040, methodId=1357, index=163} ]}
07:23:56.088 INFO: JdwpDebugServer: handling req: ReferenceType(2).Signature(1)
07:23:56.089 INFO: JdwpDebugServer: handling req: EventRequest(15).Set(1)
07:23:56.089 INFO: JdwpEventCenterDelegate: jdwpSetEventRequest: JdwpEventRequest{requestId=110, eventKind=CLASS_PREPARE, suspendPolicy=EVENT_THREAD, predicates=[className=com.badlogic.gdx.graphics.g2d.PolygonSpriteBatch]}
07:23:56.090 INFO: JdwpDebugServer: handling req: EventRequest(15).Set(1)
07:23:56.090 INFO: JdwpEventCenterDelegate: jdwpSetEventRequest: JdwpEventRequest{requestId=111, eventKind=CLASS_PREPARE, suspendPolicy=EVENT_THREAD, predicates=[className=com.badlogic.gdx.graphics.g2d.PolygonSpriteBatch$*]}
07:23:56.091 INFO: JdwpDebugServer: handling req: VirtualMachine(1).ClassesBySignature(2)
07:23:56.093 INFO: JdwpDebugServer: handling req: EventRequest(15).Set(1)
07:23:56.093 INFO: JdwpEventCenterDelegate: jdwpSetEventRequest: JdwpEventRequest{requestId=112, eventKind=BREAKPOINT, suspendPolicy=EVENT_THREAD, predicates=[Location{classId=15500, methodId=1122, index=141} ]}
07:23:56.094 INFO: JdwpDebugServer: handling req: EventRequest(15).Set(1)
07:23:56.094 INFO: JdwpEventCenterDelegate: jdwpSetEventRequest: JdwpEventRequest{requestId=113, eventKind=CLASS_PREPARE, suspendPolicy=EVENT_THREAD, predicates=[className=java.lang.Throwable]}
07:23:56.095 INFO: JdwpDebugServer: handling req: EventRequest(15).Set(1)
07:23:56.095 INFO: JdwpEventCenterDelegate: jdwpSetEventRequest: JdwpEventRequest{requestId=114, eventKind=CLASS_PREPARE, suspendPolicy=EVENT_THREAD, predicates=[className=java.lang.Throwable$*]}
07:23:56.096 INFO: JdwpDebugServer: handling req: VirtualMachine(1).ClassesBySignature(2)
07:23:56.096 INFO: JdwpDebugServer: handling req: ReferenceType(2).MethodsWithGeneric(15)
07:23:56.097 INFO: JdwpDebugServer: handling req: Method(6).LineTable(1)
07:23:56.097 INFO: JdwpDebugServer: handling req: Method(6).LineTable(1)
07:23:56.097 INFO: JdwpDebugServer: handling req: Method(6).LineTable(1)
07:23:56.098 INFO: JdwpDebugServer: handling req: Method(6).LineTable(1)
07:23:56.098 INFO: JdwpDebugServer: handling req: Method(6).LineTable(1)
07:23:56.098 INFO: JdwpDebugServer: handling req: Method(6).LineTable(1)
07:23:56.098 INFO: JdwpDebugServer: handling req: Method(6).LineTable(1)
07:23:56.099 INFO: JdwpDebugServer: handling req: Method(6).LineTable(1)
07:23:56.099 INFO: JdwpDebugServer: handling req: Method(6).LineTable(1)
07:23:56.099 INFO: JdwpDebugServer: handling req: Method(6).LineTable(1)
07:23:56.099 INFO: JdwpDebugServer: handling req: Method(6).LineTable(1)
07:23:56.099 INFO: JdwpDebugServer: handling req: Method(6).LineTable(1)
07:23:56.100 INFO: JdwpDebugServer: handling req: Method(6).LineTable(1)
07:23:56.100 INFO: JdwpDebugServer: handling req: Method(6).LineTable(1)
07:23:56.100 INFO: JdwpDebugServer: handling req: Method(6).LineTable(1)
07:23:56.100 INFO: JdwpDebugServer: handling req: Method(6).LineTable(1)
07:23:56.100 INFO: JdwpDebugServer: handling req: Method(6).LineTable(1)
07:23:56.101 INFO: JdwpDebugServer: handling req: Method(6).LineTable(1)
07:23:56.101 INFO: JdwpDebugServer: handling req: Method(6).LineTable(1)
07:23:56.102 INFO: JdwpDebugServer: handling req: Method(6).LineTable(1)
07:23:56.102 INFO: JdwpDebugServer: handling req: Method(6).LineTable(1)
07:23:56.102 INFO: JdwpDebugServer: handling req: Method(6).LineTable(1)
07:23:56.103 INFO: JdwpDebugServer: handling req: Method(6).LineTable(1)
07:23:56.103 INFO: JdwpDebugServer: handling req: Method(6).LineTable(1)
07:23:56.103 INFO: JdwpDebugServer: handling req: VirtualMachine(1).ClassesBySignature(2)
07:23:56.103 INFO: JdwpDebugServer: handling req: VirtualMachine(1).AllClassesWithGeneric(20)
07:23:56.117 INFO: JdwpDebugServer: handling req: EventRequest(15).Set(1)
07:23:56.117 INFO: JdwpEventCenterDelegate: jdwpSetEventRequest: JdwpEventRequest{requestId=115, eventKind=CLASS_PREPARE, suspendPolicy=EVENT_THREAD, predicates=[className=com.badlogic.gdx.utils.ScreenUtils]}
07:23:56.119 INFO: JdwpDebugServer: handling req: EventRequest(15).Set(1)
07:23:56.119 INFO: JdwpEventCenterDelegate: jdwpSetEventRequest: JdwpEventRequest{requestId=116, eventKind=CLASS_PREPARE, suspendPolicy=EVENT_THREAD, predicates=[className=com.badlogic.gdx.utils.ScreenUtils$*]}
07:23:56.120 INFO: JdwpDebugServer: handling req: VirtualMachine(1).ClassesBySignature(2)
07:23:56.120 INFO: JdwpDebugServer: handling req: ReferenceType(2).MethodsWithGeneric(15)
07:23:56.120 INFO: JdwpDebugServer: handling req: Method(6).LineTable(1)
07:23:56.121 INFO: JdwpDebugServer: handling req: Method(6).LineTable(1)
07:23:56.121 INFO: JdwpDebugServer: handling req: Method(6).LineTable(1)
07:23:56.121 INFO: JdwpDebugServer: handling req: Method(6).LineTable(1)
07:23:56.121 INFO: JdwpDebugServer: handling req: Method(6).LineTable(1)
07:23:56.122 INFO: JdwpDebugServer: handling req: Method(6).LineTable(1)
07:23:56.122 INFO: JdwpDebugServer: handling req: Method(6).LineTable(1)
07:23:56.122 INFO: JdwpDebugServer: handling req: Method(6).LineTable(1)
07:23:56.122 INFO: JdwpDebugServer: handling req: Method(6).LineTable(1)
07:23:56.122 INFO: JdwpDebugServer: handling req: Method(6).LineTable(1)
07:23:56.123 INFO: JdwpDebugServer: handling req: EventRequest(15).Set(1)
07:23:56.123 INFO: JdwpEventCenterDelegate: jdwpSetEventRequest: JdwpEventRequest{requestId=117, eventKind=BREAKPOINT, suspendPolicy=EVENT_THREAD, predicates=[Location{classId=22240, methodId=1727, index=89} ]}
07:23:56.123 INFO: JdwpDebugServer: handling req: EventRequest(15).Set(1)
07:23:56.123 INFO: JdwpEventCenterDelegate: jdwpSetEventRequest: JdwpEventRequest{requestId=118, eventKind=CLASS_PREPARE, suspendPolicy=EVENT_THREAD, predicates=[className=com.badlogic.gdx.utils.ScreenUtils]}
07:23:56.125 INFO: JdwpDebugServer: handling req: EventRequest(15).Set(1)
07:23:56.125 INFO: JdwpEventCenterDelegate: jdwpSetEventRequest: JdwpEventRequest{requestId=119, eventKind=CLASS_PREPARE, suspendPolicy=EVENT_THREAD, predicates=[className=com.badlogic.gdx.utils.ScreenUtils$*]}
07:23:56.126 INFO: JdwpDebugServer: handling req: VirtualMachine(1).ClassesBySignature(2)
07:23:56.126 INFO: JdwpDebugServer: handling req: EventRequest(15).Set(1)
07:23:56.126 INFO: JdwpEventCenterDelegate: jdwpSetEventRequest: JdwpEventRequest{requestId=120, eventKind=BREAKPOINT, suspendPolicy=EVENT_THREAD, predicates=[Location{classId=22240, methodId=1722, index=72} ]}
07:23:56.126 INFO: JdwpDebugServer: handling req: EventRequest(15).Set(1)
07:23:56.126 INFO: JdwpEventCenterDelegate: jdwpSetEventRequest: JdwpEventRequest{requestId=121, eventKind=CLASS_PREPARE, suspendPolicy=EVENT_THREAD, predicates=[className=com.scottlogic.util.GL32CMacIssueHandler]}
07:23:56.127 INFO: JdwpDebugServer: handling req: EventRequest(15).Set(1)
07:23:56.127 INFO: JdwpEventCenterDelegate: jdwpSetEventRequest: JdwpEventRequest{requestId=122, eventKind=CLASS_PREPARE, suspendPolicy=EVENT_THREAD, predicates=[className=com.scottlogic.util.GL32CMacIssueHandler$*]}
07:23:56.128 INFO: JdwpDebugServer: handling req: VirtualMachine(1).ClassesBySignature(2)
07:23:56.128 INFO: JdwpDebugServer: handling req: ReferenceType(2).MethodsWithGeneric(15)
07:23:56.129 INFO: JdwpDebugServer: handling req: Method(6).LineTable(1)
07:23:56.129 INFO: JdwpDebugServer: handling req: Method(6).LineTable(1)
07:23:56.129 INFO: JdwpDebugServer: handling req: Method(6).LineTable(1)
07:23:56.129 INFO: JdwpDebugServer: handling req: Method(6).LineTable(1)
07:23:56.130 INFO: JdwpDebugServer: handling req: Method(6).LineTable(1)
07:23:56.130 INFO: JdwpDebugServer: handling req: EventRequest(15).Set(1)
07:23:56.130 INFO: JdwpEventCenterDelegate: jdwpSetEventRequest: JdwpEventRequest{requestId=123, eventKind=BREAKPOINT, suspendPolicy=EVENT_THREAD, predicates=[Location{classId=21445, methodId=1762, index=136} ]}
07:23:56.131 INFO: JdwpDebugServer: handling req: EventRequest(15).Set(1)
07:23:56.131 INFO: JdwpEventCenterDelegate: jdwpSetEventRequest: JdwpEventRequest{requestId=124, eventKind=CLASS_PREPARE, suspendPolicy=EVENT_THREAD, predicates=[className=com.scottlogic.util.ShaderProgramFactory]}
07:23:56.133 INFO: JdwpDebugServer: handling req: EventRequest(15).Set(1)
07:23:56.133 INFO: JdwpEventCenterDelegate: jdwpSetEventRequest: JdwpEventRequest{requestId=125, eventKind=CLASS_PREPARE, suspendPolicy=EVENT_THREAD, predicates=[className=com.scottlogic.util.ShaderProgramFactory$*]}
07:23:56.134 INFO: JdwpDebugServer: handling req: VirtualMachine(1).ClassesBySignature(2)
07:23:56.134 INFO: JdwpDebugServer: handling req: ReferenceType(2).MethodsWithGeneric(15)
07:23:56.135 INFO: JdwpDebugServer: handling req: Method(6).LineTable(1)
07:23:56.135 INFO: JdwpDebugServer: handling req: Method(6).LineTable(1)
07:23:56.135 INFO: JdwpDebugServer: handling req: Method(6).LineTable(1)
07:23:56.135 INFO: JdwpDebugServer: handling req: Method(6).LineTable(1)
07:23:56.136 INFO: JdwpDebugServer: handling req: Method(6).LineTable(1)
07:23:56.136 INFO: JdwpDebugServer: handling req: EventRequest(15).Set(1)
07:23:56.136 INFO: JdwpEventCenterDelegate: jdwpSetEventRequest: JdwpEventRequest{requestId=126, eventKind=BREAKPOINT, suspendPolicy=EVENT_THREAD, predicates=[Location{classId=20400, methodId=1787, index=106} ]}
07:23:56.137 INFO: JdwpDebugServer: handling req: VirtualMachine(1).capabilitiesNew(17)
07:23:56.138 INFO: JdwpDebugServer: handling req: EventRequest(15).Set(1)
07:23:56.138 INFO: JdwpEventCenterDelegate: jdwpSetEventRequest: JdwpEventRequest{requestId=127, eventKind=CLASS_PREPARE, suspendPolicy=EVENT_THREAD, predicates=[className=java.lang.Error]}
07:23:56.141 INFO: JdwpDebugServer: handling req: EventRequest(15).Set(1)
07:23:56.141 INFO: JdwpEventCenterDelegate: jdwpSetEventRequest: JdwpEventRequest{requestId=128, eventKind=CLASS_PREPARE, suspendPolicy=EVENT_THREAD, predicates=[className=java.lang.Error$*]}
07:23:56.142 INFO: JdwpDebugServer: handling req: VirtualMachine(1).ClassesBySignature(2)
07:23:56.143 INFO: JdwpDebugServer: handling req: EventRequest(15).Set(1)
07:23:56.143 INFO: JdwpEventCenterDelegate: jdwpSetEventRequest: JdwpEventRequest{requestId=129, eventKind=EXCEPTION, suspendPolicy=EVENT_THREAD, predicates=[exceptionType=3425(caught=true, uncaught=true)]}
07:23:56.158 INFO: JdwpDebugServer: handling req: EventRequest(15).Set(1)
07:23:56.159 INFO: JdwpEventCenterDelegate: jdwpSetEventRequest: JdwpEventRequest{requestId=130, eventKind=CLASS_PREPARE, suspendPolicy=EVENT_THREAD, predicates=[className=java.lang.Throwable]}
07:23:56.161 INFO: JdwpDebugServer: handling req: EventRequest(15).Set(1)
07:23:56.161 INFO: JdwpEventCenterDelegate: jdwpSetEventRequest: JdwpEventRequest{requestId=131, eventKind=CLASS_PREPARE, suspendPolicy=EVENT_THREAD, predicates=[className=java.lang.Throwable$*]}
07:23:56.163 INFO: JdwpDebugServer: handling req: VirtualMachine(1).ClassesBySignature(2)
07:23:56.163 INFO: JdwpDebugServer: handling req: EventRequest(15).Set(1)
07:23:56.163 INFO: JdwpEventCenterDelegate: jdwpSetEventRequest: JdwpEventRequest{requestId=132, eventKind=EXCEPTION, suspendPolicy=EVENT_THREAD, predicates=[exceptionType=7695(caught=false, uncaught=true)]}
07:23:56.166 INFO: JdwpDebugServer: handling req: ThreadReference(11).SuspendCount(12)
07:23:56.166 INFO: JdwpDebugServer: handling req: ThreadReference(11).SuspendCount(12)
07:23:56.167 INFO: JdwpDebugServer: handling req: ThreadReference(11).SuspendCount(12)
07:23:56.167 INFO: JdwpDebugServer: handling req: ThreadReference(11).SuspendCount(12)
07:23:56.167 INFO: JdwpDebugServer: handling req: VirtualMachine(1).AllThreads(4)
07:23:56.167 INFO: JdwpDebugServer: handling req: VirtualMachine(1).Resume(9)
07:23:56.257 INFO: JdwpEventCenterDelegate: THREAD_RESUMED: thread (33, main, main)
07:23:56.258 INFO: JdwpEventCenterDelegate: THREAD_RESUMED: thread (33, main, main)
07:23:56.259 INFO: JdwpEventCenterDelegate: THREAD_RESUMED: thread (33, main, main)
07:23:56.259 INFO: JdwpEventCenterDelegate: THREAD_RESUMED: thread (33, main, main)
07:23:56.260 INFO: JdwpEventCenterDelegate: THREAD_RESUMED: thread (33, main, main)
07:23:56.260 INFO: JdwpEventCenterDelegate: THREAD_RESUMED: thread (33, main, main)
07:23:56.260 INFO: JdwpEventCenterDelegate: THREAD_RESUMED: thread (33, main, main)
07:23:56.262 INFO: JdwpEventCenterDelegate: THREAD_RESUMED: thread (33, main, main)
07:23:56.263 INFO: JdwpEventCenterDelegate: THREAD_RESUMED: thread (33, main, main)
07:23:56.263 INFO: JdwpEventCenterDelegate: THREAD_RESUMED: thread (33, main, main)
07:23:56.264 INFO: JdwpEventCenterDelegate: THREAD_RESUMED: thread (33, main, main)
07:23:56.270 INFO: JdwpEventCenterDelegate: THREAD_RESUMED: thread (33, main, main)
07:23:56.270 INFO: JdwpEventCenterDelegate: THREAD_RESUMED: thread (33, main, main)
07:23:56.270 INFO: JdwpEventCenterDelegate: THREAD_RESUMED: thread (33, main, main)
07:23:56.339 INFO: JdwpEventCenterDelegate: THREAD_RESUMED: thread (33, main, main)
07:23:56.340 INFO: JdwpEventCenterDelegate: THREAD_RESUMED: thread (33, main, main)
07:23:56.340 INFO: JdwpEventCenterDelegate: THREAD_RESUMED: thread (33, main, main)
07:23:56.348 INFO: JdwpEventCenterDelegate: THREAD_RESUMED: thread (33, main, main)
07:23:56.348 INFO: JdwpEventCenterDelegate: THREAD_RESUMED: thread (33, main, main)
07:23:56.349 INFO: JdwpEventCenterDelegate: THREAD_RESUMED: thread (33, main, main)
07:23:56.605 INFO: JdwpEventCenterDelegate: THREAD_RESUMED: thread (33, main, main)
07:23:56.605 INFO: JdwpEventCenterDelegate: THREAD_RESUMED: thread (33, main, main)
07:23:56.606 INFO: JdwpEventCenterDelegate: THREAD_RESUMED: thread (33, main, main)
07:23:56.664 INFO: JdwpDebugServer: handling req: ThreadReference(11).Name(1)
07:23:56.666 INFO: JdwpDebugServer: handling req: ThreadReference(11).Name(1)
07:23:56.666 INFO: JdwpDebugServer: handling req: ThreadReference(11).Name(1)
07:23:56.667 INFO: JdwpDebugServer: handling req: ThreadReference(11).Name(1)
07:23:56.671 INFO: JdwpEventCenterDelegate: THREAD_RESUMED: thread (33, main, main)
07:23:56.672 INFO: JdwpEventCenterDelegate: THREAD_RESUMED: thread (33, main, main)
07:23:56.673 INFO: JdwpEventCenterDelegate: THREAD_RESUMED: thread (33, main, main)
07:23:56.699 INFO: JdwpEventCenterDelegate: THREAD_RESUMED: thread (33, main, main)
07:23:56.700 INFO: JdwpEventCenterDelegate: THREAD_RESUMED: thread (33, main, main)
07:23:56.700 INFO: JdwpEventCenterDelegate: THREAD_RESUMED: thread (33, main, main)
07:23:56.723 INFO: JdwpEventCenterDelegate: THREAD_RESUMED: thread (33, main, main)
07:23:56.723 INFO: JdwpEventCenterDelegate: THREAD_RESUMED: thread (33, main, main)
07:23:56.724 INFO: JdwpEventCenterDelegate: THREAD_RESUMED: thread (33, main, main)
07:23:56.725 INFO: JdwpEventCenterDelegate: THREAD_RESUMED: thread (33, main, main)
07:23:56.732 INFO: JdwpEventCenterDelegate: THREAD_RESUMED: thread (33, main, main)
07:23:56.732 INFO: JdwpEventCenterDelegate: THREAD_RESUMED: thread (33, main, main)
07:23:57.275 INFO: JdwpEventCenterDelegate: THREAD_RESUMED: thread (33, main, main)
07:23:57.276 INFO: JdwpEventCenterDelegate: THREAD_RESUMED: thread (33, main, main)
07:23:57.295 INFO: JdwpEventCenterDelegate: THREAD_RESUMED: thread (33, main, main)
07:23:57.296 INFO: JdwpEventCenterDelegate: THREAD_RESUMED: thread (33, main, main)
07:23:57.297 INFO: JdwpEventCenterDelegate: THREAD_RESUMED: thread (33, main, main)
07:23:57.297 INFO: JdwpEventCenterDelegate: THREAD_RESUMED: thread (33, main, main)
07:23:57.372 INFO: JdwpEventCenterDelegate: THREAD_RESUMED: thread (33, main, main)
07:23:57.781 INFO: JdwpDebugServer: handling req: EventRequest(15).Set(1)
07:23:57.781 INFO: JdwpEventCenterDelegate: jdwpSetEventRequest: JdwpEventRequest{requestId=133, eventKind=BREAKPOINT, suspendPolicy=EVENT_THREAD, predicates=[Location{classId=15500, methodId=1122, index=142} ]}
07:23:57.785 INFO: JdwpDebugServer: handling req: EventRequest(15).Set(1)
07:23:57.785 INFO: JdwpEventCenterDelegate: jdwpSetEventRequest: JdwpEventRequest{requestId=134, eventKind=BREAKPOINT, suspendPolicy=EVENT_THREAD, predicates=[Location{classId=15500, methodId=1122, index=141} ]}
07:23:57.790 INFO: JdwpDebugServer: handling req: ThreadReference(11).Resume(3)
07:23:57.790 INFO: JdwpEventCenterDelegate: THREAD_RESUMED: thread (33, main, main)
07:23:57.794 INFO: JdwpDebugServer: handling req: EventRequest(15).Set(1)
07:23:57.794 INFO: JdwpEventCenterDelegate: jdwpSetEventRequest: JdwpEventRequest{requestId=135, eventKind=BREAKPOINT, suspendPolicy=EVENT_THREAD, predicates=[Location{classId=21445, methodId=1762, index=136} ]}
07:23:57.798 INFO: JdwpDebugServer: handling req: ThreadReference(11).Resume(3)
07:23:57.798 INFO: JdwpEventCenterDelegate: THREAD_RESUMED: thread (33, main, main)
07:23:57.800 INFO: JdwpDebugServer: handling req: ThreadReference(11).Frames(6)
07:23:57.800 INFO: JdwpDebugServer: handling req: ReferenceType(2).MethodsWithGeneric(15)
07:23:57.802 INFO: JdwpDebugServer: handling req: ReferenceType(2).MethodsWithGeneric(15)
07:23:57.803 INFO: JdwpDebugServer: handling req: ReferenceType(2).MethodsWithGeneric(15)
07:23:57.803 INFO: JdwpDebugServer: handling req: ReferenceType(2).MethodsWithGeneric(15)
07:23:57.803 INFO: JdwpDebugServer: handling req: ReferenceType(2).MethodsWithGeneric(15)
07:23:57.804 INFO: JdwpDebugServer: handling req: ReferenceType(2).MethodsWithGeneric(15)
07:23:57.805 INFO: JdwpDebugServer: handling req: ThreadReference(11).FramesCount(7)
07:23:57.805 INFO: JdwpDebugServer: handling req: ThreadReference(11).FramesCount(7)
07:23:58.429 INFO: JdwpDebugServer: handling req: ReferenceType(2).SourceFile(7)
07:23:58.499 INFO: JdwpDebugServer: handling req: ThreadReference(11).Name(1)
07:23:58.499 INFO: JdwpDebugServer: handling req: ReferenceType(2).SignatureWithGeneric(13)
07:23:58.500 INFO: JdwpDebugServer: handling req: ThreadReference(11).Name(1)
07:23:58.500 INFO: JdwpDebugServer: handling req: ThreadReference(11).Name(1)
07:23:58.500 INFO: JdwpDebugServer: handling req: ThreadReference(11).Name(1)
07:23:58.500 INFO: JdwpDebugServer: handling req: ThreadReference(11).Name(1)
07:23:58.587 INFO: JdwpDebugServer: handling req: ReferenceType(2).FieldsWithGeneric(14)
07:23:58.591 INFO: JdwpDebugServer: handling req: ReferenceType(2).Interfaces(10)
07:23:58.591 INFO: JdwpDebugServer: handling req: ClassType(3).Superclass(1)
07:23:58.592 INFO: JdwpDebugServer: handling req: ClassType(3).Superclass(1)
07:23:58.593 INFO: JdwpDebugServer: handling req: Method(6).VariableTableWithGenerics(5)
07:23:59.085 INFO: JdwpDebugServer: handling req: StackFrame(16).GetValues(1)
07:23:59.092 INFO: JdwpDebugServer: handling req: ObjectReference(9).ReferenceType(1)
07:23:59.092 INFO: JdwpDebugServer: handling req: StackFrame(16).GetValues(1)
07:23:59.095 INFO: JdwpDebugServer: handling req: ReferenceType(2).FieldsWithGeneric(14)
07:23:59.095 INFO: JdwpDebugServer: handling req: StackFrame(16).GetValues(1)
07:23:59.095 INFO: JdwpDebugServer: handling req: ClassType(3).Superclass(1)
07:23:59.095 INFO: JdwpDebugServer: handling req: ReferenceType(2).Interfaces(10)
07:23:59.096 INFO: JdwpDebugServer: handling req: ClassType(3).Superclass(1)
07:23:59.096 INFO: JdwpDebugServer: handling req: ReferenceType(2).Interfaces(10)
07:23:59.096 INFO: JdwpDebugServer: handling req: ReferenceType(2).FieldsWithGeneric(14)
07:23:59.096 INFO: JdwpDebugServer: handling req: ReferenceType(2).Interfaces(10)
07:23:59.097 INFO: JdwpDebugServer: handling req: ReferenceType(2).Interfaces(10)
07:23:59.097 INFO: JdwpDebugServer: handling req: ReferenceType(2).Interfaces(10)
07:23:59.097 INFO: JdwpDebugServer: handling req: ReferenceType(2).FieldsWithGeneric(14)
07:23:59.097 INFO: JdwpDebugServer: handling req: ReferenceType(2).Interfaces(10)
07:23:59.097 INFO: JdwpDebugServer: handling req: ReferenceType(2).FieldsWithGeneric(14)
07:23:59.098 INFO: JdwpDebugServer: handling req: ClassType(3).Superclass(1)
07:23:59.098 INFO: JdwpDebugServer: handling req: StackFrame(16).GetValues(1)
07:23:59.098 INFO: JdwpDebugServer: handling req: StackFrame(16).GetValues(1)
07:23:59.099 INFO: JdwpDebugServer: handling req: StackFrame(16).GetValues(1)
07:23:59.099 INFO: JdwpDebugServer: handling req: StackFrame(16).GetValues(1)
07:23:59.099 INFO: JdwpDebugServer: handling req: StringReference(10).Value(1)
07:23:59.101 INFO: JdwpDebugServer: handling req: ObjectReference(9).ReferenceType(1)
07:23:59.102 INFO: JdwpDebugServer: handling req: StackFrame(16).GetValues(1)
07:23:59.102 INFO: JdwpDebugServer: handling req: StackFrame(16).GetValues(1)
07:23:59.103 INFO: JdwpDebugServer: handling req: StackFrame(16).GetValues(1)
07:23:59.103 INFO: JdwpDebugServer: handling req: StackFrame(16).GetValues(1)
07:23:59.103 INFO: JdwpDebugServer: handling req: ClassType(3).Superclass(1)
07:23:59.104 INFO: JdwpDebugServer: handling req: StackFrame(16).GetValues(1)
07:23:59.104 INFO: JdwpDebugServer: handling req: StackFrame(16).GetValues(1)
07:23:59.104 INFO: JdwpDebugServer: handling req: StackFrame(16).GetValues(1)
07:23:59.105 INFO: JdwpDebugServer: handling req: StringReference(10).Value(1)
07:23:59.107 INFO: JdwpDebugServer: handling req: StackFrame(16).GetValues(1)
07:23:59.107 INFO: JdwpDebugServer: handling req: StackFrame(16).GetValues(1)
07:23:59.125 INFO: JdwpDebugServer: handling req: ThreadReference(11).FramesCount(7)
07:23:59.134 INFO: JdwpDebugServer: handling req: ThreadReference(11).Name(1)
07:23:59.134 INFO: JdwpDebugServer: handling req: ThreadReference(11).FramesCount(7)
07:23:59.135 INFO: JdwpDebugServer: handling req: ThreadReference(11).Name(1)
07:23:59.135 INFO: JdwpDebugServer: handling req: ThreadReference(11).Name(1)
07:23:59.135 INFO: JdwpDebugServer: handling req: ThreadReference(11).Name(1)
07:23:59.140 INFO: JdwpDebugServer: handling req: StackFrame(16).ThisObject(3)
07:23:59.140 INFO: JdwpDebugServer: handling req: ObjectReference(9).ReferenceType(1)
07:23:59.141 INFO: JdwpDebugServer: handling req: Method(6).LineTable(1)
07:23:59.143 INFO: JdwpDebugServer: handling req: StackFrame(16).ThisObject(3)
07:23:59.143 INFO: JdwpDebugServer: handling req: ObjectReference(9).ReferenceType(1)
07:23:59.144 INFO: JdwpDebugServer: handling req: Method(6).LineTable(1)
07:23:59.144 INFO: JdwpDebugServer: handling req: StackFrame(16).ThisObject(3)
07:23:59.144 INFO: JdwpDebugServer: handling req: ObjectReference(9).ReferenceType(1)
07:23:59.145 INFO: JdwpDebugServer: handling req: Method(6).LineTable(1)
07:23:59.145 INFO: JdwpDebugServer: handling req: StackFrame(16).ThisObject(3)
07:23:59.145 INFO: JdwpDebugServer: handling req: ObjectReference(9).ReferenceType(1)
07:23:59.146 INFO: JdwpDebugServer: handling req: Method(6).LineTable(1)
07:23:59.146 INFO: JdwpDebugServer: handling req: StackFrame(16).ThisObject(3)
07:23:59.146 INFO: JdwpDebugServer: handling req: ObjectReference(9).ReferenceType(1)
07:23:59.146 INFO: JdwpDebugServer: handling req: Method(6).LineTable(1)
07:23:59.147 INFO: JdwpDebugServer: handling req: Method(6).LineTable(1)
07:23:59.148 INFO: JdwpDebugServer: handling req: Method(6).LineTable(1)
07:24:04.568 INFO: JdwpDebugServer: handling req: ThreadReference(11).Resume(3)
07:24:04.578 INFO: JdwpEventCenterDelegate: THREAD_RESUMED: thread (33, main, main)
07:24:04.587 INFO: JdwpDebugServer: handling req: EventRequest(15).Set(1)
07:24:04.588 INFO: JdwpEventCenterDelegate: jdwpSetEventRequest: JdwpEventRequest{requestId=136, eventKind=BREAKPOINT, suspendPolicy=EVENT_THREAD, predicates=[Location{classId=20400, methodId=1787, index=106} ]}
07:24:04.615 INFO: JdwpDebugServer: handling req: ThreadReference(11).Resume(3)
07:24:04.616 INFO: JdwpEventCenterDelegate: THREAD_RESUMED: thread (33, main, main)
07:24:04.629 INFO: JdwpDebugServer: handling req: ThreadReference(11).FramesCount(7)
07:24:04.629 INFO: JdwpDebugServer: handling req: ThreadReference(11).Frames(6)
07:24:04.630 INFO: JdwpDebugServer: handling req: ThreadReference(11).FramesCount(7)
07:24:04.630 INFO: JdwpDebugServer: handling req: ThreadReference(11).FramesCount(7)
07:24:04.636 INFO: JdwpDebugServer: handling req: ThreadReference(11).Name(1)
07:24:04.639 INFO: JdwpDebugServer: handling req: ThreadReference(11).Name(1)
07:24:04.639 INFO: JdwpDebugServer: handling req: ThreadReference(11).Name(1)
07:24:04.715 INFO: JdwpDebugServer: handling req: ThreadReference(11).FramesCount(7)
07:24:04.725 INFO: JdwpDebugServer: handling req: ThreadReference(11).Name(1)
07:24:04.725 INFO: JdwpDebugServer: handling req: ReferenceType(2).SignatureWithGeneric(13)
07:24:04.726 INFO: JdwpDebugServer: handling req: ThreadReference(11).Name(1)
07:24:04.727 INFO: JdwpDebugServer: handling req: ThreadReference(11).Name(1)
07:24:04.727 INFO: JdwpDebugServer: handling req: ThreadReference(11).Name(1)
07:24:04.728 INFO: JdwpDebugServer: handling req: ThreadReference(11).Name(1)
07:24:04.751 INFO: JdwpDebugServer: handling req: ReferenceType(2).FieldsWithGeneric(14)
07:24:04.751 INFO: JdwpDebugServer: handling req: ReferenceType(2).Interfaces(10)
07:24:04.751 INFO: JdwpDebugServer: handling req: ClassType(3).Superclass(1)
07:24:04.751 INFO: JdwpDebugServer: handling req: Method(6).VariableTableWithGenerics(5)
07:24:04.776 INFO: JdwpDebugServer: handling req: ThreadReference(11).Name(1)
07:24:04.782 INFO: JdwpDebugServer: handling req: ThreadReference(11).FramesCount(7)
07:24:04.783 INFO: JdwpDebugServer: handling req: StackFrame(16).GetValues(1)
07:24:04.783 INFO: JdwpDebugServer: handling req: ObjectReference(9).ReferenceType(1)
07:24:04.783 INFO: JdwpDebugServer: handling req: StackFrame(16).GetValues(1)
07:24:04.784 INFO: JdwpDebugServer: handling req: StackFrame(16).GetValues(1)
07:24:04.784 INFO: JdwpDebugServer: handling req: ClassType(3).Superclass(1)
07:24:04.784 INFO: JdwpDebugServer: handling req: StackFrame(16).GetValues(1)
07:24:04.784 INFO: JdwpDebugServer: handling req: ObjectReference(9).ReferenceType(1)
07:24:04.784 INFO: JdwpDebugServer: handling req: StackFrame(16).GetValues(1)
07:24:04.784 INFO: JdwpDebugServer: handling req: StackFrame(16).GetValues(1)
07:24:04.785 INFO: JdwpDebugServer: handling req: StackFrame(16).GetValues(1)
07:24:04.785 INFO: JdwpDebugServer: handling req: StackFrame(16).GetValues(1)
07:24:04.786 INFO: JdwpDebugServer: handling req: StringReference(10).Value(1)
07:24:04.786 INFO: JdwpDebugServer: handling req: StackFrame(16).GetValues(1)
07:24:04.786 INFO: JdwpDebugServer: handling req: StackFrame(16).GetValues(1)
07:24:04.787 INFO: JdwpDebugServer: handling req: StackFrame(16).GetValues(1)
07:24:04.787 INFO: JdwpDebugServer: handling req: StackFrame(16).GetValues(1)
07:24:04.787 INFO: JdwpDebugServer: handling req: StackFrame(16).GetValues(1)
07:24:04.788 INFO: JdwpDebugServer: handling req: StackFrame(16).GetValues(1)
07:24:04.788 INFO: JdwpDebugServer: handling req: ObjectReference(9).ReferenceType(1)
07:24:04.788 INFO: JdwpDebugServer: handling req: StackFrame(16).GetValues(1)
07:24:04.789 INFO: JdwpDebugServer: handling req: ReferenceType(2).FieldsWithGeneric(14)
07:24:04.791 INFO: JdwpDebugServer: handling req: StackFrame(16).GetValues(1)
07:24:04.792 INFO: JdwpDebugServer: handling req: ReferenceType(2).Interfaces(10)
07:24:04.792 INFO: JdwpDebugServer: handling req: ClassType(3).Superclass(1)
07:24:04.792 INFO: JdwpDebugServer: handling req: ReferenceType(2).FieldsWithGeneric(14)
07:24:04.792 INFO: JdwpDebugServer: handling req: StackFrame(16).GetValues(1)
07:24:04.792 INFO: JdwpDebugServer: handling req: ReferenceType(2).Interfaces(10)
07:24:04.792 INFO: JdwpDebugServer: handling req: StackFrame(16).GetValues(1)
07:24:04.792 INFO: JdwpDebugServer: handling req: ClassType(3).Superclass(1)
07:24:04.793 INFO: JdwpDebugServer: handling req: StackFrame(16).GetValues(1)
07:24:04.793 INFO: JdwpDebugServer: handling req: StringReference(10).Value(1)
07:24:04.793 INFO: JdwpDebugServer: handling req: StackFrame(16).GetValues(1)
07:24:04.794 INFO: JdwpDebugServer: handling req: StackFrame(16).GetValues(1)
07:24:04.794 INFO: JdwpDebugServer: handling req: StackFrame(16).GetValues(1)
07:24:04.795 INFO: JdwpDebugServer: handling req: ReferenceType(2).SourceFile(7)
07:24:04.795 INFO: JdwpDebugServer: handling req: StackFrame(16).GetValues(1)
07:24:04.796 INFO: JdwpDebugServer: handling req: StackFrame(16).GetValues(1)
07:24:04.796 INFO: JdwpDebugServer: handling req: StackFrame(16).GetValues(1)
07:24:04.797 INFO: JdwpDebugServer: handling req: StackFrame(16).GetValues(1)
07:24:04.797 INFO: JdwpDebugServer: handling req: StackFrame(16).GetValues(1)
07:24:04.799 INFO: JdwpDebugServer: handling req: StackFrame(16).GetValues(1)
07:24:04.800 INFO: JdwpDebugServer: handling req: StackFrame(16).GetValues(1)
07:24:04.801 INFO: JdwpDebugServer: handling req: StackFrame(16).GetValues(1)
07:24:04.801 INFO: JdwpDebugServer: handling req: StackFrame(16).GetValues(1)
07:24:04.802 INFO: JdwpDebugServer: handling req: StackFrame(16).GetValues(1)
07:24:04.802 INFO: JdwpDebugServer: handling req: StackFrame(16).GetValues(1)
07:24:04.803 INFO: JdwpDebugServer: handling req: StackFrame(16).GetValues(1)
07:24:04.803 INFO: JdwpDebugServer: handling req: StackFrame(16).GetValues(1)
07:24:04.804 INFO: JdwpDebugServer: handling req: StackFrame(16).GetValues(1)
07:24:04.805 INFO: JdwpDebugServer: handling req: StackFrame(16).GetValues(1)
07:24:04.805 INFO: JdwpDebugServer: handling req: StackFrame(16).GetValues(1)
07:24:04.805 INFO: JdwpDebugServer: handling req: StackFrame(16).GetValues(1)
07:24:04.806 INFO: JdwpDebugServer: handling req: StackFrame(16).GetValues(1)
07:24:04.806 INFO: JdwpDebugServer: handling req: StackFrame(16).GetValues(1)
07:24:04.806 INFO: JdwpDebugServer: handling req: StackFrame(16).GetValues(1)
07:24:04.807 INFO: JdwpDebugServer: handling req: StackFrame(16).ThisObject(3)
07:24:04.807 INFO: JdwpDebugServer: handling req: ObjectReference(9).ReferenceType(1)
07:24:04.808 INFO: JdwpDebugServer: handling req: StackFrame(16).GetValues(1)
07:24:04.808 INFO: JdwpDebugServer: handling req: StackFrame(16).GetValues(1)
07:24:04.809 INFO: JdwpDebugServer: handling req: StackFrame(16).GetValues(1)
07:24:04.809 INFO: JdwpDebugServer: handling req: StackFrame(16).GetValues(1)
07:24:04.809 INFO: JdwpDebugServer: handling req: StackFrame(16).GetValues(1)
07:24:04.809 INFO: JdwpDebugServer: handling req: StackFrame(16).GetValues(1)
07:24:04.810 INFO: JdwpDebugServer: handling req: StackFrame(16).GetValues(1)
07:24:04.810 INFO: JdwpDebugServer: handling req: StackFrame(16).ThisObject(3)
07:24:04.810 INFO: JdwpDebugServer: handling req: ObjectReference(9).ReferenceType(1)
07:24:04.811 INFO: JdwpDebugServer: handling req: StackFrame(16).ThisObject(3)
07:24:04.811 INFO: JdwpDebugServer: handling req: ObjectReference(9).ReferenceType(1)
07:24:04.812 INFO: JdwpDebugServer: handling req: StackFrame(16).ThisObject(3)
07:24:04.812 INFO: JdwpDebugServer: handling req: ObjectReference(9).ReferenceType(1)
07:24:04.812 INFO: JdwpDebugServer: handling req: StackFrame(16).ThisObject(3)
07:24:04.813 INFO: JdwpDebugServer: handling req: ObjectReference(9).ReferenceType(1)
07:24:04.813 INFO: JdwpDebugServer: handling req: StackFrame(16).GetValues(1)
07:24:04.813 INFO: JdwpDebugServer: handling req: StackFrame(16).GetValues(1)
07:24:04.814 INFO: JdwpDebugServer: handling req: ClassType(3).Superclass(1)
07:24:04.814 INFO: JdwpDebugServer: handling req: StackFrame(16).GetValues(1)
07:24:04.814 INFO: JdwpDebugServer: handling req: StackFrame(16).GetValues(1)
07:24:04.814 INFO: JdwpDebugServer: handling req: StackFrame(16).GetValues(1)
07:24:04.815 INFO: JdwpDebugServer: handling req: StackFrame(16).GetValues(1)
07:24:04.815 INFO: JdwpDebugServer: handling req: StackFrame(16).GetValues(1)
07:24:05.940 INFO: JdwpDebugServer: handling req: ThreadReference(11).Resume(3)
07:24:05.941 INFO: JdwpEventCenterDelegate: THREAD_RESUMED: thread (33, main, main)
07:24:05.942 INFO: JdwpDebugServer: handling req: ReferenceType(2).MethodsWithGeneric(15)
07:24:05.943 INFO: JdwpDebugServer: handling req: Method(6).LineTable(1)
07:24:05.943 INFO: JdwpDebugServer: handling req: Method(6).LineTable(1)
07:24:05.943 INFO: JdwpDebugServer: handling req: Method(6).LineTable(1)
07:24:05.943 INFO: JdwpDebugServer: handling req: ThreadReference(11).Resume(3)
07:24:05.944 INFO: JdwpEventCenterDelegate: THREAD_RESUMED: thread (33, main, main)
07:24:05.945 INFO: JdwpEventCenterDelegate: THREAD_RESUMED: thread (33, main, main)
07:24:05.978 SEVERE: Debugger: Thread HooksChannel socket thread crashed
org.robovm.debugger.DebuggerException: java.nio.BufferUnderflowException
	at org.robovm.debugger.hooks.HooksChannel.doSocketWork(HooksChannel.java:149)
	at java.base/java.lang.Thread.run(Thread.java:833)
	at org.robovm.debugger.utils.DebuggerThread.run(DebuggerThread.java:42)
Caused by: java.nio.BufferUnderflowException
	at org.robovm.debugger.utils.bytebuffer.DataBufferWriter.writeFromStream(DataBufferWriter.java:91)
	at org.robovm.debugger.hooks.HooksChannel.doSocketWork(HooksChannel.java:116)
	... 2 more
07:24:05.986 INFO: JdwpDebugServer: handling req: ThreadReference(11).Name(1)
