10:22:41.955 INFO: JdwpEventCenterDelegate: THREAD_STARTED: thread (33, main, main)
10:22:41.967 INFO: JdwpEventCenterDelegate: THREAD_STARTED: thread (48, ReferenceQueueDaemon, main)
10:22:41.973 INFO: JdwpEventCenterDelegate: THREAD_STARTED: thread (63, FinalizerDaemon, main)
10:22:41.978 INFO: JdwpEventCenterDelegate: THREAD_STARTED: thread (78, FinalizerWatchdogDaemon, main)
10:22:46.312 INFO: JdwpDebugServer: handling req: VirtualMachine(1).IDSizes(7)
10:22:46.313 INFO: JdwpDebugServer: handling req: EventRequest(15).Set(1)
10:22:46.313 INFO: JdwpEventCenterDelegate: jdwpSetEventRequest: JdwpEventRequest{requestId=100, eventKind=CLASS_UNLOAD, suspendPolicy=NONE, predicates=[]}
10:22:46.314 INFO: JdwpDebugServer: handling req: EventRequest(15).Set(1)
10:22:46.314 INFO: JdwpEventCenterDelegate: jdwpSetEventRequest: JdwpEventRequest{requestId=101, eventKind=THREAD_START, suspendPolicy=NONE, predicates=[]}
10:22:46.315 INFO: JdwpDebugServer: handling req: VirtualMachine(1).ClassesBySignature(2)
10:22:46.317 INFO: JdwpDebugServer: handling req: VirtualMachine(1).Version(1)
10:22:46.318 INFO: JdwpDebugServer: handling req: ReferenceType(2).MethodsWithGeneric(15)
10:22:46.318 INFO: JdwpDebugServer: handling req: Method(6).LineTable(1)
10:22:46.319 INFO: JdwpDebugServer: handling req: EventRequest(15).Set(1)
10:22:46.320 INFO: JdwpEventCenterDelegate: jdwpSetEventRequest: JdwpEventRequest{requestId=102, eventKind=BREAKPOINT, suspendPolicy=NONE, predicates=[Location{classId=845, methodId=257, index=928} ]}
10:22:46.321 INFO: JdwpDebugServer: handling req: EventRequest(15).Set(1)
10:22:46.321 INFO: JdwpEventCenterDelegate: jdwpSetEventRequest: JdwpEventRequest{requestId=103, eventKind=THREAD_DEATH, suspendPolicy=NONE, predicates=[]}
10:22:46.321 INFO: JdwpDebugServer: handling req: VirtualMachine(1).AllThreads(4)
10:22:46.322 INFO: JdwpDebugServer: handling req: ThreadReference(11).ThreadGroup(5)
10:22:46.322 INFO: JdwpDebugServer: handling req: ThreadGroup(12).Name(1)
10:22:46.323 INFO: JdwpDebugServer: handling req: ThreadGroup(12).Parent(2)
10:22:46.323 INFO: JdwpDebugServer: handling req: ObjectReference(9).ReferenceType(1)
10:22:46.323 INFO: JdwpDebugServer: handling req: ReferenceType(2).FieldsWithGeneric(14)
10:22:46.324 INFO: JdwpDebugServer: handling req: ReferenceType(2).Interfaces(10)
10:22:46.325 INFO: JdwpDebugServer: handling req: ReferenceType(2).FieldsWithGeneric(14)
10:22:46.327 INFO: JdwpDebugServer: handling req: ReferenceType(2).Interfaces(10)
10:22:46.328 INFO: JdwpDebugServer: handling req: ClassType(3).Superclass(1)
10:22:46.328 INFO: JdwpDebugServer: handling req: ReferenceType(2).FieldsWithGeneric(14)
10:22:46.330 INFO: JdwpDebugServer: handling req: ReferenceType(2).Interfaces(10)
10:22:46.330 INFO: JdwpDebugServer: handling req: ClassType(3).Superclass(1)
10:22:46.330 INFO: JdwpDebugServer: handling req: ObjectReference(9).GetValues(2)
10:22:46.332 INFO: JdwpDebugServer: handling req: ThreadReference(11).Status(4)
10:22:46.332 INFO: JdwpDebugServer: handling req: ThreadReference(11).Status(4)
10:22:46.333 INFO: JdwpDebugServer: handling req: ThreadReference(11).ThreadGroup(5)
10:22:46.333 INFO: JdwpDebugServer: handling req: ObjectReference(9).ReferenceType(1)
10:22:46.333 INFO: JdwpDebugServer: handling req: ObjectReference(9).GetValues(2)
10:22:46.334 INFO: JdwpDebugServer: handling req: ThreadReference(11).Status(4)
10:22:46.335 INFO: JdwpDebugServer: handling req: ThreadReference(11).Status(4)
10:22:46.335 INFO: JdwpDebugServer: handling req: ThreadReference(11).ThreadGroup(5)
10:22:46.335 INFO: JdwpDebugServer: handling req: ObjectReference(9).ReferenceType(1)
10:22:46.335 INFO: JdwpDebugServer: handling req: ObjectReference(9).GetValues(2)
10:22:46.337 INFO: JdwpDebugServer: handling req: ThreadReference(11).Status(4)
10:22:46.337 INFO: JdwpDebugServer: handling req: ThreadReference(11).Status(4)
10:22:46.337 INFO: JdwpDebugServer: handling req: ThreadReference(11).ThreadGroup(5)
10:22:46.337 INFO: JdwpDebugServer: handling req: ObjectReference(9).ReferenceType(1)
10:22:46.337 INFO: JdwpDebugServer: handling req: ObjectReference(9).GetValues(2)
10:22:46.339 INFO: JdwpDebugServer: handling req: ThreadReference(11).Status(4)
10:22:46.339 INFO: JdwpDebugServer: handling req: ThreadReference(11).Status(4)
10:22:46.340 INFO: JdwpDebugServer: handling req: EventRequest(15).Set(1)
10:22:46.340 INFO: JdwpEventCenterDelegate: jdwpSetEventRequest: JdwpEventRequest{requestId=104, eventKind=CLASS_PREPARE, suspendPolicy=EVENT_THREAD, predicates=[className=com.abdalla.bushnaq.pluvia.engine.AudioManager]}
10:22:46.344 INFO: JdwpDebugServer: handling req: EventRequest(15).Set(1)
10:22:46.344 INFO: JdwpEventCenterDelegate: jdwpSetEventRequest: JdwpEventRequest{requestId=105, eventKind=CLASS_PREPARE, suspendPolicy=EVENT_THREAD, predicates=[className=com.abdalla.bushnaq.pluvia.engine.AudioManager$*]}
10:22:46.346 INFO: JdwpDebugServer: handling req: VirtualMachine(1).ClassesBySignature(2)
10:22:46.346 INFO: JdwpDebugServer: handling req: ReferenceType(2).MethodsWithGeneric(15)
10:22:46.349 INFO: JdwpDebugServer: handling req: Method(6).LineTable(1)
10:22:46.350 INFO: JdwpDebugServer: handling req: Method(6).LineTable(1)
10:22:46.350 INFO: JdwpDebugServer: handling req: Method(6).LineTable(1)
10:22:46.350 INFO: JdwpDebugServer: handling req: Method(6).LineTable(1)
10:22:46.350 INFO: JdwpDebugServer: handling req: VirtualMachine(1).ClassesBySignature(2)
10:22:46.350 INFO: JdwpDebugServer: handling req: VirtualMachine(1).AllClassesWithGeneric(20)
10:22:46.363 INFO: JdwpDebugServer: handling req: VirtualMachine(1).capabilitiesNew(17)
10:22:46.366 INFO: JdwpDebugServer: handling req: EventRequest(15).Set(1)
10:22:46.366 INFO: JdwpEventCenterDelegate: jdwpSetEventRequest: JdwpEventRequest{requestId=106, eventKind=CLASS_PREPARE, suspendPolicy=EVENT_THREAD, predicates=[className=java.lang.Error]}
10:22:46.370 INFO: JdwpDebugServer: handling req: EventRequest(15).Set(1)
10:22:46.370 INFO: JdwpEventCenterDelegate: jdwpSetEventRequest: JdwpEventRequest{requestId=107, eventKind=CLASS_PREPARE, suspendPolicy=EVENT_THREAD, predicates=[className=java.lang.Error$*]}
10:22:46.371 INFO: JdwpDebugServer: handling req: VirtualMachine(1).ClassesBySignature(2)
10:22:46.371 INFO: JdwpDebugServer: handling req: EventRequest(15).Set(1)
10:22:46.371 INFO: JdwpEventCenterDelegate: jdwpSetEventRequest: JdwpEventRequest{requestId=108, eventKind=EXCEPTION, suspendPolicy=EVENT_THREAD, predicates=[exceptionType=3425(caught=true, uncaught=true)]}
10:22:46.378 INFO: JdwpDebugServer: handling req: EventRequest(15).Set(1)
10:22:46.378 INFO: JdwpEventCenterDelegate: jdwpSetEventRequest: JdwpEventRequest{requestId=109, eventKind=CLASS_PREPARE, suspendPolicy=EVENT_THREAD, predicates=[className=java.lang.Throwable]}
10:22:46.380 INFO: JdwpDebugServer: handling req: EventRequest(15).Set(1)
10:22:46.380 INFO: JdwpEventCenterDelegate: jdwpSetEventRequest: JdwpEventRequest{requestId=110, eventKind=CLASS_PREPARE, suspendPolicy=EVENT_THREAD, predicates=[className=java.lang.Throwable$*]}
10:22:46.381 INFO: JdwpDebugServer: handling req: VirtualMachine(1).ClassesBySignature(2)
10:22:46.382 INFO: JdwpDebugServer: handling req: EventRequest(15).Set(1)
10:22:46.382 INFO: JdwpEventCenterDelegate: jdwpSetEventRequest: JdwpEventRequest{requestId=111, eventKind=EXCEPTION, suspendPolicy=EVENT_THREAD, predicates=[exceptionType=7695(caught=false, uncaught=true)]}
10:22:46.383 INFO: JdwpDebugServer: handling req: ThreadReference(11).SuspendCount(12)
10:22:46.384 INFO: JdwpDebugServer: handling req: ThreadReference(11).SuspendCount(12)
10:22:46.384 INFO: JdwpDebugServer: handling req: ThreadReference(11).SuspendCount(12)
10:22:46.384 INFO: JdwpDebugServer: handling req: ThreadReference(11).SuspendCount(12)
10:22:46.384 INFO: JdwpDebugServer: handling req: VirtualMachine(1).AllThreads(4)
10:22:46.384 INFO: JdwpDebugServer: handling req: VirtualMachine(1).Resume(9)
10:22:46.464 INFO: JdwpEventCenterDelegate: THREAD_RESUMED: thread (33, main, main)
10:22:46.465 INFO: JdwpEventCenterDelegate: THREAD_RESUMED: thread (33, main, main)
10:22:46.466 INFO: JdwpEventCenterDelegate: THREAD_RESUMED: thread (33, main, main)
10:22:46.467 INFO: JdwpEventCenterDelegate: THREAD_RESUMED: thread (33, main, main)
10:22:46.469 INFO: JdwpEventCenterDelegate: THREAD_RESUMED: thread (33, main, main)
10:22:46.471 INFO: JdwpEventCenterDelegate: THREAD_RESUMED: thread (33, main, main)
10:22:46.472 INFO: JdwpEventCenterDelegate: THREAD_RESUMED: thread (33, main, main)
10:22:46.474 INFO: JdwpEventCenterDelegate: THREAD_RESUMED: thread (33, main, main)
10:22:46.475 INFO: JdwpEventCenterDelegate: THREAD_RESUMED: thread (33, main, main)
10:22:46.477 INFO: JdwpEventCenterDelegate: THREAD_RESUMED: thread (33, main, main)
10:22:46.486 INFO: JdwpEventCenterDelegate: THREAD_RESUMED: thread (33, main, main)
10:22:46.490 INFO: JdwpEventCenterDelegate: THREAD_RESUMED: thread (33, main, main)
10:22:46.491 INFO: JdwpEventCenterDelegate: THREAD_RESUMED: thread (33, main, main)
10:22:46.496 INFO: JdwpEventCenterDelegate: THREAD_RESUMED: thread (33, main, main)
10:22:46.498 INFO: JdwpEventCenterDelegate: THREAD_RESUMED: thread (33, main, main)
10:22:46.499 INFO: JdwpEventCenterDelegate: THREAD_RESUMED: thread (33, main, main)
10:22:46.501 INFO: JdwpEventCenterDelegate: THREAD_RESUMED: thread (33, main, main)
10:22:46.502 INFO: JdwpEventCenterDelegate: THREAD_RESUMED: thread (33, main, main)
10:22:46.508 INFO: JdwpEventCenterDelegate: THREAD_RESUMED: thread (33, main, main)
10:22:46.509 INFO: JdwpEventCenterDelegate: THREAD_RESUMED: thread (33, main, main)
10:22:46.511 INFO: JdwpEventCenterDelegate: THREAD_RESUMED: thread (33, main, main)
10:22:46.513 INFO: JdwpEventCenterDelegate: THREAD_RESUMED: thread (33, main, main)
10:22:46.514 INFO: JdwpEventCenterDelegate: THREAD_RESUMED: thread (33, main, main)
10:22:46.516 INFO: JdwpEventCenterDelegate: THREAD_RESUMED: thread (33, main, main)
10:22:46.517 INFO: JdwpEventCenterDelegate: THREAD_RESUMED: thread (33, main, main)
10:22:46.563 INFO: JdwpEventCenterDelegate: THREAD_RESUMED: thread (33, main, main)
10:22:46.564 INFO: JdwpEventCenterDelegate: THREAD_RESUMED: thread (33, main, main)
10:22:46.565 INFO: JdwpEventCenterDelegate: THREAD_RESUMED: thread (33, main, main)
10:22:46.566 INFO: JdwpEventCenterDelegate: THREAD_RESUMED: thread (33, main, main)
10:22:46.567 INFO: JdwpEventCenterDelegate: THREAD_RESUMED: thread (33, main, main)
10:22:46.569 INFO: JdwpEventCenterDelegate: THREAD_RESUMED: thread (33, main, main)
10:22:46.570 INFO: JdwpEventCenterDelegate: THREAD_RESUMED: thread (33, main, main)
10:22:46.575 INFO: JdwpEventCenterDelegate: THREAD_RESUMED: thread (33, main, main)
10:22:46.577 INFO: JdwpEventCenterDelegate: THREAD_RESUMED: thread (33, main, main)
10:22:46.578 INFO: JdwpEventCenterDelegate: THREAD_RESUMED: thread (33, main, main)
10:22:46.579 INFO: JdwpEventCenterDelegate: THREAD_RESUMED: thread (33, main, main)
10:22:46.580 INFO: JdwpEventCenterDelegate: THREAD_RESUMED: thread (33, main, main)
10:22:46.581 INFO: JdwpEventCenterDelegate: THREAD_RESUMED: thread (33, main, main)
10:22:46.582 INFO: JdwpEventCenterDelegate: THREAD_RESUMED: thread (33, main, main)
10:22:46.610 INFO: JdwpEventCenterDelegate: THREAD_RESUMED: thread (33, main, main)
10:22:46.612 INFO: JdwpEventCenterDelegate: THREAD_RESUMED: thread (33, main, main)
10:22:46.613 INFO: JdwpEventCenterDelegate: THREAD_RESUMED: thread (33, main, main)
10:22:46.614 INFO: JdwpEventCenterDelegate: THREAD_RESUMED: thread (33, main, main)
10:22:46.615 INFO: JdwpEventCenterDelegate: THREAD_RESUMED: thread (33, main, main)
10:22:46.616 INFO: JdwpEventCenterDelegate: THREAD_RESUMED: thread (33, main, main)
10:22:46.617 INFO: JdwpEventCenterDelegate: THREAD_RESUMED: thread (33, main, main)
10:22:46.632 INFO: JdwpEventCenterDelegate: THREAD_RESUMED: thread (33, main, main)
10:22:46.633 INFO: JdwpEventCenterDelegate: THREAD_RESUMED: thread (33, main, main)
10:22:46.635 INFO: JdwpEventCenterDelegate: THREAD_RESUMED: thread (33, main, main)
10:22:46.636 INFO: JdwpEventCenterDelegate: THREAD_RESUMED: thread (33, main, main)
10:22:46.636 INFO: JdwpEventCenterDelegate: THREAD_RESUMED: thread (33, main, main)
10:22:46.637 INFO: JdwpEventCenterDelegate: THREAD_RESUMED: thread (33, main, main)
10:22:46.639 INFO: JdwpEventCenterDelegate: THREAD_RESUMED: thread (33, main, main)
10:22:46.652 INFO: JdwpEventCenterDelegate: THREAD_RESUMED: thread (33, main, main)
10:22:46.653 INFO: JdwpEventCenterDelegate: THREAD_RESUMED: thread (33, main, main)
10:22:46.655 INFO: JdwpEventCenterDelegate: THREAD_RESUMED: thread (33, main, main)
10:22:46.656 INFO: JdwpEventCenterDelegate: THREAD_RESUMED: thread (33, main, main)
10:22:46.658 INFO: JdwpEventCenterDelegate: THREAD_RESUMED: thread (33, main, main)
10:22:46.659 INFO: JdwpEventCenterDelegate: THREAD_RESUMED: thread (33, main, main)
10:22:46.660 INFO: JdwpEventCenterDelegate: THREAD_RESUMED: thread (33, main, main)
10:22:46.669 INFO: JdwpEventCenterDelegate: THREAD_RESUMED: thread (33, main, main)
10:22:46.671 INFO: JdwpEventCenterDelegate: THREAD_RESUMED: thread (33, main, main)
10:22:46.672 INFO: JdwpEventCenterDelegate: THREAD_RESUMED: thread (33, main, main)
10:22:46.674 INFO: JdwpEventCenterDelegate: THREAD_RESUMED: thread (33, main, main)
10:22:46.675 INFO: JdwpEventCenterDelegate: THREAD_RESUMED: thread (33, main, main)
10:22:46.677 INFO: JdwpEventCenterDelegate: THREAD_RESUMED: thread (33, main, main)
10:22:46.678 INFO: JdwpEventCenterDelegate: THREAD_RESUMED: thread (33, main, main)
10:22:46.679 INFO: JdwpEventCenterDelegate: THREAD_RESUMED: thread (33, main, main)
10:22:46.681 INFO: JdwpEventCenterDelegate: THREAD_RESUMED: thread (33, main, main)
10:22:46.682 INFO: JdwpEventCenterDelegate: THREAD_RESUMED: thread (33, main, main)
10:22:46.683 INFO: JdwpEventCenterDelegate: THREAD_RESUMED: thread (33, main, main)
10:22:46.685 INFO: JdwpEventCenterDelegate: THREAD_RESUMED: thread (33, main, main)
10:22:46.686 INFO: JdwpEventCenterDelegate: THREAD_RESUMED: thread (33, main, main)
10:22:46.687 INFO: JdwpEventCenterDelegate: THREAD_RESUMED: thread (33, main, main)
10:22:46.689 INFO: JdwpEventCenterDelegate: THREAD_RESUMED: thread (33, main, main)
10:22:46.689 INFO: JdwpEventCenterDelegate: THREAD_RESUMED: thread (33, main, main)
10:22:46.690 INFO: JdwpEventCenterDelegate: THREAD_RESUMED: thread (33, main, main)
10:22:46.691 INFO: JdwpEventCenterDelegate: THREAD_RESUMED: thread (33, main, main)
10:22:46.695 INFO: JdwpEventCenterDelegate: THREAD_RESUMED: thread (33, main, main)
10:22:46.696 INFO: JdwpEventCenterDelegate: THREAD_RESUMED: thread (33, main, main)
10:22:46.902 INFO: JdwpEventCenterDelegate: THREAD_RESUMED: thread (33, main, main)
10:22:46.903 INFO: JdwpEventCenterDelegate: THREAD_RESUMED: thread (33, main, main)
10:22:46.916 INFO: JdwpEventCenterDelegate: THREAD_RESUMED: thread (33, main, main)
10:22:46.917 INFO: JdwpEventCenterDelegate: THREAD_RESUMED: thread (33, main, main)
10:22:46.919 INFO: JdwpEventCenterDelegate: THREAD_RESUMED: thread (33, main, main)
10:22:46.920 INFO: JdwpEventCenterDelegate: THREAD_RESUMED: thread (33, main, main)
10:22:46.925 INFO: JdwpEventCenterDelegate: THREAD_RESUMED: thread (33, main, main)
10:22:46.926 INFO: JdwpEventCenterDelegate: THREAD_RESUMED: thread (33, main, main)
10:22:46.988 INFO: JdwpEventCenterDelegate: THREAD_RESUMED: thread (33, main, main)
10:22:47.176 INFO: JdwpEventCenterDelegate: THREAD_RESUMED: thread (33, main, main)
10:22:47.178 INFO: JdwpEventCenterDelegate: THREAD_RESUMED: thread (33, main, main)
10:22:47.179 INFO: JdwpEventCenterDelegate: THREAD_RESUMED: thread (33, main, main)
10:22:47.181 INFO: JdwpEventCenterDelegate: THREAD_RESUMED: thread (33, main, main)
10:22:47.182 INFO: JdwpEventCenterDelegate: THREAD_RESUMED: thread (33, main, main)
10:22:47.184 INFO: JdwpEventCenterDelegate: THREAD_RESUMED: thread (33, main, main)
10:22:47.193 INFO: JdwpEventCenterDelegate: THREAD_RESUMED: thread (33, main, main)
10:22:47.194 INFO: JdwpEventCenterDelegate: THREAD_RESUMED: thread (33, main, main)
10:22:47.196 INFO: JdwpEventCenterDelegate: THREAD_RESUMED: thread (33, main, main)
10:22:47.198 INFO: JdwpEventCenterDelegate: THREAD_RESUMED: thread (33, main, main)
10:22:47.199 INFO: JdwpEventCenterDelegate: THREAD_RESUMED: thread (33, main, main)
10:22:47.201 INFO: JdwpEventCenterDelegate: THREAD_RESUMED: thread (33, main, main)
10:22:47.204 INFO: JdwpEventCenterDelegate: THREAD_RESUMED: thread (33, main, main)
10:22:47.220 INFO: JdwpEventCenterDelegate: THREAD_RESUMED: thread (33, main, main)
10:22:47.236 INFO: JdwpEventCenterDelegate: THREAD_RESUMED: thread (33, main, main)
10:22:47.250 INFO: JdwpEventCenterDelegate: THREAD_RESUMED: thread (33, main, main)
10:22:47.261 INFO: JdwpEventCenterDelegate: THREAD_RESUMED: thread (33, main, main)
10:22:47.276 INFO: JdwpEventCenterDelegate: THREAD_RESUMED: thread (33, main, main)
10:22:47.300 INFO: JdwpEventCenterDelegate: THREAD_RESUMED: thread (33, main, main)
10:22:47.306 INFO: JdwpEventCenterDelegate: THREAD_RESUMED: thread (33, main, main)
10:22:47.311 INFO: JdwpEventCenterDelegate: THREAD_RESUMED: thread (33, main, main)
10:22:47.316 INFO: JdwpEventCenterDelegate: THREAD_RESUMED: thread (33, main, main)
10:22:47.322 INFO: JdwpEventCenterDelegate: THREAD_RESUMED: thread (33, main, main)
10:22:47.327 INFO: JdwpEventCenterDelegate: THREAD_RESUMED: thread (33, main, main)
10:22:47.339 INFO: JdwpEventCenterDelegate: THREAD_RESUMED: thread (33, main, main)
10:22:47.345 INFO: JdwpEventCenterDelegate: THREAD_RESUMED: thread (33, main, main)
10:22:47.352 INFO: JdwpEventCenterDelegate: THREAD_RESUMED: thread (33, main, main)
10:22:47.361 INFO: JdwpEventCenterDelegate: THREAD_RESUMED: thread (33, main, main)
10:22:47.366 INFO: JdwpEventCenterDelegate: THREAD_RESUMED: thread (33, main, main)
10:22:47.373 INFO: JdwpEventCenterDelegate: THREAD_RESUMED: thread (33, main, main)
10:22:47.379 INFO: JdwpEventCenterDelegate: THREAD_RESUMED: thread (33, main, main)
10:22:47.382 INFO: JdwpEventCenterDelegate: THREAD_RESUMED: thread (33, main, main)
10:22:47.384 INFO: JdwpEventCenterDelegate: THREAD_RESUMED: thread (33, main, main)
10:22:47.386 INFO: JdwpEventCenterDelegate: THREAD_RESUMED: thread (33, main, main)
10:22:47.388 INFO: JdwpEventCenterDelegate: THREAD_RESUMED: thread (33, main, main)
10:22:47.391 INFO: JdwpEventCenterDelegate: THREAD_RESUMED: thread (33, main, main)
10:22:47.392 INFO: JdwpEventCenterDelegate: THREAD_RESUMED: thread (33, main, main)
10:22:47.394 INFO: JdwpEventCenterDelegate: THREAD_RESUMED: thread (33, main, main)
10:22:47.396 INFO: JdwpEventCenterDelegate: THREAD_RESUMED: thread (33, main, main)
10:22:47.397 INFO: JdwpEventCenterDelegate: THREAD_RESUMED: thread (33, main, main)
10:22:47.398 INFO: JdwpEventCenterDelegate: THREAD_RESUMED: thread (33, main, main)
10:22:47.400 INFO: JdwpEventCenterDelegate: THREAD_RESUMED: thread (33, main, main)
10:22:47.402 INFO: JdwpEventCenterDelegate: THREAD_RESUMED: thread (33, main, main)
10:22:47.404 INFO: JdwpEventCenterDelegate: THREAD_RESUMED: thread (33, main, main)
10:22:47.405 INFO: JdwpEventCenterDelegate: THREAD_RESUMED: thread (33, main, main)
10:22:47.407 INFO: JdwpEventCenterDelegate: THREAD_RESUMED: thread (33, main, main)
10:22:47.408 INFO: JdwpEventCenterDelegate: THREAD_RESUMED: thread (33, main, main)
10:22:47.411 INFO: JdwpEventCenterDelegate: THREAD_RESUMED: thread (33, main, main)
10:22:47.412 INFO: JdwpEventCenterDelegate: THREAD_RESUMED: thread (33, main, main)
10:22:47.413 INFO: JdwpEventCenterDelegate: THREAD_RESUMED: thread (33, main, main)
10:22:47.415 INFO: JdwpEventCenterDelegate: THREAD_RESUMED: thread (33, main, main)
10:22:47.417 INFO: JdwpEventCenterDelegate: THREAD_RESUMED: thread (33, main, main)
10:22:47.418 INFO: JdwpEventCenterDelegate: THREAD_RESUMED: thread (33, main, main)
10:22:47.420 INFO: JdwpEventCenterDelegate: THREAD_RESUMED: thread (33, main, main)
10:22:47.422 INFO: JdwpEventCenterDelegate: THREAD_RESUMED: thread (33, main, main)
10:22:47.424 INFO: JdwpEventCenterDelegate: THREAD_RESUMED: thread (33, main, main)
10:22:47.425 INFO: JdwpEventCenterDelegate: THREAD_RESUMED: thread (33, main, main)
10:22:47.427 INFO: JdwpEventCenterDelegate: THREAD_RESUMED: thread (33, main, main)
10:22:47.428 INFO: JdwpEventCenterDelegate: THREAD_RESUMED: thread (33, main, main)
10:22:47.430 INFO: JdwpEventCenterDelegate: THREAD_RESUMED: thread (33, main, main)
10:22:47.431 INFO: JdwpEventCenterDelegate: THREAD_RESUMED: thread (33, main, main)
10:22:47.433 INFO: JdwpEventCenterDelegate: THREAD_RESUMED: thread (33, main, main)
10:22:47.434 INFO: JdwpEventCenterDelegate: THREAD_RESUMED: thread (33, main, main)
10:22:47.436 INFO: JdwpEventCenterDelegate: THREAD_RESUMED: thread (33, main, main)
10:22:47.457 INFO: JdwpEventCenterDelegate: THREAD_RESUMED: thread (33, main, main)
10:22:47.459 INFO: JdwpEventCenterDelegate: THREAD_RESUMED: thread (33, main, main)
10:22:47.461 INFO: JdwpEventCenterDelegate: THREAD_RESUMED: thread (33, main, main)
10:22:47.462 INFO: JdwpEventCenterDelegate: THREAD_RESUMED: thread (33, main, main)
10:22:47.464 INFO: JdwpEventCenterDelegate: THREAD_RESUMED: thread (33, main, main)
10:22:47.465 INFO: JdwpEventCenterDelegate: THREAD_RESUMED: thread (33, main, main)
10:22:47.467 INFO: JdwpEventCenterDelegate: THREAD_RESUMED: thread (33, main, main)
10:22:47.469 INFO: JdwpEventCenterDelegate: THREAD_RESUMED: thread (33, main, main)
10:22:47.470 INFO: JdwpEventCenterDelegate: THREAD_RESUMED: thread (33, main, main)
10:22:47.472 INFO: JdwpEventCenterDelegate: THREAD_RESUMED: thread (33, main, main)
10:22:47.473 INFO: JdwpEventCenterDelegate: THREAD_RESUMED: thread (33, main, main)
10:22:47.475 INFO: JdwpEventCenterDelegate: THREAD_RESUMED: thread (33, main, main)
10:22:47.477 INFO: JdwpEventCenterDelegate: THREAD_RESUMED: thread (33, main, main)
10:22:47.478 INFO: JdwpEventCenterDelegate: THREAD_RESUMED: thread (33, main, main)
10:22:47.479 INFO: JdwpEventCenterDelegate: THREAD_RESUMED: thread (33, main, main)
10:22:47.481 INFO: JdwpEventCenterDelegate: THREAD_RESUMED: thread (33, main, main)
10:22:47.483 INFO: JdwpEventCenterDelegate: THREAD_RESUMED: thread (33, main, main)
10:22:47.485 INFO: JdwpEventCenterDelegate: THREAD_RESUMED: thread (33, main, main)
10:22:47.487 INFO: JdwpEventCenterDelegate: THREAD_RESUMED: thread (33, main, main)
10:22:47.489 INFO: JdwpEventCenterDelegate: THREAD_RESUMED: thread (33, main, main)
10:22:47.638 INFO: JdwpDebugServer: handling req: ThreadReference(11).Resume(3)
10:22:47.642 INFO: JdwpEventCenterDelegate: THREAD_RESUMED: thread (33, main, main)
10:22:47.662 INFO: JdwpEventCenterDelegate: THREAD_RESUMED: thread (33, main, main)
10:22:47.691 INFO: JdwpEventCenterDelegate: THREAD_RESUMED: thread (33, main, main)
10:22:47.692 INFO: JdwpEventCenterDelegate: THREAD_RESUMED: thread (33, main, main)
10:22:47.693 INFO: JdwpEventCenterDelegate: THREAD_RESUMED: thread (33, main, main)
10:22:47.694 INFO: JdwpEventCenterDelegate: THREAD_RESUMED: thread (33, main, main)
10:22:47.827 INFO: JdwpEventCenterDelegate: THREAD_RESUMED: thread (33, main, main)
10:22:47.828 INFO: JdwpEventCenterDelegate: THREAD_RESUMED: thread (33, main, main)
10:22:47.840 INFO: JdwpEventCenterDelegate: THREAD_RESUMED: thread (33, main, main)
10:22:47.841 INFO: JdwpEventCenterDelegate: THREAD_RESUMED: thread (33, main, main)
10:22:47.844 INFO: JdwpEventCenterDelegate: THREAD_RESUMED: thread (33, main, main)
10:22:47.845 INFO: JdwpEventCenterDelegate: THREAD_RESUMED: thread (33, main, main)
10:22:47.847 INFO: JdwpEventCenterDelegate: THREAD_RESUMED: thread (33, main, main)
10:22:47.848 INFO: JdwpEventCenterDelegate: THREAD_RESUMED: thread (33, main, main)
10:22:47.849 INFO: JdwpEventCenterDelegate: THREAD_RESUMED: thread (33, main, main)
10:22:47.851 INFO: JdwpEventCenterDelegate: THREAD_RESUMED: thread (33, main, main)
10:22:51.109 INFO: JdwpEventCenterDelegate: THREAD_RESUMED: thread (33, main, main)
10:22:51.111 INFO: JdwpEventCenterDelegate: THREAD_RESUMED: thread (33, main, main)
10:23:33.709 INFO: JdwpDebugServer: handling req: VirtualMachine(1).ClassesBySignature(2)
10:23:33.714 INFO: JdwpDebugServer: handling req: VirtualMachine(1).ClassesBySignature(2)
10:23:33.715 INFO: JdwpDebugServer: handling req: VirtualMachine(1).ClassesBySignature(2)
10:23:33.715 INFO: JdwpDebugServer: handling req: VirtualMachine(1).ClassesBySignature(2)
10:23:43.265 INFO: JdwpDebugServer: handling req: VirtualMachine(1).ClassesBySignature(2)
10:23:43.271 INFO: JdwpDebugServer: handling req: VirtualMachine(1).ClassesBySignature(2)
10:23:43.273 INFO: JdwpDebugServer: handling req: VirtualMachine(1).ClassesBySignature(2)
10:23:43.273 INFO: JdwpDebugServer: handling req: VirtualMachine(1).ClassesBySignature(2)
10:23:45.926 INFO: JdwpDebugServer: handling req: VirtualMachine(1).Exit(10)
10:23:45.935 SEVERE: Debugger: Thread JDWP server socket thread crashed
org.robovm.debugger.DebuggerException: Terminating due exit command
	at org.robovm.debugger.jdwp.JdwpDebugServer.doSocketWork(JdwpDebugServer.java:211)
	at java.base/java.lang.Thread.run(Thread.java:833)
	at org.robovm.debugger.utils.DebuggerThread.run(DebuggerThread.java:42)
10:23:46.451 SEVERE: Debugger: Thread HooksChannel socket thread crashed
org.robovm.debugger.DebuggerException: java.io.IOException: org.robovm.libimobiledevice.LibIMobileDeviceException: IDEVICE_E_UNKNOWN_ERROR
	at org.robovm.debugger.hooks.HooksChannel.doSocketWork(HooksChannel.java:149)
	at java.base/java.lang.Thread.run(Thread.java:833)
	at org.robovm.debugger.utils.DebuggerThread.run(DebuggerThread.java:42)
Caused by: java.io.IOException: org.robovm.libimobiledevice.LibIMobileDeviceException: IDEVICE_E_UNKNOWN_ERROR
	at org.robovm.libimobiledevice.IDeviceConnection$DeviceInputStream.read(IDeviceConnection.java:203)
	at org.robovm.debugger.utils.bytebuffer.DataBufferWriter.writeFromStream(DataBufferWriter.java:89)
	at org.robovm.debugger.hooks.HooksChannel.doSocketWork(HooksChannel.java:116)
	... 2 more
Caused by: org.robovm.libimobiledevice.LibIMobileDeviceException: IDEVICE_E_UNKNOWN_ERROR
	at org.robovm.libimobiledevice.IDevice.checkResult(IDevice.java:206)
	at org.robovm.libimobiledevice.IDeviceConnection.receive(IDeviceConnection.java:110)
	at org.robovm.libimobiledevice.IDeviceConnection.receive(IDeviceConnection.java:81)
	at org.robovm.libimobiledevice.IDeviceConnection$DeviceInputStream.read(IDeviceConnection.java:201)
	... 4 more
