11:33:11.934 INFO: JdwpEventCenterDelegate: THREAD_STARTED: thread (33, main, main)
11:33:12.005 INFO: JdwpEventCenterDelegate: THREAD_STARTED: thread (48, ReferenceQueueDaemon, main)
11:33:12.007 INFO: JdwpEventCenterDelegate: THREAD_STARTED: thread (63, FinalizerDaemon, main)
11:33:12.008 INFO: JdwpEventCenterDelegate: THREAD_STARTED: thread (78, FinalizerWatchdogDaemon, main)
11:33:13.042 INFO: JdwpDebugServer: handling req: VirtualMachine(1).IDSizes(7)
11:33:13.043 INFO: JdwpDebugServer: handling req: EventRequest(15).Set(1)
11:33:13.043 INFO: JdwpEventCenterDelegate: jdwpSetEventRequest: JdwpEventRequest{requestId=100, eventKind=CLASS_UNLOAD, suspendPolicy=NONE, predicates=[]}
11:33:13.044 INFO: JdwpDebugServer: handling req: EventRequest(15).Set(1)
11:33:13.044 INFO: JdwpEventCenterDelegate: jdwpSetEventRequest: JdwpEventRequest{requestId=101, eventKind=THREAD_START, suspendPolicy=NONE, predicates=[]}
11:33:13.045 INFO: JdwpDebugServer: handling req: VirtualMachine(1).ClassesBySignature(2)
11:33:13.046 INFO: JdwpDebugServer: handling req: VirtualMachine(1).Version(1)
11:33:13.049 INFO: JdwpDebugServer: handling req: ReferenceType(2).MethodsWithGeneric(15)
11:33:13.050 INFO: JdwpDebugServer: handling req: Method(6).LineTable(1)
11:33:13.051 INFO: JdwpDebugServer: handling req: EventRequest(15).Set(1)
11:33:13.051 INFO: JdwpEventCenterDelegate: jdwpSetEventRequest: JdwpEventRequest{requestId=102, eventKind=BREAKPOINT, suspendPolicy=NONE, predicates=[Location{classId=845, methodId=257, index=928} ]}
11:33:13.052 INFO: JdwpDebugServer: handling req: EventRequest(15).Set(1)
11:33:13.052 INFO: JdwpEventCenterDelegate: jdwpSetEventRequest: JdwpEventRequest{requestId=103, eventKind=THREAD_DEATH, suspendPolicy=NONE, predicates=[]}
11:33:13.052 INFO: JdwpDebugServer: handling req: VirtualMachine(1).AllThreads(4)
11:33:13.053 INFO: JdwpDebugServer: handling req: ThreadReference(11).ThreadGroup(5)
11:33:13.053 INFO: JdwpDebugServer: handling req: ThreadGroup(12).Name(1)
11:33:13.053 INFO: JdwpDebugServer: handling req: ThreadGroup(12).Parent(2)
11:33:13.054 INFO: JdwpDebugServer: handling req: ObjectReference(9).ReferenceType(1)
11:33:13.055 INFO: JdwpDebugServer: handling req: ReferenceType(2).FieldsWithGeneric(14)
11:33:13.057 INFO: JdwpDebugServer: handling req: ReferenceType(2).Interfaces(10)
11:33:13.057 INFO: JdwpDebugServer: handling req: ReferenceType(2).FieldsWithGeneric(14)
11:33:13.057 INFO: JdwpDebugServer: handling req: ReferenceType(2).Interfaces(10)
11:33:13.057 INFO: JdwpDebugServer: handling req: ClassType(3).Superclass(1)
11:33:13.058 INFO: JdwpDebugServer: handling req: ReferenceType(2).FieldsWithGeneric(14)
11:33:13.058 INFO: JdwpDebugServer: handling req: ReferenceType(2).Interfaces(10)
11:33:13.058 INFO: JdwpDebugServer: handling req: ClassType(3).Superclass(1)
11:33:13.058 INFO: JdwpDebugServer: handling req: ObjectReference(9).GetValues(2)
11:33:13.059 INFO: JdwpDebugServer: handling req: ThreadReference(11).Status(4)
11:33:13.060 INFO: JdwpDebugServer: handling req: ThreadReference(11).Status(4)
11:33:13.060 INFO: JdwpDebugServer: handling req: ThreadReference(11).ThreadGroup(5)
11:33:13.060 INFO: JdwpDebugServer: handling req: ObjectReference(9).ReferenceType(1)
11:33:13.060 INFO: JdwpDebugServer: handling req: ObjectReference(9).GetValues(2)
11:33:13.061 INFO: JdwpDebugServer: handling req: ThreadReference(11).Status(4)
11:33:13.061 INFO: JdwpDebugServer: handling req: ThreadReference(11).Status(4)
11:33:13.061 INFO: JdwpDebugServer: handling req: ThreadReference(11).ThreadGroup(5)
11:33:13.061 INFO: JdwpDebugServer: handling req: ObjectReference(9).ReferenceType(1)
11:33:13.061 INFO: JdwpDebugServer: handling req: ObjectReference(9).GetValues(2)
11:33:13.061 INFO: JdwpDebugServer: handling req: ThreadReference(11).Status(4)
11:33:13.061 INFO: JdwpDebugServer: handling req: ThreadReference(11).Status(4)
11:33:13.062 INFO: JdwpDebugServer: handling req: ThreadReference(11).ThreadGroup(5)
11:33:13.062 INFO: JdwpDebugServer: handling req: ObjectReference(9).ReferenceType(1)
11:33:13.062 INFO: JdwpDebugServer: handling req: ObjectReference(9).GetValues(2)
11:33:13.062 INFO: JdwpDebugServer: handling req: ThreadReference(11).Status(4)
11:33:13.062 INFO: JdwpDebugServer: handling req: ThreadReference(11).Status(4)
11:33:13.064 INFO: JdwpDebugServer: handling req: EventRequest(15).Set(1)
11:33:13.064 INFO: JdwpEventCenterDelegate: jdwpSetEventRequest: JdwpEventRequest{requestId=104, eventKind=CLASS_PREPARE, suspendPolicy=EVENT_THREAD, predicates=[className=com.badlogic.gdx.graphics.g2d.SpriteBatch]}
11:33:13.070 INFO: JdwpDebugServer: handling req: EventRequest(15).Set(1)
11:33:13.070 INFO: JdwpEventCenterDelegate: jdwpSetEventRequest: JdwpEventRequest{requestId=105, eventKind=CLASS_PREPARE, suspendPolicy=EVENT_THREAD, predicates=[className=com.badlogic.gdx.graphics.g2d.SpriteBatch$*]}
11:33:13.072 INFO: JdwpDebugServer: handling req: VirtualMachine(1).ClassesBySignature(2)
11:33:13.073 INFO: JdwpDebugServer: handling req: ReferenceType(2).MethodsWithGeneric(15)
11:33:13.075 INFO: JdwpDebugServer: handling req: Method(6).LineTable(1)
11:33:13.075 INFO: JdwpDebugServer: handling req: Method(6).LineTable(1)
11:33:13.075 INFO: JdwpDebugServer: handling req: Method(6).LineTable(1)
11:33:13.075 INFO: JdwpDebugServer: handling req: Method(6).LineTable(1)
11:33:13.075 INFO: JdwpDebugServer: handling req: Method(6).LineTable(1)
11:33:13.075 INFO: JdwpDebugServer: handling req: Method(6).LineTable(1)
11:33:13.075 INFO: JdwpDebugServer: handling req: Method(6).LineTable(1)
11:33:13.076 INFO: JdwpDebugServer: handling req: Method(6).LineTable(1)
11:33:13.076 INFO: JdwpDebugServer: handling req: Method(6).LineTable(1)
11:33:13.076 INFO: JdwpDebugServer: handling req: Method(6).LineTable(1)
11:33:13.076 INFO: JdwpDebugServer: handling req: Method(6).LineTable(1)
11:33:13.076 INFO: JdwpDebugServer: handling req: Method(6).LineTable(1)
11:33:13.076 INFO: JdwpDebugServer: handling req: Method(6).LineTable(1)
11:33:13.076 INFO: JdwpDebugServer: handling req: Method(6).LineTable(1)
11:33:13.076 INFO: JdwpDebugServer: handling req: Method(6).LineTable(1)
11:33:13.076 INFO: JdwpDebugServer: handling req: Method(6).LineTable(1)
11:33:13.077 INFO: JdwpDebugServer: handling req: Method(6).LineTable(1)
11:33:13.077 INFO: JdwpDebugServer: handling req: Method(6).LineTable(1)
11:33:13.077 INFO: JdwpDebugServer: handling req: Method(6).LineTable(1)
11:33:13.077 INFO: JdwpDebugServer: handling req: Method(6).LineTable(1)
11:33:13.077 INFO: JdwpDebugServer: handling req: Method(6).LineTable(1)
11:33:13.077 INFO: JdwpDebugServer: handling req: Method(6).LineTable(1)
11:33:13.077 INFO: JdwpDebugServer: handling req: Method(6).LineTable(1)
11:33:13.077 INFO: JdwpDebugServer: handling req: Method(6).LineTable(1)
11:33:13.078 INFO: JdwpDebugServer: handling req: Method(6).LineTable(1)
11:33:13.078 INFO: JdwpDebugServer: handling req: Method(6).LineTable(1)
11:33:13.078 INFO: JdwpDebugServer: handling req: Method(6).LineTable(1)
11:33:13.078 INFO: JdwpDebugServer: handling req: Method(6).LineTable(1)
11:33:13.078 INFO: JdwpDebugServer: handling req: Method(6).LineTable(1)
11:33:13.078 INFO: JdwpDebugServer: handling req: Method(6).LineTable(1)
11:33:13.078 INFO: JdwpDebugServer: handling req: Method(6).LineTable(1)
11:33:13.078 INFO: JdwpDebugServer: handling req: Method(6).LineTable(1)
11:33:13.079 INFO: JdwpDebugServer: handling req: Method(6).LineTable(1)
11:33:13.079 INFO: JdwpDebugServer: handling req: Method(6).LineTable(1)
11:33:13.079 INFO: JdwpDebugServer: handling req: Method(6).LineTable(1)
11:33:13.079 INFO: JdwpDebugServer: handling req: Method(6).LineTable(1)
11:33:13.079 INFO: JdwpDebugServer: handling req: Method(6).LineTable(1)
11:33:13.079 INFO: JdwpDebugServer: handling req: Method(6).LineTable(1)
11:33:13.079 INFO: JdwpDebugServer: handling req: Method(6).LineTable(1)
11:33:13.079 INFO: JdwpDebugServer: handling req: Method(6).LineTable(1)
11:33:13.079 INFO: JdwpDebugServer: handling req: Method(6).LineTable(1)
11:33:13.079 INFO: JdwpDebugServer: handling req: Method(6).LineTable(1)
11:33:13.080 INFO: JdwpDebugServer: handling req: Method(6).LineTable(1)
11:33:13.080 INFO: JdwpDebugServer: handling req: Method(6).LineTable(1)
11:33:13.080 INFO: JdwpDebugServer: handling req: EventRequest(15).Set(1)
11:33:13.080 INFO: JdwpEventCenterDelegate: jdwpSetEventRequest: JdwpEventRequest{requestId=106, eventKind=BREAKPOINT, suspendPolicy=EVENT_THREAD, predicates=[Location{classId=18040, methodId=1122, index=163} ]}
11:33:13.081 INFO: JdwpDebugServer: handling req: ReferenceType(2).Signature(1)
11:33:13.085 INFO: JdwpDebugServer: handling req: EventRequest(15).Set(1)
11:33:13.085 INFO: JdwpEventCenterDelegate: jdwpSetEventRequest: JdwpEventRequest{requestId=107, eventKind=CLASS_PREPARE, suspendPolicy=EVENT_THREAD, predicates=[className=java.lang.Throwable]}
11:33:13.087 INFO: JdwpDebugServer: handling req: EventRequest(15).Set(1)
11:33:13.087 INFO: JdwpEventCenterDelegate: jdwpSetEventRequest: JdwpEventRequest{requestId=108, eventKind=CLASS_PREPARE, suspendPolicy=EVENT_THREAD, predicates=[className=java.lang.Throwable$*]}
11:33:13.090 INFO: JdwpDebugServer: handling req: VirtualMachine(1).ClassesBySignature(2)
11:33:13.090 INFO: JdwpDebugServer: handling req: ReferenceType(2).MethodsWithGeneric(15)
11:33:13.091 INFO: JdwpDebugServer: handling req: Method(6).LineTable(1)
11:33:13.091 INFO: JdwpDebugServer: handling req: Method(6).LineTable(1)
11:33:13.091 INFO: JdwpDebugServer: handling req: Method(6).LineTable(1)
11:33:13.091 INFO: JdwpDebugServer: handling req: Method(6).LineTable(1)
11:33:13.091 INFO: JdwpDebugServer: handling req: Method(6).LineTable(1)
11:33:13.091 INFO: JdwpDebugServer: handling req: Method(6).LineTable(1)
11:33:13.091 INFO: JdwpDebugServer: handling req: Method(6).LineTable(1)
11:33:13.092 INFO: JdwpDebugServer: handling req: Method(6).LineTable(1)
11:33:13.092 INFO: JdwpDebugServer: handling req: Method(6).LineTable(1)
11:33:13.092 INFO: JdwpDebugServer: handling req: Method(6).LineTable(1)
11:33:13.092 INFO: JdwpDebugServer: handling req: Method(6).LineTable(1)
11:33:13.092 INFO: JdwpDebugServer: handling req: Method(6).LineTable(1)
11:33:13.092 INFO: JdwpDebugServer: handling req: Method(6).LineTable(1)
11:33:13.092 INFO: JdwpDebugServer: handling req: Method(6).LineTable(1)
11:33:13.092 INFO: JdwpDebugServer: handling req: Method(6).LineTable(1)
11:33:13.092 INFO: JdwpDebugServer: handling req: Method(6).LineTable(1)
11:33:13.093 INFO: JdwpDebugServer: handling req: Method(6).LineTable(1)
11:33:13.093 INFO: JdwpDebugServer: handling req: Method(6).LineTable(1)
11:33:13.093 INFO: JdwpDebugServer: handling req: Method(6).LineTable(1)
11:33:13.093 INFO: JdwpDebugServer: handling req: Method(6).LineTable(1)
11:33:13.093 INFO: JdwpDebugServer: handling req: Method(6).LineTable(1)
11:33:13.093 INFO: JdwpDebugServer: handling req: Method(6).LineTable(1)
11:33:13.093 INFO: JdwpDebugServer: handling req: Method(6).LineTable(1)
11:33:13.093 INFO: JdwpDebugServer: handling req: Method(6).LineTable(1)
11:33:13.094 INFO: JdwpDebugServer: handling req: VirtualMachine(1).ClassesBySignature(2)
11:33:13.094 INFO: JdwpDebugServer: handling req: VirtualMachine(1).AllClassesWithGeneric(20)
11:33:13.104 INFO: JdwpDebugServer: handling req: EventRequest(15).Set(1)
11:33:13.104 INFO: JdwpEventCenterDelegate: jdwpSetEventRequest: JdwpEventRequest{requestId=109, eventKind=CLASS_PREPARE, suspendPolicy=EVENT_THREAD, predicates=[className=com.badlogic.gdx.utils.ScreenUtils]}
11:33:13.106 INFO: JdwpDebugServer: handling req: EventRequest(15).Set(1)
11:33:13.106 INFO: JdwpEventCenterDelegate: jdwpSetEventRequest: JdwpEventRequest{requestId=110, eventKind=CLASS_PREPARE, suspendPolicy=EVENT_THREAD, predicates=[className=com.badlogic.gdx.utils.ScreenUtils$*]}
11:33:13.107 INFO: JdwpDebugServer: handling req: VirtualMachine(1).ClassesBySignature(2)
11:33:13.107 INFO: JdwpDebugServer: handling req: ReferenceType(2).MethodsWithGeneric(15)
11:33:13.107 INFO: JdwpDebugServer: handling req: Method(6).LineTable(1)
11:33:13.108 INFO: JdwpDebugServer: handling req: Method(6).LineTable(1)
11:33:13.108 INFO: JdwpDebugServer: handling req: Method(6).LineTable(1)
11:33:13.108 INFO: JdwpDebugServer: handling req: Method(6).LineTable(1)
11:33:13.108 INFO: JdwpDebugServer: handling req: Method(6).LineTable(1)
11:33:13.108 INFO: JdwpDebugServer: handling req: Method(6).LineTable(1)
11:33:13.109 INFO: JdwpDebugServer: handling req: Method(6).LineTable(1)
11:33:13.109 INFO: JdwpDebugServer: handling req: Method(6).LineTable(1)
11:33:13.109 INFO: JdwpDebugServer: handling req: Method(6).LineTable(1)
11:33:13.109 INFO: JdwpDebugServer: handling req: Method(6).LineTable(1)
11:33:13.109 INFO: JdwpDebugServer: handling req: EventRequest(15).Set(1)
11:33:13.109 INFO: JdwpEventCenterDelegate: jdwpSetEventRequest: JdwpEventRequest{requestId=111, eventKind=BREAKPOINT, suspendPolicy=EVENT_THREAD, predicates=[Location{classId=22245, methodId=1492, index=89} ]}
11:33:13.110 INFO: JdwpDebugServer: handling req: EventRequest(15).Set(1)
11:33:13.110 INFO: JdwpEventCenterDelegate: jdwpSetEventRequest: JdwpEventRequest{requestId=112, eventKind=CLASS_PREPARE, suspendPolicy=EVENT_THREAD, predicates=[className=com.badlogic.gdx.utils.ScreenUtils]}
11:33:13.111 INFO: JdwpDebugServer: handling req: EventRequest(15).Set(1)
11:33:13.111 INFO: JdwpEventCenterDelegate: jdwpSetEventRequest: JdwpEventRequest{requestId=113, eventKind=CLASS_PREPARE, suspendPolicy=EVENT_THREAD, predicates=[className=com.badlogic.gdx.utils.ScreenUtils$*]}
11:33:13.113 INFO: JdwpDebugServer: handling req: VirtualMachine(1).ClassesBySignature(2)
11:33:13.114 INFO: JdwpDebugServer: handling req: EventRequest(15).Set(1)
11:33:13.114 INFO: JdwpEventCenterDelegate: jdwpSetEventRequest: JdwpEventRequest{requestId=114, eventKind=BREAKPOINT, suspendPolicy=EVENT_THREAD, predicates=[Location{classId=22245, methodId=1487, index=72} ]}
11:33:13.115 INFO: JdwpDebugServer: handling req: VirtualMachine(1).capabilitiesNew(17)
11:33:13.118 INFO: JdwpDebugServer: handling req: EventRequest(15).Set(1)
11:33:13.118 INFO: JdwpEventCenterDelegate: jdwpSetEventRequest: JdwpEventRequest{requestId=115, eventKind=CLASS_PREPARE, suspendPolicy=EVENT_THREAD, predicates=[className=java.lang.Error]}
11:33:13.119 INFO: JdwpDebugServer: handling req: EventRequest(15).Set(1)
11:33:13.119 INFO: JdwpEventCenterDelegate: jdwpSetEventRequest: JdwpEventRequest{requestId=116, eventKind=CLASS_PREPARE, suspendPolicy=EVENT_THREAD, predicates=[className=java.lang.Error$*]}
11:33:13.120 INFO: JdwpDebugServer: handling req: VirtualMachine(1).ClassesBySignature(2)
11:33:13.122 INFO: JdwpDebugServer: handling req: EventRequest(15).Set(1)
11:33:13.122 INFO: JdwpEventCenterDelegate: jdwpSetEventRequest: JdwpEventRequest{requestId=117, eventKind=EXCEPTION, suspendPolicy=EVENT_THREAD, predicates=[exceptionType=3425(caught=true, uncaught=true)]}
11:33:13.138 INFO: JdwpDebugServer: handling req: EventRequest(15).Set(1)
11:33:13.138 INFO: JdwpEventCenterDelegate: jdwpSetEventRequest: JdwpEventRequest{requestId=118, eventKind=CLASS_PREPARE, suspendPolicy=EVENT_THREAD, predicates=[className=java.lang.Throwable]}
11:33:13.139 INFO: JdwpDebugServer: handling req: EventRequest(15).Set(1)
11:33:13.139 INFO: JdwpEventCenterDelegate: jdwpSetEventRequest: JdwpEventRequest{requestId=119, eventKind=CLASS_PREPARE, suspendPolicy=EVENT_THREAD, predicates=[className=java.lang.Throwable$*]}
11:33:13.140 INFO: JdwpDebugServer: handling req: VirtualMachine(1).ClassesBySignature(2)
11:33:13.140 INFO: JdwpDebugServer: handling req: EventRequest(15).Set(1)
11:33:13.141 INFO: JdwpEventCenterDelegate: jdwpSetEventRequest: JdwpEventRequest{requestId=120, eventKind=EXCEPTION, suspendPolicy=EVENT_THREAD, predicates=[exceptionType=7695(caught=false, uncaught=true)]}
11:33:13.143 INFO: JdwpDebugServer: handling req: ThreadReference(11).SuspendCount(12)
11:33:13.143 INFO: JdwpDebugServer: handling req: ThreadReference(11).SuspendCount(12)
11:33:13.143 INFO: JdwpDebugServer: handling req: ThreadReference(11).SuspendCount(12)
11:33:13.143 INFO: JdwpDebugServer: handling req: ThreadReference(11).SuspendCount(12)
11:33:13.144 INFO: JdwpDebugServer: handling req: VirtualMachine(1).AllThreads(4)
11:33:13.144 INFO: JdwpDebugServer: handling req: VirtualMachine(1).Resume(9)
11:33:13.223 INFO: JdwpEventCenterDelegate: THREAD_RESUMED: thread (33, main, main)
11:33:13.224 INFO: JdwpEventCenterDelegate: THREAD_RESUMED: thread (33, main, main)
11:33:13.225 INFO: JdwpEventCenterDelegate: THREAD_RESUMED: thread (33, main, main)
11:33:13.225 INFO: JdwpEventCenterDelegate: THREAD_RESUMED: thread (33, main, main)
11:33:13.225 INFO: JdwpEventCenterDelegate: THREAD_RESUMED: thread (33, main, main)
11:33:13.226 INFO: JdwpEventCenterDelegate: THREAD_RESUMED: thread (33, main, main)
11:33:13.227 INFO: JdwpEventCenterDelegate: THREAD_RESUMED: thread (33, main, main)
11:33:13.229 INFO: JdwpEventCenterDelegate: THREAD_RESUMED: thread (33, main, main)
11:33:13.229 INFO: JdwpEventCenterDelegate: THREAD_RESUMED: thread (33, main, main)
11:33:13.230 INFO: JdwpEventCenterDelegate: THREAD_RESUMED: thread (33, main, main)
11:33:13.231 INFO: JdwpEventCenterDelegate: THREAD_RESUMED: thread (33, main, main)
11:33:13.236 INFO: JdwpEventCenterDelegate: THREAD_RESUMED: thread (33, main, main)
11:33:13.236 INFO: JdwpEventCenterDelegate: THREAD_RESUMED: thread (33, main, main)
11:33:13.237 INFO: JdwpEventCenterDelegate: THREAD_RESUMED: thread (33, main, main)
11:33:13.300 INFO: JdwpEventCenterDelegate: THREAD_RESUMED: thread (33, main, main)
11:33:13.301 INFO: JdwpEventCenterDelegate: THREAD_RESUMED: thread (33, main, main)
11:33:13.301 INFO: JdwpEventCenterDelegate: THREAD_RESUMED: thread (33, main, main)
11:33:13.308 INFO: JdwpEventCenterDelegate: THREAD_RESUMED: thread (33, main, main)
11:33:13.309 INFO: JdwpEventCenterDelegate: THREAD_RESUMED: thread (33, main, main)
11:33:13.309 INFO: JdwpEventCenterDelegate: THREAD_RESUMED: thread (33, main, main)
11:33:13.565 INFO: JdwpEventCenterDelegate: THREAD_RESUMED: thread (33, main, main)
11:33:13.566 INFO: JdwpEventCenterDelegate: THREAD_RESUMED: thread (33, main, main)
11:33:13.566 INFO: JdwpEventCenterDelegate: THREAD_RESUMED: thread (33, main, main)
11:33:13.627 INFO: JdwpEventCenterDelegate: THREAD_RESUMED: thread (33, main, main)
11:33:13.627 INFO: JdwpEventCenterDelegate: THREAD_RESUMED: thread (33, main, main)
11:33:13.628 INFO: JdwpEventCenterDelegate: THREAD_RESUMED: thread (33, main, main)
11:33:13.653 INFO: JdwpEventCenterDelegate: THREAD_RESUMED: thread (33, main, main)
11:33:13.654 INFO: JdwpEventCenterDelegate: THREAD_RESUMED: thread (33, main, main)
11:33:13.654 INFO: JdwpEventCenterDelegate: THREAD_RESUMED: thread (33, main, main)
11:33:13.667 INFO: JdwpDebugServer: handling req: ThreadReference(11).Name(1)
11:33:13.674 INFO: JdwpDebugServer: handling req: ThreadReference(11).Name(1)
11:33:13.674 INFO: JdwpDebugServer: handling req: ThreadReference(11).Name(1)
11:33:13.674 INFO: JdwpDebugServer: handling req: ThreadReference(11).Name(1)
11:33:13.681 INFO: JdwpEventCenterDelegate: THREAD_RESUMED: thread (33, main, main)
11:33:13.682 INFO: JdwpEventCenterDelegate: THREAD_RESUMED: thread (33, main, main)
11:33:13.682 INFO: JdwpEventCenterDelegate: THREAD_RESUMED: thread (33, main, main)
11:33:13.683 INFO: JdwpEventCenterDelegate: THREAD_RESUMED: thread (33, main, main)
11:33:13.689 INFO: JdwpEventCenterDelegate: THREAD_RESUMED: thread (33, main, main)
11:33:13.690 INFO: JdwpEventCenterDelegate: THREAD_RESUMED: thread (33, main, main)
11:33:14.213 INFO: JdwpEventCenterDelegate: THREAD_RESUMED: thread (33, main, main)
11:33:14.213 INFO: JdwpEventCenterDelegate: THREAD_RESUMED: thread (33, main, main)
11:33:14.232 INFO: JdwpEventCenterDelegate: THREAD_RESUMED: thread (33, main, main)
11:33:14.233 INFO: JdwpEventCenterDelegate: THREAD_RESUMED: thread (33, main, main)
11:33:14.233 INFO: JdwpEventCenterDelegate: THREAD_RESUMED: thread (33, main, main)
11:33:14.234 INFO: JdwpEventCenterDelegate: THREAD_RESUMED: thread (33, main, main)
11:33:14.301 INFO: JdwpEventCenterDelegate: THREAD_RESUMED: thread (33, main, main)
11:33:14.663 INFO: JdwpEventCenterDelegate: THREAD_RESUMED: thread (33, main, main)
11:33:14.664 INFO: JdwpEventCenterDelegate: THREAD_RESUMED: thread (33, main, main)
11:33:14.665 INFO: JdwpEventCenterDelegate: THREAD_RESUMED: thread (33, main, main)
11:33:14.666 INFO: JdwpEventCenterDelegate: THREAD_RESUMED: thread (33, main, main)
11:33:14.666 INFO: JdwpEventCenterDelegate: THREAD_RESUMED: thread (33, main, main)
11:33:14.667 INFO: JdwpEventCenterDelegate: THREAD_RESUMED: thread (33, main, main)
11:33:14.718 INFO: JdwpEventCenterDelegate: THREAD_RESUMED: thread (33, main, main)
11:33:14.721 INFO: JdwpEventCenterDelegate: THREAD_RESUMED: thread (33, main, main)
11:33:14.723 INFO: JdwpEventCenterDelegate: THREAD_RESUMED: thread (33, main, main)
11:33:14.724 INFO: JdwpEventCenterDelegate: THREAD_RESUMED: thread (33, main, main)
11:33:14.725 INFO: JdwpEventCenterDelegate: THREAD_RESUMED: thread (33, main, main)
11:33:14.727 INFO: JdwpEventCenterDelegate: THREAD_RESUMED: thread (33, main, main)
11:33:14.729 INFO: JdwpEventCenterDelegate: THREAD_RESUMED: thread (33, main, main)
11:33:14.746 INFO: JdwpEventCenterDelegate: THREAD_RESUMED: thread (33, main, main)
11:33:14.761 INFO: JdwpEventCenterDelegate: THREAD_RESUMED: thread (33, main, main)
11:33:14.773 INFO: JdwpEventCenterDelegate: THREAD_RESUMED: thread (33, main, main)
11:33:14.783 INFO: JdwpEventCenterDelegate: THREAD_RESUMED: thread (33, main, main)
11:33:14.798 INFO: JdwpEventCenterDelegate: THREAD_RESUMED: thread (33, main, main)
11:33:14.815 INFO: JdwpEventCenterDelegate: THREAD_RESUMED: thread (33, main, main)
11:33:14.820 INFO: JdwpEventCenterDelegate: THREAD_RESUMED: thread (33, main, main)
11:33:14.826 INFO: JdwpEventCenterDelegate: THREAD_RESUMED: thread (33, main, main)
11:33:14.832 INFO: JdwpEventCenterDelegate: THREAD_RESUMED: thread (33, main, main)
11:33:14.837 INFO: JdwpEventCenterDelegate: THREAD_RESUMED: thread (33, main, main)
11:33:14.842 INFO: JdwpEventCenterDelegate: THREAD_RESUMED: thread (33, main, main)
11:33:14.849 INFO: JdwpEventCenterDelegate: THREAD_RESUMED: thread (33, main, main)
11:33:14.855 INFO: JdwpEventCenterDelegate: THREAD_RESUMED: thread (33, main, main)
11:33:14.859 INFO: JdwpEventCenterDelegate: THREAD_RESUMED: thread (33, main, main)
11:33:14.865 INFO: JdwpEventCenterDelegate: THREAD_RESUMED: thread (33, main, main)
11:33:14.870 INFO: JdwpEventCenterDelegate: THREAD_RESUMED: thread (33, main, main)
11:33:14.878 INFO: JdwpEventCenterDelegate: THREAD_RESUMED: thread (33, main, main)
11:33:14.883 INFO: JdwpEventCenterDelegate: THREAD_RESUMED: thread (33, main, main)
11:33:14.885 INFO: JdwpEventCenterDelegate: THREAD_RESUMED: thread (33, main, main)
11:33:14.887 INFO: JdwpEventCenterDelegate: THREAD_RESUMED: thread (33, main, main)
11:33:14.889 INFO: JdwpEventCenterDelegate: THREAD_RESUMED: thread (33, main, main)
11:33:14.891 INFO: JdwpEventCenterDelegate: THREAD_RESUMED: thread (33, main, main)
11:33:14.893 INFO: JdwpEventCenterDelegate: THREAD_RESUMED: thread (33, main, main)
11:33:14.895 INFO: JdwpEventCenterDelegate: THREAD_RESUMED: thread (33, main, main)
11:33:14.896 INFO: JdwpEventCenterDelegate: THREAD_RESUMED: thread (33, main, main)
11:33:14.901 INFO: JdwpEventCenterDelegate: THREAD_RESUMED: thread (33, main, main)
11:33:14.902 INFO: JdwpEventCenterDelegate: THREAD_RESUMED: thread (33, main, main)
11:33:14.903 INFO: JdwpEventCenterDelegate: THREAD_RESUMED: thread (33, main, main)
11:33:14.905 INFO: JdwpEventCenterDelegate: THREAD_RESUMED: thread (33, main, main)
11:33:14.906 INFO: JdwpEventCenterDelegate: THREAD_RESUMED: thread (33, main, main)
11:33:14.907 INFO: JdwpEventCenterDelegate: THREAD_RESUMED: thread (33, main, main)
11:33:14.908 INFO: JdwpEventCenterDelegate: THREAD_RESUMED: thread (33, main, main)
11:33:14.909 INFO: JdwpEventCenterDelegate: THREAD_RESUMED: thread (33, main, main)
11:33:14.911 INFO: JdwpEventCenterDelegate: THREAD_RESUMED: thread (33, main, main)
11:33:14.912 INFO: JdwpEventCenterDelegate: THREAD_RESUMED: thread (33, main, main)
11:33:14.913 INFO: JdwpEventCenterDelegate: THREAD_RESUMED: thread (33, main, main)
11:33:14.914 INFO: JdwpEventCenterDelegate: THREAD_RESUMED: thread (33, main, main)
11:33:14.915 INFO: JdwpEventCenterDelegate: THREAD_RESUMED: thread (33, main, main)
11:33:14.916 INFO: JdwpEventCenterDelegate: THREAD_RESUMED: thread (33, main, main)
11:33:14.918 INFO: JdwpEventCenterDelegate: THREAD_RESUMED: thread (33, main, main)
11:33:14.919 INFO: JdwpEventCenterDelegate: THREAD_RESUMED: thread (33, main, main)
11:33:14.920 INFO: JdwpEventCenterDelegate: THREAD_RESUMED: thread (33, main, main)
11:33:14.921 INFO: JdwpEventCenterDelegate: THREAD_RESUMED: thread (33, main, main)
11:33:14.922 INFO: JdwpEventCenterDelegate: THREAD_RESUMED: thread (33, main, main)
11:33:14.923 INFO: JdwpEventCenterDelegate: THREAD_RESUMED: thread (33, main, main)
11:33:14.924 INFO: JdwpEventCenterDelegate: THREAD_RESUMED: thread (33, main, main)
11:33:14.925 INFO: JdwpEventCenterDelegate: THREAD_RESUMED: thread (33, main, main)
11:33:14.926 INFO: JdwpEventCenterDelegate: THREAD_RESUMED: thread (33, main, main)
11:33:14.927 INFO: JdwpEventCenterDelegate: THREAD_RESUMED: thread (33, main, main)
11:33:14.928 INFO: JdwpEventCenterDelegate: THREAD_RESUMED: thread (33, main, main)
11:33:14.929 INFO: JdwpEventCenterDelegate: THREAD_RESUMED: thread (33, main, main)
11:33:14.931 INFO: JdwpEventCenterDelegate: THREAD_RESUMED: thread (33, main, main)
11:33:14.931 INFO: JdwpEventCenterDelegate: THREAD_RESUMED: thread (33, main, main)
11:33:14.933 INFO: JdwpEventCenterDelegate: THREAD_RESUMED: thread (33, main, main)
11:33:14.934 INFO: JdwpEventCenterDelegate: THREAD_RESUMED: thread (33, main, main)
11:33:14.935 INFO: JdwpEventCenterDelegate: THREAD_RESUMED: thread (33, main, main)
11:33:14.936 INFO: JdwpEventCenterDelegate: THREAD_RESUMED: thread (33, main, main)
11:33:14.937 INFO: JdwpEventCenterDelegate: THREAD_RESUMED: thread (33, main, main)
11:33:14.938 INFO: JdwpEventCenterDelegate: THREAD_RESUMED: thread (33, main, main)
11:33:14.939 INFO: JdwpEventCenterDelegate: THREAD_RESUMED: thread (33, main, main)
11:33:14.940 INFO: JdwpEventCenterDelegate: THREAD_RESUMED: thread (33, main, main)
11:33:14.941 INFO: JdwpEventCenterDelegate: THREAD_RESUMED: thread (33, main, main)
11:33:14.942 INFO: JdwpEventCenterDelegate: THREAD_RESUMED: thread (33, main, main)
11:33:14.943 INFO: JdwpEventCenterDelegate: THREAD_RESUMED: thread (33, main, main)
11:33:14.944 INFO: JdwpEventCenterDelegate: THREAD_RESUMED: thread (33, main, main)
11:33:14.946 INFO: JdwpEventCenterDelegate: THREAD_RESUMED: thread (33, main, main)
11:33:14.947 INFO: JdwpEventCenterDelegate: THREAD_RESUMED: thread (33, main, main)
11:33:14.948 INFO: JdwpEventCenterDelegate: THREAD_RESUMED: thread (33, main, main)
11:33:14.949 INFO: JdwpEventCenterDelegate: THREAD_RESUMED: thread (33, main, main)
11:33:14.950 INFO: JdwpEventCenterDelegate: THREAD_RESUMED: thread (33, main, main)
11:33:14.951 INFO: JdwpEventCenterDelegate: THREAD_RESUMED: thread (33, main, main)
11:33:15.249 INFO: JdwpEventCenterDelegate: THREAD_RESUMED: thread (33, main, main)
11:33:15.269 INFO: JdwpEventCenterDelegate: THREAD_RESUMED: thread (33, main, main)
11:33:15.270 INFO: JdwpEventCenterDelegate: THREAD_RESUMED: thread (33, main, main)
11:33:15.271 INFO: JdwpEventCenterDelegate: THREAD_RESUMED: thread (33, main, main)
11:33:15.451 INFO: JdwpEventCenterDelegate: THREAD_RESUMED: thread (33, main, main)
11:33:15.452 INFO: JdwpEventCenterDelegate: THREAD_RESUMED: thread (33, main, main)
11:33:15.494 INFO: JdwpEventCenterDelegate: THREAD_RESUMED: thread (33, main, main)
11:33:15.494 INFO: JdwpEventCenterDelegate: THREAD_RESUMED: thread (33, main, main)
11:33:15.518 INFO: JdwpEventCenterDelegate: THREAD_RESUMED: thread (33, main, main)
11:33:15.519 INFO: JdwpEventCenterDelegate: THREAD_RESUMED: thread (33, main, main)
11:33:15.520 INFO: JdwpEventCenterDelegate: THREAD_RESUMED: thread (33, main, main)
11:33:15.521 INFO: JdwpEventCenterDelegate: THREAD_RESUMED: thread (33, main, main)
11:33:15.521 INFO: JdwpEventCenterDelegate: THREAD_RESUMED: thread (33, main, main)
11:33:15.522 INFO: JdwpEventCenterDelegate: THREAD_RESUMED: thread (33, main, main)
11:33:36.797 SEVERE: Debugger: Thread HooksChannel socket thread crashed
org.robovm.debugger.DebuggerException: java.nio.BufferUnderflowException
	at org.robovm.debugger.hooks.HooksChannel.doSocketWork(HooksChannel.java:149)
	at java.base/java.lang.Thread.run(Thread.java:833)
	at org.robovm.debugger.utils.DebuggerThread.run(DebuggerThread.java:42)
Caused by: java.nio.BufferUnderflowException
	at org.robovm.debugger.utils.bytebuffer.DataBufferWriter.writeFromStream(DataBufferWriter.java:91)
	at org.robovm.debugger.hooks.HooksChannel.doSocketWork(HooksChannel.java:116)
	... 2 more
11:33:37.330 SEVERE: Debugger: Thread JDWP server socket thread crashed
org.robovm.debugger.DebuggerException: java.net.SocketException: Socket closed
	at org.robovm.debugger.jdwp.JdwpDebugServer.doSocketWork(JdwpDebugServer.java:215)
	at java.base/java.lang.Thread.run(Thread.java:833)
	at org.robovm.debugger.utils.DebuggerThread.run(DebuggerThread.java:42)
Caused by: java.net.SocketException: Socket closed
	at java.base/sun.nio.ch.NioSocketImpl.endRead(NioSocketImpl.java:248)
	at java.base/sun.nio.ch.NioSocketImpl.implRead(NioSocketImpl.java:327)
	at java.base/sun.nio.ch.NioSocketImpl.read(NioSocketImpl.java:350)
	at java.base/sun.nio.ch.NioSocketImpl$1.read(NioSocketImpl.java:803)
	at java.base/java.net.Socket$SocketInputStream.read(Socket.java:966)
	at org.robovm.debugger.utils.bytebuffer.DataBufferWriter.writeFromStream(DataBufferWriter.java:89)
	at org.robovm.debugger.jdwp.protocol.JdwpRequestHeader.readFromStream(JdwpRequestHeader.java:36)
	at org.robovm.debugger.jdwp.JdwpDebugServer.doSocketWork(JdwpDebugServer.java:185)
	... 2 more
