07:41:57.090 INFO: JdwpEventCenterDelegate: THREAD_STARTED: thread (33, main, main)
07:41:57.169 INFO: JdwpEventCenterDelegate: THREAD_STARTED: thread (48, ReferenceQueueDaemon, main)
07:41:57.170 INFO: JdwpEventCenterDelegate: THREAD_STARTED: thread (63, FinalizerDaemon, main)
07:41:57.171 INFO: JdwpEventCenterDelegate: THREAD_STARTED: thread (78, FinalizerWatchdogDaemon, main)
07:41:59.032 INFO: JdwpDebugServer: handling req: VirtualMachine(1).IDSizes(7)
07:41:59.036 INFO: JdwpDebugServer: handling req: EventRequest(15).Set(1)
07:41:59.037 INFO: JdwpEventCenterDelegate: jdwpSetEventRequest: JdwpEventRequest{requestId=100, eventKind=CLASS_UNLOAD, suspendPolicy=NONE, predicates=[]}
07:41:59.039 INFO: JdwpDebugServer: handling req: EventRequest(15).Set(1)
07:41:59.039 INFO: JdwpEventCenterDelegate: jdwpSetEventRequest: JdwpEventRequest{requestId=101, eventKind=THREAD_START, suspendPolicy=NONE, predicates=[]}
07:41:59.040 INFO: JdwpDebugServer: handling req: VirtualMachine(1).ClassesBySignature(2)
07:41:59.042 INFO: JdwpDebugServer: handling req: VirtualMachine(1).Version(1)
07:41:59.044 INFO: JdwpDebugServer: handling req: ReferenceType(2).MethodsWithGeneric(15)
07:41:59.046 INFO: JdwpDebugServer: handling req: Method(6).LineTable(1)
07:41:59.047 INFO: JdwpDebugServer: handling req: EventRequest(15).Set(1)
07:41:59.047 INFO: JdwpEventCenterDelegate: jdwpSetEventRequest: JdwpEventRequest{requestId=102, eventKind=BREAKPOINT, suspendPolicy=NONE, predicates=[Location{classId=845, methodId=257, index=928} ]}
07:41:59.048 INFO: JdwpDebugServer: handling req: EventRequest(15).Set(1)
07:41:59.048 INFO: JdwpEventCenterDelegate: jdwpSetEventRequest: JdwpEventRequest{requestId=103, eventKind=THREAD_DEATH, suspendPolicy=NONE, predicates=[]}
07:41:59.048 INFO: JdwpDebugServer: handling req: VirtualMachine(1).AllThreads(4)
07:41:59.049 INFO: JdwpDebugServer: handling req: ThreadReference(11).ThreadGroup(5)
07:41:59.049 INFO: JdwpDebugServer: handling req: ThreadGroup(12).Name(1)
07:41:59.049 INFO: JdwpDebugServer: handling req: ThreadGroup(12).Parent(2)
07:41:59.049 INFO: JdwpDebugServer: handling req: ObjectReference(9).ReferenceType(1)
07:41:59.050 INFO: JdwpDebugServer: handling req: ReferenceType(2).FieldsWithGeneric(14)
07:41:59.050 INFO: JdwpDebugServer: handling req: ReferenceType(2).Interfaces(10)
07:41:59.050 INFO: JdwpDebugServer: handling req: ReferenceType(2).FieldsWithGeneric(14)
07:41:59.051 INFO: JdwpDebugServer: handling req: ReferenceType(2).Interfaces(10)
07:41:59.051 INFO: JdwpDebugServer: handling req: ClassType(3).Superclass(1)
07:41:59.051 INFO: JdwpDebugServer: handling req: ReferenceType(2).FieldsWithGeneric(14)
07:41:59.051 INFO: JdwpDebugServer: handling req: ReferenceType(2).Interfaces(10)
07:41:59.051 INFO: JdwpDebugServer: handling req: ClassType(3).Superclass(1)
07:41:59.052 INFO: JdwpDebugServer: handling req: ObjectReference(9).GetValues(2)
07:41:59.053 INFO: JdwpDebugServer: handling req: ThreadReference(11).Status(4)
07:41:59.053 INFO: JdwpDebugServer: handling req: ThreadReference(11).Status(4)
07:41:59.053 INFO: JdwpDebugServer: handling req: ThreadReference(11).ThreadGroup(5)
07:41:59.053 INFO: JdwpDebugServer: handling req: ObjectReference(9).ReferenceType(1)
07:41:59.054 INFO: JdwpDebugServer: handling req: ObjectReference(9).GetValues(2)
07:41:59.054 INFO: JdwpDebugServer: handling req: ThreadReference(11).Status(4)
07:41:59.054 INFO: JdwpDebugServer: handling req: ThreadReference(11).Status(4)
07:41:59.054 INFO: JdwpDebugServer: handling req: ThreadReference(11).ThreadGroup(5)
07:41:59.055 INFO: JdwpDebugServer: handling req: ObjectReference(9).ReferenceType(1)
07:41:59.055 INFO: JdwpDebugServer: handling req: ObjectReference(9).GetValues(2)
07:41:59.055 INFO: JdwpDebugServer: handling req: ThreadReference(11).Status(4)
07:41:59.055 INFO: JdwpDebugServer: handling req: ThreadReference(11).Status(4)
07:41:59.056 INFO: JdwpDebugServer: handling req: ThreadReference(11).ThreadGroup(5)
07:41:59.056 INFO: JdwpDebugServer: handling req: ObjectReference(9).ReferenceType(1)
07:41:59.056 INFO: JdwpDebugServer: handling req: ObjectReference(9).GetValues(2)
07:41:59.056 INFO: JdwpDebugServer: handling req: ThreadReference(11).Status(4)
07:41:59.056 INFO: JdwpDebugServer: handling req: ThreadReference(11).Status(4)
07:41:59.058 INFO: JdwpDebugServer: handling req: EventRequest(15).Set(1)
07:41:59.059 INFO: JdwpEventCenterDelegate: jdwpSetEventRequest: JdwpEventRequest{requestId=104, eventKind=CLASS_PREPARE, suspendPolicy=EVENT_THREAD, predicates=[className=java.lang.Throwable]}
07:41:59.064 INFO: JdwpDebugServer: handling req: EventRequest(15).Set(1)
07:41:59.064 INFO: JdwpEventCenterDelegate: jdwpSetEventRequest: JdwpEventRequest{requestId=105, eventKind=CLASS_PREPARE, suspendPolicy=EVENT_THREAD, predicates=[className=java.lang.Throwable$*]}
07:41:59.067 INFO: JdwpDebugServer: handling req: VirtualMachine(1).ClassesBySignature(2)
07:41:59.067 INFO: JdwpDebugServer: handling req: ReferenceType(2).MethodsWithGeneric(15)
07:41:59.068 INFO: JdwpDebugServer: handling req: Method(6).LineTable(1)
07:41:59.068 INFO: JdwpDebugServer: handling req: Method(6).LineTable(1)
07:41:59.069 INFO: JdwpDebugServer: handling req: Method(6).LineTable(1)
07:41:59.069 INFO: JdwpDebugServer: handling req: Method(6).LineTable(1)
07:41:59.069 INFO: JdwpDebugServer: handling req: Method(6).LineTable(1)
07:41:59.070 INFO: JdwpDebugServer: handling req: Method(6).LineTable(1)
07:41:59.070 INFO: JdwpDebugServer: handling req: Method(6).LineTable(1)
07:41:59.070 INFO: JdwpDebugServer: handling req: Method(6).LineTable(1)
07:41:59.070 INFO: JdwpDebugServer: handling req: Method(6).LineTable(1)
07:41:59.071 INFO: JdwpDebugServer: handling req: Method(6).LineTable(1)
07:41:59.071 INFO: JdwpDebugServer: handling req: Method(6).LineTable(1)
07:41:59.071 INFO: JdwpDebugServer: handling req: Method(6).LineTable(1)
07:41:59.071 INFO: JdwpDebugServer: handling req: Method(6).LineTable(1)
07:41:59.071 INFO: JdwpDebugServer: handling req: Method(6).LineTable(1)
07:41:59.076 INFO: JdwpDebugServer: handling req: Method(6).LineTable(1)
07:41:59.077 INFO: JdwpDebugServer: handling req: Method(6).LineTable(1)
07:41:59.077 INFO: JdwpDebugServer: handling req: Method(6).LineTable(1)
07:41:59.077 INFO: JdwpDebugServer: handling req: Method(6).LineTable(1)
07:41:59.077 INFO: JdwpDebugServer: handling req: Method(6).LineTable(1)
07:41:59.077 INFO: JdwpDebugServer: handling req: Method(6).LineTable(1)
07:41:59.078 INFO: JdwpDebugServer: handling req: Method(6).LineTable(1)
07:41:59.078 INFO: JdwpDebugServer: handling req: Method(6).LineTable(1)
07:41:59.078 INFO: JdwpDebugServer: handling req: Method(6).LineTable(1)
07:41:59.078 INFO: JdwpDebugServer: handling req: Method(6).LineTable(1)
07:41:59.079 INFO: JdwpDebugServer: handling req: VirtualMachine(1).ClassesBySignature(2)
07:41:59.080 INFO: JdwpDebugServer: handling req: VirtualMachine(1).AllClassesWithGeneric(20)
07:41:59.092 INFO: JdwpDebugServer: handling req: EventRequest(15).Set(1)
07:41:59.092 INFO: JdwpEventCenterDelegate: jdwpSetEventRequest: JdwpEventRequest{requestId=106, eventKind=CLASS_PREPARE, suspendPolicy=EVENT_THREAD, predicates=[className=com.badlogic.gdx.utils.ScreenUtils]}
07:41:59.093 INFO: JdwpDebugServer: handling req: EventRequest(15).Set(1)
07:41:59.093 INFO: JdwpEventCenterDelegate: jdwpSetEventRequest: JdwpEventRequest{requestId=107, eventKind=CLASS_PREPARE, suspendPolicy=EVENT_THREAD, predicates=[className=com.badlogic.gdx.utils.ScreenUtils$*]}
07:41:59.094 INFO: JdwpDebugServer: handling req: VirtualMachine(1).ClassesBySignature(2)
07:41:59.094 INFO: JdwpDebugServer: handling req: ReferenceType(2).MethodsWithGeneric(15)
07:41:59.095 INFO: JdwpDebugServer: handling req: Method(6).LineTable(1)
07:41:59.095 INFO: JdwpDebugServer: handling req: Method(6).LineTable(1)
07:41:59.095 INFO: JdwpDebugServer: handling req: Method(6).LineTable(1)
07:41:59.095 INFO: JdwpDebugServer: handling req: Method(6).LineTable(1)
07:41:59.095 INFO: JdwpDebugServer: handling req: Method(6).LineTable(1)
07:41:59.095 INFO: JdwpDebugServer: handling req: Method(6).LineTable(1)
07:41:59.096 INFO: JdwpDebugServer: handling req: Method(6).LineTable(1)
07:41:59.096 INFO: JdwpDebugServer: handling req: Method(6).LineTable(1)
07:41:59.096 INFO: JdwpDebugServer: handling req: Method(6).LineTable(1)
07:41:59.096 INFO: JdwpDebugServer: handling req: Method(6).LineTable(1)
07:41:59.097 INFO: JdwpDebugServer: handling req: EventRequest(15).Set(1)
07:41:59.097 INFO: JdwpEventCenterDelegate: jdwpSetEventRequest: JdwpEventRequest{requestId=108, eventKind=BREAKPOINT, suspendPolicy=EVENT_THREAD, predicates=[Location{classId=22240, methodId=1272, index=89} ]}
07:41:59.100 INFO: JdwpDebugServer: handling req: EventRequest(15).Set(1)
07:41:59.100 INFO: JdwpEventCenterDelegate: jdwpSetEventRequest: JdwpEventRequest{requestId=109, eventKind=CLASS_PREPARE, suspendPolicy=EVENT_THREAD, predicates=[className=com.badlogic.gdx.utils.ScreenUtils]}
07:41:59.101 INFO: JdwpDebugServer: handling req: EventRequest(15).Set(1)
07:41:59.101 INFO: JdwpEventCenterDelegate: jdwpSetEventRequest: JdwpEventRequest{requestId=110, eventKind=CLASS_PREPARE, suspendPolicy=EVENT_THREAD, predicates=[className=com.badlogic.gdx.utils.ScreenUtils$*]}
07:41:59.102 INFO: JdwpDebugServer: handling req: VirtualMachine(1).ClassesBySignature(2)
07:41:59.102 INFO: JdwpDebugServer: handling req: EventRequest(15).Set(1)
07:41:59.102 INFO: JdwpEventCenterDelegate: jdwpSetEventRequest: JdwpEventRequest{requestId=111, eventKind=BREAKPOINT, suspendPolicy=EVENT_THREAD, predicates=[Location{classId=22240, methodId=1267, index=72} ]}
07:41:59.103 INFO: JdwpDebugServer: handling req: VirtualMachine(1).capabilitiesNew(17)
07:41:59.104 INFO: JdwpDebugServer: handling req: EventRequest(15).Set(1)
07:41:59.104 INFO: JdwpEventCenterDelegate: jdwpSetEventRequest: JdwpEventRequest{requestId=112, eventKind=CLASS_PREPARE, suspendPolicy=EVENT_THREAD, predicates=[className=java.lang.Error]}
07:41:59.107 INFO: JdwpDebugServer: handling req: EventRequest(15).Set(1)
07:41:59.107 INFO: JdwpEventCenterDelegate: jdwpSetEventRequest: JdwpEventRequest{requestId=113, eventKind=CLASS_PREPARE, suspendPolicy=EVENT_THREAD, predicates=[className=java.lang.Error$*]}
07:41:59.108 INFO: JdwpDebugServer: handling req: VirtualMachine(1).ClassesBySignature(2)
07:41:59.108 INFO: JdwpDebugServer: handling req: EventRequest(15).Set(1)
07:41:59.109 INFO: JdwpEventCenterDelegate: jdwpSetEventRequest: JdwpEventRequest{requestId=114, eventKind=EXCEPTION, suspendPolicy=EVENT_THREAD, predicates=[exceptionType=3425(caught=true, uncaught=true)]}
07:41:59.121 INFO: JdwpDebugServer: handling req: EventRequest(15).Set(1)
07:41:59.121 INFO: JdwpEventCenterDelegate: jdwpSetEventRequest: JdwpEventRequest{requestId=115, eventKind=CLASS_PREPARE, suspendPolicy=EVENT_THREAD, predicates=[className=java.lang.Throwable]}
07:41:59.122 INFO: JdwpDebugServer: handling req: EventRequest(15).Set(1)
07:41:59.122 INFO: JdwpEventCenterDelegate: jdwpSetEventRequest: JdwpEventRequest{requestId=116, eventKind=CLASS_PREPARE, suspendPolicy=EVENT_THREAD, predicates=[className=java.lang.Throwable$*]}
07:41:59.123 INFO: JdwpDebugServer: handling req: VirtualMachine(1).ClassesBySignature(2)
07:41:59.124 INFO: JdwpDebugServer: handling req: EventRequest(15).Set(1)
07:41:59.124 INFO: JdwpEventCenterDelegate: jdwpSetEventRequest: JdwpEventRequest{requestId=117, eventKind=EXCEPTION, suspendPolicy=EVENT_THREAD, predicates=[exceptionType=7695(caught=false, uncaught=true)]}
07:41:59.125 INFO: JdwpDebugServer: handling req: ThreadReference(11).SuspendCount(12)
07:41:59.125 INFO: JdwpDebugServer: handling req: ThreadReference(11).SuspendCount(12)
07:41:59.126 INFO: JdwpDebugServer: handling req: ThreadReference(11).SuspendCount(12)
07:41:59.126 INFO: JdwpDebugServer: handling req: ThreadReference(11).SuspendCount(12)
07:41:59.126 INFO: JdwpDebugServer: handling req: VirtualMachine(1).AllThreads(4)
07:41:59.126 INFO: JdwpDebugServer: handling req: VirtualMachine(1).Resume(9)
07:41:59.209 INFO: JdwpEventCenterDelegate: THREAD_RESUMED: thread (33, main, main)
07:41:59.209 INFO: JdwpEventCenterDelegate: THREAD_RESUMED: thread (33, main, main)
07:41:59.210 INFO: JdwpEventCenterDelegate: THREAD_RESUMED: thread (33, main, main)
07:41:59.210 INFO: JdwpEventCenterDelegate: THREAD_RESUMED: thread (33, main, main)
07:41:59.210 INFO: JdwpEventCenterDelegate: THREAD_RESUMED: thread (33, main, main)
07:41:59.211 INFO: JdwpEventCenterDelegate: THREAD_RESUMED: thread (33, main, main)
07:41:59.211 INFO: JdwpEventCenterDelegate: THREAD_RESUMED: thread (33, main, main)
07:41:59.213 INFO: JdwpEventCenterDelegate: THREAD_RESUMED: thread (33, main, main)
07:41:59.214 INFO: JdwpEventCenterDelegate: THREAD_RESUMED: thread (33, main, main)
07:41:59.214 INFO: JdwpEventCenterDelegate: THREAD_RESUMED: thread (33, main, main)
07:41:59.214 INFO: JdwpEventCenterDelegate: THREAD_RESUMED: thread (33, main, main)
07:41:59.220 INFO: JdwpEventCenterDelegate: THREAD_RESUMED: thread (33, main, main)
07:41:59.220 INFO: JdwpEventCenterDelegate: THREAD_RESUMED: thread (33, main, main)
07:41:59.221 INFO: JdwpEventCenterDelegate: THREAD_RESUMED: thread (33, main, main)
07:41:59.290 INFO: JdwpEventCenterDelegate: THREAD_RESUMED: thread (33, main, main)
07:41:59.291 INFO: JdwpEventCenterDelegate: THREAD_RESUMED: thread (33, main, main)
07:41:59.291 INFO: JdwpEventCenterDelegate: THREAD_RESUMED: thread (33, main, main)
07:41:59.298 INFO: JdwpEventCenterDelegate: THREAD_RESUMED: thread (33, main, main)
07:41:59.299 INFO: JdwpEventCenterDelegate: THREAD_RESUMED: thread (33, main, main)
07:41:59.299 INFO: JdwpEventCenterDelegate: THREAD_RESUMED: thread (33, main, main)
07:41:59.555 INFO: JdwpEventCenterDelegate: THREAD_RESUMED: thread (33, main, main)
07:41:59.555 INFO: JdwpEventCenterDelegate: THREAD_RESUMED: thread (33, main, main)
07:41:59.556 INFO: JdwpEventCenterDelegate: THREAD_RESUMED: thread (33, main, main)
07:41:59.618 INFO: JdwpEventCenterDelegate: THREAD_RESUMED: thread (33, main, main)
07:41:59.618 INFO: JdwpEventCenterDelegate: THREAD_RESUMED: thread (33, main, main)
07:41:59.619 INFO: JdwpEventCenterDelegate: THREAD_RESUMED: thread (33, main, main)
07:41:59.643 INFO: JdwpDebugServer: handling req: ThreadReference(11).Name(1)
07:41:59.644 INFO: JdwpDebugServer: handling req: ThreadReference(11).Name(1)
07:41:59.644 INFO: JdwpEventCenterDelegate: THREAD_RESUMED: thread (33, main, main)
07:41:59.645 INFO: JdwpDebugServer: handling req: ThreadReference(11).Name(1)
07:41:59.645 INFO: JdwpEventCenterDelegate: THREAD_RESUMED: thread (33, main, main)
07:41:59.645 INFO: JdwpDebugServer: handling req: ThreadReference(11).Name(1)
07:41:59.646 INFO: JdwpEventCenterDelegate: THREAD_RESUMED: thread (33, main, main)
07:41:59.668 INFO: JdwpEventCenterDelegate: THREAD_RESUMED: thread (33, main, main)
07:41:59.669 INFO: JdwpEventCenterDelegate: THREAD_RESUMED: thread (33, main, main)
07:41:59.670 INFO: JdwpEventCenterDelegate: THREAD_RESUMED: thread (33, main, main)
07:41:59.670 INFO: JdwpEventCenterDelegate: THREAD_RESUMED: thread (33, main, main)
07:41:59.677 INFO: JdwpEventCenterDelegate: THREAD_RESUMED: thread (33, main, main)
07:41:59.677 INFO: JdwpEventCenterDelegate: THREAD_RESUMED: thread (33, main, main)
07:42:00.234 INFO: JdwpEventCenterDelegate: THREAD_RESUMED: thread (33, main, main)
07:42:00.236 INFO: JdwpEventCenterDelegate: THREAD_RESUMED: thread (33, main, main)
07:42:00.254 INFO: JdwpEventCenterDelegate: THREAD_RESUMED: thread (33, main, main)
07:42:00.255 INFO: JdwpEventCenterDelegate: THREAD_RESUMED: thread (33, main, main)
07:42:00.256 INFO: JdwpEventCenterDelegate: THREAD_RESUMED: thread (33, main, main)
07:42:00.256 INFO: JdwpEventCenterDelegate: THREAD_RESUMED: thread (33, main, main)
07:42:00.326 INFO: JdwpEventCenterDelegate: THREAD_RESUMED: thread (33, main, main)
07:42:00.709 INFO: JdwpEventCenterDelegate: THREAD_RESUMED: thread (33, main, main)
07:42:00.733 SEVERE: Debugger: Thread HooksChannel socket thread crashed
org.robovm.debugger.DebuggerException: java.nio.BufferUnderflowException
	at org.robovm.debugger.hooks.HooksChannel.doSocketWork(HooksChannel.java:149)
	at java.base/java.lang.Thread.run(Thread.java:833)
	at org.robovm.debugger.utils.DebuggerThread.run(DebuggerThread.java:42)
Caused by: java.nio.BufferUnderflowException
	at org.robovm.debugger.utils.bytebuffer.DataBufferWriter.writeFromStream(DataBufferWriter.java:91)
	at org.robovm.debugger.hooks.HooksChannel.doSocketWork(HooksChannel.java:116)
	... 2 more
07:42:01.242 SEVERE: Debugger: Thread JDWP server socket thread crashed
org.robovm.debugger.DebuggerException: java.net.SocketException: Socket closed
	at org.robovm.debugger.jdwp.JdwpDebugServer.doSocketWork(JdwpDebugServer.java:215)
	at java.base/java.lang.Thread.run(Thread.java:833)
	at org.robovm.debugger.utils.DebuggerThread.run(DebuggerThread.java:42)
Caused by: java.net.SocketException: Socket closed
	at java.base/sun.nio.ch.NioSocketImpl.endRead(NioSocketImpl.java:248)
	at java.base/sun.nio.ch.NioSocketImpl.implRead(NioSocketImpl.java:327)
	at java.base/sun.nio.ch.NioSocketImpl.read(NioSocketImpl.java:350)
	at java.base/sun.nio.ch.NioSocketImpl$1.read(NioSocketImpl.java:803)
	at java.base/java.net.Socket$SocketInputStream.read(Socket.java:966)
	at org.robovm.debugger.utils.bytebuffer.DataBufferWriter.writeFromStream(DataBufferWriter.java:89)
	at org.robovm.debugger.jdwp.protocol.JdwpRequestHeader.readFromStream(JdwpRequestHeader.java:36)
	at org.robovm.debugger.jdwp.JdwpDebugServer.doSocketWork(JdwpDebugServer.java:185)
	... 2 more
