09:45:28.177 INFO: JdwpEventCenterDelegate: THREAD_STARTED: thread (33, main, main)
09:45:28.309 INFO: JdwpEventCenterDelegate: THREAD_STARTED: thread (48, ReferenceQueueDaemon, main)
09:45:28.310 INFO: JdwpEventCenterDelegate: THREAD_STARTED: thread (63, FinalizerDaemon, main)
09:45:28.310 INFO: JdwpEventCenterDelegate: THREAD_STARTED: thread (78, FinalizerWatchdogDaemon, main)
09:45:30.119 INFO: JdwpDebugServer: handling req: VirtualMachine(1).IDSizes(7)
09:45:30.124 INFO: JdwpDebugServer: handling req: EventRequest(15).Set(1)
09:45:30.124 INFO: JdwpEventCenterDelegate: jdwpSetEventRequest: JdwpEventRequest{requestId=100, eventKind=CLASS_UNLOAD, suspendPolicy=NONE, predicates=[]}
09:45:30.125 INFO: JdwpDebugServer: handling req: EventRequest(15).Set(1)
09:45:30.125 INFO: JdwpEventCenterDelegate: jdwpSetEventRequest: JdwpEventRequest{requestId=101, eventKind=THREAD_START, suspendPolicy=NONE, predicates=[]}
09:45:30.126 INFO: JdwpDebugServer: handling req: VirtualMachine(1).ClassesBySignature(2)
09:45:30.128 INFO: JdwpDebugServer: handling req: VirtualMachine(1).Version(1)
09:45:30.129 INFO: JdwpDebugServer: handling req: ReferenceType(2).MethodsWithGeneric(15)
09:45:30.131 INFO: JdwpDebugServer: handling req: Method(6).LineTable(1)
09:45:30.132 INFO: JdwpDebugServer: handling req: EventRequest(15).Set(1)
09:45:30.133 INFO: JdwpEventCenterDelegate: jdwpSetEventRequest: JdwpEventRequest{requestId=102, eventKind=BREAKPOINT, suspendPolicy=NONE, predicates=[Location{classId=845, methodId=257, index=928} ]}
09:45:30.134 INFO: JdwpDebugServer: handling req: EventRequest(15).Set(1)
09:45:30.134 INFO: JdwpEventCenterDelegate: jdwpSetEventRequest: JdwpEventRequest{requestId=103, eventKind=THREAD_DEATH, suspendPolicy=NONE, predicates=[]}
09:45:30.134 INFO: JdwpDebugServer: handling req: VirtualMachine(1).AllThreads(4)
09:45:30.134 INFO: JdwpDebugServer: handling req: ThreadReference(11).ThreadGroup(5)
09:45:30.135 INFO: JdwpDebugServer: handling req: ThreadGroup(12).Name(1)
09:45:30.135 INFO: JdwpDebugServer: handling req: ThreadGroup(12).Parent(2)
09:45:30.135 INFO: JdwpDebugServer: handling req: ObjectReference(9).ReferenceType(1)
09:45:30.135 INFO: JdwpDebugServer: handling req: ReferenceType(2).FieldsWithGeneric(14)
09:45:30.136 INFO: JdwpDebugServer: handling req: ReferenceType(2).Interfaces(10)
09:45:30.136 INFO: JdwpDebugServer: handling req: ReferenceType(2).FieldsWithGeneric(14)
09:45:30.136 INFO: JdwpDebugServer: handling req: ReferenceType(2).Interfaces(10)
09:45:30.137 INFO: JdwpDebugServer: handling req: ClassType(3).Superclass(1)
09:45:30.137 INFO: JdwpDebugServer: handling req: ReferenceType(2).FieldsWithGeneric(14)
09:45:30.137 INFO: JdwpDebugServer: handling req: ReferenceType(2).Interfaces(10)
09:45:30.137 INFO: JdwpDebugServer: handling req: ClassType(3).Superclass(1)
09:45:30.138 INFO: JdwpDebugServer: handling req: ObjectReference(9).GetValues(2)
09:45:30.139 INFO: JdwpDebugServer: handling req: ThreadReference(11).Status(4)
09:45:30.139 INFO: JdwpDebugServer: handling req: ThreadReference(11).Status(4)
09:45:30.139 INFO: JdwpDebugServer: handling req: ThreadReference(11).ThreadGroup(5)
09:45:30.139 INFO: JdwpDebugServer: handling req: ObjectReference(9).ReferenceType(1)
09:45:30.140 INFO: JdwpDebugServer: handling req: ObjectReference(9).GetValues(2)
09:45:30.140 INFO: JdwpDebugServer: handling req: ThreadReference(11).Status(4)
09:45:30.140 INFO: JdwpDebugServer: handling req: ThreadReference(11).Status(4)
09:45:30.141 INFO: JdwpDebugServer: handling req: ThreadReference(11).ThreadGroup(5)
09:45:30.141 INFO: JdwpDebugServer: handling req: ObjectReference(9).ReferenceType(1)
09:45:30.141 INFO: JdwpDebugServer: handling req: ObjectReference(9).GetValues(2)
09:45:30.141 INFO: JdwpDebugServer: handling req: ThreadReference(11).Status(4)
09:45:30.142 INFO: JdwpDebugServer: handling req: ThreadReference(11).Status(4)
09:45:30.142 INFO: JdwpDebugServer: handling req: ThreadReference(11).ThreadGroup(5)
09:45:30.142 INFO: JdwpDebugServer: handling req: ObjectReference(9).ReferenceType(1)
09:45:30.142 INFO: JdwpDebugServer: handling req: ObjectReference(9).GetValues(2)
09:45:30.143 INFO: JdwpDebugServer: handling req: ThreadReference(11).Status(4)
09:45:30.143 INFO: JdwpDebugServer: handling req: ThreadReference(11).Status(4)
09:45:30.145 INFO: JdwpDebugServer: handling req: EventRequest(15).Set(1)
09:45:30.145 INFO: JdwpEventCenterDelegate: jdwpSetEventRequest: JdwpEventRequest{requestId=104, eventKind=CLASS_PREPARE, suspendPolicy=EVENT_THREAD, predicates=[className=java.lang.Throwable]}
09:45:30.151 INFO: JdwpDebugServer: handling req: EventRequest(15).Set(1)
09:45:30.151 INFO: JdwpEventCenterDelegate: jdwpSetEventRequest: JdwpEventRequest{requestId=105, eventKind=CLASS_PREPARE, suspendPolicy=EVENT_THREAD, predicates=[className=java.lang.Throwable$*]}
09:45:30.153 INFO: JdwpDebugServer: handling req: VirtualMachine(1).ClassesBySignature(2)
09:45:30.154 INFO: JdwpDebugServer: handling req: ReferenceType(2).MethodsWithGeneric(15)
09:45:30.155 INFO: JdwpDebugServer: handling req: Method(6).LineTable(1)
09:45:30.155 INFO: JdwpDebugServer: handling req: Method(6).LineTable(1)
09:45:30.156 INFO: JdwpDebugServer: handling req: Method(6).LineTable(1)
09:45:30.156 INFO: JdwpDebugServer: handling req: Method(6).LineTable(1)
09:45:30.156 INFO: JdwpDebugServer: handling req: Method(6).LineTable(1)
09:45:30.156 INFO: JdwpDebugServer: handling req: Method(6).LineTable(1)
09:45:30.156 INFO: JdwpDebugServer: handling req: Method(6).LineTable(1)
09:45:30.156 INFO: JdwpDebugServer: handling req: Method(6).LineTable(1)
09:45:30.156 INFO: JdwpDebugServer: handling req: Method(6).LineTable(1)
09:45:30.157 INFO: JdwpDebugServer: handling req: Method(6).LineTable(1)
09:45:30.157 INFO: JdwpDebugServer: handling req: Method(6).LineTable(1)
09:45:30.157 INFO: JdwpDebugServer: handling req: Method(6).LineTable(1)
09:45:30.157 INFO: JdwpDebugServer: handling req: Method(6).LineTable(1)
09:45:30.157 INFO: JdwpDebugServer: handling req: Method(6).LineTable(1)
09:45:30.157 INFO: JdwpDebugServer: handling req: Method(6).LineTable(1)
09:45:30.158 INFO: JdwpDebugServer: handling req: Method(6).LineTable(1)
09:45:30.158 INFO: JdwpDebugServer: handling req: Method(6).LineTable(1)
09:45:30.158 INFO: JdwpDebugServer: handling req: Method(6).LineTable(1)
09:45:30.158 INFO: JdwpDebugServer: handling req: Method(6).LineTable(1)
09:45:30.158 INFO: JdwpDebugServer: handling req: Method(6).LineTable(1)
09:45:30.158 INFO: JdwpDebugServer: handling req: Method(6).LineTable(1)
09:45:30.158 INFO: JdwpDebugServer: handling req: Method(6).LineTable(1)
09:45:30.159 INFO: JdwpDebugServer: handling req: Method(6).LineTable(1)
09:45:30.159 INFO: JdwpDebugServer: handling req: Method(6).LineTable(1)
09:45:30.159 INFO: JdwpDebugServer: handling req: VirtualMachine(1).ClassesBySignature(2)
09:45:30.159 INFO: JdwpDebugServer: handling req: VirtualMachine(1).AllClassesWithGeneric(20)
09:45:30.171 INFO: JdwpDebugServer: handling req: EventRequest(15).Set(1)
09:45:30.171 INFO: JdwpEventCenterDelegate: jdwpSetEventRequest: JdwpEventRequest{requestId=106, eventKind=CLASS_PREPARE, suspendPolicy=EVENT_THREAD, predicates=[className=com.badlogic.gdx.utils.ScreenUtils]}
09:45:30.173 INFO: JdwpDebugServer: handling req: EventRequest(15).Set(1)
09:45:30.173 INFO: JdwpEventCenterDelegate: jdwpSetEventRequest: JdwpEventRequest{requestId=107, eventKind=CLASS_PREPARE, suspendPolicy=EVENT_THREAD, predicates=[className=com.badlogic.gdx.utils.ScreenUtils$*]}
09:45:30.174 INFO: JdwpDebugServer: handling req: VirtualMachine(1).ClassesBySignature(2)
09:45:30.174 INFO: JdwpDebugServer: handling req: ReferenceType(2).MethodsWithGeneric(15)
09:45:30.176 INFO: JdwpDebugServer: handling req: Method(6).LineTable(1)
09:45:30.176 INFO: JdwpDebugServer: handling req: Method(6).LineTable(1)
09:45:30.176 INFO: JdwpDebugServer: handling req: Method(6).LineTable(1)
09:45:30.176 INFO: JdwpDebugServer: handling req: Method(6).LineTable(1)
09:45:30.176 INFO: JdwpDebugServer: handling req: Method(6).LineTable(1)
09:45:30.177 INFO: JdwpDebugServer: handling req: Method(6).LineTable(1)
09:45:30.177 INFO: JdwpDebugServer: handling req: Method(6).LineTable(1)
09:45:30.177 INFO: JdwpDebugServer: handling req: Method(6).LineTable(1)
09:45:30.177 INFO: JdwpDebugServer: handling req: Method(6).LineTable(1)
09:45:30.177 INFO: JdwpDebugServer: handling req: Method(6).LineTable(1)
09:45:30.177 INFO: JdwpDebugServer: handling req: EventRequest(15).Set(1)
09:45:30.177 INFO: JdwpEventCenterDelegate: jdwpSetEventRequest: JdwpEventRequest{requestId=108, eventKind=BREAKPOINT, suspendPolicy=EVENT_THREAD, predicates=[Location{classId=22240, methodId=1272, index=89} ]}
09:45:30.180 INFO: JdwpDebugServer: handling req: EventRequest(15).Set(1)
09:45:30.180 INFO: JdwpEventCenterDelegate: jdwpSetEventRequest: JdwpEventRequest{requestId=109, eventKind=CLASS_PREPARE, suspendPolicy=EVENT_THREAD, predicates=[className=com.badlogic.gdx.utils.ScreenUtils]}
09:45:30.181 INFO: JdwpDebugServer: handling req: EventRequest(15).Set(1)
09:45:30.181 INFO: JdwpEventCenterDelegate: jdwpSetEventRequest: JdwpEventRequest{requestId=110, eventKind=CLASS_PREPARE, suspendPolicy=EVENT_THREAD, predicates=[className=com.badlogic.gdx.utils.ScreenUtils$*]}
09:45:30.182 INFO: JdwpDebugServer: handling req: VirtualMachine(1).ClassesBySignature(2)
09:45:30.182 INFO: JdwpDebugServer: handling req: EventRequest(15).Set(1)
09:45:30.182 INFO: JdwpEventCenterDelegate: jdwpSetEventRequest: JdwpEventRequest{requestId=111, eventKind=BREAKPOINT, suspendPolicy=EVENT_THREAD, predicates=[Location{classId=22240, methodId=1267, index=72} ]}
09:45:30.183 INFO: JdwpDebugServer: handling req: VirtualMachine(1).capabilitiesNew(17)
09:45:30.184 INFO: JdwpDebugServer: handling req: EventRequest(15).Set(1)
09:45:30.184 INFO: JdwpEventCenterDelegate: jdwpSetEventRequest: JdwpEventRequest{requestId=112, eventKind=CLASS_PREPARE, suspendPolicy=EVENT_THREAD, predicates=[className=java.lang.Error]}
09:45:30.185 INFO: JdwpDebugServer: handling req: EventRequest(15).Set(1)
09:45:30.185 INFO: JdwpEventCenterDelegate: jdwpSetEventRequest: JdwpEventRequest{requestId=113, eventKind=CLASS_PREPARE, suspendPolicy=EVENT_THREAD, predicates=[className=java.lang.Error$*]}
09:45:30.186 INFO: JdwpDebugServer: handling req: VirtualMachine(1).ClassesBySignature(2)
09:45:30.187 INFO: JdwpDebugServer: handling req: EventRequest(15).Set(1)
09:45:30.187 INFO: JdwpEventCenterDelegate: jdwpSetEventRequest: JdwpEventRequest{requestId=114, eventKind=EXCEPTION, suspendPolicy=EVENT_THREAD, predicates=[exceptionType=3425(caught=true, uncaught=true)]}
09:45:30.201 INFO: JdwpDebugServer: handling req: EventRequest(15).Set(1)
09:45:30.201 INFO: JdwpEventCenterDelegate: jdwpSetEventRequest: JdwpEventRequest{requestId=115, eventKind=CLASS_PREPARE, suspendPolicy=EVENT_THREAD, predicates=[className=java.lang.Throwable]}
09:45:30.203 INFO: JdwpDebugServer: handling req: EventRequest(15).Set(1)
09:45:30.203 INFO: JdwpEventCenterDelegate: jdwpSetEventRequest: JdwpEventRequest{requestId=116, eventKind=CLASS_PREPARE, suspendPolicy=EVENT_THREAD, predicates=[className=java.lang.Throwable$*]}
09:45:30.205 INFO: JdwpDebugServer: handling req: VirtualMachine(1).ClassesBySignature(2)
09:45:30.205 INFO: JdwpDebugServer: handling req: EventRequest(15).Set(1)
09:45:30.205 INFO: JdwpEventCenterDelegate: jdwpSetEventRequest: JdwpEventRequest{requestId=117, eventKind=EXCEPTION, suspendPolicy=EVENT_THREAD, predicates=[exceptionType=7695(caught=false, uncaught=true)]}
09:45:30.207 INFO: JdwpDebugServer: handling req: ThreadReference(11).SuspendCount(12)
09:45:30.208 INFO: JdwpDebugServer: handling req: ThreadReference(11).SuspendCount(12)
09:45:30.208 INFO: JdwpDebugServer: handling req: ThreadReference(11).SuspendCount(12)
09:45:30.208 INFO: JdwpDebugServer: handling req: ThreadReference(11).SuspendCount(12)
09:45:30.208 INFO: JdwpDebugServer: handling req: VirtualMachine(1).AllThreads(4)
09:45:30.208 INFO: JdwpDebugServer: handling req: VirtualMachine(1).Resume(9)
09:45:30.287 INFO: JdwpEventCenterDelegate: THREAD_RESUMED: thread (33, main, main)
09:45:30.288 INFO: JdwpEventCenterDelegate: THREAD_RESUMED: thread (33, main, main)
09:45:30.288 INFO: JdwpEventCenterDelegate: THREAD_RESUMED: thread (33, main, main)
09:45:30.289 INFO: JdwpEventCenterDelegate: THREAD_RESUMED: thread (33, main, main)
09:45:30.289 INFO: JdwpEventCenterDelegate: THREAD_RESUMED: thread (33, main, main)
09:45:30.290 INFO: JdwpEventCenterDelegate: THREAD_RESUMED: thread (33, main, main)
09:45:30.290 INFO: JdwpEventCenterDelegate: THREAD_RESUMED: thread (33, main, main)
09:45:30.292 INFO: JdwpEventCenterDelegate: THREAD_RESUMED: thread (33, main, main)
09:45:30.293 INFO: JdwpEventCenterDelegate: THREAD_RESUMED: thread (33, main, main)
09:45:30.293 INFO: JdwpEventCenterDelegate: THREAD_RESUMED: thread (33, main, main)
09:45:30.294 INFO: JdwpEventCenterDelegate: THREAD_RESUMED: thread (33, main, main)
09:45:30.299 INFO: JdwpEventCenterDelegate: THREAD_RESUMED: thread (33, main, main)
09:45:30.300 INFO: JdwpEventCenterDelegate: THREAD_RESUMED: thread (33, main, main)
09:45:30.300 INFO: JdwpEventCenterDelegate: THREAD_RESUMED: thread (33, main, main)
09:45:30.367 INFO: JdwpEventCenterDelegate: THREAD_RESUMED: thread (33, main, main)
09:45:30.367 INFO: JdwpEventCenterDelegate: THREAD_RESUMED: thread (33, main, main)
09:45:30.368 INFO: JdwpEventCenterDelegate: THREAD_RESUMED: thread (33, main, main)
09:45:30.375 INFO: JdwpEventCenterDelegate: THREAD_RESUMED: thread (33, main, main)
09:45:30.375 INFO: JdwpEventCenterDelegate: THREAD_RESUMED: thread (33, main, main)
09:45:30.376 INFO: JdwpEventCenterDelegate: THREAD_RESUMED: thread (33, main, main)
09:45:30.628 INFO: JdwpEventCenterDelegate: THREAD_RESUMED: thread (33, main, main)
09:45:30.629 INFO: JdwpEventCenterDelegate: THREAD_RESUMED: thread (33, main, main)
09:45:30.629 INFO: JdwpEventCenterDelegate: THREAD_RESUMED: thread (33, main, main)
09:45:30.689 INFO: JdwpEventCenterDelegate: THREAD_RESUMED: thread (33, main, main)
09:45:30.690 INFO: JdwpEventCenterDelegate: THREAD_RESUMED: thread (33, main, main)
09:45:30.691 INFO: JdwpEventCenterDelegate: THREAD_RESUMED: thread (33, main, main)
09:45:30.715 INFO: JdwpEventCenterDelegate: THREAD_RESUMED: thread (33, main, main)
09:45:30.716 INFO: JdwpEventCenterDelegate: THREAD_RESUMED: thread (33, main, main)
09:45:30.716 INFO: JdwpEventCenterDelegate: THREAD_RESUMED: thread (33, main, main)
09:45:30.733 INFO: JdwpDebugServer: handling req: ThreadReference(11).Name(1)
09:45:30.734 INFO: JdwpDebugServer: handling req: ThreadReference(11).Name(1)
09:45:30.734 INFO: JdwpDebugServer: handling req: ThreadReference(11).Name(1)
09:45:30.734 INFO: JdwpDebugServer: handling req: ThreadReference(11).Name(1)
09:45:30.740 INFO: JdwpEventCenterDelegate: THREAD_RESUMED: thread (33, main, main)
09:45:30.741 INFO: JdwpEventCenterDelegate: THREAD_RESUMED: thread (33, main, main)
09:45:30.741 INFO: JdwpEventCenterDelegate: THREAD_RESUMED: thread (33, main, main)
09:45:30.742 INFO: JdwpEventCenterDelegate: THREAD_RESUMED: thread (33, main, main)
09:45:30.749 INFO: JdwpEventCenterDelegate: THREAD_RESUMED: thread (33, main, main)
09:45:30.749 INFO: JdwpEventCenterDelegate: THREAD_RESUMED: thread (33, main, main)
09:45:31.268 INFO: JdwpEventCenterDelegate: THREAD_RESUMED: thread (33, main, main)
09:45:31.268 INFO: JdwpEventCenterDelegate: THREAD_RESUMED: thread (33, main, main)
09:45:31.287 INFO: JdwpEventCenterDelegate: THREAD_RESUMED: thread (33, main, main)
09:45:31.288 INFO: JdwpEventCenterDelegate: THREAD_RESUMED: thread (33, main, main)
09:45:31.289 INFO: JdwpEventCenterDelegate: THREAD_RESUMED: thread (33, main, main)
09:45:31.289 INFO: JdwpEventCenterDelegate: THREAD_RESUMED: thread (33, main, main)
09:45:31.360 INFO: JdwpEventCenterDelegate: THREAD_RESUMED: thread (33, main, main)
09:45:31.770 INFO: JdwpEventCenterDelegate: THREAD_RESUMED: thread (33, main, main)
09:45:31.793 SEVERE: Debugger: Thread HooksChannel socket thread crashed
org.robovm.debugger.DebuggerException: java.nio.BufferUnderflowException
	at org.robovm.debugger.hooks.HooksChannel.doSocketWork(HooksChannel.java:149)
	at java.base/java.lang.Thread.run(Thread.java:833)
	at org.robovm.debugger.utils.DebuggerThread.run(DebuggerThread.java:42)
Caused by: java.nio.BufferUnderflowException
	at org.robovm.debugger.utils.bytebuffer.DataBufferWriter.writeFromStream(DataBufferWriter.java:91)
	at org.robovm.debugger.hooks.HooksChannel.doSocketWork(HooksChannel.java:116)
	... 2 more
09:45:32.320 SEVERE: Debugger: Thread JDWP server socket thread crashed
org.robovm.debugger.DebuggerException: java.net.SocketException: Socket closed
	at org.robovm.debugger.jdwp.JdwpDebugServer.doSocketWork(JdwpDebugServer.java:215)
	at java.base/java.lang.Thread.run(Thread.java:833)
	at org.robovm.debugger.utils.DebuggerThread.run(DebuggerThread.java:42)
Caused by: java.net.SocketException: Socket closed
	at java.base/sun.nio.ch.NioSocketImpl.endRead(NioSocketImpl.java:248)
	at java.base/sun.nio.ch.NioSocketImpl.implRead(NioSocketImpl.java:327)
	at java.base/sun.nio.ch.NioSocketImpl.read(NioSocketImpl.java:350)
	at java.base/sun.nio.ch.NioSocketImpl$1.read(NioSocketImpl.java:803)
	at java.base/java.net.Socket$SocketInputStream.read(Socket.java:966)
	at org.robovm.debugger.utils.bytebuffer.DataBufferWriter.writeFromStream(DataBufferWriter.java:89)
	at org.robovm.debugger.jdwp.protocol.JdwpRequestHeader.readFromStream(JdwpRequestHeader.java:36)
	at org.robovm.debugger.jdwp.JdwpDebugServer.doSocketWork(JdwpDebugServer.java:185)
	... 2 more
