07:09:42.061 INFO: JdwpEventCenterDelegate: THREAD_STARTED: thread (33, main, main)
07:09:42.104 INFO: JdwpEventCenterDelegate: THREAD_STARTED: thread (48, ReferenceQueueDaemon, main)
07:09:42.106 INFO: JdwpEventCenterDelegate: THREAD_STARTED: thread (63, FinalizerDaemon, main)
07:09:42.108 INFO: JdwpEventCenterDelegate: THREAD_STARTED: thread (78, FinalizerWatchdogDaemon, main)
07:09:44.451 INFO: JdwpDebugServer: handling req: VirtualMachine(1).IDSizes(7)
07:09:44.452 INFO: JdwpDebugServer: handling req: EventRequest(15).Set(1)
07:09:44.453 INFO: JdwpEventCenterDelegate: jdwpSetEventRequest: JdwpEventRequest{requestId=100, eventKind=CLASS_UNLOAD, suspendPolicy=NONE, predicates=[]}
07:09:44.453 INFO: JdwpDebugServer: handling req: EventRequest(15).Set(1)
07:09:44.453 INFO: JdwpEventCenterDelegate: jdwpSetEventRequest: JdwpEventRequest{requestId=101, eventKind=THREAD_START, suspendPolicy=NONE, predicates=[]}
07:09:44.455 INFO: JdwpDebugServer: handling req: VirtualMachine(1).ClassesBySignature(2)
07:09:44.462 INFO: JdwpDebugServer: handling req: VirtualMachine(1).Version(1)
07:09:44.463 INFO: JdwpDebugServer: handling req: ReferenceType(2).MethodsWithGeneric(15)
07:09:44.467 INFO: JdwpDebugServer: handling req: Method(6).LineTable(1)
07:09:44.469 INFO: JdwpDebugServer: handling req: EventRequest(15).Set(1)
07:09:44.471 INFO: JdwpEventCenterDelegate: jdwpSetEventRequest: JdwpEventRequest{requestId=102, eventKind=BREAKPOINT, suspendPolicy=NONE, predicates=[Location{classId=845, methodId=257, index=928} ]}
07:09:44.476 INFO: JdwpDebugServer: handling req: EventRequest(15).Set(1)
07:09:44.476 INFO: JdwpEventCenterDelegate: jdwpSetEventRequest: JdwpEventRequest{requestId=103, eventKind=THREAD_DEATH, suspendPolicy=NONE, predicates=[]}
07:09:44.477 INFO: JdwpDebugServer: handling req: VirtualMachine(1).AllThreads(4)
07:09:44.482 INFO: JdwpDebugServer: handling req: ThreadReference(11).ThreadGroup(5)
07:09:44.482 INFO: JdwpDebugServer: handling req: ThreadGroup(12).Name(1)
07:09:44.483 INFO: JdwpDebugServer: handling req: ThreadGroup(12).Parent(2)
07:09:44.483 INFO: JdwpDebugServer: handling req: ObjectReference(9).ReferenceType(1)
07:09:44.484 INFO: JdwpDebugServer: handling req: ReferenceType(2).FieldsWithGeneric(14)
07:09:44.485 INFO: JdwpDebugServer: handling req: ReferenceType(2).Interfaces(10)
07:09:44.486 INFO: JdwpDebugServer: handling req: ReferenceType(2).FieldsWithGeneric(14)
07:09:44.486 INFO: JdwpDebugServer: handling req: ReferenceType(2).Interfaces(10)
07:09:44.486 INFO: JdwpDebugServer: handling req: ClassType(3).Superclass(1)
07:09:44.487 INFO: JdwpDebugServer: handling req: ReferenceType(2).FieldsWithGeneric(14)
07:09:44.487 INFO: JdwpDebugServer: handling req: ReferenceType(2).Interfaces(10)
07:09:44.488 INFO: JdwpDebugServer: handling req: ClassType(3).Superclass(1)
07:09:44.488 INFO: JdwpDebugServer: handling req: ObjectReference(9).GetValues(2)
07:09:44.489 INFO: JdwpDebugServer: handling req: ThreadReference(11).Status(4)
07:09:44.490 INFO: JdwpDebugServer: handling req: ThreadReference(11).Status(4)
07:09:44.490 INFO: JdwpDebugServer: handling req: ThreadReference(11).ThreadGroup(5)
07:09:44.490 INFO: JdwpDebugServer: handling req: ObjectReference(9).ReferenceType(1)
07:09:44.490 INFO: JdwpDebugServer: handling req: ObjectReference(9).GetValues(2)
07:09:44.491 INFO: JdwpDebugServer: handling req: ThreadReference(11).Status(4)
07:09:44.491 INFO: JdwpDebugServer: handling req: ThreadReference(11).Status(4)
07:09:44.491 INFO: JdwpDebugServer: handling req: ThreadReference(11).ThreadGroup(5)
07:09:44.492 INFO: JdwpDebugServer: handling req: ObjectReference(9).ReferenceType(1)
07:09:44.492 INFO: JdwpDebugServer: handling req: ObjectReference(9).GetValues(2)
07:09:44.492 INFO: JdwpDebugServer: handling req: ThreadReference(11).Status(4)
07:09:44.492 INFO: JdwpDebugServer: handling req: ThreadReference(11).Status(4)
07:09:44.493 INFO: JdwpDebugServer: handling req: ThreadReference(11).ThreadGroup(5)
07:09:44.493 INFO: JdwpDebugServer: handling req: ObjectReference(9).ReferenceType(1)
07:09:44.493 INFO: JdwpDebugServer: handling req: ObjectReference(9).GetValues(2)
07:09:44.494 INFO: JdwpDebugServer: handling req: ThreadReference(11).Status(4)
07:09:44.494 INFO: JdwpDebugServer: handling req: ThreadReference(11).Status(4)
07:09:44.497 INFO: JdwpDebugServer: handling req: EventRequest(15).Set(1)
07:09:44.498 INFO: JdwpEventCenterDelegate: jdwpSetEventRequest: JdwpEventRequest{requestId=104, eventKind=CLASS_PREPARE, suspendPolicy=EVENT_THREAD, predicates=[className=java.lang.Throwable]}
07:09:44.503 INFO: JdwpDebugServer: handling req: EventRequest(15).Set(1)
07:09:44.504 INFO: JdwpEventCenterDelegate: jdwpSetEventRequest: JdwpEventRequest{requestId=105, eventKind=CLASS_PREPARE, suspendPolicy=EVENT_THREAD, predicates=[className=java.lang.Throwable$*]}
07:09:44.512 INFO: JdwpDebugServer: handling req: VirtualMachine(1).ClassesBySignature(2)
07:09:44.512 INFO: JdwpDebugServer: handling req: ReferenceType(2).MethodsWithGeneric(15)
07:09:44.513 INFO: JdwpDebugServer: handling req: Method(6).LineTable(1)
07:09:44.514 INFO: JdwpDebugServer: handling req: Method(6).LineTable(1)
07:09:44.515 INFO: JdwpDebugServer: handling req: Method(6).LineTable(1)
07:09:44.515 INFO: JdwpDebugServer: handling req: Method(6).LineTable(1)
07:09:44.516 INFO: JdwpDebugServer: handling req: Method(6).LineTable(1)
07:09:44.516 INFO: JdwpDebugServer: handling req: Method(6).LineTable(1)
07:09:44.517 INFO: JdwpDebugServer: handling req: Method(6).LineTable(1)
07:09:44.518 INFO: JdwpDebugServer: handling req: Method(6).LineTable(1)
07:09:44.518 INFO: JdwpDebugServer: handling req: Method(6).LineTable(1)
07:09:44.519 INFO: JdwpDebugServer: handling req: Method(6).LineTable(1)
07:09:44.519 INFO: JdwpDebugServer: handling req: Method(6).LineTable(1)
07:09:44.519 INFO: JdwpDebugServer: handling req: Method(6).LineTable(1)
07:09:44.519 INFO: JdwpDebugServer: handling req: Method(6).LineTable(1)
07:09:44.520 INFO: JdwpDebugServer: handling req: Method(6).LineTable(1)
07:09:44.520 INFO: JdwpDebugServer: handling req: Method(6).LineTable(1)
07:09:44.520 INFO: JdwpDebugServer: handling req: Method(6).LineTable(1)
07:09:44.520 INFO: JdwpDebugServer: handling req: Method(6).LineTable(1)
07:09:44.521 INFO: JdwpDebugServer: handling req: Method(6).LineTable(1)
07:09:44.521 INFO: JdwpDebugServer: handling req: Method(6).LineTable(1)
07:09:44.521 INFO: JdwpDebugServer: handling req: Method(6).LineTable(1)
07:09:44.522 INFO: JdwpDebugServer: handling req: Method(6).LineTable(1)
07:09:44.522 INFO: JdwpDebugServer: handling req: Method(6).LineTable(1)
07:09:44.522 INFO: JdwpDebugServer: handling req: Method(6).LineTable(1)
07:09:44.523 INFO: JdwpDebugServer: handling req: Method(6).LineTable(1)
07:09:44.523 INFO: JdwpDebugServer: handling req: VirtualMachine(1).ClassesBySignature(2)
07:09:44.523 INFO: JdwpDebugServer: handling req: VirtualMachine(1).AllClassesWithGeneric(20)
07:09:44.565 INFO: JdwpDebugServer: handling req: EventRequest(15).Set(1)
07:09:44.565 INFO: JdwpEventCenterDelegate: jdwpSetEventRequest: JdwpEventRequest{requestId=106, eventKind=CLASS_PREPARE, suspendPolicy=EVENT_THREAD, predicates=[className=com.badlogic.gdx.utils.ScreenUtils]}
07:09:44.567 INFO: JdwpDebugServer: handling req: EventRequest(15).Set(1)
07:09:44.567 INFO: JdwpEventCenterDelegate: jdwpSetEventRequest: JdwpEventRequest{requestId=107, eventKind=CLASS_PREPARE, suspendPolicy=EVENT_THREAD, predicates=[className=com.badlogic.gdx.utils.ScreenUtils$*]}
07:09:44.572 INFO: JdwpDebugServer: handling req: VirtualMachine(1).ClassesBySignature(2)
07:09:44.572 INFO: JdwpDebugServer: handling req: ReferenceType(2).MethodsWithGeneric(15)
07:09:44.573 INFO: JdwpDebugServer: handling req: Method(6).LineTable(1)
07:09:44.574 INFO: JdwpDebugServer: handling req: Method(6).LineTable(1)
07:09:44.577 INFO: JdwpDebugServer: handling req: Method(6).LineTable(1)
07:09:44.577 INFO: JdwpDebugServer: handling req: Method(6).LineTable(1)
07:09:44.578 INFO: JdwpDebugServer: handling req: Method(6).LineTable(1)
07:09:44.578 INFO: JdwpDebugServer: handling req: Method(6).LineTable(1)
07:09:44.578 INFO: JdwpDebugServer: handling req: Method(6).LineTable(1)
07:09:44.579 INFO: JdwpDebugServer: handling req: Method(6).LineTable(1)
07:09:44.579 INFO: JdwpDebugServer: handling req: Method(6).LineTable(1)
07:09:44.579 INFO: JdwpDebugServer: handling req: Method(6).LineTable(1)
07:09:44.579 INFO: JdwpDebugServer: handling req: EventRequest(15).Set(1)
07:09:44.579 INFO: JdwpEventCenterDelegate: jdwpSetEventRequest: JdwpEventRequest{requestId=108, eventKind=BREAKPOINT, suspendPolicy=EVENT_THREAD, predicates=[Location{classId=22230, methodId=1272, index=89} ]}
07:09:44.582 INFO: JdwpDebugServer: handling req: EventRequest(15).Set(1)
07:09:44.582 INFO: JdwpEventCenterDelegate: jdwpSetEventRequest: JdwpEventRequest{requestId=109, eventKind=CLASS_PREPARE, suspendPolicy=EVENT_THREAD, predicates=[className=com.badlogic.gdx.utils.ScreenUtils]}
07:09:44.584 INFO: JdwpDebugServer: handling req: EventRequest(15).Set(1)
07:09:44.584 INFO: JdwpEventCenterDelegate: jdwpSetEventRequest: JdwpEventRequest{requestId=110, eventKind=CLASS_PREPARE, suspendPolicy=EVENT_THREAD, predicates=[className=com.badlogic.gdx.utils.ScreenUtils$*]}
07:09:44.586 INFO: JdwpDebugServer: handling req: VirtualMachine(1).ClassesBySignature(2)
07:09:44.586 INFO: JdwpDebugServer: handling req: EventRequest(15).Set(1)
07:09:44.586 INFO: JdwpEventCenterDelegate: jdwpSetEventRequest: JdwpEventRequest{requestId=111, eventKind=BREAKPOINT, suspendPolicy=EVENT_THREAD, predicates=[Location{classId=22230, methodId=1267, index=72} ]}
07:09:44.610 INFO: JdwpDebugServer: handling req: EventRequest(15).Set(1)
07:09:44.611 INFO: JdwpEventCenterDelegate: jdwpSetEventRequest: JdwpEventRequest{requestId=112, eventKind=CLASS_PREPARE, suspendPolicy=EVENT_THREAD, predicates=[className=com.abdalla.bushnaq.pluvia.launcher.DesktopLauncher]}
07:09:44.611 INFO: JdwpDebugServer: handling req: EventRequest(15).Set(1)
07:09:44.611 INFO: JdwpEventCenterDelegate: jdwpSetEventRequest: JdwpEventRequest{requestId=113, eventKind=CLASS_PREPARE, suspendPolicy=EVENT_THREAD, predicates=[className=com.abdalla.bushnaq.pluvia.launcher.DesktopLauncher$*]}
07:09:44.613 INFO: JdwpDebugServer: handling req: VirtualMachine(1).ClassesBySignature(2)
07:09:44.613 INFO: JdwpDebugServer: handling req: EventRequest(15).Set(1)
07:09:44.613 INFO: JdwpEventCenterDelegate: jdwpSetEventRequest: JdwpEventRequest{requestId=114, eventKind=CLASS_PREPARE, suspendPolicy=EVENT_THREAD, predicates=[className=com.abdalla.bushnaq.pluvia.launcher.IOSLauncher]}
07:09:44.614 INFO: JdwpDebugServer: handling req: EventRequest(15).Set(1)
07:09:44.614 INFO: JdwpEventCenterDelegate: jdwpSetEventRequest: JdwpEventRequest{requestId=115, eventKind=CLASS_PREPARE, suspendPolicy=EVENT_THREAD, predicates=[className=com.abdalla.bushnaq.pluvia.launcher.IOSLauncher$*]}
07:09:44.615 INFO: JdwpDebugServer: handling req: VirtualMachine(1).ClassesBySignature(2)
07:09:44.615 INFO: JdwpDebugServer: handling req: ReferenceType(2).MethodsWithGeneric(15)
07:09:44.616 INFO: JdwpDebugServer: handling req: Method(6).LineTable(1)
07:09:44.616 INFO: JdwpDebugServer: handling req: Method(6).LineTable(1)
07:09:44.616 INFO: JdwpDebugServer: handling req: Method(6).LineTable(1)
07:09:44.616 INFO: JdwpDebugServer: handling req: Method(6).LineTable(1)
07:09:44.617 INFO: JdwpDebugServer: handling req: Method(6).LineTable(1)
07:09:44.617 INFO: JdwpDebugServer: handling req: Method(6).LineTable(1)
07:09:44.617 INFO: JdwpDebugServer: handling req: Method(6).LineTable(1)
07:09:44.617 INFO: JdwpDebugServer: handling req: Method(6).LineTable(1)
07:09:44.617 INFO: JdwpDebugServer: handling req: EventRequest(15).Set(1)
07:09:44.617 INFO: JdwpEventCenterDelegate: jdwpSetEventRequest: JdwpEventRequest{requestId=116, eventKind=BREAKPOINT, suspendPolicy=EVENT_THREAD, predicates=[Location{classId=12880, methodId=1297, index=50} ]}
07:09:44.618 INFO: JdwpDebugServer: handling req: EventRequest(15).Set(1)
07:09:44.618 INFO: JdwpEventCenterDelegate: jdwpSetEventRequest: JdwpEventRequest{requestId=117, eventKind=CLASS_PREPARE, suspendPolicy=EVENT_THREAD, predicates=[className=com.abdalla.bushnaq.pluvia.launcher.IOSLauncher]}
07:09:44.619 INFO: JdwpDebugServer: handling req: EventRequest(15).Set(1)
07:09:44.620 INFO: JdwpEventCenterDelegate: jdwpSetEventRequest: JdwpEventRequest{requestId=118, eventKind=CLASS_PREPARE, suspendPolicy=EVENT_THREAD, predicates=[className=com.abdalla.bushnaq.pluvia.launcher.IOSLauncher$*]}
07:09:44.621 INFO: JdwpDebugServer: handling req: VirtualMachine(1).ClassesBySignature(2)
07:09:44.621 INFO: JdwpDebugServer: handling req: EventRequest(15).Set(1)
07:09:44.622 INFO: JdwpEventCenterDelegate: jdwpSetEventRequest: JdwpEventRequest{requestId=119, eventKind=BREAKPOINT, suspendPolicy=EVENT_THREAD, predicates=[Location{classId=12880, methodId=1307, index=93} ]}
07:09:44.622 INFO: JdwpDebugServer: handling req: EventRequest(15).Set(1)
07:09:44.622 INFO: JdwpEventCenterDelegate: jdwpSetEventRequest: JdwpEventRequest{requestId=120, eventKind=CLASS_PREPARE, suspendPolicy=EVENT_THREAD, predicates=[className=com.abdalla.bushnaq.pluvia.launcher.IOSLauncher]}
07:09:44.623 INFO: JdwpDebugServer: handling req: EventRequest(15).Set(1)
07:09:44.623 INFO: JdwpEventCenterDelegate: jdwpSetEventRequest: JdwpEventRequest{requestId=121, eventKind=CLASS_PREPARE, suspendPolicy=EVENT_THREAD, predicates=[className=com.abdalla.bushnaq.pluvia.launcher.IOSLauncher$*]}
07:09:44.625 INFO: JdwpDebugServer: handling req: VirtualMachine(1).ClassesBySignature(2)
07:09:44.625 INFO: JdwpDebugServer: handling req: EventRequest(15).Set(1)
07:09:44.625 INFO: JdwpEventCenterDelegate: jdwpSetEventRequest: JdwpEventRequest{requestId=122, eventKind=BREAKPOINT, suspendPolicy=EVENT_THREAD, predicates=[Location{classId=12880, methodId=1302, index=74} ]}
07:09:44.626 INFO: JdwpDebugServer: handling req: EventRequest(15).Set(1)
07:09:44.626 INFO: JdwpEventCenterDelegate: jdwpSetEventRequest: JdwpEventRequest{requestId=123, eventKind=CLASS_PREPARE, suspendPolicy=EVENT_THREAD, predicates=[className=com.abdalla.bushnaq.pluvia.launcher.IOSLauncher]}
07:09:44.627 INFO: JdwpDebugServer: handling req: EventRequest(15).Set(1)
07:09:44.627 INFO: JdwpEventCenterDelegate: jdwpSetEventRequest: JdwpEventRequest{requestId=124, eventKind=CLASS_PREPARE, suspendPolicy=EVENT_THREAD, predicates=[className=com.abdalla.bushnaq.pluvia.launcher.IOSLauncher$*]}
07:09:44.628 INFO: JdwpDebugServer: handling req: VirtualMachine(1).ClassesBySignature(2)
07:09:44.628 INFO: JdwpDebugServer: handling req: EventRequest(15).Set(1)
07:09:44.628 INFO: JdwpEventCenterDelegate: jdwpSetEventRequest: JdwpEventRequest{requestId=125, eventKind=BREAKPOINT, suspendPolicy=EVENT_THREAD, predicates=[Location{classId=12880, methodId=1307, index=91} ]}
07:09:44.629 INFO: JdwpDebugServer: handling req: EventRequest(15).Set(1)
07:09:44.629 INFO: JdwpEventCenterDelegate: jdwpSetEventRequest: JdwpEventRequest{requestId=126, eventKind=CLASS_PREPARE, suspendPolicy=EVENT_THREAD, predicates=[className=com.abdalla.bushnaq.pluvia.launcher.IOSLauncher]}
07:09:44.630 INFO: JdwpDebugServer: handling req: EventRequest(15).Set(1)
07:09:44.630 INFO: JdwpEventCenterDelegate: jdwpSetEventRequest: JdwpEventRequest{requestId=127, eventKind=CLASS_PREPARE, suspendPolicy=EVENT_THREAD, predicates=[className=com.abdalla.bushnaq.pluvia.launcher.IOSLauncher$*]}
07:09:44.633 INFO: JdwpDebugServer: handling req: VirtualMachine(1).ClassesBySignature(2)
07:09:44.633 INFO: JdwpDebugServer: handling req: EventRequest(15).Set(1)
07:09:44.633 INFO: JdwpEventCenterDelegate: jdwpSetEventRequest: JdwpEventRequest{requestId=128, eventKind=BREAKPOINT, suspendPolicy=EVENT_THREAD, predicates=[Location{classId=12880, methodId=1302, index=75} ]}
07:09:44.634 INFO: JdwpDebugServer: handling req: VirtualMachine(1).capabilitiesNew(17)
07:09:44.635 INFO: JdwpDebugServer: handling req: EventRequest(15).Set(1)
07:09:44.635 INFO: JdwpEventCenterDelegate: jdwpSetEventRequest: JdwpEventRequest{requestId=129, eventKind=CLASS_PREPARE, suspendPolicy=EVENT_THREAD, predicates=[className=java.lang.Error]}
07:09:44.636 INFO: JdwpDebugServer: handling req: EventRequest(15).Set(1)
07:09:44.637 INFO: JdwpEventCenterDelegate: jdwpSetEventRequest: JdwpEventRequest{requestId=130, eventKind=CLASS_PREPARE, suspendPolicy=EVENT_THREAD, predicates=[className=java.lang.Error$*]}
07:09:44.640 INFO: JdwpDebugServer: handling req: VirtualMachine(1).ClassesBySignature(2)
07:09:44.642 INFO: JdwpDebugServer: handling req: EventRequest(15).Set(1)
07:09:44.643 INFO: JdwpEventCenterDelegate: jdwpSetEventRequest: JdwpEventRequest{requestId=131, eventKind=EXCEPTION, suspendPolicy=EVENT_THREAD, predicates=[exceptionType=3425(caught=true, uncaught=true)]}
07:09:44.658 INFO: JdwpDebugServer: handling req: EventRequest(15).Set(1)
07:09:44.659 INFO: JdwpEventCenterDelegate: jdwpSetEventRequest: JdwpEventRequest{requestId=132, eventKind=CLASS_PREPARE, suspendPolicy=EVENT_THREAD, predicates=[className=java.lang.Throwable]}
07:09:44.660 INFO: JdwpDebugServer: handling req: EventRequest(15).Set(1)
07:09:44.660 INFO: JdwpEventCenterDelegate: jdwpSetEventRequest: JdwpEventRequest{requestId=133, eventKind=CLASS_PREPARE, suspendPolicy=EVENT_THREAD, predicates=[className=java.lang.Throwable$*]}
07:09:44.663 INFO: JdwpDebugServer: handling req: VirtualMachine(1).ClassesBySignature(2)
07:09:44.663 INFO: JdwpDebugServer: handling req: EventRequest(15).Set(1)
07:09:44.663 INFO: JdwpEventCenterDelegate: jdwpSetEventRequest: JdwpEventRequest{requestId=134, eventKind=EXCEPTION, suspendPolicy=EVENT_THREAD, predicates=[exceptionType=7695(caught=false, uncaught=true)]}
07:09:44.667 INFO: JdwpDebugServer: handling req: ThreadReference(11).SuspendCount(12)
07:09:44.667 INFO: JdwpDebugServer: handling req: ThreadReference(11).SuspendCount(12)
07:09:44.668 INFO: JdwpDebugServer: handling req: ThreadReference(11).SuspendCount(12)
07:09:44.668 INFO: JdwpDebugServer: handling req: ThreadReference(11).SuspendCount(12)
07:09:44.668 INFO: JdwpDebugServer: handling req: VirtualMachine(1).AllThreads(4)
07:09:44.669 INFO: JdwpDebugServer: handling req: VirtualMachine(1).Resume(9)
07:09:44.726 INFO: JdwpDebugServer: handling req: EventRequest(15).Set(1)
07:09:44.726 INFO: JdwpEventCenterDelegate: jdwpSetEventRequest: JdwpEventRequest{requestId=135, eventKind=BREAKPOINT, suspendPolicy=EVENT_THREAD, predicates=[Location{classId=12880, methodId=1297, index=50} ]}
07:09:44.729 INFO: JdwpDebugServer: handling req: EventRequest(15).Set(1)
07:09:44.729 INFO: JdwpEventCenterDelegate: jdwpSetEventRequest: JdwpEventRequest{requestId=136, eventKind=BREAKPOINT, suspendPolicy=EVENT_THREAD, predicates=[Location{classId=12880, methodId=1307, index=93} ]}
07:09:44.731 INFO: JdwpDebugServer: handling req: EventRequest(15).Set(1)
07:09:44.731 INFO: JdwpEventCenterDelegate: jdwpSetEventRequest: JdwpEventRequest{requestId=137, eventKind=BREAKPOINT, suspendPolicy=EVENT_THREAD, predicates=[Location{classId=12880, methodId=1302, index=74} ]}
07:09:44.733 INFO: JdwpDebugServer: handling req: EventRequest(15).Set(1)
07:09:44.734 INFO: JdwpEventCenterDelegate: jdwpSetEventRequest: JdwpEventRequest{requestId=138, eventKind=BREAKPOINT, suspendPolicy=EVENT_THREAD, predicates=[Location{classId=12880, methodId=1307, index=91} ]}
07:09:44.735 INFO: JdwpDebugServer: handling req: EventRequest(15).Set(1)
07:09:44.735 INFO: JdwpEventCenterDelegate: jdwpSetEventRequest: JdwpEventRequest{requestId=139, eventKind=BREAKPOINT, suspendPolicy=EVENT_THREAD, predicates=[Location{classId=12880, methodId=1302, index=75} ]}
07:09:44.737 INFO: JdwpDebugServer: handling req: ThreadReference(11).Resume(3)
07:09:44.737 INFO: JdwpEventCenterDelegate: THREAD_RESUMED: thread (33, main, main)
07:09:44.771 INFO: JdwpEventCenterDelegate: THREAD_RESUMED: thread (33, main, main)
07:09:44.772 INFO: JdwpEventCenterDelegate: THREAD_RESUMED: thread (33, main, main)
07:09:44.773 INFO: JdwpEventCenterDelegate: THREAD_RESUMED: thread (33, main, main)
07:09:44.773 INFO: JdwpEventCenterDelegate: THREAD_RESUMED: thread (33, main, main)
07:09:44.773 INFO: JdwpEventCenterDelegate: THREAD_RESUMED: thread (33, main, main)
07:09:44.774 INFO: JdwpEventCenterDelegate: THREAD_RESUMED: thread (33, main, main)
07:09:44.775 INFO: JdwpEventCenterDelegate: THREAD_RESUMED: thread (33, main, main)
07:09:44.778 INFO: JdwpEventCenterDelegate: THREAD_RESUMED: thread (33, main, main)
07:09:44.778 INFO: JdwpEventCenterDelegate: THREAD_RESUMED: thread (33, main, main)
07:09:44.779 INFO: JdwpEventCenterDelegate: THREAD_RESUMED: thread (33, main, main)
07:09:44.779 INFO: JdwpEventCenterDelegate: THREAD_RESUMED: thread (33, main, main)
07:09:44.784 INFO: JdwpEventCenterDelegate: THREAD_RESUMED: thread (33, main, main)
07:09:44.786 INFO: JdwpEventCenterDelegate: THREAD_RESUMED: thread (33, main, main)
07:09:44.787 INFO: JdwpEventCenterDelegate: THREAD_RESUMED: thread (33, main, main)
07:09:44.837 INFO: JdwpDebugServer: handling req: ThreadReference(11).Frames(6)
07:09:47.772 INFO: JdwpDebugServer: handling req: ReferenceType(2).SourceFile(7)
07:09:47.969 INFO: JdwpDebugServer: handling req: ThreadReference(11).Name(1)
07:09:47.972 INFO: JdwpDebugServer: handling req: ReferenceType(2).SignatureWithGeneric(13)
07:09:48.586 INFO: JdwpDebugServer: handling req: ReferenceType(2).FieldsWithGeneric(14)
07:09:48.589 INFO: JdwpDebugServer: handling req: ReferenceType(2).Interfaces(10)
07:09:48.590 INFO: JdwpDebugServer: handling req: ReferenceType(2).FieldsWithGeneric(14)
07:09:48.591 INFO: JdwpDebugServer: handling req: ReferenceType(2).Interfaces(10)
07:09:48.591 INFO: JdwpDebugServer: handling req: ClassType(3).Superclass(1)
07:09:48.592 INFO: JdwpDebugServer: handling req: ReferenceType(2).FieldsWithGeneric(14)
07:09:48.594 INFO: JdwpDebugServer: handling req: ReferenceType(2).Interfaces(10)
07:09:48.595 INFO: JdwpDebugServer: handling req: ClassType(3).Superclass(1)
07:09:48.595 INFO: JdwpDebugServer: handling req: ReferenceType(2).FieldsWithGeneric(14)
07:09:48.596 INFO: JdwpDebugServer: handling req: ReferenceType(2).Interfaces(10)
07:09:48.596 INFO: JdwpDebugServer: handling req: ReferenceType(2).FieldsWithGeneric(14)
07:09:48.597 INFO: JdwpDebugServer: handling req: ReferenceType(2).Interfaces(10)
07:09:48.597 INFO: JdwpDebugServer: handling req: ReferenceType(2).FieldsWithGeneric(14)
07:09:48.598 INFO: JdwpDebugServer: handling req: ReferenceType(2).Interfaces(10)
07:09:48.598 INFO: JdwpDebugServer: handling req: ReferenceType(2).FieldsWithGeneric(14)
07:09:48.598 INFO: JdwpDebugServer: handling req: ReferenceType(2).Interfaces(10)
07:09:48.598 INFO: JdwpDebugServer: handling req: ClassType(3).Superclass(1)
07:09:48.599 INFO: JdwpDebugServer: handling req: ReferenceType(2).FieldsWithGeneric(14)
07:09:48.600 INFO: JdwpDebugServer: handling req: ReferenceType(2).Interfaces(10)
07:09:48.600 INFO: JdwpDebugServer: handling req: ClassType(3).Superclass(1)
07:09:48.600 INFO: JdwpDebugServer: handling req: ReferenceType(2).FieldsWithGeneric(14)
07:09:48.600 INFO: JdwpDebugServer: handling req: ReferenceType(2).Interfaces(10)
07:09:48.601 INFO: JdwpDebugServer: handling req: ClassType(3).Superclass(1)
07:09:48.601 INFO: JdwpDebugServer: handling req: ReferenceType(2).FieldsWithGeneric(14)
07:09:48.601 INFO: JdwpDebugServer: handling req: ReferenceType(2).Interfaces(10)
07:09:48.603 INFO: JdwpDebugServer: handling req: ClassType(3).Superclass(1)
07:09:48.603 INFO: JdwpDebugServer: handling req: ClassType(3).Superclass(1)
07:09:48.613 INFO: JdwpDebugServer: handling req: Method(6).VariableTableWithGenerics(5)
07:09:48.665 INFO: JdwpDebugServer: handling req: StackFrame(16).GetValues(1)
07:09:48.672 INFO: JdwpDebugServer: handling req: ArrayReference(13).Length(1)
07:09:48.673 INFO: JdwpDebugServer: handling req: StackFrame(16).GetValues(1)
07:09:48.674 INFO: JdwpDebugServer: handling req: ObjectReference(9).ReferenceType(1)
07:09:48.674 INFO: JdwpDebugServer: handling req: ReferenceType(2).FieldsWithGeneric(14)
07:09:48.675 INFO: JdwpDebugServer: handling req: ReferenceType(2).Interfaces(10)
07:09:48.675 INFO: JdwpDebugServer: handling req: StackFrame(16).GetValues(1)
07:09:48.676 INFO: JdwpDebugServer: handling req: ReferenceType(2).FieldsWithGeneric(14)
07:09:48.676 INFO: JdwpDebugServer: handling req: ReferenceType(2).Interfaces(10)
07:09:48.676 INFO: JdwpDebugServer: handling req: StackFrame(16).GetValues(1)
07:09:48.676 INFO: JdwpDebugServer: handling req: ClassType(3).Superclass(1)
07:09:48.676 INFO: JdwpDebugServer: handling req: ObjectReference(9).ReferenceType(1)
07:09:48.679 INFO: JdwpDebugServer: handling req: StackFrame(16).GetValues(1)
07:09:48.679 INFO: JdwpDebugServer: handling req: StackFrame(16).GetValues(1)
07:09:48.679 INFO: JdwpDebugServer: handling req: StackFrame(16).GetValues(1)
07:09:48.680 INFO: JdwpDebugServer: handling req: ReferenceType(2).Signature(1)
07:09:48.681 INFO: JdwpDebugServer: handling req: ReferenceType(2).ClassLoader(2)
07:09:48.681 INFO: JdwpDebugServer: handling req: VirtualMachine(1).ClassesBySignature(2)
07:09:48.682 INFO: JdwpDebugServer: handling req: ReferenceType(2).ClassLoader(2)
07:09:48.684 INFO: JdwpDebugServer: handling req: StackFrame(16).GetValues(1)
07:09:48.685 INFO: JdwpDebugServer: handling req: StackFrame(16).GetValues(1)
07:09:48.686 INFO: JdwpDebugServer: handling req: StackFrame(16).GetValues(1)
07:09:48.686 INFO: JdwpDebugServer: handling req: StackFrame(16).GetValues(1)
07:09:48.687 INFO: JdwpDebugServer: handling req: ClassType(3).Superclass(1)
07:09:48.690 INFO: JdwpDebugServer: handling req: ClassType(3).Superclass(1)
07:09:48.693 INFO: JdwpDebugServer: handling req: StackFrame(16).GetValues(1)
07:09:48.694 INFO: JdwpDebugServer: handling req: StackFrame(16).GetValues(1)
07:09:48.694 INFO: JdwpDebugServer: handling req: StackFrame(16).GetValues(1)
07:09:48.695 INFO: JdwpDebugServer: handling req: StackFrame(16).GetValues(1)
07:09:48.695 INFO: JdwpDebugServer: handling req: StackFrame(16).GetValues(1)
07:09:48.700 INFO: JdwpDebugServer: handling req: ThreadReference(11).FramesCount(7)
07:09:48.711 INFO: JdwpDebugServer: handling req: ThreadReference(11).Name(1)
07:09:48.712 INFO: JdwpDebugServer: handling req: ThreadReference(11).Name(1)
07:09:48.713 INFO: JdwpDebugServer: handling req: ThreadReference(11).FramesCount(7)
07:09:48.713 INFO: JdwpDebugServer: handling req: ThreadReference(11).Name(1)
07:09:48.714 INFO: JdwpDebugServer: handling req: ThreadReference(11).Name(1)
07:09:52.788 INFO: JdwpDebugServer: handling req: EventRequest(15).Clear(2)
07:09:52.790 INFO: JdwpDebugServer: handling req: EventRequest(15).Clear(2)
07:09:52.790 INFO: JdwpDebugServer: handling req: EventRequest(15).Clear(2)
07:09:52.823 INFO: JdwpDebugServer: handling req: EventRequest(15).Clear(2)
07:09:54.170 INFO: JdwpDebugServer: handling req: ThreadReference(11).Resume(3)
07:09:54.174 INFO: JdwpEventCenterDelegate: THREAD_RESUMED: thread (33, main, main)
07:09:54.184 INFO: JdwpEventCenterDelegate: THREAD_RESUMED: thread (33, main, main)
07:09:54.185 INFO: JdwpEventCenterDelegate: THREAD_RESUMED: thread (33, main, main)
07:09:54.185 INFO: JdwpEventCenterDelegate: THREAD_RESUMED: thread (33, main, main)
07:09:54.188 INFO: JdwpDebugServer: handling req: ThreadReference(11).Name(1)
07:09:54.189 INFO: JdwpDebugServer: handling req: ThreadReference(11).Name(1)
07:09:54.189 INFO: JdwpDebugServer: handling req: ThreadReference(11).Name(1)
07:09:54.198 INFO: JdwpEventCenterDelegate: THREAD_RESUMED: thread (33, main, main)
07:09:54.198 INFO: JdwpEventCenterDelegate: THREAD_RESUMED: thread (33, main, main)
07:09:54.199 INFO: JdwpEventCenterDelegate: THREAD_RESUMED: thread (33, main, main)
07:09:54.219 INFO: JdwpDebugServer: handling req: ThreadReference(11).Name(1)
07:09:54.438 INFO: JdwpDebugServer: handling req: ThreadReference(11).Frames(6)
07:09:54.438 INFO: JdwpDebugServer: handling req: ReferenceType(2).MethodsWithGeneric(15)
07:09:54.439 INFO: JdwpDebugServer: handling req: ReferenceType(2).MethodsWithGeneric(15)
07:09:54.441 INFO: JdwpDebugServer: handling req: ThreadReference(11).FramesCount(7)
07:09:54.441 INFO: JdwpDebugServer: handling req: ThreadReference(11).FramesCount(7)
07:09:54.485 INFO: JdwpDebugServer: handling req: ThreadReference(11).Name(1)
07:09:54.486 INFO: JdwpDebugServer: handling req: StackFrame(16).ThisObject(3)
07:09:54.488 INFO: JdwpDebugServer: handling req: ObjectReference(9).ReferenceType(1)
07:09:54.488 INFO: JdwpDebugServer: handling req: ThreadReference(11).Name(1)
07:09:54.491 INFO: JdwpDebugServer: handling req: ThreadReference(11).Name(1)
07:09:54.491 INFO: JdwpDebugServer: handling req: ThreadReference(11).Name(1)
07:09:54.492 INFO: JdwpDebugServer: handling req: ThreadReference(11).Name(1)
07:09:54.521 INFO: JdwpDebugServer: handling req: ThreadReference(11).FramesCount(7)
07:09:54.522 INFO: JdwpDebugServer: handling req: Method(6).VariableTableWithGenerics(5)
07:09:54.528 INFO: JdwpDebugServer: handling req: ThreadReference(11).Name(1)
07:09:54.532 INFO: JdwpDebugServer: handling req: ReferenceType(2).Modifiers(3)
07:09:54.533 INFO: JdwpDebugServer: handling req: ClassType(3).Superclass(1)
07:09:54.537 INFO: JdwpDebugServer: handling req: ThreadReference(11).FramesCount(7)
07:09:54.546 INFO: JdwpDebugServer: handling req: StackFrame(16).ThisObject(3)
07:09:54.547 INFO: JdwpDebugServer: handling req: ObjectReference(9).ReferenceType(1)
07:09:54.547 INFO: JdwpDebugServer: handling req: Method(6).LineTable(1)
07:09:54.548 INFO: JdwpDebugServer: handling req: Method(6).LineTable(1)
07:09:56.921 INFO: JdwpDebugServer: handling req: EventRequest(15).Clear(2)
07:09:56.922 INFO: JdwpDebugServer: handling req: EventRequest(15).Clear(2)
07:09:56.923 INFO: JdwpDebugServer: handling req: EventRequest(15).Clear(2)
07:09:56.928 INFO: JdwpDebugServer: handling req: EventRequest(15).Clear(2)
07:09:58.266 INFO: JdwpDebugServer: handling req: ThreadReference(11).Resume(3)
07:09:58.270 INFO: JdwpEventCenterDelegate: THREAD_RESUMED: thread (33, main, main)
07:09:58.328 INFO: JdwpDebugServer: handling req: ThreadReference(11).Name(1)
07:09:58.338 INFO: JdwpEventCenterDelegate: THREAD_RESUMED: thread (33, main, main)
07:09:58.339 INFO: JdwpDebugServer: handling req: ThreadReference(11).Name(1)
07:09:58.339 INFO: JdwpEventCenterDelegate: THREAD_RESUMED: thread (33, main, main)
07:09:58.340 INFO: JdwpDebugServer: handling req: ThreadReference(11).Name(1)
07:09:58.341 INFO: JdwpEventCenterDelegate: THREAD_RESUMED: thread (33, main, main)
07:09:58.386 INFO: JdwpDebugServer: handling req: ThreadReference(11).Name(1)
07:09:58.414 INFO: JdwpEventCenterDelegate: THREAD_RESUMED: thread (33, main, main)
07:09:58.414 INFO: JdwpEventCenterDelegate: THREAD_RESUMED: thread (33, main, main)
07:09:58.415 INFO: JdwpEventCenterDelegate: THREAD_RESUMED: thread (33, main, main)
07:09:58.443 INFO: JdwpEventCenterDelegate: THREAD_RESUMED: thread (33, main, main)
07:09:58.443 INFO: JdwpEventCenterDelegate: THREAD_RESUMED: thread (33, main, main)
07:09:58.444 INFO: JdwpEventCenterDelegate: THREAD_RESUMED: thread (33, main, main)
07:09:58.466 INFO: JdwpEventCenterDelegate: THREAD_RESUMED: thread (33, main, main)
07:09:58.467 INFO: JdwpEventCenterDelegate: THREAD_RESUMED: thread (33, main, main)
07:09:58.468 INFO: JdwpEventCenterDelegate: THREAD_RESUMED: thread (33, main, main)
07:09:58.468 INFO: JdwpEventCenterDelegate: THREAD_RESUMED: thread (33, main, main)
07:09:58.474 INFO: JdwpEventCenterDelegate: THREAD_RESUMED: thread (33, main, main)
07:09:58.475 INFO: JdwpEventCenterDelegate: THREAD_RESUMED: thread (33, main, main)
07:09:58.982 INFO: JdwpEventCenterDelegate: THREAD_RESUMED: thread (33, main, main)
07:09:58.983 INFO: JdwpEventCenterDelegate: THREAD_RESUMED: thread (33, main, main)
07:09:59.003 INFO: JdwpEventCenterDelegate: THREAD_RESUMED: thread (33, main, main)
07:09:59.004 INFO: JdwpEventCenterDelegate: THREAD_RESUMED: thread (33, main, main)
07:09:59.005 INFO: JdwpEventCenterDelegate: THREAD_RESUMED: thread (33, main, main)
07:09:59.006 INFO: JdwpEventCenterDelegate: THREAD_RESUMED: thread (33, main, main)
07:09:59.074 INFO: JdwpEventCenterDelegate: THREAD_RESUMED: thread (33, main, main)
07:09:59.092 SEVERE: Debugger: Thread HooksChannel socket thread crashed
org.robovm.debugger.DebuggerException: java.nio.BufferUnderflowException
	at org.robovm.debugger.hooks.HooksChannel.doSocketWork(HooksChannel.java:149)
	at java.base/java.lang.Thread.run(Thread.java:833)
	at org.robovm.debugger.utils.DebuggerThread.run(DebuggerThread.java:42)
Caused by: java.nio.BufferUnderflowException
	at org.robovm.debugger.utils.bytebuffer.DataBufferWriter.writeFromStream(DataBufferWriter.java:91)
	at org.robovm.debugger.hooks.HooksChannel.doSocketWork(HooksChannel.java:116)
	... 2 more
07:09:59.621 SEVERE: Debugger: Thread JDWP server socket thread crashed
org.robovm.debugger.DebuggerException: java.net.SocketException: Socket closed
	at org.robovm.debugger.jdwp.JdwpDebugServer.doSocketWork(JdwpDebugServer.java:215)
	at java.base/java.lang.Thread.run(Thread.java:833)
	at org.robovm.debugger.utils.DebuggerThread.run(DebuggerThread.java:42)
Caused by: java.net.SocketException: Socket closed
	at java.base/sun.nio.ch.NioSocketImpl.endRead(NioSocketImpl.java:248)
	at java.base/sun.nio.ch.NioSocketImpl.implRead(NioSocketImpl.java:327)
	at java.base/sun.nio.ch.NioSocketImpl.read(NioSocketImpl.java:350)
	at java.base/sun.nio.ch.NioSocketImpl$1.read(NioSocketImpl.java:803)
	at java.base/java.net.Socket$SocketInputStream.read(Socket.java:966)
	at org.robovm.debugger.utils.bytebuffer.DataBufferWriter.writeFromStream(DataBufferWriter.java:89)
	at org.robovm.debugger.jdwp.protocol.JdwpRequestHeader.readFromStream(JdwpRequestHeader.java:36)
	at org.robovm.debugger.jdwp.JdwpDebugServer.doSocketWork(JdwpDebugServer.java:185)
	... 2 more
