07:29:01.453 INFO: JdwpDebugServer: handling req: VirtualMachine(1).IDSizes(7)
07:29:01.460 INFO: JdwpDebugServer: handling req: EventRequest(15).Set(1)
07:29:01.461 INFO: JdwpEventCenterDelegate: jdwpSetEventRequest: JdwpEventRequest{requestId=100, eventKind=CLASS_UNLOAD, suspendPolicy=NONE, predicates=[]}
07:29:01.462 INFO: JdwpDebugServer: handling req: EventRequest(15).Set(1)
07:29:01.462 INFO: JdwpEventCenterDelegate: jdwpSetEventRequest: JdwpEventRequest{requestId=101, eventKind=THREAD_START, suspendPolicy=NONE, predicates=[]}
07:29:01.462 INFO: JdwpDebugServer: handling req: VirtualMachine(1).ClassesBySignature(2)
07:29:01.464 INFO: JdwpDebugServer: handling req: VirtualMachine(1).Version(1)
07:29:01.467 INFO: JdwpDebugServer: handling req: ReferenceType(2).MethodsWithGeneric(15)
07:29:01.471 INFO: JdwpDebugServer: handling req: Method(6).LineTable(1)
07:29:01.475 INFO: JdwpDebugServer: handling req: EventRequest(15).Set(1)
07:29:01.475 INFO: JdwpEventCenterDelegate: jdwpSetEventRequest: JdwpEventRequest{requestId=102, eventKind=BREAKPOINT, suspendPolicy=NONE, predicates=[Location{classId=845, methodId=257, index=928} ]}
07:29:01.476 INFO: JdwpDebugServer: handling req: EventRequest(15).Set(1)
07:29:01.476 INFO: JdwpEventCenterDelegate: jdwpSetEventRequest: JdwpEventRequest{requestId=103, eventKind=THREAD_DEATH, suspendPolicy=NONE, predicates=[]}
07:29:01.476 INFO: JdwpDebugServer: handling req: VirtualMachine(1).AllThreads(4)
07:29:01.479 INFO: JdwpDebugServer: handling req: EventRequest(15).Set(1)
07:29:01.479 INFO: JdwpEventCenterDelegate: jdwpSetEventRequest: JdwpEventRequest{requestId=104, eventKind=CLASS_PREPARE, suspendPolicy=EVENT_THREAD, predicates=[className=java.lang.Throwable]}
07:29:01.479 INFO: JdwpDebugServer: handling req: EventRequest(15).Set(1)
07:29:01.479 INFO: JdwpEventCenterDelegate: jdwpSetEventRequest: JdwpEventRequest{requestId=105, eventKind=CLASS_PREPARE, suspendPolicy=EVENT_THREAD, predicates=[className=java.lang.Throwable$*]}
07:29:01.479 INFO: JdwpDebugServer: handling req: VirtualMachine(1).ClassesBySignature(2)
07:29:01.479 INFO: JdwpDebugServer: handling req: ReferenceType(2).MethodsWithGeneric(15)
07:29:01.480 INFO: JdwpDebugServer: handling req: Method(6).LineTable(1)
07:29:01.480 INFO: JdwpDebugServer: handling req: Method(6).LineTable(1)
07:29:01.480 INFO: JdwpDebugServer: handling req: Method(6).LineTable(1)
07:29:01.480 INFO: JdwpDebugServer: handling req: Method(6).LineTable(1)
07:29:01.481 INFO: JdwpDebugServer: handling req: Method(6).LineTable(1)
07:29:01.481 INFO: JdwpDebugServer: handling req: Method(6).LineTable(1)
07:29:01.481 INFO: JdwpDebugServer: handling req: Method(6).LineTable(1)
07:29:01.481 INFO: JdwpDebugServer: handling req: Method(6).LineTable(1)
07:29:01.481 INFO: JdwpDebugServer: handling req: Method(6).LineTable(1)
07:29:01.481 INFO: JdwpDebugServer: handling req: Method(6).LineTable(1)
07:29:01.481 INFO: JdwpDebugServer: handling req: Method(6).LineTable(1)
07:29:01.482 INFO: JdwpDebugServer: handling req: Method(6).LineTable(1)
07:29:01.482 INFO: JdwpDebugServer: handling req: Method(6).LineTable(1)
07:29:01.482 INFO: JdwpDebugServer: handling req: Method(6).LineTable(1)
07:29:01.483 INFO: JdwpDebugServer: handling req: Method(6).LineTable(1)
07:29:01.483 INFO: JdwpDebugServer: handling req: Method(6).LineTable(1)
07:29:01.484 INFO: JdwpDebugServer: handling req: Method(6).LineTable(1)
07:29:01.484 INFO: JdwpDebugServer: handling req: Method(6).LineTable(1)
07:29:01.484 INFO: JdwpDebugServer: handling req: Method(6).LineTable(1)
07:29:01.484 INFO: JdwpDebugServer: handling req: Method(6).LineTable(1)
07:29:01.485 INFO: JdwpDebugServer: handling req: Method(6).LineTable(1)
07:29:01.485 INFO: JdwpDebugServer: handling req: Method(6).LineTable(1)
07:29:01.485 INFO: JdwpDebugServer: handling req: Method(6).LineTable(1)
07:29:01.485 INFO: JdwpDebugServer: handling req: Method(6).LineTable(1)
07:29:01.485 INFO: JdwpDebugServer: handling req: VirtualMachine(1).ClassesBySignature(2)
07:29:01.486 INFO: JdwpDebugServer: handling req: VirtualMachine(1).AllClassesWithGeneric(20)
07:29:01.504 INFO: JdwpDebugServer: handling req: EventRequest(15).Set(1)
07:29:01.504 INFO: JdwpEventCenterDelegate: jdwpSetEventRequest: JdwpEventRequest{requestId=106, eventKind=CLASS_PREPARE, suspendPolicy=EVENT_THREAD, predicates=[className=com.badlogic.gdx.utils.ScreenUtils]}
07:29:01.504 INFO: JdwpDebugServer: handling req: EventRequest(15).Set(1)
07:29:01.504 INFO: JdwpEventCenterDelegate: jdwpSetEventRequest: JdwpEventRequest{requestId=107, eventKind=CLASS_PREPARE, suspendPolicy=EVENT_THREAD, predicates=[className=com.badlogic.gdx.utils.ScreenUtils$*]}
07:29:01.504 INFO: JdwpDebugServer: handling req: VirtualMachine(1).ClassesBySignature(2)
07:29:01.505 INFO: JdwpDebugServer: handling req: ReferenceType(2).MethodsWithGeneric(15)
07:29:01.507 INFO: JdwpDebugServer: handling req: Method(6).LineTable(1)
07:29:01.510 INFO: JdwpDebugServer: handling req: Method(6).LineTable(1)
07:29:01.511 INFO: JdwpDebugServer: handling req: Method(6).LineTable(1)
07:29:01.511 INFO: JdwpDebugServer: handling req: Method(6).LineTable(1)
07:29:01.511 INFO: JdwpDebugServer: handling req: Method(6).LineTable(1)
07:29:01.511 INFO: JdwpDebugServer: handling req: Method(6).LineTable(1)
07:29:01.511 INFO: JdwpDebugServer: handling req: Method(6).LineTable(1)
07:29:01.512 INFO: JdwpDebugServer: handling req: Method(6).LineTable(1)
07:29:01.512 INFO: JdwpDebugServer: handling req: Method(6).LineTable(1)
07:29:01.512 INFO: JdwpDebugServer: handling req: Method(6).LineTable(1)
07:29:01.512 INFO: JdwpDebugServer: handling req: EventRequest(15).Set(1)
07:29:01.512 INFO: JdwpEventCenterDelegate: jdwpSetEventRequest: JdwpEventRequest{requestId=108, eventKind=BREAKPOINT, suspendPolicy=EVENT_THREAD, predicates=[Location{classId=22240, methodId=532, index=89} ]}
07:29:01.517 INFO: JdwpDebugServer: handling req: EventRequest(15).Set(1)
07:29:01.517 INFO: JdwpEventCenterDelegate: jdwpSetEventRequest: JdwpEventRequest{requestId=109, eventKind=CLASS_PREPARE, suspendPolicy=EVENT_THREAD, predicates=[className=com.badlogic.gdx.utils.ScreenUtils]}
07:29:01.517 INFO: JdwpDebugServer: handling req: EventRequest(15).Set(1)
07:29:01.517 INFO: JdwpEventCenterDelegate: jdwpSetEventRequest: JdwpEventRequest{requestId=110, eventKind=CLASS_PREPARE, suspendPolicy=EVENT_THREAD, predicates=[className=com.badlogic.gdx.utils.ScreenUtils$*]}
07:29:01.518 INFO: JdwpDebugServer: handling req: VirtualMachine(1).ClassesBySignature(2)
07:29:01.520 INFO: JdwpDebugServer: handling req: EventRequest(15).Set(1)
07:29:01.521 INFO: JdwpEventCenterDelegate: jdwpSetEventRequest: JdwpEventRequest{requestId=111, eventKind=BREAKPOINT, suspendPolicy=EVENT_THREAD, predicates=[Location{classId=22240, methodId=527, index=72} ]}
07:29:01.522 INFO: JdwpDebugServer: handling req: VirtualMachine(1).capabilitiesNew(17)
07:29:01.524 INFO: JdwpDebugServer: handling req: EventRequest(15).Set(1)
07:29:01.525 INFO: JdwpEventCenterDelegate: jdwpSetEventRequest: JdwpEventRequest{requestId=112, eventKind=CLASS_PREPARE, suspendPolicy=EVENT_THREAD, predicates=[className=java.lang.Error]}
07:29:01.525 INFO: JdwpDebugServer: handling req: EventRequest(15).Set(1)
07:29:01.525 INFO: JdwpEventCenterDelegate: jdwpSetEventRequest: JdwpEventRequest{requestId=113, eventKind=CLASS_PREPARE, suspendPolicy=EVENT_THREAD, predicates=[className=java.lang.Error$*]}
07:29:01.525 INFO: JdwpDebugServer: handling req: VirtualMachine(1).ClassesBySignature(2)
07:29:01.525 INFO: JdwpDebugServer: handling req: EventRequest(15).Set(1)
07:29:01.525 INFO: JdwpEventCenterDelegate: jdwpSetEventRequest: JdwpEventRequest{requestId=114, eventKind=EXCEPTION, suspendPolicy=EVENT_THREAD, predicates=[exceptionType=3425(caught=true, uncaught=true)]}
07:29:01.541 INFO: JdwpDebugServer: handling req: EventRequest(15).Set(1)
07:29:01.541 INFO: JdwpEventCenterDelegate: jdwpSetEventRequest: JdwpEventRequest{requestId=115, eventKind=CLASS_PREPARE, suspendPolicy=EVENT_THREAD, predicates=[className=java.lang.Throwable]}
07:29:01.541 INFO: JdwpDebugServer: handling req: EventRequest(15).Set(1)
07:29:01.541 INFO: JdwpEventCenterDelegate: jdwpSetEventRequest: JdwpEventRequest{requestId=116, eventKind=CLASS_PREPARE, suspendPolicy=EVENT_THREAD, predicates=[className=java.lang.Throwable$*]}
07:29:01.541 INFO: JdwpDebugServer: handling req: VirtualMachine(1).ClassesBySignature(2)
07:29:01.541 INFO: JdwpDebugServer: handling req: EventRequest(15).Set(1)
07:29:01.541 INFO: JdwpEventCenterDelegate: jdwpSetEventRequest: JdwpEventRequest{requestId=117, eventKind=EXCEPTION, suspendPolicy=EVENT_THREAD, predicates=[exceptionType=7695(caught=false, uncaught=true)]}
07:29:01.706 INFO: JdwpDebugServer: handling req: VirtualMachine(1).AllThreads(4)
07:29:01.730 INFO: JdwpDebugServer: handling req: VirtualMachine(1).Resume(9)
07:29:01.735 INFO: JdwpDebugServer: handling req: EventRequest(15).Set(1)
07:29:01.735 INFO: JdwpEventCenterDelegate: jdwpSetEventRequest: JdwpEventRequest{requestId=118, eventKind=EXCEPTION, suspendPolicy=EVENT_THREAD, predicates=[exceptionType=7695(caught=false, uncaught=true)]}
07:29:01.736 INFO: JdwpDebugServer: handling req: VirtualMachine(1).AllThreads(4)
07:29:01.736 INFO: JdwpDebugServer: handling req: VirtualMachine(1).Resume(9)
07:29:01.736 INFO: JdwpDebugServer: handling req: EventRequest(15).Set(1)
07:29:01.736 INFO: JdwpEventCenterDelegate: jdwpSetEventRequest: JdwpEventRequest{requestId=119, eventKind=EXCEPTION, suspendPolicy=EVENT_THREAD, predicates=[exceptionType=3425(caught=true, uncaught=true)]}
07:29:01.736 INFO: JdwpDebugServer: handling req: VirtualMachine(1).AllThreads(4)
07:29:01.736 INFO: JdwpDebugServer: handling req: VirtualMachine(1).Resume(9)
07:29:01.766 INFO: JdwpEventCenterDelegate: THREAD_STARTED: thread (33, main, main)
07:29:01.779 INFO: JdwpDebugServer: handling req: ObjectReference(9).IsCollected(9)
07:29:01.779 INFO: JdwpDebugServer: handling req: ThreadReference(11).ThreadGroup(5)
07:29:01.779 INFO: JdwpDebugServer: handling req: ThreadGroup(12).Name(1)
07:29:01.780 INFO: JdwpDebugServer: handling req: ThreadGroup(12).Parent(2)
07:29:01.780 INFO: JdwpDebugServer: handling req: ObjectReference(9).ReferenceType(1)
07:29:01.780 INFO: JdwpDebugServer: handling req: ReferenceType(2).FieldsWithGeneric(14)
07:29:01.780 INFO: JdwpDebugServer: handling req: ReferenceType(2).Interfaces(10)
07:29:01.780 INFO: JdwpDebugServer: handling req: ReferenceType(2).FieldsWithGeneric(14)
07:29:01.780 INFO: JdwpDebugServer: handling req: ReferenceType(2).Interfaces(10)
07:29:01.781 INFO: JdwpDebugServer: handling req: ClassType(3).Superclass(1)
07:29:01.781 INFO: JdwpDebugServer: handling req: ReferenceType(2).FieldsWithGeneric(14)
07:29:01.781 INFO: JdwpDebugServer: handling req: ReferenceType(2).Interfaces(10)
07:29:01.781 INFO: JdwpDebugServer: handling req: ClassType(3).Superclass(1)
07:29:01.782 INFO: JdwpDebugServer: handling req: ObjectReference(9).GetValues(2)
07:29:01.782 INFO: JdwpDebugServer: handling req: ThreadReference(11).Status(4)
07:29:01.782 INFO: JdwpDebugServer: handling req: ThreadReference(11).Status(4)
07:29:01.787 INFO: JdwpDebugServer: handling req: ThreadReference(11).Name(1)
07:29:01.794 INFO: JdwpDebugServer: handling req: ThreadReference(11).Name(1)
07:29:01.825 INFO: JdwpEventCenterDelegate: THREAD_STARTED: thread (48, ReferenceQueueDaemon, main)
07:29:01.825 INFO: JdwpDebugServer: handling req: ObjectReference(9).IsCollected(9)
07:29:01.827 INFO: JdwpEventCenterDelegate: THREAD_STARTED: thread (63, FinalizerDaemon, main)
07:29:01.828 INFO: JdwpEventCenterDelegate: THREAD_STARTED: thread (78, FinalizerWatchdogDaemon, main)
07:29:01.828 INFO: JdwpDebugServer: handling req: ThreadReference(11).ThreadGroup(5)
07:29:01.828 INFO: JdwpDebugServer: handling req: ObjectReference(9).ReferenceType(1)
07:29:01.828 INFO: JdwpDebugServer: handling req: ObjectReference(9).GetValues(2)
07:29:01.829 INFO: JdwpDebugServer: handling req: ThreadReference(11).Status(4)
07:29:01.829 INFO: JdwpDebugServer: handling req: ThreadReference(11).Status(4)
07:29:01.829 INFO: JdwpDebugServer: handling req: ObjectReference(9).IsCollected(9)
07:29:01.829 INFO: JdwpDebugServer: handling req: ThreadReference(11).ThreadGroup(5)
07:29:01.829 INFO: JdwpDebugServer: handling req: ObjectReference(9).ReferenceType(1)
07:29:01.830 INFO: JdwpDebugServer: handling req: ObjectReference(9).GetValues(2)
07:29:01.830 INFO: JdwpDebugServer: handling req: ThreadReference(11).Status(4)
07:29:01.830 INFO: JdwpDebugServer: handling req: ThreadReference(11).Status(4)
07:29:01.830 INFO: JdwpDebugServer: handling req: ObjectReference(9).IsCollected(9)
07:29:01.830 INFO: JdwpDebugServer: handling req: ThreadReference(11).ThreadGroup(5)
07:29:01.830 INFO: JdwpDebugServer: handling req: ObjectReference(9).ReferenceType(1)
07:29:01.831 INFO: JdwpDebugServer: handling req: ObjectReference(9).GetValues(2)
07:29:01.831 INFO: JdwpDebugServer: handling req: ThreadReference(11).Status(4)
07:29:01.831 INFO: JdwpDebugServer: handling req: ThreadReference(11).Status(4)
07:29:01.833 INFO: JdwpDebugServer: handling req: ThreadReference(11).Name(1)
07:29:01.833 INFO: JdwpDebugServer: handling req: ThreadReference(11).Name(1)
07:29:01.836 INFO: JdwpDebugServer: handling req: ThreadReference(11).Name(1)
07:29:01.836 INFO: JdwpDebugServer: handling req: ThreadReference(11).Name(1)
07:29:01.837 INFO: JdwpDebugServer: handling req: ThreadReference(11).Name(1)
07:29:01.837 INFO: JdwpDebugServer: handling req: ThreadReference(11).Name(1)
07:29:01.867 INFO: JdwpEventCenterDelegate: THREAD_RESUMED: thread (33, main, main)
07:29:01.868 INFO: JdwpEventCenterDelegate: THREAD_RESUMED: thread (33, main, main)
07:29:01.868 INFO: JdwpEventCenterDelegate: THREAD_RESUMED: thread (33, main, main)
07:29:01.869 INFO: JdwpEventCenterDelegate: THREAD_RESUMED: thread (33, main, main)
07:29:01.869 INFO: JdwpEventCenterDelegate: THREAD_RESUMED: thread (33, main, main)
07:29:01.870 INFO: JdwpEventCenterDelegate: THREAD_RESUMED: thread (33, main, main)
07:29:01.870 INFO: JdwpEventCenterDelegate: THREAD_RESUMED: thread (33, main, main)
07:29:01.872 INFO: JdwpEventCenterDelegate: THREAD_RESUMED: thread (33, main, main)
07:29:01.873 INFO: JdwpEventCenterDelegate: THREAD_RESUMED: thread (33, main, main)
07:29:01.873 INFO: JdwpEventCenterDelegate: THREAD_RESUMED: thread (33, main, main)
07:29:01.873 INFO: JdwpEventCenterDelegate: THREAD_RESUMED: thread (33, main, main)
07:29:01.879 INFO: JdwpEventCenterDelegate: THREAD_RESUMED: thread (33, main, main)
07:29:01.880 INFO: JdwpEventCenterDelegate: THREAD_RESUMED: thread (33, main, main)
07:29:01.880 INFO: JdwpEventCenterDelegate: THREAD_RESUMED: thread (33, main, main)
07:29:01.936 INFO: JdwpEventCenterDelegate: THREAD_RESUMED: thread (33, main, main)
07:29:01.936 INFO: JdwpEventCenterDelegate: THREAD_RESUMED: thread (33, main, main)
07:29:01.937 INFO: JdwpEventCenterDelegate: THREAD_RESUMED: thread (33, main, main)
07:29:01.947 INFO: JdwpEventCenterDelegate: THREAD_RESUMED: thread (33, main, main)
07:29:01.948 INFO: JdwpEventCenterDelegate: THREAD_RESUMED: thread (33, main, main)
07:29:01.948 INFO: JdwpEventCenterDelegate: THREAD_RESUMED: thread (33, main, main)
07:29:02.144 INFO: JdwpEventCenterDelegate: THREAD_RESUMED: thread (33, main, main)
07:29:02.145 INFO: JdwpEventCenterDelegate: THREAD_RESUMED: thread (33, main, main)
07:29:02.146 INFO: JdwpEventCenterDelegate: THREAD_RESUMED: thread (33, main, main)
07:29:02.202 INFO: JdwpEventCenterDelegate: THREAD_RESUMED: thread (33, main, main)
07:29:02.202 INFO: JdwpEventCenterDelegate: THREAD_RESUMED: thread (33, main, main)
07:29:02.203 INFO: JdwpEventCenterDelegate: THREAD_RESUMED: thread (33, main, main)
07:29:02.292 INFO: JdwpEventCenterDelegate: THREAD_RESUMED: thread (33, main, main)
07:29:02.293 INFO: JdwpEventCenterDelegate: THREAD_RESUMED: thread (33, main, main)
07:29:02.293 INFO: JdwpEventCenterDelegate: THREAD_RESUMED: thread (33, main, main)
07:29:02.315 INFO: JdwpEventCenterDelegate: THREAD_RESUMED: thread (33, main, main)
07:29:02.316 INFO: JdwpEventCenterDelegate: THREAD_RESUMED: thread (33, main, main)
07:29:02.317 INFO: JdwpEventCenterDelegate: THREAD_RESUMED: thread (33, main, main)
07:29:02.318 INFO: JdwpEventCenterDelegate: THREAD_RESUMED: thread (33, main, main)
07:29:02.325 INFO: JdwpEventCenterDelegate: THREAD_RESUMED: thread (33, main, main)
07:29:02.326 INFO: JdwpEventCenterDelegate: THREAD_RESUMED: thread (33, main, main)
07:29:03.092 INFO: JdwpEventCenterDelegate: THREAD_RESUMED: thread (33, main, main)
07:29:03.093 INFO: JdwpEventCenterDelegate: THREAD_RESUMED: thread (33, main, main)
07:29:03.111 INFO: JdwpEventCenterDelegate: THREAD_RESUMED: thread (33, main, main)
07:29:03.111 INFO: JdwpEventCenterDelegate: THREAD_RESUMED: thread (33, main, main)
07:29:03.112 INFO: JdwpEventCenterDelegate: THREAD_RESUMED: thread (33, main, main)
07:29:03.112 INFO: JdwpEventCenterDelegate: THREAD_RESUMED: thread (33, main, main)
07:29:03.177 INFO: JdwpEventCenterDelegate: THREAD_RESUMED: thread (33, main, main)
07:29:03.601 INFO: JdwpEventCenterDelegate: THREAD_RESUMED: thread (33, main, main)
07:29:03.604 INFO: JdwpEventCenterDelegate: THREAD_RESUMED: thread (33, main, main)
07:29:03.605 INFO: JdwpEventCenterDelegate: THREAD_RESUMED: thread (33, main, main)
07:29:03.607 INFO: JdwpEventCenterDelegate: THREAD_RESUMED: thread (33, main, main)
07:29:03.608 INFO: JdwpEventCenterDelegate: THREAD_RESUMED: thread (33, main, main)
07:29:03.610 INFO: JdwpEventCenterDelegate: THREAD_RESUMED: thread (33, main, main)
07:29:03.613 INFO: JdwpEventCenterDelegate: THREAD_RESUMED: thread (33, main, main)
07:29:03.630 INFO: JdwpEventCenterDelegate: THREAD_RESUMED: thread (33, main, main)
07:29:03.644 INFO: JdwpEventCenterDelegate: THREAD_RESUMED: thread (33, main, main)
07:29:03.657 INFO: JdwpEventCenterDelegate: THREAD_RESUMED: thread (33, main, main)
07:29:03.668 INFO: JdwpEventCenterDelegate: THREAD_RESUMED: thread (33, main, main)
07:29:03.682 INFO: JdwpEventCenterDelegate: THREAD_RESUMED: thread (33, main, main)
07:29:03.705 INFO: JdwpEventCenterDelegate: THREAD_RESUMED: thread (33, main, main)
07:29:03.711 INFO: JdwpEventCenterDelegate: THREAD_RESUMED: thread (33, main, main)
07:29:03.717 INFO: JdwpEventCenterDelegate: THREAD_RESUMED: thread (33, main, main)
07:29:03.722 INFO: JdwpEventCenterDelegate: THREAD_RESUMED: thread (33, main, main)
07:29:03.727 INFO: JdwpEventCenterDelegate: THREAD_RESUMED: thread (33, main, main)
07:29:03.732 INFO: JdwpEventCenterDelegate: THREAD_RESUMED: thread (33, main, main)
07:29:03.740 INFO: JdwpEventCenterDelegate: THREAD_RESUMED: thread (33, main, main)
07:29:03.746 INFO: JdwpEventCenterDelegate: THREAD_RESUMED: thread (33, main, main)
07:29:03.762 INFO: JdwpEventCenterDelegate: THREAD_RESUMED: thread (33, main, main)
07:29:03.770 INFO: JdwpEventCenterDelegate: THREAD_RESUMED: thread (33, main, main)
07:29:03.775 INFO: JdwpEventCenterDelegate: THREAD_RESUMED: thread (33, main, main)
07:29:03.781 INFO: JdwpEventCenterDelegate: THREAD_RESUMED: thread (33, main, main)
07:29:03.789 INFO: JdwpEventCenterDelegate: THREAD_RESUMED: thread (33, main, main)
07:29:03.792 INFO: JdwpEventCenterDelegate: THREAD_RESUMED: thread (33, main, main)
07:29:03.794 INFO: JdwpEventCenterDelegate: THREAD_RESUMED: thread (33, main, main)
07:29:03.796 INFO: JdwpEventCenterDelegate: THREAD_RESUMED: thread (33, main, main)
07:29:03.798 INFO: JdwpEventCenterDelegate: THREAD_RESUMED: thread (33, main, main)
07:29:03.800 INFO: JdwpEventCenterDelegate: THREAD_RESUMED: thread (33, main, main)
07:29:03.802 INFO: JdwpEventCenterDelegate: THREAD_RESUMED: thread (33, main, main)
07:29:03.803 INFO: JdwpEventCenterDelegate: THREAD_RESUMED: thread (33, main, main)
07:29:03.805 INFO: JdwpEventCenterDelegate: THREAD_RESUMED: thread (33, main, main)
07:29:03.806 INFO: JdwpEventCenterDelegate: THREAD_RESUMED: thread (33, main, main)
07:29:03.808 INFO: JdwpEventCenterDelegate: THREAD_RESUMED: thread (33, main, main)
07:29:03.809 INFO: JdwpEventCenterDelegate: THREAD_RESUMED: thread (33, main, main)
07:29:03.810 INFO: JdwpEventCenterDelegate: THREAD_RESUMED: thread (33, main, main)
07:29:03.811 INFO: JdwpEventCenterDelegate: THREAD_RESUMED: thread (33, main, main)
07:29:03.813 INFO: JdwpEventCenterDelegate: THREAD_RESUMED: thread (33, main, main)
07:29:03.814 INFO: JdwpEventCenterDelegate: THREAD_RESUMED: thread (33, main, main)
07:29:03.815 INFO: JdwpEventCenterDelegate: THREAD_RESUMED: thread (33, main, main)
07:29:03.816 INFO: JdwpEventCenterDelegate: THREAD_RESUMED: thread (33, main, main)
07:29:03.817 INFO: JdwpEventCenterDelegate: THREAD_RESUMED: thread (33, main, main)
07:29:03.819 INFO: JdwpEventCenterDelegate: THREAD_RESUMED: thread (33, main, main)
07:29:03.820 INFO: JdwpEventCenterDelegate: THREAD_RESUMED: thread (33, main, main)
07:29:03.821 INFO: JdwpEventCenterDelegate: THREAD_RESUMED: thread (33, main, main)
07:29:03.822 INFO: JdwpEventCenterDelegate: THREAD_RESUMED: thread (33, main, main)
07:29:03.823 INFO: JdwpEventCenterDelegate: THREAD_RESUMED: thread (33, main, main)
07:29:03.825 INFO: JdwpEventCenterDelegate: THREAD_RESUMED: thread (33, main, main)
07:29:03.826 INFO: JdwpEventCenterDelegate: THREAD_RESUMED: thread (33, main, main)
07:29:03.827 INFO: JdwpEventCenterDelegate: THREAD_RESUMED: thread (33, main, main)
07:29:03.828 INFO: JdwpEventCenterDelegate: THREAD_RESUMED: thread (33, main, main)
07:29:03.829 INFO: JdwpEventCenterDelegate: THREAD_RESUMED: thread (33, main, main)
07:29:03.830 INFO: JdwpEventCenterDelegate: THREAD_RESUMED: thread (33, main, main)
07:29:03.832 INFO: JdwpEventCenterDelegate: THREAD_RESUMED: thread (33, main, main)
07:29:03.833 INFO: JdwpEventCenterDelegate: THREAD_RESUMED: thread (33, main, main)
07:29:03.834 INFO: JdwpEventCenterDelegate: THREAD_RESUMED: thread (33, main, main)
07:29:03.835 INFO: JdwpEventCenterDelegate: THREAD_RESUMED: thread (33, main, main)
07:29:03.836 INFO: JdwpEventCenterDelegate: THREAD_RESUMED: thread (33, main, main)
07:29:03.838 INFO: JdwpEventCenterDelegate: THREAD_RESUMED: thread (33, main, main)
07:29:03.839 INFO: JdwpEventCenterDelegate: THREAD_RESUMED: thread (33, main, main)
07:29:03.840 INFO: JdwpEventCenterDelegate: THREAD_RESUMED: thread (33, main, main)
07:29:03.841 INFO: JdwpEventCenterDelegate: THREAD_RESUMED: thread (33, main, main)
07:29:03.843 INFO: JdwpEventCenterDelegate: THREAD_RESUMED: thread (33, main, main)
07:29:03.844 INFO: JdwpEventCenterDelegate: THREAD_RESUMED: thread (33, main, main)
07:29:03.845 INFO: JdwpEventCenterDelegate: THREAD_RESUMED: thread (33, main, main)
07:29:03.846 INFO: JdwpEventCenterDelegate: THREAD_RESUMED: thread (33, main, main)
07:29:03.847 INFO: JdwpEventCenterDelegate: THREAD_RESUMED: thread (33, main, main)
07:29:03.849 INFO: JdwpEventCenterDelegate: THREAD_RESUMED: thread (33, main, main)
07:29:03.850 INFO: JdwpEventCenterDelegate: THREAD_RESUMED: thread (33, main, main)
07:29:03.851 INFO: JdwpEventCenterDelegate: THREAD_RESUMED: thread (33, main, main)
07:29:03.852 INFO: JdwpEventCenterDelegate: THREAD_RESUMED: thread (33, main, main)
07:29:03.853 INFO: JdwpEventCenterDelegate: THREAD_RESUMED: thread (33, main, main)
07:29:03.854 INFO: JdwpEventCenterDelegate: THREAD_RESUMED: thread (33, main, main)
07:29:03.855 INFO: JdwpEventCenterDelegate: THREAD_RESUMED: thread (33, main, main)
07:29:03.856 INFO: JdwpEventCenterDelegate: THREAD_RESUMED: thread (33, main, main)
07:29:03.858 INFO: JdwpEventCenterDelegate: THREAD_RESUMED: thread (33, main, main)
07:29:03.859 INFO: JdwpEventCenterDelegate: THREAD_RESUMED: thread (33, main, main)
07:29:04.150 INFO: JdwpEventCenterDelegate: THREAD_RESUMED: thread (33, main, main)
07:29:04.175 INFO: JdwpEventCenterDelegate: THREAD_RESUMED: thread (33, main, main)
07:29:04.177 INFO: JdwpEventCenterDelegate: THREAD_RESUMED: thread (33, main, main)
07:29:04.178 INFO: JdwpEventCenterDelegate: THREAD_RESUMED: thread (33, main, main)
07:29:04.187 INFO: JdwpEventCenterDelegate: THREAD_RESUMED: thread (33, main, main)
07:29:04.214 SEVERE: Debugger: Thread HooksChannel socket thread crashed
org.robovm.debugger.DebuggerException: java.nio.BufferUnderflowException
	at org.robovm.debugger.hooks.HooksChannel.doSocketWork(HooksChannel.java:149)
	at java.base/java.lang.Thread.run(Thread.java:833)
	at org.robovm.debugger.utils.DebuggerThread.run(DebuggerThread.java:42)
Caused by: java.nio.BufferUnderflowException
	at org.robovm.debugger.utils.bytebuffer.DataBufferWriter.writeFromStream(DataBufferWriter.java:91)
	at org.robovm.debugger.hooks.HooksChannel.doSocketWork(HooksChannel.java:116)
	... 2 more
07:29:04.722 SEVERE: Debugger: Thread JDWP server socket thread crashed
org.robovm.debugger.DebuggerException: java.net.SocketException: Socket closed
	at org.robovm.debugger.jdwp.JdwpDebugServer.doSocketWork(JdwpDebugServer.java:215)
	at java.base/java.lang.Thread.run(Thread.java:833)
	at org.robovm.debugger.utils.DebuggerThread.run(DebuggerThread.java:42)
Caused by: java.net.SocketException: Socket closed
	at java.base/sun.nio.ch.NioSocketImpl.endRead(NioSocketImpl.java:248)
	at java.base/sun.nio.ch.NioSocketImpl.implRead(NioSocketImpl.java:327)
	at java.base/sun.nio.ch.NioSocketImpl.read(NioSocketImpl.java:350)
	at java.base/sun.nio.ch.NioSocketImpl$1.read(NioSocketImpl.java:803)
	at java.base/java.net.Socket$SocketInputStream.read(Socket.java:966)
	at org.robovm.debugger.utils.bytebuffer.DataBufferWriter.writeFromStream(DataBufferWriter.java:89)
	at org.robovm.debugger.jdwp.protocol.JdwpRequestHeader.readFromStream(JdwpRequestHeader.java:36)
	at org.robovm.debugger.jdwp.JdwpDebugServer.doSocketWork(JdwpDebugServer.java:185)
	... 2 more
