13:13:55.208 INFO: JdwpEventCenterDelegate: THREAD_STARTED: thread (33, main, main)
13:13:55.275 INFO: JdwpEventCenterDelegate: THREAD_STARTED: thread (48, ReferenceQueueDaemon, main)
13:13:55.276 INFO: JdwpEventCenterDelegate: THREAD_STARTED: thread (63, FinalizerDaemon, main)
13:13:55.277 INFO: JdwpEventCenterDelegate: THREAD_STARTED: thread (78, FinalizerWatchdogDaemon, main)
13:13:56.712 INFO: JdwpDebugServer: handling req: VirtualMachine(1).IDSizes(7)
13:13:56.715 INFO: JdwpDebugServer: handling req: EventRequest(15).Set(1)
13:13:56.715 INFO: JdwpEventCenterDelegate: jdwpSetEventRequest: JdwpEventRequest{requestId=100, eventKind=CLASS_UNLOAD, suspendPolicy=NONE, predicates=[]}
13:13:56.717 INFO: JdwpDebugServer: handling req: EventRequest(15).Set(1)
13:13:56.717 INFO: JdwpEventCenterDelegate: jdwpSetEventRequest: JdwpEventRequest{requestId=101, eventKind=THREAD_START, suspendPolicy=NONE, predicates=[]}
13:13:56.719 INFO: JdwpDebugServer: handling req: VirtualMachine(1).ClassesBySignature(2)
13:13:56.721 INFO: JdwpDebugServer: handling req: VirtualMachine(1).Version(1)
13:13:56.723 INFO: JdwpDebugServer: handling req: ReferenceType(2).MethodsWithGeneric(15)
13:13:56.728 INFO: JdwpDebugServer: handling req: Method(6).LineTable(1)
13:13:56.729 INFO: JdwpDebugServer: handling req: EventRequest(15).Set(1)
13:13:56.730 INFO: JdwpEventCenterDelegate: jdwpSetEventRequest: JdwpEventRequest{requestId=102, eventKind=BREAKPOINT, suspendPolicy=NONE, predicates=[Location{classId=845, methodId=257, index=928} ]}
13:13:56.731 INFO: JdwpDebugServer: handling req: EventRequest(15).Set(1)
13:13:56.732 INFO: JdwpEventCenterDelegate: jdwpSetEventRequest: JdwpEventRequest{requestId=103, eventKind=THREAD_DEATH, suspendPolicy=NONE, predicates=[]}
13:13:56.732 INFO: JdwpDebugServer: handling req: VirtualMachine(1).AllThreads(4)
13:13:56.733 INFO: JdwpDebugServer: handling req: ThreadReference(11).ThreadGroup(5)
13:13:56.734 INFO: JdwpDebugServer: handling req: ThreadGroup(12).Name(1)
13:13:56.734 INFO: JdwpDebugServer: handling req: ThreadGroup(12).Parent(2)
13:13:56.735 INFO: JdwpDebugServer: handling req: ObjectReference(9).ReferenceType(1)
13:13:56.735 INFO: JdwpDebugServer: handling req: ReferenceType(2).FieldsWithGeneric(14)
13:13:56.736 INFO: JdwpDebugServer: handling req: ReferenceType(2).Interfaces(10)
13:13:56.737 INFO: JdwpDebugServer: handling req: ReferenceType(2).FieldsWithGeneric(14)
13:13:56.737 INFO: JdwpDebugServer: handling req: ReferenceType(2).Interfaces(10)
13:13:56.737 INFO: JdwpDebugServer: handling req: ClassType(3).Superclass(1)
13:13:56.738 INFO: JdwpDebugServer: handling req: ReferenceType(2).FieldsWithGeneric(14)
13:13:56.738 INFO: JdwpDebugServer: handling req: ReferenceType(2).Interfaces(10)
13:13:56.739 INFO: JdwpDebugServer: handling req: ClassType(3).Superclass(1)
13:13:56.739 INFO: JdwpDebugServer: handling req: ObjectReference(9).GetValues(2)
13:13:56.741 INFO: JdwpDebugServer: handling req: ThreadReference(11).Status(4)
13:13:56.741 INFO: JdwpDebugServer: handling req: ThreadReference(11).Status(4)
13:13:56.742 INFO: JdwpDebugServer: handling req: ThreadReference(11).ThreadGroup(5)
13:13:56.742 INFO: JdwpDebugServer: handling req: ObjectReference(9).ReferenceType(1)
13:13:56.742 INFO: JdwpDebugServer: handling req: ObjectReference(9).GetValues(2)
13:13:56.743 INFO: JdwpDebugServer: handling req: ThreadReference(11).Status(4)
13:13:56.743 INFO: JdwpDebugServer: handling req: ThreadReference(11).Status(4)
13:13:56.744 INFO: JdwpDebugServer: handling req: ThreadReference(11).ThreadGroup(5)
13:13:56.744 INFO: JdwpDebugServer: handling req: ObjectReference(9).ReferenceType(1)
13:13:56.744 INFO: JdwpDebugServer: handling req: ObjectReference(9).GetValues(2)
13:13:56.744 INFO: JdwpDebugServer: handling req: ThreadReference(11).Status(4)
13:13:56.744 INFO: JdwpDebugServer: handling req: ThreadReference(11).Status(4)
13:13:56.745 INFO: JdwpDebugServer: handling req: ThreadReference(11).ThreadGroup(5)
13:13:56.745 INFO: JdwpDebugServer: handling req: ObjectReference(9).ReferenceType(1)
13:13:56.745 INFO: JdwpDebugServer: handling req: ObjectReference(9).GetValues(2)
13:13:56.745 INFO: JdwpDebugServer: handling req: ThreadReference(11).Status(4)
13:13:56.745 INFO: JdwpDebugServer: handling req: ThreadReference(11).Status(4)
13:13:56.747 INFO: JdwpDebugServer: handling req: EventRequest(15).Set(1)
13:13:56.747 INFO: JdwpEventCenterDelegate: jdwpSetEventRequest: JdwpEventRequest{requestId=104, eventKind=CLASS_PREPARE, suspendPolicy=EVENT_THREAD, predicates=[className=java.lang.Throwable]}
13:13:56.753 INFO: JdwpDebugServer: handling req: EventRequest(15).Set(1)
13:13:56.753 INFO: JdwpEventCenterDelegate: jdwpSetEventRequest: JdwpEventRequest{requestId=105, eventKind=CLASS_PREPARE, suspendPolicy=EVENT_THREAD, predicates=[className=java.lang.Throwable$*]}
13:13:56.755 INFO: JdwpDebugServer: handling req: VirtualMachine(1).ClassesBySignature(2)
13:13:56.756 INFO: JdwpDebugServer: handling req: ReferenceType(2).MethodsWithGeneric(15)
13:13:56.760 INFO: JdwpDebugServer: handling req: Method(6).LineTable(1)
13:13:56.761 INFO: JdwpDebugServer: handling req: Method(6).LineTable(1)
13:13:56.762 INFO: JdwpDebugServer: handling req: Method(6).LineTable(1)
13:13:56.762 INFO: JdwpDebugServer: handling req: Method(6).LineTable(1)
13:13:56.762 INFO: JdwpDebugServer: handling req: Method(6).LineTable(1)
13:13:56.762 INFO: JdwpDebugServer: handling req: Method(6).LineTable(1)
13:13:56.762 INFO: JdwpDebugServer: handling req: Method(6).LineTable(1)
13:13:56.762 INFO: JdwpDebugServer: handling req: Method(6).LineTable(1)
13:13:56.762 INFO: JdwpDebugServer: handling req: Method(6).LineTable(1)
13:13:56.762 INFO: JdwpDebugServer: handling req: Method(6).LineTable(1)
13:13:56.762 INFO: JdwpDebugServer: handling req: Method(6).LineTable(1)
13:13:56.762 INFO: JdwpDebugServer: handling req: Method(6).LineTable(1)
13:13:56.763 INFO: JdwpDebugServer: handling req: Method(6).LineTable(1)
13:13:56.763 INFO: JdwpDebugServer: handling req: Method(6).LineTable(1)
13:13:56.763 INFO: JdwpDebugServer: handling req: Method(6).LineTable(1)
13:13:56.763 INFO: JdwpDebugServer: handling req: Method(6).LineTable(1)
13:13:56.763 INFO: JdwpDebugServer: handling req: Method(6).LineTable(1)
13:13:56.763 INFO: JdwpDebugServer: handling req: Method(6).LineTable(1)
13:13:56.763 INFO: JdwpDebugServer: handling req: Method(6).LineTable(1)
13:13:56.763 INFO: JdwpDebugServer: handling req: Method(6).LineTable(1)
13:13:56.763 INFO: JdwpDebugServer: handling req: Method(6).LineTable(1)
13:13:56.763 INFO: JdwpDebugServer: handling req: Method(6).LineTable(1)
13:13:56.764 INFO: JdwpDebugServer: handling req: Method(6).LineTable(1)
13:13:56.764 INFO: JdwpDebugServer: handling req: Method(6).LineTable(1)
13:13:56.764 INFO: JdwpDebugServer: handling req: VirtualMachine(1).ClassesBySignature(2)
13:13:56.764 INFO: JdwpDebugServer: handling req: VirtualMachine(1).AllClassesWithGeneric(20)
13:13:56.778 INFO: JdwpDebugServer: handling req: EventRequest(15).Set(1)
13:13:56.778 INFO: JdwpEventCenterDelegate: jdwpSetEventRequest: JdwpEventRequest{requestId=106, eventKind=CLASS_PREPARE, suspendPolicy=EVENT_THREAD, predicates=[className=com.badlogic.gdx.utils.ScreenUtils]}
13:13:56.779 INFO: JdwpDebugServer: handling req: EventRequest(15).Set(1)
13:13:56.779 INFO: JdwpEventCenterDelegate: jdwpSetEventRequest: JdwpEventRequest{requestId=107, eventKind=CLASS_PREPARE, suspendPolicy=EVENT_THREAD, predicates=[className=com.badlogic.gdx.utils.ScreenUtils$*]}
13:13:56.780 INFO: JdwpDebugServer: handling req: VirtualMachine(1).ClassesBySignature(2)
13:13:56.780 INFO: JdwpDebugServer: handling req: ReferenceType(2).MethodsWithGeneric(15)
13:13:56.781 INFO: JdwpDebugServer: handling req: Method(6).LineTable(1)
13:13:56.781 INFO: JdwpDebugServer: handling req: Method(6).LineTable(1)
13:13:56.781 INFO: JdwpDebugServer: handling req: Method(6).LineTable(1)
13:13:56.781 INFO: JdwpDebugServer: handling req: Method(6).LineTable(1)
13:13:56.781 INFO: JdwpDebugServer: handling req: Method(6).LineTable(1)
13:13:56.781 INFO: JdwpDebugServer: handling req: Method(6).LineTable(1)
13:13:56.782 INFO: JdwpDebugServer: handling req: Method(6).LineTable(1)
13:13:56.782 INFO: JdwpDebugServer: handling req: Method(6).LineTable(1)
13:13:56.782 INFO: JdwpDebugServer: handling req: Method(6).LineTable(1)
13:13:56.782 INFO: JdwpDebugServer: handling req: Method(6).LineTable(1)
13:13:56.782 INFO: JdwpDebugServer: handling req: EventRequest(15).Set(1)
13:13:56.782 INFO: JdwpEventCenterDelegate: jdwpSetEventRequest: JdwpEventRequest{requestId=108, eventKind=BREAKPOINT, suspendPolicy=EVENT_THREAD, predicates=[Location{classId=22230, methodId=1272, index=89} ]}
13:13:56.785 INFO: JdwpDebugServer: handling req: EventRequest(15).Set(1)
13:13:56.785 INFO: JdwpEventCenterDelegate: jdwpSetEventRequest: JdwpEventRequest{requestId=109, eventKind=CLASS_PREPARE, suspendPolicy=EVENT_THREAD, predicates=[className=com.badlogic.gdx.utils.ScreenUtils]}
13:13:56.786 INFO: JdwpDebugServer: handling req: EventRequest(15).Set(1)
13:13:56.786 INFO: JdwpEventCenterDelegate: jdwpSetEventRequest: JdwpEventRequest{requestId=110, eventKind=CLASS_PREPARE, suspendPolicy=EVENT_THREAD, predicates=[className=com.badlogic.gdx.utils.ScreenUtils$*]}
13:13:56.787 INFO: JdwpDebugServer: handling req: VirtualMachine(1).ClassesBySignature(2)
13:13:56.787 INFO: JdwpDebugServer: handling req: EventRequest(15).Set(1)
13:13:56.792 INFO: JdwpEventCenterDelegate: jdwpSetEventRequest: JdwpEventRequest{requestId=111, eventKind=BREAKPOINT, suspendPolicy=EVENT_THREAD, predicates=[Location{classId=22230, methodId=1267, index=72} ]}
13:13:56.793 INFO: JdwpDebugServer: handling req: EventRequest(15).Set(1)
13:13:56.794 INFO: JdwpEventCenterDelegate: jdwpSetEventRequest: JdwpEventRequest{requestId=112, eventKind=CLASS_PREPARE, suspendPolicy=EVENT_THREAD, predicates=[className=com.abdalla.bushnaq.pluvia.engine.GameEngine]}
13:13:56.796 INFO: JdwpDebugServer: handling req: EventRequest(15).Set(1)
13:13:56.796 INFO: JdwpEventCenterDelegate: jdwpSetEventRequest: JdwpEventRequest{requestId=113, eventKind=CLASS_PREPARE, suspendPolicy=EVENT_THREAD, predicates=[className=com.abdalla.bushnaq.pluvia.engine.GameEngine$*]}
13:13:56.797 INFO: JdwpDebugServer: handling req: VirtualMachine(1).ClassesBySignature(2)
13:13:56.797 INFO: JdwpDebugServer: handling req: ReferenceType(2).MethodsWithGeneric(15)
13:13:56.798 INFO: JdwpDebugServer: handling req: Method(6).LineTable(1)
13:13:56.798 INFO: JdwpDebugServer: handling req: Method(6).LineTable(1)
13:13:56.798 INFO: JdwpDebugServer: handling req: Method(6).LineTable(1)
13:13:56.798 INFO: JdwpDebugServer: handling req: Method(6).LineTable(1)
13:13:56.799 INFO: JdwpDebugServer: handling req: Method(6).LineTable(1)
13:13:56.799 INFO: JdwpDebugServer: handling req: Method(6).LineTable(1)
13:13:56.799 INFO: JdwpDebugServer: handling req: Method(6).LineTable(1)
13:13:56.799 INFO: JdwpDebugServer: handling req: Method(6).LineTable(1)
13:13:56.799 INFO: JdwpDebugServer: handling req: Method(6).LineTable(1)
13:13:56.799 INFO: JdwpDebugServer: handling req: Method(6).LineTable(1)
13:13:56.799 INFO: JdwpDebugServer: handling req: Method(6).LineTable(1)
13:13:56.799 INFO: JdwpDebugServer: handling req: Method(6).LineTable(1)
13:13:56.799 INFO: JdwpDebugServer: handling req: Method(6).LineTable(1)
13:13:56.799 INFO: JdwpDebugServer: handling req: Method(6).LineTable(1)
13:13:56.799 INFO: JdwpDebugServer: handling req: Method(6).LineTable(1)
13:13:56.800 INFO: JdwpDebugServer: handling req: Method(6).LineTable(1)
13:13:56.800 INFO: JdwpDebugServer: handling req: Method(6).LineTable(1)
13:13:56.800 INFO: JdwpDebugServer: handling req: Method(6).LineTable(1)
13:13:56.800 INFO: JdwpDebugServer: handling req: Method(6).LineTable(1)
13:13:56.800 INFO: JdwpDebugServer: handling req: Method(6).LineTable(1)
13:13:56.800 INFO: JdwpDebugServer: handling req: Method(6).LineTable(1)
13:13:56.800 INFO: JdwpDebugServer: handling req: Method(6).LineTable(1)
13:13:56.800 INFO: JdwpDebugServer: handling req: Method(6).LineTable(1)
13:13:56.800 INFO: JdwpDebugServer: handling req: Method(6).LineTable(1)
13:13:56.801 INFO: JdwpDebugServer: handling req: Method(6).LineTable(1)
13:13:56.801 INFO: JdwpDebugServer: handling req: Method(6).LineTable(1)
13:13:56.801 INFO: JdwpDebugServer: handling req: Method(6).LineTable(1)
13:13:56.801 INFO: JdwpDebugServer: handling req: Method(6).LineTable(1)
13:13:56.801 INFO: JdwpDebugServer: handling req: Method(6).LineTable(1)
13:13:56.801 INFO: JdwpDebugServer: handling req: Method(6).LineTable(1)
13:13:56.801 INFO: JdwpDebugServer: handling req: Method(6).LineTable(1)
13:13:56.801 INFO: JdwpDebugServer: handling req: Method(6).LineTable(1)
13:13:56.802 INFO: JdwpDebugServer: handling req: EventRequest(15).Set(1)
13:13:56.802 INFO: JdwpEventCenterDelegate: jdwpSetEventRequest: JdwpEventRequest{requestId=114, eventKind=BREAKPOINT, suspendPolicy=EVENT_THREAD, predicates=[Location{classId=16855, methodId=1297, index=100} ]}
13:13:56.804 INFO: JdwpDebugServer: handling req: EventRequest(15).Set(1)
13:13:56.805 INFO: JdwpEventCenterDelegate: jdwpSetEventRequest: JdwpEventRequest{requestId=115, eventKind=CLASS_PREPARE, suspendPolicy=EVENT_THREAD, predicates=[className=com.abdalla.bushnaq.pluvia.launcher.IOSLauncher]}
13:13:56.807 INFO: JdwpDebugServer: handling req: EventRequest(15).Set(1)
13:13:56.808 INFO: JdwpEventCenterDelegate: jdwpSetEventRequest: JdwpEventRequest{requestId=116, eventKind=CLASS_PREPARE, suspendPolicy=EVENT_THREAD, predicates=[className=com.abdalla.bushnaq.pluvia.launcher.IOSLauncher$*]}
13:13:56.809 INFO: JdwpDebugServer: handling req: VirtualMachine(1).ClassesBySignature(2)
13:13:56.809 INFO: JdwpDebugServer: handling req: ReferenceType(2).MethodsWithGeneric(15)
13:13:56.809 INFO: JdwpDebugServer: handling req: Method(6).LineTable(1)
13:13:56.810 INFO: JdwpDebugServer: handling req: Method(6).LineTable(1)
13:13:56.810 INFO: JdwpDebugServer: handling req: Method(6).LineTable(1)
13:13:56.810 INFO: JdwpDebugServer: handling req: Method(6).LineTable(1)
13:13:56.810 INFO: JdwpDebugServer: handling req: Method(6).LineTable(1)
13:13:56.810 INFO: JdwpDebugServer: handling req: Method(6).LineTable(1)
13:13:56.810 INFO: JdwpDebugServer: handling req: Method(6).LineTable(1)
13:13:56.810 INFO: JdwpDebugServer: handling req: Method(6).LineTable(1)
13:13:56.810 INFO: JdwpDebugServer: handling req: EventRequest(15).Set(1)
13:13:56.810 INFO: JdwpEventCenterDelegate: jdwpSetEventRequest: JdwpEventRequest{requestId=117, eventKind=BREAKPOINT, suspendPolicy=EVENT_THREAD, predicates=[Location{classId=12880, methodId=1462, index=73} ]}
13:13:56.811 INFO: JdwpDebugServer: handling req: EventRequest(15).Set(1)
13:13:56.811 INFO: JdwpEventCenterDelegate: jdwpSetEventRequest: JdwpEventRequest{requestId=118, eventKind=CLASS_PREPARE, suspendPolicy=EVENT_THREAD, predicates=[className=com.abdalla.bushnaq.pluvia.launcher.IOSLauncher]}
13:13:56.813 INFO: JdwpDebugServer: handling req: EventRequest(15).Set(1)
13:13:56.813 INFO: JdwpEventCenterDelegate: jdwpSetEventRequest: JdwpEventRequest{requestId=119, eventKind=CLASS_PREPARE, suspendPolicy=EVENT_THREAD, predicates=[className=com.abdalla.bushnaq.pluvia.launcher.IOSLauncher$*]}
13:13:56.814 INFO: JdwpDebugServer: handling req: VirtualMachine(1).ClassesBySignature(2)
13:13:56.814 INFO: JdwpDebugServer: handling req: EventRequest(15).Set(1)
13:13:56.814 INFO: JdwpEventCenterDelegate: jdwpSetEventRequest: JdwpEventRequest{requestId=120, eventKind=BREAKPOINT, suspendPolicy=EVENT_THREAD, predicates=[Location{classId=12880, methodId=1467, index=91} ]}
13:13:56.815 INFO: JdwpDebugServer: handling req: EventRequest(15).Set(1)
13:13:56.815 INFO: JdwpEventCenterDelegate: jdwpSetEventRequest: JdwpEventRequest{requestId=121, eventKind=CLASS_PREPARE, suspendPolicy=EVENT_THREAD, predicates=[className=com.abdalla.bushnaq.pluvia.launcher.IOSLauncher]}
13:13:56.815 INFO: JdwpDebugServer: handling req: EventRequest(15).Set(1)
13:13:56.815 INFO: JdwpEventCenterDelegate: jdwpSetEventRequest: JdwpEventRequest{requestId=122, eventKind=CLASS_PREPARE, suspendPolicy=EVENT_THREAD, predicates=[className=com.abdalla.bushnaq.pluvia.launcher.IOSLauncher$*]}
13:13:56.816 INFO: JdwpDebugServer: handling req: VirtualMachine(1).ClassesBySignature(2)
13:13:56.816 INFO: JdwpDebugServer: handling req: EventRequest(15).Set(1)
13:13:56.817 INFO: JdwpEventCenterDelegate: jdwpSetEventRequest: JdwpEventRequest{requestId=123, eventKind=BREAKPOINT, suspendPolicy=EVENT_THREAD, predicates=[Location{classId=12880, methodId=1457, index=50} ]}
13:13:56.817 INFO: JdwpDebugServer: handling req: EventRequest(15).Set(1)
13:13:56.817 INFO: JdwpEventCenterDelegate: jdwpSetEventRequest: JdwpEventRequest{requestId=124, eventKind=CLASS_PREPARE, suspendPolicy=EVENT_THREAD, predicates=[className=com.abdalla.bushnaq.pluvia.launcher.IOSLauncher]}
13:13:56.818 INFO: JdwpDebugServer: handling req: EventRequest(15).Set(1)
13:13:56.818 INFO: JdwpEventCenterDelegate: jdwpSetEventRequest: JdwpEventRequest{requestId=125, eventKind=CLASS_PREPARE, suspendPolicy=EVENT_THREAD, predicates=[className=com.abdalla.bushnaq.pluvia.launcher.IOSLauncher$*]}
13:13:56.819 INFO: JdwpDebugServer: handling req: VirtualMachine(1).ClassesBySignature(2)
13:13:56.819 INFO: JdwpDebugServer: handling req: EventRequest(15).Set(1)
13:13:56.819 INFO: JdwpEventCenterDelegate: jdwpSetEventRequest: JdwpEventRequest{requestId=126, eventKind=BREAKPOINT, suspendPolicy=EVENT_THREAD, predicates=[Location{classId=12880, methodId=1457, index=38} ]}
13:13:56.819 INFO: JdwpDebugServer: handling req: EventRequest(15).Set(1)
13:13:56.819 INFO: JdwpEventCenterDelegate: jdwpSetEventRequest: JdwpEventRequest{requestId=127, eventKind=CLASS_PREPARE, suspendPolicy=EVENT_THREAD, predicates=[className=com.abdalla.bushnaq.pluvia.launcher.IOSLauncher]}
13:13:56.820 INFO: JdwpDebugServer: handling req: EventRequest(15).Set(1)
13:13:56.820 INFO: JdwpEventCenterDelegate: jdwpSetEventRequest: JdwpEventRequest{requestId=128, eventKind=CLASS_PREPARE, suspendPolicy=EVENT_THREAD, predicates=[className=com.abdalla.bushnaq.pluvia.launcher.IOSLauncher$*]}
13:13:56.821 INFO: JdwpDebugServer: handling req: VirtualMachine(1).ClassesBySignature(2)
13:13:56.821 INFO: JdwpDebugServer: handling req: EventRequest(15).Set(1)
13:13:56.821 INFO: JdwpEventCenterDelegate: jdwpSetEventRequest: JdwpEventRequest{requestId=129, eventKind=BREAKPOINT, suspendPolicy=EVENT_THREAD, predicates=[Location{classId=12880, methodId=1462, index=74} ]}
13:13:56.821 INFO: JdwpDebugServer: handling req: EventRequest(15).Set(1)
13:13:56.821 INFO: JdwpEventCenterDelegate: jdwpSetEventRequest: JdwpEventRequest{requestId=130, eventKind=CLASS_PREPARE, suspendPolicy=EVENT_THREAD, predicates=[className=com.abdalla.bushnaq.pluvia.launcher.IOSLauncher]}
13:13:56.822 INFO: JdwpDebugServer: handling req: EventRequest(15).Set(1)
13:13:56.823 INFO: JdwpEventCenterDelegate: jdwpSetEventRequest: JdwpEventRequest{requestId=131, eventKind=CLASS_PREPARE, suspendPolicy=EVENT_THREAD, predicates=[className=com.abdalla.bushnaq.pluvia.launcher.IOSLauncher$*]}
13:13:56.823 INFO: JdwpDebugServer: handling req: VirtualMachine(1).ClassesBySignature(2)
13:13:56.826 INFO: JdwpDebugServer: handling req: EventRequest(15).Set(1)
13:13:56.826 INFO: JdwpEventCenterDelegate: jdwpSetEventRequest: JdwpEventRequest{requestId=132, eventKind=BREAKPOINT, suspendPolicy=EVENT_THREAD, predicates=[Location{classId=12880, methodId=1467, index=93} ]}
13:13:56.835 INFO: JdwpDebugServer: handling req: EventRequest(15).Set(1)
13:13:56.835 INFO: JdwpEventCenterDelegate: jdwpSetEventRequest: JdwpEventRequest{requestId=133, eventKind=CLASS_PREPARE, suspendPolicy=EVENT_THREAD, predicates=[className=com.abdalla.bushnaq.pluvia.launcher.DesktopLauncher]}
13:13:56.836 INFO: JdwpDebugServer: handling req: EventRequest(15).Set(1)
13:13:56.836 INFO: JdwpEventCenterDelegate: jdwpSetEventRequest: JdwpEventRequest{requestId=134, eventKind=CLASS_PREPARE, suspendPolicy=EVENT_THREAD, predicates=[className=com.abdalla.bushnaq.pluvia.launcher.DesktopLauncher$*]}
13:13:56.837 INFO: JdwpDebugServer: handling req: VirtualMachine(1).ClassesBySignature(2)
13:13:56.837 INFO: JdwpDebugServer: handling req: VirtualMachine(1).capabilitiesNew(17)
13:13:56.841 INFO: JdwpDebugServer: handling req: EventRequest(15).Set(1)
13:13:56.841 INFO: JdwpEventCenterDelegate: jdwpSetEventRequest: JdwpEventRequest{requestId=135, eventKind=CLASS_PREPARE, suspendPolicy=EVENT_THREAD, predicates=[className=java.lang.Error]}
13:13:56.843 INFO: JdwpDebugServer: handling req: EventRequest(15).Set(1)
13:13:56.843 INFO: JdwpEventCenterDelegate: jdwpSetEventRequest: JdwpEventRequest{requestId=136, eventKind=CLASS_PREPARE, suspendPolicy=EVENT_THREAD, predicates=[className=java.lang.Error$*]}
13:13:56.844 INFO: JdwpDebugServer: handling req: VirtualMachine(1).ClassesBySignature(2)
13:13:56.846 INFO: JdwpDebugServer: handling req: EventRequest(15).Set(1)
13:13:56.848 INFO: JdwpEventCenterDelegate: jdwpSetEventRequest: JdwpEventRequest{requestId=137, eventKind=EXCEPTION, suspendPolicy=EVENT_THREAD, predicates=[exceptionType=3425(caught=true, uncaught=true)]}
13:13:56.882 INFO: JdwpDebugServer: handling req: EventRequest(15).Set(1)
13:13:56.883 INFO: JdwpEventCenterDelegate: jdwpSetEventRequest: JdwpEventRequest{requestId=138, eventKind=CLASS_PREPARE, suspendPolicy=EVENT_THREAD, predicates=[className=java.lang.Throwable]}
13:13:56.885 INFO: JdwpDebugServer: handling req: EventRequest(15).Set(1)
13:13:56.885 INFO: JdwpEventCenterDelegate: jdwpSetEventRequest: JdwpEventRequest{requestId=139, eventKind=CLASS_PREPARE, suspendPolicy=EVENT_THREAD, predicates=[className=java.lang.Throwable$*]}
13:13:56.886 INFO: JdwpDebugServer: handling req: VirtualMachine(1).ClassesBySignature(2)
13:13:56.886 INFO: JdwpDebugServer: handling req: EventRequest(15).Set(1)
13:13:56.886 INFO: JdwpEventCenterDelegate: jdwpSetEventRequest: JdwpEventRequest{requestId=140, eventKind=EXCEPTION, suspendPolicy=EVENT_THREAD, predicates=[exceptionType=7695(caught=false, uncaught=true)]}
13:13:56.891 INFO: JdwpDebugServer: handling req: ThreadReference(11).SuspendCount(12)
13:13:56.891 INFO: JdwpDebugServer: handling req: ThreadReference(11).SuspendCount(12)
13:13:56.891 INFO: JdwpDebugServer: handling req: ThreadReference(11).SuspendCount(12)
13:13:56.891 INFO: JdwpDebugServer: handling req: ThreadReference(11).SuspendCount(12)
13:13:56.891 INFO: JdwpDebugServer: handling req: VirtualMachine(1).AllThreads(4)
13:13:56.891 INFO: JdwpDebugServer: handling req: VirtualMachine(1).Resume(9)
13:13:56.930 INFO: JdwpDebugServer: handling req: EventRequest(15).Set(1)
13:13:56.930 INFO: JdwpEventCenterDelegate: jdwpSetEventRequest: JdwpEventRequest{requestId=141, eventKind=BREAKPOINT, suspendPolicy=EVENT_THREAD, predicates=[Location{classId=12880, methodId=1462, index=73} ]}
13:13:56.934 INFO: JdwpDebugServer: handling req: EventRequest(15).Set(1)
13:13:56.934 INFO: JdwpEventCenterDelegate: jdwpSetEventRequest: JdwpEventRequest{requestId=142, eventKind=BREAKPOINT, suspendPolicy=EVENT_THREAD, predicates=[Location{classId=12880, methodId=1467, index=91} ]}
13:13:56.937 INFO: JdwpDebugServer: handling req: EventRequest(15).Set(1)
13:13:56.937 INFO: JdwpEventCenterDelegate: jdwpSetEventRequest: JdwpEventRequest{requestId=143, eventKind=BREAKPOINT, suspendPolicy=EVENT_THREAD, predicates=[Location{classId=12880, methodId=1457, index=50} ]}
13:13:56.938 INFO: JdwpDebugServer: handling req: EventRequest(15).Set(1)
13:13:56.938 INFO: JdwpEventCenterDelegate: jdwpSetEventRequest: JdwpEventRequest{requestId=144, eventKind=BREAKPOINT, suspendPolicy=EVENT_THREAD, predicates=[Location{classId=12880, methodId=1457, index=38} ]}
13:13:56.939 INFO: JdwpDebugServer: handling req: EventRequest(15).Set(1)
13:13:56.939 INFO: JdwpEventCenterDelegate: jdwpSetEventRequest: JdwpEventRequest{requestId=145, eventKind=BREAKPOINT, suspendPolicy=EVENT_THREAD, predicates=[Location{classId=12880, methodId=1462, index=74} ]}
13:13:56.941 INFO: JdwpDebugServer: handling req: EventRequest(15).Set(1)
13:13:56.941 INFO: JdwpEventCenterDelegate: jdwpSetEventRequest: JdwpEventRequest{requestId=146, eventKind=BREAKPOINT, suspendPolicy=EVENT_THREAD, predicates=[Location{classId=12880, methodId=1467, index=93} ]}
13:13:56.942 INFO: JdwpDebugServer: handling req: ThreadReference(11).Resume(3)
13:13:56.942 INFO: JdwpEventCenterDelegate: THREAD_RESUMED: thread (33, main, main)
13:13:56.967 INFO: JdwpEventCenterDelegate: THREAD_RESUMED: thread (33, main, main)
13:13:56.967 INFO: JdwpEventCenterDelegate: THREAD_RESUMED: thread (33, main, main)
13:13:56.968 INFO: JdwpEventCenterDelegate: THREAD_RESUMED: thread (33, main, main)
13:13:56.968 INFO: JdwpEventCenterDelegate: THREAD_RESUMED: thread (33, main, main)
13:13:56.969 INFO: JdwpEventCenterDelegate: THREAD_RESUMED: thread (33, main, main)
13:13:56.969 INFO: JdwpEventCenterDelegate: THREAD_RESUMED: thread (33, main, main)
13:13:56.970 INFO: JdwpEventCenterDelegate: THREAD_RESUMED: thread (33, main, main)
13:13:56.972 INFO: JdwpEventCenterDelegate: THREAD_RESUMED: thread (33, main, main)
13:13:56.973 INFO: JdwpEventCenterDelegate: THREAD_RESUMED: thread (33, main, main)
13:13:56.973 INFO: JdwpEventCenterDelegate: THREAD_RESUMED: thread (33, main, main)
13:13:56.973 INFO: JdwpEventCenterDelegate: THREAD_RESUMED: thread (33, main, main)
13:13:56.980 INFO: JdwpEventCenterDelegate: THREAD_RESUMED: thread (33, main, main)
13:13:56.980 INFO: JdwpEventCenterDelegate: THREAD_RESUMED: thread (33, main, main)
13:13:56.981 INFO: JdwpEventCenterDelegate: THREAD_RESUMED: thread (33, main, main)
13:13:57.042 INFO: JdwpDebugServer: handling req: ThreadReference(11).Frames(6)
13:13:57.350 INFO: JdwpDebugServer: handling req: ThreadReference(11).FramesCount(7)
13:13:57.350 INFO: JdwpDebugServer: handling req: ThreadReference(11).FramesCount(7)
13:13:57.718 INFO: JdwpDebugServer: handling req: ThreadReference(11).Name(1)
13:13:57.719 INFO: JdwpDebugServer: handling req: ReferenceType(2).SignatureWithGeneric(13)
13:13:57.722 INFO: JdwpDebugServer: handling req: ThreadReference(11).Name(1)
13:13:57.723 INFO: JdwpDebugServer: handling req: ThreadReference(11).Name(1)
13:13:57.723 INFO: JdwpDebugServer: handling req: ThreadReference(11).Name(1)
13:13:57.723 INFO: JdwpDebugServer: handling req: ThreadReference(11).Name(1)
13:13:57.723 INFO: JdwpDebugServer: handling req: ThreadReference(11).Name(1)
13:13:57.747 INFO: JdwpDebugServer: handling req: ReferenceType(2).FieldsWithGeneric(14)
13:13:57.747 INFO: JdwpDebugServer: handling req: ReferenceType(2).Interfaces(10)
13:13:57.749 INFO: JdwpDebugServer: handling req: ReferenceType(2).FieldsWithGeneric(14)
13:13:57.752 INFO: JdwpDebugServer: handling req: ReferenceType(2).Interfaces(10)
13:13:57.753 INFO: JdwpDebugServer: handling req: ClassType(3).Superclass(1)
13:13:57.753 INFO: JdwpDebugServer: handling req: ReferenceType(2).FieldsWithGeneric(14)
13:13:57.754 INFO: JdwpDebugServer: handling req: ReferenceType(2).Interfaces(10)
13:13:57.754 INFO: JdwpDebugServer: handling req: ClassType(3).Superclass(1)
13:13:57.755 INFO: JdwpDebugServer: handling req: ReferenceType(2).FieldsWithGeneric(14)
13:13:57.756 INFO: JdwpDebugServer: handling req: ReferenceType(2).Interfaces(10)
13:13:57.756 INFO: JdwpDebugServer: handling req: ReferenceType(2).FieldsWithGeneric(14)
13:13:57.756 INFO: JdwpDebugServer: handling req: ReferenceType(2).Interfaces(10)
13:13:57.756 INFO: JdwpDebugServer: handling req: ReferenceType(2).FieldsWithGeneric(14)
13:13:57.756 INFO: JdwpDebugServer: handling req: ReferenceType(2).Interfaces(10)
13:13:57.757 INFO: JdwpDebugServer: handling req: ReferenceType(2).FieldsWithGeneric(14)
13:13:57.757 INFO: JdwpDebugServer: handling req: ReferenceType(2).Interfaces(10)
13:13:57.757 INFO: JdwpDebugServer: handling req: ClassType(3).Superclass(1)
13:13:57.757 INFO: JdwpDebugServer: handling req: ReferenceType(2).FieldsWithGeneric(14)
13:13:57.758 INFO: JdwpDebugServer: handling req: ReferenceType(2).Interfaces(10)
13:13:57.758 INFO: JdwpDebugServer: handling req: ClassType(3).Superclass(1)
13:13:57.758 INFO: JdwpDebugServer: handling req: ReferenceType(2).FieldsWithGeneric(14)
13:13:57.759 INFO: JdwpDebugServer: handling req: ReferenceType(2).Interfaces(10)
13:13:57.759 INFO: JdwpDebugServer: handling req: ClassType(3).Superclass(1)
13:13:57.759 INFO: JdwpDebugServer: handling req: ReferenceType(2).FieldsWithGeneric(14)
13:13:57.759 INFO: JdwpDebugServer: handling req: ReferenceType(2).Interfaces(10)
13:13:57.759 INFO: JdwpDebugServer: handling req: ClassType(3).Superclass(1)
13:13:57.759 INFO: JdwpDebugServer: handling req: ClassType(3).Superclass(1)
13:13:57.760 INFO: JdwpDebugServer: handling req: Method(6).VariableTableWithGenerics(5)
13:13:57.780 INFO: JdwpDebugServer: handling req: StackFrame(16).GetValues(1)
13:13:57.781 INFO: JdwpDebugServer: handling req: StackFrame(16).GetValues(1)
13:13:57.782 INFO: JdwpDebugServer: handling req: ArrayReference(13).Length(1)
13:13:57.782 INFO: JdwpDebugServer: handling req: StackFrame(16).GetValues(1)
13:13:57.782 INFO: JdwpDebugServer: handling req: StackFrame(16).GetValues(1)
13:13:57.782 INFO: JdwpDebugServer: handling req: ObjectReference(9).ReferenceType(1)
13:13:57.782 INFO: JdwpDebugServer: handling req: ObjectReference(9).ReferenceType(1)
13:13:57.783 INFO: JdwpDebugServer: handling req: StackFrame(16).GetValues(1)
13:13:57.783 INFO: JdwpDebugServer: handling req: ReferenceType(2).FieldsWithGeneric(14)
13:13:57.783 INFO: JdwpDebugServer: handling req: StackFrame(16).GetValues(1)
13:13:57.784 INFO: JdwpDebugServer: handling req: ReferenceType(2).Interfaces(10)
13:13:57.784 INFO: JdwpDebugServer: handling req: StackFrame(16).GetValues(1)
13:13:57.784 INFO: JdwpDebugServer: handling req: ReferenceType(2).FieldsWithGeneric(14)
13:13:57.784 INFO: JdwpDebugServer: handling req: ReferenceType(2).SourceFile(7)
13:13:57.784 INFO: JdwpDebugServer: handling req: ReferenceType(2).Interfaces(10)
13:13:57.784 INFO: JdwpDebugServer: handling req: ClassType(3).Superclass(1)
13:13:57.785 INFO: JdwpDebugServer: handling req: ReferenceType(2).Signature(1)
13:13:57.787 INFO: JdwpDebugServer: handling req: ReferenceType(2).ClassLoader(2)
13:13:57.787 INFO: JdwpDebugServer: handling req: VirtualMachine(1).ClassesBySignature(2)
13:13:57.788 INFO: JdwpDebugServer: handling req: ReferenceType(2).ClassLoader(2)
13:13:57.791 INFO: JdwpDebugServer: handling req: StackFrame(16).GetValues(1)
13:13:57.791 INFO: JdwpDebugServer: handling req: StackFrame(16).GetValues(1)
13:13:57.792 INFO: JdwpDebugServer: handling req: StackFrame(16).GetValues(1)
13:13:57.792 INFO: JdwpDebugServer: handling req: StackFrame(16).GetValues(1)
13:13:57.794 INFO: JdwpDebugServer: handling req: ClassType(3).Superclass(1)
13:13:57.795 INFO: JdwpDebugServer: handling req: ClassType(3).Superclass(1)
13:13:57.795 INFO: JdwpDebugServer: handling req: StackFrame(16).GetValues(1)
13:13:57.796 INFO: JdwpDebugServer: handling req: StackFrame(16).GetValues(1)
13:13:57.796 INFO: JdwpDebugServer: handling req: StackFrame(16).GetValues(1)
13:13:57.797 INFO: JdwpDebugServer: handling req: StackFrame(16).GetValues(1)
13:13:57.798 INFO: JdwpDebugServer: handling req: StackFrame(16).GetValues(1)
13:13:57.814 INFO: JdwpDebugServer: handling req: ThreadReference(11).FramesCount(7)
13:13:57.816 INFO: JdwpDebugServer: handling req: ThreadReference(11).Name(1)
13:13:57.817 INFO: JdwpDebugServer: handling req: ThreadReference(11).Name(1)
13:13:57.817 INFO: JdwpDebugServer: handling req: ThreadReference(11).FramesCount(7)
13:13:57.817 INFO: JdwpDebugServer: handling req: ThreadReference(11).Name(1)
13:13:57.818 INFO: JdwpDebugServer: handling req: ThreadReference(11).Name(1)
13:14:00.131 INFO: JdwpDebugServer: handling req: ThreadReference(11).Resume(3)
13:14:00.133 INFO: JdwpEventCenterDelegate: THREAD_RESUMED: thread (33, main, main)
13:14:00.139 INFO: JdwpEventCenterDelegate: THREAD_RESUMED: thread (33, main, main)
13:14:00.140 INFO: JdwpEventCenterDelegate: THREAD_RESUMED: thread (33, main, main)
13:14:00.141 INFO: JdwpEventCenterDelegate: THREAD_RESUMED: thread (33, main, main)
13:14:00.152 INFO: JdwpDebugServer: handling req: ThreadReference(11).Name(1)
13:14:00.155 INFO: JdwpDebugServer: handling req: ThreadReference(11).Name(1)
13:14:00.155 INFO: JdwpDebugServer: handling req: ThreadReference(11).Name(1)
13:14:00.158 INFO: JdwpEventCenterDelegate: THREAD_RESUMED: thread (33, main, main)
13:14:00.159 INFO: JdwpEventCenterDelegate: THREAD_RESUMED: thread (33, main, main)
13:14:00.161 INFO: JdwpEventCenterDelegate: THREAD_RESUMED: thread (33, main, main)
13:14:00.220 INFO: JdwpDebugServer: handling req: ThreadReference(11).Name(1)
13:14:00.423 INFO: JdwpDebugServer: handling req: ThreadReference(11).Frames(6)
13:14:00.424 INFO: JdwpDebugServer: handling req: ReferenceType(2).MethodsWithGeneric(15)
13:14:00.424 INFO: JdwpDebugServer: handling req: ReferenceType(2).MethodsWithGeneric(15)
13:14:00.426 INFO: JdwpDebugServer: handling req: ThreadReference(11).FramesCount(7)
13:14:00.427 INFO: JdwpDebugServer: handling req: ThreadReference(11).FramesCount(7)
13:14:00.448 INFO: JdwpDebugServer: handling req: StackFrame(16).ThisObject(3)
13:14:00.449 INFO: JdwpDebugServer: handling req: ThreadReference(11).Name(1)
13:14:00.449 INFO: JdwpDebugServer: handling req: ObjectReference(9).ReferenceType(1)
13:14:00.449 INFO: JdwpDebugServer: handling req: ThreadReference(11).Name(1)
13:14:00.449 INFO: JdwpDebugServer: handling req: ThreadReference(11).Name(1)
13:14:00.449 INFO: JdwpDebugServer: handling req: ThreadReference(11).Name(1)
13:14:00.450 INFO: JdwpDebugServer: handling req: ThreadReference(11).Name(1)
13:14:00.478 INFO: JdwpDebugServer: handling req: ThreadReference(11).FramesCount(7)
13:14:00.478 INFO: JdwpDebugServer: handling req: Method(6).VariableTableWithGenerics(5)
13:14:00.479 INFO: JdwpDebugServer: handling req: ThreadReference(11).Name(1)
13:14:00.484 INFO: JdwpDebugServer: handling req: ThreadReference(11).FramesCount(7)
13:14:00.484 INFO: JdwpDebugServer: handling req: ReferenceType(2).Modifiers(3)
13:14:00.485 INFO: JdwpDebugServer: handling req: ClassType(3).Superclass(1)
13:14:00.487 INFO: JdwpDebugServer: handling req: StackFrame(16).ThisObject(3)
13:14:00.487 INFO: JdwpDebugServer: handling req: ObjectReference(9).ReferenceType(1)
13:14:00.488 INFO: JdwpDebugServer: handling req: Method(6).LineTable(1)
13:14:00.489 INFO: JdwpDebugServer: handling req: Method(6).LineTable(1)
13:14:01.581 INFO: JdwpDebugServer: handling req: ThreadReference(11).Resume(3)
13:14:01.582 INFO: JdwpEventCenterDelegate: THREAD_RESUMED: thread (33, main, main)
13:14:01.624 INFO: JdwpDebugServer: handling req: ThreadReference(11).Name(1)
13:14:01.624 INFO: JdwpDebugServer: handling req: ThreadReference(11).Name(1)
13:14:01.624 INFO: JdwpDebugServer: handling req: ThreadReference(11).Name(1)
13:14:01.639 INFO: JdwpEventCenterDelegate: THREAD_RESUMED: thread (33, main, main)
13:14:01.640 INFO: JdwpEventCenterDelegate: THREAD_RESUMED: thread (33, main, main)
13:14:01.641 INFO: JdwpEventCenterDelegate: THREAD_RESUMED: thread (33, main, main)
13:14:01.665 INFO: JdwpDebugServer: handling req: ThreadReference(11).Name(1)
13:14:01.709 INFO: JdwpEventCenterDelegate: THREAD_RESUMED: thread (33, main, main)
13:14:01.710 INFO: JdwpEventCenterDelegate: THREAD_RESUMED: thread (33, main, main)
13:14:01.710 INFO: JdwpEventCenterDelegate: THREAD_RESUMED: thread (33, main, main)
13:14:01.744 INFO: JdwpEventCenterDelegate: THREAD_RESUMED: thread (33, main, main)
13:14:01.745 INFO: JdwpEventCenterDelegate: THREAD_RESUMED: thread (33, main, main)
13:14:01.745 INFO: JdwpEventCenterDelegate: THREAD_RESUMED: thread (33, main, main)
13:14:01.769 INFO: JdwpEventCenterDelegate: THREAD_RESUMED: thread (33, main, main)
13:14:01.772 INFO: JdwpEventCenterDelegate: THREAD_RESUMED: thread (33, main, main)
13:14:01.773 INFO: JdwpEventCenterDelegate: THREAD_RESUMED: thread (33, main, main)
13:14:01.774 INFO: JdwpEventCenterDelegate: THREAD_RESUMED: thread (33, main, main)
13:14:01.780 INFO: JdwpEventCenterDelegate: THREAD_RESUMED: thread (33, main, main)
13:14:01.781 INFO: JdwpEventCenterDelegate: THREAD_RESUMED: thread (33, main, main)
13:14:02.320 INFO: JdwpDebugServer: handling req: ThreadReference(11).Frames(6)
13:14:02.320 INFO: JdwpDebugServer: handling req: ReferenceType(2).MethodsWithGeneric(15)
13:14:02.321 INFO: JdwpDebugServer: handling req: ReferenceType(2).MethodsWithGeneric(15)
13:14:02.321 INFO: JdwpDebugServer: handling req: ThreadReference(11).FramesCount(7)
13:14:02.321 INFO: JdwpDebugServer: handling req: ThreadReference(11).FramesCount(7)
13:14:02.345 INFO: JdwpDebugServer: handling req: ThreadReference(11).Name(1)
13:14:02.345 INFO: JdwpDebugServer: handling req: StackFrame(16).ThisObject(3)
13:14:02.346 INFO: JdwpDebugServer: handling req: ObjectReference(9).ReferenceType(1)
13:14:02.346 INFO: JdwpDebugServer: handling req: ThreadReference(11).Name(1)
13:14:02.346 INFO: JdwpDebugServer: handling req: ThreadReference(11).Name(1)
13:14:02.347 INFO: JdwpDebugServer: handling req: ThreadReference(11).Name(1)
13:14:02.347 INFO: JdwpDebugServer: handling req: ThreadReference(11).Name(1)
13:14:02.382 INFO: JdwpDebugServer: handling req: Method(6).VariableTableWithGenerics(5)
13:14:02.382 INFO: JdwpDebugServer: handling req: ThreadReference(11).FramesCount(7)
13:14:02.385 INFO: JdwpDebugServer: handling req: ThreadReference(11).Name(1)
13:14:02.386 INFO: JdwpDebugServer: handling req: ThreadReference(11).FramesCount(7)
13:14:02.388 INFO: JdwpDebugServer: handling req: StackFrame(16).ThisObject(3)
13:14:02.389 INFO: JdwpDebugServer: handling req: ObjectReference(9).ReferenceType(1)
13:14:02.389 INFO: JdwpDebugServer: handling req: Method(6).LineTable(1)
13:14:02.389 INFO: JdwpDebugServer: handling req: StackFrame(16).ThisObject(3)
13:14:02.389 INFO: JdwpDebugServer: handling req: ObjectReference(9).ReferenceType(1)
13:14:02.390 INFO: JdwpDebugServer: handling req: Method(6).LineTable(1)
13:14:02.394 INFO: JdwpDebugServer: handling req: ClassType(3).Superclass(1)
13:14:03.138 INFO: JdwpDebugServer: handling req: ThreadReference(11).Resume(3)
13:14:03.139 INFO: JdwpEventCenterDelegate: THREAD_RESUMED: thread (33, main, main)
13:14:03.157 INFO: JdwpEventCenterDelegate: THREAD_RESUMED: thread (33, main, main)
13:14:03.157 INFO: JdwpEventCenterDelegate: THREAD_RESUMED: thread (33, main, main)
13:14:03.182 INFO: JdwpDebugServer: handling req: ThreadReference(11).Name(1)
13:14:03.182 INFO: JdwpDebugServer: handling req: ThreadReference(11).Name(1)
13:14:03.183 INFO: JdwpDebugServer: handling req: ThreadReference(11).Name(1)
13:14:03.190 INFO: JdwpEventCenterDelegate: THREAD_RESUMED: thread (33, main, main)
13:14:03.190 INFO: JdwpEventCenterDelegate: THREAD_RESUMED: thread (33, main, main)
13:14:03.191 INFO: JdwpEventCenterDelegate: THREAD_RESUMED: thread (33, main, main)
13:14:03.192 INFO: JdwpEventCenterDelegate: THREAD_RESUMED: thread (33, main, main)
13:14:03.229 INFO: JdwpDebugServer: handling req: ThreadReference(11).Name(1)
13:14:03.245 INFO: JdwpDebugServer: handling req: ThreadReference(11).Frames(6)
13:14:03.245 INFO: JdwpDebugServer: handling req: ThreadReference(11).FramesCount(7)
13:14:03.245 INFO: JdwpDebugServer: handling req: ThreadReference(11).FramesCount(7)
13:14:03.263 INFO: JdwpDebugServer: handling req: ThreadReference(11).Name(1)
13:14:03.264 INFO: JdwpDebugServer: handling req: StackFrame(16).ThisObject(3)
13:14:03.264 INFO: JdwpDebugServer: handling req: ObjectReference(9).ReferenceType(1)
13:14:03.264 INFO: JdwpDebugServer: handling req: ThreadReference(11).Name(1)
13:14:03.264 INFO: JdwpDebugServer: handling req: ThreadReference(11).Name(1)
13:14:03.264 INFO: JdwpDebugServer: handling req: ThreadReference(11).Name(1)
13:14:03.265 INFO: JdwpDebugServer: handling req: ThreadReference(11).Name(1)
13:14:03.294 INFO: JdwpDebugServer: handling req: ThreadReference(11).FramesCount(7)
13:14:03.297 INFO: JdwpDebugServer: handling req: ThreadReference(11).Name(1)
13:14:03.297 INFO: JdwpDebugServer: handling req: ThreadReference(11).FramesCount(7)
13:14:03.298 INFO: JdwpDebugServer: handling req: StackFrame(16).ThisObject(3)
13:14:03.299 INFO: JdwpDebugServer: handling req: ObjectReference(9).ReferenceType(1)
13:14:03.299 INFO: JdwpDebugServer: handling req: StackFrame(16).ThisObject(3)
13:14:03.299 INFO: JdwpDebugServer: handling req: ObjectReference(9).ReferenceType(1)
13:14:03.307 INFO: JdwpDebugServer: handling req: ClassType(3).Superclass(1)
13:14:04.981 INFO: JdwpDebugServer: handling req: EventRequest(15).Set(1)
13:14:04.988 INFO: JdwpEventCenterDelegate: jdwpSetEventRequest: JdwpEventRequest{requestId=147, eventKind=SINGLE_STEP, suspendPolicy=EVENT_THREAD, predicates=[step{threadId=33, size=1, depth=0} , count=1]}
13:14:04.989 INFO: JdwpDebugServer: handling req: ThreadReference(11).Resume(3)
13:14:04.990 INFO: JdwpEventCenterDelegate: THREAD_RESUMED: thread (33, main, main)
13:14:04.992 INFO: JdwpDebugServer: handling req: ReferenceType(2).MethodsWithGeneric(15)
13:14:04.992 INFO: JdwpDebugServer: handling req: ThreadReference(11).FramesCount(7)
13:14:04.993 INFO: JdwpDebugServer: handling req: EventRequest(15).Clear(2)
13:14:04.994 INFO: JdwpDebugServer: handling req: ThreadReference(11).Frames(6)
13:14:04.994 INFO: JdwpDebugServer: handling req: ThreadReference(11).FramesCount(7)
13:14:05.032 INFO: JdwpDebugServer: handling req: ThreadReference(11).FramesCount(7)
13:14:05.043 INFO: JdwpDebugServer: handling req: StackFrame(16).ThisObject(3)
13:14:05.044 INFO: JdwpDebugServer: handling req: ThreadReference(11).Name(1)
13:14:05.045 INFO: JdwpDebugServer: handling req: ThreadReference(11).Name(1)
13:14:05.045 INFO: JdwpDebugServer: handling req: StackFrame(16).ThisObject(3)
13:14:05.045 INFO: JdwpDebugServer: handling req: ObjectReference(9).ReferenceType(1)
13:14:05.046 INFO: JdwpDebugServer: handling req: Method(6).LineTable(1)
13:14:05.074 INFO: JdwpDebugServer: handling req: Method(6).VariableTableWithGenerics(5)
13:14:05.087 INFO: JdwpDebugServer: handling req: ThreadReference(11).Name(1)
13:14:05.088 INFO: JdwpDebugServer: handling req: ReferenceType(2).FieldsWithGeneric(14)
13:14:05.088 INFO: JdwpDebugServer: handling req: ThreadReference(11).FramesCount(7)
13:14:05.088 INFO: JdwpDebugServer: handling req: ReferenceType(2).Modifiers(3)
13:14:05.090 INFO: JdwpDebugServer: handling req: ClassType(3).Superclass(1)
13:14:05.091 INFO: JdwpDebugServer: handling req: ClassType(3).Superclass(1)
13:14:05.091 INFO: JdwpDebugServer: handling req: ReferenceType(2).Interfaces(10)
13:14:05.091 INFO: JdwpDebugServer: handling req: ReferenceType(2).Interfaces(10)
13:14:05.091 INFO: JdwpDebugServer: handling req: ReferenceType(2).FieldsWithGeneric(14)
13:14:05.091 INFO: JdwpDebugServer: handling req: ReferenceType(2).Interfaces(10)
13:14:05.097 INFO: JdwpDebugServer: handling req: ObjectReference(9).ReferenceType(1)
13:14:05.097 INFO: JdwpDebugServer: handling req: StackFrame(16).ThisObject(3)
13:14:05.097 INFO: JdwpDebugServer: handling req: ObjectReference(9).ReferenceType(1)
13:14:05.098 INFO: JdwpDebugServer: handling req: StackFrame(16).ThisObject(3)
13:14:05.098 INFO: JdwpDebugServer: handling req: ObjectReference(9).ReferenceType(1)
13:14:05.136 INFO: JdwpDebugServer: handling req: ReferenceType(2).SourceFile(7)
13:19:39.112 INFO: JdwpDebugServer: handling req: VirtualMachine(1).ClassesBySignature(2)
13:19:39.121 INFO: JdwpDebugServer: handling req: VirtualMachine(1).ClassesBySignature(2)
13:19:47.734 INFO: JdwpDebugServer: handling req: VirtualMachine(1).Exit(10)
13:19:47.736 SEVERE: Debugger: Thread JDWP server socket thread crashed
org.robovm.debugger.DebuggerException: Terminating due exit command
	at org.robovm.debugger.jdwp.JdwpDebugServer.doSocketWork(JdwpDebugServer.java:211)
	at java.base/java.lang.Thread.run(Thread.java:833)
	at org.robovm.debugger.utils.DebuggerThread.run(DebuggerThread.java:42)
13:19:48.287 SEVERE: Debugger: Thread HooksChannel socket thread crashed
org.robovm.debugger.DebuggerException: java.nio.BufferUnderflowException
	at org.robovm.debugger.hooks.HooksChannel.doSocketWork(HooksChannel.java:149)
	at java.base/java.lang.Thread.run(Thread.java:833)
	at org.robovm.debugger.utils.DebuggerThread.run(DebuggerThread.java:42)
Caused by: java.nio.BufferUnderflowException
	at org.robovm.debugger.utils.bytebuffer.DataBufferWriter.writeFromStream(DataBufferWriter.java:91)
	at org.robovm.debugger.hooks.HooksChannel.doSocketWork(HooksChannel.java:116)
	... 2 more
