07:52:36.890 INFO: JdwpEventCenterDelegate: THREAD_STARTED: thread (33, main, main)
07:52:36.960 INFO: JdwpEventCenterDelegate: THREAD_STARTED: thread (48, ReferenceQueueDaemon, main)
07:52:36.963 INFO: JdwpEventCenterDelegate: THREAD_STARTED: thread (63, FinalizerDaemon, main)
07:52:36.966 INFO: JdwpEventCenterDelegate: THREAD_STARTED: thread (78, FinalizerWatchdogDaemon, main)
07:52:39.200 INFO: JdwpDebugServer: handling req: VirtualMachine(1).IDSizes(7)
07:52:39.204 INFO: JdwpDebugServer: handling req: EventRequest(15).Set(1)
07:52:39.204 INFO: JdwpEventCenterDelegate: jdwpSetEventRequest: JdwpEventRequest{requestId=100, eventKind=CLASS_UNLOAD, suspendPolicy=NONE, predicates=[]}
07:52:39.205 INFO: JdwpDebugServer: handling req: EventRequest(15).Set(1)
07:52:39.206 INFO: JdwpEventCenterDelegate: jdwpSetEventRequest: JdwpEventRequest{requestId=101, eventKind=THREAD_START, suspendPolicy=NONE, predicates=[]}
07:52:39.206 INFO: JdwpDebugServer: handling req: VirtualMachine(1).ClassesBySignature(2)
07:52:39.208 INFO: JdwpDebugServer: handling req: VirtualMachine(1).Version(1)
07:52:39.210 INFO: JdwpDebugServer: handling req: ReferenceType(2).MethodsWithGeneric(15)
07:52:39.212 INFO: JdwpDebugServer: handling req: Method(6).LineTable(1)
07:52:39.213 INFO: JdwpDebugServer: handling req: EventRequest(15).Set(1)
07:52:39.216 INFO: JdwpEventCenterDelegate: jdwpSetEventRequest: JdwpEventRequest{requestId=102, eventKind=BREAKPOINT, suspendPolicy=NONE, predicates=[Location{classId=845, methodId=257, index=928} ]}
07:52:39.217 INFO: JdwpDebugServer: handling req: EventRequest(15).Set(1)
07:52:39.217 INFO: JdwpEventCenterDelegate: jdwpSetEventRequest: JdwpEventRequest{requestId=103, eventKind=THREAD_DEATH, suspendPolicy=NONE, predicates=[]}
07:52:39.217 INFO: JdwpDebugServer: handling req: VirtualMachine(1).AllThreads(4)
07:52:39.218 INFO: JdwpDebugServer: handling req: ThreadReference(11).ThreadGroup(5)
07:52:39.218 INFO: JdwpDebugServer: handling req: ThreadGroup(12).Name(1)
07:52:39.219 INFO: JdwpDebugServer: handling req: ThreadGroup(12).Parent(2)
07:52:39.219 INFO: JdwpDebugServer: handling req: ObjectReference(9).ReferenceType(1)
07:52:39.219 INFO: JdwpDebugServer: handling req: ReferenceType(2).FieldsWithGeneric(14)
07:52:39.220 INFO: JdwpDebugServer: handling req: ReferenceType(2).Interfaces(10)
07:52:39.221 INFO: JdwpDebugServer: handling req: ReferenceType(2).FieldsWithGeneric(14)
07:52:39.221 INFO: JdwpDebugServer: handling req: ReferenceType(2).Interfaces(10)
07:52:39.221 INFO: JdwpDebugServer: handling req: ClassType(3).Superclass(1)
07:52:39.222 INFO: JdwpDebugServer: handling req: ReferenceType(2).FieldsWithGeneric(14)
07:52:39.222 INFO: JdwpDebugServer: handling req: ReferenceType(2).Interfaces(10)
07:52:39.222 INFO: JdwpDebugServer: handling req: ClassType(3).Superclass(1)
07:52:39.223 INFO: JdwpDebugServer: handling req: ObjectReference(9).GetValues(2)
07:52:39.225 INFO: JdwpDebugServer: handling req: ThreadReference(11).Status(4)
07:52:39.225 INFO: JdwpDebugServer: handling req: ThreadReference(11).Status(4)
07:52:39.226 INFO: JdwpDebugServer: handling req: ThreadReference(11).ThreadGroup(5)
07:52:39.226 INFO: JdwpDebugServer: handling req: ObjectReference(9).ReferenceType(1)
07:52:39.226 INFO: JdwpDebugServer: handling req: ObjectReference(9).GetValues(2)
07:52:39.227 INFO: JdwpDebugServer: handling req: ThreadReference(11).Status(4)
07:52:39.227 INFO: JdwpDebugServer: handling req: ThreadReference(11).Status(4)
07:52:39.227 INFO: JdwpDebugServer: handling req: ThreadReference(11).ThreadGroup(5)
07:52:39.228 INFO: JdwpDebugServer: handling req: ObjectReference(9).ReferenceType(1)
07:52:39.228 INFO: JdwpDebugServer: handling req: ObjectReference(9).GetValues(2)
07:52:39.228 INFO: JdwpDebugServer: handling req: ThreadReference(11).Status(4)
07:52:39.228 INFO: JdwpDebugServer: handling req: ThreadReference(11).Status(4)
07:52:39.229 INFO: JdwpDebugServer: handling req: ThreadReference(11).ThreadGroup(5)
07:52:39.229 INFO: JdwpDebugServer: handling req: ObjectReference(9).ReferenceType(1)
07:52:39.229 INFO: JdwpDebugServer: handling req: ObjectReference(9).GetValues(2)
07:52:39.229 INFO: JdwpDebugServer: handling req: ThreadReference(11).Status(4)
07:52:39.230 INFO: JdwpDebugServer: handling req: ThreadReference(11).Status(4)
07:52:39.233 INFO: JdwpDebugServer: handling req: EventRequest(15).Set(1)
07:52:39.233 INFO: JdwpEventCenterDelegate: jdwpSetEventRequest: JdwpEventRequest{requestId=104, eventKind=CLASS_PREPARE, suspendPolicy=EVENT_THREAD, predicates=[className=com.badlogic.gdx.graphics.g2d.PolygonSpriteBatch]}
07:52:39.239 INFO: JdwpDebugServer: handling req: EventRequest(15).Set(1)
07:52:39.239 INFO: JdwpEventCenterDelegate: jdwpSetEventRequest: JdwpEventRequest{requestId=105, eventKind=CLASS_PREPARE, suspendPolicy=EVENT_THREAD, predicates=[className=com.badlogic.gdx.graphics.g2d.PolygonSpriteBatch$*]}
07:52:39.241 INFO: JdwpDebugServer: handling req: VirtualMachine(1).ClassesBySignature(2)
07:52:39.242 INFO: JdwpDebugServer: handling req: ReferenceType(2).MethodsWithGeneric(15)
07:52:39.243 INFO: JdwpDebugServer: handling req: Method(6).LineTable(1)
07:52:39.243 INFO: JdwpDebugServer: handling req: Method(6).LineTable(1)
07:52:39.243 INFO: JdwpDebugServer: handling req: Method(6).LineTable(1)
07:52:39.243 INFO: JdwpDebugServer: handling req: Method(6).LineTable(1)
07:52:39.244 INFO: JdwpDebugServer: handling req: Method(6).LineTable(1)
07:52:39.244 INFO: JdwpDebugServer: handling req: Method(6).LineTable(1)
07:52:39.244 INFO: JdwpDebugServer: handling req: Method(6).LineTable(1)
07:52:39.245 INFO: JdwpDebugServer: handling req: Method(6).LineTable(1)
07:52:39.245 INFO: JdwpDebugServer: handling req: Method(6).LineTable(1)
07:52:39.245 INFO: JdwpDebugServer: handling req: Method(6).LineTable(1)
07:52:39.245 INFO: JdwpDebugServer: handling req: Method(6).LineTable(1)
07:52:39.245 INFO: JdwpDebugServer: handling req: Method(6).LineTable(1)
07:52:39.245 INFO: JdwpDebugServer: handling req: Method(6).LineTable(1)
07:52:39.245 INFO: JdwpDebugServer: handling req: Method(6).LineTable(1)
07:52:39.246 INFO: JdwpDebugServer: handling req: Method(6).LineTable(1)
07:52:39.246 INFO: JdwpDebugServer: handling req: Method(6).LineTable(1)
07:52:39.246 INFO: JdwpDebugServer: handling req: Method(6).LineTable(1)
07:52:39.246 INFO: JdwpDebugServer: handling req: Method(6).LineTable(1)
07:52:39.246 INFO: JdwpDebugServer: handling req: Method(6).LineTable(1)
07:52:39.246 INFO: JdwpDebugServer: handling req: Method(6).LineTable(1)
07:52:39.246 INFO: JdwpDebugServer: handling req: Method(6).LineTable(1)
07:52:39.247 INFO: JdwpDebugServer: handling req: Method(6).LineTable(1)
07:52:39.247 INFO: JdwpDebugServer: handling req: Method(6).LineTable(1)
07:52:39.247 INFO: JdwpDebugServer: handling req: Method(6).LineTable(1)
07:52:39.247 INFO: JdwpDebugServer: handling req: Method(6).LineTable(1)
07:52:39.247 INFO: JdwpDebugServer: handling req: Method(6).LineTable(1)
07:52:39.247 INFO: JdwpDebugServer: handling req: Method(6).LineTable(1)
07:52:39.248 INFO: JdwpDebugServer: handling req: Method(6).LineTable(1)
07:52:39.248 INFO: JdwpDebugServer: handling req: Method(6).LineTable(1)
07:52:39.248 INFO: JdwpDebugServer: handling req: Method(6).LineTable(1)
07:52:39.248 INFO: JdwpDebugServer: handling req: Method(6).LineTable(1)
07:52:39.248 INFO: JdwpDebugServer: handling req: Method(6).LineTable(1)
07:52:39.249 INFO: JdwpDebugServer: handling req: Method(6).LineTable(1)
07:52:39.250 INFO: JdwpDebugServer: handling req: Method(6).LineTable(1)
07:52:39.250 INFO: JdwpDebugServer: handling req: Method(6).LineTable(1)
07:52:39.250 INFO: JdwpDebugServer: handling req: Method(6).LineTable(1)
07:52:39.251 INFO: JdwpDebugServer: handling req: Method(6).LineTable(1)
07:52:39.251 INFO: JdwpDebugServer: handling req: Method(6).LineTable(1)
07:52:39.251 INFO: JdwpDebugServer: handling req: Method(6).LineTable(1)
07:52:39.251 INFO: JdwpDebugServer: handling req: Method(6).LineTable(1)
07:52:39.251 INFO: JdwpDebugServer: handling req: Method(6).LineTable(1)
07:52:39.251 INFO: JdwpDebugServer: handling req: Method(6).LineTable(1)
07:52:39.251 INFO: JdwpDebugServer: handling req: Method(6).LineTable(1)
07:52:39.252 INFO: JdwpDebugServer: handling req: Method(6).LineTable(1)
07:52:39.252 INFO: JdwpDebugServer: handling req: Method(6).LineTable(1)
07:52:39.252 INFO: JdwpDebugServer: handling req: Method(6).LineTable(1)
07:52:39.252 INFO: JdwpDebugServer: handling req: Method(6).LineTable(1)
07:52:39.252 INFO: JdwpDebugServer: handling req: EventRequest(15).Set(1)
07:52:39.252 INFO: JdwpEventCenterDelegate: jdwpSetEventRequest: JdwpEventRequest{requestId=106, eventKind=BREAKPOINT, suspendPolicy=EVENT_THREAD, predicates=[Location{classId=15500, methodId=1122, index=142} ]}
07:52:39.253 INFO: JdwpDebugServer: handling req: ReferenceType(2).Signature(1)
07:52:39.256 INFO: JdwpDebugServer: handling req: EventRequest(15).Set(1)
07:52:39.256 INFO: JdwpEventCenterDelegate: jdwpSetEventRequest: JdwpEventRequest{requestId=107, eventKind=CLASS_PREPARE, suspendPolicy=EVENT_THREAD, predicates=[className=com.badlogic.gdx.graphics.g2d.SpriteBatch]}
07:52:39.258 INFO: JdwpDebugServer: handling req: EventRequest(15).Set(1)
07:52:39.259 INFO: JdwpEventCenterDelegate: jdwpSetEventRequest: JdwpEventRequest{requestId=108, eventKind=CLASS_PREPARE, suspendPolicy=EVENT_THREAD, predicates=[className=com.badlogic.gdx.graphics.g2d.SpriteBatch$*]}
07:52:39.260 INFO: JdwpDebugServer: handling req: VirtualMachine(1).ClassesBySignature(2)
07:52:39.260 INFO: JdwpDebugServer: handling req: ReferenceType(2).MethodsWithGeneric(15)
07:52:39.261 INFO: JdwpDebugServer: handling req: Method(6).LineTable(1)
07:52:39.261 INFO: JdwpDebugServer: handling req: Method(6).LineTable(1)
07:52:39.261 INFO: JdwpDebugServer: handling req: Method(6).LineTable(1)
07:52:39.261 INFO: JdwpDebugServer: handling req: Method(6).LineTable(1)
07:52:39.261 INFO: JdwpDebugServer: handling req: Method(6).LineTable(1)
07:52:39.262 INFO: JdwpDebugServer: handling req: Method(6).LineTable(1)
07:52:39.262 INFO: JdwpDebugServer: handling req: Method(6).LineTable(1)
07:52:39.262 INFO: JdwpDebugServer: handling req: Method(6).LineTable(1)
07:52:39.262 INFO: JdwpDebugServer: handling req: Method(6).LineTable(1)
07:52:39.262 INFO: JdwpDebugServer: handling req: Method(6).LineTable(1)
07:52:39.263 INFO: JdwpDebugServer: handling req: Method(6).LineTable(1)
07:52:39.263 INFO: JdwpDebugServer: handling req: Method(6).LineTable(1)
07:52:39.263 INFO: JdwpDebugServer: handling req: Method(6).LineTable(1)
07:52:39.263 INFO: JdwpDebugServer: handling req: Method(6).LineTable(1)
07:52:39.263 INFO: JdwpDebugServer: handling req: Method(6).LineTable(1)
07:52:39.263 INFO: JdwpDebugServer: handling req: Method(6).LineTable(1)
07:52:39.263 INFO: JdwpDebugServer: handling req: Method(6).LineTable(1)
07:52:39.263 INFO: JdwpDebugServer: handling req: Method(6).LineTable(1)
07:52:39.264 INFO: JdwpDebugServer: handling req: Method(6).LineTable(1)
07:52:39.264 INFO: JdwpDebugServer: handling req: Method(6).LineTable(1)
07:52:39.264 INFO: JdwpDebugServer: handling req: Method(6).LineTable(1)
07:52:39.264 INFO: JdwpDebugServer: handling req: Method(6).LineTable(1)
07:52:39.264 INFO: JdwpDebugServer: handling req: Method(6).LineTable(1)
07:52:39.264 INFO: JdwpDebugServer: handling req: Method(6).LineTable(1)
07:52:39.264 INFO: JdwpDebugServer: handling req: Method(6).LineTable(1)
07:52:39.265 INFO: JdwpDebugServer: handling req: Method(6).LineTable(1)
07:52:39.265 INFO: JdwpDebugServer: handling req: Method(6).LineTable(1)
07:52:39.265 INFO: JdwpDebugServer: handling req: Method(6).LineTable(1)
07:52:39.265 INFO: JdwpDebugServer: handling req: Method(6).LineTable(1)
07:52:39.265 INFO: JdwpDebugServer: handling req: Method(6).LineTable(1)
07:52:39.265 INFO: JdwpDebugServer: handling req: Method(6).LineTable(1)
07:52:39.266 INFO: JdwpDebugServer: handling req: Method(6).LineTable(1)
07:52:39.266 INFO: JdwpDebugServer: handling req: Method(6).LineTable(1)
07:52:39.266 INFO: JdwpDebugServer: handling req: Method(6).LineTable(1)
07:52:39.266 INFO: JdwpDebugServer: handling req: Method(6).LineTable(1)
07:52:39.266 INFO: JdwpDebugServer: handling req: Method(6).LineTable(1)
07:52:39.266 INFO: JdwpDebugServer: handling req: Method(6).LineTable(1)
07:52:39.266 INFO: JdwpDebugServer: handling req: Method(6).LineTable(1)
07:52:39.267 INFO: JdwpDebugServer: handling req: Method(6).LineTable(1)
07:52:39.267 INFO: JdwpDebugServer: handling req: Method(6).LineTable(1)
07:52:39.267 INFO: JdwpDebugServer: handling req: Method(6).LineTable(1)
07:52:39.267 INFO: JdwpDebugServer: handling req: Method(6).LineTable(1)
07:52:39.267 INFO: JdwpDebugServer: handling req: Method(6).LineTable(1)
07:52:39.267 INFO: JdwpDebugServer: handling req: Method(6).LineTable(1)
07:52:39.267 INFO: JdwpDebugServer: handling req: EventRequest(15).Set(1)
07:52:39.268 INFO: JdwpEventCenterDelegate: jdwpSetEventRequest: JdwpEventRequest{requestId=109, eventKind=BREAKPOINT, suspendPolicy=EVENT_THREAD, predicates=[Location{classId=18040, methodId=1357, index=163} ]}
07:52:39.269 INFO: JdwpDebugServer: handling req: ReferenceType(2).Signature(1)
07:52:39.269 INFO: JdwpDebugServer: handling req: EventRequest(15).Set(1)
07:52:39.269 INFO: JdwpEventCenterDelegate: jdwpSetEventRequest: JdwpEventRequest{requestId=110, eventKind=CLASS_PREPARE, suspendPolicy=EVENT_THREAD, predicates=[className=com.badlogic.gdx.graphics.g2d.PolygonSpriteBatch]}
07:52:39.270 INFO: JdwpDebugServer: handling req: EventRequest(15).Set(1)
07:52:39.270 INFO: JdwpEventCenterDelegate: jdwpSetEventRequest: JdwpEventRequest{requestId=111, eventKind=CLASS_PREPARE, suspendPolicy=EVENT_THREAD, predicates=[className=com.badlogic.gdx.graphics.g2d.PolygonSpriteBatch$*]}
07:52:39.271 INFO: JdwpDebugServer: handling req: VirtualMachine(1).ClassesBySignature(2)
07:52:39.271 INFO: JdwpDebugServer: handling req: EventRequest(15).Set(1)
07:52:39.271 INFO: JdwpEventCenterDelegate: jdwpSetEventRequest: JdwpEventRequest{requestId=112, eventKind=BREAKPOINT, suspendPolicy=EVENT_THREAD, predicates=[Location{classId=15500, methodId=1122, index=141} ]}
07:52:39.272 INFO: JdwpDebugServer: handling req: EventRequest(15).Set(1)
07:52:39.272 INFO: JdwpEventCenterDelegate: jdwpSetEventRequest: JdwpEventRequest{requestId=113, eventKind=CLASS_PREPARE, suspendPolicy=EVENT_THREAD, predicates=[className=java.lang.Throwable]}
07:52:39.272 INFO: JdwpDebugServer: handling req: EventRequest(15).Set(1)
07:52:39.272 INFO: JdwpEventCenterDelegate: jdwpSetEventRequest: JdwpEventRequest{requestId=114, eventKind=CLASS_PREPARE, suspendPolicy=EVENT_THREAD, predicates=[className=java.lang.Throwable$*]}
07:52:39.273 INFO: JdwpDebugServer: handling req: VirtualMachine(1).ClassesBySignature(2)
07:52:39.273 INFO: JdwpDebugServer: handling req: ReferenceType(2).MethodsWithGeneric(15)
07:52:39.274 INFO: JdwpDebugServer: handling req: Method(6).LineTable(1)
07:52:39.274 INFO: JdwpDebugServer: handling req: Method(6).LineTable(1)
07:52:39.274 INFO: JdwpDebugServer: handling req: Method(6).LineTable(1)
07:52:39.275 INFO: JdwpDebugServer: handling req: Method(6).LineTable(1)
07:52:39.275 INFO: JdwpDebugServer: handling req: Method(6).LineTable(1)
07:52:39.275 INFO: JdwpDebugServer: handling req: Method(6).LineTable(1)
07:52:39.275 INFO: JdwpDebugServer: handling req: Method(6).LineTable(1)
07:52:39.275 INFO: JdwpDebugServer: handling req: Method(6).LineTable(1)
07:52:39.275 INFO: JdwpDebugServer: handling req: Method(6).LineTable(1)
07:52:39.276 INFO: JdwpDebugServer: handling req: Method(6).LineTable(1)
07:52:39.276 INFO: JdwpDebugServer: handling req: Method(6).LineTable(1)
07:52:39.276 INFO: JdwpDebugServer: handling req: Method(6).LineTable(1)
07:52:39.276 INFO: JdwpDebugServer: handling req: Method(6).LineTable(1)
07:52:39.276 INFO: JdwpDebugServer: handling req: Method(6).LineTable(1)
07:52:39.276 INFO: JdwpDebugServer: handling req: Method(6).LineTable(1)
07:52:39.276 INFO: JdwpDebugServer: handling req: Method(6).LineTable(1)
07:52:39.276 INFO: JdwpDebugServer: handling req: Method(6).LineTable(1)
07:52:39.277 INFO: JdwpDebugServer: handling req: Method(6).LineTable(1)
07:52:39.277 INFO: JdwpDebugServer: handling req: Method(6).LineTable(1)
07:52:39.277 INFO: JdwpDebugServer: handling req: Method(6).LineTable(1)
07:52:39.277 INFO: JdwpDebugServer: handling req: Method(6).LineTable(1)
07:52:39.277 INFO: JdwpDebugServer: handling req: Method(6).LineTable(1)
07:52:39.277 INFO: JdwpDebugServer: handling req: Method(6).LineTable(1)
07:52:39.278 INFO: JdwpDebugServer: handling req: Method(6).LineTable(1)
07:52:39.278 INFO: JdwpDebugServer: handling req: VirtualMachine(1).ClassesBySignature(2)
07:52:39.278 INFO: JdwpDebugServer: handling req: VirtualMachine(1).AllClassesWithGeneric(20)
07:52:39.288 INFO: JdwpDebugServer: handling req: EventRequest(15).Set(1)
07:52:39.288 INFO: JdwpEventCenterDelegate: jdwpSetEventRequest: JdwpEventRequest{requestId=115, eventKind=CLASS_PREPARE, suspendPolicy=EVENT_THREAD, predicates=[className=com.badlogic.gdx.utils.ScreenUtils]}
07:52:39.290 INFO: JdwpDebugServer: handling req: EventRequest(15).Set(1)
07:52:39.290 INFO: JdwpEventCenterDelegate: jdwpSetEventRequest: JdwpEventRequest{requestId=116, eventKind=CLASS_PREPARE, suspendPolicy=EVENT_THREAD, predicates=[className=com.badlogic.gdx.utils.ScreenUtils$*]}
07:52:39.291 INFO: JdwpDebugServer: handling req: VirtualMachine(1).ClassesBySignature(2)
07:52:39.291 INFO: JdwpDebugServer: handling req: ReferenceType(2).MethodsWithGeneric(15)
07:52:39.292 INFO: JdwpDebugServer: handling req: Method(6).LineTable(1)
07:52:39.292 INFO: JdwpDebugServer: handling req: Method(6).LineTable(1)
07:52:39.292 INFO: JdwpDebugServer: handling req: Method(6).LineTable(1)
07:52:39.292 INFO: JdwpDebugServer: handling req: Method(6).LineTable(1)
07:52:39.292 INFO: JdwpDebugServer: handling req: Method(6).LineTable(1)
07:52:39.292 INFO: JdwpDebugServer: handling req: Method(6).LineTable(1)
07:52:39.293 INFO: JdwpDebugServer: handling req: Method(6).LineTable(1)
07:52:39.293 INFO: JdwpDebugServer: handling req: Method(6).LineTable(1)
07:52:39.293 INFO: JdwpDebugServer: handling req: Method(6).LineTable(1)
07:52:39.293 INFO: JdwpDebugServer: handling req: Method(6).LineTable(1)
07:52:39.293 INFO: JdwpDebugServer: handling req: EventRequest(15).Set(1)
07:52:39.293 INFO: JdwpEventCenterDelegate: jdwpSetEventRequest: JdwpEventRequest{requestId=117, eventKind=BREAKPOINT, suspendPolicy=EVENT_THREAD, predicates=[Location{classId=22240, methodId=1727, index=89} ]}
07:52:39.294 INFO: JdwpDebugServer: handling req: EventRequest(15).Set(1)
07:52:39.294 INFO: JdwpEventCenterDelegate: jdwpSetEventRequest: JdwpEventRequest{requestId=118, eventKind=CLASS_PREPARE, suspendPolicy=EVENT_THREAD, predicates=[className=com.badlogic.gdx.utils.ScreenUtils]}
07:52:39.294 INFO: JdwpDebugServer: handling req: EventRequest(15).Set(1)
07:52:39.294 INFO: JdwpEventCenterDelegate: jdwpSetEventRequest: JdwpEventRequest{requestId=119, eventKind=CLASS_PREPARE, suspendPolicy=EVENT_THREAD, predicates=[className=com.badlogic.gdx.utils.ScreenUtils$*]}
07:52:39.295 INFO: JdwpDebugServer: handling req: VirtualMachine(1).ClassesBySignature(2)
07:52:39.296 INFO: JdwpDebugServer: handling req: EventRequest(15).Set(1)
07:52:39.296 INFO: JdwpEventCenterDelegate: jdwpSetEventRequest: JdwpEventRequest{requestId=120, eventKind=BREAKPOINT, suspendPolicy=EVENT_THREAD, predicates=[Location{classId=22240, methodId=1722, index=72} ]}
07:52:39.296 INFO: JdwpDebugServer: handling req: EventRequest(15).Set(1)
07:52:39.296 INFO: JdwpEventCenterDelegate: jdwpSetEventRequest: JdwpEventRequest{requestId=121, eventKind=CLASS_PREPARE, suspendPolicy=EVENT_THREAD, predicates=[className=com.scottlogic.util.ShaderProgramFactory]}
07:52:39.297 INFO: JdwpDebugServer: handling req: EventRequest(15).Set(1)
07:52:39.297 INFO: JdwpEventCenterDelegate: jdwpSetEventRequest: JdwpEventRequest{requestId=122, eventKind=CLASS_PREPARE, suspendPolicy=EVENT_THREAD, predicates=[className=com.scottlogic.util.ShaderProgramFactory$*]}
07:52:39.298 INFO: JdwpDebugServer: handling req: VirtualMachine(1).ClassesBySignature(2)
07:52:39.298 INFO: JdwpDebugServer: handling req: ReferenceType(2).MethodsWithGeneric(15)
07:52:39.299 INFO: JdwpDebugServer: handling req: Method(6).LineTable(1)
07:52:39.299 INFO: JdwpDebugServer: handling req: Method(6).LineTable(1)
07:52:39.299 INFO: JdwpDebugServer: handling req: Method(6).LineTable(1)
07:52:39.299 INFO: JdwpDebugServer: handling req: Method(6).LineTable(1)
07:52:39.299 INFO: JdwpDebugServer: handling req: Method(6).LineTable(1)
07:52:39.300 INFO: JdwpDebugServer: handling req: EventRequest(15).Set(1)
07:52:39.300 INFO: JdwpEventCenterDelegate: jdwpSetEventRequest: JdwpEventRequest{requestId=123, eventKind=BREAKPOINT, suspendPolicy=EVENT_THREAD, predicates=[Location{classId=20400, methodId=1762, index=106} ]}
07:52:39.301 INFO: JdwpDebugServer: handling req: VirtualMachine(1).capabilitiesNew(17)
07:52:39.310 INFO: JdwpDebugServer: handling req: EventRequest(15).Set(1)
07:52:39.310 INFO: JdwpEventCenterDelegate: jdwpSetEventRequest: JdwpEventRequest{requestId=124, eventKind=CLASS_PREPARE, suspendPolicy=EVENT_THREAD, predicates=[className=java.lang.Error]}
07:52:39.313 INFO: JdwpDebugServer: handling req: EventRequest(15).Set(1)
07:52:39.313 INFO: JdwpEventCenterDelegate: jdwpSetEventRequest: JdwpEventRequest{requestId=125, eventKind=CLASS_PREPARE, suspendPolicy=EVENT_THREAD, predicates=[className=java.lang.Error$*]}
07:52:39.314 INFO: JdwpDebugServer: handling req: VirtualMachine(1).ClassesBySignature(2)
07:52:39.314 INFO: JdwpDebugServer: handling req: EventRequest(15).Set(1)
07:52:39.318 INFO: JdwpEventCenterDelegate: jdwpSetEventRequest: JdwpEventRequest{requestId=126, eventKind=EXCEPTION, suspendPolicy=EVENT_THREAD, predicates=[exceptionType=3425(caught=true, uncaught=true)]}
07:52:39.349 INFO: JdwpDebugServer: handling req: EventRequest(15).Set(1)
07:52:39.349 INFO: JdwpEventCenterDelegate: jdwpSetEventRequest: JdwpEventRequest{requestId=127, eventKind=CLASS_PREPARE, suspendPolicy=EVENT_THREAD, predicates=[className=java.lang.Throwable]}
07:52:39.350 INFO: JdwpDebugServer: handling req: EventRequest(15).Set(1)
07:52:39.350 INFO: JdwpEventCenterDelegate: jdwpSetEventRequest: JdwpEventRequest{requestId=128, eventKind=CLASS_PREPARE, suspendPolicy=EVENT_THREAD, predicates=[className=java.lang.Throwable$*]}
07:52:39.351 INFO: JdwpDebugServer: handling req: VirtualMachine(1).ClassesBySignature(2)
07:52:39.351 INFO: JdwpDebugServer: handling req: EventRequest(15).Set(1)
07:52:39.352 INFO: JdwpEventCenterDelegate: jdwpSetEventRequest: JdwpEventRequest{requestId=129, eventKind=EXCEPTION, suspendPolicy=EVENT_THREAD, predicates=[exceptionType=7695(caught=false, uncaught=true)]}
07:52:39.358 INFO: JdwpDebugServer: handling req: ThreadReference(11).SuspendCount(12)
07:52:39.358 INFO: JdwpDebugServer: handling req: ThreadReference(11).SuspendCount(12)
07:52:39.358 INFO: JdwpDebugServer: handling req: ThreadReference(11).SuspendCount(12)
07:52:39.358 INFO: JdwpDebugServer: handling req: ThreadReference(11).SuspendCount(12)
07:52:39.358 INFO: JdwpDebugServer: handling req: VirtualMachine(1).AllThreads(4)
07:52:39.359 INFO: JdwpDebugServer: handling req: VirtualMachine(1).Resume(9)
07:52:39.448 INFO: JdwpEventCenterDelegate: THREAD_RESUMED: thread (33, main, main)
07:52:39.449 INFO: JdwpEventCenterDelegate: THREAD_RESUMED: thread (33, main, main)
07:52:39.450 INFO: JdwpEventCenterDelegate: THREAD_RESUMED: thread (33, main, main)
07:52:39.450 INFO: JdwpEventCenterDelegate: THREAD_RESUMED: thread (33, main, main)
07:52:39.451 INFO: JdwpEventCenterDelegate: THREAD_RESUMED: thread (33, main, main)
07:52:39.451 INFO: JdwpEventCenterDelegate: THREAD_RESUMED: thread (33, main, main)
07:52:39.451 INFO: JdwpEventCenterDelegate: THREAD_RESUMED: thread (33, main, main)
07:52:39.454 INFO: JdwpEventCenterDelegate: THREAD_RESUMED: thread (33, main, main)
07:52:39.454 INFO: JdwpEventCenterDelegate: THREAD_RESUMED: thread (33, main, main)
07:52:39.455 INFO: JdwpEventCenterDelegate: THREAD_RESUMED: thread (33, main, main)
07:52:39.455 INFO: JdwpEventCenterDelegate: THREAD_RESUMED: thread (33, main, main)
07:52:39.460 INFO: JdwpEventCenterDelegate: THREAD_RESUMED: thread (33, main, main)
07:52:39.461 INFO: JdwpEventCenterDelegate: THREAD_RESUMED: thread (33, main, main)
07:52:39.461 INFO: JdwpEventCenterDelegate: THREAD_RESUMED: thread (33, main, main)
07:52:39.855 INFO: JdwpDebugServer: handling req: ThreadReference(11).Name(1)
07:52:39.857 INFO: JdwpDebugServer: handling req: ThreadReference(11).Name(1)
07:52:39.857 INFO: JdwpDebugServer: handling req: ThreadReference(11).Name(1)
07:52:39.858 INFO: JdwpDebugServer: handling req: ThreadReference(11).Name(1)
07:53:45.359 INFO: JdwpDebugServer: handling req: VirtualMachine(1).Exit(10)
07:53:45.359 SEVERE: Debugger: Thread JDWP server socket thread crashed
org.robovm.debugger.DebuggerException: Terminating due exit command
	at org.robovm.debugger.jdwp.JdwpDebugServer.doSocketWork(JdwpDebugServer.java:211)
	at java.base/java.lang.Thread.run(Thread.java:833)
	at org.robovm.debugger.utils.DebuggerThread.run(DebuggerThread.java:42)
07:53:45.876 SEVERE: Debugger: Thread HooksChannel socket thread crashed
org.robovm.debugger.DebuggerException: java.nio.BufferUnderflowException
	at org.robovm.debugger.hooks.HooksChannel.doSocketWork(HooksChannel.java:149)
	at java.base/java.lang.Thread.run(Thread.java:833)
	at org.robovm.debugger.utils.DebuggerThread.run(DebuggerThread.java:42)
Caused by: java.nio.BufferUnderflowException
	at org.robovm.debugger.utils.bytebuffer.DataBufferWriter.writeFromStream(DataBufferWriter.java:91)
	at org.robovm.debugger.hooks.HooksChannel.doSocketWork(HooksChannel.java:116)
	... 2 more
