14:52:20.332 INFO: JdwpEventCenterDelegate: THREAD_STARTED: thread (33, main, main)
14:52:20.396 INFO: JdwpEventCenterDelegate: THREAD_STARTED: thread (48, ReferenceQueueDaemon, main)
14:52:20.398 INFO: JdwpEventCenterDelegate: THREAD_STARTED: thread (63, FinalizerDaemon, main)
14:52:20.400 INFO: JdwpEventCenterDelegate: THREAD_STARTED: thread (78, FinalizerWatchdogDaemon, main)
14:52:20.904 INFO: JdwpDebugServer: handling req: VirtualMachine(1).IDSizes(7)
14:52:20.905 INFO: JdwpDebugServer: handling req: EventRequest(15).Set(1)
14:52:20.907 INFO: JdwpEventCenterDelegate: jdwpSetEventRequest: JdwpEventRequest{requestId=100, eventKind=CLASS_UNLOAD, suspendPolicy=NONE, predicates=[]}
14:52:20.908 INFO: JdwpDebugServer: handling req: EventRequest(15).Set(1)
14:52:20.908 INFO: JdwpEventCenterDelegate: jdwpSetEventRequest: JdwpEventRequest{requestId=101, eventKind=THREAD_START, suspendPolicy=NONE, predicates=[]}
14:52:20.909 INFO: JdwpDebugServer: handling req: VirtualMachine(1).ClassesBySignature(2)
14:52:20.911 INFO: JdwpDebugServer: handling req: VirtualMachine(1).Version(1)
14:52:20.912 INFO: JdwpDebugServer: handling req: ReferenceType(2).MethodsWithGeneric(15)
14:52:20.914 INFO: JdwpDebugServer: handling req: Method(6).LineTable(1)
14:52:20.916 INFO: JdwpDebugServer: handling req: EventRequest(15).Set(1)
14:52:20.916 INFO: JdwpEventCenterDelegate: jdwpSetEventRequest: JdwpEventRequest{requestId=102, eventKind=BREAKPOINT, suspendPolicy=NONE, predicates=[Location{classId=845, methodId=257, index=928} ]}
14:52:20.917 INFO: JdwpDebugServer: handling req: EventRequest(15).Set(1)
14:52:20.918 INFO: JdwpEventCenterDelegate: jdwpSetEventRequest: JdwpEventRequest{requestId=103, eventKind=THREAD_DEATH, suspendPolicy=NONE, predicates=[]}
14:52:20.918 INFO: JdwpDebugServer: handling req: VirtualMachine(1).AllThreads(4)
14:52:20.919 INFO: JdwpDebugServer: handling req: ThreadReference(11).ThreadGroup(5)
14:52:20.919 INFO: JdwpDebugServer: handling req: ThreadGroup(12).Name(1)
14:52:20.920 INFO: JdwpDebugServer: handling req: ThreadGroup(12).Parent(2)
14:52:20.920 INFO: JdwpDebugServer: handling req: ObjectReference(9).ReferenceType(1)
14:52:20.921 INFO: JdwpDebugServer: handling req: ReferenceType(2).FieldsWithGeneric(14)
14:52:20.922 INFO: JdwpDebugServer: handling req: ReferenceType(2).Interfaces(10)
14:52:20.923 INFO: JdwpDebugServer: handling req: ReferenceType(2).FieldsWithGeneric(14)
14:52:20.923 INFO: JdwpDebugServer: handling req: ReferenceType(2).Interfaces(10)
14:52:20.923 INFO: JdwpDebugServer: handling req: ClassType(3).Superclass(1)
14:52:20.924 INFO: JdwpDebugServer: handling req: ReferenceType(2).FieldsWithGeneric(14)
14:52:20.924 INFO: JdwpDebugServer: handling req: ReferenceType(2).Interfaces(10)
14:52:20.924 INFO: JdwpDebugServer: handling req: ClassType(3).Superclass(1)
14:52:20.925 INFO: JdwpDebugServer: handling req: ObjectReference(9).GetValues(2)
14:52:20.927 INFO: JdwpDebugServer: handling req: ThreadReference(11).Status(4)
14:52:20.927 INFO: JdwpDebugServer: handling req: ThreadReference(11).Status(4)
14:52:20.928 INFO: JdwpDebugServer: handling req: ThreadReference(11).ThreadGroup(5)
14:52:20.928 INFO: JdwpDebugServer: handling req: ObjectReference(9).ReferenceType(1)
14:52:20.928 INFO: JdwpDebugServer: handling req: ObjectReference(9).GetValues(2)
14:52:20.929 INFO: JdwpDebugServer: handling req: ThreadReference(11).Status(4)
14:52:20.929 INFO: JdwpDebugServer: handling req: ThreadReference(11).Status(4)
14:52:20.930 INFO: JdwpDebugServer: handling req: ThreadReference(11).ThreadGroup(5)
14:52:20.930 INFO: JdwpDebugServer: handling req: ObjectReference(9).ReferenceType(1)
14:52:20.930 INFO: JdwpDebugServer: handling req: ObjectReference(9).GetValues(2)
14:52:20.930 INFO: JdwpDebugServer: handling req: ThreadReference(11).Status(4)
14:52:20.930 INFO: JdwpDebugServer: handling req: ThreadReference(11).Status(4)
14:52:20.931 INFO: JdwpDebugServer: handling req: ThreadReference(11).ThreadGroup(5)
14:52:20.931 INFO: JdwpDebugServer: handling req: ObjectReference(9).ReferenceType(1)
14:52:20.931 INFO: JdwpDebugServer: handling req: ObjectReference(9).GetValues(2)
14:52:20.931 INFO: JdwpDebugServer: handling req: ThreadReference(11).Status(4)
14:52:20.931 INFO: JdwpDebugServer: handling req: ThreadReference(11).Status(4)
14:52:20.935 INFO: JdwpDebugServer: handling req: EventRequest(15).Set(1)
14:52:20.935 INFO: JdwpEventCenterDelegate: jdwpSetEventRequest: JdwpEventRequest{requestId=104, eventKind=CLASS_PREPARE, suspendPolicy=EVENT_THREAD, predicates=[className=com.abdalla.bushnaq.pluvia.engine.AudioManager]}
14:52:20.940 INFO: JdwpDebugServer: handling req: EventRequest(15).Set(1)
14:52:20.940 INFO: JdwpEventCenterDelegate: jdwpSetEventRequest: JdwpEventRequest{requestId=105, eventKind=CLASS_PREPARE, suspendPolicy=EVENT_THREAD, predicates=[className=com.abdalla.bushnaq.pluvia.engine.AudioManager$*]}
14:52:20.942 INFO: JdwpDebugServer: handling req: VirtualMachine(1).ClassesBySignature(2)
14:52:20.942 INFO: JdwpDebugServer: handling req: ReferenceType(2).MethodsWithGeneric(15)
14:52:20.943 INFO: JdwpDebugServer: handling req: Method(6).LineTable(1)
14:52:20.943 INFO: JdwpDebugServer: handling req: Method(6).LineTable(1)
14:52:20.943 INFO: JdwpDebugServer: handling req: Method(6).LineTable(1)
14:52:20.944 INFO: JdwpDebugServer: handling req: Method(6).LineTable(1)
14:52:20.944 INFO: JdwpDebugServer: handling req: VirtualMachine(1).ClassesBySignature(2)
14:52:20.944 INFO: JdwpDebugServer: handling req: VirtualMachine(1).AllClassesWithGeneric(20)
14:52:20.957 INFO: JdwpDebugServer: handling req: EventRequest(15).Set(1)
14:52:20.957 INFO: JdwpEventCenterDelegate: jdwpSetEventRequest: JdwpEventRequest{requestId=106, eventKind=CLASS_PREPARE, suspendPolicy=EVENT_THREAD, predicates=[className=com.abdalla.bushnaq.pluvia.launcher.IOSLauncher]}
14:52:20.958 INFO: JdwpDebugServer: handling req: EventRequest(15).Set(1)
14:52:20.958 INFO: JdwpEventCenterDelegate: jdwpSetEventRequest: JdwpEventRequest{requestId=107, eventKind=CLASS_PREPARE, suspendPolicy=EVENT_THREAD, predicates=[className=com.abdalla.bushnaq.pluvia.launcher.IOSLauncher$*]}
14:52:20.959 INFO: JdwpDebugServer: handling req: VirtualMachine(1).ClassesBySignature(2)
14:52:20.959 INFO: JdwpDebugServer: handling req: ReferenceType(2).MethodsWithGeneric(15)
14:52:20.960 INFO: JdwpDebugServer: handling req: Method(6).LineTable(1)
14:52:20.960 INFO: JdwpDebugServer: handling req: Method(6).LineTable(1)
14:52:20.960 INFO: JdwpDebugServer: handling req: Method(6).LineTable(1)
14:52:20.961 INFO: JdwpDebugServer: handling req: EventRequest(15).Set(1)
14:52:20.961 INFO: JdwpEventCenterDelegate: jdwpSetEventRequest: JdwpEventRequest{requestId=108, eventKind=BREAKPOINT, suspendPolicy=EVENT_THREAD, predicates=[Location{classId=12885, methodId=1142, index=59} ]}
14:52:20.964 INFO: JdwpDebugServer: handling req: EventRequest(15).Set(1)
14:52:20.964 INFO: JdwpEventCenterDelegate: jdwpSetEventRequest: JdwpEventRequest{requestId=109, eventKind=CLASS_PREPARE, suspendPolicy=EVENT_THREAD, predicates=[className=com.abdalla.bushnaq.pluvia.engine.GameEngine]}
14:52:20.965 INFO: JdwpDebugServer: handling req: EventRequest(15).Set(1)
14:52:20.965 INFO: JdwpEventCenterDelegate: jdwpSetEventRequest: JdwpEventRequest{requestId=110, eventKind=CLASS_PREPARE, suspendPolicy=EVENT_THREAD, predicates=[className=com.abdalla.bushnaq.pluvia.engine.GameEngine$*]}
14:52:20.966 INFO: JdwpDebugServer: handling req: VirtualMachine(1).ClassesBySignature(2)
14:52:20.967 INFO: JdwpDebugServer: handling req: ReferenceType(2).MethodsWithGeneric(15)
14:52:20.967 INFO: JdwpDebugServer: handling req: Method(6).LineTable(1)
14:52:20.967 INFO: JdwpDebugServer: handling req: Method(6).LineTable(1)
14:52:20.967 INFO: JdwpDebugServer: handling req: Method(6).LineTable(1)
14:52:20.968 INFO: JdwpDebugServer: handling req: Method(6).LineTable(1)
14:52:20.968 INFO: JdwpDebugServer: handling req: Method(6).LineTable(1)
14:52:20.968 INFO: JdwpDebugServer: handling req: Method(6).LineTable(1)
14:52:20.968 INFO: JdwpDebugServer: handling req: Method(6).LineTable(1)
14:52:20.968 INFO: JdwpDebugServer: handling req: Method(6).LineTable(1)
14:52:20.968 INFO: JdwpDebugServer: handling req: Method(6).LineTable(1)
14:52:20.968 INFO: JdwpDebugServer: handling req: Method(6).LineTable(1)
14:52:20.968 INFO: JdwpDebugServer: handling req: Method(6).LineTable(1)
14:52:20.968 INFO: JdwpDebugServer: handling req: Method(6).LineTable(1)
14:52:20.968 INFO: JdwpDebugServer: handling req: Method(6).LineTable(1)
14:52:20.968 INFO: JdwpDebugServer: handling req: Method(6).LineTable(1)
14:52:20.968 INFO: JdwpDebugServer: handling req: Method(6).LineTable(1)
14:52:20.969 INFO: JdwpDebugServer: handling req: Method(6).LineTable(1)
14:52:20.969 INFO: JdwpDebugServer: handling req: Method(6).LineTable(1)
14:52:20.969 INFO: JdwpDebugServer: handling req: Method(6).LineTable(1)
14:52:20.969 INFO: JdwpDebugServer: handling req: Method(6).LineTable(1)
14:52:20.969 INFO: JdwpDebugServer: handling req: Method(6).LineTable(1)
14:52:20.969 INFO: JdwpDebugServer: handling req: Method(6).LineTable(1)
14:52:20.969 INFO: JdwpDebugServer: handling req: Method(6).LineTable(1)
14:52:20.969 INFO: JdwpDebugServer: handling req: Method(6).LineTable(1)
14:52:20.969 INFO: JdwpDebugServer: handling req: Method(6).LineTable(1)
14:52:20.970 INFO: JdwpDebugServer: handling req: Method(6).LineTable(1)
14:52:20.970 INFO: JdwpDebugServer: handling req: Method(6).LineTable(1)
14:52:20.970 INFO: JdwpDebugServer: handling req: Method(6).LineTable(1)
14:52:20.970 INFO: JdwpDebugServer: handling req: Method(6).LineTable(1)
14:52:20.970 INFO: JdwpDebugServer: handling req: Method(6).LineTable(1)
14:52:20.970 INFO: JdwpDebugServer: handling req: Method(6).LineTable(1)
14:52:20.970 INFO: JdwpDebugServer: handling req: Method(6).LineTable(1)
14:52:20.970 INFO: JdwpDebugServer: handling req: Method(6).LineTable(1)
14:52:20.970 INFO: JdwpDebugServer: handling req: Method(6).LineTable(1)
14:52:20.971 INFO: JdwpDebugServer: handling req: EventRequest(15).Set(1)
14:52:20.971 INFO: JdwpEventCenterDelegate: jdwpSetEventRequest: JdwpEventRequest{requestId=111, eventKind=BREAKPOINT, suspendPolicy=EVENT_THREAD, predicates=[Location{classId=16865, methodId=1257, index=417} ]}
14:52:20.973 INFO: JdwpDebugServer: handling req: VirtualMachine(1).capabilitiesNew(17)
14:52:20.978 INFO: JdwpDebugServer: handling req: EventRequest(15).Set(1)
14:52:20.978 INFO: JdwpEventCenterDelegate: jdwpSetEventRequest: JdwpEventRequest{requestId=112, eventKind=CLASS_PREPARE, suspendPolicy=EVENT_THREAD, predicates=[className=java.lang.Error]}
14:52:20.980 INFO: JdwpDebugServer: handling req: EventRequest(15).Set(1)
14:52:20.980 INFO: JdwpEventCenterDelegate: jdwpSetEventRequest: JdwpEventRequest{requestId=113, eventKind=CLASS_PREPARE, suspendPolicy=EVENT_THREAD, predicates=[className=java.lang.Error$*]}
14:52:20.981 INFO: JdwpDebugServer: handling req: VirtualMachine(1).ClassesBySignature(2)
14:52:20.982 INFO: JdwpDebugServer: handling req: EventRequest(15).Set(1)
14:52:20.983 INFO: JdwpEventCenterDelegate: jdwpSetEventRequest: JdwpEventRequest{requestId=114, eventKind=EXCEPTION, suspendPolicy=EVENT_THREAD, predicates=[exceptionType=3425(caught=true, uncaught=true)]}
14:52:21.051 INFO: JdwpDebugServer: handling req: EventRequest(15).Set(1)
14:52:21.051 INFO: JdwpEventCenterDelegate: jdwpSetEventRequest: JdwpEventRequest{requestId=115, eventKind=CLASS_PREPARE, suspendPolicy=EVENT_THREAD, predicates=[className=java.lang.Throwable]}
14:52:21.052 INFO: JdwpDebugServer: handling req: EventRequest(15).Set(1)
14:52:21.052 INFO: JdwpEventCenterDelegate: jdwpSetEventRequest: JdwpEventRequest{requestId=116, eventKind=CLASS_PREPARE, suspendPolicy=EVENT_THREAD, predicates=[className=java.lang.Throwable$*]}
14:52:21.054 INFO: JdwpDebugServer: handling req: VirtualMachine(1).ClassesBySignature(2)
14:52:21.054 INFO: JdwpDebugServer: handling req: EventRequest(15).Set(1)
14:52:21.054 INFO: JdwpEventCenterDelegate: jdwpSetEventRequest: JdwpEventRequest{requestId=117, eventKind=EXCEPTION, suspendPolicy=EVENT_THREAD, predicates=[exceptionType=7695(caught=false, uncaught=true)]}
14:52:21.056 INFO: JdwpDebugServer: handling req: ThreadReference(11).SuspendCount(12)
14:52:21.056 INFO: JdwpDebugServer: handling req: ThreadReference(11).SuspendCount(12)
14:52:21.056 INFO: JdwpDebugServer: handling req: ThreadReference(11).SuspendCount(12)
14:52:21.056 INFO: JdwpDebugServer: handling req: ThreadReference(11).SuspendCount(12)
14:52:21.056 INFO: JdwpDebugServer: handling req: VirtualMachine(1).AllThreads(4)
14:52:21.057 INFO: JdwpDebugServer: handling req: VirtualMachine(1).Resume(9)
14:52:21.089 INFO: JdwpDebugServer: handling req: EventRequest(15).Set(1)
14:52:21.090 INFO: JdwpEventCenterDelegate: jdwpSetEventRequest: JdwpEventRequest{requestId=118, eventKind=BREAKPOINT, suspendPolicy=EVENT_THREAD, predicates=[Location{classId=12885, methodId=1142, index=59} ]}
14:52:21.095 INFO: JdwpDebugServer: handling req: ThreadReference(11).Resume(3)
14:52:21.095 INFO: JdwpEventCenterDelegate: THREAD_RESUMED: thread (33, main, main)
14:52:21.120 INFO: JdwpEventCenterDelegate: THREAD_RESUMED: thread (33, main, main)
14:52:21.121 INFO: JdwpEventCenterDelegate: THREAD_RESUMED: thread (33, main, main)
14:52:21.122 INFO: JdwpEventCenterDelegate: THREAD_RESUMED: thread (33, main, main)
14:52:21.122 INFO: JdwpEventCenterDelegate: THREAD_RESUMED: thread (33, main, main)
14:52:21.122 INFO: JdwpEventCenterDelegate: THREAD_RESUMED: thread (33, main, main)
14:52:21.123 INFO: JdwpEventCenterDelegate: THREAD_RESUMED: thread (33, main, main)
14:52:21.123 INFO: JdwpEventCenterDelegate: THREAD_RESUMED: thread (33, main, main)
14:52:21.125 INFO: JdwpEventCenterDelegate: THREAD_RESUMED: thread (33, main, main)
14:52:21.125 INFO: JdwpEventCenterDelegate: THREAD_RESUMED: thread (33, main, main)
14:52:21.126 INFO: JdwpEventCenterDelegate: THREAD_RESUMED: thread (33, main, main)
14:52:21.126 INFO: JdwpEventCenterDelegate: THREAD_RESUMED: thread (33, main, main)
14:52:21.132 INFO: JdwpEventCenterDelegate: THREAD_RESUMED: thread (33, main, main)
14:52:21.132 INFO: JdwpEventCenterDelegate: THREAD_RESUMED: thread (33, main, main)
14:52:21.133 INFO: JdwpEventCenterDelegate: THREAD_RESUMED: thread (33, main, main)
14:52:21.189 INFO: JdwpEventCenterDelegate: THREAD_RESUMED: thread (33, main, main)
14:52:21.189 INFO: JdwpEventCenterDelegate: THREAD_RESUMED: thread (33, main, main)
14:52:21.190 INFO: JdwpEventCenterDelegate: THREAD_RESUMED: thread (33, main, main)
14:52:21.197 INFO: JdwpEventCenterDelegate: THREAD_RESUMED: thread (33, main, main)
14:52:21.198 INFO: JdwpEventCenterDelegate: THREAD_RESUMED: thread (33, main, main)
14:52:21.198 INFO: JdwpEventCenterDelegate: THREAD_RESUMED: thread (33, main, main)
14:52:21.439 INFO: JdwpDebugServer: handling req: EventRequest(15).Set(1)
14:52:21.439 INFO: JdwpEventCenterDelegate: jdwpSetEventRequest: JdwpEventRequest{requestId=119, eventKind=BREAKPOINT, suspendPolicy=EVENT_THREAD, predicates=[Location{classId=16865, methodId=1257, index=417} ]}
14:52:21.440 INFO: JdwpDebugServer: handling req: ThreadReference(11).Resume(3)
14:52:21.440 INFO: JdwpEventCenterDelegate: THREAD_RESUMED: thread (33, main, main)
14:52:21.445 INFO: JdwpDebugServer: handling req: ThreadReference(11).Frames(6)
14:52:21.445 INFO: JdwpDebugServer: handling req: ReferenceType(2).MethodsWithGeneric(15)
14:52:21.445 INFO: JdwpDebugServer: handling req: ReferenceType(2).MethodsWithGeneric(15)
14:52:21.520 INFO: JdwpDebugServer: handling req: ThreadReference(11).FramesCount(7)
14:52:21.520 INFO: JdwpDebugServer: handling req: ThreadReference(11).FramesCount(7)
14:52:22.429 INFO: JdwpDebugServer: handling req: ThreadReference(11).Name(1)
14:52:22.431 INFO: JdwpDebugServer: handling req: ReferenceType(2).SignatureWithGeneric(13)
14:52:22.435 INFO: JdwpDebugServer: handling req: StackFrame(16).ThisObject(3)
14:52:22.437 INFO: JdwpDebugServer: handling req: ObjectReference(9).ReferenceType(1)
14:52:22.438 INFO: JdwpDebugServer: handling req: ReferenceType(2).SourceFile(7)
14:52:22.439 INFO: JdwpDebugServer: handling req: ThreadReference(11).Name(1)
14:52:22.439 INFO: JdwpDebugServer: handling req: ThreadReference(11).Name(1)
14:52:22.439 INFO: JdwpDebugServer: handling req: ThreadReference(11).Name(1)
14:52:22.439 INFO: JdwpDebugServer: handling req: ThreadReference(11).Name(1)
14:52:22.439 INFO: JdwpDebugServer: handling req: ThreadReference(11).Name(1)
14:52:22.474 INFO: JdwpDebugServer: handling req: Method(6).VariableTableWithGenerics(5)
14:52:22.503 INFO: JdwpDebugServer: handling req: ReferenceType(2).FieldsWithGeneric(14)
14:52:22.503 INFO: JdwpDebugServer: handling req: ReferenceType(2).Interfaces(10)
14:52:22.504 INFO: JdwpDebugServer: handling req: ClassType(3).Superclass(1)
14:52:22.504 INFO: JdwpDebugServer: handling req: ReferenceType(2).FieldsWithGeneric(14)
14:52:22.505 INFO: JdwpDebugServer: handling req: ReferenceType(2).Interfaces(10)
14:52:22.505 INFO: JdwpDebugServer: handling req: ReferenceType(2).Modifiers(3)
14:52:22.505 INFO: JdwpDebugServer: handling req: ClassType(3).Superclass(1)
14:52:22.506 INFO: JdwpDebugServer: handling req: ReferenceType(2).FieldsWithGeneric(14)
14:52:22.512 INFO: JdwpDebugServer: handling req: ClassType(3).Superclass(1)
14:52:22.512 INFO: JdwpDebugServer: handling req: ReferenceType(2).Interfaces(10)
14:52:22.512 INFO: JdwpDebugServer: handling req: ClassType(3).Superclass(1)
14:52:22.512 INFO: JdwpDebugServer: handling req: ClassType(3).Superclass(1)
14:52:22.512 INFO: JdwpDebugServer: handling req: ReferenceType(2).FieldsWithGeneric(14)
14:52:22.513 INFO: JdwpDebugServer: handling req: ClassType(3).Superclass(1)
14:52:22.513 INFO: JdwpDebugServer: handling req: ReferenceType(2).Interfaces(10)
14:52:22.513 INFO: JdwpDebugServer: handling req: ClassType(3).Superclass(1)
14:52:22.513 INFO: JdwpDebugServer: handling req: ReferenceType(2).FieldsWithGeneric(14)
14:52:22.513 INFO: JdwpDebugServer: handling req: ReferenceType(2).Interfaces(10)
14:52:22.513 INFO: JdwpDebugServer: handling req: ReferenceType(2).FieldsWithGeneric(14)
14:52:22.514 INFO: JdwpDebugServer: handling req: ReferenceType(2).Interfaces(10)
14:52:22.514 INFO: JdwpDebugServer: handling req: ReferenceType(2).Interfaces(10)
14:52:22.514 INFO: JdwpDebugServer: handling req: ReferenceType(2).FieldsWithGeneric(14)
14:52:22.516 INFO: JdwpDebugServer: handling req: ReferenceType(2).Interfaces(10)
14:52:22.516 INFO: JdwpDebugServer: handling req: ReferenceType(2).Interfaces(10)
14:52:22.516 INFO: JdwpDebugServer: handling req: ReferenceType(2).FieldsWithGeneric(14)
14:52:22.516 INFO: JdwpDebugServer: handling req: ReferenceType(2).Interfaces(10)
14:52:22.516 INFO: JdwpDebugServer: handling req: ReferenceType(2).FieldsWithGeneric(14)
14:52:22.516 INFO: JdwpDebugServer: handling req: ClassType(3).Superclass(1)
14:52:22.516 INFO: JdwpDebugServer: handling req: ClassType(3).Superclass(1)
14:52:22.519 INFO: JdwpDebugServer: handling req: StackFrame(16).GetValues(1)
14:52:22.520 INFO: JdwpDebugServer: handling req: ObjectReference(9).ReferenceType(1)
14:52:22.520 INFO: JdwpDebugServer: handling req: StackFrame(16).GetValues(1)
14:52:22.520 INFO: JdwpDebugServer: handling req: ReferenceType(2).FieldsWithGeneric(14)
14:52:22.520 INFO: JdwpDebugServer: handling req: StackFrame(16).GetValues(1)
14:52:22.520 INFO: JdwpDebugServer: handling req: ReferenceType(2).Interfaces(10)
14:52:22.520 INFO: JdwpDebugServer: handling req: ClassType(3).Superclass(1)
14:52:22.520 INFO: JdwpDebugServer: handling req: ClassType(3).Superclass(1)
14:52:22.521 INFO: JdwpDebugServer: handling req: ClassType(3).Superclass(1)
14:52:22.521 INFO: JdwpDebugServer: handling req: StackFrame(16).GetValues(1)
14:52:22.521 INFO: JdwpDebugServer: handling req: StackFrame(16).GetValues(1)
14:52:22.521 INFO: JdwpDebugServer: handling req: StackFrame(16).GetValues(1)
14:52:22.522 INFO: JdwpDebugServer: handling req: ObjectReference(9).ReferenceType(1)
14:52:22.522 INFO: JdwpDebugServer: handling req: StackFrame(16).GetValues(1)
14:52:22.522 INFO: JdwpDebugServer: handling req: ReferenceType(2).FieldsWithGeneric(14)
14:52:22.523 INFO: JdwpDebugServer: handling req: StackFrame(16).GetValues(1)
14:52:22.523 INFO: JdwpDebugServer: handling req: ReferenceType(2).Interfaces(10)
14:52:22.523 INFO: JdwpDebugServer: handling req: StackFrame(16).GetValues(1)
14:52:22.523 INFO: JdwpDebugServer: handling req: ReferenceType(2).FieldsWithGeneric(14)
14:52:22.523 INFO: JdwpDebugServer: handling req: StackFrame(16).GetValues(1)
14:52:22.523 INFO: JdwpDebugServer: handling req: ReferenceType(2).Interfaces(10)
14:52:22.523 INFO: JdwpDebugServer: handling req: StackFrame(16).GetValues(1)
14:52:22.524 INFO: JdwpDebugServer: handling req: ReferenceType(2).FieldsWithGeneric(14)
14:52:22.524 INFO: JdwpDebugServer: handling req: ReferenceType(2).Interfaces(10)
14:52:22.524 INFO: JdwpDebugServer: handling req: ClassType(3).Superclass(1)
14:52:22.524 INFO: JdwpDebugServer: handling req: ReferenceType(2).FieldsWithGeneric(14)
14:52:22.524 INFO: JdwpDebugServer: handling req: ClassType(3).Superclass(1)
14:52:22.524 INFO: JdwpDebugServer: handling req: ReferenceType(2).Interfaces(10)
14:52:22.524 INFO: JdwpDebugServer: handling req: ReferenceType(2).Interfaces(10)
14:52:22.525 INFO: JdwpDebugServer: handling req: StackFrame(16).GetValues(1)
14:52:22.525 INFO: JdwpDebugServer: handling req: StackFrame(16).GetValues(1)
14:52:22.525 INFO: JdwpDebugServer: handling req: StackFrame(16).GetValues(1)
14:52:22.526 INFO: JdwpDebugServer: handling req: ReferenceType(2).SignatureWithGeneric(13)
14:52:22.526 INFO: JdwpDebugServer: handling req: StackFrame(16).GetValues(1)
14:52:22.526 INFO: JdwpDebugServer: handling req: StackFrame(16).GetValues(1)
14:52:22.540 INFO: JdwpDebugServer: handling req: StackFrame(16).GetValues(1)
14:52:22.541 INFO: JdwpDebugServer: handling req: ClassType(3).Superclass(1)
14:52:22.550 INFO: JdwpDebugServer: handling req: ThreadReference(11).FramesCount(7)
14:52:22.566 INFO: JdwpDebugServer: handling req: StackFrame(16).GetValues(1)
14:52:22.566 INFO: JdwpDebugServer: handling req: StackFrame(16).GetValues(1)
14:52:22.567 INFO: JdwpDebugServer: handling req: ThreadReference(11).Name(1)
14:52:22.567 INFO: JdwpDebugServer: handling req: StackFrame(16).GetValues(1)
14:52:22.567 INFO: JdwpDebugServer: handling req: ClassType(3).Superclass(1)
14:52:22.567 INFO: JdwpDebugServer: handling req: StackFrame(16).GetValues(1)
14:52:22.567 INFO: JdwpDebugServer: handling req: ClassType(3).Superclass(1)
14:52:22.567 INFO: JdwpDebugServer: handling req: StackFrame(16).GetValues(1)
14:52:22.568 INFO: JdwpDebugServer: handling req: StackFrame(16).GetValues(1)
14:52:22.568 INFO: JdwpDebugServer: handling req: ThreadReference(11).Name(1)
14:52:22.568 INFO: JdwpDebugServer: handling req: StackFrame(16).GetValues(1)
14:52:22.568 INFO: JdwpDebugServer: handling req: ThreadReference(11).Name(1)
14:52:22.568 INFO: JdwpDebugServer: handling req: ClassType(3).Superclass(1)
14:52:22.568 INFO: JdwpDebugServer: handling req: StackFrame(16).GetValues(1)
14:52:22.568 INFO: JdwpDebugServer: handling req: ThreadReference(11).Name(1)
14:52:22.569 INFO: JdwpDebugServer: handling req: StackFrame(16).GetValues(1)
14:52:22.570 INFO: JdwpDebugServer: handling req: StackFrame(16).GetValues(1)
14:52:22.587 INFO: JdwpDebugServer: handling req: ObjectReference(9).GetValues(2)
14:52:22.594 INFO: JdwpDebugServer: handling req: ObjectReference(9).GetValues(2)
14:52:22.595 INFO: JdwpDebugServer: handling req: ObjectReference(9).GetValues(2)
14:52:22.595 INFO: JdwpDebugServer: handling req: ObjectReference(9).GetValues(2)
14:52:22.595 INFO: JdwpDebugServer: handling req: ObjectReference(9).GetValues(2)
14:52:22.595 INFO: JdwpDebugServer: handling req: ObjectReference(9).GetValues(2)
14:52:22.595 INFO: JdwpDebugServer: handling req: ObjectReference(9).GetValues(2)
14:52:22.596 INFO: JdwpDebugServer: handling req: ObjectReference(9).ReferenceType(1)
14:52:22.596 INFO: JdwpDebugServer: handling req: ObjectReference(9).GetValues(2)
14:52:22.596 INFO: JdwpDebugServer: handling req: ReferenceType(2).FieldsWithGeneric(14)
14:52:22.596 INFO: JdwpDebugServer: handling req: ObjectReference(9).GetValues(2)
14:52:22.596 INFO: JdwpDebugServer: handling req: ReferenceType(2).Interfaces(10)
14:52:22.596 INFO: JdwpDebugServer: handling req: ReferenceType(2).FieldsWithGeneric(14)
14:52:22.596 INFO: JdwpDebugServer: handling req: ReferenceType(2).Interfaces(10)
14:52:22.596 INFO: JdwpDebugServer: handling req: ClassType(3).Superclass(1)
14:52:22.597 INFO: JdwpDebugServer: handling req: ReferenceType(2).FieldsWithGeneric(14)
14:52:22.597 INFO: JdwpDebugServer: handling req: ObjectReference(9).GetValues(2)
14:52:22.597 INFO: JdwpDebugServer: handling req: ReferenceType(2).Interfaces(10)
14:52:22.597 INFO: JdwpDebugServer: handling req: ObjectReference(9).GetValues(2)
14:52:22.597 INFO: JdwpDebugServer: handling req: ReferenceType(2).FieldsWithGeneric(14)
14:52:22.598 INFO: JdwpDebugServer: handling req: ReferenceType(2).Interfaces(10)
14:52:22.598 INFO: JdwpDebugServer: handling req: ThreadReference(11).FramesCount(7)
14:52:22.598 INFO: JdwpDebugServer: handling req: ReferenceType(2).FieldsWithGeneric(14)
14:52:22.598 INFO: JdwpDebugServer: handling req: ReferenceType(2).Interfaces(10)
14:52:22.598 INFO: JdwpDebugServer: handling req: ClassType(3).Superclass(1)
14:52:22.598 INFO: JdwpDebugServer: handling req: ObjectReference(9).GetValues(2)
14:52:22.598 INFO: JdwpDebugServer: handling req: ObjectReference(9).ReferenceType(1)
14:52:22.598 INFO: JdwpDebugServer: handling req: ReferenceType(2).FieldsWithGeneric(14)
14:52:22.599 INFO: JdwpDebugServer: handling req: ReferenceType(2).Interfaces(10)
14:52:22.599 INFO: JdwpDebugServer: handling req: ClassType(3).Superclass(1)
14:52:22.599 INFO: JdwpDebugServer: handling req: ObjectReference(9).GetValues(2)
14:52:22.599 INFO: JdwpDebugServer: handling req: ObjectReference(9).GetValues(2)
14:52:22.599 INFO: JdwpDebugServer: handling req: ObjectReference(9).ReferenceType(1)
14:52:22.599 INFO: JdwpDebugServer: handling req: ObjectReference(9).GetValues(2)
14:52:22.599 INFO: JdwpDebugServer: handling req: ReferenceType(2).FieldsWithGeneric(14)
14:52:22.599 INFO: JdwpDebugServer: handling req: ObjectReference(9).GetValues(2)
14:52:22.599 INFO: JdwpDebugServer: handling req: ReferenceType(2).Interfaces(10)
14:52:22.600 INFO: JdwpDebugServer: handling req: ClassType(3).Superclass(1)
14:52:22.600 INFO: JdwpDebugServer: handling req: ObjectReference(9).GetValues(2)
14:52:22.600 INFO: JdwpDebugServer: handling req: ObjectReference(9).GetValues(2)
14:52:22.600 INFO: JdwpDebugServer: handling req: ObjectReference(9).GetValues(2)
14:52:22.600 INFO: JdwpDebugServer: handling req: ObjectReference(9).GetValues(2)
14:52:22.600 INFO: JdwpDebugServer: handling req: ObjectReference(9).GetValues(2)
14:52:22.600 INFO: JdwpDebugServer: handling req: ObjectReference(9).GetValues(2)
14:52:22.600 INFO: JdwpDebugServer: handling req: ObjectReference(9).GetValues(2)
14:52:22.600 INFO: JdwpDebugServer: handling req: ObjectReference(9).ReferenceType(1)
14:52:22.601 INFO: JdwpDebugServer: handling req: ReferenceType(2).FieldsWithGeneric(14)
14:52:22.601 INFO: JdwpDebugServer: handling req: ReferenceType(2).Interfaces(10)
14:52:22.601 INFO: JdwpDebugServer: handling req: ReferenceType(2).FieldsWithGeneric(14)
14:52:22.601 INFO: JdwpDebugServer: handling req: ReferenceType(2).Interfaces(10)
14:52:22.601 INFO: JdwpDebugServer: handling req: ObjectReference(9).GetValues(2)
14:52:22.601 INFO: JdwpDebugServer: handling req: ClassType(3).Superclass(1)
14:52:22.601 INFO: JdwpDebugServer: handling req: ObjectReference(9).GetValues(2)
14:52:22.601 INFO: JdwpDebugServer: handling req: ObjectReference(9).GetValues(2)
14:52:22.602 INFO: JdwpDebugServer: handling req: ClassType(3).Superclass(1)
14:52:22.602 INFO: JdwpDebugServer: handling req: ObjectReference(9).GetValues(2)
14:52:22.602 INFO: JdwpDebugServer: handling req: ObjectReference(9).GetValues(2)
14:52:22.602 INFO: JdwpDebugServer: handling req: ObjectReference(9).GetValues(2)
14:52:22.602 INFO: JdwpDebugServer: handling req: ObjectReference(9).GetValues(2)
14:52:22.602 INFO: JdwpDebugServer: handling req: ObjectReference(9).ReferenceType(1)
14:52:22.602 INFO: JdwpDebugServer: handling req: ObjectReference(9).GetValues(2)
14:52:22.602 INFO: JdwpDebugServer: handling req: ReferenceType(2).FieldsWithGeneric(14)
14:52:22.603 INFO: JdwpDebugServer: handling req: ObjectReference(9).GetValues(2)
14:52:22.603 INFO: JdwpDebugServer: handling req: ReferenceType(2).Interfaces(10)
14:52:22.603 INFO: JdwpDebugServer: handling req: ObjectReference(9).GetValues(2)
14:52:22.603 INFO: JdwpDebugServer: handling req: ClassType(3).Superclass(1)
14:52:22.603 INFO: JdwpDebugServer: handling req: ObjectReference(9).GetValues(2)
14:52:22.603 INFO: JdwpDebugServer: handling req: ObjectReference(9).GetValues(2)
14:52:22.603 INFO: JdwpDebugServer: handling req: ObjectReference(9).GetValues(2)
14:52:22.603 INFO: JdwpDebugServer: handling req: ClassType(3).Superclass(1)
14:52:22.603 INFO: JdwpDebugServer: handling req: ObjectReference(9).GetValues(2)
14:52:22.603 INFO: JdwpDebugServer: handling req: ObjectReference(9).GetValues(2)
14:52:22.603 INFO: JdwpDebugServer: handling req: ObjectReference(9).GetValues(2)
14:52:22.604 INFO: JdwpDebugServer: handling req: ObjectReference(9).GetValues(2)
14:52:22.604 INFO: JdwpDebugServer: handling req: ObjectReference(9).GetValues(2)
14:52:22.604 INFO: JdwpDebugServer: handling req: ObjectReference(9).GetValues(2)
14:52:22.604 INFO: JdwpDebugServer: handling req: ObjectReference(9).GetValues(2)
14:52:22.604 INFO: JdwpDebugServer: handling req: ObjectReference(9).GetValues(2)
14:52:22.604 INFO: JdwpDebugServer: handling req: ObjectReference(9).GetValues(2)
14:52:22.604 INFO: JdwpDebugServer: handling req: ObjectReference(9).GetValues(2)
14:52:22.604 INFO: JdwpDebugServer: handling req: ObjectReference(9).ReferenceType(1)
14:52:22.604 INFO: JdwpDebugServer: handling req: ObjectReference(9).GetValues(2)
14:52:22.604 INFO: JdwpDebugServer: handling req: ReferenceType(2).FieldsWithGeneric(14)
14:52:22.604 INFO: JdwpDebugServer: handling req: ObjectReference(9).GetValues(2)
14:52:22.605 INFO: JdwpDebugServer: handling req: ReferenceType(2).Interfaces(10)
14:52:22.605 INFO: JdwpDebugServer: handling req: ClassType(3).Superclass(1)
14:52:22.605 INFO: JdwpDebugServer: handling req: ClassType(3).Superclass(1)
14:52:22.605 INFO: JdwpDebugServer: handling req: ObjectReference(9).GetValues(2)
14:52:22.605 INFO: JdwpDebugServer: handling req: ReferenceType(2).FieldsWithGeneric(14)
14:52:22.605 INFO: JdwpDebugServer: handling req: ObjectReference(9).GetValues(2)
14:52:22.605 INFO: JdwpDebugServer: handling req: ReferenceType(2).Interfaces(10)
14:52:22.605 INFO: JdwpDebugServer: handling req: ObjectReference(9).GetValues(2)
14:52:22.606 INFO: JdwpDebugServer: handling req: ClassType(3).Superclass(1)
14:52:22.606 INFO: JdwpDebugServer: handling req: ObjectReference(9).GetValues(2)
14:52:22.606 INFO: JdwpDebugServer: handling req: ObjectReference(9).GetValues(2)
14:52:22.606 INFO: JdwpDebugServer: handling req: ObjectReference(9).GetValues(2)
14:52:22.606 INFO: JdwpDebugServer: handling req: ObjectReference(9).GetValues(2)
14:52:22.606 INFO: JdwpDebugServer: handling req: ObjectReference(9).ReferenceType(1)
14:52:22.607 INFO: JdwpDebugServer: handling req: ObjectReference(9).GetValues(2)
14:52:22.607 INFO: JdwpDebugServer: handling req: ReferenceType(2).FieldsWithGeneric(14)
14:52:22.607 INFO: JdwpDebugServer: handling req: ObjectReference(9).GetValues(2)
14:52:22.607 INFO: JdwpDebugServer: handling req: ReferenceType(2).Interfaces(10)
14:52:22.607 INFO: JdwpDebugServer: handling req: ClassType(3).Superclass(1)
14:52:22.607 INFO: JdwpDebugServer: handling req: ObjectReference(9).GetValues(2)
14:52:22.608 INFO: JdwpDebugServer: handling req: ObjectReference(9).GetValues(2)
14:52:22.608 INFO: JdwpDebugServer: handling req: ObjectReference(9).GetValues(2)
14:52:22.608 INFO: JdwpDebugServer: handling req: ObjectReference(9).GetValues(2)
14:52:22.608 INFO: JdwpDebugServer: handling req: ObjectReference(9).GetValues(2)
14:52:22.608 INFO: JdwpDebugServer: handling req: ObjectReference(9).GetValues(2)
14:52:22.609 INFO: JdwpDebugServer: handling req: ObjectReference(9).GetValues(2)
14:52:22.609 INFO: JdwpDebugServer: handling req: ObjectReference(9).GetValues(2)
14:52:22.609 INFO: JdwpDebugServer: handling req: ObjectReference(9).GetValues(2)
14:52:22.609 INFO: JdwpDebugServer: handling req: ObjectReference(9).GetValues(2)
14:52:22.609 INFO: JdwpDebugServer: handling req: ObjectReference(9).GetValues(2)
14:52:22.610 INFO: JdwpDebugServer: handling req: ObjectReference(9).GetValues(2)
14:52:22.610 INFO: JdwpDebugServer: handling req: ObjectReference(9).GetValues(2)
14:52:22.610 INFO: JdwpDebugServer: handling req: ObjectReference(9).GetValues(2)
14:52:22.610 INFO: JdwpDebugServer: handling req: ObjectReference(9).GetValues(2)
14:52:22.610 INFO: JdwpDebugServer: handling req: ObjectReference(9).GetValues(2)
14:52:22.610 INFO: JdwpDebugServer: handling req: ObjectReference(9).GetValues(2)
14:52:22.611 INFO: JdwpDebugServer: handling req: ObjectReference(9).GetValues(2)
14:52:22.611 INFO: JdwpDebugServer: handling req: ClassType(3).Superclass(1)
14:52:22.612 INFO: JdwpDebugServer: handling req: ObjectReference(9).GetValues(2)
14:52:22.612 INFO: JdwpDebugServer: handling req: ObjectReference(9).GetValues(2)
14:52:22.612 INFO: JdwpDebugServer: handling req: ObjectReference(9).GetValues(2)
14:52:22.612 INFO: JdwpDebugServer: handling req: ObjectReference(9).GetValues(2)
14:52:22.612 INFO: JdwpDebugServer: handling req: ObjectReference(9).GetValues(2)
14:52:22.612 INFO: JdwpDebugServer: handling req: ObjectReference(9).GetValues(2)
14:52:22.613 INFO: JdwpDebugServer: handling req: ObjectReference(9).GetValues(2)
14:52:22.613 INFO: JdwpDebugServer: handling req: ObjectReference(9).GetValues(2)
14:52:22.613 INFO: JdwpDebugServer: handling req: ObjectReference(9).GetValues(2)
14:52:22.613 INFO: JdwpDebugServer: handling req: ObjectReference(9).GetValues(2)
14:52:22.613 INFO: JdwpDebugServer: handling req: ObjectReference(9).GetValues(2)
14:52:22.614 INFO: JdwpDebugServer: handling req: ObjectReference(9).GetValues(2)
14:52:22.614 INFO: JdwpDebugServer: handling req: ObjectReference(9).GetValues(2)
14:52:22.614 INFO: JdwpDebugServer: handling req: ObjectReference(9).GetValues(2)
14:52:22.614 INFO: JdwpDebugServer: handling req: ObjectReference(9).GetValues(2)
14:52:22.615 INFO: JdwpDebugServer: handling req: ObjectReference(9).GetValues(2)
14:52:22.615 INFO: JdwpDebugServer: handling req: ObjectReference(9).GetValues(2)
14:52:22.615 INFO: JdwpDebugServer: handling req: ObjectReference(9).GetValues(2)
14:52:22.615 INFO: JdwpDebugServer: handling req: ObjectReference(9).GetValues(2)
14:52:22.615 INFO: JdwpDebugServer: handling req: ObjectReference(9).GetValues(2)
14:52:22.615 INFO: JdwpDebugServer: handling req: ObjectReference(9).GetValues(2)
14:52:22.616 INFO: JdwpDebugServer: handling req: ClassType(3).Superclass(1)
14:52:22.616 INFO: JdwpDebugServer: handling req: ObjectReference(9).GetValues(2)
14:52:22.616 INFO: JdwpDebugServer: handling req: ObjectReference(9).GetValues(2)
14:52:22.616 INFO: JdwpDebugServer: handling req: ObjectReference(9).GetValues(2)
14:52:22.616 INFO: JdwpDebugServer: handling req: ObjectReference(9).GetValues(2)
14:52:22.616 INFO: JdwpDebugServer: handling req: ObjectReference(9).GetValues(2)
14:52:22.616 INFO: JdwpDebugServer: handling req: ObjectReference(9).GetValues(2)
14:52:22.617 INFO: JdwpDebugServer: handling req: ObjectReference(9).GetValues(2)
14:52:22.617 INFO: JdwpDebugServer: handling req: ObjectReference(9).GetValues(2)
14:52:22.617 INFO: JdwpDebugServer: handling req: ObjectReference(9).GetValues(2)
14:52:22.617 INFO: JdwpDebugServer: handling req: ObjectReference(9).GetValues(2)
14:52:22.617 INFO: JdwpDebugServer: handling req: ObjectReference(9).GetValues(2)
14:52:22.618 INFO: JdwpDebugServer: handling req: ObjectReference(9).GetValues(2)
14:52:22.618 INFO: JdwpDebugServer: handling req: ObjectReference(9).GetValues(2)
14:52:22.618 INFO: JdwpDebugServer: handling req: ObjectReference(9).GetValues(2)
14:52:22.618 INFO: JdwpDebugServer: handling req: ObjectReference(9).GetValues(2)
14:52:22.619 INFO: JdwpDebugServer: handling req: ObjectReference(9).GetValues(2)
14:52:22.619 INFO: JdwpDebugServer: handling req: ObjectReference(9).GetValues(2)
14:52:22.619 INFO: JdwpDebugServer: handling req: ObjectReference(9).GetValues(2)
14:52:22.619 INFO: JdwpDebugServer: handling req: ObjectReference(9).GetValues(2)
14:52:22.619 INFO: JdwpDebugServer: handling req: ObjectReference(9).GetValues(2)
14:52:22.620 INFO: JdwpDebugServer: handling req: ObjectReference(9).GetValues(2)
14:52:22.620 INFO: JdwpDebugServer: handling req: ObjectReference(9).GetValues(2)
14:52:22.620 INFO: JdwpDebugServer: handling req: ObjectReference(9).GetValues(2)
14:52:22.620 INFO: JdwpDebugServer: handling req: ObjectReference(9).GetValues(2)
14:52:22.621 INFO: JdwpDebugServer: handling req: ObjectReference(9).GetValues(2)
14:52:22.621 INFO: JdwpDebugServer: handling req: ObjectReference(9).GetValues(2)
14:52:22.621 INFO: JdwpDebugServer: handling req: ObjectReference(9).GetValues(2)
14:52:22.621 INFO: JdwpDebugServer: handling req: ObjectReference(9).GetValues(2)
14:52:22.621 INFO: JdwpDebugServer: handling req: ObjectReference(9).GetValues(2)
14:52:22.622 INFO: JdwpDebugServer: handling req: ObjectReference(9).GetValues(2)
14:52:22.622 INFO: JdwpDebugServer: handling req: ObjectReference(9).GetValues(2)
14:52:22.622 INFO: JdwpDebugServer: handling req: ObjectReference(9).GetValues(2)
14:52:22.622 INFO: JdwpDebugServer: handling req: ObjectReference(9).GetValues(2)
14:52:22.622 INFO: JdwpDebugServer: handling req: ObjectReference(9).GetValues(2)
14:52:22.622 INFO: JdwpDebugServer: handling req: ObjectReference(9).GetValues(2)
14:52:22.623 INFO: JdwpDebugServer: handling req: ObjectReference(9).GetValues(2)
14:52:22.623 INFO: JdwpDebugServer: handling req: ObjectReference(9).GetValues(2)
14:52:22.623 INFO: JdwpDebugServer: handling req: ObjectReference(9).GetValues(2)
14:52:22.623 INFO: JdwpDebugServer: handling req: ObjectReference(9).GetValues(2)
14:52:22.623 INFO: JdwpDebugServer: handling req: ObjectReference(9).GetValues(2)
14:52:22.623 INFO: JdwpDebugServer: handling req: ObjectReference(9).GetValues(2)
14:52:22.623 INFO: JdwpDebugServer: handling req: ObjectReference(9).GetValues(2)
14:52:22.623 INFO: JdwpDebugServer: handling req: ClassType(3).Superclass(1)
14:52:22.624 INFO: JdwpDebugServer: handling req: ObjectReference(9).GetValues(2)
14:52:22.624 INFO: JdwpDebugServer: handling req: ObjectReference(9).GetValues(2)
14:52:22.624 INFO: JdwpDebugServer: handling req: ObjectReference(9).GetValues(2)
14:52:22.624 INFO: JdwpDebugServer: handling req: ObjectReference(9).GetValues(2)
14:52:22.624 INFO: JdwpDebugServer: handling req: ObjectReference(9).GetValues(2)
14:52:22.624 INFO: JdwpDebugServer: handling req: ObjectReference(9).GetValues(2)
14:52:22.624 INFO: JdwpDebugServer: handling req: ObjectReference(9).GetValues(2)
14:52:22.624 INFO: JdwpDebugServer: handling req: ObjectReference(9).GetValues(2)
14:52:22.625 INFO: JdwpDebugServer: handling req: ObjectReference(9).GetValues(2)
14:52:22.625 INFO: JdwpDebugServer: handling req: ObjectReference(9).GetValues(2)
14:52:22.625 INFO: JdwpDebugServer: handling req: ObjectReference(9).GetValues(2)
14:52:22.625 INFO: JdwpDebugServer: handling req: ObjectReference(9).GetValues(2)
14:52:22.625 INFO: JdwpDebugServer: handling req: ObjectReference(9).GetValues(2)
14:52:22.625 INFO: JdwpDebugServer: handling req: ObjectReference(9).GetValues(2)
14:52:22.625 INFO: JdwpDebugServer: handling req: ClassType(3).Superclass(1)
14:52:22.625 INFO: JdwpDebugServer: handling req: ObjectReference(9).GetValues(2)
14:52:22.625 INFO: JdwpDebugServer: handling req: ObjectReference(9).GetValues(2)
14:52:22.626 INFO: JdwpDebugServer: handling req: ObjectReference(9).GetValues(2)
14:52:22.626 INFO: JdwpDebugServer: handling req: ObjectReference(9).GetValues(2)
14:52:22.626 INFO: JdwpDebugServer: handling req: ObjectReference(9).GetValues(2)
14:52:22.626 INFO: JdwpDebugServer: handling req: ObjectReference(9).GetValues(2)
14:52:22.626 INFO: JdwpDebugServer: handling req: ObjectReference(9).GetValues(2)
14:52:22.626 INFO: JdwpDebugServer: handling req: ObjectReference(9).GetValues(2)
14:52:22.626 INFO: JdwpDebugServer: handling req: ObjectReference(9).GetValues(2)
14:52:22.626 INFO: JdwpDebugServer: handling req: ObjectReference(9).GetValues(2)
14:52:22.626 INFO: JdwpDebugServer: handling req: ObjectReference(9).GetValues(2)
14:52:22.626 INFO: JdwpDebugServer: handling req: ObjectReference(9).GetValues(2)
14:52:22.627 INFO: JdwpDebugServer: handling req: ObjectReference(9).GetValues(2)
14:52:22.627 INFO: JdwpDebugServer: handling req: ObjectReference(9).GetValues(2)
14:52:22.627 INFO: JdwpDebugServer: handling req: ObjectReference(9).GetValues(2)
14:52:22.627 INFO: JdwpDebugServer: handling req: ObjectReference(9).GetValues(2)
14:52:22.627 INFO: JdwpDebugServer: handling req: ObjectReference(9).GetValues(2)
14:52:22.627 INFO: JdwpDebugServer: handling req: ObjectReference(9).GetValues(2)
14:52:22.627 INFO: JdwpDebugServer: handling req: ObjectReference(9).GetValues(2)
14:52:22.627 INFO: JdwpDebugServer: handling req: ObjectReference(9).GetValues(2)
14:52:22.627 INFO: JdwpDebugServer: handling req: ObjectReference(9).GetValues(2)
14:52:22.627 INFO: JdwpDebugServer: handling req: ObjectReference(9).GetValues(2)
14:52:22.627 INFO: JdwpDebugServer: handling req: ObjectReference(9).GetValues(2)
14:52:22.628 INFO: JdwpDebugServer: handling req: ObjectReference(9).GetValues(2)
14:52:22.628 INFO: JdwpDebugServer: handling req: ObjectReference(9).GetValues(2)
14:52:22.628 INFO: JdwpDebugServer: handling req: ObjectReference(9).GetValues(2)
14:52:22.628 INFO: JdwpDebugServer: handling req: ObjectReference(9).GetValues(2)
14:52:22.628 INFO: JdwpDebugServer: handling req: ObjectReference(9).GetValues(2)
14:52:22.628 INFO: JdwpDebugServer: handling req: ObjectReference(9).GetValues(2)
14:52:22.628 INFO: JdwpDebugServer: handling req: ObjectReference(9).GetValues(2)
14:52:22.628 INFO: JdwpDebugServer: handling req: ObjectReference(9).GetValues(2)
14:52:22.628 INFO: JdwpDebugServer: handling req: ObjectReference(9).GetValues(2)
14:52:22.628 INFO: JdwpDebugServer: handling req: ObjectReference(9).GetValues(2)
14:52:22.899 INFO: JdwpDebugServer: handling req: StackFrame(16).GetValues(1)
14:52:22.900 INFO: JdwpDebugServer: handling req: ClassType(3).Superclass(1)
14:52:22.904 INFO: JdwpDebugServer: handling req: ObjectReference(9).GetValues(2)
14:52:22.904 INFO: JdwpDebugServer: handling req: ObjectReference(9).GetValues(2)
14:52:22.905 INFO: JdwpDebugServer: handling req: ObjectReference(9).GetValues(2)
14:52:22.905 INFO: JdwpDebugServer: handling req: ClassType(3).Superclass(1)
14:52:22.905 INFO: JdwpDebugServer: handling req: ObjectReference(9).GetValues(2)
14:52:22.906 INFO: JdwpDebugServer: handling req: ObjectReference(9).GetValues(2)
14:52:22.906 INFO: JdwpDebugServer: handling req: ObjectReference(9).GetValues(2)
14:52:22.906 INFO: JdwpDebugServer: handling req: ObjectReference(9).GetValues(2)
14:52:22.907 INFO: JdwpDebugServer: handling req: ObjectReference(9).GetValues(2)
14:52:22.908 INFO: JdwpDebugServer: handling req: StackFrame(16).ThisObject(3)
14:52:22.908 INFO: JdwpDebugServer: handling req: ObjectReference(9).ReferenceType(1)
14:52:22.909 INFO: JdwpDebugServer: handling req: Method(6).LineTable(1)
14:52:22.909 INFO: JdwpDebugServer: handling req: Method(6).LineTable(1)
14:52:22.916 INFO: JdwpDebugServer: handling req: ObjectReference(9).GetValues(2)
14:52:25.635 INFO: JdwpDebugServer: handling req: ThreadReference(11).Resume(3)
14:52:25.636 INFO: JdwpEventCenterDelegate: THREAD_RESUMED: thread (33, main, main)
14:52:25.687 INFO: JdwpEventCenterDelegate: THREAD_RESUMED: thread (33, main, main)
14:52:25.688 INFO: JdwpDebugServer: handling req: ThreadReference(11).Name(1)
14:52:25.688 INFO: JdwpEventCenterDelegate: THREAD_RESUMED: thread (33, main, main)
14:52:25.689 INFO: JdwpDebugServer: handling req: ThreadReference(11).Name(1)
14:52:25.689 INFO: JdwpDebugServer: handling req: ThreadReference(11).Name(1)
14:52:25.690 INFO: JdwpEventCenterDelegate: THREAD_RESUMED: thread (33, main, main)
14:52:25.756 INFO: JdwpDebugServer: handling req: ThreadReference(11).Name(1)
14:52:25.781 INFO: JdwpEventCenterDelegate: THREAD_RESUMED: thread (33, main, main)
14:52:25.782 INFO: JdwpEventCenterDelegate: THREAD_RESUMED: thread (33, main, main)
14:52:25.783 INFO: JdwpEventCenterDelegate: THREAD_RESUMED: thread (33, main, main)
14:52:25.811 INFO: JdwpEventCenterDelegate: THREAD_RESUMED: thread (33, main, main)
14:52:25.812 INFO: JdwpEventCenterDelegate: THREAD_RESUMED: thread (33, main, main)
14:52:25.813 INFO: JdwpEventCenterDelegate: THREAD_RESUMED: thread (33, main, main)
14:52:25.835 INFO: JdwpEventCenterDelegate: THREAD_RESUMED: thread (33, main, main)
14:52:25.836 INFO: JdwpEventCenterDelegate: THREAD_RESUMED: thread (33, main, main)
14:52:25.836 INFO: JdwpEventCenterDelegate: THREAD_RESUMED: thread (33, main, main)
14:52:25.837 INFO: JdwpEventCenterDelegate: THREAD_RESUMED: thread (33, main, main)
14:52:25.844 INFO: JdwpEventCenterDelegate: THREAD_RESUMED: thread (33, main, main)
14:52:25.844 INFO: JdwpEventCenterDelegate: THREAD_RESUMED: thread (33, main, main)
14:52:26.429 INFO: JdwpEventCenterDelegate: THREAD_RESUMED: thread (33, main, main)
14:52:26.430 INFO: JdwpEventCenterDelegate: THREAD_RESUMED: thread (33, main, main)
14:52:26.448 INFO: JdwpEventCenterDelegate: THREAD_RESUMED: thread (33, main, main)
14:52:26.449 INFO: JdwpEventCenterDelegate: THREAD_RESUMED: thread (33, main, main)
14:52:26.450 INFO: JdwpEventCenterDelegate: THREAD_RESUMED: thread (33, main, main)
14:52:26.450 INFO: JdwpEventCenterDelegate: THREAD_RESUMED: thread (33, main, main)
14:52:26.519 INFO: JdwpEventCenterDelegate: THREAD_RESUMED: thread (33, main, main)
14:52:26.905 INFO: JdwpEventCenterDelegate: THREAD_RESUMED: thread (33, main, main)
14:52:26.906 INFO: JdwpEventCenterDelegate: THREAD_RESUMED: thread (33, main, main)
14:52:26.907 INFO: JdwpEventCenterDelegate: THREAD_RESUMED: thread (33, main, main)
14:52:26.907 INFO: JdwpEventCenterDelegate: THREAD_RESUMED: thread (33, main, main)
14:52:26.908 INFO: JdwpEventCenterDelegate: THREAD_RESUMED: thread (33, main, main)
14:52:26.909 INFO: JdwpEventCenterDelegate: THREAD_RESUMED: thread (33, main, main)
14:52:26.959 INFO: JdwpEventCenterDelegate: THREAD_RESUMED: thread (33, main, main)
14:52:26.962 INFO: JdwpEventCenterDelegate: THREAD_RESUMED: thread (33, main, main)
14:52:26.963 INFO: JdwpEventCenterDelegate: THREAD_RESUMED: thread (33, main, main)
14:52:26.964 INFO: JdwpEventCenterDelegate: THREAD_RESUMED: thread (33, main, main)
14:52:26.966 INFO: JdwpEventCenterDelegate: THREAD_RESUMED: thread (33, main, main)
14:52:26.967 INFO: JdwpEventCenterDelegate: THREAD_RESUMED: thread (33, main, main)
14:52:26.969 INFO: JdwpEventCenterDelegate: THREAD_RESUMED: thread (33, main, main)
14:52:26.986 INFO: JdwpEventCenterDelegate: THREAD_RESUMED: thread (33, main, main)
14:52:27.002 INFO: JdwpEventCenterDelegate: THREAD_RESUMED: thread (33, main, main)
14:52:27.016 INFO: JdwpEventCenterDelegate: THREAD_RESUMED: thread (33, main, main)
14:52:27.027 INFO: JdwpEventCenterDelegate: THREAD_RESUMED: thread (33, main, main)
14:52:27.042 INFO: JdwpEventCenterDelegate: THREAD_RESUMED: thread (33, main, main)
14:52:27.060 INFO: JdwpEventCenterDelegate: THREAD_RESUMED: thread (33, main, main)
14:52:27.065 INFO: JdwpEventCenterDelegate: THREAD_RESUMED: thread (33, main, main)
14:52:27.071 INFO: JdwpEventCenterDelegate: THREAD_RESUMED: thread (33, main, main)
14:52:27.075 INFO: JdwpEventCenterDelegate: THREAD_RESUMED: thread (33, main, main)
14:52:27.080 INFO: JdwpEventCenterDelegate: THREAD_RESUMED: thread (33, main, main)
14:52:27.085 INFO: JdwpEventCenterDelegate: THREAD_RESUMED: thread (33, main, main)
14:52:27.093 INFO: JdwpEventCenterDelegate: THREAD_RESUMED: thread (33, main, main)
14:52:27.098 INFO: JdwpEventCenterDelegate: THREAD_RESUMED: thread (33, main, main)
14:52:27.102 INFO: JdwpEventCenterDelegate: THREAD_RESUMED: thread (33, main, main)
14:52:27.108 INFO: JdwpEventCenterDelegate: THREAD_RESUMED: thread (33, main, main)
14:52:27.116 INFO: JdwpEventCenterDelegate: THREAD_RESUMED: thread (33, main, main)
14:52:27.124 INFO: JdwpEventCenterDelegate: THREAD_RESUMED: thread (33, main, main)
14:52:27.129 INFO: JdwpEventCenterDelegate: THREAD_RESUMED: thread (33, main, main)
14:52:27.131 INFO: JdwpEventCenterDelegate: THREAD_RESUMED: thread (33, main, main)
14:52:27.132 INFO: JdwpEventCenterDelegate: THREAD_RESUMED: thread (33, main, main)
14:52:27.134 INFO: JdwpEventCenterDelegate: THREAD_RESUMED: thread (33, main, main)
14:52:27.136 INFO: JdwpEventCenterDelegate: THREAD_RESUMED: thread (33, main, main)
14:52:27.137 INFO: JdwpEventCenterDelegate: THREAD_RESUMED: thread (33, main, main)
14:52:27.139 INFO: JdwpEventCenterDelegate: THREAD_RESUMED: thread (33, main, main)
14:52:27.140 INFO: JdwpEventCenterDelegate: THREAD_RESUMED: thread (33, main, main)
14:52:27.142 INFO: JdwpEventCenterDelegate: THREAD_RESUMED: thread (33, main, main)
14:52:27.143 INFO: JdwpEventCenterDelegate: THREAD_RESUMED: thread (33, main, main)
14:52:27.144 INFO: JdwpEventCenterDelegate: THREAD_RESUMED: thread (33, main, main)
14:52:27.145 INFO: JdwpEventCenterDelegate: THREAD_RESUMED: thread (33, main, main)
14:52:27.146 INFO: JdwpEventCenterDelegate: THREAD_RESUMED: thread (33, main, main)
14:52:27.147 INFO: JdwpEventCenterDelegate: THREAD_RESUMED: thread (33, main, main)
14:52:27.148 INFO: JdwpEventCenterDelegate: THREAD_RESUMED: thread (33, main, main)
14:52:27.149 INFO: JdwpEventCenterDelegate: THREAD_RESUMED: thread (33, main, main)
14:52:27.150 INFO: JdwpEventCenterDelegate: THREAD_RESUMED: thread (33, main, main)
14:52:27.151 INFO: JdwpEventCenterDelegate: THREAD_RESUMED: thread (33, main, main)
14:52:27.153 INFO: JdwpEventCenterDelegate: THREAD_RESUMED: thread (33, main, main)
14:52:27.154 INFO: JdwpEventCenterDelegate: THREAD_RESUMED: thread (33, main, main)
14:52:27.155 INFO: JdwpEventCenterDelegate: THREAD_RESUMED: thread (33, main, main)
14:52:27.156 INFO: JdwpEventCenterDelegate: THREAD_RESUMED: thread (33, main, main)
14:52:27.157 INFO: JdwpEventCenterDelegate: THREAD_RESUMED: thread (33, main, main)
14:52:27.158 INFO: JdwpEventCenterDelegate: THREAD_RESUMED: thread (33, main, main)
14:52:27.160 INFO: JdwpEventCenterDelegate: THREAD_RESUMED: thread (33, main, main)
14:52:27.161 INFO: JdwpEventCenterDelegate: THREAD_RESUMED: thread (33, main, main)
14:52:27.162 INFO: JdwpEventCenterDelegate: THREAD_RESUMED: thread (33, main, main)
14:52:27.163 INFO: JdwpEventCenterDelegate: THREAD_RESUMED: thread (33, main, main)
14:52:27.164 INFO: JdwpEventCenterDelegate: THREAD_RESUMED: thread (33, main, main)
14:52:27.165 INFO: JdwpEventCenterDelegate: THREAD_RESUMED: thread (33, main, main)
14:52:27.167 INFO: JdwpEventCenterDelegate: THREAD_RESUMED: thread (33, main, main)
14:52:27.168 INFO: JdwpEventCenterDelegate: THREAD_RESUMED: thread (33, main, main)
14:52:27.169 INFO: JdwpEventCenterDelegate: THREAD_RESUMED: thread (33, main, main)
14:52:27.170 INFO: JdwpEventCenterDelegate: THREAD_RESUMED: thread (33, main, main)
14:52:27.171 INFO: JdwpEventCenterDelegate: THREAD_RESUMED: thread (33, main, main)
14:52:27.172 INFO: JdwpEventCenterDelegate: THREAD_RESUMED: thread (33, main, main)
14:52:27.174 INFO: JdwpEventCenterDelegate: THREAD_RESUMED: thread (33, main, main)
14:52:27.175 INFO: JdwpEventCenterDelegate: THREAD_RESUMED: thread (33, main, main)
14:52:27.176 INFO: JdwpEventCenterDelegate: THREAD_RESUMED: thread (33, main, main)
14:52:27.177 INFO: JdwpEventCenterDelegate: THREAD_RESUMED: thread (33, main, main)
14:52:27.178 INFO: JdwpEventCenterDelegate: THREAD_RESUMED: thread (33, main, main)
14:52:27.179 INFO: JdwpEventCenterDelegate: THREAD_RESUMED: thread (33, main, main)
14:52:27.180 INFO: JdwpEventCenterDelegate: THREAD_RESUMED: thread (33, main, main)
14:52:27.182 INFO: JdwpEventCenterDelegate: THREAD_RESUMED: thread (33, main, main)
14:52:27.183 INFO: JdwpEventCenterDelegate: THREAD_RESUMED: thread (33, main, main)
14:52:27.184 INFO: JdwpEventCenterDelegate: THREAD_RESUMED: thread (33, main, main)
14:52:27.185 INFO: JdwpEventCenterDelegate: THREAD_RESUMED: thread (33, main, main)
14:52:27.186 INFO: JdwpEventCenterDelegate: THREAD_RESUMED: thread (33, main, main)
14:52:27.187 INFO: JdwpEventCenterDelegate: THREAD_RESUMED: thread (33, main, main)
14:52:27.188 INFO: JdwpEventCenterDelegate: THREAD_RESUMED: thread (33, main, main)
14:52:27.189 INFO: JdwpEventCenterDelegate: THREAD_RESUMED: thread (33, main, main)
14:52:27.190 INFO: JdwpEventCenterDelegate: THREAD_RESUMED: thread (33, main, main)
14:52:27.191 INFO: JdwpEventCenterDelegate: THREAD_RESUMED: thread (33, main, main)
14:52:27.193 INFO: JdwpEventCenterDelegate: THREAD_RESUMED: thread (33, main, main)
14:52:27.449 INFO: JdwpDebugServer: handling req: ThreadReference(11).Resume(3)
14:52:27.450 INFO: JdwpEventCenterDelegate: THREAD_RESUMED: thread (33, main, main)
14:52:27.537 INFO: JdwpEventCenterDelegate: THREAD_RESUMED: thread (33, main, main)
14:52:27.562 INFO: JdwpEventCenterDelegate: THREAD_RESUMED: thread (33, main, main)
14:52:27.563 INFO: JdwpEventCenterDelegate: THREAD_RESUMED: thread (33, main, main)
14:52:27.564 INFO: JdwpEventCenterDelegate: THREAD_RESUMED: thread (33, main, main)
14:52:27.791 INFO: JdwpEventCenterDelegate: THREAD_RESUMED: thread (33, main, main)
14:52:27.792 INFO: JdwpEventCenterDelegate: THREAD_RESUMED: thread (33, main, main)
14:52:27.831 INFO: JdwpEventCenterDelegate: THREAD_RESUMED: thread (33, main, main)
14:52:27.831 INFO: JdwpEventCenterDelegate: THREAD_RESUMED: thread (33, main, main)
14:52:27.837 INFO: JdwpDebugServer: handling req: ThreadReference(11).Frames(6)
14:52:27.837 INFO: JdwpDebugServer: handling req: ReferenceType(2).MethodsWithGeneric(15)
14:52:27.837 INFO: JdwpDebugServer: handling req: ReferenceType(2).MethodsWithGeneric(15)
14:52:27.839 INFO: JdwpDebugServer: handling req: ThreadReference(11).FramesCount(7)
14:52:27.840 INFO: JdwpDebugServer: handling req: ThreadReference(11).FramesCount(7)
14:52:27.887 INFO: JdwpDebugServer: handling req: StackFrame(16).ThisObject(3)
14:52:27.887 INFO: JdwpDebugServer: handling req: ThreadReference(11).Name(1)
14:52:27.888 INFO: JdwpDebugServer: handling req: ObjectReference(9).ReferenceType(1)
14:52:27.888 INFO: JdwpDebugServer: handling req: ThreadReference(11).Name(1)
14:52:27.888 INFO: JdwpDebugServer: handling req: ThreadReference(11).Name(1)
14:52:27.889 INFO: JdwpDebugServer: handling req: ThreadReference(11).Name(1)
14:52:27.889 INFO: JdwpDebugServer: handling req: ThreadReference(11).Name(1)
14:52:27.930 INFO: JdwpDebugServer: handling req: ThreadReference(11).FramesCount(7)
14:52:27.930 INFO: JdwpDebugServer: handling req: Method(6).VariableTableWithGenerics(5)
14:52:27.941 INFO: JdwpDebugServer: handling req: ThreadReference(11).Name(1)
14:52:27.941 INFO: JdwpDebugServer: handling req: ThreadReference(11).FramesCount(7)
14:52:27.941 INFO: JdwpDebugServer: handling req: StackFrame(16).GetValues(1)
14:52:27.942 INFO: JdwpDebugServer: handling req: ReferenceType(2).Modifiers(3)
14:52:27.942 INFO: JdwpDebugServer: handling req: StackFrame(16).GetValues(1)
14:52:27.943 INFO: JdwpDebugServer: handling req: ClassType(3).Superclass(1)
14:52:27.943 INFO: JdwpDebugServer: handling req: StackFrame(16).GetValues(1)
14:52:27.943 INFO: JdwpDebugServer: handling req: StackFrame(16).GetValues(1)
14:52:27.943 INFO: JdwpDebugServer: handling req: StackFrame(16).GetValues(1)
14:52:27.943 INFO: JdwpDebugServer: handling req: StackFrame(16).GetValues(1)
14:52:27.944 INFO: JdwpDebugServer: handling req: StackFrame(16).GetValues(1)
14:52:27.944 INFO: JdwpDebugServer: handling req: StackFrame(16).GetValues(1)
14:52:27.945 INFO: JdwpDebugServer: handling req: StackFrame(16).GetValues(1)
14:52:27.945 INFO: JdwpDebugServer: handling req: StackFrame(16).GetValues(1)
14:52:27.945 INFO: JdwpDebugServer: handling req: StackFrame(16).GetValues(1)
14:52:27.945 INFO: JdwpDebugServer: handling req: StackFrame(16).GetValues(1)
14:52:27.945 INFO: JdwpDebugServer: handling req: StackFrame(16).GetValues(1)
14:52:27.946 INFO: JdwpDebugServer: handling req: StackFrame(16).GetValues(1)
14:52:27.946 INFO: JdwpDebugServer: handling req: StackFrame(16).GetValues(1)
14:52:27.946 INFO: JdwpDebugServer: handling req: StackFrame(16).GetValues(1)
14:52:27.951 INFO: JdwpDebugServer: handling req: StackFrame(16).ThisObject(3)
14:52:27.951 INFO: JdwpDebugServer: handling req: ObjectReference(9).ReferenceType(1)
14:52:27.951 INFO: JdwpDebugServer: handling req: StackFrame(16).ThisObject(3)
14:52:27.952 INFO: JdwpDebugServer: handling req: ObjectReference(9).ReferenceType(1)
14:52:27.953 INFO: JdwpDebugServer: handling req: Method(6).LineTable(1)
14:52:27.954 INFO: JdwpDebugServer: handling req: StackFrame(16).ThisObject(3)
14:52:27.954 INFO: JdwpDebugServer: handling req: ObjectReference(9).ReferenceType(1)
14:52:27.954 INFO: JdwpDebugServer: handling req: Method(6).LineTable(1)
14:52:27.967 INFO: JdwpDebugServer: handling req: ReferenceType(2).SourceFile(7)
14:52:30.806 INFO: JdwpDebugServer: handling req: StackFrame(16).GetValues(1)
14:52:30.809 INFO: JdwpDebugServer: handling req: StackFrame(16).GetValues(1)
14:52:30.810 INFO: JdwpDebugServer: handling req: StackFrame(16).GetValues(1)
14:52:30.811 INFO: JdwpDebugServer: handling req: StackFrame(16).GetValues(1)
14:52:30.812 INFO: JdwpDebugServer: handling req: StackFrame(16).GetValues(1)
14:52:30.812 INFO: JdwpDebugServer: handling req: StackFrame(16).GetValues(1)
14:52:36.594 INFO: JdwpDebugServer: handling req: VirtualMachine(1).Exit(10)
14:52:36.595 SEVERE: Debugger: Thread JDWP server socket thread crashed
org.robovm.debugger.DebuggerException: Terminating due exit command
	at org.robovm.debugger.jdwp.JdwpDebugServer.doSocketWork(JdwpDebugServer.java:211)
	at java.base/java.lang.Thread.run(Thread.java:833)
	at org.robovm.debugger.utils.DebuggerThread.run(DebuggerThread.java:42)
14:52:37.155 SEVERE: Debugger: Thread HooksChannel socket thread crashed
org.robovm.debugger.DebuggerException: java.nio.BufferUnderflowException
	at org.robovm.debugger.hooks.HooksChannel.doSocketWork(HooksChannel.java:149)
	at java.base/java.lang.Thread.run(Thread.java:833)
	at org.robovm.debugger.utils.DebuggerThread.run(DebuggerThread.java:42)
Caused by: java.nio.BufferUnderflowException
	at org.robovm.debugger.utils.bytebuffer.DataBufferWriter.writeFromStream(DataBufferWriter.java:91)
	at org.robovm.debugger.hooks.HooksChannel.doSocketWork(HooksChannel.java:116)
	... 2 more
