09:15:22.760 INFO: JdwpEventCenterDelegate: THREAD_STARTED: thread (33, main, main)
09:15:22.832 INFO: JdwpEventCenterDelegate: THREAD_STARTED: thread (48, ReferenceQueueDaemon, main)
09:15:22.833 INFO: JdwpEventCenterDelegate: THREAD_STARTED: thread (63, FinalizerDaemon, main)
09:15:22.833 INFO: JdwpEventCenterDelegate: THREAD_STARTED: thread (78, FinalizerWatchdogDaemon, main)
09:15:24.644 INFO: JdwpDebugServer: handling req: VirtualMachine(1).IDSizes(7)
09:15:24.646 INFO: JdwpDebugServer: handling req: EventRequest(15).Set(1)
09:15:24.647 INFO: JdwpEventCenterDelegate: jdwpSetEventRequest: JdwpEventRequest{requestId=100, eventKind=CLASS_UNLOAD, suspendPolicy=NONE, predicates=[]}
09:15:24.649 INFO: JdwpDebugServer: handling req: EventRequest(15).Set(1)
09:15:24.649 INFO: JdwpEventCenterDelegate: jdwpSetEventRequest: JdwpEventRequest{requestId=101, eventKind=THREAD_START, suspendPolicy=NONE, predicates=[]}
09:15:24.651 INFO: JdwpDebugServer: handling req: VirtualMachine(1).ClassesBySignature(2)
09:15:24.653 INFO: JdwpDebugServer: handling req: VirtualMachine(1).Version(1)
09:15:24.654 INFO: JdwpDebugServer: handling req: ReferenceType(2).MethodsWithGeneric(15)
09:15:24.656 INFO: JdwpDebugServer: handling req: Method(6).LineTable(1)
09:15:24.658 INFO: JdwpDebugServer: handling req: EventRequest(15).Set(1)
09:15:24.658 INFO: JdwpEventCenterDelegate: jdwpSetEventRequest: JdwpEventRequest{requestId=102, eventKind=BREAKPOINT, suspendPolicy=NONE, predicates=[Location{classId=845, methodId=257, index=928} ]}
09:15:24.660 INFO: JdwpDebugServer: handling req: EventRequest(15).Set(1)
09:15:24.660 INFO: JdwpEventCenterDelegate: jdwpSetEventRequest: JdwpEventRequest{requestId=103, eventKind=THREAD_DEATH, suspendPolicy=NONE, predicates=[]}
09:15:24.660 INFO: JdwpDebugServer: handling req: VirtualMachine(1).AllThreads(4)
09:15:24.661 INFO: JdwpDebugServer: handling req: ThreadReference(11).ThreadGroup(5)
09:15:24.661 INFO: JdwpDebugServer: handling req: ThreadGroup(12).Name(1)
09:15:24.661 INFO: JdwpDebugServer: handling req: ThreadGroup(12).Parent(2)
09:15:24.662 INFO: JdwpDebugServer: handling req: ObjectReference(9).ReferenceType(1)
09:15:24.662 INFO: JdwpDebugServer: handling req: ReferenceType(2).FieldsWithGeneric(14)
09:15:24.663 INFO: JdwpDebugServer: handling req: ReferenceType(2).Interfaces(10)
09:15:24.664 INFO: JdwpDebugServer: handling req: ReferenceType(2).FieldsWithGeneric(14)
09:15:24.664 INFO: JdwpDebugServer: handling req: ReferenceType(2).Interfaces(10)
09:15:24.664 INFO: JdwpDebugServer: handling req: ClassType(3).Superclass(1)
09:15:24.665 INFO: JdwpDebugServer: handling req: ReferenceType(2).FieldsWithGeneric(14)
09:15:24.665 INFO: JdwpDebugServer: handling req: ReferenceType(2).Interfaces(10)
09:15:24.665 INFO: JdwpDebugServer: handling req: ClassType(3).Superclass(1)
09:15:24.666 INFO: JdwpDebugServer: handling req: ObjectReference(9).GetValues(2)
09:15:24.668 INFO: JdwpDebugServer: handling req: ThreadReference(11).Status(4)
09:15:24.668 INFO: JdwpDebugServer: handling req: ThreadReference(11).Status(4)
09:15:24.668 INFO: JdwpDebugServer: handling req: ThreadReference(11).ThreadGroup(5)
09:15:24.669 INFO: JdwpDebugServer: handling req: ObjectReference(9).ReferenceType(1)
09:15:24.669 INFO: JdwpDebugServer: handling req: ObjectReference(9).GetValues(2)
09:15:24.670 INFO: JdwpDebugServer: handling req: ThreadReference(11).Status(4)
09:15:24.670 INFO: JdwpDebugServer: handling req: ThreadReference(11).Status(4)
09:15:24.670 INFO: JdwpDebugServer: handling req: ThreadReference(11).ThreadGroup(5)
09:15:24.670 INFO: JdwpDebugServer: handling req: ObjectReference(9).ReferenceType(1)
09:15:24.670 INFO: JdwpDebugServer: handling req: ObjectReference(9).GetValues(2)
09:15:24.671 INFO: JdwpDebugServer: handling req: ThreadReference(11).Status(4)
09:15:24.671 INFO: JdwpDebugServer: handling req: ThreadReference(11).Status(4)
09:15:24.671 INFO: JdwpDebugServer: handling req: ThreadReference(11).ThreadGroup(5)
09:15:24.671 INFO: JdwpDebugServer: handling req: ObjectReference(9).ReferenceType(1)
09:15:24.672 INFO: JdwpDebugServer: handling req: ObjectReference(9).GetValues(2)
09:15:24.672 INFO: JdwpDebugServer: handling req: ThreadReference(11).Status(4)
09:15:24.672 INFO: JdwpDebugServer: handling req: ThreadReference(11).Status(4)
09:15:24.676 INFO: JdwpDebugServer: handling req: EventRequest(15).Set(1)
09:15:24.676 INFO: JdwpEventCenterDelegate: jdwpSetEventRequest: JdwpEventRequest{requestId=104, eventKind=CLASS_PREPARE, suspendPolicy=EVENT_THREAD, predicates=[className=com.badlogic.gdx.graphics.g2d.PolygonSpriteBatch]}
09:15:24.682 INFO: JdwpDebugServer: handling req: EventRequest(15).Set(1)
09:15:24.682 INFO: JdwpEventCenterDelegate: jdwpSetEventRequest: JdwpEventRequest{requestId=105, eventKind=CLASS_PREPARE, suspendPolicy=EVENT_THREAD, predicates=[className=com.badlogic.gdx.graphics.g2d.PolygonSpriteBatch$*]}
09:15:24.683 INFO: JdwpDebugServer: handling req: VirtualMachine(1).ClassesBySignature(2)
09:15:24.684 INFO: JdwpDebugServer: handling req: ReferenceType(2).MethodsWithGeneric(15)
09:15:24.685 INFO: JdwpDebugServer: handling req: Method(6).LineTable(1)
09:15:24.685 INFO: JdwpDebugServer: handling req: Method(6).LineTable(1)
09:15:24.686 INFO: JdwpDebugServer: handling req: Method(6).LineTable(1)
09:15:24.686 INFO: JdwpDebugServer: handling req: Method(6).LineTable(1)
09:15:24.687 INFO: JdwpDebugServer: handling req: Method(6).LineTable(1)
09:15:24.687 INFO: JdwpDebugServer: handling req: Method(6).LineTable(1)
09:15:24.687 INFO: JdwpDebugServer: handling req: Method(6).LineTable(1)
09:15:24.687 INFO: JdwpDebugServer: handling req: Method(6).LineTable(1)
09:15:24.687 INFO: JdwpDebugServer: handling req: Method(6).LineTable(1)
09:15:24.687 INFO: JdwpDebugServer: handling req: Method(6).LineTable(1)
09:15:24.688 INFO: JdwpDebugServer: handling req: Method(6).LineTable(1)
09:15:24.688 INFO: JdwpDebugServer: handling req: Method(6).LineTable(1)
09:15:24.688 INFO: JdwpDebugServer: handling req: Method(6).LineTable(1)
09:15:24.688 INFO: JdwpDebugServer: handling req: Method(6).LineTable(1)
09:15:24.688 INFO: JdwpDebugServer: handling req: Method(6).LineTable(1)
09:15:24.688 INFO: JdwpDebugServer: handling req: Method(6).LineTable(1)
09:15:24.689 INFO: JdwpDebugServer: handling req: Method(6).LineTable(1)
09:15:24.689 INFO: JdwpDebugServer: handling req: Method(6).LineTable(1)
09:15:24.689 INFO: JdwpDebugServer: handling req: Method(6).LineTable(1)
09:15:24.689 INFO: JdwpDebugServer: handling req: Method(6).LineTable(1)
09:15:24.689 INFO: JdwpDebugServer: handling req: Method(6).LineTable(1)
09:15:24.689 INFO: JdwpDebugServer: handling req: Method(6).LineTable(1)
09:15:24.690 INFO: JdwpDebugServer: handling req: Method(6).LineTable(1)
09:15:24.690 INFO: JdwpDebugServer: handling req: Method(6).LineTable(1)
09:15:24.690 INFO: JdwpDebugServer: handling req: Method(6).LineTable(1)
09:15:24.690 INFO: JdwpDebugServer: handling req: Method(6).LineTable(1)
09:15:24.690 INFO: JdwpDebugServer: handling req: Method(6).LineTable(1)
09:15:24.690 INFO: JdwpDebugServer: handling req: Method(6).LineTable(1)
09:15:24.691 INFO: JdwpDebugServer: handling req: Method(6).LineTable(1)
09:15:24.691 INFO: JdwpDebugServer: handling req: Method(6).LineTable(1)
09:15:24.691 INFO: JdwpDebugServer: handling req: Method(6).LineTable(1)
09:15:24.691 INFO: JdwpDebugServer: handling req: Method(6).LineTable(1)
09:15:24.691 INFO: JdwpDebugServer: handling req: Method(6).LineTable(1)
09:15:24.691 INFO: JdwpDebugServer: handling req: Method(6).LineTable(1)
09:15:24.692 INFO: JdwpDebugServer: handling req: Method(6).LineTable(1)
09:15:24.692 INFO: JdwpDebugServer: handling req: Method(6).LineTable(1)
09:15:24.692 INFO: JdwpDebugServer: handling req: Method(6).LineTable(1)
09:15:24.692 INFO: JdwpDebugServer: handling req: Method(6).LineTable(1)
09:15:24.692 INFO: JdwpDebugServer: handling req: Method(6).LineTable(1)
09:15:24.693 INFO: JdwpDebugServer: handling req: Method(6).LineTable(1)
09:15:24.693 INFO: JdwpDebugServer: handling req: Method(6).LineTable(1)
09:15:24.693 INFO: JdwpDebugServer: handling req: Method(6).LineTable(1)
09:15:24.693 INFO: JdwpDebugServer: handling req: Method(6).LineTable(1)
09:15:24.693 INFO: JdwpDebugServer: handling req: Method(6).LineTable(1)
09:15:24.693 INFO: JdwpDebugServer: handling req: Method(6).LineTable(1)
09:15:24.694 INFO: JdwpDebugServer: handling req: Method(6).LineTable(1)
09:15:24.694 INFO: JdwpDebugServer: handling req: Method(6).LineTable(1)
09:15:24.694 INFO: JdwpDebugServer: handling req: EventRequest(15).Set(1)
09:15:24.694 INFO: JdwpEventCenterDelegate: jdwpSetEventRequest: JdwpEventRequest{requestId=106, eventKind=BREAKPOINT, suspendPolicy=EVENT_THREAD, predicates=[Location{classId=15500, methodId=1122, index=142} ]}
09:15:24.695 INFO: JdwpDebugServer: handling req: ReferenceType(2).Signature(1)
09:15:24.698 INFO: JdwpDebugServer: handling req: EventRequest(15).Set(1)
09:15:24.698 INFO: JdwpEventCenterDelegate: jdwpSetEventRequest: JdwpEventRequest{requestId=107, eventKind=CLASS_PREPARE, suspendPolicy=EVENT_THREAD, predicates=[className=com.badlogic.gdx.graphics.g2d.SpriteBatch]}
09:15:24.700 INFO: JdwpDebugServer: handling req: EventRequest(15).Set(1)
09:15:24.700 INFO: JdwpEventCenterDelegate: jdwpSetEventRequest: JdwpEventRequest{requestId=108, eventKind=CLASS_PREPARE, suspendPolicy=EVENT_THREAD, predicates=[className=com.badlogic.gdx.graphics.g2d.SpriteBatch$*]}
09:15:24.701 INFO: JdwpDebugServer: handling req: VirtualMachine(1).ClassesBySignature(2)
09:15:24.702 INFO: JdwpDebugServer: handling req: ReferenceType(2).MethodsWithGeneric(15)
09:15:24.702 INFO: JdwpDebugServer: handling req: Method(6).LineTable(1)
09:15:24.702 INFO: JdwpDebugServer: handling req: Method(6).LineTable(1)
09:15:24.702 INFO: JdwpDebugServer: handling req: Method(6).LineTable(1)
09:15:24.703 INFO: JdwpDebugServer: handling req: Method(6).LineTable(1)
09:15:24.703 INFO: JdwpDebugServer: handling req: Method(6).LineTable(1)
09:15:24.703 INFO: JdwpDebugServer: handling req: Method(6).LineTable(1)
09:15:24.703 INFO: JdwpDebugServer: handling req: Method(6).LineTable(1)
09:15:24.703 INFO: JdwpDebugServer: handling req: Method(6).LineTable(1)
09:15:24.703 INFO: JdwpDebugServer: handling req: Method(6).LineTable(1)
09:15:24.704 INFO: JdwpDebugServer: handling req: Method(6).LineTable(1)
09:15:24.704 INFO: JdwpDebugServer: handling req: Method(6).LineTable(1)
09:15:24.704 INFO: JdwpDebugServer: handling req: Method(6).LineTable(1)
09:15:24.704 INFO: JdwpDebugServer: handling req: Method(6).LineTable(1)
09:15:24.704 INFO: JdwpDebugServer: handling req: Method(6).LineTable(1)
09:15:24.705 INFO: JdwpDebugServer: handling req: Method(6).LineTable(1)
09:15:24.705 INFO: JdwpDebugServer: handling req: Method(6).LineTable(1)
09:15:24.705 INFO: JdwpDebugServer: handling req: Method(6).LineTable(1)
09:15:24.705 INFO: JdwpDebugServer: handling req: Method(6).LineTable(1)
09:15:24.705 INFO: JdwpDebugServer: handling req: Method(6).LineTable(1)
09:15:24.705 INFO: JdwpDebugServer: handling req: Method(6).LineTable(1)
09:15:24.705 INFO: JdwpDebugServer: handling req: Method(6).LineTable(1)
09:15:24.706 INFO: JdwpDebugServer: handling req: Method(6).LineTable(1)
09:15:24.706 INFO: JdwpDebugServer: handling req: Method(6).LineTable(1)
09:15:24.706 INFO: JdwpDebugServer: handling req: Method(6).LineTable(1)
09:15:24.706 INFO: JdwpDebugServer: handling req: Method(6).LineTable(1)
09:15:24.707 INFO: JdwpDebugServer: handling req: Method(6).LineTable(1)
09:15:24.707 INFO: JdwpDebugServer: handling req: Method(6).LineTable(1)
09:15:24.707 INFO: JdwpDebugServer: handling req: Method(6).LineTable(1)
09:15:24.707 INFO: JdwpDebugServer: handling req: Method(6).LineTable(1)
09:15:24.707 INFO: JdwpDebugServer: handling req: Method(6).LineTable(1)
09:15:24.708 INFO: JdwpDebugServer: handling req: Method(6).LineTable(1)
09:15:24.708 INFO: JdwpDebugServer: handling req: Method(6).LineTable(1)
09:15:24.708 INFO: JdwpDebugServer: handling req: Method(6).LineTable(1)
09:15:24.708 INFO: JdwpDebugServer: handling req: Method(6).LineTable(1)
09:15:24.708 INFO: JdwpDebugServer: handling req: Method(6).LineTable(1)
09:15:24.708 INFO: JdwpDebugServer: handling req: Method(6).LineTable(1)
09:15:24.708 INFO: JdwpDebugServer: handling req: Method(6).LineTable(1)
09:15:24.709 INFO: JdwpDebugServer: handling req: Method(6).LineTable(1)
09:15:24.709 INFO: JdwpDebugServer: handling req: Method(6).LineTable(1)
09:15:24.709 INFO: JdwpDebugServer: handling req: Method(6).LineTable(1)
09:15:24.709 INFO: JdwpDebugServer: handling req: Method(6).LineTable(1)
09:15:24.709 INFO: JdwpDebugServer: handling req: Method(6).LineTable(1)
09:15:24.709 INFO: JdwpDebugServer: handling req: Method(6).LineTable(1)
09:15:24.709 INFO: JdwpDebugServer: handling req: Method(6).LineTable(1)
09:15:24.709 INFO: JdwpDebugServer: handling req: EventRequest(15).Set(1)
09:15:24.709 INFO: JdwpEventCenterDelegate: jdwpSetEventRequest: JdwpEventRequest{requestId=109, eventKind=BREAKPOINT, suspendPolicy=EVENT_THREAD, predicates=[Location{classId=18040, methodId=1357, index=163} ]}
09:15:24.710 INFO: JdwpDebugServer: handling req: ReferenceType(2).Signature(1)
09:15:24.710 INFO: JdwpDebugServer: handling req: EventRequest(15).Set(1)
09:15:24.710 INFO: JdwpEventCenterDelegate: jdwpSetEventRequest: JdwpEventRequest{requestId=110, eventKind=CLASS_PREPARE, suspendPolicy=EVENT_THREAD, predicates=[className=com.badlogic.gdx.graphics.g2d.PolygonSpriteBatch]}
09:15:24.711 INFO: JdwpDebugServer: handling req: EventRequest(15).Set(1)
09:15:24.711 INFO: JdwpEventCenterDelegate: jdwpSetEventRequest: JdwpEventRequest{requestId=111, eventKind=CLASS_PREPARE, suspendPolicy=EVENT_THREAD, predicates=[className=com.badlogic.gdx.graphics.g2d.PolygonSpriteBatch$*]}
09:15:24.712 INFO: JdwpDebugServer: handling req: VirtualMachine(1).ClassesBySignature(2)
09:15:24.712 INFO: JdwpDebugServer: handling req: EventRequest(15).Set(1)
09:15:24.712 INFO: JdwpEventCenterDelegate: jdwpSetEventRequest: JdwpEventRequest{requestId=112, eventKind=BREAKPOINT, suspendPolicy=EVENT_THREAD, predicates=[Location{classId=15500, methodId=1122, index=141} ]}
09:15:24.712 INFO: JdwpDebugServer: handling req: EventRequest(15).Set(1)
09:15:24.712 INFO: JdwpEventCenterDelegate: jdwpSetEventRequest: JdwpEventRequest{requestId=113, eventKind=CLASS_PREPARE, suspendPolicy=EVENT_THREAD, predicates=[className=java.lang.Throwable]}
09:15:24.713 INFO: JdwpDebugServer: handling req: EventRequest(15).Set(1)
09:15:24.713 INFO: JdwpEventCenterDelegate: jdwpSetEventRequest: JdwpEventRequest{requestId=114, eventKind=CLASS_PREPARE, suspendPolicy=EVENT_THREAD, predicates=[className=java.lang.Throwable$*]}
09:15:24.713 INFO: JdwpDebugServer: handling req: VirtualMachine(1).ClassesBySignature(2)
09:15:24.714 INFO: JdwpDebugServer: handling req: ReferenceType(2).MethodsWithGeneric(15)
09:15:24.714 INFO: JdwpDebugServer: handling req: Method(6).LineTable(1)
09:15:24.714 INFO: JdwpDebugServer: handling req: Method(6).LineTable(1)
09:15:24.714 INFO: JdwpDebugServer: handling req: Method(6).LineTable(1)
09:15:24.714 INFO: JdwpDebugServer: handling req: Method(6).LineTable(1)
09:15:24.714 INFO: JdwpDebugServer: handling req: Method(6).LineTable(1)
09:15:24.714 INFO: JdwpDebugServer: handling req: Method(6).LineTable(1)
09:15:24.715 INFO: JdwpDebugServer: handling req: Method(6).LineTable(1)
09:15:24.715 INFO: JdwpDebugServer: handling req: Method(6).LineTable(1)
09:15:24.715 INFO: JdwpDebugServer: handling req: Method(6).LineTable(1)
09:15:24.715 INFO: JdwpDebugServer: handling req: Method(6).LineTable(1)
09:15:24.715 INFO: JdwpDebugServer: handling req: Method(6).LineTable(1)
09:15:24.715 INFO: JdwpDebugServer: handling req: Method(6).LineTable(1)
09:15:24.715 INFO: JdwpDebugServer: handling req: Method(6).LineTable(1)
09:15:24.715 INFO: JdwpDebugServer: handling req: Method(6).LineTable(1)
09:15:24.716 INFO: JdwpDebugServer: handling req: Method(6).LineTable(1)
09:15:24.716 INFO: JdwpDebugServer: handling req: Method(6).LineTable(1)
09:15:24.716 INFO: JdwpDebugServer: handling req: Method(6).LineTable(1)
09:15:24.716 INFO: JdwpDebugServer: handling req: Method(6).LineTable(1)
09:15:24.716 INFO: JdwpDebugServer: handling req: Method(6).LineTable(1)
09:15:24.716 INFO: JdwpDebugServer: handling req: Method(6).LineTable(1)
09:15:24.716 INFO: JdwpDebugServer: handling req: Method(6).LineTable(1)
09:15:24.717 INFO: JdwpDebugServer: handling req: Method(6).LineTable(1)
09:15:24.717 INFO: JdwpDebugServer: handling req: Method(6).LineTable(1)
09:15:24.717 INFO: JdwpDebugServer: handling req: Method(6).LineTable(1)
09:15:24.717 INFO: JdwpDebugServer: handling req: VirtualMachine(1).ClassesBySignature(2)
09:15:24.717 INFO: JdwpDebugServer: handling req: VirtualMachine(1).AllClassesWithGeneric(20)
09:15:24.728 INFO: JdwpDebugServer: handling req: EventRequest(15).Set(1)
09:15:24.728 INFO: JdwpEventCenterDelegate: jdwpSetEventRequest: JdwpEventRequest{requestId=115, eventKind=CLASS_PREPARE, suspendPolicy=EVENT_THREAD, predicates=[className=com.badlogic.gdx.utils.ScreenUtils]}
09:15:24.729 INFO: JdwpDebugServer: handling req: EventRequest(15).Set(1)
09:15:24.729 INFO: JdwpEventCenterDelegate: jdwpSetEventRequest: JdwpEventRequest{requestId=116, eventKind=CLASS_PREPARE, suspendPolicy=EVENT_THREAD, predicates=[className=com.badlogic.gdx.utils.ScreenUtils$*]}
09:15:24.730 INFO: JdwpDebugServer: handling req: VirtualMachine(1).ClassesBySignature(2)
09:15:24.731 INFO: JdwpDebugServer: handling req: ReferenceType(2).MethodsWithGeneric(15)
09:15:24.731 INFO: JdwpDebugServer: handling req: Method(6).LineTable(1)
09:15:24.731 INFO: JdwpDebugServer: handling req: Method(6).LineTable(1)
09:15:24.731 INFO: JdwpDebugServer: handling req: Method(6).LineTable(1)
09:15:24.731 INFO: JdwpDebugServer: handling req: Method(6).LineTable(1)
09:15:24.731 INFO: JdwpDebugServer: handling req: Method(6).LineTable(1)
09:15:24.731 INFO: JdwpDebugServer: handling req: Method(6).LineTable(1)
09:15:24.731 INFO: JdwpDebugServer: handling req: Method(6).LineTable(1)
09:15:24.732 INFO: JdwpDebugServer: handling req: Method(6).LineTable(1)
09:15:24.732 INFO: JdwpDebugServer: handling req: Method(6).LineTable(1)
09:15:24.732 INFO: JdwpDebugServer: handling req: Method(6).LineTable(1)
09:15:24.732 INFO: JdwpDebugServer: handling req: EventRequest(15).Set(1)
09:15:24.732 INFO: JdwpEventCenterDelegate: jdwpSetEventRequest: JdwpEventRequest{requestId=117, eventKind=BREAKPOINT, suspendPolicy=EVENT_THREAD, predicates=[Location{classId=22240, methodId=1727, index=89} ]}
09:15:24.733 INFO: JdwpDebugServer: handling req: EventRequest(15).Set(1)
09:15:24.733 INFO: JdwpEventCenterDelegate: jdwpSetEventRequest: JdwpEventRequest{requestId=118, eventKind=CLASS_PREPARE, suspendPolicy=EVENT_THREAD, predicates=[className=com.badlogic.gdx.utils.ScreenUtils]}
09:15:24.733 INFO: JdwpDebugServer: handling req: EventRequest(15).Set(1)
09:15:24.733 INFO: JdwpEventCenterDelegate: jdwpSetEventRequest: JdwpEventRequest{requestId=119, eventKind=CLASS_PREPARE, suspendPolicy=EVENT_THREAD, predicates=[className=com.badlogic.gdx.utils.ScreenUtils$*]}
09:15:24.734 INFO: JdwpDebugServer: handling req: VirtualMachine(1).ClassesBySignature(2)
09:15:24.734 INFO: JdwpDebugServer: handling req: EventRequest(15).Set(1)
09:15:24.734 INFO: JdwpEventCenterDelegate: jdwpSetEventRequest: JdwpEventRequest{requestId=120, eventKind=BREAKPOINT, suspendPolicy=EVENT_THREAD, predicates=[Location{classId=22240, methodId=1722, index=72} ]}
09:15:24.735 INFO: JdwpDebugServer: handling req: EventRequest(15).Set(1)
09:15:24.735 INFO: JdwpEventCenterDelegate: jdwpSetEventRequest: JdwpEventRequest{requestId=121, eventKind=CLASS_PREPARE, suspendPolicy=EVENT_THREAD, predicates=[className=com.scottlogic.util.ShaderProgramFactory]}
09:15:24.735 INFO: JdwpDebugServer: handling req: EventRequest(15).Set(1)
09:15:24.735 INFO: JdwpEventCenterDelegate: jdwpSetEventRequest: JdwpEventRequest{requestId=122, eventKind=CLASS_PREPARE, suspendPolicy=EVENT_THREAD, predicates=[className=com.scottlogic.util.ShaderProgramFactory$*]}
09:15:24.737 INFO: JdwpDebugServer: handling req: VirtualMachine(1).ClassesBySignature(2)
09:15:24.737 INFO: JdwpDebugServer: handling req: ReferenceType(2).MethodsWithGeneric(15)
09:15:24.737 INFO: JdwpDebugServer: handling req: Method(6).LineTable(1)
09:15:24.737 INFO: JdwpDebugServer: handling req: Method(6).LineTable(1)
09:15:24.737 INFO: JdwpDebugServer: handling req: Method(6).LineTable(1)
09:15:24.738 INFO: JdwpDebugServer: handling req: Method(6).LineTable(1)
09:15:24.738 INFO: JdwpDebugServer: handling req: Method(6).LineTable(1)
09:15:24.738 INFO: JdwpDebugServer: handling req: EventRequest(15).Set(1)
09:15:24.738 INFO: JdwpEventCenterDelegate: jdwpSetEventRequest: JdwpEventRequest{requestId=123, eventKind=BREAKPOINT, suspendPolicy=EVENT_THREAD, predicates=[Location{classId=20400, methodId=1762, index=106} ]}
09:15:24.738 INFO: JdwpDebugServer: handling req: EventRequest(15).Set(1)
09:15:24.738 INFO: JdwpEventCenterDelegate: jdwpSetEventRequest: JdwpEventRequest{requestId=124, eventKind=CLASS_PREPARE, suspendPolicy=EVENT_THREAD, predicates=[className=com.abdalla.bushnaq.pluvia.launcher.IOSLauncher]}
09:15:24.739 INFO: JdwpDebugServer: handling req: EventRequest(15).Set(1)
09:15:24.739 INFO: JdwpEventCenterDelegate: jdwpSetEventRequest: JdwpEventRequest{requestId=125, eventKind=CLASS_PREPARE, suspendPolicy=EVENT_THREAD, predicates=[className=com.abdalla.bushnaq.pluvia.launcher.IOSLauncher$*]}
09:15:24.740 INFO: JdwpDebugServer: handling req: VirtualMachine(1).ClassesBySignature(2)
09:15:24.740 INFO: JdwpDebugServer: handling req: ReferenceType(2).MethodsWithGeneric(15)
09:15:24.741 INFO: JdwpDebugServer: handling req: Method(6).LineTable(1)
09:15:24.741 INFO: JdwpDebugServer: handling req: Method(6).LineTable(1)
09:15:24.741 INFO: JdwpDebugServer: handling req: Method(6).LineTable(1)
09:15:24.741 INFO: JdwpDebugServer: handling req: Method(6).LineTable(1)
09:15:24.741 INFO: JdwpDebugServer: handling req: EventRequest(15).Set(1)
09:15:24.741 INFO: JdwpEventCenterDelegate: jdwpSetEventRequest: JdwpEventRequest{requestId=126, eventKind=BREAKPOINT, suspendPolicy=EVENT_THREAD, predicates=[Location{classId=12885, methodId=1787, index=74} ]}
09:15:24.743 INFO: JdwpDebugServer: handling req: VirtualMachine(1).capabilitiesNew(17)
09:15:24.752 INFO: JdwpDebugServer: handling req: EventRequest(15).Set(1)
09:15:24.752 INFO: JdwpEventCenterDelegate: jdwpSetEventRequest: JdwpEventRequest{requestId=127, eventKind=CLASS_PREPARE, suspendPolicy=EVENT_THREAD, predicates=[className=java.lang.Error]}
09:15:24.754 INFO: JdwpDebugServer: handling req: EventRequest(15).Set(1)
09:15:24.754 INFO: JdwpEventCenterDelegate: jdwpSetEventRequest: JdwpEventRequest{requestId=128, eventKind=CLASS_PREPARE, suspendPolicy=EVENT_THREAD, predicates=[className=java.lang.Error$*]}
09:15:24.755 INFO: JdwpDebugServer: handling req: VirtualMachine(1).ClassesBySignature(2)
09:15:24.755 INFO: JdwpDebugServer: handling req: EventRequest(15).Set(1)
09:15:24.757 INFO: JdwpEventCenterDelegate: jdwpSetEventRequest: JdwpEventRequest{requestId=129, eventKind=EXCEPTION, suspendPolicy=EVENT_THREAD, predicates=[exceptionType=3425(caught=true, uncaught=true)]}
09:15:24.794 INFO: JdwpDebugServer: handling req: EventRequest(15).Set(1)
09:15:24.794 INFO: JdwpEventCenterDelegate: jdwpSetEventRequest: JdwpEventRequest{requestId=130, eventKind=CLASS_PREPARE, suspendPolicy=EVENT_THREAD, predicates=[className=java.lang.Throwable]}
09:15:24.795 INFO: JdwpDebugServer: handling req: EventRequest(15).Set(1)
09:15:24.795 INFO: JdwpEventCenterDelegate: jdwpSetEventRequest: JdwpEventRequest{requestId=131, eventKind=CLASS_PREPARE, suspendPolicy=EVENT_THREAD, predicates=[className=java.lang.Throwable$*]}
09:15:24.797 INFO: JdwpDebugServer: handling req: VirtualMachine(1).ClassesBySignature(2)
09:15:24.797 INFO: JdwpDebugServer: handling req: EventRequest(15).Set(1)
09:15:24.797 INFO: JdwpEventCenterDelegate: jdwpSetEventRequest: JdwpEventRequest{requestId=132, eventKind=EXCEPTION, suspendPolicy=EVENT_THREAD, predicates=[exceptionType=7695(caught=false, uncaught=true)]}
09:15:24.800 INFO: JdwpDebugServer: handling req: ThreadReference(11).SuspendCount(12)
09:15:24.800 INFO: JdwpDebugServer: handling req: ThreadReference(11).SuspendCount(12)
09:15:24.800 INFO: JdwpDebugServer: handling req: ThreadReference(11).SuspendCount(12)
09:15:24.800 INFO: JdwpDebugServer: handling req: ThreadReference(11).SuspendCount(12)
09:15:24.800 INFO: JdwpDebugServer: handling req: VirtualMachine(1).AllThreads(4)
09:15:24.800 INFO: JdwpDebugServer: handling req: VirtualMachine(1).Resume(9)
09:15:24.837 INFO: JdwpDebugServer: handling req: EventRequest(15).Set(1)
09:15:24.837 INFO: JdwpEventCenterDelegate: jdwpSetEventRequest: JdwpEventRequest{requestId=133, eventKind=BREAKPOINT, suspendPolicy=EVENT_THREAD, predicates=[Location{classId=12885, methodId=1787, index=74} ]}
09:15:24.842 INFO: JdwpDebugServer: handling req: ThreadReference(11).Resume(3)
09:15:24.843 INFO: JdwpEventCenterDelegate: THREAD_RESUMED: thread (33, main, main)
09:15:24.865 INFO: JdwpEventCenterDelegate: THREAD_RESUMED: thread (33, main, main)
09:15:24.865 INFO: JdwpEventCenterDelegate: THREAD_RESUMED: thread (33, main, main)
09:15:24.866 INFO: JdwpEventCenterDelegate: THREAD_RESUMED: thread (33, main, main)
09:15:24.866 INFO: JdwpEventCenterDelegate: THREAD_RESUMED: thread (33, main, main)
09:15:24.867 INFO: JdwpEventCenterDelegate: THREAD_RESUMED: thread (33, main, main)
09:15:24.867 INFO: JdwpEventCenterDelegate: THREAD_RESUMED: thread (33, main, main)
09:15:24.868 INFO: JdwpEventCenterDelegate: THREAD_RESUMED: thread (33, main, main)
09:15:24.870 INFO: JdwpEventCenterDelegate: THREAD_RESUMED: thread (33, main, main)
09:15:24.870 INFO: JdwpEventCenterDelegate: THREAD_RESUMED: thread (33, main, main)
09:15:24.871 INFO: JdwpEventCenterDelegate: THREAD_RESUMED: thread (33, main, main)
09:15:24.871 INFO: JdwpEventCenterDelegate: THREAD_RESUMED: thread (33, main, main)
09:15:24.878 INFO: JdwpEventCenterDelegate: THREAD_RESUMED: thread (33, main, main)
09:15:24.879 INFO: JdwpEventCenterDelegate: THREAD_RESUMED: thread (33, main, main)
09:15:24.879 INFO: JdwpEventCenterDelegate: THREAD_RESUMED: thread (33, main, main)
09:15:24.949 INFO: JdwpEventCenterDelegate: THREAD_RESUMED: thread (33, main, main)
09:15:24.949 INFO: JdwpEventCenterDelegate: THREAD_RESUMED: thread (33, main, main)
09:15:24.950 INFO: JdwpEventCenterDelegate: THREAD_RESUMED: thread (33, main, main)
09:15:24.962 INFO: JdwpEventCenterDelegate: THREAD_RESUMED: thread (33, main, main)
09:15:24.962 INFO: JdwpEventCenterDelegate: THREAD_RESUMED: thread (33, main, main)
09:15:24.963 INFO: JdwpEventCenterDelegate: THREAD_RESUMED: thread (33, main, main)
09:15:25.238 INFO: JdwpEventCenterDelegate: THREAD_RESUMED: thread (33, main, main)
09:15:25.238 INFO: JdwpEventCenterDelegate: THREAD_RESUMED: thread (33, main, main)
09:15:25.239 INFO: JdwpEventCenterDelegate: THREAD_RESUMED: thread (33, main, main)
09:15:25.300 INFO: JdwpEventCenterDelegate: THREAD_RESUMED: thread (33, main, main)
09:15:25.301 INFO: JdwpEventCenterDelegate: THREAD_RESUMED: thread (33, main, main)
09:15:25.302 INFO: JdwpEventCenterDelegate: THREAD_RESUMED: thread (33, main, main)
09:15:25.330 INFO: JdwpDebugServer: handling req: ThreadReference(11).Name(1)
09:15:25.332 INFO: JdwpDebugServer: handling req: ThreadReference(11).Name(1)
09:15:25.332 INFO: JdwpEventCenterDelegate: THREAD_RESUMED: thread (33, main, main)
09:15:25.332 INFO: JdwpDebugServer: handling req: ThreadReference(11).Name(1)
09:15:25.333 INFO: JdwpEventCenterDelegate: THREAD_RESUMED: thread (33, main, main)
09:15:25.333 INFO: JdwpDebugServer: handling req: ThreadReference(11).Name(1)
09:15:25.334 INFO: JdwpEventCenterDelegate: THREAD_RESUMED: thread (33, main, main)
09:15:25.356 INFO: JdwpEventCenterDelegate: THREAD_RESUMED: thread (33, main, main)
09:15:25.357 INFO: JdwpEventCenterDelegate: THREAD_RESUMED: thread (33, main, main)
09:15:25.358 INFO: JdwpEventCenterDelegate: THREAD_RESUMED: thread (33, main, main)
09:15:25.358 INFO: JdwpEventCenterDelegate: THREAD_RESUMED: thread (33, main, main)
09:15:25.365 INFO: JdwpEventCenterDelegate: THREAD_RESUMED: thread (33, main, main)
09:15:25.365 INFO: JdwpEventCenterDelegate: THREAD_RESUMED: thread (33, main, main)
09:15:25.932 INFO: JdwpEventCenterDelegate: THREAD_RESUMED: thread (33, main, main)
09:15:25.932 INFO: JdwpEventCenterDelegate: THREAD_RESUMED: thread (33, main, main)
09:15:25.951 INFO: JdwpEventCenterDelegate: THREAD_RESUMED: thread (33, main, main)
09:15:25.951 INFO: JdwpEventCenterDelegate: THREAD_RESUMED: thread (33, main, main)
09:15:25.952 INFO: JdwpEventCenterDelegate: THREAD_RESUMED: thread (33, main, main)
09:15:25.953 INFO: JdwpEventCenterDelegate: THREAD_RESUMED: thread (33, main, main)
09:15:26.020 INFO: JdwpEventCenterDelegate: THREAD_RESUMED: thread (33, main, main)
09:15:26.385 INFO: JdwpDebugServer: handling req: EventRequest(15).Set(1)
09:15:26.385 INFO: JdwpEventCenterDelegate: jdwpSetEventRequest: JdwpEventRequest{requestId=134, eventKind=BREAKPOINT, suspendPolicy=EVENT_THREAD, predicates=[Location{classId=15500, methodId=1122, index=142} ]}
09:15:26.388 INFO: JdwpDebugServer: handling req: EventRequest(15).Set(1)
09:15:26.388 INFO: JdwpEventCenterDelegate: jdwpSetEventRequest: JdwpEventRequest{requestId=135, eventKind=BREAKPOINT, suspendPolicy=EVENT_THREAD, predicates=[Location{classId=15500, methodId=1122, index=141} ]}
09:15:26.390 INFO: JdwpDebugServer: handling req: ThreadReference(11).Resume(3)
09:15:26.390 INFO: JdwpEventCenterDelegate: THREAD_RESUMED: thread (33, main, main)
09:15:26.392 INFO: JdwpEventCenterDelegate: THREAD_RESUMED: thread (33, main, main)
09:15:26.392 INFO: JdwpEventCenterDelegate: THREAD_RESUMED: thread (33, main, main)
09:15:26.393 INFO: JdwpEventCenterDelegate: THREAD_RESUMED: thread (33, main, main)
09:15:26.394 INFO: JdwpEventCenterDelegate: THREAD_RESUMED: thread (33, main, main)
09:15:26.395 INFO: JdwpEventCenterDelegate: THREAD_RESUMED: thread (33, main, main)
09:15:26.396 INFO: JdwpEventCenterDelegate: THREAD_RESUMED: thread (33, main, main)
09:15:26.397 INFO: JdwpDebugServer: handling req: EventRequest(15).Set(1)
09:15:26.397 INFO: JdwpEventCenterDelegate: jdwpSetEventRequest: JdwpEventRequest{requestId=136, eventKind=BREAKPOINT, suspendPolicy=EVENT_THREAD, predicates=[Location{classId=20400, methodId=1762, index=106} ]}
09:15:26.401 INFO: JdwpDebugServer: handling req: ThreadReference(11).Resume(3)
09:15:26.402 INFO: JdwpEventCenterDelegate: THREAD_RESUMED: thread (33, main, main)
09:15:26.433 INFO: JdwpDebugServer: handling req: ThreadReference(11).Frames(6)
09:15:26.433 INFO: JdwpDebugServer: handling req: ReferenceType(2).MethodsWithGeneric(15)
09:15:26.434 INFO: JdwpDebugServer: handling req: ReferenceType(2).MethodsWithGeneric(15)
09:15:26.434 INFO: JdwpDebugServer: handling req: ReferenceType(2).MethodsWithGeneric(15)
09:15:26.435 INFO: JdwpDebugServer: handling req: ReferenceType(2).MethodsWithGeneric(15)
09:15:26.435 INFO: JdwpDebugServer: handling req: ReferenceType(2).MethodsWithGeneric(15)
09:15:26.435 INFO: JdwpDebugServer: handling req: ReferenceType(2).MethodsWithGeneric(15)
09:15:26.439 INFO: JdwpDebugServer: handling req: ThreadReference(11).FramesCount(7)
09:15:26.440 INFO: JdwpDebugServer: handling req: ThreadReference(11).FramesCount(7)
09:15:26.714 INFO: JdwpDebugServer: handling req: ThreadReference(11).Name(1)
09:15:26.715 INFO: JdwpDebugServer: handling req: ReferenceType(2).SignatureWithGeneric(13)
09:15:26.716 INFO: JdwpDebugServer: handling req: ThreadReference(11).Name(1)
09:15:26.716 INFO: JdwpDebugServer: handling req: ThreadReference(11).Name(1)
09:15:26.717 INFO: JdwpDebugServer: handling req: ThreadReference(11).Name(1)
09:15:26.717 INFO: JdwpDebugServer: handling req: ThreadReference(11).Name(1)
09:15:26.761 INFO: JdwpDebugServer: handling req: ReferenceType(2).FieldsWithGeneric(14)
09:15:26.761 INFO: JdwpDebugServer: handling req: ReferenceType(2).Interfaces(10)
09:15:26.762 INFO: JdwpDebugServer: handling req: ClassType(3).Superclass(1)
09:15:26.762 INFO: JdwpDebugServer: handling req: ClassType(3).Superclass(1)
09:15:26.762 INFO: JdwpDebugServer: handling req: Method(6).VariableTableWithGenerics(5)
09:15:26.774 INFO: JdwpDebugServer: handling req: ReferenceType(2).SourceFile(7)
09:15:26.797 INFO: JdwpDebugServer: handling req: StackFrame(16).GetValues(1)
09:15:26.799 INFO: JdwpDebugServer: handling req: StackFrame(16).GetValues(1)
09:15:26.799 INFO: JdwpDebugServer: handling req: ObjectReference(9).ReferenceType(1)
09:15:26.800 INFO: JdwpDebugServer: handling req: StackFrame(16).GetValues(1)
09:15:26.800 INFO: JdwpDebugServer: handling req: ReferenceType(2).FieldsWithGeneric(14)
09:15:26.800 INFO: JdwpDebugServer: handling req: ReferenceType(2).Interfaces(10)
09:15:26.800 INFO: JdwpDebugServer: handling req: ReferenceType(2).FieldsWithGeneric(14)
09:15:26.800 INFO: JdwpDebugServer: handling req: ReferenceType(2).Interfaces(10)
09:15:26.800 INFO: JdwpDebugServer: handling req: ReferenceType(2).FieldsWithGeneric(14)
09:15:26.800 INFO: JdwpDebugServer: handling req: ClassType(3).Superclass(1)
09:15:26.800 INFO: JdwpDebugServer: handling req: ReferenceType(2).Interfaces(10)
09:15:26.800 INFO: JdwpDebugServer: handling req: ReferenceType(2).FieldsWithGeneric(14)
09:15:26.800 INFO: JdwpDebugServer: handling req: ReferenceType(2).Interfaces(10)
09:15:26.801 INFO: JdwpDebugServer: handling req: ClassType(3).Superclass(1)
09:15:26.802 INFO: JdwpDebugServer: handling req: ClassType(3).Superclass(1)
09:15:26.802 INFO: JdwpDebugServer: handling req: StackFrame(16).GetValues(1)
09:15:26.803 INFO: JdwpDebugServer: handling req: StackFrame(16).GetValues(1)
09:15:26.803 INFO: JdwpDebugServer: handling req: StackFrame(16).GetValues(1)
09:15:26.804 INFO: JdwpDebugServer: handling req: StackFrame(16).GetValues(1)
09:15:26.804 INFO: JdwpDebugServer: handling req: StringReference(10).Value(1)
09:15:26.805 INFO: JdwpDebugServer: handling req: ObjectReference(9).ReferenceType(1)
09:15:26.805 INFO: JdwpDebugServer: handling req: StackFrame(16).GetValues(1)
09:15:26.806 INFO: JdwpDebugServer: handling req: StackFrame(16).GetValues(1)
09:15:26.806 INFO: JdwpDebugServer: handling req: StackFrame(16).GetValues(1)
09:15:26.807 INFO: JdwpDebugServer: handling req: StackFrame(16).GetValues(1)
09:15:26.807 INFO: JdwpDebugServer: handling req: StackFrame(16).GetValues(1)
09:15:26.807 INFO: JdwpDebugServer: handling req: StackFrame(16).GetValues(1)
09:15:26.807 INFO: JdwpDebugServer: handling req: StackFrame(16).GetValues(1)
09:15:26.807 INFO: JdwpDebugServer: handling req: StackFrame(16).GetValues(1)
09:15:26.808 INFO: JdwpDebugServer: handling req: StackFrame(16).GetValues(1)
09:15:26.808 INFO: JdwpDebugServer: handling req: ClassType(3).Superclass(1)
09:15:26.808 INFO: JdwpDebugServer: handling req: ObjectReference(9).ReferenceType(1)
09:15:26.808 INFO: JdwpDebugServer: handling req: StackFrame(16).GetValues(1)
09:15:26.808 INFO: JdwpDebugServer: handling req: StackFrame(16).GetValues(1)
09:15:26.808 INFO: JdwpDebugServer: handling req: ReferenceType(2).FieldsWithGeneric(14)
09:15:26.809 INFO: JdwpDebugServer: handling req: StackFrame(16).GetValues(1)
09:15:26.809 INFO: JdwpDebugServer: handling req: ReferenceType(2).Interfaces(10)
09:15:26.809 INFO: JdwpDebugServer: handling req: StringReference(10).Value(1)
09:15:26.810 INFO: JdwpDebugServer: handling req: ReferenceType(2).FieldsWithGeneric(14)
09:15:26.810 INFO: JdwpDebugServer: handling req: StackFrame(16).GetValues(1)
09:15:26.810 INFO: JdwpDebugServer: handling req: ReferenceType(2).Interfaces(10)
09:15:26.811 INFO: JdwpDebugServer: handling req: StackFrame(16).GetValues(1)
09:15:26.811 INFO: JdwpDebugServer: handling req: ClassType(3).Superclass(1)
09:15:26.811 INFO: JdwpDebugServer: handling req: StackFrame(16).GetValues(1)
09:15:26.812 INFO: JdwpDebugServer: handling req: StackFrame(16).GetValues(1)
09:15:26.812 INFO: JdwpDebugServer: handling req: StackFrame(16).GetValues(1)
09:15:26.813 INFO: JdwpDebugServer: handling req: StackFrame(16).GetValues(1)
09:15:26.813 INFO: JdwpDebugServer: handling req: StackFrame(16).GetValues(1)
09:15:26.814 INFO: JdwpDebugServer: handling req: StackFrame(16).GetValues(1)
09:15:26.814 INFO: JdwpDebugServer: handling req: StackFrame(16).GetValues(1)
09:15:26.814 INFO: JdwpDebugServer: handling req: StackFrame(16).GetValues(1)
09:15:26.815 INFO: JdwpDebugServer: handling req: StackFrame(16).GetValues(1)
09:15:26.815 INFO: JdwpDebugServer: handling req: StackFrame(16).GetValues(1)
09:15:26.816 INFO: JdwpDebugServer: handling req: StackFrame(16).GetValues(1)
09:15:26.816 INFO: JdwpDebugServer: handling req: StackFrame(16).GetValues(1)
09:15:26.816 INFO: JdwpDebugServer: handling req: StackFrame(16).GetValues(1)
09:15:26.816 INFO: JdwpDebugServer: handling req: StackFrame(16).GetValues(1)
09:15:26.817 INFO: JdwpDebugServer: handling req: StackFrame(16).GetValues(1)
09:15:26.817 INFO: JdwpDebugServer: handling req: StackFrame(16).GetValues(1)
09:15:26.817 INFO: JdwpDebugServer: handling req: StackFrame(16).GetValues(1)
09:15:26.817 INFO: JdwpDebugServer: handling req: StackFrame(16).GetValues(1)
09:15:26.818 INFO: JdwpDebugServer: handling req: StackFrame(16).GetValues(1)
09:15:26.818 INFO: JdwpDebugServer: handling req: StackFrame(16).GetValues(1)
09:15:26.818 INFO: JdwpDebugServer: handling req: StackFrame(16).GetValues(1)
09:15:26.818 INFO: JdwpDebugServer: handling req: StackFrame(16).GetValues(1)
09:15:26.818 INFO: JdwpDebugServer: handling req: StackFrame(16).GetValues(1)
09:15:26.818 INFO: JdwpDebugServer: handling req: StackFrame(16).GetValues(1)
09:15:26.819 INFO: JdwpDebugServer: handling req: StackFrame(16).GetValues(1)
09:15:26.819 INFO: JdwpDebugServer: handling req: StackFrame(16).GetValues(1)
09:15:26.819 INFO: JdwpDebugServer: handling req: StackFrame(16).GetValues(1)
09:15:26.819 INFO: JdwpDebugServer: handling req: StackFrame(16).GetValues(1)
09:15:26.819 INFO: JdwpDebugServer: handling req: StackFrame(16).GetValues(1)
09:15:26.819 INFO: JdwpDebugServer: handling req: StackFrame(16).GetValues(1)
09:15:26.819 INFO: JdwpDebugServer: handling req: ClassType(3).Superclass(1)
09:15:26.819 INFO: JdwpDebugServer: handling req: StackFrame(16).GetValues(1)
09:15:26.820 INFO: JdwpDebugServer: handling req: StackFrame(16).GetValues(1)
09:15:26.820 INFO: JdwpDebugServer: handling req: StackFrame(16).GetValues(1)
09:15:26.820 INFO: JdwpDebugServer: handling req: StackFrame(16).GetValues(1)
09:15:26.820 INFO: JdwpDebugServer: handling req: StackFrame(16).GetValues(1)
09:15:26.833 INFO: JdwpDebugServer: handling req: StackFrame(16).GetValues(1)
09:15:26.833 INFO: JdwpDebugServer: handling req: ClassType(3).Superclass(1)
09:15:26.836 INFO: JdwpDebugServer: handling req: ThreadReference(11).FramesCount(7)
09:15:26.837 INFO: JdwpDebugServer: handling req: StackFrame(16).GetValues(1)
09:15:26.837 INFO: JdwpDebugServer: handling req: ClassType(3).Superclass(1)
09:15:26.837 INFO: JdwpDebugServer: handling req: ThreadReference(11).Name(1)
09:15:26.837 INFO: JdwpDebugServer: handling req: ThreadReference(11).Name(1)
09:15:26.838 INFO: JdwpDebugServer: handling req: ThreadReference(11).Name(1)
09:15:26.838 INFO: JdwpDebugServer: handling req: ThreadReference(11).Name(1)
09:15:26.838 INFO: JdwpDebugServer: handling req: ObjectReference(9).GetValues(2)
09:15:26.838 INFO: JdwpDebugServer: handling req: ObjectReference(9).GetValues(2)
09:15:26.839 INFO: JdwpDebugServer: handling req: ObjectReference(9).GetValues(2)
09:15:26.839 INFO: JdwpDebugServer: handling req: ObjectReference(9).GetValues(2)
09:15:26.839 INFO: JdwpDebugServer: handling req: ObjectReference(9).GetValues(2)
09:15:26.840 INFO: JdwpDebugServer: handling req: ObjectReference(9).GetValues(2)
09:15:26.840 INFO: JdwpDebugServer: handling req: ObjectReference(9).GetValues(2)
09:15:26.840 INFO: JdwpDebugServer: handling req: ObjectReference(9).GetValues(2)
09:15:26.853 INFO: JdwpDebugServer: handling req: ThreadReference(11).FramesCount(7)
09:15:26.854 INFO: JdwpDebugServer: handling req: StackFrame(16).GetValues(1)
09:15:26.854 INFO: JdwpDebugServer: handling req: ClassType(3).Superclass(1)
09:15:26.856 INFO: JdwpDebugServer: handling req: Method(6).LineTable(1)
09:15:26.856 INFO: JdwpDebugServer: handling req: StackFrame(16).ThisObject(3)
09:15:26.856 INFO: JdwpDebugServer: handling req: ObjectReference(9).ReferenceType(1)
09:15:26.856 INFO: JdwpDebugServer: handling req: Method(6).LineTable(1)
09:15:26.856 INFO: JdwpDebugServer: handling req: StackFrame(16).ThisObject(3)
09:15:26.856 INFO: JdwpDebugServer: handling req: ObjectReference(9).ReferenceType(1)
09:15:26.857 INFO: JdwpDebugServer: handling req: Method(6).LineTable(1)
09:15:26.857 INFO: JdwpDebugServer: handling req: StackFrame(16).ThisObject(3)
09:15:26.857 INFO: JdwpDebugServer: handling req: ObjectReference(9).ReferenceType(1)
09:15:26.857 INFO: JdwpDebugServer: handling req: Method(6).LineTable(1)
09:15:26.857 INFO: JdwpDebugServer: handling req: StackFrame(16).ThisObject(3)
09:15:26.857 INFO: JdwpDebugServer: handling req: ObjectReference(9).ReferenceType(1)
09:15:26.857 INFO: JdwpDebugServer: handling req: Method(6).LineTable(1)
09:15:26.857 INFO: JdwpDebugServer: handling req: StackFrame(16).ThisObject(3)
09:15:26.858 INFO: JdwpDebugServer: handling req: ObjectReference(9).ReferenceType(1)
09:15:26.858 INFO: JdwpDebugServer: handling req: Method(6).LineTable(1)
09:15:26.858 INFO: JdwpDebugServer: handling req: Method(6).LineTable(1)
09:15:26.858 INFO: JdwpDebugServer: handling req: ReferenceType(2).SignatureWithGeneric(13)
09:15:26.860 INFO: JdwpDebugServer: handling req: ObjectReference(9).GetValues(2)
09:15:26.861 INFO: JdwpDebugServer: handling req: ObjectReference(9).ReferenceType(1)
09:15:26.861 INFO: JdwpDebugServer: handling req: ClassType(3).Superclass(1)
09:15:26.861 INFO: JdwpDebugServer: handling req: StringReference(10).Value(1)
09:15:26.865 INFO: JdwpDebugServer: handling req: ObjectReference(9).GetValues(2)
09:15:26.866 INFO: JdwpDebugServer: handling req: ObjectReference(9).GetValues(2)
09:15:26.866 INFO: JdwpDebugServer: handling req: ObjectReference(9).ReferenceType(1)
09:15:26.866 INFO: JdwpDebugServer: handling req: ClassType(3).Superclass(1)
09:15:26.866 INFO: JdwpDebugServer: handling req: ClassType(3).Superclass(1)
09:15:26.866 INFO: JdwpDebugServer: handling req: ReferenceType(2).Interfaces(10)
09:15:26.866 INFO: JdwpDebugServer: handling req: ReferenceType(2).Interfaces(10)
09:15:26.867 INFO: JdwpDebugServer: handling req: ObjectReference(9).GetValues(2)
09:15:26.867 INFO: JdwpDebugServer: handling req: ObjectReference(9).GetValues(2)
09:15:26.867 INFO: JdwpDebugServer: handling req: ObjectReference(9).GetValues(2)
09:15:26.867 INFO: JdwpDebugServer: handling req: ObjectReference(9).GetValues(2)
09:15:26.867 INFO: JdwpDebugServer: handling req: ObjectReference(9).GetValues(2)
09:15:26.868 INFO: JdwpDebugServer: handling req: ObjectReference(9).GetValues(2)
09:15:26.869 INFO: JdwpDebugServer: handling req: ObjectReference(9).GetValues(2)
09:15:26.870 INFO: JdwpDebugServer: handling req: ObjectReference(9).ReferenceType(1)
09:15:26.870 INFO: JdwpDebugServer: handling req: ClassType(3).Superclass(1)
09:15:26.870 INFO: JdwpDebugServer: handling req: ObjectReference(9).GetValues(2)
09:15:26.870 INFO: JdwpDebugServer: handling req: ObjectReference(9).GetValues(2)
09:15:26.870 INFO: JdwpDebugServer: handling req: ObjectReference(9).GetValues(2)
09:15:26.870 INFO: JdwpDebugServer: handling req: ObjectReference(9).GetValues(2)
09:15:26.871 INFO: JdwpDebugServer: handling req: ObjectReference(9).GetValues(2)
09:15:26.871 INFO: JdwpDebugServer: handling req: ObjectReference(9).GetValues(2)
09:15:26.871 INFO: JdwpDebugServer: handling req: ObjectReference(9).GetValues(2)
09:15:26.871 INFO: JdwpDebugServer: handling req: ObjectReference(9).ReferenceType(1)
09:15:26.871 INFO: JdwpDebugServer: handling req: ClassType(3).Superclass(1)
09:15:26.871 INFO: JdwpDebugServer: handling req: ObjectReference(9).GetValues(2)
09:15:26.871 INFO: JdwpDebugServer: handling req: ObjectReference(9).GetValues(2)
09:15:26.872 INFO: JdwpDebugServer: handling req: ObjectReference(9).GetValues(2)
09:15:26.872 INFO: JdwpDebugServer: handling req: ObjectReference(9).GetValues(2)
09:15:26.872 INFO: JdwpDebugServer: handling req: ObjectReference(9).GetValues(2)
09:15:26.872 INFO: JdwpDebugServer: handling req: ObjectReference(9).GetValues(2)
09:15:26.872 INFO: JdwpDebugServer: handling req: ObjectReference(9).GetValues(2)
09:15:26.873 INFO: JdwpDebugServer: handling req: ObjectReference(9).GetValues(2)
09:15:26.873 INFO: JdwpDebugServer: handling req: ObjectReference(9).GetValues(2)
09:15:26.873 INFO: JdwpDebugServer: handling req: ObjectReference(9).GetValues(2)
09:15:26.873 INFO: JdwpDebugServer: handling req: ObjectReference(9).GetValues(2)
09:15:26.873 INFO: JdwpDebugServer: handling req: ReferenceType(2).FieldsWithGeneric(14)
09:15:26.873 INFO: JdwpDebugServer: handling req: ObjectReference(9).GetValues(2)
09:15:26.874 INFO: JdwpDebugServer: handling req: ReferenceType(2).FieldsWithGeneric(14)
09:15:26.874 INFO: JdwpDebugServer: handling req: ObjectReference(9).GetValues(2)
09:15:26.874 INFO: JdwpDebugServer: handling req: ObjectReference(9).GetValues(2)
09:15:26.874 INFO: JdwpDebugServer: handling req: ObjectReference(9).GetValues(2)
09:15:26.874 INFO: JdwpDebugServer: handling req: ObjectReference(9).GetValues(2)
09:15:26.874 INFO: JdwpDebugServer: handling req: ObjectReference(9).GetValues(2)
09:15:26.874 INFO: JdwpDebugServer: handling req: ObjectReference(9).GetValues(2)
09:15:26.874 INFO: JdwpDebugServer: handling req: ObjectReference(9).ReferenceType(1)
09:15:26.874 INFO: JdwpDebugServer: handling req: ObjectReference(9).GetValues(2)
09:15:26.874 INFO: JdwpDebugServer: handling req: ClassType(3).Superclass(1)
09:15:26.874 INFO: JdwpDebugServer: handling req: ObjectReference(9).GetValues(2)
09:15:26.875 INFO: JdwpDebugServer: handling req: ObjectReference(9).GetValues(2)
09:15:26.875 INFO: JdwpDebugServer: handling req: ObjectReference(9).GetValues(2)
09:15:26.875 INFO: JdwpDebugServer: handling req: ObjectReference(9).GetValues(2)
09:15:26.875 INFO: JdwpDebugServer: handling req: ObjectReference(9).GetValues(2)
09:15:26.875 INFO: JdwpDebugServer: handling req: ObjectReference(9).GetValues(2)
09:15:26.875 INFO: JdwpDebugServer: handling req: ObjectReference(9).ReferenceType(1)
09:15:26.875 INFO: JdwpDebugServer: handling req: StringReference(10).Value(1)
09:15:26.876 INFO: JdwpDebugServer: handling req: ObjectReference(9).GetValues(2)
09:15:26.876 INFO: JdwpDebugServer: handling req: ObjectReference(9).GetValues(2)
09:15:26.876 INFO: JdwpDebugServer: handling req: ObjectReference(9).ReferenceType(1)
09:15:26.876 INFO: JdwpDebugServer: handling req: ObjectReference(9).GetValues(2)
09:15:26.876 INFO: JdwpDebugServer: handling req: ReferenceType(2).FieldsWithGeneric(14)
09:15:26.876 INFO: JdwpDebugServer: handling req: ObjectReference(9).GetValues(2)
09:15:26.876 INFO: JdwpDebugServer: handling req: ReferenceType(2).Interfaces(10)
09:15:26.876 INFO: JdwpDebugServer: handling req: ObjectReference(9).GetValues(2)
09:15:26.876 INFO: JdwpDebugServer: handling req: ClassType(3).Superclass(1)
09:15:26.876 INFO: JdwpDebugServer: handling req: ObjectReference(9).GetValues(2)
09:15:26.877 INFO: JdwpDebugServer: handling req: ReferenceType(2).FieldsWithGeneric(14)
09:15:26.877 INFO: JdwpDebugServer: handling req: ObjectReference(9).GetValues(2)
09:15:26.877 INFO: JdwpDebugServer: handling req: ReferenceType(2).Interfaces(10)
09:15:26.877 INFO: JdwpDebugServer: handling req: ObjectReference(9).GetValues(2)
09:15:26.877 INFO: JdwpDebugServer: handling req: ClassType(3).Superclass(1)
09:15:26.877 INFO: JdwpDebugServer: handling req: ReferenceType(2).FieldsWithGeneric(14)
09:15:26.877 INFO: JdwpDebugServer: handling req: ObjectReference(9).GetValues(2)
09:15:26.877 INFO: JdwpDebugServer: handling req: ReferenceType(2).Interfaces(10)
09:15:26.877 INFO: JdwpDebugServer: handling req: ObjectReference(9).GetValues(2)
09:15:26.878 INFO: JdwpDebugServer: handling req: ClassType(3).Superclass(1)
09:15:26.878 INFO: JdwpDebugServer: handling req: ObjectReference(9).GetValues(2)
09:15:26.878 INFO: JdwpDebugServer: handling req: ObjectReference(9).GetValues(2)
09:15:26.878 INFO: JdwpDebugServer: handling req: ObjectReference(9).GetValues(2)
09:15:26.878 INFO: JdwpDebugServer: handling req: ObjectReference(9).ReferenceType(1)
09:15:26.878 INFO: JdwpDebugServer: handling req: ObjectReference(9).GetValues(2)
09:15:26.878 INFO: JdwpDebugServer: handling req: ReferenceType(2).FieldsWithGeneric(14)
09:15:26.879 INFO: JdwpDebugServer: handling req: ObjectReference(9).GetValues(2)
09:15:26.879 INFO: JdwpDebugServer: handling req: ReferenceType(2).Interfaces(10)
09:15:26.879 INFO: JdwpDebugServer: handling req: ObjectReference(9).GetValues(2)
09:15:26.879 INFO: JdwpDebugServer: handling req: ClassType(3).Superclass(1)
09:15:26.879 INFO: JdwpDebugServer: handling req: ObjectReference(9).GetValues(2)
09:15:26.879 INFO: JdwpDebugServer: handling req: ReferenceType(2).FieldsWithGeneric(14)
09:15:26.879 INFO: JdwpDebugServer: handling req: ObjectReference(9).GetValues(2)
09:15:26.879 INFO: JdwpDebugServer: handling req: ReferenceType(2).Interfaces(10)
09:15:26.879 INFO: JdwpDebugServer: handling req: ObjectReference(9).GetValues(2)
09:15:26.880 INFO: JdwpDebugServer: handling req: ClassType(3).Superclass(1)
09:15:26.880 INFO: JdwpDebugServer: handling req: ObjectReference(9).GetValues(2)
09:15:26.880 INFO: JdwpDebugServer: handling req: ObjectReference(9).GetValues(2)
09:15:26.880 INFO: JdwpDebugServer: handling req: ClassType(3).Superclass(1)
09:15:26.880 INFO: JdwpDebugServer: handling req: ObjectReference(9).GetValues(2)
09:15:26.880 INFO: JdwpDebugServer: handling req: ObjectReference(9).GetValues(2)
09:15:26.880 INFO: JdwpDebugServer: handling req: ObjectReference(9).GetValues(2)
09:15:26.880 INFO: JdwpDebugServer: handling req: ObjectReference(9).GetValues(2)
09:15:26.881 INFO: JdwpDebugServer: handling req: ObjectReference(9).ReferenceType(1)
09:15:26.881 INFO: JdwpDebugServer: handling req: ObjectReference(9).GetValues(2)
09:15:26.881 INFO: JdwpDebugServer: handling req: ObjectReference(9).GetValues(2)
09:15:26.881 INFO: JdwpDebugServer: handling req: StringReference(10).Value(1)
09:15:26.881 INFO: JdwpDebugServer: handling req: ObjectReference(9).GetValues(2)
09:15:26.881 INFO: JdwpDebugServer: handling req: ObjectReference(9).GetValues(2)
09:15:26.881 INFO: JdwpDebugServer: handling req: ObjectReference(9).ReferenceType(1)
09:15:26.882 INFO: JdwpDebugServer: handling req: ObjectReference(9).GetValues(2)
09:15:26.882 INFO: JdwpDebugServer: handling req: ObjectReference(9).GetValues(2)
09:15:26.882 INFO: JdwpDebugServer: handling req: ObjectReference(9).GetValues(2)
09:15:26.882 INFO: JdwpDebugServer: handling req: ObjectReference(9).ReferenceType(1)
09:15:26.882 INFO: JdwpDebugServer: handling req: ObjectReference(9).GetValues(2)
09:15:26.882 INFO: JdwpDebugServer: handling req: ObjectReference(9).GetValues(2)
09:15:26.882 INFO: JdwpDebugServer: handling req: ClassType(3).Superclass(1)
09:15:26.882 INFO: JdwpDebugServer: handling req: ObjectReference(9).ReferenceType(1)
09:15:26.882 INFO: JdwpDebugServer: handling req: ObjectReference(9).GetValues(2)
09:15:26.882 INFO: JdwpDebugServer: handling req: ObjectReference(9).GetValues(2)
09:15:26.882 INFO: JdwpDebugServer: handling req: ObjectReference(9).GetValues(2)
09:15:26.882 INFO: JdwpDebugServer: handling req: ObjectReference(9).GetValues(2)
09:15:26.883 INFO: JdwpDebugServer: handling req: ObjectReference(9).GetValues(2)
09:15:26.883 INFO: JdwpDebugServer: handling req: ObjectReference(9).GetValues(2)
09:15:26.883 INFO: JdwpDebugServer: handling req: ObjectReference(9).GetValues(2)
09:15:26.883 INFO: JdwpDebugServer: handling req: ObjectReference(9).GetValues(2)
09:15:26.883 INFO: JdwpDebugServer: handling req: ObjectReference(9).GetValues(2)
09:15:26.883 INFO: JdwpDebugServer: handling req: ClassType(3).Superclass(1)
09:15:26.883 INFO: JdwpDebugServer: handling req: ObjectReference(9).GetValues(2)
09:15:26.883 INFO: JdwpDebugServer: handling req: ObjectReference(9).GetValues(2)
09:15:26.884 INFO: JdwpDebugServer: handling req: ObjectReference(9).GetValues(2)
09:15:26.884 INFO: JdwpDebugServer: handling req: ObjectReference(9).GetValues(2)
09:15:26.884 INFO: JdwpDebugServer: handling req: ObjectReference(9).GetValues(2)
09:15:26.884 INFO: JdwpDebugServer: handling req: ObjectReference(9).GetValues(2)
09:15:26.884 INFO: JdwpDebugServer: handling req: ObjectReference(9).GetValues(2)
09:15:26.884 INFO: JdwpDebugServer: handling req: ObjectReference(9).GetValues(2)
09:15:26.884 INFO: JdwpDebugServer: handling req: ObjectReference(9).GetValues(2)
09:15:26.885 INFO: JdwpDebugServer: handling req: ObjectReference(9).GetValues(2)
09:15:26.885 INFO: JdwpDebugServer: handling req: ObjectReference(9).GetValues(2)
09:15:26.885 INFO: JdwpDebugServer: handling req: ObjectReference(9).GetValues(2)
09:15:26.885 INFO: JdwpDebugServer: handling req: ObjectReference(9).GetValues(2)
09:15:26.885 INFO: JdwpDebugServer: handling req: ObjectReference(9).GetValues(2)
09:15:26.886 INFO: JdwpDebugServer: handling req: ObjectReference(9).GetValues(2)
09:15:26.886 INFO: JdwpDebugServer: handling req: ObjectReference(9).GetValues(2)
09:15:26.886 INFO: JdwpDebugServer: handling req: ObjectReference(9).GetValues(2)
09:15:26.886 INFO: JdwpDebugServer: handling req: ObjectReference(9).GetValues(2)
09:15:26.886 INFO: JdwpDebugServer: handling req: ObjectReference(9).GetValues(2)
09:15:26.886 INFO: JdwpDebugServer: handling req: ObjectReference(9).GetValues(2)
09:15:26.887 INFO: JdwpDebugServer: handling req: ObjectReference(9).GetValues(2)
09:15:26.887 INFO: JdwpDebugServer: handling req: ClassType(3).Superclass(1)
09:15:26.887 INFO: JdwpDebugServer: handling req: ObjectReference(9).GetValues(2)
09:15:26.887 INFO: JdwpDebugServer: handling req: ObjectReference(9).GetValues(2)
09:15:26.887 INFO: JdwpDebugServer: handling req: ObjectReference(9).GetValues(2)
09:15:26.887 INFO: JdwpDebugServer: handling req: ObjectReference(9).GetValues(2)
09:15:26.888 INFO: JdwpDebugServer: handling req: ObjectReference(9).GetValues(2)
09:15:26.888 INFO: JdwpDebugServer: handling req: ObjectReference(9).GetValues(2)
09:15:26.888 INFO: JdwpDebugServer: handling req: ObjectReference(9).GetValues(2)
09:15:26.889 INFO: JdwpDebugServer: handling req: ObjectReference(9).GetValues(2)
09:15:26.889 INFO: JdwpDebugServer: handling req: ObjectReference(9).GetValues(2)
09:15:26.889 INFO: JdwpDebugServer: handling req: ObjectReference(9).GetValues(2)
09:15:26.889 INFO: JdwpDebugServer: handling req: ObjectReference(9).GetValues(2)
09:15:26.889 INFO: JdwpDebugServer: handling req: ObjectReference(9).GetValues(2)
09:15:26.889 INFO: JdwpDebugServer: handling req: ObjectReference(9).GetValues(2)
09:15:26.889 INFO: JdwpDebugServer: handling req: ObjectReference(9).GetValues(2)
09:15:26.890 INFO: JdwpDebugServer: handling req: ClassType(3).Superclass(1)
09:15:26.890 INFO: JdwpDebugServer: handling req: ObjectReference(9).GetValues(2)
09:15:26.890 INFO: JdwpDebugServer: handling req: ObjectReference(9).GetValues(2)
09:15:26.890 INFO: JdwpDebugServer: handling req: ObjectReference(9).GetValues(2)
09:15:26.890 INFO: JdwpDebugServer: handling req: ObjectReference(9).GetValues(2)
09:15:26.890 INFO: JdwpDebugServer: handling req: ObjectReference(9).GetValues(2)
09:15:26.891 INFO: JdwpDebugServer: handling req: ObjectReference(9).GetValues(2)
09:15:26.891 INFO: JdwpDebugServer: handling req: ObjectReference(9).GetValues(2)
09:15:26.891 INFO: JdwpDebugServer: handling req: ClassType(3).Superclass(1)
09:15:26.891 INFO: JdwpDebugServer: handling req: ObjectReference(9).GetValues(2)
09:15:26.891 INFO: JdwpDebugServer: handling req: ObjectReference(9).GetValues(2)
09:15:26.891 INFO: JdwpDebugServer: handling req: ObjectReference(9).GetValues(2)
09:15:26.892 INFO: JdwpDebugServer: handling req: ObjectReference(9).GetValues(2)
09:15:26.892 INFO: JdwpDebugServer: handling req: ObjectReference(9).GetValues(2)
09:15:26.892 INFO: JdwpDebugServer: handling req: ObjectReference(9).GetValues(2)
09:15:26.892 INFO: JdwpDebugServer: handling req: ObjectReference(9).GetValues(2)
09:15:26.892 INFO: JdwpDebugServer: handling req: ClassType(3).Superclass(1)
09:15:26.892 INFO: JdwpDebugServer: handling req: ObjectReference(9).GetValues(2)
09:15:26.893 INFO: JdwpDebugServer: handling req: ObjectReference(9).GetValues(2)
09:15:26.893 INFO: JdwpDebugServer: handling req: ObjectReference(9).GetValues(2)
09:15:26.893 INFO: JdwpDebugServer: handling req: ObjectReference(9).GetValues(2)
09:15:26.893 INFO: JdwpDebugServer: handling req: ObjectReference(9).GetValues(2)
09:15:26.893 INFO: JdwpDebugServer: handling req: ObjectReference(9).GetValues(2)
09:15:26.893 INFO: JdwpDebugServer: handling req: ObjectReference(9).GetValues(2)
09:15:26.894 INFO: JdwpDebugServer: handling req: ObjectReference(9).GetValues(2)
09:15:26.894 INFO: JdwpDebugServer: handling req: ObjectReference(9).GetValues(2)
09:15:26.894 INFO: JdwpDebugServer: handling req: ObjectReference(9).GetValues(2)
09:15:26.894 INFO: JdwpDebugServer: handling req: ObjectReference(9).GetValues(2)
09:15:26.895 INFO: JdwpDebugServer: handling req: ObjectReference(9).GetValues(2)
09:15:26.895 INFO: JdwpDebugServer: handling req: ObjectReference(9).GetValues(2)
09:15:26.895 INFO: JdwpDebugServer: handling req: ObjectReference(9).GetValues(2)
09:15:26.895 INFO: JdwpDebugServer: handling req: ClassType(3).Superclass(1)
09:15:26.900 INFO: JdwpDebugServer: handling req: ObjectReference(9).GetValues(2)
09:15:26.901 INFO: JdwpDebugServer: handling req: ObjectReference(9).GetValues(2)
09:15:26.902 INFO: JdwpDebugServer: handling req: ObjectReference(9).GetValues(2)
09:15:26.902 INFO: JdwpDebugServer: handling req: StringReference(10).Value(1)
09:15:26.902 INFO: JdwpDebugServer: handling req: ObjectReference(9).GetValues(2)
09:15:26.903 INFO: JdwpDebugServer: handling req: ObjectReference(9).GetValues(2)
09:15:29.541 INFO: JdwpDebugServer: handling req: ThreadReference(11).Resume(3)
09:15:29.541 INFO: JdwpEventCenterDelegate: THREAD_RESUMED: thread (33, main, main)
09:15:29.544 INFO: JdwpDebugServer: handling req: ReferenceType(2).MethodsWithGeneric(15)
09:15:29.546 INFO: JdwpDebugServer: handling req: Method(6).LineTable(1)
09:15:29.547 INFO: JdwpDebugServer: handling req: Method(6).LineTable(1)
09:15:29.548 INFO: JdwpDebugServer: handling req: Method(6).LineTable(1)
09:15:29.548 INFO: JdwpDebugServer: handling req: ThreadReference(11).Resume(3)
09:15:29.548 INFO: JdwpEventCenterDelegate: THREAD_RESUMED: thread (33, main, main)
09:15:29.550 INFO: JdwpEventCenterDelegate: THREAD_RESUMED: thread (33, main, main)
09:15:29.595 SEVERE: Debugger: Thread HooksChannel socket thread crashed
org.robovm.debugger.DebuggerException: java.nio.BufferUnderflowException
	at org.robovm.debugger.hooks.HooksChannel.doSocketWork(HooksChannel.java:149)
	at java.base/java.lang.Thread.run(Thread.java:833)
	at org.robovm.debugger.utils.DebuggerThread.run(DebuggerThread.java:42)
Caused by: java.nio.BufferUnderflowException
	at org.robovm.debugger.utils.bytebuffer.DataBufferWriter.writeFromStream(DataBufferWriter.java:91)
	at org.robovm.debugger.hooks.HooksChannel.doSocketWork(HooksChannel.java:116)
	... 2 more
09:15:29.600 INFO: JdwpDebugServer: handling req: ThreadReference(11).Name(1)
