11:04:43.249 INFO: JdwpEventCenterDelegate: THREAD_STARTED: thread (33, main, main)
11:04:43.267 INFO: JdwpEventCenterDelegate: THREAD_STARTED: thread (48, ReferenceQueueDaemon, main)
11:04:43.268 INFO: JdwpEventCenterDelegate: THREAD_STARTED: thread (63, FinalizerDaemon, main)
11:04:43.269 INFO: JdwpEventCenterDelegate: THREAD_STARTED: thread (78, FinalizerWatchdogDaemon, main)
11:04:44.443 INFO: JdwpDebugServer: handling req: VirtualMachine(1).IDSizes(7)
11:04:44.444 INFO: JdwpDebugServer: handling req: EventRequest(15).Set(1)
11:04:44.444 INFO: JdwpEventCenterDelegate: jdwpSetEventRequest: JdwpEventRequest{requestId=100, eventKind=CLASS_UNLOAD, suspendPolicy=NONE, predicates=[]}
11:04:44.445 INFO: JdwpDebugServer: handling req: EventRequest(15).Set(1)
11:04:44.445 INFO: JdwpEventCenterDelegate: jdwpSetEventRequest: JdwpEventRequest{requestId=101, eventKind=THREAD_START, suspendPolicy=NONE, predicates=[]}
11:04:44.448 INFO: JdwpDebugServer: handling req: VirtualMachine(1).ClassesBySignature(2)
11:04:44.456 INFO: JdwpDebugServer: handling req: VirtualMachine(1).Version(1)
11:04:44.456 INFO: JdwpDebugServer: handling req: ReferenceType(2).MethodsWithGeneric(15)
11:04:44.460 INFO: JdwpDebugServer: handling req: Method(6).LineTable(1)
11:04:44.461 INFO: JdwpDebugServer: handling req: EventRequest(15).Set(1)
11:04:44.462 INFO: JdwpEventCenterDelegate: jdwpSetEventRequest: JdwpEventRequest{requestId=102, eventKind=BREAKPOINT, suspendPolicy=NONE, predicates=[Location{classId=845, methodId=257, index=928} ]}
11:04:44.468 INFO: JdwpDebugServer: handling req: EventRequest(15).Set(1)
11:04:44.470 INFO: JdwpEventCenterDelegate: jdwpSetEventRequest: JdwpEventRequest{requestId=103, eventKind=THREAD_DEATH, suspendPolicy=NONE, predicates=[]}
11:04:44.471 INFO: JdwpDebugServer: handling req: VirtualMachine(1).AllThreads(4)
11:04:44.476 INFO: JdwpDebugServer: handling req: ThreadReference(11).ThreadGroup(5)
11:04:44.476 INFO: JdwpDebugServer: handling req: ThreadGroup(12).Name(1)
11:04:44.476 INFO: JdwpDebugServer: handling req: ThreadGroup(12).Parent(2)
11:04:44.476 INFO: JdwpDebugServer: handling req: ObjectReference(9).ReferenceType(1)
11:04:44.477 INFO: JdwpDebugServer: handling req: ReferenceType(2).FieldsWithGeneric(14)
11:04:44.478 INFO: JdwpDebugServer: handling req: ReferenceType(2).Interfaces(10)
11:04:44.478 INFO: JdwpDebugServer: handling req: ReferenceType(2).FieldsWithGeneric(14)
11:04:44.479 INFO: JdwpDebugServer: handling req: ReferenceType(2).Interfaces(10)
11:04:44.479 INFO: JdwpDebugServer: handling req: ClassType(3).Superclass(1)
11:04:44.479 INFO: JdwpDebugServer: handling req: ReferenceType(2).FieldsWithGeneric(14)
11:04:44.480 INFO: JdwpDebugServer: handling req: ReferenceType(2).Interfaces(10)
11:04:44.480 INFO: JdwpDebugServer: handling req: ClassType(3).Superclass(1)
11:04:44.480 INFO: JdwpDebugServer: handling req: ObjectReference(9).GetValues(2)
11:04:44.481 INFO: JdwpDebugServer: handling req: ThreadReference(11).Status(4)
11:04:44.482 INFO: JdwpDebugServer: handling req: ThreadReference(11).Status(4)
11:04:44.483 INFO: JdwpDebugServer: handling req: ThreadReference(11).ThreadGroup(5)
11:04:44.483 INFO: JdwpDebugServer: handling req: ObjectReference(9).ReferenceType(1)
11:04:44.483 INFO: JdwpDebugServer: handling req: ObjectReference(9).GetValues(2)
11:04:44.484 INFO: JdwpDebugServer: handling req: ThreadReference(11).Status(4)
11:04:44.484 INFO: JdwpDebugServer: handling req: ThreadReference(11).Status(4)
11:04:44.484 INFO: JdwpDebugServer: handling req: ThreadReference(11).ThreadGroup(5)
11:04:44.484 INFO: JdwpDebugServer: handling req: ObjectReference(9).ReferenceType(1)
11:04:44.484 INFO: JdwpDebugServer: handling req: ObjectReference(9).GetValues(2)
11:04:44.485 INFO: JdwpDebugServer: handling req: ThreadReference(11).Status(4)
11:04:44.485 INFO: JdwpDebugServer: handling req: ThreadReference(11).Status(4)
11:04:44.485 INFO: JdwpDebugServer: handling req: ThreadReference(11).ThreadGroup(5)
11:04:44.485 INFO: JdwpDebugServer: handling req: ObjectReference(9).ReferenceType(1)
11:04:44.485 INFO: JdwpDebugServer: handling req: ObjectReference(9).GetValues(2)
11:04:44.486 INFO: JdwpDebugServer: handling req: ThreadReference(11).Status(4)
11:04:44.486 INFO: JdwpDebugServer: handling req: ThreadReference(11).Status(4)
11:04:44.494 INFO: JdwpDebugServer: handling req: EventRequest(15).Set(1)
11:04:44.494 INFO: JdwpEventCenterDelegate: jdwpSetEventRequest: JdwpEventRequest{requestId=104, eventKind=CLASS_PREPARE, suspendPolicy=EVENT_THREAD, predicates=[className=java.lang.Throwable]}
11:04:44.500 INFO: JdwpDebugServer: handling req: EventRequest(15).Set(1)
11:04:44.500 INFO: JdwpEventCenterDelegate: jdwpSetEventRequest: JdwpEventRequest{requestId=105, eventKind=CLASS_PREPARE, suspendPolicy=EVENT_THREAD, predicates=[className=java.lang.Throwable$*]}
11:04:44.507 INFO: JdwpDebugServer: handling req: VirtualMachine(1).ClassesBySignature(2)
11:04:44.508 INFO: JdwpDebugServer: handling req: ReferenceType(2).MethodsWithGeneric(15)
11:04:44.509 INFO: JdwpDebugServer: handling req: Method(6).LineTable(1)
11:04:44.509 INFO: JdwpDebugServer: handling req: Method(6).LineTable(1)
11:04:44.509 INFO: JdwpDebugServer: handling req: Method(6).LineTable(1)
11:04:44.510 INFO: JdwpDebugServer: handling req: Method(6).LineTable(1)
11:04:44.516 INFO: JdwpDebugServer: handling req: Method(6).LineTable(1)
11:04:44.517 INFO: JdwpDebugServer: handling req: Method(6).LineTable(1)
11:04:44.517 INFO: JdwpDebugServer: handling req: Method(6).LineTable(1)
11:04:44.517 INFO: JdwpDebugServer: handling req: Method(6).LineTable(1)
11:04:44.517 INFO: JdwpDebugServer: handling req: Method(6).LineTable(1)
11:04:44.518 INFO: JdwpDebugServer: handling req: Method(6).LineTable(1)
11:04:44.518 INFO: JdwpDebugServer: handling req: Method(6).LineTable(1)
11:04:44.518 INFO: JdwpDebugServer: handling req: Method(6).LineTable(1)
11:04:44.519 INFO: JdwpDebugServer: handling req: Method(6).LineTable(1)
11:04:44.519 INFO: JdwpDebugServer: handling req: Method(6).LineTable(1)
11:04:44.519 INFO: JdwpDebugServer: handling req: Method(6).LineTable(1)
11:04:44.520 INFO: JdwpDebugServer: handling req: Method(6).LineTable(1)
11:04:44.520 INFO: JdwpDebugServer: handling req: Method(6).LineTable(1)
11:04:44.520 INFO: JdwpDebugServer: handling req: Method(6).LineTable(1)
11:04:44.520 INFO: JdwpDebugServer: handling req: Method(6).LineTable(1)
11:04:44.520 INFO: JdwpDebugServer: handling req: Method(6).LineTable(1)
11:04:44.520 INFO: JdwpDebugServer: handling req: Method(6).LineTable(1)
11:04:44.521 INFO: JdwpDebugServer: handling req: Method(6).LineTable(1)
11:04:44.521 INFO: JdwpDebugServer: handling req: Method(6).LineTable(1)
11:04:44.522 INFO: JdwpDebugServer: handling req: Method(6).LineTable(1)
11:04:44.523 INFO: JdwpDebugServer: handling req: VirtualMachine(1).ClassesBySignature(2)
11:04:44.523 INFO: JdwpDebugServer: handling req: VirtualMachine(1).AllClassesWithGeneric(20)
11:04:44.607 INFO: JdwpDebugServer: handling req: EventRequest(15).Set(1)
11:04:44.607 INFO: JdwpEventCenterDelegate: jdwpSetEventRequest: JdwpEventRequest{requestId=106, eventKind=CLASS_PREPARE, suspendPolicy=EVENT_THREAD, predicates=[className=com.badlogic.gdx.utils.ScreenUtils]}
11:04:44.609 INFO: JdwpDebugServer: handling req: EventRequest(15).Set(1)
11:04:44.609 INFO: JdwpEventCenterDelegate: jdwpSetEventRequest: JdwpEventRequest{requestId=107, eventKind=CLASS_PREPARE, suspendPolicy=EVENT_THREAD, predicates=[className=com.badlogic.gdx.utils.ScreenUtils$*]}
11:04:44.610 INFO: JdwpDebugServer: handling req: VirtualMachine(1).ClassesBySignature(2)
11:04:44.611 INFO: JdwpDebugServer: handling req: ReferenceType(2).MethodsWithGeneric(15)
11:04:44.613 INFO: JdwpDebugServer: handling req: Method(6).LineTable(1)
11:04:44.614 INFO: JdwpDebugServer: handling req: Method(6).LineTable(1)
11:04:44.614 INFO: JdwpDebugServer: handling req: Method(6).LineTable(1)
11:04:44.614 INFO: JdwpDebugServer: handling req: Method(6).LineTable(1)
11:04:44.615 INFO: JdwpDebugServer: handling req: Method(6).LineTable(1)
11:04:44.615 INFO: JdwpDebugServer: handling req: Method(6).LineTable(1)
11:04:44.615 INFO: JdwpDebugServer: handling req: Method(6).LineTable(1)
11:04:44.615 INFO: JdwpDebugServer: handling req: Method(6).LineTable(1)
11:04:44.616 INFO: JdwpDebugServer: handling req: Method(6).LineTable(1)
11:04:44.616 INFO: JdwpDebugServer: handling req: Method(6).LineTable(1)
11:04:44.616 INFO: JdwpDebugServer: handling req: EventRequest(15).Set(1)
11:04:44.616 INFO: JdwpEventCenterDelegate: jdwpSetEventRequest: JdwpEventRequest{requestId=108, eventKind=BREAKPOINT, suspendPolicy=EVENT_THREAD, predicates=[Location{classId=22230, methodId=1272, index=89} ]}
11:04:44.620 INFO: JdwpDebugServer: handling req: EventRequest(15).Set(1)
11:04:44.620 INFO: JdwpEventCenterDelegate: jdwpSetEventRequest: JdwpEventRequest{requestId=109, eventKind=CLASS_PREPARE, suspendPolicy=EVENT_THREAD, predicates=[className=com.badlogic.gdx.utils.ScreenUtils]}
11:04:44.621 INFO: JdwpDebugServer: handling req: EventRequest(15).Set(1)
11:04:44.621 INFO: JdwpEventCenterDelegate: jdwpSetEventRequest: JdwpEventRequest{requestId=110, eventKind=CLASS_PREPARE, suspendPolicy=EVENT_THREAD, predicates=[className=com.badlogic.gdx.utils.ScreenUtils$*]}
11:04:44.624 INFO: JdwpDebugServer: handling req: VirtualMachine(1).ClassesBySignature(2)
11:04:44.625 INFO: JdwpDebugServer: handling req: EventRequest(15).Set(1)
11:04:44.625 INFO: JdwpEventCenterDelegate: jdwpSetEventRequest: JdwpEventRequest{requestId=111, eventKind=BREAKPOINT, suspendPolicy=EVENT_THREAD, predicates=[Location{classId=22230, methodId=1267, index=72} ]}
11:04:44.626 INFO: JdwpDebugServer: handling req: EventRequest(15).Set(1)
11:04:44.626 INFO: JdwpEventCenterDelegate: jdwpSetEventRequest: JdwpEventRequest{requestId=112, eventKind=CLASS_PREPARE, suspendPolicy=EVENT_THREAD, predicates=[className=com.abdalla.bushnaq.pluvia.engine.GameEngine]}
11:04:44.627 INFO: JdwpDebugServer: handling req: EventRequest(15).Set(1)
11:04:44.627 INFO: JdwpEventCenterDelegate: jdwpSetEventRequest: JdwpEventRequest{requestId=113, eventKind=CLASS_PREPARE, suspendPolicy=EVENT_THREAD, predicates=[className=com.abdalla.bushnaq.pluvia.engine.GameEngine$*]}
11:04:44.630 INFO: JdwpDebugServer: handling req: VirtualMachine(1).ClassesBySignature(2)
11:04:44.630 INFO: JdwpDebugServer: handling req: ReferenceType(2).MethodsWithGeneric(15)
11:04:44.631 INFO: JdwpDebugServer: handling req: Method(6).LineTable(1)
11:04:44.631 INFO: JdwpDebugServer: handling req: Method(6).LineTable(1)
11:04:44.631 INFO: JdwpDebugServer: handling req: Method(6).LineTable(1)
11:04:44.632 INFO: JdwpDebugServer: handling req: Method(6).LineTable(1)
11:04:44.632 INFO: JdwpDebugServer: handling req: Method(6).LineTable(1)
11:04:44.632 INFO: JdwpDebugServer: handling req: Method(6).LineTable(1)
11:04:44.632 INFO: JdwpDebugServer: handling req: Method(6).LineTable(1)
11:04:44.633 INFO: JdwpDebugServer: handling req: Method(6).LineTable(1)
11:04:44.633 INFO: JdwpDebugServer: handling req: Method(6).LineTable(1)
11:04:44.633 INFO: JdwpDebugServer: handling req: Method(6).LineTable(1)
11:04:44.633 INFO: JdwpDebugServer: handling req: Method(6).LineTable(1)
11:04:44.633 INFO: JdwpDebugServer: handling req: Method(6).LineTable(1)
11:04:44.633 INFO: JdwpDebugServer: handling req: Method(6).LineTable(1)
11:04:44.633 INFO: JdwpDebugServer: handling req: Method(6).LineTable(1)
11:04:44.634 INFO: JdwpDebugServer: handling req: Method(6).LineTable(1)
11:04:44.634 INFO: JdwpDebugServer: handling req: Method(6).LineTable(1)
11:04:44.635 INFO: JdwpDebugServer: handling req: Method(6).LineTable(1)
11:04:44.636 INFO: JdwpDebugServer: handling req: Method(6).LineTable(1)
11:04:44.637 INFO: JdwpDebugServer: handling req: Method(6).LineTable(1)
11:04:44.637 INFO: JdwpDebugServer: handling req: Method(6).LineTable(1)
11:04:44.637 INFO: JdwpDebugServer: handling req: Method(6).LineTable(1)
11:04:44.637 INFO: JdwpDebugServer: handling req: Method(6).LineTable(1)
11:04:44.637 INFO: JdwpDebugServer: handling req: Method(6).LineTable(1)
11:04:44.638 INFO: JdwpDebugServer: handling req: Method(6).LineTable(1)
11:04:44.638 INFO: JdwpDebugServer: handling req: Method(6).LineTable(1)
11:04:44.638 INFO: JdwpDebugServer: handling req: Method(6).LineTable(1)
11:04:44.638 INFO: JdwpDebugServer: handling req: Method(6).LineTable(1)
11:04:44.638 INFO: JdwpDebugServer: handling req: Method(6).LineTable(1)
11:04:44.639 INFO: JdwpDebugServer: handling req: Method(6).LineTable(1)
11:04:44.639 INFO: JdwpDebugServer: handling req: Method(6).LineTable(1)
11:04:44.639 INFO: JdwpDebugServer: handling req: Method(6).LineTable(1)
11:04:44.639 INFO: JdwpDebugServer: handling req: Method(6).LineTable(1)
11:04:44.640 INFO: JdwpDebugServer: handling req: EventRequest(15).Set(1)
11:04:44.640 INFO: JdwpEventCenterDelegate: jdwpSetEventRequest: JdwpEventRequest{requestId=114, eventKind=BREAKPOINT, suspendPolicy=EVENT_THREAD, predicates=[Location{classId=16855, methodId=1297, index=100} ]}
11:04:44.640 INFO: JdwpDebugServer: handling req: VirtualMachine(1).capabilitiesNew(17)
11:04:44.643 INFO: JdwpDebugServer: handling req: EventRequest(15).Set(1)
11:04:44.643 INFO: JdwpEventCenterDelegate: jdwpSetEventRequest: JdwpEventRequest{requestId=115, eventKind=CLASS_PREPARE, suspendPolicy=EVENT_THREAD, predicates=[className=java.lang.Error]}
11:04:44.647 INFO: JdwpDebugServer: handling req: EventRequest(15).Set(1)
11:04:44.647 INFO: JdwpEventCenterDelegate: jdwpSetEventRequest: JdwpEventRequest{requestId=116, eventKind=CLASS_PREPARE, suspendPolicy=EVENT_THREAD, predicates=[className=java.lang.Error$*]}
11:04:44.648 INFO: JdwpDebugServer: handling req: VirtualMachine(1).ClassesBySignature(2)
11:04:44.650 INFO: JdwpDebugServer: handling req: EventRequest(15).Set(1)
11:04:44.651 INFO: JdwpEventCenterDelegate: jdwpSetEventRequest: JdwpEventRequest{requestId=117, eventKind=EXCEPTION, suspendPolicy=EVENT_THREAD, predicates=[exceptionType=3425(caught=true, uncaught=true)]}
11:04:44.707 INFO: JdwpDebugServer: handling req: EventRequest(15).Set(1)
11:04:44.707 INFO: JdwpEventCenterDelegate: jdwpSetEventRequest: JdwpEventRequest{requestId=118, eventKind=CLASS_PREPARE, suspendPolicy=EVENT_THREAD, predicates=[className=java.lang.Throwable]}
11:04:44.709 INFO: JdwpDebugServer: handling req: EventRequest(15).Set(1)
11:04:44.709 INFO: JdwpEventCenterDelegate: jdwpSetEventRequest: JdwpEventRequest{requestId=119, eventKind=CLASS_PREPARE, suspendPolicy=EVENT_THREAD, predicates=[className=java.lang.Throwable$*]}
11:04:44.711 INFO: JdwpDebugServer: handling req: VirtualMachine(1).ClassesBySignature(2)
11:04:44.711 INFO: JdwpDebugServer: handling req: EventRequest(15).Set(1)
11:04:44.711 INFO: JdwpEventCenterDelegate: jdwpSetEventRequest: JdwpEventRequest{requestId=120, eventKind=EXCEPTION, suspendPolicy=EVENT_THREAD, predicates=[exceptionType=7695(caught=false, uncaught=true)]}
11:04:44.716 INFO: JdwpDebugServer: handling req: ThreadReference(11).SuspendCount(12)
11:04:44.716 INFO: JdwpDebugServer: handling req: ThreadReference(11).SuspendCount(12)
11:04:44.717 INFO: JdwpDebugServer: handling req: ThreadReference(11).SuspendCount(12)
11:04:44.717 INFO: JdwpDebugServer: handling req: ThreadReference(11).SuspendCount(12)
11:04:44.717 INFO: JdwpDebugServer: handling req: VirtualMachine(1).AllThreads(4)
11:04:44.718 INFO: JdwpDebugServer: handling req: VirtualMachine(1).Resume(9)
11:04:44.806 INFO: JdwpEventCenterDelegate: THREAD_RESUMED: thread (33, main, main)
11:04:44.807 INFO: JdwpEventCenterDelegate: THREAD_RESUMED: thread (33, main, main)
11:04:44.809 INFO: JdwpEventCenterDelegate: THREAD_RESUMED: thread (33, main, main)
11:04:44.809 INFO: JdwpEventCenterDelegate: THREAD_RESUMED: thread (33, main, main)
11:04:44.810 INFO: JdwpEventCenterDelegate: THREAD_RESUMED: thread (33, main, main)
11:04:44.813 INFO: JdwpEventCenterDelegate: THREAD_RESUMED: thread (33, main, main)
11:04:44.814 INFO: JdwpEventCenterDelegate: THREAD_RESUMED: thread (33, main, main)
11:04:44.816 INFO: JdwpEventCenterDelegate: THREAD_RESUMED: thread (33, main, main)
11:04:44.816 INFO: JdwpEventCenterDelegate: THREAD_RESUMED: thread (33, main, main)
11:04:44.817 INFO: JdwpEventCenterDelegate: THREAD_RESUMED: thread (33, main, main)
11:04:44.817 INFO: JdwpEventCenterDelegate: THREAD_RESUMED: thread (33, main, main)
11:04:44.824 INFO: JdwpEventCenterDelegate: THREAD_RESUMED: thread (33, main, main)
11:04:44.825 INFO: JdwpEventCenterDelegate: THREAD_RESUMED: thread (33, main, main)
11:04:44.828 INFO: JdwpEventCenterDelegate: THREAD_RESUMED: thread (33, main, main)
11:04:44.893 INFO: JdwpEventCenterDelegate: THREAD_RESUMED: thread (33, main, main)
11:04:44.894 INFO: JdwpEventCenterDelegate: THREAD_RESUMED: thread (33, main, main)
11:04:44.894 INFO: JdwpEventCenterDelegate: THREAD_RESUMED: thread (33, main, main)
11:04:44.903 INFO: JdwpEventCenterDelegate: THREAD_RESUMED: thread (33, main, main)
11:04:44.904 INFO: JdwpEventCenterDelegate: THREAD_RESUMED: thread (33, main, main)
11:04:44.904 INFO: JdwpEventCenterDelegate: THREAD_RESUMED: thread (33, main, main)
11:04:45.176 INFO: JdwpDebugServer: handling req: EventRequest(15).Set(1)
11:04:45.176 INFO: JdwpEventCenterDelegate: jdwpSetEventRequest: JdwpEventRequest{requestId=121, eventKind=BREAKPOINT, suspendPolicy=EVENT_THREAD, predicates=[Location{classId=16855, methodId=1297, index=100} ]}
11:04:45.180 INFO: JdwpDebugServer: handling req: ThreadReference(11).Resume(3)
11:04:45.181 INFO: JdwpEventCenterDelegate: THREAD_RESUMED: thread (33, main, main)
11:04:45.202 INFO: JdwpDebugServer: handling req: ThreadReference(11).Frames(6)
11:04:45.203 INFO: JdwpDebugServer: handling req: ReferenceType(2).MethodsWithGeneric(15)
11:04:45.203 INFO: JdwpDebugServer: handling req: ReferenceType(2).MethodsWithGeneric(15)
11:04:45.204 INFO: JdwpDebugServer: handling req: ReferenceType(2).MethodsWithGeneric(15)
11:04:48.394 INFO: JdwpDebugServer: handling req: ReferenceType(2).SourceFile(7)
11:04:48.544 INFO: JdwpDebugServer: handling req: ThreadReference(11).Name(1)
11:04:48.548 INFO: JdwpDebugServer: handling req: ReferenceType(2).SignatureWithGeneric(13)
11:04:48.549 INFO: JdwpDebugServer: handling req: StackFrame(16).ThisObject(3)
11:04:48.561 INFO: JdwpDebugServer: handling req: ObjectReference(9).ReferenceType(1)
11:04:49.516 INFO: JdwpDebugServer: handling req: Method(6).VariableTableWithGenerics(5)
11:04:49.583 INFO: JdwpDebugServer: handling req: ReferenceType(2).FieldsWithGeneric(14)
11:04:49.585 INFO: JdwpDebugServer: handling req: ReferenceType(2).Interfaces(10)
11:04:49.585 INFO: JdwpDebugServer: handling req: ReferenceType(2).FieldsWithGeneric(14)
11:04:49.587 INFO: JdwpDebugServer: handling req: ReferenceType(2).Interfaces(10)
11:04:49.587 INFO: JdwpDebugServer: handling req: ReferenceType(2).FieldsWithGeneric(14)
11:04:49.588 INFO: JdwpDebugServer: handling req: ReferenceType(2).Interfaces(10)
11:04:49.588 INFO: JdwpDebugServer: handling req: ReferenceType(2).FieldsWithGeneric(14)
11:04:49.588 INFO: JdwpDebugServer: handling req: ReferenceType(2).Interfaces(10)
11:04:49.588 INFO: JdwpDebugServer: handling req: ClassType(3).Superclass(1)
11:04:49.589 INFO: JdwpDebugServer: handling req: ClassType(3).Superclass(1)
11:04:49.595 INFO: JdwpDebugServer: handling req: StackFrame(16).GetValues(1)
11:04:49.601 INFO: JdwpDebugServer: handling req: ReferenceType(2).Modifiers(3)
11:04:49.602 INFO: JdwpDebugServer: handling req: ClassType(3).Superclass(1)
11:04:49.602 INFO: JdwpDebugServer: handling req: ClassType(3).Superclass(1)
11:04:49.608 INFO: JdwpDebugServer: handling req: StackFrame(16).GetValues(1)
11:04:49.609 INFO: JdwpDebugServer: handling req: StackFrame(16).GetValues(1)
11:04:49.610 INFO: JdwpDebugServer: handling req: StackFrame(16).GetValues(1)
11:04:49.610 INFO: JdwpDebugServer: handling req: StackFrame(16).GetValues(1)
11:04:49.611 INFO: JdwpDebugServer: handling req: StackFrame(16).GetValues(1)
11:04:49.611 INFO: JdwpDebugServer: handling req: StackFrame(16).GetValues(1)
11:04:49.611 INFO: JdwpDebugServer: handling req: StackFrame(16).GetValues(1)
11:04:49.623 INFO: JdwpDebugServer: handling req: ThreadReference(11).Name(1)
11:04:49.624 INFO: JdwpDebugServer: handling req: ThreadReference(11).Name(1)
11:04:49.626 INFO: JdwpDebugServer: handling req: ThreadReference(11).Name(1)
11:04:49.626 INFO: JdwpDebugServer: handling req: ThreadReference(11).Name(1)
11:04:49.635 INFO: JdwpDebugServer: handling req: ThreadReference(11).FramesCount(7)
11:04:49.696 INFO: JdwpDebugServer: handling req: StackFrame(16).ThisObject(3)
11:04:49.699 INFO: JdwpDebugServer: handling req: ObjectReference(9).ReferenceType(1)
11:04:49.700 INFO: JdwpDebugServer: handling req: Method(6).LineTable(1)
11:04:49.701 INFO: JdwpDebugServer: handling req: StackFrame(16).ThisObject(3)
11:04:49.702 INFO: JdwpDebugServer: handling req: ObjectReference(9).ReferenceType(1)
11:04:49.703 INFO: JdwpDebugServer: handling req: Method(6).LineTable(1)
11:04:49.704 INFO: JdwpDebugServer: handling req: Method(6).LineTable(1)
11:04:49.717 INFO: JdwpDebugServer: handling req: Method(6).LineTable(1)
11:04:52.265 INFO: JdwpDebugServer: handling req: StackFrame(16).GetValues(1)
11:04:52.267 INFO: JdwpDebugServer: handling req: StackFrame(16).GetValues(1)
11:04:52.268 INFO: JdwpDebugServer: handling req: StackFrame(16).GetValues(1)
11:04:52.268 INFO: JdwpDebugServer: handling req: StackFrame(16).GetValues(1)
11:04:52.269 INFO: JdwpDebugServer: handling req: StackFrame(16).GetValues(1)
11:04:52.269 INFO: JdwpDebugServer: handling req: StackFrame(16).GetValues(1)
11:04:55.142 INFO: JdwpDebugServer: handling req: ClassType(3).Superclass(1)
11:04:55.142 INFO: JdwpDebugServer: handling req: StackFrame(16).GetValues(1)
11:04:55.143 INFO: JdwpDebugServer: handling req: StackFrame(16).GetValues(1)
11:04:55.144 INFO: JdwpDebugServer: handling req: StackFrame(16).GetValues(1)
11:04:55.144 INFO: JdwpDebugServer: handling req: StackFrame(16).GetValues(1)
11:04:55.144 INFO: JdwpDebugServer: handling req: StackFrame(16).GetValues(1)
11:04:55.145 INFO: JdwpDebugServer: handling req: StackFrame(16).GetValues(1)
11:04:55.145 INFO: JdwpDebugServer: handling req: StackFrame(16).GetValues(1)
11:04:55.145 INFO: JdwpDebugServer: handling req: StackFrame(16).GetValues(1)
11:04:57.740 INFO: JdwpDebugServer: handling req: ReferenceType(2).SourceFile(7)
11:04:57.781 INFO: JdwpDebugServer: handling req: Method(6).VariableTableWithGenerics(5)
11:04:57.789 INFO: JdwpDebugServer: handling req: ReferenceType(2).FieldsWithGeneric(14)
11:04:57.790 INFO: JdwpDebugServer: handling req: ReferenceType(2).Modifiers(3)
11:04:57.790 INFO: JdwpDebugServer: handling req: ReferenceType(2).Interfaces(10)
11:04:57.791 INFO: JdwpDebugServer: handling req: ClassType(3).Superclass(1)
11:04:57.791 INFO: JdwpDebugServer: handling req: ClassType(3).Superclass(1)
11:04:57.791 INFO: JdwpDebugServer: handling req: ClassType(3).Superclass(1)
11:04:57.791 INFO: JdwpDebugServer: handling req: ReferenceType(2).FieldsWithGeneric(14)
11:04:57.791 INFO: JdwpDebugServer: handling req: ClassType(3).Superclass(1)
11:04:57.791 INFO: JdwpDebugServer: handling req: ReferenceType(2).Interfaces(10)
11:04:57.792 INFO: JdwpDebugServer: handling req: ClassType(3).Superclass(1)
11:04:57.792 INFO: JdwpDebugServer: handling req: ReferenceType(2).FieldsWithGeneric(14)
11:04:57.794 INFO: JdwpDebugServer: handling req: ClassType(3).Superclass(1)
11:04:57.797 INFO: JdwpDebugServer: handling req: ReferenceType(2).Interfaces(10)
11:04:57.797 INFO: JdwpDebugServer: handling req: ClassType(3).Superclass(1)
11:04:57.798 INFO: JdwpDebugServer: handling req: ReferenceType(2).FieldsWithGeneric(14)
11:04:57.798 INFO: JdwpDebugServer: handling req: ClassType(3).Superclass(1)
11:04:57.798 INFO: JdwpDebugServer: handling req: ReferenceType(2).Interfaces(10)
11:04:57.798 INFO: JdwpDebugServer: handling req: ReferenceType(2).Interfaces(10)
11:04:57.799 INFO: JdwpDebugServer: handling req: ReferenceType(2).FieldsWithGeneric(14)
11:04:57.800 INFO: JdwpDebugServer: handling req: ReferenceType(2).Interfaces(10)
11:04:57.800 INFO: JdwpDebugServer: handling req: ReferenceType(2).Interfaces(10)
11:04:57.800 INFO: JdwpDebugServer: handling req: ReferenceType(2).Interfaces(10)
11:04:57.800 INFO: JdwpDebugServer: handling req: ReferenceType(2).FieldsWithGeneric(14)
11:04:57.800 INFO: JdwpDebugServer: handling req: ReferenceType(2).Interfaces(10)
11:04:57.801 INFO: JdwpDebugServer: handling req: ReferenceType(2).FieldsWithGeneric(14)
11:04:57.801 INFO: JdwpDebugServer: handling req: ReferenceType(2).Interfaces(10)
11:04:57.801 INFO: JdwpDebugServer: handling req: ReferenceType(2).FieldsWithGeneric(14)
11:04:57.801 INFO: JdwpDebugServer: handling req: ReferenceType(2).Interfaces(10)
11:04:57.802 INFO: JdwpDebugServer: handling req: ReferenceType(2).FieldsWithGeneric(14)
11:04:57.802 INFO: JdwpDebugServer: handling req: StackFrame(16).GetValues(1)
11:04:57.803 INFO: JdwpDebugServer: handling req: StackFrame(16).GetValues(1)
11:04:57.803 INFO: JdwpDebugServer: handling req: ObjectReference(9).ReferenceType(1)
11:04:57.803 INFO: JdwpDebugServer: handling req: StackFrame(16).GetValues(1)
11:04:57.804 INFO: JdwpDebugServer: handling req: ClassType(3).Superclass(1)
11:04:57.804 INFO: JdwpDebugServer: handling req: ReferenceType(2).FieldsWithGeneric(14)
11:04:57.804 INFO: JdwpDebugServer: handling req: ClassType(3).Superclass(1)
11:04:57.804 INFO: JdwpDebugServer: handling req: ReferenceType(2).Interfaces(10)
11:04:57.804 INFO: JdwpDebugServer: handling req: ReferenceType(2).Interfaces(10)
11:04:57.804 INFO: JdwpDebugServer: handling req: StackFrame(16).GetValues(1)
11:04:57.805 INFO: JdwpDebugServer: handling req: StackFrame(16).GetValues(1)
11:04:57.805 INFO: JdwpDebugServer: handling req: StackFrame(16).GetValues(1)
11:04:57.806 INFO: JdwpDebugServer: handling req: StackFrame(16).GetValues(1)
11:04:57.806 INFO: JdwpDebugServer: handling req: StackFrame(16).GetValues(1)
11:05:08.310 INFO: JdwpDebugServer: handling req: EventRequest(15).Set(1)
11:05:08.312 INFO: JdwpEventCenterDelegate: jdwpSetEventRequest: JdwpEventRequest{requestId=122, eventKind=CLASS_PREPARE, suspendPolicy=EVENT_THREAD, predicates=[className=com.abdalla.bushnaq.pluvia.launcher.IOSLauncher]}
11:05:08.323 INFO: JdwpDebugServer: handling req: EventRequest(15).Set(1)
11:05:08.323 INFO: JdwpEventCenterDelegate: jdwpSetEventRequest: JdwpEventRequest{requestId=123, eventKind=CLASS_PREPARE, suspendPolicy=EVENT_THREAD, predicates=[className=com.abdalla.bushnaq.pluvia.launcher.IOSLauncher$*]}
11:05:08.327 INFO: JdwpDebugServer: handling req: VirtualMachine(1).ClassesBySignature(2)
11:05:08.328 INFO: JdwpDebugServer: handling req: Method(6).LineTable(1)
11:05:08.328 INFO: JdwpDebugServer: handling req: Method(6).LineTable(1)
11:05:08.329 INFO: JdwpDebugServer: handling req: Method(6).LineTable(1)
11:05:08.329 INFO: JdwpDebugServer: handling req: Method(6).LineTable(1)
11:05:08.329 INFO: JdwpDebugServer: handling req: Method(6).LineTable(1)
11:05:08.330 INFO: JdwpDebugServer: handling req: Method(6).LineTable(1)
11:05:08.330 INFO: JdwpDebugServer: handling req: EventRequest(15).Set(1)
11:05:08.330 INFO: JdwpEventCenterDelegate: jdwpSetEventRequest: JdwpEventRequest{requestId=124, eventKind=BREAKPOINT, suspendPolicy=EVENT_THREAD, predicates=[Location{classId=12880, methodId=4122, index=67} ]}
11:05:13.712 INFO: JdwpDebugServer: handling req: EventRequest(15).Set(1)
11:05:13.713 INFO: JdwpEventCenterDelegate: jdwpSetEventRequest: JdwpEventRequest{requestId=125, eventKind=CLASS_PREPARE, suspendPolicy=EVENT_THREAD, predicates=[className=com.abdalla.bushnaq.pluvia.launcher.IOSLauncher]}
11:05:13.716 INFO: JdwpDebugServer: handling req: EventRequest(15).Set(1)
11:05:13.716 INFO: JdwpEventCenterDelegate: jdwpSetEventRequest: JdwpEventRequest{requestId=126, eventKind=CLASS_PREPARE, suspendPolicy=EVENT_THREAD, predicates=[className=com.abdalla.bushnaq.pluvia.launcher.IOSLauncher$*]}
11:05:13.725 INFO: JdwpDebugServer: handling req: VirtualMachine(1).ClassesBySignature(2)
11:05:13.726 INFO: JdwpDebugServer: handling req: EventRequest(15).Set(1)
11:05:13.726 INFO: JdwpEventCenterDelegate: jdwpSetEventRequest: JdwpEventRequest{requestId=127, eventKind=BREAKPOINT, suspendPolicy=EVENT_THREAD, predicates=[Location{classId=12880, methodId=4112, index=22} ]}
11:05:16.586 INFO: JdwpDebugServer: handling req: VirtualMachine(1).Exit(10)
11:05:16.587 SEVERE: Debugger: Thread JDWP server socket thread crashed
org.robovm.debugger.DebuggerException: Terminating due exit command
	at org.robovm.debugger.jdwp.JdwpDebugServer.doSocketWork(JdwpDebugServer.java:211)
	at java.base/java.lang.Thread.run(Thread.java:833)
	at org.robovm.debugger.utils.DebuggerThread.run(DebuggerThread.java:42)
11:05:16.699 SEVERE: Debugger: Thread HooksChannel socket thread crashed
org.robovm.debugger.DebuggerException: java.nio.BufferUnderflowException
	at org.robovm.debugger.hooks.HooksChannel.doSocketWork(HooksChannel.java:149)
	at java.base/java.lang.Thread.run(Thread.java:833)
	at org.robovm.debugger.utils.DebuggerThread.run(DebuggerThread.java:42)
Caused by: java.nio.BufferUnderflowException
	at org.robovm.debugger.utils.bytebuffer.DataBufferWriter.writeFromStream(DataBufferWriter.java:91)
	at org.robovm.debugger.hooks.HooksChannel.doSocketWork(HooksChannel.java:116)
	... 2 more
