11:21:17.851 INFO: JdwpEventCenterDelegate: THREAD_STARTED: thread (33, main, main)
11:21:17.862 INFO: JdwpEventCenterDelegate: THREAD_STARTED: thread (48, ReferenceQueueDaemon, main)
11:21:17.869 INFO: JdwpEventCenterDelegate: THREAD_STARTED: thread (63, FinalizerDaemon, main)
11:21:17.875 INFO: JdwpEventCenterDelegate: THREAD_STARTED: thread (78, FinalizerWatchdogDaemon, main)
11:21:22.007 INFO: JdwpDebugServer: handling req: VirtualMachine(1).IDSizes(7)
11:21:22.008 INFO: JdwpDebugServer: handling req: EventRequest(15).Set(1)
11:21:22.008 INFO: JdwpEventCenterDelegate: jdwpSetEventRequest: JdwpEventRequest{requestId=100, eventKind=CLASS_UNLOAD, suspendPolicy=NONE, predicates=[]}
11:21:22.009 INFO: JdwpDebugServer: handling req: EventRequest(15).Set(1)
11:21:22.009 INFO: JdwpEventCenterDelegate: jdwpSetEventRequest: JdwpEventRequest{requestId=101, eventKind=THREAD_START, suspendPolicy=NONE, predicates=[]}
11:21:22.010 INFO: JdwpDebugServer: handling req: VirtualMachine(1).ClassesBySignature(2)
11:21:22.011 INFO: JdwpDebugServer: handling req: VirtualMachine(1).Version(1)
11:21:22.012 INFO: JdwpDebugServer: handling req: ReferenceType(2).MethodsWithGeneric(15)
11:21:22.015 INFO: JdwpDebugServer: handling req: Method(6).LineTable(1)
11:21:22.016 INFO: JdwpDebugServer: handling req: EventRequest(15).Set(1)
11:21:22.016 INFO: JdwpEventCenterDelegate: jdwpSetEventRequest: JdwpEventRequest{requestId=102, eventKind=BREAKPOINT, suspendPolicy=NONE, predicates=[Location{classId=845, methodId=257, index=928} ]}
11:21:22.018 INFO: JdwpDebugServer: handling req: EventRequest(15).Set(1)
11:21:22.018 INFO: JdwpEventCenterDelegate: jdwpSetEventRequest: JdwpEventRequest{requestId=103, eventKind=THREAD_DEATH, suspendPolicy=NONE, predicates=[]}
11:21:22.018 INFO: JdwpDebugServer: handling req: VirtualMachine(1).AllThreads(4)
11:21:22.019 INFO: JdwpDebugServer: handling req: ThreadReference(11).ThreadGroup(5)
11:21:22.019 INFO: JdwpDebugServer: handling req: ThreadGroup(12).Name(1)
11:21:22.019 INFO: JdwpDebugServer: handling req: ThreadGroup(12).Parent(2)
11:21:22.019 INFO: JdwpDebugServer: handling req: ObjectReference(9).ReferenceType(1)
11:21:22.020 INFO: JdwpDebugServer: handling req: ReferenceType(2).FieldsWithGeneric(14)
11:21:22.020 INFO: JdwpDebugServer: handling req: ReferenceType(2).Interfaces(10)
11:21:22.021 INFO: JdwpDebugServer: handling req: ReferenceType(2).FieldsWithGeneric(14)
11:21:22.021 INFO: JdwpDebugServer: handling req: ReferenceType(2).Interfaces(10)
11:21:22.021 INFO: JdwpDebugServer: handling req: ClassType(3).Superclass(1)
11:21:22.021 INFO: JdwpDebugServer: handling req: ReferenceType(2).FieldsWithGeneric(14)
11:21:22.022 INFO: JdwpDebugServer: handling req: ReferenceType(2).Interfaces(10)
11:21:22.022 INFO: JdwpDebugServer: handling req: ClassType(3).Superclass(1)
11:21:22.022 INFO: JdwpDebugServer: handling req: ObjectReference(9).GetValues(2)
11:21:22.025 INFO: JdwpDebugServer: handling req: ThreadReference(11).Status(4)
11:21:22.026 INFO: JdwpDebugServer: handling req: ThreadReference(11).Status(4)
11:21:22.026 INFO: JdwpDebugServer: handling req: ThreadReference(11).ThreadGroup(5)
11:21:22.027 INFO: JdwpDebugServer: handling req: ObjectReference(9).ReferenceType(1)
11:21:22.027 INFO: JdwpDebugServer: handling req: ObjectReference(9).GetValues(2)
11:21:22.029 INFO: JdwpDebugServer: handling req: ThreadReference(11).Status(4)
11:21:22.029 INFO: JdwpDebugServer: handling req: ThreadReference(11).Status(4)
11:21:22.029 INFO: JdwpDebugServer: handling req: ThreadReference(11).ThreadGroup(5)
11:21:22.029 INFO: JdwpDebugServer: handling req: ObjectReference(9).ReferenceType(1)
11:21:22.029 INFO: JdwpDebugServer: handling req: ObjectReference(9).GetValues(2)
11:21:22.031 INFO: JdwpDebugServer: handling req: ThreadReference(11).Status(4)
11:21:22.031 INFO: JdwpDebugServer: handling req: ThreadReference(11).Status(4)
11:21:22.031 INFO: JdwpDebugServer: handling req: ThreadReference(11).ThreadGroup(5)
11:21:22.032 INFO: JdwpDebugServer: handling req: ObjectReference(9).ReferenceType(1)
11:21:22.032 INFO: JdwpDebugServer: handling req: ObjectReference(9).GetValues(2)
11:21:22.033 INFO: JdwpDebugServer: handling req: ThreadReference(11).Status(4)
11:21:22.033 INFO: JdwpDebugServer: handling req: ThreadReference(11).Status(4)
11:21:22.035 INFO: JdwpDebugServer: handling req: EventRequest(15).Set(1)
11:21:22.035 INFO: JdwpEventCenterDelegate: jdwpSetEventRequest: JdwpEventRequest{requestId=104, eventKind=CLASS_PREPARE, suspendPolicy=EVENT_THREAD, predicates=[className=com.abdalla.bushnaq.pluvia.engine.AudioManager]}
11:21:22.040 INFO: JdwpDebugServer: handling req: EventRequest(15).Set(1)
11:21:22.040 INFO: JdwpEventCenterDelegate: jdwpSetEventRequest: JdwpEventRequest{requestId=105, eventKind=CLASS_PREPARE, suspendPolicy=EVENT_THREAD, predicates=[className=com.abdalla.bushnaq.pluvia.engine.AudioManager$*]}
11:21:22.042 INFO: JdwpDebugServer: handling req: VirtualMachine(1).ClassesBySignature(2)
11:21:22.043 INFO: JdwpDebugServer: handling req: ReferenceType(2).MethodsWithGeneric(15)
11:21:22.043 INFO: JdwpDebugServer: handling req: Method(6).LineTable(1)
11:21:22.043 INFO: JdwpDebugServer: handling req: Method(6).LineTable(1)
11:21:22.044 INFO: JdwpDebugServer: handling req: Method(6).LineTable(1)
11:21:22.044 INFO: JdwpDebugServer: handling req: Method(6).LineTable(1)
11:21:22.044 INFO: JdwpDebugServer: handling req: VirtualMachine(1).ClassesBySignature(2)
11:21:22.045 INFO: JdwpDebugServer: handling req: VirtualMachine(1).AllClassesWithGeneric(20)
11:21:22.069 INFO: JdwpDebugServer: handling req: VirtualMachine(1).capabilitiesNew(17)
11:21:22.070 INFO: JdwpDebugServer: handling req: EventRequest(15).Set(1)
11:21:22.070 INFO: JdwpEventCenterDelegate: jdwpSetEventRequest: JdwpEventRequest{requestId=106, eventKind=CLASS_PREPARE, suspendPolicy=EVENT_THREAD, predicates=[className=java.lang.Error]}
11:21:22.072 INFO: JdwpDebugServer: handling req: EventRequest(15).Set(1)
11:21:22.072 INFO: JdwpEventCenterDelegate: jdwpSetEventRequest: JdwpEventRequest{requestId=107, eventKind=CLASS_PREPARE, suspendPolicy=EVENT_THREAD, predicates=[className=java.lang.Error$*]}
11:21:22.074 INFO: JdwpDebugServer: handling req: VirtualMachine(1).ClassesBySignature(2)
11:21:22.075 INFO: JdwpDebugServer: handling req: EventRequest(15).Set(1)
11:21:22.075 INFO: JdwpEventCenterDelegate: jdwpSetEventRequest: JdwpEventRequest{requestId=108, eventKind=EXCEPTION, suspendPolicy=EVENT_THREAD, predicates=[exceptionType=3425(caught=true, uncaught=true)]}
11:21:22.085 INFO: JdwpDebugServer: handling req: EventRequest(15).Set(1)
11:21:22.085 INFO: JdwpEventCenterDelegate: jdwpSetEventRequest: JdwpEventRequest{requestId=109, eventKind=CLASS_PREPARE, suspendPolicy=EVENT_THREAD, predicates=[className=java.lang.Throwable]}
11:21:22.087 INFO: JdwpDebugServer: handling req: EventRequest(15).Set(1)
11:21:22.087 INFO: JdwpEventCenterDelegate: jdwpSetEventRequest: JdwpEventRequest{requestId=110, eventKind=CLASS_PREPARE, suspendPolicy=EVENT_THREAD, predicates=[className=java.lang.Throwable$*]}
11:21:22.088 INFO: JdwpDebugServer: handling req: VirtualMachine(1).ClassesBySignature(2)
11:21:22.089 INFO: JdwpDebugServer: handling req: EventRequest(15).Set(1)
11:21:22.089 INFO: JdwpEventCenterDelegate: jdwpSetEventRequest: JdwpEventRequest{requestId=111, eventKind=EXCEPTION, suspendPolicy=EVENT_THREAD, predicates=[exceptionType=7695(caught=false, uncaught=true)]}
11:21:22.090 INFO: JdwpDebugServer: handling req: ThreadReference(11).SuspendCount(12)
11:21:22.090 INFO: JdwpDebugServer: handling req: ThreadReference(11).SuspendCount(12)
11:21:22.090 INFO: JdwpDebugServer: handling req: ThreadReference(11).SuspendCount(12)
11:21:22.091 INFO: JdwpDebugServer: handling req: ThreadReference(11).SuspendCount(12)
11:21:22.091 INFO: JdwpDebugServer: handling req: VirtualMachine(1).AllThreads(4)
11:21:22.091 INFO: JdwpDebugServer: handling req: VirtualMachine(1).Resume(9)
11:21:22.147 INFO: JdwpEventCenterDelegate: THREAD_RESUMED: thread (33, main, main)
11:21:22.150 INFO: JdwpEventCenterDelegate: THREAD_RESUMED: thread (33, main, main)
11:21:22.152 INFO: JdwpEventCenterDelegate: THREAD_RESUMED: thread (33, main, main)
11:21:22.154 INFO: JdwpEventCenterDelegate: THREAD_RESUMED: thread (33, main, main)
11:21:22.155 INFO: JdwpEventCenterDelegate: THREAD_RESUMED: thread (33, main, main)
11:21:22.156 INFO: JdwpEventCenterDelegate: THREAD_RESUMED: thread (33, main, main)
11:21:22.158 INFO: JdwpEventCenterDelegate: THREAD_RESUMED: thread (33, main, main)
11:21:22.158 INFO: JdwpEventCenterDelegate: THREAD_RESUMED: thread (33, main, main)
11:21:22.160 INFO: JdwpEventCenterDelegate: THREAD_RESUMED: thread (33, main, main)
11:21:22.161 INFO: JdwpEventCenterDelegate: THREAD_RESUMED: thread (33, main, main)
11:21:22.163 INFO: JdwpEventCenterDelegate: THREAD_RESUMED: thread (33, main, main)
11:21:22.164 INFO: JdwpEventCenterDelegate: THREAD_RESUMED: thread (33, main, main)
11:21:22.165 INFO: JdwpEventCenterDelegate: THREAD_RESUMED: thread (33, main, main)
11:21:22.167 INFO: JdwpEventCenterDelegate: THREAD_RESUMED: thread (33, main, main)
11:21:22.168 INFO: JdwpEventCenterDelegate: THREAD_RESUMED: thread (33, main, main)
11:21:22.170 INFO: JdwpEventCenterDelegate: THREAD_RESUMED: thread (33, main, main)
11:21:22.181 INFO: JdwpEventCenterDelegate: THREAD_RESUMED: thread (33, main, main)
11:21:22.192 INFO: JdwpEventCenterDelegate: THREAD_RESUMED: thread (33, main, main)
11:21:22.198 INFO: JdwpEventCenterDelegate: THREAD_RESUMED: thread (33, main, main)
11:21:22.205 INFO: JdwpEventCenterDelegate: THREAD_RESUMED: thread (33, main, main)
11:21:22.210 INFO: JdwpEventCenterDelegate: THREAD_RESUMED: thread (33, main, main)
11:21:22.212 INFO: JdwpEventCenterDelegate: THREAD_RESUMED: thread (33, main, main)
11:21:22.213 INFO: JdwpEventCenterDelegate: THREAD_RESUMED: thread (33, main, main)
11:21:22.215 INFO: JdwpEventCenterDelegate: THREAD_RESUMED: thread (33, main, main)
11:21:22.217 INFO: JdwpEventCenterDelegate: THREAD_RESUMED: thread (33, main, main)
11:21:22.264 INFO: JdwpEventCenterDelegate: THREAD_RESUMED: thread (33, main, main)
11:21:22.265 INFO: JdwpEventCenterDelegate: THREAD_RESUMED: thread (33, main, main)
11:21:22.266 INFO: JdwpEventCenterDelegate: THREAD_RESUMED: thread (33, main, main)
11:21:22.267 INFO: JdwpEventCenterDelegate: THREAD_RESUMED: thread (33, main, main)
11:21:22.268 INFO: JdwpEventCenterDelegate: THREAD_RESUMED: thread (33, main, main)
11:21:22.269 INFO: JdwpEventCenterDelegate: THREAD_RESUMED: thread (33, main, main)
11:21:22.270 INFO: JdwpEventCenterDelegate: THREAD_RESUMED: thread (33, main, main)
11:21:22.277 INFO: JdwpEventCenterDelegate: THREAD_RESUMED: thread (33, main, main)
11:21:22.278 INFO: JdwpEventCenterDelegate: THREAD_RESUMED: thread (33, main, main)
11:21:22.279 INFO: JdwpEventCenterDelegate: THREAD_RESUMED: thread (33, main, main)
11:21:22.280 INFO: JdwpEventCenterDelegate: THREAD_RESUMED: thread (33, main, main)
11:21:22.281 INFO: JdwpEventCenterDelegate: THREAD_RESUMED: thread (33, main, main)
11:21:22.282 INFO: JdwpEventCenterDelegate: THREAD_RESUMED: thread (33, main, main)
11:21:22.283 INFO: JdwpEventCenterDelegate: THREAD_RESUMED: thread (33, main, main)
11:21:22.311 INFO: JdwpEventCenterDelegate: THREAD_RESUMED: thread (33, main, main)
11:21:22.312 INFO: JdwpEventCenterDelegate: THREAD_RESUMED: thread (33, main, main)
11:21:22.313 INFO: JdwpEventCenterDelegate: THREAD_RESUMED: thread (33, main, main)
11:21:22.314 INFO: JdwpEventCenterDelegate: THREAD_RESUMED: thread (33, main, main)
11:21:22.315 INFO: JdwpEventCenterDelegate: THREAD_RESUMED: thread (33, main, main)
11:21:22.316 INFO: JdwpEventCenterDelegate: THREAD_RESUMED: thread (33, main, main)
11:21:22.317 INFO: JdwpEventCenterDelegate: THREAD_RESUMED: thread (33, main, main)
11:21:22.330 INFO: JdwpEventCenterDelegate: THREAD_RESUMED: thread (33, main, main)
11:21:22.331 INFO: JdwpEventCenterDelegate: THREAD_RESUMED: thread (33, main, main)
11:21:22.332 INFO: JdwpEventCenterDelegate: THREAD_RESUMED: thread (33, main, main)
11:21:22.333 INFO: JdwpEventCenterDelegate: THREAD_RESUMED: thread (33, main, main)
11:21:22.334 INFO: JdwpEventCenterDelegate: THREAD_RESUMED: thread (33, main, main)
11:21:22.335 INFO: JdwpEventCenterDelegate: THREAD_RESUMED: thread (33, main, main)
11:21:22.336 INFO: JdwpEventCenterDelegate: THREAD_RESUMED: thread (33, main, main)
11:21:22.348 INFO: JdwpEventCenterDelegate: THREAD_RESUMED: thread (33, main, main)
11:21:22.349 INFO: JdwpEventCenterDelegate: THREAD_RESUMED: thread (33, main, main)
11:21:22.350 INFO: JdwpEventCenterDelegate: THREAD_RESUMED: thread (33, main, main)
11:21:22.351 INFO: JdwpEventCenterDelegate: THREAD_RESUMED: thread (33, main, main)
11:21:22.352 INFO: JdwpEventCenterDelegate: THREAD_RESUMED: thread (33, main, main)
11:21:22.353 INFO: JdwpEventCenterDelegate: THREAD_RESUMED: thread (33, main, main)
11:21:22.355 INFO: JdwpEventCenterDelegate: THREAD_RESUMED: thread (33, main, main)
11:21:22.364 INFO: JdwpEventCenterDelegate: THREAD_RESUMED: thread (33, main, main)
11:21:22.366 INFO: JdwpEventCenterDelegate: THREAD_RESUMED: thread (33, main, main)
11:21:22.367 INFO: JdwpEventCenterDelegate: THREAD_RESUMED: thread (33, main, main)
11:21:22.369 INFO: JdwpEventCenterDelegate: THREAD_RESUMED: thread (33, main, main)
11:21:22.370 INFO: JdwpEventCenterDelegate: THREAD_RESUMED: thread (33, main, main)
11:21:22.371 INFO: JdwpEventCenterDelegate: THREAD_RESUMED: thread (33, main, main)
11:21:22.373 INFO: JdwpEventCenterDelegate: THREAD_RESUMED: thread (33, main, main)
11:21:22.374 INFO: JdwpEventCenterDelegate: THREAD_RESUMED: thread (33, main, main)
11:21:22.375 INFO: JdwpEventCenterDelegate: THREAD_RESUMED: thread (33, main, main)
11:21:22.377 INFO: JdwpEventCenterDelegate: THREAD_RESUMED: thread (33, main, main)
11:21:22.378 INFO: JdwpEventCenterDelegate: THREAD_RESUMED: thread (33, main, main)
11:21:22.380 INFO: JdwpEventCenterDelegate: THREAD_RESUMED: thread (33, main, main)
11:21:22.381 INFO: JdwpEventCenterDelegate: THREAD_RESUMED: thread (33, main, main)
11:21:22.382 INFO: JdwpEventCenterDelegate: THREAD_RESUMED: thread (33, main, main)
11:21:22.384 INFO: JdwpEventCenterDelegate: THREAD_RESUMED: thread (33, main, main)
11:21:22.386 INFO: JdwpEventCenterDelegate: THREAD_RESUMED: thread (33, main, main)
11:21:22.387 INFO: JdwpEventCenterDelegate: THREAD_RESUMED: thread (33, main, main)
11:21:22.388 INFO: JdwpEventCenterDelegate: THREAD_RESUMED: thread (33, main, main)
11:21:22.392 INFO: JdwpEventCenterDelegate: THREAD_RESUMED: thread (33, main, main)
11:21:22.393 INFO: JdwpEventCenterDelegate: THREAD_RESUMED: thread (33, main, main)
11:21:22.606 INFO: JdwpEventCenterDelegate: THREAD_RESUMED: thread (33, main, main)
11:21:22.607 INFO: JdwpEventCenterDelegate: THREAD_RESUMED: thread (33, main, main)
11:21:22.621 INFO: JdwpEventCenterDelegate: THREAD_RESUMED: thread (33, main, main)
11:21:22.622 INFO: JdwpEventCenterDelegate: THREAD_RESUMED: thread (33, main, main)
11:21:22.624 INFO: JdwpEventCenterDelegate: THREAD_RESUMED: thread (33, main, main)
11:21:22.625 INFO: JdwpEventCenterDelegate: THREAD_RESUMED: thread (33, main, main)
11:21:22.631 INFO: JdwpEventCenterDelegate: THREAD_RESUMED: thread (33, main, main)
11:21:22.632 INFO: JdwpEventCenterDelegate: THREAD_RESUMED: thread (33, main, main)
11:21:22.694 INFO: JdwpEventCenterDelegate: THREAD_RESUMED: thread (33, main, main)
11:21:22.878 INFO: JdwpEventCenterDelegate: THREAD_RESUMED: thread (33, main, main)
11:21:22.879 INFO: JdwpEventCenterDelegate: THREAD_RESUMED: thread (33, main, main)
11:21:22.881 INFO: JdwpEventCenterDelegate: THREAD_RESUMED: thread (33, main, main)
11:21:22.882 INFO: JdwpEventCenterDelegate: THREAD_RESUMED: thread (33, main, main)
11:21:22.884 INFO: JdwpEventCenterDelegate: THREAD_RESUMED: thread (33, main, main)
11:21:22.885 INFO: JdwpEventCenterDelegate: THREAD_RESUMED: thread (33, main, main)
11:21:22.895 INFO: JdwpEventCenterDelegate: THREAD_RESUMED: thread (33, main, main)
11:21:22.897 INFO: JdwpEventCenterDelegate: THREAD_RESUMED: thread (33, main, main)
11:21:22.899 INFO: JdwpEventCenterDelegate: THREAD_RESUMED: thread (33, main, main)
11:21:22.901 INFO: JdwpEventCenterDelegate: THREAD_RESUMED: thread (33, main, main)
11:21:22.903 INFO: JdwpEventCenterDelegate: THREAD_RESUMED: thread (33, main, main)
11:21:22.905 INFO: JdwpEventCenterDelegate: THREAD_RESUMED: thread (33, main, main)
11:21:22.907 INFO: JdwpEventCenterDelegate: THREAD_RESUMED: thread (33, main, main)
11:21:22.925 INFO: JdwpEventCenterDelegate: THREAD_RESUMED: thread (33, main, main)
11:21:22.941 INFO: JdwpEventCenterDelegate: THREAD_RESUMED: thread (33, main, main)
11:21:22.954 INFO: JdwpEventCenterDelegate: THREAD_RESUMED: thread (33, main, main)
11:21:22.966 INFO: JdwpEventCenterDelegate: THREAD_RESUMED: thread (33, main, main)
11:21:22.982 INFO: JdwpEventCenterDelegate: THREAD_RESUMED: thread (33, main, main)
11:21:23.006 INFO: JdwpEventCenterDelegate: THREAD_RESUMED: thread (33, main, main)
11:21:23.013 INFO: JdwpEventCenterDelegate: THREAD_RESUMED: thread (33, main, main)
11:21:23.018 INFO: JdwpEventCenterDelegate: THREAD_RESUMED: thread (33, main, main)
11:21:23.024 INFO: JdwpEventCenterDelegate: THREAD_RESUMED: thread (33, main, main)
11:21:23.029 INFO: JdwpEventCenterDelegate: THREAD_RESUMED: thread (33, main, main)
11:21:23.035 INFO: JdwpEventCenterDelegate: THREAD_RESUMED: thread (33, main, main)
11:21:23.044 INFO: JdwpEventCenterDelegate: THREAD_RESUMED: thread (33, main, main)
11:21:23.051 INFO: JdwpEventCenterDelegate: THREAD_RESUMED: thread (33, main, main)
11:21:23.056 INFO: JdwpEventCenterDelegate: THREAD_RESUMED: thread (33, main, main)
11:21:23.063 INFO: JdwpEventCenterDelegate: THREAD_RESUMED: thread (33, main, main)
11:21:23.068 INFO: JdwpEventCenterDelegate: THREAD_RESUMED: thread (33, main, main)
11:21:23.074 INFO: JdwpEventCenterDelegate: THREAD_RESUMED: thread (33, main, main)
11:21:23.080 INFO: JdwpEventCenterDelegate: THREAD_RESUMED: thread (33, main, main)
11:21:23.082 INFO: JdwpEventCenterDelegate: THREAD_RESUMED: thread (33, main, main)
11:21:23.084 INFO: JdwpEventCenterDelegate: THREAD_RESUMED: thread (33, main, main)
11:21:23.087 INFO: JdwpEventCenterDelegate: THREAD_RESUMED: thread (33, main, main)
11:21:23.089 INFO: JdwpEventCenterDelegate: THREAD_RESUMED: thread (33, main, main)
11:21:23.092 INFO: JdwpEventCenterDelegate: THREAD_RESUMED: thread (33, main, main)
11:21:23.094 INFO: JdwpEventCenterDelegate: THREAD_RESUMED: thread (33, main, main)
11:21:23.096 INFO: JdwpEventCenterDelegate: THREAD_RESUMED: thread (33, main, main)
11:21:23.098 INFO: JdwpEventCenterDelegate: THREAD_RESUMED: thread (33, main, main)
11:21:23.099 INFO: JdwpEventCenterDelegate: THREAD_RESUMED: thread (33, main, main)
11:21:23.101 INFO: JdwpEventCenterDelegate: THREAD_RESUMED: thread (33, main, main)
11:21:23.103 INFO: JdwpEventCenterDelegate: THREAD_RESUMED: thread (33, main, main)
11:21:23.105 INFO: JdwpEventCenterDelegate: THREAD_RESUMED: thread (33, main, main)
11:21:23.107 INFO: JdwpEventCenterDelegate: THREAD_RESUMED: thread (33, main, main)
11:21:23.108 INFO: JdwpEventCenterDelegate: THREAD_RESUMED: thread (33, main, main)
11:21:23.110 INFO: JdwpEventCenterDelegate: THREAD_RESUMED: thread (33, main, main)
11:21:23.111 INFO: JdwpEventCenterDelegate: THREAD_RESUMED: thread (33, main, main)
11:21:23.113 INFO: JdwpEventCenterDelegate: THREAD_RESUMED: thread (33, main, main)
11:21:23.115 INFO: JdwpEventCenterDelegate: THREAD_RESUMED: thread (33, main, main)
11:21:23.116 INFO: JdwpEventCenterDelegate: THREAD_RESUMED: thread (33, main, main)
11:21:23.118 INFO: JdwpEventCenterDelegate: THREAD_RESUMED: thread (33, main, main)
11:21:23.119 INFO: JdwpEventCenterDelegate: THREAD_RESUMED: thread (33, main, main)
11:21:23.121 INFO: JdwpEventCenterDelegate: THREAD_RESUMED: thread (33, main, main)
11:21:23.128 INFO: JdwpEventCenterDelegate: THREAD_RESUMED: thread (33, main, main)
11:21:23.130 INFO: JdwpEventCenterDelegate: THREAD_RESUMED: thread (33, main, main)
11:21:23.132 INFO: JdwpEventCenterDelegate: THREAD_RESUMED: thread (33, main, main)
11:21:23.133 INFO: JdwpEventCenterDelegate: THREAD_RESUMED: thread (33, main, main)
11:21:23.135 INFO: JdwpEventCenterDelegate: THREAD_RESUMED: thread (33, main, main)
11:21:23.136 INFO: JdwpEventCenterDelegate: THREAD_RESUMED: thread (33, main, main)
11:21:23.138 INFO: JdwpEventCenterDelegate: THREAD_RESUMED: thread (33, main, main)
11:21:23.139 INFO: JdwpEventCenterDelegate: THREAD_RESUMED: thread (33, main, main)
11:21:23.141 INFO: JdwpEventCenterDelegate: THREAD_RESUMED: thread (33, main, main)
11:21:23.142 INFO: JdwpEventCenterDelegate: THREAD_RESUMED: thread (33, main, main)
11:21:23.143 INFO: JdwpEventCenterDelegate: THREAD_RESUMED: thread (33, main, main)
11:21:23.145 INFO: JdwpEventCenterDelegate: THREAD_RESUMED: thread (33, main, main)
11:21:23.146 INFO: JdwpEventCenterDelegate: THREAD_RESUMED: thread (33, main, main)
11:21:23.148 INFO: JdwpEventCenterDelegate: THREAD_RESUMED: thread (33, main, main)
11:21:23.149 INFO: JdwpEventCenterDelegate: THREAD_RESUMED: thread (33, main, main)
11:21:23.151 INFO: JdwpEventCenterDelegate: THREAD_RESUMED: thread (33, main, main)
11:21:23.152 INFO: JdwpEventCenterDelegate: THREAD_RESUMED: thread (33, main, main)
11:21:23.154 INFO: JdwpEventCenterDelegate: THREAD_RESUMED: thread (33, main, main)
11:21:23.155 INFO: JdwpEventCenterDelegate: THREAD_RESUMED: thread (33, main, main)
11:21:23.156 INFO: JdwpEventCenterDelegate: THREAD_RESUMED: thread (33, main, main)
11:21:23.158 INFO: JdwpEventCenterDelegate: THREAD_RESUMED: thread (33, main, main)
11:21:23.159 INFO: JdwpEventCenterDelegate: THREAD_RESUMED: thread (33, main, main)
11:21:23.161 INFO: JdwpEventCenterDelegate: THREAD_RESUMED: thread (33, main, main)
11:21:23.162 INFO: JdwpEventCenterDelegate: THREAD_RESUMED: thread (33, main, main)
11:21:23.164 INFO: JdwpEventCenterDelegate: THREAD_RESUMED: thread (33, main, main)
11:21:23.165 INFO: JdwpEventCenterDelegate: THREAD_RESUMED: thread (33, main, main)
11:21:23.167 INFO: JdwpEventCenterDelegate: THREAD_RESUMED: thread (33, main, main)
11:21:23.168 INFO: JdwpEventCenterDelegate: THREAD_RESUMED: thread (33, main, main)
11:21:23.170 INFO: JdwpEventCenterDelegate: THREAD_RESUMED: thread (33, main, main)
11:21:23.171 INFO: JdwpEventCenterDelegate: THREAD_RESUMED: thread (33, main, main)
11:21:23.173 INFO: JdwpEventCenterDelegate: THREAD_RESUMED: thread (33, main, main)
11:21:23.313 INFO: JdwpDebugServer: handling req: ThreadReference(11).Resume(3)
11:21:23.315 INFO: JdwpEventCenterDelegate: THREAD_RESUMED: thread (33, main, main)
11:21:23.334 INFO: JdwpEventCenterDelegate: THREAD_RESUMED: thread (33, main, main)
11:21:23.364 INFO: JdwpEventCenterDelegate: THREAD_RESUMED: thread (33, main, main)
11:21:23.365 INFO: JdwpEventCenterDelegate: THREAD_RESUMED: thread (33, main, main)
11:21:23.367 INFO: JdwpEventCenterDelegate: THREAD_RESUMED: thread (33, main, main)
11:21:23.368 INFO: JdwpEventCenterDelegate: THREAD_RESUMED: thread (33, main, main)
11:21:23.508 INFO: JdwpEventCenterDelegate: THREAD_RESUMED: thread (33, main, main)
11:21:23.509 INFO: JdwpEventCenterDelegate: THREAD_RESUMED: thread (33, main, main)
11:21:23.522 INFO: JdwpEventCenterDelegate: THREAD_RESUMED: thread (33, main, main)
11:21:23.523 INFO: JdwpEventCenterDelegate: THREAD_RESUMED: thread (33, main, main)
11:21:23.527 INFO: JdwpEventCenterDelegate: THREAD_RESUMED: thread (33, main, main)
11:21:23.528 INFO: JdwpEventCenterDelegate: THREAD_RESUMED: thread (33, main, main)
11:21:23.530 INFO: JdwpEventCenterDelegate: THREAD_RESUMED: thread (33, main, main)
11:21:23.531 INFO: JdwpEventCenterDelegate: THREAD_RESUMED: thread (33, main, main)
11:21:23.532 INFO: JdwpEventCenterDelegate: THREAD_RESUMED: thread (33, main, main)
11:21:23.533 INFO: JdwpEventCenterDelegate: THREAD_RESUMED: thread (33, main, main)
11:21:27.219 INFO: JdwpEventCenterDelegate: THREAD_RESUMED: thread (33, main, main)
11:21:27.220 INFO: JdwpEventCenterDelegate: THREAD_RESUMED: thread (33, main, main)
11:21:27.425 INFO: JdwpEventCenterDelegate: THREAD_RESUMED: thread (33, main, main)
11:21:27.427 INFO: JdwpEventCenterDelegate: THREAD_RESUMED: thread (33, main, main)
11:21:27.429 INFO: JdwpEventCenterDelegate: THREAD_RESUMED: thread (33, main, main)
11:21:27.431 INFO: JdwpEventCenterDelegate: THREAD_RESUMED: thread (33, main, main)
11:21:27.433 INFO: JdwpEventCenterDelegate: THREAD_RESUMED: thread (33, main, main)
11:21:27.435 INFO: JdwpEventCenterDelegate: THREAD_RESUMED: thread (33, main, main)
11:21:27.437 INFO: JdwpEventCenterDelegate: THREAD_RESUMED: thread (33, main, main)
11:21:27.439 INFO: JdwpEventCenterDelegate: THREAD_RESUMED: thread (33, main, main)
11:21:27.441 INFO: JdwpEventCenterDelegate: THREAD_RESUMED: thread (33, main, main)
11:21:27.450 INFO: JdwpEventCenterDelegate: THREAD_RESUMED: thread (33, main, main)
11:21:27.452 INFO: JdwpEventCenterDelegate: THREAD_RESUMED: thread (33, main, main)
11:21:27.454 INFO: JdwpEventCenterDelegate: THREAD_RESUMED: thread (33, main, main)
11:21:27.463 INFO: JdwpEventCenterDelegate: THREAD_RESUMED: thread (33, main, main)
11:21:27.474 SEVERE: Debugger: Thread HooksChannel socket thread crashed
org.robovm.debugger.DebuggerException: java.io.IOException: org.robovm.libimobiledevice.LibIMobileDeviceException: IDEVICE_E_UNKNOWN_ERROR
	at org.robovm.debugger.hooks.HooksChannel.doSocketWork(HooksChannel.java:149)
	at java.base/java.lang.Thread.run(Thread.java:833)
	at org.robovm.debugger.utils.DebuggerThread.run(DebuggerThread.java:42)
Caused by: java.io.IOException: org.robovm.libimobiledevice.LibIMobileDeviceException: IDEVICE_E_UNKNOWN_ERROR
	at org.robovm.libimobiledevice.IDeviceConnection$DeviceInputStream.read(IDeviceConnection.java:203)
	at org.robovm.debugger.utils.bytebuffer.DataBufferWriter.writeFromStream(DataBufferWriter.java:89)
	at org.robovm.debugger.hooks.HooksChannel.doSocketWork(HooksChannel.java:116)
	... 2 more
Caused by: org.robovm.libimobiledevice.LibIMobileDeviceException: IDEVICE_E_UNKNOWN_ERROR
	at org.robovm.libimobiledevice.IDevice.checkResult(IDevice.java:206)
	at org.robovm.libimobiledevice.IDeviceConnection.receive(IDeviceConnection.java:110)
	at org.robovm.libimobiledevice.IDeviceConnection.receive(IDeviceConnection.java:81)
	at org.robovm.libimobiledevice.IDeviceConnection$DeviceInputStream.read(IDeviceConnection.java:201)
	... 4 more
11:21:27.990 SEVERE: Debugger: Thread JDWP server socket thread crashed
org.robovm.debugger.DebuggerException: java.net.SocketException: Socket closed
	at org.robovm.debugger.jdwp.JdwpDebugServer.doSocketWork(JdwpDebugServer.java:215)
	at java.base/java.lang.Thread.run(Thread.java:833)
	at org.robovm.debugger.utils.DebuggerThread.run(DebuggerThread.java:42)
Caused by: java.net.SocketException: Socket closed
	at java.base/sun.nio.ch.NioSocketImpl.endRead(NioSocketImpl.java:248)
	at java.base/sun.nio.ch.NioSocketImpl.implRead(NioSocketImpl.java:327)
	at java.base/sun.nio.ch.NioSocketImpl.read(NioSocketImpl.java:350)
	at java.base/sun.nio.ch.NioSocketImpl$1.read(NioSocketImpl.java:803)
	at java.base/java.net.Socket$SocketInputStream.read(Socket.java:966)
	at org.robovm.debugger.utils.bytebuffer.DataBufferWriter.writeFromStream(DataBufferWriter.java:89)
	at org.robovm.debugger.jdwp.protocol.JdwpRequestHeader.readFromStream(JdwpRequestHeader.java:36)
	at org.robovm.debugger.jdwp.JdwpDebugServer.doSocketWork(JdwpDebugServer.java:185)
	... 2 more
