07:22:20.810 INFO: JdwpDebugServer: handling req: VirtualMachine(1).IDSizes(7)
07:22:20.822 INFO: JdwpDebugServer: handling req: EventRequest(15).Set(1)
07:22:20.824 INFO: JdwpEventCenterDelegate: jdwpSetEventRequest: JdwpEventRequest{requestId=100, eventKind=CLASS_UNLOAD, suspendPolicy=NONE, predicates=[]}
07:22:20.825 INFO: JdwpDebugServer: handling req: EventRequest(15).Set(1)
07:22:20.825 INFO: JdwpEventCenterDelegate: jdwpSetEventRequest: JdwpEventRequest{requestId=101, eventKind=THREAD_START, suspendPolicy=NONE, predicates=[]}
07:22:20.830 INFO: JdwpDebugServer: handling req: VirtualMachine(1).ClassesBySignature(2)
07:22:20.836 INFO: JdwpDebugServer: handling req: VirtualMachine(1).Version(1)
07:22:20.836 INFO: JdwpDebugServer: handling req: ReferenceType(2).MethodsWithGeneric(15)
07:22:20.852 INFO: JdwpDebugServer: handling req: Method(6).LineTable(1)
07:22:20.854 INFO: JdwpDebugServer: handling req: EventRequest(15).Set(1)
07:22:20.854 INFO: JdwpEventCenterDelegate: jdwpSetEventRequest: JdwpEventRequest{requestId=102, eventKind=BREAKPOINT, suspendPolicy=NONE, predicates=[Location{classId=845, methodId=257, index=928} ]}
07:22:20.858 INFO: JdwpDebugServer: handling req: EventRequest(15).Set(1)
07:22:20.859 INFO: JdwpEventCenterDelegate: jdwpSetEventRequest: JdwpEventRequest{requestId=103, eventKind=THREAD_DEATH, suspendPolicy=NONE, predicates=[]}
07:22:20.859 INFO: JdwpDebugServer: handling req: VirtualMachine(1).AllThreads(4)
07:22:20.862 INFO: JdwpDebugServer: handling req: EventRequest(15).Set(1)
07:22:20.863 INFO: JdwpEventCenterDelegate: jdwpSetEventRequest: JdwpEventRequest{requestId=104, eventKind=CLASS_PREPARE, suspendPolicy=EVENT_THREAD, predicates=[className=com.badlogic.gdx.graphics.g2d.PolygonSpriteBatch]}
07:22:20.865 INFO: JdwpDebugServer: handling req: EventRequest(15).Set(1)
07:22:20.865 INFO: JdwpEventCenterDelegate: jdwpSetEventRequest: JdwpEventRequest{requestId=105, eventKind=CLASS_PREPARE, suspendPolicy=EVENT_THREAD, predicates=[className=com.badlogic.gdx.graphics.g2d.PolygonSpriteBatch$*]}
07:22:20.866 INFO: JdwpDebugServer: handling req: VirtualMachine(1).ClassesBySignature(2)
07:22:20.866 INFO: JdwpDebugServer: handling req: ReferenceType(2).MethodsWithGeneric(15)
07:22:20.871 INFO: JdwpDebugServer: handling req: Method(6).LineTable(1)
07:22:20.872 INFO: JdwpDebugServer: handling req: Method(6).LineTable(1)
07:22:20.873 INFO: JdwpDebugServer: handling req: Method(6).LineTable(1)
07:22:20.873 INFO: JdwpDebugServer: handling req: Method(6).LineTable(1)
07:22:20.875 INFO: JdwpDebugServer: handling req: Method(6).LineTable(1)
07:22:20.876 INFO: JdwpDebugServer: handling req: Method(6).LineTable(1)
07:22:20.876 INFO: JdwpDebugServer: handling req: Method(6).LineTable(1)
07:22:20.876 INFO: JdwpDebugServer: handling req: Method(6).LineTable(1)
07:22:20.877 INFO: JdwpDebugServer: handling req: Method(6).LineTable(1)
07:22:20.877 INFO: JdwpDebugServer: handling req: Method(6).LineTable(1)
07:22:20.878 INFO: JdwpDebugServer: handling req: Method(6).LineTable(1)
07:22:20.878 INFO: JdwpDebugServer: handling req: Method(6).LineTable(1)
07:22:20.878 INFO: JdwpDebugServer: handling req: Method(6).LineTable(1)
07:22:20.879 INFO: JdwpDebugServer: handling req: Method(6).LineTable(1)
07:22:20.879 INFO: JdwpDebugServer: handling req: Method(6).LineTable(1)
07:22:20.880 INFO: JdwpDebugServer: handling req: Method(6).LineTable(1)
07:22:20.881 INFO: JdwpDebugServer: handling req: Method(6).LineTable(1)
07:22:20.882 INFO: JdwpDebugServer: handling req: Method(6).LineTable(1)
07:22:20.882 INFO: JdwpDebugServer: handling req: Method(6).LineTable(1)
07:22:20.883 INFO: JdwpDebugServer: handling req: Method(6).LineTable(1)
07:22:20.883 INFO: JdwpDebugServer: handling req: Method(6).LineTable(1)
07:22:20.883 INFO: JdwpDebugServer: handling req: Method(6).LineTable(1)
07:22:20.884 INFO: JdwpDebugServer: handling req: Method(6).LineTable(1)
07:22:20.884 INFO: JdwpDebugServer: handling req: Method(6).LineTable(1)
07:22:20.884 INFO: JdwpDebugServer: handling req: Method(6).LineTable(1)
07:22:20.885 INFO: JdwpDebugServer: handling req: Method(6).LineTable(1)
07:22:20.885 INFO: JdwpDebugServer: handling req: Method(6).LineTable(1)
07:22:20.886 INFO: JdwpDebugServer: handling req: Method(6).LineTable(1)
07:22:20.888 INFO: JdwpDebugServer: handling req: Method(6).LineTable(1)
07:22:20.888 INFO: JdwpDebugServer: handling req: Method(6).LineTable(1)
07:22:20.889 INFO: JdwpDebugServer: handling req: Method(6).LineTable(1)
07:22:20.889 INFO: JdwpDebugServer: handling req: Method(6).LineTable(1)
07:22:20.890 INFO: JdwpDebugServer: handling req: Method(6).LineTable(1)
07:22:20.890 INFO: JdwpDebugServer: handling req: Method(6).LineTable(1)
07:22:20.890 INFO: JdwpDebugServer: handling req: Method(6).LineTable(1)
07:22:20.891 INFO: JdwpDebugServer: handling req: Method(6).LineTable(1)
07:22:20.891 INFO: JdwpDebugServer: handling req: Method(6).LineTable(1)
07:22:20.891 INFO: JdwpDebugServer: handling req: Method(6).LineTable(1)
07:22:20.892 INFO: JdwpDebugServer: handling req: Method(6).LineTable(1)
07:22:20.892 INFO: JdwpDebugServer: handling req: Method(6).LineTable(1)
07:22:20.892 INFO: JdwpDebugServer: handling req: Method(6).LineTable(1)
07:22:20.892 INFO: JdwpDebugServer: handling req: Method(6).LineTable(1)
07:22:20.893 INFO: JdwpDebugServer: handling req: Method(6).LineTable(1)
07:22:20.894 INFO: JdwpDebugServer: handling req: Method(6).LineTable(1)
07:22:20.894 INFO: JdwpDebugServer: handling req: Method(6).LineTable(1)
07:22:20.894 INFO: JdwpDebugServer: handling req: Method(6).LineTable(1)
07:22:20.894 INFO: JdwpDebugServer: handling req: Method(6).LineTable(1)
07:22:20.895 INFO: JdwpDebugServer: handling req: EventRequest(15).Set(1)
07:22:20.895 INFO: JdwpEventCenterDelegate: jdwpSetEventRequest: JdwpEventRequest{requestId=106, eventKind=BREAKPOINT, suspendPolicy=EVENT_THREAD, predicates=[Location{classId=15500, methodId=382, index=142} ]}
07:22:20.896 INFO: JdwpDebugServer: handling req: ReferenceType(2).Signature(1)
07:22:20.900 INFO: JdwpDebugServer: handling req: EventRequest(15).Set(1)
07:22:20.900 INFO: JdwpEventCenterDelegate: jdwpSetEventRequest: JdwpEventRequest{requestId=107, eventKind=CLASS_PREPARE, suspendPolicy=EVENT_THREAD, predicates=[className=com.badlogic.gdx.graphics.g2d.SpriteBatch]}
07:22:20.901 INFO: JdwpDebugServer: handling req: EventRequest(15).Set(1)
07:22:20.901 INFO: JdwpEventCenterDelegate: jdwpSetEventRequest: JdwpEventRequest{requestId=108, eventKind=CLASS_PREPARE, suspendPolicy=EVENT_THREAD, predicates=[className=com.badlogic.gdx.graphics.g2d.SpriteBatch$*]}
07:22:20.901 INFO: JdwpDebugServer: handling req: VirtualMachine(1).ClassesBySignature(2)
07:22:20.902 INFO: JdwpDebugServer: handling req: ReferenceType(2).MethodsWithGeneric(15)
07:22:20.904 INFO: JdwpDebugServer: handling req: Method(6).LineTable(1)
07:22:20.905 INFO: JdwpDebugServer: handling req: Method(6).LineTable(1)
07:22:20.905 INFO: JdwpDebugServer: handling req: Method(6).LineTable(1)
07:22:20.905 INFO: JdwpDebugServer: handling req: Method(6).LineTable(1)
07:22:20.906 INFO: JdwpDebugServer: handling req: Method(6).LineTable(1)
07:22:20.907 INFO: JdwpDebugServer: handling req: Method(6).LineTable(1)
07:22:20.907 INFO: JdwpDebugServer: handling req: Method(6).LineTable(1)
07:22:20.908 INFO: JdwpDebugServer: handling req: Method(6).LineTable(1)
07:22:20.908 INFO: JdwpDebugServer: handling req: Method(6).LineTable(1)
07:22:20.909 INFO: JdwpDebugServer: handling req: Method(6).LineTable(1)
07:22:20.909 INFO: JdwpDebugServer: handling req: Method(6).LineTable(1)
07:22:20.910 INFO: JdwpDebugServer: handling req: Method(6).LineTable(1)
07:22:20.910 INFO: JdwpDebugServer: handling req: Method(6).LineTable(1)
07:22:20.910 INFO: JdwpDebugServer: handling req: Method(6).LineTable(1)
07:22:20.911 INFO: JdwpDebugServer: handling req: Method(6).LineTable(1)
07:22:20.911 INFO: JdwpDebugServer: handling req: Method(6).LineTable(1)
07:22:20.912 INFO: JdwpDebugServer: handling req: Method(6).LineTable(1)
07:22:20.912 INFO: JdwpDebugServer: handling req: Method(6).LineTable(1)
07:22:20.913 INFO: JdwpDebugServer: handling req: Method(6).LineTable(1)
07:22:20.913 INFO: JdwpDebugServer: handling req: Method(6).LineTable(1)
07:22:20.913 INFO: JdwpDebugServer: handling req: Method(6).LineTable(1)
07:22:20.913 INFO: JdwpDebugServer: handling req: Method(6).LineTable(1)
07:22:20.914 INFO: JdwpDebugServer: handling req: Method(6).LineTable(1)
07:22:20.914 INFO: JdwpDebugServer: handling req: Method(6).LineTable(1)
07:22:20.914 INFO: JdwpDebugServer: handling req: Method(6).LineTable(1)
07:22:20.914 INFO: JdwpDebugServer: handling req: Method(6).LineTable(1)
07:22:20.915 INFO: JdwpDebugServer: handling req: Method(6).LineTable(1)
07:22:20.915 INFO: JdwpDebugServer: handling req: Method(6).LineTable(1)
07:22:20.916 INFO: JdwpDebugServer: handling req: Method(6).LineTable(1)
07:22:20.916 INFO: JdwpDebugServer: handling req: Method(6).LineTable(1)
07:22:20.916 INFO: JdwpDebugServer: handling req: Method(6).LineTable(1)
07:22:20.916 INFO: JdwpDebugServer: handling req: Method(6).LineTable(1)
07:22:20.917 INFO: JdwpDebugServer: handling req: Method(6).LineTable(1)
07:22:20.917 INFO: JdwpDebugServer: handling req: Method(6).LineTable(1)
07:22:20.917 INFO: JdwpDebugServer: handling req: Method(6).LineTable(1)
07:22:20.917 INFO: JdwpDebugServer: handling req: Method(6).LineTable(1)
07:22:20.918 INFO: JdwpDebugServer: handling req: Method(6).LineTable(1)
07:22:20.918 INFO: JdwpDebugServer: handling req: Method(6).LineTable(1)
07:22:20.918 INFO: JdwpDebugServer: handling req: Method(6).LineTable(1)
07:22:20.919 INFO: JdwpDebugServer: handling req: Method(6).LineTable(1)
07:22:20.919 INFO: JdwpDebugServer: handling req: Method(6).LineTable(1)
07:22:20.919 INFO: JdwpDebugServer: handling req: Method(6).LineTable(1)
07:22:20.919 INFO: JdwpDebugServer: handling req: Method(6).LineTable(1)
07:22:20.920 INFO: JdwpDebugServer: handling req: Method(6).LineTable(1)
07:22:20.920 INFO: JdwpDebugServer: handling req: EventRequest(15).Set(1)
07:22:20.920 INFO: JdwpEventCenterDelegate: jdwpSetEventRequest: JdwpEventRequest{requestId=109, eventKind=BREAKPOINT, suspendPolicy=EVENT_THREAD, predicates=[Location{classId=18040, methodId=617, index=163} ]}
07:22:20.920 INFO: JdwpDebugServer: handling req: ReferenceType(2).Signature(1)
07:22:20.921 INFO: JdwpDebugServer: handling req: EventRequest(15).Set(1)
07:22:20.922 INFO: JdwpEventCenterDelegate: jdwpSetEventRequest: JdwpEventRequest{requestId=110, eventKind=CLASS_PREPARE, suspendPolicy=EVENT_THREAD, predicates=[className=com.badlogic.gdx.graphics.g2d.PolygonSpriteBatch]}
07:22:20.922 INFO: JdwpDebugServer: handling req: EventRequest(15).Set(1)
07:22:20.922 INFO: JdwpEventCenterDelegate: jdwpSetEventRequest: JdwpEventRequest{requestId=111, eventKind=CLASS_PREPARE, suspendPolicy=EVENT_THREAD, predicates=[className=com.badlogic.gdx.graphics.g2d.PolygonSpriteBatch$*]}
07:22:20.923 INFO: JdwpDebugServer: handling req: VirtualMachine(1).ClassesBySignature(2)
07:22:20.923 INFO: JdwpDebugServer: handling req: EventRequest(15).Set(1)
07:22:20.924 INFO: JdwpEventCenterDelegate: jdwpSetEventRequest: JdwpEventRequest{requestId=112, eventKind=BREAKPOINT, suspendPolicy=EVENT_THREAD, predicates=[Location{classId=15500, methodId=382, index=141} ]}
07:22:20.924 INFO: JdwpDebugServer: handling req: EventRequest(15).Set(1)
07:22:20.924 INFO: JdwpEventCenterDelegate: jdwpSetEventRequest: JdwpEventRequest{requestId=113, eventKind=CLASS_PREPARE, suspendPolicy=EVENT_THREAD, predicates=[className=java.lang.Throwable]}
07:22:20.925 INFO: JdwpDebugServer: handling req: EventRequest(15).Set(1)
07:22:20.925 INFO: JdwpEventCenterDelegate: jdwpSetEventRequest: JdwpEventRequest{requestId=114, eventKind=CLASS_PREPARE, suspendPolicy=EVENT_THREAD, predicates=[className=java.lang.Throwable$*]}
07:22:20.925 INFO: JdwpDebugServer: handling req: VirtualMachine(1).ClassesBySignature(2)
07:22:20.925 INFO: JdwpDebugServer: handling req: ReferenceType(2).MethodsWithGeneric(15)
07:22:20.929 INFO: JdwpDebugServer: handling req: Method(6).LineTable(1)
07:22:20.929 INFO: JdwpDebugServer: handling req: Method(6).LineTable(1)
07:22:20.930 INFO: JdwpDebugServer: handling req: Method(6).LineTable(1)
07:22:20.930 INFO: JdwpDebugServer: handling req: Method(6).LineTable(1)
07:22:20.932 INFO: JdwpDebugServer: handling req: Method(6).LineTable(1)
07:22:20.932 INFO: JdwpDebugServer: handling req: Method(6).LineTable(1)
07:22:20.933 INFO: JdwpDebugServer: handling req: Method(6).LineTable(1)
07:22:20.933 INFO: JdwpDebugServer: handling req: Method(6).LineTable(1)
07:22:20.933 INFO: JdwpDebugServer: handling req: Method(6).LineTable(1)
07:22:20.935 INFO: JdwpDebugServer: handling req: Method(6).LineTable(1)
07:22:20.936 INFO: JdwpDebugServer: handling req: Method(6).LineTable(1)
07:22:20.936 INFO: JdwpDebugServer: handling req: Method(6).LineTable(1)
07:22:20.936 INFO: JdwpDebugServer: handling req: Method(6).LineTable(1)
07:22:20.937 INFO: JdwpDebugServer: handling req: Method(6).LineTable(1)
07:22:20.937 INFO: JdwpDebugServer: handling req: Method(6).LineTable(1)
07:22:20.937 INFO: JdwpDebugServer: handling req: Method(6).LineTable(1)
07:22:20.937 INFO: JdwpDebugServer: handling req: Method(6).LineTable(1)
07:22:20.938 INFO: JdwpDebugServer: handling req: Method(6).LineTable(1)
07:22:20.938 INFO: JdwpDebugServer: handling req: Method(6).LineTable(1)
07:22:20.938 INFO: JdwpDebugServer: handling req: Method(6).LineTable(1)
07:22:20.938 INFO: JdwpDebugServer: handling req: Method(6).LineTable(1)
07:22:20.939 INFO: JdwpDebugServer: handling req: Method(6).LineTable(1)
07:22:20.939 INFO: JdwpDebugServer: handling req: Method(6).LineTable(1)
07:22:20.939 INFO: JdwpDebugServer: handling req: Method(6).LineTable(1)
07:22:20.940 INFO: JdwpDebugServer: handling req: VirtualMachine(1).ClassesBySignature(2)
07:22:20.940 INFO: JdwpDebugServer: handling req: VirtualMachine(1).AllClassesWithGeneric(20)
07:22:20.992 INFO: JdwpDebugServer: handling req: EventRequest(15).Set(1)
07:22:20.992 INFO: JdwpEventCenterDelegate: jdwpSetEventRequest: JdwpEventRequest{requestId=115, eventKind=CLASS_PREPARE, suspendPolicy=EVENT_THREAD, predicates=[className=com.badlogic.gdx.utils.ScreenUtils]}
07:22:20.993 INFO: JdwpDebugServer: handling req: EventRequest(15).Set(1)
07:22:20.993 INFO: JdwpEventCenterDelegate: jdwpSetEventRequest: JdwpEventRequest{requestId=116, eventKind=CLASS_PREPARE, suspendPolicy=EVENT_THREAD, predicates=[className=com.badlogic.gdx.utils.ScreenUtils$*]}
07:22:20.993 INFO: JdwpDebugServer: handling req: VirtualMachine(1).ClassesBySignature(2)
07:22:20.994 INFO: JdwpDebugServer: handling req: ReferenceType(2).MethodsWithGeneric(15)
07:22:20.997 INFO: JdwpDebugServer: handling req: Method(6).LineTable(1)
07:22:20.997 INFO: JdwpDebugServer: handling req: Method(6).LineTable(1)
07:22:20.998 INFO: JdwpDebugServer: handling req: Method(6).LineTable(1)
07:22:20.998 INFO: JdwpDebugServer: handling req: Method(6).LineTable(1)
07:22:20.998 INFO: JdwpDebugServer: handling req: Method(6).LineTable(1)
07:22:20.998 INFO: JdwpDebugServer: handling req: Method(6).LineTable(1)
07:22:20.998 INFO: JdwpDebugServer: handling req: Method(6).LineTable(1)
07:22:20.999 INFO: JdwpDebugServer: handling req: Method(6).LineTable(1)
07:22:21.000 INFO: JdwpDebugServer: handling req: Method(6).LineTable(1)
07:22:21.000 INFO: JdwpDebugServer: handling req: Method(6).LineTable(1)
07:22:21.000 INFO: JdwpDebugServer: handling req: EventRequest(15).Set(1)
07:22:21.000 INFO: JdwpEventCenterDelegate: jdwpSetEventRequest: JdwpEventRequest{requestId=117, eventKind=BREAKPOINT, suspendPolicy=EVENT_THREAD, predicates=[Location{classId=22240, methodId=987, index=89} ]}
07:22:21.001 INFO: JdwpDebugServer: handling req: EventRequest(15).Set(1)
07:22:21.001 INFO: JdwpEventCenterDelegate: jdwpSetEventRequest: JdwpEventRequest{requestId=118, eventKind=CLASS_PREPARE, suspendPolicy=EVENT_THREAD, predicates=[className=com.badlogic.gdx.utils.ScreenUtils]}
07:22:21.002 INFO: JdwpDebugServer: handling req: EventRequest(15).Set(1)
07:22:21.002 INFO: JdwpEventCenterDelegate: jdwpSetEventRequest: JdwpEventRequest{requestId=119, eventKind=CLASS_PREPARE, suspendPolicy=EVENT_THREAD, predicates=[className=com.badlogic.gdx.utils.ScreenUtils$*]}
07:22:21.002 INFO: JdwpDebugServer: handling req: VirtualMachine(1).ClassesBySignature(2)
07:22:21.003 INFO: JdwpDebugServer: handling req: EventRequest(15).Set(1)
07:22:21.003 INFO: JdwpEventCenterDelegate: jdwpSetEventRequest: JdwpEventRequest{requestId=120, eventKind=BREAKPOINT, suspendPolicy=EVENT_THREAD, predicates=[Location{classId=22240, methodId=982, index=72} ]}
07:22:21.004 INFO: JdwpDebugServer: handling req: EventRequest(15).Set(1)
07:22:21.004 INFO: JdwpEventCenterDelegate: jdwpSetEventRequest: JdwpEventRequest{requestId=121, eventKind=CLASS_PREPARE, suspendPolicy=EVENT_THREAD, predicates=[className=com.scottlogic.util.GL32CMacIssueHandler]}
07:22:21.004 INFO: JdwpDebugServer: handling req: EventRequest(15).Set(1)
07:22:21.004 INFO: JdwpEventCenterDelegate: jdwpSetEventRequest: JdwpEventRequest{requestId=122, eventKind=CLASS_PREPARE, suspendPolicy=EVENT_THREAD, predicates=[className=com.scottlogic.util.GL32CMacIssueHandler$*]}
07:22:21.005 INFO: JdwpDebugServer: handling req: VirtualMachine(1).ClassesBySignature(2)
07:22:21.006 INFO: JdwpDebugServer: handling req: ReferenceType(2).MethodsWithGeneric(15)
07:22:21.007 INFO: JdwpDebugServer: handling req: Method(6).LineTable(1)
07:22:21.010 INFO: JdwpDebugServer: handling req: Method(6).LineTable(1)
07:22:21.010 INFO: JdwpDebugServer: handling req: Method(6).LineTable(1)
07:22:21.011 INFO: JdwpDebugServer: handling req: Method(6).LineTable(1)
07:22:21.011 INFO: JdwpDebugServer: handling req: Method(6).LineTable(1)
07:22:21.011 INFO: JdwpDebugServer: handling req: EventRequest(15).Set(1)
07:22:21.011 INFO: JdwpEventCenterDelegate: jdwpSetEventRequest: JdwpEventRequest{requestId=123, eventKind=BREAKPOINT, suspendPolicy=EVENT_THREAD, predicates=[Location{classId=21445, methodId=1022, index=136} ]}
07:22:21.012 INFO: JdwpDebugServer: handling req: EventRequest(15).Set(1)
07:22:21.012 INFO: JdwpEventCenterDelegate: jdwpSetEventRequest: JdwpEventRequest{requestId=124, eventKind=CLASS_PREPARE, suspendPolicy=EVENT_THREAD, predicates=[className=com.scottlogic.util.ShaderProgramFactory]}
07:22:21.012 INFO: JdwpDebugServer: handling req: EventRequest(15).Set(1)
07:22:21.012 INFO: JdwpEventCenterDelegate: jdwpSetEventRequest: JdwpEventRequest{requestId=125, eventKind=CLASS_PREPARE, suspendPolicy=EVENT_THREAD, predicates=[className=com.scottlogic.util.ShaderProgramFactory$*]}
07:22:21.013 INFO: JdwpDebugServer: handling req: VirtualMachine(1).ClassesBySignature(2)
07:22:21.013 INFO: JdwpDebugServer: handling req: ReferenceType(2).MethodsWithGeneric(15)
07:22:21.014 INFO: JdwpDebugServer: handling req: Method(6).LineTable(1)
07:22:21.018 INFO: JdwpDebugServer: handling req: Method(6).LineTable(1)
07:22:21.019 INFO: JdwpDebugServer: handling req: Method(6).LineTable(1)
07:22:21.020 INFO: JdwpDebugServer: handling req: Method(6).LineTable(1)
07:22:21.020 INFO: JdwpDebugServer: handling req: Method(6).LineTable(1)
07:22:21.020 INFO: JdwpDebugServer: handling req: EventRequest(15).Set(1)
07:22:21.020 INFO: JdwpEventCenterDelegate: jdwpSetEventRequest: JdwpEventRequest{requestId=126, eventKind=BREAKPOINT, suspendPolicy=EVENT_THREAD, predicates=[Location{classId=20400, methodId=1047, index=106} ]}
07:22:21.022 INFO: JdwpDebugServer: handling req: VirtualMachine(1).capabilitiesNew(17)
07:22:21.026 INFO: JdwpDebugServer: handling req: EventRequest(15).Set(1)
07:22:21.027 INFO: JdwpEventCenterDelegate: jdwpSetEventRequest: JdwpEventRequest{requestId=127, eventKind=CLASS_PREPARE, suspendPolicy=EVENT_THREAD, predicates=[className=java.lang.Error]}
07:22:21.029 INFO: JdwpDebugServer: handling req: EventRequest(15).Set(1)
07:22:21.029 INFO: JdwpEventCenterDelegate: jdwpSetEventRequest: JdwpEventRequest{requestId=128, eventKind=CLASS_PREPARE, suspendPolicy=EVENT_THREAD, predicates=[className=java.lang.Error$*]}
07:22:21.030 INFO: JdwpDebugServer: handling req: VirtualMachine(1).ClassesBySignature(2)
07:22:21.036 INFO: JdwpDebugServer: handling req: EventRequest(15).Set(1)
07:22:21.038 INFO: JdwpEventCenterDelegate: jdwpSetEventRequest: JdwpEventRequest{requestId=129, eventKind=EXCEPTION, suspendPolicy=EVENT_THREAD, predicates=[exceptionType=3425(caught=true, uncaught=true)]}
07:22:21.079 INFO: JdwpDebugServer: handling req: EventRequest(15).Set(1)
07:22:21.080 INFO: JdwpEventCenterDelegate: jdwpSetEventRequest: JdwpEventRequest{requestId=130, eventKind=CLASS_PREPARE, suspendPolicy=EVENT_THREAD, predicates=[className=java.lang.Throwable]}
07:22:21.080 INFO: JdwpDebugServer: handling req: EventRequest(15).Set(1)
07:22:21.080 INFO: JdwpEventCenterDelegate: jdwpSetEventRequest: JdwpEventRequest{requestId=131, eventKind=CLASS_PREPARE, suspendPolicy=EVENT_THREAD, predicates=[className=java.lang.Throwable$*]}
07:22:21.083 INFO: JdwpDebugServer: handling req: VirtualMachine(1).ClassesBySignature(2)
07:22:21.085 INFO: JdwpDebugServer: handling req: EventRequest(15).Set(1)
07:22:21.085 INFO: JdwpEventCenterDelegate: jdwpSetEventRequest: JdwpEventRequest{requestId=132, eventKind=EXCEPTION, suspendPolicy=EVENT_THREAD, predicates=[exceptionType=7695(caught=false, uncaught=true)]}
07:22:36.294 INFO: JdwpDebugServer: handling req: VirtualMachine(1).AllThreads(4)
07:22:36.415 INFO: JdwpDebugServer: handling req: VirtualMachine(1).Resume(9)
07:22:36.435 INFO: JdwpDebugServer: handling req: EventRequest(15).Set(1)
07:22:36.469 INFO: JdwpEventCenterDelegate: THREAD_STARTED: thread (33, main, main)
07:22:36.470 INFO: JdwpEventCenterDelegate: jdwpSetEventRequest: JdwpEventRequest{requestId=133, eventKind=EXCEPTION, suspendPolicy=EVENT_THREAD, predicates=[exceptionType=7695(caught=false, uncaught=true)]}
07:22:36.476 INFO: JdwpEventCenterDelegate: THREAD_STARTED: thread (48, ReferenceQueueDaemon, main)
07:22:36.486 INFO: JdwpDebugServer: handling req: VirtualMachine(1).AllThreads(4)
07:22:36.487 INFO: JdwpEventCenterDelegate: THREAD_STARTED: thread (63, FinalizerDaemon, main)
07:22:36.488 INFO: JdwpDebugServer: handling req: VirtualMachine(1).Resume(9)
07:22:36.489 INFO: JdwpEventCenterDelegate: THREAD_STARTED: thread (78, FinalizerWatchdogDaemon, main)
07:22:36.489 INFO: JdwpDebugServer: handling req: EventRequest(15).Set(1)
07:22:36.499 INFO: JdwpEventCenterDelegate: jdwpSetEventRequest: JdwpEventRequest{requestId=134, eventKind=EXCEPTION, suspendPolicy=EVENT_THREAD, predicates=[exceptionType=3425(caught=true, uncaught=true)]}
07:22:36.499 INFO: JdwpEventCenterDelegate: THREAD_RESUMED: thread (33, main, main)
07:22:36.500 INFO: JdwpDebugServer: handling req: VirtualMachine(1).AllThreads(4)
07:22:36.500 INFO: JdwpEventCenterDelegate: THREAD_RESUMED: thread (33, main, main)
07:22:36.500 INFO: JdwpDebugServer: handling req: VirtualMachine(1).Resume(9)
07:22:36.501 INFO: JdwpDebugServer: handling req: ObjectReference(9).IsCollected(9)
07:22:36.502 INFO: JdwpEventCenterDelegate: THREAD_RESUMED: thread (33, main, main)
07:22:36.502 INFO: JdwpEventCenterDelegate: THREAD_RESUMED: thread (33, main, main)
07:22:36.503 INFO: JdwpEventCenterDelegate: THREAD_RESUMED: thread (33, main, main)
07:22:36.505 INFO: JdwpEventCenterDelegate: THREAD_RESUMED: thread (33, main, main)
07:22:36.505 INFO: JdwpDebugServer: handling req: ThreadReference(11).ThreadGroup(5)
07:22:36.505 INFO: JdwpEventCenterDelegate: THREAD_RESUMED: thread (33, main, main)
07:22:36.506 INFO: JdwpDebugServer: handling req: ThreadGroup(12).Name(1)
07:22:36.506 INFO: JdwpDebugServer: handling req: ThreadGroup(12).Parent(2)
07:22:36.507 INFO: JdwpDebugServer: handling req: ObjectReference(9).ReferenceType(1)
07:22:36.507 INFO: JdwpDebugServer: handling req: ReferenceType(2).FieldsWithGeneric(14)
07:22:36.508 INFO: JdwpEventCenterDelegate: THREAD_RESUMED: thread (33, main, main)
07:22:36.511 INFO: JdwpEventCenterDelegate: THREAD_RESUMED: thread (33, main, main)
07:22:36.511 INFO: JdwpDebugServer: handling req: ReferenceType(2).Interfaces(10)
07:22:36.513 INFO: JdwpEventCenterDelegate: THREAD_RESUMED: thread (33, main, main)
07:22:36.513 INFO: JdwpDebugServer: handling req: ReferenceType(2).FieldsWithGeneric(14)
07:22:36.515 INFO: JdwpEventCenterDelegate: THREAD_RESUMED: thread (33, main, main)
07:22:36.515 INFO: JdwpDebugServer: handling req: ReferenceType(2).Interfaces(10)
07:22:36.515 INFO: JdwpDebugServer: handling req: ClassType(3).Superclass(1)
07:22:36.515 INFO: JdwpDebugServer: handling req: ReferenceType(2).FieldsWithGeneric(14)
07:22:36.519 INFO: JdwpDebugServer: handling req: ReferenceType(2).Interfaces(10)
07:22:36.520 INFO: JdwpEventCenterDelegate: THREAD_RESUMED: thread (33, main, main)
07:22:36.521 INFO: JdwpDebugServer: handling req: ClassType(3).Superclass(1)
07:22:36.522 INFO: JdwpDebugServer: handling req: ObjectReference(9).GetValues(2)
07:22:36.525 INFO: JdwpEventCenterDelegate: THREAD_RESUMED: thread (33, main, main)
07:22:36.526 INFO: JdwpEventCenterDelegate: THREAD_RESUMED: thread (33, main, main)
07:22:36.527 INFO: JdwpDebugServer: handling req: ThreadReference(11).Status(4)
07:22:36.529 INFO: JdwpDebugServer: handling req: ThreadReference(11).Status(4)
07:22:36.530 INFO: JdwpDebugServer: handling req: ObjectReference(9).IsCollected(9)
07:22:36.530 INFO: JdwpDebugServer: handling req: ThreadReference(11).ThreadGroup(5)
07:22:36.531 INFO: JdwpDebugServer: handling req: ObjectReference(9).ReferenceType(1)
07:22:36.532 INFO: JdwpDebugServer: handling req: ObjectReference(9).GetValues(2)
07:22:36.534 INFO: JdwpDebugServer: handling req: ThreadReference(11).Status(4)
07:22:36.534 INFO: JdwpDebugServer: handling req: ThreadReference(11).Status(4)
07:22:36.534 INFO: JdwpDebugServer: handling req: ObjectReference(9).IsCollected(9)
07:22:36.534 INFO: JdwpDebugServer: handling req: ThreadReference(11).ThreadGroup(5)
07:22:36.536 INFO: JdwpDebugServer: handling req: ObjectReference(9).ReferenceType(1)
07:22:36.536 INFO: JdwpDebugServer: handling req: ObjectReference(9).GetValues(2)
07:22:36.541 INFO: JdwpDebugServer: handling req: ThreadReference(11).Status(4)
07:22:36.541 INFO: JdwpDebugServer: handling req: ThreadReference(11).Name(1)
07:22:36.541 INFO: JdwpDebugServer: handling req: ThreadReference(11).Status(4)
07:22:36.542 INFO: JdwpDebugServer: handling req: ObjectReference(9).IsCollected(9)
07:22:36.549 INFO: JdwpDebugServer: handling req: ThreadReference(11).ThreadGroup(5)
07:22:36.549 INFO: JdwpDebugServer: handling req: ObjectReference(9).ReferenceType(1)
07:22:36.549 INFO: JdwpDebugServer: handling req: ObjectReference(9).GetValues(2)
07:22:36.550 INFO: JdwpDebugServer: handling req: ThreadReference(11).Status(4)
07:22:36.550 INFO: JdwpDebugServer: handling req: ThreadReference(11).Status(4)
07:22:36.562 INFO: JdwpDebugServer: handling req: ThreadReference(11).Name(1)
07:22:36.563 INFO: JdwpDebugServer: handling req: ThreadReference(11).Name(1)
07:22:36.563 INFO: JdwpDebugServer: handling req: ThreadReference(11).Name(1)
07:22:36.569 INFO: JdwpDebugServer: handling req: ThreadReference(11).Name(1)
07:22:36.570 INFO: JdwpDebugServer: handling req: ThreadReference(11).Name(1)
07:22:36.570 INFO: JdwpDebugServer: handling req: ThreadReference(11).Name(1)
07:22:36.571 INFO: JdwpDebugServer: handling req: ThreadReference(11).Name(1)
07:22:36.596 INFO: JdwpEventCenterDelegate: THREAD_RESUMED: thread (33, main, main)
07:22:36.597 INFO: JdwpEventCenterDelegate: THREAD_RESUMED: thread (33, main, main)
07:22:36.598 INFO: JdwpEventCenterDelegate: THREAD_RESUMED: thread (33, main, main)
07:22:36.607 INFO: JdwpEventCenterDelegate: THREAD_RESUMED: thread (33, main, main)
07:22:36.607 INFO: JdwpEventCenterDelegate: THREAD_RESUMED: thread (33, main, main)
07:22:36.608 INFO: JdwpEventCenterDelegate: THREAD_RESUMED: thread (33, main, main)
07:22:36.792 INFO: JdwpEventCenterDelegate: THREAD_RESUMED: thread (33, main, main)
07:22:36.792 INFO: JdwpEventCenterDelegate: THREAD_RESUMED: thread (33, main, main)
07:22:36.793 INFO: JdwpEventCenterDelegate: THREAD_RESUMED: thread (33, main, main)
07:22:36.858 INFO: JdwpEventCenterDelegate: THREAD_RESUMED: thread (33, main, main)
07:22:36.859 INFO: JdwpEventCenterDelegate: THREAD_RESUMED: thread (33, main, main)
07:22:36.861 INFO: JdwpEventCenterDelegate: THREAD_RESUMED: thread (33, main, main)
07:22:37.081 INFO: JdwpEventCenterDelegate: THREAD_RESUMED: thread (33, main, main)
07:22:37.083 INFO: JdwpEventCenterDelegate: THREAD_RESUMED: thread (33, main, main)
07:22:37.084 INFO: JdwpEventCenterDelegate: THREAD_RESUMED: thread (33, main, main)
07:22:37.140 INFO: JdwpEventCenterDelegate: THREAD_RESUMED: thread (33, main, main)
07:22:37.142 INFO: JdwpEventCenterDelegate: THREAD_RESUMED: thread (33, main, main)
07:22:37.142 INFO: JdwpEventCenterDelegate: THREAD_RESUMED: thread (33, main, main)
07:22:37.143 INFO: JdwpEventCenterDelegate: THREAD_RESUMED: thread (33, main, main)
07:22:37.151 INFO: JdwpEventCenterDelegate: THREAD_RESUMED: thread (33, main, main)
07:22:37.151 INFO: JdwpEventCenterDelegate: THREAD_RESUMED: thread (33, main, main)
07:22:38.063 INFO: JdwpEventCenterDelegate: THREAD_RESUMED: thread (33, main, main)
07:22:38.064 INFO: JdwpEventCenterDelegate: THREAD_RESUMED: thread (33, main, main)
07:22:38.092 INFO: JdwpEventCenterDelegate: THREAD_RESUMED: thread (33, main, main)
07:22:38.093 INFO: JdwpEventCenterDelegate: THREAD_RESUMED: thread (33, main, main)
07:22:38.094 INFO: JdwpEventCenterDelegate: THREAD_RESUMED: thread (33, main, main)
07:22:38.094 INFO: JdwpEventCenterDelegate: THREAD_RESUMED: thread (33, main, main)
07:22:38.176 INFO: JdwpEventCenterDelegate: THREAD_RESUMED: thread (33, main, main)
07:22:38.581 INFO: JdwpDebugServer: handling req: EventRequest(15).Set(1)
07:22:38.581 INFO: JdwpEventCenterDelegate: jdwpSetEventRequest: JdwpEventRequest{requestId=135, eventKind=BREAKPOINT, suspendPolicy=EVENT_THREAD, predicates=[Location{classId=15500, methodId=382, index=142} ]}
07:22:38.583 INFO: JdwpDebugServer: handling req: EventRequest(15).Set(1)
07:22:38.583 INFO: JdwpEventCenterDelegate: jdwpSetEventRequest: JdwpEventRequest{requestId=136, eventKind=BREAKPOINT, suspendPolicy=EVENT_THREAD, predicates=[Location{classId=15500, methodId=382, index=141} ]}
07:22:38.584 INFO: JdwpDebugServer: handling req: ThreadReference(11).Resume(3)
07:22:38.585 INFO: JdwpEventCenterDelegate: THREAD_RESUMED: thread (33, main, main)
07:22:38.588 INFO: JdwpDebugServer: handling req: EventRequest(15).Set(1)
07:22:38.588 INFO: JdwpEventCenterDelegate: jdwpSetEventRequest: JdwpEventRequest{requestId=137, eventKind=BREAKPOINT, suspendPolicy=EVENT_THREAD, predicates=[Location{classId=21445, methodId=1022, index=136} ]}
07:22:38.608 INFO: JdwpDebugServer: handling req: ThreadReference(11).Resume(3)
07:22:38.609 INFO: JdwpEventCenterDelegate: THREAD_RESUMED: thread (33, main, main)
07:22:38.612 INFO: JdwpDebugServer: handling req: ThreadReference(11).Frames(6)
07:22:38.614 INFO: JdwpDebugServer: handling req: ReferenceType(2).MethodsWithGeneric(15)
07:22:38.615 INFO: JdwpDebugServer: handling req: ReferenceType(2).MethodsWithGeneric(15)
07:22:38.616 INFO: JdwpDebugServer: handling req: ReferenceType(2).MethodsWithGeneric(15)
07:22:38.617 INFO: JdwpDebugServer: handling req: ReferenceType(2).MethodsWithGeneric(15)
07:22:38.622 INFO: JdwpDebugServer: handling req: ReferenceType(2).MethodsWithGeneric(15)
07:22:38.628 INFO: JdwpDebugServer: handling req: ReferenceType(2).MethodsWithGeneric(15)
07:22:38.638 INFO: JdwpDebugServer: handling req: ThreadReference(11).FramesCount(7)
07:22:38.639 INFO: JdwpDebugServer: handling req: ThreadReference(11).FramesCount(7)
07:22:39.690 INFO: JdwpDebugServer: handling req: ReferenceType(2).SourceFile(7)
07:22:40.420 INFO: JdwpDebugServer: handling req: ThreadReference(11).Name(1)
07:22:40.422 INFO: JdwpDebugServer: handling req: ReferenceType(2).SignatureWithGeneric(13)
07:22:40.431 INFO: JdwpDebugServer: handling req: ThreadReference(11).Name(1)
07:22:40.432 INFO: JdwpDebugServer: handling req: ThreadReference(11).Name(1)
07:22:40.433 INFO: JdwpDebugServer: handling req: ThreadReference(11).Name(1)
07:22:40.433 INFO: JdwpDebugServer: handling req: ThreadReference(11).Name(1)
07:22:40.762 INFO: JdwpDebugServer: handling req: ReferenceType(2).FieldsWithGeneric(14)
07:22:40.762 INFO: JdwpDebugServer: handling req: ReferenceType(2).Interfaces(10)
07:22:40.763 INFO: JdwpDebugServer: handling req: ClassType(3).Superclass(1)
07:22:40.763 INFO: JdwpDebugServer: handling req: ClassType(3).Superclass(1)
07:22:40.769 INFO: JdwpDebugServer: handling req: Method(6).VariableTableWithGenerics(5)
07:22:40.841 INFO: JdwpDebugServer: handling req: StackFrame(16).GetValues(1)
07:22:40.843 INFO: JdwpDebugServer: handling req: ObjectReference(9).ReferenceType(1)
07:22:40.844 INFO: JdwpDebugServer: handling req: ReferenceType(2).FieldsWithGeneric(14)
07:22:40.845 INFO: JdwpDebugServer: handling req: ReferenceType(2).Interfaces(10)
07:22:40.845 INFO: JdwpDebugServer: handling req: ReferenceType(2).FieldsWithGeneric(14)
07:22:40.846 INFO: JdwpDebugServer: handling req: ReferenceType(2).Interfaces(10)
07:22:40.846 INFO: JdwpDebugServer: handling req: ReferenceType(2).FieldsWithGeneric(14)
07:22:40.846 INFO: JdwpDebugServer: handling req: StackFrame(16).GetValues(1)
07:22:40.846 INFO: JdwpDebugServer: handling req: ReferenceType(2).Interfaces(10)
07:22:40.846 INFO: JdwpDebugServer: handling req: StackFrame(16).GetValues(1)
07:22:40.847 INFO: JdwpDebugServer: handling req: ReferenceType(2).FieldsWithGeneric(14)
07:22:40.847 INFO: JdwpDebugServer: handling req: ClassType(3).Superclass(1)
07:22:40.847 INFO: JdwpDebugServer: handling req: ReferenceType(2).Interfaces(10)
07:22:40.848 INFO: JdwpDebugServer: handling req: ClassType(3).Superclass(1)
07:22:40.848 INFO: JdwpDebugServer: handling req: ClassType(3).Superclass(1)
07:22:40.850 INFO: JdwpDebugServer: handling req: StackFrame(16).GetValues(1)
07:22:40.850 INFO: JdwpDebugServer: handling req: StackFrame(16).GetValues(1)
07:22:40.850 INFO: JdwpDebugServer: handling req: StackFrame(16).GetValues(1)
07:22:40.851 INFO: JdwpDebugServer: handling req: StringReference(10).Value(1)
07:22:40.852 INFO: JdwpDebugServer: handling req: StackFrame(16).GetValues(1)
07:22:40.853 INFO: JdwpDebugServer: handling req: ObjectReference(9).ReferenceType(1)
07:22:40.853 INFO: JdwpDebugServer: handling req: StackFrame(16).GetValues(1)
07:22:40.853 INFO: JdwpDebugServer: handling req: StackFrame(16).GetValues(1)
07:22:40.854 INFO: JdwpDebugServer: handling req: StackFrame(16).GetValues(1)
07:22:40.854 INFO: JdwpDebugServer: handling req: StackFrame(16).GetValues(1)
07:22:40.854 INFO: JdwpDebugServer: handling req: ClassType(3).Superclass(1)
07:22:40.855 INFO: JdwpDebugServer: handling req: StackFrame(16).GetValues(1)
07:22:40.855 INFO: JdwpDebugServer: handling req: StackFrame(16).GetValues(1)
07:22:40.855 INFO: JdwpDebugServer: handling req: StackFrame(16).GetValues(1)
07:22:40.855 INFO: JdwpDebugServer: handling req: StringReference(10).Value(1)
07:22:40.857 INFO: JdwpDebugServer: handling req: StackFrame(16).GetValues(1)
07:22:40.859 INFO: JdwpDebugServer: handling req: StackFrame(16).GetValues(1)
07:22:40.889 INFO: JdwpDebugServer: handling req: ThreadReference(11).FramesCount(7)
07:22:40.891 INFO: JdwpDebugServer: handling req: ThreadReference(11).Name(1)
07:22:40.891 INFO: JdwpDebugServer: handling req: ThreadReference(11).Name(1)
07:22:40.892 INFO: JdwpDebugServer: handling req: ThreadReference(11).FramesCount(7)
07:22:40.892 INFO: JdwpDebugServer: handling req: ThreadReference(11).Name(1)
07:22:40.892 INFO: JdwpDebugServer: handling req: ThreadReference(11).Name(1)
07:22:40.902 INFO: JdwpDebugServer: handling req: StackFrame(16).ThisObject(3)
07:22:40.903 INFO: JdwpDebugServer: handling req: ObjectReference(9).ReferenceType(1)
07:22:40.905 INFO: JdwpDebugServer: handling req: Method(6).LineTable(1)
07:22:40.910 INFO: JdwpDebugServer: handling req: StackFrame(16).ThisObject(3)
07:22:40.911 INFO: JdwpDebugServer: handling req: ObjectReference(9).ReferenceType(1)
07:22:40.911 INFO: JdwpDebugServer: handling req: Method(6).LineTable(1)
07:22:40.912 INFO: JdwpDebugServer: handling req: StackFrame(16).ThisObject(3)
07:22:40.913 INFO: JdwpDebugServer: handling req: ObjectReference(9).ReferenceType(1)
07:22:40.913 INFO: JdwpDebugServer: handling req: Method(6).LineTable(1)
07:22:40.913 INFO: JdwpDebugServer: handling req: StackFrame(16).ThisObject(3)
07:22:40.914 INFO: JdwpDebugServer: handling req: ObjectReference(9).ReferenceType(1)
07:22:40.914 INFO: JdwpDebugServer: handling req: Method(6).LineTable(1)
07:22:40.914 INFO: JdwpDebugServer: handling req: StackFrame(16).ThisObject(3)
07:22:40.914 INFO: JdwpDebugServer: handling req: ObjectReference(9).ReferenceType(1)
07:22:40.914 INFO: JdwpDebugServer: handling req: Method(6).LineTable(1)
07:22:40.916 INFO: JdwpDebugServer: handling req: Method(6).LineTable(1)
07:22:40.916 INFO: JdwpDebugServer: handling req: Method(6).LineTable(1)
07:22:44.308 INFO: JdwpDebugServer: handling req: ThreadReference(11).Resume(3)
07:22:44.321 INFO: JdwpEventCenterDelegate: THREAD_RESUMED: thread (33, main, main)
07:22:44.338 INFO: JdwpDebugServer: handling req: EventRequest(15).Set(1)
07:22:44.338 INFO: JdwpEventCenterDelegate: jdwpSetEventRequest: JdwpEventRequest{requestId=138, eventKind=BREAKPOINT, suspendPolicy=EVENT_THREAD, predicates=[Location{classId=20400, methodId=1047, index=106} ]}
07:22:44.373 INFO: JdwpDebugServer: handling req: ThreadReference(11).Resume(3)
07:22:44.373 INFO: JdwpEventCenterDelegate: THREAD_RESUMED: thread (33, main, main)
07:22:44.390 INFO: JdwpDebugServer: handling req: ThreadReference(11).Frames(6)
07:22:44.392 INFO: JdwpDebugServer: handling req: ThreadReference(11).FramesCount(7)
07:22:44.392 INFO: JdwpDebugServer: handling req: ThreadReference(11).FramesCount(7)
07:22:44.417 INFO: JdwpDebugServer: handling req: ThreadReference(11).Name(1)
07:22:44.419 INFO: JdwpDebugServer: handling req: ThreadReference(11).Name(1)
07:22:44.419 INFO: JdwpDebugServer: handling req: ThreadReference(11).Name(1)
07:22:44.553 INFO: JdwpDebugServer: handling req: ReferenceType(2).SignatureWithGeneric(13)
07:22:44.555 INFO: JdwpDebugServer: handling req: ThreadReference(11).Name(1)
07:22:44.558 INFO: JdwpDebugServer: handling req: ThreadReference(11).Name(1)
07:22:44.559 INFO: JdwpDebugServer: handling req: ThreadReference(11).Name(1)
07:22:44.559 INFO: JdwpDebugServer: handling req: ThreadReference(11).Name(1)
07:22:44.560 INFO: JdwpDebugServer: handling req: ThreadReference(11).Name(1)
07:22:44.579 INFO: JdwpDebugServer: handling req: ReferenceType(2).FieldsWithGeneric(14)
07:22:44.579 INFO: JdwpDebugServer: handling req: ReferenceType(2).Interfaces(10)
07:22:44.580 INFO: JdwpDebugServer: handling req: ClassType(3).Superclass(1)
07:22:44.580 INFO: JdwpDebugServer: handling req: Method(6).VariableTableWithGenerics(5)
07:22:44.581 INFO: JdwpDebugServer: handling req: ThreadReference(11).FramesCount(7)
07:22:44.591 INFO: JdwpDebugServer: handling req: ThreadReference(11).Name(1)
07:22:44.595 INFO: JdwpDebugServer: handling req: StackFrame(16).GetValues(1)
07:22:44.596 INFO: JdwpDebugServer: handling req: StackFrame(16).GetValues(1)
07:22:44.597 INFO: JdwpDebugServer: handling req: StackFrame(16).GetValues(1)
07:22:44.597 INFO: JdwpDebugServer: handling req: ObjectReference(9).ReferenceType(1)
07:22:44.597 INFO: JdwpDebugServer: handling req: ObjectReference(9).ReferenceType(1)
07:22:44.597 INFO: JdwpDebugServer: handling req: StackFrame(16).GetValues(1)
07:22:44.598 INFO: JdwpDebugServer: handling req: ClassType(3).Superclass(1)
07:22:44.598 INFO: JdwpDebugServer: handling req: ObjectReference(9).ReferenceType(1)
07:22:44.598 INFO: JdwpDebugServer: handling req: StackFrame(16).GetValues(1)
07:22:44.599 INFO: JdwpDebugServer: handling req: StackFrame(16).GetValues(1)
07:22:44.600 INFO: JdwpDebugServer: handling req: StackFrame(16).GetValues(1)
07:22:44.601 INFO: JdwpDebugServer: handling req: StackFrame(16).GetValues(1)
07:22:44.601 INFO: JdwpDebugServer: handling req: StackFrame(16).GetValues(1)
07:22:44.602 INFO: JdwpDebugServer: handling req: StackFrame(16).GetValues(1)
07:22:44.603 INFO: JdwpDebugServer: handling req: StackFrame(16).GetValues(1)
07:22:44.603 INFO: JdwpDebugServer: handling req: StringReference(10).Value(1)
07:22:44.603 INFO: JdwpDebugServer: handling req: StackFrame(16).GetValues(1)
07:22:44.604 INFO: JdwpDebugServer: handling req: ObjectReference(9).ReferenceType(1)
07:22:44.604 INFO: JdwpDebugServer: handling req: StackFrame(16).GetValues(1)
07:22:44.604 INFO: JdwpDebugServer: handling req: ReferenceType(2).FieldsWithGeneric(14)
07:22:44.612 INFO: JdwpDebugServer: handling req: StackFrame(16).GetValues(1)
07:22:44.613 INFO: JdwpDebugServer: handling req: ReferenceType(2).Interfaces(10)
07:22:44.613 INFO: JdwpDebugServer: handling req: ReferenceType(2).SourceFile(7)
07:22:44.613 INFO: JdwpDebugServer: handling req: ThreadReference(11).FramesCount(7)
07:22:44.613 INFO: JdwpDebugServer: handling req: ReferenceType(2).FieldsWithGeneric(14)
07:22:44.614 INFO: JdwpDebugServer: handling req: ReferenceType(2).Interfaces(10)
07:22:44.614 INFO: JdwpDebugServer: handling req: ClassType(3).Superclass(1)
07:22:44.615 INFO: JdwpDebugServer: handling req: StackFrame(16).GetValues(1)
07:22:44.616 INFO: JdwpDebugServer: handling req: StackFrame(16).GetValues(1)
07:22:44.620 INFO: JdwpDebugServer: handling req: ClassType(3).Superclass(1)
07:22:44.622 INFO: JdwpDebugServer: handling req: StackFrame(16).GetValues(1)
07:22:44.624 INFO: JdwpDebugServer: handling req: StackFrame(16).GetValues(1)
07:22:44.625 INFO: JdwpDebugServer: handling req: StackFrame(16).GetValues(1)
07:22:44.625 INFO: JdwpDebugServer: handling req: StringReference(10).Value(1)
07:22:44.625 INFO: JdwpDebugServer: handling req: StackFrame(16).GetValues(1)
07:22:44.625 INFO: JdwpDebugServer: handling req: StackFrame(16).GetValues(1)
07:22:44.626 INFO: JdwpDebugServer: handling req: StackFrame(16).GetValues(1)
07:22:44.629 INFO: JdwpDebugServer: handling req: StackFrame(16).GetValues(1)
07:22:44.632 INFO: JdwpDebugServer: handling req: StackFrame(16).GetValues(1)
07:22:44.633 INFO: JdwpDebugServer: handling req: StackFrame(16).GetValues(1)
07:22:44.634 INFO: JdwpDebugServer: handling req: StackFrame(16).GetValues(1)
07:22:44.645 INFO: JdwpDebugServer: handling req: StackFrame(16).GetValues(1)
07:22:44.649 INFO: JdwpDebugServer: handling req: StackFrame(16).GetValues(1)
07:22:44.651 INFO: JdwpDebugServer: handling req: StackFrame(16).GetValues(1)
07:22:44.651 INFO: JdwpDebugServer: handling req: StackFrame(16).GetValues(1)
07:22:44.651 INFO: JdwpDebugServer: handling req: StackFrame(16).GetValues(1)
07:22:44.652 INFO: JdwpDebugServer: handling req: StackFrame(16).GetValues(1)
07:22:44.652 INFO: JdwpDebugServer: handling req: StackFrame(16).GetValues(1)
07:22:44.652 INFO: JdwpDebugServer: handling req: StackFrame(16).GetValues(1)
07:22:44.653 INFO: JdwpDebugServer: handling req: StackFrame(16).GetValues(1)
07:22:44.653 INFO: JdwpDebugServer: handling req: StackFrame(16).GetValues(1)
07:22:44.654 INFO: JdwpDebugServer: handling req: StackFrame(16).GetValues(1)
07:22:44.654 INFO: JdwpDebugServer: handling req: StackFrame(16).GetValues(1)
07:22:44.654 INFO: JdwpDebugServer: handling req: StackFrame(16).GetValues(1)
07:22:44.654 INFO: JdwpDebugServer: handling req: StackFrame(16).GetValues(1)
07:22:44.655 INFO: JdwpDebugServer: handling req: StackFrame(16).GetValues(1)
07:22:44.655 INFO: JdwpDebugServer: handling req: StackFrame(16).GetValues(1)
07:22:44.655 INFO: JdwpDebugServer: handling req: StackFrame(16).GetValues(1)
07:22:44.655 INFO: JdwpDebugServer: handling req: StackFrame(16).GetValues(1)
07:22:44.655 INFO: JdwpDebugServer: handling req: StackFrame(16).GetValues(1)
07:22:44.656 INFO: JdwpDebugServer: handling req: StackFrame(16).GetValues(1)
07:22:44.656 INFO: JdwpDebugServer: handling req: StackFrame(16).GetValues(1)
07:22:44.656 INFO: JdwpDebugServer: handling req: StackFrame(16).GetValues(1)
07:22:44.657 INFO: JdwpDebugServer: handling req: StackFrame(16).GetValues(1)
07:22:44.658 INFO: JdwpDebugServer: handling req: StackFrame(16).GetValues(1)
07:22:44.658 INFO: JdwpDebugServer: handling req: StackFrame(16).GetValues(1)
07:22:44.659 INFO: JdwpDebugServer: handling req: ClassType(3).Superclass(1)
07:22:44.659 INFO: JdwpDebugServer: handling req: StackFrame(16).GetValues(1)
07:22:44.659 INFO: JdwpDebugServer: handling req: StackFrame(16).GetValues(1)
07:22:44.660 INFO: JdwpDebugServer: handling req: StackFrame(16).GetValues(1)
07:22:44.661 INFO: JdwpDebugServer: handling req: StackFrame(16).GetValues(1)
07:22:44.662 INFO: JdwpDebugServer: handling req: StackFrame(16).GetValues(1)
07:22:44.663 INFO: JdwpDebugServer: handling req: StackFrame(16).ThisObject(3)
07:22:44.663 INFO: JdwpDebugServer: handling req: ObjectReference(9).ReferenceType(1)
07:22:44.663 INFO: JdwpDebugServer: handling req: StackFrame(16).ThisObject(3)
07:22:44.664 INFO: JdwpDebugServer: handling req: ObjectReference(9).ReferenceType(1)
07:22:44.664 INFO: JdwpDebugServer: handling req: StackFrame(16).ThisObject(3)
07:22:44.664 INFO: JdwpDebugServer: handling req: ObjectReference(9).ReferenceType(1)
07:22:44.667 INFO: JdwpDebugServer: handling req: StackFrame(16).ThisObject(3)
07:22:44.668 INFO: JdwpDebugServer: handling req: ObjectReference(9).ReferenceType(1)
07:22:44.668 INFO: JdwpDebugServer: handling req: StackFrame(16).ThisObject(3)
07:22:44.668 INFO: JdwpDebugServer: handling req: ObjectReference(9).ReferenceType(1)
07:22:46.114 INFO: JdwpDebugServer: handling req: ThreadReference(11).Resume(3)
07:22:46.117 INFO: JdwpEventCenterDelegate: THREAD_RESUMED: thread (33, main, main)
07:22:46.118 INFO: JdwpDebugServer: handling req: ReferenceType(2).MethodsWithGeneric(15)
07:22:46.136 INFO: JdwpDebugServer: handling req: Method(6).LineTable(1)
07:22:46.139 INFO: JdwpDebugServer: handling req: Method(6).LineTable(1)
07:22:46.140 INFO: JdwpDebugServer: handling req: Method(6).LineTable(1)
07:22:46.140 INFO: JdwpDebugServer: handling req: ThreadReference(11).Resume(3)
07:22:46.141 INFO: JdwpEventCenterDelegate: THREAD_RESUMED: thread (33, main, main)
07:22:46.143 INFO: JdwpEventCenterDelegate: THREAD_RESUMED: thread (33, main, main)
07:22:46.150 INFO: JdwpDebugServer: handling req: ThreadReference(11).Name(1)
07:22:46.150 INFO: JdwpDebugServer: handling req: ThreadReference(11).Name(1)
07:22:46.150 INFO: JdwpDebugServer: handling req: ThreadReference(11).Name(1)
07:22:46.177 SEVERE: Debugger: Thread HooksChannel socket thread crashed
org.robovm.debugger.DebuggerException: java.nio.BufferUnderflowException
	at org.robovm.debugger.hooks.HooksChannel.doSocketWork(HooksChannel.java:149)
	at java.base/java.lang.Thread.run(Thread.java:833)
	at org.robovm.debugger.utils.DebuggerThread.run(DebuggerThread.java:42)
Caused by: java.nio.BufferUnderflowException
	at org.robovm.debugger.utils.bytebuffer.DataBufferWriter.writeFromStream(DataBufferWriter.java:91)
	at org.robovm.debugger.hooks.HooksChannel.doSocketWork(HooksChannel.java:116)
	... 2 more
07:22:46.221 INFO: JdwpDebugServer: handling req: ThreadReference(11).Name(1)
