10:11:16.519 INFO: JdwpEventCenterDelegate: THREAD_STARTED: thread (33, main, main)
10:11:16.635 INFO: JdwpEventCenterDelegate: THREAD_STARTED: thread (48, ReferenceQueueDaemon, main)
10:11:16.636 INFO: JdwpEventCenterDelegate: THREAD_STARTED: thread (63, FinalizerDaemon, main)
10:11:16.639 INFO: JdwpEventCenterDelegate: THREAD_STARTED: thread (78, FinalizerWatchdogDaemon, main)
10:11:18.448 INFO: JdwpDebugServer: handling req: VirtualMachine(1).IDSizes(7)
10:11:18.451 INFO: JdwpDebugServer: handling req: EventRequest(15).Set(1)
10:11:18.451 INFO: JdwpEventCenterDelegate: jdwpSetEventRequest: JdwpEventRequest{requestId=100, eventKind=CLASS_UNLOAD, suspendPolicy=NONE, predicates=[]}
10:11:18.452 INFO: JdwpDebugServer: handling req: EventRequest(15).Set(1)
10:11:18.452 INFO: JdwpEventCenterDelegate: jdwpSetEventRequest: JdwpEventRequest{requestId=101, eventKind=THREAD_START, suspendPolicy=NONE, predicates=[]}
10:11:18.453 INFO: JdwpDebugServer: handling req: VirtualMachine(1).ClassesBySignature(2)
10:11:18.455 INFO: JdwpDebugServer: handling req: VirtualMachine(1).Version(1)
10:11:18.456 INFO: JdwpDebugServer: handling req: ReferenceType(2).MethodsWithGeneric(15)
10:11:18.458 INFO: JdwpDebugServer: handling req: Method(6).LineTable(1)
10:11:18.459 INFO: JdwpDebugServer: handling req: EventRequest(15).Set(1)
10:11:18.460 INFO: JdwpEventCenterDelegate: jdwpSetEventRequest: JdwpEventRequest{requestId=102, eventKind=BREAKPOINT, suspendPolicy=NONE, predicates=[Location{classId=845, methodId=257, index=928} ]}
10:11:18.461 INFO: JdwpDebugServer: handling req: EventRequest(15).Set(1)
10:11:18.461 INFO: JdwpEventCenterDelegate: jdwpSetEventRequest: JdwpEventRequest{requestId=103, eventKind=THREAD_DEATH, suspendPolicy=NONE, predicates=[]}
10:11:18.461 INFO: JdwpDebugServer: handling req: VirtualMachine(1).AllThreads(4)
10:11:18.462 INFO: JdwpDebugServer: handling req: ThreadReference(11).ThreadGroup(5)
10:11:18.462 INFO: JdwpDebugServer: handling req: ThreadGroup(12).Name(1)
10:11:18.463 INFO: JdwpDebugServer: handling req: ThreadGroup(12).Parent(2)
10:11:18.463 INFO: JdwpDebugServer: handling req: ObjectReference(9).ReferenceType(1)
10:11:18.463 INFO: JdwpDebugServer: handling req: ReferenceType(2).FieldsWithGeneric(14)
10:11:18.464 INFO: JdwpDebugServer: handling req: ReferenceType(2).Interfaces(10)
10:11:18.465 INFO: JdwpDebugServer: handling req: ReferenceType(2).FieldsWithGeneric(14)
10:11:18.465 INFO: JdwpDebugServer: handling req: ReferenceType(2).Interfaces(10)
10:11:18.465 INFO: JdwpDebugServer: handling req: ClassType(3).Superclass(1)
10:11:18.465 INFO: JdwpDebugServer: handling req: ReferenceType(2).FieldsWithGeneric(14)
10:11:18.466 INFO: JdwpDebugServer: handling req: ReferenceType(2).Interfaces(10)
10:11:18.466 INFO: JdwpDebugServer: handling req: ClassType(3).Superclass(1)
10:11:18.466 INFO: JdwpDebugServer: handling req: ObjectReference(9).GetValues(2)
10:11:18.468 INFO: JdwpDebugServer: handling req: ThreadReference(11).Status(4)
10:11:18.468 INFO: JdwpDebugServer: handling req: ThreadReference(11).Status(4)
10:11:18.468 INFO: JdwpDebugServer: handling req: ThreadReference(11).ThreadGroup(5)
10:11:18.469 INFO: JdwpDebugServer: handling req: ObjectReference(9).ReferenceType(1)
10:11:18.469 INFO: JdwpDebugServer: handling req: ObjectReference(9).GetValues(2)
10:11:18.471 INFO: JdwpDebugServer: handling req: ThreadReference(11).Status(4)
10:11:18.471 INFO: JdwpDebugServer: handling req: ThreadReference(11).Status(4)
10:11:18.472 INFO: JdwpDebugServer: handling req: ThreadReference(11).ThreadGroup(5)
10:11:18.472 INFO: JdwpDebugServer: handling req: ObjectReference(9).ReferenceType(1)
10:11:18.472 INFO: JdwpDebugServer: handling req: ObjectReference(9).GetValues(2)
10:11:18.473 INFO: JdwpDebugServer: handling req: ThreadReference(11).Status(4)
10:11:18.473 INFO: JdwpDebugServer: handling req: ThreadReference(11).Status(4)
10:11:18.473 INFO: JdwpDebugServer: handling req: ThreadReference(11).ThreadGroup(5)
10:11:18.474 INFO: JdwpDebugServer: handling req: ObjectReference(9).ReferenceType(1)
10:11:18.474 INFO: JdwpDebugServer: handling req: ObjectReference(9).GetValues(2)
10:11:18.474 INFO: JdwpDebugServer: handling req: ThreadReference(11).Status(4)
10:11:18.474 INFO: JdwpDebugServer: handling req: ThreadReference(11).Status(4)
10:11:18.477 INFO: JdwpDebugServer: handling req: EventRequest(15).Set(1)
10:11:18.477 INFO: JdwpEventCenterDelegate: jdwpSetEventRequest: JdwpEventRequest{requestId=104, eventKind=CLASS_PREPARE, suspendPolicy=EVENT_THREAD, predicates=[className=java.lang.Throwable]}
10:11:18.483 INFO: JdwpDebugServer: handling req: EventRequest(15).Set(1)
10:11:18.483 INFO: JdwpEventCenterDelegate: jdwpSetEventRequest: JdwpEventRequest{requestId=105, eventKind=CLASS_PREPARE, suspendPolicy=EVENT_THREAD, predicates=[className=java.lang.Throwable$*]}
10:11:18.485 INFO: JdwpDebugServer: handling req: VirtualMachine(1).ClassesBySignature(2)
10:11:18.485 INFO: JdwpDebugServer: handling req: ReferenceType(2).MethodsWithGeneric(15)
10:11:18.486 INFO: JdwpDebugServer: handling req: Method(6).LineTable(1)
10:11:18.486 INFO: JdwpDebugServer: handling req: Method(6).LineTable(1)
10:11:18.486 INFO: JdwpDebugServer: handling req: Method(6).LineTable(1)
10:11:18.487 INFO: JdwpDebugServer: handling req: Method(6).LineTable(1)
10:11:18.487 INFO: JdwpDebugServer: handling req: Method(6).LineTable(1)
10:11:18.487 INFO: JdwpDebugServer: handling req: Method(6).LineTable(1)
10:11:18.487 INFO: JdwpDebugServer: handling req: Method(6).LineTable(1)
10:11:18.487 INFO: JdwpDebugServer: handling req: Method(6).LineTable(1)
10:11:18.487 INFO: JdwpDebugServer: handling req: Method(6).LineTable(1)
10:11:18.488 INFO: JdwpDebugServer: handling req: Method(6).LineTable(1)
10:11:18.488 INFO: JdwpDebugServer: handling req: Method(6).LineTable(1)
10:11:18.488 INFO: JdwpDebugServer: handling req: Method(6).LineTable(1)
10:11:18.488 INFO: JdwpDebugServer: handling req: Method(6).LineTable(1)
10:11:18.488 INFO: JdwpDebugServer: handling req: Method(6).LineTable(1)
10:11:18.488 INFO: JdwpDebugServer: handling req: Method(6).LineTable(1)
10:11:18.489 INFO: JdwpDebugServer: handling req: Method(6).LineTable(1)
10:11:18.489 INFO: JdwpDebugServer: handling req: Method(6).LineTable(1)
10:11:18.489 INFO: JdwpDebugServer: handling req: Method(6).LineTable(1)
10:11:18.489 INFO: JdwpDebugServer: handling req: Method(6).LineTable(1)
10:11:18.489 INFO: JdwpDebugServer: handling req: Method(6).LineTable(1)
10:11:18.489 INFO: JdwpDebugServer: handling req: Method(6).LineTable(1)
10:11:18.489 INFO: JdwpDebugServer: handling req: Method(6).LineTable(1)
10:11:18.490 INFO: JdwpDebugServer: handling req: Method(6).LineTable(1)
10:11:18.490 INFO: JdwpDebugServer: handling req: Method(6).LineTable(1)
10:11:18.490 INFO: JdwpDebugServer: handling req: VirtualMachine(1).ClassesBySignature(2)
10:11:18.490 INFO: JdwpDebugServer: handling req: VirtualMachine(1).AllClassesWithGeneric(20)
10:11:18.504 INFO: JdwpDebugServer: handling req: EventRequest(15).Set(1)
10:11:18.504 INFO: JdwpEventCenterDelegate: jdwpSetEventRequest: JdwpEventRequest{requestId=106, eventKind=CLASS_PREPARE, suspendPolicy=EVENT_THREAD, predicates=[className=com.badlogic.gdx.utils.ScreenUtils]}
10:11:18.505 INFO: JdwpDebugServer: handling req: EventRequest(15).Set(1)
10:11:18.505 INFO: JdwpEventCenterDelegate: jdwpSetEventRequest: JdwpEventRequest{requestId=107, eventKind=CLASS_PREPARE, suspendPolicy=EVENT_THREAD, predicates=[className=com.badlogic.gdx.utils.ScreenUtils$*]}
10:11:18.507 INFO: JdwpDebugServer: handling req: VirtualMachine(1).ClassesBySignature(2)
10:11:18.507 INFO: JdwpDebugServer: handling req: ReferenceType(2).MethodsWithGeneric(15)
10:11:18.507 INFO: JdwpDebugServer: handling req: Method(6).LineTable(1)
10:11:18.507 INFO: JdwpDebugServer: handling req: Method(6).LineTable(1)
10:11:18.507 INFO: JdwpDebugServer: handling req: Method(6).LineTable(1)
10:11:18.507 INFO: JdwpDebugServer: handling req: Method(6).LineTable(1)
10:11:18.507 INFO: JdwpDebugServer: handling req: Method(6).LineTable(1)
10:11:18.508 INFO: JdwpDebugServer: handling req: Method(6).LineTable(1)
10:11:18.508 INFO: JdwpDebugServer: handling req: Method(6).LineTable(1)
10:11:18.508 INFO: JdwpDebugServer: handling req: Method(6).LineTable(1)
10:11:18.508 INFO: JdwpDebugServer: handling req: Method(6).LineTable(1)
10:11:18.508 INFO: JdwpDebugServer: handling req: Method(6).LineTable(1)
10:11:18.508 INFO: JdwpDebugServer: handling req: EventRequest(15).Set(1)
10:11:18.509 INFO: JdwpEventCenterDelegate: jdwpSetEventRequest: JdwpEventRequest{requestId=108, eventKind=BREAKPOINT, suspendPolicy=EVENT_THREAD, predicates=[Location{classId=22240, methodId=1272, index=89} ]}
10:11:18.511 INFO: JdwpDebugServer: handling req: EventRequest(15).Set(1)
10:11:18.511 INFO: JdwpEventCenterDelegate: jdwpSetEventRequest: JdwpEventRequest{requestId=109, eventKind=CLASS_PREPARE, suspendPolicy=EVENT_THREAD, predicates=[className=com.badlogic.gdx.utils.ScreenUtils]}
10:11:18.512 INFO: JdwpDebugServer: handling req: EventRequest(15).Set(1)
10:11:18.512 INFO: JdwpEventCenterDelegate: jdwpSetEventRequest: JdwpEventRequest{requestId=110, eventKind=CLASS_PREPARE, suspendPolicy=EVENT_THREAD, predicates=[className=com.badlogic.gdx.utils.ScreenUtils$*]}
10:11:18.513 INFO: JdwpDebugServer: handling req: VirtualMachine(1).ClassesBySignature(2)
10:11:18.513 INFO: JdwpDebugServer: handling req: EventRequest(15).Set(1)
10:11:18.513 INFO: JdwpEventCenterDelegate: jdwpSetEventRequest: JdwpEventRequest{requestId=111, eventKind=BREAKPOINT, suspendPolicy=EVENT_THREAD, predicates=[Location{classId=22240, methodId=1267, index=72} ]}
10:11:18.513 INFO: JdwpDebugServer: handling req: EventRequest(15).Set(1)
10:11:18.513 INFO: JdwpEventCenterDelegate: jdwpSetEventRequest: JdwpEventRequest{requestId=112, eventKind=CLASS_PREPARE, suspendPolicy=EVENT_THREAD, predicates=[className=com.badlogic.gdx.graphics.g2d.PolygonSpriteBatch]}
10:11:18.514 INFO: JdwpDebugServer: handling req: EventRequest(15).Set(1)
10:11:18.514 INFO: JdwpEventCenterDelegate: jdwpSetEventRequest: JdwpEventRequest{requestId=113, eventKind=CLASS_PREPARE, suspendPolicy=EVENT_THREAD, predicates=[className=com.badlogic.gdx.graphics.g2d.PolygonSpriteBatch$*]}
10:11:18.515 INFO: JdwpDebugServer: handling req: VirtualMachine(1).ClassesBySignature(2)
10:11:18.515 INFO: JdwpDebugServer: handling req: ReferenceType(2).MethodsWithGeneric(15)
10:11:18.516 INFO: JdwpDebugServer: handling req: Method(6).LineTable(1)
10:11:18.517 INFO: JdwpDebugServer: handling req: Method(6).LineTable(1)
10:11:18.517 INFO: JdwpDebugServer: handling req: Method(6).LineTable(1)
10:11:18.517 INFO: JdwpDebugServer: handling req: Method(6).LineTable(1)
10:11:18.517 INFO: JdwpDebugServer: handling req: Method(6).LineTable(1)
10:11:18.517 INFO: JdwpDebugServer: handling req: Method(6).LineTable(1)
10:11:18.518 INFO: JdwpDebugServer: handling req: Method(6).LineTable(1)
10:11:18.518 INFO: JdwpDebugServer: handling req: Method(6).LineTable(1)
10:11:18.518 INFO: JdwpDebugServer: handling req: Method(6).LineTable(1)
10:11:18.518 INFO: JdwpDebugServer: handling req: Method(6).LineTable(1)
10:11:18.518 INFO: JdwpDebugServer: handling req: Method(6).LineTable(1)
10:11:18.518 INFO: JdwpDebugServer: handling req: Method(6).LineTable(1)
10:11:18.519 INFO: JdwpDebugServer: handling req: Method(6).LineTable(1)
10:11:18.519 INFO: JdwpDebugServer: handling req: Method(6).LineTable(1)
10:11:18.519 INFO: JdwpDebugServer: handling req: Method(6).LineTable(1)
10:11:18.519 INFO: JdwpDebugServer: handling req: Method(6).LineTable(1)
10:11:18.519 INFO: JdwpDebugServer: handling req: Method(6).LineTable(1)
10:11:18.520 INFO: JdwpDebugServer: handling req: Method(6).LineTable(1)
10:11:18.520 INFO: JdwpDebugServer: handling req: Method(6).LineTable(1)
10:11:18.520 INFO: JdwpDebugServer: handling req: Method(6).LineTable(1)
10:11:18.520 INFO: JdwpDebugServer: handling req: Method(6).LineTable(1)
10:11:18.520 INFO: JdwpDebugServer: handling req: Method(6).LineTable(1)
10:11:18.521 INFO: JdwpDebugServer: handling req: Method(6).LineTable(1)
10:11:18.521 INFO: JdwpDebugServer: handling req: Method(6).LineTable(1)
10:11:18.521 INFO: JdwpDebugServer: handling req: Method(6).LineTable(1)
10:11:18.521 INFO: JdwpDebugServer: handling req: Method(6).LineTable(1)
10:11:18.521 INFO: JdwpDebugServer: handling req: Method(6).LineTable(1)
10:11:18.522 INFO: JdwpDebugServer: handling req: Method(6).LineTable(1)
10:11:18.522 INFO: JdwpDebugServer: handling req: Method(6).LineTable(1)
10:11:18.522 INFO: JdwpDebugServer: handling req: Method(6).LineTable(1)
10:11:18.522 INFO: JdwpDebugServer: handling req: Method(6).LineTable(1)
10:11:18.522 INFO: JdwpDebugServer: handling req: Method(6).LineTable(1)
10:11:18.524 INFO: JdwpDebugServer: handling req: Method(6).LineTable(1)
10:11:18.524 INFO: JdwpDebugServer: handling req: Method(6).LineTable(1)
10:11:18.525 INFO: JdwpDebugServer: handling req: Method(6).LineTable(1)
10:11:18.525 INFO: JdwpDebugServer: handling req: Method(6).LineTable(1)
10:11:18.526 INFO: JdwpDebugServer: handling req: Method(6).LineTable(1)
10:11:18.526 INFO: JdwpDebugServer: handling req: Method(6).LineTable(1)
10:11:18.526 INFO: JdwpDebugServer: handling req: Method(6).LineTable(1)
10:11:18.526 INFO: JdwpDebugServer: handling req: Method(6).LineTable(1)
10:11:18.526 INFO: JdwpDebugServer: handling req: Method(6).LineTable(1)
10:11:18.526 INFO: JdwpDebugServer: handling req: Method(6).LineTable(1)
10:11:18.526 INFO: JdwpDebugServer: handling req: Method(6).LineTable(1)
10:11:18.526 INFO: JdwpDebugServer: handling req: Method(6).LineTable(1)
10:11:18.526 INFO: JdwpDebugServer: handling req: Method(6).LineTable(1)
10:11:18.527 INFO: JdwpDebugServer: handling req: Method(6).LineTable(1)
10:11:18.527 INFO: JdwpDebugServer: handling req: Method(6).LineTable(1)
10:11:18.527 INFO: JdwpDebugServer: handling req: EventRequest(15).Set(1)
10:11:18.527 INFO: JdwpEventCenterDelegate: jdwpSetEventRequest: JdwpEventRequest{requestId=114, eventKind=BREAKPOINT, suspendPolicy=EVENT_THREAD, predicates=[Location{classId=15500, methodId=1307, index=142} ]}
10:11:18.528 INFO: JdwpDebugServer: handling req: EventRequest(15).Set(1)
10:11:18.528 INFO: JdwpEventCenterDelegate: jdwpSetEventRequest: JdwpEventRequest{requestId=115, eventKind=CLASS_PREPARE, suspendPolicy=EVENT_THREAD, predicates=[className=com.badlogic.gdx.graphics.g2d.SpriteBatch]}
10:11:18.529 INFO: JdwpDebugServer: handling req: EventRequest(15).Set(1)
10:11:18.529 INFO: JdwpEventCenterDelegate: jdwpSetEventRequest: JdwpEventRequest{requestId=116, eventKind=CLASS_PREPARE, suspendPolicy=EVENT_THREAD, predicates=[className=com.badlogic.gdx.graphics.g2d.SpriteBatch$*]}
10:11:18.529 INFO: JdwpDebugServer: handling req: VirtualMachine(1).ClassesBySignature(2)
10:11:18.530 INFO: JdwpDebugServer: handling req: ReferenceType(2).MethodsWithGeneric(15)
10:11:18.530 INFO: JdwpDebugServer: handling req: Method(6).LineTable(1)
10:11:18.530 INFO: JdwpDebugServer: handling req: Method(6).LineTable(1)
10:11:18.531 INFO: JdwpDebugServer: handling req: Method(6).LineTable(1)
10:11:18.531 INFO: JdwpDebugServer: handling req: Method(6).LineTable(1)
10:11:18.531 INFO: JdwpDebugServer: handling req: Method(6).LineTable(1)
10:11:18.531 INFO: JdwpDebugServer: handling req: Method(6).LineTable(1)
10:11:18.531 INFO: JdwpDebugServer: handling req: Method(6).LineTable(1)
10:11:18.531 INFO: JdwpDebugServer: handling req: Method(6).LineTable(1)
10:11:18.531 INFO: JdwpDebugServer: handling req: Method(6).LineTable(1)
10:11:18.531 INFO: JdwpDebugServer: handling req: Method(6).LineTable(1)
10:11:18.531 INFO: JdwpDebugServer: handling req: Method(6).LineTable(1)
10:11:18.531 INFO: JdwpDebugServer: handling req: Method(6).LineTable(1)
10:11:18.532 INFO: JdwpDebugServer: handling req: Method(6).LineTable(1)
10:11:18.532 INFO: JdwpDebugServer: handling req: Method(6).LineTable(1)
10:11:18.532 INFO: JdwpDebugServer: handling req: Method(6).LineTable(1)
10:11:18.532 INFO: JdwpDebugServer: handling req: Method(6).LineTable(1)
10:11:18.532 INFO: JdwpDebugServer: handling req: Method(6).LineTable(1)
10:11:18.532 INFO: JdwpDebugServer: handling req: Method(6).LineTable(1)
10:11:18.532 INFO: JdwpDebugServer: handling req: Method(6).LineTable(1)
10:11:18.533 INFO: JdwpDebugServer: handling req: Method(6).LineTable(1)
10:11:18.533 INFO: JdwpDebugServer: handling req: Method(6).LineTable(1)
10:11:18.533 INFO: JdwpDebugServer: handling req: Method(6).LineTable(1)
10:11:18.533 INFO: JdwpDebugServer: handling req: Method(6).LineTable(1)
10:11:18.533 INFO: JdwpDebugServer: handling req: Method(6).LineTable(1)
10:11:18.533 INFO: JdwpDebugServer: handling req: Method(6).LineTable(1)
10:11:18.533 INFO: JdwpDebugServer: handling req: Method(6).LineTable(1)
10:11:18.533 INFO: JdwpDebugServer: handling req: Method(6).LineTable(1)
10:11:18.533 INFO: JdwpDebugServer: handling req: Method(6).LineTable(1)
10:11:18.534 INFO: JdwpDebugServer: handling req: Method(6).LineTable(1)
10:11:18.534 INFO: JdwpDebugServer: handling req: Method(6).LineTable(1)
10:11:18.534 INFO: JdwpDebugServer: handling req: Method(6).LineTable(1)
10:11:18.534 INFO: JdwpDebugServer: handling req: Method(6).LineTable(1)
10:11:18.534 INFO: JdwpDebugServer: handling req: Method(6).LineTable(1)
10:11:18.534 INFO: JdwpDebugServer: handling req: Method(6).LineTable(1)
10:11:18.534 INFO: JdwpDebugServer: handling req: Method(6).LineTable(1)
10:11:18.534 INFO: JdwpDebugServer: handling req: Method(6).LineTable(1)
10:11:18.534 INFO: JdwpDebugServer: handling req: Method(6).LineTable(1)
10:11:18.534 INFO: JdwpDebugServer: handling req: Method(6).LineTable(1)
10:11:18.535 INFO: JdwpDebugServer: handling req: Method(6).LineTable(1)
10:11:18.535 INFO: JdwpDebugServer: handling req: Method(6).LineTable(1)
10:11:18.535 INFO: JdwpDebugServer: handling req: Method(6).LineTable(1)
10:11:18.535 INFO: JdwpDebugServer: handling req: Method(6).LineTable(1)
10:11:18.536 INFO: JdwpDebugServer: handling req: Method(6).LineTable(1)
10:11:18.536 INFO: JdwpDebugServer: handling req: Method(6).LineTable(1)
10:11:18.537 INFO: JdwpDebugServer: handling req: EventRequest(15).Set(1)
10:11:18.537 INFO: JdwpEventCenterDelegate: jdwpSetEventRequest: JdwpEventRequest{requestId=117, eventKind=BREAKPOINT, suspendPolicy=EVENT_THREAD, predicates=[Location{classId=18040, methodId=1542, index=163} ]}
10:11:18.537 INFO: JdwpDebugServer: handling req: EventRequest(15).Set(1)
10:11:18.537 INFO: JdwpEventCenterDelegate: jdwpSetEventRequest: JdwpEventRequest{requestId=118, eventKind=CLASS_PREPARE, suspendPolicy=EVENT_THREAD, predicates=[className=com.abdalla.bushnaq.pluvia.engine.RenderEngine]}
10:11:18.538 INFO: JdwpDebugServer: handling req: EventRequest(15).Set(1)
10:11:18.558 INFO: JdwpEventCenterDelegate: jdwpSetEventRequest: JdwpEventRequest{requestId=119, eventKind=CLASS_PREPARE, suspendPolicy=EVENT_THREAD, predicates=[className=com.abdalla.bushnaq.pluvia.engine.RenderEngine$*]}
10:11:18.560 INFO: JdwpDebugServer: handling req: VirtualMachine(1).ClassesBySignature(2)
10:11:18.561 INFO: JdwpDebugServer: handling req: ReferenceType(2).MethodsWithGeneric(15)
10:11:18.562 INFO: JdwpDebugServer: handling req: Method(6).LineTable(1)
10:11:18.562 INFO: JdwpDebugServer: handling req: Method(6).LineTable(1)
10:11:18.562 INFO: JdwpDebugServer: handling req: Method(6).LineTable(1)
10:11:18.562 INFO: JdwpDebugServer: handling req: Method(6).LineTable(1)
10:11:18.562 INFO: JdwpDebugServer: handling req: Method(6).LineTable(1)
10:11:18.563 INFO: JdwpDebugServer: handling req: Method(6).LineTable(1)
10:11:18.563 INFO: JdwpDebugServer: handling req: Method(6).LineTable(1)
10:11:18.563 INFO: JdwpDebugServer: handling req: Method(6).LineTable(1)
10:11:18.563 INFO: JdwpDebugServer: handling req: Method(6).LineTable(1)
10:11:18.563 INFO: JdwpDebugServer: handling req: Method(6).LineTable(1)
10:11:18.563 INFO: JdwpDebugServer: handling req: Method(6).LineTable(1)
10:11:18.564 INFO: JdwpDebugServer: handling req: Method(6).LineTable(1)
10:11:18.564 INFO: JdwpDebugServer: handling req: Method(6).LineTable(1)
10:11:18.564 INFO: JdwpDebugServer: handling req: Method(6).LineTable(1)
10:11:18.564 INFO: JdwpDebugServer: handling req: Method(6).LineTable(1)
10:11:18.564 INFO: JdwpDebugServer: handling req: Method(6).LineTable(1)
10:11:18.564 INFO: JdwpDebugServer: handling req: Method(6).LineTable(1)
10:11:18.565 INFO: JdwpDebugServer: handling req: Method(6).LineTable(1)
10:11:18.565 INFO: JdwpDebugServer: handling req: Method(6).LineTable(1)
10:11:18.565 INFO: JdwpDebugServer: handling req: Method(6).LineTable(1)
10:11:18.565 INFO: JdwpDebugServer: handling req: Method(6).LineTable(1)
10:11:18.566 INFO: JdwpDebugServer: handling req: Method(6).LineTable(1)
10:11:18.566 INFO: JdwpDebugServer: handling req: Method(6).LineTable(1)
10:11:18.566 INFO: JdwpDebugServer: handling req: Method(6).LineTable(1)
10:11:18.567 INFO: JdwpDebugServer: handling req: Method(6).LineTable(1)
10:11:18.567 INFO: JdwpDebugServer: handling req: Method(6).LineTable(1)
10:11:18.567 INFO: JdwpDebugServer: handling req: Method(6).LineTable(1)
10:11:18.568 INFO: JdwpDebugServer: handling req: Method(6).LineTable(1)
10:11:18.569 INFO: JdwpDebugServer: handling req: Method(6).LineTable(1)
10:11:18.569 INFO: JdwpDebugServer: handling req: Method(6).LineTable(1)
10:11:18.569 INFO: JdwpDebugServer: handling req: Method(6).LineTable(1)
10:11:18.569 INFO: JdwpDebugServer: handling req: Method(6).LineTable(1)
10:11:18.570 INFO: JdwpDebugServer: handling req: Method(6).LineTable(1)
10:11:18.570 INFO: JdwpDebugServer: handling req: Method(6).LineTable(1)
10:11:18.570 INFO: JdwpDebugServer: handling req: Method(6).LineTable(1)
10:11:18.570 INFO: JdwpDebugServer: handling req: Method(6).LineTable(1)
10:11:18.570 INFO: JdwpDebugServer: handling req: Method(6).LineTable(1)
10:11:18.570 INFO: JdwpDebugServer: handling req: Method(6).LineTable(1)
10:11:18.570 INFO: JdwpDebugServer: handling req: Method(6).LineTable(1)
10:11:18.571 INFO: JdwpDebugServer: handling req: Method(6).LineTable(1)
10:11:18.571 INFO: JdwpDebugServer: handling req: Method(6).LineTable(1)
10:11:18.571 INFO: JdwpDebugServer: handling req: Method(6).LineTable(1)
10:11:18.571 INFO: JdwpDebugServer: handling req: Method(6).LineTable(1)
10:11:18.571 INFO: JdwpDebugServer: handling req: Method(6).LineTable(1)
10:11:18.571 INFO: JdwpDebugServer: handling req: Method(6).LineTable(1)
10:11:18.571 INFO: JdwpDebugServer: handling req: Method(6).LineTable(1)
10:11:18.571 INFO: JdwpDebugServer: handling req: Method(6).LineTable(1)
10:11:18.571 INFO: JdwpDebugServer: handling req: Method(6).LineTable(1)
10:11:18.571 INFO: JdwpDebugServer: handling req: Method(6).LineTable(1)
10:11:18.572 INFO: JdwpDebugServer: handling req: Method(6).LineTable(1)
10:11:18.572 INFO: JdwpDebugServer: handling req: Method(6).LineTable(1)
10:11:18.572 INFO: JdwpDebugServer: handling req: Method(6).LineTable(1)
10:11:18.572 INFO: JdwpDebugServer: handling req: Method(6).LineTable(1)
10:11:18.573 INFO: JdwpDebugServer: handling req: Method(6).LineTable(1)
10:11:18.573 INFO: JdwpDebugServer: handling req: Method(6).LineTable(1)
10:11:18.573 INFO: JdwpDebugServer: handling req: Method(6).LineTable(1)
10:11:18.573 INFO: JdwpDebugServer: handling req: Method(6).LineTable(1)
10:11:18.573 INFO: JdwpDebugServer: handling req: Method(6).LineTable(1)
10:11:18.573 INFO: JdwpDebugServer: handling req: Method(6).LineTable(1)
10:11:18.573 INFO: JdwpDebugServer: handling req: Method(6).LineTable(1)
10:11:18.573 INFO: JdwpDebugServer: handling req: Method(6).LineTable(1)
10:11:18.573 INFO: JdwpDebugServer: handling req: Method(6).LineTable(1)
10:11:18.574 INFO: JdwpDebugServer: handling req: Method(6).LineTable(1)
10:11:18.574 INFO: JdwpDebugServer: handling req: Method(6).LineTable(1)
10:11:18.574 INFO: JdwpDebugServer: handling req: Method(6).LineTable(1)
10:11:18.574 INFO: JdwpDebugServer: handling req: Method(6).LineTable(1)
10:11:18.574 INFO: JdwpDebugServer: handling req: Method(6).LineTable(1)
10:11:18.574 INFO: JdwpDebugServer: handling req: Method(6).LineTable(1)
10:11:18.574 INFO: JdwpDebugServer: handling req: Method(6).LineTable(1)
10:11:18.574 INFO: JdwpDebugServer: handling req: Method(6).LineTable(1)
10:11:18.574 INFO: JdwpDebugServer: handling req: Method(6).LineTable(1)
10:11:18.574 INFO: JdwpDebugServer: handling req: Method(6).LineTable(1)
10:11:18.574 INFO: JdwpDebugServer: handling req: Method(6).LineTable(1)
10:11:18.575 INFO: JdwpDebugServer: handling req: Method(6).LineTable(1)
10:11:18.575 INFO: JdwpDebugServer: handling req: Method(6).LineTable(1)
10:11:18.575 INFO: JdwpDebugServer: handling req: Method(6).LineTable(1)
10:11:18.575 INFO: JdwpDebugServer: handling req: Method(6).LineTable(1)
10:11:18.575 INFO: JdwpDebugServer: handling req: Method(6).LineTable(1)
10:11:18.575 INFO: JdwpDebugServer: handling req: Method(6).LineTable(1)
10:11:18.575 INFO: JdwpDebugServer: handling req: Method(6).LineTable(1)
10:11:18.575 INFO: JdwpDebugServer: handling req: Method(6).LineTable(1)
10:11:18.575 INFO: JdwpDebugServer: handling req: Method(6).LineTable(1)
10:11:18.575 INFO: JdwpDebugServer: handling req: Method(6).LineTable(1)
10:11:18.575 INFO: JdwpDebugServer: handling req: Method(6).LineTable(1)
10:11:18.576 INFO: JdwpDebugServer: handling req: Method(6).LineTable(1)
10:11:18.576 INFO: JdwpDebugServer: handling req: Method(6).LineTable(1)
10:11:18.576 INFO: JdwpDebugServer: handling req: Method(6).LineTable(1)
10:11:18.576 INFO: JdwpDebugServer: handling req: Method(6).LineTable(1)
10:11:18.576 INFO: JdwpDebugServer: handling req: Method(6).LineTable(1)
10:11:18.576 INFO: JdwpDebugServer: handling req: Method(6).LineTable(1)
10:11:18.576 INFO: JdwpDebugServer: handling req: Method(6).LineTable(1)
10:11:18.576 INFO: JdwpDebugServer: handling req: Method(6).LineTable(1)
10:11:18.576 INFO: JdwpDebugServer: handling req: Method(6).LineTable(1)
10:11:18.576 INFO: JdwpDebugServer: handling req: Method(6).LineTable(1)
10:11:18.577 INFO: JdwpDebugServer: handling req: Method(6).LineTable(1)
10:11:18.577 INFO: JdwpDebugServer: handling req: Method(6).LineTable(1)
10:11:18.577 INFO: JdwpDebugServer: handling req: Method(6).LineTable(1)
10:11:18.577 INFO: JdwpDebugServer: handling req: Method(6).LineTable(1)
10:11:18.577 INFO: JdwpDebugServer: handling req: Method(6).LineTable(1)
10:11:18.577 INFO: JdwpDebugServer: handling req: EventRequest(15).Set(1)
10:11:18.577 INFO: JdwpEventCenterDelegate: jdwpSetEventRequest: JdwpEventRequest{requestId=120, eventKind=BREAKPOINT, suspendPolicy=EVENT_THREAD, predicates=[Location{classId=22075, methodId=1842, index=452} ]}
10:11:18.578 INFO: JdwpDebugServer: handling req: EventRequest(15).Set(1)
10:11:18.578 INFO: JdwpEventCenterDelegate: jdwpSetEventRequest: JdwpEventRequest{requestId=121, eventKind=CLASS_PREPARE, suspendPolicy=EVENT_THREAD, predicates=[className=com.badlogic.gdx.graphics.g2d.PolygonSpriteBatch]}
10:11:18.579 INFO: JdwpDebugServer: handling req: EventRequest(15).Set(1)
10:11:18.579 INFO: JdwpEventCenterDelegate: jdwpSetEventRequest: JdwpEventRequest{requestId=122, eventKind=CLASS_PREPARE, suspendPolicy=EVENT_THREAD, predicates=[className=com.badlogic.gdx.graphics.g2d.PolygonSpriteBatch$*]}
10:11:18.579 INFO: JdwpDebugServer: handling req: VirtualMachine(1).ClassesBySignature(2)
10:11:18.579 INFO: JdwpDebugServer: handling req: EventRequest(15).Set(1)
10:11:18.579 INFO: JdwpEventCenterDelegate: jdwpSetEventRequest: JdwpEventRequest{requestId=123, eventKind=BREAKPOINT, suspendPolicy=EVENT_THREAD, predicates=[Location{classId=15500, methodId=1307, index=141} ]}
10:11:18.580 INFO: JdwpDebugServer: handling req: VirtualMachine(1).capabilitiesNew(17)
10:11:18.583 INFO: JdwpDebugServer: handling req: EventRequest(15).Set(1)
10:11:18.583 INFO: JdwpEventCenterDelegate: jdwpSetEventRequest: JdwpEventRequest{requestId=124, eventKind=CLASS_PREPARE, suspendPolicy=EVENT_THREAD, predicates=[className=java.lang.Error]}
10:11:18.585 INFO: JdwpDebugServer: handling req: EventRequest(15).Set(1)
10:11:18.585 INFO: JdwpEventCenterDelegate: jdwpSetEventRequest: JdwpEventRequest{requestId=125, eventKind=CLASS_PREPARE, suspendPolicy=EVENT_THREAD, predicates=[className=java.lang.Error$*]}
10:11:18.586 INFO: JdwpDebugServer: handling req: VirtualMachine(1).ClassesBySignature(2)
10:11:18.587 INFO: JdwpDebugServer: handling req: EventRequest(15).Set(1)
10:11:18.587 INFO: JdwpEventCenterDelegate: jdwpSetEventRequest: JdwpEventRequest{requestId=126, eventKind=EXCEPTION, suspendPolicy=EVENT_THREAD, predicates=[exceptionType=3425(caught=true, uncaught=true)]}
10:11:18.627 INFO: JdwpDebugServer: handling req: EventRequest(15).Set(1)
10:11:18.627 INFO: JdwpEventCenterDelegate: jdwpSetEventRequest: JdwpEventRequest{requestId=127, eventKind=CLASS_PREPARE, suspendPolicy=EVENT_THREAD, predicates=[className=java.lang.Throwable]}
10:11:18.628 INFO: JdwpDebugServer: handling req: EventRequest(15).Set(1)
10:11:18.628 INFO: JdwpEventCenterDelegate: jdwpSetEventRequest: JdwpEventRequest{requestId=128, eventKind=CLASS_PREPARE, suspendPolicy=EVENT_THREAD, predicates=[className=java.lang.Throwable$*]}
10:11:18.629 INFO: JdwpDebugServer: handling req: VirtualMachine(1).ClassesBySignature(2)
10:11:18.629 INFO: JdwpDebugServer: handling req: EventRequest(15).Set(1)
10:11:18.631 INFO: JdwpEventCenterDelegate: jdwpSetEventRequest: JdwpEventRequest{requestId=129, eventKind=EXCEPTION, suspendPolicy=EVENT_THREAD, predicates=[exceptionType=7695(caught=false, uncaught=true)]}
10:11:18.633 INFO: JdwpDebugServer: handling req: ThreadReference(11).SuspendCount(12)
10:11:18.633 INFO: JdwpDebugServer: handling req: ThreadReference(11).SuspendCount(12)
10:11:18.633 INFO: JdwpDebugServer: handling req: ThreadReference(11).SuspendCount(12)
10:11:18.633 INFO: JdwpDebugServer: handling req: ThreadReference(11).SuspendCount(12)
10:11:18.633 INFO: JdwpDebugServer: handling req: VirtualMachine(1).AllThreads(4)
10:11:18.633 INFO: JdwpDebugServer: handling req: VirtualMachine(1).Resume(9)
10:11:18.724 INFO: JdwpEventCenterDelegate: THREAD_RESUMED: thread (33, main, main)
10:11:18.725 INFO: JdwpEventCenterDelegate: THREAD_RESUMED: thread (33, main, main)
10:11:18.725 INFO: JdwpEventCenterDelegate: THREAD_RESUMED: thread (33, main, main)
10:11:18.726 INFO: JdwpEventCenterDelegate: THREAD_RESUMED: thread (33, main, main)
10:11:18.726 INFO: JdwpEventCenterDelegate: THREAD_RESUMED: thread (33, main, main)
10:11:18.726 INFO: JdwpEventCenterDelegate: THREAD_RESUMED: thread (33, main, main)
10:11:18.727 INFO: JdwpEventCenterDelegate: THREAD_RESUMED: thread (33, main, main)
10:11:18.729 INFO: JdwpEventCenterDelegate: THREAD_RESUMED: thread (33, main, main)
10:11:18.729 INFO: JdwpEventCenterDelegate: THREAD_RESUMED: thread (33, main, main)
10:11:18.729 INFO: JdwpEventCenterDelegate: THREAD_RESUMED: thread (33, main, main)
10:11:18.730 INFO: JdwpEventCenterDelegate: THREAD_RESUMED: thread (33, main, main)
10:11:18.735 INFO: JdwpEventCenterDelegate: THREAD_RESUMED: thread (33, main, main)
10:11:18.735 INFO: JdwpEventCenterDelegate: THREAD_RESUMED: thread (33, main, main)
10:11:18.736 INFO: JdwpEventCenterDelegate: THREAD_RESUMED: thread (33, main, main)
10:11:18.809 INFO: JdwpEventCenterDelegate: THREAD_RESUMED: thread (33, main, main)
10:11:18.809 INFO: JdwpEventCenterDelegate: THREAD_RESUMED: thread (33, main, main)
10:11:18.810 INFO: JdwpEventCenterDelegate: THREAD_RESUMED: thread (33, main, main)
10:11:18.817 INFO: JdwpEventCenterDelegate: THREAD_RESUMED: thread (33, main, main)
10:11:18.818 INFO: JdwpEventCenterDelegate: THREAD_RESUMED: thread (33, main, main)
10:11:18.818 INFO: JdwpEventCenterDelegate: THREAD_RESUMED: thread (33, main, main)
10:11:19.089 INFO: JdwpEventCenterDelegate: THREAD_RESUMED: thread (33, main, main)
10:11:19.090 INFO: JdwpEventCenterDelegate: THREAD_RESUMED: thread (33, main, main)
10:11:19.090 INFO: JdwpEventCenterDelegate: THREAD_RESUMED: thread (33, main, main)
10:11:19.144 INFO: JdwpDebugServer: handling req: ThreadReference(11).Name(1)
10:11:19.145 INFO: JdwpDebugServer: handling req: ThreadReference(11).Name(1)
10:11:19.145 INFO: JdwpDebugServer: handling req: ThreadReference(11).Name(1)
10:11:19.145 INFO: JdwpDebugServer: handling req: ThreadReference(11).Name(1)
10:11:19.161 INFO: JdwpEventCenterDelegate: THREAD_RESUMED: thread (33, main, main)
10:11:19.162 INFO: JdwpEventCenterDelegate: THREAD_RESUMED: thread (33, main, main)
10:11:19.162 INFO: JdwpEventCenterDelegate: THREAD_RESUMED: thread (33, main, main)
10:11:19.186 INFO: JdwpEventCenterDelegate: THREAD_RESUMED: thread (33, main, main)
10:11:19.187 INFO: JdwpEventCenterDelegate: THREAD_RESUMED: thread (33, main, main)
10:11:19.188 INFO: JdwpEventCenterDelegate: THREAD_RESUMED: thread (33, main, main)
10:11:19.213 INFO: JdwpEventCenterDelegate: THREAD_RESUMED: thread (33, main, main)
10:11:19.214 INFO: JdwpEventCenterDelegate: THREAD_RESUMED: thread (33, main, main)
10:11:19.215 INFO: JdwpEventCenterDelegate: THREAD_RESUMED: thread (33, main, main)
10:11:19.215 INFO: JdwpEventCenterDelegate: THREAD_RESUMED: thread (33, main, main)
10:11:19.222 INFO: JdwpEventCenterDelegate: THREAD_RESUMED: thread (33, main, main)
10:11:19.222 INFO: JdwpEventCenterDelegate: THREAD_RESUMED: thread (33, main, main)
10:11:19.753 INFO: JdwpEventCenterDelegate: THREAD_RESUMED: thread (33, main, main)
10:11:19.754 INFO: JdwpEventCenterDelegate: THREAD_RESUMED: thread (33, main, main)
10:11:19.772 INFO: JdwpEventCenterDelegate: THREAD_RESUMED: thread (33, main, main)
10:11:19.772 INFO: JdwpEventCenterDelegate: THREAD_RESUMED: thread (33, main, main)
10:11:19.773 INFO: JdwpEventCenterDelegate: THREAD_RESUMED: thread (33, main, main)
10:11:19.774 INFO: JdwpEventCenterDelegate: THREAD_RESUMED: thread (33, main, main)
10:11:19.821 INFO: JdwpDebugServer: handling req: EventRequest(15).Set(1)
10:11:19.821 INFO: JdwpEventCenterDelegate: jdwpSetEventRequest: JdwpEventRequest{requestId=130, eventKind=BREAKPOINT, suspendPolicy=EVENT_THREAD, predicates=[Location{classId=22075, methodId=1842, index=452} ]}
10:11:19.823 INFO: JdwpDebugServer: handling req: ThreadReference(11).Resume(3)
10:11:19.824 INFO: JdwpEventCenterDelegate: THREAD_RESUMED: thread (33, main, main)
10:11:19.851 INFO: JdwpEventCenterDelegate: THREAD_RESUMED: thread (33, main, main)
10:11:20.215 INFO: JdwpDebugServer: handling req: ThreadReference(11).Frames(6)
10:11:20.216 INFO: JdwpDebugServer: handling req: ReferenceType(2).MethodsWithGeneric(15)
10:11:20.217 INFO: JdwpDebugServer: handling req: ReferenceType(2).MethodsWithGeneric(15)
10:11:20.217 INFO: JdwpDebugServer: handling req: ReferenceType(2).MethodsWithGeneric(15)
10:11:20.218 INFO: JdwpDebugServer: handling req: ReferenceType(2).MethodsWithGeneric(15)
10:11:20.219 INFO: JdwpDebugServer: handling req: ReferenceType(2).MethodsWithGeneric(15)
10:11:20.223 INFO: JdwpDebugServer: handling req: ThreadReference(11).FramesCount(7)
10:11:20.223 INFO: JdwpDebugServer: handling req: ThreadReference(11).FramesCount(7)
10:11:20.359 INFO: JdwpDebugServer: handling req: ThreadReference(11).Name(1)
10:11:20.359 INFO: JdwpDebugServer: handling req: ReferenceType(2).SignatureWithGeneric(13)
10:11:20.360 INFO: JdwpDebugServer: handling req: StackFrame(16).ThisObject(3)
10:11:20.361 INFO: JdwpDebugServer: handling req: ObjectReference(9).ReferenceType(1)
10:11:20.361 INFO: JdwpDebugServer: handling req: ThreadReference(11).Name(1)
10:11:20.361 INFO: JdwpDebugServer: handling req: ThreadReference(11).Name(1)
10:11:20.361 INFO: JdwpDebugServer: handling req: ThreadReference(11).Name(1)
10:11:20.362 INFO: JdwpDebugServer: handling req: ThreadReference(11).Name(1)
10:11:20.414 INFO: JdwpDebugServer: handling req: Method(6).VariableTableWithGenerics(5)
10:11:20.422 INFO: JdwpDebugServer: handling req: ReferenceType(2).FieldsWithGeneric(14)
10:11:20.422 INFO: JdwpDebugServer: handling req: ReferenceType(2).Modifiers(3)
10:11:20.422 INFO: JdwpDebugServer: handling req: ReferenceType(2).Interfaces(10)
10:11:20.422 INFO: JdwpDebugServer: handling req: ClassType(3).Superclass(1)
10:11:20.422 INFO: JdwpDebugServer: handling req: ClassType(3).Superclass(1)
10:11:20.422 INFO: JdwpDebugServer: handling req: ClassType(3).Superclass(1)
10:11:20.423 INFO: JdwpDebugServer: handling req: ClassType(3).Superclass(1)
10:11:20.423 INFO: JdwpDebugServer: handling req: ClassType(3).Superclass(1)
10:11:20.430 INFO: JdwpDebugServer: handling req: ReferenceType(2).SourceFile(7)
10:11:20.475 INFO: JdwpDebugServer: handling req: ThreadReference(11).FramesCount(7)
10:11:20.476 INFO: JdwpDebugServer: handling req: ThreadReference(11).Name(1)
10:11:20.477 INFO: JdwpDebugServer: handling req: ThreadReference(11).Name(1)
10:11:20.477 INFO: JdwpDebugServer: handling req: ThreadReference(11).FramesCount(7)
10:11:20.477 INFO: JdwpDebugServer: handling req: ThreadReference(11).Name(1)
10:11:20.477 INFO: JdwpDebugServer: handling req: ThreadReference(11).Name(1)
10:11:20.478 INFO: JdwpDebugServer: handling req: StackFrame(16).ThisObject(3)
10:11:20.478 INFO: JdwpDebugServer: handling req: ObjectReference(9).ReferenceType(1)
10:11:20.479 INFO: JdwpDebugServer: handling req: StackFrame(16).ThisObject(3)
10:11:20.479 INFO: JdwpDebugServer: handling req: ObjectReference(9).ReferenceType(1)
10:11:20.480 INFO: JdwpDebugServer: handling req: Method(6).LineTable(1)
10:11:20.480 INFO: JdwpDebugServer: handling req: StackFrame(16).ThisObject(3)
10:11:20.480 INFO: JdwpDebugServer: handling req: ObjectReference(9).ReferenceType(1)
10:11:20.480 INFO: JdwpDebugServer: handling req: Method(6).LineTable(1)
10:11:20.481 INFO: JdwpDebugServer: handling req: StackFrame(16).ThisObject(3)
10:11:20.481 INFO: JdwpDebugServer: handling req: ObjectReference(9).ReferenceType(1)
10:11:20.481 INFO: JdwpDebugServer: handling req: Method(6).LineTable(1)
10:11:20.481 INFO: JdwpDebugServer: handling req: Method(6).LineTable(1)
10:11:20.481 INFO: JdwpDebugServer: handling req: Method(6).LineTable(1)
10:11:24.352 INFO: JdwpDebugServer: handling req: ThreadReference(11).Resume(3)
10:11:24.353 INFO: JdwpEventCenterDelegate: THREAD_RESUMED: thread (33, main, main)
10:11:24.357 INFO: JdwpDebugServer: handling req: EventRequest(15).Set(1)
10:11:24.358 INFO: JdwpEventCenterDelegate: jdwpSetEventRequest: JdwpEventRequest{requestId=131, eventKind=BREAKPOINT, suspendPolicy=EVENT_THREAD, predicates=[Location{classId=15500, methodId=1307, index=142} ]}
10:11:24.361 INFO: JdwpDebugServer: handling req: EventRequest(15).Set(1)
10:11:24.362 INFO: JdwpEventCenterDelegate: jdwpSetEventRequest: JdwpEventRequest{requestId=132, eventKind=BREAKPOINT, suspendPolicy=EVENT_THREAD, predicates=[Location{classId=15500, methodId=1307, index=141} ]}
10:11:24.363 INFO: JdwpDebugServer: handling req: ThreadReference(11).Resume(3)
10:11:24.363 INFO: JdwpEventCenterDelegate: THREAD_RESUMED: thread (33, main, main)
10:11:24.378 INFO: JdwpDebugServer: handling req: ThreadReference(11).Name(1)
10:11:24.379 INFO: JdwpDebugServer: handling req: ThreadReference(11).Name(1)
10:11:24.379 INFO: JdwpDebugServer: handling req: ThreadReference(11).Name(1)
10:11:24.380 INFO: JdwpDebugServer: handling req: ThreadReference(11).Frames(6)
10:11:24.380 INFO: JdwpDebugServer: handling req: ReferenceType(2).MethodsWithGeneric(15)
10:11:24.381 INFO: JdwpDebugServer: handling req: ThreadReference(11).FramesCount(7)
10:11:24.381 INFO: JdwpDebugServer: handling req: ThreadReference(11).FramesCount(7)
10:11:24.477 INFO: JdwpDebugServer: handling req: ReferenceType(2).SignatureWithGeneric(13)
10:11:24.477 INFO: JdwpDebugServer: handling req: ThreadReference(11).Name(1)
10:11:24.477 INFO: JdwpDebugServer: handling req: StackFrame(16).ThisObject(3)
10:11:24.478 INFO: JdwpDebugServer: handling req: ObjectReference(9).ReferenceType(1)
10:11:24.478 INFO: JdwpDebugServer: handling req: ThreadReference(11).Name(1)
10:11:24.479 INFO: JdwpDebugServer: handling req: ThreadReference(11).Name(1)
10:11:24.479 INFO: JdwpDebugServer: handling req: ThreadReference(11).Name(1)
10:11:24.479 INFO: JdwpDebugServer: handling req: ThreadReference(11).Name(1)
10:11:24.516 INFO: JdwpDebugServer: handling req: ThreadReference(11).FramesCount(7)
10:11:24.516 INFO: JdwpDebugServer: handling req: Method(6).VariableTableWithGenerics(5)
10:11:24.538 INFO: JdwpDebugServer: handling req: ThreadReference(11).Name(1)
10:11:24.543 INFO: JdwpDebugServer: handling req: StackFrame(16).GetValues(1)
10:11:24.548 INFO: JdwpDebugServer: handling req: ReferenceType(2).FieldsWithGeneric(14)
10:11:24.548 INFO: JdwpDebugServer: handling req: ThreadReference(11).FramesCount(7)
10:11:24.548 INFO: JdwpDebugServer: handling req: ReferenceType(2).Interfaces(10)
10:11:24.549 INFO: JdwpDebugServer: handling req: ClassType(3).Superclass(1)
10:11:24.549 INFO: JdwpDebugServer: handling req: ReferenceType(2).FieldsWithGeneric(14)
10:11:24.549 INFO: JdwpDebugServer: handling req: ReferenceType(2).Interfaces(10)
10:11:24.550 INFO: JdwpDebugServer: handling req: ReferenceType(2).FieldsWithGeneric(14)
10:11:24.550 INFO: JdwpDebugServer: handling req: ReferenceType(2).SourceFile(7)
10:11:24.550 INFO: JdwpDebugServer: handling req: ReferenceType(2).Modifiers(3)
10:11:24.550 INFO: JdwpDebugServer: handling req: ReferenceType(2).Interfaces(10)
10:11:24.551 INFO: JdwpDebugServer: handling req: ClassType(3).Superclass(1)
10:11:24.551 INFO: JdwpDebugServer: handling req: ClassType(3).Superclass(1)
10:11:24.551 INFO: JdwpDebugServer: handling req: ReferenceType(2).Interfaces(10)
10:11:24.551 INFO: JdwpDebugServer: handling req: ReferenceType(2).FieldsWithGeneric(14)
10:11:24.551 INFO: JdwpDebugServer: handling req: ReferenceType(2).Interfaces(10)
10:11:24.552 INFO: JdwpDebugServer: handling req: ReferenceType(2).Interfaces(10)
10:11:24.552 INFO: JdwpDebugServer: handling req: ReferenceType(2).FieldsWithGeneric(14)
10:11:24.552 INFO: JdwpDebugServer: handling req: StackFrame(16).GetValues(1)
10:11:24.553 INFO: JdwpDebugServer: handling req: StackFrame(16).GetValues(1)
10:11:24.553 INFO: JdwpDebugServer: handling req: StackFrame(16).GetValues(1)
10:11:24.554 INFO: JdwpDebugServer: handling req: StackFrame(16).GetValues(1)
10:11:24.555 INFO: JdwpDebugServer: handling req: StackFrame(16).GetValues(1)
10:11:24.556 INFO: JdwpDebugServer: handling req: StackFrame(16).GetValues(1)
10:11:24.557 INFO: JdwpDebugServer: handling req: StackFrame(16).GetValues(1)
10:11:24.558 INFO: JdwpDebugServer: handling req: StackFrame(16).GetValues(1)
10:11:24.559 INFO: JdwpDebugServer: handling req: StackFrame(16).GetValues(1)
10:11:24.559 INFO: JdwpDebugServer: handling req: ObjectReference(9).ReferenceType(1)
10:11:24.559 INFO: JdwpDebugServer: handling req: ReferenceType(2).FieldsWithGeneric(14)
10:11:24.561 INFO: JdwpDebugServer: handling req: ReferenceType(2).Interfaces(10)
10:11:24.561 INFO: JdwpDebugServer: handling req: ClassType(3).Superclass(1)
10:11:24.561 INFO: JdwpDebugServer: handling req: ReferenceType(2).FieldsWithGeneric(14)
10:11:24.561 INFO: JdwpDebugServer: handling req: StackFrame(16).GetValues(1)
10:11:24.561 INFO: JdwpDebugServer: handling req: ReferenceType(2).Interfaces(10)
10:11:24.561 INFO: JdwpDebugServer: handling req: ReferenceType(2).FieldsWithGeneric(14)
10:11:24.562 INFO: JdwpDebugServer: handling req: StackFrame(16).GetValues(1)
10:11:24.562 INFO: JdwpDebugServer: handling req: ReferenceType(2).Interfaces(10)
10:11:24.562 INFO: JdwpDebugServer: handling req: ReferenceType(2).FieldsWithGeneric(14)
10:11:24.562 INFO: JdwpDebugServer: handling req: ReferenceType(2).Interfaces(10)
10:11:24.563 INFO: JdwpDebugServer: handling req: ClassType(3).Superclass(1)
10:11:24.565 INFO: JdwpDebugServer: handling req: StackFrame(16).GetValues(1)
10:11:24.566 INFO: JdwpDebugServer: handling req: StackFrame(16).GetValues(1)
10:11:24.566 INFO: JdwpDebugServer: handling req: StackFrame(16).GetValues(1)
10:11:24.567 INFO: JdwpDebugServer: handling req: StackFrame(16).GetValues(1)
10:11:24.567 INFO: JdwpDebugServer: handling req: StackFrame(16).GetValues(1)
10:11:24.567 INFO: JdwpDebugServer: handling req: StackFrame(16).GetValues(1)
10:11:24.568 INFO: JdwpDebugServer: handling req: StackFrame(16).GetValues(1)
10:11:24.568 INFO: JdwpDebugServer: handling req: StackFrame(16).GetValues(1)
10:11:24.568 INFO: JdwpDebugServer: handling req: StackFrame(16).GetValues(1)
10:11:24.569 INFO: JdwpDebugServer: handling req: StackFrame(16).GetValues(1)
10:11:24.570 INFO: JdwpDebugServer: handling req: StackFrame(16).GetValues(1)
10:11:24.570 INFO: JdwpDebugServer: handling req: StackFrame(16).GetValues(1)
10:11:24.571 INFO: JdwpDebugServer: handling req: StackFrame(16).GetValues(1)
10:11:24.571 INFO: JdwpDebugServer: handling req: StackFrame(16).GetValues(1)
10:11:24.571 INFO: JdwpDebugServer: handling req: StackFrame(16).GetValues(1)
10:11:24.572 INFO: JdwpDebugServer: handling req: StackFrame(16).ThisObject(3)
10:11:24.572 INFO: JdwpDebugServer: handling req: ObjectReference(9).ReferenceType(1)
10:11:24.572 INFO: JdwpDebugServer: handling req: Method(6).LineTable(1)
10:11:24.572 INFO: JdwpDebugServer: handling req: StackFrame(16).GetValues(1)
10:11:24.573 INFO: JdwpDebugServer: handling req: StackFrame(16).GetValues(1)
10:11:24.573 INFO: JdwpDebugServer: handling req: ClassType(3).Superclass(1)
10:11:24.573 INFO: JdwpDebugServer: handling req: StackFrame(16).GetValues(1)
10:11:24.573 INFO: JdwpDebugServer: handling req: StackFrame(16).GetValues(1)
10:11:24.574 INFO: JdwpDebugServer: handling req: StackFrame(16).GetValues(1)
10:11:24.574 INFO: JdwpDebugServer: handling req: StackFrame(16).GetValues(1)
10:11:24.574 INFO: JdwpDebugServer: handling req: StackFrame(16).GetValues(1)
10:11:24.574 INFO: JdwpDebugServer: handling req: StackFrame(16).ThisObject(3)
10:11:24.574 INFO: JdwpDebugServer: handling req: ObjectReference(9).ReferenceType(1)
10:11:24.574 INFO: JdwpDebugServer: handling req: StackFrame(16).ThisObject(3)
10:11:24.575 INFO: JdwpDebugServer: handling req: ObjectReference(9).ReferenceType(1)
10:11:24.575 INFO: JdwpDebugServer: handling req: StackFrame(16).ThisObject(3)
10:11:24.575 INFO: JdwpDebugServer: handling req: ObjectReference(9).ReferenceType(1)
10:11:24.575 INFO: JdwpDebugServer: handling req: StackFrame(16).ThisObject(3)
10:11:24.575 INFO: JdwpDebugServer: handling req: ObjectReference(9).ReferenceType(1)
10:11:24.575 INFO: JdwpDebugServer: handling req: StackFrame(16).ThisObject(3)
10:11:24.575 INFO: JdwpDebugServer: handling req: ObjectReference(9).ReferenceType(1)
10:11:34.911 INFO: JdwpDebugServer: handling req: ReferenceType(2).SourceFile(7)
10:11:34.976 INFO: JdwpDebugServer: handling req: Method(6).VariableTableWithGenerics(5)
10:11:34.982 INFO: JdwpDebugServer: handling req: ClassType(3).Superclass(1)
10:11:34.982 INFO: JdwpDebugServer: handling req: StackFrame(16).GetValues(1)
10:11:34.983 INFO: JdwpDebugServer: handling req: StackFrame(16).GetValues(1)
10:11:34.984 INFO: JdwpDebugServer: handling req: StackFrame(16).GetValues(1)
10:11:34.984 INFO: JdwpDebugServer: handling req: StackFrame(16).GetValues(1)
10:11:34.984 INFO: JdwpDebugServer: handling req: StackFrame(16).GetValues(1)
10:11:34.985 INFO: JdwpDebugServer: handling req: StackFrame(16).GetValues(1)
10:11:34.985 INFO: JdwpDebugServer: handling req: StackFrame(16).GetValues(1)
10:11:34.986 INFO: JdwpDebugServer: handling req: StackFrame(16).GetValues(1)
10:11:34.986 INFO: JdwpDebugServer: handling req: StackFrame(16).GetValues(1)
10:11:34.987 INFO: JdwpDebugServer: handling req: StackFrame(16).GetValues(1)
10:11:34.987 INFO: JdwpDebugServer: handling req: StackFrame(16).GetValues(1)
10:11:34.987 INFO: JdwpDebugServer: handling req: StackFrame(16).GetValues(1)
10:11:34.988 INFO: JdwpDebugServer: handling req: StackFrame(16).GetValues(1)
10:11:34.988 INFO: JdwpDebugServer: handling req: StackFrame(16).GetValues(1)
10:11:34.988 INFO: JdwpDebugServer: handling req: StackFrame(16).GetValues(1)
10:11:34.989 INFO: JdwpDebugServer: handling req: StackFrame(16).GetValues(1)
10:11:38.073 INFO: JdwpDebugServer: handling req: ClassType(3).Superclass(1)
10:11:38.079 INFO: JdwpDebugServer: handling req: ClassType(3).Superclass(1)
10:12:56.869 INFO: JdwpDebugServer: handling req: EventRequest(15).Set(1)
10:12:56.876 INFO: JdwpEventCenterDelegate: jdwpSetEventRequest: JdwpEventRequest{requestId=133, eventKind=CLASS_PREPARE, suspendPolicy=EVENT_THREAD, predicates=[className=com.scottlogic.util.ShaderCompatibilityHelper]}
10:12:56.883 INFO: JdwpDebugServer: handling req: EventRequest(15).Set(1)
10:12:56.883 INFO: JdwpEventCenterDelegate: jdwpSetEventRequest: JdwpEventRequest{requestId=134, eventKind=CLASS_PREPARE, suspendPolicy=EVENT_THREAD, predicates=[className=com.scottlogic.util.ShaderCompatibilityHelper$*]}
10:12:56.887 INFO: JdwpDebugServer: handling req: VirtualMachine(1).ClassesBySignature(2)
10:12:56.889 INFO: JdwpDebugServer: handling req: ReferenceType(2).MethodsWithGeneric(15)
10:12:56.893 INFO: JdwpDebugServer: handling req: Method(6).LineTable(1)
10:12:56.894 INFO: JdwpDebugServer: handling req: Method(6).LineTable(1)
10:12:56.894 INFO: JdwpDebugServer: handling req: Method(6).LineTable(1)
10:12:56.895 INFO: JdwpDebugServer: handling req: Method(6).LineTable(1)
10:12:56.895 INFO: JdwpDebugServer: handling req: Method(6).LineTable(1)
10:12:56.895 INFO: JdwpDebugServer: handling req: Method(6).LineTable(1)
10:12:56.895 INFO: JdwpDebugServer: handling req: Method(6).LineTable(1)
10:12:56.896 INFO: JdwpDebugServer: handling req: EventRequest(15).Set(1)
10:12:56.896 INFO: JdwpEventCenterDelegate: jdwpSetEventRequest: JdwpEventRequest{requestId=135, eventKind=BREAKPOINT, suspendPolicy=EVENT_THREAD, predicates=[Location{classId=29075, methodId=12462, index=70} ]}
10:12:58.632 INFO: JdwpDebugServer: handling req: ThreadReference(11).Resume(3)
10:12:58.637 INFO: JdwpEventCenterDelegate: THREAD_RESUMED: thread (33, main, main)
10:12:58.647 INFO: JdwpDebugServer: handling req: ThreadReference(11).Frames(6)
10:12:58.650 INFO: JdwpDebugServer: handling req: ThreadReference(11).FramesCount(7)
10:12:58.651 INFO: JdwpDebugServer: handling req: ThreadReference(11).FramesCount(7)
10:12:58.716 INFO: JdwpDebugServer: handling req: ThreadReference(11).FramesCount(7)
10:12:58.759 INFO: JdwpDebugServer: handling req: StackFrame(16).ThisObject(3)
10:12:58.765 INFO: JdwpDebugServer: handling req: StackFrame(16).ThisObject(3)
10:12:58.766 INFO: JdwpDebugServer: handling req: ThreadReference(11).Name(1)
10:12:58.766 INFO: JdwpDebugServer: handling req: ObjectReference(9).ReferenceType(1)
10:12:58.769 INFO: JdwpDebugServer: handling req: ThreadReference(11).Name(1)
10:12:58.769 INFO: JdwpDebugServer: handling req: ThreadReference(11).Name(1)
10:12:58.770 INFO: JdwpDebugServer: handling req: ThreadReference(11).Name(1)
10:12:58.770 INFO: JdwpDebugServer: handling req: ThreadReference(11).Name(1)
10:12:58.770 INFO: JdwpDebugServer: handling req: ThreadReference(11).Name(1)
10:12:58.770 INFO: JdwpDebugServer: handling req: ThreadReference(11).Name(1)
10:12:58.835 INFO: JdwpDebugServer: handling req: ThreadReference(11).FramesCount(7)
10:12:58.855 INFO: JdwpDebugServer: handling req: ThreadReference(11).Name(1)
10:12:58.859 INFO: JdwpDebugServer: handling req: ClassType(3).Superclass(1)
10:12:58.860 INFO: JdwpDebugServer: handling req: StackFrame(16).GetValues(1)
10:12:58.861 INFO: JdwpDebugServer: handling req: StackFrame(16).GetValues(1)
10:12:58.861 INFO: JdwpDebugServer: handling req: StackFrame(16).GetValues(1)
10:12:58.861 INFO: JdwpDebugServer: handling req: StackFrame(16).GetValues(1)
10:12:58.862 INFO: JdwpDebugServer: handling req: StackFrame(16).GetValues(1)
10:12:58.862 INFO: JdwpDebugServer: handling req: StackFrame(16).GetValues(1)
10:12:58.862 INFO: JdwpDebugServer: handling req: StackFrame(16).GetValues(1)
10:12:58.863 INFO: JdwpDebugServer: handling req: StackFrame(16).GetValues(1)
10:12:58.863 INFO: JdwpDebugServer: handling req: StackFrame(16).GetValues(1)
10:12:58.864 INFO: JdwpDebugServer: handling req: StackFrame(16).GetValues(1)
10:12:58.864 INFO: JdwpDebugServer: handling req: StackFrame(16).GetValues(1)
10:12:58.865 INFO: JdwpDebugServer: handling req: StackFrame(16).GetValues(1)
10:12:58.866 INFO: JdwpDebugServer: handling req: StackFrame(16).GetValues(1)
10:12:58.866 INFO: JdwpDebugServer: handling req: StackFrame(16).GetValues(1)
10:12:58.867 INFO: JdwpDebugServer: handling req: StackFrame(16).GetValues(1)
10:12:58.867 INFO: JdwpDebugServer: handling req: StackFrame(16).GetValues(1)
10:12:58.867 INFO: JdwpDebugServer: handling req: StackFrame(16).GetValues(1)
10:12:58.868 INFO: JdwpDebugServer: handling req: StackFrame(16).GetValues(1)
10:12:58.868 INFO: JdwpDebugServer: handling req: StackFrame(16).GetValues(1)
10:12:58.868 INFO: JdwpDebugServer: handling req: StackFrame(16).GetValues(1)
10:12:58.869 INFO: JdwpDebugServer: handling req: StackFrame(16).GetValues(1)
10:12:58.869 INFO: JdwpDebugServer: handling req: StackFrame(16).GetValues(1)
10:12:58.869 INFO: JdwpDebugServer: handling req: StackFrame(16).GetValues(1)
10:12:58.870 INFO: JdwpDebugServer: handling req: StackFrame(16).GetValues(1)
10:12:58.870 INFO: JdwpDebugServer: handling req: StackFrame(16).GetValues(1)
10:12:58.870 INFO: JdwpDebugServer: handling req: StackFrame(16).GetValues(1)
10:12:58.870 INFO: JdwpDebugServer: handling req: StackFrame(16).GetValues(1)
10:12:58.871 INFO: JdwpDebugServer: handling req: StackFrame(16).GetValues(1)
10:12:58.871 INFO: JdwpDebugServer: handling req: ClassType(3).Superclass(1)
10:12:58.871 INFO: JdwpDebugServer: handling req: StackFrame(16).GetValues(1)
10:12:58.872 INFO: JdwpDebugServer: handling req: StackFrame(16).GetValues(1)
10:12:58.872 INFO: JdwpDebugServer: handling req: StackFrame(16).GetValues(1)
10:12:58.872 INFO: JdwpDebugServer: handling req: StackFrame(16).GetValues(1)
10:12:58.872 INFO: JdwpDebugServer: handling req: StackFrame(16).GetValues(1)
10:12:58.873 INFO: JdwpDebugServer: handling req: ThreadReference(11).FramesCount(7)
10:12:58.885 INFO: JdwpDebugServer: handling req: StackFrame(16).ThisObject(3)
10:12:58.886 INFO: JdwpDebugServer: handling req: ObjectReference(9).ReferenceType(1)
10:12:58.886 INFO: JdwpDebugServer: handling req: StackFrame(16).GetValues(1)
10:12:58.886 INFO: JdwpDebugServer: handling req: ObjectReference(9).ReferenceType(1)
10:12:58.886 INFO: JdwpDebugServer: handling req: StackFrame(16).ThisObject(3)
10:12:58.886 INFO: JdwpDebugServer: handling req: ObjectReference(9).ReferenceType(1)
10:12:58.886 INFO: JdwpDebugServer: handling req: StackFrame(16).ThisObject(3)
10:12:58.886 INFO: JdwpDebugServer: handling req: ObjectReference(9).ReferenceType(1)
10:12:58.886 INFO: JdwpDebugServer: handling req: StackFrame(16).ThisObject(3)
10:12:58.887 INFO: JdwpDebugServer: handling req: ObjectReference(9).ReferenceType(1)
10:12:58.887 INFO: JdwpDebugServer: handling req: StackFrame(16).ThisObject(3)
10:12:58.887 INFO: JdwpDebugServer: handling req: ObjectReference(9).ReferenceType(1)
10:13:01.467 INFO: JdwpDebugServer: handling req: ThreadReference(11).Resume(3)
10:13:01.468 INFO: JdwpEventCenterDelegate: THREAD_RESUMED: thread (33, main, main)
10:13:01.475 INFO: JdwpDebugServer: handling req: EventRequest(15).Set(1)
10:13:01.475 INFO: JdwpEventCenterDelegate: jdwpSetEventRequest: JdwpEventRequest{requestId=136, eventKind=BREAKPOINT, suspendPolicy=EVENT_THREAD, predicates=[Location{classId=18040, methodId=1542, index=163} ]}
10:13:01.479 INFO: JdwpDebugServer: handling req: ThreadReference(11).Resume(3)
10:13:01.480 INFO: JdwpEventCenterDelegate: THREAD_RESUMED: thread (33, main, main)
10:13:01.482 INFO: JdwpDebugServer: handling req: ThreadReference(11).Frames(6)
10:13:01.483 INFO: JdwpDebugServer: handling req: ThreadReference(11).FramesCount(7)
10:13:01.483 INFO: JdwpDebugServer: handling req: ThreadReference(11).FramesCount(7)
10:13:01.493 INFO: JdwpDebugServer: handling req: ThreadReference(11).Name(1)
10:13:01.494 INFO: JdwpDebugServer: handling req: ThreadReference(11).Name(1)
10:13:01.494 INFO: JdwpDebugServer: handling req: ThreadReference(11).Name(1)
10:13:01.592 INFO: JdwpDebugServer: handling req: ThreadReference(11).Name(1)
10:13:01.593 INFO: JdwpDebugServer: handling req: ReferenceType(2).SignatureWithGeneric(13)
10:13:01.593 INFO: JdwpDebugServer: handling req: ThreadReference(11).Name(1)
10:13:01.593 INFO: JdwpDebugServer: handling req: ThreadReference(11).Name(1)
10:13:01.593 INFO: JdwpDebugServer: handling req: ThreadReference(11).Name(1)
10:13:01.594 INFO: JdwpDebugServer: handling req: ThreadReference(11).Name(1)
10:13:01.633 INFO: JdwpDebugServer: handling req: ReferenceType(2).FieldsWithGeneric(14)
10:13:01.634 INFO: JdwpDebugServer: handling req: ThreadReference(11).FramesCount(7)
10:13:01.634 INFO: JdwpDebugServer: handling req: ReferenceType(2).Interfaces(10)
10:13:01.634 INFO: JdwpDebugServer: handling req: ClassType(3).Superclass(1)
10:13:01.635 INFO: JdwpDebugServer: handling req: Method(6).VariableTableWithGenerics(5)
10:13:01.636 INFO: JdwpDebugServer: handling req: ThreadReference(11).Name(1)
10:13:01.643 INFO: JdwpDebugServer: handling req: ThreadReference(11).FramesCount(7)
10:13:01.643 INFO: JdwpDebugServer: handling req: StackFrame(16).GetValues(1)
10:13:01.644 INFO: JdwpDebugServer: handling req: ObjectReference(9).ReferenceType(1)
10:13:01.644 INFO: JdwpDebugServer: handling req: ReferenceType(2).FieldsWithGeneric(14)
10:13:01.644 INFO: JdwpDebugServer: handling req: StackFrame(16).GetValues(1)
10:13:01.645 INFO: JdwpDebugServer: handling req: ReferenceType(2).Interfaces(10)
10:13:01.645 INFO: JdwpDebugServer: handling req: ReferenceType(2).FieldsWithGeneric(14)
10:13:01.645 INFO: JdwpDebugServer: handling req: StackFrame(16).GetValues(1)
10:13:01.645 INFO: JdwpDebugServer: handling req: ReferenceType(2).Interfaces(10)
10:13:01.645 INFO: JdwpDebugServer: handling req: ClassType(3).Superclass(1)
10:13:01.645 INFO: JdwpDebugServer: handling req: ClassType(3).Superclass(1)
10:13:01.645 INFO: JdwpDebugServer: handling req: ClassType(3).Superclass(1)
10:13:01.645 INFO: JdwpDebugServer: handling req: StackFrame(16).GetValues(1)
10:13:01.646 INFO: JdwpDebugServer: handling req: StackFrame(16).GetValues(1)
10:13:01.646 INFO: JdwpDebugServer: handling req: StackFrame(16).GetValues(1)
10:13:01.646 INFO: JdwpDebugServer: handling req: StringReference(10).Value(1)
10:13:01.647 INFO: JdwpDebugServer: handling req: StackFrame(16).GetValues(1)
10:13:01.648 INFO: JdwpDebugServer: handling req: ObjectReference(9).ReferenceType(1)
10:13:01.648 INFO: JdwpDebugServer: handling req: StackFrame(16).GetValues(1)
10:13:01.648 INFO: JdwpDebugServer: handling req: StackFrame(16).GetValues(1)
10:13:01.649 INFO: JdwpDebugServer: handling req: StackFrame(16).GetValues(1)
10:13:01.649 INFO: JdwpDebugServer: handling req: StackFrame(16).GetValues(1)
10:13:01.649 INFO: JdwpDebugServer: handling req: ClassType(3).Superclass(1)
10:13:01.649 INFO: JdwpDebugServer: handling req: StackFrame(16).GetValues(1)
10:13:01.650 INFO: JdwpDebugServer: handling req: StackFrame(16).GetValues(1)
10:13:01.650 INFO: JdwpDebugServer: handling req: StackFrame(16).GetValues(1)
10:13:01.650 INFO: JdwpDebugServer: handling req: StringReference(10).Value(1)
10:13:01.651 INFO: JdwpDebugServer: handling req: StackFrame(16).GetValues(1)
10:13:01.651 INFO: JdwpDebugServer: handling req: StackFrame(16).GetValues(1)
10:13:01.652 INFO: JdwpDebugServer: handling req: StackFrame(16).ThisObject(3)
10:13:01.652 INFO: JdwpDebugServer: handling req: ObjectReference(9).ReferenceType(1)
10:13:01.652 INFO: JdwpDebugServer: handling req: StackFrame(16).ThisObject(3)
10:13:01.652 INFO: JdwpDebugServer: handling req: ObjectReference(9).ReferenceType(1)
10:13:01.653 INFO: JdwpDebugServer: handling req: StackFrame(16).ThisObject(3)
10:13:01.653 INFO: JdwpDebugServer: handling req: ObjectReference(9).ReferenceType(1)
10:13:01.653 INFO: JdwpDebugServer: handling req: StackFrame(16).ThisObject(3)
10:13:01.653 INFO: JdwpDebugServer: handling req: ObjectReference(9).ReferenceType(1)
10:13:01.653 INFO: JdwpDebugServer: handling req: StackFrame(16).ThisObject(3)
10:13:01.654 INFO: JdwpDebugServer: handling req: ObjectReference(9).ReferenceType(1)
10:13:01.654 INFO: JdwpDebugServer: handling req: StackFrame(16).ThisObject(3)
10:13:01.654 INFO: JdwpDebugServer: handling req: ObjectReference(9).ReferenceType(1)
10:13:01.655 INFO: JdwpDebugServer: handling req: StackFrame(16).ThisObject(3)
10:13:01.655 INFO: JdwpDebugServer: handling req: ObjectReference(9).ReferenceType(1)
10:13:01.655 INFO: JdwpDebugServer: handling req: ReferenceType(2).SourceFile(7)
10:13:03.500 INFO: JdwpDebugServer: handling req: ThreadReference(11).Resume(3)
10:13:03.500 INFO: JdwpEventCenterDelegate: THREAD_RESUMED: thread (33, main, main)
10:13:03.548 INFO: JdwpDebugServer: handling req: ThreadReference(11).Name(1)
10:13:03.548 INFO: JdwpDebugServer: handling req: ThreadReference(11).Name(1)
10:13:03.548 INFO: JdwpDebugServer: handling req: ThreadReference(11).Name(1)
10:13:03.558 INFO: JdwpEventCenterDelegate: THREAD_RESUMED: thread (33, main, main)
10:13:03.592 SEVERE: Debugger: Thread HooksChannel socket thread crashed
org.robovm.debugger.DebuggerException: java.nio.BufferUnderflowException
	at org.robovm.debugger.hooks.HooksChannel.doSocketWork(HooksChannel.java:149)
	at java.base/java.lang.Thread.run(Thread.java:833)
	at org.robovm.debugger.utils.DebuggerThread.run(DebuggerThread.java:42)
Caused by: java.nio.BufferUnderflowException
	at org.robovm.debugger.utils.bytebuffer.DataBufferWriter.writeFromStream(DataBufferWriter.java:91)
	at org.robovm.debugger.hooks.HooksChannel.doSocketWork(HooksChannel.java:116)
	... 2 more
10:13:03.600 INFO: JdwpDebugServer: handling req: ThreadReference(11).Name(1)
