09:35:24.456 INFO: JdwpEventCenterDelegate: THREAD_STARTED: thread (33, main, main)
09:35:24.536 INFO: JdwpEventCenterDelegate: THREAD_STARTED: thread (48, ReferenceQueueDaemon, main)
09:35:24.537 INFO: JdwpEventCenterDelegate: THREAD_STARTED: thread (63, FinalizerDaemon, main)
09:35:24.538 INFO: JdwpEventCenterDelegate: THREAD_STARTED: thread (78, FinalizerWatchdogDaemon, main)
09:35:25.781 INFO: JdwpDebugServer: handling req: VirtualMachine(1).IDSizes(7)
09:35:25.783 INFO: JdwpDebugServer: handling req: EventRequest(15).Set(1)
09:35:25.785 INFO: JdwpEventCenterDelegate: jdwpSetEventRequest: JdwpEventRequest{requestId=100, eventKind=CLASS_UNLOAD, suspendPolicy=NONE, predicates=[]}
09:35:25.786 INFO: JdwpDebugServer: handling req: EventRequest(15).Set(1)
09:35:25.786 INFO: JdwpEventCenterDelegate: jdwpSetEventRequest: JdwpEventRequest{requestId=101, eventKind=THREAD_START, suspendPolicy=NONE, predicates=[]}
09:35:25.788 INFO: JdwpDebugServer: handling req: VirtualMachine(1).ClassesBySignature(2)
09:35:25.794 INFO: JdwpDebugServer: handling req: VirtualMachine(1).Version(1)
09:35:25.796 INFO: JdwpDebugServer: handling req: ReferenceType(2).MethodsWithGeneric(15)
09:35:25.798 INFO: JdwpDebugServer: handling req: Method(6).LineTable(1)
09:35:25.800 INFO: JdwpDebugServer: handling req: EventRequest(15).Set(1)
09:35:25.800 INFO: JdwpEventCenterDelegate: jdwpSetEventRequest: JdwpEventRequest{requestId=102, eventKind=BREAKPOINT, suspendPolicy=NONE, predicates=[Location{classId=845, methodId=257, index=928} ]}
09:35:25.802 INFO: JdwpDebugServer: handling req: EventRequest(15).Set(1)
09:35:25.802 INFO: JdwpEventCenterDelegate: jdwpSetEventRequest: JdwpEventRequest{requestId=103, eventKind=THREAD_DEATH, suspendPolicy=NONE, predicates=[]}
09:35:25.802 INFO: JdwpDebugServer: handling req: VirtualMachine(1).AllThreads(4)
09:35:25.803 INFO: JdwpDebugServer: handling req: ThreadReference(11).ThreadGroup(5)
09:35:25.803 INFO: JdwpDebugServer: handling req: ThreadGroup(12).Name(1)
09:35:25.804 INFO: JdwpDebugServer: handling req: ThreadGroup(12).Parent(2)
09:35:25.804 INFO: JdwpDebugServer: handling req: ObjectReference(9).ReferenceType(1)
09:35:25.805 INFO: JdwpDebugServer: handling req: ReferenceType(2).FieldsWithGeneric(14)
09:35:25.806 INFO: JdwpDebugServer: handling req: ReferenceType(2).Interfaces(10)
09:35:25.807 INFO: JdwpDebugServer: handling req: ReferenceType(2).FieldsWithGeneric(14)
09:35:25.807 INFO: JdwpDebugServer: handling req: ReferenceType(2).Interfaces(10)
09:35:25.807 INFO: JdwpDebugServer: handling req: ClassType(3).Superclass(1)
09:35:25.808 INFO: JdwpDebugServer: handling req: ReferenceType(2).FieldsWithGeneric(14)
09:35:25.808 INFO: JdwpDebugServer: handling req: ReferenceType(2).Interfaces(10)
09:35:25.809 INFO: JdwpDebugServer: handling req: ClassType(3).Superclass(1)
09:35:25.809 INFO: JdwpDebugServer: handling req: ObjectReference(9).GetValues(2)
09:35:25.811 INFO: JdwpDebugServer: handling req: ThreadReference(11).Status(4)
09:35:25.812 INFO: JdwpDebugServer: handling req: ThreadReference(11).Status(4)
09:35:25.812 INFO: JdwpDebugServer: handling req: ThreadReference(11).ThreadGroup(5)
09:35:25.813 INFO: JdwpDebugServer: handling req: ObjectReference(9).ReferenceType(1)
09:35:25.813 INFO: JdwpDebugServer: handling req: ObjectReference(9).GetValues(2)
09:35:25.815 INFO: JdwpDebugServer: handling req: ThreadReference(11).Status(4)
09:35:25.815 INFO: JdwpDebugServer: handling req: ThreadReference(11).Status(4)
09:35:25.815 INFO: JdwpDebugServer: handling req: ThreadReference(11).ThreadGroup(5)
09:35:25.816 INFO: JdwpDebugServer: handling req: ObjectReference(9).ReferenceType(1)
09:35:25.816 INFO: JdwpDebugServer: handling req: ObjectReference(9).GetValues(2)
09:35:25.816 INFO: JdwpDebugServer: handling req: ThreadReference(11).Status(4)
09:35:25.817 INFO: JdwpDebugServer: handling req: ThreadReference(11).Status(4)
09:35:25.817 INFO: JdwpDebugServer: handling req: ThreadReference(11).ThreadGroup(5)
09:35:25.817 INFO: JdwpDebugServer: handling req: ObjectReference(9).ReferenceType(1)
09:35:25.820 INFO: JdwpDebugServer: handling req: ObjectReference(9).GetValues(2)
09:35:25.820 INFO: JdwpDebugServer: handling req: ThreadReference(11).Status(4)
09:35:25.820 INFO: JdwpDebugServer: handling req: ThreadReference(11).Status(4)
09:35:25.826 INFO: JdwpDebugServer: handling req: EventRequest(15).Set(1)
09:35:25.826 INFO: JdwpEventCenterDelegate: jdwpSetEventRequest: JdwpEventRequest{requestId=104, eventKind=CLASS_PREPARE, suspendPolicy=EVENT_THREAD, predicates=[className=com.badlogic.gdx.graphics.g2d.SpriteBatch]}
09:35:25.832 INFO: JdwpDebugServer: handling req: EventRequest(15).Set(1)
09:35:25.832 INFO: JdwpEventCenterDelegate: jdwpSetEventRequest: JdwpEventRequest{requestId=105, eventKind=CLASS_PREPARE, suspendPolicy=EVENT_THREAD, predicates=[className=com.badlogic.gdx.graphics.g2d.SpriteBatch$*]}
09:35:25.833 INFO: JdwpDebugServer: handling req: VirtualMachine(1).ClassesBySignature(2)
09:35:25.834 INFO: JdwpDebugServer: handling req: ReferenceType(2).MethodsWithGeneric(15)
09:35:25.835 INFO: JdwpDebugServer: handling req: Method(6).LineTable(1)
09:35:25.836 INFO: JdwpDebugServer: handling req: Method(6).LineTable(1)
09:35:25.836 INFO: JdwpDebugServer: handling req: Method(6).LineTable(1)
09:35:25.836 INFO: JdwpDebugServer: handling req: Method(6).LineTable(1)
09:35:25.837 INFO: JdwpDebugServer: handling req: Method(6).LineTable(1)
09:35:25.837 INFO: JdwpDebugServer: handling req: Method(6).LineTable(1)
09:35:25.837 INFO: JdwpDebugServer: handling req: Method(6).LineTable(1)
09:35:25.838 INFO: JdwpDebugServer: handling req: Method(6).LineTable(1)
09:35:25.838 INFO: JdwpDebugServer: handling req: Method(6).LineTable(1)
09:35:25.838 INFO: JdwpDebugServer: handling req: Method(6).LineTable(1)
09:35:25.838 INFO: JdwpDebugServer: handling req: Method(6).LineTable(1)
09:35:25.838 INFO: JdwpDebugServer: handling req: Method(6).LineTable(1)
09:35:25.838 INFO: JdwpDebugServer: handling req: Method(6).LineTable(1)
09:35:25.838 INFO: JdwpDebugServer: handling req: Method(6).LineTable(1)
09:35:25.838 INFO: JdwpDebugServer: handling req: Method(6).LineTable(1)
09:35:25.839 INFO: JdwpDebugServer: handling req: Method(6).LineTable(1)
09:35:25.839 INFO: JdwpDebugServer: handling req: Method(6).LineTable(1)
09:35:25.839 INFO: JdwpDebugServer: handling req: Method(6).LineTable(1)
09:35:25.839 INFO: JdwpDebugServer: handling req: Method(6).LineTable(1)
09:35:25.839 INFO: JdwpDebugServer: handling req: Method(6).LineTable(1)
09:35:25.839 INFO: JdwpDebugServer: handling req: Method(6).LineTable(1)
09:35:25.839 INFO: JdwpDebugServer: handling req: Method(6).LineTable(1)
09:35:25.840 INFO: JdwpDebugServer: handling req: Method(6).LineTable(1)
09:35:25.840 INFO: JdwpDebugServer: handling req: Method(6).LineTable(1)
09:35:25.840 INFO: JdwpDebugServer: handling req: Method(6).LineTable(1)
09:35:25.840 INFO: JdwpDebugServer: handling req: Method(6).LineTable(1)
09:35:25.840 INFO: JdwpDebugServer: handling req: Method(6).LineTable(1)
09:35:25.840 INFO: JdwpDebugServer: handling req: Method(6).LineTable(1)
09:35:25.841 INFO: JdwpDebugServer: handling req: Method(6).LineTable(1)
09:35:25.841 INFO: JdwpDebugServer: handling req: Method(6).LineTable(1)
09:35:25.841 INFO: JdwpDebugServer: handling req: Method(6).LineTable(1)
09:35:25.841 INFO: JdwpDebugServer: handling req: Method(6).LineTable(1)
09:35:25.841 INFO: JdwpDebugServer: handling req: Method(6).LineTable(1)
09:35:25.841 INFO: JdwpDebugServer: handling req: Method(6).LineTable(1)
09:35:25.841 INFO: JdwpDebugServer: handling req: Method(6).LineTable(1)
09:35:25.841 INFO: JdwpDebugServer: handling req: Method(6).LineTable(1)
09:35:25.842 INFO: JdwpDebugServer: handling req: Method(6).LineTable(1)
09:35:25.842 INFO: JdwpDebugServer: handling req: Method(6).LineTable(1)
09:35:25.842 INFO: JdwpDebugServer: handling req: Method(6).LineTable(1)
09:35:25.842 INFO: JdwpDebugServer: handling req: Method(6).LineTable(1)
09:35:25.842 INFO: JdwpDebugServer: handling req: Method(6).LineTable(1)
09:35:25.843 INFO: JdwpDebugServer: handling req: Method(6).LineTable(1)
09:35:25.843 INFO: JdwpDebugServer: handling req: Method(6).LineTable(1)
09:35:25.843 INFO: JdwpDebugServer: handling req: Method(6).LineTable(1)
09:35:25.843 INFO: JdwpDebugServer: handling req: EventRequest(15).Set(1)
09:35:25.843 INFO: JdwpEventCenterDelegate: jdwpSetEventRequest: JdwpEventRequest{requestId=106, eventKind=BREAKPOINT, suspendPolicy=EVENT_THREAD, predicates=[Location{classId=18040, methodId=1122, index=163} ]}
09:35:25.844 INFO: JdwpDebugServer: handling req: ReferenceType(2).Signature(1)
09:35:25.848 INFO: JdwpDebugServer: handling req: EventRequest(15).Set(1)
09:35:25.848 INFO: JdwpEventCenterDelegate: jdwpSetEventRequest: JdwpEventRequest{requestId=107, eventKind=CLASS_PREPARE, suspendPolicy=EVENT_THREAD, predicates=[className=java.lang.Throwable]}
09:35:25.849 INFO: JdwpDebugServer: handling req: EventRequest(15).Set(1)
09:35:25.849 INFO: JdwpEventCenterDelegate: jdwpSetEventRequest: JdwpEventRequest{requestId=108, eventKind=CLASS_PREPARE, suspendPolicy=EVENT_THREAD, predicates=[className=java.lang.Throwable$*]}
09:35:25.850 INFO: JdwpDebugServer: handling req: VirtualMachine(1).ClassesBySignature(2)
09:35:25.850 INFO: JdwpDebugServer: handling req: ReferenceType(2).MethodsWithGeneric(15)
09:35:25.851 INFO: JdwpDebugServer: handling req: Method(6).LineTable(1)
09:35:25.851 INFO: JdwpDebugServer: handling req: Method(6).LineTable(1)
09:35:25.851 INFO: JdwpDebugServer: handling req: Method(6).LineTable(1)
09:35:25.851 INFO: JdwpDebugServer: handling req: Method(6).LineTable(1)
09:35:25.851 INFO: JdwpDebugServer: handling req: Method(6).LineTable(1)
09:35:25.851 INFO: JdwpDebugServer: handling req: Method(6).LineTable(1)
09:35:25.851 INFO: JdwpDebugServer: handling req: Method(6).LineTable(1)
09:35:25.852 INFO: JdwpDebugServer: handling req: Method(6).LineTable(1)
09:35:25.852 INFO: JdwpDebugServer: handling req: Method(6).LineTable(1)
09:35:25.852 INFO: JdwpDebugServer: handling req: Method(6).LineTable(1)
09:35:25.852 INFO: JdwpDebugServer: handling req: Method(6).LineTable(1)
09:35:25.852 INFO: JdwpDebugServer: handling req: Method(6).LineTable(1)
09:35:25.852 INFO: JdwpDebugServer: handling req: Method(6).LineTable(1)
09:35:25.852 INFO: JdwpDebugServer: handling req: Method(6).LineTable(1)
09:35:25.852 INFO: JdwpDebugServer: handling req: Method(6).LineTable(1)
09:35:25.852 INFO: JdwpDebugServer: handling req: Method(6).LineTable(1)
09:35:25.852 INFO: JdwpDebugServer: handling req: Method(6).LineTable(1)
09:35:25.852 INFO: JdwpDebugServer: handling req: Method(6).LineTable(1)
09:35:25.853 INFO: JdwpDebugServer: handling req: Method(6).LineTable(1)
09:35:25.853 INFO: JdwpDebugServer: handling req: Method(6).LineTable(1)
09:35:25.853 INFO: JdwpDebugServer: handling req: Method(6).LineTable(1)
09:35:25.853 INFO: JdwpDebugServer: handling req: Method(6).LineTable(1)
09:35:25.853 INFO: JdwpDebugServer: handling req: Method(6).LineTable(1)
09:35:25.853 INFO: JdwpDebugServer: handling req: Method(6).LineTable(1)
09:35:25.853 INFO: JdwpDebugServer: handling req: VirtualMachine(1).ClassesBySignature(2)
09:35:25.854 INFO: JdwpDebugServer: handling req: VirtualMachine(1).AllClassesWithGeneric(20)
09:35:25.865 INFO: JdwpDebugServer: handling req: EventRequest(15).Set(1)
09:35:25.865 INFO: JdwpEventCenterDelegate: jdwpSetEventRequest: JdwpEventRequest{requestId=109, eventKind=CLASS_PREPARE, suspendPolicy=EVENT_THREAD, predicates=[className=com.badlogic.gdx.utils.ScreenUtils]}
09:35:25.867 INFO: JdwpDebugServer: handling req: EventRequest(15).Set(1)
09:35:25.867 INFO: JdwpEventCenterDelegate: jdwpSetEventRequest: JdwpEventRequest{requestId=110, eventKind=CLASS_PREPARE, suspendPolicy=EVENT_THREAD, predicates=[className=com.badlogic.gdx.utils.ScreenUtils$*]}
09:35:25.867 INFO: JdwpDebugServer: handling req: VirtualMachine(1).ClassesBySignature(2)
09:35:25.868 INFO: JdwpDebugServer: handling req: ReferenceType(2).MethodsWithGeneric(15)
09:35:25.868 INFO: JdwpDebugServer: handling req: Method(6).LineTable(1)
09:35:25.868 INFO: JdwpDebugServer: handling req: Method(6).LineTable(1)
09:35:25.868 INFO: JdwpDebugServer: handling req: Method(6).LineTable(1)
09:35:25.868 INFO: JdwpDebugServer: handling req: Method(6).LineTable(1)
09:35:25.868 INFO: JdwpDebugServer: handling req: Method(6).LineTable(1)
09:35:25.868 INFO: JdwpDebugServer: handling req: Method(6).LineTable(1)
09:35:25.869 INFO: JdwpDebugServer: handling req: Method(6).LineTable(1)
09:35:25.869 INFO: JdwpDebugServer: handling req: Method(6).LineTable(1)
09:35:25.869 INFO: JdwpDebugServer: handling req: Method(6).LineTable(1)
09:35:25.869 INFO: JdwpDebugServer: handling req: Method(6).LineTable(1)
09:35:25.869 INFO: JdwpDebugServer: handling req: EventRequest(15).Set(1)
09:35:25.869 INFO: JdwpEventCenterDelegate: jdwpSetEventRequest: JdwpEventRequest{requestId=111, eventKind=BREAKPOINT, suspendPolicy=EVENT_THREAD, predicates=[Location{classId=22240, methodId=1492, index=89} ]}
09:35:25.870 INFO: JdwpDebugServer: handling req: EventRequest(15).Set(1)
09:35:25.870 INFO: JdwpEventCenterDelegate: jdwpSetEventRequest: JdwpEventRequest{requestId=112, eventKind=CLASS_PREPARE, suspendPolicy=EVENT_THREAD, predicates=[className=com.badlogic.gdx.utils.ScreenUtils]}
09:35:25.870 INFO: JdwpDebugServer: handling req: EventRequest(15).Set(1)
09:35:25.870 INFO: JdwpEventCenterDelegate: jdwpSetEventRequest: JdwpEventRequest{requestId=113, eventKind=CLASS_PREPARE, suspendPolicy=EVENT_THREAD, predicates=[className=com.badlogic.gdx.utils.ScreenUtils$*]}
09:35:25.871 INFO: JdwpDebugServer: handling req: VirtualMachine(1).ClassesBySignature(2)
09:35:25.871 INFO: JdwpDebugServer: handling req: EventRequest(15).Set(1)
09:35:25.871 INFO: JdwpEventCenterDelegate: jdwpSetEventRequest: JdwpEventRequest{requestId=114, eventKind=BREAKPOINT, suspendPolicy=EVENT_THREAD, predicates=[Location{classId=22240, methodId=1487, index=72} ]}
09:35:25.872 INFO: JdwpDebugServer: handling req: EventRequest(15).Set(1)
09:35:25.872 INFO: JdwpEventCenterDelegate: jdwpSetEventRequest: JdwpEventRequest{requestId=115, eventKind=CLASS_PREPARE, suspendPolicy=EVENT_THREAD, predicates=[className=com.abdalla.bushnaq.pluvia.launcher.IOSLauncher]}
09:35:25.872 INFO: JdwpDebugServer: handling req: EventRequest(15).Set(1)
09:35:25.872 INFO: JdwpEventCenterDelegate: jdwpSetEventRequest: JdwpEventRequest{requestId=116, eventKind=CLASS_PREPARE, suspendPolicy=EVENT_THREAD, predicates=[className=com.abdalla.bushnaq.pluvia.launcher.IOSLauncher$*]}
09:35:25.873 INFO: JdwpDebugServer: handling req: VirtualMachine(1).ClassesBySignature(2)
09:35:25.873 INFO: JdwpDebugServer: handling req: ReferenceType(2).MethodsWithGeneric(15)
09:35:25.873 INFO: JdwpDebugServer: handling req: Method(6).LineTable(1)
09:35:25.873 INFO: JdwpDebugServer: handling req: Method(6).LineTable(1)
09:35:25.874 INFO: JdwpDebugServer: handling req: Method(6).LineTable(1)
09:35:25.874 INFO: JdwpDebugServer: handling req: Method(6).LineTable(1)
09:35:25.874 INFO: JdwpDebugServer: handling req: EventRequest(15).Set(1)
09:35:25.874 INFO: JdwpEventCenterDelegate: jdwpSetEventRequest: JdwpEventRequest{requestId=117, eventKind=BREAKPOINT, suspendPolicy=EVENT_THREAD, predicates=[Location{classId=12885, methodId=1527, index=74} ]}
09:35:25.874 INFO: JdwpDebugServer: handling req: EventRequest(15).Set(1)
09:35:25.874 INFO: JdwpEventCenterDelegate: jdwpSetEventRequest: JdwpEventRequest{requestId=118, eventKind=CLASS_PREPARE, suspendPolicy=EVENT_THREAD, predicates=[className=com.badlogic.gdx.graphics.g3d.shaders.BaseShader]}
09:35:25.875 INFO: JdwpDebugServer: handling req: EventRequest(15).Set(1)
09:35:25.875 INFO: JdwpEventCenterDelegate: jdwpSetEventRequest: JdwpEventRequest{requestId=119, eventKind=CLASS_PREPARE, suspendPolicy=EVENT_THREAD, predicates=[className=com.badlogic.gdx.graphics.g3d.shaders.BaseShader$*]}
09:35:25.876 INFO: JdwpDebugServer: handling req: VirtualMachine(1).ClassesBySignature(2)
09:35:25.877 INFO: JdwpDebugServer: handling req: ReferenceType(2).MethodsWithGeneric(15)
09:35:25.877 INFO: JdwpDebugServer: handling req: Method(6).LineTable(1)
09:35:25.877 INFO: JdwpDebugServer: handling req: Method(6).LineTable(1)
09:35:25.877 INFO: JdwpDebugServer: handling req: Method(6).LineTable(1)
09:35:25.877 INFO: JdwpDebugServer: handling req: Method(6).LineTable(1)
09:35:25.877 INFO: JdwpDebugServer: handling req: Method(6).LineTable(1)
09:35:25.878 INFO: JdwpDebugServer: handling req: Method(6).LineTable(1)
09:35:25.878 INFO: JdwpDebugServer: handling req: Method(6).LineTable(1)
09:35:25.878 INFO: JdwpDebugServer: handling req: Method(6).LineTable(1)
09:35:25.878 INFO: JdwpDebugServer: handling req: Method(6).LineTable(1)
09:35:25.878 INFO: JdwpDebugServer: handling req: Method(6).LineTable(1)
09:35:25.878 INFO: JdwpDebugServer: handling req: Method(6).LineTable(1)
09:35:25.878 INFO: JdwpDebugServer: handling req: Method(6).LineTable(1)
09:35:25.878 INFO: JdwpDebugServer: handling req: Method(6).LineTable(1)
09:35:25.878 INFO: JdwpDebugServer: handling req: Method(6).LineTable(1)
09:35:25.879 INFO: JdwpDebugServer: handling req: Method(6).LineTable(1)
09:35:25.879 INFO: JdwpDebugServer: handling req: Method(6).LineTable(1)
09:35:25.879 INFO: JdwpDebugServer: handling req: Method(6).LineTable(1)
09:35:25.879 INFO: JdwpDebugServer: handling req: Method(6).LineTable(1)
09:35:25.879 INFO: JdwpDebugServer: handling req: Method(6).LineTable(1)
09:35:25.879 INFO: JdwpDebugServer: handling req: Method(6).LineTable(1)
09:35:25.879 INFO: JdwpDebugServer: handling req: Method(6).LineTable(1)
09:35:25.879 INFO: JdwpDebugServer: handling req: Method(6).LineTable(1)
09:35:25.879 INFO: JdwpDebugServer: handling req: Method(6).LineTable(1)
09:35:25.879 INFO: JdwpDebugServer: handling req: Method(6).LineTable(1)
09:35:25.880 INFO: JdwpDebugServer: handling req: Method(6).LineTable(1)
09:35:25.880 INFO: JdwpDebugServer: handling req: Method(6).LineTable(1)
09:35:25.880 INFO: JdwpDebugServer: handling req: Method(6).LineTable(1)
09:35:25.880 INFO: JdwpDebugServer: handling req: Method(6).LineTable(1)
09:35:25.880 INFO: JdwpDebugServer: handling req: Method(6).LineTable(1)
09:35:25.880 INFO: JdwpDebugServer: handling req: Method(6).LineTable(1)
09:35:25.880 INFO: JdwpDebugServer: handling req: Method(6).LineTable(1)
09:35:25.880 INFO: JdwpDebugServer: handling req: Method(6).LineTable(1)
09:35:25.880 INFO: JdwpDebugServer: handling req: Method(6).LineTable(1)
09:35:25.881 INFO: JdwpDebugServer: handling req: EventRequest(15).Set(1)
09:35:25.881 INFO: JdwpEventCenterDelegate: jdwpSetEventRequest: JdwpEventRequest{requestId=120, eventKind=BREAKPOINT, suspendPolicy=EVENT_THREAD, predicates=[Location{classId=13310, methodId=1587, index=168} ]}
09:35:25.883 INFO: JdwpDebugServer: handling req: VirtualMachine(1).capabilitiesNew(17)
09:35:25.890 INFO: JdwpDebugServer: handling req: EventRequest(15).Set(1)
09:35:25.890 INFO: JdwpEventCenterDelegate: jdwpSetEventRequest: JdwpEventRequest{requestId=121, eventKind=CLASS_PREPARE, suspendPolicy=EVENT_THREAD, predicates=[className=java.lang.Error]}
09:35:25.892 INFO: JdwpDebugServer: handling req: EventRequest(15).Set(1)
09:35:25.892 INFO: JdwpEventCenterDelegate: jdwpSetEventRequest: JdwpEventRequest{requestId=122, eventKind=CLASS_PREPARE, suspendPolicy=EVENT_THREAD, predicates=[className=java.lang.Error$*]}
09:35:25.892 INFO: JdwpDebugServer: handling req: VirtualMachine(1).ClassesBySignature(2)
09:35:25.893 INFO: JdwpDebugServer: handling req: EventRequest(15).Set(1)
09:35:25.893 INFO: JdwpEventCenterDelegate: jdwpSetEventRequest: JdwpEventRequest{requestId=123, eventKind=EXCEPTION, suspendPolicy=EVENT_THREAD, predicates=[exceptionType=3425(caught=true, uncaught=true)]}
09:35:25.946 INFO: JdwpDebugServer: handling req: EventRequest(15).Set(1)
09:35:25.946 INFO: JdwpEventCenterDelegate: jdwpSetEventRequest: JdwpEventRequest{requestId=124, eventKind=CLASS_PREPARE, suspendPolicy=EVENT_THREAD, predicates=[className=java.lang.Throwable]}
09:35:25.947 INFO: JdwpDebugServer: handling req: EventRequest(15).Set(1)
09:35:25.947 INFO: JdwpEventCenterDelegate: jdwpSetEventRequest: JdwpEventRequest{requestId=125, eventKind=CLASS_PREPARE, suspendPolicy=EVENT_THREAD, predicates=[className=java.lang.Throwable$*]}
09:35:25.948 INFO: JdwpDebugServer: handling req: VirtualMachine(1).ClassesBySignature(2)
09:35:25.948 INFO: JdwpDebugServer: handling req: EventRequest(15).Set(1)
09:35:25.948 INFO: JdwpEventCenterDelegate: jdwpSetEventRequest: JdwpEventRequest{requestId=126, eventKind=EXCEPTION, suspendPolicy=EVENT_THREAD, predicates=[exceptionType=7695(caught=false, uncaught=true)]}
09:35:25.953 INFO: JdwpDebugServer: handling req: ThreadReference(11).SuspendCount(12)
09:35:25.953 INFO: JdwpDebugServer: handling req: ThreadReference(11).SuspendCount(12)
09:35:25.953 INFO: JdwpDebugServer: handling req: ThreadReference(11).SuspendCount(12)
09:35:25.953 INFO: JdwpDebugServer: handling req: ThreadReference(11).SuspendCount(12)
09:35:25.953 INFO: JdwpDebugServer: handling req: VirtualMachine(1).AllThreads(4)
09:35:25.953 INFO: JdwpDebugServer: handling req: VirtualMachine(1).Resume(9)
09:35:25.986 INFO: JdwpDebugServer: handling req: EventRequest(15).Set(1)
09:35:25.987 INFO: JdwpEventCenterDelegate: jdwpSetEventRequest: JdwpEventRequest{requestId=127, eventKind=BREAKPOINT, suspendPolicy=EVENT_THREAD, predicates=[Location{classId=12885, methodId=1527, index=74} ]}
09:35:25.992 INFO: JdwpDebugServer: handling req: ThreadReference(11).Resume(3)
09:35:25.992 INFO: JdwpEventCenterDelegate: THREAD_RESUMED: thread (33, main, main)
09:35:26.016 INFO: JdwpEventCenterDelegate: THREAD_RESUMED: thread (33, main, main)
09:35:26.017 INFO: JdwpEventCenterDelegate: THREAD_RESUMED: thread (33, main, main)
09:35:26.017 INFO: JdwpEventCenterDelegate: THREAD_RESUMED: thread (33, main, main)
09:35:26.018 INFO: JdwpEventCenterDelegate: THREAD_RESUMED: thread (33, main, main)
09:35:26.018 INFO: JdwpEventCenterDelegate: THREAD_RESUMED: thread (33, main, main)
09:35:26.019 INFO: JdwpEventCenterDelegate: THREAD_RESUMED: thread (33, main, main)
09:35:26.019 INFO: JdwpEventCenterDelegate: THREAD_RESUMED: thread (33, main, main)
09:35:26.021 INFO: JdwpEventCenterDelegate: THREAD_RESUMED: thread (33, main, main)
09:35:26.022 INFO: JdwpEventCenterDelegate: THREAD_RESUMED: thread (33, main, main)
09:35:26.022 INFO: JdwpEventCenterDelegate: THREAD_RESUMED: thread (33, main, main)
09:35:26.022 INFO: JdwpEventCenterDelegate: THREAD_RESUMED: thread (33, main, main)
09:35:26.029 INFO: JdwpEventCenterDelegate: THREAD_RESUMED: thread (33, main, main)
09:35:26.029 INFO: JdwpEventCenterDelegate: THREAD_RESUMED: thread (33, main, main)
09:35:26.029 INFO: JdwpEventCenterDelegate: THREAD_RESUMED: thread (33, main, main)
09:35:26.094 INFO: JdwpEventCenterDelegate: THREAD_RESUMED: thread (33, main, main)
09:35:26.094 INFO: JdwpEventCenterDelegate: THREAD_RESUMED: thread (33, main, main)
09:35:26.095 INFO: JdwpEventCenterDelegate: THREAD_RESUMED: thread (33, main, main)
09:35:26.102 INFO: JdwpEventCenterDelegate: THREAD_RESUMED: thread (33, main, main)
09:35:26.103 INFO: JdwpEventCenterDelegate: THREAD_RESUMED: thread (33, main, main)
09:35:26.103 INFO: JdwpEventCenterDelegate: THREAD_RESUMED: thread (33, main, main)
09:35:26.365 INFO: JdwpEventCenterDelegate: THREAD_RESUMED: thread (33, main, main)
09:35:26.365 INFO: JdwpEventCenterDelegate: THREAD_RESUMED: thread (33, main, main)
09:35:26.366 INFO: JdwpEventCenterDelegate: THREAD_RESUMED: thread (33, main, main)
09:35:26.429 INFO: JdwpEventCenterDelegate: THREAD_RESUMED: thread (33, main, main)
09:35:26.430 INFO: JdwpEventCenterDelegate: THREAD_RESUMED: thread (33, main, main)
09:35:26.430 INFO: JdwpEventCenterDelegate: THREAD_RESUMED: thread (33, main, main)
09:35:26.456 INFO: JdwpEventCenterDelegate: THREAD_RESUMED: thread (33, main, main)
09:35:26.457 INFO: JdwpEventCenterDelegate: THREAD_RESUMED: thread (33, main, main)
09:35:26.458 INFO: JdwpEventCenterDelegate: THREAD_RESUMED: thread (33, main, main)
09:35:26.479 INFO: JdwpEventCenterDelegate: THREAD_RESUMED: thread (33, main, main)
09:35:26.479 INFO: JdwpEventCenterDelegate: THREAD_RESUMED: thread (33, main, main)
09:35:26.480 INFO: JdwpEventCenterDelegate: THREAD_RESUMED: thread (33, main, main)
09:35:26.480 INFO: JdwpEventCenterDelegate: THREAD_RESUMED: thread (33, main, main)
09:35:26.486 INFO: JdwpEventCenterDelegate: THREAD_RESUMED: thread (33, main, main)
09:35:26.487 INFO: JdwpEventCenterDelegate: THREAD_RESUMED: thread (33, main, main)
09:35:26.533 INFO: JdwpDebugServer: handling req: ThreadReference(11).Name(1)
09:35:26.536 INFO: JdwpDebugServer: handling req: ThreadReference(11).Name(1)
09:35:26.536 INFO: JdwpDebugServer: handling req: ThreadReference(11).Name(1)
09:35:26.537 INFO: JdwpDebugServer: handling req: ThreadReference(11).Name(1)
09:35:27.011 INFO: JdwpEventCenterDelegate: THREAD_RESUMED: thread (33, main, main)
09:35:27.012 INFO: JdwpEventCenterDelegate: THREAD_RESUMED: thread (33, main, main)
09:35:27.030 INFO: JdwpEventCenterDelegate: THREAD_RESUMED: thread (33, main, main)
09:35:27.031 INFO: JdwpEventCenterDelegate: THREAD_RESUMED: thread (33, main, main)
09:35:27.032 INFO: JdwpEventCenterDelegate: THREAD_RESUMED: thread (33, main, main)
09:35:27.032 INFO: JdwpEventCenterDelegate: THREAD_RESUMED: thread (33, main, main)
09:35:27.106 INFO: JdwpEventCenterDelegate: THREAD_RESUMED: thread (33, main, main)
09:35:27.483 INFO: JdwpEventCenterDelegate: THREAD_RESUMED: thread (33, main, main)
09:35:27.483 INFO: JdwpEventCenterDelegate: THREAD_RESUMED: thread (33, main, main)
09:35:27.484 INFO: JdwpEventCenterDelegate: THREAD_RESUMED: thread (33, main, main)
09:35:27.485 INFO: JdwpEventCenterDelegate: THREAD_RESUMED: thread (33, main, main)
09:35:27.486 INFO: JdwpEventCenterDelegate: THREAD_RESUMED: thread (33, main, main)
09:35:27.487 INFO: JdwpEventCenterDelegate: THREAD_RESUMED: thread (33, main, main)
09:35:27.537 INFO: JdwpEventCenterDelegate: THREAD_RESUMED: thread (33, main, main)
09:35:27.540 INFO: JdwpEventCenterDelegate: THREAD_RESUMED: thread (33, main, main)
09:35:27.541 INFO: JdwpEventCenterDelegate: THREAD_RESUMED: thread (33, main, main)
09:35:27.542 INFO: JdwpEventCenterDelegate: THREAD_RESUMED: thread (33, main, main)
09:35:27.544 INFO: JdwpEventCenterDelegate: THREAD_RESUMED: thread (33, main, main)
09:35:27.545 INFO: JdwpEventCenterDelegate: THREAD_RESUMED: thread (33, main, main)
09:35:27.547 INFO: JdwpEventCenterDelegate: THREAD_RESUMED: thread (33, main, main)
09:35:27.563 INFO: JdwpEventCenterDelegate: THREAD_RESUMED: thread (33, main, main)
09:35:27.578 INFO: JdwpEventCenterDelegate: THREAD_RESUMED: thread (33, main, main)
09:35:27.590 INFO: JdwpEventCenterDelegate: THREAD_RESUMED: thread (33, main, main)
09:35:27.600 INFO: JdwpEventCenterDelegate: THREAD_RESUMED: thread (33, main, main)
09:35:27.614 INFO: JdwpEventCenterDelegate: THREAD_RESUMED: thread (33, main, main)
09:35:27.632 INFO: JdwpEventCenterDelegate: THREAD_RESUMED: thread (33, main, main)
09:35:27.637 INFO: JdwpEventCenterDelegate: THREAD_RESUMED: thread (33, main, main)
09:35:27.642 INFO: JdwpEventCenterDelegate: THREAD_RESUMED: thread (33, main, main)
09:35:27.647 INFO: JdwpEventCenterDelegate: THREAD_RESUMED: thread (33, main, main)
09:35:27.651 INFO: JdwpEventCenterDelegate: THREAD_RESUMED: thread (33, main, main)
09:35:27.657 INFO: JdwpEventCenterDelegate: THREAD_RESUMED: thread (33, main, main)
09:35:27.664 INFO: JdwpEventCenterDelegate: THREAD_RESUMED: thread (33, main, main)
09:35:27.669 INFO: JdwpEventCenterDelegate: THREAD_RESUMED: thread (33, main, main)
09:35:27.674 INFO: JdwpEventCenterDelegate: THREAD_RESUMED: thread (33, main, main)
09:35:27.679 INFO: JdwpEventCenterDelegate: THREAD_RESUMED: thread (33, main, main)
09:35:27.683 INFO: JdwpEventCenterDelegate: THREAD_RESUMED: thread (33, main, main)
09:35:27.692 INFO: JdwpEventCenterDelegate: THREAD_RESUMED: thread (33, main, main)
09:35:27.697 INFO: JdwpEventCenterDelegate: THREAD_RESUMED: thread (33, main, main)
09:35:27.699 INFO: JdwpEventCenterDelegate: THREAD_RESUMED: thread (33, main, main)
09:35:27.700 INFO: JdwpEventCenterDelegate: THREAD_RESUMED: thread (33, main, main)
09:35:27.702 INFO: JdwpEventCenterDelegate: THREAD_RESUMED: thread (33, main, main)
09:35:27.704 INFO: JdwpEventCenterDelegate: THREAD_RESUMED: thread (33, main, main)
09:35:27.705 INFO: JdwpEventCenterDelegate: THREAD_RESUMED: thread (33, main, main)
09:35:27.707 INFO: JdwpEventCenterDelegate: THREAD_RESUMED: thread (33, main, main)
09:35:27.709 INFO: JdwpEventCenterDelegate: THREAD_RESUMED: thread (33, main, main)
09:35:27.711 INFO: JdwpEventCenterDelegate: THREAD_RESUMED: thread (33, main, main)
09:35:27.713 INFO: JdwpEventCenterDelegate: THREAD_RESUMED: thread (33, main, main)
09:35:27.714 INFO: JdwpEventCenterDelegate: THREAD_RESUMED: thread (33, main, main)
09:35:27.715 INFO: JdwpEventCenterDelegate: THREAD_RESUMED: thread (33, main, main)
09:35:27.716 INFO: JdwpEventCenterDelegate: THREAD_RESUMED: thread (33, main, main)
09:35:27.717 INFO: JdwpEventCenterDelegate: THREAD_RESUMED: thread (33, main, main)
09:35:27.718 INFO: JdwpEventCenterDelegate: THREAD_RESUMED: thread (33, main, main)
09:35:27.719 INFO: JdwpEventCenterDelegate: THREAD_RESUMED: thread (33, main, main)
09:35:27.720 INFO: JdwpEventCenterDelegate: THREAD_RESUMED: thread (33, main, main)
09:35:27.721 INFO: JdwpEventCenterDelegate: THREAD_RESUMED: thread (33, main, main)
09:35:27.722 INFO: JdwpEventCenterDelegate: THREAD_RESUMED: thread (33, main, main)
09:35:27.723 INFO: JdwpEventCenterDelegate: THREAD_RESUMED: thread (33, main, main)
09:35:27.724 INFO: JdwpEventCenterDelegate: THREAD_RESUMED: thread (33, main, main)
09:35:27.725 INFO: JdwpEventCenterDelegate: THREAD_RESUMED: thread (33, main, main)
09:35:27.726 INFO: JdwpEventCenterDelegate: THREAD_RESUMED: thread (33, main, main)
09:35:27.727 INFO: JdwpEventCenterDelegate: THREAD_RESUMED: thread (33, main, main)
09:35:27.728 INFO: JdwpEventCenterDelegate: THREAD_RESUMED: thread (33, main, main)
09:35:27.729 INFO: JdwpEventCenterDelegate: THREAD_RESUMED: thread (33, main, main)
09:35:27.730 INFO: JdwpEventCenterDelegate: THREAD_RESUMED: thread (33, main, main)
09:35:27.731 INFO: JdwpEventCenterDelegate: THREAD_RESUMED: thread (33, main, main)
09:35:27.732 INFO: JdwpEventCenterDelegate: THREAD_RESUMED: thread (33, main, main)
09:35:27.733 INFO: JdwpEventCenterDelegate: THREAD_RESUMED: thread (33, main, main)
09:35:27.735 INFO: JdwpEventCenterDelegate: THREAD_RESUMED: thread (33, main, main)
09:35:27.736 INFO: JdwpEventCenterDelegate: THREAD_RESUMED: thread (33, main, main)
09:35:27.737 INFO: JdwpEventCenterDelegate: THREAD_RESUMED: thread (33, main, main)
09:35:27.738 INFO: JdwpEventCenterDelegate: THREAD_RESUMED: thread (33, main, main)
09:35:27.739 INFO: JdwpEventCenterDelegate: THREAD_RESUMED: thread (33, main, main)
09:35:27.740 INFO: JdwpEventCenterDelegate: THREAD_RESUMED: thread (33, main, main)
09:35:27.741 INFO: JdwpEventCenterDelegate: THREAD_RESUMED: thread (33, main, main)
09:35:27.742 INFO: JdwpEventCenterDelegate: THREAD_RESUMED: thread (33, main, main)
09:35:27.743 INFO: JdwpEventCenterDelegate: THREAD_RESUMED: thread (33, main, main)
09:35:27.744 INFO: JdwpEventCenterDelegate: THREAD_RESUMED: thread (33, main, main)
09:35:27.745 INFO: JdwpEventCenterDelegate: THREAD_RESUMED: thread (33, main, main)
09:35:27.746 INFO: JdwpEventCenterDelegate: THREAD_RESUMED: thread (33, main, main)
09:35:27.747 INFO: JdwpEventCenterDelegate: THREAD_RESUMED: thread (33, main, main)
09:35:27.748 INFO: JdwpEventCenterDelegate: THREAD_RESUMED: thread (33, main, main)
09:35:27.749 INFO: JdwpEventCenterDelegate: THREAD_RESUMED: thread (33, main, main)
09:35:27.750 INFO: JdwpEventCenterDelegate: THREAD_RESUMED: thread (33, main, main)
09:35:27.751 INFO: JdwpEventCenterDelegate: THREAD_RESUMED: thread (33, main, main)
09:35:27.752 INFO: JdwpEventCenterDelegate: THREAD_RESUMED: thread (33, main, main)
09:35:27.753 INFO: JdwpEventCenterDelegate: THREAD_RESUMED: thread (33, main, main)
09:35:27.754 INFO: JdwpEventCenterDelegate: THREAD_RESUMED: thread (33, main, main)
09:35:27.755 INFO: JdwpEventCenterDelegate: THREAD_RESUMED: thread (33, main, main)
09:35:27.756 INFO: JdwpEventCenterDelegate: THREAD_RESUMED: thread (33, main, main)
09:35:27.757 INFO: JdwpEventCenterDelegate: THREAD_RESUMED: thread (33, main, main)
09:35:27.758 INFO: JdwpEventCenterDelegate: THREAD_RESUMED: thread (33, main, main)
09:35:28.055 INFO: JdwpEventCenterDelegate: THREAD_RESUMED: thread (33, main, main)
09:35:28.071 INFO: JdwpEventCenterDelegate: THREAD_RESUMED: thread (33, main, main)
09:35:28.072 INFO: JdwpEventCenterDelegate: THREAD_RESUMED: thread (33, main, main)
09:35:28.072 INFO: JdwpEventCenterDelegate: THREAD_RESUMED: thread (33, main, main)
09:35:28.256 INFO: JdwpEventCenterDelegate: THREAD_RESUMED: thread (33, main, main)
09:35:28.257 INFO: JdwpEventCenterDelegate: THREAD_RESUMED: thread (33, main, main)
09:35:28.291 INFO: JdwpEventCenterDelegate: THREAD_RESUMED: thread (33, main, main)
09:35:28.291 INFO: JdwpEventCenterDelegate: THREAD_RESUMED: thread (33, main, main)
09:35:28.312 INFO: JdwpDebugServer: handling req: EventRequest(15).Set(1)
09:35:28.312 INFO: JdwpEventCenterDelegate: jdwpSetEventRequest: JdwpEventRequest{requestId=128, eventKind=BREAKPOINT, suspendPolicy=EVENT_THREAD, predicates=[Location{classId=13310, methodId=1587, index=168} ]}
09:35:28.313 INFO: JdwpDebugServer: handling req: ThreadReference(11).Resume(3)
09:35:28.313 INFO: JdwpEventCenterDelegate: THREAD_RESUMED: thread (33, main, main)
09:35:28.316 INFO: JdwpEventCenterDelegate: THREAD_RESUMED: thread (33, main, main)
09:35:28.316 INFO: JdwpEventCenterDelegate: THREAD_RESUMED: thread (33, main, main)
09:35:28.317 INFO: JdwpEventCenterDelegate: THREAD_RESUMED: thread (33, main, main)
09:35:28.318 INFO: JdwpEventCenterDelegate: THREAD_RESUMED: thread (33, main, main)
09:35:28.319 INFO: JdwpEventCenterDelegate: THREAD_RESUMED: thread (33, main, main)
09:35:28.320 INFO: JdwpEventCenterDelegate: THREAD_RESUMED: thread (33, main, main)
09:35:28.327 INFO: JdwpDebugServer: handling req: ReferenceType(2).MethodsWithGeneric(15)
09:35:28.328 INFO: JdwpDebugServer: handling req: Method(6).LineTable(1)
09:35:28.346 INFO: JdwpDebugServer: handling req: Method(6).LineTable(1)
09:35:28.346 INFO: JdwpDebugServer: handling req: Method(6).LineTable(1)
09:35:28.347 INFO: JdwpDebugServer: handling req: Method(6).LineTable(1)
09:35:28.347 INFO: JdwpDebugServer: handling req: Method(6).LineTable(1)
09:35:28.347 INFO: JdwpDebugServer: handling req: ThreadReference(11).Resume(3)
09:35:28.347 INFO: JdwpEventCenterDelegate: THREAD_RESUMED: thread (33, main, main)
09:35:28.351 INFO: JdwpDebugServer: handling req: ReferenceType(2).MethodsWithGeneric(15)
09:35:28.351 INFO: JdwpDebugServer: handling req: Method(6).LineTable(1)
09:35:28.351 INFO: JdwpDebugServer: handling req: Method(6).LineTable(1)
09:35:28.351 INFO: JdwpDebugServer: handling req: ThreadReference(11).Resume(3)
09:35:28.351 INFO: JdwpEventCenterDelegate: THREAD_RESUMED: thread (33, main, main)
09:35:28.353 INFO: JdwpDebugServer: handling req: ReferenceType(2).MethodsWithGeneric(15)
09:35:28.353 INFO: JdwpDebugServer: handling req: Method(6).LineTable(1)
09:35:28.353 INFO: JdwpDebugServer: handling req: Method(6).LineTable(1)
09:35:28.353 INFO: JdwpDebugServer: handling req: ThreadReference(11).Resume(3)
09:35:28.354 INFO: JdwpEventCenterDelegate: THREAD_RESUMED: thread (33, main, main)
09:35:28.360 INFO: JdwpDebugServer: handling req: ThreadReference(11).Frames(6)
09:35:28.361 INFO: JdwpDebugServer: handling req: ReferenceType(2).MethodsWithGeneric(15)
09:35:28.361 INFO: JdwpDebugServer: handling req: ReferenceType(2).MethodsWithGeneric(15)
09:35:28.361 INFO: JdwpDebugServer: handling req: ReferenceType(2).MethodsWithGeneric(15)
09:35:28.361 INFO: JdwpDebugServer: handling req: ReferenceType(2).MethodsWithGeneric(15)
09:35:28.361 INFO: JdwpDebugServer: handling req: ReferenceType(2).MethodsWithGeneric(15)
09:35:28.362 INFO: JdwpDebugServer: handling req: ReferenceType(2).MethodsWithGeneric(15)
09:35:28.362 INFO: JdwpDebugServer: handling req: ReferenceType(2).MethodsWithGeneric(15)
09:35:28.362 INFO: JdwpDebugServer: handling req: ReferenceType(2).MethodsWithGeneric(15)
09:35:28.364 INFO: JdwpDebugServer: handling req: ThreadReference(11).FramesCount(7)
09:35:28.365 INFO: JdwpDebugServer: handling req: ThreadReference(11).FramesCount(7)
09:35:28.611 INFO: JdwpDebugServer: handling req: ThreadReference(11).Name(1)
09:35:28.613 INFO: JdwpDebugServer: handling req: ReferenceType(2).SignatureWithGeneric(13)
09:35:28.614 INFO: JdwpDebugServer: handling req: StackFrame(16).ThisObject(3)
09:35:28.617 INFO: JdwpDebugServer: handling req: ObjectReference(9).ReferenceType(1)
09:35:28.617 INFO: JdwpDebugServer: handling req: ThreadReference(11).Name(1)
09:35:28.618 INFO: JdwpDebugServer: handling req: ThreadReference(11).Name(1)
09:35:28.619 INFO: JdwpDebugServer: handling req: ThreadReference(11).Name(1)
09:35:28.619 INFO: JdwpDebugServer: handling req: ThreadReference(11).Name(1)
09:35:28.665 INFO: JdwpDebugServer: handling req: ReferenceType(2).SourceFile(7)
09:35:28.719 INFO: JdwpDebugServer: handling req: Method(6).VariableTableWithGenerics(5)
09:35:28.747 INFO: JdwpDebugServer: handling req: ReferenceType(2).FieldsWithGeneric(14)
09:35:28.748 INFO: JdwpDebugServer: handling req: ReferenceType(2).Interfaces(10)
09:35:28.748 INFO: JdwpDebugServer: handling req: ClassType(3).Superclass(1)
09:35:28.749 INFO: JdwpDebugServer: handling req: ReferenceType(2).FieldsWithGeneric(14)
09:35:28.749 INFO: JdwpDebugServer: handling req: ReferenceType(2).Modifiers(3)
09:35:28.749 INFO: JdwpDebugServer: handling req: ReferenceType(2).Interfaces(10)
09:35:28.749 INFO: JdwpDebugServer: handling req: ClassType(3).Superclass(1)
09:35:28.749 INFO: JdwpDebugServer: handling req: ReferenceType(2).FieldsWithGeneric(14)
09:35:28.750 INFO: JdwpDebugServer: handling req: ClassType(3).Superclass(1)
09:35:28.750 INFO: JdwpDebugServer: handling req: ReferenceType(2).Interfaces(10)
09:35:28.750 INFO: JdwpDebugServer: handling req: ClassType(3).Superclass(1)
09:35:28.750 INFO: JdwpDebugServer: handling req: ReferenceType(2).FieldsWithGeneric(14)
09:35:28.750 INFO: JdwpDebugServer: handling req: ReferenceType(2).Interfaces(10)
09:35:28.750 INFO: JdwpDebugServer: handling req: ReferenceType(2).Interfaces(10)
09:35:28.750 INFO: JdwpDebugServer: handling req: ReferenceType(2).FieldsWithGeneric(14)
09:35:28.750 INFO: JdwpDebugServer: handling req: ReferenceType(2).Interfaces(10)
09:35:28.750 INFO: JdwpDebugServer: handling req: ReferenceType(2).Interfaces(10)
09:35:28.751 INFO: JdwpDebugServer: handling req: ClassType(3).Superclass(1)
09:35:28.751 INFO: JdwpDebugServer: handling req: ClassType(3).Superclass(1)
09:35:28.754 INFO: JdwpDebugServer: handling req: StackFrame(16).GetValues(1)
09:35:28.756 INFO: JdwpDebugServer: handling req: StackFrame(16).GetValues(1)
09:35:28.756 INFO: JdwpDebugServer: handling req: StackFrame(16).GetValues(1)
09:35:28.757 INFO: JdwpDebugServer: handling req: ObjectReference(9).ReferenceType(1)
09:35:28.757 INFO: JdwpDebugServer: handling req: ObjectReference(9).ReferenceType(1)
09:35:28.757 INFO: JdwpDebugServer: handling req: ReferenceType(2).FieldsWithGeneric(14)
09:35:28.757 INFO: JdwpDebugServer: handling req: ClassType(3).Superclass(1)
09:35:28.757 INFO: JdwpDebugServer: handling req: ClassType(3).Superclass(1)
09:35:28.757 INFO: JdwpDebugServer: handling req: ReferenceType(2).Interfaces(10)
09:35:28.757 INFO: JdwpDebugServer: handling req: ReferenceType(2).Interfaces(10)
09:35:28.758 INFO: JdwpDebugServer: handling req: StackFrame(16).GetValues(1)
09:35:28.758 INFO: JdwpDebugServer: handling req: ObjectReference(9).ReferenceType(1)
09:35:28.758 INFO: JdwpDebugServer: handling req: StackFrame(16).GetValues(1)
09:35:28.758 INFO: JdwpDebugServer: handling req: ReferenceType(2).FieldsWithGeneric(14)
09:35:28.759 INFO: JdwpDebugServer: handling req: StackFrame(16).GetValues(1)
09:35:28.761 INFO: JdwpDebugServer: handling req: ReferenceType(2).Interfaces(10)
09:35:28.761 INFO: JdwpDebugServer: handling req: ClassType(3).Superclass(1)
09:35:28.761 INFO: JdwpDebugServer: handling req: StackFrame(16).GetValues(1)
09:35:28.762 INFO: JdwpDebugServer: handling req: StackFrame(16).GetValues(1)
09:35:28.762 INFO: JdwpDebugServer: handling req: StackFrame(16).GetValues(1)
09:35:28.762 INFO: JdwpDebugServer: handling req: StackFrame(16).GetValues(1)
09:35:28.762 INFO: JdwpDebugServer: handling req: StackFrame(16).GetValues(1)
09:35:28.763 INFO: JdwpDebugServer: handling req: ClassType(3).Superclass(1)
09:35:28.763 INFO: JdwpDebugServer: handling req: StackFrame(16).GetValues(1)
09:35:28.763 INFO: JdwpDebugServer: handling req: StackFrame(16).GetValues(1)
09:35:28.763 INFO: JdwpDebugServer: handling req: StackFrame(16).GetValues(1)
09:35:28.764 INFO: JdwpDebugServer: handling req: StackFrame(16).GetValues(1)
09:35:28.764 INFO: JdwpDebugServer: handling req: StackFrame(16).GetValues(1)
09:35:28.770 INFO: JdwpDebugServer: handling req: StackFrame(16).GetValues(1)
09:35:28.771 INFO: JdwpDebugServer: handling req: ClassType(3).Superclass(1)
09:35:28.771 INFO: JdwpDebugServer: handling req: ThreadReference(11).FramesCount(7)
09:35:28.788 INFO: JdwpDebugServer: handling req: ThreadReference(11).Name(1)
09:35:28.788 INFO: JdwpDebugServer: handling req: StackFrame(16).GetValues(1)
09:35:28.788 INFO: JdwpDebugServer: handling req: StackFrame(16).GetValues(1)
09:35:28.788 INFO: JdwpDebugServer: handling req: StackFrame(16).GetValues(1)
09:35:28.789 INFO: JdwpDebugServer: handling req: StackFrame(16).GetValues(1)
09:35:28.789 INFO: JdwpDebugServer: handling req: ThreadReference(11).Name(1)
09:35:28.789 INFO: JdwpDebugServer: handling req: ClassType(3).Superclass(1)
09:35:28.789 INFO: JdwpDebugServer: handling req: ClassType(3).Superclass(1)
09:35:28.789 INFO: JdwpDebugServer: handling req: ThreadReference(11).Name(1)
09:35:28.789 INFO: JdwpDebugServer: handling req: StackFrame(16).GetValues(1)
09:35:28.789 INFO: JdwpDebugServer: handling req: ThreadReference(11).Name(1)
09:35:28.789 INFO: JdwpDebugServer: handling req: StackFrame(16).GetValues(1)
09:35:28.789 INFO: JdwpDebugServer: handling req: StackFrame(16).GetValues(1)
09:35:28.789 INFO: JdwpDebugServer: handling req: StackFrame(16).GetValues(1)
09:35:28.790 INFO: JdwpDebugServer: handling req: StackFrame(16).GetValues(1)
09:35:28.790 INFO: JdwpDebugServer: handling req: ClassType(3).Superclass(1)
09:35:28.790 INFO: JdwpDebugServer: handling req: StackFrame(16).GetValues(1)
09:35:28.790 INFO: JdwpDebugServer: handling req: ThreadReference(11).FramesCount(7)
09:35:28.792 INFO: JdwpDebugServer: handling req: ObjectReference(9).GetValues(2)
09:35:28.792 INFO: JdwpDebugServer: handling req: ObjectReference(9).GetValues(2)
09:35:28.792 INFO: JdwpDebugServer: handling req: ObjectReference(9).GetValues(2)
09:35:28.792 INFO: JdwpDebugServer: handling req: ObjectReference(9).GetValues(2)
09:35:28.793 INFO: JdwpDebugServer: handling req: ObjectReference(9).GetValues(2)
09:35:28.793 INFO: JdwpDebugServer: handling req: ObjectReference(9).GetValues(2)
09:35:28.793 INFO: JdwpDebugServer: handling req: ObjectReference(9).GetValues(2)
09:35:28.793 INFO: JdwpDebugServer: handling req: ObjectReference(9).GetValues(2)
09:35:28.794 INFO: JdwpDebugServer: handling req: ObjectReference(9).GetValues(2)
09:35:28.794 INFO: JdwpDebugServer: handling req: ObjectReference(9).ReferenceType(1)
09:35:28.794 INFO: JdwpDebugServer: handling req: ClassType(3).Superclass(1)
09:35:28.794 INFO: JdwpDebugServer: handling req: ClassType(3).Superclass(1)
09:35:28.794 INFO: JdwpDebugServer: handling req: ReferenceType(2).Interfaces(10)
09:35:28.794 INFO: JdwpDebugServer: handling req: ReferenceType(2).Interfaces(10)
09:35:28.794 INFO: JdwpDebugServer: handling req: ObjectReference(9).GetValues(2)
09:35:28.794 INFO: JdwpDebugServer: handling req: ObjectReference(9).GetValues(2)
09:35:28.795 INFO: JdwpDebugServer: handling req: ObjectReference(9).GetValues(2)
09:35:28.795 INFO: JdwpDebugServer: handling req: ObjectReference(9).GetValues(2)
09:35:28.795 INFO: JdwpDebugServer: handling req: ObjectReference(9).GetValues(2)
09:35:28.795 INFO: JdwpDebugServer: handling req: ObjectReference(9).GetValues(2)
09:35:28.795 INFO: JdwpDebugServer: handling req: ObjectReference(9).GetValues(2)
09:35:28.796 INFO: JdwpDebugServer: handling req: ObjectReference(9).ReferenceType(1)
09:35:28.796 INFO: JdwpDebugServer: handling req: ObjectReference(9).GetValues(2)
09:35:28.796 INFO: JdwpDebugServer: handling req: ClassType(3).Superclass(1)
09:35:28.796 INFO: JdwpDebugServer: handling req: ObjectReference(9).GetValues(2)
09:35:28.796 INFO: JdwpDebugServer: handling req: ObjectReference(9).GetValues(2)
09:35:28.796 INFO: JdwpDebugServer: handling req: ObjectReference(9).ReferenceType(1)
09:35:28.797 INFO: JdwpDebugServer: handling req: ObjectReference(9).GetValues(2)
09:35:28.797 INFO: JdwpDebugServer: handling req: ClassType(3).Superclass(1)
09:35:28.797 INFO: JdwpDebugServer: handling req: ClassType(3).Superclass(1)
09:35:28.797 INFO: JdwpDebugServer: handling req: ObjectReference(9).GetValues(2)
09:35:28.797 INFO: JdwpDebugServer: handling req: ReferenceType(2).Interfaces(10)
09:35:28.797 INFO: JdwpDebugServer: handling req: ObjectReference(9).GetValues(2)
09:35:28.797 INFO: JdwpDebugServer: handling req: ReferenceType(2).Interfaces(10)
09:35:28.797 INFO: JdwpDebugServer: handling req: ReferenceType(2).Interfaces(10)
09:35:28.797 INFO: JdwpDebugServer: handling req: ObjectReference(9).GetValues(2)
09:35:28.797 INFO: JdwpDebugServer: handling req: ReferenceType(2).Interfaces(10)
09:35:28.797 INFO: JdwpDebugServer: handling req: ObjectReference(9).GetValues(2)
09:35:28.798 INFO: JdwpDebugServer: handling req: StringReference(10).Value(1)
09:35:28.798 INFO: JdwpDebugServer: handling req: ObjectReference(9).ReferenceType(1)
09:35:28.798 INFO: JdwpDebugServer: handling req: ClassType(3).Superclass(1)
09:35:28.799 INFO: JdwpDebugServer: handling req: ObjectReference(9).GetValues(2)
09:35:28.799 INFO: JdwpDebugServer: handling req: ObjectReference(9).GetValues(2)
09:35:28.799 INFO: JdwpDebugServer: handling req: ObjectReference(9).GetValues(2)
09:35:28.799 INFO: JdwpDebugServer: handling req: ObjectReference(9).GetValues(2)
09:35:28.799 INFO: JdwpDebugServer: handling req: ObjectReference(9).GetValues(2)
09:35:28.800 INFO: JdwpDebugServer: handling req: ObjectReference(9).GetValues(2)
09:35:28.800 INFO: JdwpDebugServer: handling req: ObjectReference(9).GetValues(2)
09:35:28.800 INFO: JdwpDebugServer: handling req: ObjectReference(9).GetValues(2)
09:35:28.801 INFO: JdwpDebugServer: handling req: ObjectReference(9).GetValues(2)
09:35:28.801 INFO: JdwpDebugServer: handling req: ObjectReference(9).GetValues(2)
09:35:28.801 INFO: JdwpDebugServer: handling req: ObjectReference(9).GetValues(2)
09:35:28.802 INFO: JdwpDebugServer: handling req: ObjectReference(9).GetValues(2)
09:35:28.802 INFO: JdwpDebugServer: handling req: ObjectReference(9).GetValues(2)
09:35:28.802 INFO: JdwpDebugServer: handling req: ObjectReference(9).GetValues(2)
09:35:28.803 INFO: JdwpDebugServer: handling req: ObjectReference(9).ReferenceType(1)
09:35:28.803 INFO: JdwpDebugServer: handling req: ClassType(3).Superclass(1)
09:35:28.803 INFO: JdwpDebugServer: handling req: ObjectReference(9).GetValues(2)
09:35:28.803 INFO: JdwpDebugServer: handling req: ObjectReference(9).GetValues(2)
09:35:28.803 INFO: JdwpDebugServer: handling req: ObjectReference(9).GetValues(2)
09:35:28.803 INFO: JdwpDebugServer: handling req: StringReference(10).Value(1)
09:35:28.805 INFO: JdwpDebugServer: handling req: ObjectReference(9).GetValues(2)
09:35:28.805 INFO: JdwpDebugServer: handling req: ObjectReference(9).GetValues(2)
09:35:28.806 INFO: JdwpDebugServer: handling req: ObjectReference(9).GetValues(2)
09:35:28.806 INFO: JdwpDebugServer: handling req: ObjectReference(9).GetValues(2)
09:35:28.806 INFO: JdwpDebugServer: handling req: ObjectReference(9).GetValues(2)
09:35:28.807 INFO: JdwpDebugServer: handling req: ObjectReference(9).GetValues(2)
09:35:28.807 INFO: JdwpDebugServer: handling req: ObjectReference(9).GetValues(2)
09:35:28.807 INFO: JdwpDebugServer: handling req: ObjectReference(9).GetValues(2)
09:35:28.807 INFO: JdwpDebugServer: handling req: ObjectReference(9).GetValues(2)
09:35:28.808 INFO: JdwpDebugServer: handling req: ObjectReference(9).GetValues(2)
09:35:28.808 INFO: JdwpDebugServer: handling req: ObjectReference(9).GetValues(2)
09:35:28.808 INFO: JdwpDebugServer: handling req: ObjectReference(9).GetValues(2)
09:35:28.809 INFO: JdwpDebugServer: handling req: ObjectReference(9).GetValues(2)
09:35:28.809 INFO: JdwpDebugServer: handling req: ObjectReference(9).GetValues(2)
09:35:28.809 INFO: JdwpDebugServer: handling req: ObjectReference(9).GetValues(2)
09:35:28.809 INFO: JdwpDebugServer: handling req: ObjectReference(9).GetValues(2)
09:35:28.809 INFO: JdwpDebugServer: handling req: ReferenceType(2).FieldsWithGeneric(14)
09:35:28.809 INFO: JdwpDebugServer: handling req: ObjectReference(9).GetValues(2)
09:35:28.809 INFO: JdwpDebugServer: handling req: ReferenceType(2).FieldsWithGeneric(14)
09:35:28.809 INFO: JdwpDebugServer: handling req: ObjectReference(9).GetValues(2)
09:35:28.810 INFO: JdwpDebugServer: handling req: ObjectReference(9).GetValues(2)
09:35:28.810 INFO: JdwpDebugServer: handling req: ObjectReference(9).GetValues(2)
09:35:28.810 INFO: JdwpDebugServer: handling req: ObjectReference(9).GetValues(2)
09:35:28.810 INFO: JdwpDebugServer: handling req: ObjectReference(9).GetValues(2)
09:35:28.810 INFO: JdwpDebugServer: handling req: ReferenceType(2).FieldsWithGeneric(14)
09:35:28.810 INFO: JdwpDebugServer: handling req: ReferenceType(2).FieldsWithGeneric(14)
09:35:28.811 INFO: JdwpDebugServer: handling req: ReferenceType(2).FieldsWithGeneric(14)
09:35:28.811 INFO: JdwpDebugServer: handling req: ReferenceType(2).FieldsWithGeneric(14)
09:35:28.811 INFO: JdwpDebugServer: handling req: ObjectReference(9).GetValues(2)
09:35:28.811 INFO: JdwpDebugServer: handling req: ObjectReference(9).GetValues(2)
09:35:28.811 INFO: JdwpDebugServer: handling req: ObjectReference(9).GetValues(2)
09:35:28.812 INFO: JdwpDebugServer: handling req: ObjectReference(9).ReferenceType(1)
09:35:28.812 INFO: JdwpDebugServer: handling req: ObjectReference(9).GetValues(2)
09:35:28.812 INFO: JdwpDebugServer: handling req: ObjectReference(9).ReferenceType(1)
09:35:28.812 INFO: JdwpDebugServer: handling req: ReferenceType(2).FieldsWithGeneric(14)
09:35:28.812 INFO: JdwpDebugServer: handling req: ReferenceType(2).Interfaces(10)
09:35:28.812 INFO: JdwpDebugServer: handling req: ClassType(3).Superclass(1)
09:35:28.812 INFO: JdwpDebugServer: handling req: ReferenceType(2).FieldsWithGeneric(14)
09:35:28.813 INFO: JdwpDebugServer: handling req: ReferenceType(2).Interfaces(10)
09:35:28.813 INFO: JdwpDebugServer: handling req: ClassType(3).Superclass(1)
09:35:28.813 INFO: JdwpDebugServer: handling req: ReferenceType(2).FieldsWithGeneric(14)
09:35:28.813 INFO: JdwpDebugServer: handling req: ObjectReference(9).GetValues(2)
09:35:28.813 INFO: JdwpDebugServer: handling req: ReferenceType(2).Interfaces(10)
09:35:28.813 INFO: JdwpDebugServer: handling req: ClassType(3).Superclass(1)
09:35:28.813 INFO: JdwpDebugServer: handling req: ObjectReference(9).GetValues(2)
09:35:28.813 INFO: JdwpDebugServer: handling req: ObjectReference(9).GetValues(2)
09:35:28.813 INFO: JdwpDebugServer: handling req: ClassType(3).Superclass(1)
09:35:28.813 INFO: JdwpDebugServer: handling req: ObjectReference(9).ReferenceType(1)
09:35:28.813 INFO: JdwpDebugServer: handling req: ObjectReference(9).GetValues(2)
09:35:28.814 INFO: JdwpDebugServer: handling req: ReferenceType(2).FieldsWithGeneric(14)
09:35:28.814 INFO: JdwpDebugServer: handling req: ObjectReference(9).GetValues(2)
09:35:28.815 INFO: JdwpDebugServer: handling req: ReferenceType(2).Interfaces(10)
09:35:28.815 INFO: JdwpDebugServer: handling req: ObjectReference(9).GetValues(2)
09:35:28.815 INFO: JdwpDebugServer: handling req: ClassType(3).Superclass(1)
09:35:28.815 INFO: JdwpDebugServer: handling req: StringReference(10).Value(1)
09:35:28.815 INFO: JdwpDebugServer: handling req: ReferenceType(2).FieldsWithGeneric(14)
09:35:28.815 INFO: JdwpDebugServer: handling req: ObjectReference(9).GetValues(2)
09:35:28.816 INFO: JdwpDebugServer: handling req: ReferenceType(2).Interfaces(10)
09:35:28.816 INFO: JdwpDebugServer: handling req: ObjectReference(9).GetValues(2)
09:35:28.816 INFO: JdwpDebugServer: handling req: ClassType(3).Superclass(1)
09:35:28.816 INFO: JdwpDebugServer: handling req: ObjectReference(9).GetValues(2)
09:35:28.816 INFO: JdwpDebugServer: handling req: ObjectReference(9).GetValues(2)
09:35:28.816 INFO: JdwpDebugServer: handling req: ObjectReference(9).GetValues(2)
09:35:28.816 INFO: JdwpDebugServer: handling req: ObjectReference(9).GetValues(2)
09:35:28.816 INFO: JdwpDebugServer: handling req: ClassType(3).Superclass(1)
09:35:28.816 INFO: JdwpDebugServer: handling req: ObjectReference(9).GetValues(2)
09:35:28.817 INFO: JdwpDebugServer: handling req: ObjectReference(9).GetValues(2)
09:35:28.817 INFO: JdwpDebugServer: handling req: ObjectReference(9).ReferenceType(1)
09:35:28.817 INFO: JdwpDebugServer: handling req: ObjectReference(9).GetValues(2)
09:35:28.817 INFO: JdwpDebugServer: handling req: ObjectReference(9).GetValues(2)
09:35:28.817 INFO: JdwpDebugServer: handling req: ObjectReference(9).GetValues(2)
09:35:28.817 INFO: JdwpDebugServer: handling req: ObjectReference(9).GetValues(2)
09:35:28.817 INFO: JdwpDebugServer: handling req: ObjectReference(9).GetValues(2)
09:35:28.817 INFO: JdwpDebugServer: handling req: ObjectReference(9).ReferenceType(1)
09:35:28.817 INFO: JdwpDebugServer: handling req: ObjectReference(9).GetValues(2)
09:35:28.817 INFO: JdwpDebugServer: handling req: ObjectReference(9).GetValues(2)
09:35:28.818 INFO: JdwpDebugServer: handling req: ObjectReference(9).GetValues(2)
09:35:28.818 INFO: JdwpDebugServer: handling req: ObjectReference(9).ReferenceType(1)
09:35:28.818 INFO: JdwpDebugServer: handling req: ObjectReference(9).GetValues(2)
09:35:28.818 INFO: JdwpDebugServer: handling req: ObjectReference(9).GetValues(2)
09:35:28.818 INFO: JdwpDebugServer: handling req: ClassType(3).Superclass(1)
09:35:28.818 INFO: JdwpDebugServer: handling req: ObjectReference(9).ReferenceType(1)
09:35:28.818 INFO: JdwpDebugServer: handling req: ObjectReference(9).GetValues(2)
09:35:28.818 INFO: JdwpDebugServer: handling req: ObjectReference(9).GetValues(2)
09:35:28.818 INFO: JdwpDebugServer: handling req: ObjectReference(9).GetValues(2)
09:35:28.818 INFO: JdwpDebugServer: handling req: ObjectReference(9).GetValues(2)
09:35:28.818 INFO: JdwpDebugServer: handling req: ObjectReference(9).GetValues(2)
09:35:28.818 INFO: JdwpDebugServer: handling req: ObjectReference(9).GetValues(2)
09:35:28.819 INFO: JdwpDebugServer: handling req: ObjectReference(9).GetValues(2)
09:35:28.819 INFO: JdwpDebugServer: handling req: ObjectReference(9).GetValues(2)
09:35:28.819 INFO: JdwpDebugServer: handling req: ObjectReference(9).GetValues(2)
09:35:28.819 INFO: JdwpDebugServer: handling req: ObjectReference(9).GetValues(2)
09:35:28.819 INFO: JdwpDebugServer: handling req: ObjectReference(9).GetValues(2)
09:35:28.820 INFO: JdwpDebugServer: handling req: ObjectReference(9).GetValues(2)
09:35:28.820 INFO: JdwpDebugServer: handling req: ObjectReference(9).GetValues(2)
09:35:28.820 INFO: JdwpDebugServer: handling req: ObjectReference(9).GetValues(2)
09:35:28.820 INFO: JdwpDebugServer: handling req: ObjectReference(9).GetValues(2)
09:35:28.821 INFO: JdwpDebugServer: handling req: ObjectReference(9).GetValues(2)
09:35:28.821 INFO: JdwpDebugServer: handling req: ObjectReference(9).GetValues(2)
09:35:28.821 INFO: JdwpDebugServer: handling req: ObjectReference(9).GetValues(2)
09:35:28.821 INFO: JdwpDebugServer: handling req: ObjectReference(9).GetValues(2)
09:35:28.822 INFO: JdwpDebugServer: handling req: ObjectReference(9).GetValues(2)
09:35:28.822 INFO: JdwpDebugServer: handling req: ObjectReference(9).GetValues(2)
09:35:28.822 INFO: JdwpDebugServer: handling req: ObjectReference(9).GetValues(2)
09:35:28.822 INFO: JdwpDebugServer: handling req: ObjectReference(9).GetValues(2)
09:35:28.822 INFO: JdwpDebugServer: handling req: ClassType(3).Superclass(1)
09:35:28.822 INFO: JdwpDebugServer: handling req: ObjectReference(9).GetValues(2)
09:35:28.823 INFO: JdwpDebugServer: handling req: ObjectReference(9).GetValues(2)
09:35:28.823 INFO: JdwpDebugServer: handling req: ObjectReference(9).GetValues(2)
09:35:28.823 INFO: JdwpDebugServer: handling req: ObjectReference(9).GetValues(2)
09:35:28.823 INFO: JdwpDebugServer: handling req: ObjectReference(9).GetValues(2)
09:35:28.823 INFO: JdwpDebugServer: handling req: ObjectReference(9).GetValues(2)
09:35:28.823 INFO: JdwpDebugServer: handling req: ObjectReference(9).GetValues(2)
09:35:28.824 INFO: JdwpDebugServer: handling req: ObjectReference(9).GetValues(2)
09:35:28.824 INFO: JdwpDebugServer: handling req: ObjectReference(9).GetValues(2)
09:35:28.824 INFO: JdwpDebugServer: handling req: ObjectReference(9).GetValues(2)
09:35:28.824 INFO: JdwpDebugServer: handling req: ObjectReference(9).GetValues(2)
09:35:28.824 INFO: JdwpDebugServer: handling req: ObjectReference(9).GetValues(2)
09:35:28.824 INFO: JdwpDebugServer: handling req: ObjectReference(9).GetValues(2)
09:35:28.824 INFO: JdwpDebugServer: handling req: ObjectReference(9).GetValues(2)
09:35:28.824 INFO: JdwpDebugServer: handling req: ClassType(3).Superclass(1)
09:35:28.824 INFO: JdwpDebugServer: handling req: ObjectReference(9).GetValues(2)
09:35:28.825 INFO: JdwpDebugServer: handling req: ObjectReference(9).GetValues(2)
09:35:28.825 INFO: JdwpDebugServer: handling req: ObjectReference(9).GetValues(2)
09:35:28.827 INFO: JdwpDebugServer: handling req: ObjectReference(9).GetValues(2)
09:35:28.827 INFO: JdwpDebugServer: handling req: ObjectReference(9).GetValues(2)
09:35:28.827 INFO: JdwpDebugServer: handling req: ObjectReference(9).GetValues(2)
09:35:28.827 INFO: JdwpDebugServer: handling req: ObjectReference(9).GetValues(2)
09:35:28.827 INFO: JdwpDebugServer: handling req: ClassType(3).Superclass(1)
09:35:28.827 INFO: JdwpDebugServer: handling req: ObjectReference(9).GetValues(2)
09:35:28.828 INFO: JdwpDebugServer: handling req: ObjectReference(9).GetValues(2)
09:35:28.828 INFO: JdwpDebugServer: handling req: ObjectReference(9).GetValues(2)
09:35:28.828 INFO: JdwpDebugServer: handling req: ObjectReference(9).GetValues(2)
09:35:28.828 INFO: JdwpDebugServer: handling req: ObjectReference(9).GetValues(2)
09:35:28.828 INFO: JdwpDebugServer: handling req: ObjectReference(9).GetValues(2)
09:35:28.828 INFO: JdwpDebugServer: handling req: ObjectReference(9).GetValues(2)
09:35:28.828 INFO: JdwpDebugServer: handling req: ClassType(3).Superclass(1)
09:35:28.828 INFO: JdwpDebugServer: handling req: ObjectReference(9).GetValues(2)
09:35:28.828 INFO: JdwpDebugServer: handling req: ObjectReference(9).GetValues(2)
09:35:28.828 INFO: JdwpDebugServer: handling req: ObjectReference(9).GetValues(2)
09:35:28.829 INFO: JdwpDebugServer: handling req: ObjectReference(9).GetValues(2)
09:35:28.829 INFO: JdwpDebugServer: handling req: ObjectReference(9).GetValues(2)
09:35:28.829 INFO: JdwpDebugServer: handling req: ObjectReference(9).GetValues(2)
09:35:28.829 INFO: JdwpDebugServer: handling req: ObjectReference(9).GetValues(2)
09:35:28.829 INFO: JdwpDebugServer: handling req: ObjectReference(9).GetValues(2)
09:35:28.829 INFO: JdwpDebugServer: handling req: ObjectReference(9).GetValues(2)
09:35:28.830 INFO: JdwpDebugServer: handling req: ObjectReference(9).GetValues(2)
09:35:28.830 INFO: JdwpDebugServer: handling req: ObjectReference(9).GetValues(2)
09:35:28.830 INFO: JdwpDebugServer: handling req: ObjectReference(9).GetValues(2)
09:35:28.830 INFO: JdwpDebugServer: handling req: ObjectReference(9).GetValues(2)
09:35:28.830 INFO: JdwpDebugServer: handling req: ObjectReference(9).GetValues(2)
09:35:28.830 INFO: JdwpDebugServer: handling req: ClassType(3).Superclass(1)
09:35:28.830 INFO: JdwpDebugServer: handling req: ObjectReference(9).GetValues(2)
09:35:28.830 INFO: JdwpDebugServer: handling req: ObjectReference(9).GetValues(2)
09:35:28.831 INFO: JdwpDebugServer: handling req: ObjectReference(9).GetValues(2)
09:35:28.831 INFO: JdwpDebugServer: handling req: StringReference(10).Value(1)
09:35:28.831 INFO: JdwpDebugServer: handling req: ObjectReference(9).GetValues(2)
09:35:28.831 INFO: JdwpDebugServer: handling req: ObjectReference(9).GetValues(2)
09:35:28.858 INFO: JdwpDebugServer: handling req: StackFrame(16).GetValues(1)
09:35:28.858 INFO: JdwpDebugServer: handling req: ClassType(3).Superclass(1)
09:35:28.874 INFO: JdwpDebugServer: handling req: StackFrame(16).ThisObject(3)
09:35:28.874 INFO: JdwpDebugServer: handling req: ObjectReference(9).ReferenceType(1)
09:35:28.874 INFO: JdwpDebugServer: handling req: Method(6).LineTable(1)
09:35:28.875 INFO: JdwpDebugServer: handling req: StackFrame(16).ThisObject(3)
09:35:28.875 INFO: JdwpDebugServer: handling req: ObjectReference(9).ReferenceType(1)
09:35:28.875 INFO: JdwpDebugServer: handling req: Method(6).LineTable(1)
09:35:28.875 INFO: JdwpDebugServer: handling req: StackFrame(16).ThisObject(3)
09:35:28.876 INFO: JdwpDebugServer: handling req: ObjectReference(9).ReferenceType(1)
09:35:28.876 INFO: JdwpDebugServer: handling req: Method(6).LineTable(1)
09:35:28.876 INFO: JdwpDebugServer: handling req: StackFrame(16).ThisObject(3)
09:35:28.876 INFO: JdwpDebugServer: handling req: ObjectReference(9).ReferenceType(1)
09:35:28.876 INFO: JdwpDebugServer: handling req: Method(6).LineTable(1)
09:35:28.876 INFO: JdwpDebugServer: handling req: StackFrame(16).ThisObject(3)
09:35:28.877 INFO: JdwpDebugServer: handling req: ObjectReference(9).ReferenceType(1)
09:35:28.877 INFO: JdwpDebugServer: handling req: Method(6).LineTable(1)
09:35:28.877 INFO: JdwpDebugServer: handling req: StackFrame(16).ThisObject(3)
09:35:28.877 INFO: JdwpDebugServer: handling req: ObjectReference(9).ReferenceType(1)
09:35:28.877 INFO: JdwpDebugServer: handling req: Method(6).LineTable(1)
09:35:28.877 INFO: JdwpDebugServer: handling req: StackFrame(16).ThisObject(3)
09:35:28.877 INFO: JdwpDebugServer: handling req: ObjectReference(9).ReferenceType(1)
09:35:28.877 INFO: JdwpDebugServer: handling req: Method(6).LineTable(1)
09:35:28.877 INFO: JdwpDebugServer: handling req: StackFrame(16).ThisObject(3)
09:35:28.878 INFO: JdwpDebugServer: handling req: ObjectReference(9).ReferenceType(1)
09:35:28.878 INFO: JdwpDebugServer: handling req: Method(6).LineTable(1)
09:35:28.878 INFO: JdwpDebugServer: handling req: StackFrame(16).ThisObject(3)
09:35:28.878 INFO: JdwpDebugServer: handling req: ObjectReference(9).ReferenceType(1)
09:35:28.878 INFO: JdwpDebugServer: handling req: Method(6).LineTable(1)
09:35:28.879 INFO: JdwpDebugServer: handling req: Method(6).LineTable(1)
09:35:28.879 INFO: JdwpDebugServer: handling req: ReferenceType(2).SignatureWithGeneric(13)
09:35:28.904 INFO: JdwpDebugServer: handling req: ObjectReference(9).GetValues(2)
09:35:28.905 INFO: JdwpDebugServer: handling req: ObjectReference(9).GetValues(2)
09:35:28.905 INFO: JdwpDebugServer: handling req: ObjectReference(9).GetValues(2)
09:35:28.905 INFO: JdwpDebugServer: handling req: ClassType(3).Superclass(1)
09:35:28.906 INFO: JdwpDebugServer: handling req: ObjectReference(9).GetValues(2)
09:35:28.906 INFO: JdwpDebugServer: handling req: ObjectReference(9).GetValues(2)
09:35:28.906 INFO: JdwpDebugServer: handling req: ObjectReference(9).GetValues(2)
09:35:28.907 INFO: JdwpDebugServer: handling req: ObjectReference(9).GetValues(2)
09:35:28.907 INFO: JdwpDebugServer: handling req: ObjectReference(9).GetValues(2)
09:35:33.270 INFO: JdwpDebugServer: handling req: ObjectReference(9).GetValues(2)
09:35:33.439 INFO: JdwpDebugServer: handling req: StringReference(10).Value(1)
09:35:33.441 INFO: JdwpDebugServer: handling req: ObjectReference(9).GetValues(2)
09:35:33.442 INFO: JdwpDebugServer: handling req: ReferenceType(2).SourceFile(7)
09:35:33.442 INFO: JdwpDebugServer: handling req: ObjectReference(9).GetValues(2)
09:35:33.442 INFO: JdwpDebugServer: handling req: ObjectReference(9).GetValues(2)
09:35:33.444 INFO: JdwpDebugServer: handling req: ReferenceType(2).SourceFile(7)
09:35:33.490 INFO: JdwpDebugServer: handling req: ObjectReference(9).GetValues(2)
09:35:33.491 INFO: JdwpDebugServer: handling req: ClassType(3).Superclass(1)
09:35:33.491 INFO: JdwpDebugServer: handling req: StringReference(10).Value(1)
09:35:34.136 INFO: JdwpDebugServer: handling req: ObjectReference(9).GetValues(2)
09:35:36.857 INFO: JdwpDebugServer: handling req: StringReference(10).Value(1)
09:35:38.418 INFO: JdwpDebugServer: handling req: ObjectReference(9).GetValues(2)
09:35:38.440 INFO: JdwpDebugServer: handling req: StringReference(10).Value(1)
09:35:39.990 INFO: JdwpDebugServer: handling req: ThreadReference(11).Resume(3)
09:35:39.991 INFO: JdwpEventCenterDelegate: THREAD_RESUMED: thread (33, main, main)
09:35:39.993 INFO: JdwpEventCenterDelegate: THREAD_RESUMED: thread (33, main, main)
09:35:40.045 SEVERE: Debugger: Thread HooksChannel socket thread crashed
org.robovm.debugger.DebuggerException: java.nio.BufferUnderflowException
	at org.robovm.debugger.hooks.HooksChannel.doSocketWork(HooksChannel.java:149)
	at java.base/java.lang.Thread.run(Thread.java:833)
	at org.robovm.debugger.utils.DebuggerThread.run(DebuggerThread.java:42)
Caused by: java.nio.BufferUnderflowException
	at org.robovm.debugger.utils.bytebuffer.DataBufferWriter.writeFromStream(DataBufferWriter.java:91)
	at org.robovm.debugger.hooks.HooksChannel.doSocketWork(HooksChannel.java:116)
	... 2 more
09:35:40.056 INFO: JdwpDebugServer: handling req: ThreadReference(11).Name(1)
