07:11:27.335 INFO: JdwpEventCenterDelegate: THREAD_STARTED: thread (33, main, main)
07:11:27.398 INFO: JdwpEventCenterDelegate: THREAD_STARTED: thread (48, ReferenceQueueDaemon, main)
07:11:27.402 INFO: JdwpEventCenterDelegate: THREAD_STARTED: thread (63, FinalizerDaemon, main)
07:11:27.404 INFO: JdwpEventCenterDelegate: THREAD_STARTED: thread (78, FinalizerWatchdogDaemon, main)
07:11:29.467 INFO: JdwpDebugServer: handling req: VirtualMachine(1).IDSizes(7)
07:11:29.471 INFO: JdwpDebugServer: handling req: EventRequest(15).Set(1)
07:11:29.471 INFO: JdwpEventCenterDelegate: jdwpSetEventRequest: JdwpEventRequest{requestId=100, eventKind=CLASS_UNLOAD, suspendPolicy=NONE, predicates=[]}
07:11:29.472 INFO: JdwpDebugServer: handling req: EventRequest(15).Set(1)
07:11:29.472 INFO: JdwpEventCenterDelegate: jdwpSetEventRequest: JdwpEventRequest{requestId=101, eventKind=THREAD_START, suspendPolicy=NONE, predicates=[]}
07:11:29.472 INFO: JdwpDebugServer: handling req: VirtualMachine(1).ClassesBySignature(2)
07:11:29.475 INFO: JdwpDebugServer: handling req: VirtualMachine(1).Version(1)
07:11:29.479 INFO: JdwpDebugServer: handling req: ReferenceType(2).MethodsWithGeneric(15)
07:11:29.485 INFO: JdwpDebugServer: handling req: Method(6).LineTable(1)
07:11:29.487 INFO: JdwpDebugServer: handling req: EventRequest(15).Set(1)
07:11:29.487 INFO: JdwpEventCenterDelegate: jdwpSetEventRequest: JdwpEventRequest{requestId=102, eventKind=BREAKPOINT, suspendPolicy=NONE, predicates=[Location{classId=845, methodId=257, index=928} ]}
07:11:29.488 INFO: JdwpDebugServer: handling req: EventRequest(15).Set(1)
07:11:29.488 INFO: JdwpEventCenterDelegate: jdwpSetEventRequest: JdwpEventRequest{requestId=103, eventKind=THREAD_DEATH, suspendPolicy=NONE, predicates=[]}
07:11:29.489 INFO: JdwpDebugServer: handling req: VirtualMachine(1).AllThreads(4)
07:11:29.489 INFO: JdwpDebugServer: handling req: ThreadReference(11).ThreadGroup(5)
07:11:29.490 INFO: JdwpDebugServer: handling req: ThreadGroup(12).Name(1)
07:11:29.490 INFO: JdwpDebugServer: handling req: ThreadGroup(12).Parent(2)
07:11:29.490 INFO: JdwpDebugServer: handling req: ObjectReference(9).ReferenceType(1)
07:11:29.490 INFO: JdwpDebugServer: handling req: ReferenceType(2).FieldsWithGeneric(14)
07:11:29.492 INFO: JdwpDebugServer: handling req: ReferenceType(2).Interfaces(10)
07:11:29.494 INFO: JdwpDebugServer: handling req: ReferenceType(2).FieldsWithGeneric(14)
07:11:29.495 INFO: JdwpDebugServer: handling req: ReferenceType(2).Interfaces(10)
07:11:29.495 INFO: JdwpDebugServer: handling req: ClassType(3).Superclass(1)
07:11:29.496 INFO: JdwpDebugServer: handling req: ReferenceType(2).FieldsWithGeneric(14)
07:11:29.497 INFO: JdwpDebugServer: handling req: ReferenceType(2).Interfaces(10)
07:11:29.498 INFO: JdwpDebugServer: handling req: ClassType(3).Superclass(1)
07:11:29.498 INFO: JdwpDebugServer: handling req: ObjectReference(9).GetValues(2)
07:11:29.499 INFO: JdwpDebugServer: handling req: ThreadReference(11).Status(4)
07:11:29.500 INFO: JdwpDebugServer: handling req: ThreadReference(11).Status(4)
07:11:29.500 INFO: JdwpDebugServer: handling req: ThreadReference(11).ThreadGroup(5)
07:11:29.500 INFO: JdwpDebugServer: handling req: ObjectReference(9).ReferenceType(1)
07:11:29.501 INFO: JdwpDebugServer: handling req: ObjectReference(9).GetValues(2)
07:11:29.501 INFO: JdwpDebugServer: handling req: ThreadReference(11).Status(4)
07:11:29.501 INFO: JdwpDebugServer: handling req: ThreadReference(11).Status(4)
07:11:29.502 INFO: JdwpDebugServer: handling req: ThreadReference(11).ThreadGroup(5)
07:11:29.502 INFO: JdwpDebugServer: handling req: ObjectReference(9).ReferenceType(1)
07:11:29.502 INFO: JdwpDebugServer: handling req: ObjectReference(9).GetValues(2)
07:11:29.503 INFO: JdwpDebugServer: handling req: ThreadReference(11).Status(4)
07:11:29.503 INFO: JdwpDebugServer: handling req: ThreadReference(11).Status(4)
07:11:29.503 INFO: JdwpDebugServer: handling req: ThreadReference(11).ThreadGroup(5)
07:11:29.503 INFO: JdwpDebugServer: handling req: ObjectReference(9).ReferenceType(1)
07:11:29.503 INFO: JdwpDebugServer: handling req: ObjectReference(9).GetValues(2)
07:11:29.504 INFO: JdwpDebugServer: handling req: ThreadReference(11).Status(4)
07:11:29.505 INFO: JdwpDebugServer: handling req: ThreadReference(11).Status(4)
07:11:29.508 INFO: JdwpDebugServer: handling req: EventRequest(15).Set(1)
07:11:29.509 INFO: JdwpEventCenterDelegate: jdwpSetEventRequest: JdwpEventRequest{requestId=104, eventKind=CLASS_PREPARE, suspendPolicy=EVENT_THREAD, predicates=[className=java.lang.Throwable]}
07:11:29.513 INFO: JdwpDebugServer: handling req: EventRequest(15).Set(1)
07:11:29.513 INFO: JdwpEventCenterDelegate: jdwpSetEventRequest: JdwpEventRequest{requestId=105, eventKind=CLASS_PREPARE, suspendPolicy=EVENT_THREAD, predicates=[className=java.lang.Throwable$*]}
07:11:29.515 INFO: JdwpDebugServer: handling req: VirtualMachine(1).ClassesBySignature(2)
07:11:29.516 INFO: JdwpDebugServer: handling req: ReferenceType(2).MethodsWithGeneric(15)
07:11:29.517 INFO: JdwpDebugServer: handling req: Method(6).LineTable(1)
07:11:29.518 INFO: JdwpDebugServer: handling req: Method(6).LineTable(1)
07:11:29.518 INFO: JdwpDebugServer: handling req: Method(6).LineTable(1)
07:11:29.519 INFO: JdwpDebugServer: handling req: Method(6).LineTable(1)
07:11:29.519 INFO: JdwpDebugServer: handling req: Method(6).LineTable(1)
07:11:29.520 INFO: JdwpDebugServer: handling req: Method(6).LineTable(1)
07:11:29.520 INFO: JdwpDebugServer: handling req: Method(6).LineTable(1)
07:11:29.520 INFO: JdwpDebugServer: handling req: Method(6).LineTable(1)
07:11:29.520 INFO: JdwpDebugServer: handling req: Method(6).LineTable(1)
07:11:29.520 INFO: JdwpDebugServer: handling req: Method(6).LineTable(1)
07:11:29.520 INFO: JdwpDebugServer: handling req: Method(6).LineTable(1)
07:11:29.520 INFO: JdwpDebugServer: handling req: Method(6).LineTable(1)
07:11:29.521 INFO: JdwpDebugServer: handling req: Method(6).LineTable(1)
07:11:29.521 INFO: JdwpDebugServer: handling req: Method(6).LineTable(1)
07:11:29.521 INFO: JdwpDebugServer: handling req: Method(6).LineTable(1)
07:11:29.521 INFO: JdwpDebugServer: handling req: Method(6).LineTable(1)
07:11:29.521 INFO: JdwpDebugServer: handling req: Method(6).LineTable(1)
07:11:29.521 INFO: JdwpDebugServer: handling req: Method(6).LineTable(1)
07:11:29.522 INFO: JdwpDebugServer: handling req: Method(6).LineTable(1)
07:11:29.522 INFO: JdwpDebugServer: handling req: Method(6).LineTable(1)
07:11:29.522 INFO: JdwpDebugServer: handling req: Method(6).LineTable(1)
07:11:29.522 INFO: JdwpDebugServer: handling req: Method(6).LineTable(1)
07:11:29.522 INFO: JdwpDebugServer: handling req: Method(6).LineTable(1)
07:11:29.522 INFO: JdwpDebugServer: handling req: Method(6).LineTable(1)
07:11:29.523 INFO: JdwpDebugServer: handling req: VirtualMachine(1).ClassesBySignature(2)
07:11:29.523 INFO: JdwpDebugServer: handling req: VirtualMachine(1).AllClassesWithGeneric(20)
07:11:29.541 INFO: JdwpDebugServer: handling req: EventRequest(15).Set(1)
07:11:29.541 INFO: JdwpEventCenterDelegate: jdwpSetEventRequest: JdwpEventRequest{requestId=106, eventKind=CLASS_PREPARE, suspendPolicy=EVENT_THREAD, predicates=[className=com.badlogic.gdx.utils.ScreenUtils]}
07:11:29.543 INFO: JdwpDebugServer: handling req: EventRequest(15).Set(1)
07:11:29.543 INFO: JdwpEventCenterDelegate: jdwpSetEventRequest: JdwpEventRequest{requestId=107, eventKind=CLASS_PREPARE, suspendPolicy=EVENT_THREAD, predicates=[className=com.badlogic.gdx.utils.ScreenUtils$*]}
07:11:29.545 INFO: JdwpDebugServer: handling req: VirtualMachine(1).ClassesBySignature(2)
07:11:29.545 INFO: JdwpDebugServer: handling req: ReferenceType(2).MethodsWithGeneric(15)
07:11:29.548 INFO: JdwpDebugServer: handling req: Method(6).LineTable(1)
07:11:29.549 INFO: JdwpDebugServer: handling req: Method(6).LineTable(1)
07:11:29.549 INFO: JdwpDebugServer: handling req: Method(6).LineTable(1)
07:11:29.549 INFO: JdwpDebugServer: handling req: Method(6).LineTable(1)
07:11:29.550 INFO: JdwpDebugServer: handling req: Method(6).LineTable(1)
07:11:29.550 INFO: JdwpDebugServer: handling req: Method(6).LineTable(1)
07:11:29.550 INFO: JdwpDebugServer: handling req: Method(6).LineTable(1)
07:11:29.551 INFO: JdwpDebugServer: handling req: Method(6).LineTable(1)
07:11:29.551 INFO: JdwpDebugServer: handling req: Method(6).LineTable(1)
07:11:29.551 INFO: JdwpDebugServer: handling req: Method(6).LineTable(1)
07:11:29.552 INFO: JdwpDebugServer: handling req: EventRequest(15).Set(1)
07:11:29.552 INFO: JdwpEventCenterDelegate: jdwpSetEventRequest: JdwpEventRequest{requestId=108, eventKind=BREAKPOINT, suspendPolicy=EVENT_THREAD, predicates=[Location{classId=22230, methodId=1272, index=89} ]}
07:11:29.557 INFO: JdwpDebugServer: handling req: EventRequest(15).Set(1)
07:11:29.557 INFO: JdwpEventCenterDelegate: jdwpSetEventRequest: JdwpEventRequest{requestId=109, eventKind=CLASS_PREPARE, suspendPolicy=EVENT_THREAD, predicates=[className=com.badlogic.gdx.utils.ScreenUtils]}
07:11:29.558 INFO: JdwpDebugServer: handling req: EventRequest(15).Set(1)
07:11:29.558 INFO: JdwpEventCenterDelegate: jdwpSetEventRequest: JdwpEventRequest{requestId=110, eventKind=CLASS_PREPARE, suspendPolicy=EVENT_THREAD, predicates=[className=com.badlogic.gdx.utils.ScreenUtils$*]}
07:11:29.559 INFO: JdwpDebugServer: handling req: VirtualMachine(1).ClassesBySignature(2)
07:11:29.560 INFO: JdwpDebugServer: handling req: EventRequest(15).Set(1)
07:11:29.560 INFO: JdwpEventCenterDelegate: jdwpSetEventRequest: JdwpEventRequest{requestId=111, eventKind=BREAKPOINT, suspendPolicy=EVENT_THREAD, predicates=[Location{classId=22230, methodId=1267, index=72} ]}
07:11:29.581 INFO: JdwpDebugServer: handling req: EventRequest(15).Set(1)
07:11:29.581 INFO: JdwpEventCenterDelegate: jdwpSetEventRequest: JdwpEventRequest{requestId=112, eventKind=CLASS_PREPARE, suspendPolicy=EVENT_THREAD, predicates=[className=com.abdalla.bushnaq.pluvia.launcher.DesktopLauncher]}
07:11:29.581 INFO: JdwpDebugServer: handling req: EventRequest(15).Set(1)
07:11:29.581 INFO: JdwpEventCenterDelegate: jdwpSetEventRequest: JdwpEventRequest{requestId=113, eventKind=CLASS_PREPARE, suspendPolicy=EVENT_THREAD, predicates=[className=com.abdalla.bushnaq.pluvia.launcher.DesktopLauncher$*]}
07:11:29.582 INFO: JdwpDebugServer: handling req: VirtualMachine(1).ClassesBySignature(2)
07:11:29.583 INFO: JdwpDebugServer: handling req: EventRequest(15).Set(1)
07:11:29.583 INFO: JdwpEventCenterDelegate: jdwpSetEventRequest: JdwpEventRequest{requestId=114, eventKind=CLASS_PREPARE, suspendPolicy=EVENT_THREAD, predicates=[className=com.abdalla.bushnaq.pluvia.launcher.IOSLauncher]}
07:11:29.584 INFO: JdwpDebugServer: handling req: EventRequest(15).Set(1)
07:11:29.584 INFO: JdwpEventCenterDelegate: jdwpSetEventRequest: JdwpEventRequest{requestId=115, eventKind=CLASS_PREPARE, suspendPolicy=EVENT_THREAD, predicates=[className=com.abdalla.bushnaq.pluvia.launcher.IOSLauncher$*]}
07:11:29.585 INFO: JdwpDebugServer: handling req: VirtualMachine(1).ClassesBySignature(2)
07:11:29.585 INFO: JdwpDebugServer: handling req: ReferenceType(2).MethodsWithGeneric(15)
07:11:29.585 INFO: JdwpDebugServer: handling req: Method(6).LineTable(1)
07:11:29.586 INFO: JdwpDebugServer: handling req: Method(6).LineTable(1)
07:11:29.586 INFO: JdwpDebugServer: handling req: Method(6).LineTable(1)
07:11:29.586 INFO: JdwpDebugServer: handling req: Method(6).LineTable(1)
07:11:29.586 INFO: JdwpDebugServer: handling req: Method(6).LineTable(1)
07:11:29.587 INFO: JdwpDebugServer: handling req: Method(6).LineTable(1)
07:11:29.587 INFO: JdwpDebugServer: handling req: Method(6).LineTable(1)
07:11:29.587 INFO: JdwpDebugServer: handling req: Method(6).LineTable(1)
07:11:29.587 INFO: JdwpDebugServer: handling req: EventRequest(15).Set(1)
07:11:29.587 INFO: JdwpEventCenterDelegate: jdwpSetEventRequest: JdwpEventRequest{requestId=116, eventKind=BREAKPOINT, suspendPolicy=EVENT_THREAD, predicates=[Location{classId=12880, methodId=1307, index=93} ]}
07:11:29.588 INFO: JdwpDebugServer: handling req: EventRequest(15).Set(1)
07:11:29.588 INFO: JdwpEventCenterDelegate: jdwpSetEventRequest: JdwpEventRequest{requestId=117, eventKind=CLASS_PREPARE, suspendPolicy=EVENT_THREAD, predicates=[className=com.abdalla.bushnaq.pluvia.launcher.IOSLauncher]}
07:11:29.589 INFO: JdwpDebugServer: handling req: EventRequest(15).Set(1)
07:11:29.589 INFO: JdwpEventCenterDelegate: jdwpSetEventRequest: JdwpEventRequest{requestId=118, eventKind=CLASS_PREPARE, suspendPolicy=EVENT_THREAD, predicates=[className=com.abdalla.bushnaq.pluvia.launcher.IOSLauncher$*]}
07:11:29.590 INFO: JdwpDebugServer: handling req: VirtualMachine(1).ClassesBySignature(2)
07:11:29.591 INFO: JdwpDebugServer: handling req: EventRequest(15).Set(1)
07:11:29.591 INFO: JdwpEventCenterDelegate: jdwpSetEventRequest: JdwpEventRequest{requestId=119, eventKind=BREAKPOINT, suspendPolicy=EVENT_THREAD, predicates=[Location{classId=12880, methodId=1307, index=91} ]}
07:11:29.591 INFO: JdwpDebugServer: handling req: EventRequest(15).Set(1)
07:11:29.591 INFO: JdwpEventCenterDelegate: jdwpSetEventRequest: JdwpEventRequest{requestId=120, eventKind=CLASS_PREPARE, suspendPolicy=EVENT_THREAD, predicates=[className=com.abdalla.bushnaq.pluvia.launcher.IOSLauncher]}
07:11:29.592 INFO: JdwpDebugServer: handling req: EventRequest(15).Set(1)
07:11:29.592 INFO: JdwpEventCenterDelegate: jdwpSetEventRequest: JdwpEventRequest{requestId=121, eventKind=CLASS_PREPARE, suspendPolicy=EVENT_THREAD, predicates=[className=com.abdalla.bushnaq.pluvia.launcher.IOSLauncher$*]}
07:11:29.594 INFO: JdwpDebugServer: handling req: VirtualMachine(1).ClassesBySignature(2)
07:11:29.594 INFO: JdwpDebugServer: handling req: EventRequest(15).Set(1)
07:11:29.594 INFO: JdwpEventCenterDelegate: jdwpSetEventRequest: JdwpEventRequest{requestId=122, eventKind=BREAKPOINT, suspendPolicy=EVENT_THREAD, predicates=[Location{classId=12880, methodId=1302, index=75} ]}
07:11:29.595 INFO: JdwpDebugServer: handling req: VirtualMachine(1).capabilitiesNew(17)
07:11:29.596 INFO: JdwpDebugServer: handling req: EventRequest(15).Set(1)
07:11:29.596 INFO: JdwpEventCenterDelegate: jdwpSetEventRequest: JdwpEventRequest{requestId=123, eventKind=CLASS_PREPARE, suspendPolicy=EVENT_THREAD, predicates=[className=java.lang.Error]}
07:11:29.598 INFO: JdwpDebugServer: handling req: EventRequest(15).Set(1)
07:11:29.600 INFO: JdwpEventCenterDelegate: jdwpSetEventRequest: JdwpEventRequest{requestId=124, eventKind=CLASS_PREPARE, suspendPolicy=EVENT_THREAD, predicates=[className=java.lang.Error$*]}
07:11:29.602 INFO: JdwpDebugServer: handling req: VirtualMachine(1).ClassesBySignature(2)
07:11:29.603 INFO: JdwpDebugServer: handling req: EventRequest(15).Set(1)
07:11:29.603 INFO: JdwpEventCenterDelegate: jdwpSetEventRequest: JdwpEventRequest{requestId=125, eventKind=EXCEPTION, suspendPolicy=EVENT_THREAD, predicates=[exceptionType=3425(caught=true, uncaught=true)]}
07:11:29.627 INFO: JdwpDebugServer: handling req: EventRequest(15).Set(1)
07:11:29.627 INFO: JdwpEventCenterDelegate: jdwpSetEventRequest: JdwpEventRequest{requestId=126, eventKind=CLASS_PREPARE, suspendPolicy=EVENT_THREAD, predicates=[className=java.lang.Throwable]}
07:11:29.629 INFO: JdwpDebugServer: handling req: EventRequest(15).Set(1)
07:11:29.629 INFO: JdwpEventCenterDelegate: jdwpSetEventRequest: JdwpEventRequest{requestId=127, eventKind=CLASS_PREPARE, suspendPolicy=EVENT_THREAD, predicates=[className=java.lang.Throwable$*]}
07:11:29.630 INFO: JdwpDebugServer: handling req: VirtualMachine(1).ClassesBySignature(2)
07:11:29.631 INFO: JdwpDebugServer: handling req: EventRequest(15).Set(1)
07:11:29.631 INFO: JdwpEventCenterDelegate: jdwpSetEventRequest: JdwpEventRequest{requestId=128, eventKind=EXCEPTION, suspendPolicy=EVENT_THREAD, predicates=[exceptionType=7695(caught=false, uncaught=true)]}
07:11:29.632 INFO: JdwpDebugServer: handling req: ThreadReference(11).SuspendCount(12)
07:11:29.632 INFO: JdwpDebugServer: handling req: ThreadReference(11).SuspendCount(12)
07:11:29.632 INFO: JdwpDebugServer: handling req: ThreadReference(11).SuspendCount(12)
07:11:29.632 INFO: JdwpDebugServer: handling req: ThreadReference(11).SuspendCount(12)
07:11:29.632 INFO: JdwpDebugServer: handling req: VirtualMachine(1).AllThreads(4)
07:11:29.633 INFO: JdwpDebugServer: handling req: VirtualMachine(1).Resume(9)
07:11:29.666 INFO: JdwpDebugServer: handling req: EventRequest(15).Set(1)
07:11:29.666 INFO: JdwpEventCenterDelegate: jdwpSetEventRequest: JdwpEventRequest{requestId=129, eventKind=BREAKPOINT, suspendPolicy=EVENT_THREAD, predicates=[Location{classId=12880, methodId=1307, index=93} ]}
07:11:29.671 INFO: JdwpDebugServer: handling req: EventRequest(15).Set(1)
07:11:29.672 INFO: JdwpEventCenterDelegate: jdwpSetEventRequest: JdwpEventRequest{requestId=130, eventKind=BREAKPOINT, suspendPolicy=EVENT_THREAD, predicates=[Location{classId=12880, methodId=1307, index=91} ]}
07:11:29.674 INFO: JdwpDebugServer: handling req: EventRequest(15).Set(1)
07:11:29.674 INFO: JdwpEventCenterDelegate: jdwpSetEventRequest: JdwpEventRequest{requestId=131, eventKind=BREAKPOINT, suspendPolicy=EVENT_THREAD, predicates=[Location{classId=12880, methodId=1302, index=75} ]}
07:11:29.676 INFO: JdwpDebugServer: handling req: ThreadReference(11).Resume(3)
07:11:29.677 INFO: JdwpEventCenterDelegate: THREAD_RESUMED: thread (33, main, main)
07:11:29.700 INFO: JdwpEventCenterDelegate: THREAD_RESUMED: thread (33, main, main)
07:11:29.701 INFO: JdwpEventCenterDelegate: THREAD_RESUMED: thread (33, main, main)
07:11:29.702 INFO: JdwpEventCenterDelegate: THREAD_RESUMED: thread (33, main, main)
07:11:29.703 INFO: JdwpEventCenterDelegate: THREAD_RESUMED: thread (33, main, main)
07:11:29.704 INFO: JdwpEventCenterDelegate: THREAD_RESUMED: thread (33, main, main)
07:11:29.704 INFO: JdwpEventCenterDelegate: THREAD_RESUMED: thread (33, main, main)
07:11:29.704 INFO: JdwpEventCenterDelegate: THREAD_RESUMED: thread (33, main, main)
07:11:29.706 INFO: JdwpEventCenterDelegate: THREAD_RESUMED: thread (33, main, main)
07:11:29.707 INFO: JdwpEventCenterDelegate: THREAD_RESUMED: thread (33, main, main)
07:11:29.707 INFO: JdwpEventCenterDelegate: THREAD_RESUMED: thread (33, main, main)
07:11:29.707 INFO: JdwpEventCenterDelegate: THREAD_RESUMED: thread (33, main, main)
07:11:29.712 INFO: JdwpEventCenterDelegate: THREAD_RESUMED: thread (33, main, main)
07:11:29.713 INFO: JdwpEventCenterDelegate: THREAD_RESUMED: thread (33, main, main)
07:11:29.713 INFO: JdwpEventCenterDelegate: THREAD_RESUMED: thread (33, main, main)
07:11:29.773 INFO: JdwpEventCenterDelegate: THREAD_RESUMED: thread (33, main, main)
07:11:29.775 INFO: JdwpEventCenterDelegate: THREAD_RESUMED: thread (33, main, main)
07:11:29.775 INFO: JdwpEventCenterDelegate: THREAD_RESUMED: thread (33, main, main)
07:11:29.783 INFO: JdwpEventCenterDelegate: THREAD_RESUMED: thread (33, main, main)
07:11:29.783 INFO: JdwpEventCenterDelegate: THREAD_RESUMED: thread (33, main, main)
07:11:29.784 INFO: JdwpEventCenterDelegate: THREAD_RESUMED: thread (33, main, main)
07:11:30.044 INFO: JdwpEventCenterDelegate: THREAD_RESUMED: thread (33, main, main)
07:11:30.045 INFO: JdwpEventCenterDelegate: THREAD_RESUMED: thread (33, main, main)
07:11:30.046 INFO: JdwpEventCenterDelegate: THREAD_RESUMED: thread (33, main, main)
07:11:30.108 INFO: JdwpEventCenterDelegate: THREAD_RESUMED: thread (33, main, main)
07:11:30.108 INFO: JdwpEventCenterDelegate: THREAD_RESUMED: thread (33, main, main)
07:11:30.109 INFO: JdwpEventCenterDelegate: THREAD_RESUMED: thread (33, main, main)
07:11:30.125 INFO: JdwpDebugServer: handling req: ThreadReference(11).Name(1)
07:11:30.127 INFO: JdwpDebugServer: handling req: ThreadReference(11).Name(1)
07:11:30.128 INFO: JdwpDebugServer: handling req: ThreadReference(11).Name(1)
07:11:30.128 INFO: JdwpDebugServer: handling req: ThreadReference(11).Name(1)
07:11:30.138 INFO: JdwpEventCenterDelegate: THREAD_RESUMED: thread (33, main, main)
07:11:30.138 INFO: JdwpEventCenterDelegate: THREAD_RESUMED: thread (33, main, main)
07:11:30.139 INFO: JdwpEventCenterDelegate: THREAD_RESUMED: thread (33, main, main)
07:11:30.161 INFO: JdwpEventCenterDelegate: THREAD_RESUMED: thread (33, main, main)
07:11:30.161 INFO: JdwpEventCenterDelegate: THREAD_RESUMED: thread (33, main, main)
07:11:30.162 INFO: JdwpEventCenterDelegate: THREAD_RESUMED: thread (33, main, main)
07:11:30.162 INFO: JdwpEventCenterDelegate: THREAD_RESUMED: thread (33, main, main)
07:11:30.170 INFO: JdwpEventCenterDelegate: THREAD_RESUMED: thread (33, main, main)
07:11:30.170 INFO: JdwpEventCenterDelegate: THREAD_RESUMED: thread (33, main, main)
07:11:30.651 INFO: JdwpEventCenterDelegate: THREAD_RESUMED: thread (33, main, main)
07:11:30.651 INFO: JdwpEventCenterDelegate: THREAD_RESUMED: thread (33, main, main)
07:11:30.669 INFO: JdwpEventCenterDelegate: THREAD_RESUMED: thread (33, main, main)
07:11:30.670 INFO: JdwpEventCenterDelegate: THREAD_RESUMED: thread (33, main, main)
07:11:30.671 INFO: JdwpEventCenterDelegate: THREAD_RESUMED: thread (33, main, main)
07:11:30.671 INFO: JdwpEventCenterDelegate: THREAD_RESUMED: thread (33, main, main)
07:11:30.747 INFO: JdwpEventCenterDelegate: THREAD_RESUMED: thread (33, main, main)
07:11:30.903 INFO: JdwpEventCenterDelegate: THREAD_RESUMED: thread (33, main, main)
07:11:30.926 SEVERE: Debugger: Thread HooksChannel socket thread crashed
org.robovm.debugger.DebuggerException: java.nio.BufferUnderflowException
	at org.robovm.debugger.hooks.HooksChannel.doSocketWork(HooksChannel.java:149)
	at java.base/java.lang.Thread.run(Thread.java:833)
	at org.robovm.debugger.utils.DebuggerThread.run(DebuggerThread.java:42)
Caused by: java.nio.BufferUnderflowException
	at org.robovm.debugger.utils.bytebuffer.DataBufferWriter.writeFromStream(DataBufferWriter.java:91)
	at org.robovm.debugger.hooks.HooksChannel.doSocketWork(HooksChannel.java:116)
	... 2 more
07:11:31.447 SEVERE: Debugger: Thread JDWP server socket thread crashed
org.robovm.debugger.DebuggerException: java.net.SocketException: Socket closed
	at org.robovm.debugger.jdwp.JdwpDebugServer.doSocketWork(JdwpDebugServer.java:215)
	at java.base/java.lang.Thread.run(Thread.java:833)
	at org.robovm.debugger.utils.DebuggerThread.run(DebuggerThread.java:42)
Caused by: java.net.SocketException: Socket closed
	at java.base/sun.nio.ch.NioSocketImpl.endRead(NioSocketImpl.java:248)
	at java.base/sun.nio.ch.NioSocketImpl.implRead(NioSocketImpl.java:327)
	at java.base/sun.nio.ch.NioSocketImpl.read(NioSocketImpl.java:350)
	at java.base/sun.nio.ch.NioSocketImpl$1.read(NioSocketImpl.java:803)
	at java.base/java.net.Socket$SocketInputStream.read(Socket.java:966)
	at org.robovm.debugger.utils.bytebuffer.DataBufferWriter.writeFromStream(DataBufferWriter.java:89)
	at org.robovm.debugger.jdwp.protocol.JdwpRequestHeader.readFromStream(JdwpRequestHeader.java:36)
	at org.robovm.debugger.jdwp.JdwpDebugServer.doSocketWork(JdwpDebugServer.java:185)
	... 2 more
