10:38:29.338 INFO: JdwpEventCenterDelegate: THREAD_STARTED: thread (33, main, main)
10:38:29.423 INFO: JdwpEventCenterDelegate: THREAD_STARTED: thread (48, ReferenceQueueDaemon, main)
10:38:29.424 INFO: JdwpEventCenterDelegate: THREAD_STARTED: thread (63, FinalizerDaemon, main)
10:38:29.424 INFO: JdwpEventCenterDelegate: THREAD_STARTED: thread (78, FinalizerWatchdogDaemon, main)
10:38:31.085 INFO: JdwpDebugServer: handling req: VirtualMachine(1).IDSizes(7)
10:38:31.087 INFO: JdwpDebugServer: handling req: EventRequest(15).Set(1)
10:38:31.089 INFO: JdwpEventCenterDelegate: jdwpSetEventRequest: JdwpEventRequest{requestId=100, eventKind=CLASS_UNLOAD, suspendPolicy=NONE, predicates=[]}
10:38:31.090 INFO: JdwpDebugServer: handling req: EventRequest(15).Set(1)
10:38:31.090 INFO: JdwpEventCenterDelegate: jdwpSetEventRequest: JdwpEventRequest{requestId=101, eventKind=THREAD_START, suspendPolicy=NONE, predicates=[]}
10:38:31.092 INFO: JdwpDebugServer: handling req: VirtualMachine(1).ClassesBySignature(2)
10:38:31.093 INFO: JdwpDebugServer: handling req: VirtualMachine(1).Version(1)
10:38:31.095 INFO: JdwpDebugServer: handling req: ReferenceType(2).MethodsWithGeneric(15)
10:38:31.106 INFO: JdwpDebugServer: handling req: Method(6).LineTable(1)
10:38:31.107 INFO: JdwpDebugServer: handling req: EventRequest(15).Set(1)
10:38:31.108 INFO: JdwpEventCenterDelegate: jdwpSetEventRequest: JdwpEventRequest{requestId=102, eventKind=BREAKPOINT, suspendPolicy=NONE, predicates=[Location{classId=845, methodId=257, index=928} ]}
10:38:31.109 INFO: JdwpDebugServer: handling req: EventRequest(15).Set(1)
10:38:31.109 INFO: JdwpEventCenterDelegate: jdwpSetEventRequest: JdwpEventRequest{requestId=103, eventKind=THREAD_DEATH, suspendPolicy=NONE, predicates=[]}
10:38:31.109 INFO: JdwpDebugServer: handling req: VirtualMachine(1).AllThreads(4)
10:38:31.110 INFO: JdwpDebugServer: handling req: ThreadReference(11).ThreadGroup(5)
10:38:31.111 INFO: JdwpDebugServer: handling req: ThreadGroup(12).Name(1)
10:38:31.111 INFO: JdwpDebugServer: handling req: ThreadGroup(12).Parent(2)
10:38:31.111 INFO: JdwpDebugServer: handling req: ObjectReference(9).ReferenceType(1)
10:38:31.112 INFO: JdwpDebugServer: handling req: ReferenceType(2).FieldsWithGeneric(14)
10:38:31.113 INFO: JdwpDebugServer: handling req: ReferenceType(2).Interfaces(10)
10:38:31.113 INFO: JdwpDebugServer: handling req: ReferenceType(2).FieldsWithGeneric(14)
10:38:31.114 INFO: JdwpDebugServer: handling req: ReferenceType(2).Interfaces(10)
10:38:31.114 INFO: JdwpDebugServer: handling req: ClassType(3).Superclass(1)
10:38:31.114 INFO: JdwpDebugServer: handling req: ReferenceType(2).FieldsWithGeneric(14)
10:38:31.115 INFO: JdwpDebugServer: handling req: ReferenceType(2).Interfaces(10)
10:38:31.115 INFO: JdwpDebugServer: handling req: ClassType(3).Superclass(1)
10:38:31.116 INFO: JdwpDebugServer: handling req: ObjectReference(9).GetValues(2)
10:38:31.117 INFO: JdwpDebugServer: handling req: ThreadReference(11).Status(4)
10:38:31.118 INFO: JdwpDebugServer: handling req: ThreadReference(11).Status(4)
10:38:31.118 INFO: JdwpDebugServer: handling req: ThreadReference(11).ThreadGroup(5)
10:38:31.119 INFO: JdwpDebugServer: handling req: ObjectReference(9).ReferenceType(1)
10:38:31.119 INFO: JdwpDebugServer: handling req: ObjectReference(9).GetValues(2)
10:38:31.120 INFO: JdwpDebugServer: handling req: ThreadReference(11).Status(4)
10:38:31.120 INFO: JdwpDebugServer: handling req: ThreadReference(11).Status(4)
10:38:31.120 INFO: JdwpDebugServer: handling req: ThreadReference(11).ThreadGroup(5)
10:38:31.120 INFO: JdwpDebugServer: handling req: ObjectReference(9).ReferenceType(1)
10:38:31.120 INFO: JdwpDebugServer: handling req: ObjectReference(9).GetValues(2)
10:38:31.121 INFO: JdwpDebugServer: handling req: ThreadReference(11).Status(4)
10:38:31.121 INFO: JdwpDebugServer: handling req: ThreadReference(11).Status(4)
10:38:31.121 INFO: JdwpDebugServer: handling req: ThreadReference(11).ThreadGroup(5)
10:38:31.121 INFO: JdwpDebugServer: handling req: ObjectReference(9).ReferenceType(1)
10:38:31.121 INFO: JdwpDebugServer: handling req: ObjectReference(9).GetValues(2)
10:38:31.122 INFO: JdwpDebugServer: handling req: ThreadReference(11).Status(4)
10:38:31.122 INFO: JdwpDebugServer: handling req: ThreadReference(11).Status(4)
10:38:31.125 INFO: JdwpDebugServer: handling req: EventRequest(15).Set(1)
10:38:31.125 INFO: JdwpEventCenterDelegate: jdwpSetEventRequest: JdwpEventRequest{requestId=104, eventKind=CLASS_PREPARE, suspendPolicy=EVENT_THREAD, predicates=[className=java.lang.Throwable]}
10:38:31.133 INFO: JdwpDebugServer: handling req: EventRequest(15).Set(1)
10:38:31.133 INFO: JdwpEventCenterDelegate: jdwpSetEventRequest: JdwpEventRequest{requestId=105, eventKind=CLASS_PREPARE, suspendPolicy=EVENT_THREAD, predicates=[className=java.lang.Throwable$*]}
10:38:31.134 INFO: JdwpDebugServer: handling req: VirtualMachine(1).ClassesBySignature(2)
10:38:31.135 INFO: JdwpDebugServer: handling req: ReferenceType(2).MethodsWithGeneric(15)
10:38:31.136 INFO: JdwpDebugServer: handling req: Method(6).LineTable(1)
10:38:31.136 INFO: JdwpDebugServer: handling req: Method(6).LineTable(1)
10:38:31.136 INFO: JdwpDebugServer: handling req: Method(6).LineTable(1)
10:38:31.136 INFO: JdwpDebugServer: handling req: Method(6).LineTable(1)
10:38:31.136 INFO: JdwpDebugServer: handling req: Method(6).LineTable(1)
10:38:31.137 INFO: JdwpDebugServer: handling req: Method(6).LineTable(1)
10:38:31.137 INFO: JdwpDebugServer: handling req: Method(6).LineTable(1)
10:38:31.137 INFO: JdwpDebugServer: handling req: Method(6).LineTable(1)
10:38:31.137 INFO: JdwpDebugServer: handling req: Method(6).LineTable(1)
10:38:31.137 INFO: JdwpDebugServer: handling req: Method(6).LineTable(1)
10:38:31.137 INFO: JdwpDebugServer: handling req: Method(6).LineTable(1)
10:38:31.137 INFO: JdwpDebugServer: handling req: Method(6).LineTable(1)
10:38:31.137 INFO: JdwpDebugServer: handling req: Method(6).LineTable(1)
10:38:31.137 INFO: JdwpDebugServer: handling req: Method(6).LineTable(1)
10:38:31.138 INFO: JdwpDebugServer: handling req: Method(6).LineTable(1)
10:38:31.138 INFO: JdwpDebugServer: handling req: Method(6).LineTable(1)
10:38:31.138 INFO: JdwpDebugServer: handling req: Method(6).LineTable(1)
10:38:31.138 INFO: JdwpDebugServer: handling req: Method(6).LineTable(1)
10:38:31.138 INFO: JdwpDebugServer: handling req: Method(6).LineTable(1)
10:38:31.138 INFO: JdwpDebugServer: handling req: Method(6).LineTable(1)
10:38:31.138 INFO: JdwpDebugServer: handling req: Method(6).LineTable(1)
10:38:31.138 INFO: JdwpDebugServer: handling req: Method(6).LineTable(1)
10:38:31.138 INFO: JdwpDebugServer: handling req: Method(6).LineTable(1)
10:38:31.139 INFO: JdwpDebugServer: handling req: Method(6).LineTable(1)
10:38:31.139 INFO: JdwpDebugServer: handling req: VirtualMachine(1).ClassesBySignature(2)
10:38:31.139 INFO: JdwpDebugServer: handling req: VirtualMachine(1).AllClassesWithGeneric(20)
10:38:31.155 INFO: JdwpDebugServer: handling req: EventRequest(15).Set(1)
10:38:31.155 INFO: JdwpEventCenterDelegate: jdwpSetEventRequest: JdwpEventRequest{requestId=106, eventKind=CLASS_PREPARE, suspendPolicy=EVENT_THREAD, predicates=[className=com.badlogic.gdx.utils.ScreenUtils]}
10:38:31.157 INFO: JdwpDebugServer: handling req: EventRequest(15).Set(1)
10:38:31.158 INFO: JdwpEventCenterDelegate: jdwpSetEventRequest: JdwpEventRequest{requestId=107, eventKind=CLASS_PREPARE, suspendPolicy=EVENT_THREAD, predicates=[className=com.badlogic.gdx.utils.ScreenUtils$*]}
10:38:31.159 INFO: JdwpDebugServer: handling req: VirtualMachine(1).ClassesBySignature(2)
10:38:31.159 INFO: JdwpDebugServer: handling req: ReferenceType(2).MethodsWithGeneric(15)
10:38:31.159 INFO: JdwpDebugServer: handling req: Method(6).LineTable(1)
10:38:31.159 INFO: JdwpDebugServer: handling req: Method(6).LineTable(1)
10:38:31.160 INFO: JdwpDebugServer: handling req: Method(6).LineTable(1)
10:38:31.160 INFO: JdwpDebugServer: handling req: Method(6).LineTable(1)
10:38:31.160 INFO: JdwpDebugServer: handling req: Method(6).LineTable(1)
10:38:31.160 INFO: JdwpDebugServer: handling req: Method(6).LineTable(1)
10:38:31.160 INFO: JdwpDebugServer: handling req: Method(6).LineTable(1)
10:38:31.161 INFO: JdwpDebugServer: handling req: Method(6).LineTable(1)
10:38:31.161 INFO: JdwpDebugServer: handling req: Method(6).LineTable(1)
10:38:31.161 INFO: JdwpDebugServer: handling req: Method(6).LineTable(1)
10:38:31.161 INFO: JdwpDebugServer: handling req: EventRequest(15).Set(1)
10:38:31.161 INFO: JdwpEventCenterDelegate: jdwpSetEventRequest: JdwpEventRequest{requestId=108, eventKind=BREAKPOINT, suspendPolicy=EVENT_THREAD, predicates=[Location{classId=22240, methodId=1272, index=89} ]}
10:38:31.164 INFO: JdwpDebugServer: handling req: EventRequest(15).Set(1)
10:38:31.164 INFO: JdwpEventCenterDelegate: jdwpSetEventRequest: JdwpEventRequest{requestId=109, eventKind=CLASS_PREPARE, suspendPolicy=EVENT_THREAD, predicates=[className=com.badlogic.gdx.utils.ScreenUtils]}
10:38:31.165 INFO: JdwpDebugServer: handling req: EventRequest(15).Set(1)
10:38:31.165 INFO: JdwpEventCenterDelegate: jdwpSetEventRequest: JdwpEventRequest{requestId=110, eventKind=CLASS_PREPARE, suspendPolicy=EVENT_THREAD, predicates=[className=com.badlogic.gdx.utils.ScreenUtils$*]}
10:38:31.166 INFO: JdwpDebugServer: handling req: VirtualMachine(1).ClassesBySignature(2)
10:38:31.166 INFO: JdwpDebugServer: handling req: EventRequest(15).Set(1)
10:38:31.166 INFO: JdwpEventCenterDelegate: jdwpSetEventRequest: JdwpEventRequest{requestId=111, eventKind=BREAKPOINT, suspendPolicy=EVENT_THREAD, predicates=[Location{classId=22240, methodId=1267, index=72} ]}
10:38:31.167 INFO: JdwpDebugServer: handling req: EventRequest(15).Set(1)
10:38:31.167 INFO: JdwpEventCenterDelegate: jdwpSetEventRequest: JdwpEventRequest{requestId=112, eventKind=CLASS_PREPARE, suspendPolicy=EVENT_THREAD, predicates=[className=com.badlogic.gdx.graphics.g2d.PolygonSpriteBatch]}
10:38:31.167 INFO: JdwpDebugServer: handling req: EventRequest(15).Set(1)
10:38:31.167 INFO: JdwpEventCenterDelegate: jdwpSetEventRequest: JdwpEventRequest{requestId=113, eventKind=CLASS_PREPARE, suspendPolicy=EVENT_THREAD, predicates=[className=com.badlogic.gdx.graphics.g2d.PolygonSpriteBatch$*]}
10:38:31.168 INFO: JdwpDebugServer: handling req: VirtualMachine(1).ClassesBySignature(2)
10:38:31.168 INFO: JdwpDebugServer: handling req: ReferenceType(2).MethodsWithGeneric(15)
10:38:31.169 INFO: JdwpDebugServer: handling req: Method(6).LineTable(1)
10:38:31.169 INFO: JdwpDebugServer: handling req: Method(6).LineTable(1)
10:38:31.169 INFO: JdwpDebugServer: handling req: Method(6).LineTable(1)
10:38:31.169 INFO: JdwpDebugServer: handling req: Method(6).LineTable(1)
10:38:31.169 INFO: JdwpDebugServer: handling req: Method(6).LineTable(1)
10:38:31.169 INFO: JdwpDebugServer: handling req: Method(6).LineTable(1)
10:38:31.169 INFO: JdwpDebugServer: handling req: Method(6).LineTable(1)
10:38:31.169 INFO: JdwpDebugServer: handling req: Method(6).LineTable(1)
10:38:31.170 INFO: JdwpDebugServer: handling req: Method(6).LineTable(1)
10:38:31.170 INFO: JdwpDebugServer: handling req: Method(6).LineTable(1)
10:38:31.170 INFO: JdwpDebugServer: handling req: Method(6).LineTable(1)
10:38:31.170 INFO: JdwpDebugServer: handling req: Method(6).LineTable(1)
10:38:31.170 INFO: JdwpDebugServer: handling req: Method(6).LineTable(1)
10:38:31.170 INFO: JdwpDebugServer: handling req: Method(6).LineTable(1)
10:38:31.170 INFO: JdwpDebugServer: handling req: Method(6).LineTable(1)
10:38:31.170 INFO: JdwpDebugServer: handling req: Method(6).LineTable(1)
10:38:31.170 INFO: JdwpDebugServer: handling req: Method(6).LineTable(1)
10:38:31.170 INFO: JdwpDebugServer: handling req: Method(6).LineTable(1)
10:38:31.171 INFO: JdwpDebugServer: handling req: Method(6).LineTable(1)
10:38:31.171 INFO: JdwpDebugServer: handling req: Method(6).LineTable(1)
10:38:31.171 INFO: JdwpDebugServer: handling req: Method(6).LineTable(1)
10:38:31.171 INFO: JdwpDebugServer: handling req: Method(6).LineTable(1)
10:38:31.172 INFO: JdwpDebugServer: handling req: Method(6).LineTable(1)
10:38:31.172 INFO: JdwpDebugServer: handling req: Method(6).LineTable(1)
10:38:31.172 INFO: JdwpDebugServer: handling req: Method(6).LineTable(1)
10:38:31.172 INFO: JdwpDebugServer: handling req: Method(6).LineTable(1)
10:38:31.173 INFO: JdwpDebugServer: handling req: Method(6).LineTable(1)
10:38:31.173 INFO: JdwpDebugServer: handling req: Method(6).LineTable(1)
10:38:31.173 INFO: JdwpDebugServer: handling req: Method(6).LineTable(1)
10:38:31.173 INFO: JdwpDebugServer: handling req: Method(6).LineTable(1)
10:38:31.173 INFO: JdwpDebugServer: handling req: Method(6).LineTable(1)
10:38:31.173 INFO: JdwpDebugServer: handling req: Method(6).LineTable(1)
10:38:31.174 INFO: JdwpDebugServer: handling req: Method(6).LineTable(1)
10:38:31.174 INFO: JdwpDebugServer: handling req: Method(6).LineTable(1)
10:38:31.174 INFO: JdwpDebugServer: handling req: Method(6).LineTable(1)
10:38:31.174 INFO: JdwpDebugServer: handling req: Method(6).LineTable(1)
10:38:31.174 INFO: JdwpDebugServer: handling req: Method(6).LineTable(1)
10:38:31.175 INFO: JdwpDebugServer: handling req: Method(6).LineTable(1)
10:38:31.175 INFO: JdwpDebugServer: handling req: Method(6).LineTable(1)
10:38:31.175 INFO: JdwpDebugServer: handling req: Method(6).LineTable(1)
10:38:31.175 INFO: JdwpDebugServer: handling req: Method(6).LineTable(1)
10:38:31.175 INFO: JdwpDebugServer: handling req: Method(6).LineTable(1)
10:38:31.175 INFO: JdwpDebugServer: handling req: Method(6).LineTable(1)
10:38:31.175 INFO: JdwpDebugServer: handling req: Method(6).LineTable(1)
10:38:31.175 INFO: JdwpDebugServer: handling req: Method(6).LineTable(1)
10:38:31.175 INFO: JdwpDebugServer: handling req: Method(6).LineTable(1)
10:38:31.175 INFO: JdwpDebugServer: handling req: Method(6).LineTable(1)
10:38:31.176 INFO: JdwpDebugServer: handling req: EventRequest(15).Set(1)
10:38:31.176 INFO: JdwpEventCenterDelegate: jdwpSetEventRequest: JdwpEventRequest{requestId=114, eventKind=BREAKPOINT, suspendPolicy=EVENT_THREAD, predicates=[Location{classId=15500, methodId=1307, index=142} ]}
10:38:31.176 INFO: JdwpDebugServer: handling req: EventRequest(15).Set(1)
10:38:31.176 INFO: JdwpEventCenterDelegate: jdwpSetEventRequest: JdwpEventRequest{requestId=115, eventKind=CLASS_PREPARE, suspendPolicy=EVENT_THREAD, predicates=[className=com.badlogic.gdx.graphics.g2d.SpriteBatch]}
10:38:31.177 INFO: JdwpDebugServer: handling req: EventRequest(15).Set(1)
10:38:31.177 INFO: JdwpEventCenterDelegate: jdwpSetEventRequest: JdwpEventRequest{requestId=116, eventKind=CLASS_PREPARE, suspendPolicy=EVENT_THREAD, predicates=[className=com.badlogic.gdx.graphics.g2d.SpriteBatch$*]}
10:38:31.178 INFO: JdwpDebugServer: handling req: VirtualMachine(1).ClassesBySignature(2)
10:38:31.178 INFO: JdwpDebugServer: handling req: ReferenceType(2).MethodsWithGeneric(15)
10:38:31.179 INFO: JdwpDebugServer: handling req: Method(6).LineTable(1)
10:38:31.179 INFO: JdwpDebugServer: handling req: Method(6).LineTable(1)
10:38:31.179 INFO: JdwpDebugServer: handling req: Method(6).LineTable(1)
10:38:31.179 INFO: JdwpDebugServer: handling req: Method(6).LineTable(1)
10:38:31.179 INFO: JdwpDebugServer: handling req: Method(6).LineTable(1)
10:38:31.179 INFO: JdwpDebugServer: handling req: Method(6).LineTable(1)
10:38:31.179 INFO: JdwpDebugServer: handling req: Method(6).LineTable(1)
10:38:31.179 INFO: JdwpDebugServer: handling req: Method(6).LineTable(1)
10:38:31.179 INFO: JdwpDebugServer: handling req: Method(6).LineTable(1)
10:38:31.179 INFO: JdwpDebugServer: handling req: Method(6).LineTable(1)
10:38:31.180 INFO: JdwpDebugServer: handling req: Method(6).LineTable(1)
10:38:31.180 INFO: JdwpDebugServer: handling req: Method(6).LineTable(1)
10:38:31.180 INFO: JdwpDebugServer: handling req: Method(6).LineTable(1)
10:38:31.180 INFO: JdwpDebugServer: handling req: Method(6).LineTable(1)
10:38:31.180 INFO: JdwpDebugServer: handling req: Method(6).LineTable(1)
10:38:31.180 INFO: JdwpDebugServer: handling req: Method(6).LineTable(1)
10:38:31.180 INFO: JdwpDebugServer: handling req: Method(6).LineTable(1)
10:38:31.180 INFO: JdwpDebugServer: handling req: Method(6).LineTable(1)
10:38:31.180 INFO: JdwpDebugServer: handling req: Method(6).LineTable(1)
10:38:31.180 INFO: JdwpDebugServer: handling req: Method(6).LineTable(1)
10:38:31.180 INFO: JdwpDebugServer: handling req: Method(6).LineTable(1)
10:38:31.181 INFO: JdwpDebugServer: handling req: Method(6).LineTable(1)
10:38:31.181 INFO: JdwpDebugServer: handling req: Method(6).LineTable(1)
10:38:31.181 INFO: JdwpDebugServer: handling req: Method(6).LineTable(1)
10:38:31.181 INFO: JdwpDebugServer: handling req: Method(6).LineTable(1)
10:38:31.181 INFO: JdwpDebugServer: handling req: Method(6).LineTable(1)
10:38:31.181 INFO: JdwpDebugServer: handling req: Method(6).LineTable(1)
10:38:31.181 INFO: JdwpDebugServer: handling req: Method(6).LineTable(1)
10:38:31.181 INFO: JdwpDebugServer: handling req: Method(6).LineTable(1)
10:38:31.181 INFO: JdwpDebugServer: handling req: Method(6).LineTable(1)
10:38:31.181 INFO: JdwpDebugServer: handling req: Method(6).LineTable(1)
10:38:31.182 INFO: JdwpDebugServer: handling req: Method(6).LineTable(1)
10:38:31.182 INFO: JdwpDebugServer: handling req: Method(6).LineTable(1)
10:38:31.182 INFO: JdwpDebugServer: handling req: Method(6).LineTable(1)
10:38:31.182 INFO: JdwpDebugServer: handling req: Method(6).LineTable(1)
10:38:31.182 INFO: JdwpDebugServer: handling req: Method(6).LineTable(1)
10:38:31.182 INFO: JdwpDebugServer: handling req: Method(6).LineTable(1)
10:38:31.182 INFO: JdwpDebugServer: handling req: Method(6).LineTable(1)
10:38:31.182 INFO: JdwpDebugServer: handling req: Method(6).LineTable(1)
10:38:31.182 INFO: JdwpDebugServer: handling req: Method(6).LineTable(1)
10:38:31.182 INFO: JdwpDebugServer: handling req: Method(6).LineTable(1)
10:38:31.182 INFO: JdwpDebugServer: handling req: Method(6).LineTable(1)
10:38:31.183 INFO: JdwpDebugServer: handling req: Method(6).LineTable(1)
10:38:31.183 INFO: JdwpDebugServer: handling req: Method(6).LineTable(1)
10:38:31.183 INFO: JdwpDebugServer: handling req: EventRequest(15).Set(1)
10:38:31.183 INFO: JdwpEventCenterDelegate: jdwpSetEventRequest: JdwpEventRequest{requestId=117, eventKind=BREAKPOINT, suspendPolicy=EVENT_THREAD, predicates=[Location{classId=18040, methodId=1542, index=163} ]}
10:38:31.183 INFO: JdwpDebugServer: handling req: EventRequest(15).Set(1)
10:38:31.183 INFO: JdwpEventCenterDelegate: jdwpSetEventRequest: JdwpEventRequest{requestId=118, eventKind=CLASS_PREPARE, suspendPolicy=EVENT_THREAD, predicates=[className=com.badlogic.gdx.graphics.g2d.PolygonSpriteBatch]}
10:38:31.185 INFO: JdwpDebugServer: handling req: EventRequest(15).Set(1)
10:38:31.185 INFO: JdwpEventCenterDelegate: jdwpSetEventRequest: JdwpEventRequest{requestId=119, eventKind=CLASS_PREPARE, suspendPolicy=EVENT_THREAD, predicates=[className=com.badlogic.gdx.graphics.g2d.PolygonSpriteBatch$*]}
10:38:31.186 INFO: JdwpDebugServer: handling req: VirtualMachine(1).ClassesBySignature(2)
10:38:31.186 INFO: JdwpDebugServer: handling req: EventRequest(15).Set(1)
10:38:31.186 INFO: JdwpEventCenterDelegate: jdwpSetEventRequest: JdwpEventRequest{requestId=120, eventKind=BREAKPOINT, suspendPolicy=EVENT_THREAD, predicates=[Location{classId=15500, methodId=1307, index=141} ]}
10:38:31.187 INFO: JdwpDebugServer: handling req: EventRequest(15).Set(1)
10:38:31.187 INFO: JdwpEventCenterDelegate: jdwpSetEventRequest: JdwpEventRequest{requestId=121, eventKind=CLASS_PREPARE, suspendPolicy=EVENT_THREAD, predicates=[className=com.scottlogic.util.GL32CMacIssueHandler]}
10:38:31.188 INFO: JdwpDebugServer: handling req: EventRequest(15).Set(1)
10:38:31.188 INFO: JdwpEventCenterDelegate: jdwpSetEventRequest: JdwpEventRequest{requestId=122, eventKind=CLASS_PREPARE, suspendPolicy=EVENT_THREAD, predicates=[className=com.scottlogic.util.GL32CMacIssueHandler$*]}
10:38:31.189 INFO: JdwpDebugServer: handling req: VirtualMachine(1).ClassesBySignature(2)
10:38:31.189 INFO: JdwpDebugServer: handling req: ReferenceType(2).MethodsWithGeneric(15)
10:38:31.189 INFO: JdwpDebugServer: handling req: Method(6).LineTable(1)
10:38:31.189 INFO: JdwpDebugServer: handling req: Method(6).LineTable(1)
10:38:31.190 INFO: JdwpDebugServer: handling req: Method(6).LineTable(1)
10:38:31.190 INFO: JdwpDebugServer: handling req: Method(6).LineTable(1)
10:38:31.190 INFO: JdwpDebugServer: handling req: Method(6).LineTable(1)
10:38:31.190 INFO: JdwpDebugServer: handling req: EventRequest(15).Set(1)
10:38:31.190 INFO: JdwpEventCenterDelegate: jdwpSetEventRequest: JdwpEventRequest{requestId=123, eventKind=BREAKPOINT, suspendPolicy=EVENT_THREAD, predicates=[Location{classId=21445, methodId=1762, index=128} ]}
10:38:31.191 INFO: JdwpDebugServer: handling req: EventRequest(15).Set(1)
10:38:31.191 INFO: JdwpEventCenterDelegate: jdwpSetEventRequest: JdwpEventRequest{requestId=124, eventKind=CLASS_PREPARE, suspendPolicy=EVENT_THREAD, predicates=[className=com.scottlogic.util.ShaderProgramFactory]}
10:38:31.195 INFO: JdwpDebugServer: handling req: EventRequest(15).Set(1)
10:38:31.195 INFO: JdwpEventCenterDelegate: jdwpSetEventRequest: JdwpEventRequest{requestId=125, eventKind=CLASS_PREPARE, suspendPolicy=EVENT_THREAD, predicates=[className=com.scottlogic.util.ShaderProgramFactory$*]}
10:38:31.198 INFO: JdwpDebugServer: handling req: VirtualMachine(1).ClassesBySignature(2)
10:38:31.198 INFO: JdwpDebugServer: handling req: ReferenceType(2).MethodsWithGeneric(15)
10:38:31.198 INFO: JdwpDebugServer: handling req: Method(6).LineTable(1)
10:38:31.199 INFO: JdwpDebugServer: handling req: Method(6).LineTable(1)
10:38:31.199 INFO: JdwpDebugServer: handling req: Method(6).LineTable(1)
10:38:31.199 INFO: JdwpDebugServer: handling req: Method(6).LineTable(1)
10:38:31.199 INFO: JdwpDebugServer: handling req: Method(6).LineTable(1)
10:38:31.199 INFO: JdwpDebugServer: handling req: EventRequest(15).Set(1)
10:38:31.199 INFO: JdwpEventCenterDelegate: jdwpSetEventRequest: JdwpEventRequest{requestId=126, eventKind=BREAKPOINT, suspendPolicy=EVENT_THREAD, predicates=[Location{classId=20400, methodId=1787, index=106} ]}
10:38:31.201 INFO: JdwpDebugServer: handling req: VirtualMachine(1).capabilitiesNew(17)
10:38:31.208 INFO: JdwpDebugServer: handling req: EventRequest(15).Set(1)
10:38:31.209 INFO: JdwpEventCenterDelegate: jdwpSetEventRequest: JdwpEventRequest{requestId=127, eventKind=CLASS_PREPARE, suspendPolicy=EVENT_THREAD, predicates=[className=java.lang.Error]}
10:38:31.211 INFO: JdwpDebugServer: handling req: EventRequest(15).Set(1)
10:38:31.211 INFO: JdwpEventCenterDelegate: jdwpSetEventRequest: JdwpEventRequest{requestId=128, eventKind=CLASS_PREPARE, suspendPolicy=EVENT_THREAD, predicates=[className=java.lang.Error$*]}
10:38:31.213 INFO: JdwpDebugServer: handling req: VirtualMachine(1).ClassesBySignature(2)
10:38:31.213 INFO: JdwpDebugServer: handling req: EventRequest(15).Set(1)
10:38:31.214 INFO: JdwpEventCenterDelegate: jdwpSetEventRequest: JdwpEventRequest{requestId=129, eventKind=EXCEPTION, suspendPolicy=EVENT_THREAD, predicates=[exceptionType=3425(caught=true, uncaught=true)]}
10:38:31.271 INFO: JdwpDebugServer: handling req: EventRequest(15).Set(1)
10:38:31.271 INFO: JdwpEventCenterDelegate: jdwpSetEventRequest: JdwpEventRequest{requestId=130, eventKind=CLASS_PREPARE, suspendPolicy=EVENT_THREAD, predicates=[className=java.lang.Throwable]}
10:38:31.272 INFO: JdwpDebugServer: handling req: EventRequest(15).Set(1)
10:38:31.273 INFO: JdwpEventCenterDelegate: jdwpSetEventRequest: JdwpEventRequest{requestId=131, eventKind=CLASS_PREPARE, suspendPolicy=EVENT_THREAD, predicates=[className=java.lang.Throwable$*]}
10:38:31.274 INFO: JdwpDebugServer: handling req: VirtualMachine(1).ClassesBySignature(2)
10:38:31.274 INFO: JdwpDebugServer: handling req: EventRequest(15).Set(1)
10:38:31.274 INFO: JdwpEventCenterDelegate: jdwpSetEventRequest: JdwpEventRequest{requestId=132, eventKind=EXCEPTION, suspendPolicy=EVENT_THREAD, predicates=[exceptionType=7695(caught=false, uncaught=true)]}
10:38:31.277 INFO: JdwpDebugServer: handling req: ThreadReference(11).SuspendCount(12)
10:38:31.277 INFO: JdwpDebugServer: handling req: ThreadReference(11).SuspendCount(12)
10:38:31.277 INFO: JdwpDebugServer: handling req: ThreadReference(11).SuspendCount(12)
10:38:31.278 INFO: JdwpDebugServer: handling req: ThreadReference(11).SuspendCount(12)
10:38:31.278 INFO: JdwpDebugServer: handling req: VirtualMachine(1).AllThreads(4)
10:38:31.278 INFO: JdwpDebugServer: handling req: VirtualMachine(1).Resume(9)
10:38:31.364 INFO: JdwpEventCenterDelegate: THREAD_RESUMED: thread (33, main, main)
10:38:31.364 INFO: JdwpEventCenterDelegate: THREAD_RESUMED: thread (33, main, main)
10:38:31.365 INFO: JdwpEventCenterDelegate: THREAD_RESUMED: thread (33, main, main)
10:38:31.365 INFO: JdwpEventCenterDelegate: THREAD_RESUMED: thread (33, main, main)
10:38:31.366 INFO: JdwpEventCenterDelegate: THREAD_RESUMED: thread (33, main, main)
10:38:31.366 INFO: JdwpEventCenterDelegate: THREAD_RESUMED: thread (33, main, main)
10:38:31.366 INFO: JdwpEventCenterDelegate: THREAD_RESUMED: thread (33, main, main)
10:38:31.368 INFO: JdwpEventCenterDelegate: THREAD_RESUMED: thread (33, main, main)
10:38:31.369 INFO: JdwpEventCenterDelegate: THREAD_RESUMED: thread (33, main, main)
10:38:31.369 INFO: JdwpEventCenterDelegate: THREAD_RESUMED: thread (33, main, main)
10:38:31.370 INFO: JdwpEventCenterDelegate: THREAD_RESUMED: thread (33, main, main)
10:38:31.376 INFO: JdwpEventCenterDelegate: THREAD_RESUMED: thread (33, main, main)
10:38:31.376 INFO: JdwpEventCenterDelegate: THREAD_RESUMED: thread (33, main, main)
10:38:31.377 INFO: JdwpEventCenterDelegate: THREAD_RESUMED: thread (33, main, main)
10:38:31.456 INFO: JdwpEventCenterDelegate: THREAD_RESUMED: thread (33, main, main)
10:38:31.456 INFO: JdwpEventCenterDelegate: THREAD_RESUMED: thread (33, main, main)
10:38:31.457 INFO: JdwpEventCenterDelegate: THREAD_RESUMED: thread (33, main, main)
10:38:31.464 INFO: JdwpEventCenterDelegate: THREAD_RESUMED: thread (33, main, main)
10:38:31.464 INFO: JdwpEventCenterDelegate: THREAD_RESUMED: thread (33, main, main)
10:38:31.465 INFO: JdwpEventCenterDelegate: THREAD_RESUMED: thread (33, main, main)
10:38:31.737 INFO: JdwpEventCenterDelegate: THREAD_RESUMED: thread (33, main, main)
10:38:31.739 INFO: JdwpEventCenterDelegate: THREAD_RESUMED: thread (33, main, main)
10:38:31.739 INFO: JdwpEventCenterDelegate: THREAD_RESUMED: thread (33, main, main)
10:38:31.757 INFO: JdwpDebugServer: handling req: ThreadReference(11).Name(1)
10:38:31.758 INFO: JdwpDebugServer: handling req: ThreadReference(11).Name(1)
10:38:31.758 INFO: JdwpDebugServer: handling req: ThreadReference(11).Name(1)
10:38:31.759 INFO: JdwpDebugServer: handling req: ThreadReference(11).Name(1)
10:38:31.801 INFO: JdwpEventCenterDelegate: THREAD_RESUMED: thread (33, main, main)
10:38:31.801 INFO: JdwpEventCenterDelegate: THREAD_RESUMED: thread (33, main, main)
10:38:31.802 INFO: JdwpEventCenterDelegate: THREAD_RESUMED: thread (33, main, main)
10:38:31.827 INFO: JdwpEventCenterDelegate: THREAD_RESUMED: thread (33, main, main)
10:38:31.827 INFO: JdwpEventCenterDelegate: THREAD_RESUMED: thread (33, main, main)
10:38:31.828 INFO: JdwpEventCenterDelegate: THREAD_RESUMED: thread (33, main, main)
10:38:31.850 INFO: JdwpEventCenterDelegate: THREAD_RESUMED: thread (33, main, main)
10:38:31.850 INFO: JdwpEventCenterDelegate: THREAD_RESUMED: thread (33, main, main)
10:38:31.851 INFO: JdwpEventCenterDelegate: THREAD_RESUMED: thread (33, main, main)
10:38:31.851 INFO: JdwpEventCenterDelegate: THREAD_RESUMED: thread (33, main, main)
10:38:31.858 INFO: JdwpEventCenterDelegate: THREAD_RESUMED: thread (33, main, main)
10:38:31.859 INFO: JdwpEventCenterDelegate: THREAD_RESUMED: thread (33, main, main)
10:38:32.398 INFO: JdwpEventCenterDelegate: THREAD_RESUMED: thread (33, main, main)
10:38:32.399 INFO: JdwpEventCenterDelegate: THREAD_RESUMED: thread (33, main, main)
10:38:32.417 INFO: JdwpEventCenterDelegate: THREAD_RESUMED: thread (33, main, main)
10:38:32.417 INFO: JdwpEventCenterDelegate: THREAD_RESUMED: thread (33, main, main)
10:38:32.418 INFO: JdwpEventCenterDelegate: THREAD_RESUMED: thread (33, main, main)
10:38:32.419 INFO: JdwpEventCenterDelegate: THREAD_RESUMED: thread (33, main, main)
10:38:32.487 INFO: JdwpEventCenterDelegate: THREAD_RESUMED: thread (33, main, main)
10:38:32.871 INFO: JdwpDebugServer: handling req: EventRequest(15).Set(1)
10:38:32.871 INFO: JdwpEventCenterDelegate: jdwpSetEventRequest: JdwpEventRequest{requestId=133, eventKind=BREAKPOINT, suspendPolicy=EVENT_THREAD, predicates=[Location{classId=15500, methodId=1307, index=142} ]}
10:38:32.874 INFO: JdwpDebugServer: handling req: EventRequest(15).Set(1)
10:38:32.874 INFO: JdwpEventCenterDelegate: jdwpSetEventRequest: JdwpEventRequest{requestId=134, eventKind=BREAKPOINT, suspendPolicy=EVENT_THREAD, predicates=[Location{classId=15500, methodId=1307, index=141} ]}
10:38:32.877 INFO: JdwpDebugServer: handling req: ThreadReference(11).Resume(3)
10:38:32.878 INFO: JdwpEventCenterDelegate: THREAD_RESUMED: thread (33, main, main)
10:38:32.879 INFO: JdwpDebugServer: handling req: EventRequest(15).Set(1)
10:38:32.879 INFO: JdwpEventCenterDelegate: jdwpSetEventRequest: JdwpEventRequest{requestId=135, eventKind=BREAKPOINT, suspendPolicy=EVENT_THREAD, predicates=[Location{classId=21445, methodId=1762, index=128} ]}
10:38:32.891 INFO: JdwpDebugServer: handling req: ThreadReference(11).Resume(3)
10:38:32.892 INFO: JdwpEventCenterDelegate: THREAD_RESUMED: thread (33, main, main)
10:38:32.895 INFO: JdwpDebugServer: handling req: ThreadReference(11).Frames(6)
10:38:32.895 INFO: JdwpDebugServer: handling req: ReferenceType(2).MethodsWithGeneric(15)
10:38:32.896 INFO: JdwpDebugServer: handling req: ReferenceType(2).MethodsWithGeneric(15)
10:38:32.896 INFO: JdwpDebugServer: handling req: ReferenceType(2).MethodsWithGeneric(15)
10:38:32.896 INFO: JdwpDebugServer: handling req: ReferenceType(2).MethodsWithGeneric(15)
10:38:32.897 INFO: JdwpDebugServer: handling req: ReferenceType(2).MethodsWithGeneric(15)
10:38:32.897 INFO: JdwpDebugServer: handling req: ReferenceType(2).MethodsWithGeneric(15)
10:38:32.900 INFO: JdwpDebugServer: handling req: ThreadReference(11).FramesCount(7)
10:38:32.901 INFO: JdwpDebugServer: handling req: ThreadReference(11).FramesCount(7)
10:38:33.116 INFO: JdwpDebugServer: handling req: ThreadReference(11).Name(1)
10:38:33.116 INFO: JdwpDebugServer: handling req: ReferenceType(2).SignatureWithGeneric(13)
10:38:33.118 INFO: JdwpDebugServer: handling req: ThreadReference(11).Name(1)
10:38:33.118 INFO: JdwpDebugServer: handling req: ThreadReference(11).Name(1)
10:38:33.118 INFO: JdwpDebugServer: handling req: ThreadReference(11).Name(1)
10:38:33.119 INFO: JdwpDebugServer: handling req: ThreadReference(11).Name(1)
10:38:33.168 INFO: JdwpDebugServer: handling req: ReferenceType(2).FieldsWithGeneric(14)
10:38:33.168 INFO: JdwpDebugServer: handling req: ReferenceType(2).Interfaces(10)
10:38:33.169 INFO: JdwpDebugServer: handling req: ClassType(3).Superclass(1)
10:38:33.170 INFO: JdwpDebugServer: handling req: ClassType(3).Superclass(1)
10:38:33.170 INFO: JdwpDebugServer: handling req: Method(6).VariableTableWithGenerics(5)
10:38:33.171 INFO: JdwpDebugServer: handling req: ReferenceType(2).SourceFile(7)
10:38:33.209 INFO: JdwpDebugServer: handling req: StackFrame(16).GetValues(1)
10:38:33.212 INFO: JdwpDebugServer: handling req: StackFrame(16).GetValues(1)
10:38:33.212 INFO: JdwpDebugServer: handling req: StackFrame(16).GetValues(1)
10:38:33.213 INFO: JdwpDebugServer: handling req: ObjectReference(9).ReferenceType(1)
10:38:33.213 INFO: JdwpDebugServer: handling req: ObjectReference(9).ReferenceType(1)
10:38:33.213 INFO: JdwpDebugServer: handling req: ClassType(3).Superclass(1)
10:38:33.213 INFO: JdwpDebugServer: handling req: ClassType(3).Superclass(1)
10:38:33.213 INFO: JdwpDebugServer: handling req: ClassType(3).Superclass(1)
10:38:33.213 INFO: JdwpDebugServer: handling req: ClassType(3).Superclass(1)
10:38:33.214 INFO: JdwpDebugServer: handling req: ReferenceType(2).Interfaces(10)
10:38:33.214 INFO: JdwpDebugServer: handling req: ReferenceType(2).Interfaces(10)
10:38:33.215 INFO: JdwpDebugServer: handling req: StackFrame(16).GetValues(1)
10:38:33.216 INFO: JdwpDebugServer: handling req: ReferenceType(2).FieldsWithGeneric(14)
10:38:33.216 INFO: JdwpDebugServer: handling req: ReferenceType(2).FieldsWithGeneric(14)
10:38:33.216 INFO: JdwpDebugServer: handling req: ReferenceType(2).Interfaces(10)
10:38:33.216 INFO: JdwpDebugServer: handling req: ReferenceType(2).FieldsWithGeneric(14)
10:38:33.217 INFO: JdwpDebugServer: handling req: ReferenceType(2).Interfaces(10)
10:38:33.217 INFO: JdwpDebugServer: handling req: ReferenceType(2).FieldsWithGeneric(14)
10:38:33.217 INFO: JdwpDebugServer: handling req: ReferenceType(2).Interfaces(10)
10:38:33.218 INFO: JdwpDebugServer: handling req: StackFrame(16).GetValues(1)
10:38:33.218 INFO: JdwpDebugServer: handling req: ObjectReference(9).ReferenceType(1)
10:38:33.219 INFO: JdwpDebugServer: handling req: ClassType(3).Superclass(1)
10:38:33.219 INFO: JdwpDebugServer: handling req: ClassType(3).Superclass(1)
10:38:33.219 INFO: JdwpDebugServer: handling req: StringReference(10).Value(1)
10:38:33.220 INFO: JdwpDebugServer: handling req: StackFrame(16).GetValues(1)
10:38:33.220 INFO: JdwpDebugServer: handling req: StackFrame(16).GetValues(1)
10:38:33.220 INFO: JdwpDebugServer: handling req: StackFrame(16).GetValues(1)
10:38:33.220 INFO: JdwpDebugServer: handling req: StringReference(10).Value(1)
10:38:33.221 INFO: JdwpDebugServer: handling req: StackFrame(16).GetValues(1)
10:38:33.221 INFO: JdwpDebugServer: handling req: StackFrame(16).GetValues(1)
10:38:33.221 INFO: JdwpDebugServer: handling req: StackFrame(16).GetValues(1)
10:38:33.222 INFO: JdwpDebugServer: handling req: StackFrame(16).GetValues(1)
10:38:33.222 INFO: JdwpDebugServer: handling req: ClassType(3).Superclass(1)
10:38:33.222 INFO: JdwpDebugServer: handling req: StackFrame(16).GetValues(1)
10:38:33.222 INFO: JdwpDebugServer: handling req: StackFrame(16).GetValues(1)
10:38:33.222 INFO: JdwpDebugServer: handling req: StackFrame(16).GetValues(1)
10:38:33.222 INFO: JdwpDebugServer: handling req: StringReference(10).Value(1)
10:38:33.223 INFO: JdwpDebugServer: handling req: StackFrame(16).GetValues(1)
10:38:33.223 INFO: JdwpDebugServer: handling req: StackFrame(16).GetValues(1)
10:38:33.248 INFO: JdwpDebugServer: handling req: StackFrame(16).GetValues(1)
10:38:33.248 INFO: JdwpDebugServer: handling req: ClassType(3).Superclass(1)
10:38:33.249 INFO: JdwpDebugServer: handling req: StringReference(10).Value(1)
10:38:33.249 INFO: JdwpDebugServer: handling req: ThreadReference(11).FramesCount(7)
10:38:33.250 INFO: JdwpDebugServer: handling req: ThreadReference(11).Name(1)
10:38:33.250 INFO: JdwpDebugServer: handling req: ThreadReference(11).FramesCount(7)
10:38:33.250 INFO: JdwpDebugServer: handling req: ThreadReference(11).Name(1)
10:38:33.250 INFO: JdwpDebugServer: handling req: ThreadReference(11).Name(1)
10:38:33.251 INFO: JdwpDebugServer: handling req: ThreadReference(11).Name(1)
10:38:33.261 INFO: JdwpDebugServer: handling req: StackFrame(16).ThisObject(3)
10:38:33.263 INFO: JdwpDebugServer: handling req: ObjectReference(9).ReferenceType(1)
10:38:33.263 INFO: JdwpDebugServer: handling req: Method(6).LineTable(1)
10:38:33.263 INFO: JdwpDebugServer: handling req: StackFrame(16).ThisObject(3)
10:38:33.264 INFO: JdwpDebugServer: handling req: ObjectReference(9).ReferenceType(1)
10:38:33.264 INFO: JdwpDebugServer: handling req: Method(6).LineTable(1)
10:38:33.264 INFO: JdwpDebugServer: handling req: StackFrame(16).ThisObject(3)
10:38:33.265 INFO: JdwpDebugServer: handling req: ObjectReference(9).ReferenceType(1)
10:38:33.265 INFO: JdwpDebugServer: handling req: Method(6).LineTable(1)
10:38:33.265 INFO: JdwpDebugServer: handling req: StackFrame(16).ThisObject(3)
10:38:33.266 INFO: JdwpDebugServer: handling req: ObjectReference(9).ReferenceType(1)
10:38:33.266 INFO: JdwpDebugServer: handling req: Method(6).LineTable(1)
10:38:33.266 INFO: JdwpDebugServer: handling req: StackFrame(16).ThisObject(3)
10:38:33.266 INFO: JdwpDebugServer: handling req: ObjectReference(9).ReferenceType(1)
10:38:33.266 INFO: JdwpDebugServer: handling req: Method(6).LineTable(1)
10:38:33.267 INFO: JdwpDebugServer: handling req: Method(6).LineTable(1)
10:38:33.267 INFO: JdwpDebugServer: handling req: Method(6).LineTable(1)
10:38:36.804 INFO: JdwpDebugServer: handling req: ThreadReference(11).Resume(3)
10:38:36.805 INFO: JdwpEventCenterDelegate: THREAD_RESUMED: thread (33, main, main)
10:38:36.813 INFO: JdwpDebugServer: handling req: EventRequest(15).Set(1)
10:38:36.814 INFO: JdwpEventCenterDelegate: jdwpSetEventRequest: JdwpEventRequest{requestId=136, eventKind=BREAKPOINT, suspendPolicy=EVENT_THREAD, predicates=[Location{classId=20400, methodId=1787, index=106} ]}
10:38:36.825 INFO: JdwpDebugServer: handling req: ThreadReference(11).Resume(3)
10:38:36.825 INFO: JdwpEventCenterDelegate: THREAD_RESUMED: thread (33, main, main)
10:38:36.843 INFO: JdwpDebugServer: handling req: ThreadReference(11).Frames(6)
10:38:36.845 INFO: JdwpDebugServer: handling req: ThreadReference(11).FramesCount(7)
10:38:36.845 INFO: JdwpDebugServer: handling req: ThreadReference(11).FramesCount(7)
10:38:36.855 INFO: JdwpDebugServer: handling req: ThreadReference(11).Name(1)
10:38:36.855 INFO: JdwpDebugServer: handling req: ThreadReference(11).Name(1)
10:38:36.855 INFO: JdwpDebugServer: handling req: ThreadReference(11).Name(1)
10:38:36.915 INFO: JdwpDebugServer: handling req: ThreadReference(11).Name(1)
10:38:36.915 INFO: JdwpDebugServer: handling req: ReferenceType(2).SignatureWithGeneric(13)
10:38:36.916 INFO: JdwpDebugServer: handling req: ThreadReference(11).Name(1)
10:38:36.916 INFO: JdwpDebugServer: handling req: ThreadReference(11).Name(1)
10:38:36.916 INFO: JdwpDebugServer: handling req: ThreadReference(11).Name(1)
10:38:36.917 INFO: JdwpDebugServer: handling req: ThreadReference(11).Name(1)
10:38:36.931 INFO: JdwpDebugServer: handling req: ReferenceType(2).FieldsWithGeneric(14)
10:38:36.931 INFO: JdwpDebugServer: handling req: ReferenceType(2).Interfaces(10)
10:38:36.931 INFO: JdwpDebugServer: handling req: ClassType(3).Superclass(1)
10:38:36.931 INFO: JdwpDebugServer: handling req: Method(6).VariableTableWithGenerics(5)
10:38:36.944 INFO: JdwpDebugServer: handling req: ThreadReference(11).FramesCount(7)
10:38:36.962 INFO: JdwpDebugServer: handling req: StackFrame(16).GetValues(1)
10:38:36.962 INFO: JdwpDebugServer: handling req: ThreadReference(11).Name(1)
10:38:36.963 INFO: JdwpDebugServer: handling req: ObjectReference(9).ReferenceType(1)
10:38:36.963 INFO: JdwpDebugServer: handling req: StackFrame(16).GetValues(1)
10:38:36.963 INFO: JdwpDebugServer: handling req: ObjectReference(9).ReferenceType(1)
10:38:36.964 INFO: JdwpDebugServer: handling req: StackFrame(16).GetValues(1)
10:38:36.964 INFO: JdwpDebugServer: handling req: StackFrame(16).GetValues(1)
10:38:36.965 INFO: JdwpDebugServer: handling req: StackFrame(16).GetValues(1)
10:38:36.965 INFO: JdwpDebugServer: handling req: ThreadReference(11).FramesCount(7)
10:38:36.965 INFO: JdwpDebugServer: handling req: StackFrame(16).GetValues(1)
10:38:36.965 INFO: JdwpDebugServer: handling req: StackFrame(16).GetValues(1)
10:38:36.966 INFO: JdwpDebugServer: handling req: ObjectReference(9).ReferenceType(1)
10:38:36.966 INFO: JdwpDebugServer: handling req: ReferenceType(2).FieldsWithGeneric(14)
10:38:36.968 INFO: JdwpDebugServer: handling req: StackFrame(16).GetValues(1)
10:38:36.968 INFO: JdwpDebugServer: handling req: ReferenceType(2).Interfaces(10)
10:38:36.968 INFO: JdwpDebugServer: handling req: StackFrame(16).GetValues(1)
10:38:36.969 INFO: JdwpDebugServer: handling req: ReferenceType(2).FieldsWithGeneric(14)
10:38:36.969 INFO: JdwpDebugServer: handling req: ClassType(3).Superclass(1)
10:38:36.969 INFO: JdwpDebugServer: handling req: ReferenceType(2).Interfaces(10)
10:38:36.969 INFO: JdwpDebugServer: handling req: ClassType(3).Superclass(1)
10:38:36.969 INFO: JdwpDebugServer: handling req: StackFrame(16).GetValues(1)
10:38:36.970 INFO: JdwpDebugServer: handling req: StackFrame(16).GetValues(1)
10:38:36.970 INFO: JdwpDebugServer: handling req: StackFrame(16).GetValues(1)
10:38:36.970 INFO: JdwpDebugServer: handling req: StringReference(10).Value(1)
10:38:36.971 INFO: JdwpDebugServer: handling req: StackFrame(16).GetValues(1)
10:38:36.971 INFO: JdwpDebugServer: handling req: StackFrame(16).GetValues(1)
10:38:36.971 INFO: JdwpDebugServer: handling req: ClassType(3).Superclass(1)
10:38:36.971 INFO: JdwpDebugServer: handling req: StackFrame(16).GetValues(1)
10:38:36.972 INFO: JdwpDebugServer: handling req: StackFrame(16).GetValues(1)
10:38:36.972 INFO: JdwpDebugServer: handling req: StackFrame(16).GetValues(1)
10:38:36.972 INFO: JdwpDebugServer: handling req: ClassType(3).Superclass(1)
10:38:36.973 INFO: JdwpDebugServer: handling req: StackFrame(16).GetValues(1)
10:38:36.973 INFO: JdwpDebugServer: handling req: StackFrame(16).GetValues(1)
10:38:36.973 INFO: JdwpDebugServer: handling req: StackFrame(16).GetValues(1)
10:38:36.973 INFO: JdwpDebugServer: handling req: StringReference(10).Value(1)
10:38:36.974 INFO: JdwpDebugServer: handling req: StackFrame(16).GetValues(1)
10:38:36.974 INFO: JdwpDebugServer: handling req: StackFrame(16).GetValues(1)
10:38:36.974 INFO: JdwpDebugServer: handling req: StackFrame(16).GetValues(1)
10:38:36.975 INFO: JdwpDebugServer: handling req: StackFrame(16).GetValues(1)
10:38:36.975 INFO: JdwpDebugServer: handling req: StackFrame(16).GetValues(1)
10:38:36.975 INFO: JdwpDebugServer: handling req: StackFrame(16).GetValues(1)
10:38:36.976 INFO: JdwpDebugServer: handling req: StackFrame(16).GetValues(1)
10:38:36.976 INFO: JdwpDebugServer: handling req: StackFrame(16).GetValues(1)
10:38:36.977 INFO: JdwpDebugServer: handling req: StackFrame(16).GetValues(1)
10:38:36.977 INFO: JdwpDebugServer: handling req: StackFrame(16).GetValues(1)
10:38:36.978 INFO: JdwpDebugServer: handling req: StackFrame(16).GetValues(1)
10:38:36.978 INFO: JdwpDebugServer: handling req: StackFrame(16).GetValues(1)
10:38:36.978 INFO: JdwpDebugServer: handling req: StackFrame(16).GetValues(1)
10:38:36.978 INFO: JdwpDebugServer: handling req: StackFrame(16).GetValues(1)
10:38:36.979 INFO: JdwpDebugServer: handling req: StackFrame(16).GetValues(1)
10:38:36.979 INFO: JdwpDebugServer: handling req: StackFrame(16).GetValues(1)
10:38:36.979 INFO: JdwpDebugServer: handling req: StackFrame(16).GetValues(1)
10:38:36.979 INFO: JdwpDebugServer: handling req: StackFrame(16).GetValues(1)
10:38:36.979 INFO: JdwpDebugServer: handling req: StackFrame(16).GetValues(1)
10:38:36.980 INFO: JdwpDebugServer: handling req: StackFrame(16).GetValues(1)
10:38:36.980 INFO: JdwpDebugServer: handling req: StackFrame(16).GetValues(1)
10:38:36.980 INFO: JdwpDebugServer: handling req: StackFrame(16).GetValues(1)
10:38:36.980 INFO: JdwpDebugServer: handling req: StackFrame(16).GetValues(1)
10:38:36.980 INFO: JdwpDebugServer: handling req: StackFrame(16).GetValues(1)
10:38:36.980 INFO: JdwpDebugServer: handling req: StackFrame(16).GetValues(1)
10:38:36.980 INFO: JdwpDebugServer: handling req: StackFrame(16).GetValues(1)
10:38:36.980 INFO: JdwpDebugServer: handling req: StackFrame(16).GetValues(1)
10:38:36.981 INFO: JdwpDebugServer: handling req: StackFrame(16).GetValues(1)
10:38:36.981 INFO: JdwpDebugServer: handling req: StackFrame(16).GetValues(1)
10:38:36.981 INFO: JdwpDebugServer: handling req: StackFrame(16).GetValues(1)
10:38:36.981 INFO: JdwpDebugServer: handling req: StackFrame(16).GetValues(1)
10:38:36.981 INFO: JdwpDebugServer: handling req: StackFrame(16).GetValues(1)
10:38:36.982 INFO: JdwpDebugServer: handling req: ReferenceType(2).SourceFile(7)
10:38:36.982 INFO: JdwpDebugServer: handling req: ClassType(3).Superclass(1)
10:38:36.982 INFO: JdwpDebugServer: handling req: StackFrame(16).GetValues(1)
10:38:36.982 INFO: JdwpDebugServer: handling req: StackFrame(16).GetValues(1)
10:38:36.982 INFO: JdwpDebugServer: handling req: StackFrame(16).GetValues(1)
10:38:36.982 INFO: JdwpDebugServer: handling req: StackFrame(16).GetValues(1)
10:38:36.982 INFO: JdwpDebugServer: handling req: ClassType(3).Superclass(1)
10:38:36.983 INFO: JdwpDebugServer: handling req: StackFrame(16).GetValues(1)
10:38:36.983 INFO: JdwpDebugServer: handling req: StackFrame(16).GetValues(1)
10:38:36.983 INFO: JdwpDebugServer: handling req: StackFrame(16).ThisObject(3)
10:38:36.983 INFO: JdwpDebugServer: handling req: ObjectReference(9).ReferenceType(1)
10:38:36.984 INFO: JdwpDebugServer: handling req: StackFrame(16).ThisObject(3)
10:38:36.984 INFO: JdwpDebugServer: handling req: ObjectReference(9).ReferenceType(1)
10:38:36.984 INFO: JdwpDebugServer: handling req: StackFrame(16).ThisObject(3)
10:38:36.984 INFO: JdwpDebugServer: handling req: ObjectReference(9).ReferenceType(1)
10:38:36.984 INFO: JdwpDebugServer: handling req: StackFrame(16).ThisObject(3)
10:38:36.984 INFO: JdwpDebugServer: handling req: ObjectReference(9).ReferenceType(1)
10:38:36.984 INFO: JdwpDebugServer: handling req: StackFrame(16).ThisObject(3)
10:38:36.985 INFO: JdwpDebugServer: handling req: ObjectReference(9).ReferenceType(1)
10:38:36.986 INFO: JdwpDebugServer: handling req: ObjectReference(9).GetValues(2)
10:38:36.986 INFO: JdwpDebugServer: handling req: ObjectReference(9).GetValues(2)
10:38:36.986 INFO: JdwpDebugServer: handling req: ObjectReference(9).GetValues(2)
10:38:36.986 INFO: JdwpDebugServer: handling req: ObjectReference(9).GetValues(2)
10:38:36.987 INFO: JdwpDebugServer: handling req: ObjectReference(9).GetValues(2)
10:38:36.987 INFO: JdwpDebugServer: handling req: ObjectReference(9).ReferenceType(1)
10:38:36.987 INFO: JdwpDebugServer: handling req: ObjectReference(9).GetValues(2)
10:38:36.987 INFO: JdwpDebugServer: handling req: ObjectReference(9).GetValues(2)
10:38:36.987 INFO: JdwpDebugServer: handling req: ClassType(3).Superclass(1)
10:38:36.987 INFO: JdwpDebugServer: handling req: ObjectReference(9).ReferenceType(1)
10:38:36.987 INFO: JdwpDebugServer: handling req: ObjectReference(9).GetValues(2)
10:38:36.987 INFO: JdwpDebugServer: handling req: StringReference(10).Value(1)
10:38:36.988 INFO: JdwpDebugServer: handling req: ReferenceType(2).FieldsWithGeneric(14)
10:38:36.988 INFO: JdwpDebugServer: handling req: ObjectReference(9).GetValues(2)
10:38:36.988 INFO: JdwpDebugServer: handling req: ReferenceType(2).Interfaces(10)
10:38:36.988 INFO: JdwpDebugServer: handling req: ObjectReference(9).GetValues(2)
10:38:36.988 INFO: JdwpDebugServer: handling req: ReferenceType(2).FieldsWithGeneric(14)
10:38:36.989 INFO: JdwpDebugServer: handling req: ObjectReference(9).GetValues(2)
10:38:36.989 INFO: JdwpDebugServer: handling req: ReferenceType(2).Interfaces(10)
10:38:36.989 INFO: JdwpDebugServer: handling req: ClassType(3).Superclass(1)
10:38:36.989 INFO: JdwpDebugServer: handling req: ObjectReference(9).GetValues(2)
10:38:36.989 INFO: JdwpDebugServer: handling req: ObjectReference(9).GetValues(2)
10:38:36.989 INFO: JdwpDebugServer: handling req: ClassType(3).Superclass(1)
10:38:36.989 INFO: JdwpDebugServer: handling req: ObjectReference(9).ReferenceType(1)
10:38:36.989 INFO: JdwpDebugServer: handling req: ObjectReference(9).GetValues(2)
10:38:36.989 INFO: JdwpDebugServer: handling req: ObjectReference(9).GetValues(2)
10:38:36.989 INFO: JdwpDebugServer: handling req: ObjectReference(9).GetValues(2)
10:38:36.989 INFO: JdwpDebugServer: handling req: ObjectReference(9).ReferenceType(1)
10:38:36.990 INFO: JdwpDebugServer: handling req: ObjectReference(9).GetValues(2)
10:38:36.990 INFO: JdwpDebugServer: handling req: ObjectReference(9).GetValues(2)
10:38:36.990 INFO: JdwpDebugServer: handling req: ObjectReference(9).GetValues(2)
10:38:36.990 INFO: JdwpDebugServer: handling req: ObjectReference(9).GetValues(2)
10:38:36.990 INFO: JdwpDebugServer: handling req: ObjectReference(9).GetValues(2)
10:38:36.990 INFO: JdwpDebugServer: handling req: ObjectReference(9).ReferenceType(1)
10:38:36.990 INFO: JdwpDebugServer: handling req: ObjectReference(9).GetValues(2)
10:38:36.990 INFO: JdwpDebugServer: handling req: ObjectReference(9).GetValues(2)
10:38:36.990 INFO: JdwpDebugServer: handling req: ObjectReference(9).GetValues(2)
10:38:36.991 INFO: JdwpDebugServer: handling req: ObjectReference(9).GetValues(2)
10:38:36.991 INFO: JdwpDebugServer: handling req: ObjectReference(9).GetValues(2)
10:38:36.991 INFO: JdwpDebugServer: handling req: ClassType(3).Superclass(1)
10:38:36.991 INFO: JdwpDebugServer: handling req: ObjectReference(9).ReferenceType(1)
10:38:36.991 INFO: JdwpDebugServer: handling req: ObjectReference(9).GetValues(2)
10:38:36.991 INFO: JdwpDebugServer: handling req: ObjectReference(9).GetValues(2)
10:38:36.991 INFO: JdwpDebugServer: handling req: ObjectReference(9).GetValues(2)
10:38:36.992 INFO: JdwpDebugServer: handling req: ObjectReference(9).ReferenceType(1)
10:38:36.992 INFO: JdwpDebugServer: handling req: ObjectReference(9).GetValues(2)
10:38:36.992 INFO: JdwpDebugServer: handling req: ReferenceType(2).FieldsWithGeneric(14)
10:38:36.992 INFO: JdwpDebugServer: handling req: ObjectReference(9).GetValues(2)
10:38:36.992 INFO: JdwpDebugServer: handling req: ReferenceType(2).Interfaces(10)
10:38:36.992 INFO: JdwpDebugServer: handling req: ObjectReference(9).GetValues(2)
10:38:36.992 INFO: JdwpDebugServer: handling req: ClassType(3).Superclass(1)
10:38:36.992 INFO: JdwpDebugServer: handling req: ReferenceType(2).FieldsWithGeneric(14)
10:38:36.992 INFO: JdwpDebugServer: handling req: ObjectReference(9).GetValues(2)
10:38:36.993 INFO: JdwpDebugServer: handling req: ReferenceType(2).Interfaces(10)
10:38:36.993 INFO: JdwpDebugServer: handling req: ObjectReference(9).GetValues(2)
10:38:36.993 INFO: JdwpDebugServer: handling req: ClassType(3).Superclass(1)
10:38:36.993 INFO: JdwpDebugServer: handling req: ClassType(3).Superclass(1)
10:38:36.993 INFO: JdwpDebugServer: handling req: ReferenceType(2).FieldsWithGeneric(14)
10:38:36.993 INFO: JdwpDebugServer: handling req: ObjectReference(9).GetValues(2)
10:38:36.993 INFO: JdwpDebugServer: handling req: ReferenceType(2).Interfaces(10)
10:38:36.993 INFO: JdwpDebugServer: handling req: ObjectReference(9).GetValues(2)
10:38:36.993 INFO: JdwpDebugServer: handling req: ClassType(3).Superclass(1)
10:38:36.993 INFO: JdwpDebugServer: handling req: ObjectReference(9).GetValues(2)
10:38:36.994 INFO: JdwpDebugServer: handling req: ObjectReference(9).GetValues(2)
10:38:36.994 INFO: JdwpDebugServer: handling req: ObjectReference(9).GetValues(2)
10:38:36.994 INFO: JdwpDebugServer: handling req: ObjectReference(9).ReferenceType(1)
10:38:36.994 INFO: JdwpDebugServer: handling req: ObjectReference(9).GetValues(2)
10:38:36.994 INFO: JdwpDebugServer: handling req: ReferenceType(2).FieldsWithGeneric(14)
10:38:36.994 INFO: JdwpDebugServer: handling req: ObjectReference(9).GetValues(2)
10:38:36.994 INFO: JdwpDebugServer: handling req: ReferenceType(2).Interfaces(10)
10:38:36.994 INFO: JdwpDebugServer: handling req: ClassType(3).Superclass(1)
10:38:36.994 INFO: JdwpDebugServer: handling req: ObjectReference(9).GetValues(2)
10:38:36.995 INFO: JdwpDebugServer: handling req: ReferenceType(2).FieldsWithGeneric(14)
10:38:36.995 INFO: JdwpDebugServer: handling req: ObjectReference(9).GetValues(2)
10:38:36.995 INFO: JdwpDebugServer: handling req: ReferenceType(2).Interfaces(10)
10:38:36.995 INFO: JdwpDebugServer: handling req: ObjectReference(9).GetValues(2)
10:38:36.995 INFO: JdwpDebugServer: handling req: ClassType(3).Superclass(1)
10:38:36.995 INFO: JdwpDebugServer: handling req: ObjectReference(9).GetValues(2)
10:38:36.996 INFO: JdwpDebugServer: handling req: ObjectReference(9).GetValues(2)
10:38:36.996 INFO: JdwpDebugServer: handling req: ObjectReference(9).GetValues(2)
10:38:36.996 INFO: JdwpDebugServer: handling req: ObjectReference(9).GetValues(2)
10:38:36.996 INFO: JdwpDebugServer: handling req: ObjectReference(9).GetValues(2)
10:38:36.996 INFO: JdwpDebugServer: handling req: ObjectReference(9).GetValues(2)
10:38:36.997 INFO: JdwpDebugServer: handling req: ObjectReference(9).GetValues(2)
10:38:36.997 INFO: JdwpDebugServer: handling req: ObjectReference(9).ReferenceType(1)
10:38:36.997 INFO: JdwpDebugServer: handling req: ObjectReference(9).GetValues(2)
10:38:36.997 INFO: JdwpDebugServer: handling req: ObjectReference(9).GetValues(2)
10:38:36.997 INFO: JdwpDebugServer: handling req: ClassType(3).Superclass(1)
10:38:36.997 INFO: JdwpDebugServer: handling req: ObjectReference(9).GetValues(2)
10:38:36.997 INFO: JdwpDebugServer: handling req: ObjectReference(9).GetValues(2)
10:38:36.997 INFO: JdwpDebugServer: handling req: ObjectReference(9).ReferenceType(1)
10:38:36.998 INFO: JdwpDebugServer: handling req: ObjectReference(9).GetValues(2)
10:38:36.998 INFO: JdwpDebugServer: handling req: ObjectReference(9).GetValues(2)
10:38:36.998 INFO: JdwpDebugServer: handling req: ObjectReference(9).ReferenceType(1)
10:38:36.998 INFO: JdwpDebugServer: handling req: ObjectReference(9).GetValues(2)
10:38:36.998 INFO: JdwpDebugServer: handling req: ObjectReference(9).GetValues(2)
10:38:36.998 INFO: JdwpDebugServer: handling req: StringReference(10).Value(1)
10:38:36.999 INFO: JdwpDebugServer: handling req: ObjectReference(9).ReferenceType(1)
10:38:36.999 INFO: JdwpDebugServer: handling req: ObjectReference(9).GetValues(2)
10:38:36.999 INFO: JdwpDebugServer: handling req: ObjectReference(9).GetValues(2)
10:38:36.999 INFO: JdwpDebugServer: handling req: ObjectReference(9).GetValues(2)
10:38:36.999 INFO: JdwpDebugServer: handling req: ObjectReference(9).GetValues(2)
10:38:36.999 INFO: JdwpDebugServer: handling req: ObjectReference(9).GetValues(2)
10:38:37.000 INFO: JdwpDebugServer: handling req: ObjectReference(9).GetValues(2)
10:38:37.000 INFO: JdwpDebugServer: handling req: ObjectReference(9).GetValues(2)
10:38:37.000 INFO: JdwpDebugServer: handling req: ObjectReference(9).GetValues(2)
10:38:37.000 INFO: JdwpDebugServer: handling req: ObjectReference(9).GetValues(2)
10:38:37.001 INFO: JdwpDebugServer: handling req: ObjectReference(9).GetValues(2)
10:38:37.001 INFO: JdwpDebugServer: handling req: ObjectReference(9).GetValues(2)
10:38:37.001 INFO: JdwpDebugServer: handling req: ObjectReference(9).GetValues(2)
10:38:37.002 INFO: JdwpDebugServer: handling req: ObjectReference(9).GetValues(2)
10:38:37.002 INFO: JdwpDebugServer: handling req: ObjectReference(9).GetValues(2)
10:38:37.002 INFO: JdwpDebugServer: handling req: ObjectReference(9).GetValues(2)
10:38:37.002 INFO: JdwpDebugServer: handling req: ObjectReference(9).GetValues(2)
10:38:37.003 INFO: JdwpDebugServer: handling req: ObjectReference(9).GetValues(2)
10:38:37.003 INFO: JdwpDebugServer: handling req: ObjectReference(9).GetValues(2)
10:38:37.003 INFO: JdwpDebugServer: handling req: ObjectReference(9).GetValues(2)
10:38:37.003 INFO: JdwpDebugServer: handling req: ObjectReference(9).GetValues(2)
10:38:37.004 INFO: JdwpDebugServer: handling req: ClassType(3).Superclass(1)
10:38:37.004 INFO: JdwpDebugServer: handling req: ObjectReference(9).GetValues(2)
10:38:37.004 INFO: JdwpDebugServer: handling req: ObjectReference(9).GetValues(2)
10:38:37.004 INFO: JdwpDebugServer: handling req: ObjectReference(9).GetValues(2)
10:38:37.004 INFO: JdwpDebugServer: handling req: StringReference(10).Value(1)
10:38:37.005 INFO: JdwpDebugServer: handling req: ObjectReference(9).GetValues(2)
10:38:37.005 INFO: JdwpDebugServer: handling req: ObjectReference(9).GetValues(2)
10:38:37.005 INFO: JdwpDebugServer: handling req: ObjectReference(9).GetValues(2)
10:38:37.005 INFO: JdwpDebugServer: handling req: ObjectReference(9).GetValues(2)
10:38:37.006 INFO: JdwpDebugServer: handling req: ClassType(3).Superclass(1)
10:38:37.006 INFO: JdwpDebugServer: handling req: ObjectReference(9).GetValues(2)
10:38:37.006 INFO: JdwpDebugServer: handling req: ObjectReference(9).GetValues(2)
10:38:37.006 INFO: JdwpDebugServer: handling req: ObjectReference(9).GetValues(2)
10:38:37.006 INFO: JdwpDebugServer: handling req: ObjectReference(9).GetValues(2)
10:38:37.007 INFO: JdwpDebugServer: handling req: ObjectReference(9).GetValues(2)
10:38:37.007 INFO: JdwpDebugServer: handling req: ObjectReference(9).GetValues(2)
10:38:37.007 INFO: JdwpDebugServer: handling req: ObjectReference(9).GetValues(2)
10:38:37.007 INFO: JdwpDebugServer: handling req: ClassType(3).Superclass(1)
10:38:37.007 INFO: JdwpDebugServer: handling req: ObjectReference(9).GetValues(2)
10:38:37.007 INFO: JdwpDebugServer: handling req: ObjectReference(9).GetValues(2)
10:38:37.007 INFO: JdwpDebugServer: handling req: ObjectReference(9).GetValues(2)
10:38:37.008 INFO: JdwpDebugServer: handling req: ObjectReference(9).GetValues(2)
10:38:37.008 INFO: JdwpDebugServer: handling req: ObjectReference(9).GetValues(2)
10:38:37.008 INFO: JdwpDebugServer: handling req: ObjectReference(9).GetValues(2)
10:38:37.008 INFO: JdwpDebugServer: handling req: ObjectReference(9).GetValues(2)
10:38:37.008 INFO: JdwpDebugServer: handling req: ObjectReference(9).GetValues(2)
10:38:37.009 INFO: JdwpDebugServer: handling req: ObjectReference(9).GetValues(2)
10:38:37.009 INFO: JdwpDebugServer: handling req: ObjectReference(9).GetValues(2)
10:38:37.009 INFO: JdwpDebugServer: handling req: ObjectReference(9).GetValues(2)
10:38:37.010 INFO: JdwpDebugServer: handling req: ObjectReference(9).GetValues(2)
10:38:37.010 INFO: JdwpDebugServer: handling req: ObjectReference(9).GetValues(2)
10:38:37.010 INFO: JdwpDebugServer: handling req: ObjectReference(9).GetValues(2)
10:38:37.011 INFO: JdwpDebugServer: handling req: ObjectReference(9).GetValues(2)
10:38:37.011 INFO: JdwpDebugServer: handling req: ObjectReference(9).GetValues(2)
10:38:37.012 INFO: JdwpDebugServer: handling req: ObjectReference(9).GetValues(2)
10:38:37.012 INFO: JdwpDebugServer: handling req: ObjectReference(9).GetValues(2)
10:38:37.013 INFO: JdwpDebugServer: handling req: ObjectReference(9).GetValues(2)
10:38:37.014 INFO: JdwpDebugServer: handling req: ObjectReference(9).GetValues(2)
10:38:37.014 INFO: JdwpDebugServer: handling req: ObjectReference(9).GetValues(2)
10:38:37.014 INFO: JdwpDebugServer: handling req: ClassType(3).Superclass(1)
10:38:37.014 INFO: JdwpDebugServer: handling req: ObjectReference(9).GetValues(2)
10:38:37.015 INFO: JdwpDebugServer: handling req: ObjectReference(9).GetValues(2)
10:38:37.015 INFO: JdwpDebugServer: handling req: ObjectReference(9).GetValues(2)
10:38:37.015 INFO: JdwpDebugServer: handling req: ObjectReference(9).GetValues(2)
10:38:37.016 INFO: JdwpDebugServer: handling req: ObjectReference(9).GetValues(2)
10:38:37.016 INFO: JdwpDebugServer: handling req: ObjectReference(9).GetValues(2)
10:38:37.016 INFO: JdwpDebugServer: handling req: ObjectReference(9).GetValues(2)
10:38:37.016 INFO: JdwpDebugServer: handling req: ObjectReference(9).GetValues(2)
10:38:37.016 INFO: JdwpDebugServer: handling req: ObjectReference(9).GetValues(2)
10:38:37.017 INFO: JdwpDebugServer: handling req: ObjectReference(9).GetValues(2)
10:38:37.017 INFO: JdwpDebugServer: handling req: ObjectReference(9).GetValues(2)
10:38:37.017 INFO: JdwpDebugServer: handling req: ObjectReference(9).GetValues(2)
10:38:37.017 INFO: JdwpDebugServer: handling req: ObjectReference(9).GetValues(2)
10:38:37.017 INFO: JdwpDebugServer: handling req: ObjectReference(9).GetValues(2)
10:38:37.017 INFO: JdwpDebugServer: handling req: ClassType(3).Superclass(1)
10:38:37.017 INFO: JdwpDebugServer: handling req: ObjectReference(9).GetValues(2)
10:38:37.018 INFO: JdwpDebugServer: handling req: ObjectReference(9).GetValues(2)
10:38:37.018 INFO: JdwpDebugServer: handling req: ObjectReference(9).GetValues(2)
10:38:37.018 INFO: JdwpDebugServer: handling req: ObjectReference(9).GetValues(2)
10:38:37.018 INFO: JdwpDebugServer: handling req: ObjectReference(9).GetValues(2)
10:38:37.018 INFO: JdwpDebugServer: handling req: ObjectReference(9).GetValues(2)
10:38:37.018 INFO: JdwpDebugServer: handling req: ObjectReference(9).GetValues(2)
10:38:37.019 INFO: JdwpDebugServer: handling req: ClassType(3).Superclass(1)
10:38:37.019 INFO: JdwpDebugServer: handling req: ObjectReference(9).GetValues(2)
10:38:37.019 INFO: JdwpDebugServer: handling req: ObjectReference(9).GetValues(2)
10:38:37.019 INFO: JdwpDebugServer: handling req: ObjectReference(9).GetValues(2)
10:38:37.019 INFO: JdwpDebugServer: handling req: ObjectReference(9).GetValues(2)
10:38:37.019 INFO: JdwpDebugServer: handling req: ObjectReference(9).GetValues(2)
10:38:37.019 INFO: JdwpDebugServer: handling req: ObjectReference(9).GetValues(2)
10:38:37.019 INFO: JdwpDebugServer: handling req: ObjectReference(9).GetValues(2)
10:38:37.020 INFO: JdwpDebugServer: handling req: ClassType(3).Superclass(1)
10:38:37.020 INFO: JdwpDebugServer: handling req: ObjectReference(9).GetValues(2)
10:38:37.020 INFO: JdwpDebugServer: handling req: ObjectReference(9).GetValues(2)
10:38:37.020 INFO: JdwpDebugServer: handling req: ObjectReference(9).GetValues(2)
10:38:37.020 INFO: JdwpDebugServer: handling req: ObjectReference(9).GetValues(2)
10:38:37.020 INFO: JdwpDebugServer: handling req: ObjectReference(9).GetValues(2)
10:38:37.020 INFO: JdwpDebugServer: handling req: ObjectReference(9).GetValues(2)
10:38:37.021 INFO: JdwpDebugServer: handling req: ObjectReference(9).GetValues(2)
10:38:37.021 INFO: JdwpDebugServer: handling req: ObjectReference(9).GetValues(2)
10:38:37.021 INFO: JdwpDebugServer: handling req: ObjectReference(9).GetValues(2)
10:38:37.021 INFO: JdwpDebugServer: handling req: ObjectReference(9).GetValues(2)
10:38:37.022 INFO: JdwpDebugServer: handling req: ObjectReference(9).GetValues(2)
10:38:37.022 INFO: JdwpDebugServer: handling req: ObjectReference(9).GetValues(2)
10:38:37.022 INFO: JdwpDebugServer: handling req: ObjectReference(9).GetValues(2)
10:38:37.022 INFO: JdwpDebugServer: handling req: ObjectReference(9).GetValues(2)
10:38:37.023 INFO: JdwpDebugServer: handling req: ClassType(3).Superclass(1)
10:38:37.023 INFO: JdwpDebugServer: handling req: ObjectReference(9).GetValues(2)
10:38:37.023 INFO: JdwpDebugServer: handling req: ObjectReference(9).GetValues(2)
10:38:37.023 INFO: JdwpDebugServer: handling req: ObjectReference(9).GetValues(2)
10:38:37.023 INFO: JdwpDebugServer: handling req: StringReference(10).Value(1)
10:38:37.023 INFO: JdwpDebugServer: handling req: ObjectReference(9).GetValues(2)
10:38:37.023 INFO: JdwpDebugServer: handling req: ObjectReference(9).GetValues(2)
10:38:37.036 INFO: JdwpDebugServer: handling req: ObjectReference(9).GetValues(2)
10:38:37.037 INFO: JdwpDebugServer: handling req: ClassType(3).Superclass(1)
10:38:37.037 INFO: JdwpDebugServer: handling req: StringReference(10).Value(1)
10:38:40.860 INFO: JdwpDebugServer: handling req: ThreadReference(11).Resume(3)
10:38:40.862 INFO: JdwpEventCenterDelegate: THREAD_RESUMED: thread (33, main, main)
10:38:40.864 INFO: JdwpDebugServer: handling req: ReferenceType(2).MethodsWithGeneric(15)
10:38:40.865 INFO: JdwpDebugServer: handling req: Method(6).LineTable(1)
10:38:40.865 INFO: JdwpDebugServer: handling req: Method(6).LineTable(1)
10:38:40.866 INFO: JdwpDebugServer: handling req: Method(6).LineTable(1)
10:38:40.866 INFO: JdwpDebugServer: handling req: ThreadReference(11).Resume(3)
10:38:40.867 INFO: JdwpEventCenterDelegate: THREAD_RESUMED: thread (33, main, main)
10:38:40.871 INFO: JdwpEventCenterDelegate: THREAD_RESUMED: thread (33, main, main)
10:38:40.907 INFO: JdwpDebugServer: handling req: ThreadReference(11).Name(1)
10:38:40.908 INFO: JdwpDebugServer: handling req: ThreadReference(11).Name(1)
10:38:40.910 INFO: JdwpDebugServer: handling req: ThreadReference(11).Name(1)
10:38:40.921 SEVERE: Debugger: Thread HooksChannel socket thread crashed
org.robovm.debugger.DebuggerException: java.nio.BufferUnderflowException
	at org.robovm.debugger.hooks.HooksChannel.doSocketWork(HooksChannel.java:149)
	at java.base/java.lang.Thread.run(Thread.java:833)
	at org.robovm.debugger.utils.DebuggerThread.run(DebuggerThread.java:42)
Caused by: java.nio.BufferUnderflowException
	at org.robovm.debugger.utils.bytebuffer.DataBufferWriter.writeFromStream(DataBufferWriter.java:91)
	at org.robovm.debugger.hooks.HooksChannel.doSocketWork(HooksChannel.java:116)
	... 2 more
10:38:40.969 INFO: JdwpDebugServer: handling req: ThreadReference(11).Name(1)
