13:10:45.393 INFO: JdwpEventCenterDelegate: THREAD_STARTED: thread (33, main, main)
13:10:45.457 INFO: JdwpEventCenterDelegate: THREAD_STARTED: thread (48, ReferenceQueueDaemon, main)
13:10:45.458 INFO: JdwpEventCenterDelegate: THREAD_STARTED: thread (63, FinalizerDaemon, main)
13:10:45.459 INFO: JdwpEventCenterDelegate: THREAD_STARTED: thread (78, FinalizerWatchdogDaemon, main)
13:10:46.807 INFO: JdwpDebugServer: handling req: VirtualMachine(1).IDSizes(7)
13:10:46.810 INFO: JdwpDebugServer: handling req: EventRequest(15).Set(1)
13:10:46.810 INFO: JdwpEventCenterDelegate: jdwpSetEventRequest: JdwpEventRequest{requestId=100, eventKind=CLASS_UNLOAD, suspendPolicy=NONE, predicates=[]}
13:10:46.811 INFO: JdwpDebugServer: handling req: EventRequest(15).Set(1)
13:10:46.811 INFO: JdwpEventCenterDelegate: jdwpSetEventRequest: JdwpEventRequest{requestId=101, eventKind=THREAD_START, suspendPolicy=NONE, predicates=[]}
13:10:46.812 INFO: JdwpDebugServer: handling req: VirtualMachine(1).ClassesBySignature(2)
13:10:46.814 INFO: JdwpDebugServer: handling req: VirtualMachine(1).Version(1)
13:10:46.816 INFO: JdwpDebugServer: handling req: ReferenceType(2).MethodsWithGeneric(15)
13:10:46.818 INFO: JdwpDebugServer: handling req: Method(6).LineTable(1)
13:10:46.820 INFO: JdwpDebugServer: handling req: EventRequest(15).Set(1)
13:10:46.821 INFO: JdwpEventCenterDelegate: jdwpSetEventRequest: JdwpEventRequest{requestId=102, eventKind=BREAKPOINT, suspendPolicy=NONE, predicates=[Location{classId=845, methodId=257, index=928} ]}
13:10:46.822 INFO: JdwpDebugServer: handling req: EventRequest(15).Set(1)
13:10:46.822 INFO: JdwpEventCenterDelegate: jdwpSetEventRequest: JdwpEventRequest{requestId=103, eventKind=THREAD_DEATH, suspendPolicy=NONE, predicates=[]}
13:10:46.822 INFO: JdwpDebugServer: handling req: VirtualMachine(1).AllThreads(4)
13:10:46.823 INFO: JdwpDebugServer: handling req: ThreadReference(11).ThreadGroup(5)
13:10:46.823 INFO: JdwpDebugServer: handling req: ThreadGroup(12).Name(1)
13:10:46.823 INFO: JdwpDebugServer: handling req: ThreadGroup(12).Parent(2)
13:10:46.824 INFO: JdwpDebugServer: handling req: ObjectReference(9).ReferenceType(1)
13:10:46.824 INFO: JdwpDebugServer: handling req: ReferenceType(2).FieldsWithGeneric(14)
13:10:46.825 INFO: JdwpDebugServer: handling req: ReferenceType(2).Interfaces(10)
13:10:46.826 INFO: JdwpDebugServer: handling req: ReferenceType(2).FieldsWithGeneric(14)
13:10:46.826 INFO: JdwpDebugServer: handling req: ReferenceType(2).Interfaces(10)
13:10:46.826 INFO: JdwpDebugServer: handling req: ClassType(3).Superclass(1)
13:10:46.826 INFO: JdwpDebugServer: handling req: ReferenceType(2).FieldsWithGeneric(14)
13:10:46.826 INFO: JdwpDebugServer: handling req: ReferenceType(2).Interfaces(10)
13:10:46.827 INFO: JdwpDebugServer: handling req: ClassType(3).Superclass(1)
13:10:46.827 INFO: JdwpDebugServer: handling req: ObjectReference(9).GetValues(2)
13:10:46.829 INFO: JdwpDebugServer: handling req: ThreadReference(11).Status(4)
13:10:46.830 INFO: JdwpDebugServer: handling req: ThreadReference(11).Status(4)
13:10:46.830 INFO: JdwpDebugServer: handling req: ThreadReference(11).ThreadGroup(5)
13:10:46.830 INFO: JdwpDebugServer: handling req: ObjectReference(9).ReferenceType(1)
13:10:46.831 INFO: JdwpDebugServer: handling req: ObjectReference(9).GetValues(2)
13:10:46.832 INFO: JdwpDebugServer: handling req: ThreadReference(11).Status(4)
13:10:46.832 INFO: JdwpDebugServer: handling req: ThreadReference(11).Status(4)
13:10:46.832 INFO: JdwpDebugServer: handling req: ThreadReference(11).ThreadGroup(5)
13:10:46.832 INFO: JdwpDebugServer: handling req: ObjectReference(9).ReferenceType(1)
13:10:46.832 INFO: JdwpDebugServer: handling req: ObjectReference(9).GetValues(2)
13:10:46.833 INFO: JdwpDebugServer: handling req: ThreadReference(11).Status(4)
13:10:46.833 INFO: JdwpDebugServer: handling req: ThreadReference(11).Status(4)
13:10:46.833 INFO: JdwpDebugServer: handling req: ThreadReference(11).ThreadGroup(5)
13:10:46.833 INFO: JdwpDebugServer: handling req: ObjectReference(9).ReferenceType(1)
13:10:46.834 INFO: JdwpDebugServer: handling req: ObjectReference(9).GetValues(2)
13:10:46.834 INFO: JdwpDebugServer: handling req: ThreadReference(11).Status(4)
13:10:46.834 INFO: JdwpDebugServer: handling req: ThreadReference(11).Status(4)
13:10:46.837 INFO: JdwpDebugServer: handling req: EventRequest(15).Set(1)
13:10:46.837 INFO: JdwpEventCenterDelegate: jdwpSetEventRequest: JdwpEventRequest{requestId=104, eventKind=CLASS_PREPARE, suspendPolicy=EVENT_THREAD, predicates=[className=java.lang.Throwable]}
13:10:46.844 INFO: JdwpDebugServer: handling req: EventRequest(15).Set(1)
13:10:46.844 INFO: JdwpEventCenterDelegate: jdwpSetEventRequest: JdwpEventRequest{requestId=105, eventKind=CLASS_PREPARE, suspendPolicy=EVENT_THREAD, predicates=[className=java.lang.Throwable$*]}
13:10:46.846 INFO: JdwpDebugServer: handling req: VirtualMachine(1).ClassesBySignature(2)
13:10:46.846 INFO: JdwpDebugServer: handling req: ReferenceType(2).MethodsWithGeneric(15)
13:10:46.847 INFO: JdwpDebugServer: handling req: Method(6).LineTable(1)
13:10:46.848 INFO: JdwpDebugServer: handling req: Method(6).LineTable(1)
13:10:46.848 INFO: JdwpDebugServer: handling req: Method(6).LineTable(1)
13:10:46.848 INFO: JdwpDebugServer: handling req: Method(6).LineTable(1)
13:10:46.848 INFO: JdwpDebugServer: handling req: Method(6).LineTable(1)
13:10:46.849 INFO: JdwpDebugServer: handling req: Method(6).LineTable(1)
13:10:46.849 INFO: JdwpDebugServer: handling req: Method(6).LineTable(1)
13:10:46.849 INFO: JdwpDebugServer: handling req: Method(6).LineTable(1)
13:10:46.849 INFO: JdwpDebugServer: handling req: Method(6).LineTable(1)
13:10:46.849 INFO: JdwpDebugServer: handling req: Method(6).LineTable(1)
13:10:46.849 INFO: JdwpDebugServer: handling req: Method(6).LineTable(1)
13:10:46.850 INFO: JdwpDebugServer: handling req: Method(6).LineTable(1)
13:10:46.850 INFO: JdwpDebugServer: handling req: Method(6).LineTable(1)
13:10:46.850 INFO: JdwpDebugServer: handling req: Method(6).LineTable(1)
13:10:46.850 INFO: JdwpDebugServer: handling req: Method(6).LineTable(1)
13:10:46.850 INFO: JdwpDebugServer: handling req: Method(6).LineTable(1)
13:10:46.850 INFO: JdwpDebugServer: handling req: Method(6).LineTable(1)
13:10:46.850 INFO: JdwpDebugServer: handling req: Method(6).LineTable(1)
13:10:46.851 INFO: JdwpDebugServer: handling req: Method(6).LineTable(1)
13:10:46.851 INFO: JdwpDebugServer: handling req: Method(6).LineTable(1)
13:10:46.851 INFO: JdwpDebugServer: handling req: Method(6).LineTable(1)
13:10:46.851 INFO: JdwpDebugServer: handling req: Method(6).LineTable(1)
13:10:46.851 INFO: JdwpDebugServer: handling req: Method(6).LineTable(1)
13:10:46.851 INFO: JdwpDebugServer: handling req: Method(6).LineTable(1)
13:10:46.851 INFO: JdwpDebugServer: handling req: VirtualMachine(1).ClassesBySignature(2)
13:10:46.852 INFO: JdwpDebugServer: handling req: VirtualMachine(1).AllClassesWithGeneric(20)
13:10:46.866 INFO: JdwpDebugServer: handling req: EventRequest(15).Set(1)
13:10:46.866 INFO: JdwpEventCenterDelegate: jdwpSetEventRequest: JdwpEventRequest{requestId=106, eventKind=CLASS_PREPARE, suspendPolicy=EVENT_THREAD, predicates=[className=com.badlogic.gdx.utils.ScreenUtils]}
13:10:46.868 INFO: JdwpDebugServer: handling req: EventRequest(15).Set(1)
13:10:46.868 INFO: JdwpEventCenterDelegate: jdwpSetEventRequest: JdwpEventRequest{requestId=107, eventKind=CLASS_PREPARE, suspendPolicy=EVENT_THREAD, predicates=[className=com.badlogic.gdx.utils.ScreenUtils$*]}
13:10:46.869 INFO: JdwpDebugServer: handling req: VirtualMachine(1).ClassesBySignature(2)
13:10:46.869 INFO: JdwpDebugServer: handling req: ReferenceType(2).MethodsWithGeneric(15)
13:10:46.869 INFO: JdwpDebugServer: handling req: Method(6).LineTable(1)
13:10:46.870 INFO: JdwpDebugServer: handling req: Method(6).LineTable(1)
13:10:46.870 INFO: JdwpDebugServer: handling req: Method(6).LineTable(1)
13:10:46.870 INFO: JdwpDebugServer: handling req: Method(6).LineTable(1)
13:10:46.870 INFO: JdwpDebugServer: handling req: Method(6).LineTable(1)
13:10:46.870 INFO: JdwpDebugServer: handling req: Method(6).LineTable(1)
13:10:46.870 INFO: JdwpDebugServer: handling req: Method(6).LineTable(1)
13:10:46.871 INFO: JdwpDebugServer: handling req: Method(6).LineTable(1)
13:10:46.871 INFO: JdwpDebugServer: handling req: Method(6).LineTable(1)
13:10:46.871 INFO: JdwpDebugServer: handling req: Method(6).LineTable(1)
13:10:46.871 INFO: JdwpDebugServer: handling req: EventRequest(15).Set(1)
13:10:46.871 INFO: JdwpEventCenterDelegate: jdwpSetEventRequest: JdwpEventRequest{requestId=108, eventKind=BREAKPOINT, suspendPolicy=EVENT_THREAD, predicates=[Location{classId=22230, methodId=1272, index=89} ]}
13:10:46.874 INFO: JdwpDebugServer: handling req: EventRequest(15).Set(1)
13:10:46.874 INFO: JdwpEventCenterDelegate: jdwpSetEventRequest: JdwpEventRequest{requestId=109, eventKind=CLASS_PREPARE, suspendPolicy=EVENT_THREAD, predicates=[className=com.badlogic.gdx.utils.ScreenUtils]}
13:10:46.875 INFO: JdwpDebugServer: handling req: EventRequest(15).Set(1)
13:10:46.875 INFO: JdwpEventCenterDelegate: jdwpSetEventRequest: JdwpEventRequest{requestId=110, eventKind=CLASS_PREPARE, suspendPolicy=EVENT_THREAD, predicates=[className=com.badlogic.gdx.utils.ScreenUtils$*]}
13:10:46.876 INFO: JdwpDebugServer: handling req: VirtualMachine(1).ClassesBySignature(2)
13:10:46.876 INFO: JdwpDebugServer: handling req: EventRequest(15).Set(1)
13:10:46.876 INFO: JdwpEventCenterDelegate: jdwpSetEventRequest: JdwpEventRequest{requestId=111, eventKind=BREAKPOINT, suspendPolicy=EVENT_THREAD, predicates=[Location{classId=22230, methodId=1267, index=72} ]}
13:10:46.877 INFO: JdwpDebugServer: handling req: EventRequest(15).Set(1)
13:10:46.877 INFO: JdwpEventCenterDelegate: jdwpSetEventRequest: JdwpEventRequest{requestId=112, eventKind=CLASS_PREPARE, suspendPolicy=EVENT_THREAD, predicates=[className=com.abdalla.bushnaq.pluvia.engine.GameEngine]}
13:10:46.878 INFO: JdwpDebugServer: handling req: EventRequest(15).Set(1)
13:10:46.878 INFO: JdwpEventCenterDelegate: jdwpSetEventRequest: JdwpEventRequest{requestId=113, eventKind=CLASS_PREPARE, suspendPolicy=EVENT_THREAD, predicates=[className=com.abdalla.bushnaq.pluvia.engine.GameEngine$*]}
13:10:46.878 INFO: JdwpDebugServer: handling req: VirtualMachine(1).ClassesBySignature(2)
13:10:46.879 INFO: JdwpDebugServer: handling req: ReferenceType(2).MethodsWithGeneric(15)
13:10:46.879 INFO: JdwpDebugServer: handling req: Method(6).LineTable(1)
13:10:46.879 INFO: JdwpDebugServer: handling req: Method(6).LineTable(1)
13:10:46.879 INFO: JdwpDebugServer: handling req: Method(6).LineTable(1)
13:10:46.879 INFO: JdwpDebugServer: handling req: Method(6).LineTable(1)
13:10:46.879 INFO: JdwpDebugServer: handling req: Method(6).LineTable(1)
13:10:46.880 INFO: JdwpDebugServer: handling req: Method(6).LineTable(1)
13:10:46.880 INFO: JdwpDebugServer: handling req: Method(6).LineTable(1)
13:10:46.880 INFO: JdwpDebugServer: handling req: Method(6).LineTable(1)
13:10:46.880 INFO: JdwpDebugServer: handling req: Method(6).LineTable(1)
13:10:46.880 INFO: JdwpDebugServer: handling req: Method(6).LineTable(1)
13:10:46.880 INFO: JdwpDebugServer: handling req: Method(6).LineTable(1)
13:10:46.880 INFO: JdwpDebugServer: handling req: Method(6).LineTable(1)
13:10:46.881 INFO: JdwpDebugServer: handling req: Method(6).LineTable(1)
13:10:46.881 INFO: JdwpDebugServer: handling req: Method(6).LineTable(1)
13:10:46.881 INFO: JdwpDebugServer: handling req: Method(6).LineTable(1)
13:10:46.881 INFO: JdwpDebugServer: handling req: Method(6).LineTable(1)
13:10:46.881 INFO: JdwpDebugServer: handling req: Method(6).LineTable(1)
13:10:46.882 INFO: JdwpDebugServer: handling req: Method(6).LineTable(1)
13:10:46.882 INFO: JdwpDebugServer: handling req: Method(6).LineTable(1)
13:10:46.882 INFO: JdwpDebugServer: handling req: Method(6).LineTable(1)
13:10:46.882 INFO: JdwpDebugServer: handling req: Method(6).LineTable(1)
13:10:46.882 INFO: JdwpDebugServer: handling req: Method(6).LineTable(1)
13:10:46.882 INFO: JdwpDebugServer: handling req: Method(6).LineTable(1)
13:10:46.882 INFO: JdwpDebugServer: handling req: Method(6).LineTable(1)
13:10:46.882 INFO: JdwpDebugServer: handling req: Method(6).LineTable(1)
13:10:46.883 INFO: JdwpDebugServer: handling req: Method(6).LineTable(1)
13:10:46.883 INFO: JdwpDebugServer: handling req: Method(6).LineTable(1)
13:10:46.883 INFO: JdwpDebugServer: handling req: Method(6).LineTable(1)
13:10:46.883 INFO: JdwpDebugServer: handling req: Method(6).LineTable(1)
13:10:46.883 INFO: JdwpDebugServer: handling req: Method(6).LineTable(1)
13:10:46.883 INFO: JdwpDebugServer: handling req: Method(6).LineTable(1)
13:10:46.883 INFO: JdwpDebugServer: handling req: Method(6).LineTable(1)
13:10:46.883 INFO: JdwpDebugServer: handling req: EventRequest(15).Set(1)
13:10:46.884 INFO: JdwpEventCenterDelegate: jdwpSetEventRequest: JdwpEventRequest{requestId=114, eventKind=BREAKPOINT, suspendPolicy=EVENT_THREAD, predicates=[Location{classId=16855, methodId=1297, index=100} ]}
13:10:46.884 INFO: JdwpDebugServer: handling req: EventRequest(15).Set(1)
13:10:46.884 INFO: JdwpEventCenterDelegate: jdwpSetEventRequest: JdwpEventRequest{requestId=115, eventKind=CLASS_PREPARE, suspendPolicy=EVENT_THREAD, predicates=[className=com.abdalla.bushnaq.pluvia.launcher.IOSLauncher]}
13:10:46.885 INFO: JdwpDebugServer: handling req: EventRequest(15).Set(1)
13:10:46.885 INFO: JdwpEventCenterDelegate: jdwpSetEventRequest: JdwpEventRequest{requestId=116, eventKind=CLASS_PREPARE, suspendPolicy=EVENT_THREAD, predicates=[className=com.abdalla.bushnaq.pluvia.launcher.IOSLauncher$*]}
13:10:46.886 INFO: JdwpDebugServer: handling req: VirtualMachine(1).ClassesBySignature(2)
13:10:46.886 INFO: JdwpDebugServer: handling req: ReferenceType(2).MethodsWithGeneric(15)
13:10:46.886 INFO: JdwpDebugServer: handling req: Method(6).LineTable(1)
13:10:46.886 INFO: JdwpDebugServer: handling req: Method(6).LineTable(1)
13:10:46.887 INFO: JdwpDebugServer: handling req: Method(6).LineTable(1)
13:10:46.887 INFO: JdwpDebugServer: handling req: Method(6).LineTable(1)
13:10:46.887 INFO: JdwpDebugServer: handling req: Method(6).LineTable(1)
13:10:46.887 INFO: JdwpDebugServer: handling req: Method(6).LineTable(1)
13:10:46.887 INFO: JdwpDebugServer: handling req: Method(6).LineTable(1)
13:10:46.887 INFO: JdwpDebugServer: handling req: Method(6).LineTable(1)
13:10:46.887 INFO: JdwpDebugServer: handling req: EventRequest(15).Set(1)
13:10:46.887 INFO: JdwpEventCenterDelegate: jdwpSetEventRequest: JdwpEventRequest{requestId=117, eventKind=BREAKPOINT, suspendPolicy=EVENT_THREAD, predicates=[Location{classId=12880, methodId=1462, index=73} ]}
13:10:46.888 INFO: JdwpDebugServer: handling req: EventRequest(15).Set(1)
13:10:46.888 INFO: JdwpEventCenterDelegate: jdwpSetEventRequest: JdwpEventRequest{requestId=118, eventKind=CLASS_PREPARE, suspendPolicy=EVENT_THREAD, predicates=[className=com.abdalla.bushnaq.pluvia.launcher.IOSLauncher]}
13:10:46.889 INFO: JdwpDebugServer: handling req: EventRequest(15).Set(1)
13:10:46.889 INFO: JdwpEventCenterDelegate: jdwpSetEventRequest: JdwpEventRequest{requestId=119, eventKind=CLASS_PREPARE, suspendPolicy=EVENT_THREAD, predicates=[className=com.abdalla.bushnaq.pluvia.launcher.IOSLauncher$*]}
13:10:46.889 INFO: JdwpDebugServer: handling req: VirtualMachine(1).ClassesBySignature(2)
13:10:46.890 INFO: JdwpDebugServer: handling req: EventRequest(15).Set(1)
13:10:46.890 INFO: JdwpEventCenterDelegate: jdwpSetEventRequest: JdwpEventRequest{requestId=120, eventKind=BREAKPOINT, suspendPolicy=EVENT_THREAD, predicates=[Location{classId=12880, methodId=1467, index=91} ]}
13:10:46.890 INFO: JdwpDebugServer: handling req: EventRequest(15).Set(1)
13:10:46.890 INFO: JdwpEventCenterDelegate: jdwpSetEventRequest: JdwpEventRequest{requestId=121, eventKind=CLASS_PREPARE, suspendPolicy=EVENT_THREAD, predicates=[className=com.abdalla.bushnaq.pluvia.launcher.IOSLauncher]}
13:10:46.891 INFO: JdwpDebugServer: handling req: EventRequest(15).Set(1)
13:10:46.891 INFO: JdwpEventCenterDelegate: jdwpSetEventRequest: JdwpEventRequest{requestId=122, eventKind=CLASS_PREPARE, suspendPolicy=EVENT_THREAD, predicates=[className=com.abdalla.bushnaq.pluvia.launcher.IOSLauncher$*]}
13:10:46.891 INFO: JdwpDebugServer: handling req: VirtualMachine(1).ClassesBySignature(2)
13:10:46.892 INFO: JdwpDebugServer: handling req: EventRequest(15).Set(1)
13:10:46.892 INFO: JdwpEventCenterDelegate: jdwpSetEventRequest: JdwpEventRequest{requestId=123, eventKind=BREAKPOINT, suspendPolicy=EVENT_THREAD, predicates=[Location{classId=12880, methodId=1457, index=50} ]}
13:10:46.892 INFO: JdwpDebugServer: handling req: EventRequest(15).Set(1)
13:10:46.892 INFO: JdwpEventCenterDelegate: jdwpSetEventRequest: JdwpEventRequest{requestId=124, eventKind=CLASS_PREPARE, suspendPolicy=EVENT_THREAD, predicates=[className=com.abdalla.bushnaq.pluvia.launcher.IOSLauncher]}
13:10:46.893 INFO: JdwpDebugServer: handling req: EventRequest(15).Set(1)
13:10:46.893 INFO: JdwpEventCenterDelegate: jdwpSetEventRequest: JdwpEventRequest{requestId=125, eventKind=CLASS_PREPARE, suspendPolicy=EVENT_THREAD, predicates=[className=com.abdalla.bushnaq.pluvia.launcher.IOSLauncher$*]}
13:10:46.893 INFO: JdwpDebugServer: handling req: VirtualMachine(1).ClassesBySignature(2)
13:10:46.894 INFO: JdwpDebugServer: handling req: EventRequest(15).Set(1)
13:10:46.894 INFO: JdwpEventCenterDelegate: jdwpSetEventRequest: JdwpEventRequest{requestId=126, eventKind=BREAKPOINT, suspendPolicy=EVENT_THREAD, predicates=[Location{classId=12880, methodId=1457, index=38} ]}
13:10:46.894 INFO: JdwpDebugServer: handling req: EventRequest(15).Set(1)
13:10:46.894 INFO: JdwpEventCenterDelegate: jdwpSetEventRequest: JdwpEventRequest{requestId=127, eventKind=CLASS_PREPARE, suspendPolicy=EVENT_THREAD, predicates=[className=com.abdalla.bushnaq.pluvia.launcher.IOSLauncher]}
13:10:46.895 INFO: JdwpDebugServer: handling req: EventRequest(15).Set(1)
13:10:46.895 INFO: JdwpEventCenterDelegate: jdwpSetEventRequest: JdwpEventRequest{requestId=128, eventKind=CLASS_PREPARE, suspendPolicy=EVENT_THREAD, predicates=[className=com.abdalla.bushnaq.pluvia.launcher.IOSLauncher$*]}
13:10:46.896 INFO: JdwpDebugServer: handling req: VirtualMachine(1).ClassesBySignature(2)
13:10:46.896 INFO: JdwpDebugServer: handling req: EventRequest(15).Set(1)
13:10:46.896 INFO: JdwpEventCenterDelegate: jdwpSetEventRequest: JdwpEventRequest{requestId=129, eventKind=BREAKPOINT, suspendPolicy=EVENT_THREAD, predicates=[Location{classId=12880, methodId=1462, index=74} ]}
13:10:46.896 INFO: JdwpDebugServer: handling req: EventRequest(15).Set(1)
13:10:46.896 INFO: JdwpEventCenterDelegate: jdwpSetEventRequest: JdwpEventRequest{requestId=130, eventKind=CLASS_PREPARE, suspendPolicy=EVENT_THREAD, predicates=[className=com.abdalla.bushnaq.pluvia.launcher.IOSLauncher]}
13:10:46.897 INFO: JdwpDebugServer: handling req: EventRequest(15).Set(1)
13:10:46.897 INFO: JdwpEventCenterDelegate: jdwpSetEventRequest: JdwpEventRequest{requestId=131, eventKind=CLASS_PREPARE, suspendPolicy=EVENT_THREAD, predicates=[className=com.abdalla.bushnaq.pluvia.launcher.IOSLauncher$*]}
13:10:46.898 INFO: JdwpDebugServer: handling req: VirtualMachine(1).ClassesBySignature(2)
13:10:46.898 INFO: JdwpDebugServer: handling req: EventRequest(15).Set(1)
13:10:46.898 INFO: JdwpEventCenterDelegate: jdwpSetEventRequest: JdwpEventRequest{requestId=132, eventKind=BREAKPOINT, suspendPolicy=EVENT_THREAD, predicates=[Location{classId=12880, methodId=1467, index=93} ]}
13:10:46.899 INFO: JdwpDebugServer: handling req: VirtualMachine(1).capabilitiesNew(17)
13:10:46.904 INFO: JdwpDebugServer: handling req: EventRequest(15).Set(1)
13:10:46.904 INFO: JdwpEventCenterDelegate: jdwpSetEventRequest: JdwpEventRequest{requestId=133, eventKind=CLASS_PREPARE, suspendPolicy=EVENT_THREAD, predicates=[className=java.lang.Error]}
13:10:46.905 INFO: JdwpDebugServer: handling req: EventRequest(15).Set(1)
13:10:46.905 INFO: JdwpEventCenterDelegate: jdwpSetEventRequest: JdwpEventRequest{requestId=134, eventKind=CLASS_PREPARE, suspendPolicy=EVENT_THREAD, predicates=[className=java.lang.Error$*]}
13:10:46.906 INFO: JdwpDebugServer: handling req: VirtualMachine(1).ClassesBySignature(2)
13:10:46.909 INFO: JdwpDebugServer: handling req: EventRequest(15).Set(1)
13:10:46.909 INFO: JdwpEventCenterDelegate: jdwpSetEventRequest: JdwpEventRequest{requestId=135, eventKind=EXCEPTION, suspendPolicy=EVENT_THREAD, predicates=[exceptionType=3425(caught=true, uncaught=true)]}
13:10:46.964 INFO: JdwpDebugServer: handling req: EventRequest(15).Set(1)
13:10:46.964 INFO: JdwpEventCenterDelegate: jdwpSetEventRequest: JdwpEventRequest{requestId=136, eventKind=CLASS_PREPARE, suspendPolicy=EVENT_THREAD, predicates=[className=java.lang.Throwable]}
13:10:46.966 INFO: JdwpDebugServer: handling req: EventRequest(15).Set(1)
13:10:46.966 INFO: JdwpEventCenterDelegate: jdwpSetEventRequest: JdwpEventRequest{requestId=137, eventKind=CLASS_PREPARE, suspendPolicy=EVENT_THREAD, predicates=[className=java.lang.Throwable$*]}
13:10:46.968 INFO: JdwpDebugServer: handling req: VirtualMachine(1).ClassesBySignature(2)
13:10:46.969 INFO: JdwpDebugServer: handling req: EventRequest(15).Set(1)
13:10:46.969 INFO: JdwpEventCenterDelegate: jdwpSetEventRequest: JdwpEventRequest{requestId=138, eventKind=EXCEPTION, suspendPolicy=EVENT_THREAD, predicates=[exceptionType=7695(caught=false, uncaught=true)]}
13:10:46.971 INFO: JdwpDebugServer: handling req: ThreadReference(11).SuspendCount(12)
13:10:46.971 INFO: JdwpDebugServer: handling req: ThreadReference(11).SuspendCount(12)
13:10:46.971 INFO: JdwpDebugServer: handling req: ThreadReference(11).SuspendCount(12)
13:10:46.971 INFO: JdwpDebugServer: handling req: ThreadReference(11).SuspendCount(12)
13:10:46.972 INFO: JdwpDebugServer: handling req: VirtualMachine(1).AllThreads(4)
13:10:46.972 INFO: JdwpDebugServer: handling req: VirtualMachine(1).Resume(9)
13:10:47.009 INFO: JdwpDebugServer: handling req: EventRequest(15).Set(1)
13:10:47.009 INFO: JdwpEventCenterDelegate: jdwpSetEventRequest: JdwpEventRequest{requestId=139, eventKind=BREAKPOINT, suspendPolicy=EVENT_THREAD, predicates=[Location{classId=12880, methodId=1462, index=73} ]}
13:10:47.012 INFO: JdwpDebugServer: handling req: EventRequest(15).Set(1)
13:10:47.012 INFO: JdwpEventCenterDelegate: jdwpSetEventRequest: JdwpEventRequest{requestId=140, eventKind=BREAKPOINT, suspendPolicy=EVENT_THREAD, predicates=[Location{classId=12880, methodId=1467, index=91} ]}
13:10:47.013 INFO: JdwpDebugServer: handling req: EventRequest(15).Set(1)
13:10:47.013 INFO: JdwpEventCenterDelegate: jdwpSetEventRequest: JdwpEventRequest{requestId=141, eventKind=BREAKPOINT, suspendPolicy=EVENT_THREAD, predicates=[Location{classId=12880, methodId=1457, index=50} ]}
13:10:47.014 INFO: JdwpDebugServer: handling req: EventRequest(15).Set(1)
13:10:47.014 INFO: JdwpEventCenterDelegate: jdwpSetEventRequest: JdwpEventRequest{requestId=142, eventKind=BREAKPOINT, suspendPolicy=EVENT_THREAD, predicates=[Location{classId=12880, methodId=1457, index=38} ]}
13:10:47.015 INFO: JdwpDebugServer: handling req: EventRequest(15).Set(1)
13:10:47.015 INFO: JdwpEventCenterDelegate: jdwpSetEventRequest: JdwpEventRequest{requestId=143, eventKind=BREAKPOINT, suspendPolicy=EVENT_THREAD, predicates=[Location{classId=12880, methodId=1462, index=74} ]}
13:10:47.016 INFO: JdwpDebugServer: handling req: EventRequest(15).Set(1)
13:10:47.016 INFO: JdwpEventCenterDelegate: jdwpSetEventRequest: JdwpEventRequest{requestId=144, eventKind=BREAKPOINT, suspendPolicy=EVENT_THREAD, predicates=[Location{classId=12880, methodId=1467, index=93} ]}
13:10:47.017 INFO: JdwpDebugServer: handling req: ThreadReference(11).Resume(3)
13:10:47.017 INFO: JdwpEventCenterDelegate: THREAD_RESUMED: thread (33, main, main)
13:10:47.039 INFO: JdwpEventCenterDelegate: THREAD_RESUMED: thread (33, main, main)
13:10:47.039 INFO: JdwpEventCenterDelegate: THREAD_RESUMED: thread (33, main, main)
13:10:47.040 INFO: JdwpEventCenterDelegate: THREAD_RESUMED: thread (33, main, main)
13:10:47.040 INFO: JdwpEventCenterDelegate: THREAD_RESUMED: thread (33, main, main)
13:10:47.041 INFO: JdwpEventCenterDelegate: THREAD_RESUMED: thread (33, main, main)
13:10:47.041 INFO: JdwpEventCenterDelegate: THREAD_RESUMED: thread (33, main, main)
13:10:47.041 INFO: JdwpEventCenterDelegate: THREAD_RESUMED: thread (33, main, main)
13:10:47.043 INFO: JdwpEventCenterDelegate: THREAD_RESUMED: thread (33, main, main)
13:10:47.044 INFO: JdwpEventCenterDelegate: THREAD_RESUMED: thread (33, main, main)
13:10:47.044 INFO: JdwpEventCenterDelegate: THREAD_RESUMED: thread (33, main, main)
13:10:47.045 INFO: JdwpEventCenterDelegate: THREAD_RESUMED: thread (33, main, main)
13:10:47.051 INFO: JdwpEventCenterDelegate: THREAD_RESUMED: thread (33, main, main)
13:10:47.051 INFO: JdwpEventCenterDelegate: THREAD_RESUMED: thread (33, main, main)
13:10:47.051 INFO: JdwpEventCenterDelegate: THREAD_RESUMED: thread (33, main, main)
13:10:47.106 INFO: JdwpDebugServer: handling req: ThreadReference(11).Frames(6)
13:10:47.443 INFO: JdwpDebugServer: handling req: ThreadReference(11).FramesCount(7)
13:10:47.444 INFO: JdwpDebugServer: handling req: ThreadReference(11).FramesCount(7)
13:10:47.489 INFO: JdwpDebugServer: handling req: ThreadReference(11).Name(1)
13:10:47.489 INFO: JdwpDebugServer: handling req: ReferenceType(2).SignatureWithGeneric(13)
13:10:47.579 INFO: JdwpDebugServer: handling req: ReferenceType(2).FieldsWithGeneric(14)
13:10:47.580 INFO: JdwpDebugServer: handling req: ReferenceType(2).Interfaces(10)
13:10:47.580 INFO: JdwpDebugServer: handling req: ReferenceType(2).FieldsWithGeneric(14)
13:10:47.580 INFO: JdwpDebugServer: handling req: ReferenceType(2).Interfaces(10)
13:10:47.580 INFO: JdwpDebugServer: handling req: ClassType(3).Superclass(1)
13:10:47.580 INFO: JdwpDebugServer: handling req: ReferenceType(2).FieldsWithGeneric(14)
13:10:47.580 INFO: JdwpDebugServer: handling req: ReferenceType(2).Interfaces(10)
13:10:47.580 INFO: JdwpDebugServer: handling req: ClassType(3).Superclass(1)
13:10:47.580 INFO: JdwpDebugServer: handling req: ReferenceType(2).FieldsWithGeneric(14)
13:10:47.581 INFO: JdwpDebugServer: handling req: ReferenceType(2).Interfaces(10)
13:10:47.581 INFO: JdwpDebugServer: handling req: ReferenceType(2).FieldsWithGeneric(14)
13:10:47.581 INFO: JdwpDebugServer: handling req: ReferenceType(2).Interfaces(10)
13:10:47.581 INFO: JdwpDebugServer: handling req: ReferenceType(2).FieldsWithGeneric(14)
13:10:47.581 INFO: JdwpDebugServer: handling req: ReferenceType(2).Interfaces(10)
13:10:47.581 INFO: JdwpDebugServer: handling req: ReferenceType(2).FieldsWithGeneric(14)
13:10:47.581 INFO: JdwpDebugServer: handling req: ThreadReference(11).Name(1)
13:10:47.581 INFO: JdwpDebugServer: handling req: ReferenceType(2).Interfaces(10)
13:10:47.581 INFO: JdwpDebugServer: handling req: ClassType(3).Superclass(1)
13:10:47.581 INFO: JdwpDebugServer: handling req: ReferenceType(2).FieldsWithGeneric(14)
13:10:47.582 INFO: JdwpDebugServer: handling req: ReferenceType(2).Interfaces(10)
13:10:47.582 INFO: JdwpDebugServer: handling req: ClassType(3).Superclass(1)
13:10:47.582 INFO: JdwpDebugServer: handling req: ReferenceType(2).FieldsWithGeneric(14)
13:10:47.582 INFO: JdwpDebugServer: handling req: ReferenceType(2).Interfaces(10)
13:10:47.582 INFO: JdwpDebugServer: handling req: ClassType(3).Superclass(1)
13:10:47.582 INFO: JdwpDebugServer: handling req: ReferenceType(2).FieldsWithGeneric(14)
13:10:47.582 INFO: JdwpDebugServer: handling req: ReferenceType(2).Interfaces(10)
13:10:47.582 INFO: JdwpDebugServer: handling req: ClassType(3).Superclass(1)
13:10:47.583 INFO: JdwpDebugServer: handling req: ClassType(3).Superclass(1)
13:10:47.583 INFO: JdwpDebugServer: handling req: Method(6).VariableTableWithGenerics(5)
13:10:47.584 INFO: JdwpDebugServer: handling req: ReferenceType(2).SourceFile(7)
13:10:47.585 INFO: JdwpDebugServer: handling req: ThreadReference(11).Name(1)
13:10:47.586 INFO: JdwpDebugServer: handling req: ThreadReference(11).Name(1)
13:10:47.586 INFO: JdwpDebugServer: handling req: ThreadReference(11).Name(1)
13:10:47.587 INFO: JdwpDebugServer: handling req: ThreadReference(11).Name(1)
13:10:47.608 INFO: JdwpDebugServer: handling req: StackFrame(16).GetValues(1)
13:10:47.610 INFO: JdwpDebugServer: handling req: ArrayReference(13).Length(1)
13:10:47.610 INFO: JdwpDebugServer: handling req: StackFrame(16).GetValues(1)
13:10:47.611 INFO: JdwpDebugServer: handling req: ObjectReference(9).ReferenceType(1)
13:10:47.611 INFO: JdwpDebugServer: handling req: ReferenceType(2).FieldsWithGeneric(14)
13:10:47.611 INFO: JdwpDebugServer: handling req: ReferenceType(2).Interfaces(10)
13:10:47.612 INFO: JdwpDebugServer: handling req: StackFrame(16).GetValues(1)
13:10:47.612 INFO: JdwpDebugServer: handling req: ReferenceType(2).FieldsWithGeneric(14)
13:10:47.612 INFO: JdwpDebugServer: handling req: ReferenceType(2).Interfaces(10)
13:10:47.612 INFO: JdwpDebugServer: handling req: StackFrame(16).GetValues(1)
13:10:47.612 INFO: JdwpDebugServer: handling req: ClassType(3).Superclass(1)
13:10:47.613 INFO: JdwpDebugServer: handling req: ObjectReference(9).ReferenceType(1)
13:10:47.614 INFO: JdwpDebugServer: handling req: StackFrame(16).GetValues(1)
13:10:47.614 INFO: JdwpDebugServer: handling req: StackFrame(16).GetValues(1)
13:10:47.614 INFO: JdwpDebugServer: handling req: StackFrame(16).GetValues(1)
13:10:47.614 INFO: JdwpDebugServer: handling req: ReferenceType(2).Signature(1)
13:10:47.615 INFO: JdwpDebugServer: handling req: ReferenceType(2).ClassLoader(2)
13:10:47.615 INFO: JdwpDebugServer: handling req: VirtualMachine(1).ClassesBySignature(2)
13:10:47.615 INFO: JdwpDebugServer: handling req: ReferenceType(2).ClassLoader(2)
13:10:47.616 INFO: JdwpDebugServer: handling req: StackFrame(16).GetValues(1)
13:10:47.616 INFO: JdwpDebugServer: handling req: StackFrame(16).GetValues(1)
13:10:47.617 INFO: JdwpDebugServer: handling req: StackFrame(16).GetValues(1)
13:10:47.617 INFO: JdwpDebugServer: handling req: StackFrame(16).GetValues(1)
13:10:47.618 INFO: JdwpDebugServer: handling req: ClassType(3).Superclass(1)
13:10:47.618 INFO: JdwpDebugServer: handling req: ClassType(3).Superclass(1)
13:10:47.619 INFO: JdwpDebugServer: handling req: StackFrame(16).GetValues(1)
13:10:47.619 INFO: JdwpDebugServer: handling req: StackFrame(16).GetValues(1)
13:10:47.619 INFO: JdwpDebugServer: handling req: StackFrame(16).GetValues(1)
13:10:47.619 INFO: JdwpDebugServer: handling req: StackFrame(16).GetValues(1)
13:10:47.620 INFO: JdwpDebugServer: handling req: StackFrame(16).GetValues(1)
13:10:47.627 INFO: JdwpDebugServer: handling req: ThreadReference(11).FramesCount(7)
13:10:47.638 INFO: JdwpDebugServer: handling req: ThreadReference(11).Name(1)
13:10:47.638 INFO: JdwpDebugServer: handling req: ThreadReference(11).FramesCount(7)
13:10:47.638 INFO: JdwpDebugServer: handling req: ThreadReference(11).Name(1)
13:10:47.639 INFO: JdwpDebugServer: handling req: ThreadReference(11).Name(1)
13:10:47.639 INFO: JdwpDebugServer: handling req: ThreadReference(11).Name(1)
13:10:49.634 INFO: JdwpDebugServer: handling req: ThreadReference(11).Resume(3)
13:10:49.634 INFO: JdwpEventCenterDelegate: THREAD_RESUMED: thread (33, main, main)
13:10:49.640 INFO: JdwpEventCenterDelegate: THREAD_RESUMED: thread (33, main, main)
13:10:49.641 INFO: JdwpEventCenterDelegate: THREAD_RESUMED: thread (33, main, main)
13:10:49.641 INFO: JdwpEventCenterDelegate: THREAD_RESUMED: thread (33, main, main)
13:10:49.659 INFO: JdwpEventCenterDelegate: THREAD_RESUMED: thread (33, main, main)
13:10:49.660 INFO: JdwpEventCenterDelegate: THREAD_RESUMED: thread (33, main, main)
13:10:49.660 INFO: JdwpEventCenterDelegate: THREAD_RESUMED: thread (33, main, main)
13:10:49.683 INFO: JdwpDebugServer: handling req: ThreadReference(11).Name(1)
13:10:49.685 INFO: JdwpDebugServer: handling req: ThreadReference(11).Name(1)
13:10:49.686 INFO: JdwpDebugServer: handling req: ThreadReference(11).Name(1)
13:10:49.733 INFO: JdwpDebugServer: handling req: ThreadReference(11).Name(1)
13:10:49.915 INFO: JdwpDebugServer: handling req: ThreadReference(11).Frames(6)
13:10:49.916 INFO: JdwpDebugServer: handling req: ReferenceType(2).MethodsWithGeneric(15)
13:10:49.916 INFO: JdwpDebugServer: handling req: ReferenceType(2).MethodsWithGeneric(15)
13:10:49.917 INFO: JdwpDebugServer: handling req: ThreadReference(11).FramesCount(7)
13:10:49.917 INFO: JdwpDebugServer: handling req: ThreadReference(11).FramesCount(7)
13:10:49.949 INFO: JdwpDebugServer: handling req: ThreadReference(11).Name(1)
13:10:49.949 INFO: JdwpDebugServer: handling req: StackFrame(16).ThisObject(3)
13:10:49.952 INFO: JdwpDebugServer: handling req: ObjectReference(9).ReferenceType(1)
13:10:49.954 INFO: JdwpDebugServer: handling req: ThreadReference(11).Name(1)
13:10:49.955 INFO: JdwpDebugServer: handling req: ThreadReference(11).Name(1)
13:10:49.955 INFO: JdwpDebugServer: handling req: ThreadReference(11).Name(1)
13:10:49.955 INFO: JdwpDebugServer: handling req: ThreadReference(11).Name(1)
13:10:49.974 INFO: JdwpDebugServer: handling req: Method(6).VariableTableWithGenerics(5)
13:10:49.975 INFO: JdwpDebugServer: handling req: ThreadReference(11).FramesCount(7)
13:10:49.977 INFO: JdwpDebugServer: handling req: ThreadReference(11).Name(1)
13:10:49.983 INFO: JdwpDebugServer: handling req: ThreadReference(11).FramesCount(7)
13:10:49.985 INFO: JdwpDebugServer: handling req: StackFrame(16).ThisObject(3)
13:10:49.986 INFO: JdwpDebugServer: handling req: ObjectReference(9).ReferenceType(1)
13:10:49.986 INFO: JdwpDebugServer: handling req: Method(6).LineTable(1)
13:10:49.986 INFO: JdwpDebugServer: handling req: Method(6).LineTable(1)
13:10:49.987 INFO: JdwpDebugServer: handling req: ReferenceType(2).Modifiers(3)
13:10:49.987 INFO: JdwpDebugServer: handling req: ClassType(3).Superclass(1)
13:10:50.987 INFO: JdwpDebugServer: handling req: ThreadReference(11).Resume(3)
13:10:50.988 INFO: JdwpEventCenterDelegate: THREAD_RESUMED: thread (33, main, main)
13:10:51.010 INFO: JdwpDebugServer: handling req: ThreadReference(11).Name(1)
13:10:51.012 INFO: JdwpDebugServer: handling req: ThreadReference(11).Name(1)
13:10:51.013 INFO: JdwpDebugServer: handling req: ThreadReference(11).Name(1)
13:10:51.045 INFO: JdwpEventCenterDelegate: THREAD_RESUMED: thread (33, main, main)
13:10:51.046 INFO: JdwpEventCenterDelegate: THREAD_RESUMED: thread (33, main, main)
13:10:51.046 INFO: JdwpEventCenterDelegate: THREAD_RESUMED: thread (33, main, main)
13:10:51.087 INFO: JdwpDebugServer: handling req: ThreadReference(11).Name(1)
13:10:51.120 INFO: JdwpEventCenterDelegate: THREAD_RESUMED: thread (33, main, main)
13:10:51.121 INFO: JdwpEventCenterDelegate: THREAD_RESUMED: thread (33, main, main)
13:10:51.122 INFO: JdwpEventCenterDelegate: THREAD_RESUMED: thread (33, main, main)
13:10:51.146 INFO: JdwpEventCenterDelegate: THREAD_RESUMED: thread (33, main, main)
13:10:51.148 INFO: JdwpEventCenterDelegate: THREAD_RESUMED: thread (33, main, main)
13:10:51.149 INFO: JdwpEventCenterDelegate: THREAD_RESUMED: thread (33, main, main)
13:10:51.174 INFO: JdwpEventCenterDelegate: THREAD_RESUMED: thread (33, main, main)
13:10:51.175 INFO: JdwpEventCenterDelegate: THREAD_RESUMED: thread (33, main, main)
13:10:51.176 INFO: JdwpEventCenterDelegate: THREAD_RESUMED: thread (33, main, main)
13:10:51.177 INFO: JdwpEventCenterDelegate: THREAD_RESUMED: thread (33, main, main)
13:10:51.185 INFO: JdwpEventCenterDelegate: THREAD_RESUMED: thread (33, main, main)
13:10:51.185 INFO: JdwpEventCenterDelegate: THREAD_RESUMED: thread (33, main, main)
13:10:51.730 INFO: JdwpDebugServer: handling req: ThreadReference(11).Frames(6)
13:10:51.730 INFO: JdwpDebugServer: handling req: ReferenceType(2).MethodsWithGeneric(15)
13:10:51.730 INFO: JdwpDebugServer: handling req: ReferenceType(2).MethodsWithGeneric(15)
13:10:51.731 INFO: JdwpDebugServer: handling req: ThreadReference(11).FramesCount(7)
13:10:51.731 INFO: JdwpDebugServer: handling req: ThreadReference(11).FramesCount(7)
13:10:51.757 INFO: JdwpDebugServer: handling req: ThreadReference(11).Name(1)
13:10:51.757 INFO: JdwpDebugServer: handling req: StackFrame(16).ThisObject(3)
13:10:51.757 INFO: JdwpDebugServer: handling req: ObjectReference(9).ReferenceType(1)
13:10:51.758 INFO: JdwpDebugServer: handling req: ThreadReference(11).Name(1)
13:10:51.758 INFO: JdwpDebugServer: handling req: ThreadReference(11).Name(1)
13:10:51.758 INFO: JdwpDebugServer: handling req: ThreadReference(11).Name(1)
13:10:51.759 INFO: JdwpDebugServer: handling req: ThreadReference(11).Name(1)
13:10:51.787 INFO: JdwpDebugServer: handling req: ThreadReference(11).FramesCount(7)
13:10:51.787 INFO: JdwpDebugServer: handling req: Method(6).VariableTableWithGenerics(5)
13:10:51.794 INFO: JdwpDebugServer: handling req: ThreadReference(11).Name(1)
13:10:51.794 INFO: JdwpDebugServer: handling req: ThreadReference(11).FramesCount(7)
13:10:51.795 INFO: JdwpDebugServer: handling req: ClassType(3).Superclass(1)
13:10:51.796 INFO: JdwpDebugServer: handling req: StackFrame(16).ThisObject(3)
13:10:51.797 INFO: JdwpDebugServer: handling req: ObjectReference(9).ReferenceType(1)
13:10:51.797 INFO: JdwpDebugServer: handling req: Method(6).LineTable(1)
13:10:51.797 INFO: JdwpDebugServer: handling req: StackFrame(16).ThisObject(3)
13:10:51.798 INFO: JdwpDebugServer: handling req: ObjectReference(9).ReferenceType(1)
13:10:51.798 INFO: JdwpDebugServer: handling req: Method(6).LineTable(1)
13:10:53.339 INFO: JdwpDebugServer: handling req: ThreadReference(11).Resume(3)
13:10:53.340 INFO: JdwpEventCenterDelegate: THREAD_RESUMED: thread (33, main, main)
13:10:53.368 INFO: JdwpEventCenterDelegate: THREAD_RESUMED: thread (33, main, main)
13:10:53.369 INFO: JdwpDebugServer: handling req: ThreadReference(11).Name(1)
13:10:53.370 INFO: JdwpEventCenterDelegate: THREAD_RESUMED: thread (33, main, main)
13:10:53.371 INFO: JdwpDebugServer: handling req: ThreadReference(11).Name(1)
13:10:53.371 INFO: JdwpDebugServer: handling req: ThreadReference(11).Name(1)
13:10:53.421 INFO: JdwpEventCenterDelegate: THREAD_RESUMED: thread (33, main, main)
13:10:53.422 INFO: JdwpEventCenterDelegate: THREAD_RESUMED: thread (33, main, main)
13:10:53.423 INFO: JdwpEventCenterDelegate: THREAD_RESUMED: thread (33, main, main)
13:10:53.424 INFO: JdwpEventCenterDelegate: THREAD_RESUMED: thread (33, main, main)
13:10:53.481 INFO: JdwpDebugServer: handling req: ThreadReference(11).Frames(6)
13:10:53.482 INFO: JdwpDebugServer: handling req: ThreadReference(11).FramesCount(7)
13:10:53.482 INFO: JdwpDebugServer: handling req: ThreadReference(11).FramesCount(7)
13:10:53.516 INFO: JdwpDebugServer: handling req: ThreadReference(11).Name(1)
13:10:53.516 INFO: JdwpDebugServer: handling req: StackFrame(16).ThisObject(3)
13:10:53.516 INFO: JdwpDebugServer: handling req: ObjectReference(9).ReferenceType(1)
13:10:53.517 INFO: JdwpDebugServer: handling req: ThreadReference(11).Name(1)
13:10:53.517 INFO: JdwpDebugServer: handling req: ThreadReference(11).Name(1)
13:10:53.517 INFO: JdwpDebugServer: handling req: ThreadReference(11).Name(1)
13:10:53.518 INFO: JdwpDebugServer: handling req: ThreadReference(11).Name(1)
13:10:53.518 INFO: JdwpDebugServer: handling req: ThreadReference(11).Name(1)
13:10:53.545 INFO: JdwpDebugServer: handling req: ThreadReference(11).FramesCount(7)
13:10:53.546 INFO: JdwpDebugServer: handling req: ThreadReference(11).Name(1)
13:10:53.547 INFO: JdwpDebugServer: handling req: ThreadReference(11).FramesCount(7)
13:10:53.553 INFO: JdwpDebugServer: handling req: ClassType(3).Superclass(1)
13:10:53.554 INFO: JdwpDebugServer: handling req: StackFrame(16).ThisObject(3)
13:10:53.554 INFO: JdwpDebugServer: handling req: ObjectReference(9).ReferenceType(1)
13:10:53.555 INFO: JdwpDebugServer: handling req: StackFrame(16).ThisObject(3)
13:10:53.555 INFO: JdwpDebugServer: handling req: ObjectReference(9).ReferenceType(1)
13:10:54.962 INFO: JdwpDebugServer: handling req: EventRequest(15).Set(1)
13:10:54.962 INFO: JdwpEventCenterDelegate: jdwpSetEventRequest: JdwpEventRequest{requestId=145, eventKind=SINGLE_STEP, suspendPolicy=EVENT_THREAD, predicates=[step{threadId=33, size=1, depth=0} , count=1]}
13:10:54.963 INFO: JdwpDebugServer: handling req: ThreadReference(11).Resume(3)
13:10:54.964 INFO: JdwpEventCenterDelegate: THREAD_RESUMED: thread (33, main, main)
13:10:54.965 INFO: JdwpDebugServer: handling req: ReferenceType(2).MethodsWithGeneric(15)
13:10:54.965 INFO: JdwpDebugServer: handling req: ThreadReference(11).FramesCount(7)
13:10:54.966 INFO: JdwpDebugServer: handling req: EventRequest(15).Clear(2)
13:10:54.966 INFO: JdwpDebugServer: handling req: ThreadReference(11).Frames(6)
13:10:54.967 INFO: JdwpDebugServer: handling req: ThreadReference(11).FramesCount(7)
13:10:54.972 INFO: JdwpDebugServer: handling req: ThreadReference(11).FramesCount(7)
13:10:54.997 INFO: JdwpDebugServer: handling req: StackFrame(16).ThisObject(3)
13:10:54.998 INFO: JdwpDebugServer: handling req: ThreadReference(11).Name(1)
13:10:54.998 INFO: JdwpDebugServer: handling req: StackFrame(16).ThisObject(3)
13:10:54.999 INFO: JdwpDebugServer: handling req: ObjectReference(9).ReferenceType(1)
13:10:54.999 INFO: JdwpDebugServer: handling req: ThreadReference(11).Name(1)
13:10:54.999 INFO: JdwpDebugServer: handling req: Method(6).LineTable(1)
13:10:55.048 INFO: JdwpDebugServer: handling req: Method(6).VariableTableWithGenerics(5)
13:10:55.051 INFO: JdwpDebugServer: handling req: ThreadReference(11).Name(1)
13:10:55.052 INFO: JdwpDebugServer: handling req: ThreadReference(11).FramesCount(7)
13:10:55.066 INFO: JdwpDebugServer: handling req: ObjectReference(9).ReferenceType(1)
13:10:55.066 INFO: JdwpDebugServer: handling req: ReferenceType(2).FieldsWithGeneric(14)
13:10:55.066 INFO: JdwpDebugServer: handling req: ReferenceType(2).Interfaces(10)
13:10:55.066 INFO: JdwpDebugServer: handling req: StackFrame(16).ThisObject(3)
13:10:55.066 INFO: JdwpDebugServer: handling req: ReferenceType(2).FieldsWithGeneric(14)
13:10:55.066 INFO: JdwpDebugServer: handling req: ObjectReference(9).ReferenceType(1)
13:10:55.066 INFO: JdwpDebugServer: handling req: StackFrame(16).ThisObject(3)
13:10:55.067 INFO: JdwpDebugServer: handling req: ReferenceType(2).Interfaces(10)
13:10:55.067 INFO: JdwpDebugServer: handling req: ObjectReference(9).ReferenceType(1)
13:10:55.067 INFO: JdwpDebugServer: handling req: ClassType(3).Superclass(1)
13:10:55.067 INFO: JdwpDebugServer: handling req: ReferenceType(2).Modifiers(3)
13:10:55.067 INFO: JdwpDebugServer: handling req: ClassType(3).Superclass(1)
13:10:55.072 INFO: JdwpDebugServer: handling req: ReferenceType(2).SourceFile(7)
13:11:10.879 INFO: JdwpDebugServer: handling req: VirtualMachine(1).ClassesBySignature(2)
13:11:10.880 INFO: JdwpDebugServer: handling req: ReferenceType(2).FieldsWithGeneric(14)
13:11:10.880 INFO: JdwpDebugServer: handling req: ReferenceType(2).Interfaces(10)
13:11:10.881 INFO: JdwpDebugServer: handling req: ClassType(3).Superclass(1)
13:11:10.963 INFO: JdwpDebugServer: handling req: ReferenceType(2).GetValues(6)
13:11:10.964 INFO: JdwpDebugServer: handling req: ObjectReference(9).ReferenceType(1)
13:11:10.964 INFO: JdwpDebugServer: handling req: ClassType(3).Superclass(1)
13:11:10.964 INFO: JdwpDebugServer: handling req: ReferenceType(2).MethodsWithGeneric(15)
13:11:10.964 INFO: JdwpDebugServer: handling req: ReferenceType(2).MethodsWithGeneric(15)
13:11:10.965 INFO: JdwpDebugServer: handling req: ClassType(3).Superclass(1)
13:11:10.965 INFO: JdwpDebugServer: handling req: ReferenceType(2).ClassLoader(2)
13:11:10.965 INFO: JdwpDebugServer: handling req: ReferenceType(2).GetValues(6)
13:11:10.965 INFO: JdwpDebugServer: handling req: ObjectReference(9).InvokeMethod(6)
13:11:10.967 INFO: JdwpDebugServer: handling req: ReferenceType(2).GetValues(6)
13:11:10.967 INFO: JdwpDebugServer: handling req: ReferenceType(2).GetValues(6)
13:11:10.967 INFO: JdwpDebugServer: handling req: ThreadReference(11).Frames(6)
13:11:10.967 INFO: JdwpDebugServer: handling req: ClassType(3).Superclass(1)
13:11:10.967 INFO: JdwpDebugServer: handling req: StringReference(10).Value(1)
13:11:10.969 INFO: JdwpDebugServer: handling req: ReferenceType(2).GetValues(6)
13:11:10.969 INFO: JdwpDebugServer: handling req: ClassType(3).Superclass(1)
13:11:10.982 INFO: JdwpDebugServer: handling req: ReferenceType(2).GetValues(6)
13:11:10.982 INFO: JdwpDebugServer: handling req: ThreadReference(11).Name(1)
13:11:10.982 INFO: JdwpDebugServer: handling req: StackFrame(16).ThisObject(3)
13:11:10.982 INFO: JdwpDebugServer: handling req: ClassType(3).Superclass(1)
13:11:10.982 INFO: JdwpDebugServer: handling req: ObjectReference(9).ReferenceType(1)
13:11:10.982 INFO: JdwpDebugServer: handling req: ReferenceType(2).GetValues(6)
13:11:10.983 INFO: JdwpDebugServer: handling req: ReferenceType(2).GetValues(6)
13:11:10.994 INFO: JdwpDebugServer: handling req: ObjectReference(9).GetValues(2)
13:11:10.995 INFO: JdwpDebugServer: handling req: ObjectReference(9).GetValues(2)
13:11:10.995 INFO: JdwpDebugServer: handling req: ObjectReference(9).ReferenceType(1)
13:11:10.995 INFO: JdwpDebugServer: handling req: ObjectReference(9).ReferenceType(1)
13:11:10.995 INFO: JdwpDebugServer: handling req: ReferenceType(2).FieldsWithGeneric(14)
13:11:10.995 INFO: JdwpDebugServer: handling req: ReferenceType(2).Interfaces(10)
13:11:10.995 INFO: JdwpDebugServer: handling req: ObjectReference(9).GetValues(2)
13:11:10.996 INFO: JdwpDebugServer: handling req: ReferenceType(2).FieldsWithGeneric(14)
13:11:10.996 INFO: JdwpDebugServer: handling req: ClassType(3).Superclass(1)
13:11:10.996 INFO: JdwpDebugServer: handling req: ReferenceType(2).Interfaces(10)
13:11:10.996 INFO: JdwpDebugServer: handling req: ClassType(3).Superclass(1)
13:11:10.996 INFO: JdwpDebugServer: handling req: ObjectReference(9).GetValues(2)
13:11:10.996 INFO: JdwpDebugServer: handling req: ObjectReference(9).GetValues(2)
13:11:10.996 INFO: JdwpDebugServer: handling req: ObjectReference(9).ReferenceType(1)
13:11:10.996 INFO: JdwpDebugServer: handling req: ObjectReference(9).GetValues(2)
13:11:10.996 INFO: JdwpDebugServer: handling req: ReferenceType(2).FieldsWithGeneric(14)
13:11:10.997 INFO: JdwpDebugServer: handling req: ObjectReference(9).GetValues(2)
13:11:10.997 INFO: JdwpDebugServer: handling req: ReferenceType(2).Interfaces(10)
13:11:10.997 INFO: JdwpDebugServer: handling req: ObjectReference(9).GetValues(2)
13:11:10.997 INFO: JdwpDebugServer: handling req: ReferenceType(2).FieldsWithGeneric(14)
13:11:10.997 INFO: JdwpDebugServer: handling req: ClassType(3).Superclass(1)
13:11:10.997 INFO: JdwpDebugServer: handling req: ReferenceType(2).Interfaces(10)
13:11:10.997 INFO: JdwpDebugServer: handling req: ClassType(3).Superclass(1)
13:11:10.997 INFO: JdwpDebugServer: handling req: ReferenceType(2).FieldsWithGeneric(14)
13:11:10.997 INFO: JdwpDebugServer: handling req: ReferenceType(2).Interfaces(10)
13:11:10.997 INFO: JdwpDebugServer: handling req: ReferenceType(2).Interfaces(10)
13:11:10.998 INFO: JdwpDebugServer: handling req: ObjectReference(9).GetValues(2)
13:11:10.998 INFO: JdwpDebugServer: handling req: ObjectReference(9).GetValues(2)
13:11:10.998 INFO: JdwpDebugServer: handling req: ObjectReference(9).GetValues(2)
13:11:10.998 INFO: JdwpDebugServer: handling req: ObjectReference(9).ReferenceType(1)
13:11:10.998 INFO: JdwpDebugServer: handling req: ObjectReference(9).GetValues(2)
13:11:10.998 INFO: JdwpDebugServer: handling req: ReferenceType(2).FieldsWithGeneric(14)
13:11:10.998 INFO: JdwpDebugServer: handling req: ObjectReference(9).GetValues(2)
13:11:10.999 INFO: JdwpDebugServer: handling req: ReferenceType(2).Interfaces(10)
13:11:10.999 INFO: JdwpDebugServer: handling req: ClassType(3).Superclass(1)
13:11:10.999 INFO: JdwpDebugServer: handling req: ClassType(3).Superclass(1)
13:11:11.000 INFO: JdwpDebugServer: handling req: ObjectReference(9).GetValues(2)
13:11:11.001 INFO: JdwpDebugServer: handling req: ClassType(3).Superclass(1)
13:11:11.001 INFO: JdwpDebugServer: handling req: ObjectReference(9).ReferenceType(1)
13:11:11.001 INFO: JdwpDebugServer: handling req: ObjectReference(9).GetValues(2)
13:11:11.001 INFO: JdwpDebugServer: handling req: ReferenceType(2).FieldsWithGeneric(14)
13:11:11.001 INFO: JdwpDebugServer: handling req: ObjectReference(9).GetValues(2)
13:11:11.001 INFO: JdwpDebugServer: handling req: ReferenceType(2).Interfaces(10)
13:11:11.001 INFO: JdwpDebugServer: handling req: ObjectReference(9).GetValues(2)
13:11:11.002 INFO: JdwpDebugServer: handling req: ReferenceType(2).FieldsWithGeneric(14)
13:11:11.002 INFO: JdwpDebugServer: handling req: ObjectReference(9).GetValues(2)
13:11:11.002 INFO: JdwpDebugServer: handling req: ReferenceType(2).Interfaces(10)
13:11:11.002 INFO: JdwpDebugServer: handling req: ClassType(3).Superclass(1)
13:11:11.002 INFO: JdwpDebugServer: handling req: ClassType(3).Superclass(1)
13:11:11.002 INFO: JdwpDebugServer: handling req: ClassType(3).Superclass(1)
13:11:11.002 INFO: JdwpDebugServer: handling req: ObjectReference(9).GetValues(2)
13:11:11.002 INFO: JdwpDebugServer: handling req: ObjectReference(9).GetValues(2)
13:11:11.002 INFO: JdwpDebugServer: handling req: ObjectReference(9).ReferenceType(1)
13:11:11.003 INFO: JdwpDebugServer: handling req: ObjectReference(9).GetValues(2)
13:11:11.003 INFO: JdwpDebugServer: handling req: ReferenceType(2).FieldsWithGeneric(14)
13:11:11.003 INFO: JdwpDebugServer: handling req: ObjectReference(9).GetValues(2)
13:11:11.003 INFO: JdwpDebugServer: handling req: ReferenceType(2).Interfaces(10)
13:11:11.003 INFO: JdwpDebugServer: handling req: ReferenceType(2).FieldsWithGeneric(14)
13:11:11.003 INFO: JdwpDebugServer: handling req: ObjectReference(9).GetValues(2)
13:11:11.003 INFO: JdwpDebugServer: handling req: ReferenceType(2).Interfaces(10)
13:11:11.003 INFO: JdwpDebugServer: handling req: ClassType(3).Superclass(1)
13:11:11.003 INFO: JdwpDebugServer: handling req: ClassType(3).Superclass(1)
13:11:11.003 INFO: JdwpDebugServer: handling req: ClassType(3).Superclass(1)
13:11:11.004 INFO: JdwpDebugServer: handling req: ObjectReference(9).GetValues(2)
13:11:11.004 INFO: JdwpDebugServer: handling req: ObjectReference(9).GetValues(2)
13:11:11.004 INFO: JdwpDebugServer: handling req: ObjectReference(9).ReferenceType(1)
13:11:11.004 INFO: JdwpDebugServer: handling req: ReferenceType(2).FieldsWithGeneric(14)
13:11:11.004 INFO: JdwpDebugServer: handling req: ObjectReference(9).GetValues(2)
13:11:11.004 INFO: JdwpDebugServer: handling req: ReferenceType(2).Interfaces(10)
13:11:11.004 INFO: JdwpDebugServer: handling req: ObjectReference(9).GetValues(2)
13:11:11.004 INFO: JdwpDebugServer: handling req: ClassType(3).Superclass(1)
13:11:11.004 INFO: JdwpDebugServer: handling req: ObjectReference(9).GetValues(2)
13:11:11.005 INFO: JdwpDebugServer: handling req: ReferenceType(2).FieldsWithGeneric(14)
13:11:11.005 INFO: JdwpDebugServer: handling req: ClassType(3).Superclass(1)
13:11:11.005 INFO: JdwpDebugServer: handling req: ReferenceType(2).Interfaces(10)
13:11:11.005 INFO: JdwpDebugServer: handling req: ClassType(3).Superclass(1)
13:11:11.005 INFO: JdwpDebugServer: handling req: ReferenceType(2).FieldsWithGeneric(14)
13:11:11.006 INFO: JdwpDebugServer: handling req: ReferenceType(2).Interfaces(10)
13:11:11.006 INFO: JdwpDebugServer: handling req: ReferenceType(2).Interfaces(10)
13:11:11.006 INFO: JdwpDebugServer: handling req: ObjectReference(9).GetValues(2)
13:11:11.006 INFO: JdwpDebugServer: handling req: ObjectReference(9).GetValues(2)
13:11:11.006 INFO: JdwpDebugServer: handling req: ObjectReference(9).GetValues(2)
13:11:11.006 INFO: JdwpDebugServer: handling req: ObjectReference(9).ReferenceType(1)
13:11:11.006 INFO: JdwpDebugServer: handling req: ObjectReference(9).GetValues(2)
13:11:11.006 INFO: JdwpDebugServer: handling req: ReferenceType(2).FieldsWithGeneric(14)
13:11:11.007 INFO: JdwpDebugServer: handling req: ObjectReference(9).GetValues(2)
13:11:11.007 INFO: JdwpDebugServer: handling req: ReferenceType(2).Interfaces(10)
13:11:11.007 INFO: JdwpDebugServer: handling req: ClassType(3).Superclass(1)
13:11:11.007 INFO: JdwpDebugServer: handling req: ReferenceType(2).FieldsWithGeneric(14)
13:11:11.007 INFO: JdwpDebugServer: handling req: ClassType(3).Superclass(1)
13:11:11.007 INFO: JdwpDebugServer: handling req: ReferenceType(2).Interfaces(10)
13:11:11.007 INFO: JdwpDebugServer: handling req: ClassType(3).Superclass(1)
13:11:11.007 INFO: JdwpDebugServer: handling req: ReferenceType(2).FieldsWithGeneric(14)
13:11:11.007 INFO: JdwpDebugServer: handling req: ReferenceType(2).Interfaces(10)
13:11:11.007 INFO: JdwpDebugServer: handling req: ReferenceType(2).Interfaces(10)
13:11:11.007 INFO: JdwpDebugServer: handling req: ReferenceType(2).Interfaces(10)
13:11:11.007 INFO: JdwpDebugServer: handling req: ReferenceType(2).FieldsWithGeneric(14)
13:11:11.007 INFO: JdwpDebugServer: handling req: ObjectReference(9).GetValues(2)
13:11:11.007 INFO: JdwpDebugServer: handling req: ObjectReference(9).GetValues(2)
13:11:11.008 INFO: JdwpDebugServer: handling req: ObjectReference(9).GetValues(2)
13:11:11.008 INFO: JdwpDebugServer: handling req: ObjectReference(9).ReferenceType(1)
13:11:11.008 INFO: JdwpDebugServer: handling req: ObjectReference(9).GetValues(2)
13:11:11.008 INFO: JdwpDebugServer: handling req: ReferenceType(2).FieldsWithGeneric(14)
13:11:11.008 INFO: JdwpDebugServer: handling req: ObjectReference(9).GetValues(2)
13:11:11.008 INFO: JdwpDebugServer: handling req: ReferenceType(2).Interfaces(10)
13:11:11.008 INFO: JdwpDebugServer: handling req: ClassType(3).Superclass(1)
13:11:11.008 INFO: JdwpDebugServer: handling req: ClassType(3).Superclass(1)
13:11:11.008 INFO: JdwpDebugServer: handling req: ClassType(3).Superclass(1)
13:11:11.008 INFO: JdwpDebugServer: handling req: ObjectReference(9).GetValues(2)
13:11:11.008 INFO: JdwpDebugServer: handling req: ObjectReference(9).GetValues(2)
13:11:11.008 INFO: JdwpDebugServer: handling req: ObjectReference(9).ReferenceType(1)
13:11:11.008 INFO: JdwpDebugServer: handling req: ObjectReference(9).GetValues(2)
13:11:11.009 INFO: JdwpDebugServer: handling req: ObjectReference(9).GetValues(2)
13:11:11.009 INFO: JdwpDebugServer: handling req: ObjectReference(9).GetValues(2)
13:11:11.009 INFO: JdwpDebugServer: handling req: ObjectReference(9).ReferenceType(1)
13:11:11.009 INFO: JdwpDebugServer: handling req: ObjectReference(9).GetValues(2)
13:11:11.009 INFO: JdwpDebugServer: handling req: ObjectReference(9).GetValues(2)
13:11:11.009 INFO: JdwpDebugServer: handling req: ClassType(3).Superclass(1)
13:11:11.010 INFO: JdwpDebugServer: handling req: ObjectReference(9).GetValues(2)
13:11:11.010 INFO: JdwpDebugServer: handling req: ObjectReference(9).GetValues(2)
13:11:11.010 INFO: JdwpDebugServer: handling req: ObjectReference(9).GetValues(2)
13:11:11.010 INFO: JdwpDebugServer: handling req: ObjectReference(9).GetValues(2)
13:11:11.010 INFO: JdwpDebugServer: handling req: ObjectReference(9).ReferenceType(1)
13:11:11.011 INFO: JdwpDebugServer: handling req: ReferenceType(2).FieldsWithGeneric(14)
13:11:11.011 INFO: JdwpDebugServer: handling req: ObjectReference(9).GetValues(2)
13:11:11.012 INFO: JdwpDebugServer: handling req: ReferenceType(2).Interfaces(10)
13:11:11.012 INFO: JdwpDebugServer: handling req: ClassType(3).Superclass(1)
13:11:11.012 INFO: JdwpDebugServer: handling req: ReferenceType(2).FieldsWithGeneric(14)
13:11:11.012 INFO: JdwpDebugServer: handling req: ReferenceType(2).Interfaces(10)
13:11:11.012 INFO: JdwpDebugServer: handling req: ObjectReference(9).GetValues(2)
13:11:11.012 INFO: JdwpDebugServer: handling req: ClassType(3).Superclass(1)
13:11:11.012 INFO: JdwpDebugServer: handling req: ObjectReference(9).GetValues(2)
13:11:11.013 INFO: JdwpDebugServer: handling req: ObjectReference(9).GetValues(2)
13:11:11.013 INFO: JdwpDebugServer: handling req: ObjectReference(9).GetValues(2)
13:11:11.013 INFO: JdwpDebugServer: handling req: ObjectReference(9).GetValues(2)
13:11:11.013 INFO: JdwpDebugServer: handling req: ObjectReference(9).GetValues(2)
13:11:11.014 INFO: JdwpDebugServer: handling req: ObjectReference(9).ReferenceType(1)
13:11:11.014 INFO: JdwpDebugServer: handling req: ObjectReference(9).GetValues(2)
13:11:11.014 INFO: JdwpDebugServer: handling req: ObjectReference(9).GetValues(2)
13:11:11.014 INFO: JdwpDebugServer: handling req: ObjectReference(9).GetValues(2)
13:11:11.014 INFO: JdwpDebugServer: handling req: ObjectReference(9).ReferenceType(1)
13:11:11.014 INFO: JdwpDebugServer: handling req: ObjectReference(9).GetValues(2)
13:11:11.014 INFO: JdwpDebugServer: handling req: ReferenceType(2).FieldsWithGeneric(14)
13:11:11.014 INFO: JdwpDebugServer: handling req: ObjectReference(9).GetValues(2)
13:11:11.015 INFO: JdwpDebugServer: handling req: ReferenceType(2).Interfaces(10)
13:11:11.015 INFO: JdwpDebugServer: handling req: ClassType(3).Superclass(1)
13:11:11.015 INFO: JdwpDebugServer: handling req: ClassType(3).Superclass(1)
13:11:11.015 INFO: JdwpDebugServer: handling req: ObjectReference(9).GetValues(2)
13:11:11.015 INFO: JdwpDebugServer: handling req: ReferenceType(2).FieldsWithGeneric(14)
13:11:11.015 INFO: JdwpDebugServer: handling req: ObjectReference(9).GetValues(2)
13:11:11.015 INFO: JdwpDebugServer: handling req: ReferenceType(2).Interfaces(10)
13:11:11.015 INFO: JdwpDebugServer: handling req: ObjectReference(9).GetValues(2)
13:11:11.015 INFO: JdwpDebugServer: handling req: ReferenceType(2).FieldsWithGeneric(14)
13:11:11.015 INFO: JdwpDebugServer: handling req: ReferenceType(2).Interfaces(10)
13:11:11.016 INFO: JdwpDebugServer: handling req: ReferenceType(2).FieldsWithGeneric(14)
13:11:11.016 INFO: JdwpDebugServer: handling req: ReferenceType(2).Interfaces(10)
13:11:11.016 INFO: JdwpDebugServer: handling req: ReferenceType(2).FieldsWithGeneric(14)
13:11:11.016 INFO: JdwpDebugServer: handling req: ObjectReference(9).GetValues(2)
13:11:11.016 INFO: JdwpDebugServer: handling req: ReferenceType(2).Interfaces(10)
13:11:11.016 INFO: JdwpDebugServer: handling req: ReferenceType(2).FieldsWithGeneric(14)
13:11:11.016 INFO: JdwpDebugServer: handling req: ObjectReference(9).GetValues(2)
13:11:11.016 INFO: JdwpDebugServer: handling req: ReferenceType(2).Interfaces(10)
13:11:11.016 INFO: JdwpDebugServer: handling req: ObjectReference(9).GetValues(2)
13:11:11.016 INFO: JdwpDebugServer: handling req: ClassType(3).Superclass(1)
13:11:11.016 INFO: JdwpDebugServer: handling req: ObjectReference(9).GetValues(2)
13:11:11.017 INFO: JdwpDebugServer: handling req: ObjectReference(9).GetValues(2)
13:11:11.017 INFO: JdwpDebugServer: handling req: ObjectReference(9).GetValues(2)
13:11:11.017 INFO: JdwpDebugServer: handling req: ObjectReference(9).ReferenceType(1)
13:11:11.017 INFO: JdwpDebugServer: handling req: ClassType(3).Superclass(1)
13:11:11.017 INFO: JdwpDebugServer: handling req: ReferenceType(2).FieldsWithGeneric(14)
13:11:11.017 INFO: JdwpDebugServer: handling req: ObjectReference(9).GetValues(2)
13:11:11.017 INFO: JdwpDebugServer: handling req: ReferenceType(2).Interfaces(10)
13:11:11.017 INFO: JdwpDebugServer: handling req: ObjectReference(9).GetValues(2)
13:11:11.017 INFO: JdwpDebugServer: handling req: ClassType(3).Superclass(1)
13:11:11.018 INFO: JdwpDebugServer: handling req: ObjectReference(9).GetValues(2)
13:11:11.018 INFO: JdwpDebugServer: handling req: ReferenceType(2).FieldsWithGeneric(14)
13:11:11.018 INFO: JdwpDebugServer: handling req: ObjectReference(9).GetValues(2)
13:11:11.019 INFO: JdwpDebugServer: handling req: ReferenceType(2).Interfaces(10)
13:11:11.019 INFO: JdwpDebugServer: handling req: ClassType(3).Superclass(1)
13:11:11.019 INFO: JdwpDebugServer: handling req: ReferenceType(2).FieldsWithGeneric(14)
13:11:11.020 INFO: JdwpDebugServer: handling req: ObjectReference(9).GetValues(2)
13:11:11.020 INFO: JdwpDebugServer: handling req: ReferenceType(2).Interfaces(10)
13:11:11.020 INFO: JdwpDebugServer: handling req: ReferenceType(2).FieldsWithGeneric(14)
13:11:11.020 INFO: JdwpDebugServer: handling req: ObjectReference(9).GetValues(2)
13:11:11.021 INFO: JdwpDebugServer: handling req: ReferenceType(2).Interfaces(10)
13:11:11.021 INFO: JdwpDebugServer: handling req: ReferenceType(2).FieldsWithGeneric(14)
13:11:11.021 INFO: JdwpDebugServer: handling req: ObjectReference(9).GetValues(2)
13:11:11.021 INFO: JdwpDebugServer: handling req: ReferenceType(2).Interfaces(10)
13:11:11.021 INFO: JdwpDebugServer: handling req: ReferenceType(2).FieldsWithGeneric(14)
13:11:11.021 INFO: JdwpDebugServer: handling req: ObjectReference(9).GetValues(2)
13:11:11.021 INFO: JdwpDebugServer: handling req: ReferenceType(2).Interfaces(10)
13:11:11.021 INFO: JdwpDebugServer: handling req: ClassType(3).Superclass(1)
13:11:11.022 INFO: JdwpDebugServer: handling req: ReferenceType(2).FieldsWithGeneric(14)
13:11:11.022 INFO: JdwpDebugServer: handling req: ClassType(3).Superclass(1)
13:11:11.022 INFO: JdwpDebugServer: handling req: ReferenceType(2).Interfaces(10)
13:11:11.022 INFO: JdwpDebugServer: handling req: ReferenceType(2).Interfaces(10)
13:11:11.022 INFO: JdwpDebugServer: handling req: ReferenceType(2).FieldsWithGeneric(14)
13:11:11.022 INFO: JdwpDebugServer: handling req: ReferenceType(2).Interfaces(10)
13:11:11.022 INFO: JdwpDebugServer: handling req: ReferenceType(2).Interfaces(10)
13:11:11.022 INFO: JdwpDebugServer: handling req: ReferenceType(2).Interfaces(10)
13:11:11.022 INFO: JdwpDebugServer: handling req: ReferenceType(2).FieldsWithGeneric(14)
13:11:11.022 INFO: JdwpDebugServer: handling req: ReferenceType(2).Interfaces(10)
13:11:11.022 INFO: JdwpDebugServer: handling req: ReferenceType(2).FieldsWithGeneric(14)
13:11:11.022 INFO: JdwpDebugServer: handling req: ReferenceType(2).Interfaces(10)
13:11:11.023 INFO: JdwpDebugServer: handling req: ReferenceType(2).FieldsWithGeneric(14)
13:11:11.023 INFO: JdwpDebugServer: handling req: ReferenceType(2).Interfaces(10)
13:11:11.023 INFO: JdwpDebugServer: handling req: ReferenceType(2).FieldsWithGeneric(14)
13:11:11.023 INFO: JdwpDebugServer: handling req: ReferenceType(2).Interfaces(10)
13:11:11.023 INFO: JdwpDebugServer: handling req: ReferenceType(2).FieldsWithGeneric(14)
13:11:11.023 INFO: JdwpDebugServer: handling req: ObjectReference(9).GetValues(2)
13:11:11.027 INFO: JdwpDebugServer: handling req: ObjectReference(9).GetValues(2)
13:11:11.028 INFO: JdwpDebugServer: handling req: ObjectReference(9).GetValues(2)
13:11:11.030 INFO: JdwpDebugServer: handling req: ObjectReference(9).GetValues(2)
13:11:11.031 INFO: JdwpDebugServer: handling req: ObjectReference(9).GetValues(2)
13:11:11.032 INFO: JdwpDebugServer: handling req: ObjectReference(9).GetValues(2)
13:11:11.032 INFO: JdwpDebugServer: handling req: ObjectReference(9).GetValues(2)
13:11:21.857 INFO: JdwpDebugServer: handling req: StackFrame(16).ThisObject(3)
13:11:21.864 INFO: JdwpDebugServer: handling req: ClassType(3).Superclass(1)
13:11:21.869 INFO: JdwpDebugServer: handling req: ClassType(3).Superclass(1)
13:11:26.962 INFO: JdwpDebugServer: handling req: VirtualMachine(1).ClassesBySignature(2)
13:11:27.016 INFO: JdwpDebugServer: handling req: ReferenceType(2).GetValues(6)
13:11:27.017 INFO: JdwpDebugServer: handling req: ObjectReference(9).ReferenceType(1)
13:11:27.017 INFO: JdwpDebugServer: handling req: ClassType(3).Superclass(1)
13:11:27.018 INFO: JdwpDebugServer: handling req: ObjectReference(9).InvokeMethod(6)
13:11:27.018 INFO: JdwpDebugServer: handling req: ThreadReference(11).Frames(6)
13:11:27.019 INFO: JdwpDebugServer: handling req: StringReference(10).Value(1)
13:11:27.020 INFO: JdwpDebugServer: handling req: ReferenceType(2).GetValues(6)
13:11:27.020 INFO: JdwpDebugServer: handling req: ReferenceType(2).GetValues(6)
13:11:27.020 INFO: JdwpDebugServer: handling req: ReferenceType(2).GetValues(6)
13:11:27.021 INFO: JdwpDebugServer: handling req: ClassType(3).Superclass(1)
13:11:27.021 INFO: JdwpDebugServer: handling req: ReferenceType(2).GetValues(6)
13:11:27.021 INFO: JdwpDebugServer: handling req: ReferenceType(2).GetValues(6)
13:11:27.030 INFO: JdwpDebugServer: handling req: ReferenceType(2).GetValues(6)
13:11:27.031 INFO: JdwpDebugServer: handling req: ThreadReference(11).Name(1)
13:11:27.032 INFO: JdwpDebugServer: handling req: StackFrame(16).ThisObject(3)
13:11:27.033 INFO: JdwpDebugServer: handling req: ClassType(3).Superclass(1)
13:11:27.033 INFO: JdwpDebugServer: handling req: ObjectReference(9).ReferenceType(1)
13:11:27.035 INFO: JdwpDebugServer: handling req: ReferenceType(2).GetValues(6)
13:11:27.035 INFO: JdwpDebugServer: handling req: ClassType(3).Superclass(1)
13:11:27.035 INFO: JdwpDebugServer: handling req: ObjectReference(9).GetValues(2)
13:11:27.036 INFO: JdwpDebugServer: handling req: ObjectReference(9).GetValues(2)
13:11:27.036 INFO: JdwpDebugServer: handling req: ObjectReference(9).ReferenceType(1)
13:11:27.036 INFO: JdwpDebugServer: handling req: ObjectReference(9).ReferenceType(1)
13:11:27.036 INFO: JdwpDebugServer: handling req: ObjectReference(9).GetValues(2)
13:11:27.036 INFO: JdwpDebugServer: handling req: ClassType(3).Superclass(1)
13:11:27.036 INFO: JdwpDebugServer: handling req: ObjectReference(9).GetValues(2)
13:11:27.036 INFO: JdwpDebugServer: handling req: ObjectReference(9).GetValues(2)
13:11:27.045 INFO: JdwpDebugServer: handling req: ReferenceType(2).GetValues(6)
13:11:27.045 INFO: JdwpDebugServer: handling req: ClassType(3).Superclass(1)
13:11:27.047 INFO: JdwpDebugServer: handling req: ObjectReference(9).GetValues(2)
13:11:27.047 INFO: JdwpDebugServer: handling req: ObjectReference(9).GetValues(2)
13:11:27.047 INFO: JdwpDebugServer: handling req: ObjectReference(9).ReferenceType(1)
13:11:27.047 INFO: JdwpDebugServer: handling req: ObjectReference(9).ReferenceType(1)
13:11:27.047 INFO: JdwpDebugServer: handling req: ObjectReference(9).GetValues(2)
13:11:27.047 INFO: JdwpDebugServer: handling req: ObjectReference(9).GetValues(2)
13:11:27.047 INFO: JdwpDebugServer: handling req: ClassType(3).Superclass(1)
13:11:27.048 INFO: JdwpDebugServer: handling req: ObjectReference(9).ReferenceType(1)
13:11:27.048 INFO: JdwpDebugServer: handling req: ObjectReference(9).GetValues(2)
13:11:27.048 INFO: JdwpDebugServer: handling req: ObjectReference(9).GetValues(2)
13:11:27.048 INFO: JdwpDebugServer: handling req: ObjectReference(9).GetValues(2)
13:11:27.048 INFO: JdwpDebugServer: handling req: ObjectReference(9).ReferenceType(1)
13:11:27.048 INFO: JdwpDebugServer: handling req: ObjectReference(9).GetValues(2)
13:11:27.048 INFO: JdwpDebugServer: handling req: ObjectReference(9).GetValues(2)
13:11:27.048 INFO: JdwpDebugServer: handling req: ObjectReference(9).GetValues(2)
13:11:27.049 INFO: JdwpDebugServer: handling req: ObjectReference(9).ReferenceType(1)
13:11:27.049 INFO: JdwpDebugServer: handling req: ClassType(3).Superclass(1)
13:11:27.049 INFO: JdwpDebugServer: handling req: ObjectReference(9).GetValues(2)
13:11:27.049 INFO: JdwpDebugServer: handling req: ObjectReference(9).GetValues(2)
13:11:27.049 INFO: JdwpDebugServer: handling req: ObjectReference(9).ReferenceType(1)
13:11:27.049 INFO: JdwpDebugServer: handling req: ObjectReference(9).GetValues(2)
13:11:27.049 INFO: JdwpDebugServer: handling req: ObjectReference(9).GetValues(2)
13:11:27.050 INFO: JdwpDebugServer: handling req: ObjectReference(9).GetValues(2)
13:11:27.050 INFO: JdwpDebugServer: handling req: ObjectReference(9).ReferenceType(1)
13:11:27.050 INFO: JdwpDebugServer: handling req: ObjectReference(9).GetValues(2)
13:11:27.050 INFO: JdwpDebugServer: handling req: ObjectReference(9).GetValues(2)
13:11:27.050 INFO: JdwpDebugServer: handling req: ClassType(3).Superclass(1)
13:11:27.050 INFO: JdwpDebugServer: handling req: ObjectReference(9).ReferenceType(1)
13:11:27.050 INFO: JdwpDebugServer: handling req: ObjectReference(9).GetValues(2)
13:11:27.050 INFO: JdwpDebugServer: handling req: ObjectReference(9).GetValues(2)
13:11:27.051 INFO: JdwpDebugServer: handling req: ObjectReference(9).GetValues(2)
13:11:27.051 INFO: JdwpDebugServer: handling req: ObjectReference(9).ReferenceType(1)
13:11:27.051 INFO: JdwpDebugServer: handling req: ObjectReference(9).GetValues(2)
13:11:27.051 INFO: JdwpDebugServer: handling req: ObjectReference(9).GetValues(2)
13:11:27.051 INFO: JdwpDebugServer: handling req: ObjectReference(9).GetValues(2)
13:11:27.051 INFO: JdwpDebugServer: handling req: ObjectReference(9).ReferenceType(1)
13:11:27.051 INFO: JdwpDebugServer: handling req: ClassType(3).Superclass(1)
13:11:27.051 INFO: JdwpDebugServer: handling req: ObjectReference(9).GetValues(2)
13:11:27.051 INFO: JdwpDebugServer: handling req: ObjectReference(9).GetValues(2)
13:11:27.052 INFO: JdwpDebugServer: handling req: ObjectReference(9).GetValues(2)
13:11:27.052 INFO: JdwpDebugServer: handling req: ObjectReference(9).GetValues(2)
13:11:27.052 INFO: JdwpDebugServer: handling req: ObjectReference(9).ReferenceType(1)
13:11:27.052 INFO: JdwpDebugServer: handling req: ObjectReference(9).GetValues(2)
13:11:27.052 INFO: JdwpDebugServer: handling req: ObjectReference(9).GetValues(2)
13:11:27.052 INFO: JdwpDebugServer: handling req: ObjectReference(9).GetValues(2)
13:11:27.052 INFO: JdwpDebugServer: handling req: ObjectReference(9).GetValues(2)
13:11:27.052 INFO: JdwpDebugServer: handling req: ClassType(3).Superclass(1)
13:11:27.052 INFO: JdwpDebugServer: handling req: ObjectReference(9).ReferenceType(1)
13:11:27.052 INFO: JdwpDebugServer: handling req: ObjectReference(9).GetValues(2)
13:11:27.053 INFO: JdwpDebugServer: handling req: ObjectReference(9).GetValues(2)
13:11:27.053 INFO: JdwpDebugServer: handling req: ObjectReference(9).GetValues(2)
13:11:27.053 INFO: JdwpDebugServer: handling req: ObjectReference(9).ReferenceType(1)
13:11:27.053 INFO: JdwpDebugServer: handling req: ObjectReference(9).GetValues(2)
13:11:27.053 INFO: JdwpDebugServer: handling req: ObjectReference(9).GetValues(2)
13:11:27.053 INFO: JdwpDebugServer: handling req: ObjectReference(9).GetValues(2)
13:11:27.053 INFO: JdwpDebugServer: handling req: ObjectReference(9).ReferenceType(1)
13:11:27.053 INFO: JdwpDebugServer: handling req: ClassType(3).Superclass(1)
13:11:27.054 INFO: JdwpDebugServer: handling req: ObjectReference(9).GetValues(2)
13:11:27.054 INFO: JdwpDebugServer: handling req: ObjectReference(9).GetValues(2)
13:11:27.054 INFO: JdwpDebugServer: handling req: ObjectReference(9).GetValues(2)
13:11:27.054 INFO: JdwpDebugServer: handling req: ObjectReference(9).GetValues(2)
13:11:27.054 INFO: JdwpDebugServer: handling req: ObjectReference(9).GetValues(2)
13:11:27.054 INFO: JdwpDebugServer: handling req: ClassType(3).Superclass(1)
13:11:27.054 INFO: JdwpDebugServer: handling req: ObjectReference(9).GetValues(2)
13:11:27.055 INFO: JdwpDebugServer: handling req: ObjectReference(9).GetValues(2)
13:11:27.055 INFO: JdwpDebugServer: handling req: ObjectReference(9).GetValues(2)
13:11:27.055 INFO: JdwpDebugServer: handling req: ObjectReference(9).GetValues(2)
13:11:27.055 INFO: JdwpDebugServer: handling req: ClassType(3).Superclass(1)
13:11:27.056 INFO: JdwpDebugServer: handling req: ObjectReference(9).GetValues(2)
13:11:27.056 INFO: JdwpDebugServer: handling req: ObjectReference(9).GetValues(2)
13:11:27.056 INFO: JdwpDebugServer: handling req: ObjectReference(9).GetValues(2)
13:11:27.056 INFO: JdwpDebugServer: handling req: ObjectReference(9).GetValues(2)
13:11:27.056 INFO: JdwpDebugServer: handling req: ClassType(3).Superclass(1)
13:11:27.057 INFO: JdwpDebugServer: handling req: ObjectReference(9).GetValues(2)
13:11:27.057 INFO: JdwpDebugServer: handling req: ObjectReference(9).GetValues(2)
13:11:27.057 INFO: JdwpDebugServer: handling req: ObjectReference(9).GetValues(2)
13:11:27.057 INFO: JdwpDebugServer: handling req: ObjectReference(9).GetValues(2)
13:11:27.058 INFO: JdwpDebugServer: handling req: ObjectReference(9).GetValues(2)
13:11:27.058 INFO: JdwpDebugServer: handling req: ObjectReference(9).GetValues(2)
13:11:27.058 INFO: JdwpDebugServer: handling req: ObjectReference(9).GetValues(2)
13:11:27.059 INFO: JdwpDebugServer: handling req: ObjectReference(9).GetValues(2)
13:11:27.059 INFO: JdwpDebugServer: handling req: ClassType(3).Superclass(1)
13:11:27.059 INFO: JdwpDebugServer: handling req: ObjectReference(9).GetValues(2)
13:11:27.059 INFO: JdwpDebugServer: handling req: ObjectReference(9).GetValues(2)
13:11:27.059 INFO: JdwpDebugServer: handling req: ObjectReference(9).GetValues(2)
13:11:27.060 INFO: JdwpDebugServer: handling req: ObjectReference(9).GetValues(2)
13:11:27.060 INFO: JdwpDebugServer: handling req: ObjectReference(9).GetValues(2)
13:11:27.060 INFO: JdwpDebugServer: handling req: ObjectReference(9).GetValues(2)
13:11:27.060 INFO: JdwpDebugServer: handling req: ObjectReference(9).GetValues(2)
13:11:27.061 INFO: JdwpDebugServer: handling req: ObjectReference(9).GetValues(2)
13:11:27.061 INFO: JdwpDebugServer: handling req: ClassType(3).Superclass(1)
13:11:27.061 INFO: JdwpDebugServer: handling req: ObjectReference(9).GetValues(2)
13:11:27.061 INFO: JdwpDebugServer: handling req: ObjectReference(9).GetValues(2)
13:11:27.061 INFO: JdwpDebugServer: handling req: ObjectReference(9).GetValues(2)
13:11:27.062 INFO: JdwpDebugServer: handling req: ObjectReference(9).GetValues(2)
13:11:27.062 INFO: JdwpDebugServer: handling req: ClassType(3).Superclass(1)
13:11:27.062 INFO: JdwpDebugServer: handling req: ObjectReference(9).GetValues(2)
13:11:27.062 INFO: JdwpDebugServer: handling req: ObjectReference(9).GetValues(2)
13:11:27.063 INFO: JdwpDebugServer: handling req: ObjectReference(9).GetValues(2)
13:11:27.063 INFO: JdwpDebugServer: handling req: ObjectReference(9).GetValues(2)
13:11:27.063 INFO: JdwpDebugServer: handling req: ClassType(3).Superclass(1)
13:11:27.063 INFO: JdwpDebugServer: handling req: ObjectReference(9).GetValues(2)
13:11:27.063 INFO: JdwpDebugServer: handling req: ObjectReference(9).GetValues(2)
13:11:27.064 INFO: JdwpDebugServer: handling req: ObjectReference(9).GetValues(2)
13:11:27.064 INFO: JdwpDebugServer: handling req: ObjectReference(9).GetValues(2)
13:11:27.064 INFO: JdwpDebugServer: handling req: ObjectReference(9).GetValues(2)
13:11:27.064 INFO: JdwpDebugServer: handling req: ObjectReference(9).GetValues(2)
13:11:32.741 INFO: JdwpDebugServer: handling req: VirtualMachine(1).Exit(10)
13:11:32.744 SEVERE: Debugger: Thread JDWP server socket thread crashed
org.robovm.debugger.DebuggerException: Terminating due exit command
	at org.robovm.debugger.jdwp.JdwpDebugServer.doSocketWork(JdwpDebugServer.java:211)
	at java.base/java.lang.Thread.run(Thread.java:833)
	at org.robovm.debugger.utils.DebuggerThread.run(DebuggerThread.java:42)
13:11:33.285 SEVERE: Debugger: Thread HooksChannel socket thread crashed
org.robovm.debugger.DebuggerException: java.nio.BufferUnderflowException
	at org.robovm.debugger.hooks.HooksChannel.doSocketWork(HooksChannel.java:149)
	at java.base/java.lang.Thread.run(Thread.java:833)
	at org.robovm.debugger.utils.DebuggerThread.run(DebuggerThread.java:42)
Caused by: java.nio.BufferUnderflowException
	at org.robovm.debugger.utils.bytebuffer.DataBufferWriter.writeFromStream(DataBufferWriter.java:91)
	at org.robovm.debugger.hooks.HooksChannel.doSocketWork(HooksChannel.java:116)
	... 2 more
