12:37:44.444 INFO: JdwpEventCenterDelegate: THREAD_STARTED: thread (33, main, main)
12:37:44.454 INFO: JdwpEventCenterDelegate: THREAD_STARTED: thread (48, ReferenceQueueDaemon, main)
12:37:44.459 INFO: JdwpEventCenterDelegate: THREAD_STARTED: thread (63, FinalizerDaemon, main)
12:37:44.464 INFO: JdwpEventCenterDelegate: THREAD_STARTED: thread (78, FinalizerWatchdogDaemon, main)
12:37:48.836 INFO: JdwpDebugServer: handling req: VirtualMachine(1).IDSizes(7)
12:37:48.838 INFO: JdwpDebugServer: handling req: EventRequest(15).Set(1)
12:37:48.839 INFO: JdwpEventCenterDelegate: jdwpSetEventRequest: JdwpEventRequest{requestId=100, eventKind=CLASS_UNLOAD, suspendPolicy=NONE, predicates=[]}
12:37:48.839 INFO: JdwpDebugServer: handling req: EventRequest(15).Set(1)
12:37:48.839 INFO: JdwpEventCenterDelegate: jdwpSetEventRequest: JdwpEventRequest{requestId=101, eventKind=THREAD_START, suspendPolicy=NONE, predicates=[]}
12:37:48.840 INFO: JdwpDebugServer: handling req: VirtualMachine(1).ClassesBySignature(2)
12:37:48.842 INFO: JdwpDebugServer: handling req: VirtualMachine(1).Version(1)
12:37:48.844 INFO: JdwpDebugServer: handling req: ReferenceType(2).MethodsWithGeneric(15)
12:37:48.845 INFO: JdwpDebugServer: handling req: Method(6).LineTable(1)
12:37:48.847 INFO: JdwpDebugServer: handling req: EventRequest(15).Set(1)
12:37:48.847 INFO: JdwpEventCenterDelegate: jdwpSetEventRequest: JdwpEventRequest{requestId=102, eventKind=BREAKPOINT, suspendPolicy=NONE, predicates=[Location{classId=845, methodId=257, index=928} ]}
12:37:48.849 INFO: JdwpDebugServer: handling req: EventRequest(15).Set(1)
12:37:48.849 INFO: JdwpEventCenterDelegate: jdwpSetEventRequest: JdwpEventRequest{requestId=103, eventKind=THREAD_DEATH, suspendPolicy=NONE, predicates=[]}
12:37:48.849 INFO: JdwpDebugServer: handling req: VirtualMachine(1).AllThreads(4)
12:37:48.850 INFO: JdwpDebugServer: handling req: ThreadReference(11).ThreadGroup(5)
12:37:48.851 INFO: JdwpDebugServer: handling req: ThreadGroup(12).Name(1)
12:37:48.851 INFO: JdwpDebugServer: handling req: ThreadGroup(12).Parent(2)
12:37:48.851 INFO: JdwpDebugServer: handling req: ObjectReference(9).ReferenceType(1)
12:37:48.852 INFO: JdwpDebugServer: handling req: ReferenceType(2).FieldsWithGeneric(14)
12:37:48.853 INFO: JdwpDebugServer: handling req: ReferenceType(2).Interfaces(10)
12:37:48.853 INFO: JdwpDebugServer: handling req: ReferenceType(2).FieldsWithGeneric(14)
12:37:48.854 INFO: JdwpDebugServer: handling req: ReferenceType(2).Interfaces(10)
12:37:48.854 INFO: JdwpDebugServer: handling req: ClassType(3).Superclass(1)
12:37:48.854 INFO: JdwpDebugServer: handling req: ReferenceType(2).FieldsWithGeneric(14)
12:37:48.855 INFO: JdwpDebugServer: handling req: ReferenceType(2).Interfaces(10)
12:37:48.855 INFO: JdwpDebugServer: handling req: ClassType(3).Superclass(1)
12:37:48.856 INFO: JdwpDebugServer: handling req: ObjectReference(9).GetValues(2)
12:37:48.859 INFO: JdwpDebugServer: handling req: ThreadReference(11).Status(4)
12:37:48.859 INFO: JdwpDebugServer: handling req: ThreadReference(11).Status(4)
12:37:48.860 INFO: JdwpDebugServer: handling req: ThreadReference(11).ThreadGroup(5)
12:37:48.860 INFO: JdwpDebugServer: handling req: ObjectReference(9).ReferenceType(1)
12:37:48.860 INFO: JdwpDebugServer: handling req: ObjectReference(9).GetValues(2)
12:37:48.862 INFO: JdwpDebugServer: handling req: ThreadReference(11).Status(4)
12:37:48.862 INFO: JdwpDebugServer: handling req: ThreadReference(11).Status(4)
12:37:48.862 INFO: JdwpDebugServer: handling req: ThreadReference(11).ThreadGroup(5)
12:37:48.863 INFO: JdwpDebugServer: handling req: ObjectReference(9).ReferenceType(1)
12:37:48.863 INFO: JdwpDebugServer: handling req: ObjectReference(9).GetValues(2)
12:37:48.864 INFO: JdwpDebugServer: handling req: ThreadReference(11).Status(4)
12:37:48.865 INFO: JdwpDebugServer: handling req: ThreadReference(11).Status(4)
12:37:48.865 INFO: JdwpDebugServer: handling req: ThreadReference(11).ThreadGroup(5)
12:37:48.865 INFO: JdwpDebugServer: handling req: ObjectReference(9).ReferenceType(1)
12:37:48.865 INFO: JdwpDebugServer: handling req: ObjectReference(9).GetValues(2)
12:37:48.867 INFO: JdwpDebugServer: handling req: ThreadReference(11).Status(4)
12:37:48.867 INFO: JdwpDebugServer: handling req: ThreadReference(11).Status(4)
12:37:48.869 INFO: JdwpDebugServer: handling req: EventRequest(15).Set(1)
12:37:48.869 INFO: JdwpEventCenterDelegate: jdwpSetEventRequest: JdwpEventRequest{requestId=104, eventKind=CLASS_PREPARE, suspendPolicy=EVENT_THREAD, predicates=[className=com.badlogic.gdx.graphics.g3d.utils.BaseShaderProvider]}
12:37:48.874 INFO: JdwpDebugServer: handling req: EventRequest(15).Set(1)
12:37:48.874 INFO: JdwpEventCenterDelegate: jdwpSetEventRequest: JdwpEventRequest{requestId=105, eventKind=CLASS_PREPARE, suspendPolicy=EVENT_THREAD, predicates=[className=com.badlogic.gdx.graphics.g3d.utils.BaseShaderProvider$*]}
12:37:48.876 INFO: JdwpDebugServer: handling req: VirtualMachine(1).ClassesBySignature(2)
12:37:48.876 INFO: JdwpDebugServer: handling req: ReferenceType(2).MethodsWithGeneric(15)
12:37:48.877 INFO: JdwpDebugServer: handling req: Method(6).LineTable(1)
12:37:48.877 INFO: JdwpDebugServer: handling req: Method(6).LineTable(1)
12:37:48.878 INFO: JdwpDebugServer: handling req: Method(6).LineTable(1)
12:37:48.878 INFO: JdwpDebugServer: handling req: ReferenceType(2).Signature(1)
12:37:48.882 INFO: JdwpDebugServer: handling req: VirtualMachine(1).capabilitiesNew(17)
12:37:48.891 INFO: JdwpDebugServer: handling req: EventRequest(15).Set(1)
12:37:48.891 INFO: JdwpEventCenterDelegate: jdwpSetEventRequest: JdwpEventRequest{requestId=106, eventKind=CLASS_PREPARE, suspendPolicy=EVENT_THREAD, predicates=[className=java.lang.Error]}
12:37:48.894 INFO: JdwpDebugServer: handling req: EventRequest(15).Set(1)
12:37:48.894 INFO: JdwpEventCenterDelegate: jdwpSetEventRequest: JdwpEventRequest{requestId=107, eventKind=CLASS_PREPARE, suspendPolicy=EVENT_THREAD, predicates=[className=java.lang.Error$*]}
12:37:48.895 INFO: JdwpDebugServer: handling req: VirtualMachine(1).ClassesBySignature(2)
12:37:48.895 INFO: JdwpDebugServer: handling req: EventRequest(15).Set(1)
12:37:48.895 INFO: JdwpEventCenterDelegate: jdwpSetEventRequest: JdwpEventRequest{requestId=108, eventKind=EXCEPTION, suspendPolicy=EVENT_THREAD, predicates=[exceptionType=3425(caught=true, uncaught=true)]}
12:37:48.895 INFO: JdwpDebugServer: handling req: ReferenceType(2).Signature(1)
12:37:48.912 INFO: JdwpDebugServer: handling req: EventRequest(15).Set(1)
12:37:48.912 INFO: JdwpEventCenterDelegate: jdwpSetEventRequest: JdwpEventRequest{requestId=109, eventKind=CLASS_PREPARE, suspendPolicy=EVENT_THREAD, predicates=[className=java.lang.Throwable]}
12:37:48.914 INFO: JdwpDebugServer: handling req: EventRequest(15).Set(1)
12:37:48.914 INFO: JdwpEventCenterDelegate: jdwpSetEventRequest: JdwpEventRequest{requestId=110, eventKind=CLASS_PREPARE, suspendPolicy=EVENT_THREAD, predicates=[className=java.lang.Throwable$*]}
12:37:48.915 INFO: JdwpDebugServer: handling req: VirtualMachine(1).ClassesBySignature(2)
12:37:48.915 INFO: JdwpDebugServer: handling req: EventRequest(15).Set(1)
12:37:48.915 INFO: JdwpEventCenterDelegate: jdwpSetEventRequest: JdwpEventRequest{requestId=111, eventKind=EXCEPTION, suspendPolicy=EVENT_THREAD, predicates=[exceptionType=7695(caught=false, uncaught=true)]}
12:37:48.915 INFO: JdwpDebugServer: handling req: ReferenceType(2).Signature(1)
12:37:48.917 INFO: JdwpDebugServer: handling req: ThreadReference(11).SuspendCount(12)
12:37:48.917 INFO: JdwpDebugServer: handling req: ThreadReference(11).SuspendCount(12)
12:37:48.917 INFO: JdwpDebugServer: handling req: ThreadReference(11).SuspendCount(12)
12:37:48.918 INFO: JdwpDebugServer: handling req: ThreadReference(11).SuspendCount(12)
12:37:48.918 INFO: JdwpDebugServer: handling req: VirtualMachine(1).AllThreads(4)
12:37:48.918 INFO: JdwpDebugServer: handling req: VirtualMachine(1).Resume(9)
12:37:48.964 INFO: JdwpEventCenterDelegate: THREAD_RESUMED: thread (33, main, main)
12:37:48.968 INFO: JdwpEventCenterDelegate: THREAD_RESUMED: thread (33, main, main)
12:37:48.971 INFO: JdwpEventCenterDelegate: THREAD_RESUMED: thread (33, main, main)
12:37:48.971 INFO: JdwpEventCenterDelegate: THREAD_RESUMED: thread (33, main, main)
12:37:48.972 INFO: JdwpEventCenterDelegate: THREAD_RESUMED: thread (33, main, main)
12:37:48.973 INFO: JdwpEventCenterDelegate: THREAD_RESUMED: thread (33, main, main)
12:37:48.974 INFO: JdwpEventCenterDelegate: THREAD_RESUMED: thread (33, main, main)
12:37:48.975 INFO: JdwpEventCenterDelegate: THREAD_RESUMED: thread (33, main, main)
12:37:48.976 INFO: JdwpEventCenterDelegate: THREAD_RESUMED: thread (33, main, main)
12:37:48.977 INFO: JdwpEventCenterDelegate: THREAD_RESUMED: thread (33, main, main)
12:37:48.978 INFO: JdwpEventCenterDelegate: THREAD_RESUMED: thread (33, main, main)
12:37:48.980 INFO: JdwpEventCenterDelegate: THREAD_RESUMED: thread (33, main, main)
12:37:48.984 INFO: JdwpEventCenterDelegate: THREAD_RESUMED: thread (33, main, main)
12:37:48.988 INFO: JdwpEventCenterDelegate: THREAD_RESUMED: thread (33, main, main)
12:37:48.992 INFO: JdwpEventCenterDelegate: THREAD_RESUMED: thread (33, main, main)
12:37:48.994 INFO: JdwpEventCenterDelegate: THREAD_RESUMED: thread (33, main, main)
12:37:48.996 INFO: JdwpEventCenterDelegate: THREAD_RESUMED: thread (33, main, main)
12:37:49.002 INFO: JdwpEventCenterDelegate: THREAD_RESUMED: thread (33, main, main)
12:37:49.006 INFO: JdwpEventCenterDelegate: THREAD_RESUMED: thread (33, main, main)
12:37:49.007 INFO: JdwpEventCenterDelegate: THREAD_RESUMED: thread (33, main, main)
12:37:49.008 INFO: JdwpEventCenterDelegate: THREAD_RESUMED: thread (33, main, main)
12:37:49.009 INFO: JdwpEventCenterDelegate: THREAD_RESUMED: thread (33, main, main)
12:37:49.010 INFO: JdwpEventCenterDelegate: THREAD_RESUMED: thread (33, main, main)
12:37:49.012 INFO: JdwpEventCenterDelegate: THREAD_RESUMED: thread (33, main, main)
12:37:49.013 INFO: JdwpEventCenterDelegate: THREAD_RESUMED: thread (33, main, main)
12:37:49.061 INFO: JdwpEventCenterDelegate: THREAD_RESUMED: thread (33, main, main)
12:37:49.062 INFO: JdwpEventCenterDelegate: THREAD_RESUMED: thread (33, main, main)
12:37:49.063 INFO: JdwpEventCenterDelegate: THREAD_RESUMED: thread (33, main, main)
12:37:49.064 INFO: JdwpEventCenterDelegate: THREAD_RESUMED: thread (33, main, main)
12:37:49.065 INFO: JdwpEventCenterDelegate: THREAD_RESUMED: thread (33, main, main)
12:37:49.066 INFO: JdwpEventCenterDelegate: THREAD_RESUMED: thread (33, main, main)
12:37:49.066 INFO: JdwpEventCenterDelegate: THREAD_RESUMED: thread (33, main, main)
12:37:49.073 INFO: JdwpEventCenterDelegate: THREAD_RESUMED: thread (33, main, main)
12:37:49.074 INFO: JdwpEventCenterDelegate: THREAD_RESUMED: thread (33, main, main)
12:37:49.075 INFO: JdwpEventCenterDelegate: THREAD_RESUMED: thread (33, main, main)
12:37:49.076 INFO: JdwpEventCenterDelegate: THREAD_RESUMED: thread (33, main, main)
12:37:49.077 INFO: JdwpEventCenterDelegate: THREAD_RESUMED: thread (33, main, main)
12:37:49.078 INFO: JdwpEventCenterDelegate: THREAD_RESUMED: thread (33, main, main)
12:37:49.079 INFO: JdwpEventCenterDelegate: THREAD_RESUMED: thread (33, main, main)
12:37:49.107 INFO: JdwpEventCenterDelegate: THREAD_RESUMED: thread (33, main, main)
12:37:49.108 INFO: JdwpEventCenterDelegate: THREAD_RESUMED: thread (33, main, main)
12:37:49.109 INFO: JdwpEventCenterDelegate: THREAD_RESUMED: thread (33, main, main)
12:37:49.110 INFO: JdwpEventCenterDelegate: THREAD_RESUMED: thread (33, main, main)
12:37:49.111 INFO: JdwpEventCenterDelegate: THREAD_RESUMED: thread (33, main, main)
12:37:49.112 INFO: JdwpEventCenterDelegate: THREAD_RESUMED: thread (33, main, main)
12:37:49.113 INFO: JdwpEventCenterDelegate: THREAD_RESUMED: thread (33, main, main)
12:37:49.127 INFO: JdwpEventCenterDelegate: THREAD_RESUMED: thread (33, main, main)
12:37:49.128 INFO: JdwpEventCenterDelegate: THREAD_RESUMED: thread (33, main, main)
12:37:49.129 INFO: JdwpEventCenterDelegate: THREAD_RESUMED: thread (33, main, main)
12:37:49.130 INFO: JdwpEventCenterDelegate: THREAD_RESUMED: thread (33, main, main)
12:37:49.131 INFO: JdwpEventCenterDelegate: THREAD_RESUMED: thread (33, main, main)
12:37:49.132 INFO: JdwpEventCenterDelegate: THREAD_RESUMED: thread (33, main, main)
12:37:49.133 INFO: JdwpEventCenterDelegate: THREAD_RESUMED: thread (33, main, main)
12:37:49.146 INFO: JdwpEventCenterDelegate: THREAD_RESUMED: thread (33, main, main)
12:37:49.147 INFO: JdwpEventCenterDelegate: THREAD_RESUMED: thread (33, main, main)
12:37:49.148 INFO: JdwpEventCenterDelegate: THREAD_RESUMED: thread (33, main, main)
12:37:49.149 INFO: JdwpEventCenterDelegate: THREAD_RESUMED: thread (33, main, main)
12:37:49.150 INFO: JdwpEventCenterDelegate: THREAD_RESUMED: thread (33, main, main)
12:37:49.151 INFO: JdwpEventCenterDelegate: THREAD_RESUMED: thread (33, main, main)
12:37:49.152 INFO: JdwpEventCenterDelegate: THREAD_RESUMED: thread (33, main, main)
12:37:49.161 INFO: JdwpEventCenterDelegate: THREAD_RESUMED: thread (33, main, main)
12:37:49.163 INFO: JdwpEventCenterDelegate: THREAD_RESUMED: thread (33, main, main)
12:37:49.164 INFO: JdwpEventCenterDelegate: THREAD_RESUMED: thread (33, main, main)
12:37:49.165 INFO: JdwpEventCenterDelegate: THREAD_RESUMED: thread (33, main, main)
12:37:49.166 INFO: JdwpEventCenterDelegate: THREAD_RESUMED: thread (33, main, main)
12:37:49.167 INFO: JdwpEventCenterDelegate: THREAD_RESUMED: thread (33, main, main)
12:37:49.169 INFO: JdwpEventCenterDelegate: THREAD_RESUMED: thread (33, main, main)
12:37:49.170 INFO: JdwpEventCenterDelegate: THREAD_RESUMED: thread (33, main, main)
12:37:49.171 INFO: JdwpEventCenterDelegate: THREAD_RESUMED: thread (33, main, main)
12:37:49.172 INFO: JdwpEventCenterDelegate: THREAD_RESUMED: thread (33, main, main)
12:37:49.173 INFO: JdwpEventCenterDelegate: THREAD_RESUMED: thread (33, main, main)
12:37:49.175 INFO: JdwpEventCenterDelegate: THREAD_RESUMED: thread (33, main, main)
12:37:49.176 INFO: JdwpEventCenterDelegate: THREAD_RESUMED: thread (33, main, main)
12:37:49.177 INFO: JdwpEventCenterDelegate: THREAD_RESUMED: thread (33, main, main)
12:37:49.177 INFO: JdwpEventCenterDelegate: THREAD_RESUMED: thread (33, main, main)
12:37:49.178 INFO: JdwpEventCenterDelegate: THREAD_RESUMED: thread (33, main, main)
12:37:49.179 INFO: JdwpEventCenterDelegate: THREAD_RESUMED: thread (33, main, main)
12:37:49.180 INFO: JdwpEventCenterDelegate: THREAD_RESUMED: thread (33, main, main)
12:37:49.184 INFO: JdwpEventCenterDelegate: THREAD_RESUMED: thread (33, main, main)
12:37:49.185 INFO: JdwpEventCenterDelegate: THREAD_RESUMED: thread (33, main, main)
12:37:49.395 INFO: JdwpEventCenterDelegate: THREAD_RESUMED: thread (33, main, main)
12:37:49.399 INFO: JdwpEventCenterDelegate: THREAD_RESUMED: thread (33, main, main)
12:37:49.421 INFO: JdwpEventCenterDelegate: THREAD_RESUMED: thread (33, main, main)
12:37:49.424 INFO: JdwpEventCenterDelegate: THREAD_RESUMED: thread (33, main, main)
12:37:49.427 INFO: JdwpEventCenterDelegate: THREAD_RESUMED: thread (33, main, main)
12:37:49.430 INFO: JdwpEventCenterDelegate: THREAD_RESUMED: thread (33, main, main)
12:37:49.436 INFO: JdwpEventCenterDelegate: THREAD_RESUMED: thread (33, main, main)
12:37:49.437 INFO: JdwpEventCenterDelegate: THREAD_RESUMED: thread (33, main, main)
12:37:49.480 INFO: JdwpDebugServer: handling req: ThreadReference(11).Name(1)
12:37:49.481 INFO: JdwpDebugServer: handling req: ThreadReference(11).Name(1)
12:37:49.481 INFO: JdwpDebugServer: handling req: ThreadReference(11).Name(1)
12:37:49.481 INFO: JdwpDebugServer: handling req: ThreadReference(11).Name(1)
12:37:49.492 INFO: JdwpEventCenterDelegate: THREAD_RESUMED: thread (33, main, main)
12:37:49.675 INFO: JdwpDebugServer: handling req: ThreadReference(11).Resume(3)
12:37:49.676 INFO: JdwpEventCenterDelegate: THREAD_RESUMED: thread (33, main, main)
12:37:49.681 INFO: JdwpEventCenterDelegate: THREAD_RESUMED: thread (33, main, main)
12:37:49.682 INFO: JdwpEventCenterDelegate: THREAD_RESUMED: thread (33, main, main)
12:37:49.684 INFO: JdwpEventCenterDelegate: THREAD_RESUMED: thread (33, main, main)
12:37:49.686 INFO: JdwpEventCenterDelegate: THREAD_RESUMED: thread (33, main, main)
12:37:49.687 INFO: JdwpEventCenterDelegate: THREAD_RESUMED: thread (33, main, main)
12:37:49.689 INFO: JdwpEventCenterDelegate: THREAD_RESUMED: thread (33, main, main)
12:37:49.697 INFO: JdwpEventCenterDelegate: THREAD_RESUMED: thread (33, main, main)
12:37:49.699 INFO: JdwpEventCenterDelegate: THREAD_RESUMED: thread (33, main, main)
12:37:49.701 INFO: JdwpEventCenterDelegate: THREAD_RESUMED: thread (33, main, main)
12:37:49.703 INFO: JdwpEventCenterDelegate: THREAD_RESUMED: thread (33, main, main)
12:37:49.705 INFO: JdwpEventCenterDelegate: THREAD_RESUMED: thread (33, main, main)
12:37:49.707 INFO: JdwpEventCenterDelegate: THREAD_RESUMED: thread (33, main, main)
12:37:49.709 INFO: JdwpEventCenterDelegate: THREAD_RESUMED: thread (33, main, main)
12:37:49.726 INFO: JdwpEventCenterDelegate: THREAD_RESUMED: thread (33, main, main)
12:37:49.742 INFO: JdwpEventCenterDelegate: THREAD_RESUMED: thread (33, main, main)
12:37:49.756 INFO: JdwpEventCenterDelegate: THREAD_RESUMED: thread (33, main, main)
12:37:49.767 INFO: JdwpEventCenterDelegate: THREAD_RESUMED: thread (33, main, main)
12:37:49.782 INFO: JdwpEventCenterDelegate: THREAD_RESUMED: thread (33, main, main)
12:37:49.806 INFO: JdwpEventCenterDelegate: THREAD_RESUMED: thread (33, main, main)
12:37:49.813 INFO: JdwpEventCenterDelegate: THREAD_RESUMED: thread (33, main, main)
12:37:49.819 INFO: JdwpEventCenterDelegate: THREAD_RESUMED: thread (33, main, main)
12:37:49.824 INFO: JdwpEventCenterDelegate: THREAD_RESUMED: thread (33, main, main)
12:37:49.828 INFO: JdwpEventCenterDelegate: THREAD_RESUMED: thread (33, main, main)
12:37:49.834 INFO: JdwpEventCenterDelegate: THREAD_RESUMED: thread (33, main, main)
12:37:49.843 INFO: JdwpEventCenterDelegate: THREAD_RESUMED: thread (33, main, main)
12:37:49.849 INFO: JdwpEventCenterDelegate: THREAD_RESUMED: thread (33, main, main)
12:37:49.855 INFO: JdwpEventCenterDelegate: THREAD_RESUMED: thread (33, main, main)
12:37:49.860 INFO: JdwpEventCenterDelegate: THREAD_RESUMED: thread (33, main, main)
12:37:49.865 INFO: JdwpEventCenterDelegate: THREAD_RESUMED: thread (33, main, main)
12:37:49.871 INFO: JdwpEventCenterDelegate: THREAD_RESUMED: thread (33, main, main)
12:37:49.877 INFO: JdwpEventCenterDelegate: THREAD_RESUMED: thread (33, main, main)
12:37:49.879 INFO: JdwpEventCenterDelegate: THREAD_RESUMED: thread (33, main, main)
12:37:49.881 INFO: JdwpEventCenterDelegate: THREAD_RESUMED: thread (33, main, main)
12:37:49.883 INFO: JdwpEventCenterDelegate: THREAD_RESUMED: thread (33, main, main)
12:37:49.885 INFO: JdwpEventCenterDelegate: THREAD_RESUMED: thread (33, main, main)
12:37:49.888 INFO: JdwpEventCenterDelegate: THREAD_RESUMED: thread (33, main, main)
12:37:49.890 INFO: JdwpEventCenterDelegate: THREAD_RESUMED: thread (33, main, main)
12:37:49.892 INFO: JdwpEventCenterDelegate: THREAD_RESUMED: thread (33, main, main)
12:37:49.894 INFO: JdwpEventCenterDelegate: THREAD_RESUMED: thread (33, main, main)
12:37:49.895 INFO: JdwpEventCenterDelegate: THREAD_RESUMED: thread (33, main, main)
12:37:49.897 INFO: JdwpEventCenterDelegate: THREAD_RESUMED: thread (33, main, main)
12:37:49.898 INFO: JdwpEventCenterDelegate: THREAD_RESUMED: thread (33, main, main)
12:37:49.900 INFO: JdwpEventCenterDelegate: THREAD_RESUMED: thread (33, main, main)
12:37:49.902 INFO: JdwpEventCenterDelegate: THREAD_RESUMED: thread (33, main, main)
12:37:49.903 INFO: JdwpEventCenterDelegate: THREAD_RESUMED: thread (33, main, main)
12:37:49.905 INFO: JdwpEventCenterDelegate: THREAD_RESUMED: thread (33, main, main)
12:37:49.906 INFO: JdwpEventCenterDelegate: THREAD_RESUMED: thread (33, main, main)
12:37:49.908 INFO: JdwpEventCenterDelegate: THREAD_RESUMED: thread (33, main, main)
12:37:49.910 INFO: JdwpEventCenterDelegate: THREAD_RESUMED: thread (33, main, main)
12:37:49.911 INFO: JdwpEventCenterDelegate: THREAD_RESUMED: thread (33, main, main)
12:37:49.912 INFO: JdwpEventCenterDelegate: THREAD_RESUMED: thread (33, main, main)
12:37:49.914 INFO: JdwpEventCenterDelegate: THREAD_RESUMED: thread (33, main, main)
12:37:49.916 INFO: JdwpEventCenterDelegate: THREAD_RESUMED: thread (33, main, main)
12:37:49.918 INFO: JdwpEventCenterDelegate: THREAD_RESUMED: thread (33, main, main)
12:37:49.919 INFO: JdwpEventCenterDelegate: THREAD_RESUMED: thread (33, main, main)
12:37:49.921 INFO: JdwpEventCenterDelegate: THREAD_RESUMED: thread (33, main, main)
12:37:49.922 INFO: JdwpEventCenterDelegate: THREAD_RESUMED: thread (33, main, main)
12:37:49.924 INFO: JdwpEventCenterDelegate: THREAD_RESUMED: thread (33, main, main)
12:37:49.926 INFO: JdwpEventCenterDelegate: THREAD_RESUMED: thread (33, main, main)
12:37:49.927 INFO: JdwpEventCenterDelegate: THREAD_RESUMED: thread (33, main, main)
12:37:49.929 INFO: JdwpEventCenterDelegate: THREAD_RESUMED: thread (33, main, main)
12:37:49.930 INFO: JdwpEventCenterDelegate: THREAD_RESUMED: thread (33, main, main)
12:37:49.932 INFO: JdwpEventCenterDelegate: THREAD_RESUMED: thread (33, main, main)
12:37:49.933 INFO: JdwpEventCenterDelegate: THREAD_RESUMED: thread (33, main, main)
12:37:49.935 INFO: JdwpEventCenterDelegate: THREAD_RESUMED: thread (33, main, main)
12:37:49.936 INFO: JdwpEventCenterDelegate: THREAD_RESUMED: thread (33, main, main)
12:37:49.938 INFO: JdwpEventCenterDelegate: THREAD_RESUMED: thread (33, main, main)
12:37:49.939 INFO: JdwpEventCenterDelegate: THREAD_RESUMED: thread (33, main, main)
12:37:49.941 INFO: JdwpEventCenterDelegate: THREAD_RESUMED: thread (33, main, main)
12:37:49.943 INFO: JdwpEventCenterDelegate: THREAD_RESUMED: thread (33, main, main)
12:37:49.944 INFO: JdwpEventCenterDelegate: THREAD_RESUMED: thread (33, main, main)
12:37:49.946 INFO: JdwpEventCenterDelegate: THREAD_RESUMED: thread (33, main, main)
12:37:49.948 INFO: JdwpEventCenterDelegate: THREAD_RESUMED: thread (33, main, main)
12:37:49.951 INFO: JdwpEventCenterDelegate: THREAD_RESUMED: thread (33, main, main)
12:37:49.953 INFO: JdwpEventCenterDelegate: THREAD_RESUMED: thread (33, main, main)
12:37:49.954 INFO: JdwpEventCenterDelegate: THREAD_RESUMED: thread (33, main, main)
12:37:49.956 INFO: JdwpEventCenterDelegate: THREAD_RESUMED: thread (33, main, main)
12:37:49.958 INFO: JdwpEventCenterDelegate: THREAD_RESUMED: thread (33, main, main)
12:37:49.960 INFO: JdwpEventCenterDelegate: THREAD_RESUMED: thread (33, main, main)
12:37:49.961 INFO: JdwpEventCenterDelegate: THREAD_RESUMED: thread (33, main, main)
12:37:49.962 INFO: JdwpEventCenterDelegate: THREAD_RESUMED: thread (33, main, main)
12:37:49.964 INFO: JdwpEventCenterDelegate: THREAD_RESUMED: thread (33, main, main)
12:37:49.966 INFO: JdwpEventCenterDelegate: THREAD_RESUMED: thread (33, main, main)
12:37:49.968 INFO: JdwpEventCenterDelegate: THREAD_RESUMED: thread (33, main, main)
12:37:50.119 INFO: JdwpEventCenterDelegate: THREAD_RESUMED: thread (33, main, main)
12:37:50.146 INFO: JdwpEventCenterDelegate: THREAD_RESUMED: thread (33, main, main)
12:37:50.148 INFO: JdwpEventCenterDelegate: THREAD_RESUMED: thread (33, main, main)
12:37:50.149 INFO: JdwpEventCenterDelegate: THREAD_RESUMED: thread (33, main, main)
12:37:50.150 INFO: JdwpEventCenterDelegate: THREAD_RESUMED: thread (33, main, main)
12:37:50.297 INFO: JdwpEventCenterDelegate: THREAD_RESUMED: thread (33, main, main)
12:37:50.298 INFO: JdwpEventCenterDelegate: THREAD_RESUMED: thread (33, main, main)
12:37:50.312 INFO: JdwpEventCenterDelegate: THREAD_RESUMED: thread (33, main, main)
12:37:50.313 INFO: JdwpEventCenterDelegate: THREAD_RESUMED: thread (33, main, main)
12:37:50.317 INFO: JdwpEventCenterDelegate: THREAD_RESUMED: thread (33, main, main)
12:37:50.319 INFO: JdwpEventCenterDelegate: THREAD_RESUMED: thread (33, main, main)
12:37:50.320 INFO: JdwpEventCenterDelegate: THREAD_RESUMED: thread (33, main, main)
12:37:50.321 INFO: JdwpEventCenterDelegate: THREAD_RESUMED: thread (33, main, main)
12:37:50.322 INFO: JdwpEventCenterDelegate: THREAD_RESUMED: thread (33, main, main)
12:37:50.324 INFO: JdwpEventCenterDelegate: THREAD_RESUMED: thread (33, main, main)
12:37:53.601 INFO: JdwpEventCenterDelegate: THREAD_RESUMED: thread (33, main, main)
12:37:53.602 INFO: JdwpEventCenterDelegate: THREAD_RESUMED: thread (33, main, main)
12:37:53.803 INFO: JdwpEventCenterDelegate: THREAD_RESUMED: thread (33, main, main)
12:37:53.805 INFO: JdwpEventCenterDelegate: THREAD_RESUMED: thread (33, main, main)
12:37:53.807 INFO: JdwpEventCenterDelegate: THREAD_RESUMED: thread (33, main, main)
12:37:53.810 INFO: JdwpEventCenterDelegate: THREAD_RESUMED: thread (33, main, main)
12:37:53.811 INFO: JdwpEventCenterDelegate: THREAD_RESUMED: thread (33, main, main)
12:37:53.813 INFO: JdwpEventCenterDelegate: THREAD_RESUMED: thread (33, main, main)
12:37:53.815 INFO: JdwpEventCenterDelegate: THREAD_RESUMED: thread (33, main, main)
12:37:53.816 INFO: JdwpEventCenterDelegate: THREAD_RESUMED: thread (33, main, main)
12:37:53.818 INFO: JdwpEventCenterDelegate: THREAD_RESUMED: thread (33, main, main)
12:37:53.826 INFO: JdwpEventCenterDelegate: THREAD_RESUMED: thread (33, main, main)
12:37:53.828 INFO: JdwpEventCenterDelegate: THREAD_RESUMED: thread (33, main, main)
12:37:53.830 INFO: JdwpEventCenterDelegate: THREAD_RESUMED: thread (33, main, main)
12:37:53.839 INFO: JdwpEventCenterDelegate: THREAD_RESUMED: thread (33, main, main)
12:37:53.849 SEVERE: Debugger: Thread HooksChannel socket thread crashed
org.robovm.debugger.DebuggerException: java.io.IOException: org.robovm.libimobiledevice.LibIMobileDeviceException: IDEVICE_E_UNKNOWN_ERROR
	at org.robovm.debugger.hooks.HooksChannel.doSocketWork(HooksChannel.java:149)
	at java.base/java.lang.Thread.run(Thread.java:833)
	at org.robovm.debugger.utils.DebuggerThread.run(DebuggerThread.java:42)
Caused by: java.io.IOException: org.robovm.libimobiledevice.LibIMobileDeviceException: IDEVICE_E_UNKNOWN_ERROR
	at org.robovm.libimobiledevice.IDeviceConnection$DeviceInputStream.read(IDeviceConnection.java:203)
	at org.robovm.debugger.utils.bytebuffer.DataBufferWriter.writeFromStream(DataBufferWriter.java:89)
	at org.robovm.debugger.hooks.HooksChannel.doSocketWork(HooksChannel.java:116)
	... 2 more
Caused by: org.robovm.libimobiledevice.LibIMobileDeviceException: IDEVICE_E_UNKNOWN_ERROR
	at org.robovm.libimobiledevice.IDevice.checkResult(IDevice.java:206)
	at org.robovm.libimobiledevice.IDeviceConnection.receive(IDeviceConnection.java:110)
	at org.robovm.libimobiledevice.IDeviceConnection.receive(IDeviceConnection.java:81)
	at org.robovm.libimobiledevice.IDeviceConnection$DeviceInputStream.read(IDeviceConnection.java:201)
	... 4 more
12:37:54.364 SEVERE: Debugger: Thread JDWP server socket thread crashed
org.robovm.debugger.DebuggerException: java.net.SocketException: Socket closed
	at org.robovm.debugger.jdwp.JdwpDebugServer.doSocketWork(JdwpDebugServer.java:215)
	at java.base/java.lang.Thread.run(Thread.java:833)
	at org.robovm.debugger.utils.DebuggerThread.run(DebuggerThread.java:42)
Caused by: java.net.SocketException: Socket closed
	at java.base/sun.nio.ch.NioSocketImpl.endRead(NioSocketImpl.java:248)
	at java.base/sun.nio.ch.NioSocketImpl.implRead(NioSocketImpl.java:327)
	at java.base/sun.nio.ch.NioSocketImpl.read(NioSocketImpl.java:350)
	at java.base/sun.nio.ch.NioSocketImpl$1.read(NioSocketImpl.java:803)
	at java.base/java.net.Socket$SocketInputStream.read(Socket.java:966)
	at org.robovm.debugger.utils.bytebuffer.DataBufferWriter.writeFromStream(DataBufferWriter.java:89)
	at org.robovm.debugger.jdwp.protocol.JdwpRequestHeader.readFromStream(JdwpRequestHeader.java:36)
	at org.robovm.debugger.jdwp.JdwpDebugServer.doSocketWork(JdwpDebugServer.java:185)
	... 2 more
