13:08:24.001 INFO: JdwpEventCenterDelegate: THREAD_STARTED: thread (33, main, main)
13:08:24.077 INFO: JdwpEventCenterDelegate: THREAD_STARTED: thread (48, ReferenceQueueDaemon, main)
13:08:24.077 INFO: JdwpEventCenterDelegate: THREAD_STARTED: thread (63, FinalizerDaemon, main)
13:08:24.078 INFO: JdwpEventCenterDelegate: THREAD_STARTED: thread (78, FinalizerWatchdogDaemon, main)
13:08:25.603 INFO: JdwpDebugServer: handling req: VirtualMachine(1).IDSizes(7)
13:08:25.605 INFO: JdwpDebugServer: handling req: EventRequest(15).Set(1)
13:08:25.606 INFO: JdwpEventCenterDelegate: jdwpSetEventRequest: JdwpEventRequest{requestId=100, eventKind=CLASS_UNLOAD, suspendPolicy=NONE, predicates=[]}
13:08:25.606 INFO: JdwpDebugServer: handling req: EventRequest(15).Set(1)
13:08:25.606 INFO: JdwpEventCenterDelegate: jdwpSetEventRequest: JdwpEventRequest{requestId=101, eventKind=THREAD_START, suspendPolicy=NONE, predicates=[]}
13:08:25.607 INFO: JdwpDebugServer: handling req: VirtualMachine(1).ClassesBySignature(2)
13:08:25.608 INFO: JdwpDebugServer: handling req: VirtualMachine(1).Version(1)
13:08:25.610 INFO: JdwpDebugServer: handling req: ReferenceType(2).MethodsWithGeneric(15)
13:08:25.613 INFO: JdwpDebugServer: handling req: Method(6).LineTable(1)
13:08:25.615 INFO: JdwpDebugServer: handling req: EventRequest(15).Set(1)
13:08:25.615 INFO: JdwpEventCenterDelegate: jdwpSetEventRequest: JdwpEventRequest{requestId=102, eventKind=BREAKPOINT, suspendPolicy=NONE, predicates=[Location{classId=845, methodId=257, index=928} ]}
13:08:25.616 INFO: JdwpDebugServer: handling req: EventRequest(15).Set(1)
13:08:25.617 INFO: JdwpEventCenterDelegate: jdwpSetEventRequest: JdwpEventRequest{requestId=103, eventKind=THREAD_DEATH, suspendPolicy=NONE, predicates=[]}
13:08:25.617 INFO: JdwpDebugServer: handling req: VirtualMachine(1).AllThreads(4)
13:08:25.617 INFO: JdwpDebugServer: handling req: ThreadReference(11).ThreadGroup(5)
13:08:25.618 INFO: JdwpDebugServer: handling req: ThreadGroup(12).Name(1)
13:08:25.619 INFO: JdwpDebugServer: handling req: ThreadGroup(12).Parent(2)
13:08:25.619 INFO: JdwpDebugServer: handling req: ObjectReference(9).ReferenceType(1)
13:08:25.619 INFO: JdwpDebugServer: handling req: ReferenceType(2).FieldsWithGeneric(14)
13:08:25.620 INFO: JdwpDebugServer: handling req: ReferenceType(2).Interfaces(10)
13:08:25.620 INFO: JdwpDebugServer: handling req: ReferenceType(2).FieldsWithGeneric(14)
13:08:25.621 INFO: JdwpDebugServer: handling req: ReferenceType(2).Interfaces(10)
13:08:25.621 INFO: JdwpDebugServer: handling req: ClassType(3).Superclass(1)
13:08:25.621 INFO: JdwpDebugServer: handling req: ReferenceType(2).FieldsWithGeneric(14)
13:08:25.621 INFO: JdwpDebugServer: handling req: ReferenceType(2).Interfaces(10)
13:08:25.621 INFO: JdwpDebugServer: handling req: ClassType(3).Superclass(1)
13:08:25.622 INFO: JdwpDebugServer: handling req: ObjectReference(9).GetValues(2)
13:08:25.623 INFO: JdwpDebugServer: handling req: ThreadReference(11).Status(4)
13:08:25.623 INFO: JdwpDebugServer: handling req: ThreadReference(11).Status(4)
13:08:25.623 INFO: JdwpDebugServer: handling req: ThreadReference(11).ThreadGroup(5)
13:08:25.624 INFO: JdwpDebugServer: handling req: ObjectReference(9).ReferenceType(1)
13:08:25.625 INFO: JdwpDebugServer: handling req: ObjectReference(9).GetValues(2)
13:08:25.625 INFO: JdwpDebugServer: handling req: ThreadReference(11).Status(4)
13:08:25.625 INFO: JdwpDebugServer: handling req: ThreadReference(11).Status(4)
13:08:25.626 INFO: JdwpDebugServer: handling req: ThreadReference(11).ThreadGroup(5)
13:08:25.626 INFO: JdwpDebugServer: handling req: ObjectReference(9).ReferenceType(1)
13:08:25.626 INFO: JdwpDebugServer: handling req: ObjectReference(9).GetValues(2)
13:08:25.626 INFO: JdwpDebugServer: handling req: ThreadReference(11).Status(4)
13:08:25.626 INFO: JdwpDebugServer: handling req: ThreadReference(11).Status(4)
13:08:25.627 INFO: JdwpDebugServer: handling req: ThreadReference(11).ThreadGroup(5)
13:08:25.627 INFO: JdwpDebugServer: handling req: ObjectReference(9).ReferenceType(1)
13:08:25.627 INFO: JdwpDebugServer: handling req: ObjectReference(9).GetValues(2)
13:08:25.627 INFO: JdwpDebugServer: handling req: ThreadReference(11).Status(4)
13:08:25.627 INFO: JdwpDebugServer: handling req: ThreadReference(11).Status(4)
13:08:25.629 INFO: JdwpDebugServer: handling req: EventRequest(15).Set(1)
13:08:25.629 INFO: JdwpEventCenterDelegate: jdwpSetEventRequest: JdwpEventRequest{requestId=104, eventKind=CLASS_PREPARE, suspendPolicy=EVENT_THREAD, predicates=[className=java.lang.Throwable]}
13:08:25.635 INFO: JdwpDebugServer: handling req: EventRequest(15).Set(1)
13:08:25.635 INFO: JdwpEventCenterDelegate: jdwpSetEventRequest: JdwpEventRequest{requestId=105, eventKind=CLASS_PREPARE, suspendPolicy=EVENT_THREAD, predicates=[className=java.lang.Throwable$*]}
13:08:25.637 INFO: JdwpDebugServer: handling req: VirtualMachine(1).ClassesBySignature(2)
13:08:25.637 INFO: JdwpDebugServer: handling req: ReferenceType(2).MethodsWithGeneric(15)
13:08:25.638 INFO: JdwpDebugServer: handling req: Method(6).LineTable(1)
13:08:25.638 INFO: JdwpDebugServer: handling req: Method(6).LineTable(1)
13:08:25.638 INFO: JdwpDebugServer: handling req: Method(6).LineTable(1)
13:08:25.639 INFO: JdwpDebugServer: handling req: Method(6).LineTable(1)
13:08:25.639 INFO: JdwpDebugServer: handling req: Method(6).LineTable(1)
13:08:25.639 INFO: JdwpDebugServer: handling req: Method(6).LineTable(1)
13:08:25.639 INFO: JdwpDebugServer: handling req: Method(6).LineTable(1)
13:08:25.639 INFO: JdwpDebugServer: handling req: Method(6).LineTable(1)
13:08:25.639 INFO: JdwpDebugServer: handling req: Method(6).LineTable(1)
13:08:25.639 INFO: JdwpDebugServer: handling req: Method(6).LineTable(1)
13:08:25.639 INFO: JdwpDebugServer: handling req: Method(6).LineTable(1)
13:08:25.639 INFO: JdwpDebugServer: handling req: Method(6).LineTable(1)
13:08:25.640 INFO: JdwpDebugServer: handling req: Method(6).LineTable(1)
13:08:25.640 INFO: JdwpDebugServer: handling req: Method(6).LineTable(1)
13:08:25.640 INFO: JdwpDebugServer: handling req: Method(6).LineTable(1)
13:08:25.640 INFO: JdwpDebugServer: handling req: Method(6).LineTable(1)
13:08:25.640 INFO: JdwpDebugServer: handling req: Method(6).LineTable(1)
13:08:25.640 INFO: JdwpDebugServer: handling req: Method(6).LineTable(1)
13:08:25.640 INFO: JdwpDebugServer: handling req: Method(6).LineTable(1)
13:08:25.640 INFO: JdwpDebugServer: handling req: Method(6).LineTable(1)
13:08:25.640 INFO: JdwpDebugServer: handling req: Method(6).LineTable(1)
13:08:25.640 INFO: JdwpDebugServer: handling req: Method(6).LineTable(1)
13:08:25.641 INFO: JdwpDebugServer: handling req: Method(6).LineTable(1)
13:08:25.641 INFO: JdwpDebugServer: handling req: Method(6).LineTable(1)
13:08:25.641 INFO: JdwpDebugServer: handling req: VirtualMachine(1).ClassesBySignature(2)
13:08:25.641 INFO: JdwpDebugServer: handling req: VirtualMachine(1).AllClassesWithGeneric(20)
13:08:25.653 INFO: JdwpDebugServer: handling req: EventRequest(15).Set(1)
13:08:25.654 INFO: JdwpEventCenterDelegate: jdwpSetEventRequest: JdwpEventRequest{requestId=106, eventKind=CLASS_PREPARE, suspendPolicy=EVENT_THREAD, predicates=[className=com.badlogic.gdx.utils.ScreenUtils]}
13:08:25.655 INFO: JdwpDebugServer: handling req: EventRequest(15).Set(1)
13:08:25.655 INFO: JdwpEventCenterDelegate: jdwpSetEventRequest: JdwpEventRequest{requestId=107, eventKind=CLASS_PREPARE, suspendPolicy=EVENT_THREAD, predicates=[className=com.badlogic.gdx.utils.ScreenUtils$*]}
13:08:25.656 INFO: JdwpDebugServer: handling req: VirtualMachine(1).ClassesBySignature(2)
13:08:25.656 INFO: JdwpDebugServer: handling req: ReferenceType(2).MethodsWithGeneric(15)
13:08:25.657 INFO: JdwpDebugServer: handling req: Method(6).LineTable(1)
13:08:25.657 INFO: JdwpDebugServer: handling req: Method(6).LineTable(1)
13:08:25.657 INFO: JdwpDebugServer: handling req: Method(6).LineTable(1)
13:08:25.657 INFO: JdwpDebugServer: handling req: Method(6).LineTable(1)
13:08:25.657 INFO: JdwpDebugServer: handling req: Method(6).LineTable(1)
13:08:25.657 INFO: JdwpDebugServer: handling req: Method(6).LineTable(1)
13:08:25.657 INFO: JdwpDebugServer: handling req: Method(6).LineTable(1)
13:08:25.658 INFO: JdwpDebugServer: handling req: Method(6).LineTable(1)
13:08:25.658 INFO: JdwpDebugServer: handling req: Method(6).LineTable(1)
13:08:25.658 INFO: JdwpDebugServer: handling req: Method(6).LineTable(1)
13:08:25.658 INFO: JdwpDebugServer: handling req: EventRequest(15).Set(1)
13:08:25.658 INFO: JdwpEventCenterDelegate: jdwpSetEventRequest: JdwpEventRequest{requestId=108, eventKind=BREAKPOINT, suspendPolicy=EVENT_THREAD, predicates=[Location{classId=22230, methodId=1272, index=89} ]}
13:08:25.661 INFO: JdwpDebugServer: handling req: EventRequest(15).Set(1)
13:08:25.661 INFO: JdwpEventCenterDelegate: jdwpSetEventRequest: JdwpEventRequest{requestId=109, eventKind=CLASS_PREPARE, suspendPolicy=EVENT_THREAD, predicates=[className=com.badlogic.gdx.utils.ScreenUtils]}
13:08:25.662 INFO: JdwpDebugServer: handling req: EventRequest(15).Set(1)
13:08:25.662 INFO: JdwpEventCenterDelegate: jdwpSetEventRequest: JdwpEventRequest{requestId=110, eventKind=CLASS_PREPARE, suspendPolicy=EVENT_THREAD, predicates=[className=com.badlogic.gdx.utils.ScreenUtils$*]}
13:08:25.663 INFO: JdwpDebugServer: handling req: VirtualMachine(1).ClassesBySignature(2)
13:08:25.663 INFO: JdwpDebugServer: handling req: EventRequest(15).Set(1)
13:08:25.664 INFO: JdwpEventCenterDelegate: jdwpSetEventRequest: JdwpEventRequest{requestId=111, eventKind=BREAKPOINT, suspendPolicy=EVENT_THREAD, predicates=[Location{classId=22230, methodId=1267, index=72} ]}
13:08:25.664 INFO: JdwpDebugServer: handling req: EventRequest(15).Set(1)
13:08:25.664 INFO: JdwpEventCenterDelegate: jdwpSetEventRequest: JdwpEventRequest{requestId=112, eventKind=CLASS_PREPARE, suspendPolicy=EVENT_THREAD, predicates=[className=com.abdalla.bushnaq.pluvia.engine.GameEngine]}
13:08:25.665 INFO: JdwpDebugServer: handling req: EventRequest(15).Set(1)
13:08:25.665 INFO: JdwpEventCenterDelegate: jdwpSetEventRequest: JdwpEventRequest{requestId=113, eventKind=CLASS_PREPARE, suspendPolicy=EVENT_THREAD, predicates=[className=com.abdalla.bushnaq.pluvia.engine.GameEngine$*]}
13:08:25.666 INFO: JdwpDebugServer: handling req: VirtualMachine(1).ClassesBySignature(2)
13:08:25.666 INFO: JdwpDebugServer: handling req: ReferenceType(2).MethodsWithGeneric(15)
13:08:25.666 INFO: JdwpDebugServer: handling req: Method(6).LineTable(1)
13:08:25.666 INFO: JdwpDebugServer: handling req: Method(6).LineTable(1)
13:08:25.667 INFO: JdwpDebugServer: handling req: Method(6).LineTable(1)
13:08:25.667 INFO: JdwpDebugServer: handling req: Method(6).LineTable(1)
13:08:25.667 INFO: JdwpDebugServer: handling req: Method(6).LineTable(1)
13:08:25.667 INFO: JdwpDebugServer: handling req: Method(6).LineTable(1)
13:08:25.667 INFO: JdwpDebugServer: handling req: Method(6).LineTable(1)
13:08:25.667 INFO: JdwpDebugServer: handling req: Method(6).LineTable(1)
13:08:25.667 INFO: JdwpDebugServer: handling req: Method(6).LineTable(1)
13:08:25.667 INFO: JdwpDebugServer: handling req: Method(6).LineTable(1)
13:08:25.667 INFO: JdwpDebugServer: handling req: Method(6).LineTable(1)
13:08:25.667 INFO: JdwpDebugServer: handling req: Method(6).LineTable(1)
13:08:25.668 INFO: JdwpDebugServer: handling req: Method(6).LineTable(1)
13:08:25.668 INFO: JdwpDebugServer: handling req: Method(6).LineTable(1)
13:08:25.668 INFO: JdwpDebugServer: handling req: Method(6).LineTable(1)
13:08:25.668 INFO: JdwpDebugServer: handling req: Method(6).LineTable(1)
13:08:25.668 INFO: JdwpDebugServer: handling req: Method(6).LineTable(1)
13:08:25.668 INFO: JdwpDebugServer: handling req: Method(6).LineTable(1)
13:08:25.668 INFO: JdwpDebugServer: handling req: Method(6).LineTable(1)
13:08:25.668 INFO: JdwpDebugServer: handling req: Method(6).LineTable(1)
13:08:25.668 INFO: JdwpDebugServer: handling req: Method(6).LineTable(1)
13:08:25.668 INFO: JdwpDebugServer: handling req: Method(6).LineTable(1)
13:08:25.668 INFO: JdwpDebugServer: handling req: Method(6).LineTable(1)
13:08:25.669 INFO: JdwpDebugServer: handling req: Method(6).LineTable(1)
13:08:25.669 INFO: JdwpDebugServer: handling req: Method(6).LineTable(1)
13:08:25.669 INFO: JdwpDebugServer: handling req: Method(6).LineTable(1)
13:08:25.669 INFO: JdwpDebugServer: handling req: Method(6).LineTable(1)
13:08:25.669 INFO: JdwpDebugServer: handling req: Method(6).LineTable(1)
13:08:25.669 INFO: JdwpDebugServer: handling req: Method(6).LineTable(1)
13:08:25.669 INFO: JdwpDebugServer: handling req: Method(6).LineTable(1)
13:08:25.669 INFO: JdwpDebugServer: handling req: Method(6).LineTable(1)
13:08:25.669 INFO: JdwpDebugServer: handling req: Method(6).LineTable(1)
13:08:25.669 INFO: JdwpDebugServer: handling req: EventRequest(15).Set(1)
13:08:25.669 INFO: JdwpEventCenterDelegate: jdwpSetEventRequest: JdwpEventRequest{requestId=114, eventKind=BREAKPOINT, suspendPolicy=EVENT_THREAD, predicates=[Location{classId=16855, methodId=1297, index=100} ]}
13:08:25.670 INFO: JdwpDebugServer: handling req: EventRequest(15).Set(1)
13:08:25.670 INFO: JdwpEventCenterDelegate: jdwpSetEventRequest: JdwpEventRequest{requestId=115, eventKind=CLASS_PREPARE, suspendPolicy=EVENT_THREAD, predicates=[className=com.abdalla.bushnaq.pluvia.launcher.IOSLauncher]}
13:08:25.671 INFO: JdwpDebugServer: handling req: EventRequest(15).Set(1)
13:08:25.671 INFO: JdwpEventCenterDelegate: jdwpSetEventRequest: JdwpEventRequest{requestId=116, eventKind=CLASS_PREPARE, suspendPolicy=EVENT_THREAD, predicates=[className=com.abdalla.bushnaq.pluvia.launcher.IOSLauncher$*]}
13:08:25.672 INFO: JdwpDebugServer: handling req: VirtualMachine(1).ClassesBySignature(2)
13:08:25.672 INFO: JdwpDebugServer: handling req: ReferenceType(2).MethodsWithGeneric(15)
13:08:25.672 INFO: JdwpDebugServer: handling req: Method(6).LineTable(1)
13:08:25.672 INFO: JdwpDebugServer: handling req: Method(6).LineTable(1)
13:08:25.672 INFO: JdwpDebugServer: handling req: Method(6).LineTable(1)
13:08:25.672 INFO: JdwpDebugServer: handling req: Method(6).LineTable(1)
13:08:25.673 INFO: JdwpDebugServer: handling req: Method(6).LineTable(1)
13:08:25.673 INFO: JdwpDebugServer: handling req: Method(6).LineTable(1)
13:08:25.673 INFO: JdwpDebugServer: handling req: Method(6).LineTable(1)
13:08:25.673 INFO: JdwpDebugServer: handling req: Method(6).LineTable(1)
13:08:25.673 INFO: JdwpDebugServer: handling req: EventRequest(15).Set(1)
13:08:25.673 INFO: JdwpEventCenterDelegate: jdwpSetEventRequest: JdwpEventRequest{requestId=117, eventKind=BREAKPOINT, suspendPolicy=EVENT_THREAD, predicates=[Location{classId=12880, methodId=1462, index=73} ]}
13:08:25.673 INFO: JdwpDebugServer: handling req: EventRequest(15).Set(1)
13:08:25.673 INFO: JdwpEventCenterDelegate: jdwpSetEventRequest: JdwpEventRequest{requestId=118, eventKind=CLASS_PREPARE, suspendPolicy=EVENT_THREAD, predicates=[className=com.abdalla.bushnaq.pluvia.launcher.IOSLauncher]}
13:08:25.674 INFO: JdwpDebugServer: handling req: EventRequest(15).Set(1)
13:08:25.674 INFO: JdwpEventCenterDelegate: jdwpSetEventRequest: JdwpEventRequest{requestId=119, eventKind=CLASS_PREPARE, suspendPolicy=EVENT_THREAD, predicates=[className=com.abdalla.bushnaq.pluvia.launcher.IOSLauncher$*]}
13:08:25.675 INFO: JdwpDebugServer: handling req: VirtualMachine(1).ClassesBySignature(2)
13:08:25.675 INFO: JdwpDebugServer: handling req: EventRequest(15).Set(1)
13:08:25.675 INFO: JdwpEventCenterDelegate: jdwpSetEventRequest: JdwpEventRequest{requestId=120, eventKind=BREAKPOINT, suspendPolicy=EVENT_THREAD, predicates=[Location{classId=12880, methodId=1467, index=91} ]}
13:08:25.675 INFO: JdwpDebugServer: handling req: EventRequest(15).Set(1)
13:08:25.675 INFO: JdwpEventCenterDelegate: jdwpSetEventRequest: JdwpEventRequest{requestId=121, eventKind=CLASS_PREPARE, suspendPolicy=EVENT_THREAD, predicates=[className=com.abdalla.bushnaq.pluvia.launcher.IOSLauncher]}
13:08:25.676 INFO: JdwpDebugServer: handling req: EventRequest(15).Set(1)
13:08:25.676 INFO: JdwpEventCenterDelegate: jdwpSetEventRequest: JdwpEventRequest{requestId=122, eventKind=CLASS_PREPARE, suspendPolicy=EVENT_THREAD, predicates=[className=com.abdalla.bushnaq.pluvia.launcher.IOSLauncher$*]}
13:08:25.677 INFO: JdwpDebugServer: handling req: VirtualMachine(1).ClassesBySignature(2)
13:08:25.677 INFO: JdwpDebugServer: handling req: EventRequest(15).Set(1)
13:08:25.677 INFO: JdwpEventCenterDelegate: jdwpSetEventRequest: JdwpEventRequest{requestId=123, eventKind=BREAKPOINT, suspendPolicy=EVENT_THREAD, predicates=[Location{classId=12880, methodId=1457, index=50} ]}
13:08:25.677 INFO: JdwpDebugServer: handling req: EventRequest(15).Set(1)
13:08:25.677 INFO: JdwpEventCenterDelegate: jdwpSetEventRequest: JdwpEventRequest{requestId=124, eventKind=CLASS_PREPARE, suspendPolicy=EVENT_THREAD, predicates=[className=com.abdalla.bushnaq.pluvia.launcher.IOSLauncher]}
13:08:25.678 INFO: JdwpDebugServer: handling req: EventRequest(15).Set(1)
13:08:25.678 INFO: JdwpEventCenterDelegate: jdwpSetEventRequest: JdwpEventRequest{requestId=125, eventKind=CLASS_PREPARE, suspendPolicy=EVENT_THREAD, predicates=[className=com.abdalla.bushnaq.pluvia.launcher.IOSLauncher$*]}
13:08:25.679 INFO: JdwpDebugServer: handling req: VirtualMachine(1).ClassesBySignature(2)
13:08:25.679 INFO: JdwpDebugServer: handling req: EventRequest(15).Set(1)
13:08:25.679 INFO: JdwpEventCenterDelegate: jdwpSetEventRequest: JdwpEventRequest{requestId=126, eventKind=BREAKPOINT, suspendPolicy=EVENT_THREAD, predicates=[Location{classId=12880, methodId=1457, index=38} ]}
13:08:25.680 INFO: JdwpDebugServer: handling req: VirtualMachine(1).capabilitiesNew(17)
13:08:25.685 INFO: JdwpDebugServer: handling req: EventRequest(15).Set(1)
13:08:25.685 INFO: JdwpEventCenterDelegate: jdwpSetEventRequest: JdwpEventRequest{requestId=127, eventKind=CLASS_PREPARE, suspendPolicy=EVENT_THREAD, predicates=[className=java.lang.Error]}
13:08:25.687 INFO: JdwpDebugServer: handling req: EventRequest(15).Set(1)
13:08:25.687 INFO: JdwpEventCenterDelegate: jdwpSetEventRequest: JdwpEventRequest{requestId=128, eventKind=CLASS_PREPARE, suspendPolicy=EVENT_THREAD, predicates=[className=java.lang.Error$*]}
13:08:25.688 INFO: JdwpDebugServer: handling req: VirtualMachine(1).ClassesBySignature(2)
13:08:25.689 INFO: JdwpDebugServer: handling req: EventRequest(15).Set(1)
13:08:25.690 INFO: JdwpEventCenterDelegate: jdwpSetEventRequest: JdwpEventRequest{requestId=129, eventKind=EXCEPTION, suspendPolicy=EVENT_THREAD, predicates=[exceptionType=3425(caught=true, uncaught=true)]}
13:08:25.737 INFO: JdwpDebugServer: handling req: EventRequest(15).Set(1)
13:08:25.737 INFO: JdwpEventCenterDelegate: jdwpSetEventRequest: JdwpEventRequest{requestId=130, eventKind=CLASS_PREPARE, suspendPolicy=EVENT_THREAD, predicates=[className=java.lang.Throwable]}
13:08:25.738 INFO: JdwpDebugServer: handling req: EventRequest(15).Set(1)
13:08:25.738 INFO: JdwpEventCenterDelegate: jdwpSetEventRequest: JdwpEventRequest{requestId=131, eventKind=CLASS_PREPARE, suspendPolicy=EVENT_THREAD, predicates=[className=java.lang.Throwable$*]}
13:08:25.739 INFO: JdwpDebugServer: handling req: VirtualMachine(1).ClassesBySignature(2)
13:08:25.739 INFO: JdwpDebugServer: handling req: EventRequest(15).Set(1)
13:08:25.739 INFO: JdwpEventCenterDelegate: jdwpSetEventRequest: JdwpEventRequest{requestId=132, eventKind=EXCEPTION, suspendPolicy=EVENT_THREAD, predicates=[exceptionType=7695(caught=false, uncaught=true)]}
13:08:25.741 INFO: JdwpDebugServer: handling req: ThreadReference(11).SuspendCount(12)
13:08:25.741 INFO: JdwpDebugServer: handling req: ThreadReference(11).SuspendCount(12)
13:08:25.741 INFO: JdwpDebugServer: handling req: ThreadReference(11).SuspendCount(12)
13:08:25.741 INFO: JdwpDebugServer: handling req: ThreadReference(11).SuspendCount(12)
13:08:25.741 INFO: JdwpDebugServer: handling req: VirtualMachine(1).AllThreads(4)
13:08:25.742 INFO: JdwpDebugServer: handling req: VirtualMachine(1).Resume(9)
13:08:25.781 INFO: JdwpDebugServer: handling req: EventRequest(15).Set(1)
13:08:25.782 INFO: JdwpEventCenterDelegate: jdwpSetEventRequest: JdwpEventRequest{requestId=133, eventKind=BREAKPOINT, suspendPolicy=EVENT_THREAD, predicates=[Location{classId=12880, methodId=1462, index=73} ]}
13:08:25.784 INFO: JdwpDebugServer: handling req: EventRequest(15).Set(1)
13:08:25.784 INFO: JdwpEventCenterDelegate: jdwpSetEventRequest: JdwpEventRequest{requestId=134, eventKind=BREAKPOINT, suspendPolicy=EVENT_THREAD, predicates=[Location{classId=12880, methodId=1467, index=91} ]}
13:08:25.787 INFO: JdwpDebugServer: handling req: EventRequest(15).Set(1)
13:08:25.787 INFO: JdwpEventCenterDelegate: jdwpSetEventRequest: JdwpEventRequest{requestId=135, eventKind=BREAKPOINT, suspendPolicy=EVENT_THREAD, predicates=[Location{classId=12880, methodId=1457, index=50} ]}
13:08:25.788 INFO: JdwpDebugServer: handling req: EventRequest(15).Set(1)
13:08:25.788 INFO: JdwpEventCenterDelegate: jdwpSetEventRequest: JdwpEventRequest{requestId=136, eventKind=BREAKPOINT, suspendPolicy=EVENT_THREAD, predicates=[Location{classId=12880, methodId=1457, index=38} ]}
13:08:25.789 INFO: JdwpDebugServer: handling req: ThreadReference(11).Resume(3)
13:08:25.789 INFO: JdwpEventCenterDelegate: THREAD_RESUMED: thread (33, main, main)
13:08:25.813 INFO: JdwpEventCenterDelegate: THREAD_RESUMED: thread (33, main, main)
13:08:25.813 INFO: JdwpEventCenterDelegate: THREAD_RESUMED: thread (33, main, main)
13:08:25.814 INFO: JdwpEventCenterDelegate: THREAD_RESUMED: thread (33, main, main)
13:08:25.815 INFO: JdwpEventCenterDelegate: THREAD_RESUMED: thread (33, main, main)
13:08:25.815 INFO: JdwpEventCenterDelegate: THREAD_RESUMED: thread (33, main, main)
13:08:25.815 INFO: JdwpEventCenterDelegate: THREAD_RESUMED: thread (33, main, main)
13:08:25.816 INFO: JdwpEventCenterDelegate: THREAD_RESUMED: thread (33, main, main)
13:08:25.818 INFO: JdwpEventCenterDelegate: THREAD_RESUMED: thread (33, main, main)
13:08:25.818 INFO: JdwpEventCenterDelegate: THREAD_RESUMED: thread (33, main, main)
13:08:25.819 INFO: JdwpEventCenterDelegate: THREAD_RESUMED: thread (33, main, main)
13:08:25.819 INFO: JdwpEventCenterDelegate: THREAD_RESUMED: thread (33, main, main)
13:08:25.825 INFO: JdwpEventCenterDelegate: THREAD_RESUMED: thread (33, main, main)
13:08:25.825 INFO: JdwpEventCenterDelegate: THREAD_RESUMED: thread (33, main, main)
13:08:25.826 INFO: JdwpEventCenterDelegate: THREAD_RESUMED: thread (33, main, main)
13:08:25.888 INFO: JdwpDebugServer: handling req: ThreadReference(11).Frames(6)
13:08:26.203 INFO: JdwpDebugServer: handling req: ThreadReference(11).FramesCount(7)
13:08:26.204 INFO: JdwpDebugServer: handling req: ThreadReference(11).FramesCount(7)
13:08:26.765 INFO: JdwpDebugServer: handling req: ThreadReference(11).Name(1)
13:08:26.765 INFO: JdwpDebugServer: handling req: ReferenceType(2).SignatureWithGeneric(13)
13:08:26.767 INFO: JdwpDebugServer: handling req: ThreadReference(11).Name(1)
13:08:26.768 INFO: JdwpDebugServer: handling req: ThreadReference(11).Name(1)
13:08:26.768 INFO: JdwpDebugServer: handling req: ThreadReference(11).Name(1)
13:08:26.768 INFO: JdwpDebugServer: handling req: ThreadReference(11).Name(1)
13:08:26.768 INFO: JdwpDebugServer: handling req: ThreadReference(11).Name(1)
13:08:26.797 INFO: JdwpDebugServer: handling req: ReferenceType(2).FieldsWithGeneric(14)
13:08:26.798 INFO: JdwpDebugServer: handling req: ReferenceType(2).Interfaces(10)
13:08:26.798 INFO: JdwpDebugServer: handling req: ReferenceType(2).FieldsWithGeneric(14)
13:08:26.798 INFO: JdwpDebugServer: handling req: ReferenceType(2).Interfaces(10)
13:08:26.798 INFO: JdwpDebugServer: handling req: ClassType(3).Superclass(1)
13:08:26.798 INFO: JdwpDebugServer: handling req: ReferenceType(2).FieldsWithGeneric(14)
13:08:26.798 INFO: JdwpDebugServer: handling req: ReferenceType(2).Interfaces(10)
13:08:26.798 INFO: JdwpDebugServer: handling req: ClassType(3).Superclass(1)
13:08:26.798 INFO: JdwpDebugServer: handling req: ReferenceType(2).FieldsWithGeneric(14)
13:08:26.799 INFO: JdwpDebugServer: handling req: ReferenceType(2).Interfaces(10)
13:08:26.799 INFO: JdwpDebugServer: handling req: ReferenceType(2).FieldsWithGeneric(14)
13:08:26.799 INFO: JdwpDebugServer: handling req: ReferenceType(2).Interfaces(10)
13:08:26.799 INFO: JdwpDebugServer: handling req: ReferenceType(2).FieldsWithGeneric(14)
13:08:26.799 INFO: JdwpDebugServer: handling req: ReferenceType(2).Interfaces(10)
13:08:26.799 INFO: JdwpDebugServer: handling req: ReferenceType(2).FieldsWithGeneric(14)
13:08:26.799 INFO: JdwpDebugServer: handling req: ReferenceType(2).Interfaces(10)
13:08:26.799 INFO: JdwpDebugServer: handling req: ClassType(3).Superclass(1)
13:08:26.800 INFO: JdwpDebugServer: handling req: ReferenceType(2).FieldsWithGeneric(14)
13:08:26.800 INFO: JdwpDebugServer: handling req: ReferenceType(2).Interfaces(10)
13:08:26.800 INFO: JdwpDebugServer: handling req: ClassType(3).Superclass(1)
13:08:26.800 INFO: JdwpDebugServer: handling req: ReferenceType(2).FieldsWithGeneric(14)
13:08:26.800 INFO: JdwpDebugServer: handling req: ReferenceType(2).Interfaces(10)
13:08:26.800 INFO: JdwpDebugServer: handling req: ClassType(3).Superclass(1)
13:08:26.801 INFO: JdwpDebugServer: handling req: ReferenceType(2).FieldsWithGeneric(14)
13:08:26.801 INFO: JdwpDebugServer: handling req: ReferenceType(2).Interfaces(10)
13:08:26.801 INFO: JdwpDebugServer: handling req: ClassType(3).Superclass(1)
13:08:26.801 INFO: JdwpDebugServer: handling req: ClassType(3).Superclass(1)
13:08:26.802 INFO: JdwpDebugServer: handling req: Method(6).VariableTableWithGenerics(5)
13:08:26.825 INFO: JdwpDebugServer: handling req: ReferenceType(2).SourceFile(7)
13:08:26.830 INFO: JdwpDebugServer: handling req: StackFrame(16).GetValues(1)
13:08:26.831 INFO: JdwpDebugServer: handling req: StackFrame(16).GetValues(1)
13:08:26.832 INFO: JdwpDebugServer: handling req: ArrayReference(13).Length(1)
13:08:26.832 INFO: JdwpDebugServer: handling req: StackFrame(16).GetValues(1)
13:08:26.832 INFO: JdwpDebugServer: handling req: StackFrame(16).GetValues(1)
13:08:26.833 INFO: JdwpDebugServer: handling req: ObjectReference(9).ReferenceType(1)
13:08:26.833 INFO: JdwpDebugServer: handling req: ObjectReference(9).ReferenceType(1)
13:08:26.833 INFO: JdwpDebugServer: handling req: StackFrame(16).GetValues(1)
13:08:26.834 INFO: JdwpDebugServer: handling req: ReferenceType(2).FieldsWithGeneric(14)
13:08:26.834 INFO: JdwpDebugServer: handling req: StackFrame(16).GetValues(1)
13:08:26.834 INFO: JdwpDebugServer: handling req: ReferenceType(2).Interfaces(10)
13:08:26.834 INFO: JdwpDebugServer: handling req: StackFrame(16).GetValues(1)
13:08:26.834 INFO: JdwpDebugServer: handling req: ReferenceType(2).FieldsWithGeneric(14)
13:08:26.834 INFO: JdwpDebugServer: handling req: ReferenceType(2).Signature(1)
13:08:26.834 INFO: JdwpDebugServer: handling req: ReferenceType(2).Interfaces(10)
13:08:26.835 INFO: JdwpDebugServer: handling req: ClassType(3).Superclass(1)
13:08:26.835 INFO: JdwpDebugServer: handling req: ReferenceType(2).ClassLoader(2)
13:08:26.835 INFO: JdwpDebugServer: handling req: VirtualMachine(1).ClassesBySignature(2)
13:08:26.835 INFO: JdwpDebugServer: handling req: ReferenceType(2).ClassLoader(2)
13:08:26.836 INFO: JdwpDebugServer: handling req: StackFrame(16).GetValues(1)
13:08:26.837 INFO: JdwpDebugServer: handling req: StackFrame(16).GetValues(1)
13:08:26.837 INFO: JdwpDebugServer: handling req: StackFrame(16).GetValues(1)
13:08:26.838 INFO: JdwpDebugServer: handling req: StackFrame(16).GetValues(1)
13:08:26.838 INFO: JdwpDebugServer: handling req: ClassType(3).Superclass(1)
13:08:26.838 INFO: JdwpDebugServer: handling req: ClassType(3).Superclass(1)
13:08:26.838 INFO: JdwpDebugServer: handling req: StackFrame(16).GetValues(1)
13:08:26.838 INFO: JdwpDebugServer: handling req: StackFrame(16).GetValues(1)
13:08:26.839 INFO: JdwpDebugServer: handling req: StackFrame(16).GetValues(1)
13:08:26.839 INFO: JdwpDebugServer: handling req: StackFrame(16).GetValues(1)
13:08:26.839 INFO: JdwpDebugServer: handling req: StackFrame(16).GetValues(1)
13:08:26.844 INFO: JdwpDebugServer: handling req: ThreadReference(11).FramesCount(7)
13:08:26.854 INFO: JdwpDebugServer: handling req: ThreadReference(11).Name(1)
13:08:26.854 INFO: JdwpDebugServer: handling req: ThreadReference(11).FramesCount(7)
13:08:26.854 INFO: JdwpDebugServer: handling req: ThreadReference(11).Name(1)
13:08:26.854 INFO: JdwpDebugServer: handling req: ThreadReference(11).Name(1)
13:08:26.854 INFO: JdwpDebugServer: handling req: ThreadReference(11).Name(1)
13:08:30.013 INFO: JdwpDebugServer: handling req: ThreadReference(11).Resume(3)
13:08:30.014 INFO: JdwpEventCenterDelegate: THREAD_RESUMED: thread (33, main, main)
13:08:30.022 INFO: JdwpEventCenterDelegate: THREAD_RESUMED: thread (33, main, main)
13:08:30.023 INFO: JdwpEventCenterDelegate: THREAD_RESUMED: thread (33, main, main)
13:08:30.024 INFO: JdwpEventCenterDelegate: THREAD_RESUMED: thread (33, main, main)
13:08:30.032 INFO: JdwpDebugServer: handling req: ThreadReference(11).Name(1)
13:08:30.032 INFO: JdwpDebugServer: handling req: ThreadReference(11).Name(1)
13:08:30.032 INFO: JdwpDebugServer: handling req: ThreadReference(11).Name(1)
13:08:30.044 INFO: JdwpEventCenterDelegate: THREAD_RESUMED: thread (33, main, main)
13:08:30.046 INFO: JdwpEventCenterDelegate: THREAD_RESUMED: thread (33, main, main)
13:08:30.047 INFO: JdwpEventCenterDelegate: THREAD_RESUMED: thread (33, main, main)
13:08:30.102 INFO: JdwpDebugServer: handling req: ThreadReference(11).Name(1)
13:08:30.305 INFO: JdwpDebugServer: handling req: ThreadReference(11).Frames(6)
13:08:30.305 INFO: JdwpDebugServer: handling req: ReferenceType(2).MethodsWithGeneric(15)
13:08:30.306 INFO: JdwpDebugServer: handling req: ReferenceType(2).MethodsWithGeneric(15)
13:08:30.308 INFO: JdwpDebugServer: handling req: ThreadReference(11).FramesCount(7)
13:08:30.308 INFO: JdwpDebugServer: handling req: ThreadReference(11).FramesCount(7)
13:08:30.343 INFO: JdwpDebugServer: handling req: ThreadReference(11).Name(1)
13:08:30.343 INFO: JdwpDebugServer: handling req: StackFrame(16).ThisObject(3)
13:08:30.344 INFO: JdwpDebugServer: handling req: ObjectReference(9).ReferenceType(1)
13:08:30.344 INFO: JdwpDebugServer: handling req: ThreadReference(11).Name(1)
13:08:30.345 INFO: JdwpDebugServer: handling req: ThreadReference(11).Name(1)
13:08:30.345 INFO: JdwpDebugServer: handling req: ThreadReference(11).Name(1)
13:08:30.345 INFO: JdwpDebugServer: handling req: ThreadReference(11).Name(1)
13:08:30.372 INFO: JdwpDebugServer: handling req: ThreadReference(11).FramesCount(7)
13:08:30.372 INFO: JdwpDebugServer: handling req: Method(6).VariableTableWithGenerics(5)
13:08:30.374 INFO: JdwpDebugServer: handling req: ThreadReference(11).Name(1)
13:08:30.380 INFO: JdwpDebugServer: handling req: ThreadReference(11).FramesCount(7)
13:08:30.381 INFO: JdwpDebugServer: handling req: ReferenceType(2).Modifiers(3)
13:08:30.381 INFO: JdwpDebugServer: handling req: ClassType(3).Superclass(1)
13:08:30.382 INFO: JdwpDebugServer: handling req: StackFrame(16).ThisObject(3)
13:08:30.383 INFO: JdwpDebugServer: handling req: ObjectReference(9).ReferenceType(1)
13:08:30.383 INFO: JdwpDebugServer: handling req: Method(6).LineTable(1)
13:08:30.383 INFO: JdwpDebugServer: handling req: Method(6).LineTable(1)
13:08:33.263 INFO: JdwpDebugServer: handling req: ThreadReference(11).Resume(3)
13:08:33.263 INFO: JdwpEventCenterDelegate: THREAD_RESUMED: thread (33, main, main)
13:08:33.285 INFO: JdwpDebugServer: handling req: ThreadReference(11).Name(1)
13:08:33.285 INFO: JdwpDebugServer: handling req: ThreadReference(11).Name(1)
13:08:33.286 INFO: JdwpDebugServer: handling req: ThreadReference(11).Name(1)
13:08:33.312 INFO: JdwpEventCenterDelegate: THREAD_RESUMED: thread (33, main, main)
13:08:33.313 INFO: JdwpEventCenterDelegate: THREAD_RESUMED: thread (33, main, main)
13:08:33.314 INFO: JdwpEventCenterDelegate: THREAD_RESUMED: thread (33, main, main)
13:08:33.354 INFO: JdwpDebugServer: handling req: ThreadReference(11).Name(1)
13:08:33.388 INFO: JdwpEventCenterDelegate: THREAD_RESUMED: thread (33, main, main)
13:08:33.389 INFO: JdwpEventCenterDelegate: THREAD_RESUMED: thread (33, main, main)
13:08:33.390 INFO: JdwpEventCenterDelegate: THREAD_RESUMED: thread (33, main, main)
13:08:33.618 INFO: JdwpEventCenterDelegate: THREAD_RESUMED: thread (33, main, main)
13:08:33.618 INFO: JdwpEventCenterDelegate: THREAD_RESUMED: thread (33, main, main)
13:08:33.619 INFO: JdwpEventCenterDelegate: THREAD_RESUMED: thread (33, main, main)
13:08:33.682 INFO: JdwpEventCenterDelegate: THREAD_RESUMED: thread (33, main, main)
13:08:33.683 INFO: JdwpEventCenterDelegate: THREAD_RESUMED: thread (33, main, main)
13:08:33.684 INFO: JdwpEventCenterDelegate: THREAD_RESUMED: thread (33, main, main)
13:08:33.684 INFO: JdwpEventCenterDelegate: THREAD_RESUMED: thread (33, main, main)
13:08:33.694 INFO: JdwpEventCenterDelegate: THREAD_RESUMED: thread (33, main, main)
13:08:33.694 INFO: JdwpEventCenterDelegate: THREAD_RESUMED: thread (33, main, main)
13:08:34.671 INFO: JdwpDebugServer: handling req: ThreadReference(11).Frames(6)
13:08:34.671 INFO: JdwpDebugServer: handling req: ReferenceType(2).MethodsWithGeneric(15)
13:08:34.671 INFO: JdwpDebugServer: handling req: ReferenceType(2).MethodsWithGeneric(15)
13:08:34.674 INFO: JdwpDebugServer: handling req: ThreadReference(11).FramesCount(7)
13:08:34.674 INFO: JdwpDebugServer: handling req: ThreadReference(11).FramesCount(7)
13:08:34.692 INFO: JdwpDebugServer: handling req: StackFrame(16).ThisObject(3)
13:08:34.693 INFO: JdwpDebugServer: handling req: ThreadReference(11).Name(1)
13:08:34.693 INFO: JdwpDebugServer: handling req: ObjectReference(9).ReferenceType(1)
13:08:34.693 INFO: JdwpDebugServer: handling req: ThreadReference(11).Name(1)
13:08:34.693 INFO: JdwpDebugServer: handling req: ThreadReference(11).Name(1)
13:08:34.694 INFO: JdwpDebugServer: handling req: ThreadReference(11).Name(1)
13:08:34.694 INFO: JdwpDebugServer: handling req: ThreadReference(11).Name(1)
13:08:34.719 INFO: JdwpDebugServer: handling req: Method(6).VariableTableWithGenerics(5)
13:08:34.722 INFO: JdwpDebugServer: handling req: ThreadReference(11).FramesCount(7)
13:08:34.726 INFO: JdwpDebugServer: handling req: ThreadReference(11).Name(1)
13:08:34.726 INFO: JdwpDebugServer: handling req: ClassType(3).Superclass(1)
13:08:34.727 INFO: JdwpDebugServer: handling req: ThreadReference(11).FramesCount(7)
13:08:34.728 INFO: JdwpDebugServer: handling req: StackFrame(16).ThisObject(3)
13:08:34.730 INFO: JdwpDebugServer: handling req: ObjectReference(9).ReferenceType(1)
13:08:34.730 INFO: JdwpDebugServer: handling req: Method(6).LineTable(1)
13:08:34.731 INFO: JdwpDebugServer: handling req: StackFrame(16).ThisObject(3)
13:08:34.732 INFO: JdwpDebugServer: handling req: ObjectReference(9).ReferenceType(1)
13:08:34.732 INFO: JdwpDebugServer: handling req: Method(6).LineTable(1)
13:08:40.573 INFO: JdwpDebugServer: handling req: ThreadReference(11).Resume(3)
13:08:40.574 INFO: JdwpEventCenterDelegate: THREAD_RESUMED: thread (33, main, main)
13:08:40.593 INFO: JdwpEventCenterDelegate: THREAD_RESUMED: thread (33, main, main)
13:08:40.594 INFO: JdwpEventCenterDelegate: THREAD_RESUMED: thread (33, main, main)
13:08:40.596 INFO: JdwpDebugServer: handling req: ThreadReference(11).Name(1)
13:08:40.596 INFO: JdwpDebugServer: handling req: ThreadReference(11).Name(1)
13:08:40.596 INFO: JdwpDebugServer: handling req: ThreadReference(11).Name(1)
13:08:40.626 INFO: JdwpEventCenterDelegate: THREAD_RESUMED: thread (33, main, main)
13:08:40.627 INFO: JdwpEventCenterDelegate: THREAD_RESUMED: thread (33, main, main)
13:08:40.628 INFO: JdwpEventCenterDelegate: THREAD_RESUMED: thread (33, main, main)
13:08:40.628 INFO: JdwpEventCenterDelegate: THREAD_RESUMED: thread (33, main, main)
13:08:40.665 INFO: JdwpDebugServer: handling req: ThreadReference(11).Name(1)
13:08:40.711 SEVERE: Debugger: Thread HooksChannel socket thread crashed
org.robovm.debugger.DebuggerException: java.nio.BufferUnderflowException
	at org.robovm.debugger.hooks.HooksChannel.doSocketWork(HooksChannel.java:149)
	at java.base/java.lang.Thread.run(Thread.java:833)
	at org.robovm.debugger.utils.DebuggerThread.run(DebuggerThread.java:42)
Caused by: java.nio.BufferUnderflowException
	at org.robovm.debugger.utils.bytebuffer.DataBufferWriter.writeFromStream(DataBufferWriter.java:91)
	at org.robovm.debugger.hooks.HooksChannel.doSocketWork(HooksChannel.java:116)
	... 2 more
13:08:41.222 SEVERE: Debugger: Thread JDWP server socket thread crashed
org.robovm.debugger.DebuggerException: java.net.SocketException: Socket closed
	at org.robovm.debugger.jdwp.JdwpDebugServer.doSocketWork(JdwpDebugServer.java:215)
	at java.base/java.lang.Thread.run(Thread.java:833)
	at org.robovm.debugger.utils.DebuggerThread.run(DebuggerThread.java:42)
Caused by: java.net.SocketException: Socket closed
	at java.base/sun.nio.ch.NioSocketImpl.endRead(NioSocketImpl.java:248)
	at java.base/sun.nio.ch.NioSocketImpl.implRead(NioSocketImpl.java:327)
	at java.base/sun.nio.ch.NioSocketImpl.read(NioSocketImpl.java:350)
	at java.base/sun.nio.ch.NioSocketImpl$1.read(NioSocketImpl.java:803)
	at java.base/java.net.Socket$SocketInputStream.read(Socket.java:966)
	at org.robovm.debugger.utils.bytebuffer.DataBufferWriter.writeFromStream(DataBufferWriter.java:89)
	at org.robovm.debugger.jdwp.protocol.JdwpRequestHeader.readFromStream(JdwpRequestHeader.java:36)
	at org.robovm.debugger.jdwp.JdwpDebugServer.doSocketWork(JdwpDebugServer.java:185)
	... 2 more
