12:05:09.875 INFO: JdwpEventCenterDelegate: THREAD_STARTED: thread (33, main, main)
12:05:09.888 INFO: JdwpEventCenterDelegate: THREAD_STARTED: thread (48, ReferenceQueueDaemon, main)
12:05:09.894 INFO: JdwpEventCenterDelegate: THREAD_STARTED: thread (63, FinalizerDaemon, main)
12:05:09.902 INFO: JdwpEventCenterDelegate: THREAD_STARTED: thread (78, FinalizerWatchdogDaemon, main)
12:05:14.055 INFO: JdwpDebugServer: handling req: VirtualMachine(1).IDSizes(7)
12:05:14.057 INFO: JdwpDebugServer: handling req: EventRequest(15).Set(1)
12:05:14.057 INFO: JdwpEventCenterDelegate: jdwpSetEventRequest: JdwpEventRequest{requestId=100, eventKind=CLASS_UNLOAD, suspendPolicy=NONE, predicates=[]}
12:05:14.057 INFO: JdwpDebugServer: handling req: EventRequest(15).Set(1)
12:05:14.057 INFO: JdwpEventCenterDelegate: jdwpSetEventRequest: JdwpEventRequest{requestId=101, eventKind=THREAD_START, suspendPolicy=NONE, predicates=[]}
12:05:14.058 INFO: JdwpDebugServer: handling req: VirtualMachine(1).ClassesBySignature(2)
12:05:14.060 INFO: JdwpDebugServer: handling req: VirtualMachine(1).Version(1)
12:05:14.061 INFO: JdwpDebugServer: handling req: ReferenceType(2).MethodsWithGeneric(15)
12:05:14.063 INFO: JdwpDebugServer: handling req: Method(6).LineTable(1)
12:05:14.064 INFO: JdwpDebugServer: handling req: EventRequest(15).Set(1)
12:05:14.064 INFO: JdwpEventCenterDelegate: jdwpSetEventRequest: JdwpEventRequest{requestId=102, eventKind=BREAKPOINT, suspendPolicy=NONE, predicates=[Location{classId=845, methodId=257, index=928} ]}
12:05:14.065 INFO: JdwpDebugServer: handling req: EventRequest(15).Set(1)
12:05:14.065 INFO: JdwpEventCenterDelegate: jdwpSetEventRequest: JdwpEventRequest{requestId=103, eventKind=THREAD_DEATH, suspendPolicy=NONE, predicates=[]}
12:05:14.065 INFO: JdwpDebugServer: handling req: VirtualMachine(1).AllThreads(4)
12:05:14.066 INFO: JdwpDebugServer: handling req: ThreadReference(11).ThreadGroup(5)
12:05:14.066 INFO: JdwpDebugServer: handling req: ThreadGroup(12).Name(1)
12:05:14.067 INFO: JdwpDebugServer: handling req: ThreadGroup(12).Parent(2)
12:05:14.067 INFO: JdwpDebugServer: handling req: ObjectReference(9).ReferenceType(1)
12:05:14.067 INFO: JdwpDebugServer: handling req: ReferenceType(2).FieldsWithGeneric(14)
12:05:14.068 INFO: JdwpDebugServer: handling req: ReferenceType(2).Interfaces(10)
12:05:14.068 INFO: JdwpDebugServer: handling req: ReferenceType(2).FieldsWithGeneric(14)
12:05:14.069 INFO: JdwpDebugServer: handling req: ReferenceType(2).Interfaces(10)
12:05:14.069 INFO: JdwpDebugServer: handling req: ClassType(3).Superclass(1)
12:05:14.069 INFO: JdwpDebugServer: handling req: ReferenceType(2).FieldsWithGeneric(14)
12:05:14.070 INFO: JdwpDebugServer: handling req: ReferenceType(2).Interfaces(10)
12:05:14.070 INFO: JdwpDebugServer: handling req: ClassType(3).Superclass(1)
12:05:14.070 INFO: JdwpDebugServer: handling req: ObjectReference(9).GetValues(2)
12:05:14.073 INFO: JdwpDebugServer: handling req: ThreadReference(11).Status(4)
12:05:14.073 INFO: JdwpDebugServer: handling req: ThreadReference(11).Status(4)
12:05:14.073 INFO: JdwpDebugServer: handling req: ThreadReference(11).ThreadGroup(5)
12:05:14.074 INFO: JdwpDebugServer: handling req: ObjectReference(9).ReferenceType(1)
12:05:14.074 INFO: JdwpDebugServer: handling req: ObjectReference(9).GetValues(2)
12:05:14.076 INFO: JdwpDebugServer: handling req: ThreadReference(11).Status(4)
12:05:14.076 INFO: JdwpDebugServer: handling req: ThreadReference(11).Status(4)
12:05:14.076 INFO: JdwpDebugServer: handling req: ThreadReference(11).ThreadGroup(5)
12:05:14.076 INFO: JdwpDebugServer: handling req: ObjectReference(9).ReferenceType(1)
12:05:14.076 INFO: JdwpDebugServer: handling req: ObjectReference(9).GetValues(2)
12:05:14.078 INFO: JdwpDebugServer: handling req: ThreadReference(11).Status(4)
12:05:14.078 INFO: JdwpDebugServer: handling req: ThreadReference(11).Status(4)
12:05:14.078 INFO: JdwpDebugServer: handling req: ThreadReference(11).ThreadGroup(5)
12:05:14.078 INFO: JdwpDebugServer: handling req: ObjectReference(9).ReferenceType(1)
12:05:14.078 INFO: JdwpDebugServer: handling req: ObjectReference(9).GetValues(2)
12:05:14.079 INFO: JdwpDebugServer: handling req: ThreadReference(11).Status(4)
12:05:14.080 INFO: JdwpDebugServer: handling req: ThreadReference(11).Status(4)
12:05:14.081 INFO: JdwpDebugServer: handling req: EventRequest(15).Set(1)
12:05:14.081 INFO: JdwpEventCenterDelegate: jdwpSetEventRequest: JdwpEventRequest{requestId=104, eventKind=CLASS_PREPARE, suspendPolicy=EVENT_THREAD, predicates=[className=com.badlogic.gdx.graphics.g3d.utils.BaseShaderProvider]}
12:05:14.087 INFO: JdwpDebugServer: handling req: EventRequest(15).Set(1)
12:05:14.087 INFO: JdwpEventCenterDelegate: jdwpSetEventRequest: JdwpEventRequest{requestId=105, eventKind=CLASS_PREPARE, suspendPolicy=EVENT_THREAD, predicates=[className=com.badlogic.gdx.graphics.g3d.utils.BaseShaderProvider$*]}
12:05:14.088 INFO: JdwpDebugServer: handling req: VirtualMachine(1).ClassesBySignature(2)
12:05:14.089 INFO: JdwpDebugServer: handling req: ReferenceType(2).MethodsWithGeneric(15)
12:05:14.089 INFO: JdwpDebugServer: handling req: Method(6).LineTable(1)
12:05:14.090 INFO: JdwpDebugServer: handling req: Method(6).LineTable(1)
12:05:14.090 INFO: JdwpDebugServer: handling req: Method(6).LineTable(1)
12:05:14.090 INFO: JdwpDebugServer: handling req: ReferenceType(2).Signature(1)
12:05:14.094 INFO: JdwpDebugServer: handling req: VirtualMachine(1).capabilitiesNew(17)
12:05:14.098 INFO: JdwpDebugServer: handling req: EventRequest(15).Set(1)
12:05:14.098 INFO: JdwpEventCenterDelegate: jdwpSetEventRequest: JdwpEventRequest{requestId=106, eventKind=CLASS_PREPARE, suspendPolicy=EVENT_THREAD, predicates=[className=java.lang.Error]}
12:05:14.101 INFO: JdwpDebugServer: handling req: EventRequest(15).Set(1)
12:05:14.101 INFO: JdwpEventCenterDelegate: jdwpSetEventRequest: JdwpEventRequest{requestId=107, eventKind=CLASS_PREPARE, suspendPolicy=EVENT_THREAD, predicates=[className=java.lang.Error$*]}
12:05:14.102 INFO: JdwpDebugServer: handling req: VirtualMachine(1).ClassesBySignature(2)
12:05:14.102 INFO: JdwpDebugServer: handling req: EventRequest(15).Set(1)
12:05:14.103 INFO: JdwpEventCenterDelegate: jdwpSetEventRequest: JdwpEventRequest{requestId=108, eventKind=EXCEPTION, suspendPolicy=EVENT_THREAD, predicates=[exceptionType=3425(caught=true, uncaught=true)]}
12:05:14.103 INFO: JdwpDebugServer: handling req: ReferenceType(2).Signature(1)
12:05:14.120 INFO: JdwpDebugServer: handling req: EventRequest(15).Set(1)
12:05:14.120 INFO: JdwpEventCenterDelegate: jdwpSetEventRequest: JdwpEventRequest{requestId=109, eventKind=CLASS_PREPARE, suspendPolicy=EVENT_THREAD, predicates=[className=java.lang.Throwable]}
12:05:14.122 INFO: JdwpDebugServer: handling req: EventRequest(15).Set(1)
12:05:14.122 INFO: JdwpEventCenterDelegate: jdwpSetEventRequest: JdwpEventRequest{requestId=110, eventKind=CLASS_PREPARE, suspendPolicy=EVENT_THREAD, predicates=[className=java.lang.Throwable$*]}
12:05:14.123 INFO: JdwpDebugServer: handling req: VirtualMachine(1).ClassesBySignature(2)
12:05:14.123 INFO: JdwpDebugServer: handling req: EventRequest(15).Set(1)
12:05:14.123 INFO: JdwpEventCenterDelegate: jdwpSetEventRequest: JdwpEventRequest{requestId=111, eventKind=EXCEPTION, suspendPolicy=EVENT_THREAD, predicates=[exceptionType=7695(caught=false, uncaught=true)]}
12:05:14.123 INFO: JdwpDebugServer: handling req: ReferenceType(2).Signature(1)
12:05:14.125 INFO: JdwpDebugServer: handling req: ThreadReference(11).SuspendCount(12)
12:05:14.125 INFO: JdwpDebugServer: handling req: ThreadReference(11).SuspendCount(12)
12:05:14.125 INFO: JdwpDebugServer: handling req: ThreadReference(11).SuspendCount(12)
12:05:14.125 INFO: JdwpDebugServer: handling req: ThreadReference(11).SuspendCount(12)
12:05:14.125 INFO: JdwpDebugServer: handling req: VirtualMachine(1).AllThreads(4)
12:05:14.125 INFO: JdwpDebugServer: handling req: VirtualMachine(1).Resume(9)
12:05:14.185 INFO: JdwpEventCenterDelegate: THREAD_RESUMED: thread (33, main, main)
12:05:14.196 INFO: JdwpEventCenterDelegate: THREAD_RESUMED: thread (33, main, main)
12:05:14.204 INFO: JdwpEventCenterDelegate: THREAD_RESUMED: thread (33, main, main)
12:05:14.205 INFO: JdwpEventCenterDelegate: THREAD_RESUMED: thread (33, main, main)
12:05:14.206 INFO: JdwpEventCenterDelegate: THREAD_RESUMED: thread (33, main, main)
12:05:14.208 INFO: JdwpEventCenterDelegate: THREAD_RESUMED: thread (33, main, main)
12:05:14.209 INFO: JdwpEventCenterDelegate: THREAD_RESUMED: thread (33, main, main)
12:05:14.211 INFO: JdwpEventCenterDelegate: THREAD_RESUMED: thread (33, main, main)
12:05:14.213 INFO: JdwpEventCenterDelegate: THREAD_RESUMED: thread (33, main, main)
12:05:14.214 INFO: JdwpEventCenterDelegate: THREAD_RESUMED: thread (33, main, main)
12:05:14.228 INFO: JdwpEventCenterDelegate: THREAD_RESUMED: thread (33, main, main)
12:05:14.230 INFO: JdwpEventCenterDelegate: THREAD_RESUMED: thread (33, main, main)
12:05:14.231 INFO: JdwpEventCenterDelegate: THREAD_RESUMED: thread (33, main, main)
12:05:14.232 INFO: JdwpEventCenterDelegate: THREAD_RESUMED: thread (33, main, main)
12:05:14.233 INFO: JdwpEventCenterDelegate: THREAD_RESUMED: thread (33, main, main)
12:05:14.235 INFO: JdwpEventCenterDelegate: THREAD_RESUMED: thread (33, main, main)
12:05:14.236 INFO: JdwpEventCenterDelegate: THREAD_RESUMED: thread (33, main, main)
12:05:14.237 INFO: JdwpEventCenterDelegate: THREAD_RESUMED: thread (33, main, main)
12:05:14.242 INFO: JdwpEventCenterDelegate: THREAD_RESUMED: thread (33, main, main)
12:05:14.243 INFO: JdwpEventCenterDelegate: THREAD_RESUMED: thread (33, main, main)
12:05:14.245 INFO: JdwpEventCenterDelegate: THREAD_RESUMED: thread (33, main, main)
12:05:14.247 INFO: JdwpEventCenterDelegate: THREAD_RESUMED: thread (33, main, main)
12:05:14.248 INFO: JdwpEventCenterDelegate: THREAD_RESUMED: thread (33, main, main)
12:05:14.249 INFO: JdwpEventCenterDelegate: THREAD_RESUMED: thread (33, main, main)
12:05:14.252 INFO: JdwpEventCenterDelegate: THREAD_RESUMED: thread (33, main, main)
12:05:14.300 INFO: JdwpEventCenterDelegate: THREAD_RESUMED: thread (33, main, main)
12:05:14.301 INFO: JdwpEventCenterDelegate: THREAD_RESUMED: thread (33, main, main)
12:05:14.302 INFO: JdwpEventCenterDelegate: THREAD_RESUMED: thread (33, main, main)
12:05:14.303 INFO: JdwpEventCenterDelegate: THREAD_RESUMED: thread (33, main, main)
12:05:14.304 INFO: JdwpEventCenterDelegate: THREAD_RESUMED: thread (33, main, main)
12:05:14.305 INFO: JdwpEventCenterDelegate: THREAD_RESUMED: thread (33, main, main)
12:05:14.306 INFO: JdwpEventCenterDelegate: THREAD_RESUMED: thread (33, main, main)
12:05:14.312 INFO: JdwpEventCenterDelegate: THREAD_RESUMED: thread (33, main, main)
12:05:14.314 INFO: JdwpEventCenterDelegate: THREAD_RESUMED: thread (33, main, main)
12:05:14.315 INFO: JdwpEventCenterDelegate: THREAD_RESUMED: thread (33, main, main)
12:05:14.316 INFO: JdwpEventCenterDelegate: THREAD_RESUMED: thread (33, main, main)
12:05:14.317 INFO: JdwpEventCenterDelegate: THREAD_RESUMED: thread (33, main, main)
12:05:14.318 INFO: JdwpEventCenterDelegate: THREAD_RESUMED: thread (33, main, main)
12:05:14.319 INFO: JdwpEventCenterDelegate: THREAD_RESUMED: thread (33, main, main)
12:05:14.347 INFO: JdwpEventCenterDelegate: THREAD_RESUMED: thread (33, main, main)
12:05:14.348 INFO: JdwpEventCenterDelegate: THREAD_RESUMED: thread (33, main, main)
12:05:14.349 INFO: JdwpEventCenterDelegate: THREAD_RESUMED: thread (33, main, main)
12:05:14.350 INFO: JdwpEventCenterDelegate: THREAD_RESUMED: thread (33, main, main)
12:05:14.351 INFO: JdwpEventCenterDelegate: THREAD_RESUMED: thread (33, main, main)
12:05:14.353 INFO: JdwpEventCenterDelegate: THREAD_RESUMED: thread (33, main, main)
12:05:14.354 INFO: JdwpEventCenterDelegate: THREAD_RESUMED: thread (33, main, main)
12:05:14.368 INFO: JdwpEventCenterDelegate: THREAD_RESUMED: thread (33, main, main)
12:05:14.369 INFO: JdwpEventCenterDelegate: THREAD_RESUMED: thread (33, main, main)
12:05:14.370 INFO: JdwpEventCenterDelegate: THREAD_RESUMED: thread (33, main, main)
12:05:14.371 INFO: JdwpEventCenterDelegate: THREAD_RESUMED: thread (33, main, main)
12:05:14.372 INFO: JdwpEventCenterDelegate: THREAD_RESUMED: thread (33, main, main)
12:05:14.374 INFO: JdwpEventCenterDelegate: THREAD_RESUMED: thread (33, main, main)
12:05:14.375 INFO: JdwpEventCenterDelegate: THREAD_RESUMED: thread (33, main, main)
12:05:14.386 INFO: JdwpEventCenterDelegate: THREAD_RESUMED: thread (33, main, main)
12:05:14.388 INFO: JdwpEventCenterDelegate: THREAD_RESUMED: thread (33, main, main)
12:05:14.389 INFO: JdwpEventCenterDelegate: THREAD_RESUMED: thread (33, main, main)
12:05:14.390 INFO: JdwpEventCenterDelegate: THREAD_RESUMED: thread (33, main, main)
12:05:14.391 INFO: JdwpEventCenterDelegate: THREAD_RESUMED: thread (33, main, main)
12:05:14.393 INFO: JdwpEventCenterDelegate: THREAD_RESUMED: thread (33, main, main)
12:05:14.394 INFO: JdwpEventCenterDelegate: THREAD_RESUMED: thread (33, main, main)
12:05:14.404 INFO: JdwpEventCenterDelegate: THREAD_RESUMED: thread (33, main, main)
12:05:14.405 INFO: JdwpEventCenterDelegate: THREAD_RESUMED: thread (33, main, main)
12:05:14.407 INFO: JdwpEventCenterDelegate: THREAD_RESUMED: thread (33, main, main)
12:05:14.408 INFO: JdwpEventCenterDelegate: THREAD_RESUMED: thread (33, main, main)
12:05:14.409 INFO: JdwpEventCenterDelegate: THREAD_RESUMED: thread (33, main, main)
12:05:14.411 INFO: JdwpEventCenterDelegate: THREAD_RESUMED: thread (33, main, main)
12:05:14.412 INFO: JdwpEventCenterDelegate: THREAD_RESUMED: thread (33, main, main)
12:05:14.414 INFO: JdwpEventCenterDelegate: THREAD_RESUMED: thread (33, main, main)
12:05:14.415 INFO: JdwpEventCenterDelegate: THREAD_RESUMED: thread (33, main, main)
12:05:14.416 INFO: JdwpEventCenterDelegate: THREAD_RESUMED: thread (33, main, main)
12:05:14.418 INFO: JdwpEventCenterDelegate: THREAD_RESUMED: thread (33, main, main)
12:05:14.419 INFO: JdwpEventCenterDelegate: THREAD_RESUMED: thread (33, main, main)
12:05:14.420 INFO: JdwpEventCenterDelegate: THREAD_RESUMED: thread (33, main, main)
12:05:14.422 INFO: JdwpEventCenterDelegate: THREAD_RESUMED: thread (33, main, main)
12:05:14.423 INFO: JdwpEventCenterDelegate: THREAD_RESUMED: thread (33, main, main)
12:05:14.424 INFO: JdwpEventCenterDelegate: THREAD_RESUMED: thread (33, main, main)
12:05:14.426 INFO: JdwpEventCenterDelegate: THREAD_RESUMED: thread (33, main, main)
12:05:14.427 INFO: JdwpEventCenterDelegate: THREAD_RESUMED: thread (33, main, main)
12:05:14.431 INFO: JdwpEventCenterDelegate: THREAD_RESUMED: thread (33, main, main)
12:05:14.433 INFO: JdwpEventCenterDelegate: THREAD_RESUMED: thread (33, main, main)
12:05:14.662 INFO: JdwpDebugServer: handling req: ThreadReference(11).Name(1)
12:05:14.664 INFO: JdwpDebugServer: handling req: ThreadReference(11).Name(1)
12:05:14.664 INFO: JdwpDebugServer: handling req: ThreadReference(11).Name(1)
12:05:14.664 INFO: JdwpDebugServer: handling req: ThreadReference(11).Name(1)
12:05:14.730 INFO: JdwpEventCenterDelegate: THREAD_RESUMED: thread (33, main, main)
12:05:14.732 INFO: JdwpEventCenterDelegate: THREAD_RESUMED: thread (33, main, main)
12:05:14.749 INFO: JdwpEventCenterDelegate: THREAD_RESUMED: thread (33, main, main)
12:05:14.751 INFO: JdwpEventCenterDelegate: THREAD_RESUMED: thread (33, main, main)
12:05:14.753 INFO: JdwpEventCenterDelegate: THREAD_RESUMED: thread (33, main, main)
12:05:14.754 INFO: JdwpEventCenterDelegate: THREAD_RESUMED: thread (33, main, main)
12:05:14.759 INFO: JdwpEventCenterDelegate: THREAD_RESUMED: thread (33, main, main)
12:05:14.761 INFO: JdwpEventCenterDelegate: THREAD_RESUMED: thread (33, main, main)
12:05:14.820 INFO: JdwpEventCenterDelegate: THREAD_RESUMED: thread (33, main, main)
12:05:15.008 INFO: JdwpDebugServer: handling req: ThreadReference(11).Resume(3)
12:05:15.010 INFO: JdwpEventCenterDelegate: THREAD_RESUMED: thread (33, main, main)
12:05:15.013 INFO: JdwpEventCenterDelegate: THREAD_RESUMED: thread (33, main, main)
12:05:15.015 INFO: JdwpEventCenterDelegate: THREAD_RESUMED: thread (33, main, main)
12:05:15.016 INFO: JdwpEventCenterDelegate: THREAD_RESUMED: thread (33, main, main)
12:05:15.017 INFO: JdwpEventCenterDelegate: THREAD_RESUMED: thread (33, main, main)
12:05:15.018 INFO: JdwpEventCenterDelegate: THREAD_RESUMED: thread (33, main, main)
12:05:15.020 INFO: JdwpEventCenterDelegate: THREAD_RESUMED: thread (33, main, main)
12:05:15.028 INFO: JdwpEventCenterDelegate: THREAD_RESUMED: thread (33, main, main)
12:05:15.030 INFO: JdwpEventCenterDelegate: THREAD_RESUMED: thread (33, main, main)
12:05:15.031 INFO: JdwpEventCenterDelegate: THREAD_RESUMED: thread (33, main, main)
12:05:15.033 INFO: JdwpEventCenterDelegate: THREAD_RESUMED: thread (33, main, main)
12:05:15.035 INFO: JdwpEventCenterDelegate: THREAD_RESUMED: thread (33, main, main)
12:05:15.036 INFO: JdwpEventCenterDelegate: THREAD_RESUMED: thread (33, main, main)
12:05:15.038 INFO: JdwpEventCenterDelegate: THREAD_RESUMED: thread (33, main, main)
12:05:15.055 INFO: JdwpEventCenterDelegate: THREAD_RESUMED: thread (33, main, main)
12:05:15.071 INFO: JdwpEventCenterDelegate: THREAD_RESUMED: thread (33, main, main)
12:05:15.085 INFO: JdwpEventCenterDelegate: THREAD_RESUMED: thread (33, main, main)
12:05:15.097 INFO: JdwpEventCenterDelegate: THREAD_RESUMED: thread (33, main, main)
12:05:15.112 INFO: JdwpEventCenterDelegate: THREAD_RESUMED: thread (33, main, main)
12:05:15.137 INFO: JdwpEventCenterDelegate: THREAD_RESUMED: thread (33, main, main)
12:05:15.143 INFO: JdwpEventCenterDelegate: THREAD_RESUMED: thread (33, main, main)
12:05:15.148 INFO: JdwpEventCenterDelegate: THREAD_RESUMED: thread (33, main, main)
12:05:15.154 INFO: JdwpEventCenterDelegate: THREAD_RESUMED: thread (33, main, main)
12:05:15.159 INFO: JdwpEventCenterDelegate: THREAD_RESUMED: thread (33, main, main)
12:05:15.164 INFO: JdwpEventCenterDelegate: THREAD_RESUMED: thread (33, main, main)
12:05:15.173 INFO: JdwpEventCenterDelegate: THREAD_RESUMED: thread (33, main, main)
12:05:15.179 INFO: JdwpEventCenterDelegate: THREAD_RESUMED: thread (33, main, main)
12:05:15.185 INFO: JdwpEventCenterDelegate: THREAD_RESUMED: thread (33, main, main)
12:05:15.191 INFO: JdwpEventCenterDelegate: THREAD_RESUMED: thread (33, main, main)
12:05:15.196 INFO: JdwpEventCenterDelegate: THREAD_RESUMED: thread (33, main, main)
12:05:15.202 INFO: JdwpEventCenterDelegate: THREAD_RESUMED: thread (33, main, main)
12:05:15.208 INFO: JdwpEventCenterDelegate: THREAD_RESUMED: thread (33, main, main)
12:05:15.210 INFO: JdwpEventCenterDelegate: THREAD_RESUMED: thread (33, main, main)
12:05:15.212 INFO: JdwpEventCenterDelegate: THREAD_RESUMED: thread (33, main, main)
12:05:15.215 INFO: JdwpEventCenterDelegate: THREAD_RESUMED: thread (33, main, main)
12:05:15.217 INFO: JdwpEventCenterDelegate: THREAD_RESUMED: thread (33, main, main)
12:05:15.220 INFO: JdwpEventCenterDelegate: THREAD_RESUMED: thread (33, main, main)
12:05:15.222 INFO: JdwpEventCenterDelegate: THREAD_RESUMED: thread (33, main, main)
12:05:15.224 INFO: JdwpEventCenterDelegate: THREAD_RESUMED: thread (33, main, main)
12:05:15.226 INFO: JdwpEventCenterDelegate: THREAD_RESUMED: thread (33, main, main)
12:05:15.227 INFO: JdwpEventCenterDelegate: THREAD_RESUMED: thread (33, main, main)
12:05:15.229 INFO: JdwpEventCenterDelegate: THREAD_RESUMED: thread (33, main, main)
12:05:15.231 INFO: JdwpEventCenterDelegate: THREAD_RESUMED: thread (33, main, main)
12:05:15.233 INFO: JdwpEventCenterDelegate: THREAD_RESUMED: thread (33, main, main)
12:05:15.235 INFO: JdwpEventCenterDelegate: THREAD_RESUMED: thread (33, main, main)
12:05:15.237 INFO: JdwpEventCenterDelegate: THREAD_RESUMED: thread (33, main, main)
12:05:15.238 INFO: JdwpEventCenterDelegate: THREAD_RESUMED: thread (33, main, main)
12:05:15.240 INFO: JdwpEventCenterDelegate: THREAD_RESUMED: thread (33, main, main)
12:05:15.242 INFO: JdwpEventCenterDelegate: THREAD_RESUMED: thread (33, main, main)
12:05:15.243 INFO: JdwpEventCenterDelegate: THREAD_RESUMED: thread (33, main, main)
12:05:15.245 INFO: JdwpEventCenterDelegate: THREAD_RESUMED: thread (33, main, main)
12:05:15.248 INFO: JdwpEventCenterDelegate: THREAD_RESUMED: thread (33, main, main)
12:05:15.249 INFO: JdwpEventCenterDelegate: THREAD_RESUMED: thread (33, main, main)
12:05:15.250 INFO: JdwpEventCenterDelegate: THREAD_RESUMED: thread (33, main, main)
12:05:15.251 INFO: JdwpEventCenterDelegate: THREAD_RESUMED: thread (33, main, main)
12:05:15.253 INFO: JdwpEventCenterDelegate: THREAD_RESUMED: thread (33, main, main)
12:05:15.254 INFO: JdwpEventCenterDelegate: THREAD_RESUMED: thread (33, main, main)
12:05:15.255 INFO: JdwpEventCenterDelegate: THREAD_RESUMED: thread (33, main, main)
12:05:15.256 INFO: JdwpEventCenterDelegate: THREAD_RESUMED: thread (33, main, main)
12:05:15.258 INFO: JdwpEventCenterDelegate: THREAD_RESUMED: thread (33, main, main)
12:05:15.259 INFO: JdwpEventCenterDelegate: THREAD_RESUMED: thread (33, main, main)
12:05:15.260 INFO: JdwpEventCenterDelegate: THREAD_RESUMED: thread (33, main, main)
12:05:15.262 INFO: JdwpEventCenterDelegate: THREAD_RESUMED: thread (33, main, main)
12:05:15.263 INFO: JdwpEventCenterDelegate: THREAD_RESUMED: thread (33, main, main)
12:05:15.265 INFO: JdwpEventCenterDelegate: THREAD_RESUMED: thread (33, main, main)
12:05:15.266 INFO: JdwpEventCenterDelegate: THREAD_RESUMED: thread (33, main, main)
12:05:15.268 INFO: JdwpEventCenterDelegate: THREAD_RESUMED: thread (33, main, main)
12:05:15.270 INFO: JdwpEventCenterDelegate: THREAD_RESUMED: thread (33, main, main)
12:05:15.271 INFO: JdwpEventCenterDelegate: THREAD_RESUMED: thread (33, main, main)
12:05:15.273 INFO: JdwpEventCenterDelegate: THREAD_RESUMED: thread (33, main, main)
12:05:15.274 INFO: JdwpEventCenterDelegate: THREAD_RESUMED: thread (33, main, main)
12:05:15.276 INFO: JdwpEventCenterDelegate: THREAD_RESUMED: thread (33, main, main)
12:05:15.278 INFO: JdwpEventCenterDelegate: THREAD_RESUMED: thread (33, main, main)
12:05:15.279 INFO: JdwpEventCenterDelegate: THREAD_RESUMED: thread (33, main, main)
12:05:15.281 INFO: JdwpEventCenterDelegate: THREAD_RESUMED: thread (33, main, main)
12:05:15.282 INFO: JdwpEventCenterDelegate: THREAD_RESUMED: thread (33, main, main)
12:05:15.284 INFO: JdwpEventCenterDelegate: THREAD_RESUMED: thread (33, main, main)
12:05:15.286 INFO: JdwpEventCenterDelegate: THREAD_RESUMED: thread (33, main, main)
12:05:15.287 INFO: JdwpEventCenterDelegate: THREAD_RESUMED: thread (33, main, main)
12:05:15.289 INFO: JdwpEventCenterDelegate: THREAD_RESUMED: thread (33, main, main)
12:05:15.291 INFO: JdwpEventCenterDelegate: THREAD_RESUMED: thread (33, main, main)
12:05:15.292 INFO: JdwpEventCenterDelegate: THREAD_RESUMED: thread (33, main, main)
12:05:15.294 INFO: JdwpEventCenterDelegate: THREAD_RESUMED: thread (33, main, main)
12:05:15.295 INFO: JdwpEventCenterDelegate: THREAD_RESUMED: thread (33, main, main)
12:05:15.296 INFO: JdwpEventCenterDelegate: THREAD_RESUMED: thread (33, main, main)
12:05:15.446 INFO: JdwpEventCenterDelegate: THREAD_RESUMED: thread (33, main, main)
12:05:15.474 INFO: JdwpEventCenterDelegate: THREAD_RESUMED: thread (33, main, main)
12:05:15.475 INFO: JdwpEventCenterDelegate: THREAD_RESUMED: thread (33, main, main)
12:05:15.477 INFO: JdwpEventCenterDelegate: THREAD_RESUMED: thread (33, main, main)
12:05:15.478 INFO: JdwpEventCenterDelegate: THREAD_RESUMED: thread (33, main, main)
12:05:15.629 INFO: JdwpEventCenterDelegate: THREAD_RESUMED: thread (33, main, main)
12:05:15.630 INFO: JdwpEventCenterDelegate: THREAD_RESUMED: thread (33, main, main)
12:05:15.642 INFO: JdwpEventCenterDelegate: THREAD_RESUMED: thread (33, main, main)
12:05:15.643 INFO: JdwpEventCenterDelegate: THREAD_RESUMED: thread (33, main, main)
12:05:15.647 INFO: JdwpEventCenterDelegate: THREAD_RESUMED: thread (33, main, main)
12:05:15.648 INFO: JdwpEventCenterDelegate: THREAD_RESUMED: thread (33, main, main)
12:05:15.650 INFO: JdwpEventCenterDelegate: THREAD_RESUMED: thread (33, main, main)
12:05:15.651 INFO: JdwpEventCenterDelegate: THREAD_RESUMED: thread (33, main, main)
12:05:15.652 INFO: JdwpEventCenterDelegate: THREAD_RESUMED: thread (33, main, main)
12:05:15.654 INFO: JdwpEventCenterDelegate: THREAD_RESUMED: thread (33, main, main)
12:05:18.552 INFO: JdwpEventCenterDelegate: THREAD_RESUMED: thread (33, main, main)
12:05:18.553 INFO: JdwpEventCenterDelegate: THREAD_RESUMED: thread (33, main, main)
12:05:18.757 INFO: JdwpEventCenterDelegate: THREAD_RESUMED: thread (33, main, main)
12:05:18.759 INFO: JdwpEventCenterDelegate: THREAD_RESUMED: thread (33, main, main)
12:05:18.761 INFO: JdwpEventCenterDelegate: THREAD_RESUMED: thread (33, main, main)
12:05:18.763 INFO: JdwpEventCenterDelegate: THREAD_RESUMED: thread (33, main, main)
12:05:18.764 INFO: JdwpEventCenterDelegate: THREAD_RESUMED: thread (33, main, main)
12:05:18.766 INFO: JdwpEventCenterDelegate: THREAD_RESUMED: thread (33, main, main)
12:05:18.769 INFO: JdwpEventCenterDelegate: THREAD_RESUMED: thread (33, main, main)
12:05:18.771 INFO: JdwpEventCenterDelegate: THREAD_RESUMED: thread (33, main, main)
12:05:18.772 INFO: JdwpEventCenterDelegate: THREAD_RESUMED: thread (33, main, main)
12:05:18.780 INFO: JdwpEventCenterDelegate: THREAD_RESUMED: thread (33, main, main)
12:05:18.782 INFO: JdwpEventCenterDelegate: THREAD_RESUMED: thread (33, main, main)
12:05:18.783 INFO: JdwpEventCenterDelegate: THREAD_RESUMED: thread (33, main, main)
12:05:24.326 INFO: JdwpDebugServer: handling req: VirtualMachine(1).Exit(10)
12:05:24.327 SEVERE: Debugger: Thread JDWP server socket thread crashed
org.robovm.debugger.DebuggerException: Terminating due exit command
	at org.robovm.debugger.jdwp.JdwpDebugServer.doSocketWork(JdwpDebugServer.java:211)
	at java.base/java.lang.Thread.run(Thread.java:833)
	at org.robovm.debugger.utils.DebuggerThread.run(DebuggerThread.java:42)
12:05:24.832 SEVERE: Debugger: Thread HooksChannel socket thread crashed
org.robovm.debugger.DebuggerException: java.io.IOException: org.robovm.libimobiledevice.LibIMobileDeviceException: IDEVICE_E_UNKNOWN_ERROR
	at org.robovm.debugger.hooks.HooksChannel.doSocketWork(HooksChannel.java:149)
	at java.base/java.lang.Thread.run(Thread.java:833)
	at org.robovm.debugger.utils.DebuggerThread.run(DebuggerThread.java:42)
Caused by: java.io.IOException: org.robovm.libimobiledevice.LibIMobileDeviceException: IDEVICE_E_UNKNOWN_ERROR
	at org.robovm.libimobiledevice.IDeviceConnection$DeviceInputStream.read(IDeviceConnection.java:203)
	at org.robovm.debugger.utils.bytebuffer.DataBufferWriter.writeFromStream(DataBufferWriter.java:89)
	at org.robovm.debugger.hooks.HooksChannel.doSocketWork(HooksChannel.java:116)
	... 2 more
Caused by: org.robovm.libimobiledevice.LibIMobileDeviceException: IDEVICE_E_UNKNOWN_ERROR
	at org.robovm.libimobiledevice.IDevice.checkResult(IDevice.java:206)
	at org.robovm.libimobiledevice.IDeviceConnection.receive(IDeviceConnection.java:110)
	at org.robovm.libimobiledevice.IDeviceConnection.receive(IDeviceConnection.java:81)
	at org.robovm.libimobiledevice.IDeviceConnection$DeviceInputStream.read(IDeviceConnection.java:201)
	... 4 more
