10:40:02.575 INFO: JdwpEventCenterDelegate: THREAD_STARTED: thread (33, main, main)
10:40:02.659 INFO: JdwpEventCenterDelegate: THREAD_STARTED: thread (48, ReferenceQueueDaemon, main)
10:40:02.660 INFO: JdwpEventCenterDelegate: THREAD_STARTED: thread (63, FinalizerDaemon, main)
10:40:02.660 INFO: JdwpEventCenterDelegate: THREAD_STARTED: thread (78, FinalizerWatchdogDaemon, main)
10:40:03.911 INFO: JdwpDebugServer: handling req: VirtualMachine(1).IDSizes(7)
10:40:03.913 INFO: JdwpDebugServer: handling req: EventRequest(15).Set(1)
10:40:03.914 INFO: JdwpEventCenterDelegate: jdwpSetEventRequest: JdwpEventRequest{requestId=100, eventKind=CLASS_UNLOAD, suspendPolicy=NONE, predicates=[]}
10:40:03.915 INFO: JdwpDebugServer: handling req: EventRequest(15).Set(1)
10:40:03.915 INFO: JdwpEventCenterDelegate: jdwpSetEventRequest: JdwpEventRequest{requestId=101, eventKind=THREAD_START, suspendPolicy=NONE, predicates=[]}
10:40:03.917 INFO: JdwpDebugServer: handling req: VirtualMachine(1).ClassesBySignature(2)
10:40:03.919 INFO: JdwpDebugServer: handling req: VirtualMachine(1).Version(1)
10:40:03.920 INFO: JdwpDebugServer: handling req: ReferenceType(2).MethodsWithGeneric(15)
10:40:03.922 INFO: JdwpDebugServer: handling req: Method(6).LineTable(1)
10:40:03.923 INFO: JdwpDebugServer: handling req: EventRequest(15).Set(1)
10:40:03.924 INFO: JdwpEventCenterDelegate: jdwpSetEventRequest: JdwpEventRequest{requestId=102, eventKind=BREAKPOINT, suspendPolicy=NONE, predicates=[Location{classId=845, methodId=257, index=928} ]}
10:40:03.925 INFO: JdwpDebugServer: handling req: EventRequest(15).Set(1)
10:40:03.925 INFO: JdwpEventCenterDelegate: jdwpSetEventRequest: JdwpEventRequest{requestId=103, eventKind=THREAD_DEATH, suspendPolicy=NONE, predicates=[]}
10:40:03.925 INFO: JdwpDebugServer: handling req: VirtualMachine(1).AllThreads(4)
10:40:03.926 INFO: JdwpDebugServer: handling req: ThreadReference(11).ThreadGroup(5)
10:40:03.927 INFO: JdwpDebugServer: handling req: ThreadGroup(12).Name(1)
10:40:03.927 INFO: JdwpDebugServer: handling req: ThreadGroup(12).Parent(2)
10:40:03.928 INFO: JdwpDebugServer: handling req: ObjectReference(9).ReferenceType(1)
10:40:03.928 INFO: JdwpDebugServer: handling req: ReferenceType(2).FieldsWithGeneric(14)
10:40:03.929 INFO: JdwpDebugServer: handling req: ReferenceType(2).Interfaces(10)
10:40:03.930 INFO: JdwpDebugServer: handling req: ReferenceType(2).FieldsWithGeneric(14)
10:40:03.930 INFO: JdwpDebugServer: handling req: ReferenceType(2).Interfaces(10)
10:40:03.930 INFO: JdwpDebugServer: handling req: ClassType(3).Superclass(1)
10:40:03.930 INFO: JdwpDebugServer: handling req: ReferenceType(2).FieldsWithGeneric(14)
10:40:03.930 INFO: JdwpDebugServer: handling req: ReferenceType(2).Interfaces(10)
10:40:03.931 INFO: JdwpDebugServer: handling req: ClassType(3).Superclass(1)
10:40:03.931 INFO: JdwpDebugServer: handling req: ObjectReference(9).GetValues(2)
10:40:03.933 INFO: JdwpDebugServer: handling req: ThreadReference(11).Status(4)
10:40:03.933 INFO: JdwpDebugServer: handling req: ThreadReference(11).Status(4)
10:40:03.933 INFO: JdwpDebugServer: handling req: ThreadReference(11).ThreadGroup(5)
10:40:03.934 INFO: JdwpDebugServer: handling req: ObjectReference(9).ReferenceType(1)
10:40:03.934 INFO: JdwpDebugServer: handling req: ObjectReference(9).GetValues(2)
10:40:03.934 INFO: JdwpDebugServer: handling req: ThreadReference(11).Status(4)
10:40:03.934 INFO: JdwpDebugServer: handling req: ThreadReference(11).Status(4)
10:40:03.935 INFO: JdwpDebugServer: handling req: ThreadReference(11).ThreadGroup(5)
10:40:03.935 INFO: JdwpDebugServer: handling req: ObjectReference(9).ReferenceType(1)
10:40:03.935 INFO: JdwpDebugServer: handling req: ObjectReference(9).GetValues(2)
10:40:03.935 INFO: JdwpDebugServer: handling req: ThreadReference(11).Status(4)
10:40:03.935 INFO: JdwpDebugServer: handling req: ThreadReference(11).Status(4)
10:40:03.935 INFO: JdwpDebugServer: handling req: ThreadReference(11).ThreadGroup(5)
10:40:03.935 INFO: JdwpDebugServer: handling req: ObjectReference(9).ReferenceType(1)
10:40:03.936 INFO: JdwpDebugServer: handling req: ObjectReference(9).GetValues(2)
10:40:03.936 INFO: JdwpDebugServer: handling req: ThreadReference(11).Status(4)
10:40:03.936 INFO: JdwpDebugServer: handling req: ThreadReference(11).Status(4)
10:40:03.939 INFO: JdwpDebugServer: handling req: EventRequest(15).Set(1)
10:40:03.940 INFO: JdwpEventCenterDelegate: jdwpSetEventRequest: JdwpEventRequest{requestId=104, eventKind=CLASS_PREPARE, suspendPolicy=EVENT_THREAD, predicates=[className=java.lang.Throwable]}
10:40:03.949 INFO: JdwpDebugServer: handling req: EventRequest(15).Set(1)
10:40:03.949 INFO: JdwpEventCenterDelegate: jdwpSetEventRequest: JdwpEventRequest{requestId=105, eventKind=CLASS_PREPARE, suspendPolicy=EVENT_THREAD, predicates=[className=java.lang.Throwable$*]}
10:40:03.950 INFO: JdwpDebugServer: handling req: VirtualMachine(1).ClassesBySignature(2)
10:40:03.950 INFO: JdwpDebugServer: handling req: ReferenceType(2).MethodsWithGeneric(15)
10:40:03.951 INFO: JdwpDebugServer: handling req: Method(6).LineTable(1)
10:40:03.951 INFO: JdwpDebugServer: handling req: Method(6).LineTable(1)
10:40:03.951 INFO: JdwpDebugServer: handling req: Method(6).LineTable(1)
10:40:03.951 INFO: JdwpDebugServer: handling req: Method(6).LineTable(1)
10:40:03.951 INFO: JdwpDebugServer: handling req: Method(6).LineTable(1)
10:40:03.951 INFO: JdwpDebugServer: handling req: Method(6).LineTable(1)
10:40:03.952 INFO: JdwpDebugServer: handling req: Method(6).LineTable(1)
10:40:03.952 INFO: JdwpDebugServer: handling req: Method(6).LineTable(1)
10:40:03.952 INFO: JdwpDebugServer: handling req: Method(6).LineTable(1)
10:40:03.952 INFO: JdwpDebugServer: handling req: Method(6).LineTable(1)
10:40:03.952 INFO: JdwpDebugServer: handling req: Method(6).LineTable(1)
10:40:03.952 INFO: JdwpDebugServer: handling req: Method(6).LineTable(1)
10:40:03.952 INFO: JdwpDebugServer: handling req: Method(6).LineTable(1)
10:40:03.953 INFO: JdwpDebugServer: handling req: Method(6).LineTable(1)
10:40:03.953 INFO: JdwpDebugServer: handling req: Method(6).LineTable(1)
10:40:03.953 INFO: JdwpDebugServer: handling req: Method(6).LineTable(1)
10:40:03.953 INFO: JdwpDebugServer: handling req: Method(6).LineTable(1)
10:40:03.953 INFO: JdwpDebugServer: handling req: Method(6).LineTable(1)
10:40:03.954 INFO: JdwpDebugServer: handling req: Method(6).LineTable(1)
10:40:03.954 INFO: JdwpDebugServer: handling req: Method(6).LineTable(1)
10:40:03.954 INFO: JdwpDebugServer: handling req: Method(6).LineTable(1)
10:40:03.954 INFO: JdwpDebugServer: handling req: Method(6).LineTable(1)
10:40:03.954 INFO: JdwpDebugServer: handling req: Method(6).LineTable(1)
10:40:03.954 INFO: JdwpDebugServer: handling req: Method(6).LineTable(1)
10:40:03.955 INFO: JdwpDebugServer: handling req: VirtualMachine(1).ClassesBySignature(2)
10:40:03.956 INFO: JdwpDebugServer: handling req: VirtualMachine(1).AllClassesWithGeneric(20)
10:40:03.971 INFO: JdwpDebugServer: handling req: EventRequest(15).Set(1)
10:40:03.971 INFO: JdwpEventCenterDelegate: jdwpSetEventRequest: JdwpEventRequest{requestId=106, eventKind=CLASS_PREPARE, suspendPolicy=EVENT_THREAD, predicates=[className=com.badlogic.gdx.utils.ScreenUtils]}
10:40:03.973 INFO: JdwpDebugServer: handling req: EventRequest(15).Set(1)
10:40:03.973 INFO: JdwpEventCenterDelegate: jdwpSetEventRequest: JdwpEventRequest{requestId=107, eventKind=CLASS_PREPARE, suspendPolicy=EVENT_THREAD, predicates=[className=com.badlogic.gdx.utils.ScreenUtils$*]}
10:40:03.973 INFO: JdwpDebugServer: handling req: VirtualMachine(1).ClassesBySignature(2)
10:40:03.974 INFO: JdwpDebugServer: handling req: ReferenceType(2).MethodsWithGeneric(15)
10:40:03.974 INFO: JdwpDebugServer: handling req: Method(6).LineTable(1)
10:40:03.974 INFO: JdwpDebugServer: handling req: Method(6).LineTable(1)
10:40:03.974 INFO: JdwpDebugServer: handling req: Method(6).LineTable(1)
10:40:03.975 INFO: JdwpDebugServer: handling req: Method(6).LineTable(1)
10:40:03.975 INFO: JdwpDebugServer: handling req: Method(6).LineTable(1)
10:40:03.975 INFO: JdwpDebugServer: handling req: Method(6).LineTable(1)
10:40:03.975 INFO: JdwpDebugServer: handling req: Method(6).LineTable(1)
10:40:03.976 INFO: JdwpDebugServer: handling req: Method(6).LineTable(1)
10:40:03.976 INFO: JdwpDebugServer: handling req: Method(6).LineTable(1)
10:40:03.976 INFO: JdwpDebugServer: handling req: Method(6).LineTable(1)
10:40:03.976 INFO: JdwpDebugServer: handling req: EventRequest(15).Set(1)
10:40:03.976 INFO: JdwpEventCenterDelegate: jdwpSetEventRequest: JdwpEventRequest{requestId=108, eventKind=BREAKPOINT, suspendPolicy=EVENT_THREAD, predicates=[Location{classId=22240, methodId=1272, index=89} ]}
10:40:03.980 INFO: JdwpDebugServer: handling req: EventRequest(15).Set(1)
10:40:03.980 INFO: JdwpEventCenterDelegate: jdwpSetEventRequest: JdwpEventRequest{requestId=109, eventKind=CLASS_PREPARE, suspendPolicy=EVENT_THREAD, predicates=[className=com.badlogic.gdx.utils.ScreenUtils]}
10:40:03.981 INFO: JdwpDebugServer: handling req: EventRequest(15).Set(1)
10:40:03.981 INFO: JdwpEventCenterDelegate: jdwpSetEventRequest: JdwpEventRequest{requestId=110, eventKind=CLASS_PREPARE, suspendPolicy=EVENT_THREAD, predicates=[className=com.badlogic.gdx.utils.ScreenUtils$*]}
10:40:03.981 INFO: JdwpDebugServer: handling req: VirtualMachine(1).ClassesBySignature(2)
10:40:03.981 INFO: JdwpDebugServer: handling req: EventRequest(15).Set(1)
10:40:03.982 INFO: JdwpEventCenterDelegate: jdwpSetEventRequest: JdwpEventRequest{requestId=111, eventKind=BREAKPOINT, suspendPolicy=EVENT_THREAD, predicates=[Location{classId=22240, methodId=1267, index=72} ]}
10:40:03.982 INFO: JdwpDebugServer: handling req: EventRequest(15).Set(1)
10:40:03.982 INFO: JdwpEventCenterDelegate: jdwpSetEventRequest: JdwpEventRequest{requestId=112, eventKind=CLASS_PREPARE, suspendPolicy=EVENT_THREAD, predicates=[className=com.badlogic.gdx.graphics.g2d.PolygonSpriteBatch]}
10:40:03.983 INFO: JdwpDebugServer: handling req: EventRequest(15).Set(1)
10:40:03.983 INFO: JdwpEventCenterDelegate: jdwpSetEventRequest: JdwpEventRequest{requestId=113, eventKind=CLASS_PREPARE, suspendPolicy=EVENT_THREAD, predicates=[className=com.badlogic.gdx.graphics.g2d.PolygonSpriteBatch$*]}
10:40:03.983 INFO: JdwpDebugServer: handling req: VirtualMachine(1).ClassesBySignature(2)
10:40:03.983 INFO: JdwpDebugServer: handling req: ReferenceType(2).MethodsWithGeneric(15)
10:40:03.984 INFO: JdwpDebugServer: handling req: Method(6).LineTable(1)
10:40:03.984 INFO: JdwpDebugServer: handling req: Method(6).LineTable(1)
10:40:03.984 INFO: JdwpDebugServer: handling req: Method(6).LineTable(1)
10:40:03.984 INFO: JdwpDebugServer: handling req: Method(6).LineTable(1)
10:40:03.984 INFO: JdwpDebugServer: handling req: Method(6).LineTable(1)
10:40:03.984 INFO: JdwpDebugServer: handling req: Method(6).LineTable(1)
10:40:03.984 INFO: JdwpDebugServer: handling req: Method(6).LineTable(1)
10:40:03.985 INFO: JdwpDebugServer: handling req: Method(6).LineTable(1)
10:40:03.985 INFO: JdwpDebugServer: handling req: Method(6).LineTable(1)
10:40:03.985 INFO: JdwpDebugServer: handling req: Method(6).LineTable(1)
10:40:03.985 INFO: JdwpDebugServer: handling req: Method(6).LineTable(1)
10:40:03.985 INFO: JdwpDebugServer: handling req: Method(6).LineTable(1)
10:40:03.985 INFO: JdwpDebugServer: handling req: Method(6).LineTable(1)
10:40:03.985 INFO: JdwpDebugServer: handling req: Method(6).LineTable(1)
10:40:03.985 INFO: JdwpDebugServer: handling req: Method(6).LineTable(1)
10:40:03.985 INFO: JdwpDebugServer: handling req: Method(6).LineTable(1)
10:40:03.985 INFO: JdwpDebugServer: handling req: Method(6).LineTable(1)
10:40:03.985 INFO: JdwpDebugServer: handling req: Method(6).LineTable(1)
10:40:03.986 INFO: JdwpDebugServer: handling req: Method(6).LineTable(1)
10:40:03.986 INFO: JdwpDebugServer: handling req: Method(6).LineTable(1)
10:40:03.986 INFO: JdwpDebugServer: handling req: Method(6).LineTable(1)
10:40:03.986 INFO: JdwpDebugServer: handling req: Method(6).LineTable(1)
10:40:03.986 INFO: JdwpDebugServer: handling req: Method(6).LineTable(1)
10:40:03.986 INFO: JdwpDebugServer: handling req: Method(6).LineTable(1)
10:40:03.986 INFO: JdwpDebugServer: handling req: Method(6).LineTable(1)
10:40:03.986 INFO: JdwpDebugServer: handling req: Method(6).LineTable(1)
10:40:03.986 INFO: JdwpDebugServer: handling req: Method(6).LineTable(1)
10:40:03.987 INFO: JdwpDebugServer: handling req: Method(6).LineTable(1)
10:40:03.987 INFO: JdwpDebugServer: handling req: Method(6).LineTable(1)
10:40:03.987 INFO: JdwpDebugServer: handling req: Method(6).LineTable(1)
10:40:03.987 INFO: JdwpDebugServer: handling req: Method(6).LineTable(1)
10:40:03.987 INFO: JdwpDebugServer: handling req: Method(6).LineTable(1)
10:40:03.987 INFO: JdwpDebugServer: handling req: Method(6).LineTable(1)
10:40:03.987 INFO: JdwpDebugServer: handling req: Method(6).LineTable(1)
10:40:03.987 INFO: JdwpDebugServer: handling req: Method(6).LineTable(1)
10:40:03.987 INFO: JdwpDebugServer: handling req: Method(6).LineTable(1)
10:40:03.987 INFO: JdwpDebugServer: handling req: Method(6).LineTable(1)
10:40:03.988 INFO: JdwpDebugServer: handling req: Method(6).LineTable(1)
10:40:03.988 INFO: JdwpDebugServer: handling req: Method(6).LineTable(1)
10:40:03.988 INFO: JdwpDebugServer: handling req: Method(6).LineTable(1)
10:40:03.988 INFO: JdwpDebugServer: handling req: Method(6).LineTable(1)
10:40:03.988 INFO: JdwpDebugServer: handling req: Method(6).LineTable(1)
10:40:03.988 INFO: JdwpDebugServer: handling req: Method(6).LineTable(1)
10:40:03.988 INFO: JdwpDebugServer: handling req: Method(6).LineTable(1)
10:40:03.988 INFO: JdwpDebugServer: handling req: Method(6).LineTable(1)
10:40:03.988 INFO: JdwpDebugServer: handling req: Method(6).LineTable(1)
10:40:03.988 INFO: JdwpDebugServer: handling req: Method(6).LineTable(1)
10:40:03.989 INFO: JdwpDebugServer: handling req: EventRequest(15).Set(1)
10:40:03.989 INFO: JdwpEventCenterDelegate: jdwpSetEventRequest: JdwpEventRequest{requestId=114, eventKind=BREAKPOINT, suspendPolicy=EVENT_THREAD, predicates=[Location{classId=15500, methodId=1307, index=142} ]}
10:40:03.989 INFO: JdwpDebugServer: handling req: EventRequest(15).Set(1)
10:40:03.989 INFO: JdwpEventCenterDelegate: jdwpSetEventRequest: JdwpEventRequest{requestId=115, eventKind=CLASS_PREPARE, suspendPolicy=EVENT_THREAD, predicates=[className=com.badlogic.gdx.graphics.g2d.SpriteBatch]}
10:40:03.990 INFO: JdwpDebugServer: handling req: EventRequest(15).Set(1)
10:40:03.990 INFO: JdwpEventCenterDelegate: jdwpSetEventRequest: JdwpEventRequest{requestId=116, eventKind=CLASS_PREPARE, suspendPolicy=EVENT_THREAD, predicates=[className=com.badlogic.gdx.graphics.g2d.SpriteBatch$*]}
10:40:03.990 INFO: JdwpDebugServer: handling req: VirtualMachine(1).ClassesBySignature(2)
10:40:03.991 INFO: JdwpDebugServer: handling req: ReferenceType(2).MethodsWithGeneric(15)
10:40:03.991 INFO: JdwpDebugServer: handling req: Method(6).LineTable(1)
10:40:03.991 INFO: JdwpDebugServer: handling req: Method(6).LineTable(1)
10:40:03.991 INFO: JdwpDebugServer: handling req: Method(6).LineTable(1)
10:40:03.991 INFO: JdwpDebugServer: handling req: Method(6).LineTable(1)
10:40:03.991 INFO: JdwpDebugServer: handling req: Method(6).LineTable(1)
10:40:03.991 INFO: JdwpDebugServer: handling req: Method(6).LineTable(1)
10:40:03.992 INFO: JdwpDebugServer: handling req: Method(6).LineTable(1)
10:40:03.992 INFO: JdwpDebugServer: handling req: Method(6).LineTable(1)
10:40:03.992 INFO: JdwpDebugServer: handling req: Method(6).LineTable(1)
10:40:03.992 INFO: JdwpDebugServer: handling req: Method(6).LineTable(1)
10:40:03.992 INFO: JdwpDebugServer: handling req: Method(6).LineTable(1)
10:40:03.992 INFO: JdwpDebugServer: handling req: Method(6).LineTable(1)
10:40:03.992 INFO: JdwpDebugServer: handling req: Method(6).LineTable(1)
10:40:03.992 INFO: JdwpDebugServer: handling req: Method(6).LineTable(1)
10:40:03.992 INFO: JdwpDebugServer: handling req: Method(6).LineTable(1)
10:40:03.992 INFO: JdwpDebugServer: handling req: Method(6).LineTable(1)
10:40:03.992 INFO: JdwpDebugServer: handling req: Method(6).LineTable(1)
10:40:03.992 INFO: JdwpDebugServer: handling req: Method(6).LineTable(1)
10:40:03.993 INFO: JdwpDebugServer: handling req: Method(6).LineTable(1)
10:40:03.993 INFO: JdwpDebugServer: handling req: Method(6).LineTable(1)
10:40:03.993 INFO: JdwpDebugServer: handling req: Method(6).LineTable(1)
10:40:03.993 INFO: JdwpDebugServer: handling req: Method(6).LineTable(1)
10:40:03.993 INFO: JdwpDebugServer: handling req: Method(6).LineTable(1)
10:40:03.993 INFO: JdwpDebugServer: handling req: Method(6).LineTable(1)
10:40:03.993 INFO: JdwpDebugServer: handling req: Method(6).LineTable(1)
10:40:03.993 INFO: JdwpDebugServer: handling req: Method(6).LineTable(1)
10:40:03.993 INFO: JdwpDebugServer: handling req: Method(6).LineTable(1)
10:40:03.993 INFO: JdwpDebugServer: handling req: Method(6).LineTable(1)
10:40:03.993 INFO: JdwpDebugServer: handling req: Method(6).LineTable(1)
10:40:03.993 INFO: JdwpDebugServer: handling req: Method(6).LineTable(1)
10:40:03.994 INFO: JdwpDebugServer: handling req: Method(6).LineTable(1)
10:40:03.994 INFO: JdwpDebugServer: handling req: Method(6).LineTable(1)
10:40:03.994 INFO: JdwpDebugServer: handling req: Method(6).LineTable(1)
10:40:03.994 INFO: JdwpDebugServer: handling req: Method(6).LineTable(1)
10:40:03.994 INFO: JdwpDebugServer: handling req: Method(6).LineTable(1)
10:40:03.994 INFO: JdwpDebugServer: handling req: Method(6).LineTable(1)
10:40:03.994 INFO: JdwpDebugServer: handling req: Method(6).LineTable(1)
10:40:03.994 INFO: JdwpDebugServer: handling req: Method(6).LineTable(1)
10:40:03.994 INFO: JdwpDebugServer: handling req: Method(6).LineTable(1)
10:40:03.994 INFO: JdwpDebugServer: handling req: Method(6).LineTable(1)
10:40:03.994 INFO: JdwpDebugServer: handling req: Method(6).LineTable(1)
10:40:03.994 INFO: JdwpDebugServer: handling req: Method(6).LineTable(1)
10:40:03.994 INFO: JdwpDebugServer: handling req: Method(6).LineTable(1)
10:40:03.995 INFO: JdwpDebugServer: handling req: Method(6).LineTable(1)
10:40:03.995 INFO: JdwpDebugServer: handling req: EventRequest(15).Set(1)
10:40:03.995 INFO: JdwpEventCenterDelegate: jdwpSetEventRequest: JdwpEventRequest{requestId=117, eventKind=BREAKPOINT, suspendPolicy=EVENT_THREAD, predicates=[Location{classId=18040, methodId=1542, index=163} ]}
10:40:03.995 INFO: JdwpDebugServer: handling req: EventRequest(15).Set(1)
10:40:03.995 INFO: JdwpEventCenterDelegate: jdwpSetEventRequest: JdwpEventRequest{requestId=118, eventKind=CLASS_PREPARE, suspendPolicy=EVENT_THREAD, predicates=[className=com.badlogic.gdx.graphics.g2d.PolygonSpriteBatch]}
10:40:03.996 INFO: JdwpDebugServer: handling req: EventRequest(15).Set(1)
10:40:03.996 INFO: JdwpEventCenterDelegate: jdwpSetEventRequest: JdwpEventRequest{requestId=119, eventKind=CLASS_PREPARE, suspendPolicy=EVENT_THREAD, predicates=[className=com.badlogic.gdx.graphics.g2d.PolygonSpriteBatch$*]}
10:40:03.996 INFO: JdwpDebugServer: handling req: VirtualMachine(1).ClassesBySignature(2)
10:40:03.997 INFO: JdwpDebugServer: handling req: EventRequest(15).Set(1)
10:40:03.997 INFO: JdwpEventCenterDelegate: jdwpSetEventRequest: JdwpEventRequest{requestId=120, eventKind=BREAKPOINT, suspendPolicy=EVENT_THREAD, predicates=[Location{classId=15500, methodId=1307, index=141} ]}
10:40:03.997 INFO: JdwpDebugServer: handling req: EventRequest(15).Set(1)
10:40:03.997 INFO: JdwpEventCenterDelegate: jdwpSetEventRequest: JdwpEventRequest{requestId=121, eventKind=CLASS_PREPARE, suspendPolicy=EVENT_THREAD, predicates=[className=com.scottlogic.util.GL32CMacIssueHandler]}
10:40:03.998 INFO: JdwpDebugServer: handling req: EventRequest(15).Set(1)
10:40:03.998 INFO: JdwpEventCenterDelegate: jdwpSetEventRequest: JdwpEventRequest{requestId=122, eventKind=CLASS_PREPARE, suspendPolicy=EVENT_THREAD, predicates=[className=com.scottlogic.util.GL32CMacIssueHandler$*]}
10:40:03.998 INFO: JdwpDebugServer: handling req: VirtualMachine(1).ClassesBySignature(2)
10:40:03.999 INFO: JdwpDebugServer: handling req: ReferenceType(2).MethodsWithGeneric(15)
10:40:03.999 INFO: JdwpDebugServer: handling req: Method(6).LineTable(1)
10:40:03.999 INFO: JdwpDebugServer: handling req: Method(6).LineTable(1)
10:40:03.999 INFO: JdwpDebugServer: handling req: Method(6).LineTable(1)
10:40:03.999 INFO: JdwpDebugServer: handling req: Method(6).LineTable(1)
10:40:03.999 INFO: JdwpDebugServer: handling req: Method(6).LineTable(1)
10:40:04.000 INFO: JdwpDebugServer: handling req: EventRequest(15).Set(1)
10:40:04.000 INFO: JdwpEventCenterDelegate: jdwpSetEventRequest: JdwpEventRequest{requestId=123, eventKind=BREAKPOINT, suspendPolicy=EVENT_THREAD, predicates=[Location{classId=21445, methodId=1762, index=128} ]}
10:40:04.000 INFO: JdwpDebugServer: handling req: EventRequest(15).Set(1)
10:40:04.000 INFO: JdwpEventCenterDelegate: jdwpSetEventRequest: JdwpEventRequest{requestId=124, eventKind=CLASS_PREPARE, suspendPolicy=EVENT_THREAD, predicates=[className=com.scottlogic.util.ShaderProgramFactory]}
10:40:04.001 INFO: JdwpDebugServer: handling req: EventRequest(15).Set(1)
10:40:04.001 INFO: JdwpEventCenterDelegate: jdwpSetEventRequest: JdwpEventRequest{requestId=125, eventKind=CLASS_PREPARE, suspendPolicy=EVENT_THREAD, predicates=[className=com.scottlogic.util.ShaderProgramFactory$*]}
10:40:04.002 INFO: JdwpDebugServer: handling req: VirtualMachine(1).ClassesBySignature(2)
10:40:04.002 INFO: JdwpDebugServer: handling req: ReferenceType(2).MethodsWithGeneric(15)
10:40:04.003 INFO: JdwpDebugServer: handling req: Method(6).LineTable(1)
10:40:04.003 INFO: JdwpDebugServer: handling req: Method(6).LineTable(1)
10:40:04.003 INFO: JdwpDebugServer: handling req: Method(6).LineTable(1)
10:40:04.003 INFO: JdwpDebugServer: handling req: Method(6).LineTable(1)
10:40:04.003 INFO: JdwpDebugServer: handling req: Method(6).LineTable(1)
10:40:04.003 INFO: JdwpDebugServer: handling req: EventRequest(15).Set(1)
10:40:04.004 INFO: JdwpEventCenterDelegate: jdwpSetEventRequest: JdwpEventRequest{requestId=126, eventKind=BREAKPOINT, suspendPolicy=EVENT_THREAD, predicates=[Location{classId=20400, methodId=1787, index=106} ]}
10:40:04.005 INFO: JdwpDebugServer: handling req: VirtualMachine(1).capabilitiesNew(17)
10:40:04.010 INFO: JdwpDebugServer: handling req: EventRequest(15).Set(1)
10:40:04.010 INFO: JdwpEventCenterDelegate: jdwpSetEventRequest: JdwpEventRequest{requestId=127, eventKind=CLASS_PREPARE, suspendPolicy=EVENT_THREAD, predicates=[className=java.lang.Error]}
10:40:04.011 INFO: JdwpDebugServer: handling req: EventRequest(15).Set(1)
10:40:04.011 INFO: JdwpEventCenterDelegate: jdwpSetEventRequest: JdwpEventRequest{requestId=128, eventKind=CLASS_PREPARE, suspendPolicy=EVENT_THREAD, predicates=[className=java.lang.Error$*]}
10:40:04.012 INFO: JdwpDebugServer: handling req: VirtualMachine(1).ClassesBySignature(2)
10:40:04.013 INFO: JdwpDebugServer: handling req: EventRequest(15).Set(1)
10:40:04.013 INFO: JdwpEventCenterDelegate: jdwpSetEventRequest: JdwpEventRequest{requestId=129, eventKind=EXCEPTION, suspendPolicy=EVENT_THREAD, predicates=[exceptionType=3425(caught=true, uncaught=true)]}
10:40:04.067 INFO: JdwpDebugServer: handling req: EventRequest(15).Set(1)
10:40:04.067 INFO: JdwpEventCenterDelegate: jdwpSetEventRequest: JdwpEventRequest{requestId=130, eventKind=CLASS_PREPARE, suspendPolicy=EVENT_THREAD, predicates=[className=java.lang.Throwable]}
10:40:04.068 INFO: JdwpDebugServer: handling req: EventRequest(15).Set(1)
10:40:04.068 INFO: JdwpEventCenterDelegate: jdwpSetEventRequest: JdwpEventRequest{requestId=131, eventKind=CLASS_PREPARE, suspendPolicy=EVENT_THREAD, predicates=[className=java.lang.Throwable$*]}
10:40:04.069 INFO: JdwpDebugServer: handling req: VirtualMachine(1).ClassesBySignature(2)
10:40:04.069 INFO: JdwpDebugServer: handling req: EventRequest(15).Set(1)
10:40:04.069 INFO: JdwpEventCenterDelegate: jdwpSetEventRequest: JdwpEventRequest{requestId=132, eventKind=EXCEPTION, suspendPolicy=EVENT_THREAD, predicates=[exceptionType=7695(caught=false, uncaught=true)]}
10:40:04.072 INFO: JdwpDebugServer: handling req: ThreadReference(11).SuspendCount(12)
10:40:04.072 INFO: JdwpDebugServer: handling req: ThreadReference(11).SuspendCount(12)
10:40:04.072 INFO: JdwpDebugServer: handling req: ThreadReference(11).SuspendCount(12)
10:40:04.072 INFO: JdwpDebugServer: handling req: ThreadReference(11).SuspendCount(12)
10:40:04.072 INFO: JdwpDebugServer: handling req: VirtualMachine(1).AllThreads(4)
10:40:04.073 INFO: JdwpDebugServer: handling req: VirtualMachine(1).Resume(9)
10:40:04.126 INFO: JdwpEventCenterDelegate: THREAD_RESUMED: thread (33, main, main)
10:40:04.127 INFO: JdwpEventCenterDelegate: THREAD_RESUMED: thread (33, main, main)
10:40:04.128 INFO: JdwpEventCenterDelegate: THREAD_RESUMED: thread (33, main, main)
10:40:04.128 INFO: JdwpEventCenterDelegate: THREAD_RESUMED: thread (33, main, main)
10:40:04.129 INFO: JdwpEventCenterDelegate: THREAD_RESUMED: thread (33, main, main)
10:40:04.130 INFO: JdwpEventCenterDelegate: THREAD_RESUMED: thread (33, main, main)
10:40:04.130 INFO: JdwpEventCenterDelegate: THREAD_RESUMED: thread (33, main, main)
10:40:04.132 INFO: JdwpEventCenterDelegate: THREAD_RESUMED: thread (33, main, main)
10:40:04.133 INFO: JdwpEventCenterDelegate: THREAD_RESUMED: thread (33, main, main)
10:40:04.133 INFO: JdwpEventCenterDelegate: THREAD_RESUMED: thread (33, main, main)
10:40:04.134 INFO: JdwpEventCenterDelegate: THREAD_RESUMED: thread (33, main, main)
10:40:04.140 INFO: JdwpEventCenterDelegate: THREAD_RESUMED: thread (33, main, main)
10:40:04.140 INFO: JdwpEventCenterDelegate: THREAD_RESUMED: thread (33, main, main)
10:40:04.140 INFO: JdwpEventCenterDelegate: THREAD_RESUMED: thread (33, main, main)
10:40:04.211 INFO: JdwpEventCenterDelegate: THREAD_RESUMED: thread (33, main, main)
10:40:04.212 INFO: JdwpEventCenterDelegate: THREAD_RESUMED: thread (33, main, main)
10:40:04.212 INFO: JdwpEventCenterDelegate: THREAD_RESUMED: thread (33, main, main)
10:40:04.220 INFO: JdwpEventCenterDelegate: THREAD_RESUMED: thread (33, main, main)
10:40:04.221 INFO: JdwpEventCenterDelegate: THREAD_RESUMED: thread (33, main, main)
10:40:04.221 INFO: JdwpEventCenterDelegate: THREAD_RESUMED: thread (33, main, main)
10:40:04.486 INFO: JdwpEventCenterDelegate: THREAD_RESUMED: thread (33, main, main)
10:40:04.486 INFO: JdwpEventCenterDelegate: THREAD_RESUMED: thread (33, main, main)
10:40:04.487 INFO: JdwpEventCenterDelegate: THREAD_RESUMED: thread (33, main, main)
10:40:04.545 INFO: JdwpEventCenterDelegate: THREAD_RESUMED: thread (33, main, main)
10:40:04.545 INFO: JdwpEventCenterDelegate: THREAD_RESUMED: thread (33, main, main)
10:40:04.546 INFO: JdwpEventCenterDelegate: THREAD_RESUMED: thread (33, main, main)
10:40:04.570 INFO: JdwpDebugServer: handling req: ThreadReference(11).Name(1)
10:40:04.571 INFO: JdwpDebugServer: handling req: ThreadReference(11).Name(1)
10:40:04.572 INFO: JdwpDebugServer: handling req: ThreadReference(11).Name(1)
10:40:04.572 INFO: JdwpEventCenterDelegate: THREAD_RESUMED: thread (33, main, main)
10:40:04.572 INFO: JdwpDebugServer: handling req: ThreadReference(11).Name(1)
10:40:04.572 INFO: JdwpEventCenterDelegate: THREAD_RESUMED: thread (33, main, main)
10:40:04.573 INFO: JdwpEventCenterDelegate: THREAD_RESUMED: thread (33, main, main)
10:40:04.595 INFO: JdwpEventCenterDelegate: THREAD_RESUMED: thread (33, main, main)
10:40:04.596 INFO: JdwpEventCenterDelegate: THREAD_RESUMED: thread (33, main, main)
10:40:04.597 INFO: JdwpEventCenterDelegate: THREAD_RESUMED: thread (33, main, main)
10:40:04.598 INFO: JdwpEventCenterDelegate: THREAD_RESUMED: thread (33, main, main)
10:40:04.604 INFO: JdwpEventCenterDelegate: THREAD_RESUMED: thread (33, main, main)
10:40:04.604 INFO: JdwpEventCenterDelegate: THREAD_RESUMED: thread (33, main, main)
10:40:05.152 INFO: JdwpEventCenterDelegate: THREAD_RESUMED: thread (33, main, main)
10:40:05.153 INFO: JdwpEventCenterDelegate: THREAD_RESUMED: thread (33, main, main)
10:40:05.173 INFO: JdwpEventCenterDelegate: THREAD_RESUMED: thread (33, main, main)
10:40:05.173 INFO: JdwpEventCenterDelegate: THREAD_RESUMED: thread (33, main, main)
10:40:05.174 INFO: JdwpEventCenterDelegate: THREAD_RESUMED: thread (33, main, main)
10:40:05.175 INFO: JdwpEventCenterDelegate: THREAD_RESUMED: thread (33, main, main)
10:40:05.256 INFO: JdwpEventCenterDelegate: THREAD_RESUMED: thread (33, main, main)
10:40:05.636 INFO: JdwpDebugServer: handling req: EventRequest(15).Set(1)
10:40:05.636 INFO: JdwpEventCenterDelegate: jdwpSetEventRequest: JdwpEventRequest{requestId=133, eventKind=BREAKPOINT, suspendPolicy=EVENT_THREAD, predicates=[Location{classId=15500, methodId=1307, index=142} ]}
10:40:05.639 INFO: JdwpDebugServer: handling req: EventRequest(15).Set(1)
10:40:05.639 INFO: JdwpEventCenterDelegate: jdwpSetEventRequest: JdwpEventRequest{requestId=134, eventKind=BREAKPOINT, suspendPolicy=EVENT_THREAD, predicates=[Location{classId=15500, methodId=1307, index=141} ]}
10:40:05.642 INFO: JdwpDebugServer: handling req: ThreadReference(11).Resume(3)
10:40:05.643 INFO: JdwpEventCenterDelegate: THREAD_RESUMED: thread (33, main, main)
10:40:05.644 INFO: JdwpDebugServer: handling req: EventRequest(15).Set(1)
10:40:05.644 INFO: JdwpEventCenterDelegate: jdwpSetEventRequest: JdwpEventRequest{requestId=135, eventKind=BREAKPOINT, suspendPolicy=EVENT_THREAD, predicates=[Location{classId=21445, methodId=1762, index=128} ]}
10:40:05.656 INFO: JdwpDebugServer: handling req: ThreadReference(11).Resume(3)
10:40:05.656 INFO: JdwpEventCenterDelegate: THREAD_RESUMED: thread (33, main, main)
10:40:05.658 INFO: JdwpDebugServer: handling req: ThreadReference(11).Frames(6)
10:40:05.658 INFO: JdwpDebugServer: handling req: ReferenceType(2).MethodsWithGeneric(15)
10:40:05.659 INFO: JdwpDebugServer: handling req: ReferenceType(2).MethodsWithGeneric(15)
10:40:05.659 INFO: JdwpDebugServer: handling req: ReferenceType(2).MethodsWithGeneric(15)
10:40:05.659 INFO: JdwpDebugServer: handling req: ReferenceType(2).MethodsWithGeneric(15)
10:40:05.660 INFO: JdwpDebugServer: handling req: ReferenceType(2).MethodsWithGeneric(15)
10:40:05.660 INFO: JdwpDebugServer: handling req: ReferenceType(2).MethodsWithGeneric(15)
10:40:05.662 INFO: JdwpDebugServer: handling req: ThreadReference(11).FramesCount(7)
10:40:05.662 INFO: JdwpDebugServer: handling req: ThreadReference(11).FramesCount(7)
10:40:05.946 INFO: JdwpDebugServer: handling req: ThreadReference(11).Name(1)
10:40:05.946 INFO: JdwpDebugServer: handling req: ReferenceType(2).SignatureWithGeneric(13)
10:40:05.947 INFO: JdwpDebugServer: handling req: ThreadReference(11).Name(1)
10:40:05.947 INFO: JdwpDebugServer: handling req: ThreadReference(11).Name(1)
10:40:05.947 INFO: JdwpDebugServer: handling req: ThreadReference(11).Name(1)
10:40:05.947 INFO: JdwpDebugServer: handling req: ThreadReference(11).Name(1)
10:40:05.998 INFO: JdwpDebugServer: handling req: ReferenceType(2).SourceFile(7)
10:40:06.010 INFO: JdwpDebugServer: handling req: ReferenceType(2).FieldsWithGeneric(14)
10:40:06.010 INFO: JdwpDebugServer: handling req: ReferenceType(2).Interfaces(10)
10:40:06.011 INFO: JdwpDebugServer: handling req: ClassType(3).Superclass(1)
10:40:06.011 INFO: JdwpDebugServer: handling req: ClassType(3).Superclass(1)
10:40:06.011 INFO: JdwpDebugServer: handling req: Method(6).VariableTableWithGenerics(5)
10:40:06.050 INFO: JdwpDebugServer: handling req: StackFrame(16).GetValues(1)
10:40:06.051 INFO: JdwpDebugServer: handling req: StackFrame(16).GetValues(1)
10:40:06.052 INFO: JdwpDebugServer: handling req: ObjectReference(9).ReferenceType(1)
10:40:06.052 INFO: JdwpDebugServer: handling req: ClassType(3).Superclass(1)
10:40:06.052 INFO: JdwpDebugServer: handling req: ClassType(3).Superclass(1)
10:40:06.052 INFO: JdwpDebugServer: handling req: ReferenceType(2).Interfaces(10)
10:40:06.053 INFO: JdwpDebugServer: handling req: ReferenceType(2).Interfaces(10)
10:40:06.053 INFO: JdwpDebugServer: handling req: ReferenceType(2).Interfaces(10)
10:40:06.053 INFO: JdwpDebugServer: handling req: ReferenceType(2).Interfaces(10)
10:40:06.053 INFO: JdwpDebugServer: handling req: ClassType(3).Superclass(1)
10:40:06.053 INFO: JdwpDebugServer: handling req: StackFrame(16).GetValues(1)
10:40:06.053 INFO: JdwpDebugServer: handling req: StackFrame(16).GetValues(1)
10:40:06.053 INFO: JdwpDebugServer: handling req: ClassType(3).Superclass(1)
10:40:06.054 INFO: JdwpDebugServer: handling req: StringReference(10).Value(1)
10:40:06.054 INFO: JdwpDebugServer: handling req: StackFrame(16).GetValues(1)
10:40:06.054 INFO: JdwpDebugServer: handling req: StackFrame(16).GetValues(1)
10:40:06.055 INFO: JdwpDebugServer: handling req: StringReference(10).Value(1)
10:40:06.056 INFO: JdwpDebugServer: handling req: StackFrame(16).GetValues(1)
10:40:06.056 INFO: JdwpDebugServer: handling req: StackFrame(16).GetValues(1)
10:40:06.056 INFO: JdwpDebugServer: handling req: StackFrame(16).GetValues(1)
10:40:06.057 INFO: JdwpDebugServer: handling req: StackFrame(16).GetValues(1)
10:40:06.057 INFO: JdwpDebugServer: handling req: ObjectReference(9).ReferenceType(1)
10:40:06.057 INFO: JdwpDebugServer: handling req: ClassType(3).Superclass(1)
10:40:06.057 INFO: JdwpDebugServer: handling req: StackFrame(16).GetValues(1)
10:40:06.057 INFO: JdwpDebugServer: handling req: StackFrame(16).GetValues(1)
10:40:06.058 INFO: JdwpDebugServer: handling req: StackFrame(16).GetValues(1)
10:40:06.058 INFO: JdwpDebugServer: handling req: StringReference(10).Value(1)
10:40:06.059 INFO: JdwpDebugServer: handling req: StackFrame(16).GetValues(1)
10:40:06.059 INFO: JdwpDebugServer: handling req: StackFrame(16).GetValues(1)
10:40:06.060 INFO: JdwpDebugServer: handling req: StackFrame(16).GetValues(1)
10:40:06.061 INFO: JdwpDebugServer: handling req: ReferenceType(2).FieldsWithGeneric(14)
10:40:06.061 INFO: JdwpDebugServer: handling req: ReferenceType(2).FieldsWithGeneric(14)
10:40:06.061 INFO: JdwpDebugServer: handling req: ReferenceType(2).FieldsWithGeneric(14)
10:40:06.061 INFO: JdwpDebugServer: handling req: ReferenceType(2).FieldsWithGeneric(14)
10:40:06.061 INFO: JdwpDebugServer: handling req: StackFrame(16).GetValues(1)
10:40:06.084 INFO: JdwpDebugServer: handling req: StackFrame(16).GetValues(1)
10:40:06.084 INFO: JdwpDebugServer: handling req: ClassType(3).Superclass(1)
10:40:06.084 INFO: JdwpDebugServer: handling req: StringReference(10).Value(1)
10:40:06.092 INFO: JdwpDebugServer: handling req: ThreadReference(11).FramesCount(7)
10:40:06.093 INFO: JdwpDebugServer: handling req: ThreadReference(11).Name(1)
10:40:06.094 INFO: JdwpDebugServer: handling req: ThreadReference(11).Name(1)
10:40:06.094 INFO: JdwpDebugServer: handling req: ThreadReference(11).FramesCount(7)
10:40:06.094 INFO: JdwpDebugServer: handling req: ThreadReference(11).Name(1)
10:40:06.094 INFO: JdwpDebugServer: handling req: ThreadReference(11).Name(1)
10:40:06.096 INFO: JdwpDebugServer: handling req: StackFrame(16).ThisObject(3)
10:40:06.097 INFO: JdwpDebugServer: handling req: ObjectReference(9).ReferenceType(1)
10:40:06.097 INFO: JdwpDebugServer: handling req: Method(6).LineTable(1)
10:40:06.097 INFO: JdwpDebugServer: handling req: StackFrame(16).ThisObject(3)
10:40:06.098 INFO: JdwpDebugServer: handling req: ObjectReference(9).ReferenceType(1)
10:40:06.098 INFO: JdwpDebugServer: handling req: Method(6).LineTable(1)
10:40:06.098 INFO: JdwpDebugServer: handling req: StackFrame(16).ThisObject(3)
10:40:06.098 INFO: JdwpDebugServer: handling req: ObjectReference(9).ReferenceType(1)
10:40:06.099 INFO: JdwpDebugServer: handling req: Method(6).LineTable(1)
10:40:06.099 INFO: JdwpDebugServer: handling req: StackFrame(16).ThisObject(3)
10:40:06.099 INFO: JdwpDebugServer: handling req: ObjectReference(9).ReferenceType(1)
10:40:06.099 INFO: JdwpDebugServer: handling req: Method(6).LineTable(1)
10:40:06.100 INFO: JdwpDebugServer: handling req: StackFrame(16).ThisObject(3)
10:40:06.100 INFO: JdwpDebugServer: handling req: ObjectReference(9).ReferenceType(1)
10:40:06.101 INFO: JdwpDebugServer: handling req: Method(6).LineTable(1)
10:40:06.101 INFO: JdwpDebugServer: handling req: Method(6).LineTable(1)
10:40:06.101 INFO: JdwpDebugServer: handling req: Method(6).LineTable(1)
10:40:17.956 INFO: JdwpDebugServer: handling req: ThreadReference(11).Resume(3)
10:40:17.957 INFO: JdwpEventCenterDelegate: THREAD_RESUMED: thread (33, main, main)
10:40:17.959 INFO: JdwpDebugServer: handling req: EventRequest(15).Set(1)
10:40:17.959 INFO: JdwpEventCenterDelegate: jdwpSetEventRequest: JdwpEventRequest{requestId=136, eventKind=BREAKPOINT, suspendPolicy=EVENT_THREAD, predicates=[Location{classId=20400, methodId=1787, index=106} ]}
10:40:17.967 INFO: JdwpDebugServer: handling req: ThreadReference(11).Resume(3)
10:40:17.967 INFO: JdwpEventCenterDelegate: THREAD_RESUMED: thread (33, main, main)
10:40:17.987 INFO: JdwpDebugServer: handling req: ThreadReference(11).Frames(6)
10:40:17.987 INFO: JdwpDebugServer: handling req: ThreadReference(11).FramesCount(7)
10:40:17.988 INFO: JdwpDebugServer: handling req: ThreadReference(11).FramesCount(7)
10:40:18.011 INFO: JdwpDebugServer: handling req: ThreadReference(11).Name(1)
10:40:18.011 INFO: JdwpDebugServer: handling req: ThreadReference(11).Name(1)
10:40:18.012 INFO: JdwpDebugServer: handling req: ThreadReference(11).Name(1)
10:40:18.080 INFO: JdwpDebugServer: handling req: ThreadReference(11).Name(1)
10:40:18.082 INFO: JdwpDebugServer: handling req: ReferenceType(2).SignatureWithGeneric(13)
10:40:18.082 INFO: JdwpDebugServer: handling req: ThreadReference(11).Name(1)
10:40:18.083 INFO: JdwpDebugServer: handling req: ThreadReference(11).Name(1)
10:40:18.083 INFO: JdwpDebugServer: handling req: ThreadReference(11).Name(1)
10:40:18.083 INFO: JdwpDebugServer: handling req: ThreadReference(11).Name(1)
10:40:18.097 INFO: JdwpDebugServer: handling req: ReferenceType(2).FieldsWithGeneric(14)
10:40:18.097 INFO: JdwpDebugServer: handling req: ReferenceType(2).Interfaces(10)
10:40:18.097 INFO: JdwpDebugServer: handling req: ClassType(3).Superclass(1)
10:40:18.098 INFO: JdwpDebugServer: handling req: Method(6).VariableTableWithGenerics(5)
10:40:18.098 INFO: JdwpDebugServer: handling req: ThreadReference(11).FramesCount(7)
10:40:18.118 INFO: JdwpDebugServer: handling req: ThreadReference(11).Name(1)
10:40:18.127 INFO: JdwpDebugServer: handling req: ThreadReference(11).FramesCount(7)
10:40:18.127 INFO: JdwpDebugServer: handling req: StackFrame(16).GetValues(1)
10:40:18.128 INFO: JdwpDebugServer: handling req: ObjectReference(9).ReferenceType(1)
10:40:18.128 INFO: JdwpDebugServer: handling req: StackFrame(16).GetValues(1)
10:40:18.128 INFO: JdwpDebugServer: handling req: ObjectReference(9).ReferenceType(1)
10:40:18.128 INFO: JdwpDebugServer: handling req: StackFrame(16).GetValues(1)
10:40:18.129 INFO: JdwpDebugServer: handling req: StackFrame(16).GetValues(1)
10:40:18.129 INFO: JdwpDebugServer: handling req: StackFrame(16).GetValues(1)
10:40:18.130 INFO: JdwpDebugServer: handling req: ClassType(3).Superclass(1)
10:40:18.130 INFO: JdwpDebugServer: handling req: StackFrame(16).GetValues(1)
10:40:18.130 INFO: JdwpDebugServer: handling req: StackFrame(16).GetValues(1)
10:40:18.130 INFO: JdwpDebugServer: handling req: StackFrame(16).GetValues(1)
10:40:18.131 INFO: JdwpDebugServer: handling req: StackFrame(16).GetValues(1)
10:40:18.131 INFO: JdwpDebugServer: handling req: ObjectReference(9).ReferenceType(1)
10:40:18.131 INFO: JdwpDebugServer: handling req: StackFrame(16).GetValues(1)
10:40:18.131 INFO: JdwpDebugServer: handling req: ReferenceType(2).FieldsWithGeneric(14)
10:40:18.132 INFO: JdwpDebugServer: handling req: StackFrame(16).GetValues(1)
10:40:18.132 INFO: JdwpDebugServer: handling req: ReferenceType(2).Interfaces(10)
10:40:18.132 INFO: JdwpDebugServer: handling req: StackFrame(16).GetValues(1)
10:40:18.132 INFO: JdwpDebugServer: handling req: ReferenceType(2).FieldsWithGeneric(14)
10:40:18.132 INFO: JdwpDebugServer: handling req: StringReference(10).Value(1)
10:40:18.132 INFO: JdwpDebugServer: handling req: ReferenceType(2).Interfaces(10)
10:40:18.132 INFO: JdwpDebugServer: handling req: ClassType(3).Superclass(1)
10:40:18.132 INFO: JdwpDebugServer: handling req: StackFrame(16).GetValues(1)
10:40:18.133 INFO: JdwpDebugServer: handling req: StackFrame(16).GetValues(1)
10:40:18.133 INFO: JdwpDebugServer: handling req: StackFrame(16).GetValues(1)
10:40:18.133 INFO: JdwpDebugServer: handling req: ClassType(3).Superclass(1)
10:40:18.134 INFO: JdwpDebugServer: handling req: StackFrame(16).ThisObject(3)
10:40:18.134 INFO: JdwpDebugServer: handling req: ObjectReference(9).ReferenceType(1)
10:40:18.134 INFO: JdwpDebugServer: handling req: StackFrame(16).ThisObject(3)
10:40:18.134 INFO: JdwpDebugServer: handling req: ObjectReference(9).ReferenceType(1)
10:40:18.135 INFO: JdwpDebugServer: handling req: StackFrame(16).ThisObject(3)
10:40:18.135 INFO: JdwpDebugServer: handling req: ObjectReference(9).ReferenceType(1)
10:40:18.135 INFO: JdwpDebugServer: handling req: StackFrame(16).ThisObject(3)
10:40:18.135 INFO: JdwpDebugServer: handling req: ObjectReference(9).ReferenceType(1)
10:40:18.136 INFO: JdwpDebugServer: handling req: StackFrame(16).ThisObject(3)
10:40:18.136 INFO: JdwpDebugServer: handling req: ObjectReference(9).ReferenceType(1)
10:40:18.136 INFO: JdwpDebugServer: handling req: StackFrame(16).GetValues(1)
10:40:18.136 INFO: JdwpDebugServer: handling req: StackFrame(16).GetValues(1)
10:40:18.137 INFO: JdwpDebugServer: handling req: ClassType(3).Superclass(1)
10:40:18.137 INFO: JdwpDebugServer: handling req: StackFrame(16).GetValues(1)
10:40:18.137 INFO: JdwpDebugServer: handling req: StackFrame(16).GetValues(1)
10:40:18.137 INFO: JdwpDebugServer: handling req: StackFrame(16).GetValues(1)
10:40:18.138 INFO: JdwpDebugServer: handling req: StringReference(10).Value(1)
10:40:18.138 INFO: JdwpDebugServer: handling req: StackFrame(16).GetValues(1)
10:40:18.138 INFO: JdwpDebugServer: handling req: StackFrame(16).GetValues(1)
10:40:18.138 INFO: JdwpDebugServer: handling req: StackFrame(16).GetValues(1)
10:40:18.139 INFO: JdwpDebugServer: handling req: StackFrame(16).GetValues(1)
10:40:18.139 INFO: JdwpDebugServer: handling req: StackFrame(16).GetValues(1)
10:40:18.139 INFO: JdwpDebugServer: handling req: StackFrame(16).GetValues(1)
10:40:18.140 INFO: JdwpDebugServer: handling req: StackFrame(16).GetValues(1)
10:40:18.140 INFO: JdwpDebugServer: handling req: StackFrame(16).GetValues(1)
10:40:18.141 INFO: JdwpDebugServer: handling req: StackFrame(16).GetValues(1)
10:40:18.141 INFO: JdwpDebugServer: handling req: StackFrame(16).GetValues(1)
10:40:18.141 INFO: JdwpDebugServer: handling req: StackFrame(16).GetValues(1)
10:40:18.142 INFO: JdwpDebugServer: handling req: StackFrame(16).GetValues(1)
10:40:18.142 INFO: JdwpDebugServer: handling req: StackFrame(16).GetValues(1)
10:40:18.142 INFO: JdwpDebugServer: handling req: StackFrame(16).GetValues(1)
10:40:18.143 INFO: JdwpDebugServer: handling req: StackFrame(16).GetValues(1)
10:40:18.143 INFO: JdwpDebugServer: handling req: StackFrame(16).GetValues(1)
10:40:18.143 INFO: JdwpDebugServer: handling req: StackFrame(16).GetValues(1)
10:40:18.144 INFO: JdwpDebugServer: handling req: StackFrame(16).GetValues(1)
10:40:18.144 INFO: JdwpDebugServer: handling req: StackFrame(16).GetValues(1)
10:40:18.144 INFO: JdwpDebugServer: handling req: StackFrame(16).GetValues(1)
10:40:18.145 INFO: JdwpDebugServer: handling req: StackFrame(16).GetValues(1)
10:40:18.145 INFO: JdwpDebugServer: handling req: StackFrame(16).GetValues(1)
10:40:18.145 INFO: JdwpDebugServer: handling req: StackFrame(16).GetValues(1)
10:40:18.145 INFO: JdwpDebugServer: handling req: StackFrame(16).GetValues(1)
10:40:18.145 INFO: JdwpDebugServer: handling req: StackFrame(16).GetValues(1)
10:40:18.146 INFO: JdwpDebugServer: handling req: StackFrame(16).GetValues(1)
10:40:18.146 INFO: JdwpDebugServer: handling req: StackFrame(16).GetValues(1)
10:40:18.146 INFO: JdwpDebugServer: handling req: StackFrame(16).GetValues(1)
10:40:18.146 INFO: JdwpDebugServer: handling req: StackFrame(16).GetValues(1)
10:40:18.146 INFO: JdwpDebugServer: handling req: StackFrame(16).GetValues(1)
10:40:18.147 INFO: JdwpDebugServer: handling req: StackFrame(16).GetValues(1)
10:40:18.147 INFO: JdwpDebugServer: handling req: StackFrame(16).GetValues(1)
10:40:18.147 INFO: JdwpDebugServer: handling req: ClassType(3).Superclass(1)
10:40:18.147 INFO: JdwpDebugServer: handling req: StackFrame(16).GetValues(1)
10:40:18.147 INFO: JdwpDebugServer: handling req: StackFrame(16).GetValues(1)
10:40:18.147 INFO: JdwpDebugServer: handling req: StackFrame(16).GetValues(1)
10:40:18.148 INFO: JdwpDebugServer: handling req: StackFrame(16).GetValues(1)
10:40:18.148 INFO: JdwpDebugServer: handling req: StackFrame(16).GetValues(1)
10:40:18.150 INFO: JdwpDebugServer: handling req: ReferenceType(2).SourceFile(7)
10:40:18.151 INFO: JdwpDebugServer: handling req: StackFrame(16).GetValues(1)
10:40:18.151 INFO: JdwpDebugServer: handling req: ClassType(3).Superclass(1)
10:40:18.153 INFO: JdwpDebugServer: handling req: ObjectReference(9).GetValues(2)
10:40:18.153 INFO: JdwpDebugServer: handling req: ObjectReference(9).GetValues(2)
10:40:18.153 INFO: JdwpDebugServer: handling req: ObjectReference(9).GetValues(2)
10:40:18.154 INFO: JdwpDebugServer: handling req: ObjectReference(9).GetValues(2)
10:40:18.154 INFO: JdwpDebugServer: handling req: ObjectReference(9).GetValues(2)
10:40:18.154 INFO: JdwpDebugServer: handling req: ObjectReference(9).ReferenceType(1)
10:40:18.154 INFO: JdwpDebugServer: handling req: ObjectReference(9).GetValues(2)
10:40:18.154 INFO: JdwpDebugServer: handling req: ObjectReference(9).GetValues(2)
10:40:18.154 INFO: JdwpDebugServer: handling req: ClassType(3).Superclass(1)
10:40:18.154 INFO: JdwpDebugServer: handling req: ObjectReference(9).GetValues(2)
10:40:18.154 INFO: JdwpDebugServer: handling req: ObjectReference(9).ReferenceType(1)
10:40:18.154 INFO: JdwpDebugServer: handling req: StringReference(10).Value(1)
10:40:18.155 INFO: JdwpDebugServer: handling req: ObjectReference(9).GetValues(2)
10:40:18.155 INFO: JdwpDebugServer: handling req: ReferenceType(2).FieldsWithGeneric(14)
10:40:18.156 INFO: JdwpDebugServer: handling req: ObjectReference(9).GetValues(2)
10:40:18.156 INFO: JdwpDebugServer: handling req: ReferenceType(2).Interfaces(10)
10:40:18.156 INFO: JdwpDebugServer: handling req: ObjectReference(9).GetValues(2)
10:40:18.156 INFO: JdwpDebugServer: handling req: ReferenceType(2).FieldsWithGeneric(14)
10:40:18.156 INFO: JdwpDebugServer: handling req: ObjectReference(9).GetValues(2)
10:40:18.156 INFO: JdwpDebugServer: handling req: ReferenceType(2).Interfaces(10)
10:40:18.156 INFO: JdwpDebugServer: handling req: ClassType(3).Superclass(1)
10:40:18.156 INFO: JdwpDebugServer: handling req: ClassType(3).Superclass(1)
10:40:18.156 INFO: JdwpDebugServer: handling req: ClassType(3).Superclass(1)
10:40:18.156 INFO: JdwpDebugServer: handling req: ObjectReference(9).GetValues(2)
10:40:18.157 INFO: JdwpDebugServer: handling req: ObjectReference(9).GetValues(2)
10:40:18.157 INFO: JdwpDebugServer: handling req: ObjectReference(9).ReferenceType(1)
10:40:18.157 INFO: JdwpDebugServer: handling req: ObjectReference(9).GetValues(2)
10:40:18.157 INFO: JdwpDebugServer: handling req: ObjectReference(9).GetValues(2)
10:40:18.157 INFO: JdwpDebugServer: handling req: ObjectReference(9).GetValues(2)
10:40:18.157 INFO: JdwpDebugServer: handling req: ObjectReference(9).ReferenceType(1)
10:40:18.158 INFO: JdwpDebugServer: handling req: ObjectReference(9).GetValues(2)
10:40:18.158 INFO: JdwpDebugServer: handling req: ObjectReference(9).GetValues(2)
10:40:18.158 INFO: JdwpDebugServer: handling req: ObjectReference(9).GetValues(2)
10:40:18.158 INFO: JdwpDebugServer: handling req: ObjectReference(9).GetValues(2)
10:40:18.158 INFO: JdwpDebugServer: handling req: ObjectReference(9).ReferenceType(1)
10:40:18.158 INFO: JdwpDebugServer: handling req: ObjectReference(9).GetValues(2)
10:40:18.159 INFO: JdwpDebugServer: handling req: ObjectReference(9).GetValues(2)
10:40:18.159 INFO: JdwpDebugServer: handling req: ObjectReference(9).GetValues(2)
10:40:18.159 INFO: JdwpDebugServer: handling req: ObjectReference(9).GetValues(2)
10:40:18.159 INFO: JdwpDebugServer: handling req: ClassType(3).Superclass(1)
10:40:18.159 INFO: JdwpDebugServer: handling req: ObjectReference(9).GetValues(2)
10:40:18.159 INFO: JdwpDebugServer: handling req: ObjectReference(9).GetValues(2)
10:40:18.160 INFO: JdwpDebugServer: handling req: ObjectReference(9).ReferenceType(1)
10:40:18.160 INFO: JdwpDebugServer: handling req: ObjectReference(9).GetValues(2)
10:40:18.160 INFO: JdwpDebugServer: handling req: ObjectReference(9).GetValues(2)
10:40:18.160 INFO: JdwpDebugServer: handling req: ObjectReference(9).GetValues(2)
10:40:18.160 INFO: JdwpDebugServer: handling req: ObjectReference(9).ReferenceType(1)
10:40:18.160 INFO: JdwpDebugServer: handling req: ObjectReference(9).GetValues(2)
10:40:18.160 INFO: JdwpDebugServer: handling req: ReferenceType(2).FieldsWithGeneric(14)
10:40:18.160 INFO: JdwpDebugServer: handling req: ObjectReference(9).GetValues(2)
10:40:18.161 INFO: JdwpDebugServer: handling req: ReferenceType(2).Interfaces(10)
10:40:18.161 INFO: JdwpDebugServer: handling req: ObjectReference(9).GetValues(2)
10:40:18.161 INFO: JdwpDebugServer: handling req: ClassType(3).Superclass(1)
10:40:18.161 INFO: JdwpDebugServer: handling req: ObjectReference(9).GetValues(2)
10:40:18.161 INFO: JdwpDebugServer: handling req: ReferenceType(2).FieldsWithGeneric(14)
10:40:18.161 INFO: JdwpDebugServer: handling req: ClassType(3).Superclass(1)
10:40:18.161 INFO: JdwpDebugServer: handling req: ObjectReference(9).GetValues(2)
10:40:18.161 INFO: JdwpDebugServer: handling req: ReferenceType(2).Interfaces(10)
10:40:18.161 INFO: JdwpDebugServer: handling req: ObjectReference(9).GetValues(2)
10:40:18.162 INFO: JdwpDebugServer: handling req: ClassType(3).Superclass(1)
10:40:18.162 INFO: JdwpDebugServer: handling req: ObjectReference(9).GetValues(2)
10:40:18.162 INFO: JdwpDebugServer: handling req: ReferenceType(2).FieldsWithGeneric(14)
10:40:18.162 INFO: JdwpDebugServer: handling req: ObjectReference(9).GetValues(2)
10:40:18.162 INFO: JdwpDebugServer: handling req: ReferenceType(2).Interfaces(10)
10:40:18.162 INFO: JdwpDebugServer: handling req: ObjectReference(9).GetValues(2)
10:40:18.162 INFO: JdwpDebugServer: handling req: ClassType(3).Superclass(1)
10:40:18.162 INFO: JdwpDebugServer: handling req: ObjectReference(9).GetValues(2)
10:40:18.163 INFO: JdwpDebugServer: handling req: ObjectReference(9).GetValues(2)
10:40:18.163 INFO: JdwpDebugServer: handling req: ObjectReference(9).GetValues(2)
10:40:18.163 INFO: JdwpDebugServer: handling req: ObjectReference(9).ReferenceType(1)
10:40:18.163 INFO: JdwpDebugServer: handling req: ObjectReference(9).GetValues(2)
10:40:18.164 INFO: JdwpDebugServer: handling req: ReferenceType(2).FieldsWithGeneric(14)
10:40:18.167 INFO: JdwpDebugServer: handling req: ObjectReference(9).GetValues(2)
10:40:18.167 INFO: JdwpDebugServer: handling req: ReferenceType(2).Interfaces(10)
10:40:18.167 INFO: JdwpDebugServer: handling req: ObjectReference(9).GetValues(2)
10:40:18.168 INFO: JdwpDebugServer: handling req: ClassType(3).Superclass(1)
10:40:18.168 INFO: JdwpDebugServer: handling req: ObjectReference(9).GetValues(2)
10:40:18.168 INFO: JdwpDebugServer: handling req: ReferenceType(2).FieldsWithGeneric(14)
10:40:18.168 INFO: JdwpDebugServer: handling req: ObjectReference(9).GetValues(2)
10:40:18.169 INFO: JdwpDebugServer: handling req: ReferenceType(2).Interfaces(10)
10:40:18.169 INFO: JdwpDebugServer: handling req: ObjectReference(9).GetValues(2)
10:40:18.169 INFO: JdwpDebugServer: handling req: ClassType(3).Superclass(1)
10:40:18.169 INFO: JdwpDebugServer: handling req: ObjectReference(9).GetValues(2)
10:40:18.169 INFO: JdwpDebugServer: handling req: ObjectReference(9).GetValues(2)
10:40:18.169 INFO: JdwpDebugServer: handling req: ClassType(3).Superclass(1)
10:40:18.169 INFO: JdwpDebugServer: handling req: ObjectReference(9).GetValues(2)
10:40:18.169 INFO: JdwpDebugServer: handling req: ObjectReference(9).GetValues(2)
10:40:18.170 INFO: JdwpDebugServer: handling req: ObjectReference(9).GetValues(2)
10:40:18.170 INFO: JdwpDebugServer: handling req: ObjectReference(9).GetValues(2)
10:40:18.170 INFO: JdwpDebugServer: handling req: ObjectReference(9).ReferenceType(1)
10:40:18.170 INFO: JdwpDebugServer: handling req: ObjectReference(9).GetValues(2)
10:40:18.170 INFO: JdwpDebugServer: handling req: ObjectReference(9).GetValues(2)
10:40:18.170 INFO: JdwpDebugServer: handling req: StringReference(10).Value(1)
10:40:18.171 INFO: JdwpDebugServer: handling req: ObjectReference(9).GetValues(2)
10:40:18.172 INFO: JdwpDebugServer: handling req: ObjectReference(9).GetValues(2)
10:40:18.172 INFO: JdwpDebugServer: handling req: ObjectReference(9).ReferenceType(1)
10:40:18.172 INFO: JdwpDebugServer: handling req: ObjectReference(9).GetValues(2)
10:40:18.172 INFO: JdwpDebugServer: handling req: ObjectReference(9).GetValues(2)
10:40:18.172 INFO: JdwpDebugServer: handling req: ObjectReference(9).GetValues(2)
10:40:18.172 INFO: JdwpDebugServer: handling req: ObjectReference(9).ReferenceType(1)
10:40:18.172 INFO: JdwpDebugServer: handling req: ObjectReference(9).GetValues(2)
10:40:18.173 INFO: JdwpDebugServer: handling req: ObjectReference(9).GetValues(2)
10:40:18.173 INFO: JdwpDebugServer: handling req: ObjectReference(9).GetValues(2)
10:40:18.173 INFO: JdwpDebugServer: handling req: ObjectReference(9).ReferenceType(1)
10:40:18.173 INFO: JdwpDebugServer: handling req: ObjectReference(9).GetValues(2)
10:40:18.173 INFO: JdwpDebugServer: handling req: ObjectReference(9).GetValues(2)
10:40:18.174 INFO: JdwpDebugServer: handling req: ObjectReference(9).GetValues(2)
10:40:18.174 INFO: JdwpDebugServer: handling req: ObjectReference(9).GetValues(2)
10:40:18.174 INFO: JdwpDebugServer: handling req: ObjectReference(9).GetValues(2)
10:40:18.174 INFO: JdwpDebugServer: handling req: ObjectReference(9).GetValues(2)
10:40:18.175 INFO: JdwpDebugServer: handling req: ObjectReference(9).GetValues(2)
10:40:18.175 INFO: JdwpDebugServer: handling req: ClassType(3).Superclass(1)
10:40:18.175 INFO: JdwpDebugServer: handling req: ObjectReference(9).GetValues(2)
10:40:18.175 INFO: JdwpDebugServer: handling req: StringReference(10).Value(1)
10:40:18.175 INFO: JdwpDebugServer: handling req: ObjectReference(9).GetValues(2)
10:40:18.176 INFO: JdwpDebugServer: handling req: ObjectReference(9).GetValues(2)
10:40:18.176 INFO: JdwpDebugServer: handling req: ObjectReference(9).GetValues(2)
10:40:18.176 INFO: JdwpDebugServer: handling req: ObjectReference(9).GetValues(2)
10:40:18.177 INFO: JdwpDebugServer: handling req: ObjectReference(9).GetValues(2)
10:40:18.177 INFO: JdwpDebugServer: handling req: ObjectReference(9).GetValues(2)
10:40:18.178 INFO: JdwpDebugServer: handling req: ObjectReference(9).GetValues(2)
10:40:18.178 INFO: JdwpDebugServer: handling req: ObjectReference(9).GetValues(2)
10:40:18.178 INFO: JdwpDebugServer: handling req: ClassType(3).Superclass(1)
10:40:18.178 INFO: JdwpDebugServer: handling req: ObjectReference(9).GetValues(2)
10:40:18.178 INFO: JdwpDebugServer: handling req: ObjectReference(9).GetValues(2)
10:40:18.179 INFO: JdwpDebugServer: handling req: ObjectReference(9).GetValues(2)
10:40:18.179 INFO: JdwpDebugServer: handling req: StringReference(10).Value(1)
10:40:18.180 INFO: JdwpDebugServer: handling req: ObjectReference(9).GetValues(2)
10:40:18.180 INFO: JdwpDebugServer: handling req: ObjectReference(9).GetValues(2)
10:40:18.181 INFO: JdwpDebugServer: handling req: ObjectReference(9).GetValues(2)
10:40:18.181 INFO: JdwpDebugServer: handling req: ObjectReference(9).GetValues(2)
10:40:18.181 INFO: JdwpDebugServer: handling req: ClassType(3).Superclass(1)
10:40:18.181 INFO: JdwpDebugServer: handling req: ObjectReference(9).GetValues(2)
10:40:18.182 INFO: JdwpDebugServer: handling req: ObjectReference(9).GetValues(2)
10:40:18.182 INFO: JdwpDebugServer: handling req: ObjectReference(9).GetValues(2)
10:40:18.183 INFO: JdwpDebugServer: handling req: ObjectReference(9).GetValues(2)
10:40:18.183 INFO: JdwpDebugServer: handling req: ObjectReference(9).GetValues(2)
10:40:18.185 INFO: JdwpDebugServer: handling req: ObjectReference(9).GetValues(2)
10:40:18.185 INFO: JdwpDebugServer: handling req: ObjectReference(9).GetValues(2)
10:40:18.186 INFO: JdwpDebugServer: handling req: ClassType(3).Superclass(1)
10:40:18.186 INFO: JdwpDebugServer: handling req: ObjectReference(9).GetValues(2)
10:40:18.186 INFO: JdwpDebugServer: handling req: ObjectReference(9).GetValues(2)
10:40:18.186 INFO: JdwpDebugServer: handling req: ObjectReference(9).GetValues(2)
10:40:18.187 INFO: JdwpDebugServer: handling req: ObjectReference(9).GetValues(2)
10:40:18.187 INFO: JdwpDebugServer: handling req: ObjectReference(9).GetValues(2)
10:40:18.187 INFO: JdwpDebugServer: handling req: ObjectReference(9).GetValues(2)
10:40:18.187 INFO: JdwpDebugServer: handling req: ObjectReference(9).GetValues(2)
10:40:18.188 INFO: JdwpDebugServer: handling req: ObjectReference(9).GetValues(2)
10:40:18.188 INFO: JdwpDebugServer: handling req: ObjectReference(9).GetValues(2)
10:40:18.188 INFO: JdwpDebugServer: handling req: ObjectReference(9).GetValues(2)
10:40:18.189 INFO: JdwpDebugServer: handling req: ObjectReference(9).GetValues(2)
10:40:18.189 INFO: JdwpDebugServer: handling req: ObjectReference(9).GetValues(2)
10:40:18.189 INFO: JdwpDebugServer: handling req: ObjectReference(9).GetValues(2)
10:40:18.190 INFO: JdwpDebugServer: handling req: ObjectReference(9).GetValues(2)
10:40:18.190 INFO: JdwpDebugServer: handling req: ObjectReference(9).GetValues(2)
10:40:18.190 INFO: JdwpDebugServer: handling req: ObjectReference(9).GetValues(2)
10:40:18.191 INFO: JdwpDebugServer: handling req: ObjectReference(9).GetValues(2)
10:40:18.191 INFO: JdwpDebugServer: handling req: ObjectReference(9).GetValues(2)
10:40:18.191 INFO: JdwpDebugServer: handling req: ObjectReference(9).GetValues(2)
10:40:18.191 INFO: JdwpDebugServer: handling req: ObjectReference(9).GetValues(2)
10:40:18.192 INFO: JdwpDebugServer: handling req: ObjectReference(9).GetValues(2)
10:40:18.192 INFO: JdwpDebugServer: handling req: ClassType(3).Superclass(1)
10:40:18.192 INFO: JdwpDebugServer: handling req: ObjectReference(9).GetValues(2)
10:40:18.192 INFO: JdwpDebugServer: handling req: ObjectReference(9).GetValues(2)
10:40:18.192 INFO: JdwpDebugServer: handling req: ObjectReference(9).GetValues(2)
10:40:18.192 INFO: JdwpDebugServer: handling req: ObjectReference(9).GetValues(2)
10:40:18.193 INFO: JdwpDebugServer: handling req: ObjectReference(9).GetValues(2)
10:40:18.193 INFO: JdwpDebugServer: handling req: ObjectReference(9).GetValues(2)
10:40:18.193 INFO: JdwpDebugServer: handling req: ObjectReference(9).GetValues(2)
10:40:18.193 INFO: JdwpDebugServer: handling req: ObjectReference(9).GetValues(2)
10:40:18.193 INFO: JdwpDebugServer: handling req: ObjectReference(9).GetValues(2)
10:40:18.193 INFO: JdwpDebugServer: handling req: ObjectReference(9).GetValues(2)
10:40:18.193 INFO: JdwpDebugServer: handling req: ObjectReference(9).GetValues(2)
10:40:18.194 INFO: JdwpDebugServer: handling req: ObjectReference(9).GetValues(2)
10:40:18.194 INFO: JdwpDebugServer: handling req: ObjectReference(9).GetValues(2)
10:40:18.194 INFO: JdwpDebugServer: handling req: ObjectReference(9).GetValues(2)
10:40:18.194 INFO: JdwpDebugServer: handling req: ClassType(3).Superclass(1)
10:40:18.194 INFO: JdwpDebugServer: handling req: ObjectReference(9).GetValues(2)
10:40:18.194 INFO: JdwpDebugServer: handling req: ObjectReference(9).GetValues(2)
10:40:18.194 INFO: JdwpDebugServer: handling req: ObjectReference(9).GetValues(2)
10:40:18.195 INFO: JdwpDebugServer: handling req: ObjectReference(9).GetValues(2)
10:40:18.195 INFO: JdwpDebugServer: handling req: ObjectReference(9).GetValues(2)
10:40:18.195 INFO: JdwpDebugServer: handling req: ObjectReference(9).GetValues(2)
10:40:18.195 INFO: JdwpDebugServer: handling req: ObjectReference(9).GetValues(2)
10:40:18.195 INFO: JdwpDebugServer: handling req: ClassType(3).Superclass(1)
10:40:18.195 INFO: JdwpDebugServer: handling req: ObjectReference(9).GetValues(2)
10:40:18.195 INFO: JdwpDebugServer: handling req: ObjectReference(9).GetValues(2)
10:40:18.195 INFO: JdwpDebugServer: handling req: ObjectReference(9).GetValues(2)
10:40:18.196 INFO: JdwpDebugServer: handling req: ObjectReference(9).GetValues(2)
10:40:18.196 INFO: JdwpDebugServer: handling req: ObjectReference(9).GetValues(2)
10:40:18.196 INFO: JdwpDebugServer: handling req: ObjectReference(9).GetValues(2)
10:40:18.196 INFO: JdwpDebugServer: handling req: ObjectReference(9).GetValues(2)
10:40:18.196 INFO: JdwpDebugServer: handling req: ClassType(3).Superclass(1)
10:40:18.196 INFO: JdwpDebugServer: handling req: ObjectReference(9).GetValues(2)
10:40:18.196 INFO: JdwpDebugServer: handling req: ObjectReference(9).GetValues(2)
10:40:18.197 INFO: JdwpDebugServer: handling req: ObjectReference(9).GetValues(2)
10:40:18.197 INFO: JdwpDebugServer: handling req: ObjectReference(9).GetValues(2)
10:40:18.197 INFO: JdwpDebugServer: handling req: ObjectReference(9).GetValues(2)
10:40:18.197 INFO: JdwpDebugServer: handling req: ObjectReference(9).GetValues(2)
10:40:18.198 INFO: JdwpDebugServer: handling req: ObjectReference(9).GetValues(2)
10:40:18.198 INFO: JdwpDebugServer: handling req: ObjectReference(9).GetValues(2)
10:40:18.198 INFO: JdwpDebugServer: handling req: ObjectReference(9).GetValues(2)
10:40:18.199 INFO: JdwpDebugServer: handling req: ObjectReference(9).GetValues(2)
10:40:18.199 INFO: JdwpDebugServer: handling req: ObjectReference(9).GetValues(2)
10:40:18.199 INFO: JdwpDebugServer: handling req: ObjectReference(9).GetValues(2)
10:40:18.200 INFO: JdwpDebugServer: handling req: ObjectReference(9).GetValues(2)
10:40:18.200 INFO: JdwpDebugServer: handling req: ObjectReference(9).GetValues(2)
10:40:18.200 INFO: JdwpDebugServer: handling req: ClassType(3).Superclass(1)
10:40:18.200 INFO: JdwpDebugServer: handling req: ObjectReference(9).GetValues(2)
10:40:18.200 INFO: JdwpDebugServer: handling req: ObjectReference(9).GetValues(2)
10:40:18.200 INFO: JdwpDebugServer: handling req: ObjectReference(9).GetValues(2)
10:40:18.200 INFO: JdwpDebugServer: handling req: StringReference(10).Value(1)
10:40:18.200 INFO: JdwpDebugServer: handling req: ObjectReference(9).GetValues(2)
10:40:18.201 INFO: JdwpDebugServer: handling req: ObjectReference(9).GetValues(2)
10:40:21.803 INFO: JdwpDebugServer: handling req: ObjectReference(9).GetValues(2)
10:40:21.910 INFO: JdwpDebugServer: handling req: StringReference(10).Value(1)
10:40:21.912 INFO: JdwpDebugServer: handling req: ObjectReference(9).GetValues(2)
10:40:21.913 INFO: JdwpDebugServer: handling req: ReferenceType(2).SourceFile(7)
10:40:21.913 INFO: JdwpDebugServer: handling req: ObjectReference(9).GetValues(2)
10:40:21.913 INFO: JdwpDebugServer: handling req: ObjectReference(9).GetValues(2)
10:40:21.915 INFO: JdwpDebugServer: handling req: ReferenceType(2).SourceFile(7)
10:40:21.948 INFO: JdwpDebugServer: handling req: ObjectReference(9).GetValues(2)
10:40:21.949 INFO: JdwpDebugServer: handling req: ClassType(3).Superclass(1)
10:40:21.949 INFO: JdwpDebugServer: handling req: StringReference(10).Value(1)
10:40:23.496 INFO: JdwpDebugServer: handling req: ObjectReference(9).GetValues(2)
10:40:28.065 INFO: JdwpDebugServer: handling req: StringReference(10).Value(1)
10:40:32.601 INFO: JdwpDebugServer: handling req: ObjectReference(9).GetValues(2)
10:40:32.616 INFO: JdwpDebugServer: handling req: StringReference(10).Value(1)
10:40:33.872 INFO: JdwpDebugServer: handling req: ThreadReference(11).Resume(3)
10:40:33.873 INFO: JdwpEventCenterDelegate: THREAD_RESUMED: thread (33, main, main)
10:40:33.877 INFO: JdwpDebugServer: handling req: ReferenceType(2).MethodsWithGeneric(15)
10:40:33.878 INFO: JdwpDebugServer: handling req: Method(6).LineTable(1)
10:40:33.878 INFO: JdwpDebugServer: handling req: Method(6).LineTable(1)
10:40:33.879 INFO: JdwpDebugServer: handling req: Method(6).LineTable(1)
10:40:33.879 INFO: JdwpDebugServer: handling req: ThreadReference(11).Resume(3)
10:40:33.879 INFO: JdwpEventCenterDelegate: THREAD_RESUMED: thread (33, main, main)
10:40:33.882 INFO: JdwpEventCenterDelegate: THREAD_RESUMED: thread (33, main, main)
10:40:33.900 INFO: JdwpDebugServer: handling req: ThreadReference(11).Name(1)
10:40:33.900 INFO: JdwpDebugServer: handling req: ThreadReference(11).Name(1)
10:40:33.901 INFO: JdwpDebugServer: handling req: ThreadReference(11).Name(1)
10:40:33.937 SEVERE: Debugger: Thread HooksChannel socket thread crashed
org.robovm.debugger.DebuggerException: java.nio.BufferUnderflowException
	at org.robovm.debugger.hooks.HooksChannel.doSocketWork(HooksChannel.java:149)
	at java.base/java.lang.Thread.run(Thread.java:833)
	at org.robovm.debugger.utils.DebuggerThread.run(DebuggerThread.java:42)
Caused by: java.nio.BufferUnderflowException
	at org.robovm.debugger.utils.bytebuffer.DataBufferWriter.writeFromStream(DataBufferWriter.java:91)
	at org.robovm.debugger.hooks.HooksChannel.doSocketWork(HooksChannel.java:116)
	... 2 more
10:40:34.027 INFO: JdwpDebugServer: handling req: ThreadReference(11).Name(1)
