12:47:49.694 INFO: JdwpDebugServer: handling req: VirtualMachine(1).IDSizes(7)
12:47:49.700 INFO: JdwpDebugServer: handling req: EventRequest(15).Set(1)
12:47:49.700 INFO: JdwpEventCenterDelegate: jdwpSetEventRequest: JdwpEventRequest{requestId=100, eventKind=CLASS_UNLOAD, suspendPolicy=NONE, predicates=[]}
12:47:49.701 INFO: JdwpDebugServer: handling req: EventRequest(15).Set(1)
12:47:49.701 INFO: JdwpEventCenterDelegate: jdwpSetEventRequest: JdwpEventRequest{requestId=101, eventKind=THREAD_START, suspendPolicy=NONE, predicates=[]}
12:47:49.701 INFO: JdwpDebugServer: handling req: VirtualMachine(1).ClassesBySignature(2)
12:47:49.704 INFO: JdwpDebugServer: handling req: VirtualMachine(1).Version(1)
12:47:49.707 INFO: JdwpDebugServer: handling req: ReferenceType(2).MethodsWithGeneric(15)
12:47:49.714 INFO: JdwpDebugServer: handling req: Method(6).LineTable(1)
12:47:49.715 INFO: JdwpDebugServer: handling req: EventRequest(15).Set(1)
12:47:49.724 INFO: JdwpEventCenterDelegate: THREAD_STARTED: thread (33, main, main)
12:47:49.724 INFO: JdwpEventCenterDelegate: jdwpSetEventRequest: JdwpEventRequest{requestId=102, eventKind=BREAKPOINT, suspendPolicy=NONE, predicates=[Location{classId=845, methodId=257, index=928} ]}
12:47:49.725 INFO: JdwpDebugServer: handling req: EventRequest(15).Set(1)
12:47:49.725 INFO: JdwpEventCenterDelegate: jdwpSetEventRequest: JdwpEventRequest{requestId=103, eventKind=THREAD_DEATH, suspendPolicy=NONE, predicates=[]}
12:47:49.725 INFO: JdwpDebugServer: handling req: VirtualMachine(1).AllThreads(4)
12:47:49.725 INFO: JdwpDebugServer: handling req: ThreadReference(11).ThreadGroup(5)
12:47:49.726 INFO: JdwpDebugServer: handling req: ThreadGroup(12).Name(1)
12:47:49.726 INFO: JdwpDebugServer: handling req: ThreadGroup(12).Parent(2)
12:47:49.726 INFO: JdwpDebugServer: handling req: ObjectReference(9).ReferenceType(1)
12:47:49.726 INFO: JdwpDebugServer: handling req: ReferenceType(2).FieldsWithGeneric(14)
12:47:49.726 INFO: JdwpDebugServer: handling req: ReferenceType(2).Interfaces(10)
12:47:49.727 INFO: JdwpDebugServer: handling req: ReferenceType(2).FieldsWithGeneric(14)
12:47:49.727 INFO: JdwpDebugServer: handling req: ReferenceType(2).Interfaces(10)
12:47:49.727 INFO: JdwpDebugServer: handling req: ClassType(3).Superclass(1)
12:47:49.727 INFO: JdwpDebugServer: handling req: ReferenceType(2).FieldsWithGeneric(14)
12:47:49.728 INFO: JdwpDebugServer: handling req: ReferenceType(2).Interfaces(10)
12:47:49.728 INFO: JdwpDebugServer: handling req: ClassType(3).Superclass(1)
12:47:49.728 INFO: JdwpDebugServer: handling req: ObjectReference(9).GetValues(2)
12:47:49.729 INFO: JdwpDebugServer: handling req: ThreadReference(11).Status(4)
12:47:49.729 INFO: JdwpDebugServer: handling req: ThreadReference(11).Status(4)
12:47:49.732 INFO: JdwpDebugServer: handling req: EventRequest(15).Set(1)
12:47:49.732 INFO: JdwpEventCenterDelegate: jdwpSetEventRequest: JdwpEventRequest{requestId=104, eventKind=CLASS_PREPARE, suspendPolicy=EVENT_THREAD, predicates=[className=java.lang.Throwable]}
12:47:49.737 INFO: JdwpDebugServer: handling req: EventRequest(15).Set(1)
12:47:49.737 INFO: JdwpEventCenterDelegate: jdwpSetEventRequest: JdwpEventRequest{requestId=105, eventKind=CLASS_PREPARE, suspendPolicy=EVENT_THREAD, predicates=[className=java.lang.Throwable$*]}
12:47:49.739 INFO: JdwpDebugServer: handling req: VirtualMachine(1).ClassesBySignature(2)
12:47:49.739 INFO: JdwpDebugServer: handling req: ReferenceType(2).MethodsWithGeneric(15)
12:47:49.739 INFO: JdwpDebugServer: handling req: Method(6).LineTable(1)
12:47:49.740 INFO: JdwpDebugServer: handling req: Method(6).LineTable(1)
12:47:49.740 INFO: JdwpDebugServer: handling req: Method(6).LineTable(1)
12:47:49.740 INFO: JdwpDebugServer: handling req: Method(6).LineTable(1)
12:47:49.740 INFO: JdwpDebugServer: handling req: Method(6).LineTable(1)
12:47:49.740 INFO: JdwpDebugServer: handling req: Method(6).LineTable(1)
12:47:49.740 INFO: JdwpDebugServer: handling req: Method(6).LineTable(1)
12:47:49.740 INFO: JdwpDebugServer: handling req: Method(6).LineTable(1)
12:47:49.741 INFO: JdwpDebugServer: handling req: Method(6).LineTable(1)
12:47:49.741 INFO: JdwpDebugServer: handling req: Method(6).LineTable(1)
12:47:49.742 INFO: JdwpDebugServer: handling req: Method(6).LineTable(1)
12:47:49.742 INFO: JdwpDebugServer: handling req: Method(6).LineTable(1)
12:47:49.742 INFO: JdwpDebugServer: handling req: Method(6).LineTable(1)
12:47:49.742 INFO: JdwpDebugServer: handling req: Method(6).LineTable(1)
12:47:49.742 INFO: JdwpDebugServer: handling req: Method(6).LineTable(1)
12:47:49.742 INFO: JdwpDebugServer: handling req: Method(6).LineTable(1)
12:47:49.742 INFO: JdwpDebugServer: handling req: Method(6).LineTable(1)
12:47:49.743 INFO: JdwpDebugServer: handling req: Method(6).LineTable(1)
12:47:49.743 INFO: JdwpDebugServer: handling req: Method(6).LineTable(1)
12:47:49.743 INFO: JdwpDebugServer: handling req: Method(6).LineTable(1)
12:47:49.743 INFO: JdwpDebugServer: handling req: Method(6).LineTable(1)
12:47:49.743 INFO: JdwpDebugServer: handling req: Method(6).LineTable(1)
12:47:49.743 INFO: JdwpDebugServer: handling req: Method(6).LineTable(1)
12:47:49.743 INFO: JdwpDebugServer: handling req: Method(6).LineTable(1)
12:47:49.747 INFO: JdwpDebugServer: handling req: VirtualMachine(1).ClassesBySignature(2)
12:47:49.748 INFO: JdwpDebugServer: handling req: VirtualMachine(1).AllClassesWithGeneric(20)
12:47:49.764 INFO: JdwpDebugServer: handling req: EventRequest(15).Set(1)
12:47:49.766 INFO: JdwpEventCenterDelegate: jdwpSetEventRequest: JdwpEventRequest{requestId=106, eventKind=CLASS_PREPARE, suspendPolicy=EVENT_THREAD, predicates=[className=com.badlogic.gdx.utils.ScreenUtils]}
12:47:49.768 INFO: JdwpDebugServer: handling req: EventRequest(15).Set(1)
12:47:49.768 INFO: JdwpEventCenterDelegate: jdwpSetEventRequest: JdwpEventRequest{requestId=107, eventKind=CLASS_PREPARE, suspendPolicy=EVENT_THREAD, predicates=[className=com.badlogic.gdx.utils.ScreenUtils$*]}
12:47:49.769 INFO: JdwpDebugServer: handling req: VirtualMachine(1).ClassesBySignature(2)
12:47:49.769 INFO: JdwpDebugServer: handling req: ReferenceType(2).MethodsWithGeneric(15)
12:47:49.769 INFO: JdwpDebugServer: handling req: Method(6).LineTable(1)
12:47:49.769 INFO: JdwpDebugServer: handling req: Method(6).LineTable(1)
12:47:49.769 INFO: JdwpDebugServer: handling req: Method(6).LineTable(1)
12:47:49.769 INFO: JdwpDebugServer: handling req: Method(6).LineTable(1)
12:47:49.770 INFO: JdwpDebugServer: handling req: Method(6).LineTable(1)
12:47:49.770 INFO: JdwpDebugServer: handling req: Method(6).LineTable(1)
12:47:49.770 INFO: JdwpDebugServer: handling req: Method(6).LineTable(1)
12:47:49.770 INFO: JdwpDebugServer: handling req: Method(6).LineTable(1)
12:47:49.770 INFO: JdwpDebugServer: handling req: Method(6).LineTable(1)
12:47:49.770 INFO: JdwpDebugServer: handling req: Method(6).LineTable(1)
12:47:49.771 INFO: JdwpDebugServer: handling req: EventRequest(15).Set(1)
12:47:49.771 INFO: JdwpEventCenterDelegate: jdwpSetEventRequest: JdwpEventRequest{requestId=108, eventKind=BREAKPOINT, suspendPolicy=EVENT_THREAD, predicates=[Location{classId=22230, methodId=1272, index=89} ]}
12:47:49.773 INFO: JdwpDebugServer: handling req: EventRequest(15).Set(1)
12:47:49.773 INFO: JdwpEventCenterDelegate: jdwpSetEventRequest: JdwpEventRequest{requestId=109, eventKind=CLASS_PREPARE, suspendPolicy=EVENT_THREAD, predicates=[className=com.badlogic.gdx.utils.ScreenUtils]}
12:47:49.774 INFO: JdwpDebugServer: handling req: EventRequest(15).Set(1)
12:47:49.775 INFO: JdwpEventCenterDelegate: jdwpSetEventRequest: JdwpEventRequest{requestId=110, eventKind=CLASS_PREPARE, suspendPolicy=EVENT_THREAD, predicates=[className=com.badlogic.gdx.utils.ScreenUtils$*]}
12:47:49.776 INFO: JdwpDebugServer: handling req: VirtualMachine(1).ClassesBySignature(2)
12:47:49.777 INFO: JdwpDebugServer: handling req: EventRequest(15).Set(1)
12:47:49.777 INFO: JdwpEventCenterDelegate: jdwpSetEventRequest: JdwpEventRequest{requestId=111, eventKind=BREAKPOINT, suspendPolicy=EVENT_THREAD, predicates=[Location{classId=22230, methodId=1267, index=72} ]}
12:47:49.778 INFO: JdwpDebugServer: handling req: EventRequest(15).Set(1)
12:47:49.779 INFO: JdwpEventCenterDelegate: jdwpSetEventRequest: JdwpEventRequest{requestId=112, eventKind=CLASS_PREPARE, suspendPolicy=EVENT_THREAD, predicates=[className=com.abdalla.bushnaq.pluvia.engine.GameEngine]}
12:47:49.780 INFO: JdwpDebugServer: handling req: EventRequest(15).Set(1)
12:47:49.780 INFO: JdwpEventCenterDelegate: jdwpSetEventRequest: JdwpEventRequest{requestId=113, eventKind=CLASS_PREPARE, suspendPolicy=EVENT_THREAD, predicates=[className=com.abdalla.bushnaq.pluvia.engine.GameEngine$*]}
12:47:49.781 INFO: JdwpDebugServer: handling req: VirtualMachine(1).ClassesBySignature(2)
12:47:49.782 INFO: JdwpDebugServer: handling req: ReferenceType(2).MethodsWithGeneric(15)
12:47:49.784 INFO: JdwpDebugServer: handling req: Method(6).LineTable(1)
12:47:49.788 INFO: JdwpDebugServer: handling req: Method(6).LineTable(1)
12:47:49.789 INFO: JdwpDebugServer: handling req: Method(6).LineTable(1)
12:47:49.789 INFO: JdwpDebugServer: handling req: Method(6).LineTable(1)
12:47:49.789 INFO: JdwpDebugServer: handling req: Method(6).LineTable(1)
12:47:49.789 INFO: JdwpDebugServer: handling req: Method(6).LineTable(1)
12:47:49.789 INFO: JdwpDebugServer: handling req: Method(6).LineTable(1)
12:47:49.789 INFO: JdwpDebugServer: handling req: Method(6).LineTable(1)
12:47:49.789 INFO: JdwpDebugServer: handling req: Method(6).LineTable(1)
12:47:49.789 INFO: JdwpDebugServer: handling req: Method(6).LineTable(1)
12:47:49.790 INFO: JdwpDebugServer: handling req: Method(6).LineTable(1)
12:47:49.790 INFO: JdwpDebugServer: handling req: Method(6).LineTable(1)
12:47:49.790 INFO: JdwpDebugServer: handling req: Method(6).LineTable(1)
12:47:49.790 INFO: JdwpDebugServer: handling req: Method(6).LineTable(1)
12:47:49.790 INFO: JdwpDebugServer: handling req: Method(6).LineTable(1)
12:47:49.790 INFO: JdwpDebugServer: handling req: Method(6).LineTable(1)
12:47:49.790 INFO: JdwpDebugServer: handling req: Method(6).LineTable(1)
12:47:49.790 INFO: JdwpDebugServer: handling req: Method(6).LineTable(1)
12:47:49.790 INFO: JdwpDebugServer: handling req: Method(6).LineTable(1)
12:47:49.790 INFO: JdwpDebugServer: handling req: Method(6).LineTable(1)
12:47:49.790 INFO: JdwpDebugServer: handling req: Method(6).LineTable(1)
12:47:49.791 INFO: JdwpDebugServer: handling req: Method(6).LineTable(1)
12:47:49.791 INFO: JdwpDebugServer: handling req: Method(6).LineTable(1)
12:47:49.791 INFO: JdwpDebugServer: handling req: Method(6).LineTable(1)
12:47:49.791 INFO: JdwpDebugServer: handling req: Method(6).LineTable(1)
12:47:49.791 INFO: JdwpDebugServer: handling req: Method(6).LineTable(1)
12:47:49.791 INFO: JdwpDebugServer: handling req: Method(6).LineTable(1)
12:47:49.791 INFO: JdwpDebugServer: handling req: Method(6).LineTable(1)
12:47:49.791 INFO: JdwpDebugServer: handling req: Method(6).LineTable(1)
12:47:49.792 INFO: JdwpDebugServer: handling req: Method(6).LineTable(1)
12:47:49.792 INFO: JdwpDebugServer: handling req: Method(6).LineTable(1)
12:47:49.792 INFO: JdwpDebugServer: handling req: Method(6).LineTable(1)
12:47:49.792 INFO: JdwpDebugServer: handling req: EventRequest(15).Set(1)
12:47:49.792 INFO: JdwpEventCenterDelegate: jdwpSetEventRequest: JdwpEventRequest{requestId=114, eventKind=BREAKPOINT, suspendPolicy=EVENT_THREAD, predicates=[Location{classId=16855, methodId=1297, index=100} ]}
12:47:49.793 INFO: JdwpDebugServer: handling req: EventRequest(15).Set(1)
12:47:49.793 INFO: JdwpEventCenterDelegate: jdwpSetEventRequest: JdwpEventRequest{requestId=115, eventKind=CLASS_PREPARE, suspendPolicy=EVENT_THREAD, predicates=[className=com.abdalla.bushnaq.pluvia.launcher.IOSLauncher]}
12:47:49.794 INFO: JdwpDebugServer: handling req: EventRequest(15).Set(1)
12:47:49.794 INFO: JdwpEventCenterDelegate: jdwpSetEventRequest: JdwpEventRequest{requestId=116, eventKind=CLASS_PREPARE, suspendPolicy=EVENT_THREAD, predicates=[className=com.abdalla.bushnaq.pluvia.launcher.IOSLauncher$*]}
12:47:49.797 INFO: JdwpDebugServer: handling req: VirtualMachine(1).ClassesBySignature(2)
12:47:49.797 INFO: JdwpDebugServer: handling req: ReferenceType(2).MethodsWithGeneric(15)
12:47:49.797 INFO: JdwpDebugServer: handling req: Method(6).LineTable(1)
12:47:49.797 INFO: JdwpDebugServer: handling req: Method(6).LineTable(1)
12:47:49.797 INFO: JdwpDebugServer: handling req: Method(6).LineTable(1)
12:47:49.798 INFO: JdwpDebugServer: handling req: EventRequest(15).Set(1)
12:47:49.798 INFO: JdwpEventCenterDelegate: jdwpSetEventRequest: JdwpEventRequest{requestId=117, eventKind=BREAKPOINT, suspendPolicy=EVENT_THREAD, predicates=[Location{classId=12880, methodId=1462, index=81} ]}
12:47:49.798 INFO: JdwpDebugServer: handling req: VirtualMachine(1).capabilitiesNew(17)
12:47:49.802 INFO: JdwpDebugServer: handling req: EventRequest(15).Set(1)
12:47:49.802 INFO: JdwpEventCenterDelegate: jdwpSetEventRequest: JdwpEventRequest{requestId=118, eventKind=CLASS_PREPARE, suspendPolicy=EVENT_THREAD, predicates=[className=java.lang.Error]}
12:47:49.804 INFO: JdwpDebugServer: handling req: EventRequest(15).Set(1)
12:47:49.804 INFO: JdwpEventCenterDelegate: jdwpSetEventRequest: JdwpEventRequest{requestId=119, eventKind=CLASS_PREPARE, suspendPolicy=EVENT_THREAD, predicates=[className=java.lang.Error$*]}
12:47:49.809 INFO: JdwpDebugServer: handling req: VirtualMachine(1).ClassesBySignature(2)
12:47:49.811 INFO: JdwpEventCenterDelegate: THREAD_STARTED: thread (48, ReferenceQueueDaemon, main)
12:47:49.812 INFO: JdwpDebugServer: handling req: EventRequest(15).Set(1)
12:47:49.813 INFO: JdwpEventCenterDelegate: THREAD_STARTED: thread (63, FinalizerDaemon, main)
12:47:49.814 INFO: JdwpEventCenterDelegate: jdwpSetEventRequest: JdwpEventRequest{requestId=120, eventKind=EXCEPTION, suspendPolicy=EVENT_THREAD, predicates=[exceptionType=3425(caught=true, uncaught=true)]}
12:47:49.815 INFO: JdwpEventCenterDelegate: THREAD_STARTED: thread (78, FinalizerWatchdogDaemon, main)
12:47:49.852 INFO: JdwpDebugServer: handling req: EventRequest(15).Set(1)
12:47:49.852 INFO: JdwpEventCenterDelegate: jdwpSetEventRequest: JdwpEventRequest{requestId=121, eventKind=CLASS_PREPARE, suspendPolicy=EVENT_THREAD, predicates=[className=java.lang.Throwable]}
12:47:49.855 INFO: JdwpDebugServer: handling req: EventRequest(15).Set(1)
12:47:49.856 INFO: JdwpEventCenterDelegate: jdwpSetEventRequest: JdwpEventRequest{requestId=122, eventKind=CLASS_PREPARE, suspendPolicy=EVENT_THREAD, predicates=[className=java.lang.Throwable$*]}
12:47:49.858 INFO: JdwpDebugServer: handling req: VirtualMachine(1).ClassesBySignature(2)
12:47:49.858 INFO: JdwpDebugServer: handling req: EventRequest(15).Set(1)
12:47:49.858 INFO: JdwpEventCenterDelegate: jdwpSetEventRequest: JdwpEventRequest{requestId=123, eventKind=EXCEPTION, suspendPolicy=EVENT_THREAD, predicates=[exceptionType=7695(caught=false, uncaught=true)]}
12:47:49.863 INFO: JdwpDebugServer: handling req: ThreadReference(11).SuspendCount(12)
12:47:49.867 INFO: JdwpDebugServer: handling req: ThreadReference(11).Frames(6)
12:47:49.878 INFO: JdwpDebugServer: handling req: ThreadReference(11).Status(4)
12:47:49.879 INFO: JdwpDebugServer: handling req: ObjectReference(9).IsCollected(9)
12:47:49.880 INFO: JdwpDebugServer: handling req: ObjectReference(9).IsCollected(9)
12:47:49.880 INFO: JdwpDebugServer: handling req: ThreadReference(11).ThreadGroup(5)
12:47:49.880 INFO: JdwpDebugServer: handling req: ObjectReference(9).ReferenceType(1)
12:47:49.880 INFO: JdwpDebugServer: handling req: ObjectReference(9).GetValues(2)
12:47:49.880 INFO: JdwpDebugServer: handling req: ThreadReference(11).Status(4)
12:47:49.880 INFO: JdwpDebugServer: handling req: ThreadReference(11).Status(4)
12:47:49.880 INFO: JdwpDebugServer: handling req: ObjectReference(9).IsCollected(9)
12:47:49.880 INFO: JdwpDebugServer: handling req: ThreadReference(11).ThreadGroup(5)
12:47:49.881 INFO: JdwpDebugServer: handling req: ObjectReference(9).ReferenceType(1)
12:47:49.881 INFO: JdwpDebugServer: handling req: ObjectReference(9).GetValues(2)
12:47:49.881 INFO: JdwpDebugServer: handling req: ThreadReference(11).Status(4)
12:47:49.881 INFO: JdwpDebugServer: handling req: ThreadReference(11).Status(4)
12:47:49.881 INFO: JdwpDebugServer: handling req: ObjectReference(9).IsCollected(9)
12:47:49.881 INFO: JdwpDebugServer: handling req: ThreadReference(11).ThreadGroup(5)
12:47:49.881 INFO: JdwpDebugServer: handling req: ObjectReference(9).ReferenceType(1)
12:47:49.881 INFO: JdwpDebugServer: handling req: ObjectReference(9).GetValues(2)
12:47:49.882 INFO: JdwpDebugServer: handling req: ThreadReference(11).Status(4)
12:47:49.882 INFO: JdwpDebugServer: handling req: ThreadReference(11).Status(4)
12:47:50.319 INFO: JdwpDebugServer: handling req: ThreadReference(11).FramesCount(7)
12:47:50.791 INFO: JdwpDebugServer: handling req: ThreadReference(11).Name(1)
12:47:50.796 INFO: JdwpDebugServer: handling req: ThreadReference(11).Name(1)
12:47:50.796 INFO: JdwpDebugServer: handling req: ThreadReference(11).Name(1)
12:47:50.796 INFO: JdwpDebugServer: handling req: ThreadReference(11).Name(1)
12:47:50.796 INFO: JdwpDebugServer: handling req: ThreadReference(11).Name(1)
12:47:50.796 INFO: JdwpDebugServer: handling req: ThreadReference(11).Name(1)
12:47:50.796 INFO: JdwpDebugServer: handling req: ThreadReference(11).Name(1)
12:47:50.797 INFO: JdwpDebugServer: handling req: ThreadReference(11).Name(1)
12:47:50.836 INFO: JdwpDebugServer: handling req: ThreadReference(11).Name(1)
12:47:50.837 INFO: JdwpDebugServer: handling req: ThreadReference(11).Name(1)
12:47:50.837 INFO: JdwpDebugServer: handling req: ThreadReference(11).Name(1)
12:47:50.837 INFO: JdwpDebugServer: handling req: ThreadReference(11).Name(1)
12:48:57.234 INFO: JdwpDebugServer: handling req: EventRequest(15).Set(1)
12:48:57.236 INFO: JdwpEventCenterDelegate: jdwpSetEventRequest: JdwpEventRequest{requestId=124, eventKind=CLASS_PREPARE, suspendPolicy=EVENT_THREAD, predicates=[className=com.abdalla.bushnaq.pluvia.launcher.IOSLauncher$PreLauncher]}
12:48:57.244 INFO: JdwpDebugServer: handling req: EventRequest(15).Set(1)
12:48:57.244 INFO: JdwpEventCenterDelegate: jdwpSetEventRequest: JdwpEventRequest{requestId=125, eventKind=CLASS_PREPARE, suspendPolicy=EVENT_THREAD, predicates=[className!=com.abdalla.bushnaq.pluvia.launcher.IOSLauncher$PreLauncher, className=com.abdalla.bushnaq.pluvia.launcher.IOSLauncher$*]}
12:48:57.246 INFO: JdwpDebugServer: handling req: VirtualMachine(1).ClassesBySignature(2)
12:48:57.247 INFO: JdwpDebugServer: handling req: ReferenceType(2).MethodsWithGeneric(15)
12:48:57.248 INFO: JdwpDebugServer: handling req: Method(6).LineTable(1)
12:48:57.249 INFO: JdwpDebugServer: handling req: Method(6).LineTable(1)
12:48:57.249 INFO: JdwpDebugServer: handling req: Method(6).LineTable(1)
12:48:57.249 INFO: JdwpDebugServer: handling req: Method(6).LineTable(1)
12:48:57.249 INFO: JdwpDebugServer: handling req: Method(6).LineTable(1)
12:48:57.249 INFO: JdwpDebugServer: handling req: Method(6).LineTable(1)
12:48:57.250 INFO: JdwpDebugServer: handling req: Method(6).LineTable(1)
12:48:57.250 INFO: JdwpDebugServer: handling req: EventRequest(15).Set(1)
12:48:57.250 INFO: JdwpEventCenterDelegate: jdwpSetEventRequest: JdwpEventRequest{requestId=126, eventKind=BREAKPOINT, suspendPolicy=EVENT_THREAD, predicates=[Location{classId=22365, methodId=1487, index=31} ]}
12:49:01.286 INFO: JdwpDebugServer: handling req: VirtualMachine(1).Exit(10)
12:49:01.286 SEVERE: Debugger: Thread JDWP server socket thread crashed
org.robovm.debugger.DebuggerException: Terminating due exit command
	at org.robovm.debugger.jdwp.JdwpDebugServer.doSocketWork(JdwpDebugServer.java:211)
	at java.base/java.lang.Thread.run(Thread.java:833)
	at org.robovm.debugger.utils.DebuggerThread.run(DebuggerThread.java:42)
12:49:01.815 SEVERE: Debugger: Thread HooksChannel socket thread crashed
org.robovm.debugger.DebuggerException: java.nio.BufferUnderflowException
	at org.robovm.debugger.hooks.HooksChannel.doSocketWork(HooksChannel.java:149)
	at java.base/java.lang.Thread.run(Thread.java:833)
	at org.robovm.debugger.utils.DebuggerThread.run(DebuggerThread.java:42)
Caused by: java.nio.BufferUnderflowException
	at org.robovm.debugger.utils.bytebuffer.DataBufferWriter.writeFromStream(DataBufferWriter.java:91)
	at org.robovm.debugger.hooks.HooksChannel.doSocketWork(HooksChannel.java:116)
	... 2 more
