10:32:50.253 INFO: JdwpEventCenterDelegate: THREAD_STARTED: thread (33, main, main)
10:32:50.333 INFO: JdwpEventCenterDelegate: THREAD_STARTED: thread (48, ReferenceQueueDaemon, main)
10:32:50.334 INFO: JdwpEventCenterDelegate: THREAD_STARTED: thread (63, FinalizerDaemon, main)
10:32:50.335 INFO: JdwpEventCenterDelegate: THREAD_STARTED: thread (78, FinalizerWatchdogDaemon, main)
10:32:52.394 INFO: JdwpDebugServer: handling req: VirtualMachine(1).IDSizes(7)
10:32:52.396 INFO: JdwpDebugServer: handling req: EventRequest(15).Set(1)
10:32:52.397 INFO: JdwpEventCenterDelegate: jdwpSetEventRequest: JdwpEventRequest{requestId=100, eventKind=CLASS_UNLOAD, suspendPolicy=NONE, predicates=[]}
10:32:52.398 INFO: JdwpDebugServer: handling req: EventRequest(15).Set(1)
10:32:52.398 INFO: JdwpEventCenterDelegate: jdwpSetEventRequest: JdwpEventRequest{requestId=101, eventKind=THREAD_START, suspendPolicy=NONE, predicates=[]}
10:32:52.400 INFO: JdwpDebugServer: handling req: VirtualMachine(1).ClassesBySignature(2)
10:32:52.402 INFO: JdwpDebugServer: handling req: VirtualMachine(1).Version(1)
10:32:52.403 INFO: JdwpDebugServer: handling req: ReferenceType(2).MethodsWithGeneric(15)
10:32:52.405 INFO: JdwpDebugServer: handling req: Method(6).LineTable(1)
10:32:52.406 INFO: JdwpDebugServer: handling req: EventRequest(15).Set(1)
10:32:52.406 INFO: JdwpEventCenterDelegate: jdwpSetEventRequest: JdwpEventRequest{requestId=102, eventKind=BREAKPOINT, suspendPolicy=NONE, predicates=[Location{classId=845, methodId=257, index=928} ]}
10:32:52.407 INFO: JdwpDebugServer: handling req: EventRequest(15).Set(1)
10:32:52.407 INFO: JdwpEventCenterDelegate: jdwpSetEventRequest: JdwpEventRequest{requestId=103, eventKind=THREAD_DEATH, suspendPolicy=NONE, predicates=[]}
10:32:52.407 INFO: JdwpDebugServer: handling req: VirtualMachine(1).AllThreads(4)
10:32:52.408 INFO: JdwpDebugServer: handling req: ThreadReference(11).ThreadGroup(5)
10:32:52.409 INFO: JdwpDebugServer: handling req: ThreadGroup(12).Name(1)
10:32:52.409 INFO: JdwpDebugServer: handling req: ThreadGroup(12).Parent(2)
10:32:52.410 INFO: JdwpDebugServer: handling req: ObjectReference(9).ReferenceType(1)
10:32:52.410 INFO: JdwpDebugServer: handling req: ReferenceType(2).FieldsWithGeneric(14)
10:32:52.411 INFO: JdwpDebugServer: handling req: ReferenceType(2).Interfaces(10)
10:32:52.412 INFO: JdwpDebugServer: handling req: ReferenceType(2).FieldsWithGeneric(14)
10:32:52.412 INFO: JdwpDebugServer: handling req: ReferenceType(2).Interfaces(10)
10:32:52.413 INFO: JdwpDebugServer: handling req: ClassType(3).Superclass(1)
10:32:52.413 INFO: JdwpDebugServer: handling req: ReferenceType(2).FieldsWithGeneric(14)
10:32:52.413 INFO: JdwpDebugServer: handling req: ReferenceType(2).Interfaces(10)
10:32:52.413 INFO: JdwpDebugServer: handling req: ClassType(3).Superclass(1)
10:32:52.414 INFO: JdwpDebugServer: handling req: ObjectReference(9).GetValues(2)
10:32:52.416 INFO: JdwpDebugServer: handling req: ThreadReference(11).Status(4)
10:32:52.416 INFO: JdwpDebugServer: handling req: ThreadReference(11).Status(4)
10:32:52.416 INFO: JdwpDebugServer: handling req: ThreadReference(11).ThreadGroup(5)
10:32:52.416 INFO: JdwpDebugServer: handling req: ObjectReference(9).ReferenceType(1)
10:32:52.417 INFO: JdwpDebugServer: handling req: ObjectReference(9).GetValues(2)
10:32:52.417 INFO: JdwpDebugServer: handling req: ThreadReference(11).Status(4)
10:32:52.418 INFO: JdwpDebugServer: handling req: ThreadReference(11).Status(4)
10:32:52.418 INFO: JdwpDebugServer: handling req: ThreadReference(11).ThreadGroup(5)
10:32:52.418 INFO: JdwpDebugServer: handling req: ObjectReference(9).ReferenceType(1)
10:32:52.418 INFO: JdwpDebugServer: handling req: ObjectReference(9).GetValues(2)
10:32:52.419 INFO: JdwpDebugServer: handling req: ThreadReference(11).Status(4)
10:32:52.419 INFO: JdwpDebugServer: handling req: ThreadReference(11).Status(4)
10:32:52.419 INFO: JdwpDebugServer: handling req: ThreadReference(11).ThreadGroup(5)
10:32:52.419 INFO: JdwpDebugServer: handling req: ObjectReference(9).ReferenceType(1)
10:32:52.420 INFO: JdwpDebugServer: handling req: ObjectReference(9).GetValues(2)
10:32:52.420 INFO: JdwpDebugServer: handling req: ThreadReference(11).Status(4)
10:32:52.420 INFO: JdwpDebugServer: handling req: ThreadReference(11).Status(4)
10:32:52.423 INFO: JdwpDebugServer: handling req: EventRequest(15).Set(1)
10:32:52.423 INFO: JdwpEventCenterDelegate: jdwpSetEventRequest: JdwpEventRequest{requestId=104, eventKind=CLASS_PREPARE, suspendPolicy=EVENT_THREAD, predicates=[className=java.lang.Throwable]}
10:32:52.430 INFO: JdwpDebugServer: handling req: EventRequest(15).Set(1)
10:32:52.430 INFO: JdwpEventCenterDelegate: jdwpSetEventRequest: JdwpEventRequest{requestId=105, eventKind=CLASS_PREPARE, suspendPolicy=EVENT_THREAD, predicates=[className=java.lang.Throwable$*]}
10:32:52.433 INFO: JdwpDebugServer: handling req: VirtualMachine(1).ClassesBySignature(2)
10:32:52.434 INFO: JdwpDebugServer: handling req: ReferenceType(2).MethodsWithGeneric(15)
10:32:52.434 INFO: JdwpDebugServer: handling req: Method(6).LineTable(1)
10:32:52.435 INFO: JdwpDebugServer: handling req: Method(6).LineTable(1)
10:32:52.435 INFO: JdwpDebugServer: handling req: Method(6).LineTable(1)
10:32:52.435 INFO: JdwpDebugServer: handling req: Method(6).LineTable(1)
10:32:52.435 INFO: JdwpDebugServer: handling req: Method(6).LineTable(1)
10:32:52.435 INFO: JdwpDebugServer: handling req: Method(6).LineTable(1)
10:32:52.435 INFO: JdwpDebugServer: handling req: Method(6).LineTable(1)
10:32:52.435 INFO: JdwpDebugServer: handling req: Method(6).LineTable(1)
10:32:52.435 INFO: JdwpDebugServer: handling req: Method(6).LineTable(1)
10:32:52.436 INFO: JdwpDebugServer: handling req: Method(6).LineTable(1)
10:32:52.436 INFO: JdwpDebugServer: handling req: Method(6).LineTable(1)
10:32:52.436 INFO: JdwpDebugServer: handling req: Method(6).LineTable(1)
10:32:52.436 INFO: JdwpDebugServer: handling req: Method(6).LineTable(1)
10:32:52.436 INFO: JdwpDebugServer: handling req: Method(6).LineTable(1)
10:32:52.436 INFO: JdwpDebugServer: handling req: Method(6).LineTable(1)
10:32:52.436 INFO: JdwpDebugServer: handling req: Method(6).LineTable(1)
10:32:52.436 INFO: JdwpDebugServer: handling req: Method(6).LineTable(1)
10:32:52.436 INFO: JdwpDebugServer: handling req: Method(6).LineTable(1)
10:32:52.436 INFO: JdwpDebugServer: handling req: Method(6).LineTable(1)
10:32:52.437 INFO: JdwpDebugServer: handling req: Method(6).LineTable(1)
10:32:52.437 INFO: JdwpDebugServer: handling req: Method(6).LineTable(1)
10:32:52.437 INFO: JdwpDebugServer: handling req: Method(6).LineTable(1)
10:32:52.437 INFO: JdwpDebugServer: handling req: Method(6).LineTable(1)
10:32:52.437 INFO: JdwpDebugServer: handling req: Method(6).LineTable(1)
10:32:52.437 INFO: JdwpDebugServer: handling req: VirtualMachine(1).ClassesBySignature(2)
10:32:52.438 INFO: JdwpDebugServer: handling req: VirtualMachine(1).AllClassesWithGeneric(20)
10:32:52.453 INFO: JdwpDebugServer: handling req: EventRequest(15).Set(1)
10:32:52.453 INFO: JdwpEventCenterDelegate: jdwpSetEventRequest: JdwpEventRequest{requestId=106, eventKind=CLASS_PREPARE, suspendPolicy=EVENT_THREAD, predicates=[className=com.badlogic.gdx.utils.ScreenUtils]}
10:32:52.454 INFO: JdwpDebugServer: handling req: EventRequest(15).Set(1)
10:32:52.454 INFO: JdwpEventCenterDelegate: jdwpSetEventRequest: JdwpEventRequest{requestId=107, eventKind=CLASS_PREPARE, suspendPolicy=EVENT_THREAD, predicates=[className=com.badlogic.gdx.utils.ScreenUtils$*]}
10:32:52.456 INFO: JdwpDebugServer: handling req: VirtualMachine(1).ClassesBySignature(2)
10:32:52.456 INFO: JdwpDebugServer: handling req: ReferenceType(2).MethodsWithGeneric(15)
10:32:52.456 INFO: JdwpDebugServer: handling req: Method(6).LineTable(1)
10:32:52.456 INFO: JdwpDebugServer: handling req: Method(6).LineTable(1)
10:32:52.456 INFO: JdwpDebugServer: handling req: Method(6).LineTable(1)
10:32:52.457 INFO: JdwpDebugServer: handling req: Method(6).LineTable(1)
10:32:52.457 INFO: JdwpDebugServer: handling req: Method(6).LineTable(1)
10:32:52.457 INFO: JdwpDebugServer: handling req: Method(6).LineTable(1)
10:32:52.457 INFO: JdwpDebugServer: handling req: Method(6).LineTable(1)
10:32:52.457 INFO: JdwpDebugServer: handling req: Method(6).LineTable(1)
10:32:52.458 INFO: JdwpDebugServer: handling req: Method(6).LineTable(1)
10:32:52.458 INFO: JdwpDebugServer: handling req: Method(6).LineTable(1)
10:32:52.458 INFO: JdwpDebugServer: handling req: EventRequest(15).Set(1)
10:32:52.458 INFO: JdwpEventCenterDelegate: jdwpSetEventRequest: JdwpEventRequest{requestId=108, eventKind=BREAKPOINT, suspendPolicy=EVENT_THREAD, predicates=[Location{classId=22240, methodId=1272, index=89} ]}
10:32:52.461 INFO: JdwpDebugServer: handling req: EventRequest(15).Set(1)
10:32:52.461 INFO: JdwpEventCenterDelegate: jdwpSetEventRequest: JdwpEventRequest{requestId=109, eventKind=CLASS_PREPARE, suspendPolicy=EVENT_THREAD, predicates=[className=com.badlogic.gdx.utils.ScreenUtils]}
10:32:52.462 INFO: JdwpDebugServer: handling req: EventRequest(15).Set(1)
10:32:52.462 INFO: JdwpEventCenterDelegate: jdwpSetEventRequest: JdwpEventRequest{requestId=110, eventKind=CLASS_PREPARE, suspendPolicy=EVENT_THREAD, predicates=[className=com.badlogic.gdx.utils.ScreenUtils$*]}
10:32:52.463 INFO: JdwpDebugServer: handling req: VirtualMachine(1).ClassesBySignature(2)
10:32:52.463 INFO: JdwpDebugServer: handling req: EventRequest(15).Set(1)
10:32:52.464 INFO: JdwpEventCenterDelegate: jdwpSetEventRequest: JdwpEventRequest{requestId=111, eventKind=BREAKPOINT, suspendPolicy=EVENT_THREAD, predicates=[Location{classId=22240, methodId=1267, index=72} ]}
10:32:52.464 INFO: JdwpDebugServer: handling req: EventRequest(15).Set(1)
10:32:52.464 INFO: JdwpEventCenterDelegate: jdwpSetEventRequest: JdwpEventRequest{requestId=112, eventKind=CLASS_PREPARE, suspendPolicy=EVENT_THREAD, predicates=[className=com.badlogic.gdx.graphics.g2d.PolygonSpriteBatch]}
10:32:52.465 INFO: JdwpDebugServer: handling req: EventRequest(15).Set(1)
10:32:52.465 INFO: JdwpEventCenterDelegate: jdwpSetEventRequest: JdwpEventRequest{requestId=113, eventKind=CLASS_PREPARE, suspendPolicy=EVENT_THREAD, predicates=[className=com.badlogic.gdx.graphics.g2d.PolygonSpriteBatch$*]}
10:32:52.466 INFO: JdwpDebugServer: handling req: VirtualMachine(1).ClassesBySignature(2)
10:32:52.466 INFO: JdwpDebugServer: handling req: ReferenceType(2).MethodsWithGeneric(15)
10:32:52.467 INFO: JdwpDebugServer: handling req: Method(6).LineTable(1)
10:32:52.467 INFO: JdwpDebugServer: handling req: Method(6).LineTable(1)
10:32:52.467 INFO: JdwpDebugServer: handling req: Method(6).LineTable(1)
10:32:52.467 INFO: JdwpDebugServer: handling req: Method(6).LineTable(1)
10:32:52.467 INFO: JdwpDebugServer: handling req: Method(6).LineTable(1)
10:32:52.467 INFO: JdwpDebugServer: handling req: Method(6).LineTable(1)
10:32:52.467 INFO: JdwpDebugServer: handling req: Method(6).LineTable(1)
10:32:52.467 INFO: JdwpDebugServer: handling req: Method(6).LineTable(1)
10:32:52.468 INFO: JdwpDebugServer: handling req: Method(6).LineTable(1)
10:32:52.468 INFO: JdwpDebugServer: handling req: Method(6).LineTable(1)
10:32:52.468 INFO: JdwpDebugServer: handling req: Method(6).LineTable(1)
10:32:52.468 INFO: JdwpDebugServer: handling req: Method(6).LineTable(1)
10:32:52.468 INFO: JdwpDebugServer: handling req: Method(6).LineTable(1)
10:32:52.468 INFO: JdwpDebugServer: handling req: Method(6).LineTable(1)
10:32:52.468 INFO: JdwpDebugServer: handling req: Method(6).LineTable(1)
10:32:52.468 INFO: JdwpDebugServer: handling req: Method(6).LineTable(1)
10:32:52.468 INFO: JdwpDebugServer: handling req: Method(6).LineTable(1)
10:32:52.468 INFO: JdwpDebugServer: handling req: Method(6).LineTable(1)
10:32:52.468 INFO: JdwpDebugServer: handling req: Method(6).LineTable(1)
10:32:52.468 INFO: JdwpDebugServer: handling req: Method(6).LineTable(1)
10:32:52.469 INFO: JdwpDebugServer: handling req: Method(6).LineTable(1)
10:32:52.469 INFO: JdwpDebugServer: handling req: Method(6).LineTable(1)
10:32:52.469 INFO: JdwpDebugServer: handling req: Method(6).LineTable(1)
10:32:52.469 INFO: JdwpDebugServer: handling req: Method(6).LineTable(1)
10:32:52.469 INFO: JdwpDebugServer: handling req: Method(6).LineTable(1)
10:32:52.469 INFO: JdwpDebugServer: handling req: Method(6).LineTable(1)
10:32:52.469 INFO: JdwpDebugServer: handling req: Method(6).LineTable(1)
10:32:52.469 INFO: JdwpDebugServer: handling req: Method(6).LineTable(1)
10:32:52.469 INFO: JdwpDebugServer: handling req: Method(6).LineTable(1)
10:32:52.469 INFO: JdwpDebugServer: handling req: Method(6).LineTable(1)
10:32:52.469 INFO: JdwpDebugServer: handling req: Method(6).LineTable(1)
10:32:52.470 INFO: JdwpDebugServer: handling req: Method(6).LineTable(1)
10:32:52.470 INFO: JdwpDebugServer: handling req: Method(6).LineTable(1)
10:32:52.470 INFO: JdwpDebugServer: handling req: Method(6).LineTable(1)
10:32:52.470 INFO: JdwpDebugServer: handling req: Method(6).LineTable(1)
10:32:52.470 INFO: JdwpDebugServer: handling req: Method(6).LineTable(1)
10:32:52.470 INFO: JdwpDebugServer: handling req: Method(6).LineTable(1)
10:32:52.470 INFO: JdwpDebugServer: handling req: Method(6).LineTable(1)
10:32:52.470 INFO: JdwpDebugServer: handling req: Method(6).LineTable(1)
10:32:52.470 INFO: JdwpDebugServer: handling req: Method(6).LineTable(1)
10:32:52.470 INFO: JdwpDebugServer: handling req: Method(6).LineTable(1)
10:32:52.470 INFO: JdwpDebugServer: handling req: Method(6).LineTable(1)
10:32:52.471 INFO: JdwpDebugServer: handling req: Method(6).LineTable(1)
10:32:52.471 INFO: JdwpDebugServer: handling req: Method(6).LineTable(1)
10:32:52.471 INFO: JdwpDebugServer: handling req: Method(6).LineTable(1)
10:32:52.471 INFO: JdwpDebugServer: handling req: Method(6).LineTable(1)
10:32:52.471 INFO: JdwpDebugServer: handling req: Method(6).LineTable(1)
10:32:52.471 INFO: JdwpDebugServer: handling req: EventRequest(15).Set(1)
10:32:52.471 INFO: JdwpEventCenterDelegate: jdwpSetEventRequest: JdwpEventRequest{requestId=114, eventKind=BREAKPOINT, suspendPolicy=EVENT_THREAD, predicates=[Location{classId=15500, methodId=1307, index=142} ]}
10:32:52.472 INFO: JdwpDebugServer: handling req: EventRequest(15).Set(1)
10:32:52.472 INFO: JdwpEventCenterDelegate: jdwpSetEventRequest: JdwpEventRequest{requestId=115, eventKind=CLASS_PREPARE, suspendPolicy=EVENT_THREAD, predicates=[className=com.badlogic.gdx.graphics.g2d.SpriteBatch]}
10:32:52.473 INFO: JdwpDebugServer: handling req: EventRequest(15).Set(1)
10:32:52.473 INFO: JdwpEventCenterDelegate: jdwpSetEventRequest: JdwpEventRequest{requestId=116, eventKind=CLASS_PREPARE, suspendPolicy=EVENT_THREAD, predicates=[className=com.badlogic.gdx.graphics.g2d.SpriteBatch$*]}
10:32:52.473 INFO: JdwpDebugServer: handling req: VirtualMachine(1).ClassesBySignature(2)
10:32:52.473 INFO: JdwpDebugServer: handling req: ReferenceType(2).MethodsWithGeneric(15)
10:32:52.474 INFO: JdwpDebugServer: handling req: Method(6).LineTable(1)
10:32:52.474 INFO: JdwpDebugServer: handling req: Method(6).LineTable(1)
10:32:52.474 INFO: JdwpDebugServer: handling req: Method(6).LineTable(1)
10:32:52.474 INFO: JdwpDebugServer: handling req: Method(6).LineTable(1)
10:32:52.474 INFO: JdwpDebugServer: handling req: Method(6).LineTable(1)
10:32:52.474 INFO: JdwpDebugServer: handling req: Method(6).LineTable(1)
10:32:52.474 INFO: JdwpDebugServer: handling req: Method(6).LineTable(1)
10:32:52.474 INFO: JdwpDebugServer: handling req: Method(6).LineTable(1)
10:32:52.475 INFO: JdwpDebugServer: handling req: Method(6).LineTable(1)
10:32:52.475 INFO: JdwpDebugServer: handling req: Method(6).LineTable(1)
10:32:52.475 INFO: JdwpDebugServer: handling req: Method(6).LineTable(1)
10:32:52.475 INFO: JdwpDebugServer: handling req: Method(6).LineTable(1)
10:32:52.475 INFO: JdwpDebugServer: handling req: Method(6).LineTable(1)
10:32:52.475 INFO: JdwpDebugServer: handling req: Method(6).LineTable(1)
10:32:52.475 INFO: JdwpDebugServer: handling req: Method(6).LineTable(1)
10:32:52.475 INFO: JdwpDebugServer: handling req: Method(6).LineTable(1)
10:32:52.475 INFO: JdwpDebugServer: handling req: Method(6).LineTable(1)
10:32:52.475 INFO: JdwpDebugServer: handling req: Method(6).LineTable(1)
10:32:52.475 INFO: JdwpDebugServer: handling req: Method(6).LineTable(1)
10:32:52.475 INFO: JdwpDebugServer: handling req: Method(6).LineTable(1)
10:32:52.475 INFO: JdwpDebugServer: handling req: Method(6).LineTable(1)
10:32:52.476 INFO: JdwpDebugServer: handling req: Method(6).LineTable(1)
10:32:52.476 INFO: JdwpDebugServer: handling req: Method(6).LineTable(1)
10:32:52.476 INFO: JdwpDebugServer: handling req: Method(6).LineTable(1)
10:32:52.476 INFO: JdwpDebugServer: handling req: Method(6).LineTable(1)
10:32:52.476 INFO: JdwpDebugServer: handling req: Method(6).LineTable(1)
10:32:52.476 INFO: JdwpDebugServer: handling req: Method(6).LineTable(1)
10:32:52.476 INFO: JdwpDebugServer: handling req: Method(6).LineTable(1)
10:32:52.476 INFO: JdwpDebugServer: handling req: Method(6).LineTable(1)
10:32:52.476 INFO: JdwpDebugServer: handling req: Method(6).LineTable(1)
10:32:52.477 INFO: JdwpDebugServer: handling req: Method(6).LineTable(1)
10:32:52.477 INFO: JdwpDebugServer: handling req: Method(6).LineTable(1)
10:32:52.477 INFO: JdwpDebugServer: handling req: Method(6).LineTable(1)
10:32:52.477 INFO: JdwpDebugServer: handling req: Method(6).LineTable(1)
10:32:52.477 INFO: JdwpDebugServer: handling req: Method(6).LineTable(1)
10:32:52.477 INFO: JdwpDebugServer: handling req: Method(6).LineTable(1)
10:32:52.477 INFO: JdwpDebugServer: handling req: Method(6).LineTable(1)
10:32:52.477 INFO: JdwpDebugServer: handling req: Method(6).LineTable(1)
10:32:52.477 INFO: JdwpDebugServer: handling req: Method(6).LineTable(1)
10:32:52.478 INFO: JdwpDebugServer: handling req: Method(6).LineTable(1)
10:32:52.478 INFO: JdwpDebugServer: handling req: Method(6).LineTable(1)
10:32:52.478 INFO: JdwpDebugServer: handling req: Method(6).LineTable(1)
10:32:52.478 INFO: JdwpDebugServer: handling req: Method(6).LineTable(1)
10:32:52.478 INFO: JdwpDebugServer: handling req: Method(6).LineTable(1)
10:32:52.478 INFO: JdwpDebugServer: handling req: EventRequest(15).Set(1)
10:32:52.478 INFO: JdwpEventCenterDelegate: jdwpSetEventRequest: JdwpEventRequest{requestId=117, eventKind=BREAKPOINT, suspendPolicy=EVENT_THREAD, predicates=[Location{classId=18040, methodId=1542, index=163} ]}
10:32:52.479 INFO: JdwpDebugServer: handling req: EventRequest(15).Set(1)
10:32:52.479 INFO: JdwpEventCenterDelegate: jdwpSetEventRequest: JdwpEventRequest{requestId=118, eventKind=CLASS_PREPARE, suspendPolicy=EVENT_THREAD, predicates=[className=com.badlogic.gdx.graphics.g2d.PolygonSpriteBatch]}
10:32:52.479 INFO: JdwpDebugServer: handling req: EventRequest(15).Set(1)
10:32:52.479 INFO: JdwpEventCenterDelegate: jdwpSetEventRequest: JdwpEventRequest{requestId=119, eventKind=CLASS_PREPARE, suspendPolicy=EVENT_THREAD, predicates=[className=com.badlogic.gdx.graphics.g2d.PolygonSpriteBatch$*]}
10:32:52.480 INFO: JdwpDebugServer: handling req: VirtualMachine(1).ClassesBySignature(2)
10:32:52.480 INFO: JdwpDebugServer: handling req: EventRequest(15).Set(1)
10:32:52.480 INFO: JdwpEventCenterDelegate: jdwpSetEventRequest: JdwpEventRequest{requestId=120, eventKind=BREAKPOINT, suspendPolicy=EVENT_THREAD, predicates=[Location{classId=15500, methodId=1307, index=141} ]}
10:32:52.481 INFO: JdwpDebugServer: handling req: EventRequest(15).Set(1)
10:32:52.481 INFO: JdwpEventCenterDelegate: jdwpSetEventRequest: JdwpEventRequest{requestId=121, eventKind=CLASS_PREPARE, suspendPolicy=EVENT_THREAD, predicates=[className=com.scottlogic.util.GL32CMacIssueHandler]}
10:32:52.482 INFO: JdwpDebugServer: handling req: EventRequest(15).Set(1)
10:32:52.482 INFO: JdwpEventCenterDelegate: jdwpSetEventRequest: JdwpEventRequest{requestId=122, eventKind=CLASS_PREPARE, suspendPolicy=EVENT_THREAD, predicates=[className=com.scottlogic.util.GL32CMacIssueHandler$*]}
10:32:52.482 INFO: JdwpDebugServer: handling req: VirtualMachine(1).ClassesBySignature(2)
10:32:52.483 INFO: JdwpDebugServer: handling req: ReferenceType(2).MethodsWithGeneric(15)
10:32:52.483 INFO: JdwpDebugServer: handling req: Method(6).LineTable(1)
10:32:52.483 INFO: JdwpDebugServer: handling req: Method(6).LineTable(1)
10:32:52.483 INFO: JdwpDebugServer: handling req: Method(6).LineTable(1)
10:32:52.483 INFO: JdwpDebugServer: handling req: Method(6).LineTable(1)
10:32:52.483 INFO: JdwpDebugServer: handling req: Method(6).LineTable(1)
10:32:52.483 INFO: JdwpDebugServer: handling req: EventRequest(15).Set(1)
10:32:52.484 INFO: JdwpEventCenterDelegate: jdwpSetEventRequest: JdwpEventRequest{requestId=123, eventKind=BREAKPOINT, suspendPolicy=EVENT_THREAD, predicates=[Location{classId=21445, methodId=1762, index=128} ]}
10:32:52.484 INFO: JdwpDebugServer: handling req: EventRequest(15).Set(1)
10:32:52.484 INFO: JdwpEventCenterDelegate: jdwpSetEventRequest: JdwpEventRequest{requestId=124, eventKind=CLASS_PREPARE, suspendPolicy=EVENT_THREAD, predicates=[className=com.scottlogic.util.ShaderProgramFactory]}
10:32:52.485 INFO: JdwpDebugServer: handling req: EventRequest(15).Set(1)
10:32:52.485 INFO: JdwpEventCenterDelegate: jdwpSetEventRequest: JdwpEventRequest{requestId=125, eventKind=CLASS_PREPARE, suspendPolicy=EVENT_THREAD, predicates=[className=com.scottlogic.util.ShaderProgramFactory$*]}
10:32:52.487 INFO: JdwpDebugServer: handling req: VirtualMachine(1).ClassesBySignature(2)
10:32:52.487 INFO: JdwpDebugServer: handling req: ReferenceType(2).MethodsWithGeneric(15)
10:32:52.488 INFO: JdwpDebugServer: handling req: Method(6).LineTable(1)
10:32:52.488 INFO: JdwpDebugServer: handling req: Method(6).LineTable(1)
10:32:52.488 INFO: JdwpDebugServer: handling req: Method(6).LineTable(1)
10:32:52.488 INFO: JdwpDebugServer: handling req: Method(6).LineTable(1)
10:32:52.488 INFO: JdwpDebugServer: handling req: Method(6).LineTable(1)
10:32:52.488 INFO: JdwpDebugServer: handling req: EventRequest(15).Set(1)
10:32:52.488 INFO: JdwpEventCenterDelegate: jdwpSetEventRequest: JdwpEventRequest{requestId=126, eventKind=BREAKPOINT, suspendPolicy=EVENT_THREAD, predicates=[Location{classId=20400, methodId=1787, index=106} ]}
10:32:52.489 INFO: JdwpDebugServer: handling req: VirtualMachine(1).capabilitiesNew(17)
10:32:52.492 INFO: JdwpDebugServer: handling req: EventRequest(15).Set(1)
10:32:52.492 INFO: JdwpEventCenterDelegate: jdwpSetEventRequest: JdwpEventRequest{requestId=127, eventKind=CLASS_PREPARE, suspendPolicy=EVENT_THREAD, predicates=[className=java.lang.Error]}
10:32:52.494 INFO: JdwpDebugServer: handling req: EventRequest(15).Set(1)
10:32:52.494 INFO: JdwpEventCenterDelegate: jdwpSetEventRequest: JdwpEventRequest{requestId=128, eventKind=CLASS_PREPARE, suspendPolicy=EVENT_THREAD, predicates=[className=java.lang.Error$*]}
10:32:52.495 INFO: JdwpDebugServer: handling req: VirtualMachine(1).ClassesBySignature(2)
10:32:52.495 INFO: JdwpDebugServer: handling req: EventRequest(15).Set(1)
10:32:52.496 INFO: JdwpEventCenterDelegate: jdwpSetEventRequest: JdwpEventRequest{requestId=129, eventKind=EXCEPTION, suspendPolicy=EVENT_THREAD, predicates=[exceptionType=3425(caught=true, uncaught=true)]}
10:32:52.567 INFO: JdwpDebugServer: handling req: EventRequest(15).Set(1)
10:32:52.568 INFO: JdwpEventCenterDelegate: jdwpSetEventRequest: JdwpEventRequest{requestId=130, eventKind=CLASS_PREPARE, suspendPolicy=EVENT_THREAD, predicates=[className=java.lang.Throwable]}
10:32:52.572 INFO: JdwpDebugServer: handling req: EventRequest(15).Set(1)
10:32:52.572 INFO: JdwpEventCenterDelegate: jdwpSetEventRequest: JdwpEventRequest{requestId=131, eventKind=CLASS_PREPARE, suspendPolicy=EVENT_THREAD, predicates=[className=java.lang.Throwable$*]}
10:32:52.574 INFO: JdwpDebugServer: handling req: VirtualMachine(1).ClassesBySignature(2)
10:32:52.574 INFO: JdwpDebugServer: handling req: EventRequest(15).Set(1)
10:32:52.582 INFO: JdwpEventCenterDelegate: jdwpSetEventRequest: JdwpEventRequest{requestId=132, eventKind=EXCEPTION, suspendPolicy=EVENT_THREAD, predicates=[exceptionType=7695(caught=false, uncaught=true)]}
10:32:52.586 INFO: JdwpDebugServer: handling req: ThreadReference(11).SuspendCount(12)
10:32:52.587 INFO: JdwpDebugServer: handling req: ThreadReference(11).SuspendCount(12)
10:32:52.587 INFO: JdwpDebugServer: handling req: ThreadReference(11).SuspendCount(12)
10:32:52.587 INFO: JdwpDebugServer: handling req: ThreadReference(11).SuspendCount(12)
10:32:52.588 INFO: JdwpDebugServer: handling req: VirtualMachine(1).AllThreads(4)
10:32:52.589 INFO: JdwpDebugServer: handling req: VirtualMachine(1).Resume(9)
10:32:52.686 INFO: JdwpEventCenterDelegate: THREAD_RESUMED: thread (33, main, main)
10:32:52.687 INFO: JdwpEventCenterDelegate: THREAD_RESUMED: thread (33, main, main)
10:32:52.687 INFO: JdwpEventCenterDelegate: THREAD_RESUMED: thread (33, main, main)
10:32:52.688 INFO: JdwpEventCenterDelegate: THREAD_RESUMED: thread (33, main, main)
10:32:52.688 INFO: JdwpEventCenterDelegate: THREAD_RESUMED: thread (33, main, main)
10:32:52.689 INFO: JdwpEventCenterDelegate: THREAD_RESUMED: thread (33, main, main)
10:32:52.689 INFO: JdwpEventCenterDelegate: THREAD_RESUMED: thread (33, main, main)
10:32:52.695 INFO: JdwpEventCenterDelegate: THREAD_RESUMED: thread (33, main, main)
10:32:52.696 INFO: JdwpEventCenterDelegate: THREAD_RESUMED: thread (33, main, main)
10:32:52.697 INFO: JdwpEventCenterDelegate: THREAD_RESUMED: thread (33, main, main)
10:32:52.697 INFO: JdwpEventCenterDelegate: THREAD_RESUMED: thread (33, main, main)
10:32:52.703 INFO: JdwpEventCenterDelegate: THREAD_RESUMED: thread (33, main, main)
10:32:52.703 INFO: JdwpEventCenterDelegate: THREAD_RESUMED: thread (33, main, main)
10:32:52.704 INFO: JdwpEventCenterDelegate: THREAD_RESUMED: thread (33, main, main)
10:32:52.771 INFO: JdwpEventCenterDelegate: THREAD_RESUMED: thread (33, main, main)
10:32:52.771 INFO: JdwpEventCenterDelegate: THREAD_RESUMED: thread (33, main, main)
10:32:52.771 INFO: JdwpEventCenterDelegate: THREAD_RESUMED: thread (33, main, main)
10:32:52.780 INFO: JdwpEventCenterDelegate: THREAD_RESUMED: thread (33, main, main)
10:32:52.780 INFO: JdwpEventCenterDelegate: THREAD_RESUMED: thread (33, main, main)
10:32:52.781 INFO: JdwpEventCenterDelegate: THREAD_RESUMED: thread (33, main, main)
10:32:53.086 INFO: JdwpEventCenterDelegate: THREAD_RESUMED: thread (33, main, main)
10:32:53.087 INFO: JdwpEventCenterDelegate: THREAD_RESUMED: thread (33, main, main)
10:32:53.088 INFO: JdwpEventCenterDelegate: THREAD_RESUMED: thread (33, main, main)
10:32:53.090 INFO: JdwpDebugServer: handling req: ThreadReference(11).Name(1)
10:32:53.093 INFO: JdwpDebugServer: handling req: ThreadReference(11).Name(1)
10:32:53.093 INFO: JdwpDebugServer: handling req: ThreadReference(11).Name(1)
10:32:53.093 INFO: JdwpDebugServer: handling req: ThreadReference(11).Name(1)
10:32:53.151 INFO: JdwpEventCenterDelegate: THREAD_RESUMED: thread (33, main, main)
10:32:53.151 INFO: JdwpEventCenterDelegate: THREAD_RESUMED: thread (33, main, main)
10:32:53.152 INFO: JdwpEventCenterDelegate: THREAD_RESUMED: thread (33, main, main)
10:32:53.177 INFO: JdwpEventCenterDelegate: THREAD_RESUMED: thread (33, main, main)
10:32:53.178 INFO: JdwpEventCenterDelegate: THREAD_RESUMED: thread (33, main, main)
10:32:53.179 INFO: JdwpEventCenterDelegate: THREAD_RESUMED: thread (33, main, main)
10:32:53.203 INFO: JdwpEventCenterDelegate: THREAD_RESUMED: thread (33, main, main)
10:32:53.204 INFO: JdwpEventCenterDelegate: THREAD_RESUMED: thread (33, main, main)
10:32:53.204 INFO: JdwpEventCenterDelegate: THREAD_RESUMED: thread (33, main, main)
10:32:53.205 INFO: JdwpEventCenterDelegate: THREAD_RESUMED: thread (33, main, main)
10:32:53.211 INFO: JdwpEventCenterDelegate: THREAD_RESUMED: thread (33, main, main)
10:32:53.212 INFO: JdwpEventCenterDelegate: THREAD_RESUMED: thread (33, main, main)
10:32:53.749 INFO: JdwpEventCenterDelegate: THREAD_RESUMED: thread (33, main, main)
10:32:53.751 INFO: JdwpEventCenterDelegate: THREAD_RESUMED: thread (33, main, main)
10:32:53.768 INFO: JdwpEventCenterDelegate: THREAD_RESUMED: thread (33, main, main)
10:32:53.768 INFO: JdwpEventCenterDelegate: THREAD_RESUMED: thread (33, main, main)
10:32:53.769 INFO: JdwpEventCenterDelegate: THREAD_RESUMED: thread (33, main, main)
10:32:53.769 INFO: JdwpEventCenterDelegate: THREAD_RESUMED: thread (33, main, main)
10:32:53.838 INFO: JdwpEventCenterDelegate: THREAD_RESUMED: thread (33, main, main)
10:32:54.221 INFO: JdwpDebugServer: handling req: EventRequest(15).Set(1)
10:32:54.223 INFO: JdwpEventCenterDelegate: jdwpSetEventRequest: JdwpEventRequest{requestId=133, eventKind=BREAKPOINT, suspendPolicy=EVENT_THREAD, predicates=[Location{classId=15500, methodId=1307, index=142} ]}
10:32:54.258 INFO: JdwpDebugServer: handling req: EventRequest(15).Set(1)
10:32:54.258 INFO: JdwpEventCenterDelegate: jdwpSetEventRequest: JdwpEventRequest{requestId=134, eventKind=BREAKPOINT, suspendPolicy=EVENT_THREAD, predicates=[Location{classId=15500, methodId=1307, index=141} ]}
10:32:54.260 INFO: JdwpDebugServer: handling req: ThreadReference(11).Resume(3)
10:32:54.261 INFO: JdwpEventCenterDelegate: THREAD_RESUMED: thread (33, main, main)
10:32:54.262 INFO: JdwpDebugServer: handling req: EventRequest(15).Set(1)
10:32:54.262 INFO: JdwpEventCenterDelegate: jdwpSetEventRequest: JdwpEventRequest{requestId=135, eventKind=BREAKPOINT, suspendPolicy=EVENT_THREAD, predicates=[Location{classId=21445, methodId=1762, index=128} ]}
10:32:54.278 INFO: JdwpDebugServer: handling req: ThreadReference(11).Resume(3)
10:32:54.278 INFO: JdwpEventCenterDelegate: THREAD_RESUMED: thread (33, main, main)
10:32:54.282 INFO: JdwpDebugServer: handling req: ThreadReference(11).Frames(6)
10:32:54.283 INFO: JdwpDebugServer: handling req: ReferenceType(2).MethodsWithGeneric(15)
10:32:54.284 INFO: JdwpDebugServer: handling req: ReferenceType(2).MethodsWithGeneric(15)
10:32:54.284 INFO: JdwpDebugServer: handling req: ReferenceType(2).MethodsWithGeneric(15)
10:32:54.285 INFO: JdwpDebugServer: handling req: ReferenceType(2).MethodsWithGeneric(15)
10:32:54.285 INFO: JdwpDebugServer: handling req: ReferenceType(2).MethodsWithGeneric(15)
10:32:54.286 INFO: JdwpDebugServer: handling req: ReferenceType(2).MethodsWithGeneric(15)
10:32:54.289 INFO: JdwpDebugServer: handling req: ThreadReference(11).FramesCount(7)
10:32:54.289 INFO: JdwpDebugServer: handling req: ThreadReference(11).FramesCount(7)
10:32:55.308 INFO: JdwpDebugServer: handling req: ReferenceType(2).SourceFile(7)
10:32:55.457 INFO: JdwpDebugServer: handling req: ThreadReference(11).Name(1)
10:32:55.458 INFO: JdwpDebugServer: handling req: ThreadReference(11).Name(1)
10:32:55.459 INFO: JdwpDebugServer: handling req: ReferenceType(2).SignatureWithGeneric(13)
10:32:55.459 INFO: JdwpDebugServer: handling req: ThreadReference(11).Name(1)
10:32:55.459 INFO: JdwpDebugServer: handling req: ThreadReference(11).Name(1)
10:32:55.460 INFO: JdwpDebugServer: handling req: ThreadReference(11).Name(1)
10:32:55.680 INFO: JdwpDebugServer: handling req: ReferenceType(2).FieldsWithGeneric(14)
10:32:55.680 INFO: JdwpDebugServer: handling req: ReferenceType(2).Interfaces(10)
10:32:55.680 INFO: JdwpDebugServer: handling req: ClassType(3).Superclass(1)
10:32:55.680 INFO: JdwpDebugServer: handling req: ClassType(3).Superclass(1)
10:32:55.681 INFO: JdwpDebugServer: handling req: Method(6).VariableTableWithGenerics(5)
10:32:55.740 INFO: JdwpDebugServer: handling req: StackFrame(16).GetValues(1)
10:32:55.745 INFO: JdwpDebugServer: handling req: StackFrame(16).GetValues(1)
10:32:55.745 INFO: JdwpDebugServer: handling req: ObjectReference(9).ReferenceType(1)
10:32:55.746 INFO: JdwpDebugServer: handling req: StackFrame(16).GetValues(1)
10:32:55.746 INFO: JdwpDebugServer: handling req: ReferenceType(2).FieldsWithGeneric(14)
10:32:55.746 INFO: JdwpDebugServer: handling req: ClassType(3).Superclass(1)
10:32:55.746 INFO: JdwpDebugServer: handling req: ClassType(3).Superclass(1)
10:32:55.746 INFO: JdwpDebugServer: handling req: ReferenceType(2).Interfaces(10)
10:32:55.746 INFO: JdwpDebugServer: handling req: ReferenceType(2).Interfaces(10)
10:32:55.747 INFO: JdwpDebugServer: handling req: ReferenceType(2).FieldsWithGeneric(14)
10:32:55.747 INFO: JdwpDebugServer: handling req: ReferenceType(2).Interfaces(10)
10:32:55.747 INFO: JdwpDebugServer: handling req: ReferenceType(2).Interfaces(10)
10:32:55.747 INFO: JdwpDebugServer: handling req: ReferenceType(2).Interfaces(10)
10:32:55.747 INFO: JdwpDebugServer: handling req: ReferenceType(2).FieldsWithGeneric(14)
10:32:55.747 INFO: JdwpDebugServer: handling req: ReferenceType(2).Interfaces(10)
10:32:55.747 INFO: JdwpDebugServer: handling req: ReferenceType(2).FieldsWithGeneric(14)
10:32:55.748 INFO: JdwpDebugServer: handling req: ReferenceType(2).Interfaces(10)
10:32:55.748 INFO: JdwpDebugServer: handling req: ClassType(3).Superclass(1)
10:32:55.748 INFO: JdwpDebugServer: handling req: StackFrame(16).GetValues(1)
10:32:55.748 INFO: JdwpDebugServer: handling req: ObjectReference(9).ReferenceType(1)
10:32:55.748 INFO: JdwpDebugServer: handling req: StackFrame(16).GetValues(1)
10:32:55.749 INFO: JdwpDebugServer: handling req: StackFrame(16).GetValues(1)
10:32:55.749 INFO: JdwpDebugServer: handling req: StackFrame(16).GetValues(1)
10:32:55.749 INFO: JdwpDebugServer: handling req: StringReference(10).Value(1)
10:32:55.752 INFO: JdwpDebugServer: handling req: StackFrame(16).GetValues(1)
10:32:55.753 INFO: JdwpDebugServer: handling req: StackFrame(16).GetValues(1)
10:32:55.753 INFO: JdwpDebugServer: handling req: StackFrame(16).GetValues(1)
10:32:55.753 INFO: JdwpDebugServer: handling req: StackFrame(16).GetValues(1)
10:32:55.753 INFO: JdwpDebugServer: handling req: ClassType(3).Superclass(1)
10:32:55.754 INFO: JdwpDebugServer: handling req: StackFrame(16).GetValues(1)
10:32:55.754 INFO: JdwpDebugServer: handling req: StackFrame(16).GetValues(1)
10:32:55.754 INFO: JdwpDebugServer: handling req: StackFrame(16).GetValues(1)
10:32:55.754 INFO: JdwpDebugServer: handling req: StringReference(10).Value(1)
10:32:55.756 INFO: JdwpDebugServer: handling req: StackFrame(16).GetValues(1)
10:32:55.756 INFO: JdwpDebugServer: handling req: StackFrame(16).GetValues(1)
10:32:55.800 INFO: JdwpDebugServer: handling req: ThreadReference(11).FramesCount(7)
10:32:55.803 INFO: JdwpDebugServer: handling req: ThreadReference(11).Name(1)
10:32:55.803 INFO: JdwpDebugServer: handling req: ThreadReference(11).FramesCount(7)
10:32:55.804 INFO: JdwpDebugServer: handling req: ThreadReference(11).Name(1)
10:32:55.808 INFO: JdwpDebugServer: handling req: ThreadReference(11).Name(1)
10:32:55.808 INFO: JdwpDebugServer: handling req: StackFrame(16).ThisObject(3)
10:32:55.809 INFO: JdwpDebugServer: handling req: ThreadReference(11).Name(1)
10:32:55.809 INFO: JdwpDebugServer: handling req: ObjectReference(9).ReferenceType(1)
10:32:55.810 INFO: JdwpDebugServer: handling req: Method(6).LineTable(1)
10:32:55.811 INFO: JdwpDebugServer: handling req: StackFrame(16).ThisObject(3)
10:32:55.811 INFO: JdwpDebugServer: handling req: ObjectReference(9).ReferenceType(1)
10:32:55.812 INFO: JdwpDebugServer: handling req: Method(6).LineTable(1)
10:32:55.813 INFO: JdwpDebugServer: handling req: StackFrame(16).ThisObject(3)
10:32:55.813 INFO: JdwpDebugServer: handling req: ObjectReference(9).ReferenceType(1)
10:32:55.814 INFO: JdwpDebugServer: handling req: Method(6).LineTable(1)
10:32:55.814 INFO: JdwpDebugServer: handling req: StackFrame(16).ThisObject(3)
10:32:55.814 INFO: JdwpDebugServer: handling req: ObjectReference(9).ReferenceType(1)
10:32:55.814 INFO: JdwpDebugServer: handling req: Method(6).LineTable(1)
10:32:55.815 INFO: JdwpDebugServer: handling req: StackFrame(16).ThisObject(3)
10:32:55.815 INFO: JdwpDebugServer: handling req: ObjectReference(9).ReferenceType(1)
10:32:55.816 INFO: JdwpDebugServer: handling req: Method(6).LineTable(1)
10:32:55.817 INFO: JdwpDebugServer: handling req: Method(6).LineTable(1)
10:32:55.818 INFO: JdwpDebugServer: handling req: Method(6).LineTable(1)
10:32:59.101 INFO: JdwpDebugServer: handling req: ThreadReference(11).Resume(3)
10:32:59.106 INFO: JdwpEventCenterDelegate: THREAD_RESUMED: thread (33, main, main)
10:32:59.108 INFO: JdwpDebugServer: handling req: EventRequest(15).Set(1)
10:32:59.108 INFO: JdwpEventCenterDelegate: jdwpSetEventRequest: JdwpEventRequest{requestId=136, eventKind=BREAKPOINT, suspendPolicy=EVENT_THREAD, predicates=[Location{classId=20400, methodId=1787, index=106} ]}
10:32:59.114 INFO: JdwpDebugServer: handling req: ThreadReference(11).Resume(3)
10:32:59.116 INFO: JdwpEventCenterDelegate: THREAD_RESUMED: thread (33, main, main)
10:32:59.123 INFO: JdwpDebugServer: handling req: ThreadReference(11).Name(1)
10:32:59.124 INFO: JdwpDebugServer: handling req: ThreadReference(11).Name(1)
10:32:59.124 INFO: JdwpDebugServer: handling req: ThreadReference(11).Name(1)
10:32:59.135 INFO: JdwpDebugServer: handling req: ThreadReference(11).Frames(6)
10:32:59.136 INFO: JdwpDebugServer: handling req: ThreadReference(11).FramesCount(7)
10:32:59.136 INFO: JdwpDebugServer: handling req: ThreadReference(11).FramesCount(7)
10:32:59.199 INFO: JdwpDebugServer: handling req: ReferenceType(2).SignatureWithGeneric(13)
10:32:59.200 INFO: JdwpDebugServer: handling req: ThreadReference(11).Name(1)
10:32:59.200 INFO: JdwpDebugServer: handling req: ThreadReference(11).Name(1)
10:32:59.200 INFO: JdwpDebugServer: handling req: ThreadReference(11).Name(1)
10:32:59.200 INFO: JdwpDebugServer: handling req: ThreadReference(11).Name(1)
10:32:59.201 INFO: JdwpDebugServer: handling req: ThreadReference(11).Name(1)
10:32:59.217 INFO: JdwpDebugServer: handling req: ThreadReference(11).FramesCount(7)
10:32:59.217 INFO: JdwpDebugServer: handling req: ReferenceType(2).FieldsWithGeneric(14)
10:32:59.217 INFO: JdwpDebugServer: handling req: ReferenceType(2).Interfaces(10)
10:32:59.217 INFO: JdwpDebugServer: handling req: ClassType(3).Superclass(1)
10:32:59.218 INFO: JdwpDebugServer: handling req: Method(6).VariableTableWithGenerics(5)
10:32:59.220 INFO: JdwpDebugServer: handling req: ThreadReference(11).Name(1)
10:32:59.220 INFO: JdwpDebugServer: handling req: ThreadReference(11).FramesCount(7)
10:32:59.245 INFO: JdwpDebugServer: handling req: StackFrame(16).GetValues(1)
10:32:59.247 INFO: JdwpDebugServer: handling req: ObjectReference(9).ReferenceType(1)
10:32:59.247 INFO: JdwpDebugServer: handling req: StackFrame(16).GetValues(1)
10:32:59.247 INFO: JdwpDebugServer: handling req: StackFrame(16).GetValues(1)
10:32:59.247 INFO: JdwpDebugServer: handling req: ClassType(3).Superclass(1)
10:32:59.247 INFO: JdwpDebugServer: handling req: StackFrame(16).GetValues(1)
10:32:59.248 INFO: JdwpDebugServer: handling req: ObjectReference(9).ReferenceType(1)
10:32:59.248 INFO: JdwpDebugServer: handling req: StackFrame(16).GetValues(1)
10:32:59.248 INFO: JdwpDebugServer: handling req: StackFrame(16).GetValues(1)
10:32:59.248 INFO: JdwpDebugServer: handling req: StackFrame(16).GetValues(1)
10:32:59.248 INFO: JdwpDebugServer: handling req: StringReference(10).Value(1)
10:32:59.249 INFO: JdwpDebugServer: handling req: StackFrame(16).GetValues(1)
10:32:59.249 INFO: JdwpDebugServer: handling req: StackFrame(16).GetValues(1)
10:32:59.250 INFO: JdwpDebugServer: handling req: StackFrame(16).GetValues(1)
10:32:59.250 INFO: JdwpDebugServer: handling req: StackFrame(16).GetValues(1)
10:32:59.251 INFO: JdwpDebugServer: handling req: StackFrame(16).GetValues(1)
10:32:59.251 INFO: JdwpDebugServer: handling req: StackFrame(16).GetValues(1)
10:32:59.251 INFO: JdwpDebugServer: handling req: ObjectReference(9).ReferenceType(1)
10:32:59.251 INFO: JdwpDebugServer: handling req: StackFrame(16).GetValues(1)
10:32:59.251 INFO: JdwpDebugServer: handling req: ReferenceType(2).FieldsWithGeneric(14)
10:32:59.253 INFO: JdwpDebugServer: handling req: ReferenceType(2).Interfaces(10)
10:32:59.253 INFO: JdwpDebugServer: handling req: ReferenceType(2).FieldsWithGeneric(14)
10:32:59.253 INFO: JdwpDebugServer: handling req: ReferenceType(2).Interfaces(10)
10:32:59.253 INFO: JdwpDebugServer: handling req: ClassType(3).Superclass(1)
10:32:59.254 INFO: JdwpDebugServer: handling req: StackFrame(16).ThisObject(3)
10:32:59.254 INFO: JdwpDebugServer: handling req: ObjectReference(9).ReferenceType(1)
10:32:59.255 INFO: JdwpDebugServer: handling req: StackFrame(16).ThisObject(3)
10:32:59.255 INFO: JdwpDebugServer: handling req: ObjectReference(9).ReferenceType(1)
10:32:59.255 INFO: JdwpDebugServer: handling req: StackFrame(16).ThisObject(3)
10:32:59.256 INFO: JdwpDebugServer: handling req: ObjectReference(9).ReferenceType(1)
10:32:59.256 INFO: JdwpDebugServer: handling req: StackFrame(16).ThisObject(3)
10:32:59.256 INFO: JdwpDebugServer: handling req: ObjectReference(9).ReferenceType(1)
10:32:59.256 INFO: JdwpDebugServer: handling req: StackFrame(16).ThisObject(3)
10:32:59.256 INFO: JdwpDebugServer: handling req: ObjectReference(9).ReferenceType(1)
10:32:59.257 INFO: JdwpDebugServer: handling req: StackFrame(16).GetValues(1)
10:32:59.257 INFO: JdwpDebugServer: handling req: StackFrame(16).GetValues(1)
10:32:59.257 INFO: JdwpDebugServer: handling req: ClassType(3).Superclass(1)
10:32:59.258 INFO: JdwpDebugServer: handling req: StackFrame(16).GetValues(1)
10:32:59.258 INFO: JdwpDebugServer: handling req: StackFrame(16).GetValues(1)
10:32:59.258 INFO: JdwpDebugServer: handling req: StackFrame(16).GetValues(1)
10:32:59.259 INFO: JdwpDebugServer: handling req: StringReference(10).Value(1)
10:32:59.260 INFO: JdwpDebugServer: handling req: StackFrame(16).GetValues(1)
10:32:59.261 INFO: JdwpDebugServer: handling req: StackFrame(16).GetValues(1)
10:32:59.261 INFO: JdwpDebugServer: handling req: StackFrame(16).GetValues(1)
10:32:59.261 INFO: JdwpDebugServer: handling req: StackFrame(16).GetValues(1)
10:32:59.262 INFO: JdwpDebugServer: handling req: StackFrame(16).GetValues(1)
10:32:59.262 INFO: JdwpDebugServer: handling req: StackFrame(16).GetValues(1)
10:32:59.263 INFO: JdwpDebugServer: handling req: StackFrame(16).GetValues(1)
10:32:59.263 INFO: JdwpDebugServer: handling req: StackFrame(16).GetValues(1)
10:32:59.263 INFO: JdwpDebugServer: handling req: ClassType(3).Superclass(1)
10:32:59.263 INFO: JdwpDebugServer: handling req: StackFrame(16).GetValues(1)
10:32:59.265 INFO: JdwpDebugServer: handling req: ReferenceType(2).SourceFile(7)
10:32:59.266 INFO: JdwpDebugServer: handling req: StackFrame(16).GetValues(1)
10:32:59.266 INFO: JdwpDebugServer: handling req: StackFrame(16).GetValues(1)
10:32:59.267 INFO: JdwpDebugServer: handling req: StackFrame(16).GetValues(1)
10:32:59.267 INFO: JdwpDebugServer: handling req: StackFrame(16).GetValues(1)
10:32:59.268 INFO: JdwpDebugServer: handling req: StackFrame(16).GetValues(1)
10:32:59.268 INFO: JdwpDebugServer: handling req: StackFrame(16).GetValues(1)
10:32:59.269 INFO: JdwpDebugServer: handling req: StackFrame(16).GetValues(1)
10:32:59.270 INFO: JdwpDebugServer: handling req: StackFrame(16).GetValues(1)
10:32:59.270 INFO: JdwpDebugServer: handling req: ClassType(3).Superclass(1)
10:32:59.270 INFO: JdwpDebugServer: handling req: StackFrame(16).GetValues(1)
10:32:59.270 INFO: JdwpDebugServer: handling req: StackFrame(16).GetValues(1)
10:32:59.270 INFO: JdwpDebugServer: handling req: StackFrame(16).GetValues(1)
10:32:59.270 INFO: JdwpDebugServer: handling req: StackFrame(16).GetValues(1)
10:32:59.271 INFO: JdwpDebugServer: handling req: StackFrame(16).GetValues(1)
10:32:59.271 INFO: JdwpDebugServer: handling req: StackFrame(16).GetValues(1)
10:32:59.271 INFO: JdwpDebugServer: handling req: StackFrame(16).GetValues(1)
10:32:59.271 INFO: JdwpDebugServer: handling req: StackFrame(16).GetValues(1)
10:32:59.271 INFO: JdwpDebugServer: handling req: StackFrame(16).GetValues(1)
10:32:59.271 INFO: JdwpDebugServer: handling req: StackFrame(16).GetValues(1)
10:32:59.272 INFO: JdwpDebugServer: handling req: StackFrame(16).GetValues(1)
10:32:59.272 INFO: JdwpDebugServer: handling req: StackFrame(16).GetValues(1)
10:32:59.272 INFO: JdwpDebugServer: handling req: StackFrame(16).GetValues(1)
10:32:59.272 INFO: JdwpDebugServer: handling req: StackFrame(16).GetValues(1)
10:32:59.272 INFO: JdwpDebugServer: handling req: StackFrame(16).GetValues(1)
10:32:59.272 INFO: JdwpDebugServer: handling req: StackFrame(16).GetValues(1)
10:32:59.273 INFO: JdwpDebugServer: handling req: StackFrame(16).GetValues(1)
10:32:59.273 INFO: JdwpDebugServer: handling req: ClassType(3).Superclass(1)
10:32:59.273 INFO: JdwpDebugServer: handling req: StackFrame(16).GetValues(1)
10:32:59.274 INFO: JdwpDebugServer: handling req: StackFrame(16).GetValues(1)
10:32:59.274 INFO: JdwpDebugServer: handling req: StackFrame(16).GetValues(1)
10:32:59.274 INFO: JdwpDebugServer: handling req: StackFrame(16).GetValues(1)
10:32:59.275 INFO: JdwpDebugServer: handling req: StackFrame(16).GetValues(1)
10:32:59.279 INFO: JdwpDebugServer: handling req: ObjectReference(9).GetValues(2)
10:32:59.279 INFO: JdwpDebugServer: handling req: ObjectReference(9).GetValues(2)
10:32:59.279 INFO: JdwpDebugServer: handling req: StackFrame(16).GetValues(1)
10:32:59.279 INFO: JdwpDebugServer: handling req: ObjectReference(9).GetValues(2)
10:32:59.280 INFO: JdwpDebugServer: handling req: ClassType(3).Superclass(1)
10:32:59.280 INFO: JdwpDebugServer: handling req: ObjectReference(9).GetValues(2)
10:32:59.280 INFO: JdwpDebugServer: handling req: ObjectReference(9).GetValues(2)
10:32:59.280 INFO: JdwpDebugServer: handling req: ObjectReference(9).GetValues(2)
10:32:59.281 INFO: JdwpDebugServer: handling req: ObjectReference(9).GetValues(2)
10:32:59.281 INFO: JdwpDebugServer: handling req: ObjectReference(9).GetValues(2)
10:32:59.284 INFO: JdwpDebugServer: handling req: ObjectReference(9).GetValues(2)
10:32:59.285 INFO: JdwpDebugServer: handling req: ObjectReference(9).GetValues(2)
10:32:59.285 INFO: JdwpDebugServer: handling req: ObjectReference(9).ReferenceType(1)
10:32:59.286 INFO: JdwpDebugServer: handling req: ClassType(3).Superclass(1)
10:32:59.286 INFO: JdwpDebugServer: handling req: ClassType(3).Superclass(1)
10:32:59.286 INFO: JdwpDebugServer: handling req: ReferenceType(2).Interfaces(10)
10:32:59.286 INFO: JdwpDebugServer: handling req: ReferenceType(2).Interfaces(10)
10:32:59.287 INFO: JdwpDebugServer: handling req: ObjectReference(9).GetValues(2)
10:32:59.287 INFO: JdwpDebugServer: handling req: ObjectReference(9).GetValues(2)
10:32:59.287 INFO: JdwpDebugServer: handling req: ObjectReference(9).GetValues(2)
10:32:59.287 INFO: JdwpDebugServer: handling req: ObjectReference(9).ReferenceType(1)
10:32:59.287 INFO: JdwpDebugServer: handling req: ObjectReference(9).GetValues(2)
10:32:59.287 INFO: JdwpDebugServer: handling req: ReferenceType(2).FieldsWithGeneric(14)
10:32:59.287 INFO: JdwpDebugServer: handling req: ClassType(3).Superclass(1)
10:32:59.287 INFO: JdwpDebugServer: handling req: ObjectReference(9).GetValues(2)
10:32:59.287 INFO: JdwpDebugServer: handling req: StringReference(10).Value(1)
10:32:59.288 INFO: JdwpDebugServer: handling req: ReferenceType(2).FieldsWithGeneric(14)
10:32:59.288 INFO: JdwpDebugServer: handling req: ObjectReference(9).GetValues(2)
10:32:59.289 INFO: JdwpDebugServer: handling req: ObjectReference(9).GetValues(2)
10:32:59.289 INFO: JdwpDebugServer: handling req: ObjectReference(9).GetValues(2)
10:32:59.289 INFO: JdwpDebugServer: handling req: ObjectReference(9).ReferenceType(1)
10:32:59.289 INFO: JdwpDebugServer: handling req: ObjectReference(9).GetValues(2)
10:32:59.289 INFO: JdwpDebugServer: handling req: ObjectReference(9).GetValues(2)
10:32:59.289 INFO: JdwpDebugServer: handling req: ObjectReference(9).GetValues(2)
10:32:59.290 INFO: JdwpDebugServer: handling req: ObjectReference(9).ReferenceType(1)
10:32:59.290 INFO: JdwpDebugServer: handling req: ClassType(3).Superclass(1)
10:32:59.290 INFO: JdwpDebugServer: handling req: ObjectReference(9).GetValues(2)
10:32:59.290 INFO: JdwpDebugServer: handling req: ObjectReference(9).GetValues(2)
10:32:59.290 INFO: JdwpDebugServer: handling req: ObjectReference(9).GetValues(2)
10:32:59.290 INFO: JdwpDebugServer: handling req: ObjectReference(9).GetValues(2)
10:32:59.290 INFO: JdwpDebugServer: handling req: ObjectReference(9).ReferenceType(1)
10:32:59.291 INFO: JdwpDebugServer: handling req: ObjectReference(9).GetValues(2)
10:32:59.291 INFO: JdwpDebugServer: handling req: ObjectReference(9).GetValues(2)
10:32:59.291 INFO: JdwpDebugServer: handling req: ObjectReference(9).GetValues(2)
10:32:59.291 INFO: JdwpDebugServer: handling req: ObjectReference(9).GetValues(2)
10:32:59.291 INFO: JdwpDebugServer: handling req: ObjectReference(9).GetValues(2)
10:32:59.291 INFO: JdwpDebugServer: handling req: ObjectReference(9).GetValues(2)
10:32:59.292 INFO: JdwpDebugServer: handling req: ObjectReference(9).GetValues(2)
10:32:59.292 INFO: JdwpDebugServer: handling req: ObjectReference(9).ReferenceType(1)
10:32:59.292 INFO: JdwpDebugServer: handling req: ObjectReference(9).GetValues(2)
10:32:59.292 INFO: JdwpDebugServer: handling req: ObjectReference(9).GetValues(2)
10:32:59.292 INFO: JdwpDebugServer: handling req: ClassType(3).Superclass(1)
10:32:59.292 INFO: JdwpDebugServer: handling req: ObjectReference(9).ReferenceType(1)
10:32:59.293 INFO: JdwpDebugServer: handling req: ObjectReference(9).GetValues(2)
10:32:59.293 INFO: JdwpDebugServer: handling req: ReferenceType(2).FieldsWithGeneric(14)
10:32:59.293 INFO: JdwpDebugServer: handling req: ObjectReference(9).GetValues(2)
10:32:59.293 INFO: JdwpDebugServer: handling req: ReferenceType(2).Interfaces(10)
10:32:59.293 INFO: JdwpDebugServer: handling req: ObjectReference(9).GetValues(2)
10:32:59.293 INFO: JdwpDebugServer: handling req: ClassType(3).Superclass(1)
10:32:59.293 INFO: JdwpDebugServer: handling req: ObjectReference(9).GetValues(2)
10:32:59.293 INFO: JdwpDebugServer: handling req: ReferenceType(2).FieldsWithGeneric(14)
10:32:59.293 INFO: JdwpDebugServer: handling req: ObjectReference(9).GetValues(2)
10:32:59.293 INFO: JdwpDebugServer: handling req: ReferenceType(2).Interfaces(10)
10:32:59.294 INFO: JdwpDebugServer: handling req: ObjectReference(9).GetValues(2)
10:32:59.294 INFO: JdwpDebugServer: handling req: ClassType(3).Superclass(1)
10:32:59.294 INFO: JdwpDebugServer: handling req: ObjectReference(9).GetValues(2)
10:32:59.294 INFO: JdwpDebugServer: handling req: ReferenceType(2).FieldsWithGeneric(14)
10:32:59.295 INFO: JdwpDebugServer: handling req: ObjectReference(9).GetValues(2)
10:32:59.295 INFO: JdwpDebugServer: handling req: ReferenceType(2).Interfaces(10)
10:32:59.295 INFO: JdwpDebugServer: handling req: ObjectReference(9).GetValues(2)
10:32:59.295 INFO: JdwpDebugServer: handling req: ClassType(3).Superclass(1)
10:32:59.295 INFO: JdwpDebugServer: handling req: ObjectReference(9).GetValues(2)
10:32:59.296 INFO: JdwpDebugServer: handling req: ObjectReference(9).GetValues(2)
10:32:59.296 INFO: JdwpDebugServer: handling req: ObjectReference(9).ReferenceType(1)
10:32:59.296 INFO: JdwpDebugServer: handling req: ObjectReference(9).GetValues(2)
10:32:59.296 INFO: JdwpDebugServer: handling req: ReferenceType(2).FieldsWithGeneric(14)
10:32:59.296 INFO: JdwpDebugServer: handling req: ObjectReference(9).GetValues(2)
10:32:59.297 INFO: JdwpDebugServer: handling req: ReferenceType(2).Interfaces(10)
10:32:59.297 INFO: JdwpDebugServer: handling req: ClassType(3).Superclass(1)
10:32:59.297 INFO: JdwpDebugServer: handling req: ObjectReference(9).GetValues(2)
10:32:59.297 INFO: JdwpDebugServer: handling req: ReferenceType(2).FieldsWithGeneric(14)
10:32:59.297 INFO: JdwpDebugServer: handling req: ObjectReference(9).GetValues(2)
10:32:59.297 INFO: JdwpDebugServer: handling req: ReferenceType(2).Interfaces(10)
10:32:59.297 INFO: JdwpDebugServer: handling req: ClassType(3).Superclass(1)
10:32:59.297 INFO: JdwpDebugServer: handling req: ClassType(3).Superclass(1)
10:32:59.298 INFO: JdwpDebugServer: handling req: ObjectReference(9).GetValues(2)
10:32:59.298 INFO: JdwpDebugServer: handling req: ObjectReference(9).GetValues(2)
10:32:59.298 INFO: JdwpDebugServer: handling req: ObjectReference(9).GetValues(2)
10:32:59.298 INFO: JdwpDebugServer: handling req: ObjectReference(9).GetValues(2)
10:32:59.298 INFO: JdwpDebugServer: handling req: ObjectReference(9).GetValues(2)
10:32:59.298 INFO: JdwpDebugServer: handling req: ObjectReference(9).GetValues(2)
10:32:59.299 INFO: JdwpDebugServer: handling req: ObjectReference(9).ReferenceType(1)
10:32:59.299 INFO: JdwpDebugServer: handling req: StringReference(10).Value(1)
10:32:59.300 INFO: JdwpDebugServer: handling req: ObjectReference(9).GetValues(2)
10:32:59.300 INFO: JdwpDebugServer: handling req: ObjectReference(9).GetValues(2)
10:32:59.300 INFO: JdwpDebugServer: handling req: ObjectReference(9).GetValues(2)
10:32:59.300 INFO: JdwpDebugServer: handling req: ObjectReference(9).GetValues(2)
10:32:59.300 INFO: JdwpDebugServer: handling req: ObjectReference(9).ReferenceType(1)
10:32:59.300 INFO: JdwpDebugServer: handling req: ObjectReference(9).GetValues(2)
10:32:59.301 INFO: JdwpDebugServer: handling req: ObjectReference(9).GetValues(2)
10:32:59.301 INFO: JdwpDebugServer: handling req: ObjectReference(9).GetValues(2)
10:32:59.301 INFO: JdwpDebugServer: handling req: ObjectReference(9).ReferenceType(1)
10:32:59.301 INFO: JdwpDebugServer: handling req: ObjectReference(9).GetValues(2)
10:32:59.301 INFO: JdwpDebugServer: handling req: ObjectReference(9).GetValues(2)
10:32:59.302 INFO: JdwpDebugServer: handling req: ObjectReference(9).GetValues(2)
10:32:59.302 INFO: JdwpDebugServer: handling req: ObjectReference(9).ReferenceType(1)
10:32:59.302 INFO: JdwpDebugServer: handling req: ObjectReference(9).GetValues(2)
10:32:59.302 INFO: JdwpDebugServer: handling req: ObjectReference(9).GetValues(2)
10:32:59.302 INFO: JdwpDebugServer: handling req: ObjectReference(9).GetValues(2)
10:32:59.303 INFO: JdwpDebugServer: handling req: ObjectReference(9).GetValues(2)
10:32:59.303 INFO: JdwpDebugServer: handling req: ObjectReference(9).GetValues(2)
10:32:59.303 INFO: JdwpDebugServer: handling req: ObjectReference(9).GetValues(2)
10:32:59.303 INFO: JdwpDebugServer: handling req: ObjectReference(9).GetValues(2)
10:32:59.304 INFO: JdwpDebugServer: handling req: ObjectReference(9).GetValues(2)
10:32:59.304 INFO: JdwpDebugServer: handling req: ObjectReference(9).GetValues(2)
10:32:59.304 INFO: JdwpDebugServer: handling req: ObjectReference(9).GetValues(2)
10:32:59.304 INFO: JdwpDebugServer: handling req: ObjectReference(9).GetValues(2)
10:32:59.305 INFO: JdwpDebugServer: handling req: ObjectReference(9).GetValues(2)
10:32:59.305 INFO: JdwpDebugServer: handling req: ObjectReference(9).GetValues(2)
10:32:59.305 INFO: JdwpDebugServer: handling req: ObjectReference(9).GetValues(2)
10:32:59.305 INFO: JdwpDebugServer: handling req: ClassType(3).Superclass(1)
10:32:59.306 INFO: JdwpDebugServer: handling req: ObjectReference(9).GetValues(2)
10:32:59.306 INFO: JdwpDebugServer: handling req: ObjectReference(9).GetValues(2)
10:32:59.306 INFO: JdwpDebugServer: handling req: ObjectReference(9).GetValues(2)
10:32:59.306 INFO: JdwpDebugServer: handling req: StringReference(10).Value(1)
10:32:59.307 INFO: JdwpDebugServer: handling req: ObjectReference(9).GetValues(2)
10:32:59.307 INFO: JdwpDebugServer: handling req: ObjectReference(9).GetValues(2)
10:32:59.308 INFO: JdwpDebugServer: handling req: ObjectReference(9).GetValues(2)
10:32:59.308 INFO: JdwpDebugServer: handling req: ObjectReference(9).GetValues(2)
10:32:59.308 INFO: JdwpDebugServer: handling req: ClassType(3).Superclass(1)
10:32:59.308 INFO: JdwpDebugServer: handling req: ObjectReference(9).GetValues(2)
10:32:59.308 INFO: JdwpDebugServer: handling req: ObjectReference(9).GetValues(2)
10:32:59.308 INFO: JdwpDebugServer: handling req: ObjectReference(9).GetValues(2)
10:32:59.309 INFO: JdwpDebugServer: handling req: ObjectReference(9).GetValues(2)
10:32:59.309 INFO: JdwpDebugServer: handling req: ObjectReference(9).GetValues(2)
10:32:59.309 INFO: JdwpDebugServer: handling req: ObjectReference(9).GetValues(2)
10:32:59.309 INFO: JdwpDebugServer: handling req: ObjectReference(9).GetValues(2)
10:32:59.309 INFO: JdwpDebugServer: handling req: ClassType(3).Superclass(1)
10:32:59.309 INFO: JdwpDebugServer: handling req: ObjectReference(9).GetValues(2)
10:32:59.309 INFO: JdwpDebugServer: handling req: ObjectReference(9).GetValues(2)
10:32:59.309 INFO: JdwpDebugServer: handling req: ObjectReference(9).GetValues(2)
10:32:59.310 INFO: JdwpDebugServer: handling req: ObjectReference(9).GetValues(2)
10:32:59.310 INFO: JdwpDebugServer: handling req: ObjectReference(9).GetValues(2)
10:32:59.310 INFO: JdwpDebugServer: handling req: ObjectReference(9).GetValues(2)
10:32:59.310 INFO: JdwpDebugServer: handling req: ObjectReference(9).GetValues(2)
10:32:59.310 INFO: JdwpDebugServer: handling req: ObjectReference(9).GetValues(2)
10:32:59.310 INFO: JdwpDebugServer: handling req: ObjectReference(9).GetValues(2)
10:32:59.311 INFO: JdwpDebugServer: handling req: ObjectReference(9).GetValues(2)
10:32:59.311 INFO: JdwpDebugServer: handling req: ObjectReference(9).GetValues(2)
10:32:59.311 INFO: JdwpDebugServer: handling req: ObjectReference(9).GetValues(2)
10:32:59.311 INFO: JdwpDebugServer: handling req: ObjectReference(9).GetValues(2)
10:32:59.311 INFO: JdwpDebugServer: handling req: ObjectReference(9).GetValues(2)
10:32:59.312 INFO: JdwpDebugServer: handling req: ObjectReference(9).GetValues(2)
10:32:59.312 INFO: JdwpDebugServer: handling req: ObjectReference(9).GetValues(2)
10:32:59.312 INFO: JdwpDebugServer: handling req: ObjectReference(9).GetValues(2)
10:32:59.312 INFO: JdwpDebugServer: handling req: ObjectReference(9).GetValues(2)
10:32:59.312 INFO: JdwpDebugServer: handling req: ObjectReference(9).GetValues(2)
10:32:59.313 INFO: JdwpDebugServer: handling req: ObjectReference(9).GetValues(2)
10:32:59.313 INFO: JdwpDebugServer: handling req: ObjectReference(9).GetValues(2)
10:32:59.313 INFO: JdwpDebugServer: handling req: ClassType(3).Superclass(1)
10:32:59.313 INFO: JdwpDebugServer: handling req: ObjectReference(9).GetValues(2)
10:32:59.313 INFO: JdwpDebugServer: handling req: ObjectReference(9).GetValues(2)
10:32:59.314 INFO: JdwpDebugServer: handling req: ObjectReference(9).GetValues(2)
10:32:59.314 INFO: JdwpDebugServer: handling req: ObjectReference(9).GetValues(2)
10:32:59.314 INFO: JdwpDebugServer: handling req: ObjectReference(9).GetValues(2)
10:32:59.314 INFO: JdwpDebugServer: handling req: ObjectReference(9).GetValues(2)
10:32:59.314 INFO: JdwpDebugServer: handling req: ObjectReference(9).GetValues(2)
10:32:59.314 INFO: JdwpDebugServer: handling req: ObjectReference(9).GetValues(2)
10:32:59.315 INFO: JdwpDebugServer: handling req: ObjectReference(9).GetValues(2)
10:32:59.315 INFO: JdwpDebugServer: handling req: ObjectReference(9).GetValues(2)
10:32:59.315 INFO: JdwpDebugServer: handling req: ObjectReference(9).GetValues(2)
10:32:59.315 INFO: JdwpDebugServer: handling req: ObjectReference(9).GetValues(2)
10:32:59.315 INFO: JdwpDebugServer: handling req: ObjectReference(9).GetValues(2)
10:32:59.316 INFO: JdwpDebugServer: handling req: ObjectReference(9).GetValues(2)
10:32:59.316 INFO: JdwpDebugServer: handling req: ClassType(3).Superclass(1)
10:32:59.316 INFO: JdwpDebugServer: handling req: ObjectReference(9).GetValues(2)
10:32:59.317 INFO: JdwpDebugServer: handling req: ObjectReference(9).GetValues(2)
10:32:59.318 INFO: JdwpDebugServer: handling req: ObjectReference(9).GetValues(2)
10:32:59.318 INFO: JdwpDebugServer: handling req: ObjectReference(9).GetValues(2)
10:32:59.318 INFO: JdwpDebugServer: handling req: ObjectReference(9).GetValues(2)
10:32:59.319 INFO: JdwpDebugServer: handling req: ObjectReference(9).GetValues(2)
10:32:59.319 INFO: JdwpDebugServer: handling req: ObjectReference(9).GetValues(2)
10:32:59.319 INFO: JdwpDebugServer: handling req: ClassType(3).Superclass(1)
10:32:59.319 INFO: JdwpDebugServer: handling req: ObjectReference(9).GetValues(2)
10:32:59.319 INFO: JdwpDebugServer: handling req: ObjectReference(9).GetValues(2)
10:32:59.320 INFO: JdwpDebugServer: handling req: ObjectReference(9).GetValues(2)
10:32:59.320 INFO: JdwpDebugServer: handling req: ObjectReference(9).GetValues(2)
10:32:59.320 INFO: JdwpDebugServer: handling req: ObjectReference(9).GetValues(2)
10:32:59.320 INFO: JdwpDebugServer: handling req: ObjectReference(9).GetValues(2)
10:32:59.320 INFO: JdwpDebugServer: handling req: ObjectReference(9).GetValues(2)
10:32:59.321 INFO: JdwpDebugServer: handling req: ClassType(3).Superclass(1)
10:32:59.321 INFO: JdwpDebugServer: handling req: ObjectReference(9).GetValues(2)
10:32:59.321 INFO: JdwpDebugServer: handling req: ObjectReference(9).GetValues(2)
10:32:59.321 INFO: JdwpDebugServer: handling req: ObjectReference(9).GetValues(2)
10:32:59.321 INFO: JdwpDebugServer: handling req: ObjectReference(9).GetValues(2)
10:32:59.321 INFO: JdwpDebugServer: handling req: ObjectReference(9).GetValues(2)
10:32:59.321 INFO: JdwpDebugServer: handling req: ObjectReference(9).GetValues(2)
10:32:59.322 INFO: JdwpDebugServer: handling req: ObjectReference(9).GetValues(2)
10:32:59.322 INFO: JdwpDebugServer: handling req: ObjectReference(9).GetValues(2)
10:32:59.322 INFO: JdwpDebugServer: handling req: ObjectReference(9).GetValues(2)
10:32:59.322 INFO: JdwpDebugServer: handling req: ObjectReference(9).GetValues(2)
10:32:59.323 INFO: JdwpDebugServer: handling req: ObjectReference(9).GetValues(2)
10:32:59.323 INFO: JdwpDebugServer: handling req: ObjectReference(9).GetValues(2)
10:32:59.323 INFO: JdwpDebugServer: handling req: ObjectReference(9).GetValues(2)
10:32:59.323 INFO: JdwpDebugServer: handling req: ObjectReference(9).GetValues(2)
10:32:59.323 INFO: JdwpDebugServer: handling req: ObjectReference(9).GetValues(2)
10:32:59.323 INFO: JdwpDebugServer: handling req: ClassType(3).Superclass(1)
10:32:59.323 INFO: JdwpDebugServer: handling req: ClassType(3).Superclass(1)
10:32:59.324 INFO: JdwpDebugServer: handling req: StringReference(10).Value(1)
10:32:59.324 INFO: JdwpDebugServer: handling req: ObjectReference(9).GetValues(2)
10:32:59.324 INFO: JdwpDebugServer: handling req: ObjectReference(9).GetValues(2)
10:32:59.324 INFO: JdwpDebugServer: handling req: ObjectReference(9).GetValues(2)
10:32:59.324 INFO: JdwpDebugServer: handling req: StringReference(10).Value(1)
10:32:59.324 INFO: JdwpDebugServer: handling req: ObjectReference(9).GetValues(2)
10:32:59.324 INFO: JdwpDebugServer: handling req: ObjectReference(9).GetValues(2)
10:33:05.324 INFO: JdwpDebugServer: handling req: ObjectReference(9).GetValues(2)
10:33:28.988 INFO: JdwpDebugServer: handling req: StringReference(10).Value(1)
10:34:02.852 INFO: JdwpDebugServer: handling req: ObjectReference(9).GetValues(2)
10:34:06.933 INFO: JdwpDebugServer: handling req: StringReference(10).Value(1)
10:34:07.162 INFO: JdwpDebugServer: handling req: VirtualMachine(1).Exit(10)
10:34:07.163 SEVERE: Debugger: Thread JDWP server socket thread crashed
org.robovm.debugger.DebuggerException: Terminating due exit command
	at org.robovm.debugger.jdwp.JdwpDebugServer.doSocketWork(JdwpDebugServer.java:211)
	at java.base/java.lang.Thread.run(Thread.java:833)
	at org.robovm.debugger.utils.DebuggerThread.run(DebuggerThread.java:42)
10:34:07.206 SEVERE: Debugger: Thread HooksChannel socket thread crashed
org.robovm.debugger.DebuggerException: java.nio.BufferUnderflowException
	at org.robovm.debugger.hooks.HooksChannel.doSocketWork(HooksChannel.java:149)
	at java.base/java.lang.Thread.run(Thread.java:833)
	at org.robovm.debugger.utils.DebuggerThread.run(DebuggerThread.java:42)
Caused by: java.nio.BufferUnderflowException
	at org.robovm.debugger.utils.bytebuffer.DataBufferWriter.writeFromStream(DataBufferWriter.java:91)
	at org.robovm.debugger.hooks.HooksChannel.doSocketWork(HooksChannel.java:116)
	... 2 more
