10:14:43.881 INFO: JdwpEventCenterDelegate: THREAD_STARTED: thread (33, main, main)
10:14:43.940 INFO: JdwpEventCenterDelegate: THREAD_STARTED: thread (48, ReferenceQueueDaemon, main)
10:14:43.942 INFO: JdwpEventCenterDelegate: THREAD_STARTED: thread (63, FinalizerDaemon, main)
10:14:43.943 INFO: JdwpEventCenterDelegate: THREAD_STARTED: thread (78, FinalizerWatchdogDaemon, main)
10:14:45.993 INFO: JdwpDebugServer: handling req: VirtualMachine(1).IDSizes(7)
10:14:45.995 INFO: JdwpDebugServer: handling req: EventRequest(15).Set(1)
10:14:45.995 INFO: JdwpEventCenterDelegate: jdwpSetEventRequest: JdwpEventRequest{requestId=100, eventKind=CLASS_UNLOAD, suspendPolicy=NONE, predicates=[]}
10:14:45.996 INFO: JdwpDebugServer: handling req: EventRequest(15).Set(1)
10:14:45.996 INFO: JdwpEventCenterDelegate: jdwpSetEventRequest: JdwpEventRequest{requestId=101, eventKind=THREAD_START, suspendPolicy=NONE, predicates=[]}
10:14:45.997 INFO: JdwpDebugServer: handling req: VirtualMachine(1).ClassesBySignature(2)
10:14:45.999 INFO: JdwpDebugServer: handling req: VirtualMachine(1).Version(1)
10:14:46.001 INFO: JdwpDebugServer: handling req: ReferenceType(2).MethodsWithGeneric(15)
10:14:46.002 INFO: JdwpDebugServer: handling req: Method(6).LineTable(1)
10:14:46.003 INFO: JdwpDebugServer: handling req: EventRequest(15).Set(1)
10:14:46.004 INFO: JdwpEventCenterDelegate: jdwpSetEventRequest: JdwpEventRequest{requestId=102, eventKind=BREAKPOINT, suspendPolicy=NONE, predicates=[Location{classId=845, methodId=257, index=928} ]}
10:14:46.005 INFO: JdwpDebugServer: handling req: EventRequest(15).Set(1)
10:14:46.005 INFO: JdwpEventCenterDelegate: jdwpSetEventRequest: JdwpEventRequest{requestId=103, eventKind=THREAD_DEATH, suspendPolicy=NONE, predicates=[]}
10:14:46.005 INFO: JdwpDebugServer: handling req: VirtualMachine(1).AllThreads(4)
10:14:46.006 INFO: JdwpDebugServer: handling req: ThreadReference(11).ThreadGroup(5)
10:14:46.006 INFO: JdwpDebugServer: handling req: ThreadGroup(12).Name(1)
10:14:46.007 INFO: JdwpDebugServer: handling req: ThreadGroup(12).Parent(2)
10:14:46.010 INFO: JdwpDebugServer: handling req: ObjectReference(9).ReferenceType(1)
10:14:46.011 INFO: JdwpDebugServer: handling req: ReferenceType(2).FieldsWithGeneric(14)
10:14:46.012 INFO: JdwpDebugServer: handling req: ReferenceType(2).Interfaces(10)
10:14:46.012 INFO: JdwpDebugServer: handling req: ReferenceType(2).FieldsWithGeneric(14)
10:14:46.013 INFO: JdwpDebugServer: handling req: ReferenceType(2).Interfaces(10)
10:14:46.013 INFO: JdwpDebugServer: handling req: ClassType(3).Superclass(1)
10:14:46.013 INFO: JdwpDebugServer: handling req: ReferenceType(2).FieldsWithGeneric(14)
10:14:46.014 INFO: JdwpDebugServer: handling req: ReferenceType(2).Interfaces(10)
10:14:46.014 INFO: JdwpDebugServer: handling req: ClassType(3).Superclass(1)
10:14:46.014 INFO: JdwpDebugServer: handling req: ObjectReference(9).GetValues(2)
10:14:46.015 INFO: JdwpDebugServer: handling req: ThreadReference(11).Status(4)
10:14:46.016 INFO: JdwpDebugServer: handling req: ThreadReference(11).Status(4)
10:14:46.016 INFO: JdwpDebugServer: handling req: ThreadReference(11).ThreadGroup(5)
10:14:46.016 INFO: JdwpDebugServer: handling req: ObjectReference(9).ReferenceType(1)
10:14:46.016 INFO: JdwpDebugServer: handling req: ObjectReference(9).GetValues(2)
10:14:46.017 INFO: JdwpDebugServer: handling req: ThreadReference(11).Status(4)
10:14:46.017 INFO: JdwpDebugServer: handling req: ThreadReference(11).Status(4)
10:14:46.017 INFO: JdwpDebugServer: handling req: ThreadReference(11).ThreadGroup(5)
10:14:46.018 INFO: JdwpDebugServer: handling req: ObjectReference(9).ReferenceType(1)
10:14:46.018 INFO: JdwpDebugServer: handling req: ObjectReference(9).GetValues(2)
10:14:46.018 INFO: JdwpDebugServer: handling req: ThreadReference(11).Status(4)
10:14:46.018 INFO: JdwpDebugServer: handling req: ThreadReference(11).Status(4)
10:14:46.019 INFO: JdwpDebugServer: handling req: ThreadReference(11).ThreadGroup(5)
10:14:46.019 INFO: JdwpDebugServer: handling req: ObjectReference(9).ReferenceType(1)
10:14:46.019 INFO: JdwpDebugServer: handling req: ObjectReference(9).GetValues(2)
10:14:46.020 INFO: JdwpDebugServer: handling req: ThreadReference(11).Status(4)
10:14:46.020 INFO: JdwpDebugServer: handling req: ThreadReference(11).Status(4)
10:14:46.023 INFO: JdwpDebugServer: handling req: EventRequest(15).Set(1)
10:14:46.023 INFO: JdwpEventCenterDelegate: jdwpSetEventRequest: JdwpEventRequest{requestId=104, eventKind=CLASS_PREPARE, suspendPolicy=EVENT_THREAD, predicates=[className=java.lang.Throwable]}
10:14:46.028 INFO: JdwpDebugServer: handling req: EventRequest(15).Set(1)
10:14:46.028 INFO: JdwpEventCenterDelegate: jdwpSetEventRequest: JdwpEventRequest{requestId=105, eventKind=CLASS_PREPARE, suspendPolicy=EVENT_THREAD, predicates=[className=java.lang.Throwable$*]}
10:14:46.030 INFO: JdwpDebugServer: handling req: VirtualMachine(1).ClassesBySignature(2)
10:14:46.031 INFO: JdwpDebugServer: handling req: ReferenceType(2).MethodsWithGeneric(15)
10:14:46.032 INFO: JdwpDebugServer: handling req: Method(6).LineTable(1)
10:14:46.033 INFO: JdwpDebugServer: handling req: Method(6).LineTable(1)
10:14:46.033 INFO: JdwpDebugServer: handling req: Method(6).LineTable(1)
10:14:46.034 INFO: JdwpDebugServer: handling req: Method(6).LineTable(1)
10:14:46.034 INFO: JdwpDebugServer: handling req: Method(6).LineTable(1)
10:14:46.034 INFO: JdwpDebugServer: handling req: Method(6).LineTable(1)
10:14:46.034 INFO: JdwpDebugServer: handling req: Method(6).LineTable(1)
10:14:46.034 INFO: JdwpDebugServer: handling req: Method(6).LineTable(1)
10:14:46.034 INFO: JdwpDebugServer: handling req: Method(6).LineTable(1)
10:14:46.034 INFO: JdwpDebugServer: handling req: Method(6).LineTable(1)
10:14:46.035 INFO: JdwpDebugServer: handling req: Method(6).LineTable(1)
10:14:46.035 INFO: JdwpDebugServer: handling req: Method(6).LineTable(1)
10:14:46.035 INFO: JdwpDebugServer: handling req: Method(6).LineTable(1)
10:14:46.035 INFO: JdwpDebugServer: handling req: Method(6).LineTable(1)
10:14:46.035 INFO: JdwpDebugServer: handling req: Method(6).LineTable(1)
10:14:46.035 INFO: JdwpDebugServer: handling req: Method(6).LineTable(1)
10:14:46.035 INFO: JdwpDebugServer: handling req: Method(6).LineTable(1)
10:14:46.036 INFO: JdwpDebugServer: handling req: Method(6).LineTable(1)
10:14:46.036 INFO: JdwpDebugServer: handling req: Method(6).LineTable(1)
10:14:46.036 INFO: JdwpDebugServer: handling req: Method(6).LineTable(1)
10:14:46.036 INFO: JdwpDebugServer: handling req: Method(6).LineTable(1)
10:14:46.036 INFO: JdwpDebugServer: handling req: Method(6).LineTable(1)
10:14:46.036 INFO: JdwpDebugServer: handling req: Method(6).LineTable(1)
10:14:46.037 INFO: JdwpDebugServer: handling req: Method(6).LineTable(1)
10:14:46.037 INFO: JdwpDebugServer: handling req: VirtualMachine(1).ClassesBySignature(2)
10:14:46.037 INFO: JdwpDebugServer: handling req: VirtualMachine(1).AllClassesWithGeneric(20)
10:14:46.050 INFO: JdwpDebugServer: handling req: EventRequest(15).Set(1)
10:14:46.050 INFO: JdwpEventCenterDelegate: jdwpSetEventRequest: JdwpEventRequest{requestId=106, eventKind=CLASS_PREPARE, suspendPolicy=EVENT_THREAD, predicates=[className=com.badlogic.gdx.utils.ScreenUtils]}
10:14:46.051 INFO: JdwpDebugServer: handling req: EventRequest(15).Set(1)
10:14:46.051 INFO: JdwpEventCenterDelegate: jdwpSetEventRequest: JdwpEventRequest{requestId=107, eventKind=CLASS_PREPARE, suspendPolicy=EVENT_THREAD, predicates=[className=com.badlogic.gdx.utils.ScreenUtils$*]}
10:14:46.052 INFO: JdwpDebugServer: handling req: VirtualMachine(1).ClassesBySignature(2)
10:14:46.052 INFO: JdwpDebugServer: handling req: ReferenceType(2).MethodsWithGeneric(15)
10:14:46.053 INFO: JdwpDebugServer: handling req: Method(6).LineTable(1)
10:14:46.053 INFO: JdwpDebugServer: handling req: Method(6).LineTable(1)
10:14:46.053 INFO: JdwpDebugServer: handling req: Method(6).LineTable(1)
10:14:46.053 INFO: JdwpDebugServer: handling req: Method(6).LineTable(1)
10:14:46.053 INFO: JdwpDebugServer: handling req: Method(6).LineTable(1)
10:14:46.053 INFO: JdwpDebugServer: handling req: Method(6).LineTable(1)
10:14:46.054 INFO: JdwpDebugServer: handling req: Method(6).LineTable(1)
10:14:46.054 INFO: JdwpDebugServer: handling req: Method(6).LineTable(1)
10:14:46.054 INFO: JdwpDebugServer: handling req: Method(6).LineTable(1)
10:14:46.054 INFO: JdwpDebugServer: handling req: Method(6).LineTable(1)
10:14:46.055 INFO: JdwpDebugServer: handling req: EventRequest(15).Set(1)
10:14:46.055 INFO: JdwpEventCenterDelegate: jdwpSetEventRequest: JdwpEventRequest{requestId=108, eventKind=BREAKPOINT, suspendPolicy=EVENT_THREAD, predicates=[Location{classId=22240, methodId=1272, index=89} ]}
10:14:46.057 INFO: JdwpDebugServer: handling req: EventRequest(15).Set(1)
10:14:46.057 INFO: JdwpEventCenterDelegate: jdwpSetEventRequest: JdwpEventRequest{requestId=109, eventKind=CLASS_PREPARE, suspendPolicy=EVENT_THREAD, predicates=[className=com.badlogic.gdx.utils.ScreenUtils]}
10:14:46.063 INFO: JdwpDebugServer: handling req: EventRequest(15).Set(1)
10:14:46.063 INFO: JdwpEventCenterDelegate: jdwpSetEventRequest: JdwpEventRequest{requestId=110, eventKind=CLASS_PREPARE, suspendPolicy=EVENT_THREAD, predicates=[className=com.badlogic.gdx.utils.ScreenUtils$*]}
10:14:46.064 INFO: JdwpDebugServer: handling req: VirtualMachine(1).ClassesBySignature(2)
10:14:46.066 INFO: JdwpDebugServer: handling req: EventRequest(15).Set(1)
10:14:46.067 INFO: JdwpEventCenterDelegate: jdwpSetEventRequest: JdwpEventRequest{requestId=111, eventKind=BREAKPOINT, suspendPolicy=EVENT_THREAD, predicates=[Location{classId=22240, methodId=1267, index=72} ]}
10:14:46.067 INFO: JdwpDebugServer: handling req: EventRequest(15).Set(1)
10:14:46.067 INFO: JdwpEventCenterDelegate: jdwpSetEventRequest: JdwpEventRequest{requestId=112, eventKind=CLASS_PREPARE, suspendPolicy=EVENT_THREAD, predicates=[className=com.badlogic.gdx.graphics.g2d.PolygonSpriteBatch]}
10:14:46.068 INFO: JdwpDebugServer: handling req: EventRequest(15).Set(1)
10:14:46.068 INFO: JdwpEventCenterDelegate: jdwpSetEventRequest: JdwpEventRequest{requestId=113, eventKind=CLASS_PREPARE, suspendPolicy=EVENT_THREAD, predicates=[className=com.badlogic.gdx.graphics.g2d.PolygonSpriteBatch$*]}
10:14:46.069 INFO: JdwpDebugServer: handling req: VirtualMachine(1).ClassesBySignature(2)
10:14:46.069 INFO: JdwpDebugServer: handling req: ReferenceType(2).MethodsWithGeneric(15)
10:14:46.070 INFO: JdwpDebugServer: handling req: Method(6).LineTable(1)
10:14:46.070 INFO: JdwpDebugServer: handling req: Method(6).LineTable(1)
10:14:46.070 INFO: JdwpDebugServer: handling req: Method(6).LineTable(1)
10:14:46.070 INFO: JdwpDebugServer: handling req: Method(6).LineTable(1)
10:14:46.070 INFO: JdwpDebugServer: handling req: Method(6).LineTable(1)
10:14:46.070 INFO: JdwpDebugServer: handling req: Method(6).LineTable(1)
10:14:46.070 INFO: JdwpDebugServer: handling req: Method(6).LineTable(1)
10:14:46.071 INFO: JdwpDebugServer: handling req: Method(6).LineTable(1)
10:14:46.071 INFO: JdwpDebugServer: handling req: Method(6).LineTable(1)
10:14:46.071 INFO: JdwpDebugServer: handling req: Method(6).LineTable(1)
10:14:46.071 INFO: JdwpDebugServer: handling req: Method(6).LineTable(1)
10:14:46.071 INFO: JdwpDebugServer: handling req: Method(6).LineTable(1)
10:14:46.071 INFO: JdwpDebugServer: handling req: Method(6).LineTable(1)
10:14:46.072 INFO: JdwpDebugServer: handling req: Method(6).LineTable(1)
10:14:46.072 INFO: JdwpDebugServer: handling req: Method(6).LineTable(1)
10:14:46.072 INFO: JdwpDebugServer: handling req: Method(6).LineTable(1)
10:14:46.072 INFO: JdwpDebugServer: handling req: Method(6).LineTable(1)
10:14:46.072 INFO: JdwpDebugServer: handling req: Method(6).LineTable(1)
10:14:46.072 INFO: JdwpDebugServer: handling req: Method(6).LineTable(1)
10:14:46.072 INFO: JdwpDebugServer: handling req: Method(6).LineTable(1)
10:14:46.072 INFO: JdwpDebugServer: handling req: Method(6).LineTable(1)
10:14:46.073 INFO: JdwpDebugServer: handling req: Method(6).LineTable(1)
10:14:46.073 INFO: JdwpDebugServer: handling req: Method(6).LineTable(1)
10:14:46.073 INFO: JdwpDebugServer: handling req: Method(6).LineTable(1)
10:14:46.073 INFO: JdwpDebugServer: handling req: Method(6).LineTable(1)
10:14:46.073 INFO: JdwpDebugServer: handling req: Method(6).LineTable(1)
10:14:46.073 INFO: JdwpDebugServer: handling req: Method(6).LineTable(1)
10:14:46.074 INFO: JdwpDebugServer: handling req: Method(6).LineTable(1)
10:14:46.074 INFO: JdwpDebugServer: handling req: Method(6).LineTable(1)
10:14:46.074 INFO: JdwpDebugServer: handling req: Method(6).LineTable(1)
10:14:46.074 INFO: JdwpDebugServer: handling req: Method(6).LineTable(1)
10:14:46.074 INFO: JdwpDebugServer: handling req: Method(6).LineTable(1)
10:14:46.074 INFO: JdwpDebugServer: handling req: Method(6).LineTable(1)
10:14:46.074 INFO: JdwpDebugServer: handling req: Method(6).LineTable(1)
10:14:46.075 INFO: JdwpDebugServer: handling req: Method(6).LineTable(1)
10:14:46.075 INFO: JdwpDebugServer: handling req: Method(6).LineTable(1)
10:14:46.075 INFO: JdwpDebugServer: handling req: Method(6).LineTable(1)
10:14:46.075 INFO: JdwpDebugServer: handling req: Method(6).LineTable(1)
10:14:46.075 INFO: JdwpDebugServer: handling req: Method(6).LineTable(1)
10:14:46.075 INFO: JdwpDebugServer: handling req: Method(6).LineTable(1)
10:14:46.075 INFO: JdwpDebugServer: handling req: Method(6).LineTable(1)
10:14:46.076 INFO: JdwpDebugServer: handling req: Method(6).LineTable(1)
10:14:46.076 INFO: JdwpDebugServer: handling req: Method(6).LineTable(1)
10:14:46.076 INFO: JdwpDebugServer: handling req: Method(6).LineTable(1)
10:14:46.076 INFO: JdwpDebugServer: handling req: Method(6).LineTable(1)
10:14:46.076 INFO: JdwpDebugServer: handling req: Method(6).LineTable(1)
10:14:46.076 INFO: JdwpDebugServer: handling req: Method(6).LineTable(1)
10:14:46.076 INFO: JdwpDebugServer: handling req: EventRequest(15).Set(1)
10:14:46.076 INFO: JdwpEventCenterDelegate: jdwpSetEventRequest: JdwpEventRequest{requestId=114, eventKind=BREAKPOINT, suspendPolicy=EVENT_THREAD, predicates=[Location{classId=15500, methodId=1307, index=142} ]}
10:14:46.077 INFO: JdwpDebugServer: handling req: EventRequest(15).Set(1)
10:14:46.077 INFO: JdwpEventCenterDelegate: jdwpSetEventRequest: JdwpEventRequest{requestId=115, eventKind=CLASS_PREPARE, suspendPolicy=EVENT_THREAD, predicates=[className=com.badlogic.gdx.graphics.g2d.SpriteBatch]}
10:14:46.078 INFO: JdwpDebugServer: handling req: EventRequest(15).Set(1)
10:14:46.078 INFO: JdwpEventCenterDelegate: jdwpSetEventRequest: JdwpEventRequest{requestId=116, eventKind=CLASS_PREPARE, suspendPolicy=EVENT_THREAD, predicates=[className=com.badlogic.gdx.graphics.g2d.SpriteBatch$*]}
10:14:46.079 INFO: JdwpDebugServer: handling req: VirtualMachine(1).ClassesBySignature(2)
10:14:46.079 INFO: JdwpDebugServer: handling req: ReferenceType(2).MethodsWithGeneric(15)
10:14:46.080 INFO: JdwpDebugServer: handling req: Method(6).LineTable(1)
10:14:46.080 INFO: JdwpDebugServer: handling req: Method(6).LineTable(1)
10:14:46.080 INFO: JdwpDebugServer: handling req: Method(6).LineTable(1)
10:14:46.080 INFO: JdwpDebugServer: handling req: Method(6).LineTable(1)
10:14:46.080 INFO: JdwpDebugServer: handling req: Method(6).LineTable(1)
10:14:46.080 INFO: JdwpDebugServer: handling req: Method(6).LineTable(1)
10:14:46.080 INFO: JdwpDebugServer: handling req: Method(6).LineTable(1)
10:14:46.080 INFO: JdwpDebugServer: handling req: Method(6).LineTable(1)
10:14:46.081 INFO: JdwpDebugServer: handling req: Method(6).LineTable(1)
10:14:46.081 INFO: JdwpDebugServer: handling req: Method(6).LineTable(1)
10:14:46.081 INFO: JdwpDebugServer: handling req: Method(6).LineTable(1)
10:14:46.081 INFO: JdwpDebugServer: handling req: Method(6).LineTable(1)
10:14:46.081 INFO: JdwpDebugServer: handling req: Method(6).LineTable(1)
10:14:46.081 INFO: JdwpDebugServer: handling req: Method(6).LineTable(1)
10:14:46.081 INFO: JdwpDebugServer: handling req: Method(6).LineTable(1)
10:14:46.081 INFO: JdwpDebugServer: handling req: Method(6).LineTable(1)
10:14:46.082 INFO: JdwpDebugServer: handling req: Method(6).LineTable(1)
10:14:46.082 INFO: JdwpDebugServer: handling req: Method(6).LineTable(1)
10:14:46.082 INFO: JdwpDebugServer: handling req: Method(6).LineTable(1)
10:14:46.082 INFO: JdwpDebugServer: handling req: Method(6).LineTable(1)
10:14:46.082 INFO: JdwpDebugServer: handling req: Method(6).LineTable(1)
10:14:46.082 INFO: JdwpDebugServer: handling req: Method(6).LineTable(1)
10:14:46.083 INFO: JdwpDebugServer: handling req: Method(6).LineTable(1)
10:14:46.083 INFO: JdwpDebugServer: handling req: Method(6).LineTable(1)
10:14:46.083 INFO: JdwpDebugServer: handling req: Method(6).LineTable(1)
10:14:46.083 INFO: JdwpDebugServer: handling req: Method(6).LineTable(1)
10:14:46.083 INFO: JdwpDebugServer: handling req: Method(6).LineTable(1)
10:14:46.083 INFO: JdwpDebugServer: handling req: Method(6).LineTable(1)
10:14:46.084 INFO: JdwpDebugServer: handling req: Method(6).LineTable(1)
10:14:46.084 INFO: JdwpDebugServer: handling req: Method(6).LineTable(1)
10:14:46.084 INFO: JdwpDebugServer: handling req: Method(6).LineTable(1)
10:14:46.084 INFO: JdwpDebugServer: handling req: Method(6).LineTable(1)
10:14:46.084 INFO: JdwpDebugServer: handling req: Method(6).LineTable(1)
10:14:46.084 INFO: JdwpDebugServer: handling req: Method(6).LineTable(1)
10:14:46.084 INFO: JdwpDebugServer: handling req: Method(6).LineTable(1)
10:14:46.085 INFO: JdwpDebugServer: handling req: Method(6).LineTable(1)
10:14:46.085 INFO: JdwpDebugServer: handling req: Method(6).LineTable(1)
10:14:46.085 INFO: JdwpDebugServer: handling req: Method(6).LineTable(1)
10:14:46.085 INFO: JdwpDebugServer: handling req: Method(6).LineTable(1)
10:14:46.086 INFO: JdwpDebugServer: handling req: Method(6).LineTable(1)
10:14:46.086 INFO: JdwpDebugServer: handling req: Method(6).LineTable(1)
10:14:46.086 INFO: JdwpDebugServer: handling req: Method(6).LineTable(1)
10:14:46.086 INFO: JdwpDebugServer: handling req: Method(6).LineTable(1)
10:14:46.086 INFO: JdwpDebugServer: handling req: Method(6).LineTable(1)
10:14:46.087 INFO: JdwpDebugServer: handling req: EventRequest(15).Set(1)
10:14:46.087 INFO: JdwpEventCenterDelegate: jdwpSetEventRequest: JdwpEventRequest{requestId=117, eventKind=BREAKPOINT, suspendPolicy=EVENT_THREAD, predicates=[Location{classId=18040, methodId=1542, index=163} ]}
10:14:46.088 INFO: JdwpDebugServer: handling req: EventRequest(15).Set(1)
10:14:46.088 INFO: JdwpEventCenterDelegate: jdwpSetEventRequest: JdwpEventRequest{requestId=118, eventKind=CLASS_PREPARE, suspendPolicy=EVENT_THREAD, predicates=[className=com.abdalla.bushnaq.pluvia.engine.RenderEngine]}
10:14:46.089 INFO: JdwpDebugServer: handling req: EventRequest(15).Set(1)
10:14:46.090 INFO: JdwpEventCenterDelegate: jdwpSetEventRequest: JdwpEventRequest{requestId=119, eventKind=CLASS_PREPARE, suspendPolicy=EVENT_THREAD, predicates=[className=com.abdalla.bushnaq.pluvia.engine.RenderEngine$*]}
10:14:46.091 INFO: JdwpDebugServer: handling req: VirtualMachine(1).ClassesBySignature(2)
10:14:46.091 INFO: JdwpDebugServer: handling req: ReferenceType(2).MethodsWithGeneric(15)
10:14:46.092 INFO: JdwpDebugServer: handling req: Method(6).LineTable(1)
10:14:46.092 INFO: JdwpDebugServer: handling req: Method(6).LineTable(1)
10:14:46.092 INFO: JdwpDebugServer: handling req: Method(6).LineTable(1)
10:14:46.092 INFO: JdwpDebugServer: handling req: Method(6).LineTable(1)
10:14:46.092 INFO: JdwpDebugServer: handling req: Method(6).LineTable(1)
10:14:46.092 INFO: JdwpDebugServer: handling req: Method(6).LineTable(1)
10:14:46.093 INFO: JdwpDebugServer: handling req: Method(6).LineTable(1)
10:14:46.093 INFO: JdwpDebugServer: handling req: Method(6).LineTable(1)
10:14:46.093 INFO: JdwpDebugServer: handling req: Method(6).LineTable(1)
10:14:46.093 INFO: JdwpDebugServer: handling req: Method(6).LineTable(1)
10:14:46.093 INFO: JdwpDebugServer: handling req: Method(6).LineTable(1)
10:14:46.094 INFO: JdwpDebugServer: handling req: Method(6).LineTable(1)
10:14:46.094 INFO: JdwpDebugServer: handling req: Method(6).LineTable(1)
10:14:46.094 INFO: JdwpDebugServer: handling req: Method(6).LineTable(1)
10:14:46.094 INFO: JdwpDebugServer: handling req: Method(6).LineTable(1)
10:14:46.094 INFO: JdwpDebugServer: handling req: Method(6).LineTable(1)
10:14:46.095 INFO: JdwpDebugServer: handling req: Method(6).LineTable(1)
10:14:46.095 INFO: JdwpDebugServer: handling req: Method(6).LineTable(1)
10:14:46.095 INFO: JdwpDebugServer: handling req: Method(6).LineTable(1)
10:14:46.095 INFO: JdwpDebugServer: handling req: Method(6).LineTable(1)
10:14:46.095 INFO: JdwpDebugServer: handling req: Method(6).LineTable(1)
10:14:46.096 INFO: JdwpDebugServer: handling req: Method(6).LineTable(1)
10:14:46.096 INFO: JdwpDebugServer: handling req: Method(6).LineTable(1)
10:14:46.096 INFO: JdwpDebugServer: handling req: Method(6).LineTable(1)
10:14:46.096 INFO: JdwpDebugServer: handling req: Method(6).LineTable(1)
10:14:46.096 INFO: JdwpDebugServer: handling req: Method(6).LineTable(1)
10:14:46.096 INFO: JdwpDebugServer: handling req: Method(6).LineTable(1)
10:14:46.097 INFO: JdwpDebugServer: handling req: Method(6).LineTable(1)
10:14:46.097 INFO: JdwpDebugServer: handling req: Method(6).LineTable(1)
10:14:46.097 INFO: JdwpDebugServer: handling req: Method(6).LineTable(1)
10:14:46.097 INFO: JdwpDebugServer: handling req: Method(6).LineTable(1)
10:14:46.097 INFO: JdwpDebugServer: handling req: Method(6).LineTable(1)
10:14:46.098 INFO: JdwpDebugServer: handling req: Method(6).LineTable(1)
10:14:46.098 INFO: JdwpDebugServer: handling req: Method(6).LineTable(1)
10:14:46.098 INFO: JdwpDebugServer: handling req: Method(6).LineTable(1)
10:14:46.098 INFO: JdwpDebugServer: handling req: Method(6).LineTable(1)
10:14:46.098 INFO: JdwpDebugServer: handling req: Method(6).LineTable(1)
10:14:46.098 INFO: JdwpDebugServer: handling req: Method(6).LineTable(1)
10:14:46.099 INFO: JdwpDebugServer: handling req: Method(6).LineTable(1)
10:14:46.099 INFO: JdwpDebugServer: handling req: Method(6).LineTable(1)
10:14:46.099 INFO: JdwpDebugServer: handling req: Method(6).LineTable(1)
10:14:46.099 INFO: JdwpDebugServer: handling req: Method(6).LineTable(1)
10:14:46.099 INFO: JdwpDebugServer: handling req: Method(6).LineTable(1)
10:14:46.099 INFO: JdwpDebugServer: handling req: Method(6).LineTable(1)
10:14:46.100 INFO: JdwpDebugServer: handling req: Method(6).LineTable(1)
10:14:46.100 INFO: JdwpDebugServer: handling req: Method(6).LineTable(1)
10:14:46.100 INFO: JdwpDebugServer: handling req: Method(6).LineTable(1)
10:14:46.100 INFO: JdwpDebugServer: handling req: Method(6).LineTable(1)
10:14:46.100 INFO: JdwpDebugServer: handling req: Method(6).LineTable(1)
10:14:46.100 INFO: JdwpDebugServer: handling req: Method(6).LineTable(1)
10:14:46.101 INFO: JdwpDebugServer: handling req: Method(6).LineTable(1)
10:14:46.101 INFO: JdwpDebugServer: handling req: Method(6).LineTable(1)
10:14:46.101 INFO: JdwpDebugServer: handling req: Method(6).LineTable(1)
10:14:46.101 INFO: JdwpDebugServer: handling req: Method(6).LineTable(1)
10:14:46.101 INFO: JdwpDebugServer: handling req: Method(6).LineTable(1)
10:14:46.101 INFO: JdwpDebugServer: handling req: Method(6).LineTable(1)
10:14:46.102 INFO: JdwpDebugServer: handling req: Method(6).LineTable(1)
10:14:46.102 INFO: JdwpDebugServer: handling req: Method(6).LineTable(1)
10:14:46.102 INFO: JdwpDebugServer: handling req: Method(6).LineTable(1)
10:14:46.102 INFO: JdwpDebugServer: handling req: Method(6).LineTable(1)
10:14:46.102 INFO: JdwpDebugServer: handling req: Method(6).LineTable(1)
10:14:46.102 INFO: JdwpDebugServer: handling req: Method(6).LineTable(1)
10:14:46.102 INFO: JdwpDebugServer: handling req: Method(6).LineTable(1)
10:14:46.102 INFO: JdwpDebugServer: handling req: Method(6).LineTable(1)
10:14:46.102 INFO: JdwpDebugServer: handling req: Method(6).LineTable(1)
10:14:46.102 INFO: JdwpDebugServer: handling req: Method(6).LineTable(1)
10:14:46.102 INFO: JdwpDebugServer: handling req: Method(6).LineTable(1)
10:14:46.103 INFO: JdwpDebugServer: handling req: Method(6).LineTable(1)
10:14:46.103 INFO: JdwpDebugServer: handling req: Method(6).LineTable(1)
10:14:46.103 INFO: JdwpDebugServer: handling req: Method(6).LineTable(1)
10:14:46.103 INFO: JdwpDebugServer: handling req: Method(6).LineTable(1)
10:14:46.103 INFO: JdwpDebugServer: handling req: Method(6).LineTable(1)
10:14:46.103 INFO: JdwpDebugServer: handling req: Method(6).LineTable(1)
10:14:46.103 INFO: JdwpDebugServer: handling req: Method(6).LineTable(1)
10:14:46.103 INFO: JdwpDebugServer: handling req: Method(6).LineTable(1)
10:14:46.103 INFO: JdwpDebugServer: handling req: Method(6).LineTable(1)
10:14:46.103 INFO: JdwpDebugServer: handling req: Method(6).LineTable(1)
10:14:46.104 INFO: JdwpDebugServer: handling req: Method(6).LineTable(1)
10:14:46.104 INFO: JdwpDebugServer: handling req: Method(6).LineTable(1)
10:14:46.104 INFO: JdwpDebugServer: handling req: Method(6).LineTable(1)
10:14:46.104 INFO: JdwpDebugServer: handling req: Method(6).LineTable(1)
10:14:46.104 INFO: JdwpDebugServer: handling req: Method(6).LineTable(1)
10:14:46.104 INFO: JdwpDebugServer: handling req: Method(6).LineTable(1)
10:14:46.104 INFO: JdwpDebugServer: handling req: Method(6).LineTable(1)
10:14:46.104 INFO: JdwpDebugServer: handling req: Method(6).LineTable(1)
10:14:46.104 INFO: JdwpDebugServer: handling req: Method(6).LineTable(1)
10:14:46.104 INFO: JdwpDebugServer: handling req: Method(6).LineTable(1)
10:14:46.104 INFO: JdwpDebugServer: handling req: Method(6).LineTable(1)
10:14:46.104 INFO: JdwpDebugServer: handling req: Method(6).LineTable(1)
10:14:46.105 INFO: JdwpDebugServer: handling req: Method(6).LineTable(1)
10:14:46.105 INFO: JdwpDebugServer: handling req: Method(6).LineTable(1)
10:14:46.105 INFO: JdwpDebugServer: handling req: Method(6).LineTable(1)
10:14:46.105 INFO: JdwpDebugServer: handling req: Method(6).LineTable(1)
10:14:46.105 INFO: JdwpDebugServer: handling req: Method(6).LineTable(1)
10:14:46.105 INFO: JdwpDebugServer: handling req: Method(6).LineTable(1)
10:14:46.105 INFO: JdwpDebugServer: handling req: Method(6).LineTable(1)
10:14:46.105 INFO: JdwpDebugServer: handling req: Method(6).LineTable(1)
10:14:46.105 INFO: JdwpDebugServer: handling req: Method(6).LineTable(1)
10:14:46.105 INFO: JdwpDebugServer: handling req: Method(6).LineTable(1)
10:14:46.106 INFO: JdwpDebugServer: handling req: EventRequest(15).Set(1)
10:14:46.106 INFO: JdwpEventCenterDelegate: jdwpSetEventRequest: JdwpEventRequest{requestId=120, eventKind=BREAKPOINT, suspendPolicy=EVENT_THREAD, predicates=[Location{classId=22075, methodId=1842, index=452} ]}
10:14:46.106 INFO: JdwpDebugServer: handling req: EventRequest(15).Set(1)
10:14:46.106 INFO: JdwpEventCenterDelegate: jdwpSetEventRequest: JdwpEventRequest{requestId=121, eventKind=CLASS_PREPARE, suspendPolicy=EVENT_THREAD, predicates=[className=com.badlogic.gdx.graphics.g2d.PolygonSpriteBatch]}
10:14:46.107 INFO: JdwpDebugServer: handling req: EventRequest(15).Set(1)
10:14:46.107 INFO: JdwpEventCenterDelegate: jdwpSetEventRequest: JdwpEventRequest{requestId=122, eventKind=CLASS_PREPARE, suspendPolicy=EVENT_THREAD, predicates=[className=com.badlogic.gdx.graphics.g2d.PolygonSpriteBatch$*]}
10:14:46.108 INFO: JdwpDebugServer: handling req: VirtualMachine(1).ClassesBySignature(2)
10:14:46.108 INFO: JdwpDebugServer: handling req: EventRequest(15).Set(1)
10:14:46.108 INFO: JdwpEventCenterDelegate: jdwpSetEventRequest: JdwpEventRequest{requestId=123, eventKind=BREAKPOINT, suspendPolicy=EVENT_THREAD, predicates=[Location{classId=15500, methodId=1307, index=141} ]}
10:14:46.109 INFO: JdwpDebugServer: handling req: EventRequest(15).Set(1)
10:14:46.109 INFO: JdwpEventCenterDelegate: jdwpSetEventRequest: JdwpEventRequest{requestId=124, eventKind=CLASS_PREPARE, suspendPolicy=EVENT_THREAD, predicates=[className=com.scottlogic.util.ShaderCompatibilityHelper]}
10:14:46.109 INFO: JdwpDebugServer: handling req: EventRequest(15).Set(1)
10:14:46.109 INFO: JdwpEventCenterDelegate: jdwpSetEventRequest: JdwpEventRequest{requestId=125, eventKind=CLASS_PREPARE, suspendPolicy=EVENT_THREAD, predicates=[className=com.scottlogic.util.ShaderCompatibilityHelper$*]}
10:14:46.110 INFO: JdwpDebugServer: handling req: VirtualMachine(1).ClassesBySignature(2)
10:14:46.110 INFO: JdwpDebugServer: handling req: ReferenceType(2).MethodsWithGeneric(15)
10:14:46.111 INFO: JdwpDebugServer: handling req: Method(6).LineTable(1)
10:14:46.111 INFO: JdwpDebugServer: handling req: Method(6).LineTable(1)
10:14:46.111 INFO: JdwpDebugServer: handling req: Method(6).LineTable(1)
10:14:46.111 INFO: JdwpDebugServer: handling req: Method(6).LineTable(1)
10:14:46.111 INFO: JdwpDebugServer: handling req: Method(6).LineTable(1)
10:14:46.112 INFO: JdwpDebugServer: handling req: Method(6).LineTable(1)
10:14:46.112 INFO: JdwpDebugServer: handling req: Method(6).LineTable(1)
10:14:46.112 INFO: JdwpDebugServer: handling req: EventRequest(15).Set(1)
10:14:46.112 INFO: JdwpEventCenterDelegate: jdwpSetEventRequest: JdwpEventRequest{requestId=126, eventKind=BREAKPOINT, suspendPolicy=EVENT_THREAD, predicates=[Location{classId=29075, methodId=2262, index=70} ]}
10:14:46.113 INFO: JdwpDebugServer: handling req: VirtualMachine(1).capabilitiesNew(17)
10:14:46.120 INFO: JdwpDebugServer: handling req: EventRequest(15).Set(1)
10:14:46.120 INFO: JdwpEventCenterDelegate: jdwpSetEventRequest: JdwpEventRequest{requestId=127, eventKind=CLASS_PREPARE, suspendPolicy=EVENT_THREAD, predicates=[className=java.lang.Error]}
10:14:46.123 INFO: JdwpDebugServer: handling req: EventRequest(15).Set(1)
10:14:46.124 INFO: JdwpEventCenterDelegate: jdwpSetEventRequest: JdwpEventRequest{requestId=128, eventKind=CLASS_PREPARE, suspendPolicy=EVENT_THREAD, predicates=[className=java.lang.Error$*]}
10:14:46.125 INFO: JdwpDebugServer: handling req: VirtualMachine(1).ClassesBySignature(2)
10:14:46.126 INFO: JdwpDebugServer: handling req: EventRequest(15).Set(1)
10:14:46.126 INFO: JdwpEventCenterDelegate: jdwpSetEventRequest: JdwpEventRequest{requestId=129, eventKind=EXCEPTION, suspendPolicy=EVENT_THREAD, predicates=[exceptionType=3425(caught=true, uncaught=true)]}
10:14:46.170 INFO: JdwpDebugServer: handling req: EventRequest(15).Set(1)
10:14:46.170 INFO: JdwpEventCenterDelegate: jdwpSetEventRequest: JdwpEventRequest{requestId=130, eventKind=CLASS_PREPARE, suspendPolicy=EVENT_THREAD, predicates=[className=java.lang.Throwable]}
10:14:46.171 INFO: JdwpDebugServer: handling req: EventRequest(15).Set(1)
10:14:46.171 INFO: JdwpEventCenterDelegate: jdwpSetEventRequest: JdwpEventRequest{requestId=131, eventKind=CLASS_PREPARE, suspendPolicy=EVENT_THREAD, predicates=[className=java.lang.Throwable$*]}
10:14:46.172 INFO: JdwpDebugServer: handling req: VirtualMachine(1).ClassesBySignature(2)
10:14:46.172 INFO: JdwpDebugServer: handling req: EventRequest(15).Set(1)
10:14:46.172 INFO: JdwpEventCenterDelegate: jdwpSetEventRequest: JdwpEventRequest{requestId=132, eventKind=EXCEPTION, suspendPolicy=EVENT_THREAD, predicates=[exceptionType=7695(caught=false, uncaught=true)]}
10:14:46.175 INFO: JdwpDebugServer: handling req: ThreadReference(11).SuspendCount(12)
10:14:46.175 INFO: JdwpDebugServer: handling req: ThreadReference(11).SuspendCount(12)
10:14:46.176 INFO: JdwpDebugServer: handling req: ThreadReference(11).SuspendCount(12)
10:14:46.176 INFO: JdwpDebugServer: handling req: ThreadReference(11).SuspendCount(12)
10:14:46.176 INFO: JdwpDebugServer: handling req: VirtualMachine(1).AllThreads(4)
10:14:46.176 INFO: JdwpDebugServer: handling req: VirtualMachine(1).Resume(9)
10:14:46.222 INFO: JdwpEventCenterDelegate: THREAD_RESUMED: thread (33, main, main)
10:14:46.222 INFO: JdwpEventCenterDelegate: THREAD_RESUMED: thread (33, main, main)
10:14:46.223 INFO: JdwpEventCenterDelegate: THREAD_RESUMED: thread (33, main, main)
10:14:46.223 INFO: JdwpEventCenterDelegate: THREAD_RESUMED: thread (33, main, main)
10:14:46.224 INFO: JdwpEventCenterDelegate: THREAD_RESUMED: thread (33, main, main)
10:14:46.224 INFO: JdwpEventCenterDelegate: THREAD_RESUMED: thread (33, main, main)
10:14:46.224 INFO: JdwpEventCenterDelegate: THREAD_RESUMED: thread (33, main, main)
10:14:46.226 INFO: JdwpEventCenterDelegate: THREAD_RESUMED: thread (33, main, main)
10:14:46.226 INFO: JdwpEventCenterDelegate: THREAD_RESUMED: thread (33, main, main)
10:14:46.227 INFO: JdwpEventCenterDelegate: THREAD_RESUMED: thread (33, main, main)
10:14:46.227 INFO: JdwpEventCenterDelegate: THREAD_RESUMED: thread (33, main, main)
10:14:46.232 INFO: JdwpEventCenterDelegate: THREAD_RESUMED: thread (33, main, main)
10:14:46.233 INFO: JdwpEventCenterDelegate: THREAD_RESUMED: thread (33, main, main)
10:14:46.233 INFO: JdwpEventCenterDelegate: THREAD_RESUMED: thread (33, main, main)
10:14:46.299 INFO: JdwpEventCenterDelegate: THREAD_RESUMED: thread (33, main, main)
10:14:46.299 INFO: JdwpEventCenterDelegate: THREAD_RESUMED: thread (33, main, main)
10:14:46.300 INFO: JdwpEventCenterDelegate: THREAD_RESUMED: thread (33, main, main)
10:14:46.307 INFO: JdwpEventCenterDelegate: THREAD_RESUMED: thread (33, main, main)
10:14:46.307 INFO: JdwpEventCenterDelegate: THREAD_RESUMED: thread (33, main, main)
10:14:46.308 INFO: JdwpEventCenterDelegate: THREAD_RESUMED: thread (33, main, main)
10:14:46.553 INFO: JdwpEventCenterDelegate: THREAD_RESUMED: thread (33, main, main)
10:14:46.554 INFO: JdwpEventCenterDelegate: THREAD_RESUMED: thread (33, main, main)
10:14:46.554 INFO: JdwpEventCenterDelegate: THREAD_RESUMED: thread (33, main, main)
10:14:46.614 INFO: JdwpEventCenterDelegate: THREAD_RESUMED: thread (33, main, main)
10:14:46.615 INFO: JdwpEventCenterDelegate: THREAD_RESUMED: thread (33, main, main)
10:14:46.616 INFO: JdwpEventCenterDelegate: THREAD_RESUMED: thread (33, main, main)
10:14:46.640 INFO: JdwpEventCenterDelegate: THREAD_RESUMED: thread (33, main, main)
10:14:46.641 INFO: JdwpEventCenterDelegate: THREAD_RESUMED: thread (33, main, main)
10:14:46.642 INFO: JdwpEventCenterDelegate: THREAD_RESUMED: thread (33, main, main)
10:14:46.645 INFO: JdwpDebugServer: handling req: ThreadReference(11).Name(1)
10:14:46.646 INFO: JdwpDebugServer: handling req: ThreadReference(11).Name(1)
10:14:46.646 INFO: JdwpDebugServer: handling req: ThreadReference(11).Name(1)
10:14:46.646 INFO: JdwpDebugServer: handling req: ThreadReference(11).Name(1)
10:14:46.665 INFO: JdwpEventCenterDelegate: THREAD_RESUMED: thread (33, main, main)
10:14:46.666 INFO: JdwpEventCenterDelegate: THREAD_RESUMED: thread (33, main, main)
10:14:46.666 INFO: JdwpEventCenterDelegate: THREAD_RESUMED: thread (33, main, main)
10:14:46.667 INFO: JdwpEventCenterDelegate: THREAD_RESUMED: thread (33, main, main)
10:14:46.673 INFO: JdwpEventCenterDelegate: THREAD_RESUMED: thread (33, main, main)
10:14:46.674 INFO: JdwpEventCenterDelegate: THREAD_RESUMED: thread (33, main, main)
10:14:47.220 INFO: JdwpEventCenterDelegate: THREAD_RESUMED: thread (33, main, main)
10:14:47.220 INFO: JdwpEventCenterDelegate: THREAD_RESUMED: thread (33, main, main)
10:14:47.239 INFO: JdwpEventCenterDelegate: THREAD_RESUMED: thread (33, main, main)
10:14:47.240 INFO: JdwpEventCenterDelegate: THREAD_RESUMED: thread (33, main, main)
10:14:47.241 INFO: JdwpEventCenterDelegate: THREAD_RESUMED: thread (33, main, main)
10:14:47.242 INFO: JdwpEventCenterDelegate: THREAD_RESUMED: thread (33, main, main)
10:14:47.293 INFO: JdwpDebugServer: handling req: EventRequest(15).Set(1)
10:14:47.293 INFO: JdwpEventCenterDelegate: jdwpSetEventRequest: JdwpEventRequest{requestId=133, eventKind=BREAKPOINT, suspendPolicy=EVENT_THREAD, predicates=[Location{classId=22075, methodId=1842, index=452} ]}
10:14:47.296 INFO: JdwpDebugServer: handling req: ThreadReference(11).Resume(3)
10:14:47.296 INFO: JdwpEventCenterDelegate: THREAD_RESUMED: thread (33, main, main)
10:14:47.326 INFO: JdwpEventCenterDelegate: THREAD_RESUMED: thread (33, main, main)
10:14:47.699 INFO: JdwpDebugServer: handling req: ThreadReference(11).Frames(6)
10:14:47.701 INFO: JdwpDebugServer: handling req: ReferenceType(2).MethodsWithGeneric(15)
10:14:47.704 INFO: JdwpDebugServer: handling req: ReferenceType(2).MethodsWithGeneric(15)
10:14:47.705 INFO: JdwpDebugServer: handling req: ReferenceType(2).MethodsWithGeneric(15)
10:14:47.706 INFO: JdwpDebugServer: handling req: ReferenceType(2).MethodsWithGeneric(15)
10:14:47.707 INFO: JdwpDebugServer: handling req: ReferenceType(2).MethodsWithGeneric(15)
10:14:47.712 INFO: JdwpDebugServer: handling req: ThreadReference(11).FramesCount(7)
10:14:47.713 INFO: JdwpDebugServer: handling req: ThreadReference(11).FramesCount(7)
10:14:47.909 INFO: JdwpDebugServer: handling req: ThreadReference(11).Name(1)
10:14:47.910 INFO: JdwpDebugServer: handling req: ReferenceType(2).SignatureWithGeneric(13)
10:14:47.910 INFO: JdwpDebugServer: handling req: ThreadReference(11).Name(1)
10:14:47.911 INFO: JdwpDebugServer: handling req: StackFrame(16).ThisObject(3)
10:14:47.912 INFO: JdwpDebugServer: handling req: ObjectReference(9).ReferenceType(1)
10:14:47.912 INFO: JdwpDebugServer: handling req: ThreadReference(11).Name(1)
10:14:47.912 INFO: JdwpDebugServer: handling req: ThreadReference(11).Name(1)
10:14:47.913 INFO: JdwpDebugServer: handling req: ThreadReference(11).Name(1)
10:14:47.964 INFO: JdwpDebugServer: handling req: Method(6).VariableTableWithGenerics(5)
10:14:47.985 INFO: JdwpDebugServer: handling req: ReferenceType(2).SourceFile(7)
10:14:47.988 INFO: JdwpDebugServer: handling req: ReferenceType(2).Modifiers(3)
10:14:47.988 INFO: JdwpDebugServer: handling req: ReferenceType(2).FieldsWithGeneric(14)
10:14:47.990 INFO: JdwpDebugServer: handling req: ReferenceType(2).Interfaces(10)
10:14:47.991 INFO: JdwpDebugServer: handling req: ClassType(3).Superclass(1)
10:14:47.991 INFO: JdwpDebugServer: handling req: ClassType(3).Superclass(1)
10:14:47.991 INFO: JdwpDebugServer: handling req: ReferenceType(2).Interfaces(10)
10:14:47.991 INFO: JdwpDebugServer: handling req: ClassType(3).Superclass(1)
10:14:47.993 INFO: JdwpDebugServer: handling req: ClassType(3).Superclass(1)
10:14:48.024 INFO: JdwpDebugServer: handling req: ThreadReference(11).FramesCount(7)
10:14:48.025 INFO: JdwpDebugServer: handling req: ThreadReference(11).Name(1)
10:14:48.025 INFO: JdwpDebugServer: handling req: ThreadReference(11).FramesCount(7)
10:14:48.025 INFO: JdwpDebugServer: handling req: ThreadReference(11).Name(1)
10:14:48.026 INFO: JdwpDebugServer: handling req: ThreadReference(11).Name(1)
10:14:48.026 INFO: JdwpDebugServer: handling req: ThreadReference(11).Name(1)
10:14:48.027 INFO: JdwpDebugServer: handling req: StackFrame(16).ThisObject(3)
10:14:48.027 INFO: JdwpDebugServer: handling req: ObjectReference(9).ReferenceType(1)
10:14:48.028 INFO: JdwpDebugServer: handling req: StackFrame(16).ThisObject(3)
10:14:48.029 INFO: JdwpDebugServer: handling req: ObjectReference(9).ReferenceType(1)
10:14:48.030 INFO: JdwpDebugServer: handling req: Method(6).LineTable(1)
10:14:48.035 INFO: JdwpDebugServer: handling req: StackFrame(16).ThisObject(3)
10:14:48.035 INFO: JdwpDebugServer: handling req: ObjectReference(9).ReferenceType(1)
10:14:48.036 INFO: JdwpDebugServer: handling req: Method(6).LineTable(1)
10:14:48.036 INFO: JdwpDebugServer: handling req: StackFrame(16).ThisObject(3)
10:14:48.036 INFO: JdwpDebugServer: handling req: ObjectReference(9).ReferenceType(1)
10:14:48.036 INFO: JdwpDebugServer: handling req: Method(6).LineTable(1)
10:14:48.037 INFO: JdwpDebugServer: handling req: Method(6).LineTable(1)
10:14:48.037 INFO: JdwpDebugServer: handling req: Method(6).LineTable(1)
10:14:50.133 INFO: JdwpDebugServer: handling req: ThreadReference(11).Resume(3)
10:14:50.154 INFO: JdwpEventCenterDelegate: THREAD_RESUMED: thread (33, main, main)
10:14:50.167 INFO: JdwpDebugServer: handling req: EventRequest(15).Set(1)
10:14:50.169 INFO: JdwpEventCenterDelegate: jdwpSetEventRequest: JdwpEventRequest{requestId=134, eventKind=BREAKPOINT, suspendPolicy=EVENT_THREAD, predicates=[Location{classId=15500, methodId=1307, index=142} ]}
10:14:50.199 INFO: JdwpDebugServer: handling req: EventRequest(15).Set(1)
10:14:50.199 INFO: JdwpEventCenterDelegate: jdwpSetEventRequest: JdwpEventRequest{requestId=135, eventKind=BREAKPOINT, suspendPolicy=EVENT_THREAD, predicates=[Location{classId=15500, methodId=1307, index=141} ]}
10:14:50.205 INFO: JdwpDebugServer: handling req: ThreadReference(11).Resume(3)
10:14:50.205 INFO: JdwpEventCenterDelegate: THREAD_RESUMED: thread (33, main, main)
10:14:50.206 INFO: JdwpDebugServer: handling req: EventRequest(15).Set(1)
10:14:50.206 INFO: JdwpEventCenterDelegate: jdwpSetEventRequest: JdwpEventRequest{requestId=136, eventKind=BREAKPOINT, suspendPolicy=EVENT_THREAD, predicates=[Location{classId=29075, methodId=2262, index=70} ]}
10:14:50.235 INFO: JdwpDebugServer: handling req: ThreadReference(11).Resume(3)
10:14:50.235 INFO: JdwpEventCenterDelegate: THREAD_RESUMED: thread (33, main, main)
10:14:50.240 INFO: JdwpDebugServer: handling req: ThreadReference(11).Frames(6)
10:14:50.243 INFO: JdwpDebugServer: handling req: ThreadReference(11).FramesCount(7)
10:14:50.243 INFO: JdwpDebugServer: handling req: ThreadReference(11).FramesCount(7)
10:14:50.252 INFO: JdwpDebugServer: handling req: ThreadReference(11).Name(1)
10:14:50.256 INFO: JdwpDebugServer: handling req: ThreadReference(11).Name(1)
10:14:50.256 INFO: JdwpDebugServer: handling req: ThreadReference(11).Name(1)
10:14:50.411 INFO: JdwpDebugServer: handling req: ThreadReference(11).Name(1)
10:14:50.413 INFO: JdwpDebugServer: handling req: ReferenceType(2).SignatureWithGeneric(13)
10:14:50.414 INFO: JdwpDebugServer: handling req: ThreadReference(11).Name(1)
10:14:50.415 INFO: JdwpDebugServer: handling req: ThreadReference(11).Name(1)
10:14:50.415 INFO: JdwpDebugServer: handling req: ThreadReference(11).Name(1)
10:14:50.415 INFO: JdwpDebugServer: handling req: ThreadReference(11).Name(1)
10:14:50.450 INFO: JdwpDebugServer: handling req: ReferenceType(2).SourceFile(7)
10:14:50.466 INFO: JdwpDebugServer: handling req: ReferenceType(2).FieldsWithGeneric(14)
10:14:50.466 INFO: JdwpDebugServer: handling req: ThreadReference(11).FramesCount(7)
10:14:50.466 INFO: JdwpDebugServer: handling req: ReferenceType(2).Interfaces(10)
10:14:50.466 INFO: JdwpDebugServer: handling req: ClassType(3).Superclass(1)
10:14:50.468 INFO: JdwpDebugServer: handling req: Method(6).VariableTableWithGenerics(5)
10:14:50.474 INFO: JdwpDebugServer: handling req: ThreadReference(11).Name(1)
10:14:50.476 INFO: JdwpDebugServer: handling req: ThreadReference(11).FramesCount(7)
10:14:50.483 INFO: JdwpDebugServer: handling req: StackFrame(16).ThisObject(3)
10:14:50.486 INFO: JdwpDebugServer: handling req: ObjectReference(9).ReferenceType(1)
10:14:50.486 INFO: JdwpDebugServer: handling req: StackFrame(16).ThisObject(3)
10:14:50.486 INFO: JdwpDebugServer: handling req: ObjectReference(9).ReferenceType(1)
10:14:50.487 INFO: JdwpDebugServer: handling req: StackFrame(16).ThisObject(3)
10:14:50.487 INFO: JdwpDebugServer: handling req: ObjectReference(9).ReferenceType(1)
10:14:50.487 INFO: JdwpDebugServer: handling req: StackFrame(16).ThisObject(3)
10:14:50.487 INFO: JdwpDebugServer: handling req: ObjectReference(9).ReferenceType(1)
10:14:50.488 INFO: JdwpDebugServer: handling req: StackFrame(16).ThisObject(3)
10:14:50.488 INFO: JdwpDebugServer: handling req: ObjectReference(9).ReferenceType(1)
10:14:53.782 INFO: JdwpDebugServer: handling req: VirtualMachine(1).ClassesBySignature(2)
10:14:53.782 INFO: JdwpDebugServer: handling req: ReferenceType(2).FieldsWithGeneric(14)
10:14:53.786 INFO: JdwpDebugServer: handling req: ReferenceType(2).Interfaces(10)
10:14:53.787 INFO: JdwpDebugServer: handling req: ClassType(3).Superclass(1)
10:14:53.860 INFO: JdwpDebugServer: handling req: ReferenceType(2).GetValues(6)
10:14:53.863 INFO: JdwpDebugServer: handling req: ReferenceType(2).GetValues(6)
10:14:53.863 INFO: JdwpDebugServer: handling req: ReferenceType(2).GetValues(6)
10:14:53.864 INFO: JdwpDebugServer: handling req: ReferenceType(2).GetValues(6)
10:14:53.869 INFO: JdwpDebugServer: handling req: ReferenceType(2).GetValues(6)
10:14:53.869 INFO: JdwpDebugServer: handling req: ReferenceType(2).GetValues(6)
10:15:01.713 INFO: JdwpDebugServer: handling req: EventRequest(15).Set(1)
10:15:01.713 INFO: JdwpEventCenterDelegate: jdwpSetEventRequest: JdwpEventRequest{requestId=137, eventKind=SINGLE_STEP, suspendPolicy=EVENT_THREAD, predicates=[step{threadId=33, size=1, depth=1} , count=1]}
10:15:01.715 INFO: JdwpDebugServer: handling req: ThreadReference(11).Resume(3)
10:15:01.715 INFO: JdwpEventCenterDelegate: THREAD_RESUMED: thread (33, main, main)
10:15:01.795 INFO: JdwpDebugServer: handling req: EventRequest(15).Clear(2)
10:15:01.795 INFO: JdwpDebugServer: handling req: ThreadReference(11).Frames(6)
10:15:01.795 INFO: JdwpDebugServer: handling req: ReferenceType(2).MethodsWithGeneric(15)
10:15:01.801 INFO: JdwpDebugServer: handling req: ThreadReference(11).FramesCount(7)
10:15:01.802 INFO: JdwpDebugServer: handling req: ThreadReference(11).FramesCount(7)
10:15:01.814 INFO: JdwpDebugServer: handling req: ThreadReference(11).FramesCount(7)
10:15:01.844 INFO: JdwpDebugServer: handling req: ThreadReference(11).Name(1)
10:15:01.844 INFO: JdwpDebugServer: handling req: ReferenceType(2).SignatureWithGeneric(13)
10:15:01.844 INFO: JdwpDebugServer: handling req: StackFrame(16).ThisObject(3)
10:15:01.845 INFO: JdwpDebugServer: handling req: ObjectReference(9).ReferenceType(1)
10:15:01.845 INFO: JdwpDebugServer: handling req: ThreadReference(11).Name(1)
10:15:01.846 INFO: JdwpDebugServer: handling req: ThreadReference(11).Name(1)
10:15:01.847 INFO: JdwpDebugServer: handling req: ThreadReference(11).Name(1)
10:15:01.847 INFO: JdwpDebugServer: handling req: ThreadReference(11).Name(1)
10:15:01.869 INFO: JdwpDebugServer: handling req: Method(6).VariableTableWithGenerics(5)
10:15:01.880 INFO: JdwpDebugServer: handling req: ThreadReference(11).Name(1)
10:15:01.881 INFO: JdwpDebugServer: handling req: ThreadReference(11).FramesCount(7)
10:15:01.883 INFO: JdwpDebugServer: handling req: StackFrame(16).ThisObject(3)
10:15:01.883 INFO: JdwpDebugServer: handling req: ObjectReference(9).ReferenceType(1)
10:15:01.883 INFO: JdwpDebugServer: handling req: Method(6).LineTable(1)
10:15:01.884 INFO: JdwpDebugServer: handling req: StackFrame(16).ThisObject(3)
10:15:01.884 INFO: JdwpDebugServer: handling req: ObjectReference(9).ReferenceType(1)
10:15:01.884 INFO: JdwpDebugServer: handling req: StackFrame(16).ThisObject(3)
10:15:01.885 INFO: JdwpDebugServer: handling req: ObjectReference(9).ReferenceType(1)
10:15:01.885 INFO: JdwpDebugServer: handling req: StackFrame(16).ThisObject(3)
10:15:01.885 INFO: JdwpDebugServer: handling req: ObjectReference(9).ReferenceType(1)
10:15:01.885 INFO: JdwpDebugServer: handling req: StackFrame(16).ThisObject(3)
10:15:01.885 INFO: JdwpDebugServer: handling req: ObjectReference(9).ReferenceType(1)
10:15:01.885 INFO: JdwpDebugServer: handling req: StackFrame(16).ThisObject(3)
10:15:01.886 INFO: JdwpDebugServer: handling req: ObjectReference(9).ReferenceType(1)
10:15:01.890 INFO: JdwpDebugServer: handling req: ReferenceType(2).Modifiers(3)
10:15:01.891 INFO: JdwpDebugServer: handling req: ClassType(3).Superclass(1)
10:15:01.891 INFO: JdwpDebugServer: handling req: ClassType(3).Superclass(1)
10:15:01.891 INFO: JdwpDebugServer: handling req: ClassType(3).Superclass(1)
10:15:01.891 INFO: JdwpDebugServer: handling req: ReferenceType(2).Interfaces(10)
10:15:01.892 INFO: JdwpDebugServer: handling req: ReferenceType(2).Interfaces(10)
10:15:01.892 INFO: JdwpDebugServer: handling req: ReferenceType(2).Interfaces(10)
10:15:01.892 INFO: JdwpDebugServer: handling req: ReferenceType(2).Interfaces(10)
10:15:01.892 INFO: JdwpDebugServer: handling req: ReferenceType(2).Interfaces(10)
10:15:01.893 INFO: JdwpDebugServer: handling req: StackFrame(16).GetValues(1)
10:15:01.894 INFO: JdwpDebugServer: handling req: StackFrame(16).GetValues(1)
10:15:01.894 INFO: JdwpDebugServer: handling req: StackFrame(16).GetValues(1)
10:15:01.894 INFO: JdwpDebugServer: handling req: ObjectReference(9).ReferenceType(1)
10:15:01.895 INFO: JdwpDebugServer: handling req: StackFrame(16).GetValues(1)
10:15:01.895 INFO: JdwpDebugServer: handling req: ClassType(3).Superclass(1)
10:15:01.895 INFO: JdwpDebugServer: handling req: StackFrame(16).GetValues(1)
10:15:01.895 INFO: JdwpDebugServer: handling req: ClassType(3).Superclass(1)
10:15:01.895 INFO: JdwpDebugServer: handling req: StackFrame(16).GetValues(1)
10:15:01.895 INFO: JdwpDebugServer: handling req: ReferenceType(2).Interfaces(10)
10:15:01.896 INFO: JdwpDebugServer: handling req: StackFrame(16).GetValues(1)
10:15:01.896 INFO: JdwpDebugServer: handling req: StackFrame(16).GetValues(1)
10:15:01.897 INFO: JdwpDebugServer: handling req: StackFrame(16).GetValues(1)
10:15:01.897 INFO: JdwpDebugServer: handling req: StackFrame(16).GetValues(1)
10:15:01.898 INFO: JdwpDebugServer: handling req: StackFrame(16).GetValues(1)
10:15:01.898 INFO: JdwpDebugServer: handling req: StackFrame(16).GetValues(1)
10:15:01.898 INFO: JdwpDebugServer: handling req: StackFrame(16).GetValues(1)
10:15:01.899 INFO: JdwpDebugServer: handling req: StackFrame(16).GetValues(1)
10:15:01.899 INFO: JdwpDebugServer: handling req: StackFrame(16).GetValues(1)
10:15:01.899 INFO: JdwpDebugServer: handling req: ReferenceType(2).MethodsWithGeneric(15)
10:15:01.900 INFO: JdwpDebugServer: handling req: ReferenceType(2).MethodsWithGeneric(15)
10:15:01.900 INFO: JdwpDebugServer: handling req: ReferenceType(2).FieldsWithGeneric(14)
10:15:01.900 INFO: JdwpDebugServer: handling req: ReferenceType(2).FieldsWithGeneric(14)
10:15:01.900 INFO: JdwpDebugServer: handling req: ReferenceType(2).MethodsWithGeneric(15)
10:15:01.900 INFO: JdwpDebugServer: handling req: ReferenceType(2).FieldsWithGeneric(14)
10:15:01.900 INFO: JdwpDebugServer: handling req: ClassType(3).Superclass(1)
10:15:01.900 INFO: JdwpDebugServer: handling req: ReferenceType(2).FieldsWithGeneric(14)
10:15:01.900 INFO: JdwpDebugServer: handling req: ReferenceType(2).ClassLoader(2)
10:15:01.900 INFO: JdwpDebugServer: handling req: ReferenceType(2).FieldsWithGeneric(14)
10:15:01.900 INFO: JdwpDebugServer: handling req: ObjectReference(9).InvokeMethod(6)
10:15:01.901 INFO: JdwpDebugServer: handling req: ReferenceType(2).FieldsWithGeneric(14)
10:15:01.901 INFO: JdwpDebugServer: handling req: ThreadReference(11).Frames(6)
10:15:01.902 INFO: JdwpDebugServer: handling req: StringReference(10).Value(1)
10:15:01.903 INFO: JdwpDebugServer: handling req: StackFrame(16).GetValues(1)
10:15:01.903 INFO: JdwpDebugServer: handling req: ObjectReference(9).ReferenceType(1)
10:15:01.903 INFO: JdwpDebugServer: handling req: StackFrame(16).GetValues(1)
10:15:01.904 INFO: JdwpDebugServer: handling req: ReferenceType(2).FieldsWithGeneric(14)
10:15:01.904 INFO: JdwpDebugServer: handling req: StackFrame(16).GetValues(1)
10:15:01.904 INFO: JdwpDebugServer: handling req: ReferenceType(2).Interfaces(10)
10:15:01.904 INFO: JdwpDebugServer: handling req: ClassType(3).Superclass(1)
10:15:01.904 INFO: JdwpDebugServer: handling req: ClassType(3).Superclass(1)
10:15:01.905 INFO: JdwpDebugServer: handling req: ReferenceType(2).FieldsWithGeneric(14)
10:15:01.905 INFO: JdwpDebugServer: handling req: StackFrame(16).GetValues(1)
10:15:01.905 INFO: JdwpDebugServer: handling req: ReferenceType(2).Interfaces(10)
10:15:01.905 INFO: JdwpDebugServer: handling req: StackFrame(16).GetValues(1)
10:15:01.905 INFO: JdwpDebugServer: handling req: ReferenceType(2).FieldsWithGeneric(14)
10:15:01.905 INFO: JdwpDebugServer: handling req: StackFrame(16).GetValues(1)
10:15:01.905 INFO: JdwpDebugServer: handling req: ReferenceType(2).Interfaces(10)
10:15:01.906 INFO: JdwpDebugServer: handling req: ReferenceType(2).FieldsWithGeneric(14)
10:15:01.906 INFO: JdwpDebugServer: handling req: StackFrame(16).GetValues(1)
10:15:01.906 INFO: JdwpDebugServer: handling req: ReferenceType(2).Interfaces(10)
10:15:01.906 INFO: JdwpDebugServer: handling req: StackFrame(16).GetValues(1)
10:15:01.906 INFO: JdwpDebugServer: handling req: ClassType(3).Superclass(1)
10:15:01.906 INFO: JdwpDebugServer: handling req: StackFrame(16).GetValues(1)
10:15:01.906 INFO: JdwpDebugServer: handling req: StackFrame(16).GetValues(1)
10:15:01.907 INFO: JdwpDebugServer: handling req: ClassType(3).Superclass(1)
10:15:01.907 INFO: JdwpDebugServer: handling req: StackFrame(16).GetValues(1)
10:15:01.907 INFO: JdwpDebugServer: handling req: StackFrame(16).GetValues(1)
10:15:01.907 INFO: JdwpDebugServer: handling req: StackFrame(16).GetValues(1)
10:15:01.907 INFO: JdwpDebugServer: handling req: StackFrame(16).GetValues(1)
10:15:01.907 INFO: JdwpDebugServer: handling req: StackFrame(16).GetValues(1)
10:15:01.910 INFO: JdwpDebugServer: handling req: StackFrame(16).ThisObject(3)
10:15:01.911 INFO: JdwpDebugServer: handling req: ThreadReference(11).Name(1)
10:15:01.911 INFO: JdwpDebugServer: handling req: ObjectReference(9).ReferenceType(1)
10:15:01.913 INFO: JdwpDebugServer: handling req: ReferenceType(2).SourceFile(7)
10:15:01.915 INFO: JdwpDebugServer: handling req: StackFrame(16).GetValues(1)
10:15:01.915 INFO: JdwpDebugServer: handling req: ClassType(3).Superclass(1)
10:15:01.918 INFO: JdwpDebugServer: handling req: ObjectReference(9).InvokeMethod(6)
10:15:01.919 INFO: JdwpDebugServer: handling req: ThreadReference(11).Frames(6)
10:15:01.919 INFO: JdwpDebugServer: handling req: StringReference(10).Value(1)
10:15:01.921 INFO: JdwpDebugServer: handling req: ThreadReference(11).Name(1)
10:15:01.921 INFO: JdwpDebugServer: handling req: StackFrame(16).ThisObject(3)
10:15:01.922 INFO: JdwpDebugServer: handling req: ObjectReference(9).ReferenceType(1)
10:15:11.921 INFO: JdwpDebugServer: handling req: ThreadReference(11).Resume(3)
10:15:11.922 INFO: JdwpEventCenterDelegate: THREAD_RESUMED: thread (33, main, main)
10:15:11.929 INFO: JdwpDebugServer: handling req: ThreadReference(11).Name(1)
10:15:11.930 INFO: JdwpDebugServer: handling req: ThreadReference(11).Name(1)
10:15:11.930 INFO: JdwpDebugServer: handling req: ThreadReference(11).Name(1)
10:15:11.937 INFO: JdwpEventCenterDelegate: THREAD_RESUMED: thread (33, main, main)
10:15:11.941 INFO: JdwpEventCenterDelegate: THREAD_RESUMED: thread (33, main, main)
10:15:11.943 INFO: JdwpEventCenterDelegate: THREAD_RESUMED: thread (33, main, main)
10:15:11.944 INFO: JdwpEventCenterDelegate: THREAD_RESUMED: thread (33, main, main)
10:15:11.946 INFO: JdwpEventCenterDelegate: THREAD_RESUMED: thread (33, main, main)
10:15:11.948 INFO: JdwpEventCenterDelegate: THREAD_RESUMED: thread (33, main, main)
10:15:11.953 INFO: JdwpEventCenterDelegate: THREAD_RESUMED: thread (33, main, main)
10:15:11.983 INFO: JdwpEventCenterDelegate: THREAD_RESUMED: thread (33, main, main)
10:15:12.005 INFO: JdwpEventCenterDelegate: THREAD_RESUMED: thread (33, main, main)
10:15:12.019 INFO: JdwpDebugServer: handling req: ThreadReference(11).Name(1)
10:15:12.019 INFO: JdwpEventCenterDelegate: THREAD_RESUMED: thread (33, main, main)
10:15:12.031 INFO: JdwpEventCenterDelegate: THREAD_RESUMED: thread (33, main, main)
10:15:12.047 INFO: JdwpEventCenterDelegate: THREAD_RESUMED: thread (33, main, main)
10:15:12.064 INFO: JdwpEventCenterDelegate: THREAD_RESUMED: thread (33, main, main)
10:15:12.070 INFO: JdwpEventCenterDelegate: THREAD_RESUMED: thread (33, main, main)
10:15:12.075 INFO: JdwpEventCenterDelegate: THREAD_RESUMED: thread (33, main, main)
10:15:12.080 INFO: JdwpEventCenterDelegate: THREAD_RESUMED: thread (33, main, main)
10:15:12.084 INFO: JdwpEventCenterDelegate: THREAD_RESUMED: thread (33, main, main)
10:15:12.090 INFO: JdwpEventCenterDelegate: THREAD_RESUMED: thread (33, main, main)
10:15:12.097 INFO: JdwpEventCenterDelegate: THREAD_RESUMED: thread (33, main, main)
10:15:12.102 INFO: JdwpEventCenterDelegate: THREAD_RESUMED: thread (33, main, main)
10:15:12.107 INFO: JdwpEventCenterDelegate: THREAD_RESUMED: thread (33, main, main)
10:15:12.112 INFO: JdwpEventCenterDelegate: THREAD_RESUMED: thread (33, main, main)
10:15:12.116 INFO: JdwpEventCenterDelegate: THREAD_RESUMED: thread (33, main, main)
10:15:12.122 INFO: JdwpEventCenterDelegate: THREAD_RESUMED: thread (33, main, main)
10:15:12.127 INFO: JdwpEventCenterDelegate: THREAD_RESUMED: thread (33, main, main)
10:15:12.129 INFO: JdwpEventCenterDelegate: THREAD_RESUMED: thread (33, main, main)
10:15:12.131 INFO: JdwpEventCenterDelegate: THREAD_RESUMED: thread (33, main, main)
10:15:12.133 INFO: JdwpEventCenterDelegate: THREAD_RESUMED: thread (33, main, main)
10:15:12.135 INFO: JdwpEventCenterDelegate: THREAD_RESUMED: thread (33, main, main)
10:15:12.136 INFO: JdwpEventCenterDelegate: THREAD_RESUMED: thread (33, main, main)
10:15:12.138 INFO: JdwpEventCenterDelegate: THREAD_RESUMED: thread (33, main, main)
10:15:12.140 INFO: JdwpEventCenterDelegate: THREAD_RESUMED: thread (33, main, main)
10:15:12.141 INFO: JdwpEventCenterDelegate: THREAD_RESUMED: thread (33, main, main)
10:15:12.143 INFO: JdwpEventCenterDelegate: THREAD_RESUMED: thread (33, main, main)
10:15:12.144 INFO: JdwpEventCenterDelegate: THREAD_RESUMED: thread (33, main, main)
10:15:12.145 INFO: JdwpEventCenterDelegate: THREAD_RESUMED: thread (33, main, main)
10:15:12.147 INFO: JdwpEventCenterDelegate: THREAD_RESUMED: thread (33, main, main)
10:15:12.148 INFO: JdwpEventCenterDelegate: THREAD_RESUMED: thread (33, main, main)
10:15:12.149 INFO: JdwpEventCenterDelegate: THREAD_RESUMED: thread (33, main, main)
10:15:12.150 INFO: JdwpEventCenterDelegate: THREAD_RESUMED: thread (33, main, main)
10:15:12.151 INFO: JdwpEventCenterDelegate: THREAD_RESUMED: thread (33, main, main)
10:15:12.152 INFO: JdwpEventCenterDelegate: THREAD_RESUMED: thread (33, main, main)
10:15:12.154 INFO: JdwpEventCenterDelegate: THREAD_RESUMED: thread (33, main, main)
10:15:12.155 INFO: JdwpEventCenterDelegate: THREAD_RESUMED: thread (33, main, main)
10:15:12.156 INFO: JdwpEventCenterDelegate: THREAD_RESUMED: thread (33, main, main)
10:15:12.157 INFO: JdwpEventCenterDelegate: THREAD_RESUMED: thread (33, main, main)
10:15:12.158 INFO: JdwpEventCenterDelegate: THREAD_RESUMED: thread (33, main, main)
10:15:12.160 INFO: JdwpEventCenterDelegate: THREAD_RESUMED: thread (33, main, main)
10:15:12.161 INFO: JdwpEventCenterDelegate: THREAD_RESUMED: thread (33, main, main)
10:15:12.162 INFO: JdwpEventCenterDelegate: THREAD_RESUMED: thread (33, main, main)
10:15:12.163 INFO: JdwpEventCenterDelegate: THREAD_RESUMED: thread (33, main, main)
10:15:12.164 INFO: JdwpEventCenterDelegate: THREAD_RESUMED: thread (33, main, main)
10:15:12.165 INFO: JdwpEventCenterDelegate: THREAD_RESUMED: thread (33, main, main)
10:15:12.166 INFO: JdwpEventCenterDelegate: THREAD_RESUMED: thread (33, main, main)
10:15:12.168 INFO: JdwpEventCenterDelegate: THREAD_RESUMED: thread (33, main, main)
10:15:12.169 INFO: JdwpEventCenterDelegate: THREAD_RESUMED: thread (33, main, main)
10:15:12.170 INFO: JdwpEventCenterDelegate: THREAD_RESUMED: thread (33, main, main)
10:15:12.171 INFO: JdwpEventCenterDelegate: THREAD_RESUMED: thread (33, main, main)
10:15:12.171 INFO: JdwpEventCenterDelegate: THREAD_RESUMED: thread (33, main, main)
10:15:12.172 INFO: JdwpEventCenterDelegate: THREAD_RESUMED: thread (33, main, main)
10:15:12.173 INFO: JdwpEventCenterDelegate: THREAD_RESUMED: thread (33, main, main)
10:15:12.175 INFO: JdwpEventCenterDelegate: THREAD_RESUMED: thread (33, main, main)
10:15:12.176 INFO: JdwpEventCenterDelegate: THREAD_RESUMED: thread (33, main, main)
10:15:12.177 INFO: JdwpEventCenterDelegate: THREAD_RESUMED: thread (33, main, main)
10:15:12.178 INFO: JdwpEventCenterDelegate: THREAD_RESUMED: thread (33, main, main)
10:15:12.179 INFO: JdwpEventCenterDelegate: THREAD_RESUMED: thread (33, main, main)
10:15:12.180 INFO: JdwpEventCenterDelegate: THREAD_RESUMED: thread (33, main, main)
10:15:12.181 INFO: JdwpEventCenterDelegate: THREAD_RESUMED: thread (33, main, main)
10:15:12.182 INFO: JdwpEventCenterDelegate: THREAD_RESUMED: thread (33, main, main)
10:15:12.183 INFO: JdwpEventCenterDelegate: THREAD_RESUMED: thread (33, main, main)
10:15:12.184 INFO: JdwpEventCenterDelegate: THREAD_RESUMED: thread (33, main, main)
10:15:12.185 INFO: JdwpEventCenterDelegate: THREAD_RESUMED: thread (33, main, main)
10:15:12.186 INFO: JdwpEventCenterDelegate: THREAD_RESUMED: thread (33, main, main)
10:15:12.187 INFO: JdwpEventCenterDelegate: THREAD_RESUMED: thread (33, main, main)
10:15:12.188 INFO: JdwpEventCenterDelegate: THREAD_RESUMED: thread (33, main, main)
10:15:12.188 INFO: JdwpEventCenterDelegate: THREAD_RESUMED: thread (33, main, main)
10:15:12.189 INFO: JdwpEventCenterDelegate: THREAD_RESUMED: thread (33, main, main)
10:15:12.190 INFO: JdwpEventCenterDelegate: THREAD_RESUMED: thread (33, main, main)
10:15:12.485 INFO: JdwpEventCenterDelegate: THREAD_RESUMED: thread (33, main, main)
10:15:12.505 INFO: JdwpEventCenterDelegate: THREAD_RESUMED: thread (33, main, main)
10:15:12.507 INFO: JdwpEventCenterDelegate: THREAD_RESUMED: thread (33, main, main)
10:15:12.507 INFO: JdwpEventCenterDelegate: THREAD_RESUMED: thread (33, main, main)
10:15:12.694 INFO: JdwpEventCenterDelegate: THREAD_RESUMED: thread (33, main, main)
10:15:12.694 INFO: JdwpEventCenterDelegate: THREAD_RESUMED: thread (33, main, main)
10:15:12.734 INFO: JdwpEventCenterDelegate: THREAD_RESUMED: thread (33, main, main)
10:15:12.734 INFO: JdwpEventCenterDelegate: THREAD_RESUMED: thread (33, main, main)
10:15:12.763 INFO: JdwpEventCenterDelegate: THREAD_RESUMED: thread (33, main, main)
10:15:12.764 INFO: JdwpEventCenterDelegate: THREAD_RESUMED: thread (33, main, main)
10:15:12.765 INFO: JdwpEventCenterDelegate: THREAD_RESUMED: thread (33, main, main)
10:15:12.766 INFO: JdwpEventCenterDelegate: THREAD_RESUMED: thread (33, main, main)
10:15:12.767 INFO: JdwpEventCenterDelegate: THREAD_RESUMED: thread (33, main, main)
10:15:12.768 INFO: JdwpEventCenterDelegate: THREAD_RESUMED: thread (33, main, main)
10:15:12.780 INFO: JdwpEventCenterDelegate: THREAD_RESUMED: thread (33, main, main)
10:15:12.819 SEVERE: Debugger: Thread HooksChannel socket thread crashed
org.robovm.debugger.DebuggerException: java.nio.BufferUnderflowException
	at org.robovm.debugger.hooks.HooksChannel.doSocketWork(HooksChannel.java:149)
	at java.base/java.lang.Thread.run(Thread.java:833)
	at org.robovm.debugger.utils.DebuggerThread.run(DebuggerThread.java:42)
Caused by: java.nio.BufferUnderflowException
	at org.robovm.debugger.utils.bytebuffer.DataBufferWriter.writeFromStream(DataBufferWriter.java:91)
	at org.robovm.debugger.hooks.HooksChannel.doSocketWork(HooksChannel.java:116)
	... 2 more
10:15:13.333 SEVERE: Debugger: Thread JDWP server socket thread crashed
org.robovm.debugger.DebuggerException: java.net.SocketException: Socket closed
	at org.robovm.debugger.jdwp.JdwpDebugServer.doSocketWork(JdwpDebugServer.java:215)
	at java.base/java.lang.Thread.run(Thread.java:833)
	at org.robovm.debugger.utils.DebuggerThread.run(DebuggerThread.java:42)
Caused by: java.net.SocketException: Socket closed
	at java.base/sun.nio.ch.NioSocketImpl.endRead(NioSocketImpl.java:248)
	at java.base/sun.nio.ch.NioSocketImpl.implRead(NioSocketImpl.java:327)
	at java.base/sun.nio.ch.NioSocketImpl.read(NioSocketImpl.java:350)
	at java.base/sun.nio.ch.NioSocketImpl$1.read(NioSocketImpl.java:803)
	at java.base/java.net.Socket$SocketInputStream.read(Socket.java:966)
	at org.robovm.debugger.utils.bytebuffer.DataBufferWriter.writeFromStream(DataBufferWriter.java:89)
	at org.robovm.debugger.jdwp.protocol.JdwpRequestHeader.readFromStream(JdwpRequestHeader.java:36)
	at org.robovm.debugger.jdwp.JdwpDebugServer.doSocketWork(JdwpDebugServer.java:185)
	... 2 more
