11:34:26.611 INFO: JdwpEventCenterDelegate: THREAD_STARTED: thread (33, main, main)
11:34:26.681 INFO: JdwpEventCenterDelegate: THREAD_STARTED: thread (48, ReferenceQueueDaemon, main)
11:34:26.683 INFO: JdwpEventCenterDelegate: THREAD_STARTED: thread (63, FinalizerDaemon, main)
11:34:26.683 INFO: JdwpEventCenterDelegate: THREAD_STARTED: thread (78, FinalizerWatchdogDaemon, main)
11:34:27.578 INFO: JdwpDebugServer: handling req: VirtualMachine(1).IDSizes(7)
11:34:27.579 INFO: JdwpDebugServer: handling req: EventRequest(15).Set(1)
11:34:27.579 INFO: JdwpEventCenterDelegate: jdwpSetEventRequest: JdwpEventRequest{requestId=100, eventKind=CLASS_UNLOAD, suspendPolicy=NONE, predicates=[]}
11:34:27.580 INFO: JdwpDebugServer: handling req: EventRequest(15).Set(1)
11:34:27.580 INFO: JdwpEventCenterDelegate: jdwpSetEventRequest: JdwpEventRequest{requestId=101, eventKind=THREAD_START, suspendPolicy=NONE, predicates=[]}
11:34:27.581 INFO: JdwpDebugServer: handling req: VirtualMachine(1).ClassesBySignature(2)
11:34:27.582 INFO: JdwpDebugServer: handling req: VirtualMachine(1).Version(1)
11:34:27.583 INFO: JdwpDebugServer: handling req: ReferenceType(2).MethodsWithGeneric(15)
11:34:27.584 INFO: JdwpDebugServer: handling req: Method(6).LineTable(1)
11:34:27.585 INFO: JdwpDebugServer: handling req: EventRequest(15).Set(1)
11:34:27.585 INFO: JdwpEventCenterDelegate: jdwpSetEventRequest: JdwpEventRequest{requestId=102, eventKind=BREAKPOINT, suspendPolicy=NONE, predicates=[Location{classId=845, methodId=257, index=928} ]}
11:34:27.587 INFO: JdwpDebugServer: handling req: EventRequest(15).Set(1)
11:34:27.587 INFO: JdwpEventCenterDelegate: jdwpSetEventRequest: JdwpEventRequest{requestId=103, eventKind=THREAD_DEATH, suspendPolicy=NONE, predicates=[]}
11:34:27.587 INFO: JdwpDebugServer: handling req: VirtualMachine(1).AllThreads(4)
11:34:27.588 INFO: JdwpDebugServer: handling req: ThreadReference(11).ThreadGroup(5)
11:34:27.588 INFO: JdwpDebugServer: handling req: ThreadGroup(12).Name(1)
11:34:27.589 INFO: JdwpDebugServer: handling req: ThreadGroup(12).Parent(2)
11:34:27.589 INFO: JdwpDebugServer: handling req: ObjectReference(9).ReferenceType(1)
11:34:27.591 INFO: JdwpDebugServer: handling req: ReferenceType(2).FieldsWithGeneric(14)
11:34:27.592 INFO: JdwpDebugServer: handling req: ReferenceType(2).Interfaces(10)
11:34:27.593 INFO: JdwpDebugServer: handling req: ReferenceType(2).FieldsWithGeneric(14)
11:34:27.593 INFO: JdwpDebugServer: handling req: ReferenceType(2).Interfaces(10)
11:34:27.594 INFO: JdwpDebugServer: handling req: ClassType(3).Superclass(1)
11:34:27.594 INFO: JdwpDebugServer: handling req: ReferenceType(2).FieldsWithGeneric(14)
11:34:27.594 INFO: JdwpDebugServer: handling req: ReferenceType(2).Interfaces(10)
11:34:27.595 INFO: JdwpDebugServer: handling req: ClassType(3).Superclass(1)
11:34:27.595 INFO: JdwpDebugServer: handling req: ObjectReference(9).GetValues(2)
11:34:27.597 INFO: JdwpDebugServer: handling req: ThreadReference(11).Status(4)
11:34:27.597 INFO: JdwpDebugServer: handling req: ThreadReference(11).Status(4)
11:34:27.598 INFO: JdwpDebugServer: handling req: ThreadReference(11).ThreadGroup(5)
11:34:27.598 INFO: JdwpDebugServer: handling req: ObjectReference(9).ReferenceType(1)
11:34:27.598 INFO: JdwpDebugServer: handling req: ObjectReference(9).GetValues(2)
11:34:27.599 INFO: JdwpDebugServer: handling req: ThreadReference(11).Status(4)
11:34:27.599 INFO: JdwpDebugServer: handling req: ThreadReference(11).Status(4)
11:34:27.599 INFO: JdwpDebugServer: handling req: ThreadReference(11).ThreadGroup(5)
11:34:27.600 INFO: JdwpDebugServer: handling req: ObjectReference(9).ReferenceType(1)
11:34:27.600 INFO: JdwpDebugServer: handling req: ObjectReference(9).GetValues(2)
11:34:27.600 INFO: JdwpDebugServer: handling req: ThreadReference(11).Status(4)
11:34:27.600 INFO: JdwpDebugServer: handling req: ThreadReference(11).Status(4)
11:34:27.601 INFO: JdwpDebugServer: handling req: ThreadReference(11).ThreadGroup(5)
11:34:27.601 INFO: JdwpDebugServer: handling req: ObjectReference(9).ReferenceType(1)
11:34:27.601 INFO: JdwpDebugServer: handling req: ObjectReference(9).GetValues(2)
11:34:27.601 INFO: JdwpDebugServer: handling req: ThreadReference(11).Status(4)
11:34:27.602 INFO: JdwpDebugServer: handling req: ThreadReference(11).Status(4)
11:34:27.606 INFO: JdwpDebugServer: handling req: EventRequest(15).Set(1)
11:34:27.606 INFO: JdwpEventCenterDelegate: jdwpSetEventRequest: JdwpEventRequest{requestId=104, eventKind=CLASS_PREPARE, suspendPolicy=EVENT_THREAD, predicates=[className=com.badlogic.gdx.graphics.g3d.utils.BaseShaderProvider]}
11:34:27.613 INFO: JdwpDebugServer: handling req: EventRequest(15).Set(1)
11:34:27.613 INFO: JdwpEventCenterDelegate: jdwpSetEventRequest: JdwpEventRequest{requestId=105, eventKind=CLASS_PREPARE, suspendPolicy=EVENT_THREAD, predicates=[className=com.badlogic.gdx.graphics.g3d.utils.BaseShaderProvider$*]}
11:34:27.616 INFO: JdwpDebugServer: handling req: VirtualMachine(1).ClassesBySignature(2)
11:34:27.616 INFO: JdwpDebugServer: handling req: ReferenceType(2).MethodsWithGeneric(15)
11:34:27.616 INFO: JdwpDebugServer: handling req: Method(6).LineTable(1)
11:34:27.617 INFO: JdwpDebugServer: handling req: Method(6).LineTable(1)
11:34:27.617 INFO: JdwpDebugServer: handling req: Method(6).LineTable(1)
11:34:27.619 INFO: JdwpDebugServer: handling req: ReferenceType(2).Signature(1)
11:34:27.623 INFO: JdwpDebugServer: handling req: VirtualMachine(1).capabilitiesNew(17)
11:34:27.631 INFO: JdwpDebugServer: handling req: EventRequest(15).Set(1)
11:34:27.631 INFO: JdwpEventCenterDelegate: jdwpSetEventRequest: JdwpEventRequest{requestId=106, eventKind=CLASS_PREPARE, suspendPolicy=EVENT_THREAD, predicates=[className=java.lang.Error]}
11:34:27.635 INFO: JdwpDebugServer: handling req: EventRequest(15).Set(1)
11:34:27.635 INFO: JdwpEventCenterDelegate: jdwpSetEventRequest: JdwpEventRequest{requestId=107, eventKind=CLASS_PREPARE, suspendPolicy=EVENT_THREAD, predicates=[className=java.lang.Error$*]}
11:34:27.637 INFO: JdwpDebugServer: handling req: VirtualMachine(1).ClassesBySignature(2)
11:34:27.638 INFO: JdwpDebugServer: handling req: EventRequest(15).Set(1)
11:34:27.639 INFO: JdwpEventCenterDelegate: jdwpSetEventRequest: JdwpEventRequest{requestId=108, eventKind=EXCEPTION, suspendPolicy=EVENT_THREAD, predicates=[exceptionType=3425(caught=true, uncaught=true)]}
11:34:27.641 INFO: JdwpDebugServer: handling req: ReferenceType(2).Signature(1)
11:34:27.662 INFO: JdwpDebugServer: handling req: EventRequest(15).Set(1)
11:34:27.662 INFO: JdwpEventCenterDelegate: jdwpSetEventRequest: JdwpEventRequest{requestId=109, eventKind=CLASS_PREPARE, suspendPolicy=EVENT_THREAD, predicates=[className=java.lang.Throwable]}
11:34:27.664 INFO: JdwpDebugServer: handling req: EventRequest(15).Set(1)
11:34:27.664 INFO: JdwpEventCenterDelegate: jdwpSetEventRequest: JdwpEventRequest{requestId=110, eventKind=CLASS_PREPARE, suspendPolicy=EVENT_THREAD, predicates=[className=java.lang.Throwable$*]}
11:34:27.666 INFO: JdwpDebugServer: handling req: VirtualMachine(1).ClassesBySignature(2)
11:34:27.666 INFO: JdwpDebugServer: handling req: EventRequest(15).Set(1)
11:34:27.666 INFO: JdwpEventCenterDelegate: jdwpSetEventRequest: JdwpEventRequest{requestId=111, eventKind=EXCEPTION, suspendPolicy=EVENT_THREAD, predicates=[exceptionType=7695(caught=false, uncaught=true)]}
11:34:27.667 INFO: JdwpDebugServer: handling req: ReferenceType(2).Signature(1)
11:34:27.669 INFO: JdwpDebugServer: handling req: ThreadReference(11).SuspendCount(12)
11:34:27.670 INFO: JdwpDebugServer: handling req: ThreadReference(11).SuspendCount(12)
11:34:27.672 INFO: JdwpDebugServer: handling req: ThreadReference(11).SuspendCount(12)
11:34:27.672 INFO: JdwpDebugServer: handling req: ThreadReference(11).SuspendCount(12)
11:34:27.673 INFO: JdwpDebugServer: handling req: VirtualMachine(1).AllThreads(4)
11:34:27.673 INFO: JdwpDebugServer: handling req: VirtualMachine(1).Resume(9)
11:34:27.748 INFO: JdwpEventCenterDelegate: THREAD_RESUMED: thread (33, main, main)
11:34:27.749 INFO: JdwpEventCenterDelegate: THREAD_RESUMED: thread (33, main, main)
11:34:27.751 INFO: JdwpEventCenterDelegate: THREAD_RESUMED: thread (33, main, main)
11:34:27.751 INFO: JdwpEventCenterDelegate: THREAD_RESUMED: thread (33, main, main)
11:34:27.752 INFO: JdwpEventCenterDelegate: THREAD_RESUMED: thread (33, main, main)
11:34:27.752 INFO: JdwpEventCenterDelegate: THREAD_RESUMED: thread (33, main, main)
11:34:27.752 INFO: JdwpEventCenterDelegate: THREAD_RESUMED: thread (33, main, main)
11:34:27.754 INFO: JdwpEventCenterDelegate: THREAD_RESUMED: thread (33, main, main)
11:34:27.755 INFO: JdwpEventCenterDelegate: THREAD_RESUMED: thread (33, main, main)
11:34:27.755 INFO: JdwpEventCenterDelegate: THREAD_RESUMED: thread (33, main, main)
11:34:27.756 INFO: JdwpEventCenterDelegate: THREAD_RESUMED: thread (33, main, main)
11:34:27.762 INFO: JdwpEventCenterDelegate: THREAD_RESUMED: thread (33, main, main)
11:34:27.763 INFO: JdwpEventCenterDelegate: THREAD_RESUMED: thread (33, main, main)
11:34:27.763 INFO: JdwpEventCenterDelegate: THREAD_RESUMED: thread (33, main, main)
11:34:27.827 INFO: JdwpEventCenterDelegate: THREAD_RESUMED: thread (33, main, main)
11:34:27.827 INFO: JdwpEventCenterDelegate: THREAD_RESUMED: thread (33, main, main)
11:34:27.828 INFO: JdwpEventCenterDelegate: THREAD_RESUMED: thread (33, main, main)
11:34:27.836 INFO: JdwpEventCenterDelegate: THREAD_RESUMED: thread (33, main, main)
11:34:27.839 INFO: JdwpEventCenterDelegate: THREAD_RESUMED: thread (33, main, main)
11:34:27.840 INFO: JdwpEventCenterDelegate: THREAD_RESUMED: thread (33, main, main)
11:34:28.128 INFO: JdwpEventCenterDelegate: THREAD_RESUMED: thread (33, main, main)
11:34:28.129 INFO: JdwpEventCenterDelegate: THREAD_RESUMED: thread (33, main, main)
11:34:28.129 INFO: JdwpEventCenterDelegate: THREAD_RESUMED: thread (33, main, main)
11:34:28.199 INFO: JdwpEventCenterDelegate: THREAD_RESUMED: thread (33, main, main)
11:34:28.199 INFO: JdwpEventCenterDelegate: THREAD_RESUMED: thread (33, main, main)
11:34:28.200 INFO: JdwpEventCenterDelegate: THREAD_RESUMED: thread (33, main, main)
11:34:28.228 INFO: JdwpEventCenterDelegate: THREAD_RESUMED: thread (33, main, main)
11:34:28.229 INFO: JdwpEventCenterDelegate: THREAD_RESUMED: thread (33, main, main)
11:34:28.229 INFO: JdwpEventCenterDelegate: THREAD_RESUMED: thread (33, main, main)
11:34:28.258 INFO: JdwpEventCenterDelegate: THREAD_RESUMED: thread (33, main, main)
11:34:28.258 INFO: JdwpEventCenterDelegate: THREAD_RESUMED: thread (33, main, main)
11:34:28.259 INFO: JdwpEventCenterDelegate: THREAD_RESUMED: thread (33, main, main)
11:34:28.259 INFO: JdwpEventCenterDelegate: THREAD_RESUMED: thread (33, main, main)
11:34:28.266 INFO: JdwpEventCenterDelegate: THREAD_RESUMED: thread (33, main, main)
11:34:28.266 INFO: JdwpEventCenterDelegate: THREAD_RESUMED: thread (33, main, main)
11:34:28.271 INFO: JdwpDebugServer: handling req: ThreadReference(11).Name(1)
11:34:28.272 INFO: JdwpDebugServer: handling req: ThreadReference(11).Name(1)
11:34:28.272 INFO: JdwpDebugServer: handling req: ThreadReference(11).Name(1)
11:34:28.273 INFO: JdwpDebugServer: handling req: ThreadReference(11).Name(1)
11:34:28.820 INFO: JdwpEventCenterDelegate: THREAD_RESUMED: thread (33, main, main)
11:34:28.820 INFO: JdwpEventCenterDelegate: THREAD_RESUMED: thread (33, main, main)
11:34:28.839 INFO: JdwpEventCenterDelegate: THREAD_RESUMED: thread (33, main, main)
11:34:28.840 INFO: JdwpEventCenterDelegate: THREAD_RESUMED: thread (33, main, main)
11:34:28.841 INFO: JdwpEventCenterDelegate: THREAD_RESUMED: thread (33, main, main)
11:34:28.841 INFO: JdwpEventCenterDelegate: THREAD_RESUMED: thread (33, main, main)
11:34:28.906 INFO: JdwpEventCenterDelegate: THREAD_RESUMED: thread (33, main, main)
11:34:29.292 INFO: JdwpDebugServer: handling req: ThreadReference(11).Resume(3)
11:34:29.293 INFO: JdwpEventCenterDelegate: THREAD_RESUMED: thread (33, main, main)
11:34:29.300 INFO: JdwpEventCenterDelegate: THREAD_RESUMED: thread (33, main, main)
11:34:29.300 INFO: JdwpEventCenterDelegate: THREAD_RESUMED: thread (33, main, main)
11:34:29.302 INFO: JdwpEventCenterDelegate: THREAD_RESUMED: thread (33, main, main)
11:34:29.303 INFO: JdwpEventCenterDelegate: THREAD_RESUMED: thread (33, main, main)
11:34:29.303 INFO: JdwpEventCenterDelegate: THREAD_RESUMED: thread (33, main, main)
11:34:29.304 INFO: JdwpEventCenterDelegate: THREAD_RESUMED: thread (33, main, main)
11:34:29.356 INFO: JdwpEventCenterDelegate: THREAD_RESUMED: thread (33, main, main)
11:34:29.359 INFO: JdwpEventCenterDelegate: THREAD_RESUMED: thread (33, main, main)
11:34:29.360 INFO: JdwpEventCenterDelegate: THREAD_RESUMED: thread (33, main, main)
11:34:29.361 INFO: JdwpEventCenterDelegate: THREAD_RESUMED: thread (33, main, main)
11:34:29.363 INFO: JdwpEventCenterDelegate: THREAD_RESUMED: thread (33, main, main)
11:34:29.364 INFO: JdwpEventCenterDelegate: THREAD_RESUMED: thread (33, main, main)
11:34:29.366 INFO: JdwpEventCenterDelegate: THREAD_RESUMED: thread (33, main, main)
11:34:29.383 INFO: JdwpEventCenterDelegate: THREAD_RESUMED: thread (33, main, main)
11:34:29.397 INFO: JdwpEventCenterDelegate: THREAD_RESUMED: thread (33, main, main)
11:34:29.409 INFO: JdwpEventCenterDelegate: THREAD_RESUMED: thread (33, main, main)
11:34:29.422 INFO: JdwpEventCenterDelegate: THREAD_RESUMED: thread (33, main, main)
11:34:29.436 INFO: JdwpEventCenterDelegate: THREAD_RESUMED: thread (33, main, main)
11:34:29.455 INFO: JdwpEventCenterDelegate: THREAD_RESUMED: thread (33, main, main)
11:34:29.460 INFO: JdwpEventCenterDelegate: THREAD_RESUMED: thread (33, main, main)
11:34:29.465 INFO: JdwpEventCenterDelegate: THREAD_RESUMED: thread (33, main, main)
11:34:29.470 INFO: JdwpEventCenterDelegate: THREAD_RESUMED: thread (33, main, main)
11:34:29.475 INFO: JdwpEventCenterDelegate: THREAD_RESUMED: thread (33, main, main)
11:34:29.480 INFO: JdwpEventCenterDelegate: THREAD_RESUMED: thread (33, main, main)
11:34:29.486 INFO: JdwpEventCenterDelegate: THREAD_RESUMED: thread (33, main, main)
11:34:29.492 INFO: JdwpEventCenterDelegate: THREAD_RESUMED: thread (33, main, main)
11:34:29.496 INFO: JdwpEventCenterDelegate: THREAD_RESUMED: thread (33, main, main)
11:34:29.502 INFO: JdwpEventCenterDelegate: THREAD_RESUMED: thread (33, main, main)
11:34:29.506 INFO: JdwpEventCenterDelegate: THREAD_RESUMED: thread (33, main, main)
11:34:29.515 INFO: JdwpEventCenterDelegate: THREAD_RESUMED: thread (33, main, main)
11:34:29.520 INFO: JdwpEventCenterDelegate: THREAD_RESUMED: thread (33, main, main)
11:34:29.522 INFO: JdwpEventCenterDelegate: THREAD_RESUMED: thread (33, main, main)
11:34:29.524 INFO: JdwpEventCenterDelegate: THREAD_RESUMED: thread (33, main, main)
11:34:29.528 INFO: JdwpEventCenterDelegate: THREAD_RESUMED: thread (33, main, main)
11:34:29.530 INFO: JdwpEventCenterDelegate: THREAD_RESUMED: thread (33, main, main)
11:34:29.531 INFO: JdwpEventCenterDelegate: THREAD_RESUMED: thread (33, main, main)
11:34:29.533 INFO: JdwpEventCenterDelegate: THREAD_RESUMED: thread (33, main, main)
11:34:29.534 INFO: JdwpEventCenterDelegate: THREAD_RESUMED: thread (33, main, main)
11:34:29.535 INFO: JdwpEventCenterDelegate: THREAD_RESUMED: thread (33, main, main)
11:34:29.536 INFO: JdwpEventCenterDelegate: THREAD_RESUMED: thread (33, main, main)
11:34:29.537 INFO: JdwpEventCenterDelegate: THREAD_RESUMED: thread (33, main, main)
11:34:29.538 INFO: JdwpEventCenterDelegate: THREAD_RESUMED: thread (33, main, main)
11:34:29.540 INFO: JdwpEventCenterDelegate: THREAD_RESUMED: thread (33, main, main)
11:34:29.540 INFO: JdwpEventCenterDelegate: THREAD_RESUMED: thread (33, main, main)
11:34:29.541 INFO: JdwpEventCenterDelegate: THREAD_RESUMED: thread (33, main, main)
11:34:29.542 INFO: JdwpEventCenterDelegate: THREAD_RESUMED: thread (33, main, main)
11:34:29.543 INFO: JdwpEventCenterDelegate: THREAD_RESUMED: thread (33, main, main)
11:34:29.544 INFO: JdwpEventCenterDelegate: THREAD_RESUMED: thread (33, main, main)
11:34:29.545 INFO: JdwpEventCenterDelegate: THREAD_RESUMED: thread (33, main, main)
11:34:29.546 INFO: JdwpEventCenterDelegate: THREAD_RESUMED: thread (33, main, main)
11:34:29.547 INFO: JdwpEventCenterDelegate: THREAD_RESUMED: thread (33, main, main)
11:34:29.548 INFO: JdwpEventCenterDelegate: THREAD_RESUMED: thread (33, main, main)
11:34:29.548 INFO: JdwpEventCenterDelegate: THREAD_RESUMED: thread (33, main, main)
11:34:29.549 INFO: JdwpEventCenterDelegate: THREAD_RESUMED: thread (33, main, main)
11:34:29.550 INFO: JdwpEventCenterDelegate: THREAD_RESUMED: thread (33, main, main)
11:34:29.551 INFO: JdwpEventCenterDelegate: THREAD_RESUMED: thread (33, main, main)
11:34:29.552 INFO: JdwpEventCenterDelegate: THREAD_RESUMED: thread (33, main, main)
11:34:29.553 INFO: JdwpEventCenterDelegate: THREAD_RESUMED: thread (33, main, main)
11:34:29.554 INFO: JdwpEventCenterDelegate: THREAD_RESUMED: thread (33, main, main)
11:34:29.555 INFO: JdwpEventCenterDelegate: THREAD_RESUMED: thread (33, main, main)
11:34:29.556 INFO: JdwpEventCenterDelegate: THREAD_RESUMED: thread (33, main, main)
11:34:29.556 INFO: JdwpEventCenterDelegate: THREAD_RESUMED: thread (33, main, main)
11:34:29.557 INFO: JdwpEventCenterDelegate: THREAD_RESUMED: thread (33, main, main)
11:34:29.558 INFO: JdwpEventCenterDelegate: THREAD_RESUMED: thread (33, main, main)
11:34:29.559 INFO: JdwpEventCenterDelegate: THREAD_RESUMED: thread (33, main, main)
11:34:29.560 INFO: JdwpEventCenterDelegate: THREAD_RESUMED: thread (33, main, main)
11:34:29.561 INFO: JdwpEventCenterDelegate: THREAD_RESUMED: thread (33, main, main)
11:34:29.562 INFO: JdwpEventCenterDelegate: THREAD_RESUMED: thread (33, main, main)
11:34:29.563 INFO: JdwpEventCenterDelegate: THREAD_RESUMED: thread (33, main, main)
11:34:29.564 INFO: JdwpEventCenterDelegate: THREAD_RESUMED: thread (33, main, main)
11:34:29.564 INFO: JdwpEventCenterDelegate: THREAD_RESUMED: thread (33, main, main)
11:34:29.565 INFO: JdwpEventCenterDelegate: THREAD_RESUMED: thread (33, main, main)
11:34:29.566 INFO: JdwpEventCenterDelegate: THREAD_RESUMED: thread (33, main, main)
11:34:29.567 INFO: JdwpEventCenterDelegate: THREAD_RESUMED: thread (33, main, main)
11:34:29.568 INFO: JdwpEventCenterDelegate: THREAD_RESUMED: thread (33, main, main)
11:34:29.569 INFO: JdwpEventCenterDelegate: THREAD_RESUMED: thread (33, main, main)
11:34:29.569 INFO: JdwpEventCenterDelegate: THREAD_RESUMED: thread (33, main, main)
11:34:29.570 INFO: JdwpEventCenterDelegate: THREAD_RESUMED: thread (33, main, main)
11:34:29.571 INFO: JdwpEventCenterDelegate: THREAD_RESUMED: thread (33, main, main)
11:34:29.572 INFO: JdwpEventCenterDelegate: THREAD_RESUMED: thread (33, main, main)
11:34:29.573 INFO: JdwpEventCenterDelegate: THREAD_RESUMED: thread (33, main, main)
11:34:29.574 INFO: JdwpEventCenterDelegate: THREAD_RESUMED: thread (33, main, main)
11:34:29.575 INFO: JdwpEventCenterDelegate: THREAD_RESUMED: thread (33, main, main)
11:34:29.576 INFO: JdwpEventCenterDelegate: THREAD_RESUMED: thread (33, main, main)
11:34:29.918 INFO: JdwpEventCenterDelegate: THREAD_RESUMED: thread (33, main, main)
11:34:29.937 INFO: JdwpEventCenterDelegate: THREAD_RESUMED: thread (33, main, main)
11:34:29.938 INFO: JdwpEventCenterDelegate: THREAD_RESUMED: thread (33, main, main)
11:34:29.939 INFO: JdwpEventCenterDelegate: THREAD_RESUMED: thread (33, main, main)
11:34:30.171 INFO: JdwpEventCenterDelegate: THREAD_RESUMED: thread (33, main, main)
11:34:30.171 INFO: JdwpEventCenterDelegate: THREAD_RESUMED: thread (33, main, main)
11:34:30.206 INFO: JdwpEventCenterDelegate: THREAD_RESUMED: thread (33, main, main)
11:34:30.206 INFO: JdwpEventCenterDelegate: THREAD_RESUMED: thread (33, main, main)
11:34:30.232 INFO: JdwpEventCenterDelegate: THREAD_RESUMED: thread (33, main, main)
11:34:30.233 INFO: JdwpEventCenterDelegate: THREAD_RESUMED: thread (33, main, main)
11:34:30.234 INFO: JdwpEventCenterDelegate: THREAD_RESUMED: thread (33, main, main)
11:34:30.235 INFO: JdwpEventCenterDelegate: THREAD_RESUMED: thread (33, main, main)
11:34:30.236 INFO: JdwpEventCenterDelegate: THREAD_RESUMED: thread (33, main, main)
11:34:30.237 INFO: JdwpEventCenterDelegate: THREAD_RESUMED: thread (33, main, main)
11:34:42.046 INFO: JdwpEventCenterDelegate: THREAD_RESUMED: thread (33, main, main)
11:34:42.047 INFO: JdwpEventCenterDelegate: THREAD_RESUMED: thread (33, main, main)
11:34:42.516 INFO: JdwpEventCenterDelegate: THREAD_RESUMED: thread (33, main, main)
11:34:42.517 INFO: JdwpEventCenterDelegate: THREAD_RESUMED: thread (33, main, main)
11:34:42.518 INFO: JdwpEventCenterDelegate: THREAD_RESUMED: thread (33, main, main)
11:34:42.519 INFO: JdwpEventCenterDelegate: THREAD_RESUMED: thread (33, main, main)
11:34:42.519 INFO: JdwpEventCenterDelegate: THREAD_RESUMED: thread (33, main, main)
11:34:42.521 INFO: JdwpEventCenterDelegate: THREAD_RESUMED: thread (33, main, main)
11:34:42.526 INFO: JdwpEventCenterDelegate: THREAD_RESUMED: thread (33, main, main)
11:34:42.527 INFO: JdwpEventCenterDelegate: THREAD_RESUMED: thread (33, main, main)
11:34:42.528 INFO: JdwpEventCenterDelegate: THREAD_RESUMED: thread (33, main, main)
11:34:42.536 INFO: JdwpEventCenterDelegate: THREAD_RESUMED: thread (33, main, main)
11:34:42.537 INFO: JdwpEventCenterDelegate: THREAD_RESUMED: thread (33, main, main)
11:34:42.538 INFO: JdwpEventCenterDelegate: THREAD_RESUMED: thread (33, main, main)
11:34:49.415 INFO: JdwpEventCenterDelegate: THREAD_RESUMED: thread (33, main, main)
11:34:49.463 SEVERE: Debugger: Thread HooksChannel socket thread crashed
org.robovm.debugger.DebuggerException: java.nio.BufferUnderflowException
	at org.robovm.debugger.hooks.HooksChannel.doSocketWork(HooksChannel.java:149)
	at java.base/java.lang.Thread.run(Thread.java:833)
	at org.robovm.debugger.utils.DebuggerThread.run(DebuggerThread.java:42)
Caused by: java.nio.BufferUnderflowException
	at org.robovm.debugger.utils.bytebuffer.DataBufferWriter.writeFromStream(DataBufferWriter.java:91)
	at org.robovm.debugger.hooks.HooksChannel.doSocketWork(HooksChannel.java:116)
	... 2 more
11:34:49.985 SEVERE: Debugger: Thread JDWP server socket thread crashed
org.robovm.debugger.DebuggerException: java.net.SocketException: Socket closed
	at org.robovm.debugger.jdwp.JdwpDebugServer.doSocketWork(JdwpDebugServer.java:215)
	at java.base/java.lang.Thread.run(Thread.java:833)
	at org.robovm.debugger.utils.DebuggerThread.run(DebuggerThread.java:42)
Caused by: java.net.SocketException: Socket closed
	at java.base/sun.nio.ch.NioSocketImpl.endRead(NioSocketImpl.java:248)
	at java.base/sun.nio.ch.NioSocketImpl.implRead(NioSocketImpl.java:327)
	at java.base/sun.nio.ch.NioSocketImpl.read(NioSocketImpl.java:350)
	at java.base/sun.nio.ch.NioSocketImpl$1.read(NioSocketImpl.java:803)
	at java.base/java.net.Socket$SocketInputStream.read(Socket.java:966)
	at org.robovm.debugger.utils.bytebuffer.DataBufferWriter.writeFromStream(DataBufferWriter.java:89)
	at org.robovm.debugger.jdwp.protocol.JdwpRequestHeader.readFromStream(JdwpRequestHeader.java:36)
	at org.robovm.debugger.jdwp.JdwpDebugServer.doSocketWork(JdwpDebugServer.java:185)
	... 2 more
