09:43:15.216 INFO: JdwpEventCenterDelegate: THREAD_STARTED: thread (33, main, main)
09:43:15.286 INFO: JdwpEventCenterDelegate: THREAD_STARTED: thread (48, ReferenceQueueDaemon, main)
09:43:15.287 INFO: JdwpEventCenterDelegate: THREAD_STARTED: thread (63, FinalizerDaemon, main)
09:43:15.289 INFO: JdwpEventCenterDelegate: THREAD_STARTED: thread (78, FinalizerWatchdogDaemon, main)
09:43:16.511 INFO: JdwpDebugServer: handling req: VirtualMachine(1).IDSizes(7)
09:43:16.515 INFO: JdwpDebugServer: handling req: EventRequest(15).Set(1)
09:43:16.517 INFO: JdwpEventCenterDelegate: jdwpSetEventRequest: JdwpEventRequest{requestId=100, eventKind=CLASS_UNLOAD, suspendPolicy=NONE, predicates=[]}
09:43:16.518 INFO: JdwpDebugServer: handling req: EventRequest(15).Set(1)
09:43:16.518 INFO: JdwpEventCenterDelegate: jdwpSetEventRequest: JdwpEventRequest{requestId=101, eventKind=THREAD_START, suspendPolicy=NONE, predicates=[]}
09:43:16.520 INFO: JdwpDebugServer: handling req: VirtualMachine(1).ClassesBySignature(2)
09:43:16.522 INFO: JdwpDebugServer: handling req: VirtualMachine(1).Version(1)
09:43:16.524 INFO: JdwpDebugServer: handling req: ReferenceType(2).MethodsWithGeneric(15)
09:43:16.526 INFO: JdwpDebugServer: handling req: Method(6).LineTable(1)
09:43:16.527 INFO: JdwpDebugServer: handling req: EventRequest(15).Set(1)
09:43:16.528 INFO: JdwpEventCenterDelegate: jdwpSetEventRequest: JdwpEventRequest{requestId=102, eventKind=BREAKPOINT, suspendPolicy=NONE, predicates=[Location{classId=845, methodId=257, index=928} ]}
09:43:16.529 INFO: JdwpDebugServer: handling req: EventRequest(15).Set(1)
09:43:16.529 INFO: JdwpEventCenterDelegate: jdwpSetEventRequest: JdwpEventRequest{requestId=103, eventKind=THREAD_DEATH, suspendPolicy=NONE, predicates=[]}
09:43:16.529 INFO: JdwpDebugServer: handling req: VirtualMachine(1).AllThreads(4)
09:43:16.530 INFO: JdwpDebugServer: handling req: ThreadReference(11).ThreadGroup(5)
09:43:16.531 INFO: JdwpDebugServer: handling req: ThreadGroup(12).Name(1)
09:43:16.531 INFO: JdwpDebugServer: handling req: ThreadGroup(12).Parent(2)
09:43:16.531 INFO: JdwpDebugServer: handling req: ObjectReference(9).ReferenceType(1)
09:43:16.532 INFO: JdwpDebugServer: handling req: ReferenceType(2).FieldsWithGeneric(14)
09:43:16.534 INFO: JdwpDebugServer: handling req: ReferenceType(2).Interfaces(10)
09:43:16.534 INFO: JdwpDebugServer: handling req: ReferenceType(2).FieldsWithGeneric(14)
09:43:16.535 INFO: JdwpDebugServer: handling req: ReferenceType(2).Interfaces(10)
09:43:16.535 INFO: JdwpDebugServer: handling req: ClassType(3).Superclass(1)
09:43:16.535 INFO: JdwpDebugServer: handling req: ReferenceType(2).FieldsWithGeneric(14)
09:43:16.536 INFO: JdwpDebugServer: handling req: ReferenceType(2).Interfaces(10)
09:43:16.536 INFO: JdwpDebugServer: handling req: ClassType(3).Superclass(1)
09:43:16.536 INFO: JdwpDebugServer: handling req: ObjectReference(9).GetValues(2)
09:43:16.540 INFO: JdwpDebugServer: handling req: ThreadReference(11).Status(4)
09:43:16.541 INFO: JdwpDebugServer: handling req: ThreadReference(11).Status(4)
09:43:16.541 INFO: JdwpDebugServer: handling req: ThreadReference(11).ThreadGroup(5)
09:43:16.541 INFO: JdwpDebugServer: handling req: ObjectReference(9).ReferenceType(1)
09:43:16.542 INFO: JdwpDebugServer: handling req: ObjectReference(9).GetValues(2)
09:43:16.543 INFO: JdwpDebugServer: handling req: ThreadReference(11).Status(4)
09:43:16.543 INFO: JdwpDebugServer: handling req: ThreadReference(11).Status(4)
09:43:16.543 INFO: JdwpDebugServer: handling req: ThreadReference(11).ThreadGroup(5)
09:43:16.543 INFO: JdwpDebugServer: handling req: ObjectReference(9).ReferenceType(1)
09:43:16.543 INFO: JdwpDebugServer: handling req: ObjectReference(9).GetValues(2)
09:43:16.544 INFO: JdwpDebugServer: handling req: ThreadReference(11).Status(4)
09:43:16.544 INFO: JdwpDebugServer: handling req: ThreadReference(11).Status(4)
09:43:16.544 INFO: JdwpDebugServer: handling req: ThreadReference(11).ThreadGroup(5)
09:43:16.544 INFO: JdwpDebugServer: handling req: ObjectReference(9).ReferenceType(1)
09:43:16.544 INFO: JdwpDebugServer: handling req: ObjectReference(9).GetValues(2)
09:43:16.545 INFO: JdwpDebugServer: handling req: ThreadReference(11).Status(4)
09:43:16.545 INFO: JdwpDebugServer: handling req: ThreadReference(11).Status(4)
09:43:16.548 INFO: JdwpDebugServer: handling req: EventRequest(15).Set(1)
09:43:16.549 INFO: JdwpEventCenterDelegate: jdwpSetEventRequest: JdwpEventRequest{requestId=104, eventKind=CLASS_PREPARE, suspendPolicy=EVENT_THREAD, predicates=[className=com.badlogic.gdx.graphics.g2d.SpriteBatch]}
09:43:16.555 INFO: JdwpDebugServer: handling req: EventRequest(15).Set(1)
09:43:16.555 INFO: JdwpEventCenterDelegate: jdwpSetEventRequest: JdwpEventRequest{requestId=105, eventKind=CLASS_PREPARE, suspendPolicy=EVENT_THREAD, predicates=[className=com.badlogic.gdx.graphics.g2d.SpriteBatch$*]}
09:43:16.557 INFO: JdwpDebugServer: handling req: VirtualMachine(1).ClassesBySignature(2)
09:43:16.558 INFO: JdwpDebugServer: handling req: ReferenceType(2).MethodsWithGeneric(15)
09:43:16.559 INFO: JdwpDebugServer: handling req: Method(6).LineTable(1)
09:43:16.559 INFO: JdwpDebugServer: handling req: Method(6).LineTable(1)
09:43:16.559 INFO: JdwpDebugServer: handling req: Method(6).LineTable(1)
09:43:16.559 INFO: JdwpDebugServer: handling req: Method(6).LineTable(1)
09:43:16.560 INFO: JdwpDebugServer: handling req: Method(6).LineTable(1)
09:43:16.560 INFO: JdwpDebugServer: handling req: Method(6).LineTable(1)
09:43:16.560 INFO: JdwpDebugServer: handling req: Method(6).LineTable(1)
09:43:16.560 INFO: JdwpDebugServer: handling req: Method(6).LineTable(1)
09:43:16.560 INFO: JdwpDebugServer: handling req: Method(6).LineTable(1)
09:43:16.560 INFO: JdwpDebugServer: handling req: Method(6).LineTable(1)
09:43:16.561 INFO: JdwpDebugServer: handling req: Method(6).LineTable(1)
09:43:16.561 INFO: JdwpDebugServer: handling req: Method(6).LineTable(1)
09:43:16.561 INFO: JdwpDebugServer: handling req: Method(6).LineTable(1)
09:43:16.561 INFO: JdwpDebugServer: handling req: Method(6).LineTable(1)
09:43:16.561 INFO: JdwpDebugServer: handling req: Method(6).LineTable(1)
09:43:16.561 INFO: JdwpDebugServer: handling req: Method(6).LineTable(1)
09:43:16.562 INFO: JdwpDebugServer: handling req: Method(6).LineTable(1)
09:43:16.562 INFO: JdwpDebugServer: handling req: Method(6).LineTable(1)
09:43:16.562 INFO: JdwpDebugServer: handling req: Method(6).LineTable(1)
09:43:16.562 INFO: JdwpDebugServer: handling req: Method(6).LineTable(1)
09:43:16.562 INFO: JdwpDebugServer: handling req: Method(6).LineTable(1)
09:43:16.562 INFO: JdwpDebugServer: handling req: Method(6).LineTable(1)
09:43:16.563 INFO: JdwpDebugServer: handling req: Method(6).LineTable(1)
09:43:16.563 INFO: JdwpDebugServer: handling req: Method(6).LineTable(1)
09:43:16.563 INFO: JdwpDebugServer: handling req: Method(6).LineTable(1)
09:43:16.563 INFO: JdwpDebugServer: handling req: Method(6).LineTable(1)
09:43:16.563 INFO: JdwpDebugServer: handling req: Method(6).LineTable(1)
09:43:16.563 INFO: JdwpDebugServer: handling req: Method(6).LineTable(1)
09:43:16.564 INFO: JdwpDebugServer: handling req: Method(6).LineTable(1)
09:43:16.564 INFO: JdwpDebugServer: handling req: Method(6).LineTable(1)
09:43:16.564 INFO: JdwpDebugServer: handling req: Method(6).LineTable(1)
09:43:16.564 INFO: JdwpDebugServer: handling req: Method(6).LineTable(1)
09:43:16.564 INFO: JdwpDebugServer: handling req: Method(6).LineTable(1)
09:43:16.564 INFO: JdwpDebugServer: handling req: Method(6).LineTable(1)
09:43:16.565 INFO: JdwpDebugServer: handling req: Method(6).LineTable(1)
09:43:16.565 INFO: JdwpDebugServer: handling req: Method(6).LineTable(1)
09:43:16.565 INFO: JdwpDebugServer: handling req: Method(6).LineTable(1)
09:43:16.565 INFO: JdwpDebugServer: handling req: Method(6).LineTable(1)
09:43:16.565 INFO: JdwpDebugServer: handling req: Method(6).LineTable(1)
09:43:16.565 INFO: JdwpDebugServer: handling req: Method(6).LineTable(1)
09:43:16.565 INFO: JdwpDebugServer: handling req: Method(6).LineTable(1)
09:43:16.566 INFO: JdwpDebugServer: handling req: Method(6).LineTable(1)
09:43:16.566 INFO: JdwpDebugServer: handling req: Method(6).LineTable(1)
09:43:16.566 INFO: JdwpDebugServer: handling req: Method(6).LineTable(1)
09:43:16.566 INFO: JdwpDebugServer: handling req: EventRequest(15).Set(1)
09:43:16.566 INFO: JdwpEventCenterDelegate: jdwpSetEventRequest: JdwpEventRequest{requestId=106, eventKind=BREAKPOINT, suspendPolicy=EVENT_THREAD, predicates=[Location{classId=18040, methodId=1122, index=163} ]}
09:43:16.567 INFO: JdwpDebugServer: handling req: ReferenceType(2).Signature(1)
09:43:16.571 INFO: JdwpDebugServer: handling req: EventRequest(15).Set(1)
09:43:16.571 INFO: JdwpEventCenterDelegate: jdwpSetEventRequest: JdwpEventRequest{requestId=107, eventKind=CLASS_PREPARE, suspendPolicy=EVENT_THREAD, predicates=[className=java.lang.Throwable]}
09:43:16.574 INFO: JdwpDebugServer: handling req: EventRequest(15).Set(1)
09:43:16.574 INFO: JdwpEventCenterDelegate: jdwpSetEventRequest: JdwpEventRequest{requestId=108, eventKind=CLASS_PREPARE, suspendPolicy=EVENT_THREAD, predicates=[className=java.lang.Throwable$*]}
09:43:16.575 INFO: JdwpDebugServer: handling req: VirtualMachine(1).ClassesBySignature(2)
09:43:16.575 INFO: JdwpDebugServer: handling req: ReferenceType(2).MethodsWithGeneric(15)
09:43:16.575 INFO: JdwpDebugServer: handling req: Method(6).LineTable(1)
09:43:16.576 INFO: JdwpDebugServer: handling req: Method(6).LineTable(1)
09:43:16.576 INFO: JdwpDebugServer: handling req: Method(6).LineTable(1)
09:43:16.576 INFO: JdwpDebugServer: handling req: Method(6).LineTable(1)
09:43:16.576 INFO: JdwpDebugServer: handling req: Method(6).LineTable(1)
09:43:16.576 INFO: JdwpDebugServer: handling req: Method(6).LineTable(1)
09:43:16.576 INFO: JdwpDebugServer: handling req: Method(6).LineTable(1)
09:43:16.576 INFO: JdwpDebugServer: handling req: Method(6).LineTable(1)
09:43:16.577 INFO: JdwpDebugServer: handling req: Method(6).LineTable(1)
09:43:16.577 INFO: JdwpDebugServer: handling req: Method(6).LineTable(1)
09:43:16.577 INFO: JdwpDebugServer: handling req: Method(6).LineTable(1)
09:43:16.577 INFO: JdwpDebugServer: handling req: Method(6).LineTable(1)
09:43:16.577 INFO: JdwpDebugServer: handling req: Method(6).LineTable(1)
09:43:16.578 INFO: JdwpDebugServer: handling req: Method(6).LineTable(1)
09:43:16.578 INFO: JdwpDebugServer: handling req: Method(6).LineTable(1)
09:43:16.578 INFO: JdwpDebugServer: handling req: Method(6).LineTable(1)
09:43:16.578 INFO: JdwpDebugServer: handling req: Method(6).LineTable(1)
09:43:16.578 INFO: JdwpDebugServer: handling req: Method(6).LineTable(1)
09:43:16.578 INFO: JdwpDebugServer: handling req: Method(6).LineTable(1)
09:43:16.579 INFO: JdwpDebugServer: handling req: Method(6).LineTable(1)
09:43:16.579 INFO: JdwpDebugServer: handling req: Method(6).LineTable(1)
09:43:16.579 INFO: JdwpDebugServer: handling req: Method(6).LineTable(1)
09:43:16.579 INFO: JdwpDebugServer: handling req: Method(6).LineTable(1)
09:43:16.579 INFO: JdwpDebugServer: handling req: Method(6).LineTable(1)
09:43:16.579 INFO: JdwpDebugServer: handling req: VirtualMachine(1).ClassesBySignature(2)
09:43:16.580 INFO: JdwpDebugServer: handling req: VirtualMachine(1).AllClassesWithGeneric(20)
09:43:16.591 INFO: JdwpDebugServer: handling req: EventRequest(15).Set(1)
09:43:16.591 INFO: JdwpEventCenterDelegate: jdwpSetEventRequest: JdwpEventRequest{requestId=109, eventKind=CLASS_PREPARE, suspendPolicy=EVENT_THREAD, predicates=[className=com.badlogic.gdx.utils.ScreenUtils]}
09:43:16.593 INFO: JdwpDebugServer: handling req: EventRequest(15).Set(1)
09:43:16.593 INFO: JdwpEventCenterDelegate: jdwpSetEventRequest: JdwpEventRequest{requestId=110, eventKind=CLASS_PREPARE, suspendPolicy=EVENT_THREAD, predicates=[className=com.badlogic.gdx.utils.ScreenUtils$*]}
09:43:16.594 INFO: JdwpDebugServer: handling req: VirtualMachine(1).ClassesBySignature(2)
09:43:16.594 INFO: JdwpDebugServer: handling req: ReferenceType(2).MethodsWithGeneric(15)
09:43:16.594 INFO: JdwpDebugServer: handling req: Method(6).LineTable(1)
09:43:16.594 INFO: JdwpDebugServer: handling req: Method(6).LineTable(1)
09:43:16.594 INFO: JdwpDebugServer: handling req: Method(6).LineTable(1)
09:43:16.595 INFO: JdwpDebugServer: handling req: Method(6).LineTable(1)
09:43:16.595 INFO: JdwpDebugServer: handling req: Method(6).LineTable(1)
09:43:16.595 INFO: JdwpDebugServer: handling req: Method(6).LineTable(1)
09:43:16.595 INFO: JdwpDebugServer: handling req: Method(6).LineTable(1)
09:43:16.595 INFO: JdwpDebugServer: handling req: Method(6).LineTable(1)
09:43:16.595 INFO: JdwpDebugServer: handling req: Method(6).LineTable(1)
09:43:16.595 INFO: JdwpDebugServer: handling req: Method(6).LineTable(1)
09:43:16.596 INFO: JdwpDebugServer: handling req: EventRequest(15).Set(1)
09:43:16.596 INFO: JdwpEventCenterDelegate: jdwpSetEventRequest: JdwpEventRequest{requestId=111, eventKind=BREAKPOINT, suspendPolicy=EVENT_THREAD, predicates=[Location{classId=22240, methodId=1492, index=89} ]}
09:43:16.596 INFO: JdwpDebugServer: handling req: EventRequest(15).Set(1)
09:43:16.596 INFO: JdwpEventCenterDelegate: jdwpSetEventRequest: JdwpEventRequest{requestId=112, eventKind=CLASS_PREPARE, suspendPolicy=EVENT_THREAD, predicates=[className=com.badlogic.gdx.utils.ScreenUtils]}
09:43:16.597 INFO: JdwpDebugServer: handling req: EventRequest(15).Set(1)
09:43:16.597 INFO: JdwpEventCenterDelegate: jdwpSetEventRequest: JdwpEventRequest{requestId=113, eventKind=CLASS_PREPARE, suspendPolicy=EVENT_THREAD, predicates=[className=com.badlogic.gdx.utils.ScreenUtils$*]}
09:43:16.598 INFO: JdwpDebugServer: handling req: VirtualMachine(1).ClassesBySignature(2)
09:43:16.598 INFO: JdwpDebugServer: handling req: EventRequest(15).Set(1)
09:43:16.598 INFO: JdwpEventCenterDelegate: jdwpSetEventRequest: JdwpEventRequest{requestId=114, eventKind=BREAKPOINT, suspendPolicy=EVENT_THREAD, predicates=[Location{classId=22240, methodId=1487, index=72} ]}
09:43:16.598 INFO: JdwpDebugServer: handling req: EventRequest(15).Set(1)
09:43:16.599 INFO: JdwpEventCenterDelegate: jdwpSetEventRequest: JdwpEventRequest{requestId=115, eventKind=CLASS_PREPARE, suspendPolicy=EVENT_THREAD, predicates=[className=com.abdalla.bushnaq.pluvia.launcher.IOSLauncher]}
09:43:16.602 INFO: JdwpDebugServer: handling req: EventRequest(15).Set(1)
09:43:16.602 INFO: JdwpEventCenterDelegate: jdwpSetEventRequest: JdwpEventRequest{requestId=116, eventKind=CLASS_PREPARE, suspendPolicy=EVENT_THREAD, predicates=[className=com.abdalla.bushnaq.pluvia.launcher.IOSLauncher$*]}
09:43:16.603 INFO: JdwpDebugServer: handling req: VirtualMachine(1).ClassesBySignature(2)
09:43:16.604 INFO: JdwpDebugServer: handling req: ReferenceType(2).MethodsWithGeneric(15)
09:43:16.604 INFO: JdwpDebugServer: handling req: Method(6).LineTable(1)
09:43:16.604 INFO: JdwpDebugServer: handling req: Method(6).LineTable(1)
09:43:16.604 INFO: JdwpDebugServer: handling req: Method(6).LineTable(1)
09:43:16.604 INFO: JdwpDebugServer: handling req: Method(6).LineTable(1)
09:43:16.605 INFO: JdwpDebugServer: handling req: EventRequest(15).Set(1)
09:43:16.605 INFO: JdwpEventCenterDelegate: jdwpSetEventRequest: JdwpEventRequest{requestId=117, eventKind=BREAKPOINT, suspendPolicy=EVENT_THREAD, predicates=[Location{classId=12885, methodId=1527, index=74} ]}
09:43:16.605 INFO: JdwpDebugServer: handling req: EventRequest(15).Set(1)
09:43:16.606 INFO: JdwpEventCenterDelegate: jdwpSetEventRequest: JdwpEventRequest{requestId=118, eventKind=CLASS_PREPARE, suspendPolicy=EVENT_THREAD, predicates=[className=com.badlogic.gdx.graphics.g3d.shaders.BaseShader]}
09:43:16.607 INFO: JdwpDebugServer: handling req: EventRequest(15).Set(1)
09:43:16.607 INFO: JdwpEventCenterDelegate: jdwpSetEventRequest: JdwpEventRequest{requestId=119, eventKind=CLASS_PREPARE, suspendPolicy=EVENT_THREAD, predicates=[className=com.badlogic.gdx.graphics.g3d.shaders.BaseShader$*]}
09:43:16.608 INFO: JdwpDebugServer: handling req: VirtualMachine(1).ClassesBySignature(2)
09:43:16.608 INFO: JdwpDebugServer: handling req: ReferenceType(2).MethodsWithGeneric(15)
09:43:16.609 INFO: JdwpDebugServer: handling req: Method(6).LineTable(1)
09:43:16.609 INFO: JdwpDebugServer: handling req: Method(6).LineTable(1)
09:43:16.609 INFO: JdwpDebugServer: handling req: Method(6).LineTable(1)
09:43:16.609 INFO: JdwpDebugServer: handling req: Method(6).LineTable(1)
09:43:16.609 INFO: JdwpDebugServer: handling req: Method(6).LineTable(1)
09:43:16.609 INFO: JdwpDebugServer: handling req: Method(6).LineTable(1)
09:43:16.609 INFO: JdwpDebugServer: handling req: Method(6).LineTable(1)
09:43:16.609 INFO: JdwpDebugServer: handling req: Method(6).LineTable(1)
09:43:16.609 INFO: JdwpDebugServer: handling req: Method(6).LineTable(1)
09:43:16.609 INFO: JdwpDebugServer: handling req: Method(6).LineTable(1)
09:43:16.610 INFO: JdwpDebugServer: handling req: Method(6).LineTable(1)
09:43:16.610 INFO: JdwpDebugServer: handling req: Method(6).LineTable(1)
09:43:16.610 INFO: JdwpDebugServer: handling req: Method(6).LineTable(1)
09:43:16.610 INFO: JdwpDebugServer: handling req: Method(6).LineTable(1)
09:43:16.610 INFO: JdwpDebugServer: handling req: Method(6).LineTable(1)
09:43:16.610 INFO: JdwpDebugServer: handling req: Method(6).LineTable(1)
09:43:16.610 INFO: JdwpDebugServer: handling req: Method(6).LineTable(1)
09:43:16.610 INFO: JdwpDebugServer: handling req: Method(6).LineTable(1)
09:43:16.610 INFO: JdwpDebugServer: handling req: Method(6).LineTable(1)
09:43:16.611 INFO: JdwpDebugServer: handling req: Method(6).LineTable(1)
09:43:16.611 INFO: JdwpDebugServer: handling req: Method(6).LineTable(1)
09:43:16.611 INFO: JdwpDebugServer: handling req: Method(6).LineTable(1)
09:43:16.611 INFO: JdwpDebugServer: handling req: Method(6).LineTable(1)
09:43:16.611 INFO: JdwpDebugServer: handling req: Method(6).LineTable(1)
09:43:16.611 INFO: JdwpDebugServer: handling req: Method(6).LineTable(1)
09:43:16.611 INFO: JdwpDebugServer: handling req: Method(6).LineTable(1)
09:43:16.611 INFO: JdwpDebugServer: handling req: Method(6).LineTable(1)
09:43:16.611 INFO: JdwpDebugServer: handling req: Method(6).LineTable(1)
09:43:16.611 INFO: JdwpDebugServer: handling req: Method(6).LineTable(1)
09:43:16.612 INFO: JdwpDebugServer: handling req: Method(6).LineTable(1)
09:43:16.612 INFO: JdwpDebugServer: handling req: Method(6).LineTable(1)
09:43:16.612 INFO: JdwpDebugServer: handling req: Method(6).LineTable(1)
09:43:16.612 INFO: JdwpDebugServer: handling req: Method(6).LineTable(1)
09:43:16.612 INFO: JdwpDebugServer: handling req: EventRequest(15).Set(1)
09:43:16.612 INFO: JdwpEventCenterDelegate: jdwpSetEventRequest: JdwpEventRequest{requestId=120, eventKind=BREAKPOINT, suspendPolicy=EVENT_THREAD, predicates=[Location{classId=13310, methodId=1587, index=168} ]}
09:43:16.614 INFO: JdwpDebugServer: handling req: VirtualMachine(1).capabilitiesNew(17)
09:43:16.618 INFO: JdwpDebugServer: handling req: EventRequest(15).Set(1)
09:43:16.618 INFO: JdwpEventCenterDelegate: jdwpSetEventRequest: JdwpEventRequest{requestId=121, eventKind=CLASS_PREPARE, suspendPolicy=EVENT_THREAD, predicates=[className=java.lang.Error]}
09:43:16.620 INFO: JdwpDebugServer: handling req: EventRequest(15).Set(1)
09:43:16.620 INFO: JdwpEventCenterDelegate: jdwpSetEventRequest: JdwpEventRequest{requestId=122, eventKind=CLASS_PREPARE, suspendPolicy=EVENT_THREAD, predicates=[className=java.lang.Error$*]}
09:43:16.621 INFO: JdwpDebugServer: handling req: VirtualMachine(1).ClassesBySignature(2)
09:43:16.622 INFO: JdwpDebugServer: handling req: EventRequest(15).Set(1)
09:43:16.622 INFO: JdwpEventCenterDelegate: jdwpSetEventRequest: JdwpEventRequest{requestId=123, eventKind=EXCEPTION, suspendPolicy=EVENT_THREAD, predicates=[exceptionType=3425(caught=true, uncaught=true)]}
09:43:16.682 INFO: JdwpDebugServer: handling req: EventRequest(15).Set(1)
09:43:16.682 INFO: JdwpEventCenterDelegate: jdwpSetEventRequest: JdwpEventRequest{requestId=124, eventKind=CLASS_PREPARE, suspendPolicy=EVENT_THREAD, predicates=[className=java.lang.Throwable]}
09:43:16.683 INFO: JdwpDebugServer: handling req: EventRequest(15).Set(1)
09:43:16.683 INFO: JdwpEventCenterDelegate: jdwpSetEventRequest: JdwpEventRequest{requestId=125, eventKind=CLASS_PREPARE, suspendPolicy=EVENT_THREAD, predicates=[className=java.lang.Throwable$*]}
09:43:16.684 INFO: JdwpDebugServer: handling req: VirtualMachine(1).ClassesBySignature(2)
09:43:16.685 INFO: JdwpDebugServer: handling req: EventRequest(15).Set(1)
09:43:16.685 INFO: JdwpEventCenterDelegate: jdwpSetEventRequest: JdwpEventRequest{requestId=126, eventKind=EXCEPTION, suspendPolicy=EVENT_THREAD, predicates=[exceptionType=7695(caught=false, uncaught=true)]}
09:43:16.687 INFO: JdwpDebugServer: handling req: ThreadReference(11).SuspendCount(12)
09:43:16.687 INFO: JdwpDebugServer: handling req: ThreadReference(11).SuspendCount(12)
09:43:16.687 INFO: JdwpDebugServer: handling req: ThreadReference(11).SuspendCount(12)
09:43:16.687 INFO: JdwpDebugServer: handling req: ThreadReference(11).SuspendCount(12)
09:43:16.687 INFO: JdwpDebugServer: handling req: VirtualMachine(1).AllThreads(4)
09:43:16.688 INFO: JdwpDebugServer: handling req: VirtualMachine(1).Resume(9)
09:43:16.753 INFO: JdwpDebugServer: handling req: EventRequest(15).Set(1)
09:43:16.753 INFO: JdwpEventCenterDelegate: jdwpSetEventRequest: JdwpEventRequest{requestId=127, eventKind=BREAKPOINT, suspendPolicy=EVENT_THREAD, predicates=[Location{classId=12885, methodId=1527, index=74} ]}
09:43:16.755 INFO: JdwpDebugServer: handling req: ThreadReference(11).Resume(3)
09:43:16.755 INFO: JdwpEventCenterDelegate: THREAD_RESUMED: thread (33, main, main)
09:43:16.782 INFO: JdwpEventCenterDelegate: THREAD_RESUMED: thread (33, main, main)
09:43:16.782 INFO: JdwpEventCenterDelegate: THREAD_RESUMED: thread (33, main, main)
09:43:16.783 INFO: JdwpEventCenterDelegate: THREAD_RESUMED: thread (33, main, main)
09:43:16.783 INFO: JdwpEventCenterDelegate: THREAD_RESUMED: thread (33, main, main)
09:43:16.784 INFO: JdwpEventCenterDelegate: THREAD_RESUMED: thread (33, main, main)
09:43:16.784 INFO: JdwpEventCenterDelegate: THREAD_RESUMED: thread (33, main, main)
09:43:16.785 INFO: JdwpEventCenterDelegate: THREAD_RESUMED: thread (33, main, main)
09:43:16.787 INFO: JdwpEventCenterDelegate: THREAD_RESUMED: thread (33, main, main)
09:43:16.788 INFO: JdwpEventCenterDelegate: THREAD_RESUMED: thread (33, main, main)
09:43:16.788 INFO: JdwpEventCenterDelegate: THREAD_RESUMED: thread (33, main, main)
09:43:16.789 INFO: JdwpEventCenterDelegate: THREAD_RESUMED: thread (33, main, main)
09:43:16.794 INFO: JdwpEventCenterDelegate: THREAD_RESUMED: thread (33, main, main)
09:43:16.795 INFO: JdwpEventCenterDelegate: THREAD_RESUMED: thread (33, main, main)
09:43:16.795 INFO: JdwpEventCenterDelegate: THREAD_RESUMED: thread (33, main, main)
09:43:16.870 INFO: JdwpEventCenterDelegate: THREAD_RESUMED: thread (33, main, main)
09:43:16.871 INFO: JdwpEventCenterDelegate: THREAD_RESUMED: thread (33, main, main)
09:43:16.871 INFO: JdwpEventCenterDelegate: THREAD_RESUMED: thread (33, main, main)
09:43:16.880 INFO: JdwpEventCenterDelegate: THREAD_RESUMED: thread (33, main, main)
09:43:16.880 INFO: JdwpEventCenterDelegate: THREAD_RESUMED: thread (33, main, main)
09:43:16.880 INFO: JdwpEventCenterDelegate: THREAD_RESUMED: thread (33, main, main)
09:43:17.137 INFO: JdwpEventCenterDelegate: THREAD_RESUMED: thread (33, main, main)
09:43:17.137 INFO: JdwpEventCenterDelegate: THREAD_RESUMED: thread (33, main, main)
09:43:17.138 INFO: JdwpEventCenterDelegate: THREAD_RESUMED: thread (33, main, main)
09:43:17.171 INFO: JdwpDebugServer: handling req: ThreadReference(11).Name(1)
09:43:17.172 INFO: JdwpDebugServer: handling req: ThreadReference(11).Name(1)
09:43:17.173 INFO: JdwpDebugServer: handling req: ThreadReference(11).Name(1)
09:43:17.173 INFO: JdwpDebugServer: handling req: ThreadReference(11).Name(1)
09:43:17.203 INFO: JdwpEventCenterDelegate: THREAD_RESUMED: thread (33, main, main)
09:43:17.204 INFO: JdwpEventCenterDelegate: THREAD_RESUMED: thread (33, main, main)
09:43:17.204 INFO: JdwpEventCenterDelegate: THREAD_RESUMED: thread (33, main, main)
09:43:17.231 INFO: JdwpEventCenterDelegate: THREAD_RESUMED: thread (33, main, main)
09:43:17.232 INFO: JdwpEventCenterDelegate: THREAD_RESUMED: thread (33, main, main)
09:43:17.233 INFO: JdwpEventCenterDelegate: THREAD_RESUMED: thread (33, main, main)
09:43:17.256 INFO: JdwpEventCenterDelegate: THREAD_RESUMED: thread (33, main, main)
09:43:17.257 INFO: JdwpEventCenterDelegate: THREAD_RESUMED: thread (33, main, main)
09:43:17.257 INFO: JdwpEventCenterDelegate: THREAD_RESUMED: thread (33, main, main)
09:43:17.258 INFO: JdwpEventCenterDelegate: THREAD_RESUMED: thread (33, main, main)
09:43:17.264 INFO: JdwpEventCenterDelegate: THREAD_RESUMED: thread (33, main, main)
09:43:17.265 INFO: JdwpEventCenterDelegate: THREAD_RESUMED: thread (33, main, main)
09:43:17.775 INFO: JdwpEventCenterDelegate: THREAD_RESUMED: thread (33, main, main)
09:43:17.776 INFO: JdwpEventCenterDelegate: THREAD_RESUMED: thread (33, main, main)
09:43:17.795 INFO: JdwpEventCenterDelegate: THREAD_RESUMED: thread (33, main, main)
09:43:17.796 INFO: JdwpEventCenterDelegate: THREAD_RESUMED: thread (33, main, main)
09:43:17.796 INFO: JdwpEventCenterDelegate: THREAD_RESUMED: thread (33, main, main)
09:43:17.797 INFO: JdwpEventCenterDelegate: THREAD_RESUMED: thread (33, main, main)
09:43:17.866 INFO: JdwpEventCenterDelegate: THREAD_RESUMED: thread (33, main, main)
09:43:18.225 INFO: JdwpEventCenterDelegate: THREAD_RESUMED: thread (33, main, main)
09:43:18.226 INFO: JdwpEventCenterDelegate: THREAD_RESUMED: thread (33, main, main)
09:43:18.227 INFO: JdwpEventCenterDelegate: THREAD_RESUMED: thread (33, main, main)
09:43:18.228 INFO: JdwpEventCenterDelegate: THREAD_RESUMED: thread (33, main, main)
09:43:18.229 INFO: JdwpEventCenterDelegate: THREAD_RESUMED: thread (33, main, main)
09:43:18.230 INFO: JdwpEventCenterDelegate: THREAD_RESUMED: thread (33, main, main)
09:43:18.255 INFO: JdwpEventCenterDelegate: THREAD_RESUMED: thread (33, main, main)
09:43:18.278 SEVERE: Debugger: Thread HooksChannel socket thread crashed
org.robovm.debugger.DebuggerException: java.nio.BufferUnderflowException
	at org.robovm.debugger.hooks.HooksChannel.doSocketWork(HooksChannel.java:149)
	at java.base/java.lang.Thread.run(Thread.java:833)
	at org.robovm.debugger.utils.DebuggerThread.run(DebuggerThread.java:42)
Caused by: java.nio.BufferUnderflowException
	at org.robovm.debugger.utils.bytebuffer.DataBufferWriter.writeFromStream(DataBufferWriter.java:91)
	at org.robovm.debugger.hooks.HooksChannel.doSocketWork(HooksChannel.java:116)
	... 2 more
09:43:18.787 SEVERE: Debugger: Thread JDWP server socket thread crashed
org.robovm.debugger.DebuggerException: java.net.SocketException: Socket closed
	at org.robovm.debugger.jdwp.JdwpDebugServer.doSocketWork(JdwpDebugServer.java:215)
	at java.base/java.lang.Thread.run(Thread.java:833)
	at org.robovm.debugger.utils.DebuggerThread.run(DebuggerThread.java:42)
Caused by: java.net.SocketException: Socket closed
	at java.base/sun.nio.ch.NioSocketImpl.endRead(NioSocketImpl.java:248)
	at java.base/sun.nio.ch.NioSocketImpl.implRead(NioSocketImpl.java:327)
	at java.base/sun.nio.ch.NioSocketImpl.read(NioSocketImpl.java:350)
	at java.base/sun.nio.ch.NioSocketImpl$1.read(NioSocketImpl.java:803)
	at java.base/java.net.Socket$SocketInputStream.read(Socket.java:966)
	at org.robovm.debugger.utils.bytebuffer.DataBufferWriter.writeFromStream(DataBufferWriter.java:89)
	at org.robovm.debugger.jdwp.protocol.JdwpRequestHeader.readFromStream(JdwpRequestHeader.java:36)
	at org.robovm.debugger.jdwp.JdwpDebugServer.doSocketWork(JdwpDebugServer.java:185)
	... 2 more
