08:50:39.395 INFO: JdwpEventCenterDelegate: THREAD_STARTED: thread (33, main, main)
08:50:39.469 INFO: JdwpEventCenterDelegate: THREAD_STARTED: thread (48, ReferenceQueueDaemon, main)
08:50:39.469 INFO: JdwpEventCenterDelegate: THREAD_STARTED: thread (63, FinalizerDaemon, main)
08:50:39.470 INFO: JdwpEventCenterDelegate: THREAD_STARTED: thread (78, FinalizerWatchdogDaemon, main)
08:50:40.514 INFO: JdwpDebugServer: handling req: VirtualMachine(1).IDSizes(7)
08:50:40.515 INFO: JdwpDebugServer: handling req: EventRequest(15).Set(1)
08:50:40.517 INFO: JdwpEventCenterDelegate: jdwpSetEventRequest: JdwpEventRequest{requestId=100, eventKind=CLASS_UNLOAD, suspendPolicy=NONE, predicates=[]}
08:50:40.518 INFO: JdwpDebugServer: handling req: EventRequest(15).Set(1)
08:50:40.518 INFO: JdwpEventCenterDelegate: jdwpSetEventRequest: JdwpEventRequest{requestId=101, eventKind=THREAD_START, suspendPolicy=NONE, predicates=[]}
08:50:40.519 INFO: JdwpDebugServer: handling req: VirtualMachine(1).ClassesBySignature(2)
08:50:40.522 INFO: JdwpDebugServer: handling req: VirtualMachine(1).Version(1)
08:50:40.523 INFO: JdwpDebugServer: handling req: ReferenceType(2).MethodsWithGeneric(15)
08:50:40.525 INFO: JdwpDebugServer: handling req: Method(6).LineTable(1)
08:50:40.526 INFO: JdwpDebugServer: handling req: EventRequest(15).Set(1)
08:50:40.527 INFO: JdwpEventCenterDelegate: jdwpSetEventRequest: JdwpEventRequest{requestId=102, eventKind=BREAKPOINT, suspendPolicy=NONE, predicates=[Location{classId=845, methodId=257, index=928} ]}
08:50:40.528 INFO: JdwpDebugServer: handling req: EventRequest(15).Set(1)
08:50:40.528 INFO: JdwpEventCenterDelegate: jdwpSetEventRequest: JdwpEventRequest{requestId=103, eventKind=THREAD_DEATH, suspendPolicy=NONE, predicates=[]}
08:50:40.528 INFO: JdwpDebugServer: handling req: VirtualMachine(1).AllThreads(4)
08:50:40.529 INFO: JdwpDebugServer: handling req: ThreadReference(11).ThreadGroup(5)
08:50:40.529 INFO: JdwpDebugServer: handling req: ThreadGroup(12).Name(1)
08:50:40.529 INFO: JdwpDebugServer: handling req: ThreadGroup(12).Parent(2)
08:50:40.530 INFO: JdwpDebugServer: handling req: ObjectReference(9).ReferenceType(1)
08:50:40.530 INFO: JdwpDebugServer: handling req: ReferenceType(2).FieldsWithGeneric(14)
08:50:40.531 INFO: JdwpDebugServer: handling req: ReferenceType(2).Interfaces(10)
08:50:40.532 INFO: JdwpDebugServer: handling req: ReferenceType(2).FieldsWithGeneric(14)
08:50:40.532 INFO: JdwpDebugServer: handling req: ReferenceType(2).Interfaces(10)
08:50:40.533 INFO: JdwpDebugServer: handling req: ClassType(3).Superclass(1)
08:50:40.533 INFO: JdwpDebugServer: handling req: ReferenceType(2).FieldsWithGeneric(14)
08:50:40.533 INFO: JdwpDebugServer: handling req: ReferenceType(2).Interfaces(10)
08:50:40.533 INFO: JdwpDebugServer: handling req: ClassType(3).Superclass(1)
08:50:40.534 INFO: JdwpDebugServer: handling req: ObjectReference(9).GetValues(2)
08:50:40.535 INFO: JdwpDebugServer: handling req: ThreadReference(11).Status(4)
08:50:40.536 INFO: JdwpDebugServer: handling req: ThreadReference(11).Status(4)
08:50:40.536 INFO: JdwpDebugServer: handling req: ThreadReference(11).ThreadGroup(5)
08:50:40.536 INFO: JdwpDebugServer: handling req: ObjectReference(9).ReferenceType(1)
08:50:40.537 INFO: JdwpDebugServer: handling req: ObjectReference(9).GetValues(2)
08:50:40.537 INFO: JdwpDebugServer: handling req: ThreadReference(11).Status(4)
08:50:40.537 INFO: JdwpDebugServer: handling req: ThreadReference(11).Status(4)
08:50:40.537 INFO: JdwpDebugServer: handling req: ThreadReference(11).ThreadGroup(5)
08:50:40.538 INFO: JdwpDebugServer: handling req: ObjectReference(9).ReferenceType(1)
08:50:40.538 INFO: JdwpDebugServer: handling req: ObjectReference(9).GetValues(2)
08:50:40.538 INFO: JdwpDebugServer: handling req: ThreadReference(11).Status(4)
08:50:40.538 INFO: JdwpDebugServer: handling req: ThreadReference(11).Status(4)
08:50:40.539 INFO: JdwpDebugServer: handling req: ThreadReference(11).ThreadGroup(5)
08:50:40.539 INFO: JdwpDebugServer: handling req: ObjectReference(9).ReferenceType(1)
08:50:40.539 INFO: JdwpDebugServer: handling req: ObjectReference(9).GetValues(2)
08:50:40.540 INFO: JdwpDebugServer: handling req: ThreadReference(11).Status(4)
08:50:40.541 INFO: JdwpDebugServer: handling req: ThreadReference(11).Status(4)
08:50:40.544 INFO: JdwpDebugServer: handling req: EventRequest(15).Set(1)
08:50:40.544 INFO: JdwpEventCenterDelegate: jdwpSetEventRequest: JdwpEventRequest{requestId=104, eventKind=CLASS_PREPARE, suspendPolicy=EVENT_THREAD, predicates=[className=com.badlogic.gdx.graphics.g2d.PolygonSpriteBatch]}
08:50:40.551 INFO: JdwpDebugServer: handling req: EventRequest(15).Set(1)
08:50:40.551 INFO: JdwpEventCenterDelegate: jdwpSetEventRequest: JdwpEventRequest{requestId=105, eventKind=CLASS_PREPARE, suspendPolicy=EVENT_THREAD, predicates=[className=com.badlogic.gdx.graphics.g2d.PolygonSpriteBatch$*]}
08:50:40.553 INFO: JdwpDebugServer: handling req: VirtualMachine(1).ClassesBySignature(2)
08:50:40.553 INFO: JdwpDebugServer: handling req: ReferenceType(2).MethodsWithGeneric(15)
08:50:40.554 INFO: JdwpDebugServer: handling req: Method(6).LineTable(1)
08:50:40.555 INFO: JdwpDebugServer: handling req: Method(6).LineTable(1)
08:50:40.555 INFO: JdwpDebugServer: handling req: Method(6).LineTable(1)
08:50:40.555 INFO: JdwpDebugServer: handling req: Method(6).LineTable(1)
08:50:40.555 INFO: JdwpDebugServer: handling req: Method(6).LineTable(1)
08:50:40.556 INFO: JdwpDebugServer: handling req: Method(6).LineTable(1)
08:50:40.556 INFO: JdwpDebugServer: handling req: Method(6).LineTable(1)
08:50:40.556 INFO: JdwpDebugServer: handling req: Method(6).LineTable(1)
08:50:40.556 INFO: JdwpDebugServer: handling req: Method(6).LineTable(1)
08:50:40.556 INFO: JdwpDebugServer: handling req: Method(6).LineTable(1)
08:50:40.556 INFO: JdwpDebugServer: handling req: Method(6).LineTable(1)
08:50:40.556 INFO: JdwpDebugServer: handling req: Method(6).LineTable(1)
08:50:40.556 INFO: JdwpDebugServer: handling req: Method(6).LineTable(1)
08:50:40.557 INFO: JdwpDebugServer: handling req: Method(6).LineTable(1)
08:50:40.557 INFO: JdwpDebugServer: handling req: Method(6).LineTable(1)
08:50:40.557 INFO: JdwpDebugServer: handling req: Method(6).LineTable(1)
08:50:40.557 INFO: JdwpDebugServer: handling req: Method(6).LineTable(1)
08:50:40.557 INFO: JdwpDebugServer: handling req: Method(6).LineTable(1)
08:50:40.557 INFO: JdwpDebugServer: handling req: Method(6).LineTable(1)
08:50:40.557 INFO: JdwpDebugServer: handling req: Method(6).LineTable(1)
08:50:40.557 INFO: JdwpDebugServer: handling req: Method(6).LineTable(1)
08:50:40.557 INFO: JdwpDebugServer: handling req: Method(6).LineTable(1)
08:50:40.557 INFO: JdwpDebugServer: handling req: Method(6).LineTable(1)
08:50:40.558 INFO: JdwpDebugServer: handling req: Method(6).LineTable(1)
08:50:40.558 INFO: JdwpDebugServer: handling req: Method(6).LineTable(1)
08:50:40.558 INFO: JdwpDebugServer: handling req: Method(6).LineTable(1)
08:50:40.558 INFO: JdwpDebugServer: handling req: Method(6).LineTable(1)
08:50:40.558 INFO: JdwpDebugServer: handling req: Method(6).LineTable(1)
08:50:40.558 INFO: JdwpDebugServer: handling req: Method(6).LineTable(1)
08:50:40.558 INFO: JdwpDebugServer: handling req: Method(6).LineTable(1)
08:50:40.558 INFO: JdwpDebugServer: handling req: Method(6).LineTable(1)
08:50:40.558 INFO: JdwpDebugServer: handling req: Method(6).LineTable(1)
08:50:40.559 INFO: JdwpDebugServer: handling req: Method(6).LineTable(1)
08:50:40.559 INFO: JdwpDebugServer: handling req: Method(6).LineTable(1)
08:50:40.559 INFO: JdwpDebugServer: handling req: Method(6).LineTable(1)
08:50:40.559 INFO: JdwpDebugServer: handling req: Method(6).LineTable(1)
08:50:40.559 INFO: JdwpDebugServer: handling req: Method(6).LineTable(1)
08:50:40.559 INFO: JdwpDebugServer: handling req: Method(6).LineTable(1)
08:50:40.559 INFO: JdwpDebugServer: handling req: Method(6).LineTable(1)
08:50:40.559 INFO: JdwpDebugServer: handling req: Method(6).LineTable(1)
08:50:40.559 INFO: JdwpDebugServer: handling req: Method(6).LineTable(1)
08:50:40.559 INFO: JdwpDebugServer: handling req: Method(6).LineTable(1)
08:50:40.559 INFO: JdwpDebugServer: handling req: Method(6).LineTable(1)
08:50:40.560 INFO: JdwpDebugServer: handling req: Method(6).LineTable(1)
08:50:40.560 INFO: JdwpDebugServer: handling req: Method(6).LineTable(1)
08:50:40.560 INFO: JdwpDebugServer: handling req: Method(6).LineTable(1)
08:50:40.560 INFO: JdwpDebugServer: handling req: Method(6).LineTable(1)
08:50:40.560 INFO: JdwpDebugServer: handling req: EventRequest(15).Set(1)
08:50:40.560 INFO: JdwpEventCenterDelegate: jdwpSetEventRequest: JdwpEventRequest{requestId=106, eventKind=BREAKPOINT, suspendPolicy=EVENT_THREAD, predicates=[Location{classId=15500, methodId=1122, index=142} ]}
08:50:40.561 INFO: JdwpDebugServer: handling req: ReferenceType(2).Signature(1)
08:50:40.564 INFO: JdwpDebugServer: handling req: EventRequest(15).Set(1)
08:50:40.564 INFO: JdwpEventCenterDelegate: jdwpSetEventRequest: JdwpEventRequest{requestId=107, eventKind=CLASS_PREPARE, suspendPolicy=EVENT_THREAD, predicates=[className=com.badlogic.gdx.graphics.g2d.SpriteBatch]}
08:50:40.565 INFO: JdwpDebugServer: handling req: EventRequest(15).Set(1)
08:50:40.565 INFO: JdwpEventCenterDelegate: jdwpSetEventRequest: JdwpEventRequest{requestId=108, eventKind=CLASS_PREPARE, suspendPolicy=EVENT_THREAD, predicates=[className=com.badlogic.gdx.graphics.g2d.SpriteBatch$*]}
08:50:40.566 INFO: JdwpDebugServer: handling req: VirtualMachine(1).ClassesBySignature(2)
08:50:40.566 INFO: JdwpDebugServer: handling req: ReferenceType(2).MethodsWithGeneric(15)
08:50:40.568 INFO: JdwpDebugServer: handling req: Method(6).LineTable(1)
08:50:40.568 INFO: JdwpDebugServer: handling req: Method(6).LineTable(1)
08:50:40.568 INFO: JdwpDebugServer: handling req: Method(6).LineTable(1)
08:50:40.569 INFO: JdwpDebugServer: handling req: Method(6).LineTable(1)
08:50:40.569 INFO: JdwpDebugServer: handling req: Method(6).LineTable(1)
08:50:40.569 INFO: JdwpDebugServer: handling req: Method(6).LineTable(1)
08:50:40.569 INFO: JdwpDebugServer: handling req: Method(6).LineTable(1)
08:50:40.569 INFO: JdwpDebugServer: handling req: Method(6).LineTable(1)
08:50:40.569 INFO: JdwpDebugServer: handling req: Method(6).LineTable(1)
08:50:40.569 INFO: JdwpDebugServer: handling req: Method(6).LineTable(1)
08:50:40.569 INFO: JdwpDebugServer: handling req: Method(6).LineTable(1)
08:50:40.570 INFO: JdwpDebugServer: handling req: Method(6).LineTable(1)
08:50:40.570 INFO: JdwpDebugServer: handling req: Method(6).LineTable(1)
08:50:40.570 INFO: JdwpDebugServer: handling req: Method(6).LineTable(1)
08:50:40.570 INFO: JdwpDebugServer: handling req: Method(6).LineTable(1)
08:50:40.570 INFO: JdwpDebugServer: handling req: Method(6).LineTable(1)
08:50:40.570 INFO: JdwpDebugServer: handling req: Method(6).LineTable(1)
08:50:40.570 INFO: JdwpDebugServer: handling req: Method(6).LineTable(1)
08:50:40.571 INFO: JdwpDebugServer: handling req: Method(6).LineTable(1)
08:50:40.571 INFO: JdwpDebugServer: handling req: Method(6).LineTable(1)
08:50:40.571 INFO: JdwpDebugServer: handling req: Method(6).LineTable(1)
08:50:40.571 INFO: JdwpDebugServer: handling req: Method(6).LineTable(1)
08:50:40.571 INFO: JdwpDebugServer: handling req: Method(6).LineTable(1)
08:50:40.571 INFO: JdwpDebugServer: handling req: Method(6).LineTable(1)
08:50:40.571 INFO: JdwpDebugServer: handling req: Method(6).LineTable(1)
08:50:40.571 INFO: JdwpDebugServer: handling req: Method(6).LineTable(1)
08:50:40.572 INFO: JdwpDebugServer: handling req: Method(6).LineTable(1)
08:50:40.572 INFO: JdwpDebugServer: handling req: Method(6).LineTable(1)
08:50:40.572 INFO: JdwpDebugServer: handling req: Method(6).LineTable(1)
08:50:40.572 INFO: JdwpDebugServer: handling req: Method(6).LineTable(1)
08:50:40.572 INFO: JdwpDebugServer: handling req: Method(6).LineTable(1)
08:50:40.572 INFO: JdwpDebugServer: handling req: Method(6).LineTable(1)
08:50:40.572 INFO: JdwpDebugServer: handling req: Method(6).LineTable(1)
08:50:40.572 INFO: JdwpDebugServer: handling req: Method(6).LineTable(1)
08:50:40.572 INFO: JdwpDebugServer: handling req: Method(6).LineTable(1)
08:50:40.573 INFO: JdwpDebugServer: handling req: Method(6).LineTable(1)
08:50:40.573 INFO: JdwpDebugServer: handling req: Method(6).LineTable(1)
08:50:40.573 INFO: JdwpDebugServer: handling req: Method(6).LineTable(1)
08:50:40.573 INFO: JdwpDebugServer: handling req: Method(6).LineTable(1)
08:50:40.573 INFO: JdwpDebugServer: handling req: Method(6).LineTable(1)
08:50:40.573 INFO: JdwpDebugServer: handling req: Method(6).LineTable(1)
08:50:40.573 INFO: JdwpDebugServer: handling req: Method(6).LineTable(1)
08:50:40.573 INFO: JdwpDebugServer: handling req: Method(6).LineTable(1)
08:50:40.573 INFO: JdwpDebugServer: handling req: Method(6).LineTable(1)
08:50:40.574 INFO: JdwpDebugServer: handling req: EventRequest(15).Set(1)
08:50:40.574 INFO: JdwpEventCenterDelegate: jdwpSetEventRequest: JdwpEventRequest{requestId=109, eventKind=BREAKPOINT, suspendPolicy=EVENT_THREAD, predicates=[Location{classId=18040, methodId=1357, index=163} ]}
08:50:40.574 INFO: JdwpDebugServer: handling req: ReferenceType(2).Signature(1)
08:50:40.574 INFO: JdwpDebugServer: handling req: EventRequest(15).Set(1)
08:50:40.574 INFO: JdwpEventCenterDelegate: jdwpSetEventRequest: JdwpEventRequest{requestId=110, eventKind=CLASS_PREPARE, suspendPolicy=EVENT_THREAD, predicates=[className=com.badlogic.gdx.graphics.g2d.PolygonSpriteBatch]}
08:50:40.575 INFO: JdwpDebugServer: handling req: EventRequest(15).Set(1)
08:50:40.575 INFO: JdwpEventCenterDelegate: jdwpSetEventRequest: JdwpEventRequest{requestId=111, eventKind=CLASS_PREPARE, suspendPolicy=EVENT_THREAD, predicates=[className=com.badlogic.gdx.graphics.g2d.PolygonSpriteBatch$*]}
08:50:40.576 INFO: JdwpDebugServer: handling req: VirtualMachine(1).ClassesBySignature(2)
08:50:40.577 INFO: JdwpDebugServer: handling req: EventRequest(15).Set(1)
08:50:40.577 INFO: JdwpEventCenterDelegate: jdwpSetEventRequest: JdwpEventRequest{requestId=112, eventKind=BREAKPOINT, suspendPolicy=EVENT_THREAD, predicates=[Location{classId=15500, methodId=1122, index=141} ]}
08:50:40.577 INFO: JdwpDebugServer: handling req: EventRequest(15).Set(1)
08:50:40.577 INFO: JdwpEventCenterDelegate: jdwpSetEventRequest: JdwpEventRequest{requestId=113, eventKind=CLASS_PREPARE, suspendPolicy=EVENT_THREAD, predicates=[className=java.lang.Throwable]}
08:50:40.578 INFO: JdwpDebugServer: handling req: EventRequest(15).Set(1)
08:50:40.578 INFO: JdwpEventCenterDelegate: jdwpSetEventRequest: JdwpEventRequest{requestId=114, eventKind=CLASS_PREPARE, suspendPolicy=EVENT_THREAD, predicates=[className=java.lang.Throwable$*]}
08:50:40.578 INFO: JdwpDebugServer: handling req: VirtualMachine(1).ClassesBySignature(2)
08:50:40.578 INFO: JdwpDebugServer: handling req: ReferenceType(2).MethodsWithGeneric(15)
08:50:40.579 INFO: JdwpDebugServer: handling req: Method(6).LineTable(1)
08:50:40.579 INFO: JdwpDebugServer: handling req: Method(6).LineTable(1)
08:50:40.579 INFO: JdwpDebugServer: handling req: Method(6).LineTable(1)
08:50:40.579 INFO: JdwpDebugServer: handling req: Method(6).LineTable(1)
08:50:40.579 INFO: JdwpDebugServer: handling req: Method(6).LineTable(1)
08:50:40.579 INFO: JdwpDebugServer: handling req: Method(6).LineTable(1)
08:50:40.580 INFO: JdwpDebugServer: handling req: Method(6).LineTable(1)
08:50:40.580 INFO: JdwpDebugServer: handling req: Method(6).LineTable(1)
08:50:40.580 INFO: JdwpDebugServer: handling req: Method(6).LineTable(1)
08:50:40.580 INFO: JdwpDebugServer: handling req: Method(6).LineTable(1)
08:50:40.580 INFO: JdwpDebugServer: handling req: Method(6).LineTable(1)
08:50:40.580 INFO: JdwpDebugServer: handling req: Method(6).LineTable(1)
08:50:40.580 INFO: JdwpDebugServer: handling req: Method(6).LineTable(1)
08:50:40.580 INFO: JdwpDebugServer: handling req: Method(6).LineTable(1)
08:50:40.580 INFO: JdwpDebugServer: handling req: Method(6).LineTable(1)
08:50:40.581 INFO: JdwpDebugServer: handling req: Method(6).LineTable(1)
08:50:40.581 INFO: JdwpDebugServer: handling req: Method(6).LineTable(1)
08:50:40.581 INFO: JdwpDebugServer: handling req: Method(6).LineTable(1)
08:50:40.581 INFO: JdwpDebugServer: handling req: Method(6).LineTable(1)
08:50:40.581 INFO: JdwpDebugServer: handling req: Method(6).LineTable(1)
08:50:40.581 INFO: JdwpDebugServer: handling req: Method(6).LineTable(1)
08:50:40.581 INFO: JdwpDebugServer: handling req: Method(6).LineTable(1)
08:50:40.581 INFO: JdwpDebugServer: handling req: Method(6).LineTable(1)
08:50:40.582 INFO: JdwpDebugServer: handling req: Method(6).LineTable(1)
08:50:40.582 INFO: JdwpDebugServer: handling req: VirtualMachine(1).ClassesBySignature(2)
08:50:40.582 INFO: JdwpDebugServer: handling req: VirtualMachine(1).AllClassesWithGeneric(20)
08:50:40.599 INFO: JdwpDebugServer: handling req: EventRequest(15).Set(1)
08:50:40.599 INFO: JdwpEventCenterDelegate: jdwpSetEventRequest: JdwpEventRequest{requestId=115, eventKind=CLASS_PREPARE, suspendPolicy=EVENT_THREAD, predicates=[className=com.badlogic.gdx.utils.ScreenUtils]}
08:50:40.601 INFO: JdwpDebugServer: handling req: EventRequest(15).Set(1)
08:50:40.601 INFO: JdwpEventCenterDelegate: jdwpSetEventRequest: JdwpEventRequest{requestId=116, eventKind=CLASS_PREPARE, suspendPolicy=EVENT_THREAD, predicates=[className=com.badlogic.gdx.utils.ScreenUtils$*]}
08:50:40.602 INFO: JdwpDebugServer: handling req: VirtualMachine(1).ClassesBySignature(2)
08:50:40.602 INFO: JdwpDebugServer: handling req: ReferenceType(2).MethodsWithGeneric(15)
08:50:40.602 INFO: JdwpDebugServer: handling req: Method(6).LineTable(1)
08:50:40.603 INFO: JdwpDebugServer: handling req: Method(6).LineTable(1)
08:50:40.603 INFO: JdwpDebugServer: handling req: Method(6).LineTable(1)
08:50:40.603 INFO: JdwpDebugServer: handling req: Method(6).LineTable(1)
08:50:40.603 INFO: JdwpDebugServer: handling req: Method(6).LineTable(1)
08:50:40.603 INFO: JdwpDebugServer: handling req: Method(6).LineTable(1)
08:50:40.603 INFO: JdwpDebugServer: handling req: Method(6).LineTable(1)
08:50:40.603 INFO: JdwpDebugServer: handling req: Method(6).LineTable(1)
08:50:40.603 INFO: JdwpDebugServer: handling req: Method(6).LineTable(1)
08:50:40.604 INFO: JdwpDebugServer: handling req: Method(6).LineTable(1)
08:50:40.604 INFO: JdwpDebugServer: handling req: EventRequest(15).Set(1)
08:50:40.604 INFO: JdwpEventCenterDelegate: jdwpSetEventRequest: JdwpEventRequest{requestId=117, eventKind=BREAKPOINT, suspendPolicy=EVENT_THREAD, predicates=[Location{classId=22240, methodId=1727, index=89} ]}
08:50:40.604 INFO: JdwpDebugServer: handling req: EventRequest(15).Set(1)
08:50:40.604 INFO: JdwpEventCenterDelegate: jdwpSetEventRequest: JdwpEventRequest{requestId=118, eventKind=CLASS_PREPARE, suspendPolicy=EVENT_THREAD, predicates=[className=com.badlogic.gdx.utils.ScreenUtils]}
08:50:40.605 INFO: JdwpDebugServer: handling req: EventRequest(15).Set(1)
08:50:40.605 INFO: JdwpEventCenterDelegate: jdwpSetEventRequest: JdwpEventRequest{requestId=119, eventKind=CLASS_PREPARE, suspendPolicy=EVENT_THREAD, predicates=[className=com.badlogic.gdx.utils.ScreenUtils$*]}
08:50:40.606 INFO: JdwpDebugServer: handling req: VirtualMachine(1).ClassesBySignature(2)
08:50:40.606 INFO: JdwpDebugServer: handling req: EventRequest(15).Set(1)
08:50:40.606 INFO: JdwpEventCenterDelegate: jdwpSetEventRequest: JdwpEventRequest{requestId=120, eventKind=BREAKPOINT, suspendPolicy=EVENT_THREAD, predicates=[Location{classId=22240, methodId=1722, index=72} ]}
08:50:40.606 INFO: JdwpDebugServer: handling req: EventRequest(15).Set(1)
08:50:40.606 INFO: JdwpEventCenterDelegate: jdwpSetEventRequest: JdwpEventRequest{requestId=121, eventKind=CLASS_PREPARE, suspendPolicy=EVENT_THREAD, predicates=[className=com.scottlogic.util.ShaderProgramFactory]}
08:50:40.607 INFO: JdwpDebugServer: handling req: EventRequest(15).Set(1)
08:50:40.607 INFO: JdwpEventCenterDelegate: jdwpSetEventRequest: JdwpEventRequest{requestId=122, eventKind=CLASS_PREPARE, suspendPolicy=EVENT_THREAD, predicates=[className=com.scottlogic.util.ShaderProgramFactory$*]}
08:50:40.608 INFO: JdwpDebugServer: handling req: VirtualMachine(1).ClassesBySignature(2)
08:50:40.608 INFO: JdwpDebugServer: handling req: ReferenceType(2).MethodsWithGeneric(15)
08:50:40.609 INFO: JdwpDebugServer: handling req: Method(6).LineTable(1)
08:50:40.609 INFO: JdwpDebugServer: handling req: Method(6).LineTable(1)
08:50:40.609 INFO: JdwpDebugServer: handling req: Method(6).LineTable(1)
08:50:40.609 INFO: JdwpDebugServer: handling req: Method(6).LineTable(1)
08:50:40.609 INFO: JdwpDebugServer: handling req: Method(6).LineTable(1)
08:50:40.609 INFO: JdwpDebugServer: handling req: EventRequest(15).Set(1)
08:50:40.609 INFO: JdwpEventCenterDelegate: jdwpSetEventRequest: JdwpEventRequest{requestId=123, eventKind=BREAKPOINT, suspendPolicy=EVENT_THREAD, predicates=[Location{classId=20400, methodId=1762, index=106} ]}
08:50:40.610 INFO: JdwpDebugServer: handling req: EventRequest(15).Set(1)
08:50:40.610 INFO: JdwpEventCenterDelegate: jdwpSetEventRequest: JdwpEventRequest{requestId=124, eventKind=CLASS_PREPARE, suspendPolicy=EVENT_THREAD, predicates=[className=com.abdalla.bushnaq.pluvia.launcher.IOSLauncher]}
08:50:40.611 INFO: JdwpDebugServer: handling req: EventRequest(15).Set(1)
08:50:40.611 INFO: JdwpEventCenterDelegate: jdwpSetEventRequest: JdwpEventRequest{requestId=125, eventKind=CLASS_PREPARE, suspendPolicy=EVENT_THREAD, predicates=[className=com.abdalla.bushnaq.pluvia.launcher.IOSLauncher$*]}
08:50:40.612 INFO: JdwpDebugServer: handling req: VirtualMachine(1).ClassesBySignature(2)
08:50:40.612 INFO: JdwpDebugServer: handling req: ReferenceType(2).MethodsWithGeneric(15)
08:50:40.612 INFO: JdwpDebugServer: handling req: Method(6).LineTable(1)
08:50:40.612 INFO: JdwpDebugServer: handling req: Method(6).LineTable(1)
08:50:40.613 INFO: JdwpDebugServer: handling req: Method(6).LineTable(1)
08:50:40.613 INFO: JdwpDebugServer: handling req: Method(6).LineTable(1)
08:50:40.613 INFO: JdwpDebugServer: handling req: EventRequest(15).Set(1)
08:50:40.613 INFO: JdwpEventCenterDelegate: jdwpSetEventRequest: JdwpEventRequest{requestId=126, eventKind=BREAKPOINT, suspendPolicy=EVENT_THREAD, predicates=[Location{classId=12885, methodId=1787, index=74} ]}
08:50:40.615 INFO: JdwpDebugServer: handling req: VirtualMachine(1).capabilitiesNew(17)
08:50:40.618 INFO: JdwpDebugServer: handling req: EventRequest(15).Set(1)
08:50:40.618 INFO: JdwpEventCenterDelegate: jdwpSetEventRequest: JdwpEventRequest{requestId=127, eventKind=CLASS_PREPARE, suspendPolicy=EVENT_THREAD, predicates=[className=java.lang.Error]}
08:50:40.619 INFO: JdwpDebugServer: handling req: EventRequest(15).Set(1)
08:50:40.619 INFO: JdwpEventCenterDelegate: jdwpSetEventRequest: JdwpEventRequest{requestId=128, eventKind=CLASS_PREPARE, suspendPolicy=EVENT_THREAD, predicates=[className=java.lang.Error$*]}
08:50:40.620 INFO: JdwpDebugServer: handling req: VirtualMachine(1).ClassesBySignature(2)
08:50:40.620 INFO: JdwpDebugServer: handling req: EventRequest(15).Set(1)
08:50:40.625 INFO: JdwpEventCenterDelegate: jdwpSetEventRequest: JdwpEventRequest{requestId=129, eventKind=EXCEPTION, suspendPolicy=EVENT_THREAD, predicates=[exceptionType=3425(caught=true, uncaught=true)]}
08:50:40.663 INFO: JdwpDebugServer: handling req: EventRequest(15).Set(1)
08:50:40.664 INFO: JdwpEventCenterDelegate: jdwpSetEventRequest: JdwpEventRequest{requestId=130, eventKind=CLASS_PREPARE, suspendPolicy=EVENT_THREAD, predicates=[className=java.lang.Throwable]}
08:50:40.665 INFO: JdwpDebugServer: handling req: EventRequest(15).Set(1)
08:50:40.665 INFO: JdwpEventCenterDelegate: jdwpSetEventRequest: JdwpEventRequest{requestId=131, eventKind=CLASS_PREPARE, suspendPolicy=EVENT_THREAD, predicates=[className=java.lang.Throwable$*]}
08:50:40.666 INFO: JdwpDebugServer: handling req: VirtualMachine(1).ClassesBySignature(2)
08:50:40.666 INFO: JdwpDebugServer: handling req: EventRequest(15).Set(1)
08:50:40.666 INFO: JdwpEventCenterDelegate: jdwpSetEventRequest: JdwpEventRequest{requestId=132, eventKind=EXCEPTION, suspendPolicy=EVENT_THREAD, predicates=[exceptionType=7695(caught=false, uncaught=true)]}
08:50:40.668 INFO: JdwpDebugServer: handling req: ThreadReference(11).SuspendCount(12)
08:50:40.668 INFO: JdwpDebugServer: handling req: ThreadReference(11).SuspendCount(12)
08:50:40.668 INFO: JdwpDebugServer: handling req: ThreadReference(11).SuspendCount(12)
08:50:40.668 INFO: JdwpDebugServer: handling req: ThreadReference(11).SuspendCount(12)
08:50:40.669 INFO: JdwpDebugServer: handling req: VirtualMachine(1).AllThreads(4)
08:50:40.669 INFO: JdwpDebugServer: handling req: VirtualMachine(1).Resume(9)
08:50:40.715 INFO: JdwpDebugServer: handling req: EventRequest(15).Set(1)
08:50:40.715 INFO: JdwpEventCenterDelegate: jdwpSetEventRequest: JdwpEventRequest{requestId=133, eventKind=BREAKPOINT, suspendPolicy=EVENT_THREAD, predicates=[Location{classId=12885, methodId=1787, index=74} ]}
08:50:40.719 INFO: JdwpDebugServer: handling req: ThreadReference(11).Resume(3)
08:50:40.720 INFO: JdwpEventCenterDelegate: THREAD_RESUMED: thread (33, main, main)
08:50:40.746 INFO: JdwpEventCenterDelegate: THREAD_RESUMED: thread (33, main, main)
08:50:40.746 INFO: JdwpEventCenterDelegate: THREAD_RESUMED: thread (33, main, main)
08:50:40.747 INFO: JdwpEventCenterDelegate: THREAD_RESUMED: thread (33, main, main)
08:50:40.747 INFO: JdwpEventCenterDelegate: THREAD_RESUMED: thread (33, main, main)
08:50:40.748 INFO: JdwpEventCenterDelegate: THREAD_RESUMED: thread (33, main, main)
08:50:40.748 INFO: JdwpEventCenterDelegate: THREAD_RESUMED: thread (33, main, main)
08:50:40.748 INFO: JdwpEventCenterDelegate: THREAD_RESUMED: thread (33, main, main)
08:50:40.751 INFO: JdwpEventCenterDelegate: THREAD_RESUMED: thread (33, main, main)
08:50:40.751 INFO: JdwpEventCenterDelegate: THREAD_RESUMED: thread (33, main, main)
08:50:40.752 INFO: JdwpEventCenterDelegate: THREAD_RESUMED: thread (33, main, main)
08:50:40.752 INFO: JdwpEventCenterDelegate: THREAD_RESUMED: thread (33, main, main)
08:50:40.758 INFO: JdwpEventCenterDelegate: THREAD_RESUMED: thread (33, main, main)
08:50:40.758 INFO: JdwpEventCenterDelegate: THREAD_RESUMED: thread (33, main, main)
08:50:40.759 INFO: JdwpEventCenterDelegate: THREAD_RESUMED: thread (33, main, main)
08:50:40.831 INFO: JdwpEventCenterDelegate: THREAD_RESUMED: thread (33, main, main)
08:50:40.831 INFO: JdwpEventCenterDelegate: THREAD_RESUMED: thread (33, main, main)
08:50:40.832 INFO: JdwpEventCenterDelegate: THREAD_RESUMED: thread (33, main, main)
08:50:40.839 INFO: JdwpEventCenterDelegate: THREAD_RESUMED: thread (33, main, main)
08:50:40.840 INFO: JdwpEventCenterDelegate: THREAD_RESUMED: thread (33, main, main)
08:50:40.840 INFO: JdwpEventCenterDelegate: THREAD_RESUMED: thread (33, main, main)
08:50:41.095 INFO: JdwpEventCenterDelegate: THREAD_RESUMED: thread (33, main, main)
08:50:41.096 INFO: JdwpEventCenterDelegate: THREAD_RESUMED: thread (33, main, main)
08:50:41.097 INFO: JdwpEventCenterDelegate: THREAD_RESUMED: thread (33, main, main)
08:50:41.157 INFO: JdwpEventCenterDelegate: THREAD_RESUMED: thread (33, main, main)
08:50:41.158 INFO: JdwpEventCenterDelegate: THREAD_RESUMED: thread (33, main, main)
08:50:41.158 INFO: JdwpEventCenterDelegate: THREAD_RESUMED: thread (33, main, main)
08:50:41.164 INFO: JdwpDebugServer: handling req: ThreadReference(11).Name(1)
08:50:41.166 INFO: JdwpDebugServer: handling req: ThreadReference(11).Name(1)
08:50:41.166 INFO: JdwpDebugServer: handling req: ThreadReference(11).Name(1)
08:50:41.166 INFO: JdwpDebugServer: handling req: ThreadReference(11).Name(1)
08:50:41.186 INFO: JdwpEventCenterDelegate: THREAD_RESUMED: thread (33, main, main)
08:50:41.187 INFO: JdwpEventCenterDelegate: THREAD_RESUMED: thread (33, main, main)
08:50:41.187 INFO: JdwpEventCenterDelegate: THREAD_RESUMED: thread (33, main, main)
08:50:41.208 INFO: JdwpEventCenterDelegate: THREAD_RESUMED: thread (33, main, main)
08:50:41.208 INFO: JdwpEventCenterDelegate: THREAD_RESUMED: thread (33, main, main)
08:50:41.209 INFO: JdwpEventCenterDelegate: THREAD_RESUMED: thread (33, main, main)
08:50:41.209 INFO: JdwpEventCenterDelegate: THREAD_RESUMED: thread (33, main, main)
08:50:41.215 INFO: JdwpEventCenterDelegate: THREAD_RESUMED: thread (33, main, main)
08:50:41.216 INFO: JdwpEventCenterDelegate: THREAD_RESUMED: thread (33, main, main)
08:50:41.758 INFO: JdwpEventCenterDelegate: THREAD_RESUMED: thread (33, main, main)
08:50:41.760 INFO: JdwpEventCenterDelegate: THREAD_RESUMED: thread (33, main, main)
08:50:41.780 INFO: JdwpEventCenterDelegate: THREAD_RESUMED: thread (33, main, main)
08:50:41.781 INFO: JdwpEventCenterDelegate: THREAD_RESUMED: thread (33, main, main)
08:50:41.782 INFO: JdwpEventCenterDelegate: THREAD_RESUMED: thread (33, main, main)
08:50:41.783 INFO: JdwpEventCenterDelegate: THREAD_RESUMED: thread (33, main, main)
08:50:41.860 INFO: JdwpEventCenterDelegate: THREAD_RESUMED: thread (33, main, main)
08:50:42.258 INFO: JdwpDebugServer: handling req: EventRequest(15).Set(1)
08:50:42.259 INFO: JdwpEventCenterDelegate: jdwpSetEventRequest: JdwpEventRequest{requestId=134, eventKind=BREAKPOINT, suspendPolicy=EVENT_THREAD, predicates=[Location{classId=15500, methodId=1122, index=142} ]}
08:50:42.265 INFO: JdwpDebugServer: handling req: EventRequest(15).Set(1)
08:50:42.265 INFO: JdwpEventCenterDelegate: jdwpSetEventRequest: JdwpEventRequest{requestId=135, eventKind=BREAKPOINT, suspendPolicy=EVENT_THREAD, predicates=[Location{classId=15500, methodId=1122, index=141} ]}
08:50:42.268 INFO: JdwpDebugServer: handling req: ThreadReference(11).Resume(3)
08:50:42.269 INFO: JdwpEventCenterDelegate: THREAD_RESUMED: thread (33, main, main)
08:50:42.280 INFO: JdwpEventCenterDelegate: THREAD_RESUMED: thread (33, main, main)
08:50:42.281 INFO: JdwpEventCenterDelegate: THREAD_RESUMED: thread (33, main, main)
08:50:42.282 INFO: JdwpEventCenterDelegate: THREAD_RESUMED: thread (33, main, main)
08:50:42.283 INFO: JdwpEventCenterDelegate: THREAD_RESUMED: thread (33, main, main)
08:50:42.284 INFO: JdwpEventCenterDelegate: THREAD_RESUMED: thread (33, main, main)
08:50:42.285 INFO: JdwpEventCenterDelegate: THREAD_RESUMED: thread (33, main, main)
08:50:42.286 INFO: JdwpDebugServer: handling req: EventRequest(15).Set(1)
08:50:42.287 INFO: JdwpEventCenterDelegate: jdwpSetEventRequest: JdwpEventRequest{requestId=136, eventKind=BREAKPOINT, suspendPolicy=EVENT_THREAD, predicates=[Location{classId=20400, methodId=1762, index=106} ]}
08:50:42.289 INFO: JdwpDebugServer: handling req: ThreadReference(11).Resume(3)
08:50:42.290 INFO: JdwpEventCenterDelegate: THREAD_RESUMED: thread (33, main, main)
08:50:42.304 INFO: JdwpDebugServer: handling req: ThreadReference(11).Frames(6)
08:50:42.304 INFO: JdwpDebugServer: handling req: ReferenceType(2).MethodsWithGeneric(15)
08:50:42.305 INFO: JdwpDebugServer: handling req: ReferenceType(2).MethodsWithGeneric(15)
08:50:42.305 INFO: JdwpDebugServer: handling req: ReferenceType(2).MethodsWithGeneric(15)
08:50:42.306 INFO: JdwpDebugServer: handling req: ReferenceType(2).MethodsWithGeneric(15)
08:50:42.306 INFO: JdwpDebugServer: handling req: ReferenceType(2).MethodsWithGeneric(15)
08:50:42.306 INFO: JdwpDebugServer: handling req: ReferenceType(2).MethodsWithGeneric(15)
08:50:42.307 INFO: JdwpDebugServer: handling req: ThreadReference(11).FramesCount(7)
08:50:42.308 INFO: JdwpDebugServer: handling req: ThreadReference(11).FramesCount(7)
08:50:42.958 INFO: JdwpDebugServer: handling req: ReferenceType(2).SourceFile(7)
08:50:43.018 INFO: JdwpDebugServer: handling req: ThreadReference(11).Name(1)
08:50:43.019 INFO: JdwpDebugServer: handling req: ReferenceType(2).SignatureWithGeneric(13)
08:50:43.020 INFO: JdwpDebugServer: handling req: ThreadReference(11).Name(1)
08:50:43.020 INFO: JdwpDebugServer: handling req: ThreadReference(11).Name(1)
08:50:43.021 INFO: JdwpDebugServer: handling req: ThreadReference(11).Name(1)
08:50:43.021 INFO: JdwpDebugServer: handling req: ThreadReference(11).Name(1)
08:50:43.073 INFO: JdwpDebugServer: handling req: ReferenceType(2).FieldsWithGeneric(14)
08:50:43.074 INFO: JdwpDebugServer: handling req: ReferenceType(2).Interfaces(10)
08:50:43.074 INFO: JdwpDebugServer: handling req: ClassType(3).Superclass(1)
08:50:43.074 INFO: JdwpDebugServer: handling req: ClassType(3).Superclass(1)
08:50:43.075 INFO: JdwpDebugServer: handling req: Method(6).VariableTableWithGenerics(5)
08:50:43.104 INFO: JdwpDebugServer: handling req: StackFrame(16).GetValues(1)
08:50:43.107 INFO: JdwpDebugServer: handling req: StackFrame(16).GetValues(1)
08:50:43.108 INFO: JdwpDebugServer: handling req: ObjectReference(9).ReferenceType(1)
08:50:43.108 INFO: JdwpDebugServer: handling req: ReferenceType(2).FieldsWithGeneric(14)
08:50:43.108 INFO: JdwpDebugServer: handling req: StackFrame(16).GetValues(1)
08:50:43.109 INFO: JdwpDebugServer: handling req: ReferenceType(2).Interfaces(10)
08:50:43.109 INFO: JdwpDebugServer: handling req: ReferenceType(2).FieldsWithGeneric(14)
08:50:43.109 INFO: JdwpDebugServer: handling req: ReferenceType(2).Interfaces(10)
08:50:43.109 INFO: JdwpDebugServer: handling req: ReferenceType(2).FieldsWithGeneric(14)
08:50:43.110 INFO: JdwpDebugServer: handling req: ReferenceType(2).Interfaces(10)
08:50:43.110 INFO: JdwpDebugServer: handling req: ClassType(3).Superclass(1)
08:50:43.110 INFO: JdwpDebugServer: handling req: ReferenceType(2).FieldsWithGeneric(14)
08:50:43.110 INFO: JdwpDebugServer: handling req: ReferenceType(2).Interfaces(10)
08:50:43.111 INFO: JdwpDebugServer: handling req: ClassType(3).Superclass(1)
08:50:43.111 INFO: JdwpDebugServer: handling req: ClassType(3).Superclass(1)
08:50:43.111 INFO: JdwpDebugServer: handling req: StackFrame(16).GetValues(1)
08:50:43.112 INFO: JdwpDebugServer: handling req: StackFrame(16).GetValues(1)
08:50:43.113 INFO: JdwpDebugServer: handling req: StackFrame(16).GetValues(1)
08:50:43.113 INFO: JdwpDebugServer: handling req: StackFrame(16).GetValues(1)
08:50:43.113 INFO: JdwpDebugServer: handling req: ObjectReference(9).ReferenceType(1)
08:50:43.114 INFO: JdwpDebugServer: handling req: StackFrame(16).GetValues(1)
08:50:43.114 INFO: JdwpDebugServer: handling req: StringReference(10).Value(1)
08:50:43.115 INFO: JdwpDebugServer: handling req: StackFrame(16).GetValues(1)
08:50:43.116 INFO: JdwpDebugServer: handling req: StackFrame(16).GetValues(1)
08:50:43.116 INFO: JdwpDebugServer: handling req: StackFrame(16).GetValues(1)
08:50:43.116 INFO: JdwpDebugServer: handling req: StackFrame(16).GetValues(1)
08:50:43.116 INFO: JdwpDebugServer: handling req: StackFrame(16).GetValues(1)
08:50:43.117 INFO: JdwpDebugServer: handling req: StackFrame(16).GetValues(1)
08:50:43.117 INFO: JdwpDebugServer: handling req: ObjectReference(9).ReferenceType(1)
08:50:43.117 INFO: JdwpDebugServer: handling req: StackFrame(16).GetValues(1)
08:50:43.117 INFO: JdwpDebugServer: handling req: ReferenceType(2).FieldsWithGeneric(14)
08:50:43.117 INFO: JdwpDebugServer: handling req: StackFrame(16).GetValues(1)
08:50:43.118 INFO: JdwpDebugServer: handling req: ReferenceType(2).Interfaces(10)
08:50:43.118 INFO: JdwpDebugServer: handling req: ReferenceType(2).FieldsWithGeneric(14)
08:50:43.118 INFO: JdwpDebugServer: handling req: ReferenceType(2).Interfaces(10)
08:50:43.118 INFO: JdwpDebugServer: handling req: ClassType(3).Superclass(1)
08:50:43.118 INFO: JdwpDebugServer: handling req: ClassType(3).Superclass(1)
08:50:43.118 INFO: JdwpDebugServer: handling req: StackFrame(16).GetValues(1)
08:50:43.119 INFO: JdwpDebugServer: handling req: StackFrame(16).GetValues(1)
08:50:43.119 INFO: JdwpDebugServer: handling req: StackFrame(16).GetValues(1)
08:50:43.119 INFO: JdwpDebugServer: handling req: StringReference(10).Value(1)
08:50:43.120 INFO: JdwpDebugServer: handling req: StackFrame(16).GetValues(1)
08:50:43.120 INFO: JdwpDebugServer: handling req: StackFrame(16).GetValues(1)
08:50:43.120 INFO: JdwpDebugServer: handling req: StackFrame(16).GetValues(1)
08:50:43.121 INFO: JdwpDebugServer: handling req: StackFrame(16).GetValues(1)
08:50:43.121 INFO: JdwpDebugServer: handling req: StackFrame(16).GetValues(1)
08:50:43.121 INFO: JdwpDebugServer: handling req: StackFrame(16).GetValues(1)
08:50:43.122 INFO: JdwpDebugServer: handling req: StackFrame(16).GetValues(1)
08:50:43.122 INFO: JdwpDebugServer: handling req: StackFrame(16).GetValues(1)
08:50:43.122 INFO: JdwpDebugServer: handling req: StackFrame(16).GetValues(1)
08:50:43.123 INFO: JdwpDebugServer: handling req: StackFrame(16).GetValues(1)
08:50:43.123 INFO: JdwpDebugServer: handling req: StackFrame(16).GetValues(1)
08:50:43.123 INFO: JdwpDebugServer: handling req: StackFrame(16).GetValues(1)
08:50:43.123 INFO: JdwpDebugServer: handling req: StackFrame(16).GetValues(1)
08:50:43.124 INFO: JdwpDebugServer: handling req: StackFrame(16).GetValues(1)
08:50:43.124 INFO: JdwpDebugServer: handling req: StackFrame(16).GetValues(1)
08:50:43.124 INFO: JdwpDebugServer: handling req: StackFrame(16).GetValues(1)
08:50:43.124 INFO: JdwpDebugServer: handling req: StackFrame(16).GetValues(1)
08:50:43.125 INFO: JdwpDebugServer: handling req: StackFrame(16).GetValues(1)
08:50:43.125 INFO: JdwpDebugServer: handling req: StackFrame(16).GetValues(1)
08:50:43.125 INFO: JdwpDebugServer: handling req: StackFrame(16).GetValues(1)
08:50:43.125 INFO: JdwpDebugServer: handling req: StackFrame(16).GetValues(1)
08:50:43.125 INFO: JdwpDebugServer: handling req: StackFrame(16).GetValues(1)
08:50:43.129 INFO: JdwpDebugServer: handling req: StackFrame(16).GetValues(1)
08:50:43.130 INFO: JdwpDebugServer: handling req: StackFrame(16).GetValues(1)
08:50:43.130 INFO: JdwpDebugServer: handling req: StackFrame(16).GetValues(1)
08:50:43.131 INFO: JdwpDebugServer: handling req: StackFrame(16).GetValues(1)
08:50:43.131 INFO: JdwpDebugServer: handling req: StackFrame(16).GetValues(1)
08:50:43.131 INFO: JdwpDebugServer: handling req: StackFrame(16).GetValues(1)
08:50:43.131 INFO: JdwpDebugServer: handling req: StackFrame(16).GetValues(1)
08:50:43.132 INFO: JdwpDebugServer: handling req: StackFrame(16).GetValues(1)
08:50:43.132 INFO: JdwpDebugServer: handling req: StackFrame(16).GetValues(1)
08:50:43.132 INFO: JdwpDebugServer: handling req: StackFrame(16).GetValues(1)
08:50:43.133 INFO: JdwpDebugServer: handling req: ClassType(3).Superclass(1)
08:50:43.133 INFO: JdwpDebugServer: handling req: StackFrame(16).GetValues(1)
08:50:43.133 INFO: JdwpDebugServer: handling req: StackFrame(16).GetValues(1)
08:50:43.133 INFO: JdwpDebugServer: handling req: StackFrame(16).GetValues(1)
08:50:43.133 INFO: JdwpDebugServer: handling req: StackFrame(16).GetValues(1)
08:50:43.134 INFO: JdwpDebugServer: handling req: StackFrame(16).GetValues(1)
08:50:43.353 INFO: JdwpDebugServer: handling req: StackFrame(16).GetValues(1)
08:50:43.354 INFO: JdwpDebugServer: handling req: ClassType(3).Superclass(1)
08:50:43.381 INFO: JdwpDebugServer: handling req: StackFrame(16).GetValues(1)
08:50:43.382 INFO: JdwpDebugServer: handling req: ClassType(3).Superclass(1)
08:50:43.392 INFO: JdwpDebugServer: handling req: ObjectReference(9).GetValues(2)
08:50:43.395 INFO: JdwpDebugServer: handling req: ObjectReference(9).GetValues(2)
08:50:43.396 INFO: JdwpDebugServer: handling req: ObjectReference(9).GetValues(2)
08:50:43.396 INFO: JdwpDebugServer: handling req: ObjectReference(9).GetValues(2)
08:50:43.396 INFO: JdwpDebugServer: handling req: ObjectReference(9).GetValues(2)
08:50:43.396 INFO: JdwpDebugServer: handling req: ObjectReference(9).ReferenceType(1)
08:50:43.396 INFO: JdwpDebugServer: handling req: ObjectReference(9).GetValues(2)
08:50:43.396 INFO: JdwpDebugServer: handling req: ClassType(3).Superclass(1)
08:50:43.396 INFO: JdwpDebugServer: handling req: ObjectReference(9).GetValues(2)
08:50:43.397 INFO: JdwpDebugServer: handling req: StringReference(10).Value(1)
08:50:43.399 INFO: JdwpDebugServer: handling req: ObjectReference(9).GetValues(2)
08:50:43.399 INFO: JdwpDebugServer: handling req: ObjectReference(9).GetValues(2)
08:50:43.399 INFO: JdwpDebugServer: handling req: ObjectReference(9).GetValues(2)
08:50:43.400 INFO: JdwpDebugServer: handling req: ObjectReference(9).ReferenceType(1)
08:50:43.400 INFO: JdwpDebugServer: handling req: ClassType(3).Superclass(1)
08:50:43.400 INFO: JdwpDebugServer: handling req: ClassType(3).Superclass(1)
08:50:43.401 INFO: JdwpDebugServer: handling req: ReferenceType(2).Interfaces(10)
08:50:43.402 INFO: JdwpDebugServer: handling req: ReferenceType(2).Interfaces(10)
08:50:43.402 INFO: JdwpDebugServer: handling req: ObjectReference(9).GetValues(2)
08:50:43.402 INFO: JdwpDebugServer: handling req: ObjectReference(9).GetValues(2)
08:50:43.402 INFO: JdwpDebugServer: handling req: ObjectReference(9).GetValues(2)
08:50:43.403 INFO: JdwpDebugServer: handling req: ObjectReference(9).GetValues(2)
08:50:43.403 INFO: JdwpDebugServer: handling req: ObjectReference(9).GetValues(2)
08:50:43.403 INFO: JdwpDebugServer: handling req: ReferenceType(2).FieldsWithGeneric(14)
08:50:43.403 INFO: JdwpDebugServer: handling req: ObjectReference(9).GetValues(2)
08:50:43.403 INFO: JdwpDebugServer: handling req: ReferenceType(2).FieldsWithGeneric(14)
08:50:43.403 INFO: JdwpDebugServer: handling req: ObjectReference(9).GetValues(2)
08:50:43.404 INFO: JdwpDebugServer: handling req: ObjectReference(9).GetValues(2)
08:50:43.404 INFO: JdwpDebugServer: handling req: ObjectReference(9).GetValues(2)
08:50:43.405 INFO: JdwpDebugServer: handling req: ObjectReference(9).ReferenceType(1)
08:50:43.405 INFO: JdwpDebugServer: handling req: ObjectReference(9).GetValues(2)
08:50:43.405 INFO: JdwpDebugServer: handling req: ObjectReference(9).GetValues(2)
08:50:43.405 INFO: JdwpDebugServer: handling req: ClassType(3).Superclass(1)
08:50:43.405 INFO: JdwpDebugServer: handling req: ObjectReference(9).ReferenceType(1)
08:50:43.405 INFO: JdwpDebugServer: handling req: ObjectReference(9).GetValues(2)
08:50:43.405 INFO: JdwpDebugServer: handling req: ObjectReference(9).GetValues(2)
08:50:43.407 INFO: JdwpDebugServer: handling req: ObjectReference(9).GetValues(2)
08:50:43.407 INFO: JdwpDebugServer: handling req: ObjectReference(9).GetValues(2)
08:50:43.407 INFO: JdwpDebugServer: handling req: ObjectReference(9).GetValues(2)
08:50:43.407 INFO: JdwpDebugServer: handling req: ObjectReference(9).ReferenceType(1)
08:50:43.407 INFO: JdwpDebugServer: handling req: ObjectReference(9).GetValues(2)
08:50:43.407 INFO: JdwpDebugServer: handling req: ObjectReference(9).GetValues(2)
08:50:43.408 INFO: JdwpDebugServer: handling req: ObjectReference(9).GetValues(2)
08:50:43.408 INFO: JdwpDebugServer: handling req: ObjectReference(9).GetValues(2)
08:50:43.408 INFO: JdwpDebugServer: handling req: ObjectReference(9).GetValues(2)
08:50:43.408 INFO: JdwpDebugServer: handling req: ObjectReference(9).GetValues(2)
08:50:43.409 INFO: JdwpDebugServer: handling req: ObjectReference(9).GetValues(2)
08:50:43.409 INFO: JdwpDebugServer: handling req: ClassType(3).Superclass(1)
08:50:43.409 INFO: JdwpDebugServer: handling req: ObjectReference(9).ReferenceType(1)
08:50:43.409 INFO: JdwpDebugServer: handling req: ObjectReference(9).GetValues(2)
08:50:43.410 INFO: JdwpDebugServer: handling req: ObjectReference(9).GetValues(2)
08:50:43.410 INFO: JdwpDebugServer: handling req: ObjectReference(9).GetValues(2)
08:50:43.411 INFO: JdwpDebugServer: handling req: ObjectReference(9).ReferenceType(1)
08:50:43.411 INFO: JdwpDebugServer: handling req: ObjectReference(9).GetValues(2)
08:50:43.411 INFO: JdwpDebugServer: handling req: ReferenceType(2).FieldsWithGeneric(14)
08:50:43.413 INFO: JdwpDebugServer: handling req: ObjectReference(9).GetValues(2)
08:50:43.413 INFO: JdwpDebugServer: handling req: ReferenceType(2).Interfaces(10)
08:50:43.413 INFO: JdwpDebugServer: handling req: ObjectReference(9).GetValues(2)
08:50:43.413 INFO: JdwpDebugServer: handling req: ClassType(3).Superclass(1)
08:50:43.413 INFO: JdwpDebugServer: handling req: ReferenceType(2).FieldsWithGeneric(14)
08:50:43.413 INFO: JdwpDebugServer: handling req: ObjectReference(9).GetValues(2)
08:50:43.414 INFO: JdwpDebugServer: handling req: ReferenceType(2).Interfaces(10)
08:50:43.414 INFO: JdwpDebugServer: handling req: ClassType(3).Superclass(1)
08:50:43.414 INFO: JdwpDebugServer: handling req: ReferenceType(2).FieldsWithGeneric(14)
08:50:43.416 INFO: JdwpDebugServer: handling req: ObjectReference(9).GetValues(2)
08:50:43.417 INFO: JdwpDebugServer: handling req: ReferenceType(2).Interfaces(10)
08:50:43.417 INFO: JdwpDebugServer: handling req: ClassType(3).Superclass(1)
08:50:43.417 INFO: JdwpDebugServer: handling req: ObjectReference(9).GetValues(2)
08:50:43.417 INFO: JdwpDebugServer: handling req: ObjectReference(9).GetValues(2)
08:50:43.417 INFO: JdwpDebugServer: handling req: ObjectReference(9).GetValues(2)
08:50:43.418 INFO: JdwpDebugServer: handling req: ObjectReference(9).ReferenceType(1)
08:50:43.418 INFO: JdwpDebugServer: handling req: ObjectReference(9).GetValues(2)
08:50:43.421 INFO: JdwpDebugServer: handling req: ReferenceType(2).FieldsWithGeneric(14)
08:50:43.421 INFO: JdwpDebugServer: handling req: ObjectReference(9).GetValues(2)
08:50:43.422 INFO: JdwpDebugServer: handling req: ReferenceType(2).Interfaces(10)
08:50:43.422 INFO: JdwpDebugServer: handling req: ObjectReference(9).GetValues(2)
08:50:43.422 INFO: JdwpDebugServer: handling req: ClassType(3).Superclass(1)
08:50:43.423 INFO: JdwpDebugServer: handling req: ReferenceType(2).FieldsWithGeneric(14)
08:50:43.423 INFO: JdwpDebugServer: handling req: ObjectReference(9).GetValues(2)
08:50:43.423 INFO: JdwpDebugServer: handling req: ReferenceType(2).Interfaces(10)
08:50:43.423 INFO: JdwpDebugServer: handling req: ClassType(3).Superclass(1)
08:50:43.423 INFO: JdwpDebugServer: handling req: ObjectReference(9).GetValues(2)
08:50:43.424 INFO: JdwpDebugServer: handling req: ObjectReference(9).GetValues(2)
08:50:43.424 INFO: JdwpDebugServer: handling req: ObjectReference(9).GetValues(2)
08:50:43.425 INFO: JdwpDebugServer: handling req: ClassType(3).Superclass(1)
08:50:43.425 INFO: JdwpDebugServer: handling req: ObjectReference(9).GetValues(2)
08:50:43.425 INFO: JdwpDebugServer: handling req: ObjectReference(9).ReferenceType(1)
08:50:43.431 INFO: JdwpDebugServer: handling req: ObjectReference(9).GetValues(2)
08:50:43.432 INFO: JdwpDebugServer: handling req: ObjectReference(9).GetValues(2)
08:50:43.432 INFO: JdwpDebugServer: handling req: ObjectReference(9).GetValues(2)
08:50:43.432 INFO: JdwpDebugServer: handling req: ObjectReference(9).GetValues(2)
08:50:43.432 INFO: JdwpDebugServer: handling req: ObjectReference(9).GetValues(2)
08:50:43.433 INFO: JdwpDebugServer: handling req: ObjectReference(9).ReferenceType(1)
08:50:43.433 INFO: JdwpDebugServer: handling req: StringReference(10).Value(1)
08:50:43.442 INFO: JdwpDebugServer: handling req: ObjectReference(9).GetValues(2)
08:50:43.443 INFO: JdwpDebugServer: handling req: ObjectReference(9).GetValues(2)
08:50:43.443 INFO: JdwpDebugServer: handling req: ObjectReference(9).ReferenceType(1)
08:50:43.443 INFO: JdwpDebugServer: handling req: ObjectReference(9).GetValues(2)
08:50:43.443 INFO: JdwpDebugServer: handling req: ObjectReference(9).GetValues(2)
08:50:43.443 INFO: JdwpDebugServer: handling req: ObjectReference(9).GetValues(2)
08:50:43.447 INFO: JdwpDebugServer: handling req: ObjectReference(9).ReferenceType(1)
08:50:43.447 INFO: JdwpDebugServer: handling req: ObjectReference(9).GetValues(2)
08:50:43.449 INFO: JdwpDebugServer: handling req: ObjectReference(9).GetValues(2)
08:50:43.449 INFO: JdwpDebugServer: handling req: ObjectReference(9).GetValues(2)
08:50:43.450 INFO: JdwpDebugServer: handling req: ObjectReference(9).GetValues(2)
08:50:43.450 INFO: JdwpDebugServer: handling req: ObjectReference(9).GetValues(2)
08:50:43.451 INFO: JdwpDebugServer: handling req: ObjectReference(9).GetValues(2)
08:50:43.451 INFO: JdwpDebugServer: handling req: ObjectReference(9).GetValues(2)
08:50:43.455 INFO: JdwpDebugServer: handling req: ObjectReference(9).GetValues(2)
08:50:43.456 INFO: JdwpDebugServer: handling req: ObjectReference(9).GetValues(2)
08:50:43.456 INFO: JdwpDebugServer: handling req: ObjectReference(9).GetValues(2)
08:50:43.457 INFO: JdwpDebugServer: handling req: ObjectReference(9).GetValues(2)
08:50:43.458 INFO: JdwpDebugServer: handling req: ObjectReference(9).GetValues(2)
08:50:43.458 INFO: JdwpDebugServer: handling req: ObjectReference(9).GetValues(2)
08:50:43.459 INFO: JdwpDebugServer: handling req: ObjectReference(9).GetValues(2)
08:50:43.459 INFO: JdwpDebugServer: handling req: ObjectReference(9).GetValues(2)
08:50:43.460 INFO: JdwpDebugServer: handling req: ObjectReference(9).GetValues(2)
08:50:43.460 INFO: JdwpDebugServer: handling req: ObjectReference(9).GetValues(2)
08:50:43.460 INFO: JdwpDebugServer: handling req: ClassType(3).Superclass(1)
08:50:43.461 INFO: JdwpDebugServer: handling req: ObjectReference(9).GetValues(2)
08:50:43.461 INFO: JdwpDebugServer: handling req: ObjectReference(9).GetValues(2)
08:50:43.461 INFO: JdwpDebugServer: handling req: ObjectReference(9).GetValues(2)
08:50:43.461 INFO: JdwpDebugServer: handling req: StringReference(10).Value(1)
08:50:43.463 INFO: JdwpDebugServer: handling req: ObjectReference(9).GetValues(2)
08:50:43.463 INFO: JdwpDebugServer: handling req: ObjectReference(9).GetValues(2)
08:50:43.463 INFO: JdwpDebugServer: handling req: ObjectReference(9).GetValues(2)
08:50:43.463 INFO: JdwpDebugServer: handling req: ObjectReference(9).GetValues(2)
08:50:43.464 INFO: JdwpDebugServer: handling req: ClassType(3).Superclass(1)
08:50:43.464 INFO: JdwpDebugServer: handling req: ObjectReference(9).GetValues(2)
08:50:43.464 INFO: JdwpDebugServer: handling req: ObjectReference(9).GetValues(2)
08:50:43.465 INFO: JdwpDebugServer: handling req: ObjectReference(9).GetValues(2)
08:50:43.465 INFO: JdwpDebugServer: handling req: ObjectReference(9).GetValues(2)
08:50:43.467 INFO: JdwpDebugServer: handling req: ObjectReference(9).GetValues(2)
08:50:43.467 INFO: JdwpDebugServer: handling req: ObjectReference(9).GetValues(2)
08:50:43.467 INFO: JdwpDebugServer: handling req: ObjectReference(9).GetValues(2)
08:50:43.467 INFO: JdwpDebugServer: handling req: ClassType(3).Superclass(1)
08:50:43.467 INFO: JdwpDebugServer: handling req: ObjectReference(9).GetValues(2)
08:50:43.468 INFO: JdwpDebugServer: handling req: ObjectReference(9).GetValues(2)
08:50:43.468 INFO: JdwpDebugServer: handling req: ObjectReference(9).GetValues(2)
08:50:43.468 INFO: JdwpDebugServer: handling req: ObjectReference(9).GetValues(2)
08:50:43.468 INFO: JdwpDebugServer: handling req: ObjectReference(9).GetValues(2)
08:50:43.469 INFO: JdwpDebugServer: handling req: ThreadReference(11).FramesCount(7)
08:50:43.470 INFO: JdwpDebugServer: handling req: ObjectReference(9).GetValues(2)
08:50:43.470 INFO: JdwpDebugServer: handling req: ObjectReference(9).GetValues(2)
08:50:43.471 INFO: JdwpDebugServer: handling req: ObjectReference(9).GetValues(2)
08:50:43.471 INFO: JdwpDebugServer: handling req: ObjectReference(9).GetValues(2)
08:50:43.471 INFO: JdwpDebugServer: handling req: ObjectReference(9).GetValues(2)
08:50:43.472 INFO: JdwpDebugServer: handling req: ObjectReference(9).GetValues(2)
08:50:43.472 INFO: JdwpDebugServer: handling req: ObjectReference(9).GetValues(2)
08:50:43.472 INFO: JdwpDebugServer: handling req: ObjectReference(9).GetValues(2)
08:50:43.473 INFO: JdwpDebugServer: handling req: ObjectReference(9).GetValues(2)
08:50:43.473 INFO: JdwpDebugServer: handling req: ObjectReference(9).GetValues(2)
08:50:43.474 INFO: JdwpDebugServer: handling req: ObjectReference(9).GetValues(2)
08:50:43.474 INFO: JdwpDebugServer: handling req: ObjectReference(9).GetValues(2)
08:50:43.475 INFO: JdwpDebugServer: handling req: ObjectReference(9).GetValues(2)
08:50:43.475 INFO: JdwpDebugServer: handling req: ObjectReference(9).GetValues(2)
08:50:43.475 INFO: JdwpDebugServer: handling req: ObjectReference(9).GetValues(2)
08:50:43.476 INFO: JdwpDebugServer: handling req: ObjectReference(9).GetValues(2)
08:50:43.476 INFO: JdwpDebugServer: handling req: ClassType(3).Superclass(1)
08:50:43.476 INFO: JdwpDebugServer: handling req: ObjectReference(9).GetValues(2)
08:50:43.477 INFO: JdwpDebugServer: handling req: ObjectReference(9).GetValues(2)
08:50:43.477 INFO: JdwpDebugServer: handling req: ObjectReference(9).GetValues(2)
08:50:43.477 INFO: JdwpDebugServer: handling req: ObjectReference(9).GetValues(2)
08:50:43.477 INFO: JdwpDebugServer: handling req: ThreadReference(11).Name(1)
08:50:43.477 INFO: JdwpDebugServer: handling req: ObjectReference(9).GetValues(2)
08:50:43.477 INFO: JdwpDebugServer: handling req: ThreadReference(11).Name(1)
08:50:43.478 INFO: JdwpDebugServer: handling req: ObjectReference(9).GetValues(2)
08:50:43.478 INFO: JdwpDebugServer: handling req: ThreadReference(11).Name(1)
08:50:43.478 INFO: JdwpDebugServer: handling req: ObjectReference(9).GetValues(2)
08:50:43.478 INFO: JdwpDebugServer: handling req: ThreadReference(11).Name(1)
08:50:43.478 INFO: JdwpDebugServer: handling req: ObjectReference(9).GetValues(2)
08:50:43.478 INFO: JdwpDebugServer: handling req: ObjectReference(9).GetValues(2)
08:50:43.478 INFO: JdwpDebugServer: handling req: ObjectReference(9).GetValues(2)
08:50:43.479 INFO: JdwpDebugServer: handling req: ObjectReference(9).GetValues(2)
08:50:43.479 INFO: JdwpDebugServer: handling req: ObjectReference(9).GetValues(2)
08:50:43.479 INFO: JdwpDebugServer: handling req: ObjectReference(9).GetValues(2)
08:50:43.479 INFO: JdwpDebugServer: handling req: ObjectReference(9).GetValues(2)
08:50:43.480 INFO: JdwpDebugServer: handling req: ClassType(3).Superclass(1)
08:50:43.480 INFO: JdwpDebugServer: handling req: ObjectReference(9).GetValues(2)
08:50:43.480 INFO: JdwpDebugServer: handling req: ObjectReference(9).GetValues(2)
08:50:43.480 INFO: JdwpDebugServer: handling req: ObjectReference(9).GetValues(2)
08:50:43.480 INFO: JdwpDebugServer: handling req: ObjectReference(9).GetValues(2)
08:50:43.480 INFO: JdwpDebugServer: handling req: ObjectReference(9).GetValues(2)
08:50:43.481 INFO: JdwpDebugServer: handling req: ObjectReference(9).GetValues(2)
08:50:43.481 INFO: JdwpDebugServer: handling req: ObjectReference(9).GetValues(2)
08:50:43.481 INFO: JdwpDebugServer: handling req: ClassType(3).Superclass(1)
08:50:43.481 INFO: JdwpDebugServer: handling req: ObjectReference(9).GetValues(2)
08:50:43.482 INFO: JdwpDebugServer: handling req: ObjectReference(9).GetValues(2)
08:50:43.482 INFO: JdwpDebugServer: handling req: ObjectReference(9).GetValues(2)
08:50:43.482 INFO: JdwpDebugServer: handling req: ObjectReference(9).GetValues(2)
08:50:43.482 INFO: JdwpDebugServer: handling req: ObjectReference(9).GetValues(2)
08:50:43.483 INFO: JdwpDebugServer: handling req: ObjectReference(9).GetValues(2)
08:50:43.483 INFO: JdwpDebugServer: handling req: ObjectReference(9).GetValues(2)
08:50:43.483 INFO: JdwpDebugServer: handling req: ClassType(3).Superclass(1)
08:50:43.483 INFO: JdwpDebugServer: handling req: ObjectReference(9).GetValues(2)
08:50:43.483 INFO: JdwpDebugServer: handling req: ObjectReference(9).GetValues(2)
08:50:43.484 INFO: JdwpDebugServer: handling req: ObjectReference(9).GetValues(2)
08:50:43.484 INFO: JdwpDebugServer: handling req: ObjectReference(9).GetValues(2)
08:50:43.484 INFO: JdwpDebugServer: handling req: ObjectReference(9).GetValues(2)
08:50:43.484 INFO: JdwpDebugServer: handling req: ObjectReference(9).GetValues(2)
08:50:43.484 INFO: JdwpDebugServer: handling req: ObjectReference(9).GetValues(2)
08:50:43.485 INFO: JdwpDebugServer: handling req: ObjectReference(9).GetValues(2)
08:50:43.485 INFO: JdwpDebugServer: handling req: ObjectReference(9).GetValues(2)
08:50:43.485 INFO: JdwpDebugServer: handling req: ObjectReference(9).GetValues(2)
08:50:43.485 INFO: JdwpDebugServer: handling req: ObjectReference(9).GetValues(2)
08:50:43.486 INFO: JdwpDebugServer: handling req: ObjectReference(9).GetValues(2)
08:50:43.486 INFO: JdwpDebugServer: handling req: ThreadReference(11).FramesCount(7)
08:50:43.486 INFO: JdwpDebugServer: handling req: ObjectReference(9).GetValues(2)
08:50:43.487 INFO: JdwpDebugServer: handling req: ObjectReference(9).GetValues(2)
08:50:43.487 INFO: JdwpDebugServer: handling req: ClassType(3).Superclass(1)
08:50:43.487 INFO: JdwpDebugServer: handling req: ObjectReference(9).GetValues(2)
08:50:43.487 INFO: JdwpDebugServer: handling req: ObjectReference(9).GetValues(2)
08:50:43.487 INFO: JdwpDebugServer: handling req: ObjectReference(9).GetValues(2)
08:50:43.488 INFO: JdwpDebugServer: handling req: StringReference(10).Value(1)
08:50:43.488 INFO: JdwpDebugServer: handling req: ObjectReference(9).GetValues(2)
08:50:43.488 INFO: JdwpDebugServer: handling req: ObjectReference(9).GetValues(2)
08:50:43.493 INFO: JdwpDebugServer: handling req: Method(6).LineTable(1)
08:50:43.493 INFO: JdwpDebugServer: handling req: StackFrame(16).ThisObject(3)
08:50:43.494 INFO: JdwpDebugServer: handling req: ObjectReference(9).ReferenceType(1)
08:50:43.494 INFO: JdwpDebugServer: handling req: Method(6).LineTable(1)
08:50:43.494 INFO: JdwpDebugServer: handling req: StackFrame(16).ThisObject(3)
08:50:43.494 INFO: JdwpDebugServer: handling req: ObjectReference(9).ReferenceType(1)
08:50:43.494 INFO: JdwpDebugServer: handling req: Method(6).LineTable(1)
08:50:43.494 INFO: JdwpDebugServer: handling req: StackFrame(16).ThisObject(3)
08:50:43.495 INFO: JdwpDebugServer: handling req: ObjectReference(9).ReferenceType(1)
08:50:43.495 INFO: JdwpDebugServer: handling req: Method(6).LineTable(1)
08:50:43.495 INFO: JdwpDebugServer: handling req: StackFrame(16).ThisObject(3)
08:50:43.495 INFO: JdwpDebugServer: handling req: ObjectReference(9).ReferenceType(1)
08:50:43.495 INFO: JdwpDebugServer: handling req: Method(6).LineTable(1)
08:50:43.496 INFO: JdwpDebugServer: handling req: StackFrame(16).ThisObject(3)
08:50:43.496 INFO: JdwpDebugServer: handling req: ObjectReference(9).ReferenceType(1)
08:50:43.496 INFO: JdwpDebugServer: handling req: Method(6).LineTable(1)
08:50:43.496 INFO: JdwpDebugServer: handling req: Method(6).LineTable(1)
08:50:43.496 INFO: JdwpDebugServer: handling req: ReferenceType(2).SignatureWithGeneric(13)
08:50:46.849 INFO: JdwpDebugServer: handling req: ObjectReference(9).GetValues(2)
08:50:51.135 INFO: JdwpDebugServer: handling req: StringReference(10).Value(1)
08:50:59.535 INFO: JdwpDebugServer: handling req: ObjectReference(9).GetValues(2)
08:50:59.556 INFO: JdwpDebugServer: handling req: StringReference(10).Value(1)
08:51:00.837 INFO: JdwpDebugServer: handling req: ThreadReference(11).Resume(3)
08:51:00.841 INFO: JdwpEventCenterDelegate: THREAD_RESUMED: thread (33, main, main)
08:51:00.845 INFO: JdwpDebugServer: handling req: ReferenceType(2).MethodsWithGeneric(15)
08:51:00.845 INFO: JdwpDebugServer: handling req: Method(6).LineTable(1)
08:51:00.845 INFO: JdwpDebugServer: handling req: Method(6).LineTable(1)
08:51:00.846 INFO: JdwpDebugServer: handling req: Method(6).LineTable(1)
08:51:00.846 INFO: JdwpDebugServer: handling req: ThreadReference(11).Resume(3)
08:51:00.847 INFO: JdwpEventCenterDelegate: THREAD_RESUMED: thread (33, main, main)
08:51:00.853 INFO: JdwpEventCenterDelegate: THREAD_RESUMED: thread (33, main, main)
08:51:00.877 INFO: JdwpDebugServer: handling req: ThreadReference(11).Name(1)
08:51:00.883 INFO: JdwpDebugServer: handling req: ThreadReference(11).Name(1)
08:51:00.883 INFO: JdwpDebugServer: handling req: ThreadReference(11).Name(1)
08:51:00.902 SEVERE: Debugger: Thread HooksChannel socket thread crashed
org.robovm.debugger.DebuggerException: java.nio.BufferUnderflowException
	at org.robovm.debugger.hooks.HooksChannel.doSocketWork(HooksChannel.java:149)
	at java.base/java.lang.Thread.run(Thread.java:833)
	at org.robovm.debugger.utils.DebuggerThread.run(DebuggerThread.java:42)
Caused by: java.nio.BufferUnderflowException
	at org.robovm.debugger.utils.bytebuffer.DataBufferWriter.writeFromStream(DataBufferWriter.java:91)
	at org.robovm.debugger.hooks.HooksChannel.doSocketWork(HooksChannel.java:116)
	... 2 more
08:51:00.949 INFO: JdwpDebugServer: handling req: ThreadReference(11).Name(1)
