07:39:16.545 INFO: JdwpEventCenterDelegate: THREAD_STARTED: thread (33, main, main)
07:39:16.636 INFO: JdwpEventCenterDelegate: THREAD_STARTED: thread (48, FinalizerDaemon, main)
07:39:16.637 INFO: JdwpEventCenterDelegate: THREAD_STARTED: thread (63, FinalizerWatchdogDaemon, main)
07:39:16.638 INFO: JdwpEventCenterDelegate: THREAD_STARTED: thread (78, ReferenceQueueDaemon, main)
07:39:18.049 INFO: JdwpDebugServer: handling req: VirtualMachine(1).IDSizes(7)
07:39:18.051 INFO: JdwpDebugServer: handling req: EventRequest(15).Set(1)
07:39:18.052 INFO: JdwpEventCenterDelegate: jdwpSetEventRequest: JdwpEventRequest{requestId=100, eventKind=CLASS_UNLOAD, suspendPolicy=NONE, predicates=[]}
07:39:18.053 INFO: JdwpDebugServer: handling req: EventRequest(15).Set(1)
07:39:18.055 INFO: JdwpEventCenterDelegate: jdwpSetEventRequest: JdwpEventRequest{requestId=101, eventKind=THREAD_START, suspendPolicy=NONE, predicates=[]}
07:39:18.055 INFO: JdwpDebugServer: handling req: VirtualMachine(1).ClassesBySignature(2)
07:39:18.057 INFO: JdwpDebugServer: handling req: VirtualMachine(1).Version(1)
07:39:18.059 INFO: JdwpDebugServer: handling req: ReferenceType(2).MethodsWithGeneric(15)
07:39:18.078 INFO: JdwpDebugServer: handling req: Method(6).LineTable(1)
07:39:18.079 INFO: JdwpDebugServer: handling req: EventRequest(15).Set(1)
07:39:18.079 INFO: JdwpEventCenterDelegate: jdwpSetEventRequest: JdwpEventRequest{requestId=102, eventKind=BREAKPOINT, suspendPolicy=NONE, predicates=[Location{classId=845, methodId=257, index=928} ]}
07:39:18.080 INFO: JdwpDebugServer: handling req: EventRequest(15).Set(1)
07:39:18.080 INFO: JdwpEventCenterDelegate: jdwpSetEventRequest: JdwpEventRequest{requestId=103, eventKind=THREAD_DEATH, suspendPolicy=NONE, predicates=[]}
07:39:18.081 INFO: JdwpDebugServer: handling req: VirtualMachine(1).AllThreads(4)
07:39:18.082 INFO: JdwpDebugServer: handling req: ThreadReference(11).ThreadGroup(5)
07:39:18.082 INFO: JdwpDebugServer: handling req: ThreadGroup(12).Name(1)
07:39:18.082 INFO: JdwpDebugServer: handling req: ThreadGroup(12).Parent(2)
07:39:18.083 INFO: JdwpDebugServer: handling req: ObjectReference(9).ReferenceType(1)
07:39:18.083 INFO: JdwpDebugServer: handling req: ReferenceType(2).FieldsWithGeneric(14)
07:39:18.084 INFO: JdwpDebugServer: handling req: ReferenceType(2).Interfaces(10)
07:39:18.084 INFO: JdwpDebugServer: handling req: ReferenceType(2).FieldsWithGeneric(14)
07:39:18.085 INFO: JdwpDebugServer: handling req: ReferenceType(2).Interfaces(10)
07:39:18.085 INFO: JdwpDebugServer: handling req: ClassType(3).Superclass(1)
07:39:18.085 INFO: JdwpDebugServer: handling req: ReferenceType(2).FieldsWithGeneric(14)
07:39:18.085 INFO: JdwpDebugServer: handling req: ReferenceType(2).Interfaces(10)
07:39:18.085 INFO: JdwpDebugServer: handling req: ClassType(3).Superclass(1)
07:39:18.086 INFO: JdwpDebugServer: handling req: ObjectReference(9).GetValues(2)
07:39:18.087 INFO: JdwpDebugServer: handling req: ThreadReference(11).Status(4)
07:39:18.087 INFO: JdwpDebugServer: handling req: ThreadReference(11).Status(4)
07:39:18.088 INFO: JdwpDebugServer: handling req: ThreadReference(11).ThreadGroup(5)
07:39:18.088 INFO: JdwpDebugServer: handling req: ObjectReference(9).ReferenceType(1)
07:39:18.088 INFO: JdwpDebugServer: handling req: ObjectReference(9).GetValues(2)
07:39:18.089 INFO: JdwpDebugServer: handling req: ThreadReference(11).Status(4)
07:39:18.089 INFO: JdwpDebugServer: handling req: ThreadReference(11).Status(4)
07:39:18.089 INFO: JdwpDebugServer: handling req: ThreadReference(11).ThreadGroup(5)
07:39:18.089 INFO: JdwpDebugServer: handling req: ObjectReference(9).ReferenceType(1)
07:39:18.089 INFO: JdwpDebugServer: handling req: ObjectReference(9).GetValues(2)
07:39:18.090 INFO: JdwpDebugServer: handling req: ThreadReference(11).Status(4)
07:39:18.090 INFO: JdwpDebugServer: handling req: ThreadReference(11).Status(4)
07:39:18.090 INFO: JdwpDebugServer: handling req: ThreadReference(11).ThreadGroup(5)
07:39:18.091 INFO: JdwpDebugServer: handling req: ObjectReference(9).ReferenceType(1)
07:39:18.091 INFO: JdwpDebugServer: handling req: ObjectReference(9).GetValues(2)
07:39:18.091 INFO: JdwpDebugServer: handling req: ThreadReference(11).Status(4)
07:39:18.092 INFO: JdwpDebugServer: handling req: ThreadReference(11).Status(4)
07:39:18.095 INFO: JdwpDebugServer: handling req: EventRequest(15).Set(1)
07:39:18.095 INFO: JdwpEventCenterDelegate: jdwpSetEventRequest: JdwpEventRequest{requestId=104, eventKind=CLASS_PREPARE, suspendPolicy=EVENT_THREAD, predicates=[className=java.lang.Throwable]}
07:39:18.104 INFO: JdwpDebugServer: handling req: EventRequest(15).Set(1)
07:39:18.104 INFO: JdwpEventCenterDelegate: jdwpSetEventRequest: JdwpEventRequest{requestId=105, eventKind=CLASS_PREPARE, suspendPolicy=EVENT_THREAD, predicates=[className=java.lang.Throwable$*]}
07:39:18.107 INFO: JdwpDebugServer: handling req: VirtualMachine(1).ClassesBySignature(2)
07:39:18.108 INFO: JdwpDebugServer: handling req: ReferenceType(2).MethodsWithGeneric(15)
07:39:18.109 INFO: JdwpDebugServer: handling req: Method(6).LineTable(1)
07:39:18.109 INFO: JdwpDebugServer: handling req: Method(6).LineTable(1)
07:39:18.109 INFO: JdwpDebugServer: handling req: Method(6).LineTable(1)
07:39:18.109 INFO: JdwpDebugServer: handling req: Method(6).LineTable(1)
07:39:18.109 INFO: JdwpDebugServer: handling req: Method(6).LineTable(1)
07:39:18.110 INFO: JdwpDebugServer: handling req: Method(6).LineTable(1)
07:39:18.110 INFO: JdwpDebugServer: handling req: Method(6).LineTable(1)
07:39:18.110 INFO: JdwpDebugServer: handling req: Method(6).LineTable(1)
07:39:18.110 INFO: JdwpDebugServer: handling req: Method(6).LineTable(1)
07:39:18.110 INFO: JdwpDebugServer: handling req: Method(6).LineTable(1)
07:39:18.110 INFO: JdwpDebugServer: handling req: Method(6).LineTable(1)
07:39:18.110 INFO: JdwpDebugServer: handling req: Method(6).LineTable(1)
07:39:18.110 INFO: JdwpDebugServer: handling req: Method(6).LineTable(1)
07:39:18.111 INFO: JdwpDebugServer: handling req: Method(6).LineTable(1)
07:39:18.111 INFO: JdwpDebugServer: handling req: Method(6).LineTable(1)
07:39:18.111 INFO: JdwpDebugServer: handling req: Method(6).LineTable(1)
07:39:18.111 INFO: JdwpDebugServer: handling req: Method(6).LineTable(1)
07:39:18.111 INFO: JdwpDebugServer: handling req: Method(6).LineTable(1)
07:39:18.111 INFO: JdwpDebugServer: handling req: Method(6).LineTable(1)
07:39:18.111 INFO: JdwpDebugServer: handling req: Method(6).LineTable(1)
07:39:18.112 INFO: JdwpDebugServer: handling req: Method(6).LineTable(1)
07:39:18.112 INFO: JdwpDebugServer: handling req: Method(6).LineTable(1)
07:39:18.112 INFO: JdwpDebugServer: handling req: Method(6).LineTable(1)
07:39:18.112 INFO: JdwpDebugServer: handling req: Method(6).LineTable(1)
07:39:18.112 INFO: JdwpDebugServer: handling req: VirtualMachine(1).ClassesBySignature(2)
07:39:18.112 INFO: JdwpDebugServer: handling req: VirtualMachine(1).AllClassesWithGeneric(20)
07:39:18.128 INFO: JdwpDebugServer: handling req: EventRequest(15).Set(1)
07:39:18.128 INFO: JdwpEventCenterDelegate: jdwpSetEventRequest: JdwpEventRequest{requestId=106, eventKind=CLASS_PREPARE, suspendPolicy=EVENT_THREAD, predicates=[className=com.badlogic.gdx.utils.ScreenUtils]}
07:39:18.130 INFO: JdwpDebugServer: handling req: EventRequest(15).Set(1)
07:39:18.130 INFO: JdwpEventCenterDelegate: jdwpSetEventRequest: JdwpEventRequest{requestId=107, eventKind=CLASS_PREPARE, suspendPolicy=EVENT_THREAD, predicates=[className=com.badlogic.gdx.utils.ScreenUtils$*]}
07:39:18.134 INFO: JdwpDebugServer: handling req: VirtualMachine(1).ClassesBySignature(2)
07:39:18.135 INFO: JdwpDebugServer: handling req: ReferenceType(2).MethodsWithGeneric(15)
07:39:18.135 INFO: JdwpDebugServer: handling req: Method(6).LineTable(1)
07:39:18.138 INFO: JdwpDebugServer: handling req: Method(6).LineTable(1)
07:39:18.139 INFO: JdwpDebugServer: handling req: Method(6).LineTable(1)
07:39:18.139 INFO: JdwpDebugServer: handling req: Method(6).LineTable(1)
07:39:18.140 INFO: JdwpDebugServer: handling req: Method(6).LineTable(1)
07:39:18.140 INFO: JdwpDebugServer: handling req: Method(6).LineTable(1)
07:39:18.140 INFO: JdwpDebugServer: handling req: Method(6).LineTable(1)
07:39:18.142 INFO: JdwpDebugServer: handling req: Method(6).LineTable(1)
07:39:18.143 INFO: JdwpDebugServer: handling req: Method(6).LineTable(1)
07:39:18.143 INFO: JdwpDebugServer: handling req: Method(6).LineTable(1)
07:39:18.143 INFO: JdwpDebugServer: handling req: EventRequest(15).Set(1)
07:39:18.143 INFO: JdwpEventCenterDelegate: jdwpSetEventRequest: JdwpEventRequest{requestId=108, eventKind=BREAKPOINT, suspendPolicy=EVENT_THREAD, predicates=[Location{classId=22240, methodId=1272, index=89} ]}
07:39:18.147 INFO: JdwpDebugServer: handling req: EventRequest(15).Set(1)
07:39:18.147 INFO: JdwpEventCenterDelegate: jdwpSetEventRequest: JdwpEventRequest{requestId=109, eventKind=CLASS_PREPARE, suspendPolicy=EVENT_THREAD, predicates=[className=com.badlogic.gdx.utils.ScreenUtils]}
07:39:18.148 INFO: JdwpDebugServer: handling req: EventRequest(15).Set(1)
07:39:18.148 INFO: JdwpEventCenterDelegate: jdwpSetEventRequest: JdwpEventRequest{requestId=110, eventKind=CLASS_PREPARE, suspendPolicy=EVENT_THREAD, predicates=[className=com.badlogic.gdx.utils.ScreenUtils$*]}
07:39:18.150 INFO: JdwpDebugServer: handling req: VirtualMachine(1).ClassesBySignature(2)
07:39:18.151 INFO: JdwpDebugServer: handling req: EventRequest(15).Set(1)
07:39:18.151 INFO: JdwpEventCenterDelegate: jdwpSetEventRequest: JdwpEventRequest{requestId=111, eventKind=BREAKPOINT, suspendPolicy=EVENT_THREAD, predicates=[Location{classId=22240, methodId=1267, index=72} ]}
07:39:18.151 INFO: JdwpDebugServer: handling req: VirtualMachine(1).capabilitiesNew(17)
07:39:18.153 INFO: JdwpDebugServer: handling req: EventRequest(15).Set(1)
07:39:18.153 INFO: JdwpEventCenterDelegate: jdwpSetEventRequest: JdwpEventRequest{requestId=112, eventKind=CLASS_PREPARE, suspendPolicy=EVENT_THREAD, predicates=[className=java.lang.Error]}
07:39:18.155 INFO: JdwpDebugServer: handling req: EventRequest(15).Set(1)
07:39:18.155 INFO: JdwpEventCenterDelegate: jdwpSetEventRequest: JdwpEventRequest{requestId=113, eventKind=CLASS_PREPARE, suspendPolicy=EVENT_THREAD, predicates=[className=java.lang.Error$*]}
07:39:18.157 INFO: JdwpDebugServer: handling req: VirtualMachine(1).ClassesBySignature(2)
07:39:18.158 INFO: JdwpDebugServer: handling req: EventRequest(15).Set(1)
07:39:18.158 INFO: JdwpEventCenterDelegate: jdwpSetEventRequest: JdwpEventRequest{requestId=114, eventKind=EXCEPTION, suspendPolicy=EVENT_THREAD, predicates=[exceptionType=3425(caught=true, uncaught=true)]}
07:39:18.171 INFO: JdwpDebugServer: handling req: EventRequest(15).Set(1)
07:39:18.171 INFO: JdwpEventCenterDelegate: jdwpSetEventRequest: JdwpEventRequest{requestId=115, eventKind=CLASS_PREPARE, suspendPolicy=EVENT_THREAD, predicates=[className=java.lang.Throwable]}
07:39:18.172 INFO: JdwpDebugServer: handling req: EventRequest(15).Set(1)
07:39:18.172 INFO: JdwpEventCenterDelegate: jdwpSetEventRequest: JdwpEventRequest{requestId=116, eventKind=CLASS_PREPARE, suspendPolicy=EVENT_THREAD, predicates=[className=java.lang.Throwable$*]}
07:39:18.173 INFO: JdwpDebugServer: handling req: VirtualMachine(1).ClassesBySignature(2)
07:39:18.174 INFO: JdwpDebugServer: handling req: EventRequest(15).Set(1)
07:39:18.174 INFO: JdwpEventCenterDelegate: jdwpSetEventRequest: JdwpEventRequest{requestId=117, eventKind=EXCEPTION, suspendPolicy=EVENT_THREAD, predicates=[exceptionType=7695(caught=false, uncaught=true)]}
07:39:18.175 INFO: JdwpDebugServer: handling req: ThreadReference(11).SuspendCount(12)
07:39:18.175 INFO: JdwpDebugServer: handling req: ThreadReference(11).SuspendCount(12)
07:39:18.175 INFO: JdwpDebugServer: handling req: ThreadReference(11).SuspendCount(12)
07:39:18.176 INFO: JdwpDebugServer: handling req: ThreadReference(11).SuspendCount(12)
07:39:18.176 INFO: JdwpDebugServer: handling req: VirtualMachine(1).AllThreads(4)
07:39:18.176 INFO: JdwpDebugServer: handling req: VirtualMachine(1).Resume(9)
07:39:18.271 INFO: JdwpEventCenterDelegate: THREAD_RESUMED: thread (33, main, main)
07:39:18.272 INFO: JdwpEventCenterDelegate: THREAD_RESUMED: thread (33, main, main)
07:39:18.272 INFO: JdwpEventCenterDelegate: THREAD_RESUMED: thread (33, main, main)
07:39:18.273 INFO: JdwpEventCenterDelegate: THREAD_RESUMED: thread (33, main, main)
07:39:18.273 INFO: JdwpEventCenterDelegate: THREAD_RESUMED: thread (33, main, main)
07:39:18.273 INFO: JdwpEventCenterDelegate: THREAD_RESUMED: thread (33, main, main)
07:39:18.274 INFO: JdwpEventCenterDelegate: THREAD_RESUMED: thread (33, main, main)
07:39:18.276 INFO: JdwpEventCenterDelegate: THREAD_RESUMED: thread (33, main, main)
07:39:18.276 INFO: JdwpEventCenterDelegate: THREAD_RESUMED: thread (33, main, main)
07:39:18.277 INFO: JdwpEventCenterDelegate: THREAD_RESUMED: thread (33, main, main)
07:39:18.277 INFO: JdwpEventCenterDelegate: THREAD_RESUMED: thread (33, main, main)
07:39:18.284 INFO: JdwpEventCenterDelegate: THREAD_RESUMED: thread (33, main, main)
07:39:18.286 INFO: JdwpEventCenterDelegate: THREAD_RESUMED: thread (33, main, main)
07:39:18.287 INFO: JdwpEventCenterDelegate: THREAD_RESUMED: thread (33, main, main)
07:39:18.351 INFO: JdwpEventCenterDelegate: THREAD_RESUMED: thread (33, main, main)
07:39:18.351 INFO: JdwpEventCenterDelegate: THREAD_RESUMED: thread (33, main, main)
07:39:18.352 INFO: JdwpEventCenterDelegate: THREAD_RESUMED: thread (33, main, main)
07:39:18.360 INFO: JdwpEventCenterDelegate: THREAD_RESUMED: thread (33, main, main)
07:39:18.360 INFO: JdwpEventCenterDelegate: THREAD_RESUMED: thread (33, main, main)
07:39:18.361 INFO: JdwpEventCenterDelegate: THREAD_RESUMED: thread (33, main, main)
07:39:18.620 INFO: JdwpEventCenterDelegate: THREAD_RESUMED: thread (33, main, main)
07:39:18.621 INFO: JdwpEventCenterDelegate: THREAD_RESUMED: thread (33, main, main)
07:39:18.621 INFO: JdwpEventCenterDelegate: THREAD_RESUMED: thread (33, main, main)
07:39:18.682 INFO: JdwpEventCenterDelegate: THREAD_RESUMED: thread (33, main, main)
07:39:18.683 INFO: JdwpEventCenterDelegate: THREAD_RESUMED: thread (33, main, main)
07:39:18.683 INFO: JdwpEventCenterDelegate: THREAD_RESUMED: thread (33, main, main)
07:39:18.691 INFO: JdwpDebugServer: handling req: ThreadReference(11).Name(1)
07:39:18.691 INFO: JdwpDebugServer: handling req: ThreadReference(11).Name(1)
07:39:18.692 INFO: JdwpDebugServer: handling req: ThreadReference(11).Name(1)
07:39:18.692 INFO: JdwpDebugServer: handling req: ThreadReference(11).Name(1)
07:39:18.709 INFO: JdwpEventCenterDelegate: THREAD_RESUMED: thread (33, main, main)
07:39:18.710 INFO: JdwpEventCenterDelegate: THREAD_RESUMED: thread (33, main, main)
07:39:18.711 INFO: JdwpEventCenterDelegate: THREAD_RESUMED: thread (33, main, main)
07:39:18.734 INFO: JdwpEventCenterDelegate: THREAD_RESUMED: thread (33, main, main)
07:39:18.735 INFO: JdwpEventCenterDelegate: THREAD_RESUMED: thread (33, main, main)
07:39:18.735 INFO: JdwpEventCenterDelegate: THREAD_RESUMED: thread (33, main, main)
07:39:18.736 INFO: JdwpEventCenterDelegate: THREAD_RESUMED: thread (33, main, main)
07:39:18.744 INFO: JdwpEventCenterDelegate: THREAD_RESUMED: thread (33, main, main)
07:39:18.745 INFO: JdwpEventCenterDelegate: THREAD_RESUMED: thread (33, main, main)
07:39:19.286 INFO: JdwpEventCenterDelegate: THREAD_RESUMED: thread (33, main, main)
07:39:19.286 INFO: JdwpEventCenterDelegate: THREAD_RESUMED: thread (33, main, main)
07:39:19.305 INFO: JdwpEventCenterDelegate: THREAD_RESUMED: thread (33, main, main)
07:39:19.305 INFO: JdwpEventCenterDelegate: THREAD_RESUMED: thread (33, main, main)
07:39:19.306 INFO: JdwpEventCenterDelegate: THREAD_RESUMED: thread (33, main, main)
07:39:19.306 INFO: JdwpEventCenterDelegate: THREAD_RESUMED: thread (33, main, main)
07:39:19.386 INFO: JdwpEventCenterDelegate: THREAD_RESUMED: thread (33, main, main)
07:39:19.807 INFO: JdwpEventCenterDelegate: THREAD_RESUMED: thread (33, main, main)
07:39:19.810 INFO: JdwpEventCenterDelegate: THREAD_RESUMED: thread (33, main, main)
07:39:19.811 INFO: JdwpEventCenterDelegate: THREAD_RESUMED: thread (33, main, main)
07:39:19.812 INFO: JdwpEventCenterDelegate: THREAD_RESUMED: thread (33, main, main)
07:39:19.813 INFO: JdwpEventCenterDelegate: THREAD_RESUMED: thread (33, main, main)
07:39:19.815 INFO: JdwpEventCenterDelegate: THREAD_RESUMED: thread (33, main, main)
07:39:19.818 INFO: JdwpEventCenterDelegate: THREAD_RESUMED: thread (33, main, main)
07:39:19.835 INFO: JdwpEventCenterDelegate: THREAD_RESUMED: thread (33, main, main)
07:39:19.850 INFO: JdwpEventCenterDelegate: THREAD_RESUMED: thread (33, main, main)
07:39:19.863 INFO: JdwpEventCenterDelegate: THREAD_RESUMED: thread (33, main, main)
07:39:19.874 INFO: JdwpEventCenterDelegate: THREAD_RESUMED: thread (33, main, main)
07:39:19.889 INFO: JdwpEventCenterDelegate: THREAD_RESUMED: thread (33, main, main)
07:39:19.909 INFO: JdwpEventCenterDelegate: THREAD_RESUMED: thread (33, main, main)
07:39:19.914 INFO: JdwpEventCenterDelegate: THREAD_RESUMED: thread (33, main, main)
07:39:19.921 INFO: JdwpEventCenterDelegate: THREAD_RESUMED: thread (33, main, main)
07:39:19.926 INFO: JdwpEventCenterDelegate: THREAD_RESUMED: thread (33, main, main)
07:39:19.930 INFO: JdwpEventCenterDelegate: THREAD_RESUMED: thread (33, main, main)
07:39:19.936 INFO: JdwpEventCenterDelegate: THREAD_RESUMED: thread (33, main, main)
07:39:19.942 INFO: JdwpEventCenterDelegate: THREAD_RESUMED: thread (33, main, main)
07:39:19.947 INFO: JdwpEventCenterDelegate: THREAD_RESUMED: thread (33, main, main)
07:39:19.952 INFO: JdwpEventCenterDelegate: THREAD_RESUMED: thread (33, main, main)
07:39:19.958 INFO: JdwpEventCenterDelegate: THREAD_RESUMED: thread (33, main, main)
07:39:19.962 INFO: JdwpEventCenterDelegate: THREAD_RESUMED: thread (33, main, main)
07:39:19.967 INFO: JdwpEventCenterDelegate: THREAD_RESUMED: thread (33, main, main)
07:39:19.975 INFO: JdwpEventCenterDelegate: THREAD_RESUMED: thread (33, main, main)
07:39:19.977 INFO: JdwpEventCenterDelegate: THREAD_RESUMED: thread (33, main, main)
07:39:19.979 INFO: JdwpEventCenterDelegate: THREAD_RESUMED: thread (33, main, main)
07:39:19.981 INFO: JdwpEventCenterDelegate: THREAD_RESUMED: thread (33, main, main)
07:39:19.983 INFO: JdwpEventCenterDelegate: THREAD_RESUMED: thread (33, main, main)
07:39:19.985 INFO: JdwpEventCenterDelegate: THREAD_RESUMED: thread (33, main, main)
07:39:19.987 INFO: JdwpEventCenterDelegate: THREAD_RESUMED: thread (33, main, main)
07:39:19.988 INFO: JdwpEventCenterDelegate: THREAD_RESUMED: thread (33, main, main)
07:39:19.989 INFO: JdwpEventCenterDelegate: THREAD_RESUMED: thread (33, main, main)
07:39:19.991 INFO: JdwpEventCenterDelegate: THREAD_RESUMED: thread (33, main, main)
07:39:19.992 INFO: JdwpEventCenterDelegate: THREAD_RESUMED: thread (33, main, main)
07:39:19.993 INFO: JdwpEventCenterDelegate: THREAD_RESUMED: thread (33, main, main)
07:39:19.995 INFO: JdwpEventCenterDelegate: THREAD_RESUMED: thread (33, main, main)
07:39:19.996 INFO: JdwpEventCenterDelegate: THREAD_RESUMED: thread (33, main, main)
07:39:19.998 INFO: JdwpEventCenterDelegate: THREAD_RESUMED: thread (33, main, main)
07:39:19.999 INFO: JdwpEventCenterDelegate: THREAD_RESUMED: thread (33, main, main)
07:39:20.000 INFO: JdwpEventCenterDelegate: THREAD_RESUMED: thread (33, main, main)
07:39:20.003 INFO: JdwpEventCenterDelegate: THREAD_RESUMED: thread (33, main, main)
07:39:20.004 INFO: JdwpEventCenterDelegate: THREAD_RESUMED: thread (33, main, main)
07:39:20.005 INFO: JdwpEventCenterDelegate: THREAD_RESUMED: thread (33, main, main)
07:39:20.006 INFO: JdwpEventCenterDelegate: THREAD_RESUMED: thread (33, main, main)
07:39:20.007 INFO: JdwpEventCenterDelegate: THREAD_RESUMED: thread (33, main, main)
07:39:20.007 INFO: JdwpEventCenterDelegate: THREAD_RESUMED: thread (33, main, main)
07:39:20.010 INFO: JdwpEventCenterDelegate: THREAD_RESUMED: thread (33, main, main)
07:39:20.012 INFO: JdwpEventCenterDelegate: THREAD_RESUMED: thread (33, main, main)
07:39:20.013 INFO: JdwpEventCenterDelegate: THREAD_RESUMED: thread (33, main, main)
07:39:20.014 INFO: JdwpEventCenterDelegate: THREAD_RESUMED: thread (33, main, main)
07:39:20.015 INFO: JdwpEventCenterDelegate: THREAD_RESUMED: thread (33, main, main)
07:39:20.017 INFO: JdwpEventCenterDelegate: THREAD_RESUMED: thread (33, main, main)
07:39:20.018 INFO: JdwpEventCenterDelegate: THREAD_RESUMED: thread (33, main, main)
07:39:20.019 INFO: JdwpEventCenterDelegate: THREAD_RESUMED: thread (33, main, main)
07:39:20.020 INFO: JdwpEventCenterDelegate: THREAD_RESUMED: thread (33, main, main)
07:39:20.021 INFO: JdwpEventCenterDelegate: THREAD_RESUMED: thread (33, main, main)
07:39:20.022 INFO: JdwpEventCenterDelegate: THREAD_RESUMED: thread (33, main, main)
07:39:20.023 INFO: JdwpEventCenterDelegate: THREAD_RESUMED: thread (33, main, main)
07:39:20.024 INFO: JdwpEventCenterDelegate: THREAD_RESUMED: thread (33, main, main)
07:39:20.024 INFO: JdwpEventCenterDelegate: THREAD_RESUMED: thread (33, main, main)
07:39:20.025 INFO: JdwpEventCenterDelegate: THREAD_RESUMED: thread (33, main, main)
07:39:20.026 INFO: JdwpEventCenterDelegate: THREAD_RESUMED: thread (33, main, main)
07:39:20.027 INFO: JdwpEventCenterDelegate: THREAD_RESUMED: thread (33, main, main)
07:39:20.028 INFO: JdwpEventCenterDelegate: THREAD_RESUMED: thread (33, main, main)
07:39:20.029 INFO: JdwpEventCenterDelegate: THREAD_RESUMED: thread (33, main, main)
07:39:20.030 INFO: JdwpEventCenterDelegate: THREAD_RESUMED: thread (33, main, main)
07:39:20.031 INFO: JdwpEventCenterDelegate: THREAD_RESUMED: thread (33, main, main)
07:39:20.032 INFO: JdwpEventCenterDelegate: THREAD_RESUMED: thread (33, main, main)
07:39:20.033 INFO: JdwpEventCenterDelegate: THREAD_RESUMED: thread (33, main, main)
07:39:20.033 INFO: JdwpEventCenterDelegate: THREAD_RESUMED: thread (33, main, main)
07:39:20.035 INFO: JdwpEventCenterDelegate: THREAD_RESUMED: thread (33, main, main)
07:39:20.039 INFO: JdwpEventCenterDelegate: THREAD_RESUMED: thread (33, main, main)
07:39:20.040 INFO: JdwpEventCenterDelegate: THREAD_RESUMED: thread (33, main, main)
07:39:20.040 INFO: JdwpEventCenterDelegate: THREAD_RESUMED: thread (33, main, main)
07:39:20.041 INFO: JdwpEventCenterDelegate: THREAD_RESUMED: thread (33, main, main)
07:39:20.042 INFO: JdwpEventCenterDelegate: THREAD_RESUMED: thread (33, main, main)
07:39:20.043 INFO: JdwpEventCenterDelegate: THREAD_RESUMED: thread (33, main, main)
07:39:20.329 INFO: JdwpEventCenterDelegate: THREAD_RESUMED: thread (33, main, main)
07:39:20.346 INFO: JdwpEventCenterDelegate: THREAD_RESUMED: thread (33, main, main)
07:39:20.347 INFO: JdwpEventCenterDelegate: THREAD_RESUMED: thread (33, main, main)
07:39:20.348 INFO: JdwpEventCenterDelegate: THREAD_RESUMED: thread (33, main, main)
07:39:20.529 INFO: JdwpEventCenterDelegate: THREAD_RESUMED: thread (33, main, main)
07:39:20.530 INFO: JdwpEventCenterDelegate: THREAD_RESUMED: thread (33, main, main)
07:39:20.569 INFO: JdwpEventCenterDelegate: THREAD_RESUMED: thread (33, main, main)
07:39:20.569 INFO: JdwpEventCenterDelegate: THREAD_RESUMED: thread (33, main, main)
07:39:20.591 INFO: JdwpEventCenterDelegate: THREAD_RESUMED: thread (33, main, main)
07:39:20.591 INFO: JdwpEventCenterDelegate: THREAD_RESUMED: thread (33, main, main)
07:39:20.592 INFO: JdwpEventCenterDelegate: THREAD_RESUMED: thread (33, main, main)
07:39:20.593 INFO: JdwpEventCenterDelegate: THREAD_RESUMED: thread (33, main, main)
07:39:20.594 INFO: JdwpEventCenterDelegate: THREAD_RESUMED: thread (33, main, main)
07:39:20.595 INFO: JdwpEventCenterDelegate: THREAD_RESUMED: thread (33, main, main)
07:39:20.606 INFO: JdwpEventCenterDelegate: THREAD_RESUMED: thread (33, main, main)
07:39:20.633 SEVERE: Debugger: Thread HooksChannel socket thread crashed
org.robovm.debugger.DebuggerException: java.nio.BufferUnderflowException
	at org.robovm.debugger.hooks.HooksChannel.doSocketWork(HooksChannel.java:149)
	at java.base/java.lang.Thread.run(Thread.java:833)
	at org.robovm.debugger.utils.DebuggerThread.run(DebuggerThread.java:42)
Caused by: java.nio.BufferUnderflowException
	at org.robovm.debugger.utils.bytebuffer.DataBufferWriter.writeFromStream(DataBufferWriter.java:91)
	at org.robovm.debugger.hooks.HooksChannel.doSocketWork(HooksChannel.java:116)
	... 2 more
07:39:21.146 SEVERE: Debugger: Thread JDWP server socket thread crashed
org.robovm.debugger.DebuggerException: java.net.SocketException: Socket closed
	at org.robovm.debugger.jdwp.JdwpDebugServer.doSocketWork(JdwpDebugServer.java:215)
	at java.base/java.lang.Thread.run(Thread.java:833)
	at org.robovm.debugger.utils.DebuggerThread.run(DebuggerThread.java:42)
Caused by: java.net.SocketException: Socket closed
	at java.base/sun.nio.ch.NioSocketImpl.endRead(NioSocketImpl.java:248)
	at java.base/sun.nio.ch.NioSocketImpl.implRead(NioSocketImpl.java:327)
	at java.base/sun.nio.ch.NioSocketImpl.read(NioSocketImpl.java:350)
	at java.base/sun.nio.ch.NioSocketImpl$1.read(NioSocketImpl.java:803)
	at java.base/java.net.Socket$SocketInputStream.read(Socket.java:966)
	at org.robovm.debugger.utils.bytebuffer.DataBufferWriter.writeFromStream(DataBufferWriter.java:89)
	at org.robovm.debugger.jdwp.protocol.JdwpRequestHeader.readFromStream(JdwpRequestHeader.java:36)
	at org.robovm.debugger.jdwp.JdwpDebugServer.doSocketWork(JdwpDebugServer.java:185)
	... 2 more
