10:05:54.801 INFO: JdwpEventCenterDelegate: THREAD_STARTED: thread (33, main, main)
10:05:54.874 INFO: JdwpEventCenterDelegate: THREAD_STARTED: thread (48, ReferenceQueueDaemon, main)
10:05:54.876 INFO: JdwpEventCenterDelegate: THREAD_STARTED: thread (63, FinalizerDaemon, main)
10:05:54.878 INFO: JdwpEventCenterDelegate: THREAD_STARTED: thread (78, FinalizerWatchdogDaemon, main)
10:05:55.389 INFO: JdwpDebugServer: handling req: VirtualMachine(1).IDSizes(7)
10:05:55.392 INFO: JdwpDebugServer: handling req: EventRequest(15).Set(1)
10:05:55.393 INFO: JdwpEventCenterDelegate: jdwpSetEventRequest: JdwpEventRequest{requestId=100, eventKind=CLASS_UNLOAD, suspendPolicy=NONE, predicates=[]}
10:05:55.393 INFO: JdwpDebugServer: handling req: EventRequest(15).Set(1)
10:05:55.393 INFO: JdwpEventCenterDelegate: jdwpSetEventRequest: JdwpEventRequest{requestId=101, eventKind=THREAD_START, suspendPolicy=NONE, predicates=[]}
10:05:55.395 INFO: JdwpDebugServer: handling req: VirtualMachine(1).ClassesBySignature(2)
10:05:55.397 INFO: JdwpDebugServer: handling req: VirtualMachine(1).Version(1)
10:05:55.398 INFO: JdwpDebugServer: handling req: ReferenceType(2).MethodsWithGeneric(15)
10:05:55.400 INFO: JdwpDebugServer: handling req: Method(6).LineTable(1)
10:05:55.402 INFO: JdwpDebugServer: handling req: EventRequest(15).Set(1)
10:05:55.403 INFO: JdwpEventCenterDelegate: jdwpSetEventRequest: JdwpEventRequest{requestId=102, eventKind=BREAKPOINT, suspendPolicy=NONE, predicates=[Location{classId=845, methodId=257, index=928} ]}
10:05:55.404 INFO: JdwpDebugServer: handling req: EventRequest(15).Set(1)
10:05:55.404 INFO: JdwpEventCenterDelegate: jdwpSetEventRequest: JdwpEventRequest{requestId=103, eventKind=THREAD_DEATH, suspendPolicy=NONE, predicates=[]}
10:05:55.404 INFO: JdwpDebugServer: handling req: VirtualMachine(1).AllThreads(4)
10:05:55.405 INFO: JdwpDebugServer: handling req: ThreadReference(11).ThreadGroup(5)
10:05:55.405 INFO: JdwpDebugServer: handling req: ThreadGroup(12).Name(1)
10:05:55.405 INFO: JdwpDebugServer: handling req: ThreadGroup(12).Parent(2)
10:05:55.405 INFO: JdwpDebugServer: handling req: ObjectReference(9).ReferenceType(1)
10:05:55.405 INFO: JdwpDebugServer: handling req: ReferenceType(2).FieldsWithGeneric(14)
10:05:55.406 INFO: JdwpDebugServer: handling req: ReferenceType(2).Interfaces(10)
10:05:55.406 INFO: JdwpDebugServer: handling req: ReferenceType(2).FieldsWithGeneric(14)
10:05:55.406 INFO: JdwpDebugServer: handling req: ReferenceType(2).Interfaces(10)
10:05:55.406 INFO: JdwpDebugServer: handling req: ClassType(3).Superclass(1)
10:05:55.406 INFO: JdwpDebugServer: handling req: ReferenceType(2).FieldsWithGeneric(14)
10:05:55.407 INFO: JdwpDebugServer: handling req: ReferenceType(2).Interfaces(10)
10:05:55.407 INFO: JdwpDebugServer: handling req: ClassType(3).Superclass(1)
10:05:55.407 INFO: JdwpDebugServer: handling req: ObjectReference(9).GetValues(2)
10:05:55.408 INFO: JdwpDebugServer: handling req: ThreadReference(11).Status(4)
10:05:55.408 INFO: JdwpDebugServer: handling req: ThreadReference(11).Status(4)
10:05:55.408 INFO: JdwpDebugServer: handling req: ThreadReference(11).ThreadGroup(5)
10:05:55.409 INFO: JdwpDebugServer: handling req: ObjectReference(9).ReferenceType(1)
10:05:55.409 INFO: JdwpDebugServer: handling req: ObjectReference(9).GetValues(2)
10:05:55.409 INFO: JdwpDebugServer: handling req: ThreadReference(11).Status(4)
10:05:55.409 INFO: JdwpDebugServer: handling req: ThreadReference(11).Status(4)
10:05:55.410 INFO: JdwpDebugServer: handling req: ThreadReference(11).ThreadGroup(5)
10:05:55.410 INFO: JdwpDebugServer: handling req: ObjectReference(9).ReferenceType(1)
10:05:55.410 INFO: JdwpDebugServer: handling req: ObjectReference(9).GetValues(2)
10:05:55.410 INFO: JdwpDebugServer: handling req: ThreadReference(11).Status(4)
10:05:55.410 INFO: JdwpDebugServer: handling req: ThreadReference(11).Status(4)
10:05:55.410 INFO: JdwpDebugServer: handling req: ThreadReference(11).ThreadGroup(5)
10:05:55.411 INFO: JdwpDebugServer: handling req: ObjectReference(9).ReferenceType(1)
10:05:55.411 INFO: JdwpDebugServer: handling req: ObjectReference(9).GetValues(2)
10:05:55.411 INFO: JdwpDebugServer: handling req: ThreadReference(11).Status(4)
10:05:55.411 INFO: JdwpDebugServer: handling req: ThreadReference(11).Status(4)
10:05:55.413 INFO: JdwpDebugServer: handling req: EventRequest(15).Set(1)
10:05:55.413 INFO: JdwpEventCenterDelegate: jdwpSetEventRequest: JdwpEventRequest{requestId=104, eventKind=CLASS_PREPARE, suspendPolicy=EVENT_THREAD, predicates=[className=java.lang.Throwable]}
10:05:55.420 INFO: JdwpDebugServer: handling req: EventRequest(15).Set(1)
10:05:55.420 INFO: JdwpEventCenterDelegate: jdwpSetEventRequest: JdwpEventRequest{requestId=105, eventKind=CLASS_PREPARE, suspendPolicy=EVENT_THREAD, predicates=[className=java.lang.Throwable$*]}
10:05:55.421 INFO: JdwpDebugServer: handling req: VirtualMachine(1).ClassesBySignature(2)
10:05:55.421 INFO: JdwpDebugServer: handling req: ReferenceType(2).MethodsWithGeneric(15)
10:05:55.422 INFO: JdwpDebugServer: handling req: Method(6).LineTable(1)
10:05:55.423 INFO: JdwpDebugServer: handling req: Method(6).LineTable(1)
10:05:55.423 INFO: JdwpDebugServer: handling req: Method(6).LineTable(1)
10:05:55.423 INFO: JdwpDebugServer: handling req: Method(6).LineTable(1)
10:05:55.423 INFO: JdwpDebugServer: handling req: Method(6).LineTable(1)
10:05:55.423 INFO: JdwpDebugServer: handling req: Method(6).LineTable(1)
10:05:55.423 INFO: JdwpDebugServer: handling req: Method(6).LineTable(1)
10:05:55.423 INFO: JdwpDebugServer: handling req: Method(6).LineTable(1)
10:05:55.424 INFO: JdwpDebugServer: handling req: Method(6).LineTable(1)
10:05:55.424 INFO: JdwpDebugServer: handling req: Method(6).LineTable(1)
10:05:55.424 INFO: JdwpDebugServer: handling req: Method(6).LineTable(1)
10:05:55.425 INFO: JdwpDebugServer: handling req: Method(6).LineTable(1)
10:05:55.425 INFO: JdwpDebugServer: handling req: Method(6).LineTable(1)
10:05:55.425 INFO: JdwpDebugServer: handling req: Method(6).LineTable(1)
10:05:55.425 INFO: JdwpDebugServer: handling req: Method(6).LineTable(1)
10:05:55.425 INFO: JdwpDebugServer: handling req: Method(6).LineTable(1)
10:05:55.425 INFO: JdwpDebugServer: handling req: Method(6).LineTable(1)
10:05:55.425 INFO: JdwpDebugServer: handling req: Method(6).LineTable(1)
10:05:55.426 INFO: JdwpDebugServer: handling req: Method(6).LineTable(1)
10:05:55.426 INFO: JdwpDebugServer: handling req: Method(6).LineTable(1)
10:05:55.426 INFO: JdwpDebugServer: handling req: Method(6).LineTable(1)
10:05:55.426 INFO: JdwpDebugServer: handling req: Method(6).LineTable(1)
10:05:55.426 INFO: JdwpDebugServer: handling req: Method(6).LineTable(1)
10:05:55.426 INFO: JdwpDebugServer: handling req: Method(6).LineTable(1)
10:05:55.427 INFO: JdwpDebugServer: handling req: VirtualMachine(1).ClassesBySignature(2)
10:05:55.427 INFO: JdwpDebugServer: handling req: VirtualMachine(1).AllClassesWithGeneric(20)
10:05:55.443 INFO: JdwpDebugServer: handling req: EventRequest(15).Set(1)
10:05:55.443 INFO: JdwpEventCenterDelegate: jdwpSetEventRequest: JdwpEventRequest{requestId=106, eventKind=CLASS_PREPARE, suspendPolicy=EVENT_THREAD, predicates=[className=com.badlogic.gdx.utils.ScreenUtils]}
10:05:55.446 INFO: JdwpDebugServer: handling req: EventRequest(15).Set(1)
10:05:55.446 INFO: JdwpEventCenterDelegate: jdwpSetEventRequest: JdwpEventRequest{requestId=107, eventKind=CLASS_PREPARE, suspendPolicy=EVENT_THREAD, predicates=[className=com.badlogic.gdx.utils.ScreenUtils$*]}
10:05:55.447 INFO: JdwpDebugServer: handling req: VirtualMachine(1).ClassesBySignature(2)
10:05:55.448 INFO: JdwpDebugServer: handling req: ReferenceType(2).MethodsWithGeneric(15)
10:05:55.448 INFO: JdwpDebugServer: handling req: Method(6).LineTable(1)
10:05:55.448 INFO: JdwpDebugServer: handling req: Method(6).LineTable(1)
10:05:55.448 INFO: JdwpDebugServer: handling req: Method(6).LineTable(1)
10:05:55.448 INFO: JdwpDebugServer: handling req: Method(6).LineTable(1)
10:05:55.448 INFO: JdwpDebugServer: handling req: Method(6).LineTable(1)
10:05:55.448 INFO: JdwpDebugServer: handling req: Method(6).LineTable(1)
10:05:55.448 INFO: JdwpDebugServer: handling req: Method(6).LineTable(1)
10:05:55.449 INFO: JdwpDebugServer: handling req: Method(6).LineTable(1)
10:05:55.449 INFO: JdwpDebugServer: handling req: Method(6).LineTable(1)
10:05:55.449 INFO: JdwpDebugServer: handling req: Method(6).LineTable(1)
10:05:55.449 INFO: JdwpDebugServer: handling req: EventRequest(15).Set(1)
10:05:55.449 INFO: JdwpEventCenterDelegate: jdwpSetEventRequest: JdwpEventRequest{requestId=108, eventKind=BREAKPOINT, suspendPolicy=EVENT_THREAD, predicates=[Location{classId=22240, methodId=1272, index=89} ]}
10:05:55.452 INFO: JdwpDebugServer: handling req: EventRequest(15).Set(1)
10:05:55.452 INFO: JdwpEventCenterDelegate: jdwpSetEventRequest: JdwpEventRequest{requestId=109, eventKind=CLASS_PREPARE, suspendPolicy=EVENT_THREAD, predicates=[className=com.badlogic.gdx.utils.ScreenUtils]}
10:05:55.453 INFO: JdwpDebugServer: handling req: EventRequest(15).Set(1)
10:05:55.453 INFO: JdwpEventCenterDelegate: jdwpSetEventRequest: JdwpEventRequest{requestId=110, eventKind=CLASS_PREPARE, suspendPolicy=EVENT_THREAD, predicates=[className=com.badlogic.gdx.utils.ScreenUtils$*]}
10:05:55.454 INFO: JdwpDebugServer: handling req: VirtualMachine(1).ClassesBySignature(2)
10:05:55.454 INFO: JdwpDebugServer: handling req: EventRequest(15).Set(1)
10:05:55.454 INFO: JdwpEventCenterDelegate: jdwpSetEventRequest: JdwpEventRequest{requestId=111, eventKind=BREAKPOINT, suspendPolicy=EVENT_THREAD, predicates=[Location{classId=22240, methodId=1267, index=72} ]}
10:05:55.455 INFO: JdwpDebugServer: handling req: EventRequest(15).Set(1)
10:05:55.455 INFO: JdwpEventCenterDelegate: jdwpSetEventRequest: JdwpEventRequest{requestId=112, eventKind=CLASS_PREPARE, suspendPolicy=EVENT_THREAD, predicates=[className=com.abdalla.bushnaq.pluvia.engine.RenderEngine]}
10:05:55.457 INFO: JdwpDebugServer: handling req: EventRequest(15).Set(1)
10:05:55.457 INFO: JdwpEventCenterDelegate: jdwpSetEventRequest: JdwpEventRequest{requestId=113, eventKind=CLASS_PREPARE, suspendPolicy=EVENT_THREAD, predicates=[className=com.abdalla.bushnaq.pluvia.engine.RenderEngine$*]}
10:05:55.457 INFO: JdwpDebugServer: handling req: VirtualMachine(1).ClassesBySignature(2)
10:05:55.457 INFO: JdwpDebugServer: handling req: ReferenceType(2).MethodsWithGeneric(15)
10:05:55.458 INFO: JdwpDebugServer: handling req: Method(6).LineTable(1)
10:05:55.458 INFO: JdwpDebugServer: handling req: Method(6).LineTable(1)
10:05:55.459 INFO: JdwpDebugServer: handling req: Method(6).LineTable(1)
10:05:55.459 INFO: JdwpDebugServer: handling req: Method(6).LineTable(1)
10:05:55.459 INFO: JdwpDebugServer: handling req: Method(6).LineTable(1)
10:05:55.459 INFO: JdwpDebugServer: handling req: Method(6).LineTable(1)
10:05:55.459 INFO: JdwpDebugServer: handling req: Method(6).LineTable(1)
10:05:55.459 INFO: JdwpDebugServer: handling req: Method(6).LineTable(1)
10:05:55.460 INFO: JdwpDebugServer: handling req: Method(6).LineTable(1)
10:05:55.460 INFO: JdwpDebugServer: handling req: Method(6).LineTable(1)
10:05:55.460 INFO: JdwpDebugServer: handling req: Method(6).LineTable(1)
10:05:55.460 INFO: JdwpDebugServer: handling req: Method(6).LineTable(1)
10:05:55.460 INFO: JdwpDebugServer: handling req: Method(6).LineTable(1)
10:05:55.461 INFO: JdwpDebugServer: handling req: Method(6).LineTable(1)
10:05:55.461 INFO: JdwpDebugServer: handling req: Method(6).LineTable(1)
10:05:55.461 INFO: JdwpDebugServer: handling req: Method(6).LineTable(1)
10:05:55.461 INFO: JdwpDebugServer: handling req: Method(6).LineTable(1)
10:05:55.461 INFO: JdwpDebugServer: handling req: Method(6).LineTable(1)
10:05:55.462 INFO: JdwpDebugServer: handling req: Method(6).LineTable(1)
10:05:55.462 INFO: JdwpDebugServer: handling req: Method(6).LineTable(1)
10:05:55.462 INFO: JdwpDebugServer: handling req: Method(6).LineTable(1)
10:05:55.462 INFO: JdwpDebugServer: handling req: Method(6).LineTable(1)
10:05:55.463 INFO: JdwpDebugServer: handling req: Method(6).LineTable(1)
10:05:55.463 INFO: JdwpDebugServer: handling req: Method(6).LineTable(1)
10:05:55.463 INFO: JdwpDebugServer: handling req: Method(6).LineTable(1)
10:05:55.463 INFO: JdwpDebugServer: handling req: Method(6).LineTable(1)
10:05:55.464 INFO: JdwpDebugServer: handling req: Method(6).LineTable(1)
10:05:55.464 INFO: JdwpDebugServer: handling req: Method(6).LineTable(1)
10:05:55.464 INFO: JdwpDebugServer: handling req: Method(6).LineTable(1)
10:05:55.464 INFO: JdwpDebugServer: handling req: Method(6).LineTable(1)
10:05:55.464 INFO: JdwpDebugServer: handling req: Method(6).LineTable(1)
10:05:55.464 INFO: JdwpDebugServer: handling req: Method(6).LineTable(1)
10:05:55.464 INFO: JdwpDebugServer: handling req: Method(6).LineTable(1)
10:05:55.465 INFO: JdwpDebugServer: handling req: Method(6).LineTable(1)
10:05:55.465 INFO: JdwpDebugServer: handling req: Method(6).LineTable(1)
10:05:55.465 INFO: JdwpDebugServer: handling req: Method(6).LineTable(1)
10:05:55.465 INFO: JdwpDebugServer: handling req: Method(6).LineTable(1)
10:05:55.465 INFO: JdwpDebugServer: handling req: Method(6).LineTable(1)
10:05:55.465 INFO: JdwpDebugServer: handling req: Method(6).LineTable(1)
10:05:55.465 INFO: JdwpDebugServer: handling req: Method(6).LineTable(1)
10:05:55.465 INFO: JdwpDebugServer: handling req: Method(6).LineTable(1)
10:05:55.465 INFO: JdwpDebugServer: handling req: Method(6).LineTable(1)
10:05:55.465 INFO: JdwpDebugServer: handling req: Method(6).LineTable(1)
10:05:55.466 INFO: JdwpDebugServer: handling req: Method(6).LineTable(1)
10:05:55.466 INFO: JdwpDebugServer: handling req: Method(6).LineTable(1)
10:05:55.466 INFO: JdwpDebugServer: handling req: Method(6).LineTable(1)
10:05:55.466 INFO: JdwpDebugServer: handling req: Method(6).LineTable(1)
10:05:55.466 INFO: JdwpDebugServer: handling req: Method(6).LineTable(1)
10:05:55.466 INFO: JdwpDebugServer: handling req: Method(6).LineTable(1)
10:05:55.466 INFO: JdwpDebugServer: handling req: Method(6).LineTable(1)
10:05:55.466 INFO: JdwpDebugServer: handling req: Method(6).LineTable(1)
10:05:55.466 INFO: JdwpDebugServer: handling req: Method(6).LineTable(1)
10:05:55.467 INFO: JdwpDebugServer: handling req: Method(6).LineTable(1)
10:05:55.467 INFO: JdwpDebugServer: handling req: Method(6).LineTable(1)
10:05:55.467 INFO: JdwpDebugServer: handling req: Method(6).LineTable(1)
10:05:55.467 INFO: JdwpDebugServer: handling req: Method(6).LineTable(1)
10:05:55.467 INFO: JdwpDebugServer: handling req: Method(6).LineTable(1)
10:05:55.467 INFO: JdwpDebugServer: handling req: Method(6).LineTable(1)
10:05:55.467 INFO: JdwpDebugServer: handling req: Method(6).LineTable(1)
10:05:55.467 INFO: JdwpDebugServer: handling req: Method(6).LineTable(1)
10:05:55.467 INFO: JdwpDebugServer: handling req: Method(6).LineTable(1)
10:05:55.469 INFO: JdwpDebugServer: handling req: Method(6).LineTable(1)
10:05:55.469 INFO: JdwpDebugServer: handling req: Method(6).LineTable(1)
10:05:55.469 INFO: JdwpDebugServer: handling req: Method(6).LineTable(1)
10:05:55.470 INFO: JdwpDebugServer: handling req: Method(6).LineTable(1)
10:05:55.470 INFO: JdwpDebugServer: handling req: Method(6).LineTable(1)
10:05:55.471 INFO: JdwpDebugServer: handling req: Method(6).LineTable(1)
10:05:55.471 INFO: JdwpDebugServer: handling req: Method(6).LineTable(1)
10:05:55.471 INFO: JdwpDebugServer: handling req: Method(6).LineTable(1)
10:05:55.471 INFO: JdwpDebugServer: handling req: Method(6).LineTable(1)
10:05:55.471 INFO: JdwpDebugServer: handling req: Method(6).LineTable(1)
10:05:55.471 INFO: JdwpDebugServer: handling req: Method(6).LineTable(1)
10:05:55.472 INFO: JdwpDebugServer: handling req: Method(6).LineTable(1)
10:05:55.472 INFO: JdwpDebugServer: handling req: Method(6).LineTable(1)
10:05:55.472 INFO: JdwpDebugServer: handling req: Method(6).LineTable(1)
10:05:55.472 INFO: JdwpDebugServer: handling req: Method(6).LineTable(1)
10:05:55.472 INFO: JdwpDebugServer: handling req: Method(6).LineTable(1)
10:05:55.473 INFO: JdwpDebugServer: handling req: Method(6).LineTable(1)
10:05:55.473 INFO: JdwpDebugServer: handling req: Method(6).LineTable(1)
10:05:55.473 INFO: JdwpDebugServer: handling req: Method(6).LineTable(1)
10:05:55.473 INFO: JdwpDebugServer: handling req: Method(6).LineTable(1)
10:05:55.473 INFO: JdwpDebugServer: handling req: Method(6).LineTable(1)
10:05:55.474 INFO: JdwpDebugServer: handling req: Method(6).LineTable(1)
10:05:55.474 INFO: JdwpDebugServer: handling req: Method(6).LineTable(1)
10:05:55.474 INFO: JdwpDebugServer: handling req: Method(6).LineTable(1)
10:05:55.474 INFO: JdwpDebugServer: handling req: Method(6).LineTable(1)
10:05:55.474 INFO: JdwpDebugServer: handling req: Method(6).LineTable(1)
10:05:55.475 INFO: JdwpDebugServer: handling req: Method(6).LineTable(1)
10:05:55.475 INFO: JdwpDebugServer: handling req: Method(6).LineTable(1)
10:05:55.475 INFO: JdwpDebugServer: handling req: Method(6).LineTable(1)
10:05:55.475 INFO: JdwpDebugServer: handling req: Method(6).LineTable(1)
10:05:55.475 INFO: JdwpDebugServer: handling req: Method(6).LineTable(1)
10:05:55.476 INFO: JdwpDebugServer: handling req: Method(6).LineTable(1)
10:05:55.476 INFO: JdwpDebugServer: handling req: Method(6).LineTable(1)
10:05:55.476 INFO: JdwpDebugServer: handling req: Method(6).LineTable(1)
10:05:55.476 INFO: JdwpDebugServer: handling req: Method(6).LineTable(1)
10:05:55.476 INFO: JdwpDebugServer: handling req: Method(6).LineTable(1)
10:05:55.477 INFO: JdwpDebugServer: handling req: Method(6).LineTable(1)
10:05:55.477 INFO: JdwpDebugServer: handling req: Method(6).LineTable(1)
10:05:55.477 INFO: JdwpDebugServer: handling req: EventRequest(15).Set(1)
10:05:55.477 INFO: JdwpEventCenterDelegate: jdwpSetEventRequest: JdwpEventRequest{requestId=114, eventKind=BREAKPOINT, suspendPolicy=EVENT_THREAD, predicates=[Location{classId=22075, methodId=1387, index=452} ]}
10:05:55.478 INFO: JdwpDebugServer: handling req: VirtualMachine(1).capabilitiesNew(17)
10:05:55.481 INFO: JdwpDebugServer: handling req: EventRequest(15).Set(1)
10:05:55.481 INFO: JdwpEventCenterDelegate: jdwpSetEventRequest: JdwpEventRequest{requestId=115, eventKind=CLASS_PREPARE, suspendPolicy=EVENT_THREAD, predicates=[className=java.lang.Error]}
10:05:55.483 INFO: JdwpDebugServer: handling req: EventRequest(15).Set(1)
10:05:55.483 INFO: JdwpEventCenterDelegate: jdwpSetEventRequest: JdwpEventRequest{requestId=116, eventKind=CLASS_PREPARE, suspendPolicy=EVENT_THREAD, predicates=[className=java.lang.Error$*]}
10:05:55.483 INFO: JdwpDebugServer: handling req: VirtualMachine(1).ClassesBySignature(2)
10:05:55.485 INFO: JdwpDebugServer: handling req: EventRequest(15).Set(1)
10:05:55.488 INFO: JdwpEventCenterDelegate: jdwpSetEventRequest: JdwpEventRequest{requestId=117, eventKind=EXCEPTION, suspendPolicy=EVENT_THREAD, predicates=[exceptionType=3425(caught=true, uncaught=true)]}
10:05:55.532 INFO: JdwpDebugServer: handling req: EventRequest(15).Set(1)
10:05:55.532 INFO: JdwpEventCenterDelegate: jdwpSetEventRequest: JdwpEventRequest{requestId=118, eventKind=CLASS_PREPARE, suspendPolicy=EVENT_THREAD, predicates=[className=java.lang.Throwable]}
10:05:55.533 INFO: JdwpDebugServer: handling req: EventRequest(15).Set(1)
10:05:55.533 INFO: JdwpEventCenterDelegate: jdwpSetEventRequest: JdwpEventRequest{requestId=119, eventKind=CLASS_PREPARE, suspendPolicy=EVENT_THREAD, predicates=[className=java.lang.Throwable$*]}
10:05:55.533 INFO: JdwpDebugServer: handling req: VirtualMachine(1).ClassesBySignature(2)
10:05:55.534 INFO: JdwpDebugServer: handling req: EventRequest(15).Set(1)
10:05:55.534 INFO: JdwpEventCenterDelegate: jdwpSetEventRequest: JdwpEventRequest{requestId=120, eventKind=EXCEPTION, suspendPolicy=EVENT_THREAD, predicates=[exceptionType=7695(caught=false, uncaught=true)]}
10:05:55.535 INFO: JdwpDebugServer: handling req: ThreadReference(11).SuspendCount(12)
10:05:55.535 INFO: JdwpDebugServer: handling req: ThreadReference(11).SuspendCount(12)
10:05:55.535 INFO: JdwpDebugServer: handling req: ThreadReference(11).SuspendCount(12)
10:05:55.535 INFO: JdwpDebugServer: handling req: ThreadReference(11).SuspendCount(12)
10:05:55.536 INFO: JdwpDebugServer: handling req: VirtualMachine(1).AllThreads(4)
10:05:55.536 INFO: JdwpDebugServer: handling req: VirtualMachine(1).Resume(9)
10:05:55.631 INFO: JdwpEventCenterDelegate: THREAD_RESUMED: thread (33, main, main)
10:05:55.631 INFO: JdwpEventCenterDelegate: THREAD_RESUMED: thread (33, main, main)
10:05:55.632 INFO: JdwpEventCenterDelegate: THREAD_RESUMED: thread (33, main, main)
10:05:55.632 INFO: JdwpEventCenterDelegate: THREAD_RESUMED: thread (33, main, main)
10:05:55.633 INFO: JdwpEventCenterDelegate: THREAD_RESUMED: thread (33, main, main)
10:05:55.633 INFO: JdwpEventCenterDelegate: THREAD_RESUMED: thread (33, main, main)
10:05:55.634 INFO: JdwpEventCenterDelegate: THREAD_RESUMED: thread (33, main, main)
10:05:55.636 INFO: JdwpEventCenterDelegate: THREAD_RESUMED: thread (33, main, main)
10:05:55.636 INFO: JdwpEventCenterDelegate: THREAD_RESUMED: thread (33, main, main)
10:05:55.637 INFO: JdwpEventCenterDelegate: THREAD_RESUMED: thread (33, main, main)
10:05:55.637 INFO: JdwpEventCenterDelegate: THREAD_RESUMED: thread (33, main, main)
10:05:55.643 INFO: JdwpEventCenterDelegate: THREAD_RESUMED: thread (33, main, main)
10:05:55.643 INFO: JdwpEventCenterDelegate: THREAD_RESUMED: thread (33, main, main)
10:05:55.644 INFO: JdwpEventCenterDelegate: THREAD_RESUMED: thread (33, main, main)
10:05:55.702 INFO: JdwpEventCenterDelegate: THREAD_RESUMED: thread (33, main, main)
10:05:55.702 INFO: JdwpEventCenterDelegate: THREAD_RESUMED: thread (33, main, main)
10:05:55.702 INFO: JdwpEventCenterDelegate: THREAD_RESUMED: thread (33, main, main)
10:05:55.709 INFO: JdwpEventCenterDelegate: THREAD_RESUMED: thread (33, main, main)
10:05:55.710 INFO: JdwpEventCenterDelegate: THREAD_RESUMED: thread (33, main, main)
10:05:55.710 INFO: JdwpEventCenterDelegate: THREAD_RESUMED: thread (33, main, main)
10:05:55.958 INFO: JdwpEventCenterDelegate: THREAD_RESUMED: thread (33, main, main)
10:05:55.958 INFO: JdwpEventCenterDelegate: THREAD_RESUMED: thread (33, main, main)
10:05:55.959 INFO: JdwpEventCenterDelegate: THREAD_RESUMED: thread (33, main, main)
10:05:56.013 INFO: JdwpEventCenterDelegate: THREAD_RESUMED: thread (33, main, main)
10:05:56.013 INFO: JdwpEventCenterDelegate: THREAD_RESUMED: thread (33, main, main)
10:05:56.014 INFO: JdwpEventCenterDelegate: THREAD_RESUMED: thread (33, main, main)
10:05:56.026 INFO: JdwpDebugServer: handling req: ThreadReference(11).Name(1)
10:05:56.028 INFO: JdwpDebugServer: handling req: ThreadReference(11).Name(1)
10:05:56.028 INFO: JdwpDebugServer: handling req: ThreadReference(11).Name(1)
10:05:56.028 INFO: JdwpDebugServer: handling req: ThreadReference(11).Name(1)
10:05:56.042 INFO: JdwpEventCenterDelegate: THREAD_RESUMED: thread (33, main, main)
10:05:56.043 INFO: JdwpEventCenterDelegate: THREAD_RESUMED: thread (33, main, main)
10:05:56.044 INFO: JdwpEventCenterDelegate: THREAD_RESUMED: thread (33, main, main)
10:05:56.063 INFO: JdwpEventCenterDelegate: THREAD_RESUMED: thread (33, main, main)
10:05:56.064 INFO: JdwpEventCenterDelegate: THREAD_RESUMED: thread (33, main, main)
10:05:56.065 INFO: JdwpEventCenterDelegate: THREAD_RESUMED: thread (33, main, main)
10:05:56.066 INFO: JdwpEventCenterDelegate: THREAD_RESUMED: thread (33, main, main)
10:05:56.071 INFO: JdwpEventCenterDelegate: THREAD_RESUMED: thread (33, main, main)
10:05:56.072 INFO: JdwpEventCenterDelegate: THREAD_RESUMED: thread (33, main, main)
10:05:56.589 INFO: JdwpEventCenterDelegate: THREAD_RESUMED: thread (33, main, main)
10:05:56.590 INFO: JdwpEventCenterDelegate: THREAD_RESUMED: thread (33, main, main)
10:05:56.610 INFO: JdwpEventCenterDelegate: THREAD_RESUMED: thread (33, main, main)
10:05:56.610 INFO: JdwpEventCenterDelegate: THREAD_RESUMED: thread (33, main, main)
10:05:56.611 INFO: JdwpEventCenterDelegate: THREAD_RESUMED: thread (33, main, main)
10:05:56.611 INFO: JdwpEventCenterDelegate: THREAD_RESUMED: thread (33, main, main)
10:05:56.674 INFO: JdwpDebugServer: handling req: EventRequest(15).Set(1)
10:05:56.674 INFO: JdwpEventCenterDelegate: jdwpSetEventRequest: JdwpEventRequest{requestId=121, eventKind=BREAKPOINT, suspendPolicy=EVENT_THREAD, predicates=[Location{classId=22075, methodId=1387, index=452} ]}
10:05:56.678 INFO: JdwpDebugServer: handling req: ThreadReference(11).Resume(3)
10:05:56.679 INFO: JdwpEventCenterDelegate: THREAD_RESUMED: thread (33, main, main)
10:05:56.705 INFO: JdwpEventCenterDelegate: THREAD_RESUMED: thread (33, main, main)
10:05:57.079 INFO: JdwpDebugServer: handling req: ThreadReference(11).Frames(6)
10:05:57.079 INFO: JdwpDebugServer: handling req: ReferenceType(2).MethodsWithGeneric(15)
10:05:57.080 INFO: JdwpDebugServer: handling req: ReferenceType(2).MethodsWithGeneric(15)
10:05:57.081 INFO: JdwpDebugServer: handling req: ReferenceType(2).MethodsWithGeneric(15)
10:05:57.081 INFO: JdwpDebugServer: handling req: ReferenceType(2).MethodsWithGeneric(15)
10:05:57.082 INFO: JdwpDebugServer: handling req: ReferenceType(2).MethodsWithGeneric(15)
10:05:57.086 INFO: JdwpDebugServer: handling req: ThreadReference(11).FramesCount(7)
10:05:57.087 INFO: JdwpDebugServer: handling req: ThreadReference(11).FramesCount(7)
10:05:57.805 INFO: JdwpDebugServer: handling req: ReferenceType(2).SourceFile(7)
10:05:57.900 INFO: JdwpDebugServer: handling req: ThreadReference(11).Name(1)
10:05:57.901 INFO: JdwpDebugServer: handling req: ReferenceType(2).SignatureWithGeneric(13)
10:05:57.904 INFO: JdwpDebugServer: handling req: StackFrame(16).ThisObject(3)
10:05:57.905 INFO: JdwpDebugServer: handling req: ObjectReference(9).ReferenceType(1)
10:05:57.911 INFO: JdwpDebugServer: handling req: ThreadReference(11).Name(1)
10:05:57.911 INFO: JdwpDebugServer: handling req: ThreadReference(11).Name(1)
10:05:57.912 INFO: JdwpDebugServer: handling req: ThreadReference(11).Name(1)
10:05:57.912 INFO: JdwpDebugServer: handling req: ThreadReference(11).Name(1)
10:05:57.966 INFO: JdwpDebugServer: handling req: Method(6).VariableTableWithGenerics(5)
10:05:58.026 INFO: JdwpDebugServer: handling req: ReferenceType(2).FieldsWithGeneric(14)
10:05:58.026 INFO: JdwpDebugServer: handling req: ReferenceType(2).Interfaces(10)
10:05:58.027 INFO: JdwpDebugServer: handling req: ClassType(3).Superclass(1)
10:05:58.027 INFO: JdwpDebugServer: handling req: ReferenceType(2).Modifiers(3)
10:05:58.027 INFO: JdwpDebugServer: handling req: ClassType(3).Superclass(1)
10:05:58.027 INFO: JdwpDebugServer: handling req: ClassType(3).Superclass(1)
10:05:58.027 INFO: JdwpDebugServer: handling req: ClassType(3).Superclass(1)
10:05:58.050 INFO: JdwpDebugServer: handling req: ThreadReference(11).FramesCount(7)
10:05:58.057 INFO: JdwpDebugServer: handling req: ThreadReference(11).Name(1)
10:05:58.058 INFO: JdwpDebugServer: handling req: ThreadReference(11).FramesCount(7)
10:05:58.058 INFO: JdwpDebugServer: handling req: ThreadReference(11).Name(1)
10:05:58.058 INFO: JdwpDebugServer: handling req: ThreadReference(11).Name(1)
10:05:58.058 INFO: JdwpDebugServer: handling req: ThreadReference(11).Name(1)
10:05:58.061 INFO: JdwpDebugServer: handling req: StackFrame(16).ThisObject(3)
10:05:58.061 INFO: JdwpDebugServer: handling req: ObjectReference(9).ReferenceType(1)
10:05:58.062 INFO: JdwpDebugServer: handling req: StackFrame(16).ThisObject(3)
10:05:58.062 INFO: JdwpDebugServer: handling req: ObjectReference(9).ReferenceType(1)
10:05:58.062 INFO: JdwpDebugServer: handling req: Method(6).LineTable(1)
10:05:58.063 INFO: JdwpDebugServer: handling req: StackFrame(16).ThisObject(3)
10:05:58.063 INFO: JdwpDebugServer: handling req: ObjectReference(9).ReferenceType(1)
10:05:58.063 INFO: JdwpDebugServer: handling req: Method(6).LineTable(1)
10:05:58.064 INFO: JdwpDebugServer: handling req: StackFrame(16).ThisObject(3)
10:05:58.064 INFO: JdwpDebugServer: handling req: ObjectReference(9).ReferenceType(1)
10:05:58.065 INFO: JdwpDebugServer: handling req: Method(6).LineTable(1)
10:05:58.066 INFO: JdwpDebugServer: handling req: Method(6).LineTable(1)
10:05:58.067 INFO: JdwpDebugServer: handling req: Method(6).LineTable(1)
10:06:27.382 INFO: JdwpDebugServer: handling req: EventRequest(15).Set(1)
10:06:27.382 INFO: JdwpEventCenterDelegate: jdwpSetEventRequest: JdwpEventRequest{requestId=122, eventKind=CLASS_PREPARE, suspendPolicy=EVENT_THREAD, predicates=[className=com.badlogic.gdx.graphics.g2d.PolygonSpriteBatch]}
10:06:27.391 INFO: JdwpDebugServer: handling req: EventRequest(15).Set(1)
10:06:27.391 INFO: JdwpEventCenterDelegate: jdwpSetEventRequest: JdwpEventRequest{requestId=123, eventKind=CLASS_PREPARE, suspendPolicy=EVENT_THREAD, predicates=[className=com.badlogic.gdx.graphics.g2d.PolygonSpriteBatch$*]}
10:06:27.393 INFO: JdwpDebugServer: handling req: VirtualMachine(1).ClassesBySignature(2)
10:06:27.394 INFO: JdwpDebugServer: handling req: ReferenceType(2).MethodsWithGeneric(15)
10:06:27.396 INFO: JdwpDebugServer: handling req: Method(6).LineTable(1)
10:06:27.396 INFO: JdwpDebugServer: handling req: Method(6).LineTable(1)
10:06:27.396 INFO: JdwpDebugServer: handling req: Method(6).LineTable(1)
10:06:27.397 INFO: JdwpDebugServer: handling req: Method(6).LineTable(1)
10:06:27.397 INFO: JdwpDebugServer: handling req: Method(6).LineTable(1)
10:06:27.397 INFO: JdwpDebugServer: handling req: Method(6).LineTable(1)
10:06:27.397 INFO: JdwpDebugServer: handling req: Method(6).LineTable(1)
10:06:27.397 INFO: JdwpDebugServer: handling req: Method(6).LineTable(1)
10:06:27.398 INFO: JdwpDebugServer: handling req: Method(6).LineTable(1)
10:06:27.398 INFO: JdwpDebugServer: handling req: Method(6).LineTable(1)
10:06:27.398 INFO: JdwpDebugServer: handling req: Method(6).LineTable(1)
10:06:27.398 INFO: JdwpDebugServer: handling req: Method(6).LineTable(1)
10:06:27.398 INFO: JdwpDebugServer: handling req: Method(6).LineTable(1)
10:06:27.399 INFO: JdwpDebugServer: handling req: Method(6).LineTable(1)
10:06:27.399 INFO: JdwpDebugServer: handling req: Method(6).LineTable(1)
10:06:27.399 INFO: JdwpDebugServer: handling req: Method(6).LineTable(1)
10:06:27.399 INFO: JdwpDebugServer: handling req: Method(6).LineTable(1)
10:06:27.399 INFO: JdwpDebugServer: handling req: Method(6).LineTable(1)
10:06:27.399 INFO: JdwpDebugServer: handling req: Method(6).LineTable(1)
10:06:27.400 INFO: JdwpDebugServer: handling req: Method(6).LineTable(1)
10:06:27.400 INFO: JdwpDebugServer: handling req: Method(6).LineTable(1)
10:06:27.400 INFO: JdwpDebugServer: handling req: Method(6).LineTable(1)
10:06:27.400 INFO: JdwpDebugServer: handling req: Method(6).LineTable(1)
10:06:27.400 INFO: JdwpDebugServer: handling req: Method(6).LineTable(1)
10:06:27.401 INFO: JdwpDebugServer: handling req: Method(6).LineTable(1)
10:06:27.401 INFO: JdwpDebugServer: handling req: Method(6).LineTable(1)
10:06:27.401 INFO: JdwpDebugServer: handling req: Method(6).LineTable(1)
10:06:27.401 INFO: JdwpDebugServer: handling req: Method(6).LineTable(1)
10:06:27.401 INFO: JdwpDebugServer: handling req: Method(6).LineTable(1)
10:06:27.401 INFO: JdwpDebugServer: handling req: Method(6).LineTable(1)
10:06:27.401 INFO: JdwpDebugServer: handling req: Method(6).LineTable(1)
10:06:27.402 INFO: JdwpDebugServer: handling req: Method(6).LineTable(1)
10:06:27.403 INFO: JdwpDebugServer: handling req: Method(6).LineTable(1)
10:06:27.403 INFO: JdwpDebugServer: handling req: Method(6).LineTable(1)
10:06:27.403 INFO: JdwpDebugServer: handling req: Method(6).LineTable(1)
10:06:27.404 INFO: JdwpDebugServer: handling req: Method(6).LineTable(1)
10:06:27.404 INFO: JdwpDebugServer: handling req: Method(6).LineTable(1)
10:06:27.404 INFO: JdwpDebugServer: handling req: Method(6).LineTable(1)
10:06:27.404 INFO: JdwpDebugServer: handling req: Method(6).LineTable(1)
10:06:27.404 INFO: JdwpDebugServer: handling req: Method(6).LineTable(1)
10:06:27.404 INFO: JdwpDebugServer: handling req: Method(6).LineTable(1)
10:06:27.404 INFO: JdwpDebugServer: handling req: Method(6).LineTable(1)
10:06:27.405 INFO: JdwpDebugServer: handling req: Method(6).LineTable(1)
10:06:27.405 INFO: JdwpDebugServer: handling req: Method(6).LineTable(1)
10:06:27.405 INFO: JdwpDebugServer: handling req: Method(6).LineTable(1)
10:06:27.405 INFO: JdwpDebugServer: handling req: Method(6).LineTable(1)
10:06:27.405 INFO: JdwpDebugServer: handling req: Method(6).LineTable(1)
10:06:27.405 INFO: JdwpDebugServer: handling req: EventRequest(15).Set(1)
10:06:27.405 INFO: JdwpEventCenterDelegate: jdwpSetEventRequest: JdwpEventRequest{requestId=124, eventKind=BREAKPOINT, suspendPolicy=EVENT_THREAD, predicates=[Location{classId=15500, methodId=11662, index=142} ]}
10:06:29.623 INFO: JdwpDebugServer: handling req: ThreadReference(11).Resume(3)
10:06:29.625 INFO: JdwpEventCenterDelegate: THREAD_RESUMED: thread (33, main, main)
10:06:29.635 INFO: JdwpDebugServer: handling req: EventRequest(15).Set(1)
10:06:29.636 INFO: JdwpEventCenterDelegate: jdwpSetEventRequest: JdwpEventRequest{requestId=125, eventKind=BREAKPOINT, suspendPolicy=EVENT_THREAD, predicates=[Location{classId=15500, methodId=11662, index=142} ]}
10:06:29.639 INFO: JdwpDebugServer: handling req: ThreadReference(11).Resume(3)
10:06:29.640 INFO: JdwpEventCenterDelegate: THREAD_RESUMED: thread (33, main, main)
10:06:29.656 INFO: JdwpDebugServer: handling req: ThreadReference(11).Frames(6)
10:06:29.656 INFO: JdwpDebugServer: handling req: ReferenceType(2).MethodsWithGeneric(15)
10:06:29.657 INFO: JdwpDebugServer: handling req: ThreadReference(11).FramesCount(7)
10:06:29.657 INFO: JdwpDebugServer: handling req: ThreadReference(11).FramesCount(7)
10:06:29.686 INFO: JdwpDebugServer: handling req: ThreadReference(11).Name(1)
10:06:29.686 INFO: JdwpDebugServer: handling req: ThreadReference(11).Name(1)
10:06:29.687 INFO: JdwpDebugServer: handling req: ThreadReference(11).Name(1)
10:06:29.774 INFO: JdwpDebugServer: handling req: ReferenceType(2).SignatureWithGeneric(13)
10:06:29.774 INFO: JdwpDebugServer: handling req: ThreadReference(11).Name(1)
10:06:29.774 INFO: JdwpDebugServer: handling req: StackFrame(16).ThisObject(3)
10:06:29.776 INFO: JdwpDebugServer: handling req: ObjectReference(9).ReferenceType(1)
10:06:29.777 INFO: JdwpDebugServer: handling req: ThreadReference(11).Name(1)
10:06:29.778 INFO: JdwpDebugServer: handling req: ThreadReference(11).Name(1)
10:06:29.778 INFO: JdwpDebugServer: handling req: ThreadReference(11).Name(1)
10:06:29.778 INFO: JdwpDebugServer: handling req: ThreadReference(11).Name(1)
10:06:29.823 INFO: JdwpDebugServer: handling req: ThreadReference(11).FramesCount(7)
10:06:29.823 INFO: JdwpDebugServer: handling req: Method(6).VariableTableWithGenerics(5)
10:06:29.832 INFO: JdwpDebugServer: handling req: ReferenceType(2).SourceFile(7)
10:06:29.846 INFO: JdwpDebugServer: handling req: ThreadReference(11).Name(1)
10:06:29.850 INFO: JdwpDebugServer: handling req: ThreadReference(11).FramesCount(7)
10:06:29.852 INFO: JdwpDebugServer: handling req: ReferenceType(2).FieldsWithGeneric(14)
10:06:29.852 INFO: JdwpDebugServer: handling req: ReferenceType(2).Interfaces(10)
10:06:29.852 INFO: JdwpDebugServer: handling req: ClassType(3).Superclass(1)
10:06:29.852 INFO: JdwpDebugServer: handling req: ReferenceType(2).FieldsWithGeneric(14)
10:06:29.853 INFO: JdwpDebugServer: handling req: ReferenceType(2).Interfaces(10)
10:06:29.853 INFO: JdwpDebugServer: handling req: ReferenceType(2).FieldsWithGeneric(14)
10:06:29.854 INFO: JdwpDebugServer: handling req: ReferenceType(2).Interfaces(10)
10:06:29.854 INFO: JdwpDebugServer: handling req: ReferenceType(2).FieldsWithGeneric(14)
10:06:29.855 INFO: JdwpDebugServer: handling req: StackFrame(16).ThisObject(3)
10:06:29.855 INFO: JdwpDebugServer: handling req: ReferenceType(2).Interfaces(10)
10:06:29.855 INFO: JdwpDebugServer: handling req: ObjectReference(9).ReferenceType(1)
10:06:29.855 INFO: JdwpDebugServer: handling req: ReferenceType(2).FieldsWithGeneric(14)
10:06:29.856 INFO: JdwpDebugServer: handling req: Method(6).LineTable(1)
10:06:29.856 INFO: JdwpDebugServer: handling req: ReferenceType(2).Interfaces(10)
10:06:29.856 INFO: JdwpDebugServer: handling req: ClassType(3).Superclass(1)
10:06:29.856 INFO: JdwpDebugServer: handling req: StackFrame(16).ThisObject(3)
10:06:29.857 INFO: JdwpDebugServer: handling req: StackFrame(16).GetValues(1)
10:06:29.857 INFO: JdwpDebugServer: handling req: ObjectReference(9).ReferenceType(1)
10:06:29.860 INFO: JdwpDebugServer: handling req: StackFrame(16).GetValues(1)
10:06:29.861 INFO: JdwpDebugServer: handling req: ReferenceType(2).Modifiers(3)
10:06:29.861 INFO: JdwpDebugServer: handling req: StackFrame(16).GetValues(1)
10:06:29.861 INFO: JdwpDebugServer: handling req: ClassType(3).Superclass(1)
10:06:29.861 INFO: JdwpDebugServer: handling req: StackFrame(16).GetValues(1)
10:06:29.862 INFO: JdwpDebugServer: handling req: ObjectReference(9).ReferenceType(1)
10:06:29.862 INFO: JdwpDebugServer: handling req: StackFrame(16).GetValues(1)
10:06:29.862 INFO: JdwpDebugServer: handling req: ReferenceType(2).FieldsWithGeneric(14)
10:06:29.862 INFO: JdwpDebugServer: handling req: StackFrame(16).GetValues(1)
10:06:29.862 INFO: JdwpDebugServer: handling req: StackFrame(16).GetValues(1)
10:06:29.862 INFO: JdwpDebugServer: handling req: StackFrame(16).GetValues(1)
10:06:29.863 INFO: JdwpDebugServer: handling req: StackFrame(16).GetValues(1)
10:06:29.864 INFO: JdwpDebugServer: handling req: ReferenceType(2).Interfaces(10)
10:06:29.864 INFO: JdwpDebugServer: handling req: ClassType(3).Superclass(1)
10:06:29.864 INFO: JdwpDebugServer: handling req: ReferenceType(2).FieldsWithGeneric(14)
10:06:29.865 INFO: JdwpDebugServer: handling req: ReferenceType(2).Interfaces(10)
10:06:29.865 INFO: JdwpDebugServer: handling req: ReferenceType(2).FieldsWithGeneric(14)
10:06:29.865 INFO: JdwpDebugServer: handling req: ReferenceType(2).Interfaces(10)
10:06:29.865 INFO: JdwpDebugServer: handling req: ReferenceType(2).FieldsWithGeneric(14)
10:06:29.865 INFO: JdwpDebugServer: handling req: ReferenceType(2).Interfaces(10)
10:06:29.865 INFO: JdwpDebugServer: handling req: ClassType(3).Superclass(1)
10:06:29.877 INFO: JdwpDebugServer: handling req: StackFrame(16).GetValues(1)
10:06:29.878 INFO: JdwpDebugServer: handling req: StackFrame(16).GetValues(1)
10:06:29.879 INFO: JdwpDebugServer: handling req: StackFrame(16).ThisObject(3)
10:06:29.879 INFO: JdwpDebugServer: handling req: ObjectReference(9).ReferenceType(1)
10:06:29.879 INFO: JdwpDebugServer: handling req: StackFrame(16).GetValues(1)
10:06:29.879 INFO: JdwpDebugServer: handling req: StackFrame(16).GetValues(1)
10:06:29.879 INFO: JdwpDebugServer: handling req: StackFrame(16).GetValues(1)
10:06:29.880 INFO: JdwpDebugServer: handling req: StackFrame(16).GetValues(1)
10:06:29.882 INFO: JdwpDebugServer: handling req: StackFrame(16).GetValues(1)
10:06:29.883 INFO: JdwpDebugServer: handling req: StackFrame(16).GetValues(1)
10:06:29.883 INFO: JdwpDebugServer: handling req: StackFrame(16).GetValues(1)
10:06:29.883 INFO: JdwpDebugServer: handling req: StackFrame(16).ThisObject(3)
10:06:29.884 INFO: JdwpDebugServer: handling req: ObjectReference(9).ReferenceType(1)
10:06:29.884 INFO: JdwpDebugServer: handling req: StackFrame(16).GetValues(1)
10:06:29.884 INFO: JdwpDebugServer: handling req: StackFrame(16).GetValues(1)
10:06:29.884 INFO: JdwpDebugServer: handling req: StackFrame(16).GetValues(1)
10:06:29.885 INFO: JdwpDebugServer: handling req: StackFrame(16).GetValues(1)
10:06:29.885 INFO: JdwpDebugServer: handling req: StackFrame(16).GetValues(1)
10:06:29.885 INFO: JdwpDebugServer: handling req: StackFrame(16).GetValues(1)
10:06:29.885 INFO: JdwpDebugServer: handling req: StackFrame(16).GetValues(1)
10:06:29.886 INFO: JdwpDebugServer: handling req: StackFrame(16).ThisObject(3)
10:06:29.886 INFO: JdwpDebugServer: handling req: ObjectReference(9).ReferenceType(1)
10:06:29.886 INFO: JdwpDebugServer: handling req: StackFrame(16).GetValues(1)
10:06:29.886 INFO: JdwpDebugServer: handling req: StackFrame(16).GetValues(1)
10:06:29.886 INFO: JdwpDebugServer: handling req: ClassType(3).Superclass(1)
10:06:29.887 INFO: JdwpDebugServer: handling req: StackFrame(16).GetValues(1)
10:06:29.887 INFO: JdwpDebugServer: handling req: StackFrame(16).GetValues(1)
10:06:29.887 INFO: JdwpDebugServer: handling req: StackFrame(16).GetValues(1)
10:06:29.887 INFO: JdwpDebugServer: handling req: StackFrame(16).GetValues(1)
10:06:29.888 INFO: JdwpDebugServer: handling req: StackFrame(16).GetValues(1)
10:06:29.888 INFO: JdwpDebugServer: handling req: StackFrame(16).ThisObject(3)
10:06:29.888 INFO: JdwpDebugServer: handling req: ObjectReference(9).ReferenceType(1)
10:06:32.786 INFO: JdwpDebugServer: handling req: EventRequest(15).Set(1)
10:06:32.789 INFO: JdwpEventCenterDelegate: jdwpSetEventRequest: JdwpEventRequest{requestId=126, eventKind=SINGLE_STEP, suspendPolicy=EVENT_THREAD, predicates=[step{threadId=33, size=1, depth=0} , count=1]}
10:06:32.826 INFO: JdwpDebugServer: handling req: ThreadReference(11).Resume(3)
10:06:32.827 INFO: JdwpEventCenterDelegate: THREAD_RESUMED: thread (33, main, main)
10:06:32.829 INFO: JdwpDebugServer: handling req: ReferenceType(2).MethodsWithGeneric(15)
10:06:32.829 INFO: JdwpDebugServer: handling req: ThreadReference(11).FramesCount(7)
10:06:32.829 INFO: JdwpDebugServer: handling req: EventRequest(15).Clear(2)
10:06:32.829 INFO: JdwpDebugServer: handling req: ThreadReference(11).Frames(6)
10:06:32.830 INFO: JdwpDebugServer: handling req: ThreadReference(11).FramesCount(7)
10:06:32.834 INFO: JdwpDebugServer: handling req: ThreadReference(11).FramesCount(7)
10:06:32.856 INFO: JdwpDebugServer: handling req: StackFrame(16).ThisObject(3)
10:06:32.856 INFO: JdwpDebugServer: handling req: ThreadReference(11).Name(1)
10:06:32.856 INFO: JdwpDebugServer: handling req: StackFrame(16).ThisObject(3)
10:06:32.857 INFO: JdwpDebugServer: handling req: ObjectReference(9).ReferenceType(1)
10:06:32.858 INFO: JdwpDebugServer: handling req: Method(6).LineTable(1)
10:06:32.858 INFO: JdwpDebugServer: handling req: ThreadReference(11).Name(1)
10:06:32.905 INFO: JdwpDebugServer: handling req: Method(6).VariableTableWithGenerics(5)
10:06:32.907 INFO: JdwpDebugServer: handling req: ThreadReference(11).Name(1)
10:06:32.913 INFO: JdwpDebugServer: handling req: ThreadReference(11).FramesCount(7)
10:06:32.914 INFO: JdwpDebugServer: handling req: ReferenceType(2).FieldsWithGeneric(14)
10:06:32.914 INFO: JdwpDebugServer: handling req: ReferenceType(2).Modifiers(3)
10:06:32.914 INFO: JdwpDebugServer: handling req: ClassType(3).Superclass(1)
10:06:32.914 INFO: JdwpDebugServer: handling req: ReferenceType(2).Interfaces(10)
10:06:32.915 INFO: JdwpDebugServer: handling req: ClassType(3).Superclass(1)
10:06:32.915 INFO: JdwpDebugServer: handling req: ReferenceType(2).FieldsWithGeneric(14)
10:06:32.915 INFO: JdwpDebugServer: handling req: ReferenceType(2).Interfaces(10)
10:06:32.915 INFO: JdwpDebugServer: handling req: ReferenceType(2).Interfaces(10)
10:06:32.915 INFO: JdwpDebugServer: handling req: StringReference(10).Value(1)
10:06:32.916 INFO: JdwpDebugServer: handling req: StackFrame(16).GetValues(1)
10:06:32.916 INFO: JdwpDebugServer: handling req: StackFrame(16).GetValues(1)
10:06:32.917 INFO: JdwpDebugServer: handling req: StackFrame(16).GetValues(1)
10:06:32.917 INFO: JdwpDebugServer: handling req: ArrayReference(13).Length(1)
10:06:32.917 INFO: JdwpDebugServer: handling req: StackFrame(16).GetValues(1)
10:06:32.918 INFO: JdwpDebugServer: handling req: StackFrame(16).GetValues(1)
10:06:32.918 INFO: JdwpDebugServer: handling req: StackFrame(16).GetValues(1)
10:06:32.919 INFO: JdwpDebugServer: handling req: StackFrame(16).GetValues(1)
10:06:32.919 INFO: JdwpDebugServer: handling req: StackFrame(16).GetValues(1)
10:06:32.920 INFO: JdwpDebugServer: handling req: StackFrame(16).GetValues(1)
10:06:32.920 INFO: JdwpDebugServer: handling req: StackFrame(16).GetValues(1)
10:06:32.922 INFO: JdwpDebugServer: handling req: StackFrame(16).GetValues(1)
10:06:32.923 INFO: JdwpDebugServer: handling req: StackFrame(16).GetValues(1)
10:06:32.923 INFO: JdwpDebugServer: handling req: StackFrame(16).GetValues(1)
10:06:32.923 INFO: JdwpDebugServer: handling req: StackFrame(16).GetValues(1)
10:06:32.924 INFO: JdwpDebugServer: handling req: StackFrame(16).GetValues(1)
10:06:32.924 INFO: JdwpDebugServer: handling req: StackFrame(16).GetValues(1)
10:06:32.925 INFO: JdwpDebugServer: handling req: StackFrame(16).GetValues(1)
10:06:32.925 INFO: JdwpDebugServer: handling req: StackFrame(16).GetValues(1)
10:06:32.926 INFO: JdwpDebugServer: handling req: StackFrame(16).GetValues(1)
10:06:32.926 INFO: JdwpDebugServer: handling req: ObjectReference(9).ReferenceType(1)
10:06:32.926 INFO: JdwpDebugServer: handling req: StackFrame(16).GetValues(1)
10:06:32.927 INFO: JdwpDebugServer: handling req: StackFrame(16).GetValues(1)
10:06:32.927 INFO: JdwpDebugServer: handling req: StackFrame(16).GetValues(1)
10:06:32.927 INFO: JdwpDebugServer: handling req: ReferenceType(2).Signature(1)
10:06:32.928 INFO: JdwpDebugServer: handling req: ReferenceType(2).ClassLoader(2)
10:06:32.929 INFO: JdwpDebugServer: handling req: StackFrame(16).GetValues(1)
10:06:32.929 INFO: JdwpDebugServer: handling req: StackFrame(16).GetValues(1)
10:06:32.930 INFO: JdwpDebugServer: handling req: ObjectReference(9).ReferenceType(1)
10:06:32.930 INFO: JdwpDebugServer: handling req: StackFrame(16).ThisObject(3)
10:06:32.930 INFO: JdwpDebugServer: handling req: ObjectReference(9).ReferenceType(1)
10:06:32.930 INFO: JdwpDebugServer: handling req: StackFrame(16).ThisObject(3)
10:06:32.931 INFO: JdwpDebugServer: handling req: ObjectReference(9).ReferenceType(1)
10:06:32.931 INFO: JdwpDebugServer: handling req: StackFrame(16).ThisObject(3)
10:06:32.931 INFO: JdwpDebugServer: handling req: ObjectReference(9).ReferenceType(1)
10:06:32.932 INFO: JdwpDebugServer: handling req: StackFrame(16).ThisObject(3)
10:06:32.932 INFO: JdwpDebugServer: handling req: ObjectReference(9).ReferenceType(1)
10:06:32.932 INFO: JdwpDebugServer: handling req: StackFrame(16).ThisObject(3)
10:06:32.933 INFO: JdwpDebugServer: handling req: ObjectReference(9).ReferenceType(1)
10:06:32.934 INFO: JdwpDebugServer: handling req: ReferenceType(2).SourceFile(7)
10:06:32.934 INFO: JdwpDebugServer: handling req: StackFrame(16).ThisObject(3)
10:06:32.934 INFO: JdwpDebugServer: handling req: ObjectReference(9).ReferenceType(1)
10:06:42.542 INFO: JdwpDebugServer: handling req: EventRequest(15).Set(1)
10:06:42.548 INFO: JdwpEventCenterDelegate: jdwpSetEventRequest: JdwpEventRequest{requestId=127, eventKind=SINGLE_STEP, suspendPolicy=EVENT_THREAD, predicates=[step{threadId=33, size=1, depth=2} , count=1]}
10:06:42.555 INFO: JdwpDebugServer: handling req: ThreadReference(11).Resume(3)
10:06:42.571 INFO: JdwpEventCenterDelegate: THREAD_RESUMED: thread (33, main, main)
10:06:42.605 INFO: JdwpEventCenterDelegate: THREAD_RESUMED: thread (33, main, main)
10:06:42.636 SEVERE: Debugger: Thread HooksChannel socket thread crashed
org.robovm.debugger.DebuggerException: java.nio.BufferUnderflowException
	at org.robovm.debugger.hooks.HooksChannel.doSocketWork(HooksChannel.java:149)
	at java.base/java.lang.Thread.run(Thread.java:833)
	at org.robovm.debugger.utils.DebuggerThread.run(DebuggerThread.java:42)
Caused by: java.nio.BufferUnderflowException
	at org.robovm.debugger.utils.bytebuffer.DataBufferWriter.writeFromStream(DataBufferWriter.java:91)
	at org.robovm.debugger.hooks.HooksChannel.doSocketWork(HooksChannel.java:116)
	... 2 more
10:06:43.107 INFO: JdwpDebugServer: handling req: ThreadReference(11).Name(1)
