10:01:57.768 INFO: JdwpEventCenterDelegate: THREAD_STARTED: thread (33, main, main)
10:01:57.776 INFO: JdwpEventCenterDelegate: THREAD_STARTED: thread (48, ReferenceQueueDaemon, main)
10:01:57.782 INFO: JdwpEventCenterDelegate: THREAD_STARTED: thread (63, FinalizerDaemon, main)
10:01:57.790 INFO: JdwpEventCenterDelegate: THREAD_STARTED: thread (78, FinalizerWatchdogDaemon, main)
10:02:02.091 INFO: JdwpDebugServer: handling req: VirtualMachine(1).IDSizes(7)
10:02:02.092 INFO: JdwpDebugServer: handling req: EventRequest(15).Set(1)
10:02:02.093 INFO: JdwpEventCenterDelegate: jdwpSetEventRequest: JdwpEventRequest{requestId=100, eventKind=CLASS_UNLOAD, suspendPolicy=NONE, predicates=[]}
10:02:02.093 INFO: JdwpDebugServer: handling req: EventRequest(15).Set(1)
10:02:02.093 INFO: JdwpEventCenterDelegate: jdwpSetEventRequest: JdwpEventRequest{requestId=101, eventKind=THREAD_START, suspendPolicy=NONE, predicates=[]}
10:02:02.095 INFO: JdwpDebugServer: handling req: VirtualMachine(1).ClassesBySignature(2)
10:02:02.100 INFO: JdwpDebugServer: handling req: VirtualMachine(1).Version(1)
10:02:02.103 INFO: JdwpDebugServer: handling req: ReferenceType(2).MethodsWithGeneric(15)
10:02:02.104 INFO: JdwpDebugServer: handling req: Method(6).LineTable(1)
10:02:02.105 INFO: JdwpDebugServer: handling req: EventRequest(15).Set(1)
10:02:02.105 INFO: JdwpEventCenterDelegate: jdwpSetEventRequest: JdwpEventRequest{requestId=102, eventKind=BREAKPOINT, suspendPolicy=NONE, predicates=[Location{classId=845, methodId=257, index=928} ]}
10:02:02.107 INFO: JdwpDebugServer: handling req: EventRequest(15).Set(1)
10:02:02.107 INFO: JdwpEventCenterDelegate: jdwpSetEventRequest: JdwpEventRequest{requestId=103, eventKind=THREAD_DEATH, suspendPolicy=NONE, predicates=[]}
10:02:02.108 INFO: JdwpDebugServer: handling req: VirtualMachine(1).AllThreads(4)
10:02:02.123 INFO: JdwpDebugServer: handling req: ThreadReference(11).ThreadGroup(5)
10:02:02.124 INFO: JdwpDebugServer: handling req: ThreadGroup(12).Name(1)
10:02:02.125 INFO: JdwpDebugServer: handling req: ThreadGroup(12).Parent(2)
10:02:02.125 INFO: JdwpDebugServer: handling req: ObjectReference(9).ReferenceType(1)
10:02:02.126 INFO: JdwpDebugServer: handling req: ReferenceType(2).FieldsWithGeneric(14)
10:02:02.128 INFO: JdwpDebugServer: handling req: ReferenceType(2).Interfaces(10)
10:02:02.128 INFO: JdwpDebugServer: handling req: ReferenceType(2).FieldsWithGeneric(14)
10:02:02.129 INFO: JdwpDebugServer: handling req: ReferenceType(2).Interfaces(10)
10:02:02.129 INFO: JdwpDebugServer: handling req: ClassType(3).Superclass(1)
10:02:02.129 INFO: JdwpDebugServer: handling req: ReferenceType(2).FieldsWithGeneric(14)
10:02:02.132 INFO: JdwpDebugServer: handling req: ReferenceType(2).Interfaces(10)
10:02:02.133 INFO: JdwpDebugServer: handling req: ClassType(3).Superclass(1)
10:02:02.133 INFO: JdwpDebugServer: handling req: ObjectReference(9).GetValues(2)
10:02:02.136 INFO: JdwpDebugServer: handling req: ThreadReference(11).Status(4)
10:02:02.137 INFO: JdwpDebugServer: handling req: ThreadReference(11).Status(4)
10:02:02.138 INFO: JdwpDebugServer: handling req: ThreadReference(11).ThreadGroup(5)
10:02:02.138 INFO: JdwpDebugServer: handling req: ObjectReference(9).ReferenceType(1)
10:02:02.138 INFO: JdwpDebugServer: handling req: ObjectReference(9).GetValues(2)
10:02:02.142 INFO: JdwpDebugServer: handling req: ThreadReference(11).Status(4)
10:02:02.142 INFO: JdwpDebugServer: handling req: ThreadReference(11).Status(4)
10:02:02.142 INFO: JdwpDebugServer: handling req: ThreadReference(11).ThreadGroup(5)
10:02:02.142 INFO: JdwpDebugServer: handling req: ObjectReference(9).ReferenceType(1)
10:02:02.143 INFO: JdwpDebugServer: handling req: ObjectReference(9).GetValues(2)
10:02:02.144 INFO: JdwpDebugServer: handling req: ThreadReference(11).Status(4)
10:02:02.144 INFO: JdwpDebugServer: handling req: ThreadReference(11).Status(4)
10:02:02.144 INFO: JdwpDebugServer: handling req: ThreadReference(11).ThreadGroup(5)
10:02:02.144 INFO: JdwpDebugServer: handling req: ObjectReference(9).ReferenceType(1)
10:02:02.145 INFO: JdwpDebugServer: handling req: ObjectReference(9).GetValues(2)
10:02:02.147 INFO: JdwpDebugServer: handling req: ThreadReference(11).Status(4)
10:02:02.147 INFO: JdwpDebugServer: handling req: ThreadReference(11).Status(4)
10:02:02.148 INFO: JdwpDebugServer: handling req: EventRequest(15).Set(1)
10:02:02.149 INFO: JdwpEventCenterDelegate: jdwpSetEventRequest: JdwpEventRequest{requestId=104, eventKind=CLASS_PREPARE, suspendPolicy=EVENT_THREAD, predicates=[className=com.abdalla.bushnaq.pluvia.engine.AudioManager]}
10:02:02.154 INFO: JdwpDebugServer: handling req: EventRequest(15).Set(1)
10:02:02.154 INFO: JdwpEventCenterDelegate: jdwpSetEventRequest: JdwpEventRequest{requestId=105, eventKind=CLASS_PREPARE, suspendPolicy=EVENT_THREAD, predicates=[className=com.abdalla.bushnaq.pluvia.engine.AudioManager$*]}
10:02:02.158 INFO: JdwpDebugServer: handling req: VirtualMachine(1).ClassesBySignature(2)
10:02:02.158 INFO: JdwpDebugServer: handling req: ReferenceType(2).MethodsWithGeneric(15)
10:02:02.159 INFO: JdwpDebugServer: handling req: Method(6).LineTable(1)
10:02:02.160 INFO: JdwpDebugServer: handling req: Method(6).LineTable(1)
10:02:02.160 INFO: JdwpDebugServer: handling req: Method(6).LineTable(1)
10:02:02.160 INFO: JdwpDebugServer: handling req: Method(6).LineTable(1)
10:02:02.160 INFO: JdwpDebugServer: handling req: VirtualMachine(1).ClassesBySignature(2)
10:02:02.161 INFO: JdwpDebugServer: handling req: VirtualMachine(1).AllClassesWithGeneric(20)
10:02:02.177 INFO: JdwpDebugServer: handling req: VirtualMachine(1).capabilitiesNew(17)
10:02:02.179 INFO: JdwpDebugServer: handling req: EventRequest(15).Set(1)
10:02:02.180 INFO: JdwpEventCenterDelegate: jdwpSetEventRequest: JdwpEventRequest{requestId=106, eventKind=CLASS_PREPARE, suspendPolicy=EVENT_THREAD, predicates=[className=java.lang.Error]}
10:02:02.183 INFO: JdwpDebugServer: handling req: EventRequest(15).Set(1)
10:02:02.183 INFO: JdwpEventCenterDelegate: jdwpSetEventRequest: JdwpEventRequest{requestId=107, eventKind=CLASS_PREPARE, suspendPolicy=EVENT_THREAD, predicates=[className=java.lang.Error$*]}
10:02:02.185 INFO: JdwpDebugServer: handling req: VirtualMachine(1).ClassesBySignature(2)
10:02:02.186 INFO: JdwpDebugServer: handling req: EventRequest(15).Set(1)
10:02:02.186 INFO: JdwpEventCenterDelegate: jdwpSetEventRequest: JdwpEventRequest{requestId=108, eventKind=EXCEPTION, suspendPolicy=EVENT_THREAD, predicates=[exceptionType=3425(caught=true, uncaught=true)]}
10:02:02.190 INFO: JdwpDebugServer: handling req: EventRequest(15).Set(1)
10:02:02.190 INFO: JdwpEventCenterDelegate: jdwpSetEventRequest: JdwpEventRequest{requestId=109, eventKind=CLASS_PREPARE, suspendPolicy=EVENT_THREAD, predicates=[className=java.lang.Throwable]}
10:02:02.192 INFO: JdwpDebugServer: handling req: EventRequest(15).Set(1)
10:02:02.192 INFO: JdwpEventCenterDelegate: jdwpSetEventRequest: JdwpEventRequest{requestId=110, eventKind=CLASS_PREPARE, suspendPolicy=EVENT_THREAD, predicates=[className=java.lang.Throwable$*]}
10:02:02.193 INFO: JdwpDebugServer: handling req: VirtualMachine(1).ClassesBySignature(2)
10:02:02.194 INFO: JdwpDebugServer: handling req: EventRequest(15).Set(1)
10:02:02.194 INFO: JdwpEventCenterDelegate: jdwpSetEventRequest: JdwpEventRequest{requestId=111, eventKind=EXCEPTION, suspendPolicy=EVENT_THREAD, predicates=[exceptionType=7695(caught=false, uncaught=true)]}
10:02:02.197 INFO: JdwpDebugServer: handling req: ThreadReference(11).SuspendCount(12)
10:02:02.197 INFO: JdwpDebugServer: handling req: ThreadReference(11).SuspendCount(12)
10:02:02.197 INFO: JdwpDebugServer: handling req: ThreadReference(11).SuspendCount(12)
10:02:02.198 INFO: JdwpDebugServer: handling req: ThreadReference(11).SuspendCount(12)
10:02:02.198 INFO: JdwpDebugServer: handling req: VirtualMachine(1).AllThreads(4)
10:02:02.199 INFO: JdwpDebugServer: handling req: VirtualMachine(1).Resume(9)
10:02:02.265 INFO: JdwpEventCenterDelegate: THREAD_RESUMED: thread (33, main, main)
10:02:02.277 INFO: JdwpEventCenterDelegate: THREAD_RESUMED: thread (33, main, main)
10:02:02.285 INFO: JdwpEventCenterDelegate: THREAD_RESUMED: thread (33, main, main)
10:02:02.287 INFO: JdwpEventCenterDelegate: THREAD_RESUMED: thread (33, main, main)
10:02:02.288 INFO: JdwpEventCenterDelegate: THREAD_RESUMED: thread (33, main, main)
10:02:02.290 INFO: JdwpEventCenterDelegate: THREAD_RESUMED: thread (33, main, main)
10:02:02.294 INFO: JdwpEventCenterDelegate: THREAD_RESUMED: thread (33, main, main)
10:02:02.296 INFO: JdwpEventCenterDelegate: THREAD_RESUMED: thread (33, main, main)
10:02:02.297 INFO: JdwpEventCenterDelegate: THREAD_RESUMED: thread (33, main, main)
10:02:02.300 INFO: JdwpEventCenterDelegate: THREAD_RESUMED: thread (33, main, main)
10:02:02.301 INFO: JdwpEventCenterDelegate: THREAD_RESUMED: thread (33, main, main)
10:02:02.302 INFO: JdwpEventCenterDelegate: THREAD_RESUMED: thread (33, main, main)
10:02:02.304 INFO: JdwpEventCenterDelegate: THREAD_RESUMED: thread (33, main, main)
10:02:02.305 INFO: JdwpEventCenterDelegate: THREAD_RESUMED: thread (33, main, main)
10:02:02.309 INFO: JdwpEventCenterDelegate: THREAD_RESUMED: thread (33, main, main)
10:02:02.310 INFO: JdwpEventCenterDelegate: THREAD_RESUMED: thread (33, main, main)
10:02:02.311 INFO: JdwpEventCenterDelegate: THREAD_RESUMED: thread (33, main, main)
10:02:02.312 INFO: JdwpEventCenterDelegate: THREAD_RESUMED: thread (33, main, main)
10:02:02.318 INFO: JdwpEventCenterDelegate: THREAD_RESUMED: thread (33, main, main)
10:02:02.322 INFO: JdwpEventCenterDelegate: THREAD_RESUMED: thread (33, main, main)
10:02:02.325 INFO: JdwpEventCenterDelegate: THREAD_RESUMED: thread (33, main, main)
10:02:02.326 INFO: JdwpEventCenterDelegate: THREAD_RESUMED: thread (33, main, main)
10:02:02.327 INFO: JdwpEventCenterDelegate: THREAD_RESUMED: thread (33, main, main)
10:02:02.328 INFO: JdwpEventCenterDelegate: THREAD_RESUMED: thread (33, main, main)
10:02:02.330 INFO: JdwpEventCenterDelegate: THREAD_RESUMED: thread (33, main, main)
10:02:02.387 INFO: JdwpEventCenterDelegate: THREAD_RESUMED: thread (33, main, main)
10:02:02.388 INFO: JdwpEventCenterDelegate: THREAD_RESUMED: thread (33, main, main)
10:02:02.389 INFO: JdwpEventCenterDelegate: THREAD_RESUMED: thread (33, main, main)
10:02:02.390 INFO: JdwpEventCenterDelegate: THREAD_RESUMED: thread (33, main, main)
10:02:02.392 INFO: JdwpEventCenterDelegate: THREAD_RESUMED: thread (33, main, main)
10:02:02.393 INFO: JdwpEventCenterDelegate: THREAD_RESUMED: thread (33, main, main)
10:02:02.394 INFO: JdwpEventCenterDelegate: THREAD_RESUMED: thread (33, main, main)
10:02:02.401 INFO: JdwpEventCenterDelegate: THREAD_RESUMED: thread (33, main, main)
10:02:02.402 INFO: JdwpEventCenterDelegate: THREAD_RESUMED: thread (33, main, main)
10:02:02.403 INFO: JdwpEventCenterDelegate: THREAD_RESUMED: thread (33, main, main)
10:02:02.404 INFO: JdwpEventCenterDelegate: THREAD_RESUMED: thread (33, main, main)
10:02:02.405 INFO: JdwpEventCenterDelegate: THREAD_RESUMED: thread (33, main, main)
10:02:02.406 INFO: JdwpEventCenterDelegate: THREAD_RESUMED: thread (33, main, main)
10:02:02.407 INFO: JdwpEventCenterDelegate: THREAD_RESUMED: thread (33, main, main)
10:02:02.445 INFO: JdwpEventCenterDelegate: THREAD_RESUMED: thread (33, main, main)
10:02:02.448 INFO: JdwpEventCenterDelegate: THREAD_RESUMED: thread (33, main, main)
10:02:02.450 INFO: JdwpEventCenterDelegate: THREAD_RESUMED: thread (33, main, main)
10:02:02.451 INFO: JdwpEventCenterDelegate: THREAD_RESUMED: thread (33, main, main)
10:02:02.452 INFO: JdwpEventCenterDelegate: THREAD_RESUMED: thread (33, main, main)
10:02:02.454 INFO: JdwpEventCenterDelegate: THREAD_RESUMED: thread (33, main, main)
10:02:02.455 INFO: JdwpEventCenterDelegate: THREAD_RESUMED: thread (33, main, main)
10:02:02.469 INFO: JdwpEventCenterDelegate: THREAD_RESUMED: thread (33, main, main)
10:02:02.470 INFO: JdwpEventCenterDelegate: THREAD_RESUMED: thread (33, main, main)
10:02:02.471 INFO: JdwpEventCenterDelegate: THREAD_RESUMED: thread (33, main, main)
10:02:02.473 INFO: JdwpEventCenterDelegate: THREAD_RESUMED: thread (33, main, main)
10:02:02.474 INFO: JdwpEventCenterDelegate: THREAD_RESUMED: thread (33, main, main)
10:02:02.475 INFO: JdwpEventCenterDelegate: THREAD_RESUMED: thread (33, main, main)
10:02:02.476 INFO: JdwpEventCenterDelegate: THREAD_RESUMED: thread (33, main, main)
10:02:02.500 INFO: JdwpEventCenterDelegate: THREAD_RESUMED: thread (33, main, main)
10:02:02.502 INFO: JdwpEventCenterDelegate: THREAD_RESUMED: thread (33, main, main)
10:02:02.504 INFO: JdwpEventCenterDelegate: THREAD_RESUMED: thread (33, main, main)
10:02:02.505 INFO: JdwpEventCenterDelegate: THREAD_RESUMED: thread (33, main, main)
10:02:02.506 INFO: JdwpEventCenterDelegate: THREAD_RESUMED: thread (33, main, main)
10:02:02.507 INFO: JdwpEventCenterDelegate: THREAD_RESUMED: thread (33, main, main)
10:02:02.508 INFO: JdwpEventCenterDelegate: THREAD_RESUMED: thread (33, main, main)
10:02:02.518 INFO: JdwpEventCenterDelegate: THREAD_RESUMED: thread (33, main, main)
10:02:02.520 INFO: JdwpEventCenterDelegate: THREAD_RESUMED: thread (33, main, main)
10:02:02.521 INFO: JdwpEventCenterDelegate: THREAD_RESUMED: thread (33, main, main)
10:02:02.523 INFO: JdwpEventCenterDelegate: THREAD_RESUMED: thread (33, main, main)
10:02:02.524 INFO: JdwpEventCenterDelegate: THREAD_RESUMED: thread (33, main, main)
10:02:02.525 INFO: JdwpEventCenterDelegate: THREAD_RESUMED: thread (33, main, main)
10:02:02.527 INFO: JdwpEventCenterDelegate: THREAD_RESUMED: thread (33, main, main)
10:02:02.528 INFO: JdwpEventCenterDelegate: THREAD_RESUMED: thread (33, main, main)
10:02:02.529 INFO: JdwpEventCenterDelegate: THREAD_RESUMED: thread (33, main, main)
10:02:02.534 INFO: JdwpEventCenterDelegate: THREAD_RESUMED: thread (33, main, main)
10:02:02.535 INFO: JdwpEventCenterDelegate: THREAD_RESUMED: thread (33, main, main)
10:02:02.537 INFO: JdwpEventCenterDelegate: THREAD_RESUMED: thread (33, main, main)
10:02:02.538 INFO: JdwpEventCenterDelegate: THREAD_RESUMED: thread (33, main, main)
10:02:02.539 INFO: JdwpEventCenterDelegate: THREAD_RESUMED: thread (33, main, main)
10:02:02.540 INFO: JdwpEventCenterDelegate: THREAD_RESUMED: thread (33, main, main)
10:02:02.541 INFO: JdwpEventCenterDelegate: THREAD_RESUMED: thread (33, main, main)
10:02:02.542 INFO: JdwpEventCenterDelegate: THREAD_RESUMED: thread (33, main, main)
10:02:02.543 INFO: JdwpEventCenterDelegate: THREAD_RESUMED: thread (33, main, main)
10:02:02.547 INFO: JdwpEventCenterDelegate: THREAD_RESUMED: thread (33, main, main)
10:02:02.753 INFO: JdwpEventCenterDelegate: THREAD_RESUMED: thread (33, main, main)
10:02:02.754 INFO: JdwpEventCenterDelegate: THREAD_RESUMED: thread (33, main, main)
10:02:02.770 INFO: JdwpEventCenterDelegate: THREAD_RESUMED: thread (33, main, main)
10:02:02.771 INFO: JdwpEventCenterDelegate: THREAD_RESUMED: thread (33, main, main)
10:02:02.773 INFO: JdwpEventCenterDelegate: THREAD_RESUMED: thread (33, main, main)
10:02:02.774 INFO: JdwpEventCenterDelegate: THREAD_RESUMED: thread (33, main, main)
10:02:02.796 INFO: JdwpEventCenterDelegate: THREAD_RESUMED: thread (33, main, main)
10:02:02.801 SEVERE: Debugger: Thread HooksChannel socket thread crashed
org.robovm.debugger.DebuggerException: java.io.IOException: org.robovm.libimobiledevice.LibIMobileDeviceException: IDEVICE_E_UNKNOWN_ERROR
	at org.robovm.debugger.hooks.HooksChannel.doSocketWork(HooksChannel.java:149)
	at java.base/java.lang.Thread.run(Thread.java:833)
	at org.robovm.debugger.utils.DebuggerThread.run(DebuggerThread.java:42)
Caused by: java.io.IOException: org.robovm.libimobiledevice.LibIMobileDeviceException: IDEVICE_E_UNKNOWN_ERROR
	at org.robovm.libimobiledevice.IDeviceConnection$DeviceInputStream.read(IDeviceConnection.java:203)
	at org.robovm.debugger.utils.bytebuffer.DataBufferWriter.writeFromStream(DataBufferWriter.java:89)
	at org.robovm.debugger.hooks.HooksChannel.doSocketWork(HooksChannel.java:116)
	... 2 more
Caused by: org.robovm.libimobiledevice.LibIMobileDeviceException: IDEVICE_E_UNKNOWN_ERROR
	at org.robovm.libimobiledevice.IDevice.checkResult(IDevice.java:206)
	at org.robovm.libimobiledevice.IDeviceConnection.receive(IDeviceConnection.java:110)
	at org.robovm.libimobiledevice.IDeviceConnection.receive(IDeviceConnection.java:81)
	at org.robovm.libimobiledevice.IDeviceConnection$DeviceInputStream.read(IDeviceConnection.java:201)
	... 4 more
10:02:03.333 SEVERE: Debugger: Thread JDWP server socket thread crashed
org.robovm.debugger.DebuggerException: java.net.SocketException: Socket closed
	at org.robovm.debugger.jdwp.JdwpDebugServer.doSocketWork(JdwpDebugServer.java:215)
	at java.base/java.lang.Thread.run(Thread.java:833)
	at org.robovm.debugger.utils.DebuggerThread.run(DebuggerThread.java:42)
Caused by: java.net.SocketException: Socket closed
	at java.base/sun.nio.ch.NioSocketImpl.endRead(NioSocketImpl.java:248)
	at java.base/sun.nio.ch.NioSocketImpl.implRead(NioSocketImpl.java:327)
	at java.base/sun.nio.ch.NioSocketImpl.read(NioSocketImpl.java:350)
	at java.base/sun.nio.ch.NioSocketImpl$1.read(NioSocketImpl.java:803)
	at java.base/java.net.Socket$SocketInputStream.read(Socket.java:966)
	at org.robovm.debugger.utils.bytebuffer.DataBufferWriter.writeFromStream(DataBufferWriter.java:89)
	at org.robovm.debugger.jdwp.protocol.JdwpRequestHeader.readFromStream(JdwpRequestHeader.java:36)
	at org.robovm.debugger.jdwp.JdwpDebugServer.doSocketWork(JdwpDebugServer.java:185)
	... 2 more
