09:29:11.192 INFO: JdwpEventCenterDelegate: THREAD_STARTED: thread (33, main, main)
09:29:11.279 INFO: JdwpEventCenterDelegate: THREAD_STARTED: thread (48, ReferenceQueueDaemon, main)
09:29:11.279 INFO: JdwpEventCenterDelegate: THREAD_STARTED: thread (63, FinalizerDaemon, main)
09:29:11.280 INFO: JdwpEventCenterDelegate: THREAD_STARTED: thread (78, FinalizerWatchdogDaemon, main)
09:29:13.324 INFO: JdwpDebugServer: handling req: VirtualMachine(1).IDSizes(7)
09:29:13.325 INFO: JdwpDebugServer: handling req: EventRequest(15).Set(1)
09:29:13.326 INFO: JdwpEventCenterDelegate: jdwpSetEventRequest: JdwpEventRequest{requestId=100, eventKind=CLASS_UNLOAD, suspendPolicy=NONE, predicates=[]}
09:29:13.328 INFO: JdwpDebugServer: handling req: EventRequest(15).Set(1)
09:29:13.328 INFO: JdwpEventCenterDelegate: jdwpSetEventRequest: JdwpEventRequest{requestId=101, eventKind=THREAD_START, suspendPolicy=NONE, predicates=[]}
09:29:13.329 INFO: JdwpDebugServer: handling req: VirtualMachine(1).ClassesBySignature(2)
09:29:13.331 INFO: JdwpDebugServer: handling req: VirtualMachine(1).Version(1)
09:29:13.333 INFO: JdwpDebugServer: handling req: ReferenceType(2).MethodsWithGeneric(15)
09:29:13.334 INFO: JdwpDebugServer: handling req: Method(6).LineTable(1)
09:29:13.336 INFO: JdwpDebugServer: handling req: EventRequest(15).Set(1)
09:29:13.336 INFO: JdwpEventCenterDelegate: jdwpSetEventRequest: JdwpEventRequest{requestId=102, eventKind=BREAKPOINT, suspendPolicy=NONE, predicates=[Location{classId=845, methodId=257, index=928} ]}
09:29:13.338 INFO: JdwpDebugServer: handling req: EventRequest(15).Set(1)
09:29:13.338 INFO: JdwpEventCenterDelegate: jdwpSetEventRequest: JdwpEventRequest{requestId=103, eventKind=THREAD_DEATH, suspendPolicy=NONE, predicates=[]}
09:29:13.338 INFO: JdwpDebugServer: handling req: VirtualMachine(1).AllThreads(4)
09:29:13.339 INFO: JdwpDebugServer: handling req: ThreadReference(11).ThreadGroup(5)
09:29:13.339 INFO: JdwpDebugServer: handling req: ThreadGroup(12).Name(1)
09:29:13.340 INFO: JdwpDebugServer: handling req: ThreadGroup(12).Parent(2)
09:29:13.340 INFO: JdwpDebugServer: handling req: ObjectReference(9).ReferenceType(1)
09:29:13.341 INFO: JdwpDebugServer: handling req: ReferenceType(2).FieldsWithGeneric(14)
09:29:13.342 INFO: JdwpDebugServer: handling req: ReferenceType(2).Interfaces(10)
09:29:13.343 INFO: JdwpDebugServer: handling req: ReferenceType(2).FieldsWithGeneric(14)
09:29:13.344 INFO: JdwpDebugServer: handling req: ReferenceType(2).Interfaces(10)
09:29:13.344 INFO: JdwpDebugServer: handling req: ClassType(3).Superclass(1)
09:29:13.344 INFO: JdwpDebugServer: handling req: ReferenceType(2).FieldsWithGeneric(14)
09:29:13.344 INFO: JdwpDebugServer: handling req: ReferenceType(2).Interfaces(10)
09:29:13.345 INFO: JdwpDebugServer: handling req: ClassType(3).Superclass(1)
09:29:13.345 INFO: JdwpDebugServer: handling req: ObjectReference(9).GetValues(2)
09:29:13.347 INFO: JdwpDebugServer: handling req: ThreadReference(11).Status(4)
09:29:13.347 INFO: JdwpDebugServer: handling req: ThreadReference(11).Status(4)
09:29:13.348 INFO: JdwpDebugServer: handling req: ThreadReference(11).ThreadGroup(5)
09:29:13.348 INFO: JdwpDebugServer: handling req: ObjectReference(9).ReferenceType(1)
09:29:13.348 INFO: JdwpDebugServer: handling req: ObjectReference(9).GetValues(2)
09:29:13.349 INFO: JdwpDebugServer: handling req: ThreadReference(11).Status(4)
09:29:13.349 INFO: JdwpDebugServer: handling req: ThreadReference(11).Status(4)
09:29:13.349 INFO: JdwpDebugServer: handling req: ThreadReference(11).ThreadGroup(5)
09:29:13.350 INFO: JdwpDebugServer: handling req: ObjectReference(9).ReferenceType(1)
09:29:13.350 INFO: JdwpDebugServer: handling req: ObjectReference(9).GetValues(2)
09:29:13.350 INFO: JdwpDebugServer: handling req: ThreadReference(11).Status(4)
09:29:13.350 INFO: JdwpDebugServer: handling req: ThreadReference(11).Status(4)
09:29:13.350 INFO: JdwpDebugServer: handling req: ThreadReference(11).ThreadGroup(5)
09:29:13.351 INFO: JdwpDebugServer: handling req: ObjectReference(9).ReferenceType(1)
09:29:13.351 INFO: JdwpDebugServer: handling req: ObjectReference(9).GetValues(2)
09:29:13.351 INFO: JdwpDebugServer: handling req: ThreadReference(11).Status(4)
09:29:13.351 INFO: JdwpDebugServer: handling req: ThreadReference(11).Status(4)
09:29:13.355 INFO: JdwpDebugServer: handling req: EventRequest(15).Set(1)
09:29:13.355 INFO: JdwpEventCenterDelegate: jdwpSetEventRequest: JdwpEventRequest{requestId=104, eventKind=CLASS_PREPARE, suspendPolicy=EVENT_THREAD, predicates=[className=com.badlogic.gdx.graphics.g2d.SpriteBatch]}
09:29:13.361 INFO: JdwpDebugServer: handling req: EventRequest(15).Set(1)
09:29:13.361 INFO: JdwpEventCenterDelegate: jdwpSetEventRequest: JdwpEventRequest{requestId=105, eventKind=CLASS_PREPARE, suspendPolicy=EVENT_THREAD, predicates=[className=com.badlogic.gdx.graphics.g2d.SpriteBatch$*]}
09:29:13.362 INFO: JdwpDebugServer: handling req: VirtualMachine(1).ClassesBySignature(2)
09:29:13.363 INFO: JdwpDebugServer: handling req: ReferenceType(2).MethodsWithGeneric(15)
09:29:13.364 INFO: JdwpDebugServer: handling req: Method(6).LineTable(1)
09:29:13.364 INFO: JdwpDebugServer: handling req: Method(6).LineTable(1)
09:29:13.364 INFO: JdwpDebugServer: handling req: Method(6).LineTable(1)
09:29:13.364 INFO: JdwpDebugServer: handling req: Method(6).LineTable(1)
09:29:13.365 INFO: JdwpDebugServer: handling req: Method(6).LineTable(1)
09:29:13.365 INFO: JdwpDebugServer: handling req: Method(6).LineTable(1)
09:29:13.365 INFO: JdwpDebugServer: handling req: Method(6).LineTable(1)
09:29:13.365 INFO: JdwpDebugServer: handling req: Method(6).LineTable(1)
09:29:13.365 INFO: JdwpDebugServer: handling req: Method(6).LineTable(1)
09:29:13.365 INFO: JdwpDebugServer: handling req: Method(6).LineTable(1)
09:29:13.365 INFO: JdwpDebugServer: handling req: Method(6).LineTable(1)
09:29:13.366 INFO: JdwpDebugServer: handling req: Method(6).LineTable(1)
09:29:13.366 INFO: JdwpDebugServer: handling req: Method(6).LineTable(1)
09:29:13.366 INFO: JdwpDebugServer: handling req: Method(6).LineTable(1)
09:29:13.366 INFO: JdwpDebugServer: handling req: Method(6).LineTable(1)
09:29:13.366 INFO: JdwpDebugServer: handling req: Method(6).LineTable(1)
09:29:13.366 INFO: JdwpDebugServer: handling req: Method(6).LineTable(1)
09:29:13.367 INFO: JdwpDebugServer: handling req: Method(6).LineTable(1)
09:29:13.367 INFO: JdwpDebugServer: handling req: Method(6).LineTable(1)
09:29:13.367 INFO: JdwpDebugServer: handling req: Method(6).LineTable(1)
09:29:13.367 INFO: JdwpDebugServer: handling req: Method(6).LineTable(1)
09:29:13.367 INFO: JdwpDebugServer: handling req: Method(6).LineTable(1)
09:29:13.367 INFO: JdwpDebugServer: handling req: Method(6).LineTable(1)
09:29:13.368 INFO: JdwpDebugServer: handling req: Method(6).LineTable(1)
09:29:13.368 INFO: JdwpDebugServer: handling req: Method(6).LineTable(1)
09:29:13.368 INFO: JdwpDebugServer: handling req: Method(6).LineTable(1)
09:29:13.368 INFO: JdwpDebugServer: handling req: Method(6).LineTable(1)
09:29:13.368 INFO: JdwpDebugServer: handling req: Method(6).LineTable(1)
09:29:13.369 INFO: JdwpDebugServer: handling req: Method(6).LineTable(1)
09:29:13.369 INFO: JdwpDebugServer: handling req: Method(6).LineTable(1)
09:29:13.369 INFO: JdwpDebugServer: handling req: Method(6).LineTable(1)
09:29:13.369 INFO: JdwpDebugServer: handling req: Method(6).LineTable(1)
09:29:13.369 INFO: JdwpDebugServer: handling req: Method(6).LineTable(1)
09:29:13.369 INFO: JdwpDebugServer: handling req: Method(6).LineTable(1)
09:29:13.370 INFO: JdwpDebugServer: handling req: Method(6).LineTable(1)
09:29:13.370 INFO: JdwpDebugServer: handling req: Method(6).LineTable(1)
09:29:13.370 INFO: JdwpDebugServer: handling req: Method(6).LineTable(1)
09:29:13.370 INFO: JdwpDebugServer: handling req: Method(6).LineTable(1)
09:29:13.370 INFO: JdwpDebugServer: handling req: Method(6).LineTable(1)
09:29:13.370 INFO: JdwpDebugServer: handling req: Method(6).LineTable(1)
09:29:13.370 INFO: JdwpDebugServer: handling req: Method(6).LineTable(1)
09:29:13.371 INFO: JdwpDebugServer: handling req: Method(6).LineTable(1)
09:29:13.371 INFO: JdwpDebugServer: handling req: Method(6).LineTable(1)
09:29:13.371 INFO: JdwpDebugServer: handling req: Method(6).LineTable(1)
09:29:13.371 INFO: JdwpDebugServer: handling req: EventRequest(15).Set(1)
09:29:13.372 INFO: JdwpEventCenterDelegate: jdwpSetEventRequest: JdwpEventRequest{requestId=106, eventKind=BREAKPOINT, suspendPolicy=EVENT_THREAD, predicates=[Location{classId=18040, methodId=1122, index=163} ]}
09:29:13.372 INFO: JdwpDebugServer: handling req: ReferenceType(2).Signature(1)
09:29:13.376 INFO: JdwpDebugServer: handling req: EventRequest(15).Set(1)
09:29:13.376 INFO: JdwpEventCenterDelegate: jdwpSetEventRequest: JdwpEventRequest{requestId=107, eventKind=CLASS_PREPARE, suspendPolicy=EVENT_THREAD, predicates=[className=java.lang.Throwable]}
09:29:13.377 INFO: JdwpDebugServer: handling req: EventRequest(15).Set(1)
09:29:13.377 INFO: JdwpEventCenterDelegate: jdwpSetEventRequest: JdwpEventRequest{requestId=108, eventKind=CLASS_PREPARE, suspendPolicy=EVENT_THREAD, predicates=[className=java.lang.Throwable$*]}
09:29:13.378 INFO: JdwpDebugServer: handling req: VirtualMachine(1).ClassesBySignature(2)
09:29:13.378 INFO: JdwpDebugServer: handling req: ReferenceType(2).MethodsWithGeneric(15)
09:29:13.378 INFO: JdwpDebugServer: handling req: Method(6).LineTable(1)
09:29:13.379 INFO: JdwpDebugServer: handling req: Method(6).LineTable(1)
09:29:13.379 INFO: JdwpDebugServer: handling req: Method(6).LineTable(1)
09:29:13.379 INFO: JdwpDebugServer: handling req: Method(6).LineTable(1)
09:29:13.379 INFO: JdwpDebugServer: handling req: Method(6).LineTable(1)
09:29:13.379 INFO: JdwpDebugServer: handling req: Method(6).LineTable(1)
09:29:13.379 INFO: JdwpDebugServer: handling req: Method(6).LineTable(1)
09:29:13.379 INFO: JdwpDebugServer: handling req: Method(6).LineTable(1)
09:29:13.379 INFO: JdwpDebugServer: handling req: Method(6).LineTable(1)
09:29:13.380 INFO: JdwpDebugServer: handling req: Method(6).LineTable(1)
09:29:13.380 INFO: JdwpDebugServer: handling req: Method(6).LineTable(1)
09:29:13.380 INFO: JdwpDebugServer: handling req: Method(6).LineTable(1)
09:29:13.380 INFO: JdwpDebugServer: handling req: Method(6).LineTable(1)
09:29:13.380 INFO: JdwpDebugServer: handling req: Method(6).LineTable(1)
09:29:13.380 INFO: JdwpDebugServer: handling req: Method(6).LineTable(1)
09:29:13.380 INFO: JdwpDebugServer: handling req: Method(6).LineTable(1)
09:29:13.380 INFO: JdwpDebugServer: handling req: Method(6).LineTable(1)
09:29:13.381 INFO: JdwpDebugServer: handling req: Method(6).LineTable(1)
09:29:13.381 INFO: JdwpDebugServer: handling req: Method(6).LineTable(1)
09:29:13.381 INFO: JdwpDebugServer: handling req: Method(6).LineTable(1)
09:29:13.381 INFO: JdwpDebugServer: handling req: Method(6).LineTable(1)
09:29:13.381 INFO: JdwpDebugServer: handling req: Method(6).LineTable(1)
09:29:13.381 INFO: JdwpDebugServer: handling req: Method(6).LineTable(1)
09:29:13.382 INFO: JdwpDebugServer: handling req: Method(6).LineTable(1)
09:29:13.382 INFO: JdwpDebugServer: handling req: VirtualMachine(1).ClassesBySignature(2)
09:29:13.382 INFO: JdwpDebugServer: handling req: VirtualMachine(1).AllClassesWithGeneric(20)
09:29:13.392 INFO: JdwpDebugServer: handling req: EventRequest(15).Set(1)
09:29:13.392 INFO: JdwpEventCenterDelegate: jdwpSetEventRequest: JdwpEventRequest{requestId=109, eventKind=CLASS_PREPARE, suspendPolicy=EVENT_THREAD, predicates=[className=com.badlogic.gdx.utils.ScreenUtils]}
09:29:13.393 INFO: JdwpDebugServer: handling req: EventRequest(15).Set(1)
09:29:13.393 INFO: JdwpEventCenterDelegate: jdwpSetEventRequest: JdwpEventRequest{requestId=110, eventKind=CLASS_PREPARE, suspendPolicy=EVENT_THREAD, predicates=[className=com.badlogic.gdx.utils.ScreenUtils$*]}
09:29:13.394 INFO: JdwpDebugServer: handling req: VirtualMachine(1).ClassesBySignature(2)
09:29:13.394 INFO: JdwpDebugServer: handling req: ReferenceType(2).MethodsWithGeneric(15)
09:29:13.395 INFO: JdwpDebugServer: handling req: Method(6).LineTable(1)
09:29:13.395 INFO: JdwpDebugServer: handling req: Method(6).LineTable(1)
09:29:13.395 INFO: JdwpDebugServer: handling req: Method(6).LineTable(1)
09:29:13.395 INFO: JdwpDebugServer: handling req: Method(6).LineTable(1)
09:29:13.395 INFO: JdwpDebugServer: handling req: Method(6).LineTable(1)
09:29:13.395 INFO: JdwpDebugServer: handling req: Method(6).LineTable(1)
09:29:13.395 INFO: JdwpDebugServer: handling req: Method(6).LineTable(1)
09:29:13.396 INFO: JdwpDebugServer: handling req: Method(6).LineTable(1)
09:29:13.396 INFO: JdwpDebugServer: handling req: Method(6).LineTable(1)
09:29:13.396 INFO: JdwpDebugServer: handling req: Method(6).LineTable(1)
09:29:13.396 INFO: JdwpDebugServer: handling req: EventRequest(15).Set(1)
09:29:13.396 INFO: JdwpEventCenterDelegate: jdwpSetEventRequest: JdwpEventRequest{requestId=111, eventKind=BREAKPOINT, suspendPolicy=EVENT_THREAD, predicates=[Location{classId=22240, methodId=1492, index=89} ]}
09:29:13.396 INFO: JdwpDebugServer: handling req: EventRequest(15).Set(1)
09:29:13.396 INFO: JdwpEventCenterDelegate: jdwpSetEventRequest: JdwpEventRequest{requestId=112, eventKind=CLASS_PREPARE, suspendPolicy=EVENT_THREAD, predicates=[className=com.badlogic.gdx.utils.ScreenUtils]}
09:29:13.397 INFO: JdwpDebugServer: handling req: EventRequest(15).Set(1)
09:29:13.397 INFO: JdwpEventCenterDelegate: jdwpSetEventRequest: JdwpEventRequest{requestId=113, eventKind=CLASS_PREPARE, suspendPolicy=EVENT_THREAD, predicates=[className=com.badlogic.gdx.utils.ScreenUtils$*]}
09:29:13.398 INFO: JdwpDebugServer: handling req: VirtualMachine(1).ClassesBySignature(2)
09:29:13.398 INFO: JdwpDebugServer: handling req: EventRequest(15).Set(1)
09:29:13.398 INFO: JdwpEventCenterDelegate: jdwpSetEventRequest: JdwpEventRequest{requestId=114, eventKind=BREAKPOINT, suspendPolicy=EVENT_THREAD, predicates=[Location{classId=22240, methodId=1487, index=72} ]}
09:29:13.399 INFO: JdwpDebugServer: handling req: EventRequest(15).Set(1)
09:29:13.399 INFO: JdwpEventCenterDelegate: jdwpSetEventRequest: JdwpEventRequest{requestId=115, eventKind=CLASS_PREPARE, suspendPolicy=EVENT_THREAD, predicates=[className=com.scottlogic.util.ShaderProgramFactory]}
09:29:13.399 INFO: JdwpDebugServer: handling req: EventRequest(15).Set(1)
09:29:13.399 INFO: JdwpEventCenterDelegate: jdwpSetEventRequest: JdwpEventRequest{requestId=116, eventKind=CLASS_PREPARE, suspendPolicy=EVENT_THREAD, predicates=[className=com.scottlogic.util.ShaderProgramFactory$*]}
09:29:13.401 INFO: JdwpDebugServer: handling req: VirtualMachine(1).ClassesBySignature(2)
09:29:13.401 INFO: JdwpDebugServer: handling req: ReferenceType(2).MethodsWithGeneric(15)
09:29:13.401 INFO: JdwpDebugServer: handling req: Method(6).LineTable(1)
09:29:13.401 INFO: JdwpDebugServer: handling req: Method(6).LineTable(1)
09:29:13.401 INFO: JdwpDebugServer: handling req: Method(6).LineTable(1)
09:29:13.402 INFO: JdwpDebugServer: handling req: Method(6).LineTable(1)
09:29:13.402 INFO: JdwpDebugServer: handling req: Method(6).LineTable(1)
09:29:13.402 INFO: JdwpDebugServer: handling req: EventRequest(15).Set(1)
09:29:13.402 INFO: JdwpEventCenterDelegate: jdwpSetEventRequest: JdwpEventRequest{requestId=117, eventKind=BREAKPOINT, suspendPolicy=EVENT_THREAD, predicates=[Location{classId=20400, methodId=1527, index=106} ]}
09:29:13.402 INFO: JdwpDebugServer: handling req: EventRequest(15).Set(1)
09:29:13.402 INFO: JdwpEventCenterDelegate: jdwpSetEventRequest: JdwpEventRequest{requestId=118, eventKind=CLASS_PREPARE, suspendPolicy=EVENT_THREAD, predicates=[className=com.abdalla.bushnaq.pluvia.launcher.IOSLauncher]}
09:29:13.403 INFO: JdwpDebugServer: handling req: EventRequest(15).Set(1)
09:29:13.403 INFO: JdwpEventCenterDelegate: jdwpSetEventRequest: JdwpEventRequest{requestId=119, eventKind=CLASS_PREPARE, suspendPolicy=EVENT_THREAD, predicates=[className=com.abdalla.bushnaq.pluvia.launcher.IOSLauncher$*]}
09:29:13.404 INFO: JdwpDebugServer: handling req: VirtualMachine(1).ClassesBySignature(2)
09:29:13.405 INFO: JdwpDebugServer: handling req: ReferenceType(2).MethodsWithGeneric(15)
09:29:13.405 INFO: JdwpDebugServer: handling req: Method(6).LineTable(1)
09:29:13.405 INFO: JdwpDebugServer: handling req: Method(6).LineTable(1)
09:29:13.405 INFO: JdwpDebugServer: handling req: Method(6).LineTable(1)
09:29:13.405 INFO: JdwpDebugServer: handling req: Method(6).LineTable(1)
09:29:13.406 INFO: JdwpDebugServer: handling req: EventRequest(15).Set(1)
09:29:13.406 INFO: JdwpEventCenterDelegate: jdwpSetEventRequest: JdwpEventRequest{requestId=120, eventKind=BREAKPOINT, suspendPolicy=EVENT_THREAD, predicates=[Location{classId=12885, methodId=1552, index=74} ]}
09:29:13.406 INFO: JdwpDebugServer: handling req: EventRequest(15).Set(1)
09:29:13.406 INFO: JdwpEventCenterDelegate: jdwpSetEventRequest: JdwpEventRequest{requestId=121, eventKind=CLASS_PREPARE, suspendPolicy=EVENT_THREAD, predicates=[className=com.badlogic.gdx.graphics.g3d.shaders.BaseShader]}
09:29:13.407 INFO: JdwpDebugServer: handling req: EventRequest(15).Set(1)
09:29:13.407 INFO: JdwpEventCenterDelegate: jdwpSetEventRequest: JdwpEventRequest{requestId=122, eventKind=CLASS_PREPARE, suspendPolicy=EVENT_THREAD, predicates=[className=com.badlogic.gdx.graphics.g3d.shaders.BaseShader$*]}
09:29:13.408 INFO: JdwpDebugServer: handling req: VirtualMachine(1).ClassesBySignature(2)
09:29:13.409 INFO: JdwpDebugServer: handling req: ReferenceType(2).MethodsWithGeneric(15)
09:29:13.409 INFO: JdwpDebugServer: handling req: Method(6).LineTable(1)
09:29:13.409 INFO: JdwpDebugServer: handling req: Method(6).LineTable(1)
09:29:13.409 INFO: JdwpDebugServer: handling req: Method(6).LineTable(1)
09:29:13.409 INFO: JdwpDebugServer: handling req: Method(6).LineTable(1)
09:29:13.410 INFO: JdwpDebugServer: handling req: Method(6).LineTable(1)
09:29:13.410 INFO: JdwpDebugServer: handling req: Method(6).LineTable(1)
09:29:13.410 INFO: JdwpDebugServer: handling req: Method(6).LineTable(1)
09:29:13.410 INFO: JdwpDebugServer: handling req: Method(6).LineTable(1)
09:29:13.410 INFO: JdwpDebugServer: handling req: Method(6).LineTable(1)
09:29:13.410 INFO: JdwpDebugServer: handling req: Method(6).LineTable(1)
09:29:13.410 INFO: JdwpDebugServer: handling req: Method(6).LineTable(1)
09:29:13.410 INFO: JdwpDebugServer: handling req: Method(6).LineTable(1)
09:29:13.410 INFO: JdwpDebugServer: handling req: Method(6).LineTable(1)
09:29:13.410 INFO: JdwpDebugServer: handling req: Method(6).LineTable(1)
09:29:13.410 INFO: JdwpDebugServer: handling req: Method(6).LineTable(1)
09:29:13.411 INFO: JdwpDebugServer: handling req: Method(6).LineTable(1)
09:29:13.411 INFO: JdwpDebugServer: handling req: Method(6).LineTable(1)
09:29:13.411 INFO: JdwpDebugServer: handling req: Method(6).LineTable(1)
09:29:13.411 INFO: JdwpDebugServer: handling req: Method(6).LineTable(1)
09:29:13.411 INFO: JdwpDebugServer: handling req: Method(6).LineTable(1)
09:29:13.411 INFO: JdwpDebugServer: handling req: Method(6).LineTable(1)
09:29:13.411 INFO: JdwpDebugServer: handling req: Method(6).LineTable(1)
09:29:13.411 INFO: JdwpDebugServer: handling req: Method(6).LineTable(1)
09:29:13.411 INFO: JdwpDebugServer: handling req: Method(6).LineTable(1)
09:29:13.411 INFO: JdwpDebugServer: handling req: Method(6).LineTable(1)
09:29:13.412 INFO: JdwpDebugServer: handling req: Method(6).LineTable(1)
09:29:13.412 INFO: JdwpDebugServer: handling req: Method(6).LineTable(1)
09:29:13.412 INFO: JdwpDebugServer: handling req: Method(6).LineTable(1)
09:29:13.412 INFO: JdwpDebugServer: handling req: Method(6).LineTable(1)
09:29:13.412 INFO: JdwpDebugServer: handling req: Method(6).LineTable(1)
09:29:13.412 INFO: JdwpDebugServer: handling req: Method(6).LineTable(1)
09:29:13.412 INFO: JdwpDebugServer: handling req: Method(6).LineTable(1)
09:29:13.412 INFO: JdwpDebugServer: handling req: Method(6).LineTable(1)
09:29:13.412 INFO: JdwpDebugServer: handling req: EventRequest(15).Set(1)
09:29:13.412 INFO: JdwpEventCenterDelegate: jdwpSetEventRequest: JdwpEventRequest{requestId=123, eventKind=BREAKPOINT, suspendPolicy=EVENT_THREAD, predicates=[Location{classId=13310, methodId=1612, index=168} ]}
09:29:13.413 INFO: JdwpDebugServer: handling req: VirtualMachine(1).capabilitiesNew(17)
09:29:13.416 INFO: JdwpDebugServer: handling req: EventRequest(15).Set(1)
09:29:13.416 INFO: JdwpEventCenterDelegate: jdwpSetEventRequest: JdwpEventRequest{requestId=124, eventKind=CLASS_PREPARE, suspendPolicy=EVENT_THREAD, predicates=[className=java.lang.Error]}
09:29:13.418 INFO: JdwpDebugServer: handling req: EventRequest(15).Set(1)
09:29:13.418 INFO: JdwpEventCenterDelegate: jdwpSetEventRequest: JdwpEventRequest{requestId=125, eventKind=CLASS_PREPARE, suspendPolicy=EVENT_THREAD, predicates=[className=java.lang.Error$*]}
09:29:13.419 INFO: JdwpDebugServer: handling req: VirtualMachine(1).ClassesBySignature(2)
09:29:13.419 INFO: JdwpDebugServer: handling req: EventRequest(15).Set(1)
09:29:13.419 INFO: JdwpEventCenterDelegate: jdwpSetEventRequest: JdwpEventRequest{requestId=126, eventKind=EXCEPTION, suspendPolicy=EVENT_THREAD, predicates=[exceptionType=3425(caught=true, uncaught=true)]}
09:29:13.464 INFO: JdwpDebugServer: handling req: EventRequest(15).Set(1)
09:29:13.464 INFO: JdwpEventCenterDelegate: jdwpSetEventRequest: JdwpEventRequest{requestId=127, eventKind=CLASS_PREPARE, suspendPolicy=EVENT_THREAD, predicates=[className=java.lang.Throwable]}
09:29:13.466 INFO: JdwpDebugServer: handling req: EventRequest(15).Set(1)
09:29:13.466 INFO: JdwpEventCenterDelegate: jdwpSetEventRequest: JdwpEventRequest{requestId=128, eventKind=CLASS_PREPARE, suspendPolicy=EVENT_THREAD, predicates=[className=java.lang.Throwable$*]}
09:29:13.467 INFO: JdwpDebugServer: handling req: VirtualMachine(1).ClassesBySignature(2)
09:29:13.467 INFO: JdwpDebugServer: handling req: EventRequest(15).Set(1)
09:29:13.467 INFO: JdwpEventCenterDelegate: jdwpSetEventRequest: JdwpEventRequest{requestId=129, eventKind=EXCEPTION, suspendPolicy=EVENT_THREAD, predicates=[exceptionType=7695(caught=false, uncaught=true)]}
09:29:13.470 INFO: JdwpDebugServer: handling req: ThreadReference(11).SuspendCount(12)
09:29:13.470 INFO: JdwpDebugServer: handling req: ThreadReference(11).SuspendCount(12)
09:29:13.470 INFO: JdwpDebugServer: handling req: ThreadReference(11).SuspendCount(12)
09:29:13.470 INFO: JdwpDebugServer: handling req: ThreadReference(11).SuspendCount(12)
09:29:13.470 INFO: JdwpDebugServer: handling req: VirtualMachine(1).AllThreads(4)
09:29:13.474 INFO: JdwpDebugServer: handling req: VirtualMachine(1).Resume(9)
09:29:13.541 INFO: JdwpDebugServer: handling req: EventRequest(15).Set(1)
09:29:13.541 INFO: JdwpEventCenterDelegate: jdwpSetEventRequest: JdwpEventRequest{requestId=130, eventKind=BREAKPOINT, suspendPolicy=EVENT_THREAD, predicates=[Location{classId=12885, methodId=1552, index=74} ]}
09:29:13.543 INFO: JdwpDebugServer: handling req: ThreadReference(11).Resume(3)
09:29:13.544 INFO: JdwpEventCenterDelegate: THREAD_RESUMED: thread (33, main, main)
09:29:13.565 INFO: JdwpEventCenterDelegate: THREAD_RESUMED: thread (33, main, main)
09:29:13.565 INFO: JdwpEventCenterDelegate: THREAD_RESUMED: thread (33, main, main)
09:29:13.566 INFO: JdwpEventCenterDelegate: THREAD_RESUMED: thread (33, main, main)
09:29:13.566 INFO: JdwpEventCenterDelegate: THREAD_RESUMED: thread (33, main, main)
09:29:13.566 INFO: JdwpEventCenterDelegate: THREAD_RESUMED: thread (33, main, main)
09:29:13.567 INFO: JdwpEventCenterDelegate: THREAD_RESUMED: thread (33, main, main)
09:29:13.567 INFO: JdwpEventCenterDelegate: THREAD_RESUMED: thread (33, main, main)
09:29:13.569 INFO: JdwpEventCenterDelegate: THREAD_RESUMED: thread (33, main, main)
09:29:13.569 INFO: JdwpEventCenterDelegate: THREAD_RESUMED: thread (33, main, main)
09:29:13.570 INFO: JdwpEventCenterDelegate: THREAD_RESUMED: thread (33, main, main)
09:29:13.570 INFO: JdwpEventCenterDelegate: THREAD_RESUMED: thread (33, main, main)
09:29:13.576 INFO: JdwpEventCenterDelegate: THREAD_RESUMED: thread (33, main, main)
09:29:13.576 INFO: JdwpEventCenterDelegate: THREAD_RESUMED: thread (33, main, main)
09:29:13.577 INFO: JdwpEventCenterDelegate: THREAD_RESUMED: thread (33, main, main)
09:29:13.633 INFO: JdwpEventCenterDelegate: THREAD_RESUMED: thread (33, main, main)
09:29:13.633 INFO: JdwpEventCenterDelegate: THREAD_RESUMED: thread (33, main, main)
09:29:13.633 INFO: JdwpEventCenterDelegate: THREAD_RESUMED: thread (33, main, main)
09:29:13.640 INFO: JdwpEventCenterDelegate: THREAD_RESUMED: thread (33, main, main)
09:29:13.641 INFO: JdwpEventCenterDelegate: THREAD_RESUMED: thread (33, main, main)
09:29:13.641 INFO: JdwpEventCenterDelegate: THREAD_RESUMED: thread (33, main, main)
09:29:13.894 INFO: JdwpEventCenterDelegate: THREAD_RESUMED: thread (33, main, main)
09:29:13.894 INFO: JdwpEventCenterDelegate: THREAD_RESUMED: thread (33, main, main)
09:29:13.895 INFO: JdwpEventCenterDelegate: THREAD_RESUMED: thread (33, main, main)
09:29:13.950 INFO: JdwpDebugServer: handling req: ThreadReference(11).Name(1)
09:29:13.951 INFO: JdwpDebugServer: handling req: ThreadReference(11).Name(1)
09:29:13.951 INFO: JdwpDebugServer: handling req: ThreadReference(11).Name(1)
09:29:13.951 INFO: JdwpDebugServer: handling req: ThreadReference(11).Name(1)
09:29:13.955 INFO: JdwpEventCenterDelegate: THREAD_RESUMED: thread (33, main, main)
09:29:13.955 INFO: JdwpEventCenterDelegate: THREAD_RESUMED: thread (33, main, main)
09:29:13.956 INFO: JdwpEventCenterDelegate: THREAD_RESUMED: thread (33, main, main)
09:29:13.981 INFO: JdwpEventCenterDelegate: THREAD_RESUMED: thread (33, main, main)
09:29:13.981 INFO: JdwpEventCenterDelegate: THREAD_RESUMED: thread (33, main, main)
09:29:13.982 INFO: JdwpEventCenterDelegate: THREAD_RESUMED: thread (33, main, main)
09:29:14.004 INFO: JdwpEventCenterDelegate: THREAD_RESUMED: thread (33, main, main)
09:29:14.004 INFO: JdwpEventCenterDelegate: THREAD_RESUMED: thread (33, main, main)
09:29:14.005 INFO: JdwpEventCenterDelegate: THREAD_RESUMED: thread (33, main, main)
09:29:14.006 INFO: JdwpEventCenterDelegate: THREAD_RESUMED: thread (33, main, main)
09:29:14.012 INFO: JdwpEventCenterDelegate: THREAD_RESUMED: thread (33, main, main)
09:29:14.013 INFO: JdwpEventCenterDelegate: THREAD_RESUMED: thread (33, main, main)
09:29:14.542 INFO: JdwpEventCenterDelegate: THREAD_RESUMED: thread (33, main, main)
09:29:14.543 INFO: JdwpEventCenterDelegate: THREAD_RESUMED: thread (33, main, main)
09:29:14.562 INFO: JdwpEventCenterDelegate: THREAD_RESUMED: thread (33, main, main)
09:29:14.563 INFO: JdwpEventCenterDelegate: THREAD_RESUMED: thread (33, main, main)
09:29:14.563 INFO: JdwpEventCenterDelegate: THREAD_RESUMED: thread (33, main, main)
09:29:14.564 INFO: JdwpEventCenterDelegate: THREAD_RESUMED: thread (33, main, main)
09:29:14.631 INFO: JdwpEventCenterDelegate: THREAD_RESUMED: thread (33, main, main)
09:29:15.001 INFO: JdwpEventCenterDelegate: THREAD_RESUMED: thread (33, main, main)
09:29:15.002 INFO: JdwpEventCenterDelegate: THREAD_RESUMED: thread (33, main, main)
09:29:15.003 INFO: JdwpEventCenterDelegate: THREAD_RESUMED: thread (33, main, main)
09:29:15.004 INFO: JdwpEventCenterDelegate: THREAD_RESUMED: thread (33, main, main)
09:29:15.005 INFO: JdwpEventCenterDelegate: THREAD_RESUMED: thread (33, main, main)
09:29:15.006 INFO: JdwpEventCenterDelegate: THREAD_RESUMED: thread (33, main, main)
09:29:15.008 INFO: JdwpDebugServer: handling req: EventRequest(15).Set(1)
09:29:15.008 INFO: JdwpEventCenterDelegate: jdwpSetEventRequest: JdwpEventRequest{requestId=131, eventKind=BREAKPOINT, suspendPolicy=EVENT_THREAD, predicates=[Location{classId=20400, methodId=1527, index=106} ]}
09:29:15.012 INFO: JdwpDebugServer: handling req: ThreadReference(11).Resume(3)
09:29:15.012 INFO: JdwpEventCenterDelegate: THREAD_RESUMED: thread (33, main, main)
09:29:15.060 INFO: JdwpDebugServer: handling req: ThreadReference(11).Frames(6)
09:29:15.061 INFO: JdwpDebugServer: handling req: ReferenceType(2).MethodsWithGeneric(15)
09:29:15.062 INFO: JdwpDebugServer: handling req: ReferenceType(2).MethodsWithGeneric(15)
09:29:15.063 INFO: JdwpDebugServer: handling req: ReferenceType(2).MethodsWithGeneric(15)
09:29:15.063 INFO: JdwpDebugServer: handling req: ReferenceType(2).MethodsWithGeneric(15)
09:29:15.064 INFO: JdwpDebugServer: handling req: ReferenceType(2).MethodsWithGeneric(15)
09:29:15.064 INFO: JdwpDebugServer: handling req: ReferenceType(2).MethodsWithGeneric(15)
09:29:15.069 INFO: JdwpDebugServer: handling req: ThreadReference(11).FramesCount(7)
09:29:15.071 INFO: JdwpDebugServer: handling req: ThreadReference(11).FramesCount(7)
09:29:15.918 INFO: JdwpDebugServer: handling req: ReferenceType(2).SourceFile(7)
09:29:16.066 INFO: JdwpDebugServer: handling req: ThreadReference(11).Name(1)
09:29:16.067 INFO: JdwpDebugServer: handling req: ReferenceType(2).SignatureWithGeneric(13)
09:29:16.068 INFO: JdwpDebugServer: handling req: ThreadReference(11).Name(1)
09:29:16.071 INFO: JdwpDebugServer: handling req: ThreadReference(11).Name(1)
09:29:16.071 INFO: JdwpDebugServer: handling req: ThreadReference(11).Name(1)
09:29:16.072 INFO: JdwpDebugServer: handling req: ThreadReference(11).Name(1)
09:29:16.106 INFO: JdwpDebugServer: handling req: ReferenceType(2).FieldsWithGeneric(14)
09:29:16.106 INFO: JdwpDebugServer: handling req: ReferenceType(2).Interfaces(10)
09:29:16.107 INFO: JdwpDebugServer: handling req: ClassType(3).Superclass(1)
09:29:16.107 INFO: JdwpDebugServer: handling req: ClassType(3).Superclass(1)
09:29:16.107 INFO: JdwpDebugServer: handling req: Method(6).VariableTableWithGenerics(5)
09:29:16.766 INFO: JdwpDebugServer: handling req: StackFrame(16).GetValues(1)
09:29:16.767 INFO: JdwpDebugServer: handling req: StackFrame(16).GetValues(1)
09:29:16.768 INFO: JdwpDebugServer: handling req: ObjectReference(9).ReferenceType(1)
09:29:16.768 INFO: JdwpDebugServer: handling req: StackFrame(16).GetValues(1)
09:29:16.768 INFO: JdwpDebugServer: handling req: ReferenceType(2).FieldsWithGeneric(14)
09:29:16.768 INFO: JdwpDebugServer: handling req: ReferenceType(2).Interfaces(10)
09:29:16.768 INFO: JdwpDebugServer: handling req: ReferenceType(2).FieldsWithGeneric(14)
09:29:16.769 INFO: JdwpDebugServer: handling req: ReferenceType(2).Interfaces(10)
09:29:16.769 INFO: JdwpDebugServer: handling req: ReferenceType(2).FieldsWithGeneric(14)
09:29:16.769 INFO: JdwpDebugServer: handling req: ReferenceType(2).Interfaces(10)
09:29:16.769 INFO: JdwpDebugServer: handling req: ReferenceType(2).FieldsWithGeneric(14)
09:29:16.769 INFO: JdwpDebugServer: handling req: ReferenceType(2).Interfaces(10)
09:29:16.770 INFO: JdwpDebugServer: handling req: ClassType(3).Superclass(1)
09:29:16.771 INFO: JdwpDebugServer: handling req: StackFrame(16).GetValues(1)
09:29:16.772 INFO: JdwpDebugServer: handling req: ObjectReference(9).ReferenceType(1)
09:29:16.772 INFO: JdwpDebugServer: handling req: ClassType(3).Superclass(1)
09:29:16.772 INFO: JdwpDebugServer: handling req: StackFrame(16).GetValues(1)
09:29:16.773 INFO: JdwpDebugServer: handling req: ClassType(3).Superclass(1)
09:29:16.773 INFO: JdwpDebugServer: handling req: StackFrame(16).GetValues(1)
09:29:16.774 INFO: JdwpDebugServer: handling req: StackFrame(16).GetValues(1)
09:29:16.775 INFO: JdwpDebugServer: handling req: StackFrame(16).GetValues(1)
09:29:16.775 INFO: JdwpDebugServer: handling req: StackFrame(16).GetValues(1)
09:29:16.776 INFO: JdwpDebugServer: handling req: ObjectReference(9).ReferenceType(1)
09:29:16.776 INFO: JdwpDebugServer: handling req: StackFrame(16).GetValues(1)
09:29:16.776 INFO: JdwpDebugServer: handling req: ReferenceType(2).FieldsWithGeneric(14)
09:29:16.776 INFO: JdwpDebugServer: handling req: StackFrame(16).GetValues(1)
09:29:16.777 INFO: JdwpDebugServer: handling req: ReferenceType(2).Interfaces(10)
09:29:16.777 INFO: JdwpDebugServer: handling req: StackFrame(16).GetValues(1)
09:29:16.777 INFO: JdwpDebugServer: handling req: ReferenceType(2).FieldsWithGeneric(14)
09:29:16.777 INFO: JdwpDebugServer: handling req: ReferenceType(2).Interfaces(10)
09:29:16.777 INFO: JdwpDebugServer: handling req: ClassType(3).Superclass(1)
09:29:16.777 INFO: JdwpDebugServer: handling req: StringReference(10).Value(1)
09:29:16.779 INFO: JdwpDebugServer: handling req: StackFrame(16).GetValues(1)
09:29:16.779 INFO: JdwpDebugServer: handling req: StackFrame(16).GetValues(1)
09:29:16.780 INFO: JdwpDebugServer: handling req: StackFrame(16).GetValues(1)
09:29:16.780 INFO: JdwpDebugServer: handling req: StackFrame(16).GetValues(1)
09:29:16.783 INFO: JdwpDebugServer: handling req: ClassType(3).Superclass(1)
09:29:16.784 INFO: JdwpDebugServer: handling req: StackFrame(16).GetValues(1)
09:29:16.784 INFO: JdwpDebugServer: handling req: StackFrame(16).GetValues(1)
09:29:16.784 INFO: JdwpDebugServer: handling req: StackFrame(16).GetValues(1)
09:29:16.787 INFO: JdwpDebugServer: handling req: StringReference(10).Value(1)
09:29:16.788 INFO: JdwpDebugServer: handling req: StackFrame(16).GetValues(1)
09:29:16.789 INFO: JdwpDebugServer: handling req: StackFrame(16).GetValues(1)
09:29:16.789 INFO: JdwpDebugServer: handling req: StackFrame(16).GetValues(1)
09:29:16.790 INFO: JdwpDebugServer: handling req: StackFrame(16).GetValues(1)
09:29:16.790 INFO: JdwpDebugServer: handling req: StackFrame(16).GetValues(1)
09:29:16.791 INFO: JdwpDebugServer: handling req: StackFrame(16).GetValues(1)
09:29:16.791 INFO: JdwpDebugServer: handling req: StackFrame(16).GetValues(1)
09:29:16.791 INFO: JdwpDebugServer: handling req: StackFrame(16).GetValues(1)
09:29:16.791 INFO: JdwpDebugServer: handling req: StackFrame(16).GetValues(1)
09:29:16.792 INFO: JdwpDebugServer: handling req: StackFrame(16).GetValues(1)
09:29:16.792 INFO: JdwpDebugServer: handling req: StackFrame(16).GetValues(1)
09:29:16.792 INFO: JdwpDebugServer: handling req: StackFrame(16).GetValues(1)
09:29:16.793 INFO: JdwpDebugServer: handling req: StackFrame(16).GetValues(1)
09:29:16.793 INFO: JdwpDebugServer: handling req: StackFrame(16).GetValues(1)
09:29:16.793 INFO: JdwpDebugServer: handling req: StackFrame(16).GetValues(1)
09:29:16.793 INFO: JdwpDebugServer: handling req: StackFrame(16).GetValues(1)
09:29:16.794 INFO: JdwpDebugServer: handling req: StackFrame(16).GetValues(1)
09:29:16.794 INFO: JdwpDebugServer: handling req: StackFrame(16).GetValues(1)
09:29:16.794 INFO: JdwpDebugServer: handling req: StackFrame(16).GetValues(1)
09:29:16.794 INFO: JdwpDebugServer: handling req: StackFrame(16).GetValues(1)
09:29:16.795 INFO: JdwpDebugServer: handling req: StackFrame(16).GetValues(1)
09:29:16.795 INFO: JdwpDebugServer: handling req: StackFrame(16).GetValues(1)
09:29:16.795 INFO: JdwpDebugServer: handling req: StackFrame(16).GetValues(1)
09:29:16.795 INFO: JdwpDebugServer: handling req: StackFrame(16).GetValues(1)
09:29:16.795 INFO: JdwpDebugServer: handling req: StackFrame(16).GetValues(1)
09:29:16.796 INFO: JdwpDebugServer: handling req: StackFrame(16).GetValues(1)
09:29:16.796 INFO: JdwpDebugServer: handling req: StackFrame(16).GetValues(1)
09:29:16.796 INFO: JdwpDebugServer: handling req: StackFrame(16).GetValues(1)
09:29:16.796 INFO: JdwpDebugServer: handling req: StackFrame(16).GetValues(1)
09:29:16.797 INFO: JdwpDebugServer: handling req: ClassType(3).Superclass(1)
09:29:16.797 INFO: JdwpDebugServer: handling req: StackFrame(16).GetValues(1)
09:29:16.797 INFO: JdwpDebugServer: handling req: StackFrame(16).GetValues(1)
09:29:16.797 INFO: JdwpDebugServer: handling req: StackFrame(16).GetValues(1)
09:29:16.797 INFO: JdwpDebugServer: handling req: StackFrame(16).GetValues(1)
09:29:16.798 INFO: JdwpDebugServer: handling req: ClassType(3).Superclass(1)
09:29:16.798 INFO: JdwpDebugServer: handling req: StackFrame(16).GetValues(1)
09:29:16.798 INFO: JdwpDebugServer: handling req: StackFrame(16).GetValues(1)
09:29:16.798 INFO: JdwpDebugServer: handling req: StackFrame(16).GetValues(1)
09:29:16.798 INFO: JdwpDebugServer: handling req: StackFrame(16).GetValues(1)
09:29:16.799 INFO: JdwpDebugServer: handling req: StackFrame(16).GetValues(1)
09:29:16.881 INFO: JdwpDebugServer: handling req: StackFrame(16).GetValues(1)
09:29:16.882 INFO: JdwpDebugServer: handling req: ClassType(3).Superclass(1)
09:29:16.882 INFO: JdwpDebugServer: handling req: ThreadReference(11).FramesCount(7)
09:29:16.897 INFO: JdwpDebugServer: handling req: ObjectReference(9).GetValues(2)
09:29:16.897 INFO: JdwpDebugServer: handling req: ObjectReference(9).ReferenceType(1)
09:29:16.898 INFO: JdwpDebugServer: handling req: ClassType(3).Superclass(1)
09:29:16.898 INFO: JdwpDebugServer: handling req: StringReference(10).Value(1)
09:29:16.900 INFO: JdwpDebugServer: handling req: ObjectReference(9).GetValues(2)
09:29:16.900 INFO: JdwpDebugServer: handling req: ObjectReference(9).GetValues(2)
09:29:16.902 INFO: JdwpDebugServer: handling req: ArrayReference(13).Length(1)
09:29:16.902 INFO: JdwpDebugServer: handling req: ObjectReference(9).GetValues(2)
09:29:16.902 INFO: JdwpDebugServer: handling req: ObjectReference(9).GetValues(2)
09:29:16.902 INFO: JdwpDebugServer: handling req: ObjectReference(9).ReferenceType(1)
09:29:16.902 INFO: JdwpDebugServer: handling req: ObjectReference(9).ReferenceType(1)
09:29:16.902 INFO: JdwpDebugServer: handling req: ReferenceType(2).FieldsWithGeneric(14)
09:29:16.903 INFO: JdwpDebugServer: handling req: ReferenceType(2).Interfaces(10)
09:29:16.903 INFO: JdwpDebugServer: handling req: ReferenceType(2).FieldsWithGeneric(14)
09:29:16.903 INFO: JdwpDebugServer: handling req: ReferenceType(2).Interfaces(10)
09:29:16.903 INFO: JdwpDebugServer: handling req: ObjectReference(9).GetValues(2)
09:29:16.903 INFO: JdwpDebugServer: handling req: ClassType(3).Superclass(1)
09:29:16.903 INFO: JdwpDebugServer: handling req: ObjectReference(9).GetValues(2)
09:29:16.903 INFO: JdwpDebugServer: handling req: ObjectReference(9).GetValues(2)
09:29:16.903 INFO: JdwpDebugServer: handling req: ObjectReference(9).GetValues(2)
09:29:16.904 INFO: JdwpDebugServer: handling req: ObjectReference(9).ReferenceType(1)
09:29:16.904 INFO: JdwpDebugServer: handling req: ReferenceType(2).Signature(1)
09:29:16.904 INFO: JdwpDebugServer: handling req: ObjectReference(9).GetValues(2)
09:29:16.904 INFO: JdwpDebugServer: handling req: ReferenceType(2).ClassLoader(2)
09:29:16.904 INFO: JdwpDebugServer: handling req: ObjectReference(9).ReferenceType(1)
09:29:16.904 INFO: JdwpDebugServer: handling req: VirtualMachine(1).ClassesBySignature(2)
09:29:16.904 INFO: JdwpDebugServer: handling req: ObjectReference(9).GetValues(2)
09:29:16.905 INFO: JdwpDebugServer: handling req: ReferenceType(2).ClassLoader(2)
09:29:16.905 INFO: JdwpDebugServer: handling req: ObjectReference(9).GetValues(2)
09:29:16.905 INFO: JdwpDebugServer: handling req: ObjectReference(9).GetValues(2)
09:29:16.905 INFO: JdwpDebugServer: handling req: ObjectReference(9).GetValues(2)
09:29:16.905 INFO: JdwpDebugServer: handling req: ObjectReference(9).GetValues(2)
09:29:16.906 INFO: JdwpDebugServer: handling req: ObjectReference(9).GetValues(2)
09:29:16.906 INFO: JdwpDebugServer: handling req: ObjectReference(9).GetValues(2)
09:29:16.906 INFO: JdwpDebugServer: handling req: ObjectReference(9).GetValues(2)
09:29:16.906 INFO: JdwpDebugServer: handling req: ObjectReference(9).GetValues(2)
09:29:16.906 INFO: JdwpDebugServer: handling req: ClassType(3).Superclass(1)
09:29:16.906 INFO: JdwpDebugServer: handling req: ObjectReference(9).ReferenceType(1)
09:29:16.906 INFO: JdwpDebugServer: handling req: ObjectReference(9).GetValues(2)
09:29:16.907 INFO: JdwpDebugServer: handling req: ObjectReference(9).GetValues(2)
09:29:16.907 INFO: JdwpDebugServer: handling req: ObjectReference(9).GetValues(2)
09:29:16.907 INFO: JdwpDebugServer: handling req: ObjectReference(9).ReferenceType(1)
09:29:16.907 INFO: JdwpDebugServer: handling req: ObjectReference(9).GetValues(2)
09:29:16.907 INFO: JdwpDebugServer: handling req: ReferenceType(2).FieldsWithGeneric(14)
09:29:16.907 INFO: JdwpDebugServer: handling req: ObjectReference(9).GetValues(2)
09:29:16.907 INFO: JdwpDebugServer: handling req: ReferenceType(2).Interfaces(10)
09:29:16.908 INFO: JdwpDebugServer: handling req: ObjectReference(9).GetValues(2)
09:29:16.908 INFO: JdwpDebugServer: handling req: ClassType(3).Superclass(1)
09:29:16.908 INFO: JdwpDebugServer: handling req: ReferenceType(2).FieldsWithGeneric(14)
09:29:16.908 INFO: JdwpDebugServer: handling req: ObjectReference(9).GetValues(2)
09:29:16.908 INFO: JdwpDebugServer: handling req: ReferenceType(2).Interfaces(10)
09:29:16.908 INFO: JdwpDebugServer: handling req: ObjectReference(9).GetValues(2)
09:29:16.908 INFO: JdwpDebugServer: handling req: ClassType(3).Superclass(1)
09:29:16.908 INFO: JdwpDebugServer: handling req: ClassType(3).Superclass(1)
09:29:16.909 INFO: JdwpDebugServer: handling req: ReferenceType(2).FieldsWithGeneric(14)
09:29:16.909 INFO: JdwpDebugServer: handling req: ObjectReference(9).GetValues(2)
09:29:16.909 INFO: JdwpDebugServer: handling req: ReferenceType(2).Interfaces(10)
09:29:16.909 INFO: JdwpDebugServer: handling req: ObjectReference(9).GetValues(2)
09:29:16.909 INFO: JdwpDebugServer: handling req: ClassType(3).Superclass(1)
09:29:16.909 INFO: JdwpDebugServer: handling req: ObjectReference(9).GetValues(2)
09:29:16.910 INFO: JdwpDebugServer: handling req: ObjectReference(9).GetValues(2)
09:29:16.910 INFO: JdwpDebugServer: handling req: ObjectReference(9).GetValues(2)
09:29:16.910 INFO: JdwpDebugServer: handling req: ObjectReference(9).ReferenceType(1)
09:29:16.910 INFO: JdwpDebugServer: handling req: ObjectReference(9).GetValues(2)
09:29:16.910 INFO: JdwpDebugServer: handling req: ReferenceType(2).FieldsWithGeneric(14)
09:29:16.910 INFO: JdwpDebugServer: handling req: ObjectReference(9).GetValues(2)
09:29:16.911 INFO: JdwpDebugServer: handling req: ReferenceType(2).Interfaces(10)
09:29:16.911 INFO: JdwpDebugServer: handling req: ObjectReference(9).GetValues(2)
09:29:16.911 INFO: JdwpDebugServer: handling req: ClassType(3).Superclass(1)
09:29:16.911 INFO: JdwpDebugServer: handling req: ClassType(3).Superclass(1)
09:29:16.911 INFO: JdwpDebugServer: handling req: ReferenceType(2).FieldsWithGeneric(14)
09:29:16.911 INFO: JdwpDebugServer: handling req: ObjectReference(9).GetValues(2)
09:29:16.911 INFO: JdwpDebugServer: handling req: ReferenceType(2).Interfaces(10)
09:29:16.911 INFO: JdwpDebugServer: handling req: ObjectReference(9).GetValues(2)
09:29:16.912 INFO: JdwpDebugServer: handling req: ClassType(3).Superclass(1)
09:29:16.912 INFO: JdwpDebugServer: handling req: ObjectReference(9).GetValues(2)
09:29:16.912 INFO: JdwpDebugServer: handling req: ObjectReference(9).GetValues(2)
09:29:16.912 INFO: JdwpDebugServer: handling req: ObjectReference(9).GetValues(2)
09:29:16.912 INFO: JdwpDebugServer: handling req: ObjectReference(9).GetValues(2)
09:29:16.913 INFO: JdwpDebugServer: handling req: ObjectReference(9).GetValues(2)
09:29:16.913 INFO: JdwpDebugServer: handling req: ObjectReference(9).GetValues(2)
09:29:16.914 INFO: JdwpDebugServer: handling req: ObjectReference(9).GetValues(2)
09:29:16.914 INFO: JdwpDebugServer: handling req: ObjectReference(9).ReferenceType(1)
09:29:16.914 INFO: JdwpDebugServer: handling req: ObjectReference(9).GetValues(2)
09:29:16.915 INFO: JdwpDebugServer: handling req: ObjectReference(9).GetValues(2)
09:29:16.915 INFO: JdwpDebugServer: handling req: ArrayReference(13).Length(1)
09:29:16.915 INFO: JdwpDebugServer: handling req: ObjectReference(9).GetValues(2)
09:29:16.916 INFO: JdwpDebugServer: handling req: ObjectReference(9).GetValues(2)
09:29:16.916 INFO: JdwpDebugServer: handling req: ObjectReference(9).GetValues(2)
09:29:16.917 INFO: JdwpDebugServer: handling req: ObjectReference(9).ReferenceType(1)
09:29:16.917 INFO: JdwpDebugServer: handling req: ObjectReference(9).GetValues(2)
09:29:16.918 INFO: JdwpDebugServer: handling req: ObjectReference(9).GetValues(2)
09:29:16.918 INFO: JdwpDebugServer: handling req: ObjectReference(9).ReferenceType(1)
09:29:16.918 INFO: JdwpDebugServer: handling req: ObjectReference(9).GetValues(2)
09:29:16.918 INFO: JdwpDebugServer: handling req: ObjectReference(9).ReferenceType(1)
09:29:16.919 INFO: JdwpDebugServer: handling req: ObjectReference(9).GetValues(2)
09:29:16.919 INFO: JdwpDebugServer: handling req: ObjectReference(9).GetValues(2)
09:29:16.919 INFO: JdwpDebugServer: handling req: ObjectReference(9).GetValues(2)
09:29:16.919 INFO: JdwpDebugServer: handling req: ObjectReference(9).GetValues(2)
09:29:16.920 INFO: JdwpDebugServer: handling req: ObjectReference(9).ReferenceType(1)
09:29:16.920 INFO: JdwpDebugServer: handling req: ObjectReference(9).GetValues(2)
09:29:16.920 INFO: JdwpDebugServer: handling req: ObjectReference(9).GetValues(2)
09:29:16.921 INFO: JdwpDebugServer: handling req: ClassType(3).Superclass(1)
09:29:16.921 INFO: JdwpDebugServer: handling req: ObjectReference(9).GetValues(2)
09:29:16.921 INFO: JdwpDebugServer: handling req: ObjectReference(9).GetValues(2)
09:29:16.921 INFO: JdwpDebugServer: handling req: ObjectReference(9).GetValues(2)
09:29:16.922 INFO: JdwpDebugServer: handling req: StringReference(10).Value(1)
09:29:16.922 INFO: JdwpDebugServer: handling req: ObjectReference(9).GetValues(2)
09:29:16.922 INFO: JdwpDebugServer: handling req: ObjectReference(9).GetValues(2)
09:29:16.923 INFO: JdwpDebugServer: handling req: ObjectReference(9).GetValues(2)
09:29:16.923 INFO: JdwpDebugServer: handling req: ObjectReference(9).GetValues(2)
09:29:16.924 INFO: JdwpDebugServer: handling req: ObjectReference(9).GetValues(2)
09:29:16.924 INFO: JdwpDebugServer: handling req: ObjectReference(9).GetValues(2)
09:29:16.924 INFO: JdwpDebugServer: handling req: ObjectReference(9).GetValues(2)
09:29:16.925 INFO: JdwpDebugServer: handling req: ObjectReference(9).GetValues(2)
09:29:16.926 INFO: JdwpDebugServer: handling req: ThreadReference(11).Name(1)
09:29:16.926 INFO: JdwpDebugServer: handling req: ObjectReference(9).GetValues(2)
09:29:16.926 INFO: JdwpDebugServer: handling req: ThreadReference(11).Name(1)
09:29:16.926 INFO: JdwpDebugServer: handling req: ObjectReference(9).GetValues(2)
09:29:16.927 INFO: JdwpDebugServer: handling req: ThreadReference(11).Name(1)
09:29:16.927 INFO: JdwpDebugServer: handling req: ObjectReference(9).GetValues(2)
09:29:16.927 INFO: JdwpDebugServer: handling req: ThreadReference(11).Name(1)
09:29:16.927 INFO: JdwpDebugServer: handling req: ObjectReference(9).GetValues(2)
09:29:16.928 INFO: JdwpDebugServer: handling req: ObjectReference(9).GetValues(2)
09:29:16.928 INFO: JdwpDebugServer: handling req: ObjectReference(9).GetValues(2)
09:29:16.929 INFO: JdwpDebugServer: handling req: ObjectReference(9).GetValues(2)
09:29:16.929 INFO: JdwpDebugServer: handling req: ObjectReference(9).GetValues(2)
09:29:16.930 INFO: JdwpDebugServer: handling req: ThreadReference(11).FramesCount(7)
09:29:16.931 INFO: JdwpDebugServer: handling req: ObjectReference(9).GetValues(2)
09:29:16.932 INFO: JdwpDebugServer: handling req: ObjectReference(9).GetValues(2)
09:29:16.932 INFO: JdwpDebugServer: handling req: ClassType(3).Superclass(1)
09:29:16.932 INFO: JdwpDebugServer: handling req: ObjectReference(9).GetValues(2)
09:29:16.933 INFO: JdwpDebugServer: handling req: ObjectReference(9).GetValues(2)
09:29:16.933 INFO: JdwpDebugServer: handling req: ObjectReference(9).GetValues(2)
09:29:16.933 INFO: JdwpDebugServer: handling req: StringReference(10).Value(1)
09:29:16.934 INFO: JdwpDebugServer: handling req: ObjectReference(9).GetValues(2)
09:29:16.935 INFO: JdwpDebugServer: handling req: ObjectReference(9).GetValues(2)
09:29:16.936 INFO: JdwpDebugServer: handling req: ObjectReference(9).GetValues(2)
09:29:16.936 INFO: JdwpDebugServer: handling req: ObjectReference(9).GetValues(2)
09:29:16.937 INFO: JdwpDebugServer: handling req: ClassType(3).Superclass(1)
09:29:16.937 INFO: JdwpDebugServer: handling req: ObjectReference(9).GetValues(2)
09:29:16.937 INFO: JdwpDebugServer: handling req: ObjectReference(9).GetValues(2)
09:29:16.938 INFO: JdwpDebugServer: handling req: ObjectReference(9).GetValues(2)
09:29:16.938 INFO: JdwpDebugServer: handling req: ObjectReference(9).GetValues(2)
09:29:16.938 INFO: JdwpDebugServer: handling req: ObjectReference(9).GetValues(2)
09:29:16.938 INFO: JdwpDebugServer: handling req: ObjectReference(9).GetValues(2)
09:29:16.939 INFO: JdwpDebugServer: handling req: ObjectReference(9).GetValues(2)
09:29:16.939 INFO: JdwpDebugServer: handling req: ClassType(3).Superclass(1)
09:29:16.939 INFO: JdwpDebugServer: handling req: ObjectReference(9).GetValues(2)
09:29:16.940 INFO: JdwpDebugServer: handling req: ObjectReference(9).GetValues(2)
09:29:16.940 INFO: JdwpDebugServer: handling req: ObjectReference(9).GetValues(2)
09:29:16.940 INFO: JdwpDebugServer: handling req: ObjectReference(9).GetValues(2)
09:29:16.941 INFO: JdwpDebugServer: handling req: ObjectReference(9).GetValues(2)
09:29:16.941 INFO: JdwpDebugServer: handling req: ObjectReference(9).GetValues(2)
09:29:16.941 INFO: JdwpDebugServer: handling req: ObjectReference(9).GetValues(2)
09:29:16.942 INFO: JdwpDebugServer: handling req: ObjectReference(9).GetValues(2)
09:29:16.942 INFO: JdwpDebugServer: handling req: ObjectReference(9).GetValues(2)
09:29:16.942 INFO: JdwpDebugServer: handling req: ObjectReference(9).GetValues(2)
09:29:16.943 INFO: JdwpDebugServer: handling req: ObjectReference(9).GetValues(2)
09:29:16.943 INFO: JdwpDebugServer: handling req: ObjectReference(9).GetValues(2)
09:29:16.944 INFO: JdwpDebugServer: handling req: ObjectReference(9).GetValues(2)
09:29:16.944 INFO: JdwpDebugServer: handling req: ObjectReference(9).GetValues(2)
09:29:16.945 INFO: JdwpDebugServer: handling req: ObjectReference(9).GetValues(2)
09:29:16.945 INFO: JdwpDebugServer: handling req: ObjectReference(9).GetValues(2)
09:29:16.946 INFO: JdwpDebugServer: handling req: ObjectReference(9).GetValues(2)
09:29:16.946 INFO: JdwpDebugServer: handling req: ObjectReference(9).GetValues(2)
09:29:16.946 INFO: JdwpDebugServer: handling req: ObjectReference(9).GetValues(2)
09:29:16.948 INFO: JdwpDebugServer: handling req: Method(6).LineTable(1)
09:29:16.949 INFO: JdwpDebugServer: handling req: StackFrame(16).ThisObject(3)
09:29:16.950 INFO: JdwpDebugServer: handling req: ObjectReference(9).ReferenceType(1)
09:29:16.950 INFO: JdwpDebugServer: handling req: Method(6).LineTable(1)
09:29:16.950 INFO: JdwpDebugServer: handling req: StackFrame(16).ThisObject(3)
09:29:16.950 INFO: JdwpDebugServer: handling req: ObjectReference(9).ReferenceType(1)
09:29:16.951 INFO: JdwpDebugServer: handling req: Method(6).LineTable(1)
09:29:16.951 INFO: JdwpDebugServer: handling req: StackFrame(16).ThisObject(3)
09:29:16.951 INFO: JdwpDebugServer: handling req: ObjectReference(9).ReferenceType(1)
09:29:16.952 INFO: JdwpDebugServer: handling req: Method(6).LineTable(1)
09:29:16.952 INFO: JdwpDebugServer: handling req: StackFrame(16).ThisObject(3)
09:29:16.952 INFO: JdwpDebugServer: handling req: ObjectReference(9).ReferenceType(1)
09:29:16.953 INFO: JdwpDebugServer: handling req: Method(6).LineTable(1)
09:29:16.953 INFO: JdwpDebugServer: handling req: ObjectReference(9).GetValues(2)
09:29:16.953 INFO: JdwpDebugServer: handling req: ObjectReference(9).GetValues(2)
09:29:16.954 INFO: JdwpDebugServer: handling req: ClassType(3).Superclass(1)
09:29:16.954 INFO: JdwpDebugServer: handling req: ObjectReference(9).GetValues(2)
09:29:16.954 INFO: JdwpDebugServer: handling req: ObjectReference(9).GetValues(2)
09:29:16.954 INFO: JdwpDebugServer: handling req: ObjectReference(9).GetValues(2)
09:29:16.955 INFO: JdwpDebugServer: handling req: ObjectReference(9).GetValues(2)
09:29:16.955 INFO: JdwpDebugServer: handling req: ObjectReference(9).GetValues(2)
09:29:16.955 INFO: JdwpDebugServer: handling req: ObjectReference(9).GetValues(2)
09:29:16.956 INFO: JdwpDebugServer: handling req: ObjectReference(9).GetValues(2)
09:29:16.956 INFO: JdwpDebugServer: handling req: ObjectReference(9).ReferenceType(1)
09:29:16.956 INFO: JdwpDebugServer: handling req: ObjectReference(9).GetValues(2)
09:29:16.957 INFO: JdwpDebugServer: handling req: ObjectReference(9).GetValues(2)
09:29:16.957 INFO: JdwpDebugServer: handling req: ObjectReference(9).GetValues(2)
09:29:16.957 INFO: JdwpDebugServer: handling req: ObjectReference(9).GetValues(2)
09:29:16.958 INFO: JdwpDebugServer: handling req: ObjectReference(9).GetValues(2)
09:29:16.958 INFO: JdwpDebugServer: handling req: ObjectReference(9).GetValues(2)
09:29:16.958 INFO: JdwpDebugServer: handling req: ObjectReference(9).GetValues(2)
09:29:16.958 INFO: JdwpDebugServer: handling req: ClassType(3).Superclass(1)
09:29:16.959 INFO: JdwpDebugServer: handling req: ObjectReference(9).GetValues(2)
09:29:16.959 INFO: JdwpDebugServer: handling req: ObjectReference(9).GetValues(2)
09:29:16.959 INFO: JdwpDebugServer: handling req: ObjectReference(9).GetValues(2)
09:29:16.960 INFO: JdwpDebugServer: handling req: ObjectReference(9).GetValues(2)
09:29:16.960 INFO: JdwpDebugServer: handling req: ObjectReference(9).GetValues(2)
09:29:16.961 INFO: JdwpDebugServer: handling req: StackFrame(16).ThisObject(3)
09:29:16.961 INFO: JdwpDebugServer: handling req: ObjectReference(9).ReferenceType(1)
09:29:16.962 INFO: JdwpDebugServer: handling req: Method(6).LineTable(1)
09:29:16.962 INFO: JdwpDebugServer: handling req: ObjectReference(9).GetValues(2)
09:29:16.963 INFO: JdwpDebugServer: handling req: ObjectReference(9).GetValues(2)
09:29:16.963 INFO: JdwpDebugServer: handling req: ClassType(3).Superclass(1)
09:29:16.963 INFO: JdwpDebugServer: handling req: ObjectReference(9).GetValues(2)
09:29:16.963 INFO: JdwpDebugServer: handling req: ObjectReference(9).GetValues(2)
09:29:16.964 INFO: JdwpDebugServer: handling req: ObjectReference(9).GetValues(2)
09:29:16.964 INFO: JdwpDebugServer: handling req: ObjectReference(9).GetValues(2)
09:29:16.965 INFO: JdwpDebugServer: handling req: ObjectReference(9).GetValues(2)
09:29:16.970 INFO: JdwpDebugServer: handling req: Method(6).LineTable(1)
09:29:16.972 INFO: JdwpDebugServer: handling req: ReferenceType(2).SignatureWithGeneric(13)
09:29:16.973 INFO: JdwpDebugServer: handling req: ObjectReference(9).GetValues(2)
09:29:16.973 INFO: JdwpDebugServer: handling req: ObjectReference(9).GetValues(2)
09:29:16.973 INFO: JdwpDebugServer: handling req: ClassType(3).Superclass(1)
09:29:16.973 INFO: JdwpDebugServer: handling req: ObjectReference(9).GetValues(2)
09:29:16.973 INFO: JdwpDebugServer: handling req: ObjectReference(9).GetValues(2)
09:29:16.974 INFO: JdwpDebugServer: handling req: ObjectReference(9).GetValues(2)
09:29:16.974 INFO: JdwpDebugServer: handling req: ObjectReference(9).GetValues(2)
09:29:16.974 INFO: JdwpDebugServer: handling req: ObjectReference(9).GetValues(2)
09:29:16.974 INFO: JdwpDebugServer: handling req: ObjectReference(9).GetValues(2)
09:29:16.975 INFO: JdwpDebugServer: handling req: ObjectReference(9).GetValues(2)
09:29:16.975 INFO: JdwpDebugServer: handling req: ObjectReference(9).GetValues(2)
09:29:16.976 INFO: JdwpDebugServer: handling req: ObjectReference(9).GetValues(2)
09:29:16.976 INFO: JdwpDebugServer: handling req: ObjectReference(9).GetValues(2)
09:29:16.976 INFO: JdwpDebugServer: handling req: ObjectReference(9).GetValues(2)
09:29:16.976 INFO: JdwpDebugServer: handling req: ObjectReference(9).GetValues(2)
09:29:16.977 INFO: JdwpDebugServer: handling req: ObjectReference(9).GetValues(2)
09:29:16.977 INFO: JdwpDebugServer: handling req: ObjectReference(9).GetValues(2)
09:29:16.977 INFO: JdwpDebugServer: handling req: ClassType(3).Superclass(1)
09:29:16.977 INFO: JdwpDebugServer: handling req: ObjectReference(9).GetValues(2)
09:29:16.977 INFO: JdwpDebugServer: handling req: ObjectReference(9).GetValues(2)
09:29:16.977 INFO: JdwpDebugServer: handling req: ObjectReference(9).GetValues(2)
09:29:16.978 INFO: JdwpDebugServer: handling req: StringReference(10).Value(1)
09:29:16.979 INFO: JdwpDebugServer: handling req: ObjectReference(9).GetValues(2)
09:29:16.979 INFO: JdwpDebugServer: handling req: ObjectReference(9).GetValues(2)
09:29:19.796 INFO: JdwpDebugServer: handling req: EventRequest(15).Clear(2)
09:29:19.799 INFO: JdwpDebugServer: handling req: EventRequest(15).Clear(2)
09:29:19.800 INFO: JdwpDebugServer: handling req: EventRequest(15).Clear(2)
09:29:19.804 INFO: JdwpDebugServer: handling req: EventRequest(15).Clear(2)
09:29:21.433 INFO: JdwpDebugServer: handling req: ThreadReference(11).Resume(3)
09:29:21.434 INFO: JdwpEventCenterDelegate: THREAD_RESUMED: thread (33, main, main)
09:29:21.462 INFO: JdwpEventCenterDelegate: THREAD_RESUMED: thread (33, main, main)
09:29:21.467 INFO: JdwpEventCenterDelegate: THREAD_RESUMED: thread (33, main, main)
09:29:21.471 INFO: JdwpEventCenterDelegate: THREAD_RESUMED: thread (33, main, main)
09:29:21.473 INFO: JdwpEventCenterDelegate: THREAD_RESUMED: thread (33, main, main)
09:29:21.474 INFO: JdwpEventCenterDelegate: THREAD_RESUMED: thread (33, main, main)
09:29:21.475 INFO: JdwpDebugServer: handling req: ThreadReference(11).Name(1)
09:29:21.476 INFO: JdwpDebugServer: handling req: ThreadReference(11).Name(1)
09:29:21.476 INFO: JdwpDebugServer: handling req: ThreadReference(11).Name(1)
09:29:21.476 INFO: JdwpEventCenterDelegate: THREAD_RESUMED: thread (33, main, main)
09:29:21.480 INFO: JdwpEventCenterDelegate: THREAD_RESUMED: thread (33, main, main)
09:29:21.500 INFO: JdwpDebugServer: handling req: ThreadReference(11).Name(1)
09:29:21.503 INFO: JdwpEventCenterDelegate: THREAD_RESUMED: thread (33, main, main)
09:29:21.519 INFO: JdwpEventCenterDelegate: THREAD_RESUMED: thread (33, main, main)
09:29:21.532 INFO: JdwpEventCenterDelegate: THREAD_RESUMED: thread (33, main, main)
09:29:21.544 INFO: JdwpEventCenterDelegate: THREAD_RESUMED: thread (33, main, main)
09:29:21.559 INFO: JdwpEventCenterDelegate: THREAD_RESUMED: thread (33, main, main)
09:29:21.576 INFO: JdwpEventCenterDelegate: THREAD_RESUMED: thread (33, main, main)
09:29:21.581 INFO: JdwpEventCenterDelegate: THREAD_RESUMED: thread (33, main, main)
09:29:21.587 INFO: JdwpEventCenterDelegate: THREAD_RESUMED: thread (33, main, main)
09:29:21.592 INFO: JdwpEventCenterDelegate: THREAD_RESUMED: thread (33, main, main)
09:29:21.597 INFO: JdwpEventCenterDelegate: THREAD_RESUMED: thread (33, main, main)
09:29:21.603 INFO: JdwpEventCenterDelegate: THREAD_RESUMED: thread (33, main, main)
09:29:21.610 INFO: JdwpEventCenterDelegate: THREAD_RESUMED: thread (33, main, main)
09:29:21.618 INFO: JdwpEventCenterDelegate: THREAD_RESUMED: thread (33, main, main)
09:29:21.623 INFO: JdwpEventCenterDelegate: THREAD_RESUMED: thread (33, main, main)
09:29:21.628 INFO: JdwpEventCenterDelegate: THREAD_RESUMED: thread (33, main, main)
09:29:21.633 INFO: JdwpEventCenterDelegate: THREAD_RESUMED: thread (33, main, main)
09:29:21.641 INFO: JdwpEventCenterDelegate: THREAD_RESUMED: thread (33, main, main)
09:29:21.647 INFO: JdwpEventCenterDelegate: THREAD_RESUMED: thread (33, main, main)
09:29:21.649 INFO: JdwpEventCenterDelegate: THREAD_RESUMED: thread (33, main, main)
09:29:21.650 INFO: JdwpEventCenterDelegate: THREAD_RESUMED: thread (33, main, main)
09:29:21.652 INFO: JdwpEventCenterDelegate: THREAD_RESUMED: thread (33, main, main)
09:29:21.654 INFO: JdwpEventCenterDelegate: THREAD_RESUMED: thread (33, main, main)
09:29:21.656 INFO: JdwpEventCenterDelegate: THREAD_RESUMED: thread (33, main, main)
09:29:21.658 INFO: JdwpEventCenterDelegate: THREAD_RESUMED: thread (33, main, main)
09:29:21.659 INFO: JdwpEventCenterDelegate: THREAD_RESUMED: thread (33, main, main)
09:29:21.660 INFO: JdwpEventCenterDelegate: THREAD_RESUMED: thread (33, main, main)
09:29:21.661 INFO: JdwpEventCenterDelegate: THREAD_RESUMED: thread (33, main, main)
09:29:21.662 INFO: JdwpEventCenterDelegate: THREAD_RESUMED: thread (33, main, main)
09:29:21.663 INFO: JdwpEventCenterDelegate: THREAD_RESUMED: thread (33, main, main)
09:29:21.665 INFO: JdwpEventCenterDelegate: THREAD_RESUMED: thread (33, main, main)
09:29:21.666 INFO: JdwpEventCenterDelegate: THREAD_RESUMED: thread (33, main, main)
09:29:21.666 INFO: JdwpEventCenterDelegate: THREAD_RESUMED: thread (33, main, main)
09:29:21.667 INFO: JdwpEventCenterDelegate: THREAD_RESUMED: thread (33, main, main)
09:29:21.668 INFO: JdwpEventCenterDelegate: THREAD_RESUMED: thread (33, main, main)
09:29:21.669 INFO: JdwpEventCenterDelegate: THREAD_RESUMED: thread (33, main, main)
09:29:21.670 INFO: JdwpEventCenterDelegate: THREAD_RESUMED: thread (33, main, main)
09:29:21.671 INFO: JdwpEventCenterDelegate: THREAD_RESUMED: thread (33, main, main)
09:29:21.672 INFO: JdwpEventCenterDelegate: THREAD_RESUMED: thread (33, main, main)
09:29:21.673 INFO: JdwpEventCenterDelegate: THREAD_RESUMED: thread (33, main, main)
09:29:21.674 INFO: JdwpEventCenterDelegate: THREAD_RESUMED: thread (33, main, main)
09:29:21.675 INFO: JdwpEventCenterDelegate: THREAD_RESUMED: thread (33, main, main)
09:29:21.676 INFO: JdwpEventCenterDelegate: THREAD_RESUMED: thread (33, main, main)
09:29:21.677 INFO: JdwpEventCenterDelegate: THREAD_RESUMED: thread (33, main, main)
09:29:21.678 INFO: JdwpEventCenterDelegate: THREAD_RESUMED: thread (33, main, main)
09:29:21.678 INFO: JdwpEventCenterDelegate: THREAD_RESUMED: thread (33, main, main)
09:29:21.679 INFO: JdwpEventCenterDelegate: THREAD_RESUMED: thread (33, main, main)
09:29:21.680 INFO: JdwpEventCenterDelegate: THREAD_RESUMED: thread (33, main, main)
09:29:21.681 INFO: JdwpEventCenterDelegate: THREAD_RESUMED: thread (33, main, main)
09:29:21.682 INFO: JdwpEventCenterDelegate: THREAD_RESUMED: thread (33, main, main)
09:29:21.683 INFO: JdwpEventCenterDelegate: THREAD_RESUMED: thread (33, main, main)
09:29:21.684 INFO: JdwpEventCenterDelegate: THREAD_RESUMED: thread (33, main, main)
09:29:21.685 INFO: JdwpEventCenterDelegate: THREAD_RESUMED: thread (33, main, main)
09:29:21.686 INFO: JdwpEventCenterDelegate: THREAD_RESUMED: thread (33, main, main)
09:29:21.687 INFO: JdwpEventCenterDelegate: THREAD_RESUMED: thread (33, main, main)
09:29:21.688 INFO: JdwpEventCenterDelegate: THREAD_RESUMED: thread (33, main, main)
09:29:21.689 INFO: JdwpEventCenterDelegate: THREAD_RESUMED: thread (33, main, main)
09:29:21.690 INFO: JdwpEventCenterDelegate: THREAD_RESUMED: thread (33, main, main)
09:29:21.690 INFO: JdwpEventCenterDelegate: THREAD_RESUMED: thread (33, main, main)
09:29:21.691 INFO: JdwpEventCenterDelegate: THREAD_RESUMED: thread (33, main, main)
09:29:21.692 INFO: JdwpEventCenterDelegate: THREAD_RESUMED: thread (33, main, main)
09:29:21.693 INFO: JdwpEventCenterDelegate: THREAD_RESUMED: thread (33, main, main)
09:29:21.694 INFO: JdwpEventCenterDelegate: THREAD_RESUMED: thread (33, main, main)
09:29:21.695 INFO: JdwpEventCenterDelegate: THREAD_RESUMED: thread (33, main, main)
09:29:21.696 INFO: JdwpEventCenterDelegate: THREAD_RESUMED: thread (33, main, main)
09:29:21.696 INFO: JdwpEventCenterDelegate: THREAD_RESUMED: thread (33, main, main)
09:29:21.697 INFO: JdwpEventCenterDelegate: THREAD_RESUMED: thread (33, main, main)
09:29:21.698 INFO: JdwpEventCenterDelegate: THREAD_RESUMED: thread (33, main, main)
09:29:21.699 INFO: JdwpEventCenterDelegate: THREAD_RESUMED: thread (33, main, main)
09:29:21.700 INFO: JdwpEventCenterDelegate: THREAD_RESUMED: thread (33, main, main)
09:29:21.701 INFO: JdwpEventCenterDelegate: THREAD_RESUMED: thread (33, main, main)
09:29:21.702 INFO: JdwpEventCenterDelegate: THREAD_RESUMED: thread (33, main, main)
09:29:22.029 INFO: JdwpEventCenterDelegate: THREAD_RESUMED: thread (33, main, main)
09:29:22.046 INFO: JdwpEventCenterDelegate: THREAD_RESUMED: thread (33, main, main)
09:29:22.047 INFO: JdwpEventCenterDelegate: THREAD_RESUMED: thread (33, main, main)
09:29:22.048 INFO: JdwpEventCenterDelegate: THREAD_RESUMED: thread (33, main, main)
09:29:22.234 INFO: JdwpEventCenterDelegate: THREAD_RESUMED: thread (33, main, main)
09:29:22.235 INFO: JdwpEventCenterDelegate: THREAD_RESUMED: thread (33, main, main)
09:29:22.273 INFO: JdwpEventCenterDelegate: THREAD_RESUMED: thread (33, main, main)
09:29:22.274 INFO: JdwpEventCenterDelegate: THREAD_RESUMED: thread (33, main, main)
09:29:22.296 INFO: JdwpDebugServer: handling req: EventRequest(15).Set(1)
09:29:22.296 INFO: JdwpEventCenterDelegate: jdwpSetEventRequest: JdwpEventRequest{requestId=132, eventKind=BREAKPOINT, suspendPolicy=EVENT_THREAD, predicates=[Location{classId=13310, methodId=1612, index=168} ]}
09:29:22.297 INFO: JdwpDebugServer: handling req: ThreadReference(11).Resume(3)
09:29:22.297 INFO: JdwpEventCenterDelegate: THREAD_RESUMED: thread (33, main, main)
09:29:22.299 INFO: JdwpEventCenterDelegate: THREAD_RESUMED: thread (33, main, main)
09:29:22.300 INFO: JdwpEventCenterDelegate: THREAD_RESUMED: thread (33, main, main)
09:29:22.301 INFO: JdwpEventCenterDelegate: THREAD_RESUMED: thread (33, main, main)
09:29:22.302 INFO: JdwpEventCenterDelegate: THREAD_RESUMED: thread (33, main, main)
09:29:22.303 INFO: JdwpEventCenterDelegate: THREAD_RESUMED: thread (33, main, main)
09:29:22.304 INFO: JdwpEventCenterDelegate: THREAD_RESUMED: thread (33, main, main)
09:29:22.312 INFO: JdwpDebugServer: handling req: ReferenceType(2).MethodsWithGeneric(15)
09:29:22.312 INFO: JdwpDebugServer: handling req: Method(6).LineTable(1)
09:29:22.312 INFO: JdwpDebugServer: handling req: Method(6).LineTable(1)
09:29:22.312 INFO: JdwpDebugServer: handling req: Method(6).LineTable(1)
09:29:22.312 INFO: JdwpDebugServer: handling req: Method(6).LineTable(1)
09:29:22.312 INFO: JdwpDebugServer: handling req: Method(6).LineTable(1)
09:29:22.312 INFO: JdwpDebugServer: handling req: ThreadReference(11).Resume(3)
09:29:22.313 INFO: JdwpEventCenterDelegate: THREAD_RESUMED: thread (33, main, main)
09:29:22.315 INFO: JdwpDebugServer: handling req: ReferenceType(2).MethodsWithGeneric(15)
09:29:22.315 INFO: JdwpDebugServer: handling req: Method(6).LineTable(1)
09:29:22.315 INFO: JdwpDebugServer: handling req: Method(6).LineTable(1)
09:29:22.316 INFO: JdwpDebugServer: handling req: ThreadReference(11).Resume(3)
09:29:22.316 INFO: JdwpEventCenterDelegate: THREAD_RESUMED: thread (33, main, main)
09:29:22.317 INFO: JdwpDebugServer: handling req: ReferenceType(2).MethodsWithGeneric(15)
09:29:22.317 INFO: JdwpDebugServer: handling req: Method(6).LineTable(1)
09:29:22.317 INFO: JdwpDebugServer: handling req: Method(6).LineTable(1)
09:29:22.317 INFO: JdwpDebugServer: handling req: ThreadReference(11).Resume(3)
09:29:22.318 INFO: JdwpEventCenterDelegate: THREAD_RESUMED: thread (33, main, main)
09:29:22.321 INFO: JdwpDebugServer: handling req: ThreadReference(11).Frames(6)
09:29:22.321 INFO: JdwpDebugServer: handling req: ReferenceType(2).MethodsWithGeneric(15)
09:29:22.322 INFO: JdwpDebugServer: handling req: ReferenceType(2).MethodsWithGeneric(15)
09:29:22.322 INFO: JdwpDebugServer: handling req: ReferenceType(2).MethodsWithGeneric(15)
09:29:22.323 INFO: JdwpDebugServer: handling req: ThreadReference(11).FramesCount(7)
09:29:22.323 INFO: JdwpDebugServer: handling req: ThreadReference(11).FramesCount(7)
09:29:22.355 INFO: JdwpDebugServer: handling req: ThreadReference(11).Name(1)
09:29:22.355 INFO: JdwpDebugServer: handling req: ReferenceType(2).SignatureWithGeneric(13)
09:29:22.355 INFO: JdwpDebugServer: handling req: StackFrame(16).ThisObject(3)
09:29:22.356 INFO: JdwpDebugServer: handling req: ObjectReference(9).ReferenceType(1)
09:29:22.357 INFO: JdwpDebugServer: handling req: ThreadReference(11).Name(1)
09:29:22.360 INFO: JdwpDebugServer: handling req: ThreadReference(11).Name(1)
09:29:22.361 INFO: JdwpDebugServer: handling req: ThreadReference(11).Name(1)
09:29:22.362 INFO: JdwpDebugServer: handling req: ThreadReference(11).Name(1)
09:29:22.372 INFO: JdwpDebugServer: handling req: ThreadReference(11).FramesCount(7)
09:29:22.372 INFO: JdwpDebugServer: handling req: Method(6).VariableTableWithGenerics(5)
09:29:22.373 INFO: JdwpDebugServer: handling req: ThreadReference(11).Name(1)
09:29:22.373 INFO: JdwpDebugServer: handling req: ThreadReference(11).FramesCount(7)
09:29:22.375 INFO: JdwpDebugServer: handling req: StackFrame(16).ThisObject(3)
09:29:22.375 INFO: JdwpDebugServer: handling req: ObjectReference(9).ReferenceType(1)
09:29:22.375 INFO: JdwpDebugServer: handling req: Method(6).LineTable(1)
09:29:22.376 INFO: JdwpDebugServer: handling req: StackFrame(16).ThisObject(3)
09:29:22.376 INFO: JdwpDebugServer: handling req: ObjectReference(9).ReferenceType(1)
09:29:22.376 INFO: JdwpDebugServer: handling req: Method(6).LineTable(1)
09:29:22.377 INFO: JdwpDebugServer: handling req: StackFrame(16).ThisObject(3)
09:29:22.377 INFO: JdwpDebugServer: handling req: ObjectReference(9).ReferenceType(1)
09:29:22.377 INFO: JdwpDebugServer: handling req: Method(6).LineTable(1)
09:29:22.377 INFO: JdwpDebugServer: handling req: StackFrame(16).ThisObject(3)
09:29:22.377 INFO: JdwpDebugServer: handling req: ObjectReference(9).ReferenceType(1)
09:29:22.378 INFO: JdwpDebugServer: handling req: Method(6).LineTable(1)
09:29:22.378 INFO: JdwpDebugServer: handling req: StackFrame(16).ThisObject(3)
09:29:22.378 INFO: JdwpDebugServer: handling req: ObjectReference(9).ReferenceType(1)
09:29:22.378 INFO: JdwpDebugServer: handling req: Method(6).LineTable(1)
09:29:22.378 INFO: JdwpDebugServer: handling req: StackFrame(16).ThisObject(3)
09:29:22.379 INFO: JdwpDebugServer: handling req: ObjectReference(9).ReferenceType(1)
09:29:22.379 INFO: JdwpDebugServer: handling req: Method(6).LineTable(1)
09:29:22.379 INFO: JdwpDebugServer: handling req: StackFrame(16).ThisObject(3)
09:29:22.379 INFO: JdwpDebugServer: handling req: ObjectReference(9).ReferenceType(1)
09:29:22.379 INFO: JdwpDebugServer: handling req: Method(6).LineTable(1)
09:29:22.379 INFO: JdwpDebugServer: handling req: StackFrame(16).ThisObject(3)
09:29:22.380 INFO: JdwpDebugServer: handling req: ObjectReference(9).ReferenceType(1)
09:29:22.380 INFO: JdwpDebugServer: handling req: StackFrame(16).ThisObject(3)
09:29:22.380 INFO: JdwpDebugServer: handling req: ObjectReference(9).ReferenceType(1)
09:29:22.390 INFO: JdwpDebugServer: handling req: ReferenceType(2).FieldsWithGeneric(14)
09:29:22.390 INFO: JdwpDebugServer: handling req: ReferenceType(2).Modifiers(3)
09:29:22.390 INFO: JdwpDebugServer: handling req: ReferenceType(2).Interfaces(10)
09:29:22.390 INFO: JdwpDebugServer: handling req: ClassType(3).Superclass(1)
09:29:22.390 INFO: JdwpDebugServer: handling req: ClassType(3).Superclass(1)
09:29:22.390 INFO: JdwpDebugServer: handling req: ClassType(3).Superclass(1)
09:29:22.390 INFO: JdwpDebugServer: handling req: ReferenceType(2).FieldsWithGeneric(14)
09:29:22.391 INFO: JdwpDebugServer: handling req: ClassType(3).Superclass(1)
09:29:22.391 INFO: JdwpDebugServer: handling req: ReferenceType(2).Interfaces(10)
09:29:22.391 INFO: JdwpDebugServer: handling req: ClassType(3).Superclass(1)
09:29:22.391 INFO: JdwpDebugServer: handling req: ReferenceType(2).FieldsWithGeneric(14)
09:29:22.391 INFO: JdwpDebugServer: handling req: ReferenceType(2).Interfaces(10)
09:29:22.391 INFO: JdwpDebugServer: handling req: ReferenceType(2).Interfaces(10)
09:29:22.391 INFO: JdwpDebugServer: handling req: ReferenceType(2).Interfaces(10)
09:29:22.391 INFO: JdwpDebugServer: handling req: ReferenceType(2).FieldsWithGeneric(14)
09:29:22.392 INFO: JdwpDebugServer: handling req: StackFrame(16).GetValues(1)
09:29:22.392 INFO: JdwpDebugServer: handling req: StackFrame(16).GetValues(1)
09:29:22.392 INFO: JdwpDebugServer: handling req: ObjectReference(9).ReferenceType(1)
09:29:22.392 INFO: JdwpDebugServer: handling req: StackFrame(16).GetValues(1)
09:29:22.392 INFO: JdwpDebugServer: handling req: ClassType(3).Superclass(1)
09:29:22.393 INFO: JdwpDebugServer: handling req: StackFrame(16).GetValues(1)
09:29:22.393 INFO: JdwpDebugServer: handling req: ObjectReference(9).ReferenceType(1)
09:29:22.393 INFO: JdwpDebugServer: handling req: StackFrame(16).GetValues(1)
09:29:22.393 INFO: JdwpDebugServer: handling req: ReferenceType(2).FieldsWithGeneric(14)
09:29:22.393 INFO: JdwpDebugServer: handling req: StackFrame(16).GetValues(1)
09:29:22.393 INFO: JdwpDebugServer: handling req: ReferenceType(2).Interfaces(10)
09:29:22.393 INFO: JdwpDebugServer: handling req: StackFrame(16).GetValues(1)
09:29:22.393 INFO: JdwpDebugServer: handling req: ClassType(3).Superclass(1)
09:29:22.393 INFO: JdwpDebugServer: handling req: StackFrame(16).GetValues(1)
09:29:22.394 INFO: JdwpDebugServer: handling req: StackFrame(16).GetValues(1)
09:29:22.394 INFO: JdwpDebugServer: handling req: StackFrame(16).GetValues(1)
09:29:22.394 INFO: JdwpDebugServer: handling req: StackFrame(16).GetValues(1)
09:29:22.394 INFO: JdwpDebugServer: handling req: ClassType(3).Superclass(1)
09:29:22.394 INFO: JdwpDebugServer: handling req: StackFrame(16).GetValues(1)
09:29:22.395 INFO: JdwpDebugServer: handling req: StackFrame(16).GetValues(1)
09:29:22.395 INFO: JdwpDebugServer: handling req: StackFrame(16).GetValues(1)
09:29:22.395 INFO: JdwpDebugServer: handling req: StackFrame(16).GetValues(1)
09:29:22.395 INFO: JdwpDebugServer: handling req: StackFrame(16).GetValues(1)
09:29:22.427 INFO: JdwpDebugServer: handling req: ReferenceType(2).SourceFile(7)
09:29:29.127 INFO: JdwpDebugServer: handling req: StackFrame(16).GetValues(1)
09:29:29.127 INFO: JdwpDebugServer: handling req: ClassType(3).Superclass(1)
09:29:29.127 INFO: JdwpDebugServer: handling req: ReferenceType(2).MethodsWithGeneric(15)
09:29:29.128 INFO: JdwpDebugServer: handling req: ReferenceType(2).MethodsWithGeneric(15)
09:29:29.128 INFO: JdwpDebugServer: handling req: ReferenceType(2).MethodsWithGeneric(15)
09:29:29.128 INFO: JdwpDebugServer: handling req: ClassType(3).Superclass(1)
09:29:29.128 INFO: JdwpDebugServer: handling req: ReferenceType(2).ClassLoader(2)
09:29:29.128 INFO: JdwpDebugServer: handling req: ObjectReference(9).InvokeMethod(6)
09:29:29.130 INFO: JdwpDebugServer: handling req: ThreadReference(11).Frames(6)
09:29:29.130 INFO: JdwpDebugServer: handling req: StringReference(10).Value(1)
09:29:29.135 INFO: JdwpDebugServer: handling req: ThreadReference(11).Name(1)
09:29:29.135 INFO: JdwpDebugServer: handling req: StackFrame(16).ThisObject(3)
09:29:29.135 INFO: JdwpDebugServer: handling req: ObjectReference(9).ReferenceType(1)
09:29:29.153 INFO: JdwpDebugServer: handling req: StackFrame(16).GetValues(1)
09:29:29.154 INFO: JdwpDebugServer: handling req: ReferenceType(2).SourceFile(7)
09:29:29.154 INFO: JdwpDebugServer: handling req: StackFrame(16).GetValues(1)
09:29:29.154 INFO: JdwpDebugServer: handling req: StackFrame(16).GetValues(1)
09:29:30.496 INFO: JdwpDebugServer: handling req: StackFrame(16).GetValues(1)
09:29:30.496 INFO: JdwpDebugServer: handling req: ClassType(3).Superclass(1)
09:29:30.533 INFO: JdwpDebugServer: handling req: StackFrame(16).GetValues(1)
09:29:30.534 INFO: JdwpDebugServer: handling req: ClassType(3).Superclass(1)
09:29:30.537 INFO: JdwpDebugServer: handling req: ObjectReference(9).GetValues(2)
09:29:30.538 INFO: JdwpDebugServer: handling req: ObjectReference(9).GetValues(2)
09:29:30.538 INFO: JdwpDebugServer: handling req: ObjectReference(9).GetValues(2)
09:29:30.538 INFO: JdwpDebugServer: handling req: ObjectReference(9).GetValues(2)
09:29:30.538 INFO: JdwpDebugServer: handling req: ObjectReference(9).ReferenceType(1)
09:29:30.538 INFO: JdwpDebugServer: handling req: ObjectReference(9).GetValues(2)
09:29:30.538 INFO: JdwpDebugServer: handling req: ObjectReference(9).GetValues(2)
09:29:30.538 INFO: JdwpDebugServer: handling req: ObjectReference(9).GetValues(2)
09:29:30.538 INFO: JdwpDebugServer: handling req: ObjectReference(9).ReferenceType(1)
09:29:30.538 INFO: JdwpDebugServer: handling req: ObjectReference(9).GetValues(2)
09:29:30.539 INFO: JdwpDebugServer: handling req: ObjectReference(9).GetValues(2)
09:29:30.539 INFO: JdwpDebugServer: handling req: ObjectReference(9).GetValues(2)
09:29:30.539 INFO: JdwpDebugServer: handling req: ObjectReference(9).ReferenceType(1)
09:29:30.539 INFO: JdwpDebugServer: handling req: ObjectReference(9).GetValues(2)
09:29:30.539 INFO: JdwpDebugServer: handling req: ObjectReference(9).GetValues(2)
09:29:30.539 INFO: JdwpDebugServer: handling req: ObjectReference(9).GetValues(2)
09:29:30.539 INFO: JdwpDebugServer: handling req: ObjectReference(9).GetValues(2)
09:29:30.539 INFO: JdwpDebugServer: handling req: ObjectReference(9).GetValues(2)
09:29:30.539 INFO: JdwpDebugServer: handling req: ObjectReference(9).ReferenceType(1)
09:29:30.539 INFO: JdwpDebugServer: handling req: ClassType(3).Superclass(1)
09:29:30.540 INFO: JdwpDebugServer: handling req: ObjectReference(9).GetValues(2)
09:29:30.540 INFO: JdwpDebugServer: handling req: ObjectReference(9).GetValues(2)
09:29:30.540 INFO: JdwpDebugServer: handling req: ObjectReference(9).GetValues(2)
09:29:30.540 INFO: JdwpDebugServer: handling req: ObjectReference(9).GetValues(2)
09:29:30.540 INFO: JdwpDebugServer: handling req: ObjectReference(9).GetValues(2)
09:29:30.540 INFO: JdwpDebugServer: handling req: ObjectReference(9).GetValues(2)
09:29:30.540 INFO: JdwpDebugServer: handling req: ObjectReference(9).ReferenceType(1)
09:29:30.540 INFO: JdwpDebugServer: handling req: ObjectReference(9).GetValues(2)
09:29:30.540 INFO: JdwpDebugServer: handling req: ObjectReference(9).GetValues(2)
09:29:30.541 INFO: JdwpDebugServer: handling req: ObjectReference(9).ReferenceType(1)
09:29:30.541 INFO: JdwpDebugServer: handling req: ObjectReference(9).GetValues(2)
09:29:30.541 INFO: JdwpDebugServer: handling req: ObjectReference(9).GetValues(2)
09:29:30.541 INFO: JdwpDebugServer: handling req: ObjectReference(9).GetValues(2)
09:29:30.541 INFO: JdwpDebugServer: handling req: ObjectReference(9).ReferenceType(1)
09:29:30.541 INFO: JdwpDebugServer: handling req: ObjectReference(9).GetValues(2)
09:29:30.541 INFO: JdwpDebugServer: handling req: ObjectReference(9).GetValues(2)
09:29:30.541 INFO: JdwpDebugServer: handling req: ClassType(3).Superclass(1)
09:29:30.541 INFO: JdwpDebugServer: handling req: ObjectReference(9).GetValues(2)
09:29:30.541 INFO: JdwpDebugServer: handling req: ObjectReference(9).GetValues(2)
09:29:30.542 INFO: JdwpDebugServer: handling req: ObjectReference(9).GetValues(2)
09:29:30.542 INFO: JdwpDebugServer: handling req: ObjectReference(9).GetValues(2)
09:29:30.542 INFO: JdwpDebugServer: handling req: ObjectReference(9).ReferenceType(1)
09:29:30.542 INFO: JdwpDebugServer: handling req: ObjectReference(9).GetValues(2)
09:29:30.542 INFO: JdwpDebugServer: handling req: ObjectReference(9).GetValues(2)
09:29:30.542 INFO: JdwpDebugServer: handling req: ObjectReference(9).GetValues(2)
09:29:30.542 INFO: JdwpDebugServer: handling req: ObjectReference(9).GetValues(2)
09:29:30.542 INFO: JdwpDebugServer: handling req: ObjectReference(9).ReferenceType(1)
09:29:30.542 INFO: JdwpDebugServer: handling req: ObjectReference(9).GetValues(2)
09:29:30.543 INFO: JdwpDebugServer: handling req: ObjectReference(9).GetValues(2)
09:29:30.543 INFO: JdwpDebugServer: handling req: ObjectReference(9).GetValues(2)
09:29:30.543 INFO: JdwpDebugServer: handling req: ClassType(3).Superclass(1)
09:29:30.543 INFO: JdwpDebugServer: handling req: ObjectReference(9).GetValues(2)
09:29:30.543 INFO: JdwpDebugServer: handling req: ObjectReference(9).GetValues(2)
09:29:30.544 INFO: JdwpDebugServer: handling req: ObjectReference(9).GetValues(2)
09:29:30.544 INFO: JdwpDebugServer: handling req: ObjectReference(9).GetValues(2)
09:29:30.545 INFO: JdwpDebugServer: handling req: ObjectReference(9).GetValues(2)
09:29:30.545 INFO: JdwpDebugServer: handling req: ObjectReference(9).GetValues(2)
09:29:30.545 INFO: JdwpDebugServer: handling req: ObjectReference(9).GetValues(2)
09:29:30.545 INFO: JdwpDebugServer: handling req: ObjectReference(9).GetValues(2)
09:29:30.545 INFO: JdwpDebugServer: handling req: ObjectReference(9).GetValues(2)
09:29:30.546 INFO: JdwpDebugServer: handling req: ObjectReference(9).GetValues(2)
09:29:30.546 INFO: JdwpDebugServer: handling req: ObjectReference(9).GetValues(2)
09:29:30.546 INFO: JdwpDebugServer: handling req: ObjectReference(9).GetValues(2)
09:29:30.547 INFO: JdwpDebugServer: handling req: ObjectReference(9).GetValues(2)
09:29:30.547 INFO: JdwpDebugServer: handling req: ObjectReference(9).GetValues(2)
09:29:30.547 INFO: JdwpDebugServer: handling req: ClassType(3).Superclass(1)
09:29:30.547 INFO: JdwpDebugServer: handling req: ObjectReference(9).GetValues(2)
09:29:30.547 INFO: JdwpDebugServer: handling req: ObjectReference(9).GetValues(2)
09:29:30.547 INFO: JdwpDebugServer: handling req: ObjectReference(9).GetValues(2)
09:29:30.548 INFO: JdwpDebugServer: handling req: StringReference(10).Value(1)
09:29:30.549 INFO: JdwpDebugServer: handling req: ObjectReference(9).GetValues(2)
09:29:30.549 INFO: JdwpDebugServer: handling req: ObjectReference(9).GetValues(2)
09:29:30.549 INFO: JdwpDebugServer: handling req: ObjectReference(9).GetValues(2)
09:29:30.549 INFO: JdwpDebugServer: handling req: ObjectReference(9).GetValues(2)
09:29:30.550 INFO: JdwpDebugServer: handling req: ObjectReference(9).GetValues(2)
09:29:30.550 INFO: JdwpDebugServer: handling req: ObjectReference(9).GetValues(2)
09:29:30.550 INFO: JdwpDebugServer: handling req: ObjectReference(9).GetValues(2)
09:29:30.551 INFO: JdwpDebugServer: handling req: ObjectReference(9).GetValues(2)
09:29:30.551 INFO: JdwpDebugServer: handling req: ObjectReference(9).GetValues(2)
09:29:30.551 INFO: JdwpDebugServer: handling req: ObjectReference(9).GetValues(2)
09:29:30.551 INFO: JdwpDebugServer: handling req: ObjectReference(9).GetValues(2)
09:29:30.552 INFO: JdwpDebugServer: handling req: ObjectReference(9).GetValues(2)
09:29:30.552 INFO: JdwpDebugServer: handling req: ObjectReference(9).GetValues(2)
09:29:30.552 INFO: JdwpDebugServer: handling req: ObjectReference(9).GetValues(2)
09:29:30.552 INFO: JdwpDebugServer: handling req: ObjectReference(9).GetValues(2)
09:29:30.553 INFO: JdwpDebugServer: handling req: ObjectReference(9).GetValues(2)
09:29:30.553 INFO: JdwpDebugServer: handling req: ObjectReference(9).GetValues(2)
09:29:30.553 INFO: JdwpDebugServer: handling req: ObjectReference(9).GetValues(2)
09:29:30.553 INFO: JdwpDebugServer: handling req: ClassType(3).Superclass(1)
09:29:30.553 INFO: JdwpDebugServer: handling req: ObjectReference(9).GetValues(2)
09:29:30.554 INFO: JdwpDebugServer: handling req: ObjectReference(9).GetValues(2)
09:29:30.554 INFO: JdwpDebugServer: handling req: ObjectReference(9).GetValues(2)
09:29:30.554 INFO: JdwpDebugServer: handling req: StringReference(10).Value(1)
09:29:30.555 INFO: JdwpDebugServer: handling req: ObjectReference(9).GetValues(2)
09:29:30.555 INFO: JdwpDebugServer: handling req: ObjectReference(9).GetValues(2)
09:29:30.555 INFO: JdwpDebugServer: handling req: ObjectReference(9).GetValues(2)
09:29:30.556 INFO: JdwpDebugServer: handling req: ObjectReference(9).GetValues(2)
09:29:30.556 INFO: JdwpDebugServer: handling req: ClassType(3).Superclass(1)
09:29:30.556 INFO: JdwpDebugServer: handling req: ObjectReference(9).GetValues(2)
09:29:30.556 INFO: JdwpDebugServer: handling req: ObjectReference(9).GetValues(2)
09:29:30.556 INFO: JdwpDebugServer: handling req: ObjectReference(9).GetValues(2)
09:29:30.556 INFO: JdwpDebugServer: handling req: ObjectReference(9).GetValues(2)
09:29:30.557 INFO: JdwpDebugServer: handling req: ObjectReference(9).GetValues(2)
09:29:30.557 INFO: JdwpDebugServer: handling req: ObjectReference(9).GetValues(2)
09:29:30.557 INFO: JdwpDebugServer: handling req: ObjectReference(9).GetValues(2)
09:29:30.557 INFO: JdwpDebugServer: handling req: ClassType(3).Superclass(1)
09:29:30.557 INFO: JdwpDebugServer: handling req: ObjectReference(9).GetValues(2)
09:29:30.558 INFO: JdwpDebugServer: handling req: ObjectReference(9).GetValues(2)
09:29:30.558 INFO: JdwpDebugServer: handling req: ObjectReference(9).GetValues(2)
09:29:30.558 INFO: JdwpDebugServer: handling req: ObjectReference(9).GetValues(2)
09:29:30.558 INFO: JdwpDebugServer: handling req: ObjectReference(9).GetValues(2)
09:29:30.559 INFO: JdwpDebugServer: handling req: ObjectReference(9).GetValues(2)
09:29:30.559 INFO: JdwpDebugServer: handling req: ObjectReference(9).GetValues(2)
09:29:30.559 INFO: JdwpDebugServer: handling req: ObjectReference(9).GetValues(2)
09:29:30.559 INFO: JdwpDebugServer: handling req: ObjectReference(9).GetValues(2)
09:29:30.560 INFO: JdwpDebugServer: handling req: ObjectReference(9).GetValues(2)
09:29:30.560 INFO: JdwpDebugServer: handling req: ObjectReference(9).GetValues(2)
09:29:30.560 INFO: JdwpDebugServer: handling req: ObjectReference(9).GetValues(2)
09:29:30.560 INFO: JdwpDebugServer: handling req: ObjectReference(9).GetValues(2)
09:29:30.561 INFO: JdwpDebugServer: handling req: ObjectReference(9).GetValues(2)
09:29:30.561 INFO: JdwpDebugServer: handling req: ObjectReference(9).GetValues(2)
09:29:30.561 INFO: JdwpDebugServer: handling req: ObjectReference(9).GetValues(2)
09:29:30.561 INFO: JdwpDebugServer: handling req: ObjectReference(9).GetValues(2)
09:29:30.562 INFO: JdwpDebugServer: handling req: ObjectReference(9).GetValues(2)
09:29:30.562 INFO: JdwpDebugServer: handling req: ObjectReference(9).GetValues(2)
09:29:30.562 INFO: JdwpDebugServer: handling req: ObjectReference(9).GetValues(2)
09:29:30.562 INFO: JdwpDebugServer: handling req: ObjectReference(9).GetValues(2)
09:29:30.563 INFO: JdwpDebugServer: handling req: ClassType(3).Superclass(1)
09:29:30.563 INFO: JdwpDebugServer: handling req: ObjectReference(9).GetValues(2)
09:29:30.563 INFO: JdwpDebugServer: handling req: ObjectReference(9).GetValues(2)
09:29:30.563 INFO: JdwpDebugServer: handling req: ObjectReference(9).GetValues(2)
09:29:30.563 INFO: JdwpDebugServer: handling req: ObjectReference(9).GetValues(2)
09:29:30.563 INFO: JdwpDebugServer: handling req: ObjectReference(9).GetValues(2)
09:29:30.563 INFO: JdwpDebugServer: handling req: ObjectReference(9).GetValues(2)
09:29:30.563 INFO: JdwpDebugServer: handling req: ObjectReference(9).GetValues(2)
09:29:30.564 INFO: JdwpDebugServer: handling req: ObjectReference(9).GetValues(2)
09:29:30.564 INFO: JdwpDebugServer: handling req: ObjectReference(9).GetValues(2)
09:29:30.564 INFO: JdwpDebugServer: handling req: ObjectReference(9).GetValues(2)
09:29:30.564 INFO: JdwpDebugServer: handling req: ObjectReference(9).GetValues(2)
09:29:30.564 INFO: JdwpDebugServer: handling req: ObjectReference(9).GetValues(2)
09:29:30.564 INFO: JdwpDebugServer: handling req: ObjectReference(9).GetValues(2)
09:29:30.565 INFO: JdwpDebugServer: handling req: ObjectReference(9).GetValues(2)
09:29:30.565 INFO: JdwpDebugServer: handling req: ClassType(3).Superclass(1)
09:29:30.565 INFO: JdwpDebugServer: handling req: ObjectReference(9).GetValues(2)
09:29:30.565 INFO: JdwpDebugServer: handling req: ObjectReference(9).GetValues(2)
09:29:30.565 INFO: JdwpDebugServer: handling req: ObjectReference(9).GetValues(2)
09:29:30.565 INFO: JdwpDebugServer: handling req: ObjectReference(9).GetValues(2)
09:29:30.565 INFO: JdwpDebugServer: handling req: ObjectReference(9).GetValues(2)
09:29:30.726 INFO: JdwpDebugServer: handling req: StackFrame(16).GetValues(1)
09:29:30.726 INFO: JdwpDebugServer: handling req: ClassType(3).Superclass(1)
09:29:30.727 INFO: JdwpDebugServer: handling req: ObjectReference(9).GetValues(2)
09:29:30.727 INFO: JdwpDebugServer: handling req: ObjectReference(9).GetValues(2)
09:29:30.727 INFO: JdwpDebugServer: handling req: ObjectReference(9).GetValues(2)
09:29:30.727 INFO: JdwpDebugServer: handling req: ObjectReference(9).ReferenceType(1)
09:29:30.727 INFO: JdwpDebugServer: handling req: ObjectReference(9).ReferenceType(1)
09:29:30.728 INFO: JdwpDebugServer: handling req: ObjectReference(9).GetValues(2)
09:29:30.728 INFO: JdwpDebugServer: handling req: ClassType(3).Superclass(1)
09:29:30.728 INFO: JdwpDebugServer: handling req: ObjectReference(9).ReferenceType(1)
09:29:30.728 INFO: JdwpDebugServer: handling req: ObjectReference(9).GetValues(2)
09:29:30.728 INFO: JdwpDebugServer: handling req: ObjectReference(9).GetValues(2)
09:29:30.728 INFO: JdwpDebugServer: handling req: ObjectReference(9).GetValues(2)
09:29:30.728 INFO: JdwpDebugServer: handling req: ObjectReference(9).GetValues(2)
09:29:30.729 INFO: JdwpDebugServer: handling req: ObjectReference(9).GetValues(2)
09:29:30.729 INFO: JdwpDebugServer: handling req: ObjectReference(9).ReferenceType(1)
09:29:30.729 INFO: JdwpDebugServer: handling req: ObjectReference(9).GetValues(2)
09:29:30.729 INFO: JdwpDebugServer: handling req: ObjectReference(9).GetValues(2)
09:29:30.729 INFO: JdwpDebugServer: handling req: ObjectReference(9).GetValues(2)
09:29:30.730 INFO: JdwpDebugServer: handling req: ObjectReference(9).GetValues(2)
09:29:30.730 INFO: JdwpDebugServer: handling req: ClassType(3).Superclass(1)
09:29:30.730 INFO: JdwpDebugServer: handling req: ObjectReference(9).GetValues(2)
09:29:30.730 INFO: JdwpDebugServer: handling req: ObjectReference(9).GetValues(2)
09:29:30.730 INFO: JdwpDebugServer: handling req: ObjectReference(9).GetValues(2)
09:29:30.731 INFO: JdwpDebugServer: handling req: ObjectReference(9).GetValues(2)
09:29:30.731 INFO: JdwpDebugServer: handling req: ObjectReference(9).GetValues(2)
09:29:30.731 INFO: JdwpDebugServer: handling req: ObjectReference(9).GetValues(2)
09:29:30.732 INFO: JdwpDebugServer: handling req: ObjectReference(9).GetValues(2)
09:29:30.732 INFO: JdwpDebugServer: handling req: ObjectReference(9).GetValues(2)
09:29:30.732 INFO: JdwpDebugServer: handling req: ObjectReference(9).GetValues(2)
09:29:30.733 INFO: JdwpDebugServer: handling req: ObjectReference(9).GetValues(2)
09:29:30.733 INFO: JdwpDebugServer: handling req: ObjectReference(9).GetValues(2)
09:29:30.733 INFO: JdwpDebugServer: handling req: ObjectReference(9).GetValues(2)
09:29:30.733 INFO: JdwpDebugServer: handling req: ObjectReference(9).GetValues(2)
09:29:30.734 INFO: JdwpDebugServer: handling req: ObjectReference(9).GetValues(2)
09:29:30.734 INFO: JdwpDebugServer: handling req: ClassType(3).Superclass(1)
09:29:30.734 INFO: JdwpDebugServer: handling req: ObjectReference(9).GetValues(2)
09:29:30.734 INFO: JdwpDebugServer: handling req: ObjectReference(9).GetValues(2)
09:29:30.735 INFO: JdwpDebugServer: handling req: ObjectReference(9).GetValues(2)
09:29:30.735 INFO: JdwpDebugServer: handling req: StringReference(10).Value(1)
09:29:30.736 INFO: JdwpDebugServer: handling req: ObjectReference(9).GetValues(2)
09:29:30.736 INFO: JdwpDebugServer: handling req: ObjectReference(9).GetValues(2)
09:29:32.861 INFO: JdwpDebugServer: handling req: ObjectReference(9).GetValues(2)
09:29:32.861 INFO: JdwpDebugServer: handling req: ReferenceType(2).SourceFile(7)
09:29:32.862 INFO: JdwpDebugServer: handling req: ObjectReference(9).GetValues(2)
09:29:32.863 INFO: JdwpDebugServer: handling req: ObjectReference(9).GetValues(2)
09:29:32.901 INFO: JdwpDebugServer: handling req: ObjectReference(9).GetValues(2)
09:29:32.901 INFO: JdwpDebugServer: handling req: ClassType(3).Superclass(1)
09:29:32.901 INFO: JdwpDebugServer: handling req: StringReference(10).Value(1)
09:29:46.060 INFO: JdwpDebugServer: handling req: ThreadReference(11).Resume(3)
09:29:46.062 INFO: JdwpEventCenterDelegate: THREAD_RESUMED: thread (33, main, main)
09:29:46.064 INFO: JdwpEventCenterDelegate: THREAD_RESUMED: thread (33, main, main)
09:29:46.117 INFO: JdwpDebugServer: handling req: ThreadReference(11).Name(1)
09:29:46.118 INFO: JdwpDebugServer: handling req: ThreadReference(11).Name(1)
09:29:46.119 INFO: JdwpDebugServer: handling req: ThreadReference(11).Name(1)
09:29:46.120 SEVERE: Debugger: Thread HooksChannel socket thread crashed
org.robovm.debugger.DebuggerException: java.nio.BufferUnderflowException
	at org.robovm.debugger.hooks.HooksChannel.doSocketWork(HooksChannel.java:149)
	at java.base/java.lang.Thread.run(Thread.java:833)
	at org.robovm.debugger.utils.DebuggerThread.run(DebuggerThread.java:42)
Caused by: java.nio.BufferUnderflowException
	at org.robovm.debugger.utils.bytebuffer.DataBufferWriter.writeFromStream(DataBufferWriter.java:91)
	at org.robovm.debugger.hooks.HooksChannel.doSocketWork(HooksChannel.java:116)
	... 2 more
09:29:46.200 INFO: JdwpDebugServer: handling req: ThreadReference(11).Name(1)
