10:35:07.094 INFO: JdwpEventCenterDelegate: THREAD_STARTED: thread (33, main, main)
10:35:07.103 INFO: JdwpEventCenterDelegate: THREAD_STARTED: thread (48, ReferenceQueueDaemon, main)
10:35:07.111 INFO: JdwpEventCenterDelegate: THREAD_STARTED: thread (63, FinalizerDaemon, main)
10:35:07.116 INFO: JdwpEventCenterDelegate: THREAD_STARTED: thread (78, FinalizerWatchdogDaemon, main)
10:35:11.456 INFO: JdwpDebugServer: handling req: VirtualMachine(1).IDSizes(7)
10:35:11.457 INFO: JdwpDebugServer: handling req: EventRequest(15).Set(1)
10:35:11.457 INFO: JdwpEventCenterDelegate: jdwpSetEventRequest: JdwpEventRequest{requestId=100, eventKind=CLASS_UNLOAD, suspendPolicy=NONE, predicates=[]}
10:35:11.458 INFO: JdwpDebugServer: handling req: EventRequest(15).Set(1)
10:35:11.458 INFO: JdwpEventCenterDelegate: jdwpSetEventRequest: JdwpEventRequest{requestId=101, eventKind=THREAD_START, suspendPolicy=NONE, predicates=[]}
10:35:11.459 INFO: JdwpDebugServer: handling req: VirtualMachine(1).ClassesBySignature(2)
10:35:11.460 INFO: JdwpDebugServer: handling req: VirtualMachine(1).Version(1)
10:35:11.461 INFO: JdwpDebugServer: handling req: ReferenceType(2).MethodsWithGeneric(15)
10:35:11.463 INFO: JdwpDebugServer: handling req: Method(6).LineTable(1)
10:35:11.464 INFO: JdwpDebugServer: handling req: EventRequest(15).Set(1)
10:35:11.464 INFO: JdwpEventCenterDelegate: jdwpSetEventRequest: JdwpEventRequest{requestId=102, eventKind=BREAKPOINT, suspendPolicy=NONE, predicates=[Location{classId=845, methodId=257, index=928} ]}
10:35:11.465 INFO: JdwpDebugServer: handling req: EventRequest(15).Set(1)
10:35:11.465 INFO: JdwpEventCenterDelegate: jdwpSetEventRequest: JdwpEventRequest{requestId=103, eventKind=THREAD_DEATH, suspendPolicy=NONE, predicates=[]}
10:35:11.465 INFO: JdwpDebugServer: handling req: VirtualMachine(1).AllThreads(4)
10:35:11.466 INFO: JdwpDebugServer: handling req: ThreadReference(11).ThreadGroup(5)
10:35:11.466 INFO: JdwpDebugServer: handling req: ThreadGroup(12).Name(1)
10:35:11.466 INFO: JdwpDebugServer: handling req: ThreadGroup(12).Parent(2)
10:35:11.467 INFO: JdwpDebugServer: handling req: ObjectReference(9).ReferenceType(1)
10:35:11.467 INFO: JdwpDebugServer: handling req: ReferenceType(2).FieldsWithGeneric(14)
10:35:11.467 INFO: JdwpDebugServer: handling req: ReferenceType(2).Interfaces(10)
10:35:11.468 INFO: JdwpDebugServer: handling req: ReferenceType(2).FieldsWithGeneric(14)
10:35:11.468 INFO: JdwpDebugServer: handling req: ReferenceType(2).Interfaces(10)
10:35:11.468 INFO: JdwpDebugServer: handling req: ClassType(3).Superclass(1)
10:35:11.468 INFO: JdwpDebugServer: handling req: ReferenceType(2).FieldsWithGeneric(14)
10:35:11.471 INFO: JdwpDebugServer: handling req: ReferenceType(2).Interfaces(10)
10:35:11.471 INFO: JdwpDebugServer: handling req: ClassType(3).Superclass(1)
10:35:11.472 INFO: JdwpDebugServer: handling req: ObjectReference(9).GetValues(2)
10:35:11.474 INFO: JdwpDebugServer: handling req: ThreadReference(11).Status(4)
10:35:11.474 INFO: JdwpDebugServer: handling req: ThreadReference(11).Status(4)
10:35:11.474 INFO: JdwpDebugServer: handling req: ThreadReference(11).ThreadGroup(5)
10:35:11.474 INFO: JdwpDebugServer: handling req: ObjectReference(9).ReferenceType(1)
10:35:11.475 INFO: JdwpDebugServer: handling req: ObjectReference(9).GetValues(2)
10:35:11.476 INFO: JdwpDebugServer: handling req: ThreadReference(11).Status(4)
10:35:11.476 INFO: JdwpDebugServer: handling req: ThreadReference(11).Status(4)
10:35:11.476 INFO: JdwpDebugServer: handling req: ThreadReference(11).ThreadGroup(5)
10:35:11.476 INFO: JdwpDebugServer: handling req: ObjectReference(9).ReferenceType(1)
10:35:11.477 INFO: JdwpDebugServer: handling req: ObjectReference(9).GetValues(2)
10:35:11.478 INFO: JdwpDebugServer: handling req: ThreadReference(11).Status(4)
10:35:11.478 INFO: JdwpDebugServer: handling req: ThreadReference(11).Status(4)
10:35:11.478 INFO: JdwpDebugServer: handling req: ThreadReference(11).ThreadGroup(5)
10:35:11.479 INFO: JdwpDebugServer: handling req: ObjectReference(9).ReferenceType(1)
10:35:11.479 INFO: JdwpDebugServer: handling req: ObjectReference(9).GetValues(2)
10:35:11.480 INFO: JdwpDebugServer: handling req: ThreadReference(11).Status(4)
10:35:11.480 INFO: JdwpDebugServer: handling req: ThreadReference(11).Status(4)
10:35:11.482 INFO: JdwpDebugServer: handling req: EventRequest(15).Set(1)
10:35:11.482 INFO: JdwpEventCenterDelegate: jdwpSetEventRequest: JdwpEventRequest{requestId=104, eventKind=CLASS_PREPARE, suspendPolicy=EVENT_THREAD, predicates=[className=com.abdalla.bushnaq.pluvia.engine.AudioManager]}
10:35:11.486 INFO: JdwpDebugServer: handling req: EventRequest(15).Set(1)
10:35:11.486 INFO: JdwpEventCenterDelegate: jdwpSetEventRequest: JdwpEventRequest{requestId=105, eventKind=CLASS_PREPARE, suspendPolicy=EVENT_THREAD, predicates=[className=com.abdalla.bushnaq.pluvia.engine.AudioManager$*]}
10:35:11.488 INFO: JdwpDebugServer: handling req: VirtualMachine(1).ClassesBySignature(2)
10:35:11.488 INFO: JdwpDebugServer: handling req: ReferenceType(2).MethodsWithGeneric(15)
10:35:11.489 INFO: JdwpDebugServer: handling req: Method(6).LineTable(1)
10:35:11.489 INFO: JdwpDebugServer: handling req: Method(6).LineTable(1)
10:35:11.490 INFO: JdwpDebugServer: handling req: Method(6).LineTable(1)
10:35:11.490 INFO: JdwpDebugServer: handling req: Method(6).LineTable(1)
10:35:11.490 INFO: JdwpDebugServer: handling req: VirtualMachine(1).ClassesBySignature(2)
10:35:11.490 INFO: JdwpDebugServer: handling req: VirtualMachine(1).AllClassesWithGeneric(20)
10:35:11.512 INFO: JdwpDebugServer: handling req: VirtualMachine(1).capabilitiesNew(17)
10:35:11.516 INFO: JdwpDebugServer: handling req: EventRequest(15).Set(1)
10:35:11.516 INFO: JdwpEventCenterDelegate: jdwpSetEventRequest: JdwpEventRequest{requestId=106, eventKind=CLASS_PREPARE, suspendPolicy=EVENT_THREAD, predicates=[className=java.lang.Error]}
10:35:11.522 INFO: JdwpDebugServer: handling req: EventRequest(15).Set(1)
10:35:11.522 INFO: JdwpEventCenterDelegate: jdwpSetEventRequest: JdwpEventRequest{requestId=107, eventKind=CLASS_PREPARE, suspendPolicy=EVENT_THREAD, predicates=[className=java.lang.Error$*]}
10:35:11.529 INFO: JdwpDebugServer: handling req: VirtualMachine(1).ClassesBySignature(2)
10:35:11.530 INFO: JdwpDebugServer: handling req: EventRequest(15).Set(1)
10:35:11.530 INFO: JdwpEventCenterDelegate: jdwpSetEventRequest: JdwpEventRequest{requestId=108, eventKind=EXCEPTION, suspendPolicy=EVENT_THREAD, predicates=[exceptionType=3425(caught=true, uncaught=true)]}
10:35:11.543 INFO: JdwpDebugServer: handling req: EventRequest(15).Set(1)
10:35:11.543 INFO: JdwpEventCenterDelegate: jdwpSetEventRequest: JdwpEventRequest{requestId=109, eventKind=CLASS_PREPARE, suspendPolicy=EVENT_THREAD, predicates=[className=java.lang.Throwable]}
10:35:11.556 INFO: JdwpDebugServer: handling req: EventRequest(15).Set(1)
10:35:11.556 INFO: JdwpEventCenterDelegate: jdwpSetEventRequest: JdwpEventRequest{requestId=110, eventKind=CLASS_PREPARE, suspendPolicy=EVENT_THREAD, predicates=[className=java.lang.Throwable$*]}
10:35:11.559 INFO: JdwpDebugServer: handling req: VirtualMachine(1).ClassesBySignature(2)
10:35:11.560 INFO: JdwpDebugServer: handling req: EventRequest(15).Set(1)
10:35:11.560 INFO: JdwpEventCenterDelegate: jdwpSetEventRequest: JdwpEventRequest{requestId=111, eventKind=EXCEPTION, suspendPolicy=EVENT_THREAD, predicates=[exceptionType=7695(caught=false, uncaught=true)]}
10:35:11.561 INFO: JdwpDebugServer: handling req: ThreadReference(11).SuspendCount(12)
10:35:11.562 INFO: JdwpDebugServer: handling req: ThreadReference(11).SuspendCount(12)
10:35:11.562 INFO: JdwpDebugServer: handling req: ThreadReference(11).SuspendCount(12)
10:35:11.562 INFO: JdwpDebugServer: handling req: ThreadReference(11).SuspendCount(12)
10:35:11.562 INFO: JdwpDebugServer: handling req: VirtualMachine(1).AllThreads(4)
10:35:11.562 INFO: JdwpDebugServer: handling req: VirtualMachine(1).Resume(9)
10:35:11.602 INFO: JdwpEventCenterDelegate: THREAD_RESUMED: thread (33, main, main)
10:35:11.604 INFO: JdwpEventCenterDelegate: THREAD_RESUMED: thread (33, main, main)
10:35:11.614 INFO: JdwpEventCenterDelegate: THREAD_RESUMED: thread (33, main, main)
10:35:11.617 INFO: JdwpEventCenterDelegate: THREAD_RESUMED: thread (33, main, main)
10:35:11.619 INFO: JdwpEventCenterDelegate: THREAD_RESUMED: thread (33, main, main)
10:35:11.623 INFO: JdwpEventCenterDelegate: THREAD_RESUMED: thread (33, main, main)
10:35:11.624 INFO: JdwpEventCenterDelegate: THREAD_RESUMED: thread (33, main, main)
10:35:11.626 INFO: JdwpEventCenterDelegate: THREAD_RESUMED: thread (33, main, main)
10:35:11.627 INFO: JdwpEventCenterDelegate: THREAD_RESUMED: thread (33, main, main)
10:35:11.629 INFO: JdwpEventCenterDelegate: THREAD_RESUMED: thread (33, main, main)
10:35:11.631 INFO: JdwpEventCenterDelegate: THREAD_RESUMED: thread (33, main, main)
10:35:11.632 INFO: JdwpEventCenterDelegate: THREAD_RESUMED: thread (33, main, main)
10:35:11.633 INFO: JdwpEventCenterDelegate: THREAD_RESUMED: thread (33, main, main)
10:35:11.634 INFO: JdwpEventCenterDelegate: THREAD_RESUMED: thread (33, main, main)
10:35:11.636 INFO: JdwpEventCenterDelegate: THREAD_RESUMED: thread (33, main, main)
10:35:11.637 INFO: JdwpEventCenterDelegate: THREAD_RESUMED: thread (33, main, main)
10:35:11.639 INFO: JdwpEventCenterDelegate: THREAD_RESUMED: thread (33, main, main)
10:35:11.640 INFO: JdwpEventCenterDelegate: THREAD_RESUMED: thread (33, main, main)
10:35:11.644 INFO: JdwpEventCenterDelegate: THREAD_RESUMED: thread (33, main, main)
10:35:11.645 INFO: JdwpEventCenterDelegate: THREAD_RESUMED: thread (33, main, main)
10:35:11.647 INFO: JdwpEventCenterDelegate: THREAD_RESUMED: thread (33, main, main)
10:35:11.648 INFO: JdwpEventCenterDelegate: THREAD_RESUMED: thread (33, main, main)
10:35:11.649 INFO: JdwpEventCenterDelegate: THREAD_RESUMED: thread (33, main, main)
10:35:11.650 INFO: JdwpEventCenterDelegate: THREAD_RESUMED: thread (33, main, main)
10:35:11.651 INFO: JdwpEventCenterDelegate: THREAD_RESUMED: thread (33, main, main)
10:35:11.697 INFO: JdwpEventCenterDelegate: THREAD_RESUMED: thread (33, main, main)
10:35:11.698 INFO: JdwpEventCenterDelegate: THREAD_RESUMED: thread (33, main, main)
10:35:11.699 INFO: JdwpEventCenterDelegate: THREAD_RESUMED: thread (33, main, main)
10:35:11.700 INFO: JdwpEventCenterDelegate: THREAD_RESUMED: thread (33, main, main)
10:35:11.702 INFO: JdwpEventCenterDelegate: THREAD_RESUMED: thread (33, main, main)
10:35:11.703 INFO: JdwpEventCenterDelegate: THREAD_RESUMED: thread (33, main, main)
10:35:11.704 INFO: JdwpEventCenterDelegate: THREAD_RESUMED: thread (33, main, main)
10:35:11.710 INFO: JdwpEventCenterDelegate: THREAD_RESUMED: thread (33, main, main)
10:35:11.711 INFO: JdwpEventCenterDelegate: THREAD_RESUMED: thread (33, main, main)
10:35:11.712 INFO: JdwpEventCenterDelegate: THREAD_RESUMED: thread (33, main, main)
10:35:11.713 INFO: JdwpEventCenterDelegate: THREAD_RESUMED: thread (33, main, main)
10:35:11.715 INFO: JdwpEventCenterDelegate: THREAD_RESUMED: thread (33, main, main)
10:35:11.716 INFO: JdwpEventCenterDelegate: THREAD_RESUMED: thread (33, main, main)
10:35:11.716 INFO: JdwpEventCenterDelegate: THREAD_RESUMED: thread (33, main, main)
10:35:11.848 INFO: JdwpEventCenterDelegate: THREAD_RESUMED: thread (33, main, main)
10:35:11.852 INFO: JdwpEventCenterDelegate: THREAD_RESUMED: thread (33, main, main)
10:35:11.854 INFO: JdwpEventCenterDelegate: THREAD_RESUMED: thread (33, main, main)
10:35:11.856 INFO: JdwpEventCenterDelegate: THREAD_RESUMED: thread (33, main, main)
10:35:11.857 INFO: JdwpEventCenterDelegate: THREAD_RESUMED: thread (33, main, main)
10:35:11.858 INFO: JdwpEventCenterDelegate: THREAD_RESUMED: thread (33, main, main)
10:35:11.860 INFO: JdwpEventCenterDelegate: THREAD_RESUMED: thread (33, main, main)
10:35:11.885 INFO: JdwpEventCenterDelegate: THREAD_RESUMED: thread (33, main, main)
10:35:11.887 INFO: JdwpEventCenterDelegate: THREAD_RESUMED: thread (33, main, main)
10:35:11.888 INFO: JdwpEventCenterDelegate: THREAD_RESUMED: thread (33, main, main)
10:35:11.889 INFO: JdwpEventCenterDelegate: THREAD_RESUMED: thread (33, main, main)
10:35:11.891 INFO: JdwpEventCenterDelegate: THREAD_RESUMED: thread (33, main, main)
10:35:11.892 INFO: JdwpEventCenterDelegate: THREAD_RESUMED: thread (33, main, main)
10:35:11.893 INFO: JdwpEventCenterDelegate: THREAD_RESUMED: thread (33, main, main)
10:35:11.909 INFO: JdwpEventCenterDelegate: THREAD_RESUMED: thread (33, main, main)
10:35:11.910 INFO: JdwpEventCenterDelegate: THREAD_RESUMED: thread (33, main, main)
10:35:11.911 INFO: JdwpEventCenterDelegate: THREAD_RESUMED: thread (33, main, main)
10:35:11.913 INFO: JdwpEventCenterDelegate: THREAD_RESUMED: thread (33, main, main)
10:35:11.914 INFO: JdwpEventCenterDelegate: THREAD_RESUMED: thread (33, main, main)
10:35:11.915 INFO: JdwpEventCenterDelegate: THREAD_RESUMED: thread (33, main, main)
10:35:11.916 INFO: JdwpEventCenterDelegate: THREAD_RESUMED: thread (33, main, main)
10:35:11.930 INFO: JdwpEventCenterDelegate: THREAD_RESUMED: thread (33, main, main)
10:35:11.931 INFO: JdwpEventCenterDelegate: THREAD_RESUMED: thread (33, main, main)
10:35:11.932 INFO: JdwpEventCenterDelegate: THREAD_RESUMED: thread (33, main, main)
10:35:11.933 INFO: JdwpEventCenterDelegate: THREAD_RESUMED: thread (33, main, main)
10:35:11.935 INFO: JdwpEventCenterDelegate: THREAD_RESUMED: thread (33, main, main)
10:35:11.936 INFO: JdwpEventCenterDelegate: THREAD_RESUMED: thread (33, main, main)
10:35:11.938 INFO: JdwpEventCenterDelegate: THREAD_RESUMED: thread (33, main, main)
10:35:11.939 INFO: JdwpEventCenterDelegate: THREAD_RESUMED: thread (33, main, main)
10:35:11.940 INFO: JdwpEventCenterDelegate: THREAD_RESUMED: thread (33, main, main)
10:35:11.942 INFO: JdwpEventCenterDelegate: THREAD_RESUMED: thread (33, main, main)
10:35:11.943 INFO: JdwpEventCenterDelegate: THREAD_RESUMED: thread (33, main, main)
10:35:11.945 INFO: JdwpEventCenterDelegate: THREAD_RESUMED: thread (33, main, main)
10:35:11.946 INFO: JdwpEventCenterDelegate: THREAD_RESUMED: thread (33, main, main)
10:35:11.947 INFO: JdwpEventCenterDelegate: THREAD_RESUMED: thread (33, main, main)
10:35:11.948 INFO: JdwpEventCenterDelegate: THREAD_RESUMED: thread (33, main, main)
10:35:11.949 INFO: JdwpEventCenterDelegate: THREAD_RESUMED: thread (33, main, main)
10:35:11.950 INFO: JdwpEventCenterDelegate: THREAD_RESUMED: thread (33, main, main)
10:35:11.951 INFO: JdwpEventCenterDelegate: THREAD_RESUMED: thread (33, main, main)
10:35:11.956 INFO: JdwpEventCenterDelegate: THREAD_RESUMED: thread (33, main, main)
10:35:11.957 INFO: JdwpEventCenterDelegate: THREAD_RESUMED: thread (33, main, main)
10:35:12.183 INFO: JdwpEventCenterDelegate: THREAD_RESUMED: thread (33, main, main)
10:35:12.191 INFO: JdwpEventCenterDelegate: THREAD_RESUMED: thread (33, main, main)
10:35:12.207 INFO: JdwpEventCenterDelegate: THREAD_RESUMED: thread (33, main, main)
10:35:12.209 INFO: JdwpEventCenterDelegate: THREAD_RESUMED: thread (33, main, main)
10:35:12.210 INFO: JdwpEventCenterDelegate: THREAD_RESUMED: thread (33, main, main)
10:35:12.212 INFO: JdwpEventCenterDelegate: THREAD_RESUMED: thread (33, main, main)
10:35:12.217 INFO: JdwpEventCenterDelegate: THREAD_RESUMED: thread (33, main, main)
10:35:12.219 INFO: JdwpEventCenterDelegate: THREAD_RESUMED: thread (33, main, main)
10:35:12.276 INFO: JdwpEventCenterDelegate: THREAD_RESUMED: thread (33, main, main)
10:35:12.462 INFO: JdwpEventCenterDelegate: THREAD_RESUMED: thread (33, main, main)
10:35:12.469 INFO: JdwpEventCenterDelegate: THREAD_RESUMED: thread (33, main, main)
10:35:12.470 INFO: JdwpEventCenterDelegate: THREAD_RESUMED: thread (33, main, main)
10:35:12.471 INFO: JdwpEventCenterDelegate: THREAD_RESUMED: thread (33, main, main)
10:35:12.472 INFO: JdwpEventCenterDelegate: THREAD_RESUMED: thread (33, main, main)
10:35:12.474 INFO: JdwpEventCenterDelegate: THREAD_RESUMED: thread (33, main, main)
10:35:12.482 INFO: JdwpEventCenterDelegate: THREAD_RESUMED: thread (33, main, main)
10:35:12.484 INFO: JdwpEventCenterDelegate: THREAD_RESUMED: thread (33, main, main)
10:35:12.486 INFO: JdwpEventCenterDelegate: THREAD_RESUMED: thread (33, main, main)
10:35:12.487 INFO: JdwpEventCenterDelegate: THREAD_RESUMED: thread (33, main, main)
10:35:12.489 INFO: JdwpEventCenterDelegate: THREAD_RESUMED: thread (33, main, main)
10:35:12.492 INFO: JdwpEventCenterDelegate: THREAD_RESUMED: thread (33, main, main)
10:35:12.494 INFO: JdwpEventCenterDelegate: THREAD_RESUMED: thread (33, main, main)
10:35:12.511 INFO: JdwpEventCenterDelegate: THREAD_RESUMED: thread (33, main, main)
10:35:12.527 INFO: JdwpEventCenterDelegate: THREAD_RESUMED: thread (33, main, main)
10:35:12.540 INFO: JdwpEventCenterDelegate: THREAD_RESUMED: thread (33, main, main)
10:35:12.551 INFO: JdwpEventCenterDelegate: THREAD_RESUMED: thread (33, main, main)
10:35:12.566 INFO: JdwpEventCenterDelegate: THREAD_RESUMED: thread (33, main, main)
10:35:12.590 INFO: JdwpEventCenterDelegate: THREAD_RESUMED: thread (33, main, main)
10:35:12.596 INFO: JdwpEventCenterDelegate: THREAD_RESUMED: thread (33, main, main)
10:35:12.602 INFO: JdwpEventCenterDelegate: THREAD_RESUMED: thread (33, main, main)
10:35:12.607 INFO: JdwpEventCenterDelegate: THREAD_RESUMED: thread (33, main, main)
10:35:12.612 INFO: JdwpEventCenterDelegate: THREAD_RESUMED: thread (33, main, main)
10:35:12.618 INFO: JdwpEventCenterDelegate: THREAD_RESUMED: thread (33, main, main)
10:35:12.627 INFO: JdwpEventCenterDelegate: THREAD_RESUMED: thread (33, main, main)
10:35:12.634 INFO: JdwpEventCenterDelegate: THREAD_RESUMED: thread (33, main, main)
10:35:12.639 INFO: JdwpEventCenterDelegate: THREAD_RESUMED: thread (33, main, main)
10:35:12.645 INFO: JdwpEventCenterDelegate: THREAD_RESUMED: thread (33, main, main)
10:35:12.651 INFO: JdwpEventCenterDelegate: THREAD_RESUMED: thread (33, main, main)
10:35:12.657 INFO: JdwpEventCenterDelegate: THREAD_RESUMED: thread (33, main, main)
10:35:12.663 INFO: JdwpEventCenterDelegate: THREAD_RESUMED: thread (33, main, main)
10:35:12.666 INFO: JdwpEventCenterDelegate: THREAD_RESUMED: thread (33, main, main)
10:35:12.668 INFO: JdwpEventCenterDelegate: THREAD_RESUMED: thread (33, main, main)
10:35:12.671 INFO: JdwpEventCenterDelegate: THREAD_RESUMED: thread (33, main, main)
10:35:12.673 INFO: JdwpEventCenterDelegate: THREAD_RESUMED: thread (33, main, main)
10:35:12.675 INFO: JdwpEventCenterDelegate: THREAD_RESUMED: thread (33, main, main)
10:35:12.678 INFO: JdwpEventCenterDelegate: THREAD_RESUMED: thread (33, main, main)
10:35:12.680 INFO: JdwpEventCenterDelegate: THREAD_RESUMED: thread (33, main, main)
10:35:12.682 INFO: JdwpEventCenterDelegate: THREAD_RESUMED: thread (33, main, main)
10:35:12.683 INFO: JdwpEventCenterDelegate: THREAD_RESUMED: thread (33, main, main)
10:35:12.685 INFO: JdwpEventCenterDelegate: THREAD_RESUMED: thread (33, main, main)
10:35:12.687 INFO: JdwpEventCenterDelegate: THREAD_RESUMED: thread (33, main, main)
10:35:12.689 INFO: JdwpEventCenterDelegate: THREAD_RESUMED: thread (33, main, main)
10:35:12.691 INFO: JdwpEventCenterDelegate: THREAD_RESUMED: thread (33, main, main)
10:35:12.693 INFO: JdwpEventCenterDelegate: THREAD_RESUMED: thread (33, main, main)
10:35:12.694 INFO: JdwpEventCenterDelegate: THREAD_RESUMED: thread (33, main, main)
10:35:12.696 INFO: JdwpEventCenterDelegate: THREAD_RESUMED: thread (33, main, main)
10:35:12.698 INFO: JdwpEventCenterDelegate: THREAD_RESUMED: thread (33, main, main)
10:35:12.699 INFO: JdwpEventCenterDelegate: THREAD_RESUMED: thread (33, main, main)
10:35:12.701 INFO: JdwpEventCenterDelegate: THREAD_RESUMED: thread (33, main, main)
10:35:12.702 INFO: JdwpEventCenterDelegate: THREAD_RESUMED: thread (33, main, main)
10:35:12.704 INFO: JdwpEventCenterDelegate: THREAD_RESUMED: thread (33, main, main)
10:35:12.706 INFO: JdwpEventCenterDelegate: THREAD_RESUMED: thread (33, main, main)
10:35:12.707 INFO: JdwpEventCenterDelegate: THREAD_RESUMED: thread (33, main, main)
10:35:12.709 INFO: JdwpEventCenterDelegate: THREAD_RESUMED: thread (33, main, main)
10:35:12.711 INFO: JdwpEventCenterDelegate: THREAD_RESUMED: thread (33, main, main)
10:35:12.712 INFO: JdwpEventCenterDelegate: THREAD_RESUMED: thread (33, main, main)
10:35:12.714 INFO: JdwpEventCenterDelegate: THREAD_RESUMED: thread (33, main, main)
10:35:12.715 INFO: JdwpEventCenterDelegate: THREAD_RESUMED: thread (33, main, main)
10:35:12.717 INFO: JdwpEventCenterDelegate: THREAD_RESUMED: thread (33, main, main)
10:35:12.718 INFO: JdwpEventCenterDelegate: THREAD_RESUMED: thread (33, main, main)
10:35:12.719 INFO: JdwpEventCenterDelegate: THREAD_RESUMED: thread (33, main, main)
10:35:12.722 INFO: JdwpEventCenterDelegate: THREAD_RESUMED: thread (33, main, main)
10:35:12.724 INFO: JdwpEventCenterDelegate: THREAD_RESUMED: thread (33, main, main)
10:35:12.725 INFO: JdwpEventCenterDelegate: THREAD_RESUMED: thread (33, main, main)
10:35:12.726 INFO: JdwpEventCenterDelegate: THREAD_RESUMED: thread (33, main, main)
10:35:12.727 INFO: JdwpEventCenterDelegate: THREAD_RESUMED: thread (33, main, main)
10:35:12.729 INFO: JdwpEventCenterDelegate: THREAD_RESUMED: thread (33, main, main)
10:35:12.730 INFO: JdwpEventCenterDelegate: THREAD_RESUMED: thread (33, main, main)
10:35:12.731 INFO: JdwpEventCenterDelegate: THREAD_RESUMED: thread (33, main, main)
10:35:12.732 INFO: JdwpEventCenterDelegate: THREAD_RESUMED: thread (33, main, main)
10:35:12.734 INFO: JdwpEventCenterDelegate: THREAD_RESUMED: thread (33, main, main)
10:35:12.735 INFO: JdwpEventCenterDelegate: THREAD_RESUMED: thread (33, main, main)
10:35:12.736 INFO: JdwpEventCenterDelegate: THREAD_RESUMED: thread (33, main, main)
10:35:12.738 INFO: JdwpEventCenterDelegate: THREAD_RESUMED: thread (33, main, main)
10:35:12.739 INFO: JdwpEventCenterDelegate: THREAD_RESUMED: thread (33, main, main)
10:35:12.740 INFO: JdwpEventCenterDelegate: THREAD_RESUMED: thread (33, main, main)
10:35:12.741 INFO: JdwpEventCenterDelegate: THREAD_RESUMED: thread (33, main, main)
10:35:12.742 INFO: JdwpEventCenterDelegate: THREAD_RESUMED: thread (33, main, main)
10:35:12.743 INFO: JdwpEventCenterDelegate: THREAD_RESUMED: thread (33, main, main)
10:35:12.745 INFO: JdwpEventCenterDelegate: THREAD_RESUMED: thread (33, main, main)
10:35:12.746 INFO: JdwpEventCenterDelegate: THREAD_RESUMED: thread (33, main, main)
10:35:12.747 INFO: JdwpEventCenterDelegate: THREAD_RESUMED: thread (33, main, main)
10:35:12.749 INFO: JdwpEventCenterDelegate: THREAD_RESUMED: thread (33, main, main)
10:35:12.911 INFO: JdwpDebugServer: handling req: ThreadReference(11).Resume(3)
10:35:12.914 INFO: JdwpEventCenterDelegate: THREAD_RESUMED: thread (33, main, main)
10:35:12.935 INFO: JdwpEventCenterDelegate: THREAD_RESUMED: thread (33, main, main)
10:35:12.965 INFO: JdwpEventCenterDelegate: THREAD_RESUMED: thread (33, main, main)
10:35:12.966 INFO: JdwpEventCenterDelegate: THREAD_RESUMED: thread (33, main, main)
10:35:12.968 INFO: JdwpEventCenterDelegate: THREAD_RESUMED: thread (33, main, main)
10:35:12.969 INFO: JdwpEventCenterDelegate: THREAD_RESUMED: thread (33, main, main)
10:35:13.118 INFO: JdwpEventCenterDelegate: THREAD_RESUMED: thread (33, main, main)
10:35:13.119 INFO: JdwpEventCenterDelegate: THREAD_RESUMED: thread (33, main, main)
10:35:13.132 INFO: JdwpEventCenterDelegate: THREAD_RESUMED: thread (33, main, main)
10:35:13.133 INFO: JdwpEventCenterDelegate: THREAD_RESUMED: thread (33, main, main)
10:35:13.137 INFO: JdwpEventCenterDelegate: THREAD_RESUMED: thread (33, main, main)
10:35:13.138 INFO: JdwpEventCenterDelegate: THREAD_RESUMED: thread (33, main, main)
10:35:13.140 INFO: JdwpEventCenterDelegate: THREAD_RESUMED: thread (33, main, main)
10:35:13.141 INFO: JdwpEventCenterDelegate: THREAD_RESUMED: thread (33, main, main)
10:35:13.142 INFO: JdwpEventCenterDelegate: THREAD_RESUMED: thread (33, main, main)
10:35:13.144 INFO: JdwpEventCenterDelegate: THREAD_RESUMED: thread (33, main, main)
10:35:16.168 INFO: JdwpEventCenterDelegate: THREAD_RESUMED: thread (33, main, main)
10:35:16.170 INFO: JdwpEventCenterDelegate: THREAD_RESUMED: thread (33, main, main)
10:36:19.046 INFO: JdwpDebugServer: handling req: VirtualMachine(1).Exit(10)
10:36:19.046 SEVERE: Debugger: Thread JDWP server socket thread crashed
org.robovm.debugger.DebuggerException: Terminating due exit command
	at org.robovm.debugger.jdwp.JdwpDebugServer.doSocketWork(JdwpDebugServer.java:211)
	at java.base/java.lang.Thread.run(Thread.java:833)
	at org.robovm.debugger.utils.DebuggerThread.run(DebuggerThread.java:42)
10:36:19.558 SEVERE: Debugger: Thread HooksChannel socket thread crashed
org.robovm.debugger.DebuggerException: java.io.IOException: org.robovm.libimobiledevice.LibIMobileDeviceException: IDEVICE_E_UNKNOWN_ERROR
	at org.robovm.debugger.hooks.HooksChannel.doSocketWork(HooksChannel.java:149)
	at java.base/java.lang.Thread.run(Thread.java:833)
	at org.robovm.debugger.utils.DebuggerThread.run(DebuggerThread.java:42)
Caused by: java.io.IOException: org.robovm.libimobiledevice.LibIMobileDeviceException: IDEVICE_E_UNKNOWN_ERROR
	at org.robovm.libimobiledevice.IDeviceConnection$DeviceInputStream.read(IDeviceConnection.java:203)
	at org.robovm.debugger.utils.bytebuffer.DataBufferWriter.writeFromStream(DataBufferWriter.java:89)
	at org.robovm.debugger.hooks.HooksChannel.doSocketWork(HooksChannel.java:116)
	... 2 more
Caused by: org.robovm.libimobiledevice.LibIMobileDeviceException: IDEVICE_E_UNKNOWN_ERROR
	at org.robovm.libimobiledevice.IDevice.checkResult(IDevice.java:206)
	at org.robovm.libimobiledevice.IDeviceConnection.receive(IDeviceConnection.java:110)
	at org.robovm.libimobiledevice.IDeviceConnection.receive(IDeviceConnection.java:81)
	at org.robovm.libimobiledevice.IDeviceConnection$DeviceInputStream.read(IDeviceConnection.java:201)
	... 4 more
