10:28:35.356 INFO: JdwpEventCenterDelegate: THREAD_STARTED: thread (33, main, main)
10:28:35.440 INFO: JdwpEventCenterDelegate: THREAD_STARTED: thread (48, ReferenceQueueDaemon, main)
10:28:35.440 INFO: JdwpEventCenterDelegate: THREAD_STARTED: thread (63, FinalizerDaemon, main)
10:28:35.441 INFO: JdwpEventCenterDelegate: THREAD_STARTED: thread (78, FinalizerWatchdogDaemon, main)
10:28:37.293 INFO: JdwpDebugServer: handling req: VirtualMachine(1).IDSizes(7)
10:28:37.295 INFO: JdwpDebugServer: handling req: EventRequest(15).Set(1)
10:28:37.296 INFO: JdwpEventCenterDelegate: jdwpSetEventRequest: JdwpEventRequest{requestId=100, eventKind=CLASS_UNLOAD, suspendPolicy=NONE, predicates=[]}
10:28:37.297 INFO: JdwpDebugServer: handling req: EventRequest(15).Set(1)
10:28:37.297 INFO: JdwpEventCenterDelegate: jdwpSetEventRequest: JdwpEventRequest{requestId=101, eventKind=THREAD_START, suspendPolicy=NONE, predicates=[]}
10:28:37.299 INFO: JdwpDebugServer: handling req: VirtualMachine(1).ClassesBySignature(2)
10:28:37.301 INFO: JdwpDebugServer: handling req: VirtualMachine(1).Version(1)
10:28:37.302 INFO: JdwpDebugServer: handling req: ReferenceType(2).MethodsWithGeneric(15)
10:28:37.304 INFO: JdwpDebugServer: handling req: Method(6).LineTable(1)
10:28:37.305 INFO: JdwpDebugServer: handling req: EventRequest(15).Set(1)
10:28:37.305 INFO: JdwpEventCenterDelegate: jdwpSetEventRequest: JdwpEventRequest{requestId=102, eventKind=BREAKPOINT, suspendPolicy=NONE, predicates=[Location{classId=845, methodId=257, index=928} ]}
10:28:37.306 INFO: JdwpDebugServer: handling req: EventRequest(15).Set(1)
10:28:37.306 INFO: JdwpEventCenterDelegate: jdwpSetEventRequest: JdwpEventRequest{requestId=103, eventKind=THREAD_DEATH, suspendPolicy=NONE, predicates=[]}
10:28:37.306 INFO: JdwpDebugServer: handling req: VirtualMachine(1).AllThreads(4)
10:28:37.307 INFO: JdwpDebugServer: handling req: ThreadReference(11).ThreadGroup(5)
10:28:37.308 INFO: JdwpDebugServer: handling req: ThreadGroup(12).Name(1)
10:28:37.308 INFO: JdwpDebugServer: handling req: ThreadGroup(12).Parent(2)
10:28:37.308 INFO: JdwpDebugServer: handling req: ObjectReference(9).ReferenceType(1)
10:28:37.309 INFO: JdwpDebugServer: handling req: ReferenceType(2).FieldsWithGeneric(14)
10:28:37.310 INFO: JdwpDebugServer: handling req: ReferenceType(2).Interfaces(10)
10:28:37.310 INFO: JdwpDebugServer: handling req: ReferenceType(2).FieldsWithGeneric(14)
10:28:37.311 INFO: JdwpDebugServer: handling req: ReferenceType(2).Interfaces(10)
10:28:37.311 INFO: JdwpDebugServer: handling req: ClassType(3).Superclass(1)
10:28:37.311 INFO: JdwpDebugServer: handling req: ReferenceType(2).FieldsWithGeneric(14)
10:28:37.312 INFO: JdwpDebugServer: handling req: ReferenceType(2).Interfaces(10)
10:28:37.312 INFO: JdwpDebugServer: handling req: ClassType(3).Superclass(1)
10:28:37.312 INFO: JdwpDebugServer: handling req: ObjectReference(9).GetValues(2)
10:28:37.313 INFO: JdwpDebugServer: handling req: ThreadReference(11).Status(4)
10:28:37.314 INFO: JdwpDebugServer: handling req: ThreadReference(11).Status(4)
10:28:37.314 INFO: JdwpDebugServer: handling req: ThreadReference(11).ThreadGroup(5)
10:28:37.314 INFO: JdwpDebugServer: handling req: ObjectReference(9).ReferenceType(1)
10:28:37.314 INFO: JdwpDebugServer: handling req: ObjectReference(9).GetValues(2)
10:28:37.315 INFO: JdwpDebugServer: handling req: ThreadReference(11).Status(4)
10:28:37.315 INFO: JdwpDebugServer: handling req: ThreadReference(11).Status(4)
10:28:37.316 INFO: JdwpDebugServer: handling req: ThreadReference(11).ThreadGroup(5)
10:28:37.316 INFO: JdwpDebugServer: handling req: ObjectReference(9).ReferenceType(1)
10:28:37.316 INFO: JdwpDebugServer: handling req: ObjectReference(9).GetValues(2)
10:28:37.316 INFO: JdwpDebugServer: handling req: ThreadReference(11).Status(4)
10:28:37.317 INFO: JdwpDebugServer: handling req: ThreadReference(11).Status(4)
10:28:37.317 INFO: JdwpDebugServer: handling req: ThreadReference(11).ThreadGroup(5)
10:28:37.317 INFO: JdwpDebugServer: handling req: ObjectReference(9).ReferenceType(1)
10:28:37.317 INFO: JdwpDebugServer: handling req: ObjectReference(9).GetValues(2)
10:28:37.318 INFO: JdwpDebugServer: handling req: ThreadReference(11).Status(4)
10:28:37.318 INFO: JdwpDebugServer: handling req: ThreadReference(11).Status(4)
10:28:37.321 INFO: JdwpDebugServer: handling req: EventRequest(15).Set(1)
10:28:37.321 INFO: JdwpEventCenterDelegate: jdwpSetEventRequest: JdwpEventRequest{requestId=104, eventKind=CLASS_PREPARE, suspendPolicy=EVENT_THREAD, predicates=[className=java.lang.Throwable]}
10:28:37.327 INFO: JdwpDebugServer: handling req: EventRequest(15).Set(1)
10:28:37.327 INFO: JdwpEventCenterDelegate: jdwpSetEventRequest: JdwpEventRequest{requestId=105, eventKind=CLASS_PREPARE, suspendPolicy=EVENT_THREAD, predicates=[className=java.lang.Throwable$*]}
10:28:37.328 INFO: JdwpDebugServer: handling req: VirtualMachine(1).ClassesBySignature(2)
10:28:37.329 INFO: JdwpDebugServer: handling req: ReferenceType(2).MethodsWithGeneric(15)
10:28:37.330 INFO: JdwpDebugServer: handling req: Method(6).LineTable(1)
10:28:37.330 INFO: JdwpDebugServer: handling req: Method(6).LineTable(1)
10:28:37.330 INFO: JdwpDebugServer: handling req: Method(6).LineTable(1)
10:28:37.330 INFO: JdwpDebugServer: handling req: Method(6).LineTable(1)
10:28:37.330 INFO: JdwpDebugServer: handling req: Method(6).LineTable(1)
10:28:37.331 INFO: JdwpDebugServer: handling req: Method(6).LineTable(1)
10:28:37.331 INFO: JdwpDebugServer: handling req: Method(6).LineTable(1)
10:28:37.331 INFO: JdwpDebugServer: handling req: Method(6).LineTable(1)
10:28:37.331 INFO: JdwpDebugServer: handling req: Method(6).LineTable(1)
10:28:37.331 INFO: JdwpDebugServer: handling req: Method(6).LineTable(1)
10:28:37.331 INFO: JdwpDebugServer: handling req: Method(6).LineTable(1)
10:28:37.332 INFO: JdwpDebugServer: handling req: Method(6).LineTable(1)
10:28:37.332 INFO: JdwpDebugServer: handling req: Method(6).LineTable(1)
10:28:37.332 INFO: JdwpDebugServer: handling req: Method(6).LineTable(1)
10:28:37.332 INFO: JdwpDebugServer: handling req: Method(6).LineTable(1)
10:28:37.332 INFO: JdwpDebugServer: handling req: Method(6).LineTable(1)
10:28:37.333 INFO: JdwpDebugServer: handling req: Method(6).LineTable(1)
10:28:37.333 INFO: JdwpDebugServer: handling req: Method(6).LineTable(1)
10:28:37.333 INFO: JdwpDebugServer: handling req: Method(6).LineTable(1)
10:28:37.333 INFO: JdwpDebugServer: handling req: Method(6).LineTable(1)
10:28:37.333 INFO: JdwpDebugServer: handling req: Method(6).LineTable(1)
10:28:37.333 INFO: JdwpDebugServer: handling req: Method(6).LineTable(1)
10:28:37.334 INFO: JdwpDebugServer: handling req: Method(6).LineTable(1)
10:28:37.334 INFO: JdwpDebugServer: handling req: Method(6).LineTable(1)
10:28:37.334 INFO: JdwpDebugServer: handling req: VirtualMachine(1).ClassesBySignature(2)
10:28:37.335 INFO: JdwpDebugServer: handling req: VirtualMachine(1).AllClassesWithGeneric(20)
10:28:37.367 INFO: JdwpDebugServer: handling req: EventRequest(15).Set(1)
10:28:37.368 INFO: JdwpEventCenterDelegate: jdwpSetEventRequest: JdwpEventRequest{requestId=106, eventKind=CLASS_PREPARE, suspendPolicy=EVENT_THREAD, predicates=[className=com.badlogic.gdx.utils.ScreenUtils]}
10:28:37.369 INFO: JdwpDebugServer: handling req: EventRequest(15).Set(1)
10:28:37.369 INFO: JdwpEventCenterDelegate: jdwpSetEventRequest: JdwpEventRequest{requestId=107, eventKind=CLASS_PREPARE, suspendPolicy=EVENT_THREAD, predicates=[className=com.badlogic.gdx.utils.ScreenUtils$*]}
10:28:37.369 INFO: JdwpDebugServer: handling req: VirtualMachine(1).ClassesBySignature(2)
10:28:37.370 INFO: JdwpDebugServer: handling req: ReferenceType(2).MethodsWithGeneric(15)
10:28:37.370 INFO: JdwpDebugServer: handling req: Method(6).LineTable(1)
10:28:37.371 INFO: JdwpDebugServer: handling req: Method(6).LineTable(1)
10:28:37.371 INFO: JdwpDebugServer: handling req: Method(6).LineTable(1)
10:28:37.371 INFO: JdwpDebugServer: handling req: Method(6).LineTable(1)
10:28:37.371 INFO: JdwpDebugServer: handling req: Method(6).LineTable(1)
10:28:37.371 INFO: JdwpDebugServer: handling req: Method(6).LineTable(1)
10:28:37.371 INFO: JdwpDebugServer: handling req: Method(6).LineTable(1)
10:28:37.372 INFO: JdwpDebugServer: handling req: Method(6).LineTable(1)
10:28:37.372 INFO: JdwpDebugServer: handling req: Method(6).LineTable(1)
10:28:37.372 INFO: JdwpDebugServer: handling req: Method(6).LineTable(1)
10:28:37.372 INFO: JdwpDebugServer: handling req: EventRequest(15).Set(1)
10:28:37.373 INFO: JdwpEventCenterDelegate: jdwpSetEventRequest: JdwpEventRequest{requestId=108, eventKind=BREAKPOINT, suspendPolicy=EVENT_THREAD, predicates=[Location{classId=22240, methodId=1272, index=89} ]}
10:28:37.375 INFO: JdwpDebugServer: handling req: EventRequest(15).Set(1)
10:28:37.375 INFO: JdwpEventCenterDelegate: jdwpSetEventRequest: JdwpEventRequest{requestId=109, eventKind=CLASS_PREPARE, suspendPolicy=EVENT_THREAD, predicates=[className=com.badlogic.gdx.utils.ScreenUtils]}
10:28:37.376 INFO: JdwpDebugServer: handling req: EventRequest(15).Set(1)
10:28:37.376 INFO: JdwpEventCenterDelegate: jdwpSetEventRequest: JdwpEventRequest{requestId=110, eventKind=CLASS_PREPARE, suspendPolicy=EVENT_THREAD, predicates=[className=com.badlogic.gdx.utils.ScreenUtils$*]}
10:28:37.377 INFO: JdwpDebugServer: handling req: VirtualMachine(1).ClassesBySignature(2)
10:28:37.377 INFO: JdwpDebugServer: handling req: EventRequest(15).Set(1)
10:28:37.377 INFO: JdwpEventCenterDelegate: jdwpSetEventRequest: JdwpEventRequest{requestId=111, eventKind=BREAKPOINT, suspendPolicy=EVENT_THREAD, predicates=[Location{classId=22240, methodId=1267, index=72} ]}
10:28:37.377 INFO: JdwpDebugServer: handling req: EventRequest(15).Set(1)
10:28:37.377 INFO: JdwpEventCenterDelegate: jdwpSetEventRequest: JdwpEventRequest{requestId=112, eventKind=CLASS_PREPARE, suspendPolicy=EVENT_THREAD, predicates=[className=com.badlogic.gdx.graphics.g2d.PolygonSpriteBatch]}
10:28:37.378 INFO: JdwpDebugServer: handling req: EventRequest(15).Set(1)
10:28:37.378 INFO: JdwpEventCenterDelegate: jdwpSetEventRequest: JdwpEventRequest{requestId=113, eventKind=CLASS_PREPARE, suspendPolicy=EVENT_THREAD, predicates=[className=com.badlogic.gdx.graphics.g2d.PolygonSpriteBatch$*]}
10:28:37.379 INFO: JdwpDebugServer: handling req: VirtualMachine(1).ClassesBySignature(2)
10:28:37.379 INFO: JdwpDebugServer: handling req: ReferenceType(2).MethodsWithGeneric(15)
10:28:37.379 INFO: JdwpDebugServer: handling req: Method(6).LineTable(1)
10:28:37.380 INFO: JdwpDebugServer: handling req: Method(6).LineTable(1)
10:28:37.380 INFO: JdwpDebugServer: handling req: Method(6).LineTable(1)
10:28:37.380 INFO: JdwpDebugServer: handling req: Method(6).LineTable(1)
10:28:37.380 INFO: JdwpDebugServer: handling req: Method(6).LineTable(1)
10:28:37.380 INFO: JdwpDebugServer: handling req: Method(6).LineTable(1)
10:28:37.380 INFO: JdwpDebugServer: handling req: Method(6).LineTable(1)
10:28:37.380 INFO: JdwpDebugServer: handling req: Method(6).LineTable(1)
10:28:37.380 INFO: JdwpDebugServer: handling req: Method(6).LineTable(1)
10:28:37.381 INFO: JdwpDebugServer: handling req: Method(6).LineTable(1)
10:28:37.381 INFO: JdwpDebugServer: handling req: Method(6).LineTable(1)
10:28:37.381 INFO: JdwpDebugServer: handling req: Method(6).LineTable(1)
10:28:37.381 INFO: JdwpDebugServer: handling req: Method(6).LineTable(1)
10:28:37.381 INFO: JdwpDebugServer: handling req: Method(6).LineTable(1)
10:28:37.382 INFO: JdwpDebugServer: handling req: Method(6).LineTable(1)
10:28:37.382 INFO: JdwpDebugServer: handling req: Method(6).LineTable(1)
10:28:37.382 INFO: JdwpDebugServer: handling req: Method(6).LineTable(1)
10:28:37.382 INFO: JdwpDebugServer: handling req: Method(6).LineTable(1)
10:28:37.382 INFO: JdwpDebugServer: handling req: Method(6).LineTable(1)
10:28:37.382 INFO: JdwpDebugServer: handling req: Method(6).LineTable(1)
10:28:37.382 INFO: JdwpDebugServer: handling req: Method(6).LineTable(1)
10:28:37.382 INFO: JdwpDebugServer: handling req: Method(6).LineTable(1)
10:28:37.383 INFO: JdwpDebugServer: handling req: Method(6).LineTable(1)
10:28:37.383 INFO: JdwpDebugServer: handling req: Method(6).LineTable(1)
10:28:37.383 INFO: JdwpDebugServer: handling req: Method(6).LineTable(1)
10:28:37.383 INFO: JdwpDebugServer: handling req: Method(6).LineTable(1)
10:28:37.383 INFO: JdwpDebugServer: handling req: Method(6).LineTable(1)
10:28:37.383 INFO: JdwpDebugServer: handling req: Method(6).LineTable(1)
10:28:37.383 INFO: JdwpDebugServer: handling req: Method(6).LineTable(1)
10:28:37.383 INFO: JdwpDebugServer: handling req: Method(6).LineTable(1)
10:28:37.383 INFO: JdwpDebugServer: handling req: Method(6).LineTable(1)
10:28:37.383 INFO: JdwpDebugServer: handling req: Method(6).LineTable(1)
10:28:37.384 INFO: JdwpDebugServer: handling req: Method(6).LineTable(1)
10:28:37.384 INFO: JdwpDebugServer: handling req: Method(6).LineTable(1)
10:28:37.384 INFO: JdwpDebugServer: handling req: Method(6).LineTable(1)
10:28:37.384 INFO: JdwpDebugServer: handling req: Method(6).LineTable(1)
10:28:37.384 INFO: JdwpDebugServer: handling req: Method(6).LineTable(1)
10:28:37.384 INFO: JdwpDebugServer: handling req: Method(6).LineTable(1)
10:28:37.384 INFO: JdwpDebugServer: handling req: Method(6).LineTable(1)
10:28:37.384 INFO: JdwpDebugServer: handling req: Method(6).LineTable(1)
10:28:37.384 INFO: JdwpDebugServer: handling req: Method(6).LineTable(1)
10:28:37.385 INFO: JdwpDebugServer: handling req: Method(6).LineTable(1)
10:28:37.385 INFO: JdwpDebugServer: handling req: Method(6).LineTable(1)
10:28:37.385 INFO: JdwpDebugServer: handling req: Method(6).LineTable(1)
10:28:37.385 INFO: JdwpDebugServer: handling req: Method(6).LineTable(1)
10:28:37.385 INFO: JdwpDebugServer: handling req: Method(6).LineTable(1)
10:28:37.385 INFO: JdwpDebugServer: handling req: Method(6).LineTable(1)
10:28:37.385 INFO: JdwpDebugServer: handling req: EventRequest(15).Set(1)
10:28:37.385 INFO: JdwpEventCenterDelegate: jdwpSetEventRequest: JdwpEventRequest{requestId=114, eventKind=BREAKPOINT, suspendPolicy=EVENT_THREAD, predicates=[Location{classId=15500, methodId=1307, index=142} ]}
10:28:37.386 INFO: JdwpDebugServer: handling req: EventRequest(15).Set(1)
10:28:37.386 INFO: JdwpEventCenterDelegate: jdwpSetEventRequest: JdwpEventRequest{requestId=115, eventKind=CLASS_PREPARE, suspendPolicy=EVENT_THREAD, predicates=[className=com.badlogic.gdx.graphics.g2d.SpriteBatch]}
10:28:37.387 INFO: JdwpDebugServer: handling req: EventRequest(15).Set(1)
10:28:37.387 INFO: JdwpEventCenterDelegate: jdwpSetEventRequest: JdwpEventRequest{requestId=116, eventKind=CLASS_PREPARE, suspendPolicy=EVENT_THREAD, predicates=[className=com.badlogic.gdx.graphics.g2d.SpriteBatch$*]}
10:28:37.387 INFO: JdwpDebugServer: handling req: VirtualMachine(1).ClassesBySignature(2)
10:28:37.388 INFO: JdwpDebugServer: handling req: ReferenceType(2).MethodsWithGeneric(15)
10:28:37.388 INFO: JdwpDebugServer: handling req: Method(6).LineTable(1)
10:28:37.388 INFO: JdwpDebugServer: handling req: Method(6).LineTable(1)
10:28:37.388 INFO: JdwpDebugServer: handling req: Method(6).LineTable(1)
10:28:37.388 INFO: JdwpDebugServer: handling req: Method(6).LineTable(1)
10:28:37.389 INFO: JdwpDebugServer: handling req: Method(6).LineTable(1)
10:28:37.389 INFO: JdwpDebugServer: handling req: Method(6).LineTable(1)
10:28:37.389 INFO: JdwpDebugServer: handling req: Method(6).LineTable(1)
10:28:37.389 INFO: JdwpDebugServer: handling req: Method(6).LineTable(1)
10:28:37.389 INFO: JdwpDebugServer: handling req: Method(6).LineTable(1)
10:28:37.389 INFO: JdwpDebugServer: handling req: Method(6).LineTable(1)
10:28:37.389 INFO: JdwpDebugServer: handling req: Method(6).LineTable(1)
10:28:37.389 INFO: JdwpDebugServer: handling req: Method(6).LineTable(1)
10:28:37.390 INFO: JdwpDebugServer: handling req: Method(6).LineTable(1)
10:28:37.390 INFO: JdwpDebugServer: handling req: Method(6).LineTable(1)
10:28:37.390 INFO: JdwpDebugServer: handling req: Method(6).LineTable(1)
10:28:37.390 INFO: JdwpDebugServer: handling req: Method(6).LineTable(1)
10:28:37.390 INFO: JdwpDebugServer: handling req: Method(6).LineTable(1)
10:28:37.390 INFO: JdwpDebugServer: handling req: Method(6).LineTable(1)
10:28:37.390 INFO: JdwpDebugServer: handling req: Method(6).LineTable(1)
10:28:37.390 INFO: JdwpDebugServer: handling req: Method(6).LineTable(1)
10:28:37.391 INFO: JdwpDebugServer: handling req: Method(6).LineTable(1)
10:28:37.391 INFO: JdwpDebugServer: handling req: Method(6).LineTable(1)
10:28:37.391 INFO: JdwpDebugServer: handling req: Method(6).LineTable(1)
10:28:37.391 INFO: JdwpDebugServer: handling req: Method(6).LineTable(1)
10:28:37.391 INFO: JdwpDebugServer: handling req: Method(6).LineTable(1)
10:28:37.391 INFO: JdwpDebugServer: handling req: Method(6).LineTable(1)
10:28:37.391 INFO: JdwpDebugServer: handling req: Method(6).LineTable(1)
10:28:37.391 INFO: JdwpDebugServer: handling req: Method(6).LineTable(1)
10:28:37.392 INFO: JdwpDebugServer: handling req: Method(6).LineTable(1)
10:28:37.392 INFO: JdwpDebugServer: handling req: Method(6).LineTable(1)
10:28:37.392 INFO: JdwpDebugServer: handling req: Method(6).LineTable(1)
10:28:37.392 INFO: JdwpDebugServer: handling req: Method(6).LineTable(1)
10:28:37.392 INFO: JdwpDebugServer: handling req: Method(6).LineTable(1)
10:28:37.392 INFO: JdwpDebugServer: handling req: Method(6).LineTable(1)
10:28:37.392 INFO: JdwpDebugServer: handling req: Method(6).LineTable(1)
10:28:37.392 INFO: JdwpDebugServer: handling req: Method(6).LineTable(1)
10:28:37.393 INFO: JdwpDebugServer: handling req: Method(6).LineTable(1)
10:28:37.393 INFO: JdwpDebugServer: handling req: Method(6).LineTable(1)
10:28:37.393 INFO: JdwpDebugServer: handling req: Method(6).LineTable(1)
10:28:37.393 INFO: JdwpDebugServer: handling req: Method(6).LineTable(1)
10:28:37.393 INFO: JdwpDebugServer: handling req: Method(6).LineTable(1)
10:28:37.393 INFO: JdwpDebugServer: handling req: Method(6).LineTable(1)
10:28:37.393 INFO: JdwpDebugServer: handling req: Method(6).LineTable(1)
10:28:37.393 INFO: JdwpDebugServer: handling req: Method(6).LineTable(1)
10:28:37.394 INFO: JdwpDebugServer: handling req: EventRequest(15).Set(1)
10:28:37.394 INFO: JdwpEventCenterDelegate: jdwpSetEventRequest: JdwpEventRequest{requestId=117, eventKind=BREAKPOINT, suspendPolicy=EVENT_THREAD, predicates=[Location{classId=18040, methodId=1542, index=163} ]}
10:28:37.394 INFO: JdwpDebugServer: handling req: EventRequest(15).Set(1)
10:28:37.394 INFO: JdwpEventCenterDelegate: jdwpSetEventRequest: JdwpEventRequest{requestId=118, eventKind=CLASS_PREPARE, suspendPolicy=EVENT_THREAD, predicates=[className=com.badlogic.gdx.graphics.g2d.PolygonSpriteBatch]}
10:28:37.395 INFO: JdwpDebugServer: handling req: EventRequest(15).Set(1)
10:28:37.395 INFO: JdwpEventCenterDelegate: jdwpSetEventRequest: JdwpEventRequest{requestId=119, eventKind=CLASS_PREPARE, suspendPolicy=EVENT_THREAD, predicates=[className=com.badlogic.gdx.graphics.g2d.PolygonSpriteBatch$*]}
10:28:37.395 INFO: JdwpDebugServer: handling req: VirtualMachine(1).ClassesBySignature(2)
10:28:37.396 INFO: JdwpDebugServer: handling req: EventRequest(15).Set(1)
10:28:37.396 INFO: JdwpEventCenterDelegate: jdwpSetEventRequest: JdwpEventRequest{requestId=120, eventKind=BREAKPOINT, suspendPolicy=EVENT_THREAD, predicates=[Location{classId=15500, methodId=1307, index=141} ]}
10:28:37.396 INFO: JdwpDebugServer: handling req: EventRequest(15).Set(1)
10:28:37.396 INFO: JdwpEventCenterDelegate: jdwpSetEventRequest: JdwpEventRequest{requestId=121, eventKind=CLASS_PREPARE, suspendPolicy=EVENT_THREAD, predicates=[className=com.scottlogic.util.GL32CMacIssueHandler]}
10:28:37.397 INFO: JdwpDebugServer: handling req: EventRequest(15).Set(1)
10:28:37.397 INFO: JdwpEventCenterDelegate: jdwpSetEventRequest: JdwpEventRequest{requestId=122, eventKind=CLASS_PREPARE, suspendPolicy=EVENT_THREAD, predicates=[className=com.scottlogic.util.GL32CMacIssueHandler$*]}
10:28:37.397 INFO: JdwpDebugServer: handling req: VirtualMachine(1).ClassesBySignature(2)
10:28:37.397 INFO: JdwpDebugServer: handling req: ReferenceType(2).MethodsWithGeneric(15)
10:28:37.398 INFO: JdwpDebugServer: handling req: Method(6).LineTable(1)
10:28:37.398 INFO: JdwpDebugServer: handling req: Method(6).LineTable(1)
10:28:37.398 INFO: JdwpDebugServer: handling req: Method(6).LineTable(1)
10:28:37.398 INFO: JdwpDebugServer: handling req: Method(6).LineTable(1)
10:28:37.398 INFO: JdwpDebugServer: handling req: Method(6).LineTable(1)
10:28:37.398 INFO: JdwpDebugServer: handling req: EventRequest(15).Set(1)
10:28:37.398 INFO: JdwpEventCenterDelegate: jdwpSetEventRequest: JdwpEventRequest{requestId=123, eventKind=BREAKPOINT, suspendPolicy=EVENT_THREAD, predicates=[Location{classId=21445, methodId=1762, index=128} ]}
10:28:37.399 INFO: JdwpDebugServer: handling req: VirtualMachine(1).capabilitiesNew(17)
10:28:37.403 INFO: JdwpDebugServer: handling req: EventRequest(15).Set(1)
10:28:37.403 INFO: JdwpEventCenterDelegate: jdwpSetEventRequest: JdwpEventRequest{requestId=124, eventKind=CLASS_PREPARE, suspendPolicy=EVENT_THREAD, predicates=[className=java.lang.Error]}
10:28:37.404 INFO: JdwpDebugServer: handling req: EventRequest(15).Set(1)
10:28:37.404 INFO: JdwpEventCenterDelegate: jdwpSetEventRequest: JdwpEventRequest{requestId=125, eventKind=CLASS_PREPARE, suspendPolicy=EVENT_THREAD, predicates=[className=java.lang.Error$*]}
10:28:37.405 INFO: JdwpDebugServer: handling req: VirtualMachine(1).ClassesBySignature(2)
10:28:37.405 INFO: JdwpDebugServer: handling req: EventRequest(15).Set(1)
10:28:37.406 INFO: JdwpEventCenterDelegate: jdwpSetEventRequest: JdwpEventRequest{requestId=126, eventKind=EXCEPTION, suspendPolicy=EVENT_THREAD, predicates=[exceptionType=3425(caught=true, uncaught=true)]}
10:28:37.450 INFO: JdwpDebugServer: handling req: EventRequest(15).Set(1)
10:28:37.450 INFO: JdwpEventCenterDelegate: jdwpSetEventRequest: JdwpEventRequest{requestId=127, eventKind=CLASS_PREPARE, suspendPolicy=EVENT_THREAD, predicates=[className=java.lang.Throwable]}
10:28:37.451 INFO: JdwpDebugServer: handling req: EventRequest(15).Set(1)
10:28:37.451 INFO: JdwpEventCenterDelegate: jdwpSetEventRequest: JdwpEventRequest{requestId=128, eventKind=CLASS_PREPARE, suspendPolicy=EVENT_THREAD, predicates=[className=java.lang.Throwable$*]}
10:28:37.452 INFO: JdwpDebugServer: handling req: VirtualMachine(1).ClassesBySignature(2)
10:28:37.452 INFO: JdwpDebugServer: handling req: EventRequest(15).Set(1)
10:28:37.452 INFO: JdwpEventCenterDelegate: jdwpSetEventRequest: JdwpEventRequest{requestId=129, eventKind=EXCEPTION, suspendPolicy=EVENT_THREAD, predicates=[exceptionType=7695(caught=false, uncaught=true)]}
10:28:37.455 INFO: JdwpDebugServer: handling req: ThreadReference(11).SuspendCount(12)
10:28:37.455 INFO: JdwpDebugServer: handling req: ThreadReference(11).SuspendCount(12)
10:28:37.455 INFO: JdwpDebugServer: handling req: ThreadReference(11).SuspendCount(12)
10:28:37.455 INFO: JdwpDebugServer: handling req: ThreadReference(11).SuspendCount(12)
10:28:37.455 INFO: JdwpDebugServer: handling req: VirtualMachine(1).AllThreads(4)
10:28:37.456 INFO: JdwpDebugServer: handling req: VirtualMachine(1).Resume(9)
10:28:37.516 INFO: JdwpEventCenterDelegate: THREAD_RESUMED: thread (33, main, main)
10:28:37.517 INFO: JdwpEventCenterDelegate: THREAD_RESUMED: thread (33, main, main)
10:28:37.517 INFO: JdwpEventCenterDelegate: THREAD_RESUMED: thread (33, main, main)
10:28:37.518 INFO: JdwpEventCenterDelegate: THREAD_RESUMED: thread (33, main, main)
10:28:37.518 INFO: JdwpEventCenterDelegate: THREAD_RESUMED: thread (33, main, main)
10:28:37.518 INFO: JdwpEventCenterDelegate: THREAD_RESUMED: thread (33, main, main)
10:28:37.519 INFO: JdwpEventCenterDelegate: THREAD_RESUMED: thread (33, main, main)
10:28:37.520 INFO: JdwpEventCenterDelegate: THREAD_RESUMED: thread (33, main, main)
10:28:37.521 INFO: JdwpEventCenterDelegate: THREAD_RESUMED: thread (33, main, main)
10:28:37.521 INFO: JdwpEventCenterDelegate: THREAD_RESUMED: thread (33, main, main)
10:28:37.522 INFO: JdwpEventCenterDelegate: THREAD_RESUMED: thread (33, main, main)
10:28:37.527 INFO: JdwpEventCenterDelegate: THREAD_RESUMED: thread (33, main, main)
10:28:37.527 INFO: JdwpEventCenterDelegate: THREAD_RESUMED: thread (33, main, main)
10:28:37.528 INFO: JdwpEventCenterDelegate: THREAD_RESUMED: thread (33, main, main)
10:28:37.593 INFO: JdwpEventCenterDelegate: THREAD_RESUMED: thread (33, main, main)
10:28:37.594 INFO: JdwpEventCenterDelegate: THREAD_RESUMED: thread (33, main, main)
10:28:37.594 INFO: JdwpEventCenterDelegate: THREAD_RESUMED: thread (33, main, main)
10:28:37.601 INFO: JdwpEventCenterDelegate: THREAD_RESUMED: thread (33, main, main)
10:28:37.602 INFO: JdwpEventCenterDelegate: THREAD_RESUMED: thread (33, main, main)
10:28:37.602 INFO: JdwpEventCenterDelegate: THREAD_RESUMED: thread (33, main, main)
10:28:37.850 INFO: JdwpEventCenterDelegate: THREAD_RESUMED: thread (33, main, main)
10:28:37.851 INFO: JdwpEventCenterDelegate: THREAD_RESUMED: thread (33, main, main)
10:28:37.851 INFO: JdwpEventCenterDelegate: THREAD_RESUMED: thread (33, main, main)
10:28:37.912 INFO: JdwpEventCenterDelegate: THREAD_RESUMED: thread (33, main, main)
10:28:37.912 INFO: JdwpEventCenterDelegate: THREAD_RESUMED: thread (33, main, main)
10:28:37.913 INFO: JdwpEventCenterDelegate: THREAD_RESUMED: thread (33, main, main)
10:28:37.937 INFO: JdwpEventCenterDelegate: THREAD_RESUMED: thread (33, main, main)
10:28:37.938 INFO: JdwpEventCenterDelegate: THREAD_RESUMED: thread (33, main, main)
10:28:37.938 INFO: JdwpEventCenterDelegate: THREAD_RESUMED: thread (33, main, main)
10:28:37.945 INFO: JdwpDebugServer: handling req: ThreadReference(11).Name(1)
10:28:37.946 INFO: JdwpDebugServer: handling req: ThreadReference(11).Name(1)
10:28:37.946 INFO: JdwpDebugServer: handling req: ThreadReference(11).Name(1)
10:28:37.946 INFO: JdwpDebugServer: handling req: ThreadReference(11).Name(1)
10:28:37.963 INFO: JdwpEventCenterDelegate: THREAD_RESUMED: thread (33, main, main)
10:28:37.964 INFO: JdwpEventCenterDelegate: THREAD_RESUMED: thread (33, main, main)
10:28:37.964 INFO: JdwpEventCenterDelegate: THREAD_RESUMED: thread (33, main, main)
10:28:37.965 INFO: JdwpEventCenterDelegate: THREAD_RESUMED: thread (33, main, main)
10:28:37.971 INFO: JdwpEventCenterDelegate: THREAD_RESUMED: thread (33, main, main)
10:28:37.972 INFO: JdwpEventCenterDelegate: THREAD_RESUMED: thread (33, main, main)
10:28:38.501 INFO: JdwpEventCenterDelegate: THREAD_RESUMED: thread (33, main, main)
10:28:38.502 INFO: JdwpEventCenterDelegate: THREAD_RESUMED: thread (33, main, main)
10:28:38.522 INFO: JdwpEventCenterDelegate: THREAD_RESUMED: thread (33, main, main)
10:28:38.522 INFO: JdwpEventCenterDelegate: THREAD_RESUMED: thread (33, main, main)
10:28:38.523 INFO: JdwpEventCenterDelegate: THREAD_RESUMED: thread (33, main, main)
10:28:38.524 INFO: JdwpEventCenterDelegate: THREAD_RESUMED: thread (33, main, main)
10:28:38.591 INFO: JdwpEventCenterDelegate: THREAD_RESUMED: thread (33, main, main)
10:28:38.968 INFO: JdwpDebugServer: handling req: EventRequest(15).Set(1)
10:28:38.968 INFO: JdwpEventCenterDelegate: jdwpSetEventRequest: JdwpEventRequest{requestId=130, eventKind=BREAKPOINT, suspendPolicy=EVENT_THREAD, predicates=[Location{classId=15500, methodId=1307, index=142} ]}
10:28:38.975 INFO: JdwpDebugServer: handling req: EventRequest(15).Set(1)
10:28:38.975 INFO: JdwpEventCenterDelegate: jdwpSetEventRequest: JdwpEventRequest{requestId=131, eventKind=BREAKPOINT, suspendPolicy=EVENT_THREAD, predicates=[Location{classId=15500, methodId=1307, index=141} ]}
10:28:38.981 INFO: JdwpDebugServer: handling req: ThreadReference(11).Resume(3)
10:28:38.982 INFO: JdwpEventCenterDelegate: THREAD_RESUMED: thread (33, main, main)
10:28:38.983 INFO: JdwpDebugServer: handling req: EventRequest(15).Set(1)
10:28:38.983 INFO: JdwpEventCenterDelegate: jdwpSetEventRequest: JdwpEventRequest{requestId=132, eventKind=BREAKPOINT, suspendPolicy=EVENT_THREAD, predicates=[Location{classId=21445, methodId=1762, index=128} ]}
10:28:38.991 INFO: JdwpDebugServer: handling req: ThreadReference(11).Resume(3)
10:28:38.992 INFO: JdwpEventCenterDelegate: THREAD_RESUMED: thread (33, main, main)
10:28:38.994 INFO: JdwpDebugServer: handling req: ThreadReference(11).Frames(6)
10:28:38.995 INFO: JdwpDebugServer: handling req: ReferenceType(2).MethodsWithGeneric(15)
10:28:38.995 INFO: JdwpDebugServer: handling req: ReferenceType(2).MethodsWithGeneric(15)
10:28:38.996 INFO: JdwpDebugServer: handling req: ReferenceType(2).MethodsWithGeneric(15)
10:28:38.996 INFO: JdwpDebugServer: handling req: ReferenceType(2).MethodsWithGeneric(15)
10:28:38.996 INFO: JdwpDebugServer: handling req: ReferenceType(2).MethodsWithGeneric(15)
10:28:38.997 INFO: JdwpDebugServer: handling req: ReferenceType(2).MethodsWithGeneric(15)
10:28:38.999 INFO: JdwpDebugServer: handling req: ThreadReference(11).FramesCount(7)
10:28:38.999 INFO: JdwpDebugServer: handling req: ThreadReference(11).FramesCount(7)
10:28:39.194 INFO: JdwpDebugServer: handling req: ThreadReference(11).Name(1)
10:28:39.194 INFO: JdwpDebugServer: handling req: ReferenceType(2).SignatureWithGeneric(13)
10:28:39.196 INFO: JdwpDebugServer: handling req: ThreadReference(11).Name(1)
10:28:39.199 INFO: JdwpDebugServer: handling req: ThreadReference(11).Name(1)
10:28:39.199 INFO: JdwpDebugServer: handling req: ThreadReference(11).Name(1)
10:28:39.199 INFO: JdwpDebugServer: handling req: ThreadReference(11).Name(1)
10:28:39.270 INFO: JdwpDebugServer: handling req: ReferenceType(2).FieldsWithGeneric(14)
10:28:39.271 INFO: JdwpDebugServer: handling req: ReferenceType(2).Interfaces(10)
10:28:39.271 INFO: JdwpDebugServer: handling req: ClassType(3).Superclass(1)
10:28:39.271 INFO: JdwpDebugServer: handling req: ClassType(3).Superclass(1)
10:28:39.271 INFO: JdwpDebugServer: handling req: Method(6).VariableTableWithGenerics(5)
10:28:39.272 INFO: JdwpDebugServer: handling req: ReferenceType(2).SourceFile(7)
10:28:39.303 INFO: JdwpDebugServer: handling req: StackFrame(16).GetValues(1)
10:28:39.305 INFO: JdwpDebugServer: handling req: ObjectReference(9).ReferenceType(1)
10:28:39.306 INFO: JdwpDebugServer: handling req: ReferenceType(2).FieldsWithGeneric(14)
10:28:39.306 INFO: JdwpDebugServer: handling req: ReferenceType(2).Interfaces(10)
10:28:39.306 INFO: JdwpDebugServer: handling req: ReferenceType(2).FieldsWithGeneric(14)
10:28:39.306 INFO: JdwpDebugServer: handling req: StackFrame(16).GetValues(1)
10:28:39.306 INFO: JdwpDebugServer: handling req: ReferenceType(2).Interfaces(10)
10:28:39.306 INFO: JdwpDebugServer: handling req: ReferenceType(2).FieldsWithGeneric(14)
10:28:39.306 INFO: JdwpDebugServer: handling req: StackFrame(16).GetValues(1)
10:28:39.307 INFO: JdwpDebugServer: handling req: ReferenceType(2).Interfaces(10)
10:28:39.307 INFO: JdwpDebugServer: handling req: ClassType(3).Superclass(1)
10:28:39.307 INFO: JdwpDebugServer: handling req: ReferenceType(2).FieldsWithGeneric(14)
10:28:39.307 INFO: JdwpDebugServer: handling req: ClassType(3).Superclass(1)
10:28:39.307 INFO: JdwpDebugServer: handling req: ReferenceType(2).Interfaces(10)
10:28:39.308 INFO: JdwpDebugServer: handling req: ReferenceType(2).Interfaces(10)
10:28:39.308 INFO: JdwpDebugServer: handling req: ClassType(3).Superclass(1)
10:28:39.308 INFO: JdwpDebugServer: handling req: StackFrame(16).GetValues(1)
10:28:39.309 INFO: JdwpDebugServer: handling req: ObjectReference(9).ReferenceType(1)
10:28:39.309 INFO: JdwpDebugServer: handling req: StackFrame(16).GetValues(1)
10:28:39.310 INFO: JdwpDebugServer: handling req: StackFrame(16).GetValues(1)
10:28:39.310 INFO: JdwpDebugServer: handling req: StackFrame(16).GetValues(1)
10:28:39.310 INFO: JdwpDebugServer: handling req: StringReference(10).Value(1)
10:28:39.312 INFO: JdwpDebugServer: handling req: StackFrame(16).GetValues(1)
10:28:39.312 INFO: JdwpDebugServer: handling req: StackFrame(16).GetValues(1)
10:28:39.313 INFO: JdwpDebugServer: handling req: StackFrame(16).GetValues(1)
10:28:39.314 INFO: JdwpDebugServer: handling req: StackFrame(16).GetValues(1)
10:28:39.314 INFO: JdwpDebugServer: handling req: ClassType(3).Superclass(1)
10:28:39.315 INFO: JdwpDebugServer: handling req: StackFrame(16).GetValues(1)
10:28:39.315 INFO: JdwpDebugServer: handling req: StackFrame(16).GetValues(1)
10:28:39.315 INFO: JdwpDebugServer: handling req: StackFrame(16).GetValues(1)
10:28:39.316 INFO: JdwpDebugServer: handling req: StringReference(10).Value(1)
10:28:39.317 INFO: JdwpDebugServer: handling req: StackFrame(16).GetValues(1)
10:28:39.317 INFO: JdwpDebugServer: handling req: StackFrame(16).GetValues(1)
10:28:39.331 INFO: JdwpDebugServer: handling req: ThreadReference(11).FramesCount(7)
10:28:39.332 INFO: JdwpDebugServer: handling req: ThreadReference(11).Name(1)
10:28:39.332 INFO: JdwpDebugServer: handling req: ThreadReference(11).Name(1)
10:28:39.333 INFO: JdwpDebugServer: handling req: ThreadReference(11).FramesCount(7)
10:28:39.333 INFO: JdwpDebugServer: handling req: ThreadReference(11).Name(1)
10:28:39.333 INFO: JdwpDebugServer: handling req: ThreadReference(11).Name(1)
10:28:39.340 INFO: JdwpDebugServer: handling req: StackFrame(16).ThisObject(3)
10:28:39.340 INFO: JdwpDebugServer: handling req: ObjectReference(9).ReferenceType(1)
10:28:39.341 INFO: JdwpDebugServer: handling req: Method(6).LineTable(1)
10:28:39.341 INFO: JdwpDebugServer: handling req: StackFrame(16).ThisObject(3)
10:28:39.341 INFO: JdwpDebugServer: handling req: ObjectReference(9).ReferenceType(1)
10:28:39.341 INFO: JdwpDebugServer: handling req: Method(6).LineTable(1)
10:28:39.342 INFO: JdwpDebugServer: handling req: StackFrame(16).ThisObject(3)
10:28:39.342 INFO: JdwpDebugServer: handling req: ObjectReference(9).ReferenceType(1)
10:28:39.343 INFO: JdwpDebugServer: handling req: Method(6).LineTable(1)
10:28:39.343 INFO: JdwpDebugServer: handling req: StackFrame(16).ThisObject(3)
10:28:39.343 INFO: JdwpDebugServer: handling req: ObjectReference(9).ReferenceType(1)
10:28:39.343 INFO: JdwpDebugServer: handling req: Method(6).LineTable(1)
10:28:39.344 INFO: JdwpDebugServer: handling req: StackFrame(16).ThisObject(3)
10:28:39.344 INFO: JdwpDebugServer: handling req: ObjectReference(9).ReferenceType(1)
10:28:39.344 INFO: JdwpDebugServer: handling req: Method(6).LineTable(1)
10:28:39.345 INFO: JdwpDebugServer: handling req: Method(6).LineTable(1)
10:28:39.345 INFO: JdwpDebugServer: handling req: Method(6).LineTable(1)
10:29:00.441 INFO: JdwpDebugServer: handling req: EventRequest(15).Set(1)
10:29:00.443 INFO: JdwpEventCenterDelegate: jdwpSetEventRequest: JdwpEventRequest{requestId=133, eventKind=CLASS_PREPARE, suspendPolicy=EVENT_THREAD, predicates=[className=com.scottlogic.util.ShaderProgramFactory]}
10:29:00.454 INFO: JdwpDebugServer: handling req: EventRequest(15).Set(1)
10:29:00.454 INFO: JdwpEventCenterDelegate: jdwpSetEventRequest: JdwpEventRequest{requestId=134, eventKind=CLASS_PREPARE, suspendPolicy=EVENT_THREAD, predicates=[className=com.scottlogic.util.ShaderProgramFactory$*]}
10:29:00.458 INFO: JdwpDebugServer: handling req: VirtualMachine(1).ClassesBySignature(2)
10:29:00.458 INFO: JdwpDebugServer: handling req: ReferenceType(2).MethodsWithGeneric(15)
10:29:00.459 INFO: JdwpDebugServer: handling req: Method(6).LineTable(1)
10:29:00.459 INFO: JdwpDebugServer: handling req: Method(6).LineTable(1)
10:29:00.459 INFO: JdwpDebugServer: handling req: Method(6).LineTable(1)
10:29:00.459 INFO: JdwpDebugServer: handling req: Method(6).LineTable(1)
10:29:00.459 INFO: JdwpDebugServer: handling req: Method(6).LineTable(1)
10:29:00.460 INFO: JdwpDebugServer: handling req: EventRequest(15).Set(1)
10:29:00.460 INFO: JdwpEventCenterDelegate: jdwpSetEventRequest: JdwpEventRequest{requestId=135, eventKind=BREAKPOINT, suspendPolicy=EVENT_THREAD, predicates=[Location{classId=20400, methodId=12167, index=106} ]}
10:29:02.099 INFO: JdwpDebugServer: handling req: ThreadReference(11).Resume(3)
10:29:02.100 INFO: JdwpEventCenterDelegate: THREAD_RESUMED: thread (33, main, main)
10:29:02.103 INFO: JdwpDebugServer: handling req: EventRequest(15).Set(1)
10:29:02.103 INFO: JdwpEventCenterDelegate: jdwpSetEventRequest: JdwpEventRequest{requestId=136, eventKind=BREAKPOINT, suspendPolicy=EVENT_THREAD, predicates=[Location{classId=20400, methodId=12167, index=106} ]}
10:29:02.106 INFO: JdwpDebugServer: handling req: ThreadReference(11).Resume(3)
10:29:02.106 INFO: JdwpEventCenterDelegate: THREAD_RESUMED: thread (33, main, main)
10:29:02.129 INFO: JdwpDebugServer: handling req: ThreadReference(11).Frames(6)
10:29:02.130 INFO: JdwpDebugServer: handling req: ThreadReference(11).FramesCount(7)
10:29:02.131 INFO: JdwpDebugServer: handling req: ThreadReference(11).FramesCount(7)
10:29:02.131 INFO: JdwpDebugServer: handling req: ThreadReference(11).Name(1)
10:29:02.132 INFO: JdwpDebugServer: handling req: ThreadReference(11).Name(1)
10:29:02.132 INFO: JdwpDebugServer: handling req: ThreadReference(11).Name(1)
10:29:02.220 INFO: JdwpDebugServer: handling req: ReferenceType(2).SignatureWithGeneric(13)
10:29:02.220 INFO: JdwpDebugServer: handling req: ThreadReference(11).Name(1)
10:29:02.224 INFO: JdwpDebugServer: handling req: ThreadReference(11).Name(1)
10:29:02.227 INFO: JdwpDebugServer: handling req: ThreadReference(11).Name(1)
10:29:02.227 INFO: JdwpDebugServer: handling req: ThreadReference(11).Name(1)
10:29:02.228 INFO: JdwpDebugServer: handling req: ThreadReference(11).Name(1)
10:29:02.262 INFO: JdwpDebugServer: handling req: ReferenceType(2).FieldsWithGeneric(14)
10:29:02.262 INFO: JdwpDebugServer: handling req: ThreadReference(11).FramesCount(7)
10:29:02.262 INFO: JdwpDebugServer: handling req: ReferenceType(2).Interfaces(10)
10:29:02.262 INFO: JdwpDebugServer: handling req: ClassType(3).Superclass(1)
10:29:02.263 INFO: JdwpDebugServer: handling req: Method(6).VariableTableWithGenerics(5)
10:29:02.275 INFO: JdwpDebugServer: handling req: ThreadReference(11).Name(1)
10:29:02.275 INFO: JdwpDebugServer: handling req: StackFrame(16).GetValues(1)
10:29:02.275 INFO: JdwpDebugServer: handling req: ThreadReference(11).FramesCount(7)
10:29:02.276 INFO: JdwpDebugServer: handling req: ObjectReference(9).ReferenceType(1)
10:29:02.276 INFO: JdwpDebugServer: handling req: StackFrame(16).GetValues(1)
10:29:02.276 INFO: JdwpDebugServer: handling req: ObjectReference(9).ReferenceType(1)
10:29:02.276 INFO: JdwpDebugServer: handling req: StackFrame(16).GetValues(1)
10:29:02.277 INFO: JdwpDebugServer: handling req: StackFrame(16).GetValues(1)
10:29:02.277 INFO: JdwpDebugServer: handling req: StackFrame(16).GetValues(1)
10:29:02.277 INFO: JdwpDebugServer: handling req: ClassType(3).Superclass(1)
10:29:02.277 INFO: JdwpDebugServer: handling req: StackFrame(16).GetValues(1)
10:29:02.278 INFO: JdwpDebugServer: handling req: StackFrame(16).GetValues(1)
10:29:02.278 INFO: JdwpDebugServer: handling req: StackFrame(16).GetValues(1)
10:29:02.278 INFO: JdwpDebugServer: handling req: StackFrame(16).GetValues(1)
10:29:02.279 INFO: JdwpDebugServer: handling req: ObjectReference(9).ReferenceType(1)
10:29:02.279 INFO: JdwpDebugServer: handling req: StackFrame(16).GetValues(1)
10:29:02.279 INFO: JdwpDebugServer: handling req: ReferenceType(2).FieldsWithGeneric(14)
10:29:02.280 INFO: JdwpDebugServer: handling req: StackFrame(16).GetValues(1)
10:29:02.280 INFO: JdwpDebugServer: handling req: ReferenceType(2).Interfaces(10)
10:29:02.280 INFO: JdwpDebugServer: handling req: StackFrame(16).GetValues(1)
10:29:02.280 INFO: JdwpDebugServer: handling req: ReferenceType(2).FieldsWithGeneric(14)
10:29:02.280 INFO: JdwpDebugServer: handling req: StringReference(10).Value(1)
10:29:02.280 INFO: JdwpDebugServer: handling req: ReferenceType(2).Interfaces(10)
10:29:02.280 INFO: JdwpDebugServer: handling req: ClassType(3).Superclass(1)
10:29:02.280 INFO: JdwpDebugServer: handling req: StackFrame(16).GetValues(1)
10:29:02.281 INFO: JdwpDebugServer: handling req: StackFrame(16).GetValues(1)
10:29:02.281 INFO: JdwpDebugServer: handling req: StackFrame(16).GetValues(1)
10:29:02.281 INFO: JdwpDebugServer: handling req: StackFrame(16).GetValues(1)
10:29:02.281 INFO: JdwpDebugServer: handling req: ClassType(3).Superclass(1)
10:29:02.281 INFO: JdwpDebugServer: handling req: StackFrame(16).GetValues(1)
10:29:02.281 INFO: JdwpDebugServer: handling req: StackFrame(16).GetValues(1)
10:29:02.282 INFO: JdwpDebugServer: handling req: StackFrame(16).GetValues(1)
10:29:02.282 INFO: JdwpDebugServer: handling req: StringReference(10).Value(1)
10:29:02.282 INFO: JdwpDebugServer: handling req: StackFrame(16).GetValues(1)
10:29:02.282 INFO: JdwpDebugServer: handling req: StackFrame(16).GetValues(1)
10:29:02.282 INFO: JdwpDebugServer: handling req: StackFrame(16).GetValues(1)
10:29:02.283 INFO: JdwpDebugServer: handling req: StackFrame(16).GetValues(1)
10:29:02.283 INFO: JdwpDebugServer: handling req: StackFrame(16).GetValues(1)
10:29:02.283 INFO: JdwpDebugServer: handling req: StackFrame(16).GetValues(1)
10:29:02.284 INFO: JdwpDebugServer: handling req: StackFrame(16).GetValues(1)
10:29:02.285 INFO: JdwpDebugServer: handling req: StackFrame(16).GetValues(1)
10:29:02.285 INFO: JdwpDebugServer: handling req: StackFrame(16).GetValues(1)
10:29:02.286 INFO: JdwpDebugServer: handling req: StackFrame(16).GetValues(1)
10:29:02.286 INFO: JdwpDebugServer: handling req: StackFrame(16).GetValues(1)
10:29:02.286 INFO: JdwpDebugServer: handling req: StackFrame(16).GetValues(1)
10:29:02.286 INFO: JdwpDebugServer: handling req: StackFrame(16).GetValues(1)
10:29:02.287 INFO: JdwpDebugServer: handling req: StackFrame(16).GetValues(1)
10:29:02.287 INFO: JdwpDebugServer: handling req: StackFrame(16).GetValues(1)
10:29:02.287 INFO: JdwpDebugServer: handling req: StackFrame(16).GetValues(1)
10:29:02.288 INFO: JdwpDebugServer: handling req: StackFrame(16).GetValues(1)
10:29:02.288 INFO: JdwpDebugServer: handling req: StackFrame(16).GetValues(1)
10:29:02.288 INFO: JdwpDebugServer: handling req: StackFrame(16).GetValues(1)
10:29:02.288 INFO: JdwpDebugServer: handling req: StackFrame(16).GetValues(1)
10:29:02.288 INFO: JdwpDebugServer: handling req: StackFrame(16).GetValues(1)
10:29:02.289 INFO: JdwpDebugServer: handling req: StackFrame(16).GetValues(1)
10:29:02.289 INFO: JdwpDebugServer: handling req: StackFrame(16).GetValues(1)
10:29:02.289 INFO: JdwpDebugServer: handling req: StackFrame(16).GetValues(1)
10:29:02.289 INFO: JdwpDebugServer: handling req: StackFrame(16).GetValues(1)
10:29:02.289 INFO: JdwpDebugServer: handling req: StackFrame(16).GetValues(1)
10:29:02.289 INFO: JdwpDebugServer: handling req: StackFrame(16).GetValues(1)
10:29:02.289 INFO: JdwpDebugServer: handling req: StackFrame(16).GetValues(1)
10:29:02.290 INFO: JdwpDebugServer: handling req: StackFrame(16).GetValues(1)
10:29:02.290 INFO: JdwpDebugServer: handling req: StackFrame(16).GetValues(1)
10:29:02.290 INFO: JdwpDebugServer: handling req: StackFrame(16).ThisObject(3)
10:29:02.290 INFO: JdwpDebugServer: handling req: ObjectReference(9).ReferenceType(1)
10:29:02.290 INFO: JdwpDebugServer: handling req: StackFrame(16).GetValues(1)
10:29:02.290 INFO: JdwpDebugServer: handling req: StackFrame(16).GetValues(1)
10:29:02.291 INFO: JdwpDebugServer: handling req: ClassType(3).Superclass(1)
10:29:02.291 INFO: JdwpDebugServer: handling req: StackFrame(16).GetValues(1)
10:29:02.291 INFO: JdwpDebugServer: handling req: StackFrame(16).GetValues(1)
10:29:02.291 INFO: JdwpDebugServer: handling req: StackFrame(16).GetValues(1)
10:29:02.291 INFO: JdwpDebugServer: handling req: StackFrame(16).GetValues(1)
10:29:02.291 INFO: JdwpDebugServer: handling req: StackFrame(16).GetValues(1)
10:29:02.292 INFO: JdwpDebugServer: handling req: StackFrame(16).ThisObject(3)
10:29:02.292 INFO: JdwpDebugServer: handling req: ObjectReference(9).ReferenceType(1)
10:29:02.292 INFO: JdwpDebugServer: handling req: StackFrame(16).ThisObject(3)
10:29:02.292 INFO: JdwpDebugServer: handling req: ObjectReference(9).ReferenceType(1)
10:29:02.293 INFO: JdwpDebugServer: handling req: StackFrame(16).ThisObject(3)
10:29:02.293 INFO: JdwpDebugServer: handling req: ObjectReference(9).ReferenceType(1)
10:29:02.293 INFO: JdwpDebugServer: handling req: StackFrame(16).ThisObject(3)
10:29:02.294 INFO: JdwpDebugServer: handling req: ObjectReference(9).ReferenceType(1)
10:29:02.295 INFO: JdwpDebugServer: handling req: ReferenceType(2).SourceFile(7)
10:29:05.832 INFO: JdwpDebugServer: handling req: StackFrame(16).GetValues(1)
10:29:05.836 INFO: JdwpDebugServer: handling req: StackFrame(16).GetValues(1)
10:29:05.836 INFO: JdwpDebugServer: handling req: StackFrame(16).GetValues(1)
10:29:05.836 INFO: JdwpDebugServer: handling req: StackFrame(16).GetValues(1)
10:29:05.837 INFO: JdwpDebugServer: handling req: StackFrame(16).GetValues(1)
10:29:05.837 INFO: JdwpDebugServer: handling req: StackFrame(16).GetValues(1)
10:29:09.376 INFO: JdwpDebugServer: handling req: StackFrame(16).GetValues(1)
10:29:09.377 INFO: JdwpDebugServer: handling req: ClassType(3).Superclass(1)
10:29:09.377 INFO: JdwpDebugServer: handling req: ReferenceType(2).MethodsWithGeneric(15)
10:29:09.377 INFO: JdwpDebugServer: handling req: ReferenceType(2).MethodsWithGeneric(15)
10:29:09.378 INFO: JdwpDebugServer: handling req: ReferenceType(2).MethodsWithGeneric(15)
10:29:09.378 INFO: JdwpDebugServer: handling req: ClassType(3).Superclass(1)
10:29:09.378 INFO: JdwpDebugServer: handling req: ReferenceType(2).ClassLoader(2)
10:29:09.378 INFO: JdwpDebugServer: handling req: ObjectReference(9).InvokeMethod(6)
10:29:09.380 INFO: JdwpDebugServer: handling req: ClassType(3).Superclass(1)
10:29:09.380 INFO: JdwpDebugServer: handling req: ThreadReference(11).Frames(6)
10:29:09.380 INFO: JdwpDebugServer: handling req: StringReference(10).Value(1)
10:29:09.381 INFO: JdwpDebugServer: handling req: StackFrame(16).GetValues(1)
10:29:09.381 INFO: JdwpDebugServer: handling req: StackFrame(16).GetValues(1)
10:29:09.381 INFO: JdwpDebugServer: handling req: ClassType(3).Superclass(1)
10:29:09.382 INFO: JdwpDebugServer: handling req: StackFrame(16).GetValues(1)
10:29:09.388 INFO: JdwpDebugServer: handling req: StackFrame(16).GetValues(1)
10:29:09.388 INFO: JdwpDebugServer: handling req: ClassType(3).Superclass(1)
10:29:09.393 INFO: JdwpDebugServer: handling req: ThreadReference(11).Name(1)
10:29:09.394 INFO: JdwpDebugServer: handling req: ObjectReference(9).GetValues(2)
10:29:09.394 INFO: JdwpDebugServer: handling req: ObjectReference(9).GetValues(2)
10:29:09.395 INFO: JdwpDebugServer: handling req: ObjectReference(9).GetValues(2)
10:29:09.395 INFO: JdwpDebugServer: handling req: StackFrame(16).GetValues(1)
10:29:09.395 INFO: JdwpDebugServer: handling req: ObjectReference(9).GetValues(2)
10:29:09.395 INFO: JdwpDebugServer: handling req: ClassType(3).Superclass(1)
10:29:09.395 INFO: JdwpDebugServer: handling req: ObjectReference(9).GetValues(2)
10:29:09.400 INFO: JdwpDebugServer: handling req: ObjectReference(9).GetValues(2)
10:29:09.401 INFO: JdwpDebugServer: handling req: ObjectReference(9).GetValues(2)
10:29:09.401 INFO: JdwpDebugServer: handling req: ObjectReference(9).ReferenceType(1)
10:29:09.402 INFO: JdwpDebugServer: handling req: ObjectReference(9).ReferenceType(1)
10:29:09.402 INFO: JdwpDebugServer: handling req: ObjectReference(9).GetValues(2)
10:29:09.402 INFO: JdwpDebugServer: handling req: ReferenceType(2).FieldsWithGeneric(14)
10:29:09.403 INFO: JdwpDebugServer: handling req: ClassType(3).Superclass(1)
10:29:09.403 INFO: JdwpDebugServer: handling req: ReferenceType(2).Interfaces(10)
10:29:09.403 INFO: JdwpDebugServer: handling req: ClassType(3).Superclass(1)
10:29:09.403 INFO: JdwpDebugServer: handling req: ReferenceType(2).FieldsWithGeneric(14)
10:29:09.403 INFO: JdwpDebugServer: handling req: ReferenceType(2).Interfaces(10)
10:29:09.403 INFO: JdwpDebugServer: handling req: ReferenceType(2).Interfaces(10)
10:29:09.403 INFO: JdwpDebugServer: handling req: ObjectReference(9).GetValues(2)
10:29:09.403 INFO: JdwpDebugServer: handling req: ObjectReference(9).GetValues(2)
10:29:09.404 INFO: JdwpDebugServer: handling req: ObjectReference(9).GetValues(2)
10:29:09.404 INFO: JdwpDebugServer: handling req: ObjectReference(9).ReferenceType(1)
10:29:09.404 INFO: JdwpDebugServer: handling req: ObjectReference(9).GetValues(2)
10:29:09.404 INFO: JdwpDebugServer: handling req: ObjectReference(9).GetValues(2)
10:29:09.404 INFO: JdwpDebugServer: handling req: ObjectReference(9).GetValues(2)
10:29:09.404 INFO: JdwpDebugServer: handling req: ObjectReference(9).ReferenceType(1)
10:29:09.404 INFO: JdwpDebugServer: handling req: ClassType(3).Superclass(1)
10:29:09.404 INFO: JdwpDebugServer: handling req: ObjectReference(9).GetValues(2)
10:29:09.405 INFO: JdwpDebugServer: handling req: ObjectReference(9).GetValues(2)
10:29:09.405 INFO: JdwpDebugServer: handling req: ObjectReference(9).GetValues(2)
10:29:09.405 INFO: JdwpDebugServer: handling req: ObjectReference(9).GetValues(2)
10:29:09.405 INFO: JdwpDebugServer: handling req: ObjectReference(9).ReferenceType(1)
10:29:09.405 INFO: JdwpDebugServer: handling req: ObjectReference(9).GetValues(2)
10:29:09.405 INFO: JdwpDebugServer: handling req: ObjectReference(9).GetValues(2)
10:29:09.405 INFO: JdwpDebugServer: handling req: ObjectReference(9).GetValues(2)
10:29:09.406 INFO: JdwpDebugServer: handling req: ObjectReference(9).GetValues(2)
10:29:09.406 INFO: JdwpDebugServer: handling req: ClassType(3).Superclass(1)
10:29:09.406 INFO: JdwpDebugServer: handling req: ObjectReference(9).GetValues(2)
10:29:09.406 INFO: JdwpDebugServer: handling req: ObjectReference(9).GetValues(2)
10:29:09.406 INFO: JdwpDebugServer: handling req: ObjectReference(9).ReferenceType(1)
10:29:09.406 INFO: JdwpDebugServer: handling req: ObjectReference(9).GetValues(2)
10:29:09.406 INFO: JdwpDebugServer: handling req: ObjectReference(9).GetValues(2)
10:29:09.407 INFO: JdwpDebugServer: handling req: ObjectReference(9).GetValues(2)
10:29:09.407 INFO: JdwpDebugServer: handling req: ObjectReference(9).ReferenceType(1)
10:29:09.407 INFO: JdwpDebugServer: handling req: ReferenceType(2).FieldsWithGeneric(14)
10:29:09.407 INFO: JdwpDebugServer: handling req: ObjectReference(9).GetValues(2)
10:29:09.408 INFO: JdwpDebugServer: handling req: ReferenceType(2).Interfaces(10)
10:29:09.408 INFO: JdwpDebugServer: handling req: ObjectReference(9).GetValues(2)
10:29:09.408 INFO: JdwpDebugServer: handling req: ClassType(3).Superclass(1)
10:29:09.408 INFO: JdwpDebugServer: handling req: ReferenceType(2).FieldsWithGeneric(14)
10:29:09.408 INFO: JdwpDebugServer: handling req: ObjectReference(9).GetValues(2)
10:29:09.408 INFO: JdwpDebugServer: handling req: ReferenceType(2).Interfaces(10)
10:29:09.408 INFO: JdwpDebugServer: handling req: ObjectReference(9).GetValues(2)
10:29:09.409 INFO: JdwpDebugServer: handling req: ClassType(3).Superclass(1)
10:29:09.409 INFO: JdwpDebugServer: handling req: StringReference(10).Value(1)
10:29:09.409 INFO: JdwpDebugServer: handling req: ReferenceType(2).FieldsWithGeneric(14)
10:29:09.410 INFO: JdwpDebugServer: handling req: ObjectReference(9).GetValues(2)
10:29:09.410 INFO: JdwpDebugServer: handling req: ReferenceType(2).Interfaces(10)
10:29:09.410 INFO: JdwpDebugServer: handling req: ClassType(3).Superclass(1)
10:29:09.410 INFO: JdwpDebugServer: handling req: ClassType(3).Superclass(1)
10:29:09.410 INFO: JdwpDebugServer: handling req: ObjectReference(9).GetValues(2)
10:29:09.410 INFO: JdwpDebugServer: handling req: ObjectReference(9).GetValues(2)
10:29:09.410 INFO: JdwpDebugServer: handling req: ObjectReference(9).GetValues(2)
10:29:09.410 INFO: JdwpDebugServer: handling req: ObjectReference(9).ReferenceType(1)
10:29:09.410 INFO: JdwpDebugServer: handling req: ObjectReference(9).GetValues(2)
10:29:09.410 INFO: JdwpDebugServer: handling req: ReferenceType(2).FieldsWithGeneric(14)
10:29:09.410 INFO: JdwpDebugServer: handling req: ObjectReference(9).GetValues(2)
10:29:09.411 INFO: JdwpDebugServer: handling req: ReferenceType(2).Interfaces(10)
10:29:09.411 INFO: JdwpDebugServer: handling req: ObjectReference(9).GetValues(2)
10:29:09.411 INFO: JdwpDebugServer: handling req: ClassType(3).Superclass(1)
10:29:09.411 INFO: JdwpDebugServer: handling req: ObjectReference(9).GetValues(2)
10:29:09.411 INFO: JdwpDebugServer: handling req: ReferenceType(2).FieldsWithGeneric(14)
10:29:09.411 INFO: JdwpDebugServer: handling req: ObjectReference(9).GetValues(2)
10:29:09.411 INFO: JdwpDebugServer: handling req: ReferenceType(2).Interfaces(10)
10:29:09.412 INFO: JdwpDebugServer: handling req: ClassType(3).Superclass(1)
10:29:09.412 INFO: JdwpDebugServer: handling req: ObjectReference(9).GetValues(2)
10:29:09.412 INFO: JdwpDebugServer: handling req: ObjectReference(9).GetValues(2)
10:29:09.412 INFO: JdwpDebugServer: handling req: ObjectReference(9).GetValues(2)
10:29:09.412 INFO: JdwpDebugServer: handling req: ObjectReference(9).GetValues(2)
10:29:09.412 INFO: JdwpDebugServer: handling req: ObjectReference(9).GetValues(2)
10:29:09.412 INFO: JdwpDebugServer: handling req: ObjectReference(9).GetValues(2)
10:29:09.412 INFO: JdwpDebugServer: handling req: ObjectReference(9).GetValues(2)
10:29:09.413 INFO: JdwpDebugServer: handling req: ObjectReference(9).ReferenceType(1)
10:29:09.413 INFO: JdwpDebugServer: handling req: StringReference(10).Value(1)
10:29:09.413 INFO: JdwpDebugServer: handling req: ObjectReference(9).GetValues(2)
10:29:09.413 INFO: JdwpDebugServer: handling req: ObjectReference(9).GetValues(2)
10:29:09.414 INFO: JdwpDebugServer: handling req: ObjectReference(9).GetValues(2)
10:29:09.414 INFO: JdwpDebugServer: handling req: ClassType(3).Superclass(1)
10:29:09.414 INFO: JdwpDebugServer: handling req: ObjectReference(9).ReferenceType(1)
10:29:09.414 INFO: JdwpDebugServer: handling req: ObjectReference(9).GetValues(2)
10:29:09.414 INFO: JdwpDebugServer: handling req: ObjectReference(9).GetValues(2)
10:29:09.414 INFO: JdwpDebugServer: handling req: ObjectReference(9).GetValues(2)
10:29:09.414 INFO: JdwpDebugServer: handling req: ObjectReference(9).ReferenceType(1)
10:29:09.414 INFO: JdwpDebugServer: handling req: ObjectReference(9).GetValues(2)
10:29:09.414 INFO: JdwpDebugServer: handling req: ObjectReference(9).GetValues(2)
10:29:09.414 INFO: JdwpDebugServer: handling req: ObjectReference(9).ReferenceType(1)
10:29:09.415 INFO: JdwpDebugServer: handling req: ObjectReference(9).GetValues(2)
10:29:09.415 INFO: JdwpDebugServer: handling req: ObjectReference(9).GetValues(2)
10:29:09.415 INFO: JdwpDebugServer: handling req: ClassType(3).Superclass(1)
10:29:09.415 INFO: JdwpDebugServer: handling req: ObjectReference(9).GetValues(2)
10:29:09.415 INFO: JdwpDebugServer: handling req: ObjectReference(9).GetValues(2)
10:29:09.415 INFO: JdwpDebugServer: handling req: ObjectReference(9).GetValues(2)
10:29:09.415 INFO: JdwpDebugServer: handling req: ObjectReference(9).ReferenceType(1)
10:29:09.416 INFO: JdwpDebugServer: handling req: ObjectReference(9).GetValues(2)
10:29:09.416 INFO: JdwpDebugServer: handling req: ObjectReference(9).GetValues(2)
10:29:09.416 INFO: JdwpDebugServer: handling req: ClassType(3).Superclass(1)
10:29:09.416 INFO: JdwpDebugServer: handling req: ObjectReference(9).GetValues(2)
10:29:09.416 INFO: JdwpDebugServer: handling req: ObjectReference(9).GetValues(2)
10:29:09.417 INFO: JdwpDebugServer: handling req: ObjectReference(9).GetValues(2)
10:29:09.417 INFO: JdwpDebugServer: handling req: ObjectReference(9).GetValues(2)
10:29:09.417 INFO: JdwpDebugServer: handling req: ObjectReference(9).GetValues(2)
10:29:09.417 INFO: JdwpDebugServer: handling req: ObjectReference(9).GetValues(2)
10:29:09.417 INFO: JdwpDebugServer: handling req: ObjectReference(9).GetValues(2)
10:29:09.418 INFO: JdwpDebugServer: handling req: ObjectReference(9).GetValues(2)
10:29:09.418 INFO: JdwpDebugServer: handling req: ObjectReference(9).GetValues(2)
10:29:09.418 INFO: JdwpDebugServer: handling req: ObjectReference(9).GetValues(2)
10:29:09.418 INFO: JdwpDebugServer: handling req: ObjectReference(9).GetValues(2)
10:29:09.419 INFO: JdwpDebugServer: handling req: ObjectReference(9).GetValues(2)
10:29:09.420 INFO: JdwpDebugServer: handling req: ClassType(3).Superclass(1)
10:29:09.420 INFO: JdwpDebugServer: handling req: ObjectReference(9).GetValues(2)
10:29:09.420 INFO: JdwpDebugServer: handling req: ObjectReference(9).GetValues(2)
10:29:09.420 INFO: JdwpDebugServer: handling req: ObjectReference(9).GetValues(2)
10:29:09.421 INFO: JdwpDebugServer: handling req: ObjectReference(9).GetValues(2)
10:29:09.421 INFO: JdwpDebugServer: handling req: ObjectReference(9).GetValues(2)
10:29:09.422 INFO: JdwpDebugServer: handling req: ObjectReference(9).GetValues(2)
10:29:09.422 INFO: JdwpDebugServer: handling req: ObjectReference(9).GetValues(2)
10:29:09.422 INFO: JdwpDebugServer: handling req: ObjectReference(9).GetValues(2)
10:29:09.422 INFO: JdwpDebugServer: handling req: ClassType(3).Superclass(1)
10:29:09.423 INFO: JdwpDebugServer: handling req: ObjectReference(9).GetValues(2)
10:29:09.423 INFO: JdwpDebugServer: handling req: ObjectReference(9).GetValues(2)
10:29:09.423 INFO: JdwpDebugServer: handling req: ObjectReference(9).GetValues(2)
10:29:09.423 INFO: JdwpDebugServer: handling req: ObjectReference(9).GetValues(2)
10:29:09.424 INFO: JdwpDebugServer: handling req: ClassType(3).Superclass(1)
10:29:09.424 INFO: JdwpDebugServer: handling req: ObjectReference(9).GetValues(2)
10:29:09.424 INFO: JdwpDebugServer: handling req: ObjectReference(9).GetValues(2)
10:29:09.424 INFO: JdwpDebugServer: handling req: ObjectReference(9).GetValues(2)
10:29:09.425 INFO: JdwpDebugServer: handling req: ObjectReference(9).GetValues(2)
10:29:09.425 INFO: JdwpDebugServer: handling req: ClassType(3).Superclass(1)
10:29:09.425 INFO: JdwpDebugServer: handling req: ObjectReference(9).GetValues(2)
10:29:09.426 INFO: JdwpDebugServer: handling req: ObjectReference(9).GetValues(2)
10:29:09.426 INFO: JdwpDebugServer: handling req: ObjectReference(9).GetValues(2)
10:29:09.426 INFO: JdwpDebugServer: handling req: ObjectReference(9).GetValues(2)
10:29:09.427 INFO: JdwpDebugServer: handling req: ObjectReference(9).GetValues(2)
10:29:09.427 INFO: JdwpDebugServer: handling req: ObjectReference(9).GetValues(2)
10:29:09.427 INFO: JdwpDebugServer: handling req: ObjectReference(9).GetValues(2)
10:29:09.428 INFO: JdwpDebugServer: handling req: StringReference(10).Value(1)
10:29:09.429 INFO: JdwpDebugServer: handling req: ObjectReference(9).GetValues(2)
10:29:09.429 INFO: JdwpDebugServer: handling req: ClassType(3).Superclass(1)
10:29:09.429 INFO: JdwpDebugServer: handling req: ObjectReference(9).GetValues(2)
10:29:09.433 INFO: JdwpDebugServer: handling req: ObjectReference(9).GetValues(2)
10:29:10.633 INFO: JdwpDebugServer: handling req: StackFrame(16).GetValues(1)
10:29:10.633 INFO: JdwpDebugServer: handling req: ReferenceType(2).SourceFile(7)
10:29:10.633 INFO: JdwpDebugServer: handling req: StackFrame(16).GetValues(1)
10:29:10.634 INFO: JdwpDebugServer: handling req: StackFrame(16).GetValues(1)
10:29:10.837 INFO: JdwpDebugServer: handling req: StackFrame(16).GetValues(1)
10:29:10.837 INFO: JdwpDebugServer: handling req: ClassType(3).Superclass(1)
10:29:10.838 INFO: JdwpDebugServer: handling req: ObjectReference(9).InvokeMethod(6)
10:29:10.839 INFO: JdwpDebugServer: handling req: ThreadReference(11).Frames(6)
10:29:10.839 INFO: JdwpDebugServer: handling req: StringReference(10).Value(1)
10:29:10.845 INFO: JdwpDebugServer: handling req: ThreadReference(11).Name(1)
10:29:11.274 INFO: JdwpDebugServer: handling req: StackFrame(16).GetValues(1)
10:29:11.274 INFO: JdwpDebugServer: handling req: ClassType(3).Superclass(1)
10:29:11.294 INFO: JdwpDebugServer: handling req: StackFrame(16).GetValues(1)
10:29:11.295 INFO: JdwpDebugServer: handling req: ClassType(3).Superclass(1)
10:29:11.296 INFO: JdwpDebugServer: handling req: ObjectReference(9).GetValues(2)
10:29:11.296 INFO: JdwpDebugServer: handling req: ObjectReference(9).GetValues(2)
10:29:11.296 INFO: JdwpDebugServer: handling req: ObjectReference(9).GetValues(2)
10:29:11.297 INFO: JdwpDebugServer: handling req: ObjectReference(9).GetValues(2)
10:29:11.297 INFO: JdwpDebugServer: handling req: ObjectReference(9).GetValues(2)
10:29:11.297 INFO: JdwpDebugServer: handling req: ObjectReference(9).GetValues(2)
10:29:11.297 INFO: JdwpDebugServer: handling req: ObjectReference(9).GetValues(2)
10:29:11.297 INFO: JdwpDebugServer: handling req: ObjectReference(9).GetValues(2)
10:29:11.297 INFO: JdwpDebugServer: handling req: ObjectReference(9).GetValues(2)
10:29:11.297 INFO: JdwpDebugServer: handling req: ObjectReference(9).GetValues(2)
10:29:11.297 INFO: JdwpDebugServer: handling req: ObjectReference(9).GetValues(2)
10:29:11.297 INFO: JdwpDebugServer: handling req: ObjectReference(9).GetValues(2)
10:29:11.297 INFO: JdwpDebugServer: handling req: ObjectReference(9).GetValues(2)
10:29:11.298 INFO: JdwpDebugServer: handling req: ObjectReference(9).GetValues(2)
10:29:11.298 INFO: JdwpDebugServer: handling req: ObjectReference(9).GetValues(2)
10:29:11.298 INFO: JdwpDebugServer: handling req: ObjectReference(9).GetValues(2)
10:29:11.298 INFO: JdwpDebugServer: handling req: ObjectReference(9).GetValues(2)
10:29:11.298 INFO: JdwpDebugServer: handling req: ObjectReference(9).GetValues(2)
10:29:11.298 INFO: JdwpDebugServer: handling req: ObjectReference(9).GetValues(2)
10:29:11.298 INFO: JdwpDebugServer: handling req: ClassType(3).Superclass(1)
10:29:11.298 INFO: JdwpDebugServer: handling req: ObjectReference(9).GetValues(2)
10:29:11.299 INFO: JdwpDebugServer: handling req: ObjectReference(9).GetValues(2)
10:29:11.299 INFO: JdwpDebugServer: handling req: ObjectReference(9).GetValues(2)
10:29:11.299 INFO: JdwpDebugServer: handling req: ObjectReference(9).GetValues(2)
10:29:11.299 INFO: JdwpDebugServer: handling req: ObjectReference(9).GetValues(2)
10:29:11.300 INFO: JdwpDebugServer: handling req: ObjectReference(9).GetValues(2)
10:29:11.300 INFO: JdwpDebugServer: handling req: ObjectReference(9).GetValues(2)
10:29:11.300 INFO: JdwpDebugServer: handling req: ClassType(3).Superclass(1)
10:29:11.300 INFO: JdwpDebugServer: handling req: ObjectReference(9).GetValues(2)
10:29:11.300 INFO: JdwpDebugServer: handling req: ObjectReference(9).GetValues(2)
10:29:11.300 INFO: JdwpDebugServer: handling req: ObjectReference(9).GetValues(2)
10:29:11.301 INFO: JdwpDebugServer: handling req: ObjectReference(9).GetValues(2)
10:29:11.301 INFO: JdwpDebugServer: handling req: ObjectReference(9).GetValues(2)
10:29:11.302 INFO: JdwpDebugServer: handling req: ObjectReference(9).GetValues(2)
10:29:11.302 INFO: JdwpDebugServer: handling req: ObjectReference(9).GetValues(2)
10:29:11.302 INFO: JdwpDebugServer: handling req: ClassType(3).Superclass(1)
10:29:11.302 INFO: JdwpDebugServer: handling req: ObjectReference(9).GetValues(2)
10:29:11.302 INFO: JdwpDebugServer: handling req: ObjectReference(9).GetValues(2)
10:29:11.303 INFO: JdwpDebugServer: handling req: ObjectReference(9).GetValues(2)
10:29:11.303 INFO: JdwpDebugServer: handling req: ObjectReference(9).GetValues(2)
10:29:11.303 INFO: JdwpDebugServer: handling req: StackFrame(16).GetValues(1)
10:29:11.303 INFO: JdwpDebugServer: handling req: ObjectReference(9).GetValues(2)
10:29:11.304 INFO: JdwpDebugServer: handling req: ClassType(3).Superclass(1)
10:29:11.305 INFO: JdwpDebugServer: handling req: ObjectReference(9).GetValues(2)
10:29:11.305 INFO: JdwpDebugServer: handling req: ObjectReference(9).GetValues(2)
10:29:11.306 INFO: JdwpDebugServer: handling req: ObjectReference(9).GetValues(2)
10:29:11.306 INFO: JdwpDebugServer: handling req: ObjectReference(9).GetValues(2)
10:29:11.306 INFO: JdwpDebugServer: handling req: ObjectReference(9).GetValues(2)
10:29:11.306 INFO: JdwpDebugServer: handling req: ObjectReference(9).GetValues(2)
10:29:11.307 INFO: JdwpDebugServer: handling req: ObjectReference(9).GetValues(2)
10:29:11.307 INFO: JdwpDebugServer: handling req: ObjectReference(9).InvokeMethod(6)
10:29:11.307 INFO: JdwpDebugServer: handling req: ThreadReference(11).Frames(6)
10:29:11.307 INFO: JdwpDebugServer: handling req: StringReference(10).Value(1)
10:29:11.308 INFO: JdwpDebugServer: handling req: ObjectReference(9).GetValues(2)
10:29:11.308 INFO: JdwpDebugServer: handling req: ObjectReference(9).GetValues(2)
10:29:11.308 INFO: JdwpDebugServer: handling req: ClassType(3).Superclass(1)
10:29:11.309 INFO: JdwpDebugServer: handling req: ObjectReference(9).GetValues(2)
10:29:11.309 INFO: JdwpDebugServer: handling req: ObjectReference(9).GetValues(2)
10:29:11.309 INFO: JdwpDebugServer: handling req: ObjectReference(9).GetValues(2)
10:29:11.309 INFO: JdwpDebugServer: handling req: StringReference(10).Value(1)
10:29:11.309 INFO: JdwpDebugServer: handling req: ObjectReference(9).GetValues(2)
10:29:11.309 INFO: JdwpDebugServer: handling req: ObjectReference(9).GetValues(2)
10:29:11.310 INFO: JdwpDebugServer: handling req: ObjectReference(9).GetValues(2)
10:29:11.310 INFO: JdwpDebugServer: handling req: ThreadReference(11).Name(1)
10:29:11.310 INFO: JdwpDebugServer: handling req: ObjectReference(9).GetValues(2)
10:29:11.310 INFO: JdwpDebugServer: handling req: ObjectReference(9).GetValues(2)
10:29:11.311 INFO: JdwpDebugServer: handling req: ObjectReference(9).GetValues(2)
10:29:11.311 INFO: JdwpDebugServer: handling req: ObjectReference(9).GetValues(2)
10:29:11.311 INFO: JdwpDebugServer: handling req: ObjectReference(9).GetValues(2)
10:29:11.311 INFO: JdwpDebugServer: handling req: ObjectReference(9).GetValues(2)
10:29:11.311 INFO: JdwpDebugServer: handling req: ObjectReference(9).GetValues(2)
10:29:11.312 INFO: JdwpDebugServer: handling req: ObjectReference(9).GetValues(2)
10:29:11.312 INFO: JdwpDebugServer: handling req: ObjectReference(9).GetValues(2)
10:29:11.312 INFO: JdwpDebugServer: handling req: ObjectReference(9).GetValues(2)
10:29:11.312 INFO: JdwpDebugServer: handling req: ObjectReference(9).GetValues(2)
10:29:11.313 INFO: JdwpDebugServer: handling req: ObjectReference(9).GetValues(2)
10:29:11.313 INFO: JdwpDebugServer: handling req: ObjectReference(9).GetValues(2)
10:29:11.313 INFO: JdwpDebugServer: handling req: ObjectReference(9).GetValues(2)
10:29:11.313 INFO: JdwpDebugServer: handling req: ObjectReference(9).GetValues(2)
10:29:11.313 INFO: JdwpDebugServer: handling req: ClassType(3).Superclass(1)
10:29:11.313 INFO: JdwpDebugServer: handling req: ObjectReference(9).GetValues(2)
10:29:11.314 INFO: JdwpDebugServer: handling req: ObjectReference(9).GetValues(2)
10:29:11.314 INFO: JdwpDebugServer: handling req: ObjectReference(9).GetValues(2)
10:29:11.314 INFO: JdwpDebugServer: handling req: StringReference(10).Value(1)
10:29:11.314 INFO: JdwpDebugServer: handling req: ObjectReference(9).GetValues(2)
10:29:11.314 INFO: JdwpDebugServer: handling req: ObjectReference(9).GetValues(2)
10:29:11.314 INFO: JdwpDebugServer: handling req: ObjectReference(9).GetValues(2)
10:29:11.314 INFO: JdwpDebugServer: handling req: ObjectReference(9).GetValues(2)
10:29:11.315 INFO: JdwpDebugServer: handling req: ClassType(3).Superclass(1)
10:29:11.315 INFO: JdwpDebugServer: handling req: ObjectReference(9).GetValues(2)
10:29:11.315 INFO: JdwpDebugServer: handling req: ObjectReference(9).GetValues(2)
10:29:11.315 INFO: JdwpDebugServer: handling req: ObjectReference(9).GetValues(2)
10:29:11.315 INFO: JdwpDebugServer: handling req: ObjectReference(9).GetValues(2)
10:29:11.315 INFO: JdwpDebugServer: handling req: ObjectReference(9).GetValues(2)
10:29:11.507 INFO: JdwpDebugServer: handling req: StackFrame(16).GetValues(1)
10:29:11.509 INFO: JdwpDebugServer: handling req: ClassType(3).Superclass(1)
10:29:11.511 INFO: JdwpDebugServer: handling req: ObjectReference(9).GetValues(2)
10:29:11.511 INFO: JdwpDebugServer: handling req: ObjectReference(9).GetValues(2)
10:29:11.512 INFO: JdwpDebugServer: handling req: ObjectReference(9).GetValues(2)
10:29:11.512 INFO: JdwpDebugServer: handling req: ObjectReference(9).GetValues(2)
10:29:11.513 INFO: JdwpDebugServer: handling req: ObjectReference(9).GetValues(2)
10:29:11.513 INFO: JdwpDebugServer: handling req: ClassType(3).Superclass(1)
10:29:11.513 INFO: JdwpDebugServer: handling req: ObjectReference(9).GetValues(2)
10:29:11.514 INFO: JdwpDebugServer: handling req: ObjectReference(9).GetValues(2)
10:29:11.514 INFO: JdwpDebugServer: handling req: ObjectReference(9).GetValues(2)
10:29:11.514 INFO: JdwpDebugServer: handling req: ObjectReference(9).GetValues(2)
10:29:11.514 INFO: JdwpDebugServer: handling req: ObjectReference(9).GetValues(2)
10:29:11.514 INFO: JdwpDebugServer: handling req: ObjectReference(9).GetValues(2)
10:29:11.514 INFO: JdwpDebugServer: handling req: ObjectReference(9).GetValues(2)
10:29:11.514 INFO: JdwpDebugServer: handling req: ObjectReference(9).GetValues(2)
10:29:11.515 INFO: JdwpDebugServer: handling req: ObjectReference(9).GetValues(2)
10:29:11.515 INFO: JdwpDebugServer: handling req: ObjectReference(9).GetValues(2)
10:29:11.515 INFO: JdwpDebugServer: handling req: ObjectReference(9).GetValues(2)
10:29:11.515 INFO: JdwpDebugServer: handling req: ObjectReference(9).GetValues(2)
10:29:11.515 INFO: JdwpDebugServer: handling req: ObjectReference(9).GetValues(2)
10:29:11.516 INFO: JdwpDebugServer: handling req: ObjectReference(9).GetValues(2)
10:29:11.516 INFO: JdwpDebugServer: handling req: StackFrame(16).GetValues(1)
10:29:11.516 INFO: JdwpDebugServer: handling req: ObjectReference(9).GetValues(2)
10:29:11.517 INFO: JdwpDebugServer: handling req: ClassType(3).Superclass(1)
10:29:11.517 INFO: JdwpDebugServer: handling req: ObjectReference(9).GetValues(2)
10:29:11.518 INFO: JdwpDebugServer: handling req: ObjectReference(9).GetValues(2)
10:29:11.518 INFO: JdwpDebugServer: handling req: ObjectReference(9).GetValues(2)
10:29:11.519 INFO: JdwpDebugServer: handling req: ObjectReference(9).GetValues(2)
10:29:11.519 INFO: JdwpDebugServer: handling req: ObjectReference(9).InvokeMethod(6)
10:29:11.520 INFO: JdwpDebugServer: handling req: ThreadReference(11).Frames(6)
10:29:11.520 INFO: JdwpDebugServer: handling req: StringReference(10).Value(1)
10:29:11.521 INFO: JdwpDebugServer: handling req: ObjectReference(9).GetValues(2)
10:29:11.521 INFO: JdwpDebugServer: handling req: ObjectReference(9).GetValues(2)
10:29:11.522 INFO: JdwpDebugServer: handling req: ObjectReference(9).GetValues(2)
10:29:11.522 INFO: JdwpDebugServer: handling req: ObjectReference(9).GetValues(2)
10:29:11.522 INFO: JdwpDebugServer: handling req: ObjectReference(9).GetValues(2)
10:29:11.523 INFO: JdwpDebugServer: handling req: ThreadReference(11).Name(1)
10:29:11.523 INFO: JdwpDebugServer: handling req: ObjectReference(9).GetValues(2)
10:29:11.523 INFO: JdwpDebugServer: handling req: ObjectReference(9).GetValues(2)
10:29:11.523 INFO: JdwpDebugServer: handling req: ObjectReference(9).GetValues(2)
10:29:11.524 INFO: JdwpDebugServer: handling req: ObjectReference(9).GetValues(2)
10:29:11.524 INFO: JdwpDebugServer: handling req: ClassType(3).Superclass(1)
10:29:11.524 INFO: JdwpDebugServer: handling req: ObjectReference(9).GetValues(2)
10:29:11.524 INFO: JdwpDebugServer: handling req: ObjectReference(9).GetValues(2)
10:29:11.525 INFO: JdwpDebugServer: handling req: ObjectReference(9).GetValues(2)
10:29:11.525 INFO: JdwpDebugServer: handling req: ObjectReference(9).GetValues(2)
10:29:11.525 INFO: JdwpDebugServer: handling req: ObjectReference(9).GetValues(2)
10:29:11.525 INFO: JdwpDebugServer: handling req: ObjectReference(9).GetValues(2)
10:29:11.526 INFO: JdwpDebugServer: handling req: ObjectReference(9).GetValues(2)
10:29:11.526 INFO: JdwpDebugServer: handling req: ObjectReference(9).GetValues(2)
10:29:11.526 INFO: JdwpDebugServer: handling req: ObjectReference(9).GetValues(2)
10:29:11.526 INFO: JdwpDebugServer: handling req: ObjectReference(9).GetValues(2)
10:29:11.526 INFO: JdwpDebugServer: handling req: ObjectReference(9).GetValues(2)
10:29:11.527 INFO: JdwpDebugServer: handling req: ObjectReference(9).GetValues(2)
10:29:11.527 INFO: JdwpDebugServer: handling req: ObjectReference(9).GetValues(2)
10:29:11.527 INFO: JdwpDebugServer: handling req: ObjectReference(9).GetValues(2)
10:29:11.527 INFO: JdwpDebugServer: handling req: ClassType(3).Superclass(1)
10:29:11.527 INFO: JdwpDebugServer: handling req: ObjectReference(9).GetValues(2)
10:29:11.528 INFO: JdwpDebugServer: handling req: ObjectReference(9).GetValues(2)
10:29:11.528 INFO: JdwpDebugServer: handling req: ObjectReference(9).GetValues(2)
10:29:11.528 INFO: JdwpDebugServer: handling req: ObjectReference(9).GetValues(2)
10:29:11.528 INFO: JdwpDebugServer: handling req: ObjectReference(9).GetValues(2)
10:29:11.529 INFO: JdwpDebugServer: handling req: ObjectReference(9).GetValues(2)
10:29:11.529 INFO: JdwpDebugServer: handling req: ObjectReference(9).GetValues(2)
10:29:11.529 INFO: JdwpDebugServer: handling req: ClassType(3).Superclass(1)
10:29:11.529 INFO: JdwpDebugServer: handling req: ObjectReference(9).GetValues(2)
10:29:11.529 INFO: JdwpDebugServer: handling req: ObjectReference(9).GetValues(2)
10:29:11.530 INFO: JdwpDebugServer: handling req: ObjectReference(9).GetValues(2)
10:29:11.530 INFO: JdwpDebugServer: handling req: ObjectReference(9).GetValues(2)
10:29:11.530 INFO: JdwpDebugServer: handling req: ObjectReference(9).GetValues(2)
10:29:11.530 INFO: JdwpDebugServer: handling req: ObjectReference(9).GetValues(2)
10:29:11.531 INFO: JdwpDebugServer: handling req: ObjectReference(9).GetValues(2)
10:29:11.531 INFO: JdwpDebugServer: handling req: ClassType(3).Superclass(1)
10:29:11.531 INFO: JdwpDebugServer: handling req: ObjectReference(9).GetValues(2)
10:29:11.531 INFO: JdwpDebugServer: handling req: ObjectReference(9).GetValues(2)
10:29:11.531 INFO: JdwpDebugServer: handling req: ObjectReference(9).GetValues(2)
10:29:11.532 INFO: JdwpDebugServer: handling req: ObjectReference(9).GetValues(2)
10:29:11.532 INFO: JdwpDebugServer: handling req: ObjectReference(9).GetValues(2)
10:29:11.532 INFO: JdwpDebugServer: handling req: ObjectReference(9).GetValues(2)
10:29:11.532 INFO: JdwpDebugServer: handling req: ObjectReference(9).GetValues(2)
10:29:11.533 INFO: JdwpDebugServer: handling req: ObjectReference(9).GetValues(2)
10:29:11.533 INFO: JdwpDebugServer: handling req: ObjectReference(9).GetValues(2)
10:29:11.533 INFO: JdwpDebugServer: handling req: ObjectReference(9).GetValues(2)
10:29:11.534 INFO: JdwpDebugServer: handling req: ObjectReference(9).GetValues(2)
10:29:11.534 INFO: JdwpDebugServer: handling req: ObjectReference(9).GetValues(2)
10:29:11.534 INFO: JdwpDebugServer: handling req: ObjectReference(9).GetValues(2)
10:29:11.535 INFO: JdwpDebugServer: handling req: ObjectReference(9).GetValues(2)
10:29:11.535 INFO: JdwpDebugServer: handling req: ClassType(3).Superclass(1)
10:29:11.535 INFO: JdwpDebugServer: handling req: ObjectReference(9).GetValues(2)
10:29:11.537 INFO: JdwpDebugServer: handling req: ObjectReference(9).GetValues(2)
10:29:11.537 INFO: JdwpDebugServer: handling req: ObjectReference(9).GetValues(2)
10:29:11.538 INFO: JdwpDebugServer: handling req: StringReference(10).Value(1)
10:29:11.538 INFO: JdwpDebugServer: handling req: ObjectReference(9).GetValues(2)
10:29:11.538 INFO: JdwpDebugServer: handling req: ObjectReference(9).GetValues(2)
10:29:20.078 INFO: JdwpDebugServer: handling req: ObjectReference(9).GetValues(2)
10:29:20.080 INFO: JdwpDebugServer: handling req: ReferenceType(2).SourceFile(7)
10:29:20.080 INFO: JdwpDebugServer: handling req: ObjectReference(9).GetValues(2)
10:29:20.081 INFO: JdwpDebugServer: handling req: ObjectReference(9).GetValues(2)
10:29:20.120 INFO: JdwpDebugServer: handling req: ObjectReference(9).GetValues(2)
10:29:20.120 INFO: JdwpDebugServer: handling req: ClassType(3).Superclass(1)
10:29:20.121 INFO: JdwpDebugServer: handling req: StringReference(10).Value(1)
10:29:23.264 INFO: JdwpDebugServer: handling req: ObjectReference(9).GetValues(2)
10:29:39.298 INFO: JdwpDebugServer: handling req: EventRequest(15).Set(1)
10:29:39.300 INFO: JdwpEventCenterDelegate: jdwpSetEventRequest: JdwpEventRequest{requestId=137, eventKind=SINGLE_STEP, suspendPolicy=EVENT_THREAD, predicates=[step{threadId=33, size=1, depth=1} , count=1]}
10:29:39.304 INFO: JdwpDebugServer: handling req: ThreadReference(11).Resume(3)
10:29:39.308 INFO: JdwpEventCenterDelegate: THREAD_RESUMED: thread (33, main, main)
10:29:39.315 INFO: JdwpDebugServer: handling req: ReferenceType(2).MethodsWithGeneric(15)
10:29:39.316 INFO: JdwpDebugServer: handling req: Method(6).LineTable(1)
10:29:39.318 INFO: JdwpDebugServer: handling req: Method(6).LineTable(1)
10:29:39.318 INFO: JdwpDebugServer: handling req: Method(6).LineTable(1)
10:29:39.318 INFO: JdwpDebugServer: handling req: ThreadReference(11).Resume(3)
10:29:39.319 INFO: JdwpEventCenterDelegate: THREAD_RESUMED: thread (33, main, main)
10:29:39.323 INFO: JdwpEventCenterDelegate: THREAD_RESUMED: thread (33, main, main)
10:29:39.392 SEVERE: Debugger: Thread HooksChannel socket thread crashed
org.robovm.debugger.DebuggerException: java.nio.BufferUnderflowException
	at org.robovm.debugger.hooks.HooksChannel.doSocketWork(HooksChannel.java:149)
	at java.base/java.lang.Thread.run(Thread.java:833)
	at org.robovm.debugger.utils.DebuggerThread.run(DebuggerThread.java:42)
Caused by: java.nio.BufferUnderflowException
	at org.robovm.debugger.utils.bytebuffer.DataBufferWriter.writeFromStream(DataBufferWriter.java:91)
	at org.robovm.debugger.hooks.HooksChannel.doSocketWork(HooksChannel.java:116)
	... 2 more
10:29:39.815 INFO: JdwpDebugServer: handling req: ThreadReference(11).Name(1)
