07:57:52.418 INFO: JdwpEventCenterDelegate: THREAD_STARTED: thread (33, main, main)
07:57:52.473 INFO: JdwpEventCenterDelegate: THREAD_STARTED: thread (48, ReferenceQueueDaemon, main)
07:57:52.475 INFO: JdwpEventCenterDelegate: THREAD_STARTED: thread (63, FinalizerDaemon, main)
07:57:52.476 INFO: JdwpEventCenterDelegate: THREAD_STARTED: thread (78, FinalizerWatchdogDaemon, main)
07:57:54.742 INFO: JdwpDebugServer: handling req: VirtualMachine(1).IDSizes(7)
07:57:54.746 INFO: JdwpDebugServer: handling req: EventRequest(15).Set(1)
07:57:54.747 INFO: JdwpEventCenterDelegate: jdwpSetEventRequest: JdwpEventRequest{requestId=100, eventKind=CLASS_UNLOAD, suspendPolicy=NONE, predicates=[]}
07:57:54.748 INFO: JdwpDebugServer: handling req: EventRequest(15).Set(1)
07:57:54.748 INFO: JdwpEventCenterDelegate: jdwpSetEventRequest: JdwpEventRequest{requestId=101, eventKind=THREAD_START, suspendPolicy=NONE, predicates=[]}
07:57:54.749 INFO: JdwpDebugServer: handling req: VirtualMachine(1).ClassesBySignature(2)
07:57:54.751 INFO: JdwpDebugServer: handling req: VirtualMachine(1).Version(1)
07:57:54.753 INFO: JdwpDebugServer: handling req: ReferenceType(2).MethodsWithGeneric(15)
07:57:54.755 INFO: JdwpDebugServer: handling req: Method(6).LineTable(1)
07:57:54.756 INFO: JdwpDebugServer: handling req: EventRequest(15).Set(1)
07:57:54.757 INFO: JdwpEventCenterDelegate: jdwpSetEventRequest: JdwpEventRequest{requestId=102, eventKind=BREAKPOINT, suspendPolicy=NONE, predicates=[Location{classId=845, methodId=257, index=928} ]}
07:57:54.758 INFO: JdwpDebugServer: handling req: EventRequest(15).Set(1)
07:57:54.758 INFO: JdwpEventCenterDelegate: jdwpSetEventRequest: JdwpEventRequest{requestId=103, eventKind=THREAD_DEATH, suspendPolicy=NONE, predicates=[]}
07:57:54.758 INFO: JdwpDebugServer: handling req: VirtualMachine(1).AllThreads(4)
07:57:54.759 INFO: JdwpDebugServer: handling req: ThreadReference(11).ThreadGroup(5)
07:57:54.759 INFO: JdwpDebugServer: handling req: ThreadGroup(12).Name(1)
07:57:54.760 INFO: JdwpDebugServer: handling req: ThreadGroup(12).Parent(2)
07:57:54.760 INFO: JdwpDebugServer: handling req: ObjectReference(9).ReferenceType(1)
07:57:54.761 INFO: JdwpDebugServer: handling req: ReferenceType(2).FieldsWithGeneric(14)
07:57:54.762 INFO: JdwpDebugServer: handling req: ReferenceType(2).Interfaces(10)
07:57:54.763 INFO: JdwpDebugServer: handling req: ReferenceType(2).FieldsWithGeneric(14)
07:57:54.763 INFO: JdwpDebugServer: handling req: ReferenceType(2).Interfaces(10)
07:57:54.763 INFO: JdwpDebugServer: handling req: ClassType(3).Superclass(1)
07:57:54.764 INFO: JdwpDebugServer: handling req: ReferenceType(2).FieldsWithGeneric(14)
07:57:54.764 INFO: JdwpDebugServer: handling req: ReferenceType(2).Interfaces(10)
07:57:54.764 INFO: JdwpDebugServer: handling req: ClassType(3).Superclass(1)
07:57:54.765 INFO: JdwpDebugServer: handling req: ObjectReference(9).GetValues(2)
07:57:54.767 INFO: JdwpDebugServer: handling req: ThreadReference(11).Status(4)
07:57:54.767 INFO: JdwpDebugServer: handling req: ThreadReference(11).Status(4)
07:57:54.767 INFO: JdwpDebugServer: handling req: ThreadReference(11).ThreadGroup(5)
07:57:54.768 INFO: JdwpDebugServer: handling req: ObjectReference(9).ReferenceType(1)
07:57:54.768 INFO: JdwpDebugServer: handling req: ObjectReference(9).GetValues(2)
07:57:54.769 INFO: JdwpDebugServer: handling req: ThreadReference(11).Status(4)
07:57:54.769 INFO: JdwpDebugServer: handling req: ThreadReference(11).Status(4)
07:57:54.769 INFO: JdwpDebugServer: handling req: ThreadReference(11).ThreadGroup(5)
07:57:54.770 INFO: JdwpDebugServer: handling req: ObjectReference(9).ReferenceType(1)
07:57:54.770 INFO: JdwpDebugServer: handling req: ObjectReference(9).GetValues(2)
07:57:54.770 INFO: JdwpDebugServer: handling req: ThreadReference(11).Status(4)
07:57:54.770 INFO: JdwpDebugServer: handling req: ThreadReference(11).Status(4)
07:57:54.771 INFO: JdwpDebugServer: handling req: ThreadReference(11).ThreadGroup(5)
07:57:54.771 INFO: JdwpDebugServer: handling req: ObjectReference(9).ReferenceType(1)
07:57:54.771 INFO: JdwpDebugServer: handling req: ObjectReference(9).GetValues(2)
07:57:54.771 INFO: JdwpDebugServer: handling req: ThreadReference(11).Status(4)
07:57:54.771 INFO: JdwpDebugServer: handling req: ThreadReference(11).Status(4)
07:57:54.774 INFO: JdwpDebugServer: handling req: EventRequest(15).Set(1)
07:57:54.774 INFO: JdwpEventCenterDelegate: jdwpSetEventRequest: JdwpEventRequest{requestId=104, eventKind=CLASS_PREPARE, suspendPolicy=EVENT_THREAD, predicates=[className=com.badlogic.gdx.graphics.g2d.PolygonSpriteBatch]}
07:57:54.778 INFO: JdwpDebugServer: handling req: EventRequest(15).Set(1)
07:57:54.778 INFO: JdwpEventCenterDelegate: jdwpSetEventRequest: JdwpEventRequest{requestId=105, eventKind=CLASS_PREPARE, suspendPolicy=EVENT_THREAD, predicates=[className=com.badlogic.gdx.graphics.g2d.PolygonSpriteBatch$*]}
07:57:54.780 INFO: JdwpDebugServer: handling req: VirtualMachine(1).ClassesBySignature(2)
07:57:54.780 INFO: JdwpDebugServer: handling req: ReferenceType(2).MethodsWithGeneric(15)
07:57:54.781 INFO: JdwpDebugServer: handling req: Method(6).LineTable(1)
07:57:54.781 INFO: JdwpDebugServer: handling req: Method(6).LineTable(1)
07:57:54.781 INFO: JdwpDebugServer: handling req: Method(6).LineTable(1)
07:57:54.782 INFO: JdwpDebugServer: handling req: Method(6).LineTable(1)
07:57:54.782 INFO: JdwpDebugServer: handling req: Method(6).LineTable(1)
07:57:54.782 INFO: JdwpDebugServer: handling req: Method(6).LineTable(1)
07:57:54.783 INFO: JdwpDebugServer: handling req: Method(6).LineTable(1)
07:57:54.783 INFO: JdwpDebugServer: handling req: Method(6).LineTable(1)
07:57:54.783 INFO: JdwpDebugServer: handling req: Method(6).LineTable(1)
07:57:54.783 INFO: JdwpDebugServer: handling req: Method(6).LineTable(1)
07:57:54.783 INFO: JdwpDebugServer: handling req: Method(6).LineTable(1)
07:57:54.783 INFO: JdwpDebugServer: handling req: Method(6).LineTable(1)
07:57:54.784 INFO: JdwpDebugServer: handling req: Method(6).LineTable(1)
07:57:54.784 INFO: JdwpDebugServer: handling req: Method(6).LineTable(1)
07:57:54.784 INFO: JdwpDebugServer: handling req: Method(6).LineTable(1)
07:57:54.784 INFO: JdwpDebugServer: handling req: Method(6).LineTable(1)
07:57:54.784 INFO: JdwpDebugServer: handling req: Method(6).LineTable(1)
07:57:54.784 INFO: JdwpDebugServer: handling req: Method(6).LineTable(1)
07:57:54.785 INFO: JdwpDebugServer: handling req: Method(6).LineTable(1)
07:57:54.785 INFO: JdwpDebugServer: handling req: Method(6).LineTable(1)
07:57:54.785 INFO: JdwpDebugServer: handling req: Method(6).LineTable(1)
07:57:54.785 INFO: JdwpDebugServer: handling req: Method(6).LineTable(1)
07:57:54.785 INFO: JdwpDebugServer: handling req: Method(6).LineTable(1)
07:57:54.785 INFO: JdwpDebugServer: handling req: Method(6).LineTable(1)
07:57:54.786 INFO: JdwpDebugServer: handling req: Method(6).LineTable(1)
07:57:54.786 INFO: JdwpDebugServer: handling req: Method(6).LineTable(1)
07:57:54.786 INFO: JdwpDebugServer: handling req: Method(6).LineTable(1)
07:57:54.786 INFO: JdwpDebugServer: handling req: Method(6).LineTable(1)
07:57:54.786 INFO: JdwpDebugServer: handling req: Method(6).LineTable(1)
07:57:54.786 INFO: JdwpDebugServer: handling req: Method(6).LineTable(1)
07:57:54.787 INFO: JdwpDebugServer: handling req: Method(6).LineTable(1)
07:57:54.787 INFO: JdwpDebugServer: handling req: Method(6).LineTable(1)
07:57:54.787 INFO: JdwpDebugServer: handling req: Method(6).LineTable(1)
07:57:54.787 INFO: JdwpDebugServer: handling req: Method(6).LineTable(1)
07:57:54.787 INFO: JdwpDebugServer: handling req: Method(6).LineTable(1)
07:57:54.787 INFO: JdwpDebugServer: handling req: Method(6).LineTable(1)
07:57:54.788 INFO: JdwpDebugServer: handling req: Method(6).LineTable(1)
07:57:54.788 INFO: JdwpDebugServer: handling req: Method(6).LineTable(1)
07:57:54.788 INFO: JdwpDebugServer: handling req: Method(6).LineTable(1)
07:57:54.788 INFO: JdwpDebugServer: handling req: Method(6).LineTable(1)
07:57:54.788 INFO: JdwpDebugServer: handling req: Method(6).LineTable(1)
07:57:54.788 INFO: JdwpDebugServer: handling req: Method(6).LineTable(1)
07:57:54.788 INFO: JdwpDebugServer: handling req: Method(6).LineTable(1)
07:57:54.789 INFO: JdwpDebugServer: handling req: Method(6).LineTable(1)
07:57:54.789 INFO: JdwpDebugServer: handling req: Method(6).LineTable(1)
07:57:54.789 INFO: JdwpDebugServer: handling req: Method(6).LineTable(1)
07:57:54.789 INFO: JdwpDebugServer: handling req: Method(6).LineTable(1)
07:57:54.789 INFO: JdwpDebugServer: handling req: EventRequest(15).Set(1)
07:57:54.789 INFO: JdwpEventCenterDelegate: jdwpSetEventRequest: JdwpEventRequest{requestId=106, eventKind=BREAKPOINT, suspendPolicy=EVENT_THREAD, predicates=[Location{classId=15500, methodId=1122, index=142} ]}
07:57:54.790 INFO: JdwpDebugServer: handling req: ReferenceType(2).Signature(1)
07:57:54.793 INFO: JdwpDebugServer: handling req: EventRequest(15).Set(1)
07:57:54.793 INFO: JdwpEventCenterDelegate: jdwpSetEventRequest: JdwpEventRequest{requestId=107, eventKind=CLASS_PREPARE, suspendPolicy=EVENT_THREAD, predicates=[className=com.badlogic.gdx.graphics.g2d.SpriteBatch]}
07:57:54.794 INFO: JdwpDebugServer: handling req: EventRequest(15).Set(1)
07:57:54.794 INFO: JdwpEventCenterDelegate: jdwpSetEventRequest: JdwpEventRequest{requestId=108, eventKind=CLASS_PREPARE, suspendPolicy=EVENT_THREAD, predicates=[className=com.badlogic.gdx.graphics.g2d.SpriteBatch$*]}
07:57:54.795 INFO: JdwpDebugServer: handling req: VirtualMachine(1).ClassesBySignature(2)
07:57:54.796 INFO: JdwpDebugServer: handling req: ReferenceType(2).MethodsWithGeneric(15)
07:57:54.796 INFO: JdwpDebugServer: handling req: Method(6).LineTable(1)
07:57:54.796 INFO: JdwpDebugServer: handling req: Method(6).LineTable(1)
07:57:54.796 INFO: JdwpDebugServer: handling req: Method(6).LineTable(1)
07:57:54.797 INFO: JdwpDebugServer: handling req: Method(6).LineTable(1)
07:57:54.797 INFO: JdwpDebugServer: handling req: Method(6).LineTable(1)
07:57:54.797 INFO: JdwpDebugServer: handling req: Method(6).LineTable(1)
07:57:54.797 INFO: JdwpDebugServer: handling req: Method(6).LineTable(1)
07:57:54.797 INFO: JdwpDebugServer: handling req: Method(6).LineTable(1)
07:57:54.797 INFO: JdwpDebugServer: handling req: Method(6).LineTable(1)
07:57:54.797 INFO: JdwpDebugServer: handling req: Method(6).LineTable(1)
07:57:54.798 INFO: JdwpDebugServer: handling req: Method(6).LineTable(1)
07:57:54.798 INFO: JdwpDebugServer: handling req: Method(6).LineTable(1)
07:57:54.798 INFO: JdwpDebugServer: handling req: Method(6).LineTable(1)
07:57:54.798 INFO: JdwpDebugServer: handling req: Method(6).LineTable(1)
07:57:54.798 INFO: JdwpDebugServer: handling req: Method(6).LineTable(1)
07:57:54.799 INFO: JdwpDebugServer: handling req: Method(6).LineTable(1)
07:57:54.799 INFO: JdwpDebugServer: handling req: Method(6).LineTable(1)
07:57:54.799 INFO: JdwpDebugServer: handling req: Method(6).LineTable(1)
07:57:54.799 INFO: JdwpDebugServer: handling req: Method(6).LineTable(1)
07:57:54.799 INFO: JdwpDebugServer: handling req: Method(6).LineTable(1)
07:57:54.799 INFO: JdwpDebugServer: handling req: Method(6).LineTable(1)
07:57:54.800 INFO: JdwpDebugServer: handling req: Method(6).LineTable(1)
07:57:54.800 INFO: JdwpDebugServer: handling req: Method(6).LineTable(1)
07:57:54.800 INFO: JdwpDebugServer: handling req: Method(6).LineTable(1)
07:57:54.800 INFO: JdwpDebugServer: handling req: Method(6).LineTable(1)
07:57:54.800 INFO: JdwpDebugServer: handling req: Method(6).LineTable(1)
07:57:54.800 INFO: JdwpDebugServer: handling req: Method(6).LineTable(1)
07:57:54.801 INFO: JdwpDebugServer: handling req: Method(6).LineTable(1)
07:57:54.801 INFO: JdwpDebugServer: handling req: Method(6).LineTable(1)
07:57:54.801 INFO: JdwpDebugServer: handling req: Method(6).LineTable(1)
07:57:54.801 INFO: JdwpDebugServer: handling req: Method(6).LineTable(1)
07:57:54.801 INFO: JdwpDebugServer: handling req: Method(6).LineTable(1)
07:57:54.801 INFO: JdwpDebugServer: handling req: Method(6).LineTable(1)
07:57:54.802 INFO: JdwpDebugServer: handling req: Method(6).LineTable(1)
07:57:54.802 INFO: JdwpDebugServer: handling req: Method(6).LineTable(1)
07:57:54.802 INFO: JdwpDebugServer: handling req: Method(6).LineTable(1)
07:57:54.802 INFO: JdwpDebugServer: handling req: Method(6).LineTable(1)
07:57:54.802 INFO: JdwpDebugServer: handling req: Method(6).LineTable(1)
07:57:54.802 INFO: JdwpDebugServer: handling req: Method(6).LineTable(1)
07:57:54.803 INFO: JdwpDebugServer: handling req: Method(6).LineTable(1)
07:57:54.803 INFO: JdwpDebugServer: handling req: Method(6).LineTable(1)
07:57:54.803 INFO: JdwpDebugServer: handling req: Method(6).LineTable(1)
07:57:54.803 INFO: JdwpDebugServer: handling req: Method(6).LineTable(1)
07:57:54.803 INFO: JdwpDebugServer: handling req: Method(6).LineTable(1)
07:57:54.803 INFO: JdwpDebugServer: handling req: EventRequest(15).Set(1)
07:57:54.803 INFO: JdwpEventCenterDelegate: jdwpSetEventRequest: JdwpEventRequest{requestId=109, eventKind=BREAKPOINT, suspendPolicy=EVENT_THREAD, predicates=[Location{classId=18040, methodId=1357, index=163} ]}
07:57:54.804 INFO: JdwpDebugServer: handling req: ReferenceType(2).Signature(1)
07:57:54.804 INFO: JdwpDebugServer: handling req: EventRequest(15).Set(1)
07:57:54.804 INFO: JdwpEventCenterDelegate: jdwpSetEventRequest: JdwpEventRequest{requestId=110, eventKind=CLASS_PREPARE, suspendPolicy=EVENT_THREAD, predicates=[className=com.badlogic.gdx.graphics.g2d.PolygonSpriteBatch]}
07:57:54.805 INFO: JdwpDebugServer: handling req: EventRequest(15).Set(1)
07:57:54.805 INFO: JdwpEventCenterDelegate: jdwpSetEventRequest: JdwpEventRequest{requestId=111, eventKind=CLASS_PREPARE, suspendPolicy=EVENT_THREAD, predicates=[className=com.badlogic.gdx.graphics.g2d.PolygonSpriteBatch$*]}
07:57:54.806 INFO: JdwpDebugServer: handling req: VirtualMachine(1).ClassesBySignature(2)
07:57:54.807 INFO: JdwpDebugServer: handling req: EventRequest(15).Set(1)
07:57:54.807 INFO: JdwpEventCenterDelegate: jdwpSetEventRequest: JdwpEventRequest{requestId=112, eventKind=BREAKPOINT, suspendPolicy=EVENT_THREAD, predicates=[Location{classId=15500, methodId=1122, index=141} ]}
07:57:54.807 INFO: JdwpDebugServer: handling req: EventRequest(15).Set(1)
07:57:54.807 INFO: JdwpEventCenterDelegate: jdwpSetEventRequest: JdwpEventRequest{requestId=113, eventKind=CLASS_PREPARE, suspendPolicy=EVENT_THREAD, predicates=[className=java.lang.Throwable]}
07:57:54.808 INFO: JdwpDebugServer: handling req: EventRequest(15).Set(1)
07:57:54.808 INFO: JdwpEventCenterDelegate: jdwpSetEventRequest: JdwpEventRequest{requestId=114, eventKind=CLASS_PREPARE, suspendPolicy=EVENT_THREAD, predicates=[className=java.lang.Throwable$*]}
07:57:54.809 INFO: JdwpDebugServer: handling req: VirtualMachine(1).ClassesBySignature(2)
07:57:54.809 INFO: JdwpDebugServer: handling req: ReferenceType(2).MethodsWithGeneric(15)
07:57:54.810 INFO: JdwpDebugServer: handling req: Method(6).LineTable(1)
07:57:54.810 INFO: JdwpDebugServer: handling req: Method(6).LineTable(1)
07:57:54.810 INFO: JdwpDebugServer: handling req: Method(6).LineTable(1)
07:57:54.810 INFO: JdwpDebugServer: handling req: Method(6).LineTable(1)
07:57:54.810 INFO: JdwpDebugServer: handling req: Method(6).LineTable(1)
07:57:54.811 INFO: JdwpDebugServer: handling req: Method(6).LineTable(1)
07:57:54.811 INFO: JdwpDebugServer: handling req: Method(6).LineTable(1)
07:57:54.811 INFO: JdwpDebugServer: handling req: Method(6).LineTable(1)
07:57:54.811 INFO: JdwpDebugServer: handling req: Method(6).LineTable(1)
07:57:54.811 INFO: JdwpDebugServer: handling req: Method(6).LineTable(1)
07:57:54.812 INFO: JdwpDebugServer: handling req: Method(6).LineTable(1)
07:57:54.812 INFO: JdwpDebugServer: handling req: Method(6).LineTable(1)
07:57:54.812 INFO: JdwpDebugServer: handling req: Method(6).LineTable(1)
07:57:54.812 INFO: JdwpDebugServer: handling req: Method(6).LineTable(1)
07:57:54.812 INFO: JdwpDebugServer: handling req: Method(6).LineTable(1)
07:57:54.812 INFO: JdwpDebugServer: handling req: Method(6).LineTable(1)
07:57:54.813 INFO: JdwpDebugServer: handling req: Method(6).LineTable(1)
07:57:54.813 INFO: JdwpDebugServer: handling req: Method(6).LineTable(1)
07:57:54.813 INFO: JdwpDebugServer: handling req: Method(6).LineTable(1)
07:57:54.813 INFO: JdwpDebugServer: handling req: Method(6).LineTable(1)
07:57:54.813 INFO: JdwpDebugServer: handling req: Method(6).LineTable(1)
07:57:54.814 INFO: JdwpDebugServer: handling req: Method(6).LineTable(1)
07:57:54.814 INFO: JdwpDebugServer: handling req: Method(6).LineTable(1)
07:57:54.814 INFO: JdwpDebugServer: handling req: Method(6).LineTable(1)
07:57:54.814 INFO: JdwpDebugServer: handling req: VirtualMachine(1).ClassesBySignature(2)
07:57:54.814 INFO: JdwpDebugServer: handling req: VirtualMachine(1).AllClassesWithGeneric(20)
07:57:54.826 INFO: JdwpDebugServer: handling req: EventRequest(15).Set(1)
07:57:54.826 INFO: JdwpEventCenterDelegate: jdwpSetEventRequest: JdwpEventRequest{requestId=115, eventKind=CLASS_PREPARE, suspendPolicy=EVENT_THREAD, predicates=[className=com.badlogic.gdx.utils.ScreenUtils]}
07:57:54.827 INFO: JdwpDebugServer: handling req: EventRequest(15).Set(1)
07:57:54.828 INFO: JdwpEventCenterDelegate: jdwpSetEventRequest: JdwpEventRequest{requestId=116, eventKind=CLASS_PREPARE, suspendPolicy=EVENT_THREAD, predicates=[className=com.badlogic.gdx.utils.ScreenUtils$*]}
07:57:54.828 INFO: JdwpDebugServer: handling req: VirtualMachine(1).ClassesBySignature(2)
07:57:54.829 INFO: JdwpDebugServer: handling req: ReferenceType(2).MethodsWithGeneric(15)
07:57:54.829 INFO: JdwpDebugServer: handling req: Method(6).LineTable(1)
07:57:54.829 INFO: JdwpDebugServer: handling req: Method(6).LineTable(1)
07:57:54.829 INFO: JdwpDebugServer: handling req: Method(6).LineTable(1)
07:57:54.829 INFO: JdwpDebugServer: handling req: Method(6).LineTable(1)
07:57:54.830 INFO: JdwpDebugServer: handling req: Method(6).LineTable(1)
07:57:54.830 INFO: JdwpDebugServer: handling req: Method(6).LineTable(1)
07:57:54.830 INFO: JdwpDebugServer: handling req: Method(6).LineTable(1)
07:57:54.830 INFO: JdwpDebugServer: handling req: Method(6).LineTable(1)
07:57:54.830 INFO: JdwpDebugServer: handling req: Method(6).LineTable(1)
07:57:54.831 INFO: JdwpDebugServer: handling req: Method(6).LineTable(1)
07:57:54.831 INFO: JdwpDebugServer: handling req: EventRequest(15).Set(1)
07:57:54.831 INFO: JdwpEventCenterDelegate: jdwpSetEventRequest: JdwpEventRequest{requestId=117, eventKind=BREAKPOINT, suspendPolicy=EVENT_THREAD, predicates=[Location{classId=22240, methodId=1727, index=89} ]}
07:57:54.831 INFO: JdwpDebugServer: handling req: EventRequest(15).Set(1)
07:57:54.831 INFO: JdwpEventCenterDelegate: jdwpSetEventRequest: JdwpEventRequest{requestId=118, eventKind=CLASS_PREPARE, suspendPolicy=EVENT_THREAD, predicates=[className=com.badlogic.gdx.utils.ScreenUtils]}
07:57:54.832 INFO: JdwpDebugServer: handling req: EventRequest(15).Set(1)
07:57:54.832 INFO: JdwpEventCenterDelegate: jdwpSetEventRequest: JdwpEventRequest{requestId=119, eventKind=CLASS_PREPARE, suspendPolicy=EVENT_THREAD, predicates=[className=com.badlogic.gdx.utils.ScreenUtils$*]}
07:57:54.833 INFO: JdwpDebugServer: handling req: VirtualMachine(1).ClassesBySignature(2)
07:57:54.833 INFO: JdwpDebugServer: handling req: EventRequest(15).Set(1)
07:57:54.833 INFO: JdwpEventCenterDelegate: jdwpSetEventRequest: JdwpEventRequest{requestId=120, eventKind=BREAKPOINT, suspendPolicy=EVENT_THREAD, predicates=[Location{classId=22240, methodId=1722, index=72} ]}
07:57:54.834 INFO: JdwpDebugServer: handling req: EventRequest(15).Set(1)
07:57:54.834 INFO: JdwpEventCenterDelegate: jdwpSetEventRequest: JdwpEventRequest{requestId=121, eventKind=CLASS_PREPARE, suspendPolicy=EVENT_THREAD, predicates=[className=com.scottlogic.util.ShaderProgramFactory]}
07:57:54.835 INFO: JdwpDebugServer: handling req: EventRequest(15).Set(1)
07:57:54.835 INFO: JdwpEventCenterDelegate: jdwpSetEventRequest: JdwpEventRequest{requestId=122, eventKind=CLASS_PREPARE, suspendPolicy=EVENT_THREAD, predicates=[className=com.scottlogic.util.ShaderProgramFactory$*]}
07:57:54.836 INFO: JdwpDebugServer: handling req: VirtualMachine(1).ClassesBySignature(2)
07:57:54.836 INFO: JdwpDebugServer: handling req: ReferenceType(2).MethodsWithGeneric(15)
07:57:54.837 INFO: JdwpDebugServer: handling req: Method(6).LineTable(1)
07:57:54.837 INFO: JdwpDebugServer: handling req: Method(6).LineTable(1)
07:57:54.837 INFO: JdwpDebugServer: handling req: Method(6).LineTable(1)
07:57:54.837 INFO: JdwpDebugServer: handling req: Method(6).LineTable(1)
07:57:54.837 INFO: JdwpDebugServer: handling req: Method(6).LineTable(1)
07:57:54.837 INFO: JdwpDebugServer: handling req: EventRequest(15).Set(1)
07:57:54.838 INFO: JdwpEventCenterDelegate: jdwpSetEventRequest: JdwpEventRequest{requestId=123, eventKind=BREAKPOINT, suspendPolicy=EVENT_THREAD, predicates=[Location{classId=20400, methodId=1762, index=106} ]}
07:57:54.838 INFO: JdwpDebugServer: handling req: EventRequest(15).Set(1)
07:57:54.838 INFO: JdwpEventCenterDelegate: jdwpSetEventRequest: JdwpEventRequest{requestId=124, eventKind=CLASS_PREPARE, suspendPolicy=EVENT_THREAD, predicates=[className=com.abdalla.bushnaq.pluvia.launcher.IOSLauncher]}
07:57:54.839 INFO: JdwpDebugServer: handling req: EventRequest(15).Set(1)
07:57:54.839 INFO: JdwpEventCenterDelegate: jdwpSetEventRequest: JdwpEventRequest{requestId=125, eventKind=CLASS_PREPARE, suspendPolicy=EVENT_THREAD, predicates=[className=com.abdalla.bushnaq.pluvia.launcher.IOSLauncher$*]}
07:57:54.840 INFO: JdwpDebugServer: handling req: VirtualMachine(1).ClassesBySignature(2)
07:57:54.840 INFO: JdwpDebugServer: handling req: ReferenceType(2).MethodsWithGeneric(15)
07:57:54.840 INFO: JdwpDebugServer: handling req: Method(6).LineTable(1)
07:57:54.841 INFO: JdwpDebugServer: handling req: Method(6).LineTable(1)
07:57:54.841 INFO: JdwpDebugServer: handling req: Method(6).LineTable(1)
07:57:54.841 INFO: JdwpDebugServer: handling req: Method(6).LineTable(1)
07:57:54.841 INFO: JdwpDebugServer: handling req: Method(6).LineTable(1)
07:57:54.841 INFO: JdwpDebugServer: handling req: Method(6).LineTable(1)
07:57:54.842 INFO: JdwpDebugServer: handling req: Method(6).LineTable(1)
07:57:54.842 INFO: JdwpDebugServer: handling req: Method(6).LineTable(1)
07:57:54.842 INFO: JdwpDebugServer: handling req: EventRequest(15).Set(1)
07:57:54.842 INFO: JdwpEventCenterDelegate: jdwpSetEventRequest: JdwpEventRequest{requestId=126, eventKind=BREAKPOINT, suspendPolicy=EVENT_THREAD, predicates=[Location{classId=12885, methodId=1782, index=45} ]}
07:57:54.843 INFO: JdwpDebugServer: handling req: VirtualMachine(1).capabilitiesNew(17)
07:57:54.845 INFO: JdwpDebugServer: handling req: EventRequest(15).Set(1)
07:57:54.845 INFO: JdwpEventCenterDelegate: jdwpSetEventRequest: JdwpEventRequest{requestId=127, eventKind=CLASS_PREPARE, suspendPolicy=EVENT_THREAD, predicates=[className=java.lang.Error]}
07:57:54.846 INFO: JdwpDebugServer: handling req: EventRequest(15).Set(1)
07:57:54.846 INFO: JdwpEventCenterDelegate: jdwpSetEventRequest: JdwpEventRequest{requestId=128, eventKind=CLASS_PREPARE, suspendPolicy=EVENT_THREAD, predicates=[className=java.lang.Error$*]}
07:57:54.847 INFO: JdwpDebugServer: handling req: VirtualMachine(1).ClassesBySignature(2)
07:57:54.848 INFO: JdwpDebugServer: handling req: EventRequest(15).Set(1)
07:57:54.848 INFO: JdwpEventCenterDelegate: jdwpSetEventRequest: JdwpEventRequest{requestId=129, eventKind=EXCEPTION, suspendPolicy=EVENT_THREAD, predicates=[exceptionType=3425(caught=true, uncaught=true)]}
07:57:54.895 INFO: JdwpDebugServer: handling req: EventRequest(15).Set(1)
07:57:54.895 INFO: JdwpEventCenterDelegate: jdwpSetEventRequest: JdwpEventRequest{requestId=130, eventKind=CLASS_PREPARE, suspendPolicy=EVENT_THREAD, predicates=[className=java.lang.Throwable]}
07:57:54.896 INFO: JdwpDebugServer: handling req: EventRequest(15).Set(1)
07:57:54.897 INFO: JdwpEventCenterDelegate: jdwpSetEventRequest: JdwpEventRequest{requestId=131, eventKind=CLASS_PREPARE, suspendPolicy=EVENT_THREAD, predicates=[className=java.lang.Throwable$*]}
07:57:54.898 INFO: JdwpDebugServer: handling req: VirtualMachine(1).ClassesBySignature(2)
07:57:54.898 INFO: JdwpDebugServer: handling req: EventRequest(15).Set(1)
07:57:54.898 INFO: JdwpEventCenterDelegate: jdwpSetEventRequest: JdwpEventRequest{requestId=132, eventKind=EXCEPTION, suspendPolicy=EVENT_THREAD, predicates=[exceptionType=7695(caught=false, uncaught=true)]}
07:57:54.902 INFO: JdwpDebugServer: handling req: ThreadReference(11).SuspendCount(12)
07:57:54.902 INFO: JdwpDebugServer: handling req: ThreadReference(11).SuspendCount(12)
07:57:54.902 INFO: JdwpDebugServer: handling req: ThreadReference(11).SuspendCount(12)
07:57:54.903 INFO: JdwpDebugServer: handling req: ThreadReference(11).SuspendCount(12)
07:57:54.903 INFO: JdwpDebugServer: handling req: VirtualMachine(1).AllThreads(4)
07:57:54.903 INFO: JdwpDebugServer: handling req: VirtualMachine(1).Resume(9)
07:57:54.943 INFO: JdwpDebugServer: handling req: EventRequest(15).Set(1)
07:57:54.943 INFO: JdwpEventCenterDelegate: jdwpSetEventRequest: JdwpEventRequest{requestId=133, eventKind=BREAKPOINT, suspendPolicy=EVENT_THREAD, predicates=[Location{classId=12885, methodId=1782, index=45} ]}
07:57:54.946 INFO: JdwpDebugServer: handling req: ThreadReference(11).Resume(3)
07:57:54.946 INFO: JdwpEventCenterDelegate: THREAD_RESUMED: thread (33, main, main)
07:57:54.969 INFO: JdwpEventCenterDelegate: THREAD_RESUMED: thread (33, main, main)
07:57:54.969 INFO: JdwpEventCenterDelegate: THREAD_RESUMED: thread (33, main, main)
07:57:54.970 INFO: JdwpEventCenterDelegate: THREAD_RESUMED: thread (33, main, main)
07:57:54.971 INFO: JdwpEventCenterDelegate: THREAD_RESUMED: thread (33, main, main)
07:57:54.971 INFO: JdwpEventCenterDelegate: THREAD_RESUMED: thread (33, main, main)
07:57:54.971 INFO: JdwpEventCenterDelegate: THREAD_RESUMED: thread (33, main, main)
07:57:54.972 INFO: JdwpEventCenterDelegate: THREAD_RESUMED: thread (33, main, main)
07:57:54.974 INFO: JdwpEventCenterDelegate: THREAD_RESUMED: thread (33, main, main)
07:57:54.974 INFO: JdwpEventCenterDelegate: THREAD_RESUMED: thread (33, main, main)
07:57:54.975 INFO: JdwpEventCenterDelegate: THREAD_RESUMED: thread (33, main, main)
07:57:54.975 INFO: JdwpEventCenterDelegate: THREAD_RESUMED: thread (33, main, main)
07:57:54.980 INFO: JdwpEventCenterDelegate: THREAD_RESUMED: thread (33, main, main)
07:57:54.981 INFO: JdwpEventCenterDelegate: THREAD_RESUMED: thread (33, main, main)
07:57:54.981 INFO: JdwpEventCenterDelegate: THREAD_RESUMED: thread (33, main, main)
07:57:55.040 INFO: JdwpDebugServer: handling req: ThreadReference(11).Frames(6)
07:57:55.362 INFO: JdwpDebugServer: handling req: ThreadReference(11).FramesCount(7)
07:57:55.363 INFO: JdwpDebugServer: handling req: ThreadReference(11).FramesCount(7)
07:57:55.552 INFO: JdwpDebugServer: handling req: ReferenceType(2).SignatureWithGeneric(13)
07:57:55.556 INFO: JdwpDebugServer: handling req: ThreadReference(11).Name(1)
07:57:55.557 INFO: JdwpDebugServer: handling req: ThreadReference(11).Name(1)
07:57:55.558 INFO: JdwpDebugServer: handling req: ThreadReference(11).Name(1)
07:57:55.558 INFO: JdwpDebugServer: handling req: ThreadReference(11).Name(1)
07:57:55.558 INFO: JdwpDebugServer: handling req: ThreadReference(11).Name(1)
07:57:55.558 INFO: JdwpDebugServer: handling req: ThreadReference(11).Name(1)
07:57:55.578 INFO: JdwpDebugServer: handling req: ReferenceType(2).FieldsWithGeneric(14)
07:57:55.578 INFO: JdwpDebugServer: handling req: ReferenceType(2).Interfaces(10)
07:57:55.578 INFO: JdwpDebugServer: handling req: ReferenceType(2).FieldsWithGeneric(14)
07:57:55.578 INFO: JdwpDebugServer: handling req: ReferenceType(2).Interfaces(10)
07:57:55.578 INFO: JdwpDebugServer: handling req: ClassType(3).Superclass(1)
07:57:55.578 INFO: JdwpDebugServer: handling req: ReferenceType(2).FieldsWithGeneric(14)
07:57:55.579 INFO: JdwpDebugServer: handling req: ReferenceType(2).Interfaces(10)
07:57:55.579 INFO: JdwpDebugServer: handling req: ClassType(3).Superclass(1)
07:57:55.579 INFO: JdwpDebugServer: handling req: ReferenceType(2).FieldsWithGeneric(14)
07:57:55.579 INFO: JdwpDebugServer: handling req: ReferenceType(2).Interfaces(10)
07:57:55.579 INFO: JdwpDebugServer: handling req: ReferenceType(2).FieldsWithGeneric(14)
07:57:55.579 INFO: JdwpDebugServer: handling req: ReferenceType(2).Interfaces(10)
07:57:55.580 INFO: JdwpDebugServer: handling req: ReferenceType(2).FieldsWithGeneric(14)
07:57:55.580 INFO: JdwpDebugServer: handling req: ReferenceType(2).Interfaces(10)
07:57:55.580 INFO: JdwpDebugServer: handling req: ReferenceType(2).FieldsWithGeneric(14)
07:57:55.580 INFO: JdwpDebugServer: handling req: ReferenceType(2).Interfaces(10)
07:57:55.580 INFO: JdwpDebugServer: handling req: ClassType(3).Superclass(1)
07:57:55.580 INFO: JdwpDebugServer: handling req: ReferenceType(2).FieldsWithGeneric(14)
07:57:55.581 INFO: JdwpDebugServer: handling req: ReferenceType(2).Interfaces(10)
07:57:55.581 INFO: JdwpDebugServer: handling req: ClassType(3).Superclass(1)
07:57:55.581 INFO: JdwpDebugServer: handling req: ReferenceType(2).FieldsWithGeneric(14)
07:57:55.581 INFO: JdwpDebugServer: handling req: ReferenceType(2).Interfaces(10)
07:57:55.581 INFO: JdwpDebugServer: handling req: ClassType(3).Superclass(1)
07:57:55.581 INFO: JdwpDebugServer: handling req: ReferenceType(2).FieldsWithGeneric(14)
07:57:55.582 INFO: JdwpDebugServer: handling req: ReferenceType(2).Interfaces(10)
07:57:55.582 INFO: JdwpDebugServer: handling req: ClassType(3).Superclass(1)
07:57:55.582 INFO: JdwpDebugServer: handling req: ClassType(3).Superclass(1)
07:57:55.583 INFO: JdwpDebugServer: handling req: Method(6).VariableTableWithGenerics(5)
07:57:55.610 INFO: JdwpDebugServer: handling req: StackFrame(16).GetValues(1)
07:57:55.618 INFO: JdwpDebugServer: handling req: StackFrame(16).GetValues(1)
07:57:55.618 INFO: JdwpDebugServer: handling req: ArrayReference(13).Length(1)
07:57:55.619 INFO: JdwpDebugServer: handling req: ReferenceType(2).SourceFile(7)
07:57:55.619 INFO: JdwpDebugServer: handling req: StackFrame(16).GetValues(1)
07:57:55.619 INFO: JdwpDebugServer: handling req: StackFrame(16).GetValues(1)
07:57:55.620 INFO: JdwpDebugServer: handling req: ObjectReference(9).ReferenceType(1)
07:57:55.620 INFO: JdwpDebugServer: handling req: ObjectReference(9).ReferenceType(1)
07:57:55.620 INFO: JdwpDebugServer: handling req: ReferenceType(2).FieldsWithGeneric(14)
07:57:55.622 INFO: JdwpDebugServer: handling req: ReferenceType(2).Interfaces(10)
07:57:55.622 INFO: JdwpDebugServer: handling req: ReferenceType(2).FieldsWithGeneric(14)
07:57:55.622 INFO: JdwpDebugServer: handling req: ReferenceType(2).Interfaces(10)
07:57:55.622 INFO: JdwpDebugServer: handling req: ClassType(3).Superclass(1)
07:57:55.647 INFO: JdwpDebugServer: handling req: StackFrame(16).GetValues(1)
07:57:55.648 INFO: JdwpDebugServer: handling req: StackFrame(16).GetValues(1)
07:57:55.648 INFO: JdwpDebugServer: handling req: StackFrame(16).GetValues(1)
07:57:55.648 INFO: JdwpDebugServer: handling req: ReferenceType(2).Signature(1)
07:57:55.650 INFO: JdwpDebugServer: handling req: ReferenceType(2).ClassLoader(2)
07:57:55.650 INFO: JdwpDebugServer: handling req: VirtualMachine(1).ClassesBySignature(2)
07:57:55.651 INFO: JdwpDebugServer: handling req: ReferenceType(2).ClassLoader(2)
07:57:55.653 INFO: JdwpDebugServer: handling req: StackFrame(16).GetValues(1)
07:57:55.653 INFO: JdwpDebugServer: handling req: StackFrame(16).GetValues(1)
07:57:55.653 INFO: JdwpDebugServer: handling req: ThreadReference(11).FramesCount(7)
07:57:55.655 INFO: JdwpDebugServer: handling req: StackFrame(16).GetValues(1)
07:57:55.656 INFO: JdwpDebugServer: handling req: StackFrame(16).GetValues(1)
07:57:55.657 INFO: JdwpDebugServer: handling req: ClassType(3).Superclass(1)
07:57:55.657 INFO: JdwpDebugServer: handling req: ClassType(3).Superclass(1)
07:57:55.657 INFO: JdwpDebugServer: handling req: StackFrame(16).GetValues(1)
07:57:55.657 INFO: JdwpDebugServer: handling req: StackFrame(16).GetValues(1)
07:57:55.657 INFO: JdwpDebugServer: handling req: ThreadReference(11).Name(1)
07:57:55.657 INFO: JdwpDebugServer: handling req: StackFrame(16).GetValues(1)
07:57:55.658 INFO: JdwpDebugServer: handling req: ThreadReference(11).Name(1)
07:57:55.658 INFO: JdwpDebugServer: handling req: StackFrame(16).GetValues(1)
07:57:55.658 INFO: JdwpDebugServer: handling req: ThreadReference(11).Name(1)
07:57:55.658 INFO: JdwpDebugServer: handling req: StackFrame(16).GetValues(1)
07:57:55.658 INFO: JdwpDebugServer: handling req: ThreadReference(11).Name(1)
07:57:55.668 INFO: JdwpDebugServer: handling req: ThreadReference(11).FramesCount(7)
07:57:59.353 INFO: JdwpDebugServer: handling req: EventRequest(15).Set(1)
07:57:59.359 INFO: JdwpEventCenterDelegate: jdwpSetEventRequest: JdwpEventRequest{requestId=134, eventKind=SINGLE_STEP, suspendPolicy=EVENT_THREAD, predicates=[step{threadId=33, size=1, depth=1} , count=1]}
07:57:59.371 INFO: JdwpDebugServer: handling req: ThreadReference(11).Resume(3)
07:57:59.373 INFO: JdwpEventCenterDelegate: THREAD_RESUMED: thread (33, main, main)
07:57:59.884 INFO: JdwpDebugServer: handling req: ThreadReference(11).Name(1)
07:58:02.546 INFO: JdwpDebugServer: handling req: VirtualMachine(1).ClassesBySignature(2)
07:58:02.546 INFO: JdwpDebugServer: handling req: ReferenceType(2).FieldsWithGeneric(14)
07:58:02.547 INFO: JdwpDebugServer: handling req: ReferenceType(2).Interfaces(10)
07:58:02.547 INFO: JdwpDebugServer: handling req: ReferenceType(2).FieldsWithGeneric(14)
07:58:02.547 INFO: JdwpDebugServer: handling req: ReferenceType(2).Interfaces(10)
07:58:02.547 INFO: JdwpDebugServer: handling req: ClassType(3).Superclass(1)
07:58:02.610 INFO: JdwpDebugServer: handling req: ReferenceType(2).GetValues(6)
07:58:02.614 INFO: JdwpDebugServer: handling req: ReferenceType(2).GetValues(6)
07:58:02.617 INFO: JdwpDebugServer: handling req: ReferenceType(2).GetValues(6)
07:58:02.619 INFO: JdwpDebugServer: handling req: ReferenceType(2).GetValues(6)
07:58:02.631 INFO: JdwpDebugServer: handling req: ReferenceType(2).GetValues(6)
07:58:02.632 INFO: JdwpDebugServer: handling req: ReferenceType(2).GetValues(6)
07:58:19.988 INFO: JdwpDebugServer: handling req: VirtualMachine(1).ClassesBySignature(2)
07:58:20.019 INFO: JdwpDebugServer: handling req: ReferenceType(2).GetValues(6)
07:58:20.022 INFO: JdwpDebugServer: handling req: ReferenceType(2).GetValues(6)
07:58:20.022 INFO: JdwpDebugServer: handling req: ReferenceType(2).GetValues(6)
07:58:20.023 INFO: JdwpDebugServer: handling req: ReferenceType(2).GetValues(6)
07:58:20.025 INFO: JdwpDebugServer: handling req: ReferenceType(2).GetValues(6)
07:58:20.025 INFO: JdwpDebugServer: handling req: ReferenceType(2).GetValues(6)
07:58:25.478 INFO: JdwpDebugServer: handling req: ReferenceType(2).GetValues(6)
07:58:25.481 INFO: JdwpDebugServer: handling req: ReferenceType(2).GetValues(6)
07:58:25.481 INFO: JdwpDebugServer: handling req: ReferenceType(2).GetValues(6)
07:58:25.481 INFO: JdwpDebugServer: handling req: ReferenceType(2).GetValues(6)
07:58:25.482 INFO: JdwpDebugServer: handling req: ReferenceType(2).GetValues(6)
07:58:25.482 INFO: JdwpDebugServer: handling req: ReferenceType(2).GetValues(6)
07:58:29.960 INFO: JdwpDebugServer: handling req: VirtualMachine(1).Exit(10)
07:58:29.963 SEVERE: Debugger: Thread JDWP server socket thread crashed
org.robovm.debugger.DebuggerException: Terminating due exit command
	at org.robovm.debugger.jdwp.JdwpDebugServer.doSocketWork(JdwpDebugServer.java:211)
	at java.base/java.lang.Thread.run(Thread.java:833)
	at org.robovm.debugger.utils.DebuggerThread.run(DebuggerThread.java:42)
07:58:30.485 SEVERE: Debugger: Thread HooksChannel socket thread crashed
org.robovm.debugger.DebuggerException: java.nio.BufferUnderflowException
	at org.robovm.debugger.hooks.HooksChannel.doSocketWork(HooksChannel.java:149)
	at java.base/java.lang.Thread.run(Thread.java:833)
	at org.robovm.debugger.utils.DebuggerThread.run(DebuggerThread.java:42)
Caused by: java.nio.BufferUnderflowException
	at org.robovm.debugger.utils.bytebuffer.DataBufferWriter.writeFromStream(DataBufferWriter.java:91)
	at org.robovm.debugger.hooks.HooksChannel.doSocketWork(HooksChannel.java:116)
	... 2 more
