09:44:30.877 INFO: JdwpEventCenterDelegate: THREAD_STARTED: thread (33, main, main)
09:44:30.934 INFO: JdwpEventCenterDelegate: THREAD_STARTED: thread (48, ReferenceQueueDaemon, main)
09:44:30.935 INFO: JdwpEventCenterDelegate: THREAD_STARTED: thread (63, FinalizerDaemon, main)
09:44:30.937 INFO: JdwpEventCenterDelegate: THREAD_STARTED: thread (78, FinalizerWatchdogDaemon, main)
09:44:32.602 INFO: JdwpDebugServer: handling req: VirtualMachine(1).IDSizes(7)
09:44:32.603 INFO: JdwpDebugServer: handling req: EventRequest(15).Set(1)
09:44:32.604 INFO: JdwpEventCenterDelegate: jdwpSetEventRequest: JdwpEventRequest{requestId=100, eventKind=CLASS_UNLOAD, suspendPolicy=NONE, predicates=[]}
09:44:32.605 INFO: JdwpDebugServer: handling req: EventRequest(15).Set(1)
09:44:32.605 INFO: JdwpEventCenterDelegate: jdwpSetEventRequest: JdwpEventRequest{requestId=101, eventKind=THREAD_START, suspendPolicy=NONE, predicates=[]}
09:44:32.607 INFO: JdwpDebugServer: handling req: VirtualMachine(1).ClassesBySignature(2)
09:44:32.609 INFO: JdwpDebugServer: handling req: VirtualMachine(1).Version(1)
09:44:32.610 INFO: JdwpDebugServer: handling req: ReferenceType(2).MethodsWithGeneric(15)
09:44:32.612 INFO: JdwpDebugServer: handling req: Method(6).LineTable(1)
09:44:32.614 INFO: JdwpDebugServer: handling req: EventRequest(15).Set(1)
09:44:32.614 INFO: JdwpEventCenterDelegate: jdwpSetEventRequest: JdwpEventRequest{requestId=102, eventKind=BREAKPOINT, suspendPolicy=NONE, predicates=[Location{classId=845, methodId=257, index=928} ]}
09:44:32.616 INFO: JdwpDebugServer: handling req: EventRequest(15).Set(1)
09:44:32.616 INFO: JdwpEventCenterDelegate: jdwpSetEventRequest: JdwpEventRequest{requestId=103, eventKind=THREAD_DEATH, suspendPolicy=NONE, predicates=[]}
09:44:32.616 INFO: JdwpDebugServer: handling req: VirtualMachine(1).AllThreads(4)
09:44:32.616 INFO: JdwpDebugServer: handling req: ThreadReference(11).ThreadGroup(5)
09:44:32.617 INFO: JdwpDebugServer: handling req: ThreadGroup(12).Name(1)
09:44:32.617 INFO: JdwpDebugServer: handling req: ThreadGroup(12).Parent(2)
09:44:32.618 INFO: JdwpDebugServer: handling req: ObjectReference(9).ReferenceType(1)
09:44:32.619 INFO: JdwpDebugServer: handling req: ReferenceType(2).FieldsWithGeneric(14)
09:44:32.620 INFO: JdwpDebugServer: handling req: ReferenceType(2).Interfaces(10)
09:44:32.621 INFO: JdwpDebugServer: handling req: ReferenceType(2).FieldsWithGeneric(14)
09:44:32.621 INFO: JdwpDebugServer: handling req: ReferenceType(2).Interfaces(10)
09:44:32.621 INFO: JdwpDebugServer: handling req: ClassType(3).Superclass(1)
09:44:32.622 INFO: JdwpDebugServer: handling req: ReferenceType(2).FieldsWithGeneric(14)
09:44:32.622 INFO: JdwpDebugServer: handling req: ReferenceType(2).Interfaces(10)
09:44:32.622 INFO: JdwpDebugServer: handling req: ClassType(3).Superclass(1)
09:44:32.623 INFO: JdwpDebugServer: handling req: ObjectReference(9).GetValues(2)
09:44:32.625 INFO: JdwpDebugServer: handling req: ThreadReference(11).Status(4)
09:44:32.625 INFO: JdwpDebugServer: handling req: ThreadReference(11).Status(4)
09:44:32.626 INFO: JdwpDebugServer: handling req: ThreadReference(11).ThreadGroup(5)
09:44:32.626 INFO: JdwpDebugServer: handling req: ObjectReference(9).ReferenceType(1)
09:44:32.627 INFO: JdwpDebugServer: handling req: ObjectReference(9).GetValues(2)
09:44:32.628 INFO: JdwpDebugServer: handling req: ThreadReference(11).Status(4)
09:44:32.628 INFO: JdwpDebugServer: handling req: ThreadReference(11).Status(4)
09:44:32.628 INFO: JdwpDebugServer: handling req: ThreadReference(11).ThreadGroup(5)
09:44:32.628 INFO: JdwpDebugServer: handling req: ObjectReference(9).ReferenceType(1)
09:44:32.628 INFO: JdwpDebugServer: handling req: ObjectReference(9).GetValues(2)
09:44:32.629 INFO: JdwpDebugServer: handling req: ThreadReference(11).Status(4)
09:44:32.629 INFO: JdwpDebugServer: handling req: ThreadReference(11).Status(4)
09:44:32.629 INFO: JdwpDebugServer: handling req: ThreadReference(11).ThreadGroup(5)
09:44:32.629 INFO: JdwpDebugServer: handling req: ObjectReference(9).ReferenceType(1)
09:44:32.629 INFO: JdwpDebugServer: handling req: ObjectReference(9).GetValues(2)
09:44:32.630 INFO: JdwpDebugServer: handling req: ThreadReference(11).Status(4)
09:44:32.630 INFO: JdwpDebugServer: handling req: ThreadReference(11).Status(4)
09:44:32.633 INFO: JdwpDebugServer: handling req: EventRequest(15).Set(1)
09:44:32.633 INFO: JdwpEventCenterDelegate: jdwpSetEventRequest: JdwpEventRequest{requestId=104, eventKind=CLASS_PREPARE, suspendPolicy=EVENT_THREAD, predicates=[className=com.badlogic.gdx.graphics.g2d.SpriteBatch]}
09:44:32.640 INFO: JdwpDebugServer: handling req: EventRequest(15).Set(1)
09:44:32.640 INFO: JdwpEventCenterDelegate: jdwpSetEventRequest: JdwpEventRequest{requestId=105, eventKind=CLASS_PREPARE, suspendPolicy=EVENT_THREAD, predicates=[className=com.badlogic.gdx.graphics.g2d.SpriteBatch$*]}
09:44:32.641 INFO: JdwpDebugServer: handling req: VirtualMachine(1).ClassesBySignature(2)
09:44:32.642 INFO: JdwpDebugServer: handling req: ReferenceType(2).MethodsWithGeneric(15)
09:44:32.643 INFO: JdwpDebugServer: handling req: Method(6).LineTable(1)
09:44:32.644 INFO: JdwpDebugServer: handling req: Method(6).LineTable(1)
09:44:32.644 INFO: JdwpDebugServer: handling req: Method(6).LineTable(1)
09:44:32.644 INFO: JdwpDebugServer: handling req: Method(6).LineTable(1)
09:44:32.644 INFO: JdwpDebugServer: handling req: Method(6).LineTable(1)
09:44:32.644 INFO: JdwpDebugServer: handling req: Method(6).LineTable(1)
09:44:32.645 INFO: JdwpDebugServer: handling req: Method(6).LineTable(1)
09:44:32.645 INFO: JdwpDebugServer: handling req: Method(6).LineTable(1)
09:44:32.645 INFO: JdwpDebugServer: handling req: Method(6).LineTable(1)
09:44:32.645 INFO: JdwpDebugServer: handling req: Method(6).LineTable(1)
09:44:32.645 INFO: JdwpDebugServer: handling req: Method(6).LineTable(1)
09:44:32.645 INFO: JdwpDebugServer: handling req: Method(6).LineTable(1)
09:44:32.645 INFO: JdwpDebugServer: handling req: Method(6).LineTable(1)
09:44:32.646 INFO: JdwpDebugServer: handling req: Method(6).LineTable(1)
09:44:32.646 INFO: JdwpDebugServer: handling req: Method(6).LineTable(1)
09:44:32.646 INFO: JdwpDebugServer: handling req: Method(6).LineTable(1)
09:44:32.646 INFO: JdwpDebugServer: handling req: Method(6).LineTable(1)
09:44:32.646 INFO: JdwpDebugServer: handling req: Method(6).LineTable(1)
09:44:32.646 INFO: JdwpDebugServer: handling req: Method(6).LineTable(1)
09:44:32.646 INFO: JdwpDebugServer: handling req: Method(6).LineTable(1)
09:44:32.647 INFO: JdwpDebugServer: handling req: Method(6).LineTable(1)
09:44:32.647 INFO: JdwpDebugServer: handling req: Method(6).LineTable(1)
09:44:32.647 INFO: JdwpDebugServer: handling req: Method(6).LineTable(1)
09:44:32.647 INFO: JdwpDebugServer: handling req: Method(6).LineTable(1)
09:44:32.647 INFO: JdwpDebugServer: handling req: Method(6).LineTable(1)
09:44:32.647 INFO: JdwpDebugServer: handling req: Method(6).LineTable(1)
09:44:32.648 INFO: JdwpDebugServer: handling req: Method(6).LineTable(1)
09:44:32.648 INFO: JdwpDebugServer: handling req: Method(6).LineTable(1)
09:44:32.648 INFO: JdwpDebugServer: handling req: Method(6).LineTable(1)
09:44:32.648 INFO: JdwpDebugServer: handling req: Method(6).LineTable(1)
09:44:32.648 INFO: JdwpDebugServer: handling req: Method(6).LineTable(1)
09:44:32.648 INFO: JdwpDebugServer: handling req: Method(6).LineTable(1)
09:44:32.649 INFO: JdwpDebugServer: handling req: Method(6).LineTable(1)
09:44:32.649 INFO: JdwpDebugServer: handling req: Method(6).LineTable(1)
09:44:32.649 INFO: JdwpDebugServer: handling req: Method(6).LineTable(1)
09:44:32.649 INFO: JdwpDebugServer: handling req: Method(6).LineTable(1)
09:44:32.649 INFO: JdwpDebugServer: handling req: Method(6).LineTable(1)
09:44:32.649 INFO: JdwpDebugServer: handling req: Method(6).LineTable(1)
09:44:32.649 INFO: JdwpDebugServer: handling req: Method(6).LineTable(1)
09:44:32.649 INFO: JdwpDebugServer: handling req: Method(6).LineTable(1)
09:44:32.650 INFO: JdwpDebugServer: handling req: Method(6).LineTable(1)
09:44:32.650 INFO: JdwpDebugServer: handling req: Method(6).LineTable(1)
09:44:32.650 INFO: JdwpDebugServer: handling req: Method(6).LineTable(1)
09:44:32.650 INFO: JdwpDebugServer: handling req: Method(6).LineTable(1)
09:44:32.651 INFO: JdwpDebugServer: handling req: EventRequest(15).Set(1)
09:44:32.651 INFO: JdwpEventCenterDelegate: jdwpSetEventRequest: JdwpEventRequest{requestId=106, eventKind=BREAKPOINT, suspendPolicy=EVENT_THREAD, predicates=[Location{classId=18040, methodId=1122, index=163} ]}
09:44:32.651 INFO: JdwpDebugServer: handling req: ReferenceType(2).Signature(1)
09:44:32.655 INFO: JdwpDebugServer: handling req: EventRequest(15).Set(1)
09:44:32.655 INFO: JdwpEventCenterDelegate: jdwpSetEventRequest: JdwpEventRequest{requestId=107, eventKind=CLASS_PREPARE, suspendPolicy=EVENT_THREAD, predicates=[className=java.lang.Throwable]}
09:44:32.656 INFO: JdwpDebugServer: handling req: EventRequest(15).Set(1)
09:44:32.656 INFO: JdwpEventCenterDelegate: jdwpSetEventRequest: JdwpEventRequest{requestId=108, eventKind=CLASS_PREPARE, suspendPolicy=EVENT_THREAD, predicates=[className=java.lang.Throwable$*]}
09:44:32.657 INFO: JdwpDebugServer: handling req: VirtualMachine(1).ClassesBySignature(2)
09:44:32.658 INFO: JdwpDebugServer: handling req: ReferenceType(2).MethodsWithGeneric(15)
09:44:32.658 INFO: JdwpDebugServer: handling req: Method(6).LineTable(1)
09:44:32.658 INFO: JdwpDebugServer: handling req: Method(6).LineTable(1)
09:44:32.658 INFO: JdwpDebugServer: handling req: Method(6).LineTable(1)
09:44:32.658 INFO: JdwpDebugServer: handling req: Method(6).LineTable(1)
09:44:32.658 INFO: JdwpDebugServer: handling req: Method(6).LineTable(1)
09:44:32.659 INFO: JdwpDebugServer: handling req: Method(6).LineTable(1)
09:44:32.659 INFO: JdwpDebugServer: handling req: Method(6).LineTable(1)
09:44:32.659 INFO: JdwpDebugServer: handling req: Method(6).LineTable(1)
09:44:32.659 INFO: JdwpDebugServer: handling req: Method(6).LineTable(1)
09:44:32.659 INFO: JdwpDebugServer: handling req: Method(6).LineTable(1)
09:44:32.659 INFO: JdwpDebugServer: handling req: Method(6).LineTable(1)
09:44:32.659 INFO: JdwpDebugServer: handling req: Method(6).LineTable(1)
09:44:32.659 INFO: JdwpDebugServer: handling req: Method(6).LineTable(1)
09:44:32.660 INFO: JdwpDebugServer: handling req: Method(6).LineTable(1)
09:44:32.660 INFO: JdwpDebugServer: handling req: Method(6).LineTable(1)
09:44:32.660 INFO: JdwpDebugServer: handling req: Method(6).LineTable(1)
09:44:32.660 INFO: JdwpDebugServer: handling req: Method(6).LineTable(1)
09:44:32.660 INFO: JdwpDebugServer: handling req: Method(6).LineTable(1)
09:44:32.660 INFO: JdwpDebugServer: handling req: Method(6).LineTable(1)
09:44:32.660 INFO: JdwpDebugServer: handling req: Method(6).LineTable(1)
09:44:32.660 INFO: JdwpDebugServer: handling req: Method(6).LineTable(1)
09:44:32.661 INFO: JdwpDebugServer: handling req: Method(6).LineTable(1)
09:44:32.661 INFO: JdwpDebugServer: handling req: Method(6).LineTable(1)
09:44:32.661 INFO: JdwpDebugServer: handling req: Method(6).LineTable(1)
09:44:32.661 INFO: JdwpDebugServer: handling req: VirtualMachine(1).ClassesBySignature(2)
09:44:32.661 INFO: JdwpDebugServer: handling req: VirtualMachine(1).AllClassesWithGeneric(20)
09:44:32.672 INFO: JdwpDebugServer: handling req: EventRequest(15).Set(1)
09:44:32.672 INFO: JdwpEventCenterDelegate: jdwpSetEventRequest: JdwpEventRequest{requestId=109, eventKind=CLASS_PREPARE, suspendPolicy=EVENT_THREAD, predicates=[className=com.badlogic.gdx.utils.ScreenUtils]}
09:44:32.673 INFO: JdwpDebugServer: handling req: EventRequest(15).Set(1)
09:44:32.673 INFO: JdwpEventCenterDelegate: jdwpSetEventRequest: JdwpEventRequest{requestId=110, eventKind=CLASS_PREPARE, suspendPolicy=EVENT_THREAD, predicates=[className=com.badlogic.gdx.utils.ScreenUtils$*]}
09:44:32.674 INFO: JdwpDebugServer: handling req: VirtualMachine(1).ClassesBySignature(2)
09:44:32.674 INFO: JdwpDebugServer: handling req: ReferenceType(2).MethodsWithGeneric(15)
09:44:32.674 INFO: JdwpDebugServer: handling req: Method(6).LineTable(1)
09:44:32.674 INFO: JdwpDebugServer: handling req: Method(6).LineTable(1)
09:44:32.674 INFO: JdwpDebugServer: handling req: Method(6).LineTable(1)
09:44:32.674 INFO: JdwpDebugServer: handling req: Method(6).LineTable(1)
09:44:32.674 INFO: JdwpDebugServer: handling req: Method(6).LineTable(1)
09:44:32.675 INFO: JdwpDebugServer: handling req: Method(6).LineTable(1)
09:44:32.675 INFO: JdwpDebugServer: handling req: Method(6).LineTable(1)
09:44:32.675 INFO: JdwpDebugServer: handling req: Method(6).LineTable(1)
09:44:32.675 INFO: JdwpDebugServer: handling req: Method(6).LineTable(1)
09:44:32.675 INFO: JdwpDebugServer: handling req: Method(6).LineTable(1)
09:44:32.675 INFO: JdwpDebugServer: handling req: EventRequest(15).Set(1)
09:44:32.675 INFO: JdwpEventCenterDelegate: jdwpSetEventRequest: JdwpEventRequest{requestId=111, eventKind=BREAKPOINT, suspendPolicy=EVENT_THREAD, predicates=[Location{classId=22240, methodId=1492, index=89} ]}
09:44:32.676 INFO: JdwpDebugServer: handling req: EventRequest(15).Set(1)
09:44:32.676 INFO: JdwpEventCenterDelegate: jdwpSetEventRequest: JdwpEventRequest{requestId=112, eventKind=CLASS_PREPARE, suspendPolicy=EVENT_THREAD, predicates=[className=com.badlogic.gdx.utils.ScreenUtils]}
09:44:32.676 INFO: JdwpDebugServer: handling req: EventRequest(15).Set(1)
09:44:32.677 INFO: JdwpEventCenterDelegate: jdwpSetEventRequest: JdwpEventRequest{requestId=113, eventKind=CLASS_PREPARE, suspendPolicy=EVENT_THREAD, predicates=[className=com.badlogic.gdx.utils.ScreenUtils$*]}
09:44:32.677 INFO: JdwpDebugServer: handling req: VirtualMachine(1).ClassesBySignature(2)
09:44:32.677 INFO: JdwpDebugServer: handling req: EventRequest(15).Set(1)
09:44:32.678 INFO: JdwpEventCenterDelegate: jdwpSetEventRequest: JdwpEventRequest{requestId=114, eventKind=BREAKPOINT, suspendPolicy=EVENT_THREAD, predicates=[Location{classId=22240, methodId=1487, index=72} ]}
09:44:32.678 INFO: JdwpDebugServer: handling req: EventRequest(15).Set(1)
09:44:32.678 INFO: JdwpEventCenterDelegate: jdwpSetEventRequest: JdwpEventRequest{requestId=115, eventKind=CLASS_PREPARE, suspendPolicy=EVENT_THREAD, predicates=[className=com.abdalla.bushnaq.pluvia.launcher.IOSLauncher]}
09:44:32.679 INFO: JdwpDebugServer: handling req: EventRequest(15).Set(1)
09:44:32.679 INFO: JdwpEventCenterDelegate: jdwpSetEventRequest: JdwpEventRequest{requestId=116, eventKind=CLASS_PREPARE, suspendPolicy=EVENT_THREAD, predicates=[className=com.abdalla.bushnaq.pluvia.launcher.IOSLauncher$*]}
09:44:32.680 INFO: JdwpDebugServer: handling req: VirtualMachine(1).ClassesBySignature(2)
09:44:32.680 INFO: JdwpDebugServer: handling req: ReferenceType(2).MethodsWithGeneric(15)
09:44:32.680 INFO: JdwpDebugServer: handling req: Method(6).LineTable(1)
09:44:32.681 INFO: JdwpDebugServer: handling req: Method(6).LineTable(1)
09:44:32.681 INFO: JdwpDebugServer: handling req: Method(6).LineTable(1)
09:44:32.681 INFO: JdwpDebugServer: handling req: Method(6).LineTable(1)
09:44:32.681 INFO: JdwpDebugServer: handling req: EventRequest(15).Set(1)
09:44:32.681 INFO: JdwpEventCenterDelegate: jdwpSetEventRequest: JdwpEventRequest{requestId=117, eventKind=BREAKPOINT, suspendPolicy=EVENT_THREAD, predicates=[Location{classId=12885, methodId=1527, index=74} ]}
09:44:32.682 INFO: JdwpDebugServer: handling req: EventRequest(15).Set(1)
09:44:32.682 INFO: JdwpEventCenterDelegate: jdwpSetEventRequest: JdwpEventRequest{requestId=118, eventKind=CLASS_PREPARE, suspendPolicy=EVENT_THREAD, predicates=[className=com.badlogic.gdx.graphics.g3d.shaders.BaseShader]}
09:44:32.682 INFO: JdwpDebugServer: handling req: EventRequest(15).Set(1)
09:44:32.682 INFO: JdwpEventCenterDelegate: jdwpSetEventRequest: JdwpEventRequest{requestId=119, eventKind=CLASS_PREPARE, suspendPolicy=EVENT_THREAD, predicates=[className=com.badlogic.gdx.graphics.g3d.shaders.BaseShader$*]}
09:44:32.684 INFO: JdwpDebugServer: handling req: VirtualMachine(1).ClassesBySignature(2)
09:44:32.684 INFO: JdwpDebugServer: handling req: ReferenceType(2).MethodsWithGeneric(15)
09:44:32.684 INFO: JdwpDebugServer: handling req: Method(6).LineTable(1)
09:44:32.684 INFO: JdwpDebugServer: handling req: Method(6).LineTable(1)
09:44:32.684 INFO: JdwpDebugServer: handling req: Method(6).LineTable(1)
09:44:32.685 INFO: JdwpDebugServer: handling req: Method(6).LineTable(1)
09:44:32.685 INFO: JdwpDebugServer: handling req: Method(6).LineTable(1)
09:44:32.685 INFO: JdwpDebugServer: handling req: Method(6).LineTable(1)
09:44:32.685 INFO: JdwpDebugServer: handling req: Method(6).LineTable(1)
09:44:32.685 INFO: JdwpDebugServer: handling req: Method(6).LineTable(1)
09:44:32.685 INFO: JdwpDebugServer: handling req: Method(6).LineTable(1)
09:44:32.685 INFO: JdwpDebugServer: handling req: Method(6).LineTable(1)
09:44:32.685 INFO: JdwpDebugServer: handling req: Method(6).LineTable(1)
09:44:32.685 INFO: JdwpDebugServer: handling req: Method(6).LineTable(1)
09:44:32.685 INFO: JdwpDebugServer: handling req: Method(6).LineTable(1)
09:44:32.685 INFO: JdwpDebugServer: handling req: Method(6).LineTable(1)
09:44:32.686 INFO: JdwpDebugServer: handling req: Method(6).LineTable(1)
09:44:32.686 INFO: JdwpDebugServer: handling req: Method(6).LineTable(1)
09:44:32.686 INFO: JdwpDebugServer: handling req: Method(6).LineTable(1)
09:44:32.686 INFO: JdwpDebugServer: handling req: Method(6).LineTable(1)
09:44:32.686 INFO: JdwpDebugServer: handling req: Method(6).LineTable(1)
09:44:32.686 INFO: JdwpDebugServer: handling req: Method(6).LineTable(1)
09:44:32.686 INFO: JdwpDebugServer: handling req: Method(6).LineTable(1)
09:44:32.687 INFO: JdwpDebugServer: handling req: Method(6).LineTable(1)
09:44:32.687 INFO: JdwpDebugServer: handling req: Method(6).LineTable(1)
09:44:32.687 INFO: JdwpDebugServer: handling req: Method(6).LineTable(1)
09:44:32.687 INFO: JdwpDebugServer: handling req: Method(6).LineTable(1)
09:44:32.687 INFO: JdwpDebugServer: handling req: Method(6).LineTable(1)
09:44:32.688 INFO: JdwpDebugServer: handling req: Method(6).LineTable(1)
09:44:32.688 INFO: JdwpDebugServer: handling req: Method(6).LineTable(1)
09:44:32.688 INFO: JdwpDebugServer: handling req: Method(6).LineTable(1)
09:44:32.688 INFO: JdwpDebugServer: handling req: Method(6).LineTable(1)
09:44:32.688 INFO: JdwpDebugServer: handling req: Method(6).LineTable(1)
09:44:32.689 INFO: JdwpDebugServer: handling req: Method(6).LineTable(1)
09:44:32.689 INFO: JdwpDebugServer: handling req: Method(6).LineTable(1)
09:44:32.689 INFO: JdwpDebugServer: handling req: EventRequest(15).Set(1)
09:44:32.689 INFO: JdwpEventCenterDelegate: jdwpSetEventRequest: JdwpEventRequest{requestId=120, eventKind=BREAKPOINT, suspendPolicy=EVENT_THREAD, predicates=[Location{classId=13310, methodId=1587, index=168} ]}
09:44:32.691 INFO: JdwpDebugServer: handling req: VirtualMachine(1).capabilitiesNew(17)
09:44:32.694 INFO: JdwpDebugServer: handling req: EventRequest(15).Set(1)
09:44:32.694 INFO: JdwpEventCenterDelegate: jdwpSetEventRequest: JdwpEventRequest{requestId=121, eventKind=CLASS_PREPARE, suspendPolicy=EVENT_THREAD, predicates=[className=java.lang.Error]}
09:44:32.696 INFO: JdwpDebugServer: handling req: EventRequest(15).Set(1)
09:44:32.696 INFO: JdwpEventCenterDelegate: jdwpSetEventRequest: JdwpEventRequest{requestId=122, eventKind=CLASS_PREPARE, suspendPolicy=EVENT_THREAD, predicates=[className=java.lang.Error$*]}
09:44:32.696 INFO: JdwpDebugServer: handling req: VirtualMachine(1).ClassesBySignature(2)
09:44:32.697 INFO: JdwpDebugServer: handling req: EventRequest(15).Set(1)
09:44:32.698 INFO: JdwpEventCenterDelegate: jdwpSetEventRequest: JdwpEventRequest{requestId=123, eventKind=EXCEPTION, suspendPolicy=EVENT_THREAD, predicates=[exceptionType=3425(caught=true, uncaught=true)]}
09:44:32.743 INFO: JdwpDebugServer: handling req: EventRequest(15).Set(1)
09:44:32.743 INFO: JdwpEventCenterDelegate: jdwpSetEventRequest: JdwpEventRequest{requestId=124, eventKind=CLASS_PREPARE, suspendPolicy=EVENT_THREAD, predicates=[className=java.lang.Throwable]}
09:44:32.744 INFO: JdwpDebugServer: handling req: EventRequest(15).Set(1)
09:44:32.744 INFO: JdwpEventCenterDelegate: jdwpSetEventRequest: JdwpEventRequest{requestId=125, eventKind=CLASS_PREPARE, suspendPolicy=EVENT_THREAD, predicates=[className=java.lang.Throwable$*]}
09:44:32.746 INFO: JdwpDebugServer: handling req: VirtualMachine(1).ClassesBySignature(2)
09:44:32.746 INFO: JdwpDebugServer: handling req: EventRequest(15).Set(1)
09:44:32.746 INFO: JdwpEventCenterDelegate: jdwpSetEventRequest: JdwpEventRequest{requestId=126, eventKind=EXCEPTION, suspendPolicy=EVENT_THREAD, predicates=[exceptionType=7695(caught=false, uncaught=true)]}
09:44:32.748 INFO: JdwpDebugServer: handling req: ThreadReference(11).SuspendCount(12)
09:44:32.749 INFO: JdwpDebugServer: handling req: ThreadReference(11).SuspendCount(12)
09:44:32.749 INFO: JdwpDebugServer: handling req: ThreadReference(11).SuspendCount(12)
09:44:32.749 INFO: JdwpDebugServer: handling req: ThreadReference(11).SuspendCount(12)
09:44:32.749 INFO: JdwpDebugServer: handling req: VirtualMachine(1).AllThreads(4)
09:44:32.749 INFO: JdwpDebugServer: handling req: VirtualMachine(1).Resume(9)
09:44:32.794 INFO: JdwpDebugServer: handling req: EventRequest(15).Set(1)
09:44:32.794 INFO: JdwpEventCenterDelegate: jdwpSetEventRequest: JdwpEventRequest{requestId=127, eventKind=BREAKPOINT, suspendPolicy=EVENT_THREAD, predicates=[Location{classId=12885, methodId=1527, index=74} ]}
09:44:32.796 INFO: JdwpDebugServer: handling req: ThreadReference(11).Resume(3)
09:44:32.796 INFO: JdwpEventCenterDelegate: THREAD_RESUMED: thread (33, main, main)
09:44:32.819 INFO: JdwpEventCenterDelegate: THREAD_RESUMED: thread (33, main, main)
09:44:32.819 INFO: JdwpEventCenterDelegate: THREAD_RESUMED: thread (33, main, main)
09:44:32.820 INFO: JdwpEventCenterDelegate: THREAD_RESUMED: thread (33, main, main)
09:44:32.820 INFO: JdwpEventCenterDelegate: THREAD_RESUMED: thread (33, main, main)
09:44:32.821 INFO: JdwpEventCenterDelegate: THREAD_RESUMED: thread (33, main, main)
09:44:32.821 INFO: JdwpEventCenterDelegate: THREAD_RESUMED: thread (33, main, main)
09:44:32.822 INFO: JdwpEventCenterDelegate: THREAD_RESUMED: thread (33, main, main)
09:44:32.824 INFO: JdwpEventCenterDelegate: THREAD_RESUMED: thread (33, main, main)
09:44:32.824 INFO: JdwpEventCenterDelegate: THREAD_RESUMED: thread (33, main, main)
09:44:32.825 INFO: JdwpEventCenterDelegate: THREAD_RESUMED: thread (33, main, main)
09:44:32.825 INFO: JdwpEventCenterDelegate: THREAD_RESUMED: thread (33, main, main)
09:44:32.831 INFO: JdwpEventCenterDelegate: THREAD_RESUMED: thread (33, main, main)
09:44:32.831 INFO: JdwpEventCenterDelegate: THREAD_RESUMED: thread (33, main, main)
09:44:32.832 INFO: JdwpEventCenterDelegate: THREAD_RESUMED: thread (33, main, main)
09:44:32.898 INFO: JdwpEventCenterDelegate: THREAD_RESUMED: thread (33, main, main)
09:44:32.898 INFO: JdwpEventCenterDelegate: THREAD_RESUMED: thread (33, main, main)
09:44:32.899 INFO: JdwpEventCenterDelegate: THREAD_RESUMED: thread (33, main, main)
09:44:32.906 INFO: JdwpEventCenterDelegate: THREAD_RESUMED: thread (33, main, main)
09:44:32.907 INFO: JdwpEventCenterDelegate: THREAD_RESUMED: thread (33, main, main)
09:44:32.908 INFO: JdwpEventCenterDelegate: THREAD_RESUMED: thread (33, main, main)
09:44:33.169 INFO: JdwpEventCenterDelegate: THREAD_RESUMED: thread (33, main, main)
09:44:33.170 INFO: JdwpEventCenterDelegate: THREAD_RESUMED: thread (33, main, main)
09:44:33.171 INFO: JdwpEventCenterDelegate: THREAD_RESUMED: thread (33, main, main)
09:44:33.234 INFO: JdwpEventCenterDelegate: THREAD_RESUMED: thread (33, main, main)
09:44:33.235 INFO: JdwpEventCenterDelegate: THREAD_RESUMED: thread (33, main, main)
09:44:33.235 INFO: JdwpEventCenterDelegate: THREAD_RESUMED: thread (33, main, main)
09:44:33.260 INFO: JdwpDebugServer: handling req: ThreadReference(11).Name(1)
09:44:33.262 INFO: JdwpDebugServer: handling req: ThreadReference(11).Name(1)
09:44:33.262 INFO: JdwpDebugServer: handling req: ThreadReference(11).Name(1)
09:44:33.262 INFO: JdwpDebugServer: handling req: ThreadReference(11).Name(1)
09:44:33.263 INFO: JdwpEventCenterDelegate: THREAD_RESUMED: thread (33, main, main)
09:44:33.263 INFO: JdwpEventCenterDelegate: THREAD_RESUMED: thread (33, main, main)
09:44:33.264 INFO: JdwpEventCenterDelegate: THREAD_RESUMED: thread (33, main, main)
09:44:33.286 INFO: JdwpEventCenterDelegate: THREAD_RESUMED: thread (33, main, main)
09:44:33.287 INFO: JdwpEventCenterDelegate: THREAD_RESUMED: thread (33, main, main)
09:44:33.287 INFO: JdwpEventCenterDelegate: THREAD_RESUMED: thread (33, main, main)
09:44:33.288 INFO: JdwpEventCenterDelegate: THREAD_RESUMED: thread (33, main, main)
09:44:33.294 INFO: JdwpEventCenterDelegate: THREAD_RESUMED: thread (33, main, main)
09:44:33.294 INFO: JdwpEventCenterDelegate: THREAD_RESUMED: thread (33, main, main)
09:44:33.816 INFO: JdwpEventCenterDelegate: THREAD_RESUMED: thread (33, main, main)
09:44:33.816 INFO: JdwpEventCenterDelegate: THREAD_RESUMED: thread (33, main, main)
09:44:33.834 INFO: JdwpEventCenterDelegate: THREAD_RESUMED: thread (33, main, main)
09:44:33.834 INFO: JdwpEventCenterDelegate: THREAD_RESUMED: thread (33, main, main)
09:44:33.835 INFO: JdwpEventCenterDelegate: THREAD_RESUMED: thread (33, main, main)
09:44:33.836 INFO: JdwpEventCenterDelegate: THREAD_RESUMED: thread (33, main, main)
09:44:33.900 INFO: JdwpEventCenterDelegate: THREAD_RESUMED: thread (33, main, main)
09:44:34.271 INFO: JdwpEventCenterDelegate: THREAD_RESUMED: thread (33, main, main)
09:44:34.272 INFO: JdwpEventCenterDelegate: THREAD_RESUMED: thread (33, main, main)
09:44:34.273 INFO: JdwpEventCenterDelegate: THREAD_RESUMED: thread (33, main, main)
09:44:34.274 INFO: JdwpEventCenterDelegate: THREAD_RESUMED: thread (33, main, main)
09:44:34.274 INFO: JdwpEventCenterDelegate: THREAD_RESUMED: thread (33, main, main)
09:44:34.275 INFO: JdwpEventCenterDelegate: THREAD_RESUMED: thread (33, main, main)
09:44:34.301 INFO: JdwpEventCenterDelegate: THREAD_RESUMED: thread (33, main, main)
09:44:34.327 SEVERE: Debugger: Thread HooksChannel socket thread crashed
org.robovm.debugger.DebuggerException: java.nio.BufferUnderflowException
	at org.robovm.debugger.hooks.HooksChannel.doSocketWork(HooksChannel.java:149)
	at java.base/java.lang.Thread.run(Thread.java:833)
	at org.robovm.debugger.utils.DebuggerThread.run(DebuggerThread.java:42)
Caused by: java.nio.BufferUnderflowException
	at org.robovm.debugger.utils.bytebuffer.DataBufferWriter.writeFromStream(DataBufferWriter.java:91)
	at org.robovm.debugger.hooks.HooksChannel.doSocketWork(HooksChannel.java:116)
	... 2 more
09:44:34.841 SEVERE: Debugger: Thread JDWP server socket thread crashed
org.robovm.debugger.DebuggerException: java.net.SocketException: Socket closed
	at org.robovm.debugger.jdwp.JdwpDebugServer.doSocketWork(JdwpDebugServer.java:215)
	at java.base/java.lang.Thread.run(Thread.java:833)
	at org.robovm.debugger.utils.DebuggerThread.run(DebuggerThread.java:42)
Caused by: java.net.SocketException: Socket closed
	at java.base/sun.nio.ch.NioSocketImpl.endRead(NioSocketImpl.java:248)
	at java.base/sun.nio.ch.NioSocketImpl.implRead(NioSocketImpl.java:327)
	at java.base/sun.nio.ch.NioSocketImpl.read(NioSocketImpl.java:350)
	at java.base/sun.nio.ch.NioSocketImpl$1.read(NioSocketImpl.java:803)
	at java.base/java.net.Socket$SocketInputStream.read(Socket.java:966)
	at org.robovm.debugger.utils.bytebuffer.DataBufferWriter.writeFromStream(DataBufferWriter.java:89)
	at org.robovm.debugger.jdwp.protocol.JdwpRequestHeader.readFromStream(JdwpRequestHeader.java:36)
	at org.robovm.debugger.jdwp.JdwpDebugServer.doSocketWork(JdwpDebugServer.java:185)
	... 2 more
