08:22:56.859 INFO: JdwpEventCenterDelegate: THREAD_STARTED: thread (33, main, main)
08:22:56.928 INFO: JdwpEventCenterDelegate: THREAD_STARTED: thread (48, ReferenceQueueDaemon, main)
08:22:56.930 INFO: JdwpEventCenterDelegate: THREAD_STARTED: thread (63, FinalizerDaemon, main)
08:22:56.931 INFO: JdwpEventCenterDelegate: THREAD_STARTED: thread (78, FinalizerWatchdogDaemon, main)
08:22:58.766 INFO: JdwpDebugServer: handling req: VirtualMachine(1).IDSizes(7)
08:22:58.768 INFO: JdwpDebugServer: handling req: EventRequest(15).Set(1)
08:22:58.768 INFO: JdwpEventCenterDelegate: jdwpSetEventRequest: JdwpEventRequest{requestId=100, eventKind=CLASS_UNLOAD, suspendPolicy=NONE, predicates=[]}
08:22:58.768 INFO: JdwpDebugServer: handling req: EventRequest(15).Set(1)
08:22:58.768 INFO: JdwpEventCenterDelegate: jdwpSetEventRequest: JdwpEventRequest{requestId=101, eventKind=THREAD_START, suspendPolicy=NONE, predicates=[]}
08:22:58.769 INFO: JdwpDebugServer: handling req: VirtualMachine(1).ClassesBySignature(2)
08:22:58.772 INFO: JdwpDebugServer: handling req: VirtualMachine(1).Version(1)
08:22:58.773 INFO: JdwpDebugServer: handling req: ReferenceType(2).MethodsWithGeneric(15)
08:22:58.776 INFO: JdwpDebugServer: handling req: Method(6).LineTable(1)
08:22:58.776 INFO: JdwpDebugServer: handling req: EventRequest(15).Set(1)
08:22:58.776 INFO: JdwpEventCenterDelegate: jdwpSetEventRequest: JdwpEventRequest{requestId=102, eventKind=BREAKPOINT, suspendPolicy=NONE, predicates=[Location{classId=845, methodId=257, index=928} ]}
08:22:58.777 INFO: JdwpDebugServer: handling req: EventRequest(15).Set(1)
08:22:58.777 INFO: JdwpEventCenterDelegate: jdwpSetEventRequest: JdwpEventRequest{requestId=103, eventKind=THREAD_DEATH, suspendPolicy=NONE, predicates=[]}
08:22:58.778 INFO: JdwpDebugServer: handling req: VirtualMachine(1).AllThreads(4)
08:22:58.780 INFO: JdwpDebugServer: handling req: ThreadReference(11).ThreadGroup(5)
08:22:58.780 INFO: JdwpDebugServer: handling req: ThreadGroup(12).Name(1)
08:22:58.780 INFO: JdwpDebugServer: handling req: ThreadGroup(12).Parent(2)
08:22:58.780 INFO: JdwpDebugServer: handling req: ObjectReference(9).ReferenceType(1)
08:22:58.781 INFO: JdwpDebugServer: handling req: ReferenceType(2).FieldsWithGeneric(14)
08:22:58.781 INFO: JdwpDebugServer: handling req: ReferenceType(2).Interfaces(10)
08:22:58.782 INFO: JdwpDebugServer: handling req: ReferenceType(2).FieldsWithGeneric(14)
08:22:58.782 INFO: JdwpDebugServer: handling req: ReferenceType(2).Interfaces(10)
08:22:58.782 INFO: JdwpDebugServer: handling req: ClassType(3).Superclass(1)
08:22:58.782 INFO: JdwpDebugServer: handling req: ReferenceType(2).FieldsWithGeneric(14)
08:22:58.784 INFO: JdwpDebugServer: handling req: ReferenceType(2).Interfaces(10)
08:22:58.784 INFO: JdwpDebugServer: handling req: ClassType(3).Superclass(1)
08:22:58.784 INFO: JdwpDebugServer: handling req: ObjectReference(9).GetValues(2)
08:22:58.785 INFO: JdwpDebugServer: handling req: ThreadReference(11).Status(4)
08:22:58.786 INFO: JdwpDebugServer: handling req: ThreadReference(11).Status(4)
08:22:58.786 INFO: JdwpDebugServer: handling req: ThreadReference(11).ThreadGroup(5)
08:22:58.786 INFO: JdwpDebugServer: handling req: ObjectReference(9).ReferenceType(1)
08:22:58.786 INFO: JdwpDebugServer: handling req: ObjectReference(9).GetValues(2)
08:22:58.787 INFO: JdwpDebugServer: handling req: ThreadReference(11).Status(4)
08:22:58.787 INFO: JdwpDebugServer: handling req: ThreadReference(11).Status(4)
08:22:58.787 INFO: JdwpDebugServer: handling req: ThreadReference(11).ThreadGroup(5)
08:22:58.788 INFO: JdwpDebugServer: handling req: ObjectReference(9).ReferenceType(1)
08:22:58.788 INFO: JdwpDebugServer: handling req: ObjectReference(9).GetValues(2)
08:22:58.788 INFO: JdwpDebugServer: handling req: ThreadReference(11).Status(4)
08:22:58.788 INFO: JdwpDebugServer: handling req: ThreadReference(11).Status(4)
08:22:58.789 INFO: JdwpDebugServer: handling req: ThreadReference(11).ThreadGroup(5)
08:22:58.789 INFO: JdwpDebugServer: handling req: ObjectReference(9).ReferenceType(1)
08:22:58.789 INFO: JdwpDebugServer: handling req: ObjectReference(9).GetValues(2)
08:22:58.790 INFO: JdwpDebugServer: handling req: ThreadReference(11).Status(4)
08:22:58.790 INFO: JdwpDebugServer: handling req: ThreadReference(11).Status(4)
08:22:58.791 INFO: JdwpDebugServer: handling req: EventRequest(15).Set(1)
08:22:58.792 INFO: JdwpEventCenterDelegate: jdwpSetEventRequest: JdwpEventRequest{requestId=104, eventKind=CLASS_PREPARE, suspendPolicy=EVENT_THREAD, predicates=[className=com.abdalla.bushnaq.pluvia.engine.AudioManager]}
08:22:58.795 INFO: JdwpDebugServer: handling req: EventRequest(15).Set(1)
08:22:58.796 INFO: JdwpEventCenterDelegate: jdwpSetEventRequest: JdwpEventRequest{requestId=105, eventKind=CLASS_PREPARE, suspendPolicy=EVENT_THREAD, predicates=[className=com.abdalla.bushnaq.pluvia.engine.AudioManager$*]}
08:22:58.799 INFO: JdwpDebugServer: handling req: VirtualMachine(1).ClassesBySignature(2)
08:22:58.799 INFO: JdwpDebugServer: handling req: ReferenceType(2).MethodsWithGeneric(15)
08:22:58.802 INFO: JdwpDebugServer: handling req: Method(6).LineTable(1)
08:22:58.804 INFO: JdwpDebugServer: handling req: Method(6).LineTable(1)
08:22:58.804 INFO: JdwpDebugServer: handling req: Method(6).LineTable(1)
08:22:58.804 INFO: JdwpDebugServer: handling req: Method(6).LineTable(1)
08:22:58.805 INFO: JdwpDebugServer: handling req: VirtualMachine(1).ClassesBySignature(2)
08:22:58.805 INFO: JdwpDebugServer: handling req: VirtualMachine(1).AllClassesWithGeneric(20)
08:22:58.822 INFO: JdwpDebugServer: handling req: VirtualMachine(1).capabilitiesNew(17)
08:22:58.823 INFO: JdwpDebugServer: handling req: EventRequest(15).Set(1)
08:22:58.823 INFO: JdwpEventCenterDelegate: jdwpSetEventRequest: JdwpEventRequest{requestId=106, eventKind=CLASS_PREPARE, suspendPolicy=EVENT_THREAD, predicates=[className=java.lang.Error]}
08:22:58.824 INFO: JdwpDebugServer: handling req: EventRequest(15).Set(1)
08:22:58.825 INFO: JdwpEventCenterDelegate: jdwpSetEventRequest: JdwpEventRequest{requestId=107, eventKind=CLASS_PREPARE, suspendPolicy=EVENT_THREAD, predicates=[className=java.lang.Error$*]}
08:22:58.826 INFO: JdwpDebugServer: handling req: VirtualMachine(1).ClassesBySignature(2)
08:22:58.826 INFO: JdwpDebugServer: handling req: EventRequest(15).Set(1)
08:22:58.826 INFO: JdwpEventCenterDelegate: jdwpSetEventRequest: JdwpEventRequest{requestId=108, eventKind=EXCEPTION, suspendPolicy=EVENT_THREAD, predicates=[exceptionType=3425(caught=true, uncaught=true)]}
08:22:58.830 INFO: JdwpDebugServer: handling req: EventRequest(15).Set(1)
08:22:58.830 INFO: JdwpEventCenterDelegate: jdwpSetEventRequest: JdwpEventRequest{requestId=109, eventKind=CLASS_PREPARE, suspendPolicy=EVENT_THREAD, predicates=[className=java.lang.Throwable]}
08:22:58.831 INFO: JdwpDebugServer: handling req: EventRequest(15).Set(1)
08:22:58.831 INFO: JdwpEventCenterDelegate: jdwpSetEventRequest: JdwpEventRequest{requestId=110, eventKind=CLASS_PREPARE, suspendPolicy=EVENT_THREAD, predicates=[className=java.lang.Throwable$*]}
08:22:58.832 INFO: JdwpDebugServer: handling req: VirtualMachine(1).ClassesBySignature(2)
08:22:58.833 INFO: JdwpDebugServer: handling req: EventRequest(15).Set(1)
08:22:58.833 INFO: JdwpEventCenterDelegate: jdwpSetEventRequest: JdwpEventRequest{requestId=111, eventKind=EXCEPTION, suspendPolicy=EVENT_THREAD, predicates=[exceptionType=7695(caught=false, uncaught=true)]}
08:22:58.834 INFO: JdwpDebugServer: handling req: ThreadReference(11).SuspendCount(12)
08:22:58.834 INFO: JdwpDebugServer: handling req: ThreadReference(11).SuspendCount(12)
08:22:58.835 INFO: JdwpDebugServer: handling req: ThreadReference(11).SuspendCount(12)
08:22:58.835 INFO: JdwpDebugServer: handling req: ThreadReference(11).SuspendCount(12)
08:22:58.836 INFO: JdwpDebugServer: handling req: VirtualMachine(1).AllThreads(4)
08:22:58.836 INFO: JdwpDebugServer: handling req: VirtualMachine(1).Resume(9)
08:22:58.902 INFO: JdwpEventCenterDelegate: THREAD_RESUMED: thread (33, main, main)
08:22:58.902 INFO: JdwpEventCenterDelegate: THREAD_RESUMED: thread (33, main, main)
08:22:58.903 INFO: JdwpEventCenterDelegate: THREAD_RESUMED: thread (33, main, main)
08:22:58.903 INFO: JdwpEventCenterDelegate: THREAD_RESUMED: thread (33, main, main)
08:22:58.904 INFO: JdwpEventCenterDelegate: THREAD_RESUMED: thread (33, main, main)
08:22:58.904 INFO: JdwpEventCenterDelegate: THREAD_RESUMED: thread (33, main, main)
08:22:58.905 INFO: JdwpEventCenterDelegate: THREAD_RESUMED: thread (33, main, main)
08:22:58.906 INFO: JdwpEventCenterDelegate: THREAD_RESUMED: thread (33, main, main)
08:22:58.907 INFO: JdwpEventCenterDelegate: THREAD_RESUMED: thread (33, main, main)
08:22:58.907 INFO: JdwpEventCenterDelegate: THREAD_RESUMED: thread (33, main, main)
08:22:58.908 INFO: JdwpEventCenterDelegate: THREAD_RESUMED: thread (33, main, main)
08:22:58.913 INFO: JdwpEventCenterDelegate: THREAD_RESUMED: thread (33, main, main)
08:22:58.913 INFO: JdwpEventCenterDelegate: THREAD_RESUMED: thread (33, main, main)
08:22:58.914 INFO: JdwpEventCenterDelegate: THREAD_RESUMED: thread (33, main, main)
08:22:58.964 INFO: JdwpEventCenterDelegate: THREAD_RESUMED: thread (33, main, main)
08:22:58.964 INFO: JdwpEventCenterDelegate: THREAD_RESUMED: thread (33, main, main)
08:22:58.965 INFO: JdwpEventCenterDelegate: THREAD_RESUMED: thread (33, main, main)
08:22:58.972 INFO: JdwpEventCenterDelegate: THREAD_RESUMED: thread (33, main, main)
08:22:58.973 INFO: JdwpEventCenterDelegate: THREAD_RESUMED: thread (33, main, main)
08:22:58.973 INFO: JdwpEventCenterDelegate: THREAD_RESUMED: thread (33, main, main)
08:22:59.212 INFO: JdwpEventCenterDelegate: THREAD_RESUMED: thread (33, main, main)
08:22:59.212 INFO: JdwpEventCenterDelegate: THREAD_RESUMED: thread (33, main, main)
08:22:59.213 INFO: JdwpEventCenterDelegate: THREAD_RESUMED: thread (33, main, main)
08:22:59.268 INFO: JdwpEventCenterDelegate: THREAD_RESUMED: thread (33, main, main)
08:22:59.269 INFO: JdwpEventCenterDelegate: THREAD_RESUMED: thread (33, main, main)
08:22:59.270 INFO: JdwpEventCenterDelegate: THREAD_RESUMED: thread (33, main, main)
08:22:59.294 INFO: JdwpEventCenterDelegate: THREAD_RESUMED: thread (33, main, main)
08:22:59.294 INFO: JdwpEventCenterDelegate: THREAD_RESUMED: thread (33, main, main)
08:22:59.295 INFO: JdwpEventCenterDelegate: THREAD_RESUMED: thread (33, main, main)
08:22:59.315 INFO: JdwpEventCenterDelegate: THREAD_RESUMED: thread (33, main, main)
08:22:59.316 INFO: JdwpEventCenterDelegate: THREAD_RESUMED: thread (33, main, main)
08:22:59.316 INFO: JdwpEventCenterDelegate: THREAD_RESUMED: thread (33, main, main)
08:22:59.317 INFO: JdwpEventCenterDelegate: THREAD_RESUMED: thread (33, main, main)
08:22:59.324 INFO: JdwpEventCenterDelegate: THREAD_RESUMED: thread (33, main, main)
08:22:59.325 INFO: JdwpEventCenterDelegate: THREAD_RESUMED: thread (33, main, main)
08:22:59.831 INFO: JdwpEventCenterDelegate: THREAD_RESUMED: thread (33, main, main)
08:22:59.832 INFO: JdwpEventCenterDelegate: THREAD_RESUMED: thread (33, main, main)
08:22:59.851 INFO: JdwpEventCenterDelegate: THREAD_RESUMED: thread (33, main, main)
08:22:59.851 INFO: JdwpEventCenterDelegate: THREAD_RESUMED: thread (33, main, main)
08:22:59.852 INFO: JdwpEventCenterDelegate: THREAD_RESUMED: thread (33, main, main)
08:22:59.853 INFO: JdwpEventCenterDelegate: THREAD_RESUMED: thread (33, main, main)
08:22:59.919 INFO: JdwpEventCenterDelegate: THREAD_RESUMED: thread (33, main, main)
08:23:00.276 INFO: JdwpEventCenterDelegate: THREAD_RESUMED: thread (33, main, main)
08:23:00.276 INFO: JdwpEventCenterDelegate: THREAD_RESUMED: thread (33, main, main)
08:23:00.277 INFO: JdwpEventCenterDelegate: THREAD_RESUMED: thread (33, main, main)
08:23:00.278 INFO: JdwpEventCenterDelegate: THREAD_RESUMED: thread (33, main, main)
08:23:00.279 INFO: JdwpEventCenterDelegate: THREAD_RESUMED: thread (33, main, main)
08:23:00.280 INFO: JdwpEventCenterDelegate: THREAD_RESUMED: thread (33, main, main)
08:23:00.329 INFO: JdwpEventCenterDelegate: THREAD_RESUMED: thread (33, main, main)
08:23:00.332 INFO: JdwpEventCenterDelegate: THREAD_RESUMED: thread (33, main, main)
08:23:00.333 INFO: JdwpEventCenterDelegate: THREAD_RESUMED: thread (33, main, main)
08:23:00.334 INFO: JdwpEventCenterDelegate: THREAD_RESUMED: thread (33, main, main)
08:23:00.335 INFO: JdwpEventCenterDelegate: THREAD_RESUMED: thread (33, main, main)
08:23:00.337 INFO: JdwpEventCenterDelegate: THREAD_RESUMED: thread (33, main, main)
08:23:00.339 INFO: JdwpEventCenterDelegate: THREAD_RESUMED: thread (33, main, main)
08:23:00.357 INFO: JdwpEventCenterDelegate: THREAD_RESUMED: thread (33, main, main)
08:23:00.373 INFO: JdwpEventCenterDelegate: THREAD_RESUMED: thread (33, main, main)
08:23:00.386 INFO: JdwpEventCenterDelegate: THREAD_RESUMED: thread (33, main, main)
08:23:00.396 INFO: JdwpEventCenterDelegate: THREAD_RESUMED: thread (33, main, main)
08:23:00.411 INFO: JdwpEventCenterDelegate: THREAD_RESUMED: thread (33, main, main)
08:23:00.430 INFO: JdwpEventCenterDelegate: THREAD_RESUMED: thread (33, main, main)
08:23:00.436 INFO: JdwpEventCenterDelegate: THREAD_RESUMED: thread (33, main, main)
08:23:00.441 INFO: JdwpEventCenterDelegate: THREAD_RESUMED: thread (33, main, main)
08:23:00.446 INFO: JdwpEventCenterDelegate: THREAD_RESUMED: thread (33, main, main)
08:23:00.450 INFO: JdwpEventCenterDelegate: THREAD_RESUMED: thread (33, main, main)
08:23:00.455 INFO: JdwpEventCenterDelegate: THREAD_RESUMED: thread (33, main, main)
08:23:00.462 INFO: JdwpEventCenterDelegate: THREAD_RESUMED: thread (33, main, main)
08:23:00.468 INFO: JdwpEventCenterDelegate: THREAD_RESUMED: thread (33, main, main)
08:23:00.472 INFO: JdwpEventCenterDelegate: THREAD_RESUMED: thread (33, main, main)
08:23:00.477 INFO: JdwpEventCenterDelegate: THREAD_RESUMED: thread (33, main, main)
08:23:00.482 INFO: JdwpEventCenterDelegate: THREAD_RESUMED: thread (33, main, main)
08:23:00.490 INFO: JdwpEventCenterDelegate: THREAD_RESUMED: thread (33, main, main)
08:23:00.495 INFO: JdwpEventCenterDelegate: THREAD_RESUMED: thread (33, main, main)
08:23:00.497 INFO: JdwpEventCenterDelegate: THREAD_RESUMED: thread (33, main, main)
08:23:00.499 INFO: JdwpEventCenterDelegate: THREAD_RESUMED: thread (33, main, main)
08:23:00.501 INFO: JdwpEventCenterDelegate: THREAD_RESUMED: thread (33, main, main)
08:23:00.503 INFO: JdwpEventCenterDelegate: THREAD_RESUMED: thread (33, main, main)
08:23:00.505 INFO: JdwpEventCenterDelegate: THREAD_RESUMED: thread (33, main, main)
08:23:00.507 INFO: JdwpEventCenterDelegate: THREAD_RESUMED: thread (33, main, main)
08:23:00.508 INFO: JdwpEventCenterDelegate: THREAD_RESUMED: thread (33, main, main)
08:23:00.509 INFO: JdwpEventCenterDelegate: THREAD_RESUMED: thread (33, main, main)
08:23:00.511 INFO: JdwpEventCenterDelegate: THREAD_RESUMED: thread (33, main, main)
08:23:00.512 INFO: JdwpEventCenterDelegate: THREAD_RESUMED: thread (33, main, main)
08:23:00.513 INFO: JdwpEventCenterDelegate: THREAD_RESUMED: thread (33, main, main)
08:23:00.514 INFO: JdwpEventCenterDelegate: THREAD_RESUMED: thread (33, main, main)
08:23:00.515 INFO: JdwpEventCenterDelegate: THREAD_RESUMED: thread (33, main, main)
08:23:00.517 INFO: JdwpEventCenterDelegate: THREAD_RESUMED: thread (33, main, main)
08:23:00.518 INFO: JdwpEventCenterDelegate: THREAD_RESUMED: thread (33, main, main)
08:23:00.519 INFO: JdwpEventCenterDelegate: THREAD_RESUMED: thread (33, main, main)
08:23:00.520 INFO: JdwpEventCenterDelegate: THREAD_RESUMED: thread (33, main, main)
08:23:00.521 INFO: JdwpEventCenterDelegate: THREAD_RESUMED: thread (33, main, main)
08:23:00.522 INFO: JdwpEventCenterDelegate: THREAD_RESUMED: thread (33, main, main)
08:23:00.523 INFO: JdwpEventCenterDelegate: THREAD_RESUMED: thread (33, main, main)
08:23:00.524 INFO: JdwpEventCenterDelegate: THREAD_RESUMED: thread (33, main, main)
08:23:00.525 INFO: JdwpEventCenterDelegate: THREAD_RESUMED: thread (33, main, main)
08:23:00.526 INFO: JdwpEventCenterDelegate: THREAD_RESUMED: thread (33, main, main)
08:23:00.528 INFO: JdwpEventCenterDelegate: THREAD_RESUMED: thread (33, main, main)
08:23:00.529 INFO: JdwpEventCenterDelegate: THREAD_RESUMED: thread (33, main, main)
08:23:00.530 INFO: JdwpEventCenterDelegate: THREAD_RESUMED: thread (33, main, main)
08:23:00.531 INFO: JdwpEventCenterDelegate: THREAD_RESUMED: thread (33, main, main)
08:23:00.532 INFO: JdwpEventCenterDelegate: THREAD_RESUMED: thread (33, main, main)
08:23:00.533 INFO: JdwpEventCenterDelegate: THREAD_RESUMED: thread (33, main, main)
08:23:00.534 INFO: JdwpEventCenterDelegate: THREAD_RESUMED: thread (33, main, main)
08:23:00.535 INFO: JdwpEventCenterDelegate: THREAD_RESUMED: thread (33, main, main)
08:23:00.536 INFO: JdwpEventCenterDelegate: THREAD_RESUMED: thread (33, main, main)
08:23:00.538 INFO: JdwpEventCenterDelegate: THREAD_RESUMED: thread (33, main, main)
08:23:00.539 INFO: JdwpEventCenterDelegate: THREAD_RESUMED: thread (33, main, main)
08:23:00.540 INFO: JdwpEventCenterDelegate: THREAD_RESUMED: thread (33, main, main)
08:23:00.541 INFO: JdwpEventCenterDelegate: THREAD_RESUMED: thread (33, main, main)
08:23:00.542 INFO: JdwpEventCenterDelegate: THREAD_RESUMED: thread (33, main, main)
08:23:00.543 INFO: JdwpEventCenterDelegate: THREAD_RESUMED: thread (33, main, main)
08:23:00.544 INFO: JdwpEventCenterDelegate: THREAD_RESUMED: thread (33, main, main)
08:23:00.545 INFO: JdwpEventCenterDelegate: THREAD_RESUMED: thread (33, main, main)
08:23:00.546 INFO: JdwpEventCenterDelegate: THREAD_RESUMED: thread (33, main, main)
08:23:00.547 INFO: JdwpEventCenterDelegate: THREAD_RESUMED: thread (33, main, main)
08:23:00.549 INFO: JdwpEventCenterDelegate: THREAD_RESUMED: thread (33, main, main)
08:23:00.550 INFO: JdwpEventCenterDelegate: THREAD_RESUMED: thread (33, main, main)
08:23:00.551 INFO: JdwpEventCenterDelegate: THREAD_RESUMED: thread (33, main, main)
08:23:00.552 INFO: JdwpEventCenterDelegate: THREAD_RESUMED: thread (33, main, main)
08:23:00.553 INFO: JdwpEventCenterDelegate: THREAD_RESUMED: thread (33, main, main)
08:23:00.554 INFO: JdwpEventCenterDelegate: THREAD_RESUMED: thread (33, main, main)
08:23:00.555 INFO: JdwpEventCenterDelegate: THREAD_RESUMED: thread (33, main, main)
08:23:00.556 INFO: JdwpEventCenterDelegate: THREAD_RESUMED: thread (33, main, main)
08:23:00.557 INFO: JdwpEventCenterDelegate: THREAD_RESUMED: thread (33, main, main)
08:23:00.558 INFO: JdwpEventCenterDelegate: THREAD_RESUMED: thread (33, main, main)
08:23:00.559 INFO: JdwpEventCenterDelegate: THREAD_RESUMED: thread (33, main, main)
08:23:00.812 INFO: JdwpDebugServer: handling req: ThreadReference(11).Resume(3)
08:23:00.813 INFO: JdwpEventCenterDelegate: THREAD_RESUMED: thread (33, main, main)
08:23:00.900 INFO: JdwpEventCenterDelegate: THREAD_RESUMED: thread (33, main, main)
08:23:00.917 INFO: JdwpEventCenterDelegate: THREAD_RESUMED: thread (33, main, main)
08:23:00.918 INFO: JdwpEventCenterDelegate: THREAD_RESUMED: thread (33, main, main)
08:23:00.918 INFO: JdwpEventCenterDelegate: THREAD_RESUMED: thread (33, main, main)
08:23:01.144 INFO: JdwpEventCenterDelegate: THREAD_RESUMED: thread (33, main, main)
08:23:01.146 INFO: JdwpEventCenterDelegate: THREAD_RESUMED: thread (33, main, main)
08:23:01.181 INFO: JdwpEventCenterDelegate: THREAD_RESUMED: thread (33, main, main)
08:23:01.181 INFO: JdwpEventCenterDelegate: THREAD_RESUMED: thread (33, main, main)
08:23:01.207 INFO: JdwpEventCenterDelegate: THREAD_RESUMED: thread (33, main, main)
08:23:01.208 INFO: JdwpEventCenterDelegate: THREAD_RESUMED: thread (33, main, main)
08:23:01.209 INFO: JdwpEventCenterDelegate: THREAD_RESUMED: thread (33, main, main)
08:23:01.210 INFO: JdwpEventCenterDelegate: THREAD_RESUMED: thread (33, main, main)
08:23:01.211 INFO: JdwpEventCenterDelegate: THREAD_RESUMED: thread (33, main, main)
08:23:01.212 INFO: JdwpEventCenterDelegate: THREAD_RESUMED: thread (33, main, main)
08:23:15.381 INFO: JdwpEventCenterDelegate: THREAD_RESUMED: thread (33, main, main)
08:23:15.382 INFO: JdwpEventCenterDelegate: THREAD_RESUMED: thread (33, main, main)
08:24:09.185 INFO: JdwpDebugServer: handling req: VirtualMachine(1).Exit(10)
08:24:09.186 SEVERE: Debugger: Thread JDWP server socket thread crashed
org.robovm.debugger.DebuggerException: Terminating due exit command
	at org.robovm.debugger.jdwp.JdwpDebugServer.doSocketWork(JdwpDebugServer.java:211)
	at java.base/java.lang.Thread.run(Thread.java:833)
	at org.robovm.debugger.utils.DebuggerThread.run(DebuggerThread.java:42)
08:24:09.225 SEVERE: Debugger: Thread HooksChannel socket thread crashed
org.robovm.debugger.DebuggerException: java.nio.BufferUnderflowException
	at org.robovm.debugger.hooks.HooksChannel.doSocketWork(HooksChannel.java:149)
	at java.base/java.lang.Thread.run(Thread.java:833)
	at org.robovm.debugger.utils.DebuggerThread.run(DebuggerThread.java:42)
Caused by: java.nio.BufferUnderflowException
	at org.robovm.debugger.utils.bytebuffer.DataBufferWriter.writeFromStream(DataBufferWriter.java:91)
	at org.robovm.debugger.hooks.HooksChannel.doSocketWork(HooksChannel.java:116)
	... 2 more
