11:24:29.542 INFO: JdwpDebugServer: handling req: VirtualMachine(1).IDSizes(7)
11:24:29.551 INFO: JdwpDebugServer: handling req: EventRequest(15).Set(1)
11:24:29.551 INFO: JdwpEventCenterDelegate: jdwpSetEventRequest: JdwpEventRequest{requestId=100, eventKind=CLASS_UNLOAD, suspendPolicy=NONE, predicates=[]}
11:24:29.552 INFO: JdwpDebugServer: handling req: EventRequest(15).Set(1)
11:24:29.552 INFO: JdwpEventCenterDelegate: jdwpSetEventRequest: JdwpEventRequest{requestId=101, eventKind=THREAD_START, suspendPolicy=NONE, predicates=[]}
11:24:29.552 INFO: JdwpDebugServer: handling req: VirtualMachine(1).ClassesBySignature(2)
11:24:29.554 INFO: JdwpDebugServer: handling req: VirtualMachine(1).Version(1)
11:24:29.560 INFO: JdwpDebugServer: handling req: ReferenceType(2).MethodsWithGeneric(15)
11:24:29.568 INFO: JdwpDebugServer: handling req: Method(6).LineTable(1)
11:24:29.570 INFO: JdwpDebugServer: handling req: EventRequest(15).Set(1)
11:24:29.570 INFO: JdwpEventCenterDelegate: jdwpSetEventRequest: JdwpEventRequest{requestId=102, eventKind=BREAKPOINT, suspendPolicy=NONE, predicates=[Location{classId=845, methodId=257, index=928} ]}
11:24:29.570 INFO: JdwpDebugServer: handling req: EventRequest(15).Set(1)
11:24:29.570 INFO: JdwpEventCenterDelegate: jdwpSetEventRequest: JdwpEventRequest{requestId=103, eventKind=THREAD_DEATH, suspendPolicy=NONE, predicates=[]}
11:24:29.571 INFO: JdwpDebugServer: handling req: VirtualMachine(1).AllThreads(4)
11:24:29.573 INFO: JdwpDebugServer: handling req: EventRequest(15).Set(1)
11:24:29.573 INFO: JdwpEventCenterDelegate: jdwpSetEventRequest: JdwpEventRequest{requestId=104, eventKind=CLASS_PREPARE, suspendPolicy=EVENT_THREAD, predicates=[className=com.abdalla.bushnaq.pluvia.engine.AudioManager]}
11:24:29.573 INFO: JdwpDebugServer: handling req: EventRequest(15).Set(1)
11:24:29.573 INFO: JdwpEventCenterDelegate: jdwpSetEventRequest: JdwpEventRequest{requestId=105, eventKind=CLASS_PREPARE, suspendPolicy=EVENT_THREAD, predicates=[className=com.abdalla.bushnaq.pluvia.engine.AudioManager$*]}
11:24:29.574 INFO: JdwpDebugServer: handling req: VirtualMachine(1).ClassesBySignature(2)
11:24:29.574 INFO: JdwpDebugServer: handling req: ReferenceType(2).MethodsWithGeneric(15)
11:24:29.575 INFO: JdwpDebugServer: handling req: Method(6).LineTable(1)
11:24:29.576 INFO: JdwpDebugServer: handling req: Method(6).LineTable(1)
11:24:29.576 INFO: JdwpDebugServer: handling req: Method(6).LineTable(1)
11:24:29.576 INFO: JdwpDebugServer: handling req: Method(6).LineTable(1)
11:24:29.576 INFO: JdwpDebugServer: handling req: VirtualMachine(1).ClassesBySignature(2)
11:24:29.578 INFO: JdwpDebugServer: handling req: VirtualMachine(1).AllClassesWithGeneric(20)
11:24:29.597 INFO: JdwpDebugServer: handling req: VirtualMachine(1).capabilitiesNew(17)
11:24:29.599 INFO: JdwpDebugServer: handling req: EventRequest(15).Set(1)
11:24:29.599 INFO: JdwpEventCenterDelegate: jdwpSetEventRequest: JdwpEventRequest{requestId=106, eventKind=CLASS_PREPARE, suspendPolicy=EVENT_THREAD, predicates=[className=java.lang.Error]}
11:24:29.600 INFO: JdwpDebugServer: handling req: EventRequest(15).Set(1)
11:24:29.601 INFO: JdwpEventCenterDelegate: jdwpSetEventRequest: JdwpEventRequest{requestId=107, eventKind=CLASS_PREPARE, suspendPolicy=EVENT_THREAD, predicates=[className=java.lang.Error$*]}
11:24:29.601 INFO: JdwpDebugServer: handling req: VirtualMachine(1).ClassesBySignature(2)
11:24:29.602 INFO: JdwpDebugServer: handling req: EventRequest(15).Set(1)
11:24:29.602 INFO: JdwpEventCenterDelegate: jdwpSetEventRequest: JdwpEventRequest{requestId=108, eventKind=EXCEPTION, suspendPolicy=EVENT_THREAD, predicates=[exceptionType=3425(caught=true, uncaught=true)]}
11:24:29.644 INFO: JdwpDebugServer: handling req: EventRequest(15).Set(1)
11:24:29.644 INFO: JdwpEventCenterDelegate: jdwpSetEventRequest: JdwpEventRequest{requestId=109, eventKind=CLASS_PREPARE, suspendPolicy=EVENT_THREAD, predicates=[className=java.lang.Throwable]}
11:24:29.645 INFO: JdwpDebugServer: handling req: EventRequest(15).Set(1)
11:24:29.645 INFO: JdwpEventCenterDelegate: jdwpSetEventRequest: JdwpEventRequest{requestId=110, eventKind=CLASS_PREPARE, suspendPolicy=EVENT_THREAD, predicates=[className=java.lang.Throwable$*]}
11:24:29.645 INFO: JdwpDebugServer: handling req: VirtualMachine(1).ClassesBySignature(2)
11:24:29.645 INFO: JdwpDebugServer: handling req: EventRequest(15).Set(1)
11:24:29.645 INFO: JdwpEventCenterDelegate: jdwpSetEventRequest: JdwpEventRequest{requestId=111, eventKind=EXCEPTION, suspendPolicy=EVENT_THREAD, predicates=[exceptionType=7695(caught=false, uncaught=true)]}
11:24:38.114 INFO: JdwpDebugServer: handling req: VirtualMachine(1).AllThreads(4)
11:24:38.139 INFO: JdwpDebugServer: handling req: VirtualMachine(1).Resume(9)
11:24:38.147 INFO: JdwpDebugServer: handling req: EventRequest(15).Set(1)
11:24:38.147 INFO: JdwpEventCenterDelegate: jdwpSetEventRequest: JdwpEventRequest{requestId=112, eventKind=EXCEPTION, suspendPolicy=EVENT_THREAD, predicates=[exceptionType=7695(caught=false, uncaught=true)]}
11:24:38.156 INFO: JdwpDebugServer: handling req: VirtualMachine(1).AllThreads(4)
11:24:38.156 INFO: JdwpDebugServer: handling req: VirtualMachine(1).Resume(9)
11:24:38.156 INFO: JdwpDebugServer: handling req: EventRequest(15).Set(1)
11:24:38.156 INFO: JdwpEventCenterDelegate: jdwpSetEventRequest: JdwpEventRequest{requestId=113, eventKind=EXCEPTION, suspendPolicy=EVENT_THREAD, predicates=[exceptionType=3425(caught=true, uncaught=true)]}
11:24:38.158 INFO: JdwpDebugServer: handling req: VirtualMachine(1).AllThreads(4)
11:24:38.171 INFO: JdwpEventCenterDelegate: THREAD_STARTED: thread (33, main, main)
11:24:38.172 INFO: JdwpDebugServer: handling req: VirtualMachine(1).Resume(9)
11:24:38.177 INFO: JdwpDebugServer: handling req: ObjectReference(9).IsCollected(9)
11:24:38.178 INFO: JdwpDebugServer: handling req: ThreadReference(11).ThreadGroup(5)
11:24:38.178 INFO: JdwpDebugServer: handling req: ThreadGroup(12).Name(1)
11:24:38.179 INFO: JdwpDebugServer: handling req: ThreadGroup(12).Parent(2)
11:24:38.179 INFO: JdwpDebugServer: handling req: ObjectReference(9).ReferenceType(1)
11:24:38.179 INFO: JdwpDebugServer: handling req: ReferenceType(2).FieldsWithGeneric(14)
11:24:38.179 INFO: JdwpDebugServer: handling req: ReferenceType(2).Interfaces(10)
11:24:38.180 INFO: JdwpDebugServer: handling req: ReferenceType(2).FieldsWithGeneric(14)
11:24:38.180 INFO: JdwpDebugServer: handling req: ReferenceType(2).Interfaces(10)
11:24:38.180 INFO: JdwpDebugServer: handling req: ClassType(3).Superclass(1)
11:24:38.180 INFO: JdwpDebugServer: handling req: ReferenceType(2).FieldsWithGeneric(14)
11:24:38.180 INFO: JdwpDebugServer: handling req: ReferenceType(2).Interfaces(10)
11:24:38.181 INFO: JdwpDebugServer: handling req: ClassType(3).Superclass(1)
11:24:38.181 INFO: JdwpDebugServer: handling req: ObjectReference(9).GetValues(2)
11:24:38.182 INFO: JdwpDebugServer: handling req: ThreadReference(11).Status(4)
11:24:38.182 INFO: JdwpDebugServer: handling req: ThreadReference(11).Status(4)
11:24:38.245 INFO: JdwpEventCenterDelegate: THREAD_STARTED: thread (48, ReferenceQueueDaemon, main)
11:24:38.245 INFO: JdwpDebugServer: handling req: ObjectReference(9).IsCollected(9)
11:24:38.248 INFO: JdwpEventCenterDelegate: THREAD_STARTED: thread (63, FinalizerDaemon, main)
11:24:38.250 INFO: JdwpEventCenterDelegate: THREAD_STARTED: thread (78, FinalizerWatchdogDaemon, main)
11:24:38.251 INFO: JdwpDebugServer: handling req: ThreadReference(11).ThreadGroup(5)
11:24:38.251 INFO: JdwpDebugServer: handling req: ObjectReference(9).ReferenceType(1)
11:24:38.252 INFO: JdwpDebugServer: handling req: ObjectReference(9).GetValues(2)
11:24:38.257 INFO: JdwpDebugServer: handling req: ThreadReference(11).Status(4)
11:24:38.257 INFO: JdwpDebugServer: handling req: ThreadReference(11).Status(4)
11:24:38.258 INFO: JdwpDebugServer: handling req: ObjectReference(9).IsCollected(9)
11:24:38.261 INFO: JdwpDebugServer: handling req: ThreadReference(11).ThreadGroup(5)
11:24:38.261 INFO: JdwpDebugServer: handling req: ObjectReference(9).ReferenceType(1)
11:24:38.262 INFO: JdwpDebugServer: handling req: ObjectReference(9).GetValues(2)
11:24:38.262 INFO: JdwpDebugServer: handling req: ThreadReference(11).Status(4)
11:24:38.262 INFO: JdwpDebugServer: handling req: ThreadReference(11).Status(4)
11:24:38.263 INFO: JdwpDebugServer: handling req: ObjectReference(9).IsCollected(9)
11:24:38.263 INFO: JdwpDebugServer: handling req: ThreadReference(11).ThreadGroup(5)
11:24:38.263 INFO: JdwpDebugServer: handling req: ObjectReference(9).ReferenceType(1)
11:24:38.263 INFO: JdwpDebugServer: handling req: ObjectReference(9).GetValues(2)
11:24:38.263 INFO: JdwpDebugServer: handling req: ThreadReference(11).Status(4)
11:24:38.263 INFO: JdwpDebugServer: handling req: ThreadReference(11).Status(4)
11:24:38.295 INFO: JdwpEventCenterDelegate: THREAD_RESUMED: thread (33, main, main)
11:24:38.296 INFO: JdwpEventCenterDelegate: THREAD_RESUMED: thread (33, main, main)
11:24:38.297 INFO: JdwpEventCenterDelegate: THREAD_RESUMED: thread (33, main, main)
11:24:38.297 INFO: JdwpEventCenterDelegate: THREAD_RESUMED: thread (33, main, main)
11:24:38.298 INFO: JdwpEventCenterDelegate: THREAD_RESUMED: thread (33, main, main)
11:24:38.298 INFO: JdwpEventCenterDelegate: THREAD_RESUMED: thread (33, main, main)
11:24:38.298 INFO: JdwpEventCenterDelegate: THREAD_RESUMED: thread (33, main, main)
11:24:38.300 INFO: JdwpEventCenterDelegate: THREAD_RESUMED: thread (33, main, main)
11:24:38.301 INFO: JdwpEventCenterDelegate: THREAD_RESUMED: thread (33, main, main)
11:24:38.301 INFO: JdwpEventCenterDelegate: THREAD_RESUMED: thread (33, main, main)
11:24:38.302 INFO: JdwpEventCenterDelegate: THREAD_RESUMED: thread (33, main, main)
11:24:38.307 INFO: JdwpEventCenterDelegate: THREAD_RESUMED: thread (33, main, main)
11:24:38.308 INFO: JdwpEventCenterDelegate: THREAD_RESUMED: thread (33, main, main)
11:24:38.308 INFO: JdwpEventCenterDelegate: THREAD_RESUMED: thread (33, main, main)
11:24:38.386 INFO: JdwpEventCenterDelegate: THREAD_RESUMED: thread (33, main, main)
11:24:38.386 INFO: JdwpEventCenterDelegate: THREAD_RESUMED: thread (33, main, main)
11:24:38.387 INFO: JdwpEventCenterDelegate: THREAD_RESUMED: thread (33, main, main)
11:24:38.397 INFO: JdwpEventCenterDelegate: THREAD_RESUMED: thread (33, main, main)
11:24:38.398 INFO: JdwpEventCenterDelegate: THREAD_RESUMED: thread (33, main, main)
11:24:38.398 INFO: JdwpEventCenterDelegate: THREAD_RESUMED: thread (33, main, main)
11:24:38.657 INFO: JdwpEventCenterDelegate: THREAD_RESUMED: thread (33, main, main)
11:24:38.658 INFO: JdwpEventCenterDelegate: THREAD_RESUMED: thread (33, main, main)
11:24:38.659 INFO: JdwpEventCenterDelegate: THREAD_RESUMED: thread (33, main, main)
11:24:38.717 INFO: JdwpEventCenterDelegate: THREAD_RESUMED: thread (33, main, main)
11:24:38.718 INFO: JdwpEventCenterDelegate: THREAD_RESUMED: thread (33, main, main)
11:24:38.719 INFO: JdwpEventCenterDelegate: THREAD_RESUMED: thread (33, main, main)
11:24:38.800 INFO: JdwpEventCenterDelegate: THREAD_RESUMED: thread (33, main, main)
11:24:38.800 INFO: JdwpEventCenterDelegate: THREAD_RESUMED: thread (33, main, main)
11:24:38.801 INFO: JdwpEventCenterDelegate: THREAD_RESUMED: thread (33, main, main)
11:24:38.866 INFO: JdwpEventCenterDelegate: THREAD_RESUMED: thread (33, main, main)
11:24:38.867 INFO: JdwpEventCenterDelegate: THREAD_RESUMED: thread (33, main, main)
11:24:38.868 INFO: JdwpEventCenterDelegate: THREAD_RESUMED: thread (33, main, main)
11:24:38.868 INFO: JdwpEventCenterDelegate: THREAD_RESUMED: thread (33, main, main)
11:24:38.876 INFO: JdwpEventCenterDelegate: THREAD_RESUMED: thread (33, main, main)
11:24:38.877 INFO: JdwpEventCenterDelegate: THREAD_RESUMED: thread (33, main, main)
11:24:39.773 INFO: JdwpEventCenterDelegate: THREAD_RESUMED: thread (33, main, main)
11:24:39.776 INFO: JdwpEventCenterDelegate: THREAD_RESUMED: thread (33, main, main)
11:24:39.795 INFO: JdwpEventCenterDelegate: THREAD_RESUMED: thread (33, main, main)
11:24:39.796 INFO: JdwpEventCenterDelegate: THREAD_RESUMED: thread (33, main, main)
11:24:39.797 INFO: JdwpEventCenterDelegate: THREAD_RESUMED: thread (33, main, main)
11:24:39.797 INFO: JdwpEventCenterDelegate: THREAD_RESUMED: thread (33, main, main)
11:24:39.877 INFO: JdwpEventCenterDelegate: THREAD_RESUMED: thread (33, main, main)
11:24:40.254 INFO: JdwpEventCenterDelegate: THREAD_RESUMED: thread (33, main, main)
11:24:40.254 INFO: JdwpEventCenterDelegate: THREAD_RESUMED: thread (33, main, main)
11:24:40.255 INFO: JdwpEventCenterDelegate: THREAD_RESUMED: thread (33, main, main)
11:24:40.256 INFO: JdwpEventCenterDelegate: THREAD_RESUMED: thread (33, main, main)
11:24:40.257 INFO: JdwpEventCenterDelegate: THREAD_RESUMED: thread (33, main, main)
11:24:40.257 INFO: JdwpEventCenterDelegate: THREAD_RESUMED: thread (33, main, main)
11:24:40.307 INFO: JdwpEventCenterDelegate: THREAD_RESUMED: thread (33, main, main)
11:24:40.310 INFO: JdwpEventCenterDelegate: THREAD_RESUMED: thread (33, main, main)
11:24:40.312 INFO: JdwpEventCenterDelegate: THREAD_RESUMED: thread (33, main, main)
11:24:40.313 INFO: JdwpEventCenterDelegate: THREAD_RESUMED: thread (33, main, main)
11:24:40.314 INFO: JdwpEventCenterDelegate: THREAD_RESUMED: thread (33, main, main)
11:24:40.316 INFO: JdwpEventCenterDelegate: THREAD_RESUMED: thread (33, main, main)
11:24:40.318 INFO: JdwpEventCenterDelegate: THREAD_RESUMED: thread (33, main, main)
11:24:40.339 INFO: JdwpEventCenterDelegate: THREAD_RESUMED: thread (33, main, main)
11:24:40.353 INFO: JdwpEventCenterDelegate: THREAD_RESUMED: thread (33, main, main)
11:24:40.369 INFO: JdwpEventCenterDelegate: THREAD_RESUMED: thread (33, main, main)
11:24:40.379 INFO: JdwpEventCenterDelegate: THREAD_RESUMED: thread (33, main, main)
11:24:40.394 INFO: JdwpEventCenterDelegate: THREAD_RESUMED: thread (33, main, main)
11:24:40.417 INFO: JdwpEventCenterDelegate: THREAD_RESUMED: thread (33, main, main)
11:24:40.423 INFO: JdwpEventCenterDelegate: THREAD_RESUMED: thread (33, main, main)
11:24:40.428 INFO: JdwpEventCenterDelegate: THREAD_RESUMED: thread (33, main, main)
11:24:40.433 INFO: JdwpEventCenterDelegate: THREAD_RESUMED: thread (33, main, main)
11:24:40.437 INFO: JdwpEventCenterDelegate: THREAD_RESUMED: thread (33, main, main)
11:24:40.442 INFO: JdwpEventCenterDelegate: THREAD_RESUMED: thread (33, main, main)
11:24:40.449 INFO: JdwpEventCenterDelegate: THREAD_RESUMED: thread (33, main, main)
11:24:40.454 INFO: JdwpEventCenterDelegate: THREAD_RESUMED: thread (33, main, main)
11:24:40.458 INFO: JdwpEventCenterDelegate: THREAD_RESUMED: thread (33, main, main)
11:24:40.463 INFO: JdwpEventCenterDelegate: THREAD_RESUMED: thread (33, main, main)
11:24:40.467 INFO: JdwpEventCenterDelegate: THREAD_RESUMED: thread (33, main, main)
11:24:40.475 INFO: JdwpEventCenterDelegate: THREAD_RESUMED: thread (33, main, main)
11:24:40.480 INFO: JdwpEventCenterDelegate: THREAD_RESUMED: thread (33, main, main)
11:24:40.482 INFO: JdwpEventCenterDelegate: THREAD_RESUMED: thread (33, main, main)
11:24:40.484 INFO: JdwpEventCenterDelegate: THREAD_RESUMED: thread (33, main, main)
11:24:40.485 INFO: JdwpEventCenterDelegate: THREAD_RESUMED: thread (33, main, main)
11:24:40.487 INFO: JdwpEventCenterDelegate: THREAD_RESUMED: thread (33, main, main)
11:24:40.489 INFO: JdwpEventCenterDelegate: THREAD_RESUMED: thread (33, main, main)
11:24:40.491 INFO: JdwpEventCenterDelegate: THREAD_RESUMED: thread (33, main, main)
11:24:40.492 INFO: JdwpEventCenterDelegate: THREAD_RESUMED: thread (33, main, main)
11:24:40.493 INFO: JdwpEventCenterDelegate: THREAD_RESUMED: thread (33, main, main)
11:24:40.495 INFO: JdwpEventCenterDelegate: THREAD_RESUMED: thread (33, main, main)
11:24:40.496 INFO: JdwpEventCenterDelegate: THREAD_RESUMED: thread (33, main, main)
11:24:40.497 INFO: JdwpEventCenterDelegate: THREAD_RESUMED: thread (33, main, main)
11:24:40.498 INFO: JdwpEventCenterDelegate: THREAD_RESUMED: thread (33, main, main)
11:24:40.500 INFO: JdwpEventCenterDelegate: THREAD_RESUMED: thread (33, main, main)
11:24:40.501 INFO: JdwpEventCenterDelegate: THREAD_RESUMED: thread (33, main, main)
11:24:40.502 INFO: JdwpEventCenterDelegate: THREAD_RESUMED: thread (33, main, main)
11:24:40.503 INFO: JdwpEventCenterDelegate: THREAD_RESUMED: thread (33, main, main)
11:24:40.504 INFO: JdwpEventCenterDelegate: THREAD_RESUMED: thread (33, main, main)
11:24:40.509 INFO: JdwpEventCenterDelegate: THREAD_RESUMED: thread (33, main, main)
11:24:40.511 INFO: JdwpEventCenterDelegate: THREAD_RESUMED: thread (33, main, main)
11:24:40.512 INFO: JdwpEventCenterDelegate: THREAD_RESUMED: thread (33, main, main)
11:24:40.513 INFO: JdwpEventCenterDelegate: THREAD_RESUMED: thread (33, main, main)
11:24:40.514 INFO: JdwpEventCenterDelegate: THREAD_RESUMED: thread (33, main, main)
11:24:40.515 INFO: JdwpEventCenterDelegate: THREAD_RESUMED: thread (33, main, main)
11:24:40.516 INFO: JdwpEventCenterDelegate: THREAD_RESUMED: thread (33, main, main)
11:24:40.517 INFO: JdwpEventCenterDelegate: THREAD_RESUMED: thread (33, main, main)
11:24:40.518 INFO: JdwpEventCenterDelegate: THREAD_RESUMED: thread (33, main, main)
11:24:40.519 INFO: JdwpEventCenterDelegate: THREAD_RESUMED: thread (33, main, main)
11:24:40.522 INFO: JdwpEventCenterDelegate: THREAD_RESUMED: thread (33, main, main)
11:24:40.523 INFO: JdwpEventCenterDelegate: THREAD_RESUMED: thread (33, main, main)
11:24:40.523 INFO: JdwpEventCenterDelegate: THREAD_RESUMED: thread (33, main, main)
11:24:40.524 INFO: JdwpEventCenterDelegate: THREAD_RESUMED: thread (33, main, main)
11:24:40.528 INFO: JdwpEventCenterDelegate: THREAD_RESUMED: thread (33, main, main)
11:24:40.530 INFO: JdwpEventCenterDelegate: THREAD_RESUMED: thread (33, main, main)
11:24:40.531 INFO: JdwpEventCenterDelegate: THREAD_RESUMED: thread (33, main, main)
11:24:40.532 INFO: JdwpEventCenterDelegate: THREAD_RESUMED: thread (33, main, main)
11:24:40.533 INFO: JdwpEventCenterDelegate: THREAD_RESUMED: thread (33, main, main)
11:24:40.534 INFO: JdwpEventCenterDelegate: THREAD_RESUMED: thread (33, main, main)
11:24:40.535 INFO: JdwpEventCenterDelegate: THREAD_RESUMED: thread (33, main, main)
11:24:40.536 INFO: JdwpEventCenterDelegate: THREAD_RESUMED: thread (33, main, main)
11:24:40.537 INFO: JdwpEventCenterDelegate: THREAD_RESUMED: thread (33, main, main)
11:24:40.538 INFO: JdwpEventCenterDelegate: THREAD_RESUMED: thread (33, main, main)
11:24:40.539 INFO: JdwpEventCenterDelegate: THREAD_RESUMED: thread (33, main, main)
11:24:40.540 INFO: JdwpEventCenterDelegate: THREAD_RESUMED: thread (33, main, main)
11:24:40.541 INFO: JdwpEventCenterDelegate: THREAD_RESUMED: thread (33, main, main)
11:24:40.542 INFO: JdwpEventCenterDelegate: THREAD_RESUMED: thread (33, main, main)
11:24:40.543 INFO: JdwpEventCenterDelegate: THREAD_RESUMED: thread (33, main, main)
11:24:40.544 INFO: JdwpEventCenterDelegate: THREAD_RESUMED: thread (33, main, main)
11:24:40.545 INFO: JdwpEventCenterDelegate: THREAD_RESUMED: thread (33, main, main)
11:24:40.546 INFO: JdwpEventCenterDelegate: THREAD_RESUMED: thread (33, main, main)
11:24:40.546 INFO: JdwpEventCenterDelegate: THREAD_RESUMED: thread (33, main, main)
11:24:40.547 INFO: JdwpEventCenterDelegate: THREAD_RESUMED: thread (33, main, main)
11:24:40.548 INFO: JdwpEventCenterDelegate: THREAD_RESUMED: thread (33, main, main)
11:24:40.550 INFO: JdwpEventCenterDelegate: THREAD_RESUMED: thread (33, main, main)
11:24:40.818 INFO: JdwpDebugServer: handling req: ThreadReference(11).Resume(3)
11:24:40.833 INFO: JdwpEventCenterDelegate: THREAD_RESUMED: thread (33, main, main)
11:24:40.931 INFO: JdwpEventCenterDelegate: THREAD_RESUMED: thread (33, main, main)
11:24:40.957 INFO: JdwpEventCenterDelegate: THREAD_RESUMED: thread (33, main, main)
11:24:40.958 INFO: JdwpEventCenterDelegate: THREAD_RESUMED: thread (33, main, main)
11:24:40.958 INFO: JdwpEventCenterDelegate: THREAD_RESUMED: thread (33, main, main)
11:24:41.198 INFO: JdwpEventCenterDelegate: THREAD_RESUMED: thread (33, main, main)
11:24:41.199 INFO: JdwpEventCenterDelegate: THREAD_RESUMED: thread (33, main, main)
11:24:41.237 INFO: JdwpEventCenterDelegate: THREAD_RESUMED: thread (33, main, main)
11:24:41.237 INFO: JdwpEventCenterDelegate: THREAD_RESUMED: thread (33, main, main)
11:24:41.259 INFO: JdwpEventCenterDelegate: THREAD_RESUMED: thread (33, main, main)
11:24:41.260 INFO: JdwpEventCenterDelegate: THREAD_RESUMED: thread (33, main, main)
11:24:41.261 INFO: JdwpEventCenterDelegate: THREAD_RESUMED: thread (33, main, main)
11:24:41.262 INFO: JdwpEventCenterDelegate: THREAD_RESUMED: thread (33, main, main)
11:24:41.263 INFO: JdwpEventCenterDelegate: THREAD_RESUMED: thread (33, main, main)
11:24:41.264 INFO: JdwpEventCenterDelegate: THREAD_RESUMED: thread (33, main, main)
11:24:51.859 INFO: JdwpEventCenterDelegate: THREAD_RESUMED: thread (33, main, main)
11:24:51.861 INFO: JdwpEventCenterDelegate: THREAD_RESUMED: thread (33, main, main)
11:24:52.384 INFO: JdwpEventCenterDelegate: THREAD_RESUMED: thread (33, main, main)
11:24:52.385 INFO: JdwpEventCenterDelegate: THREAD_RESUMED: thread (33, main, main)
11:24:52.386 INFO: JdwpEventCenterDelegate: THREAD_RESUMED: thread (33, main, main)
11:24:52.387 INFO: JdwpEventCenterDelegate: THREAD_RESUMED: thread (33, main, main)
11:24:52.388 INFO: JdwpEventCenterDelegate: THREAD_RESUMED: thread (33, main, main)
11:24:52.389 INFO: JdwpEventCenterDelegate: THREAD_RESUMED: thread (33, main, main)
11:24:52.394 INFO: JdwpEventCenterDelegate: THREAD_RESUMED: thread (33, main, main)
11:24:52.395 INFO: JdwpEventCenterDelegate: THREAD_RESUMED: thread (33, main, main)
11:24:52.395 INFO: JdwpEventCenterDelegate: THREAD_RESUMED: thread (33, main, main)
11:24:52.406 INFO: JdwpEventCenterDelegate: THREAD_RESUMED: thread (33, main, main)
11:24:52.407 INFO: JdwpEventCenterDelegate: THREAD_RESUMED: thread (33, main, main)
11:24:52.408 INFO: JdwpEventCenterDelegate: THREAD_RESUMED: thread (33, main, main)
11:24:52.417 INFO: JdwpEventCenterDelegate: THREAD_RESUMED: thread (33, main, main)
11:24:52.464 SEVERE: Debugger: Thread HooksChannel socket thread crashed
org.robovm.debugger.DebuggerException: java.nio.BufferUnderflowException
	at org.robovm.debugger.hooks.HooksChannel.doSocketWork(HooksChannel.java:149)
	at java.base/java.lang.Thread.run(Thread.java:833)
	at org.robovm.debugger.utils.DebuggerThread.run(DebuggerThread.java:42)
Caused by: java.nio.BufferUnderflowException
	at org.robovm.debugger.utils.bytebuffer.DataBufferWriter.writeFromStream(DataBufferWriter.java:91)
	at org.robovm.debugger.hooks.HooksChannel.doSocketWork(HooksChannel.java:116)
	... 2 more
11:24:52.992 SEVERE: Debugger: Thread JDWP server socket thread crashed
org.robovm.debugger.DebuggerException: java.net.SocketException: Socket closed
	at org.robovm.debugger.jdwp.JdwpDebugServer.doSocketWork(JdwpDebugServer.java:215)
	at java.base/java.lang.Thread.run(Thread.java:833)
	at org.robovm.debugger.utils.DebuggerThread.run(DebuggerThread.java:42)
Caused by: java.net.SocketException: Socket closed
	at java.base/sun.nio.ch.NioSocketImpl.endRead(NioSocketImpl.java:248)
	at java.base/sun.nio.ch.NioSocketImpl.implRead(NioSocketImpl.java:327)
	at java.base/sun.nio.ch.NioSocketImpl.read(NioSocketImpl.java:350)
	at java.base/sun.nio.ch.NioSocketImpl$1.read(NioSocketImpl.java:803)
	at java.base/java.net.Socket$SocketInputStream.read(Socket.java:966)
	at org.robovm.debugger.utils.bytebuffer.DataBufferWriter.writeFromStream(DataBufferWriter.java:89)
	at org.robovm.debugger.jdwp.protocol.JdwpRequestHeader.readFromStream(JdwpRequestHeader.java:36)
	at org.robovm.debugger.jdwp.JdwpDebugServer.doSocketWork(JdwpDebugServer.java:185)
	... 2 more
