10:45:03.070 INFO: JdwpEventCenterDelegate: THREAD_STARTED: thread (33, main, main)
10:45:03.194 INFO: JdwpEventCenterDelegate: THREAD_STARTED: thread (48, ReferenceQueueDaemon, main)
10:45:03.194 INFO: JdwpEventCenterDelegate: THREAD_STARTED: thread (63, FinalizerDaemon, main)
10:45:03.195 INFO: JdwpEventCenterDelegate: THREAD_STARTED: thread (78, FinalizerWatchdogDaemon, main)
10:45:05.010 INFO: JdwpDebugServer: handling req: VirtualMachine(1).IDSizes(7)
10:45:05.011 INFO: JdwpDebugServer: handling req: EventRequest(15).Set(1)
10:45:05.013 INFO: JdwpEventCenterDelegate: jdwpSetEventRequest: JdwpEventRequest{requestId=100, eventKind=CLASS_UNLOAD, suspendPolicy=NONE, predicates=[]}
10:45:05.014 INFO: JdwpDebugServer: handling req: EventRequest(15).Set(1)
10:45:05.014 INFO: JdwpEventCenterDelegate: jdwpSetEventRequest: JdwpEventRequest{requestId=101, eventKind=THREAD_START, suspendPolicy=NONE, predicates=[]}
10:45:05.015 INFO: JdwpDebugServer: handling req: VirtualMachine(1).ClassesBySignature(2)
10:45:05.017 INFO: JdwpDebugServer: handling req: VirtualMachine(1).Version(1)
10:45:05.019 INFO: JdwpDebugServer: handling req: ReferenceType(2).MethodsWithGeneric(15)
10:45:05.020 INFO: JdwpDebugServer: handling req: Method(6).LineTable(1)
10:45:05.021 INFO: JdwpDebugServer: handling req: EventRequest(15).Set(1)
10:45:05.022 INFO: JdwpEventCenterDelegate: jdwpSetEventRequest: JdwpEventRequest{requestId=102, eventKind=BREAKPOINT, suspendPolicy=NONE, predicates=[Location{classId=845, methodId=257, index=928} ]}
10:45:05.022 INFO: JdwpDebugServer: handling req: EventRequest(15).Set(1)
10:45:05.022 INFO: JdwpEventCenterDelegate: jdwpSetEventRequest: JdwpEventRequest{requestId=103, eventKind=THREAD_DEATH, suspendPolicy=NONE, predicates=[]}
10:45:05.023 INFO: JdwpDebugServer: handling req: VirtualMachine(1).AllThreads(4)
10:45:05.024 INFO: JdwpDebugServer: handling req: ThreadReference(11).ThreadGroup(5)
10:45:05.024 INFO: JdwpDebugServer: handling req: ThreadGroup(12).Name(1)
10:45:05.025 INFO: JdwpDebugServer: handling req: ThreadGroup(12).Parent(2)
10:45:05.025 INFO: JdwpDebugServer: handling req: ObjectReference(9).ReferenceType(1)
10:45:05.025 INFO: JdwpDebugServer: handling req: ReferenceType(2).FieldsWithGeneric(14)
10:45:05.027 INFO: JdwpDebugServer: handling req: ReferenceType(2).Interfaces(10)
10:45:05.028 INFO: JdwpDebugServer: handling req: ReferenceType(2).FieldsWithGeneric(14)
10:45:05.028 INFO: JdwpDebugServer: handling req: ReferenceType(2).Interfaces(10)
10:45:05.028 INFO: JdwpDebugServer: handling req: ClassType(3).Superclass(1)
10:45:05.028 INFO: JdwpDebugServer: handling req: ReferenceType(2).FieldsWithGeneric(14)
10:45:05.029 INFO: JdwpDebugServer: handling req: ReferenceType(2).Interfaces(10)
10:45:05.029 INFO: JdwpDebugServer: handling req: ClassType(3).Superclass(1)
10:45:05.029 INFO: JdwpDebugServer: handling req: ObjectReference(9).GetValues(2)
10:45:05.031 INFO: JdwpDebugServer: handling req: ThreadReference(11).Status(4)
10:45:05.031 INFO: JdwpDebugServer: handling req: ThreadReference(11).Status(4)
10:45:05.032 INFO: JdwpDebugServer: handling req: ThreadReference(11).ThreadGroup(5)
10:45:05.032 INFO: JdwpDebugServer: handling req: ObjectReference(9).ReferenceType(1)
10:45:05.032 INFO: JdwpDebugServer: handling req: ObjectReference(9).GetValues(2)
10:45:05.033 INFO: JdwpDebugServer: handling req: ThreadReference(11).Status(4)
10:45:05.033 INFO: JdwpDebugServer: handling req: ThreadReference(11).Status(4)
10:45:05.033 INFO: JdwpDebugServer: handling req: ThreadReference(11).ThreadGroup(5)
10:45:05.033 INFO: JdwpDebugServer: handling req: ObjectReference(9).ReferenceType(1)
10:45:05.033 INFO: JdwpDebugServer: handling req: ObjectReference(9).GetValues(2)
10:45:05.034 INFO: JdwpDebugServer: handling req: ThreadReference(11).Status(4)
10:45:05.034 INFO: JdwpDebugServer: handling req: ThreadReference(11).Status(4)
10:45:05.034 INFO: JdwpDebugServer: handling req: ThreadReference(11).ThreadGroup(5)
10:45:05.035 INFO: JdwpDebugServer: handling req: ObjectReference(9).ReferenceType(1)
10:45:05.035 INFO: JdwpDebugServer: handling req: ObjectReference(9).GetValues(2)
10:45:05.035 INFO: JdwpDebugServer: handling req: ThreadReference(11).Status(4)
10:45:05.035 INFO: JdwpDebugServer: handling req: ThreadReference(11).Status(4)
10:45:05.039 INFO: JdwpDebugServer: handling req: EventRequest(15).Set(1)
10:45:05.039 INFO: JdwpEventCenterDelegate: jdwpSetEventRequest: JdwpEventRequest{requestId=104, eventKind=CLASS_PREPARE, suspendPolicy=EVENT_THREAD, predicates=[className=java.lang.Throwable]}
10:45:05.045 INFO: JdwpDebugServer: handling req: EventRequest(15).Set(1)
10:45:05.045 INFO: JdwpEventCenterDelegate: jdwpSetEventRequest: JdwpEventRequest{requestId=105, eventKind=CLASS_PREPARE, suspendPolicy=EVENT_THREAD, predicates=[className=java.lang.Throwable$*]}
10:45:05.046 INFO: JdwpDebugServer: handling req: VirtualMachine(1).ClassesBySignature(2)
10:45:05.047 INFO: JdwpDebugServer: handling req: ReferenceType(2).MethodsWithGeneric(15)
10:45:05.047 INFO: JdwpDebugServer: handling req: Method(6).LineTable(1)
10:45:05.047 INFO: JdwpDebugServer: handling req: Method(6).LineTable(1)
10:45:05.047 INFO: JdwpDebugServer: handling req: Method(6).LineTable(1)
10:45:05.048 INFO: JdwpDebugServer: handling req: Method(6).LineTable(1)
10:45:05.048 INFO: JdwpDebugServer: handling req: Method(6).LineTable(1)
10:45:05.048 INFO: JdwpDebugServer: handling req: Method(6).LineTable(1)
10:45:05.048 INFO: JdwpDebugServer: handling req: Method(6).LineTable(1)
10:45:05.048 INFO: JdwpDebugServer: handling req: Method(6).LineTable(1)
10:45:05.048 INFO: JdwpDebugServer: handling req: Method(6).LineTable(1)
10:45:05.048 INFO: JdwpDebugServer: handling req: Method(6).LineTable(1)
10:45:05.048 INFO: JdwpDebugServer: handling req: Method(6).LineTable(1)
10:45:05.048 INFO: JdwpDebugServer: handling req: Method(6).LineTable(1)
10:45:05.048 INFO: JdwpDebugServer: handling req: Method(6).LineTable(1)
10:45:05.048 INFO: JdwpDebugServer: handling req: Method(6).LineTable(1)
10:45:05.049 INFO: JdwpDebugServer: handling req: Method(6).LineTable(1)
10:45:05.049 INFO: JdwpDebugServer: handling req: Method(6).LineTable(1)
10:45:05.049 INFO: JdwpDebugServer: handling req: Method(6).LineTable(1)
10:45:05.049 INFO: JdwpDebugServer: handling req: Method(6).LineTable(1)
10:45:05.049 INFO: JdwpDebugServer: handling req: Method(6).LineTable(1)
10:45:05.049 INFO: JdwpDebugServer: handling req: Method(6).LineTable(1)
10:45:05.049 INFO: JdwpDebugServer: handling req: Method(6).LineTable(1)
10:45:05.049 INFO: JdwpDebugServer: handling req: Method(6).LineTable(1)
10:45:05.049 INFO: JdwpDebugServer: handling req: Method(6).LineTable(1)
10:45:05.049 INFO: JdwpDebugServer: handling req: Method(6).LineTable(1)
10:45:05.049 INFO: JdwpDebugServer: handling req: VirtualMachine(1).ClassesBySignature(2)
10:45:05.050 INFO: JdwpDebugServer: handling req: VirtualMachine(1).AllClassesWithGeneric(20)
10:45:05.062 INFO: JdwpDebugServer: handling req: EventRequest(15).Set(1)
10:45:05.062 INFO: JdwpEventCenterDelegate: jdwpSetEventRequest: JdwpEventRequest{requestId=106, eventKind=CLASS_PREPARE, suspendPolicy=EVENT_THREAD, predicates=[className=com.badlogic.gdx.utils.ScreenUtils]}
10:45:05.063 INFO: JdwpDebugServer: handling req: EventRequest(15).Set(1)
10:45:05.063 INFO: JdwpEventCenterDelegate: jdwpSetEventRequest: JdwpEventRequest{requestId=107, eventKind=CLASS_PREPARE, suspendPolicy=EVENT_THREAD, predicates=[className=com.badlogic.gdx.utils.ScreenUtils$*]}
10:45:05.064 INFO: JdwpDebugServer: handling req: VirtualMachine(1).ClassesBySignature(2)
10:45:05.064 INFO: JdwpDebugServer: handling req: ReferenceType(2).MethodsWithGeneric(15)
10:45:05.064 INFO: JdwpDebugServer: handling req: Method(6).LineTable(1)
10:45:05.065 INFO: JdwpDebugServer: handling req: Method(6).LineTable(1)
10:45:05.065 INFO: JdwpDebugServer: handling req: Method(6).LineTable(1)
10:45:05.065 INFO: JdwpDebugServer: handling req: Method(6).LineTable(1)
10:45:05.065 INFO: JdwpDebugServer: handling req: Method(6).LineTable(1)
10:45:05.065 INFO: JdwpDebugServer: handling req: Method(6).LineTable(1)
10:45:05.065 INFO: JdwpDebugServer: handling req: Method(6).LineTable(1)
10:45:05.066 INFO: JdwpDebugServer: handling req: Method(6).LineTable(1)
10:45:05.066 INFO: JdwpDebugServer: handling req: Method(6).LineTable(1)
10:45:05.066 INFO: JdwpDebugServer: handling req: Method(6).LineTable(1)
10:45:05.066 INFO: JdwpDebugServer: handling req: EventRequest(15).Set(1)
10:45:05.066 INFO: JdwpEventCenterDelegate: jdwpSetEventRequest: JdwpEventRequest{requestId=108, eventKind=BREAKPOINT, suspendPolicy=EVENT_THREAD, predicates=[Location{classId=22240, methodId=1272, index=89} ]}
10:45:05.069 INFO: JdwpDebugServer: handling req: EventRequest(15).Set(1)
10:45:05.069 INFO: JdwpEventCenterDelegate: jdwpSetEventRequest: JdwpEventRequest{requestId=109, eventKind=CLASS_PREPARE, suspendPolicy=EVENT_THREAD, predicates=[className=com.badlogic.gdx.utils.ScreenUtils]}
10:45:05.070 INFO: JdwpDebugServer: handling req: EventRequest(15).Set(1)
10:45:05.070 INFO: JdwpEventCenterDelegate: jdwpSetEventRequest: JdwpEventRequest{requestId=110, eventKind=CLASS_PREPARE, suspendPolicy=EVENT_THREAD, predicates=[className=com.badlogic.gdx.utils.ScreenUtils$*]}
10:45:05.071 INFO: JdwpDebugServer: handling req: VirtualMachine(1).ClassesBySignature(2)
10:45:05.071 INFO: JdwpDebugServer: handling req: EventRequest(15).Set(1)
10:45:05.071 INFO: JdwpEventCenterDelegate: jdwpSetEventRequest: JdwpEventRequest{requestId=111, eventKind=BREAKPOINT, suspendPolicy=EVENT_THREAD, predicates=[Location{classId=22240, methodId=1267, index=72} ]}
10:45:05.072 INFO: JdwpDebugServer: handling req: EventRequest(15).Set(1)
10:45:05.072 INFO: JdwpEventCenterDelegate: jdwpSetEventRequest: JdwpEventRequest{requestId=112, eventKind=CLASS_PREPARE, suspendPolicy=EVENT_THREAD, predicates=[className=com.badlogic.gdx.graphics.g2d.PolygonSpriteBatch]}
10:45:05.072 INFO: JdwpDebugServer: handling req: EventRequest(15).Set(1)
10:45:05.072 INFO: JdwpEventCenterDelegate: jdwpSetEventRequest: JdwpEventRequest{requestId=113, eventKind=CLASS_PREPARE, suspendPolicy=EVENT_THREAD, predicates=[className=com.badlogic.gdx.graphics.g2d.PolygonSpriteBatch$*]}
10:45:05.073 INFO: JdwpDebugServer: handling req: VirtualMachine(1).ClassesBySignature(2)
10:45:05.073 INFO: JdwpDebugServer: handling req: ReferenceType(2).MethodsWithGeneric(15)
10:45:05.074 INFO: JdwpDebugServer: handling req: Method(6).LineTable(1)
10:45:05.074 INFO: JdwpDebugServer: handling req: Method(6).LineTable(1)
10:45:05.074 INFO: JdwpDebugServer: handling req: Method(6).LineTable(1)
10:45:05.074 INFO: JdwpDebugServer: handling req: Method(6).LineTable(1)
10:45:05.074 INFO: JdwpDebugServer: handling req: Method(6).LineTable(1)
10:45:05.074 INFO: JdwpDebugServer: handling req: Method(6).LineTable(1)
10:45:05.074 INFO: JdwpDebugServer: handling req: Method(6).LineTable(1)
10:45:05.075 INFO: JdwpDebugServer: handling req: Method(6).LineTable(1)
10:45:05.075 INFO: JdwpDebugServer: handling req: Method(6).LineTable(1)
10:45:05.075 INFO: JdwpDebugServer: handling req: Method(6).LineTable(1)
10:45:05.075 INFO: JdwpDebugServer: handling req: Method(6).LineTable(1)
10:45:05.075 INFO: JdwpDebugServer: handling req: Method(6).LineTable(1)
10:45:05.075 INFO: JdwpDebugServer: handling req: Method(6).LineTable(1)
10:45:05.075 INFO: JdwpDebugServer: handling req: Method(6).LineTable(1)
10:45:05.075 INFO: JdwpDebugServer: handling req: Method(6).LineTable(1)
10:45:05.075 INFO: JdwpDebugServer: handling req: Method(6).LineTable(1)
10:45:05.075 INFO: JdwpDebugServer: handling req: Method(6).LineTable(1)
10:45:05.076 INFO: JdwpDebugServer: handling req: Method(6).LineTable(1)
10:45:05.076 INFO: JdwpDebugServer: handling req: Method(6).LineTable(1)
10:45:05.076 INFO: JdwpDebugServer: handling req: Method(6).LineTable(1)
10:45:05.076 INFO: JdwpDebugServer: handling req: Method(6).LineTable(1)
10:45:05.076 INFO: JdwpDebugServer: handling req: Method(6).LineTable(1)
10:45:05.076 INFO: JdwpDebugServer: handling req: Method(6).LineTable(1)
10:45:05.076 INFO: JdwpDebugServer: handling req: Method(6).LineTable(1)
10:45:05.076 INFO: JdwpDebugServer: handling req: Method(6).LineTable(1)
10:45:05.076 INFO: JdwpDebugServer: handling req: Method(6).LineTable(1)
10:45:05.077 INFO: JdwpDebugServer: handling req: Method(6).LineTable(1)
10:45:05.077 INFO: JdwpDebugServer: handling req: Method(6).LineTable(1)
10:45:05.077 INFO: JdwpDebugServer: handling req: Method(6).LineTable(1)
10:45:05.077 INFO: JdwpDebugServer: handling req: Method(6).LineTable(1)
10:45:05.077 INFO: JdwpDebugServer: handling req: Method(6).LineTable(1)
10:45:05.077 INFO: JdwpDebugServer: handling req: Method(6).LineTable(1)
10:45:05.077 INFO: JdwpDebugServer: handling req: Method(6).LineTable(1)
10:45:05.077 INFO: JdwpDebugServer: handling req: Method(6).LineTable(1)
10:45:05.078 INFO: JdwpDebugServer: handling req: Method(6).LineTable(1)
10:45:05.078 INFO: JdwpDebugServer: handling req: Method(6).LineTable(1)
10:45:05.078 INFO: JdwpDebugServer: handling req: Method(6).LineTable(1)
10:45:05.078 INFO: JdwpDebugServer: handling req: Method(6).LineTable(1)
10:45:05.078 INFO: JdwpDebugServer: handling req: Method(6).LineTable(1)
10:45:05.078 INFO: JdwpDebugServer: handling req: Method(6).LineTable(1)
10:45:05.078 INFO: JdwpDebugServer: handling req: Method(6).LineTable(1)
10:45:05.078 INFO: JdwpDebugServer: handling req: Method(6).LineTable(1)
10:45:05.078 INFO: JdwpDebugServer: handling req: Method(6).LineTable(1)
10:45:05.078 INFO: JdwpDebugServer: handling req: Method(6).LineTable(1)
10:45:05.078 INFO: JdwpDebugServer: handling req: Method(6).LineTable(1)
10:45:05.078 INFO: JdwpDebugServer: handling req: Method(6).LineTable(1)
10:45:05.079 INFO: JdwpDebugServer: handling req: Method(6).LineTable(1)
10:45:05.079 INFO: JdwpDebugServer: handling req: EventRequest(15).Set(1)
10:45:05.079 INFO: JdwpEventCenterDelegate: jdwpSetEventRequest: JdwpEventRequest{requestId=114, eventKind=BREAKPOINT, suspendPolicy=EVENT_THREAD, predicates=[Location{classId=15500, methodId=1307, index=142} ]}
10:45:05.079 INFO: JdwpDebugServer: handling req: EventRequest(15).Set(1)
10:45:05.079 INFO: JdwpEventCenterDelegate: jdwpSetEventRequest: JdwpEventRequest{requestId=115, eventKind=CLASS_PREPARE, suspendPolicy=EVENT_THREAD, predicates=[className=com.badlogic.gdx.graphics.g2d.SpriteBatch]}
10:45:05.080 INFO: JdwpDebugServer: handling req: EventRequest(15).Set(1)
10:45:05.080 INFO: JdwpEventCenterDelegate: jdwpSetEventRequest: JdwpEventRequest{requestId=116, eventKind=CLASS_PREPARE, suspendPolicy=EVENT_THREAD, predicates=[className=com.badlogic.gdx.graphics.g2d.SpriteBatch$*]}
10:45:05.081 INFO: JdwpDebugServer: handling req: VirtualMachine(1).ClassesBySignature(2)
10:45:05.081 INFO: JdwpDebugServer: handling req: ReferenceType(2).MethodsWithGeneric(15)
10:45:05.082 INFO: JdwpDebugServer: handling req: Method(6).LineTable(1)
10:45:05.082 INFO: JdwpDebugServer: handling req: Method(6).LineTable(1)
10:45:05.082 INFO: JdwpDebugServer: handling req: Method(6).LineTable(1)
10:45:05.082 INFO: JdwpDebugServer: handling req: Method(6).LineTable(1)
10:45:05.082 INFO: JdwpDebugServer: handling req: Method(6).LineTable(1)
10:45:05.082 INFO: JdwpDebugServer: handling req: Method(6).LineTable(1)
10:45:05.082 INFO: JdwpDebugServer: handling req: Method(6).LineTable(1)
10:45:05.082 INFO: JdwpDebugServer: handling req: Method(6).LineTable(1)
10:45:05.082 INFO: JdwpDebugServer: handling req: Method(6).LineTable(1)
10:45:05.082 INFO: JdwpDebugServer: handling req: Method(6).LineTable(1)
10:45:05.082 INFO: JdwpDebugServer: handling req: Method(6).LineTable(1)
10:45:05.083 INFO: JdwpDebugServer: handling req: Method(6).LineTable(1)
10:45:05.083 INFO: JdwpDebugServer: handling req: Method(6).LineTable(1)
10:45:05.083 INFO: JdwpDebugServer: handling req: Method(6).LineTable(1)
10:45:05.083 INFO: JdwpDebugServer: handling req: Method(6).LineTable(1)
10:45:05.083 INFO: JdwpDebugServer: handling req: Method(6).LineTable(1)
10:45:05.083 INFO: JdwpDebugServer: handling req: Method(6).LineTable(1)
10:45:05.083 INFO: JdwpDebugServer: handling req: Method(6).LineTable(1)
10:45:05.083 INFO: JdwpDebugServer: handling req: Method(6).LineTable(1)
10:45:05.083 INFO: JdwpDebugServer: handling req: Method(6).LineTable(1)
10:45:05.083 INFO: JdwpDebugServer: handling req: Method(6).LineTable(1)
10:45:05.083 INFO: JdwpDebugServer: handling req: Method(6).LineTable(1)
10:45:05.083 INFO: JdwpDebugServer: handling req: Method(6).LineTable(1)
10:45:05.084 INFO: JdwpDebugServer: handling req: Method(6).LineTable(1)
10:45:05.084 INFO: JdwpDebugServer: handling req: Method(6).LineTable(1)
10:45:05.084 INFO: JdwpDebugServer: handling req: Method(6).LineTable(1)
10:45:05.084 INFO: JdwpDebugServer: handling req: Method(6).LineTable(1)
10:45:05.084 INFO: JdwpDebugServer: handling req: Method(6).LineTable(1)
10:45:05.084 INFO: JdwpDebugServer: handling req: Method(6).LineTable(1)
10:45:05.084 INFO: JdwpDebugServer: handling req: Method(6).LineTable(1)
10:45:05.084 INFO: JdwpDebugServer: handling req: Method(6).LineTable(1)
10:45:05.084 INFO: JdwpDebugServer: handling req: Method(6).LineTable(1)
10:45:05.084 INFO: JdwpDebugServer: handling req: Method(6).LineTable(1)
10:45:05.084 INFO: JdwpDebugServer: handling req: Method(6).LineTable(1)
10:45:05.084 INFO: JdwpDebugServer: handling req: Method(6).LineTable(1)
10:45:05.084 INFO: JdwpDebugServer: handling req: Method(6).LineTable(1)
10:45:05.085 INFO: JdwpDebugServer: handling req: Method(6).LineTable(1)
10:45:05.085 INFO: JdwpDebugServer: handling req: Method(6).LineTable(1)
10:45:05.085 INFO: JdwpDebugServer: handling req: Method(6).LineTable(1)
10:45:05.085 INFO: JdwpDebugServer: handling req: Method(6).LineTable(1)
10:45:05.085 INFO: JdwpDebugServer: handling req: Method(6).LineTable(1)
10:45:05.085 INFO: JdwpDebugServer: handling req: Method(6).LineTable(1)
10:45:05.085 INFO: JdwpDebugServer: handling req: Method(6).LineTable(1)
10:45:05.085 INFO: JdwpDebugServer: handling req: Method(6).LineTable(1)
10:45:05.085 INFO: JdwpDebugServer: handling req: EventRequest(15).Set(1)
10:45:05.085 INFO: JdwpEventCenterDelegate: jdwpSetEventRequest: JdwpEventRequest{requestId=117, eventKind=BREAKPOINT, suspendPolicy=EVENT_THREAD, predicates=[Location{classId=18040, methodId=1542, index=163} ]}
10:45:05.086 INFO: JdwpDebugServer: handling req: EventRequest(15).Set(1)
10:45:05.086 INFO: JdwpEventCenterDelegate: jdwpSetEventRequest: JdwpEventRequest{requestId=118, eventKind=CLASS_PREPARE, suspendPolicy=EVENT_THREAD, predicates=[className=com.badlogic.gdx.graphics.g2d.PolygonSpriteBatch]}
10:45:05.086 INFO: JdwpDebugServer: handling req: EventRequest(15).Set(1)
10:45:05.086 INFO: JdwpEventCenterDelegate: jdwpSetEventRequest: JdwpEventRequest{requestId=119, eventKind=CLASS_PREPARE, suspendPolicy=EVENT_THREAD, predicates=[className=com.badlogic.gdx.graphics.g2d.PolygonSpriteBatch$*]}
10:45:05.087 INFO: JdwpDebugServer: handling req: VirtualMachine(1).ClassesBySignature(2)
10:45:05.087 INFO: JdwpDebugServer: handling req: EventRequest(15).Set(1)
10:45:05.087 INFO: JdwpEventCenterDelegate: jdwpSetEventRequest: JdwpEventRequest{requestId=120, eventKind=BREAKPOINT, suspendPolicy=EVENT_THREAD, predicates=[Location{classId=15500, methodId=1307, index=141} ]}
10:45:05.088 INFO: JdwpDebugServer: handling req: EventRequest(15).Set(1)
10:45:05.088 INFO: JdwpEventCenterDelegate: jdwpSetEventRequest: JdwpEventRequest{requestId=121, eventKind=CLASS_PREPARE, suspendPolicy=EVENT_THREAD, predicates=[className=com.scottlogic.util.GL32CMacIssueHandler]}
10:45:05.089 INFO: JdwpDebugServer: handling req: EventRequest(15).Set(1)
10:45:05.089 INFO: JdwpEventCenterDelegate: jdwpSetEventRequest: JdwpEventRequest{requestId=122, eventKind=CLASS_PREPARE, suspendPolicy=EVENT_THREAD, predicates=[className=com.scottlogic.util.GL32CMacIssueHandler$*]}
10:45:05.089 INFO: JdwpDebugServer: handling req: VirtualMachine(1).ClassesBySignature(2)
10:45:05.090 INFO: JdwpDebugServer: handling req: ReferenceType(2).MethodsWithGeneric(15)
10:45:05.090 INFO: JdwpDebugServer: handling req: Method(6).LineTable(1)
10:45:05.090 INFO: JdwpDebugServer: handling req: Method(6).LineTable(1)
10:45:05.090 INFO: JdwpDebugServer: handling req: Method(6).LineTable(1)
10:45:05.090 INFO: JdwpDebugServer: handling req: Method(6).LineTable(1)
10:45:05.091 INFO: JdwpDebugServer: handling req: Method(6).LineTable(1)
10:45:05.091 INFO: JdwpDebugServer: handling req: EventRequest(15).Set(1)
10:45:05.091 INFO: JdwpEventCenterDelegate: jdwpSetEventRequest: JdwpEventRequest{requestId=123, eventKind=BREAKPOINT, suspendPolicy=EVENT_THREAD, predicates=[Location{classId=21445, methodId=1762, index=129} ]}
10:45:05.091 INFO: JdwpDebugServer: handling req: EventRequest(15).Set(1)
10:45:05.091 INFO: JdwpEventCenterDelegate: jdwpSetEventRequest: JdwpEventRequest{requestId=124, eventKind=CLASS_PREPARE, suspendPolicy=EVENT_THREAD, predicates=[className=com.scottlogic.util.ShaderProgramFactory]}
10:45:05.092 INFO: JdwpDebugServer: handling req: EventRequest(15).Set(1)
10:45:05.092 INFO: JdwpEventCenterDelegate: jdwpSetEventRequest: JdwpEventRequest{requestId=125, eventKind=CLASS_PREPARE, suspendPolicy=EVENT_THREAD, predicates=[className=com.scottlogic.util.ShaderProgramFactory$*]}
10:45:05.093 INFO: JdwpDebugServer: handling req: VirtualMachine(1).ClassesBySignature(2)
10:45:05.093 INFO: JdwpDebugServer: handling req: ReferenceType(2).MethodsWithGeneric(15)
10:45:05.094 INFO: JdwpDebugServer: handling req: Method(6).LineTable(1)
10:45:05.094 INFO: JdwpDebugServer: handling req: Method(6).LineTable(1)
10:45:05.094 INFO: JdwpDebugServer: handling req: Method(6).LineTable(1)
10:45:05.094 INFO: JdwpDebugServer: handling req: Method(6).LineTable(1)
10:45:05.094 INFO: JdwpDebugServer: handling req: Method(6).LineTable(1)
10:45:05.094 INFO: JdwpDebugServer: handling req: EventRequest(15).Set(1)
10:45:05.094 INFO: JdwpEventCenterDelegate: jdwpSetEventRequest: JdwpEventRequest{requestId=126, eventKind=BREAKPOINT, suspendPolicy=EVENT_THREAD, predicates=[Location{classId=20400, methodId=1787, index=106} ]}
10:45:05.095 INFO: JdwpDebugServer: handling req: VirtualMachine(1).capabilitiesNew(17)
10:45:05.097 INFO: JdwpDebugServer: handling req: EventRequest(15).Set(1)
10:45:05.097 INFO: JdwpEventCenterDelegate: jdwpSetEventRequest: JdwpEventRequest{requestId=127, eventKind=CLASS_PREPARE, suspendPolicy=EVENT_THREAD, predicates=[className=java.lang.Error]}
10:45:05.098 INFO: JdwpDebugServer: handling req: EventRequest(15).Set(1)
10:45:05.099 INFO: JdwpEventCenterDelegate: jdwpSetEventRequest: JdwpEventRequest{requestId=128, eventKind=CLASS_PREPARE, suspendPolicy=EVENT_THREAD, predicates=[className=java.lang.Error$*]}
10:45:05.099 INFO: JdwpDebugServer: handling req: VirtualMachine(1).ClassesBySignature(2)
10:45:05.100 INFO: JdwpDebugServer: handling req: EventRequest(15).Set(1)
10:45:05.100 INFO: JdwpEventCenterDelegate: jdwpSetEventRequest: JdwpEventRequest{requestId=129, eventKind=EXCEPTION, suspendPolicy=EVENT_THREAD, predicates=[exceptionType=3425(caught=true, uncaught=true)]}
10:45:05.176 INFO: JdwpDebugServer: handling req: EventRequest(15).Set(1)
10:45:05.176 INFO: JdwpEventCenterDelegate: jdwpSetEventRequest: JdwpEventRequest{requestId=130, eventKind=CLASS_PREPARE, suspendPolicy=EVENT_THREAD, predicates=[className=java.lang.Throwable]}
10:45:05.178 INFO: JdwpDebugServer: handling req: EventRequest(15).Set(1)
10:45:05.178 INFO: JdwpEventCenterDelegate: jdwpSetEventRequest: JdwpEventRequest{requestId=131, eventKind=CLASS_PREPARE, suspendPolicy=EVENT_THREAD, predicates=[className=java.lang.Throwable$*]}
10:45:05.178 INFO: JdwpDebugServer: handling req: VirtualMachine(1).ClassesBySignature(2)
10:45:05.179 INFO: JdwpDebugServer: handling req: EventRequest(15).Set(1)
10:45:05.179 INFO: JdwpEventCenterDelegate: jdwpSetEventRequest: JdwpEventRequest{requestId=132, eventKind=EXCEPTION, suspendPolicy=EVENT_THREAD, predicates=[exceptionType=7695(caught=false, uncaught=true)]}
10:45:05.188 INFO: JdwpDebugServer: handling req: ThreadReference(11).SuspendCount(12)
10:45:05.188 INFO: JdwpDebugServer: handling req: ThreadReference(11).SuspendCount(12)
10:45:05.188 INFO: JdwpDebugServer: handling req: ThreadReference(11).SuspendCount(12)
10:45:05.188 INFO: JdwpDebugServer: handling req: ThreadReference(11).SuspendCount(12)
10:45:05.188 INFO: JdwpDebugServer: handling req: VirtualMachine(1).AllThreads(4)
10:45:05.189 INFO: JdwpDebugServer: handling req: VirtualMachine(1).Resume(9)
10:45:05.276 INFO: JdwpEventCenterDelegate: THREAD_RESUMED: thread (33, main, main)
10:45:05.276 INFO: JdwpEventCenterDelegate: THREAD_RESUMED: thread (33, main, main)
10:45:05.277 INFO: JdwpEventCenterDelegate: THREAD_RESUMED: thread (33, main, main)
10:45:05.277 INFO: JdwpEventCenterDelegate: THREAD_RESUMED: thread (33, main, main)
10:45:05.278 INFO: JdwpEventCenterDelegate: THREAD_RESUMED: thread (33, main, main)
10:45:05.278 INFO: JdwpEventCenterDelegate: THREAD_RESUMED: thread (33, main, main)
10:45:05.279 INFO: JdwpEventCenterDelegate: THREAD_RESUMED: thread (33, main, main)
10:45:05.282 INFO: JdwpEventCenterDelegate: THREAD_RESUMED: thread (33, main, main)
10:45:05.283 INFO: JdwpEventCenterDelegate: THREAD_RESUMED: thread (33, main, main)
10:45:05.283 INFO: JdwpEventCenterDelegate: THREAD_RESUMED: thread (33, main, main)
10:45:05.284 INFO: JdwpEventCenterDelegate: THREAD_RESUMED: thread (33, main, main)
10:45:05.290 INFO: JdwpEventCenterDelegate: THREAD_RESUMED: thread (33, main, main)
10:45:05.290 INFO: JdwpEventCenterDelegate: THREAD_RESUMED: thread (33, main, main)
10:45:05.290 INFO: JdwpEventCenterDelegate: THREAD_RESUMED: thread (33, main, main)
10:45:05.368 INFO: JdwpEventCenterDelegate: THREAD_RESUMED: thread (33, main, main)
10:45:05.368 INFO: JdwpEventCenterDelegate: THREAD_RESUMED: thread (33, main, main)
10:45:05.369 INFO: JdwpEventCenterDelegate: THREAD_RESUMED: thread (33, main, main)
10:45:05.379 INFO: JdwpEventCenterDelegate: THREAD_RESUMED: thread (33, main, main)
10:45:05.380 INFO: JdwpEventCenterDelegate: THREAD_RESUMED: thread (33, main, main)
10:45:05.380 INFO: JdwpEventCenterDelegate: THREAD_RESUMED: thread (33, main, main)
10:45:05.650 INFO: JdwpEventCenterDelegate: THREAD_RESUMED: thread (33, main, main)
10:45:05.651 INFO: JdwpEventCenterDelegate: THREAD_RESUMED: thread (33, main, main)
10:45:05.652 INFO: JdwpEventCenterDelegate: THREAD_RESUMED: thread (33, main, main)
10:45:05.652 INFO: JdwpDebugServer: handling req: ThreadReference(11).Name(1)
10:45:05.653 INFO: JdwpDebugServer: handling req: ThreadReference(11).Name(1)
10:45:05.653 INFO: JdwpDebugServer: handling req: ThreadReference(11).Name(1)
10:45:05.653 INFO: JdwpDebugServer: handling req: ThreadReference(11).Name(1)
10:45:05.711 INFO: JdwpEventCenterDelegate: THREAD_RESUMED: thread (33, main, main)
10:45:05.713 INFO: JdwpEventCenterDelegate: THREAD_RESUMED: thread (33, main, main)
10:45:05.713 INFO: JdwpEventCenterDelegate: THREAD_RESUMED: thread (33, main, main)
10:45:05.739 INFO: JdwpEventCenterDelegate: THREAD_RESUMED: thread (33, main, main)
10:45:05.739 INFO: JdwpEventCenterDelegate: THREAD_RESUMED: thread (33, main, main)
10:45:05.740 INFO: JdwpEventCenterDelegate: THREAD_RESUMED: thread (33, main, main)
10:45:05.764 INFO: JdwpEventCenterDelegate: THREAD_RESUMED: thread (33, main, main)
10:45:05.764 INFO: JdwpEventCenterDelegate: THREAD_RESUMED: thread (33, main, main)
10:45:05.765 INFO: JdwpEventCenterDelegate: THREAD_RESUMED: thread (33, main, main)
10:45:05.765 INFO: JdwpEventCenterDelegate: THREAD_RESUMED: thread (33, main, main)
10:45:05.772 INFO: JdwpEventCenterDelegate: THREAD_RESUMED: thread (33, main, main)
10:45:05.772 INFO: JdwpEventCenterDelegate: THREAD_RESUMED: thread (33, main, main)
10:45:06.307 INFO: JdwpEventCenterDelegate: THREAD_RESUMED: thread (33, main, main)
10:45:06.307 INFO: JdwpEventCenterDelegate: THREAD_RESUMED: thread (33, main, main)
10:45:06.326 INFO: JdwpEventCenterDelegate: THREAD_RESUMED: thread (33, main, main)
10:45:06.326 INFO: JdwpEventCenterDelegate: THREAD_RESUMED: thread (33, main, main)
10:45:06.327 INFO: JdwpEventCenterDelegate: THREAD_RESUMED: thread (33, main, main)
10:45:06.327 INFO: JdwpEventCenterDelegate: THREAD_RESUMED: thread (33, main, main)
10:45:06.395 INFO: JdwpEventCenterDelegate: THREAD_RESUMED: thread (33, main, main)
10:45:06.752 INFO: JdwpDebugServer: handling req: EventRequest(15).Set(1)
10:45:06.752 INFO: JdwpEventCenterDelegate: jdwpSetEventRequest: JdwpEventRequest{requestId=133, eventKind=BREAKPOINT, suspendPolicy=EVENT_THREAD, predicates=[Location{classId=15500, methodId=1307, index=142} ]}
10:45:06.757 INFO: JdwpDebugServer: handling req: EventRequest(15).Set(1)
10:45:06.758 INFO: JdwpEventCenterDelegate: jdwpSetEventRequest: JdwpEventRequest{requestId=134, eventKind=BREAKPOINT, suspendPolicy=EVENT_THREAD, predicates=[Location{classId=15500, methodId=1307, index=141} ]}
10:45:06.765 INFO: JdwpDebugServer: handling req: ThreadReference(11).Resume(3)
10:45:06.767 INFO: JdwpEventCenterDelegate: THREAD_RESUMED: thread (33, main, main)
10:45:06.768 INFO: JdwpDebugServer: handling req: EventRequest(15).Set(1)
10:45:06.768 INFO: JdwpEventCenterDelegate: jdwpSetEventRequest: JdwpEventRequest{requestId=135, eventKind=BREAKPOINT, suspendPolicy=EVENT_THREAD, predicates=[Location{classId=21445, methodId=1762, index=129} ]}
10:45:06.777 INFO: JdwpDebugServer: handling req: ThreadReference(11).Resume(3)
10:45:06.778 INFO: JdwpEventCenterDelegate: THREAD_RESUMED: thread (33, main, main)
10:45:06.780 INFO: JdwpDebugServer: handling req: ThreadReference(11).Frames(6)
10:45:06.781 INFO: JdwpDebugServer: handling req: ReferenceType(2).MethodsWithGeneric(15)
10:45:06.781 INFO: JdwpDebugServer: handling req: ReferenceType(2).MethodsWithGeneric(15)
10:45:06.781 INFO: JdwpDebugServer: handling req: ReferenceType(2).MethodsWithGeneric(15)
10:45:06.782 INFO: JdwpDebugServer: handling req: ReferenceType(2).MethodsWithGeneric(15)
10:45:06.782 INFO: JdwpDebugServer: handling req: ReferenceType(2).MethodsWithGeneric(15)
10:45:06.782 INFO: JdwpDebugServer: handling req: ReferenceType(2).MethodsWithGeneric(15)
10:45:06.785 INFO: JdwpDebugServer: handling req: ThreadReference(11).FramesCount(7)
10:45:06.786 INFO: JdwpDebugServer: handling req: ThreadReference(11).FramesCount(7)
10:45:07.614 INFO: JdwpDebugServer: handling req: ReferenceType(2).SourceFile(7)
10:45:07.700 INFO: JdwpDebugServer: handling req: ThreadReference(11).Name(1)
10:45:07.701 INFO: JdwpDebugServer: handling req: ReferenceType(2).SignatureWithGeneric(13)
10:45:07.702 INFO: JdwpDebugServer: handling req: ThreadReference(11).Name(1)
10:45:07.702 INFO: JdwpDebugServer: handling req: ThreadReference(11).Name(1)
10:45:07.702 INFO: JdwpDebugServer: handling req: ThreadReference(11).Name(1)
10:45:07.702 INFO: JdwpDebugServer: handling req: ThreadReference(11).Name(1)
10:45:07.753 INFO: JdwpDebugServer: handling req: ReferenceType(2).FieldsWithGeneric(14)
10:45:07.753 INFO: JdwpDebugServer: handling req: ReferenceType(2).Interfaces(10)
10:45:07.753 INFO: JdwpDebugServer: handling req: ClassType(3).Superclass(1)
10:45:07.754 INFO: JdwpDebugServer: handling req: ClassType(3).Superclass(1)
10:45:07.754 INFO: JdwpDebugServer: handling req: Method(6).VariableTableWithGenerics(5)
10:45:07.824 INFO: JdwpDebugServer: handling req: StackFrame(16).GetValues(1)
10:45:07.825 INFO: JdwpDebugServer: handling req: StackFrame(16).GetValues(1)
10:45:07.827 INFO: JdwpDebugServer: handling req: ObjectReference(9).ReferenceType(1)
10:45:07.827 INFO: JdwpDebugServer: handling req: StackFrame(16).GetValues(1)
10:45:07.829 INFO: JdwpDebugServer: handling req: ClassType(3).Superclass(1)
10:45:07.829 INFO: JdwpDebugServer: handling req: ClassType(3).Superclass(1)
10:45:07.829 INFO: JdwpDebugServer: handling req: ClassType(3).Superclass(1)
10:45:07.829 INFO: JdwpDebugServer: handling req: ClassType(3).Superclass(1)
10:45:07.829 INFO: JdwpDebugServer: handling req: ReferenceType(2).Interfaces(10)
10:45:07.829 INFO: JdwpDebugServer: handling req: ReferenceType(2).Interfaces(10)
10:45:07.830 INFO: JdwpDebugServer: handling req: ReferenceType(2).Interfaces(10)
10:45:07.830 INFO: JdwpDebugServer: handling req: ReferenceType(2).Interfaces(10)
10:45:07.830 INFO: JdwpDebugServer: handling req: ReferenceType(2).Interfaces(10)
10:45:07.830 INFO: JdwpDebugServer: handling req: ReferenceType(2).Interfaces(10)
10:45:07.830 INFO: JdwpDebugServer: handling req: ReferenceType(2).Interfaces(10)
10:45:07.830 INFO: JdwpDebugServer: handling req: ReferenceType(2).Interfaces(10)
10:45:07.830 INFO: JdwpDebugServer: handling req: ClassType(3).Superclass(1)
10:45:07.830 INFO: JdwpDebugServer: handling req: ClassType(3).Superclass(1)
10:45:07.830 INFO: JdwpDebugServer: handling req: StringReference(10).Value(1)
10:45:07.831 INFO: JdwpDebugServer: handling req: StackFrame(16).GetValues(1)
10:45:07.831 INFO: JdwpDebugServer: handling req: StackFrame(16).GetValues(1)
10:45:07.831 INFO: JdwpDebugServer: handling req: StackFrame(16).GetValues(1)
10:45:07.832 INFO: JdwpDebugServer: handling req: StackFrame(16).GetValues(1)
10:45:07.832 INFO: JdwpDebugServer: handling req: ReferenceType(2).FieldsWithGeneric(14)
10:45:07.832 INFO: JdwpDebugServer: handling req: ReferenceType(2).FieldsWithGeneric(14)
10:45:07.832 INFO: JdwpDebugServer: handling req: StringReference(10).Value(1)
10:45:07.832 INFO: JdwpDebugServer: handling req: ReferenceType(2).FieldsWithGeneric(14)
10:45:07.832 INFO: JdwpDebugServer: handling req: ReferenceType(2).FieldsWithGeneric(14)
10:45:07.834 INFO: JdwpDebugServer: handling req: StackFrame(16).GetValues(1)
10:45:07.834 INFO: JdwpDebugServer: handling req: StackFrame(16).GetValues(1)
10:45:07.834 INFO: JdwpDebugServer: handling req: StackFrame(16).GetValues(1)
10:45:07.835 INFO: JdwpDebugServer: handling req: StackFrame(16).GetValues(1)
10:45:07.835 INFO: JdwpDebugServer: handling req: StackFrame(16).GetValues(1)
10:45:07.835 INFO: JdwpDebugServer: handling req: ObjectReference(9).ReferenceType(1)
10:45:07.835 INFO: JdwpDebugServer: handling req: ObjectReference(9).ReferenceType(1)
10:45:07.835 INFO: JdwpDebugServer: handling req: ClassType(3).Superclass(1)
10:45:07.836 INFO: JdwpDebugServer: handling req: StackFrame(16).GetValues(1)
10:45:07.836 INFO: JdwpDebugServer: handling req: StackFrame(16).GetValues(1)
10:45:07.836 INFO: JdwpDebugServer: handling req: StackFrame(16).GetValues(1)
10:45:07.836 INFO: JdwpDebugServer: handling req: StringReference(10).Value(1)
10:45:07.837 INFO: JdwpDebugServer: handling req: StackFrame(16).GetValues(1)
10:45:07.837 INFO: JdwpDebugServer: handling req: StackFrame(16).GetValues(1)
10:45:07.873 INFO: JdwpDebugServer: handling req: StackFrame(16).GetValues(1)
10:45:07.873 INFO: JdwpDebugServer: handling req: ClassType(3).Superclass(1)
10:45:07.873 INFO: JdwpDebugServer: handling req: StringReference(10).Value(1)
10:45:07.881 INFO: JdwpDebugServer: handling req: ThreadReference(11).FramesCount(7)
10:45:07.883 INFO: JdwpDebugServer: handling req: ThreadReference(11).Name(1)
10:45:07.883 INFO: JdwpDebugServer: handling req: ThreadReference(11).FramesCount(7)
10:45:07.883 INFO: JdwpDebugServer: handling req: ThreadReference(11).Name(1)
10:45:07.883 INFO: JdwpDebugServer: handling req: ThreadReference(11).Name(1)
10:45:07.884 INFO: JdwpDebugServer: handling req: ThreadReference(11).Name(1)
10:45:07.887 INFO: JdwpDebugServer: handling req: StackFrame(16).ThisObject(3)
10:45:07.887 INFO: JdwpDebugServer: handling req: ObjectReference(9).ReferenceType(1)
10:45:07.888 INFO: JdwpDebugServer: handling req: Method(6).LineTable(1)
10:45:07.888 INFO: JdwpDebugServer: handling req: StackFrame(16).ThisObject(3)
10:45:07.888 INFO: JdwpDebugServer: handling req: ObjectReference(9).ReferenceType(1)
10:45:07.889 INFO: JdwpDebugServer: handling req: Method(6).LineTable(1)
10:45:07.889 INFO: JdwpDebugServer: handling req: StackFrame(16).ThisObject(3)
10:45:07.889 INFO: JdwpDebugServer: handling req: ObjectReference(9).ReferenceType(1)
10:45:07.889 INFO: JdwpDebugServer: handling req: Method(6).LineTable(1)
10:45:07.890 INFO: JdwpDebugServer: handling req: StackFrame(16).ThisObject(3)
10:45:07.890 INFO: JdwpDebugServer: handling req: ObjectReference(9).ReferenceType(1)
10:45:07.890 INFO: JdwpDebugServer: handling req: Method(6).LineTable(1)
10:45:07.890 INFO: JdwpDebugServer: handling req: StackFrame(16).ThisObject(3)
10:45:07.891 INFO: JdwpDebugServer: handling req: ObjectReference(9).ReferenceType(1)
10:45:07.891 INFO: JdwpDebugServer: handling req: Method(6).LineTable(1)
10:45:07.891 INFO: JdwpDebugServer: handling req: Method(6).LineTable(1)
10:45:07.892 INFO: JdwpDebugServer: handling req: Method(6).LineTable(1)
10:45:10.443 INFO: JdwpDebugServer: handling req: ThreadReference(11).Resume(3)
10:45:10.443 INFO: JdwpEventCenterDelegate: THREAD_RESUMED: thread (33, main, main)
10:45:10.445 INFO: JdwpDebugServer: handling req: EventRequest(15).Set(1)
10:45:10.445 INFO: JdwpEventCenterDelegate: jdwpSetEventRequest: JdwpEventRequest{requestId=136, eventKind=BREAKPOINT, suspendPolicy=EVENT_THREAD, predicates=[Location{classId=20400, methodId=1787, index=106} ]}
10:45:10.453 INFO: JdwpDebugServer: handling req: ThreadReference(11).Resume(3)
10:45:10.453 INFO: JdwpEventCenterDelegate: THREAD_RESUMED: thread (33, main, main)
10:45:10.474 INFO: JdwpDebugServer: handling req: ThreadReference(11).Frames(6)
10:45:10.475 INFO: JdwpDebugServer: handling req: ThreadReference(11).FramesCount(7)
10:45:10.475 INFO: JdwpDebugServer: handling req: ThreadReference(11).FramesCount(7)
10:45:10.493 INFO: JdwpDebugServer: handling req: ThreadReference(11).Name(1)
10:45:10.493 INFO: JdwpDebugServer: handling req: ThreadReference(11).Name(1)
10:45:10.493 INFO: JdwpDebugServer: handling req: ThreadReference(11).Name(1)
10:45:10.539 INFO: JdwpDebugServer: handling req: ReferenceType(2).SignatureWithGeneric(13)
10:45:10.539 INFO: JdwpDebugServer: handling req: ThreadReference(11).Name(1)
10:45:10.539 INFO: JdwpDebugServer: handling req: ThreadReference(11).Name(1)
10:45:10.540 INFO: JdwpDebugServer: handling req: ThreadReference(11).Name(1)
10:45:10.540 INFO: JdwpDebugServer: handling req: ThreadReference(11).Name(1)
10:45:10.540 INFO: JdwpDebugServer: handling req: ThreadReference(11).Name(1)
10:45:10.558 INFO: JdwpDebugServer: handling req: ThreadReference(11).FramesCount(7)
10:45:10.558 INFO: JdwpDebugServer: handling req: ReferenceType(2).FieldsWithGeneric(14)
10:45:10.558 INFO: JdwpDebugServer: handling req: ReferenceType(2).Interfaces(10)
10:45:10.558 INFO: JdwpDebugServer: handling req: ClassType(3).Superclass(1)
10:45:10.559 INFO: JdwpDebugServer: handling req: Method(6).VariableTableWithGenerics(5)
10:45:10.582 INFO: JdwpDebugServer: handling req: ThreadReference(11).Name(1)
10:45:10.592 INFO: JdwpDebugServer: handling req: StackFrame(16).GetValues(1)
10:45:10.593 INFO: JdwpDebugServer: handling req: StackFrame(16).GetValues(1)
10:45:10.593 INFO: JdwpDebugServer: handling req: ObjectReference(9).ReferenceType(1)
10:45:10.593 INFO: JdwpDebugServer: handling req: StackFrame(16).GetValues(1)
10:45:10.594 INFO: JdwpDebugServer: handling req: ClassType(3).Superclass(1)
10:45:10.594 INFO: JdwpDebugServer: handling req: StackFrame(16).GetValues(1)
10:45:10.594 INFO: JdwpDebugServer: handling req: ObjectReference(9).ReferenceType(1)
10:45:10.594 INFO: JdwpDebugServer: handling req: StackFrame(16).GetValues(1)
10:45:10.594 INFO: JdwpDebugServer: handling req: StackFrame(16).GetValues(1)
10:45:10.595 INFO: JdwpDebugServer: handling req: StackFrame(16).GetValues(1)
10:45:10.595 INFO: JdwpDebugServer: handling req: StringReference(10).Value(1)
10:45:10.595 INFO: JdwpDebugServer: handling req: StackFrame(16).GetValues(1)
10:45:10.595 INFO: JdwpDebugServer: handling req: StackFrame(16).GetValues(1)
10:45:10.595 INFO: JdwpDebugServer: handling req: StackFrame(16).GetValues(1)
10:45:10.596 INFO: JdwpDebugServer: handling req: StackFrame(16).GetValues(1)
10:45:10.596 INFO: JdwpDebugServer: handling req: ThreadReference(11).FramesCount(7)
10:45:10.596 INFO: JdwpDebugServer: handling req: StackFrame(16).GetValues(1)
10:45:10.596 INFO: JdwpDebugServer: handling req: StackFrame(16).GetValues(1)
10:45:10.597 INFO: JdwpDebugServer: handling req: StackFrame(16).GetValues(1)
10:45:10.597 INFO: JdwpDebugServer: handling req: ObjectReference(9).ReferenceType(1)
10:45:10.597 INFO: JdwpDebugServer: handling req: ReferenceType(2).FieldsWithGeneric(14)
10:45:10.598 INFO: JdwpDebugServer: handling req: StackFrame(16).GetValues(1)
10:45:10.598 INFO: JdwpDebugServer: handling req: ReferenceType(2).Interfaces(10)
10:45:10.598 INFO: JdwpDebugServer: handling req: StackFrame(16).GetValues(1)
10:45:10.598 INFO: JdwpDebugServer: handling req: ReferenceType(2).FieldsWithGeneric(14)
10:45:10.599 INFO: JdwpDebugServer: handling req: ClassType(3).Superclass(1)
10:45:10.599 INFO: JdwpDebugServer: handling req: ReferenceType(2).Interfaces(10)
10:45:10.599 INFO: JdwpDebugServer: handling req: StackFrame(16).GetValues(1)
10:45:10.599 INFO: JdwpDebugServer: handling req: ClassType(3).Superclass(1)
10:45:10.599 INFO: JdwpDebugServer: handling req: StackFrame(16).GetValues(1)
10:45:10.599 INFO: JdwpDebugServer: handling req: StackFrame(16).GetValues(1)
10:45:10.600 INFO: JdwpDebugServer: handling req: StringReference(10).Value(1)
10:45:10.600 INFO: JdwpDebugServer: handling req: StackFrame(16).GetValues(1)
10:45:10.600 INFO: JdwpDebugServer: handling req: StackFrame(16).GetValues(1)
10:45:10.600 INFO: JdwpDebugServer: handling req: StackFrame(16).GetValues(1)
10:45:10.601 INFO: JdwpDebugServer: handling req: StackFrame(16).GetValues(1)
10:45:10.601 INFO: JdwpDebugServer: handling req: StackFrame(16).GetValues(1)
10:45:10.601 INFO: JdwpDebugServer: handling req: StackFrame(16).GetValues(1)
10:45:10.602 INFO: JdwpDebugServer: handling req: StackFrame(16).GetValues(1)
10:45:10.602 INFO: JdwpDebugServer: handling req: StackFrame(16).GetValues(1)
10:45:10.602 INFO: JdwpDebugServer: handling req: StackFrame(16).GetValues(1)
10:45:10.603 INFO: JdwpDebugServer: handling req: StackFrame(16).GetValues(1)
10:45:10.603 INFO: JdwpDebugServer: handling req: StackFrame(16).GetValues(1)
10:45:10.603 INFO: JdwpDebugServer: handling req: StackFrame(16).GetValues(1)
10:45:10.604 INFO: JdwpDebugServer: handling req: StackFrame(16).GetValues(1)
10:45:10.604 INFO: JdwpDebugServer: handling req: StackFrame(16).GetValues(1)
10:45:10.604 INFO: JdwpDebugServer: handling req: StackFrame(16).GetValues(1)
10:45:10.605 INFO: JdwpDebugServer: handling req: StackFrame(16).GetValues(1)
10:45:10.605 INFO: JdwpDebugServer: handling req: StackFrame(16).GetValues(1)
10:45:10.605 INFO: JdwpDebugServer: handling req: StackFrame(16).GetValues(1)
10:45:10.605 INFO: JdwpDebugServer: handling req: StackFrame(16).GetValues(1)
10:45:10.606 INFO: JdwpDebugServer: handling req: StackFrame(16).GetValues(1)
10:45:10.606 INFO: JdwpDebugServer: handling req: StackFrame(16).GetValues(1)
10:45:10.606 INFO: JdwpDebugServer: handling req: StackFrame(16).GetValues(1)
10:45:10.607 INFO: JdwpDebugServer: handling req: StackFrame(16).GetValues(1)
10:45:10.607 INFO: JdwpDebugServer: handling req: ClassType(3).Superclass(1)
10:45:10.607 INFO: JdwpDebugServer: handling req: StackFrame(16).GetValues(1)
10:45:10.607 INFO: JdwpDebugServer: handling req: StackFrame(16).GetValues(1)
10:45:10.608 INFO: JdwpDebugServer: handling req: StackFrame(16).GetValues(1)
10:45:10.608 INFO: JdwpDebugServer: handling req: StackFrame(16).GetValues(1)
10:45:10.608 INFO: JdwpDebugServer: handling req: StackFrame(16).GetValues(1)
10:45:10.608 INFO: JdwpDebugServer: handling req: StackFrame(16).GetValues(1)
10:45:10.608 INFO: JdwpDebugServer: handling req: StackFrame(16).GetValues(1)
10:45:10.609 INFO: JdwpDebugServer: handling req: StackFrame(16).GetValues(1)
10:45:10.609 INFO: JdwpDebugServer: handling req: StackFrame(16).ThisObject(3)
10:45:10.610 INFO: JdwpDebugServer: handling req: ObjectReference(9).ReferenceType(1)
10:45:10.610 INFO: JdwpDebugServer: handling req: StackFrame(16).ThisObject(3)
10:45:10.610 INFO: JdwpDebugServer: handling req: ObjectReference(9).ReferenceType(1)
10:45:10.611 INFO: JdwpDebugServer: handling req: StackFrame(16).ThisObject(3)
10:45:10.611 INFO: JdwpDebugServer: handling req: ObjectReference(9).ReferenceType(1)
10:45:10.611 INFO: JdwpDebugServer: handling req: StackFrame(16).ThisObject(3)
10:45:10.612 INFO: JdwpDebugServer: handling req: ObjectReference(9).ReferenceType(1)
10:45:10.612 INFO: JdwpDebugServer: handling req: StackFrame(16).ThisObject(3)
10:45:10.612 INFO: JdwpDebugServer: handling req: ObjectReference(9).ReferenceType(1)
10:45:10.612 INFO: JdwpDebugServer: handling req: StackFrame(16).GetValues(1)
10:45:10.612 INFO: JdwpDebugServer: handling req: StackFrame(16).GetValues(1)
10:45:10.613 INFO: JdwpDebugServer: handling req: ClassType(3).Superclass(1)
10:45:10.613 INFO: JdwpDebugServer: handling req: StackFrame(16).GetValues(1)
10:45:10.613 INFO: JdwpDebugServer: handling req: StackFrame(16).GetValues(1)
10:45:10.613 INFO: JdwpDebugServer: handling req: StackFrame(16).GetValues(1)
10:45:10.614 INFO: JdwpDebugServer: handling req: StackFrame(16).GetValues(1)
10:45:10.614 INFO: JdwpDebugServer: handling req: StackFrame(16).GetValues(1)
10:45:10.621 INFO: JdwpDebugServer: handling req: ReferenceType(2).SourceFile(7)
10:45:10.622 INFO: JdwpDebugServer: handling req: StackFrame(16).GetValues(1)
10:45:10.622 INFO: JdwpDebugServer: handling req: ClassType(3).Superclass(1)
10:45:10.624 INFO: JdwpDebugServer: handling req: ObjectReference(9).GetValues(2)
10:45:10.625 INFO: JdwpDebugServer: handling req: ObjectReference(9).GetValues(2)
10:45:10.625 INFO: JdwpDebugServer: handling req: ObjectReference(9).ReferenceType(1)
10:45:10.625 INFO: JdwpDebugServer: handling req: ClassType(3).Superclass(1)
10:45:10.625 INFO: JdwpDebugServer: handling req: StringReference(10).Value(1)
10:45:10.626 INFO: JdwpDebugServer: handling req: ObjectReference(9).GetValues(2)
10:45:10.626 INFO: JdwpDebugServer: handling req: ObjectReference(9).GetValues(2)
10:45:10.626 INFO: JdwpDebugServer: handling req: ObjectReference(9).GetValues(2)
10:45:10.626 INFO: JdwpDebugServer: handling req: ObjectReference(9).GetValues(2)
10:45:10.627 INFO: JdwpDebugServer: handling req: ObjectReference(9).GetValues(2)
10:45:10.627 INFO: JdwpDebugServer: handling req: ObjectReference(9).GetValues(2)
10:45:10.627 INFO: JdwpDebugServer: handling req: ObjectReference(9).GetValues(2)
10:45:10.627 INFO: JdwpDebugServer: handling req: ObjectReference(9).GetValues(2)
10:45:10.628 INFO: JdwpDebugServer: handling req: ObjectReference(9).ReferenceType(1)
10:45:10.628 INFO: JdwpDebugServer: handling req: ClassType(3).Superclass(1)
10:45:10.628 INFO: JdwpDebugServer: handling req: ClassType(3).Superclass(1)
10:45:10.628 INFO: JdwpDebugServer: handling req: ReferenceType(2).Interfaces(10)
10:45:10.628 INFO: JdwpDebugServer: handling req: ReferenceType(2).Interfaces(10)
10:45:10.628 INFO: JdwpDebugServer: handling req: ObjectReference(9).GetValues(2)
10:45:10.629 INFO: JdwpDebugServer: handling req: ObjectReference(9).GetValues(2)
10:45:10.629 INFO: JdwpDebugServer: handling req: ObjectReference(9).GetValues(2)
10:45:10.629 INFO: JdwpDebugServer: handling req: ObjectReference(9).GetValues(2)
10:45:10.629 INFO: JdwpDebugServer: handling req: ObjectReference(9).GetValues(2)
10:45:10.629 INFO: JdwpDebugServer: handling req: ObjectReference(9).GetValues(2)
10:45:10.629 INFO: JdwpDebugServer: handling req: ObjectReference(9).GetValues(2)
10:45:10.630 INFO: JdwpDebugServer: handling req: ObjectReference(9).ReferenceType(1)
10:45:10.630 INFO: JdwpDebugServer: handling req: ClassType(3).Superclass(1)
10:45:10.630 INFO: JdwpDebugServer: handling req: ObjectReference(9).GetValues(2)
10:45:10.630 INFO: JdwpDebugServer: handling req: ObjectReference(9).GetValues(2)
10:45:10.630 INFO: JdwpDebugServer: handling req: ObjectReference(9).GetValues(2)
10:45:10.630 INFO: JdwpDebugServer: handling req: ObjectReference(9).GetValues(2)
10:45:10.630 INFO: JdwpDebugServer: handling req: ObjectReference(9).GetValues(2)
10:45:10.631 INFO: JdwpDebugServer: handling req: ObjectReference(9).GetValues(2)
10:45:10.631 INFO: JdwpDebugServer: handling req: ObjectReference(9).GetValues(2)
10:45:10.631 INFO: JdwpDebugServer: handling req: ObjectReference(9).ReferenceType(1)
10:45:10.631 INFO: JdwpDebugServer: handling req: ClassType(3).Superclass(1)
10:45:10.631 INFO: JdwpDebugServer: handling req: ObjectReference(9).GetValues(2)
10:45:10.631 INFO: JdwpDebugServer: handling req: ObjectReference(9).GetValues(2)
10:45:10.632 INFO: JdwpDebugServer: handling req: ObjectReference(9).GetValues(2)
10:45:10.632 INFO: JdwpDebugServer: handling req: ObjectReference(9).GetValues(2)
10:45:10.632 INFO: JdwpDebugServer: handling req: ObjectReference(9).GetValues(2)
10:45:10.632 INFO: JdwpDebugServer: handling req: ObjectReference(9).GetValues(2)
10:45:10.633 INFO: JdwpDebugServer: handling req: ObjectReference(9).GetValues(2)
10:45:10.633 INFO: JdwpDebugServer: handling req: ObjectReference(9).GetValues(2)
10:45:10.633 INFO: JdwpDebugServer: handling req: ObjectReference(9).GetValues(2)
10:45:10.633 INFO: JdwpDebugServer: handling req: ObjectReference(9).GetValues(2)
10:45:10.633 INFO: JdwpDebugServer: handling req: ReferenceType(2).FieldsWithGeneric(14)
10:45:10.633 INFO: JdwpDebugServer: handling req: ObjectReference(9).GetValues(2)
10:45:10.633 INFO: JdwpDebugServer: handling req: ReferenceType(2).FieldsWithGeneric(14)
10:45:10.634 INFO: JdwpDebugServer: handling req: ObjectReference(9).GetValues(2)
10:45:10.634 INFO: JdwpDebugServer: handling req: ObjectReference(9).GetValues(2)
10:45:10.634 INFO: JdwpDebugServer: handling req: ObjectReference(9).GetValues(2)
10:45:10.634 INFO: JdwpDebugServer: handling req: ObjectReference(9).GetValues(2)
10:45:10.634 INFO: JdwpDebugServer: handling req: ObjectReference(9).GetValues(2)
10:45:10.634 INFO: JdwpDebugServer: handling req: ObjectReference(9).GetValues(2)
10:45:10.634 INFO: JdwpDebugServer: handling req: ObjectReference(9).GetValues(2)
10:45:10.634 INFO: JdwpDebugServer: handling req: ObjectReference(9).GetValues(2)
10:45:10.635 INFO: JdwpDebugServer: handling req: ObjectReference(9).GetValues(2)
10:45:10.635 INFO: JdwpDebugServer: handling req: ObjectReference(9).GetValues(2)
10:45:10.635 INFO: JdwpDebugServer: handling req: ClassType(3).Superclass(1)
10:45:10.635 INFO: JdwpDebugServer: handling req: ObjectReference(9).GetValues(2)
10:45:10.635 INFO: JdwpDebugServer: handling req: ObjectReference(9).GetValues(2)
10:45:10.635 INFO: JdwpDebugServer: handling req: ObjectReference(9).GetValues(2)
10:45:10.635 INFO: JdwpDebugServer: handling req: ObjectReference(9).GetValues(2)
10:45:10.635 INFO: JdwpDebugServer: handling req: ObjectReference(9).ReferenceType(1)
10:45:10.635 INFO: JdwpDebugServer: handling req: ObjectReference(9).GetValues(2)
10:45:10.636 INFO: JdwpDebugServer: handling req: ObjectReference(9).GetValues(2)
10:45:10.636 INFO: JdwpDebugServer: handling req: StringReference(10).Value(1)
10:45:10.636 INFO: JdwpDebugServer: handling req: ObjectReference(9).ReferenceType(1)
10:45:10.636 INFO: JdwpDebugServer: handling req: ObjectReference(9).GetValues(2)
10:45:10.636 INFO: JdwpDebugServer: handling req: ReferenceType(2).FieldsWithGeneric(14)
10:45:10.636 INFO: JdwpDebugServer: handling req: ObjectReference(9).GetValues(2)
10:45:10.636 INFO: JdwpDebugServer: handling req: ReferenceType(2).Interfaces(10)
10:45:10.637 INFO: JdwpDebugServer: handling req: ObjectReference(9).GetValues(2)
10:45:10.638 INFO: JdwpDebugServer: handling req: ClassType(3).Superclass(1)
10:45:10.638 INFO: JdwpDebugServer: handling req: ObjectReference(9).GetValues(2)
10:45:10.638 INFO: JdwpDebugServer: handling req: ReferenceType(2).FieldsWithGeneric(14)
10:45:10.638 INFO: JdwpDebugServer: handling req: ObjectReference(9).GetValues(2)
10:45:10.639 INFO: JdwpDebugServer: handling req: ReferenceType(2).Interfaces(10)
10:45:10.639 INFO: JdwpDebugServer: handling req: ObjectReference(9).GetValues(2)
10:45:10.639 INFO: JdwpDebugServer: handling req: ClassType(3).Superclass(1)
10:45:10.639 INFO: JdwpDebugServer: handling req: ObjectReference(9).GetValues(2)
10:45:10.639 INFO: JdwpDebugServer: handling req: ReferenceType(2).FieldsWithGeneric(14)
10:45:10.639 INFO: JdwpDebugServer: handling req: ObjectReference(9).GetValues(2)
10:45:10.639 INFO: JdwpDebugServer: handling req: ReferenceType(2).Interfaces(10)
10:45:10.639 INFO: JdwpDebugServer: handling req: ObjectReference(9).GetValues(2)
10:45:10.640 INFO: JdwpDebugServer: handling req: ClassType(3).Superclass(1)
10:45:10.640 INFO: JdwpDebugServer: handling req: ObjectReference(9).GetValues(2)
10:45:10.640 INFO: JdwpDebugServer: handling req: ObjectReference(9).GetValues(2)
10:45:10.640 INFO: JdwpDebugServer: handling req: ObjectReference(9).GetValues(2)
10:45:10.640 INFO: JdwpDebugServer: handling req: ObjectReference(9).ReferenceType(1)
10:45:10.640 INFO: JdwpDebugServer: handling req: ObjectReference(9).GetValues(2)
10:45:10.640 INFO: JdwpDebugServer: handling req: ReferenceType(2).FieldsWithGeneric(14)
10:45:10.641 INFO: JdwpDebugServer: handling req: ObjectReference(9).GetValues(2)
10:45:10.641 INFO: JdwpDebugServer: handling req: ReferenceType(2).Interfaces(10)
10:45:10.641 INFO: JdwpDebugServer: handling req: ObjectReference(9).GetValues(2)
10:45:10.641 INFO: JdwpDebugServer: handling req: ClassType(3).Superclass(1)
10:45:10.641 INFO: JdwpDebugServer: handling req: ObjectReference(9).GetValues(2)
10:45:10.641 INFO: JdwpDebugServer: handling req: ReferenceType(2).FieldsWithGeneric(14)
10:45:10.641 INFO: JdwpDebugServer: handling req: ObjectReference(9).GetValues(2)
10:45:10.642 INFO: JdwpDebugServer: handling req: ReferenceType(2).Interfaces(10)
10:45:10.642 INFO: JdwpDebugServer: handling req: ObjectReference(9).GetValues(2)
10:45:10.642 INFO: JdwpDebugServer: handling req: ClassType(3).Superclass(1)
10:45:10.642 INFO: JdwpDebugServer: handling req: ObjectReference(9).GetValues(2)
10:45:10.642 INFO: JdwpDebugServer: handling req: ObjectReference(9).GetValues(2)
10:45:10.642 INFO: JdwpDebugServer: handling req: ClassType(3).Superclass(1)
10:45:10.642 INFO: JdwpDebugServer: handling req: ObjectReference(9).GetValues(2)
10:45:10.642 INFO: JdwpDebugServer: handling req: ObjectReference(9).GetValues(2)
10:45:10.642 INFO: JdwpDebugServer: handling req: ObjectReference(9).GetValues(2)
10:45:10.643 INFO: JdwpDebugServer: handling req: ObjectReference(9).GetValues(2)
10:45:10.643 INFO: JdwpDebugServer: handling req: ObjectReference(9).ReferenceType(1)
10:45:10.643 INFO: JdwpDebugServer: handling req: ObjectReference(9).GetValues(2)
10:45:10.643 INFO: JdwpDebugServer: handling req: StringReference(10).Value(1)
10:45:10.643 INFO: JdwpDebugServer: handling req: ObjectReference(9).GetValues(2)
10:45:10.644 INFO: JdwpDebugServer: handling req: ObjectReference(9).GetValues(2)
10:45:10.644 INFO: JdwpDebugServer: handling req: ObjectReference(9).GetValues(2)
10:45:10.644 INFO: JdwpDebugServer: handling req: ObjectReference(9).GetValues(2)
10:45:10.644 INFO: JdwpDebugServer: handling req: ObjectReference(9).ReferenceType(1)
10:45:10.644 INFO: JdwpDebugServer: handling req: ObjectReference(9).GetValues(2)
10:45:10.644 INFO: JdwpDebugServer: handling req: ObjectReference(9).GetValues(2)
10:45:10.644 INFO: JdwpDebugServer: handling req: ObjectReference(9).GetValues(2)
10:45:10.644 INFO: JdwpDebugServer: handling req: ObjectReference(9).ReferenceType(1)
10:45:10.644 INFO: JdwpDebugServer: handling req: ObjectReference(9).GetValues(2)
10:45:10.644 INFO: JdwpDebugServer: handling req: ClassType(3).Superclass(1)
10:45:10.645 INFO: JdwpDebugServer: handling req: ObjectReference(9).ReferenceType(1)
10:45:10.645 INFO: JdwpDebugServer: handling req: ObjectReference(9).GetValues(2)
10:45:10.645 INFO: JdwpDebugServer: handling req: ObjectReference(9).GetValues(2)
10:45:10.645 INFO: JdwpDebugServer: handling req: ObjectReference(9).GetValues(2)
10:45:10.645 INFO: JdwpDebugServer: handling req: ObjectReference(9).GetValues(2)
10:45:10.645 INFO: JdwpDebugServer: handling req: ObjectReference(9).GetValues(2)
10:45:10.645 INFO: JdwpDebugServer: handling req: ObjectReference(9).ReferenceType(1)
10:45:10.647 INFO: JdwpDebugServer: handling req: ObjectReference(9).GetValues(2)
10:45:10.647 INFO: JdwpDebugServer: handling req: ObjectReference(9).GetValues(2)
10:45:10.647 INFO: JdwpDebugServer: handling req: ObjectReference(9).GetValues(2)
10:45:10.647 INFO: JdwpDebugServer: handling req: ObjectReference(9).GetValues(2)
10:45:10.648 INFO: JdwpDebugServer: handling req: ClassType(3).Superclass(1)
10:45:10.648 INFO: JdwpDebugServer: handling req: ObjectReference(9).GetValues(2)
10:45:10.648 INFO: JdwpDebugServer: handling req: ObjectReference(9).GetValues(2)
10:45:10.648 INFO: JdwpDebugServer: handling req: ObjectReference(9).GetValues(2)
10:45:10.648 INFO: JdwpDebugServer: handling req: ObjectReference(9).GetValues(2)
10:45:10.649 INFO: JdwpDebugServer: handling req: ObjectReference(9).GetValues(2)
10:45:10.649 INFO: JdwpDebugServer: handling req: ObjectReference(9).GetValues(2)
10:45:10.649 INFO: JdwpDebugServer: handling req: ObjectReference(9).GetValues(2)
10:45:10.649 INFO: JdwpDebugServer: handling req: ObjectReference(9).GetValues(2)
10:45:10.649 INFO: JdwpDebugServer: handling req: ObjectReference(9).GetValues(2)
10:45:10.650 INFO: JdwpDebugServer: handling req: ObjectReference(9).GetValues(2)
10:45:10.650 INFO: JdwpDebugServer: handling req: ObjectReference(9).GetValues(2)
10:45:10.650 INFO: JdwpDebugServer: handling req: ObjectReference(9).GetValues(2)
10:45:10.650 INFO: JdwpDebugServer: handling req: ObjectReference(9).GetValues(2)
10:45:10.651 INFO: JdwpDebugServer: handling req: ObjectReference(9).GetValues(2)
10:45:10.651 INFO: JdwpDebugServer: handling req: ObjectReference(9).GetValues(2)
10:45:10.651 INFO: JdwpDebugServer: handling req: ObjectReference(9).GetValues(2)
10:45:10.651 INFO: JdwpDebugServer: handling req: ObjectReference(9).GetValues(2)
10:45:10.652 INFO: JdwpDebugServer: handling req: ObjectReference(9).GetValues(2)
10:45:10.652 INFO: JdwpDebugServer: handling req: ObjectReference(9).GetValues(2)
10:45:10.652 INFO: JdwpDebugServer: handling req: ObjectReference(9).GetValues(2)
10:45:10.652 INFO: JdwpDebugServer: handling req: ObjectReference(9).GetValues(2)
10:45:10.652 INFO: JdwpDebugServer: handling req: ClassType(3).Superclass(1)
10:45:10.652 INFO: JdwpDebugServer: handling req: ObjectReference(9).GetValues(2)
10:45:10.652 INFO: JdwpDebugServer: handling req: ObjectReference(9).GetValues(2)
10:45:10.652 INFO: JdwpDebugServer: handling req: ObjectReference(9).GetValues(2)
10:45:10.653 INFO: JdwpDebugServer: handling req: ObjectReference(9).GetValues(2)
10:45:10.653 INFO: JdwpDebugServer: handling req: ObjectReference(9).GetValues(2)
10:45:10.653 INFO: JdwpDebugServer: handling req: ObjectReference(9).GetValues(2)
10:45:10.653 INFO: JdwpDebugServer: handling req: ObjectReference(9).GetValues(2)
10:45:10.653 INFO: JdwpDebugServer: handling req: ObjectReference(9).GetValues(2)
10:45:10.653 INFO: JdwpDebugServer: handling req: ObjectReference(9).GetValues(2)
10:45:10.653 INFO: JdwpDebugServer: handling req: ObjectReference(9).GetValues(2)
10:45:10.654 INFO: JdwpDebugServer: handling req: ObjectReference(9).GetValues(2)
10:45:10.654 INFO: JdwpDebugServer: handling req: ObjectReference(9).GetValues(2)
10:45:10.654 INFO: JdwpDebugServer: handling req: ObjectReference(9).GetValues(2)
10:45:10.654 INFO: JdwpDebugServer: handling req: ObjectReference(9).GetValues(2)
10:45:10.654 INFO: JdwpDebugServer: handling req: ClassType(3).Superclass(1)
10:45:10.654 INFO: JdwpDebugServer: handling req: ObjectReference(9).GetValues(2)
10:45:10.654 INFO: JdwpDebugServer: handling req: ObjectReference(9).GetValues(2)
10:45:10.654 INFO: JdwpDebugServer: handling req: ObjectReference(9).GetValues(2)
10:45:10.655 INFO: JdwpDebugServer: handling req: ObjectReference(9).GetValues(2)
10:45:10.655 INFO: JdwpDebugServer: handling req: ObjectReference(9).GetValues(2)
10:45:10.655 INFO: JdwpDebugServer: handling req: ObjectReference(9).GetValues(2)
10:45:10.655 INFO: JdwpDebugServer: handling req: ObjectReference(9).GetValues(2)
10:45:10.655 INFO: JdwpDebugServer: handling req: ClassType(3).Superclass(1)
10:45:10.655 INFO: JdwpDebugServer: handling req: ObjectReference(9).GetValues(2)
10:45:10.655 INFO: JdwpDebugServer: handling req: ObjectReference(9).GetValues(2)
10:45:10.656 INFO: JdwpDebugServer: handling req: ObjectReference(9).GetValues(2)
10:45:10.656 INFO: JdwpDebugServer: handling req: ObjectReference(9).GetValues(2)
10:45:10.656 INFO: JdwpDebugServer: handling req: ObjectReference(9).GetValues(2)
10:45:10.656 INFO: JdwpDebugServer: handling req: ObjectReference(9).GetValues(2)
10:45:10.656 INFO: JdwpDebugServer: handling req: ObjectReference(9).GetValues(2)
10:45:10.656 INFO: JdwpDebugServer: handling req: ClassType(3).Superclass(1)
10:45:10.656 INFO: JdwpDebugServer: handling req: ObjectReference(9).GetValues(2)
10:45:10.656 INFO: JdwpDebugServer: handling req: ObjectReference(9).GetValues(2)
10:45:10.657 INFO: JdwpDebugServer: handling req: ObjectReference(9).GetValues(2)
10:45:10.657 INFO: JdwpDebugServer: handling req: ObjectReference(9).GetValues(2)
10:45:10.657 INFO: JdwpDebugServer: handling req: ObjectReference(9).GetValues(2)
10:45:10.657 INFO: JdwpDebugServer: handling req: ObjectReference(9).GetValues(2)
10:45:10.658 INFO: JdwpDebugServer: handling req: ObjectReference(9).GetValues(2)
10:45:10.658 INFO: JdwpDebugServer: handling req: ObjectReference(9).GetValues(2)
10:45:10.658 INFO: JdwpDebugServer: handling req: ObjectReference(9).GetValues(2)
10:45:10.658 INFO: JdwpDebugServer: handling req: ObjectReference(9).GetValues(2)
10:45:10.659 INFO: JdwpDebugServer: handling req: ObjectReference(9).GetValues(2)
10:45:10.659 INFO: JdwpDebugServer: handling req: ObjectReference(9).GetValues(2)
10:45:10.659 INFO: JdwpDebugServer: handling req: ObjectReference(9).GetValues(2)
10:45:10.660 INFO: JdwpDebugServer: handling req: ClassType(3).Superclass(1)
10:45:10.660 INFO: JdwpDebugServer: handling req: ObjectReference(9).GetValues(2)
10:45:10.660 INFO: JdwpDebugServer: handling req: StringReference(10).Value(1)
10:45:10.660 INFO: JdwpDebugServer: handling req: ObjectReference(9).GetValues(2)
10:45:10.660 INFO: JdwpDebugServer: handling req: ClassType(3).Superclass(1)
10:45:10.660 INFO: JdwpDebugServer: handling req: ObjectReference(9).GetValues(2)
10:45:10.660 INFO: JdwpDebugServer: handling req: ObjectReference(9).GetValues(2)
10:45:10.660 INFO: JdwpDebugServer: handling req: ObjectReference(9).GetValues(2)
10:45:10.661 INFO: JdwpDebugServer: handling req: StringReference(10).Value(1)
10:45:10.661 INFO: JdwpDebugServer: handling req: ObjectReference(9).GetValues(2)
10:45:10.662 INFO: JdwpDebugServer: handling req: ObjectReference(9).GetValues(2)
10:45:11.484 INFO: JdwpDebugServer: handling req: ThreadReference(11).Resume(3)
10:45:11.484 INFO: JdwpEventCenterDelegate: THREAD_RESUMED: thread (33, main, main)
10:45:11.485 INFO: JdwpDebugServer: handling req: ReferenceType(2).MethodsWithGeneric(15)
10:45:11.486 INFO: JdwpDebugServer: handling req: Method(6).LineTable(1)
10:45:11.486 INFO: JdwpDebugServer: handling req: Method(6).LineTable(1)
10:45:11.486 INFO: JdwpDebugServer: handling req: Method(6).LineTable(1)
10:45:11.486 INFO: JdwpDebugServer: handling req: ThreadReference(11).Resume(3)
10:45:11.486 INFO: JdwpEventCenterDelegate: THREAD_RESUMED: thread (33, main, main)
10:45:11.489 INFO: JdwpEventCenterDelegate: THREAD_RESUMED: thread (33, main, main)
10:45:11.524 INFO: JdwpDebugServer: handling req: ThreadReference(11).Name(1)
10:45:11.525 INFO: JdwpDebugServer: handling req: ThreadReference(11).Name(1)
10:45:11.525 INFO: JdwpDebugServer: handling req: ThreadReference(11).Name(1)
10:45:11.530 SEVERE: Debugger: Thread HooksChannel socket thread crashed
org.robovm.debugger.DebuggerException: java.nio.BufferUnderflowException
	at org.robovm.debugger.hooks.HooksChannel.doSocketWork(HooksChannel.java:149)
	at java.base/java.lang.Thread.run(Thread.java:833)
	at org.robovm.debugger.utils.DebuggerThread.run(DebuggerThread.java:42)
Caused by: java.nio.BufferUnderflowException
	at org.robovm.debugger.utils.bytebuffer.DataBufferWriter.writeFromStream(DataBufferWriter.java:91)
	at org.robovm.debugger.hooks.HooksChannel.doSocketWork(HooksChannel.java:116)
	... 2 more
10:45:11.564 INFO: JdwpDebugServer: handling req: ThreadReference(11).Name(1)
