09:58:23.634 INFO: JdwpDebugServer: handling req: VirtualMachine(1).IDSizes(7)
09:58:23.642 INFO: JdwpDebugServer: handling req: EventRequest(15).Set(1)
09:58:23.642 INFO: JdwpEventCenterDelegate: jdwpSetEventRequest: JdwpEventRequest{requestId=100, eventKind=CLASS_UNLOAD, suspendPolicy=NONE, predicates=[]}
09:58:23.643 INFO: JdwpDebugServer: handling req: EventRequest(15).Set(1)
09:58:23.643 INFO: JdwpEventCenterDelegate: jdwpSetEventRequest: JdwpEventRequest{requestId=101, eventKind=THREAD_START, suspendPolicy=NONE, predicates=[]}
09:58:23.645 INFO: JdwpDebugServer: handling req: VirtualMachine(1).ClassesBySignature(2)
09:58:23.652 INFO: JdwpDebugServer: handling req: VirtualMachine(1).Version(1)
09:58:23.654 INFO: JdwpDebugServer: handling req: ReferenceType(2).MethodsWithGeneric(15)
09:58:23.662 INFO: JdwpDebugServer: handling req: Method(6).LineTable(1)
09:58:23.663 INFO: JdwpDebugServer: handling req: EventRequest(15).Set(1)
09:58:23.664 INFO: JdwpEventCenterDelegate: jdwpSetEventRequest: JdwpEventRequest{requestId=102, eventKind=BREAKPOINT, suspendPolicy=NONE, predicates=[Location{classId=845, methodId=257, index=928} ]}
09:58:23.668 INFO: JdwpDebugServer: handling req: EventRequest(15).Set(1)
09:58:23.668 INFO: JdwpEventCenterDelegate: jdwpSetEventRequest: JdwpEventRequest{requestId=103, eventKind=THREAD_DEATH, suspendPolicy=NONE, predicates=[]}
09:58:23.668 INFO: JdwpDebugServer: handling req: VirtualMachine(1).AllThreads(4)
09:58:23.674 INFO: JdwpDebugServer: handling req: EventRequest(15).Set(1)
09:58:23.675 INFO: JdwpEventCenterDelegate: jdwpSetEventRequest: JdwpEventRequest{requestId=104, eventKind=CLASS_PREPARE, suspendPolicy=EVENT_THREAD, predicates=[className=com.abdalla.bushnaq.pluvia.engine.AudioManager]}
09:58:23.676 INFO: JdwpDebugServer: handling req: EventRequest(15).Set(1)
09:58:23.676 INFO: JdwpEventCenterDelegate: jdwpSetEventRequest: JdwpEventRequest{requestId=105, eventKind=CLASS_PREPARE, suspendPolicy=EVENT_THREAD, predicates=[className=com.abdalla.bushnaq.pluvia.engine.AudioManager$*]}
09:58:23.676 INFO: JdwpDebugServer: handling req: VirtualMachine(1).ClassesBySignature(2)
09:58:23.677 INFO: JdwpDebugServer: handling req: ReferenceType(2).MethodsWithGeneric(15)
09:58:23.680 INFO: JdwpDebugServer: handling req: Method(6).LineTable(1)
09:58:23.681 INFO: JdwpDebugServer: handling req: Method(6).LineTable(1)
09:58:23.681 INFO: JdwpDebugServer: handling req: Method(6).LineTable(1)
09:58:23.681 INFO: JdwpDebugServer: handling req: Method(6).LineTable(1)
09:58:23.682 INFO: JdwpDebugServer: handling req: VirtualMachine(1).ClassesBySignature(2)
09:58:23.682 INFO: JdwpDebugServer: handling req: VirtualMachine(1).AllClassesWithGeneric(20)
09:58:23.720 INFO: JdwpDebugServer: handling req: VirtualMachine(1).capabilitiesNew(17)
09:58:23.726 INFO: JdwpDebugServer: handling req: EventRequest(15).Set(1)
09:58:23.727 INFO: JdwpEventCenterDelegate: jdwpSetEventRequest: JdwpEventRequest{requestId=106, eventKind=CLASS_PREPARE, suspendPolicy=EVENT_THREAD, predicates=[className=java.lang.Error]}
09:58:23.734 INFO: JdwpDebugServer: handling req: EventRequest(15).Set(1)
09:58:23.734 INFO: JdwpEventCenterDelegate: jdwpSetEventRequest: JdwpEventRequest{requestId=107, eventKind=CLASS_PREPARE, suspendPolicy=EVENT_THREAD, predicates=[className=java.lang.Error$*]}
09:58:23.735 INFO: JdwpDebugServer: handling req: VirtualMachine(1).ClassesBySignature(2)
09:58:23.743 INFO: JdwpDebugServer: handling req: EventRequest(15).Set(1)
09:58:23.743 INFO: JdwpEventCenterDelegate: jdwpSetEventRequest: JdwpEventRequest{requestId=108, eventKind=EXCEPTION, suspendPolicy=EVENT_THREAD, predicates=[exceptionType=3425(caught=true, uncaught=true)]}
09:58:23.760 INFO: JdwpDebugServer: handling req: EventRequest(15).Set(1)
09:58:23.760 INFO: JdwpEventCenterDelegate: jdwpSetEventRequest: JdwpEventRequest{requestId=109, eventKind=CLASS_PREPARE, suspendPolicy=EVENT_THREAD, predicates=[className=java.lang.Throwable]}
09:58:23.760 INFO: JdwpDebugServer: handling req: EventRequest(15).Set(1)
09:58:23.760 INFO: JdwpEventCenterDelegate: jdwpSetEventRequest: JdwpEventRequest{requestId=110, eventKind=CLASS_PREPARE, suspendPolicy=EVENT_THREAD, predicates=[className=java.lang.Throwable$*]}
09:58:23.760 INFO: JdwpDebugServer: handling req: VirtualMachine(1).ClassesBySignature(2)
09:58:23.761 INFO: JdwpDebugServer: handling req: EventRequest(15).Set(1)
09:58:23.761 INFO: JdwpEventCenterDelegate: jdwpSetEventRequest: JdwpEventRequest{requestId=111, eventKind=EXCEPTION, suspendPolicy=EVENT_THREAD, predicates=[exceptionType=7695(caught=false, uncaught=true)]}
09:59:18.557 SEVERE: Debugger: Thread HooksChannel socket thread crashed
org.robovm.debugger.DebuggerException: org.robovm.debugger.DebuggerException: Timeout while waiting simulator port file
	at org.robovm.debugger.hooks.HooksChannel.doSocketWork(HooksChannel.java:149)
	at java.base/java.lang.Thread.run(Thread.java:833)
	at org.robovm.debugger.utils.DebuggerThread.run(DebuggerThread.java:42)
Caused by: org.robovm.debugger.DebuggerException: Timeout while waiting simulator port file
	at org.robovm.compiler.plugin.debug.DebuggerLaunchPlugin$DebuggerLauncherCallback.connect(DebuggerLaunchPlugin.java:258)
	at org.robovm.debugger.hooks.HooksChannel.doSocketWork(HooksChannel.java:86)
	... 2 more
09:59:19.078 SEVERE: Debugger: Thread JDWP server socket thread crashed
org.robovm.debugger.DebuggerException: java.net.SocketException: Socket closed
	at org.robovm.debugger.jdwp.JdwpDebugServer.doSocketWork(JdwpDebugServer.java:215)
	at java.base/java.lang.Thread.run(Thread.java:833)
	at org.robovm.debugger.utils.DebuggerThread.run(DebuggerThread.java:42)
Caused by: java.net.SocketException: Socket closed
	at java.base/sun.nio.ch.NioSocketImpl.endRead(NioSocketImpl.java:248)
	at java.base/sun.nio.ch.NioSocketImpl.implRead(NioSocketImpl.java:327)
	at java.base/sun.nio.ch.NioSocketImpl.read(NioSocketImpl.java:350)
	at java.base/sun.nio.ch.NioSocketImpl$1.read(NioSocketImpl.java:803)
	at java.base/java.net.Socket$SocketInputStream.read(Socket.java:966)
	at org.robovm.debugger.utils.bytebuffer.DataBufferWriter.writeFromStream(DataBufferWriter.java:89)
	at org.robovm.debugger.jdwp.protocol.JdwpRequestHeader.readFromStream(JdwpRequestHeader.java:36)
	at org.robovm.debugger.jdwp.JdwpDebugServer.doSocketWork(JdwpDebugServer.java:185)
	... 2 more
