14:00:56.277 INFO: JdwpDebugServer: handling req: VirtualMachine(1).IDSizes(7)
14:00:56.286 INFO: JdwpDebugServer: handling req: EventRequest(15).Set(1)
14:00:56.290 INFO: JdwpEventCenterDelegate: jdwpSetEventRequest: JdwpEventRequest{requestId=100, eventKind=CLASS_UNLOAD, suspendPolicy=NONE, predicates=[]}
14:00:56.297 INFO: JdwpDebugServer: handling req: EventRequest(15).Set(1)
14:00:56.298 INFO: JdwpEventCenterDelegate: jdwpSetEventRequest: JdwpEventRequest{requestId=101, eventKind=THREAD_START, suspendPolicy=NONE, predicates=[]}
14:00:56.300 INFO: JdwpDebugServer: handling req: VirtualMachine(1).ClassesBySignature(2)
14:00:56.334 INFO: JdwpDebugServer: handling req: VirtualMachine(1).Version(1)
14:00:56.338 INFO: JdwpDebugServer: handling req: ReferenceType(2).MethodsWithGeneric(15)
14:00:56.379 INFO: JdwpDebugServer: handling req: Method(6).LineTable(1)
14:00:56.382 INFO: JdwpDebugServer: handling req: EventRequest(15).Set(1)
14:00:56.383 INFO: JdwpEventCenterDelegate: jdwpSetEventRequest: JdwpEventRequest{requestId=102, eventKind=BREAKPOINT, suspendPolicy=NONE, predicates=[Location{classId=845, methodId=257, index=928} ]}
14:00:56.383 INFO: JdwpDebugServer: handling req: EventRequest(15).Set(1)
14:00:56.383 INFO: JdwpEventCenterDelegate: jdwpSetEventRequest: JdwpEventRequest{requestId=103, eventKind=THREAD_DEATH, suspendPolicy=NONE, predicates=[]}
14:00:56.384 INFO: JdwpDebugServer: handling req: VirtualMachine(1).AllThreads(4)
14:00:56.406 INFO: JdwpDebugServer: handling req: EventRequest(15).Set(1)
14:00:56.406 INFO: JdwpEventCenterDelegate: jdwpSetEventRequest: JdwpEventRequest{requestId=104, eventKind=CLASS_PREPARE, suspendPolicy=EVENT_THREAD, predicates=[className=com.abdalla.bushnaq.pluvia.ui.MainDialog]}
14:00:56.472 INFO: JdwpDebugServer: handling req: EventRequest(15).Set(1)
14:00:56.472 INFO: JdwpEventCenterDelegate: jdwpSetEventRequest: JdwpEventRequest{requestId=105, eventKind=CLASS_PREPARE, suspendPolicy=EVENT_THREAD, predicates=[className=com.abdalla.bushnaq.pluvia.ui.MainDialog$*]}
14:00:56.718 INFO: JdwpDebugServer: handling req: VirtualMachine(1).ClassesBySignature(2)
14:00:56.742 INFO: JdwpDebugServer: handling req: ReferenceType(2).MethodsWithGeneric(15)
14:00:56.794 INFO: JdwpDebugServer: handling req: Method(6).LineTable(1)
14:00:56.798 INFO: JdwpDebugServer: handling req: Method(6).LineTable(1)
14:00:56.800 INFO: JdwpDebugServer: handling req: Method(6).LineTable(1)
14:00:56.802 INFO: JdwpDebugServer: handling req: Method(6).LineTable(1)
14:00:56.802 INFO: JdwpDebugServer: handling req: Method(6).LineTable(1)
14:00:56.802 INFO: JdwpDebugServer: handling req: Method(6).LineTable(1)
14:00:56.803 INFO: JdwpDebugServer: handling req: Method(6).LineTable(1)
14:00:56.803 INFO: JdwpDebugServer: handling req: Method(6).LineTable(1)
14:00:56.804 INFO: JdwpDebugServer: handling req: Method(6).LineTable(1)
14:00:56.807 INFO: JdwpDebugServer: handling req: Method(6).LineTable(1)
14:00:56.807 INFO: JdwpDebugServer: handling req: Method(6).LineTable(1)
14:00:56.808 INFO: JdwpDebugServer: handling req: Method(6).LineTable(1)
14:00:56.808 INFO: JdwpDebugServer: handling req: Method(6).LineTable(1)
14:00:56.809 INFO: JdwpDebugServer: handling req: VirtualMachine(1).ClassesBySignature(2)
14:00:56.812 INFO: JdwpDebugServer: handling req: VirtualMachine(1).AllClassesWithGeneric(20)
14:00:56.854 INFO: JdwpDebugServer: handling req: ReferenceType(2).MethodsWithGeneric(15)
14:00:56.854 INFO: JdwpDebugServer: handling req: Method(6).LineTable(1)
14:00:56.854 INFO: JdwpDebugServer: handling req: Method(6).LineTable(1)
14:00:56.855 INFO: JdwpDebugServer: handling req: ReferenceType(2).MethodsWithGeneric(15)
14:00:56.855 INFO: JdwpDebugServer: handling req: Method(6).LineTable(1)
14:00:56.856 INFO: JdwpDebugServer: handling req: Method(6).LineTable(1)
14:00:56.856 INFO: JdwpDebugServer: handling req: ReferenceType(2).MethodsWithGeneric(15)
14:00:56.856 INFO: JdwpDebugServer: handling req: Method(6).LineTable(1)
14:00:56.857 INFO: JdwpDebugServer: handling req: Method(6).LineTable(1)
14:00:56.857 INFO: JdwpDebugServer: handling req: ReferenceType(2).MethodsWithGeneric(15)
14:00:56.858 INFO: JdwpDebugServer: handling req: Method(6).LineTable(1)
14:00:56.858 INFO: JdwpDebugServer: handling req: Method(6).LineTable(1)
14:00:56.860 INFO: JdwpDebugServer: handling req: ReferenceType(2).MethodsWithGeneric(15)
14:00:56.861 INFO: JdwpDebugServer: handling req: Method(6).LineTable(1)
14:00:56.862 INFO: JdwpDebugServer: handling req: Method(6).LineTable(1)
14:00:56.862 INFO: JdwpDebugServer: handling req: ReferenceType(2).MethodsWithGeneric(15)
14:00:56.863 INFO: JdwpDebugServer: handling req: Method(6).LineTable(1)
14:00:56.863 INFO: JdwpDebugServer: handling req: Method(6).LineTable(1)
14:00:56.865 INFO: JdwpDebugServer: handling req: EventRequest(15).Set(1)
14:00:56.865 INFO: JdwpEventCenterDelegate: jdwpSetEventRequest: JdwpEventRequest{requestId=106, eventKind=CLASS_PREPARE, suspendPolicy=EVENT_THREAD, predicates=[className=com.abdalla.bushnaq.pluvia.ui.MainDialog]}
14:00:56.865 INFO: JdwpDebugServer: handling req: EventRequest(15).Set(1)
14:00:56.865 INFO: JdwpEventCenterDelegate: jdwpSetEventRequest: JdwpEventRequest{requestId=107, eventKind=CLASS_PREPARE, suspendPolicy=EVENT_THREAD, predicates=[className=com.abdalla.bushnaq.pluvia.ui.MainDialog$*]}
14:00:56.866 INFO: JdwpDebugServer: handling req: VirtualMachine(1).ClassesBySignature(2)
14:00:56.869 INFO: JdwpDebugServer: handling req: EventRequest(15).Set(1)
14:00:56.869 INFO: JdwpEventCenterDelegate: jdwpSetEventRequest: JdwpEventRequest{requestId=108, eventKind=BREAKPOINT, suspendPolicy=EVENT_THREAD, predicates=[Location{classId=28760, methodId=402, index=214} ]}
14:00:56.886 INFO: JdwpDebugServer: handling req: EventRequest(15).Set(1)
14:00:56.886 INFO: JdwpEventCenterDelegate: jdwpSetEventRequest: JdwpEventRequest{requestId=109, eventKind=CLASS_PREPARE, suspendPolicy=EVENT_THREAD, predicates=[className=com.badlogic.gdx.backends.lwjgl3.Lwjgl3Application]}
14:00:56.887 INFO: JdwpDebugServer: handling req: EventRequest(15).Set(1)
14:00:56.887 INFO: JdwpEventCenterDelegate: jdwpSetEventRequest: JdwpEventRequest{requestId=110, eventKind=CLASS_PREPARE, suspendPolicy=EVENT_THREAD, predicates=[className=com.badlogic.gdx.backends.lwjgl3.Lwjgl3Application$*]}
14:00:56.887 INFO: JdwpDebugServer: handling req: VirtualMachine(1).ClassesBySignature(2)
14:00:56.890 INFO: JdwpDebugServer: handling req: VirtualMachine(1).capabilitiesNew(17)
14:00:56.915 INFO: JdwpDebugServer: handling req: EventRequest(15).Set(1)
14:00:56.915 INFO: JdwpEventCenterDelegate: jdwpSetEventRequest: JdwpEventRequest{requestId=111, eventKind=CLASS_PREPARE, suspendPolicy=EVENT_THREAD, predicates=[className=java.lang.Error]}
14:00:56.916 INFO: JdwpDebugServer: handling req: EventRequest(15).Set(1)
14:00:56.916 INFO: JdwpEventCenterDelegate: jdwpSetEventRequest: JdwpEventRequest{requestId=112, eventKind=CLASS_PREPARE, suspendPolicy=EVENT_THREAD, predicates=[className=java.lang.Error$*]}
14:00:56.917 INFO: JdwpDebugServer: handling req: VirtualMachine(1).ClassesBySignature(2)
14:00:56.919 INFO: JdwpDebugServer: handling req: EventRequest(15).Set(1)
14:00:56.921 INFO: JdwpEventCenterDelegate: jdwpSetEventRequest: JdwpEventRequest{requestId=113, eventKind=EXCEPTION, suspendPolicy=EVENT_THREAD, predicates=[exceptionType=3425(caught=true, uncaught=true)]}
14:00:57.010 INFO: JdwpDebugServer: handling req: EventRequest(15).Set(1)
14:00:57.011 INFO: JdwpEventCenterDelegate: jdwpSetEventRequest: JdwpEventRequest{requestId=114, eventKind=CLASS_PREPARE, suspendPolicy=EVENT_THREAD, predicates=[className=java.lang.Throwable]}
14:00:57.011 INFO: JdwpDebugServer: handling req: EventRequest(15).Set(1)
14:00:57.011 INFO: JdwpEventCenterDelegate: jdwpSetEventRequest: JdwpEventRequest{requestId=115, eventKind=CLASS_PREPARE, suspendPolicy=EVENT_THREAD, predicates=[className=java.lang.Throwable$*]}
14:00:57.012 INFO: JdwpDebugServer: handling req: VirtualMachine(1).ClassesBySignature(2)
14:00:57.012 INFO: JdwpDebugServer: handling req: EventRequest(15).Set(1)
14:00:57.012 INFO: JdwpEventCenterDelegate: jdwpSetEventRequest: JdwpEventRequest{requestId=116, eventKind=EXCEPTION, suspendPolicy=EVENT_THREAD, predicates=[exceptionType=7695(caught=false, uncaught=true)]}
14:01:00.482 INFO: JdwpDebugServer: handling req: VirtualMachine(1).AllThreads(4)
14:01:00.516 INFO: JdwpDebugServer: handling req: VirtualMachine(1).Resume(9)
14:01:00.526 INFO: JdwpDebugServer: handling req: EventRequest(15).Set(1)
14:01:00.541 INFO: JdwpEventCenterDelegate: THREAD_STARTED: thread (33, main, main)
14:01:00.542 INFO: JdwpEventCenterDelegate: jdwpSetEventRequest: JdwpEventRequest{requestId=117, eventKind=EXCEPTION, suspendPolicy=EVENT_THREAD, predicates=[exceptionType=7695(caught=false, uncaught=true)]}
14:01:00.554 INFO: JdwpDebugServer: handling req: VirtualMachine(1).AllThreads(4)
14:01:00.555 INFO: JdwpDebugServer: handling req: VirtualMachine(1).Resume(9)
14:01:00.556 INFO: JdwpDebugServer: handling req: EventRequest(15).Set(1)
14:01:00.556 INFO: JdwpEventCenterDelegate: jdwpSetEventRequest: JdwpEventRequest{requestId=118, eventKind=EXCEPTION, suspendPolicy=EVENT_THREAD, predicates=[exceptionType=3425(caught=true, uncaught=true)]}
14:01:00.557 INFO: JdwpDebugServer: handling req: VirtualMachine(1).AllThreads(4)
14:01:00.557 INFO: JdwpDebugServer: handling req: VirtualMachine(1).Resume(9)
14:01:00.563 INFO: JdwpDebugServer: handling req: ObjectReference(9).IsCollected(9)
14:01:00.565 INFO: JdwpDebugServer: handling req: ThreadReference(11).ThreadGroup(5)
14:01:00.566 INFO: JdwpDebugServer: handling req: ThreadGroup(12).Name(1)
14:01:00.566 INFO: JdwpDebugServer: handling req: ThreadGroup(12).Parent(2)
14:01:00.567 INFO: JdwpDebugServer: handling req: ObjectReference(9).ReferenceType(1)
14:01:00.568 INFO: JdwpDebugServer: handling req: ReferenceType(2).FieldsWithGeneric(14)
14:01:00.570 INFO: JdwpDebugServer: handling req: ReferenceType(2).Interfaces(10)
14:01:00.571 INFO: JdwpDebugServer: handling req: ReferenceType(2).FieldsWithGeneric(14)
14:01:00.572 INFO: JdwpDebugServer: handling req: ReferenceType(2).Interfaces(10)
14:01:00.572 INFO: JdwpDebugServer: handling req: ClassType(3).Superclass(1)
14:01:00.572 INFO: JdwpDebugServer: handling req: ReferenceType(2).FieldsWithGeneric(14)
14:01:00.573 INFO: JdwpDebugServer: handling req: ReferenceType(2).Interfaces(10)
14:01:00.573 INFO: JdwpDebugServer: handling req: ClassType(3).Superclass(1)
14:01:00.573 INFO: JdwpDebugServer: handling req: ObjectReference(9).GetValues(2)
14:01:00.575 INFO: JdwpDebugServer: handling req: ThreadReference(11).Status(4)
14:01:00.575 INFO: JdwpDebugServer: handling req: ThreadReference(11).Status(4)
14:01:00.588 INFO: JdwpDebugServer: handling req: ThreadReference(11).Name(1)
14:01:00.590 INFO: JdwpDebugServer: handling req: ThreadReference(11).Name(1)
14:01:00.643 INFO: JdwpEventCenterDelegate: THREAD_STARTED: thread (48, ReferenceQueueDaemon, main)
14:01:00.644 INFO: JdwpDebugServer: handling req: ObjectReference(9).IsCollected(9)
14:01:00.644 INFO: JdwpEventCenterDelegate: THREAD_STARTED: thread (63, FinalizerDaemon, main)
14:01:00.644 INFO: JdwpDebugServer: handling req: ThreadReference(11).ThreadGroup(5)
14:01:00.645 INFO: JdwpEventCenterDelegate: THREAD_STARTED: thread (78, FinalizerWatchdogDaemon, main)
14:01:00.645 INFO: JdwpDebugServer: handling req: ObjectReference(9).ReferenceType(1)
14:01:00.645 INFO: JdwpDebugServer: handling req: ObjectReference(9).GetValues(2)
14:01:00.646 INFO: JdwpDebugServer: handling req: ThreadReference(11).Status(4)
14:01:00.646 INFO: JdwpDebugServer: handling req: ThreadReference(11).Status(4)
14:01:00.646 INFO: JdwpDebugServer: handling req: ObjectReference(9).IsCollected(9)
14:01:00.646 INFO: JdwpDebugServer: handling req: ThreadReference(11).ThreadGroup(5)
14:01:00.646 INFO: JdwpDebugServer: handling req: ObjectReference(9).ReferenceType(1)
14:01:00.646 INFO: JdwpDebugServer: handling req: ObjectReference(9).GetValues(2)
14:01:00.646 INFO: JdwpDebugServer: handling req: ThreadReference(11).Status(4)
14:01:00.647 INFO: JdwpDebugServer: handling req: ThreadReference(11).Status(4)
14:01:00.647 INFO: JdwpDebugServer: handling req: ObjectReference(9).IsCollected(9)
14:01:00.647 INFO: JdwpDebugServer: handling req: ThreadReference(11).ThreadGroup(5)
14:01:00.647 INFO: JdwpDebugServer: handling req: ObjectReference(9).ReferenceType(1)
14:01:00.647 INFO: JdwpDebugServer: handling req: ObjectReference(9).GetValues(2)
14:01:00.647 INFO: JdwpDebugServer: handling req: ThreadReference(11).Status(4)
14:01:00.648 INFO: JdwpDebugServer: handling req: ThreadReference(11).Status(4)
14:01:00.650 INFO: JdwpDebugServer: handling req: ThreadReference(11).Name(1)
14:01:00.651 INFO: JdwpDebugServer: handling req: ThreadReference(11).Name(1)
14:01:00.654 INFO: JdwpDebugServer: handling req: ThreadReference(11).Name(1)
14:01:00.654 INFO: JdwpDebugServer: handling req: ThreadReference(11).Name(1)
14:01:00.655 INFO: JdwpDebugServer: handling req: ThreadReference(11).Name(1)
14:01:00.655 INFO: JdwpDebugServer: handling req: ThreadReference(11).Name(1)
14:01:00.690 INFO: JdwpEventCenterDelegate: THREAD_RESUMED: thread (33, main, main)
14:01:00.690 INFO: JdwpEventCenterDelegate: THREAD_RESUMED: thread (33, main, main)
14:01:00.691 INFO: JdwpEventCenterDelegate: THREAD_RESUMED: thread (33, main, main)
14:01:00.691 INFO: JdwpEventCenterDelegate: THREAD_RESUMED: thread (33, main, main)
14:01:00.691 INFO: JdwpEventCenterDelegate: THREAD_RESUMED: thread (33, main, main)
14:01:00.692 INFO: JdwpEventCenterDelegate: THREAD_RESUMED: thread (33, main, main)
14:01:00.692 INFO: JdwpEventCenterDelegate: THREAD_RESUMED: thread (33, main, main)
14:01:00.694 INFO: JdwpEventCenterDelegate: THREAD_RESUMED: thread (33, main, main)
14:01:00.695 INFO: JdwpEventCenterDelegate: THREAD_RESUMED: thread (33, main, main)
14:01:00.695 INFO: JdwpEventCenterDelegate: THREAD_RESUMED: thread (33, main, main)
14:01:00.695 INFO: JdwpEventCenterDelegate: THREAD_RESUMED: thread (33, main, main)
14:01:00.700 INFO: JdwpEventCenterDelegate: THREAD_RESUMED: thread (33, main, main)
14:01:00.701 INFO: JdwpEventCenterDelegate: THREAD_RESUMED: thread (33, main, main)
14:01:00.701 INFO: JdwpEventCenterDelegate: THREAD_RESUMED: thread (33, main, main)
14:01:00.769 INFO: JdwpEventCenterDelegate: THREAD_RESUMED: thread (33, main, main)
14:01:00.769 INFO: JdwpEventCenterDelegate: THREAD_RESUMED: thread (33, main, main)
14:01:00.770 INFO: JdwpEventCenterDelegate: THREAD_RESUMED: thread (33, main, main)
14:01:00.778 INFO: JdwpEventCenterDelegate: THREAD_RESUMED: thread (33, main, main)
14:01:00.779 INFO: JdwpEventCenterDelegate: THREAD_RESUMED: thread (33, main, main)
14:01:00.779 INFO: JdwpEventCenterDelegate: THREAD_RESUMED: thread (33, main, main)
14:01:01.062 INFO: JdwpEventCenterDelegate: THREAD_RESUMED: thread (33, main, main)
14:01:01.062 INFO: JdwpEventCenterDelegate: THREAD_RESUMED: thread (33, main, main)
14:01:01.063 INFO: JdwpEventCenterDelegate: THREAD_RESUMED: thread (33, main, main)
14:01:01.131 INFO: JdwpEventCenterDelegate: THREAD_RESUMED: thread (33, main, main)
14:01:01.131 INFO: JdwpEventCenterDelegate: THREAD_RESUMED: thread (33, main, main)
14:01:01.132 INFO: JdwpEventCenterDelegate: THREAD_RESUMED: thread (33, main, main)
14:01:01.160 INFO: JdwpEventCenterDelegate: THREAD_RESUMED: thread (33, main, main)
14:01:01.160 INFO: JdwpEventCenterDelegate: THREAD_RESUMED: thread (33, main, main)
14:01:01.161 INFO: JdwpEventCenterDelegate: THREAD_RESUMED: thread (33, main, main)
14:01:01.184 INFO: JdwpEventCenterDelegate: THREAD_RESUMED: thread (33, main, main)
14:01:01.184 INFO: JdwpEventCenterDelegate: THREAD_RESUMED: thread (33, main, main)
14:01:01.185 INFO: JdwpEventCenterDelegate: THREAD_RESUMED: thread (33, main, main)
14:01:01.185 INFO: JdwpEventCenterDelegate: THREAD_RESUMED: thread (33, main, main)
14:01:01.192 INFO: JdwpEventCenterDelegate: THREAD_RESUMED: thread (33, main, main)
14:01:01.193 INFO: JdwpEventCenterDelegate: THREAD_RESUMED: thread (33, main, main)
14:01:01.755 INFO: JdwpEventCenterDelegate: THREAD_RESUMED: thread (33, main, main)
14:01:01.756 INFO: JdwpEventCenterDelegate: THREAD_RESUMED: thread (33, main, main)
14:01:01.783 INFO: JdwpEventCenterDelegate: THREAD_RESUMED: thread (33, main, main)
14:01:01.783 INFO: JdwpEventCenterDelegate: THREAD_RESUMED: thread (33, main, main)
14:01:01.784 INFO: JdwpEventCenterDelegate: THREAD_RESUMED: thread (33, main, main)
14:01:01.784 INFO: JdwpEventCenterDelegate: THREAD_RESUMED: thread (33, main, main)
14:01:01.864 INFO: JdwpEventCenterDelegate: THREAD_RESUMED: thread (33, main, main)
14:01:02.241 INFO: JdwpEventCenterDelegate: THREAD_RESUMED: thread (33, main, main)
14:01:02.241 INFO: JdwpEventCenterDelegate: THREAD_RESUMED: thread (33, main, main)
14:01:02.242 INFO: JdwpEventCenterDelegate: THREAD_RESUMED: thread (33, main, main)
14:01:02.243 INFO: JdwpEventCenterDelegate: THREAD_RESUMED: thread (33, main, main)
14:01:02.244 INFO: JdwpEventCenterDelegate: THREAD_RESUMED: thread (33, main, main)
14:01:02.245 INFO: JdwpEventCenterDelegate: THREAD_RESUMED: thread (33, main, main)
14:01:02.297 INFO: JdwpEventCenterDelegate: THREAD_RESUMED: thread (33, main, main)
14:01:02.299 INFO: JdwpEventCenterDelegate: THREAD_RESUMED: thread (33, main, main)
14:01:02.301 INFO: JdwpEventCenterDelegate: THREAD_RESUMED: thread (33, main, main)
14:01:02.302 INFO: JdwpEventCenterDelegate: THREAD_RESUMED: thread (33, main, main)
14:01:02.303 INFO: JdwpEventCenterDelegate: THREAD_RESUMED: thread (33, main, main)
14:01:02.305 INFO: JdwpEventCenterDelegate: THREAD_RESUMED: thread (33, main, main)
14:01:02.307 INFO: JdwpEventCenterDelegate: THREAD_RESUMED: thread (33, main, main)
14:01:02.326 INFO: JdwpEventCenterDelegate: THREAD_RESUMED: thread (33, main, main)
14:01:02.342 INFO: JdwpEventCenterDelegate: THREAD_RESUMED: thread (33, main, main)
14:01:02.356 INFO: JdwpEventCenterDelegate: THREAD_RESUMED: thread (33, main, main)
14:01:02.366 INFO: JdwpEventCenterDelegate: THREAD_RESUMED: thread (33, main, main)
14:01:02.382 INFO: JdwpEventCenterDelegate: THREAD_RESUMED: thread (33, main, main)
14:01:02.400 INFO: JdwpEventCenterDelegate: THREAD_RESUMED: thread (33, main, main)
14:01:02.406 INFO: JdwpEventCenterDelegate: THREAD_RESUMED: thread (33, main, main)
14:01:02.412 INFO: JdwpEventCenterDelegate: THREAD_RESUMED: thread (33, main, main)
14:01:02.417 INFO: JdwpEventCenterDelegate: THREAD_RESUMED: thread (33, main, main)
14:01:02.421 INFO: JdwpEventCenterDelegate: THREAD_RESUMED: thread (33, main, main)
14:01:02.428 INFO: JdwpEventCenterDelegate: THREAD_RESUMED: thread (33, main, main)
14:01:02.435 INFO: JdwpEventCenterDelegate: THREAD_RESUMED: thread (33, main, main)
14:01:02.441 INFO: JdwpEventCenterDelegate: THREAD_RESUMED: thread (33, main, main)
14:01:02.445 INFO: JdwpEventCenterDelegate: THREAD_RESUMED: thread (33, main, main)
14:01:02.451 INFO: JdwpEventCenterDelegate: THREAD_RESUMED: thread (33, main, main)
14:01:02.456 INFO: JdwpEventCenterDelegate: THREAD_RESUMED: thread (33, main, main)
14:01:02.463 INFO: JdwpEventCenterDelegate: THREAD_RESUMED: thread (33, main, main)
14:01:02.469 INFO: JdwpEventCenterDelegate: THREAD_RESUMED: thread (33, main, main)
14:01:02.471 INFO: JdwpEventCenterDelegate: THREAD_RESUMED: thread (33, main, main)
14:01:02.473 INFO: JdwpEventCenterDelegate: THREAD_RESUMED: thread (33, main, main)
14:01:02.474 INFO: JdwpEventCenterDelegate: THREAD_RESUMED: thread (33, main, main)
14:01:02.476 INFO: JdwpEventCenterDelegate: THREAD_RESUMED: thread (33, main, main)
14:01:02.478 INFO: JdwpEventCenterDelegate: THREAD_RESUMED: thread (33, main, main)
14:01:02.480 INFO: JdwpEventCenterDelegate: THREAD_RESUMED: thread (33, main, main)
14:01:02.481 INFO: JdwpEventCenterDelegate: THREAD_RESUMED: thread (33, main, main)
14:01:02.483 INFO: JdwpEventCenterDelegate: THREAD_RESUMED: thread (33, main, main)
14:01:02.484 INFO: JdwpEventCenterDelegate: THREAD_RESUMED: thread (33, main, main)
14:01:02.486 INFO: JdwpEventCenterDelegate: THREAD_RESUMED: thread (33, main, main)
14:01:02.487 INFO: JdwpEventCenterDelegate: THREAD_RESUMED: thread (33, main, main)
14:01:02.488 INFO: JdwpEventCenterDelegate: THREAD_RESUMED: thread (33, main, main)
14:01:02.489 INFO: JdwpEventCenterDelegate: THREAD_RESUMED: thread (33, main, main)
14:01:02.490 INFO: JdwpEventCenterDelegate: THREAD_RESUMED: thread (33, main, main)
14:01:02.492 INFO: JdwpEventCenterDelegate: THREAD_RESUMED: thread (33, main, main)
14:01:02.493 INFO: JdwpEventCenterDelegate: THREAD_RESUMED: thread (33, main, main)
14:01:02.494 INFO: JdwpEventCenterDelegate: THREAD_RESUMED: thread (33, main, main)
14:01:02.495 INFO: JdwpEventCenterDelegate: THREAD_RESUMED: thread (33, main, main)
14:01:02.496 INFO: JdwpEventCenterDelegate: THREAD_RESUMED: thread (33, main, main)
14:01:02.497 INFO: JdwpEventCenterDelegate: THREAD_RESUMED: thread (33, main, main)
14:01:02.498 INFO: JdwpEventCenterDelegate: THREAD_RESUMED: thread (33, main, main)
14:01:02.499 INFO: JdwpEventCenterDelegate: THREAD_RESUMED: thread (33, main, main)
14:01:02.500 INFO: JdwpEventCenterDelegate: THREAD_RESUMED: thread (33, main, main)
14:01:02.502 INFO: JdwpEventCenterDelegate: THREAD_RESUMED: thread (33, main, main)
14:01:02.503 INFO: JdwpEventCenterDelegate: THREAD_RESUMED: thread (33, main, main)
14:01:02.504 INFO: JdwpEventCenterDelegate: THREAD_RESUMED: thread (33, main, main)
14:01:02.505 INFO: JdwpEventCenterDelegate: THREAD_RESUMED: thread (33, main, main)
14:01:02.506 INFO: JdwpEventCenterDelegate: THREAD_RESUMED: thread (33, main, main)
14:01:02.507 INFO: JdwpEventCenterDelegate: THREAD_RESUMED: thread (33, main, main)
14:01:02.508 INFO: JdwpEventCenterDelegate: THREAD_RESUMED: thread (33, main, main)
14:01:02.509 INFO: JdwpEventCenterDelegate: THREAD_RESUMED: thread (33, main, main)
14:01:02.511 INFO: JdwpEventCenterDelegate: THREAD_RESUMED: thread (33, main, main)
14:01:02.512 INFO: JdwpEventCenterDelegate: THREAD_RESUMED: thread (33, main, main)
14:01:02.513 INFO: JdwpEventCenterDelegate: THREAD_RESUMED: thread (33, main, main)
14:01:02.514 INFO: JdwpEventCenterDelegate: THREAD_RESUMED: thread (33, main, main)
14:01:02.515 INFO: JdwpEventCenterDelegate: THREAD_RESUMED: thread (33, main, main)
14:01:02.516 INFO: JdwpEventCenterDelegate: THREAD_RESUMED: thread (33, main, main)
14:01:02.517 INFO: JdwpEventCenterDelegate: THREAD_RESUMED: thread (33, main, main)
14:01:02.519 INFO: JdwpEventCenterDelegate: THREAD_RESUMED: thread (33, main, main)
14:01:02.519 INFO: JdwpEventCenterDelegate: THREAD_RESUMED: thread (33, main, main)
14:01:02.521 INFO: JdwpEventCenterDelegate: THREAD_RESUMED: thread (33, main, main)
14:01:02.522 INFO: JdwpEventCenterDelegate: THREAD_RESUMED: thread (33, main, main)
14:01:02.523 INFO: JdwpEventCenterDelegate: THREAD_RESUMED: thread (33, main, main)
14:01:02.524 INFO: JdwpEventCenterDelegate: THREAD_RESUMED: thread (33, main, main)
14:01:02.525 INFO: JdwpEventCenterDelegate: THREAD_RESUMED: thread (33, main, main)
14:01:02.526 INFO: JdwpEventCenterDelegate: THREAD_RESUMED: thread (33, main, main)
14:01:02.527 INFO: JdwpEventCenterDelegate: THREAD_RESUMED: thread (33, main, main)
14:01:02.528 INFO: JdwpEventCenterDelegate: THREAD_RESUMED: thread (33, main, main)
14:01:02.529 INFO: JdwpEventCenterDelegate: THREAD_RESUMED: thread (33, main, main)
14:01:02.531 INFO: JdwpEventCenterDelegate: THREAD_RESUMED: thread (33, main, main)
14:01:02.531 INFO: JdwpEventCenterDelegate: THREAD_RESUMED: thread (33, main, main)
14:01:02.533 INFO: JdwpEventCenterDelegate: THREAD_RESUMED: thread (33, main, main)
14:01:02.534 INFO: JdwpEventCenterDelegate: THREAD_RESUMED: thread (33, main, main)
14:01:02.794 INFO: JdwpDebugServer: handling req: EventRequest(15).Set(1)
14:01:02.795 INFO: JdwpEventCenterDelegate: jdwpSetEventRequest: JdwpEventRequest{requestId=119, eventKind=BREAKPOINT, suspendPolicy=EVENT_THREAD, predicates=[Location{classId=28760, methodId=402, index=214} ]}
14:01:02.811 INFO: JdwpDebugServer: handling req: ThreadReference(11).Resume(3)
14:01:02.813 INFO: JdwpEventCenterDelegate: THREAD_RESUMED: thread (33, main, main)
14:01:02.819 INFO: JdwpDebugServer: handling req: ThreadReference(11).Resume(3)
14:01:02.819 INFO: JdwpEventCenterDelegate: THREAD_RESUMED: thread (33, main, main)
14:01:02.820 INFO: JdwpDebugServer: handling req: ThreadReference(11).Resume(3)
14:01:02.821 INFO: JdwpEventCenterDelegate: THREAD_RESUMED: thread (33, main, main)
14:01:02.821 INFO: JdwpDebugServer: handling req: ThreadReference(11).Resume(3)
14:01:02.822 INFO: JdwpEventCenterDelegate: THREAD_RESUMED: thread (33, main, main)
14:01:02.823 INFO: JdwpDebugServer: handling req: ThreadReference(11).Resume(3)
14:01:02.823 INFO: JdwpEventCenterDelegate: THREAD_RESUMED: thread (33, main, main)
14:01:02.825 INFO: JdwpDebugServer: handling req: ThreadReference(11).Resume(3)
14:01:02.825 INFO: JdwpEventCenterDelegate: THREAD_RESUMED: thread (33, main, main)
14:01:02.826 INFO: JdwpDebugServer: handling req: ThreadReference(11).Resume(3)
14:01:02.826 INFO: JdwpEventCenterDelegate: THREAD_RESUMED: thread (33, main, main)
14:01:02.833 INFO: JdwpDebugServer: handling req: ThreadReference(11).Frames(6)
14:01:02.834 INFO: JdwpDebugServer: handling req: ReferenceType(2).MethodsWithGeneric(15)
14:01:02.835 INFO: JdwpDebugServer: handling req: ReferenceType(2).MethodsWithGeneric(15)
14:01:02.835 INFO: JdwpDebugServer: handling req: ReferenceType(2).MethodsWithGeneric(15)
14:01:02.836 INFO: JdwpDebugServer: handling req: ReferenceType(2).MethodsWithGeneric(15)
14:01:02.836 INFO: JdwpDebugServer: handling req: ReferenceType(2).MethodsWithGeneric(15)
14:01:02.837 INFO: JdwpDebugServer: handling req: ReferenceType(2).MethodsWithGeneric(15)
14:01:02.839 INFO: JdwpDebugServer: handling req: ThreadReference(11).FramesCount(7)
14:01:02.840 INFO: JdwpDebugServer: handling req: ThreadReference(11).FramesCount(7)
14:01:03.735 INFO: JdwpDebugServer: handling req: ReferenceType(2).SourceFile(7)
14:01:03.787 INFO: JdwpDebugServer: handling req: ThreadReference(11).Name(1)
14:01:03.790 INFO: JdwpDebugServer: handling req: ReferenceType(2).SignatureWithGeneric(13)
14:01:03.792 INFO: JdwpDebugServer: handling req: ThreadReference(11).Name(1)
14:01:03.796 INFO: JdwpDebugServer: handling req: StackFrame(16).ThisObject(3)
14:01:03.802 INFO: JdwpDebugServer: handling req: ObjectReference(9).ReferenceType(1)
14:01:03.805 INFO: JdwpDebugServer: handling req: ThreadReference(11).Name(1)
14:01:03.805 INFO: JdwpDebugServer: handling req: ThreadReference(11).Name(1)
14:01:03.808 INFO: JdwpDebugServer: handling req: ThreadReference(11).Name(1)
14:01:03.863 INFO: JdwpDebugServer: handling req: Method(6).VariableTableWithGenerics(5)
14:01:03.890 INFO: JdwpDebugServer: handling req: ReferenceType(2).FieldsWithGeneric(14)
14:01:03.890 INFO: JdwpDebugServer: handling req: ReferenceType(2).Interfaces(10)
14:01:03.891 INFO: JdwpDebugServer: handling req: ClassType(3).Superclass(1)
14:01:03.892 INFO: JdwpDebugServer: handling req: ReferenceType(2).FieldsWithGeneric(14)
14:01:03.893 INFO: JdwpDebugServer: handling req: ReferenceType(2).Interfaces(10)
14:01:03.893 INFO: JdwpDebugServer: handling req: ClassType(3).Superclass(1)
14:01:03.893 INFO: JdwpDebugServer: handling req: ClassType(3).Superclass(1)
14:01:03.895 INFO: JdwpDebugServer: handling req: StackFrame(16).GetValues(1)
14:01:03.897 INFO: JdwpDebugServer: handling req: ObjectReference(9).ReferenceType(1)
14:01:03.897 INFO: JdwpDebugServer: handling req: ReferenceType(2).Modifiers(3)
14:01:03.897 INFO: JdwpDebugServer: handling req: ReferenceType(2).FieldsWithGeneric(14)
14:01:03.898 INFO: JdwpDebugServer: handling req: ClassType(3).Superclass(1)
14:01:03.898 INFO: JdwpDebugServer: handling req: ReferenceType(2).Interfaces(10)
14:01:03.898 INFO: JdwpDebugServer: handling req: ClassType(3).Superclass(1)
14:01:03.899 INFO: JdwpDebugServer: handling req: ReferenceType(2).FieldsWithGeneric(14)
14:01:03.899 INFO: JdwpDebugServer: handling req: ClassType(3).Superclass(1)
14:01:03.899 INFO: JdwpDebugServer: handling req: ReferenceType(2).Interfaces(10)
14:01:03.899 INFO: JdwpDebugServer: handling req: ClassType(3).Superclass(1)
14:01:03.900 INFO: JdwpDebugServer: handling req: ReferenceType(2).FieldsWithGeneric(14)
14:01:03.900 INFO: JdwpDebugServer: handling req: ReferenceType(2).Interfaces(10)
14:01:03.900 INFO: JdwpDebugServer: handling req: ReferenceType(2).FieldsWithGeneric(14)
14:01:03.900 INFO: JdwpDebugServer: handling req: ReferenceType(2).Interfaces(10)
14:01:03.900 INFO: JdwpDebugServer: handling req: ReferenceType(2).FieldsWithGeneric(14)
14:01:03.901 INFO: JdwpDebugServer: handling req: ReferenceType(2).Interfaces(10)
14:01:03.901 INFO: JdwpDebugServer: handling req: ClassType(3).Superclass(1)
14:01:03.901 INFO: JdwpDebugServer: handling req: StackFrame(16).GetValues(1)
14:01:03.901 INFO: JdwpDebugServer: handling req: ObjectReference(9).ReferenceType(1)
14:01:03.901 INFO: JdwpDebugServer: handling req: ReferenceType(2).FieldsWithGeneric(14)
14:01:03.902 INFO: JdwpDebugServer: handling req: StackFrame(16).GetValues(1)
14:01:03.902 INFO: JdwpDebugServer: handling req: ReferenceType(2).Interfaces(10)
14:01:03.903 INFO: JdwpDebugServer: handling req: ReferenceType(2).FieldsWithGeneric(14)
14:01:03.903 INFO: JdwpDebugServer: handling req: StackFrame(16).GetValues(1)
14:01:03.903 INFO: JdwpDebugServer: handling req: ReferenceType(2).Interfaces(10)
14:01:03.903 INFO: JdwpDebugServer: handling req: ReferenceType(2).FieldsWithGeneric(14)
14:01:03.903 INFO: JdwpDebugServer: handling req: ClassType(3).Superclass(1)
14:01:03.903 INFO: JdwpDebugServer: handling req: ReferenceType(2).Interfaces(10)
14:01:03.903 INFO: JdwpDebugServer: handling req: ReferenceType(2).FieldsWithGeneric(14)
14:01:03.903 INFO: JdwpDebugServer: handling req: StackFrame(16).GetValues(1)
14:01:03.904 INFO: JdwpDebugServer: handling req: ReferenceType(2).Interfaces(10)
14:01:03.904 INFO: JdwpDebugServer: handling req: ClassType(3).Superclass(1)
14:01:03.904 INFO: JdwpDebugServer: handling req: StackFrame(16).GetValues(1)
14:01:03.904 INFO: JdwpDebugServer: handling req: ReferenceType(2).FieldsWithGeneric(14)
14:01:03.904 INFO: JdwpDebugServer: handling req: StackFrame(16).GetValues(1)
14:01:03.905 INFO: JdwpDebugServer: handling req: ReferenceType(2).Interfaces(10)
14:01:03.905 INFO: JdwpDebugServer: handling req: ClassType(3).Superclass(1)
14:01:03.905 INFO: JdwpDebugServer: handling req: StackFrame(16).GetValues(1)
14:01:03.905 INFO: JdwpDebugServer: handling req: StackFrame(16).GetValues(1)
14:01:03.905 INFO: JdwpDebugServer: handling req: StackFrame(16).GetValues(1)
14:01:03.905 INFO: JdwpDebugServer: handling req: StackFrame(16).GetValues(1)
14:01:03.905 INFO: JdwpDebugServer: handling req: ClassType(3).Superclass(1)
14:01:03.906 INFO: JdwpDebugServer: handling req: StackFrame(16).GetValues(1)
14:01:03.906 INFO: JdwpDebugServer: handling req: StackFrame(16).GetValues(1)
14:01:03.906 INFO: JdwpDebugServer: handling req: StackFrame(16).GetValues(1)
14:01:03.906 INFO: JdwpDebugServer: handling req: StackFrame(16).GetValues(1)
14:01:03.906 INFO: JdwpDebugServer: handling req: StackFrame(16).GetValues(1)
14:01:03.935 INFO: JdwpDebugServer: handling req: ThreadReference(11).FramesCount(7)
14:01:04.555 INFO: JdwpDebugServer: handling req: ThreadReference(11).Name(1)
14:01:04.556 INFO: JdwpDebugServer: handling req: ThreadReference(11).Name(1)
14:01:04.556 INFO: JdwpDebugServer: handling req: ThreadReference(11).FramesCount(7)
14:01:04.556 INFO: JdwpDebugServer: handling req: ThreadReference(11).Name(1)
14:01:04.556 INFO: JdwpDebugServer: handling req: ThreadReference(11).Name(1)
14:01:04.559 INFO: JdwpDebugServer: handling req: StackFrame(16).ThisObject(3)
14:01:04.560 INFO: JdwpDebugServer: handling req: ObjectReference(9).ReferenceType(1)
14:01:04.560 INFO: JdwpDebugServer: handling req: StackFrame(16).ThisObject(3)
14:01:04.560 INFO: JdwpDebugServer: handling req: ObjectReference(9).ReferenceType(1)
14:01:04.561 INFO: JdwpDebugServer: handling req: StackFrame(16).ThisObject(3)
14:01:04.561 INFO: JdwpDebugServer: handling req: ObjectReference(9).ReferenceType(1)
14:01:04.561 INFO: JdwpDebugServer: handling req: Method(6).LineTable(1)
14:01:04.562 INFO: JdwpDebugServer: handling req: StackFrame(16).ThisObject(3)
14:01:04.562 INFO: JdwpDebugServer: handling req: ObjectReference(9).ReferenceType(1)
14:01:04.562 INFO: JdwpDebugServer: handling req: StackFrame(16).ThisObject(3)
14:01:04.563 INFO: JdwpDebugServer: handling req: ObjectReference(9).ReferenceType(1)
14:01:04.563 INFO: JdwpDebugServer: handling req: Method(6).LineTable(1)
14:01:04.563 INFO: JdwpDebugServer: handling req: StackFrame(16).ThisObject(3)
14:01:04.563 INFO: JdwpDebugServer: handling req: ObjectReference(9).ReferenceType(1)
14:01:04.563 INFO: JdwpDebugServer: handling req: Method(6).LineTable(1)
14:01:04.564 INFO: JdwpDebugServer: handling req: StackFrame(16).ThisObject(3)
14:01:04.564 INFO: JdwpDebugServer: handling req: ObjectReference(9).ReferenceType(1)
14:01:04.564 INFO: JdwpDebugServer: handling req: Method(6).LineTable(1)
14:01:04.564 INFO: JdwpDebugServer: handling req: StackFrame(16).ThisObject(3)
14:01:04.565 INFO: JdwpDebugServer: handling req: ObjectReference(9).ReferenceType(1)
14:01:04.565 INFO: JdwpDebugServer: handling req: Method(6).LineTable(1)
14:01:04.565 INFO: JdwpDebugServer: handling req: Method(6).LineTable(1)
14:01:04.566 INFO: JdwpDebugServer: handling req: Method(6).LineTable(1)
14:01:15.356 INFO: JdwpDebugServer: handling req: EventRequest(15).Clear(2)
14:01:15.358 INFO: JdwpDebugServer: handling req: EventRequest(15).Clear(2)
14:01:16.137 INFO: JdwpDebugServer: handling req: EventRequest(15).Clear(2)
14:01:16.138 INFO: JdwpDebugServer: handling req: EventRequest(15).Clear(2)
14:01:16.497 INFO: JdwpDebugServer: handling req: EventRequest(15).Clear(2)
14:01:16.502 INFO: JdwpDebugServer: handling req: EventRequest(15).Clear(2)
14:01:16.505 INFO: JdwpDebugServer: handling req: EventRequest(15).Clear(2)
14:01:16.509 INFO: JdwpDebugServer: handling req: EventRequest(15).Clear(2)
14:01:17.799 INFO: JdwpDebugServer: handling req: ThreadReference(11).Resume(3)
14:01:17.800 INFO: JdwpEventCenterDelegate: THREAD_RESUMED: thread (33, main, main)
14:01:17.822 INFO: JdwpDebugServer: handling req: ThreadReference(11).Name(1)
14:01:17.822 INFO: JdwpDebugServer: handling req: ThreadReference(11).Name(1)
14:01:17.822 INFO: JdwpDebugServer: handling req: ThreadReference(11).Name(1)
14:01:17.865 INFO: JdwpDebugServer: handling req: ThreadReference(11).Name(1)
14:01:17.891 INFO: JdwpEventCenterDelegate: THREAD_RESUMED: thread (33, main, main)
14:01:17.916 INFO: JdwpEventCenterDelegate: THREAD_RESUMED: thread (33, main, main)
14:01:17.917 INFO: JdwpEventCenterDelegate: THREAD_RESUMED: thread (33, main, main)
14:01:17.918 INFO: JdwpEventCenterDelegate: THREAD_RESUMED: thread (33, main, main)
14:01:18.192 INFO: JdwpEventCenterDelegate: THREAD_RESUMED: thread (33, main, main)
14:01:18.193 INFO: JdwpEventCenterDelegate: THREAD_RESUMED: thread (33, main, main)
14:01:18.230 INFO: JdwpEventCenterDelegate: THREAD_RESUMED: thread (33, main, main)
14:01:18.231 INFO: JdwpEventCenterDelegate: THREAD_RESUMED: thread (33, main, main)
14:01:18.256 INFO: JdwpEventCenterDelegate: THREAD_RESUMED: thread (33, main, main)
14:01:18.257 INFO: JdwpEventCenterDelegate: THREAD_RESUMED: thread (33, main, main)
14:01:18.258 INFO: JdwpEventCenterDelegate: THREAD_RESUMED: thread (33, main, main)
14:01:18.259 INFO: JdwpEventCenterDelegate: THREAD_RESUMED: thread (33, main, main)
14:01:18.260 INFO: JdwpEventCenterDelegate: THREAD_RESUMED: thread (33, main, main)
14:01:18.261 INFO: JdwpEventCenterDelegate: THREAD_RESUMED: thread (33, main, main)
14:02:04.677 SEVERE: Debugger: Thread HooksChannel socket thread crashed
org.robovm.debugger.DebuggerException: java.nio.BufferUnderflowException
	at org.robovm.debugger.hooks.HooksChannel.doSocketWork(HooksChannel.java:149)
	at java.base/java.lang.Thread.run(Thread.java:833)
	at org.robovm.debugger.utils.DebuggerThread.run(DebuggerThread.java:42)
Caused by: java.nio.BufferUnderflowException
	at org.robovm.debugger.utils.bytebuffer.DataBufferWriter.writeFromStream(DataBufferWriter.java:91)
	at org.robovm.debugger.hooks.HooksChannel.doSocketWork(HooksChannel.java:116)
	... 2 more
14:02:05.224 SEVERE: Debugger: Thread JDWP server socket thread crashed
org.robovm.debugger.DebuggerException: java.net.SocketException: Socket closed
	at org.robovm.debugger.jdwp.JdwpDebugServer.doSocketWork(JdwpDebugServer.java:215)
	at java.base/java.lang.Thread.run(Thread.java:833)
	at org.robovm.debugger.utils.DebuggerThread.run(DebuggerThread.java:42)
Caused by: java.net.SocketException: Socket closed
	at java.base/sun.nio.ch.NioSocketImpl.endRead(NioSocketImpl.java:248)
	at java.base/sun.nio.ch.NioSocketImpl.implRead(NioSocketImpl.java:327)
	at java.base/sun.nio.ch.NioSocketImpl.read(NioSocketImpl.java:350)
	at java.base/sun.nio.ch.NioSocketImpl$1.read(NioSocketImpl.java:803)
	at java.base/java.net.Socket$SocketInputStream.read(Socket.java:966)
	at org.robovm.debugger.utils.bytebuffer.DataBufferWriter.writeFromStream(DataBufferWriter.java:89)
	at org.robovm.debugger.jdwp.protocol.JdwpRequestHeader.readFromStream(JdwpRequestHeader.java:36)
	at org.robovm.debugger.jdwp.JdwpDebugServer.doSocketWork(JdwpDebugServer.java:185)
	... 2 more
