10:27:56.118 INFO: JdwpEventCenterDelegate: THREAD_STARTED: thread (33, main, main)
10:27:56.240 INFO: JdwpEventCenterDelegate: THREAD_STARTED: thread (48, ReferenceQueueDaemon, main)
10:27:56.241 INFO: JdwpEventCenterDelegate: THREAD_STARTED: thread (63, FinalizerDaemon, main)
10:27:56.242 INFO: JdwpEventCenterDelegate: THREAD_STARTED: thread (78, FinalizerWatchdogDaemon, main)
10:27:58.057 INFO: JdwpDebugServer: handling req: VirtualMachine(1).IDSizes(7)
10:27:58.059 INFO: JdwpDebugServer: handling req: EventRequest(15).Set(1)
10:27:58.060 INFO: JdwpEventCenterDelegate: jdwpSetEventRequest: JdwpEventRequest{requestId=100, eventKind=CLASS_UNLOAD, suspendPolicy=NONE, predicates=[]}
10:27:58.062 INFO: JdwpDebugServer: handling req: EventRequest(15).Set(1)
10:27:58.062 INFO: JdwpEventCenterDelegate: jdwpSetEventRequest: JdwpEventRequest{requestId=101, eventKind=THREAD_START, suspendPolicy=NONE, predicates=[]}
10:27:58.063 INFO: JdwpDebugServer: handling req: VirtualMachine(1).ClassesBySignature(2)
10:27:58.066 INFO: JdwpDebugServer: handling req: VirtualMachine(1).Version(1)
10:27:58.067 INFO: JdwpDebugServer: handling req: ReferenceType(2).MethodsWithGeneric(15)
10:27:58.070 INFO: JdwpDebugServer: handling req: Method(6).LineTable(1)
10:27:58.074 INFO: JdwpDebugServer: handling req: EventRequest(15).Set(1)
10:27:58.075 INFO: JdwpEventCenterDelegate: jdwpSetEventRequest: JdwpEventRequest{requestId=102, eventKind=BREAKPOINT, suspendPolicy=NONE, predicates=[Location{classId=845, methodId=257, index=928} ]}
10:27:58.076 INFO: JdwpDebugServer: handling req: EventRequest(15).Set(1)
10:27:58.076 INFO: JdwpEventCenterDelegate: jdwpSetEventRequest: JdwpEventRequest{requestId=103, eventKind=THREAD_DEATH, suspendPolicy=NONE, predicates=[]}
10:27:58.076 INFO: JdwpDebugServer: handling req: VirtualMachine(1).AllThreads(4)
10:27:58.077 INFO: JdwpDebugServer: handling req: ThreadReference(11).ThreadGroup(5)
10:27:58.077 INFO: JdwpDebugServer: handling req: ThreadGroup(12).Name(1)
10:27:58.078 INFO: JdwpDebugServer: handling req: ThreadGroup(12).Parent(2)
10:27:58.078 INFO: JdwpDebugServer: handling req: ObjectReference(9).ReferenceType(1)
10:27:58.079 INFO: JdwpDebugServer: handling req: ReferenceType(2).FieldsWithGeneric(14)
10:27:58.080 INFO: JdwpDebugServer: handling req: ReferenceType(2).Interfaces(10)
10:27:58.081 INFO: JdwpDebugServer: handling req: ReferenceType(2).FieldsWithGeneric(14)
10:27:58.081 INFO: JdwpDebugServer: handling req: ReferenceType(2).Interfaces(10)
10:27:58.081 INFO: JdwpDebugServer: handling req: ClassType(3).Superclass(1)
10:27:58.081 INFO: JdwpDebugServer: handling req: ReferenceType(2).FieldsWithGeneric(14)
10:27:58.082 INFO: JdwpDebugServer: handling req: ReferenceType(2).Interfaces(10)
10:27:58.082 INFO: JdwpDebugServer: handling req: ClassType(3).Superclass(1)
10:27:58.082 INFO: JdwpDebugServer: handling req: ObjectReference(9).GetValues(2)
10:27:58.084 INFO: JdwpDebugServer: handling req: ThreadReference(11).Status(4)
10:27:58.084 INFO: JdwpDebugServer: handling req: ThreadReference(11).Status(4)
10:27:58.084 INFO: JdwpDebugServer: handling req: ThreadReference(11).ThreadGroup(5)
10:27:58.085 INFO: JdwpDebugServer: handling req: ObjectReference(9).ReferenceType(1)
10:27:58.085 INFO: JdwpDebugServer: handling req: ObjectReference(9).GetValues(2)
10:27:58.086 INFO: JdwpDebugServer: handling req: ThreadReference(11).Status(4)
10:27:58.086 INFO: JdwpDebugServer: handling req: ThreadReference(11).Status(4)
10:27:58.086 INFO: JdwpDebugServer: handling req: ThreadReference(11).ThreadGroup(5)
10:27:58.086 INFO: JdwpDebugServer: handling req: ObjectReference(9).ReferenceType(1)
10:27:58.086 INFO: JdwpDebugServer: handling req: ObjectReference(9).GetValues(2)
10:27:58.087 INFO: JdwpDebugServer: handling req: ThreadReference(11).Status(4)
10:27:58.087 INFO: JdwpDebugServer: handling req: ThreadReference(11).Status(4)
10:27:58.087 INFO: JdwpDebugServer: handling req: ThreadReference(11).ThreadGroup(5)
10:27:58.087 INFO: JdwpDebugServer: handling req: ObjectReference(9).ReferenceType(1)
10:27:58.087 INFO: JdwpDebugServer: handling req: ObjectReference(9).GetValues(2)
10:27:58.088 INFO: JdwpDebugServer: handling req: ThreadReference(11).Status(4)
10:27:58.088 INFO: JdwpDebugServer: handling req: ThreadReference(11).Status(4)
10:27:58.090 INFO: JdwpDebugServer: handling req: EventRequest(15).Set(1)
10:27:58.091 INFO: JdwpEventCenterDelegate: jdwpSetEventRequest: JdwpEventRequest{requestId=104, eventKind=CLASS_PREPARE, suspendPolicy=EVENT_THREAD, predicates=[className=java.lang.Throwable]}
10:27:58.097 INFO: JdwpDebugServer: handling req: EventRequest(15).Set(1)
10:27:58.097 INFO: JdwpEventCenterDelegate: jdwpSetEventRequest: JdwpEventRequest{requestId=105, eventKind=CLASS_PREPARE, suspendPolicy=EVENT_THREAD, predicates=[className=java.lang.Throwable$*]}
10:27:58.098 INFO: JdwpDebugServer: handling req: VirtualMachine(1).ClassesBySignature(2)
10:27:58.099 INFO: JdwpDebugServer: handling req: ReferenceType(2).MethodsWithGeneric(15)
10:27:58.099 INFO: JdwpDebugServer: handling req: Method(6).LineTable(1)
10:27:58.101 INFO: JdwpDebugServer: handling req: Method(6).LineTable(1)
10:27:58.101 INFO: JdwpDebugServer: handling req: Method(6).LineTable(1)
10:27:58.101 INFO: JdwpDebugServer: handling req: Method(6).LineTable(1)
10:27:58.101 INFO: JdwpDebugServer: handling req: Method(6).LineTable(1)
10:27:58.101 INFO: JdwpDebugServer: handling req: Method(6).LineTable(1)
10:27:58.101 INFO: JdwpDebugServer: handling req: Method(6).LineTable(1)
10:27:58.101 INFO: JdwpDebugServer: handling req: Method(6).LineTable(1)
10:27:58.101 INFO: JdwpDebugServer: handling req: Method(6).LineTable(1)
10:27:58.102 INFO: JdwpDebugServer: handling req: Method(6).LineTable(1)
10:27:58.102 INFO: JdwpDebugServer: handling req: Method(6).LineTable(1)
10:27:58.102 INFO: JdwpDebugServer: handling req: Method(6).LineTable(1)
10:27:58.102 INFO: JdwpDebugServer: handling req: Method(6).LineTable(1)
10:27:58.102 INFO: JdwpDebugServer: handling req: Method(6).LineTable(1)
10:27:58.102 INFO: JdwpDebugServer: handling req: Method(6).LineTable(1)
10:27:58.102 INFO: JdwpDebugServer: handling req: Method(6).LineTable(1)
10:27:58.102 INFO: JdwpDebugServer: handling req: Method(6).LineTable(1)
10:27:58.102 INFO: JdwpDebugServer: handling req: Method(6).LineTable(1)
10:27:58.102 INFO: JdwpDebugServer: handling req: Method(6).LineTable(1)
10:27:58.102 INFO: JdwpDebugServer: handling req: Method(6).LineTable(1)
10:27:58.103 INFO: JdwpDebugServer: handling req: Method(6).LineTable(1)
10:27:58.103 INFO: JdwpDebugServer: handling req: Method(6).LineTable(1)
10:27:58.103 INFO: JdwpDebugServer: handling req: Method(6).LineTable(1)
10:27:58.103 INFO: JdwpDebugServer: handling req: Method(6).LineTable(1)
10:27:58.103 INFO: JdwpDebugServer: handling req: VirtualMachine(1).ClassesBySignature(2)
10:27:58.103 INFO: JdwpDebugServer: handling req: VirtualMachine(1).AllClassesWithGeneric(20)
10:27:58.124 INFO: JdwpDebugServer: handling req: EventRequest(15).Set(1)
10:27:58.124 INFO: JdwpEventCenterDelegate: jdwpSetEventRequest: JdwpEventRequest{requestId=106, eventKind=CLASS_PREPARE, suspendPolicy=EVENT_THREAD, predicates=[className=com.badlogic.gdx.utils.ScreenUtils]}
10:27:58.125 INFO: JdwpDebugServer: handling req: EventRequest(15).Set(1)
10:27:58.125 INFO: JdwpEventCenterDelegate: jdwpSetEventRequest: JdwpEventRequest{requestId=107, eventKind=CLASS_PREPARE, suspendPolicy=EVENT_THREAD, predicates=[className=com.badlogic.gdx.utils.ScreenUtils$*]}
10:27:58.126 INFO: JdwpDebugServer: handling req: VirtualMachine(1).ClassesBySignature(2)
10:27:58.127 INFO: JdwpDebugServer: handling req: ReferenceType(2).MethodsWithGeneric(15)
10:27:58.127 INFO: JdwpDebugServer: handling req: Method(6).LineTable(1)
10:27:58.127 INFO: JdwpDebugServer: handling req: Method(6).LineTable(1)
10:27:58.127 INFO: JdwpDebugServer: handling req: Method(6).LineTable(1)
10:27:58.127 INFO: JdwpDebugServer: handling req: Method(6).LineTable(1)
10:27:58.128 INFO: JdwpDebugServer: handling req: Method(6).LineTable(1)
10:27:58.128 INFO: JdwpDebugServer: handling req: Method(6).LineTable(1)
10:27:58.128 INFO: JdwpDebugServer: handling req: Method(6).LineTable(1)
10:27:58.128 INFO: JdwpDebugServer: handling req: Method(6).LineTable(1)
10:27:58.128 INFO: JdwpDebugServer: handling req: Method(6).LineTable(1)
10:27:58.129 INFO: JdwpDebugServer: handling req: Method(6).LineTable(1)
10:27:58.129 INFO: JdwpDebugServer: handling req: EventRequest(15).Set(1)
10:27:58.129 INFO: JdwpEventCenterDelegate: jdwpSetEventRequest: JdwpEventRequest{requestId=108, eventKind=BREAKPOINT, suspendPolicy=EVENT_THREAD, predicates=[Location{classId=22240, methodId=1272, index=89} ]}
10:27:58.133 INFO: JdwpDebugServer: handling req: EventRequest(15).Set(1)
10:27:58.133 INFO: JdwpEventCenterDelegate: jdwpSetEventRequest: JdwpEventRequest{requestId=109, eventKind=CLASS_PREPARE, suspendPolicy=EVENT_THREAD, predicates=[className=com.badlogic.gdx.utils.ScreenUtils]}
10:27:58.134 INFO: JdwpDebugServer: handling req: EventRequest(15).Set(1)
10:27:58.134 INFO: JdwpEventCenterDelegate: jdwpSetEventRequest: JdwpEventRequest{requestId=110, eventKind=CLASS_PREPARE, suspendPolicy=EVENT_THREAD, predicates=[className=com.badlogic.gdx.utils.ScreenUtils$*]}
10:27:58.135 INFO: JdwpDebugServer: handling req: VirtualMachine(1).ClassesBySignature(2)
10:27:58.135 INFO: JdwpDebugServer: handling req: EventRequest(15).Set(1)
10:27:58.135 INFO: JdwpEventCenterDelegate: jdwpSetEventRequest: JdwpEventRequest{requestId=111, eventKind=BREAKPOINT, suspendPolicy=EVENT_THREAD, predicates=[Location{classId=22240, methodId=1267, index=72} ]}
10:27:58.136 INFO: JdwpDebugServer: handling req: EventRequest(15).Set(1)
10:27:58.136 INFO: JdwpEventCenterDelegate: jdwpSetEventRequest: JdwpEventRequest{requestId=112, eventKind=CLASS_PREPARE, suspendPolicy=EVENT_THREAD, predicates=[className=com.badlogic.gdx.graphics.g2d.PolygonSpriteBatch]}
10:27:58.137 INFO: JdwpDebugServer: handling req: EventRequest(15).Set(1)
10:27:58.137 INFO: JdwpEventCenterDelegate: jdwpSetEventRequest: JdwpEventRequest{requestId=113, eventKind=CLASS_PREPARE, suspendPolicy=EVENT_THREAD, predicates=[className=com.badlogic.gdx.graphics.g2d.PolygonSpriteBatch$*]}
10:27:58.137 INFO: JdwpDebugServer: handling req: VirtualMachine(1).ClassesBySignature(2)
10:27:58.137 INFO: JdwpDebugServer: handling req: ReferenceType(2).MethodsWithGeneric(15)
10:27:58.138 INFO: JdwpDebugServer: handling req: Method(6).LineTable(1)
10:27:58.138 INFO: JdwpDebugServer: handling req: Method(6).LineTable(1)
10:27:58.138 INFO: JdwpDebugServer: handling req: Method(6).LineTable(1)
10:27:58.138 INFO: JdwpDebugServer: handling req: Method(6).LineTable(1)
10:27:58.139 INFO: JdwpDebugServer: handling req: Method(6).LineTable(1)
10:27:58.139 INFO: JdwpDebugServer: handling req: Method(6).LineTable(1)
10:27:58.139 INFO: JdwpDebugServer: handling req: Method(6).LineTable(1)
10:27:58.139 INFO: JdwpDebugServer: handling req: Method(6).LineTable(1)
10:27:58.139 INFO: JdwpDebugServer: handling req: Method(6).LineTable(1)
10:27:58.139 INFO: JdwpDebugServer: handling req: Method(6).LineTable(1)
10:27:58.139 INFO: JdwpDebugServer: handling req: Method(6).LineTable(1)
10:27:58.139 INFO: JdwpDebugServer: handling req: Method(6).LineTable(1)
10:27:58.139 INFO: JdwpDebugServer: handling req: Method(6).LineTable(1)
10:27:58.139 INFO: JdwpDebugServer: handling req: Method(6).LineTable(1)
10:27:58.140 INFO: JdwpDebugServer: handling req: Method(6).LineTable(1)
10:27:58.140 INFO: JdwpDebugServer: handling req: Method(6).LineTable(1)
10:27:58.140 INFO: JdwpDebugServer: handling req: Method(6).LineTable(1)
10:27:58.140 INFO: JdwpDebugServer: handling req: Method(6).LineTable(1)
10:27:58.140 INFO: JdwpDebugServer: handling req: Method(6).LineTable(1)
10:27:58.140 INFO: JdwpDebugServer: handling req: Method(6).LineTable(1)
10:27:58.140 INFO: JdwpDebugServer: handling req: Method(6).LineTable(1)
10:27:58.141 INFO: JdwpDebugServer: handling req: Method(6).LineTable(1)
10:27:58.141 INFO: JdwpDebugServer: handling req: Method(6).LineTable(1)
10:27:58.141 INFO: JdwpDebugServer: handling req: Method(6).LineTable(1)
10:27:58.141 INFO: JdwpDebugServer: handling req: Method(6).LineTable(1)
10:27:58.141 INFO: JdwpDebugServer: handling req: Method(6).LineTable(1)
10:27:58.141 INFO: JdwpDebugServer: handling req: Method(6).LineTable(1)
10:27:58.141 INFO: JdwpDebugServer: handling req: Method(6).LineTable(1)
10:27:58.141 INFO: JdwpDebugServer: handling req: Method(6).LineTable(1)
10:27:58.141 INFO: JdwpDebugServer: handling req: Method(6).LineTable(1)
10:27:58.141 INFO: JdwpDebugServer: handling req: Method(6).LineTable(1)
10:27:58.141 INFO: JdwpDebugServer: handling req: Method(6).LineTable(1)
10:27:58.142 INFO: JdwpDebugServer: handling req: Method(6).LineTable(1)
10:27:58.142 INFO: JdwpDebugServer: handling req: Method(6).LineTable(1)
10:27:58.142 INFO: JdwpDebugServer: handling req: Method(6).LineTable(1)
10:27:58.142 INFO: JdwpDebugServer: handling req: Method(6).LineTable(1)
10:27:58.143 INFO: JdwpDebugServer: handling req: Method(6).LineTable(1)
10:27:58.143 INFO: JdwpDebugServer: handling req: Method(6).LineTable(1)
10:27:58.143 INFO: JdwpDebugServer: handling req: Method(6).LineTable(1)
10:27:58.143 INFO: JdwpDebugServer: handling req: Method(6).LineTable(1)
10:27:58.143 INFO: JdwpDebugServer: handling req: Method(6).LineTable(1)
10:27:58.143 INFO: JdwpDebugServer: handling req: Method(6).LineTable(1)
10:27:58.143 INFO: JdwpDebugServer: handling req: Method(6).LineTable(1)
10:27:58.143 INFO: JdwpDebugServer: handling req: Method(6).LineTable(1)
10:27:58.143 INFO: JdwpDebugServer: handling req: Method(6).LineTable(1)
10:27:58.143 INFO: JdwpDebugServer: handling req: Method(6).LineTable(1)
10:27:58.143 INFO: JdwpDebugServer: handling req: Method(6).LineTable(1)
10:27:58.143 INFO: JdwpDebugServer: handling req: EventRequest(15).Set(1)
10:27:58.143 INFO: JdwpEventCenterDelegate: jdwpSetEventRequest: JdwpEventRequest{requestId=114, eventKind=BREAKPOINT, suspendPolicy=EVENT_THREAD, predicates=[Location{classId=15500, methodId=1307, index=142} ]}
10:27:58.144 INFO: JdwpDebugServer: handling req: EventRequest(15).Set(1)
10:27:58.144 INFO: JdwpEventCenterDelegate: jdwpSetEventRequest: JdwpEventRequest{requestId=115, eventKind=CLASS_PREPARE, suspendPolicy=EVENT_THREAD, predicates=[className=com.badlogic.gdx.graphics.g2d.SpriteBatch]}
10:27:58.145 INFO: JdwpDebugServer: handling req: EventRequest(15).Set(1)
10:27:58.145 INFO: JdwpEventCenterDelegate: jdwpSetEventRequest: JdwpEventRequest{requestId=116, eventKind=CLASS_PREPARE, suspendPolicy=EVENT_THREAD, predicates=[className=com.badlogic.gdx.graphics.g2d.SpriteBatch$*]}
10:27:58.146 INFO: JdwpDebugServer: handling req: VirtualMachine(1).ClassesBySignature(2)
10:27:58.146 INFO: JdwpDebugServer: handling req: ReferenceType(2).MethodsWithGeneric(15)
10:27:58.146 INFO: JdwpDebugServer: handling req: Method(6).LineTable(1)
10:27:58.147 INFO: JdwpDebugServer: handling req: Method(6).LineTable(1)
10:27:58.147 INFO: JdwpDebugServer: handling req: Method(6).LineTable(1)
10:27:58.147 INFO: JdwpDebugServer: handling req: Method(6).LineTable(1)
10:27:58.147 INFO: JdwpDebugServer: handling req: Method(6).LineTable(1)
10:27:58.147 INFO: JdwpDebugServer: handling req: Method(6).LineTable(1)
10:27:58.147 INFO: JdwpDebugServer: handling req: Method(6).LineTable(1)
10:27:58.147 INFO: JdwpDebugServer: handling req: Method(6).LineTable(1)
10:27:58.147 INFO: JdwpDebugServer: handling req: Method(6).LineTable(1)
10:27:58.147 INFO: JdwpDebugServer: handling req: Method(6).LineTable(1)
10:27:58.147 INFO: JdwpDebugServer: handling req: Method(6).LineTable(1)
10:27:58.148 INFO: JdwpDebugServer: handling req: Method(6).LineTable(1)
10:27:58.148 INFO: JdwpDebugServer: handling req: Method(6).LineTable(1)
10:27:58.148 INFO: JdwpDebugServer: handling req: Method(6).LineTable(1)
10:27:58.148 INFO: JdwpDebugServer: handling req: Method(6).LineTable(1)
10:27:58.148 INFO: JdwpDebugServer: handling req: Method(6).LineTable(1)
10:27:58.148 INFO: JdwpDebugServer: handling req: Method(6).LineTable(1)
10:27:58.148 INFO: JdwpDebugServer: handling req: Method(6).LineTable(1)
10:27:58.148 INFO: JdwpDebugServer: handling req: Method(6).LineTable(1)
10:27:58.148 INFO: JdwpDebugServer: handling req: Method(6).LineTable(1)
10:27:58.149 INFO: JdwpDebugServer: handling req: Method(6).LineTable(1)
10:27:58.149 INFO: JdwpDebugServer: handling req: Method(6).LineTable(1)
10:27:58.149 INFO: JdwpDebugServer: handling req: Method(6).LineTable(1)
10:27:58.149 INFO: JdwpDebugServer: handling req: Method(6).LineTable(1)
10:27:58.149 INFO: JdwpDebugServer: handling req: Method(6).LineTable(1)
10:27:58.149 INFO: JdwpDebugServer: handling req: Method(6).LineTable(1)
10:27:58.149 INFO: JdwpDebugServer: handling req: Method(6).LineTable(1)
10:27:58.149 INFO: JdwpDebugServer: handling req: Method(6).LineTable(1)
10:27:58.150 INFO: JdwpDebugServer: handling req: Method(6).LineTable(1)
10:27:58.150 INFO: JdwpDebugServer: handling req: Method(6).LineTable(1)
10:27:58.150 INFO: JdwpDebugServer: handling req: Method(6).LineTable(1)
10:27:58.150 INFO: JdwpDebugServer: handling req: Method(6).LineTable(1)
10:27:58.150 INFO: JdwpDebugServer: handling req: Method(6).LineTable(1)
10:27:58.150 INFO: JdwpDebugServer: handling req: Method(6).LineTable(1)
10:27:58.150 INFO: JdwpDebugServer: handling req: Method(6).LineTable(1)
10:27:58.150 INFO: JdwpDebugServer: handling req: Method(6).LineTable(1)
10:27:58.150 INFO: JdwpDebugServer: handling req: Method(6).LineTable(1)
10:27:58.150 INFO: JdwpDebugServer: handling req: Method(6).LineTable(1)
10:27:58.151 INFO: JdwpDebugServer: handling req: Method(6).LineTable(1)
10:27:58.151 INFO: JdwpDebugServer: handling req: Method(6).LineTable(1)
10:27:58.151 INFO: JdwpDebugServer: handling req: Method(6).LineTable(1)
10:27:58.151 INFO: JdwpDebugServer: handling req: Method(6).LineTable(1)
10:27:58.151 INFO: JdwpDebugServer: handling req: Method(6).LineTable(1)
10:27:58.151 INFO: JdwpDebugServer: handling req: Method(6).LineTable(1)
10:27:58.151 INFO: JdwpDebugServer: handling req: EventRequest(15).Set(1)
10:27:58.151 INFO: JdwpEventCenterDelegate: jdwpSetEventRequest: JdwpEventRequest{requestId=117, eventKind=BREAKPOINT, suspendPolicy=EVENT_THREAD, predicates=[Location{classId=18040, methodId=1542, index=163} ]}
10:27:58.152 INFO: JdwpDebugServer: handling req: EventRequest(15).Set(1)
10:27:58.152 INFO: JdwpEventCenterDelegate: jdwpSetEventRequest: JdwpEventRequest{requestId=118, eventKind=CLASS_PREPARE, suspendPolicy=EVENT_THREAD, predicates=[className=com.badlogic.gdx.graphics.g2d.PolygonSpriteBatch]}
10:27:58.152 INFO: JdwpDebugServer: handling req: EventRequest(15).Set(1)
10:27:58.152 INFO: JdwpEventCenterDelegate: jdwpSetEventRequest: JdwpEventRequest{requestId=119, eventKind=CLASS_PREPARE, suspendPolicy=EVENT_THREAD, predicates=[className=com.badlogic.gdx.graphics.g2d.PolygonSpriteBatch$*]}
10:27:58.153 INFO: JdwpDebugServer: handling req: VirtualMachine(1).ClassesBySignature(2)
10:27:58.153 INFO: JdwpDebugServer: handling req: EventRequest(15).Set(1)
10:27:58.153 INFO: JdwpEventCenterDelegate: jdwpSetEventRequest: JdwpEventRequest{requestId=120, eventKind=BREAKPOINT, suspendPolicy=EVENT_THREAD, predicates=[Location{classId=15500, methodId=1307, index=141} ]}
10:27:58.154 INFO: JdwpDebugServer: handling req: EventRequest(15).Set(1)
10:27:58.154 INFO: JdwpEventCenterDelegate: jdwpSetEventRequest: JdwpEventRequest{requestId=121, eventKind=CLASS_PREPARE, suspendPolicy=EVENT_THREAD, predicates=[className=com.scottlogic.util.GL32CMacIssueHandler]}
10:27:58.154 INFO: JdwpDebugServer: handling req: EventRequest(15).Set(1)
10:27:58.154 INFO: JdwpEventCenterDelegate: jdwpSetEventRequest: JdwpEventRequest{requestId=122, eventKind=CLASS_PREPARE, suspendPolicy=EVENT_THREAD, predicates=[className=com.scottlogic.util.GL32CMacIssueHandler$*]}
10:27:58.155 INFO: JdwpDebugServer: handling req: VirtualMachine(1).ClassesBySignature(2)
10:27:58.155 INFO: JdwpDebugServer: handling req: ReferenceType(2).MethodsWithGeneric(15)
10:27:58.155 INFO: JdwpDebugServer: handling req: Method(6).LineTable(1)
10:27:58.155 INFO: JdwpDebugServer: handling req: Method(6).LineTable(1)
10:27:58.156 INFO: JdwpDebugServer: handling req: Method(6).LineTable(1)
10:27:58.156 INFO: JdwpDebugServer: handling req: Method(6).LineTable(1)
10:27:58.156 INFO: JdwpDebugServer: handling req: Method(6).LineTable(1)
10:27:58.156 INFO: JdwpDebugServer: handling req: EventRequest(15).Set(1)
10:27:58.156 INFO: JdwpEventCenterDelegate: jdwpSetEventRequest: JdwpEventRequest{requestId=123, eventKind=BREAKPOINT, suspendPolicy=EVENT_THREAD, predicates=[Location{classId=21445, methodId=1762, index=128} ]}
10:27:58.157 INFO: JdwpDebugServer: handling req: VirtualMachine(1).capabilitiesNew(17)
10:27:58.163 INFO: JdwpDebugServer: handling req: EventRequest(15).Set(1)
10:27:58.163 INFO: JdwpEventCenterDelegate: jdwpSetEventRequest: JdwpEventRequest{requestId=124, eventKind=CLASS_PREPARE, suspendPolicy=EVENT_THREAD, predicates=[className=java.lang.Error]}
10:27:58.165 INFO: JdwpDebugServer: handling req: EventRequest(15).Set(1)
10:27:58.165 INFO: JdwpEventCenterDelegate: jdwpSetEventRequest: JdwpEventRequest{requestId=125, eventKind=CLASS_PREPARE, suspendPolicy=EVENT_THREAD, predicates=[className=java.lang.Error$*]}
10:27:58.166 INFO: JdwpDebugServer: handling req: VirtualMachine(1).ClassesBySignature(2)
10:27:58.167 INFO: JdwpDebugServer: handling req: EventRequest(15).Set(1)
10:27:58.167 INFO: JdwpEventCenterDelegate: jdwpSetEventRequest: JdwpEventRequest{requestId=126, eventKind=EXCEPTION, suspendPolicy=EVENT_THREAD, predicates=[exceptionType=3425(caught=true, uncaught=true)]}
10:27:58.204 INFO: JdwpDebugServer: handling req: EventRequest(15).Set(1)
10:27:58.204 INFO: JdwpEventCenterDelegate: jdwpSetEventRequest: JdwpEventRequest{requestId=127, eventKind=CLASS_PREPARE, suspendPolicy=EVENT_THREAD, predicates=[className=java.lang.Throwable]}
10:27:58.205 INFO: JdwpDebugServer: handling req: EventRequest(15).Set(1)
10:27:58.205 INFO: JdwpEventCenterDelegate: jdwpSetEventRequest: JdwpEventRequest{requestId=128, eventKind=CLASS_PREPARE, suspendPolicy=EVENT_THREAD, predicates=[className=java.lang.Throwable$*]}
10:27:58.206 INFO: JdwpDebugServer: handling req: VirtualMachine(1).ClassesBySignature(2)
10:27:58.206 INFO: JdwpDebugServer: handling req: EventRequest(15).Set(1)
10:27:58.206 INFO: JdwpEventCenterDelegate: jdwpSetEventRequest: JdwpEventRequest{requestId=129, eventKind=EXCEPTION, suspendPolicy=EVENT_THREAD, predicates=[exceptionType=7695(caught=false, uncaught=true)]}
10:27:58.210 INFO: JdwpDebugServer: handling req: ThreadReference(11).SuspendCount(12)
10:27:58.210 INFO: JdwpDebugServer: handling req: ThreadReference(11).SuspendCount(12)
10:27:58.210 INFO: JdwpDebugServer: handling req: ThreadReference(11).SuspendCount(12)
10:27:58.210 INFO: JdwpDebugServer: handling req: ThreadReference(11).SuspendCount(12)
10:27:58.210 INFO: JdwpDebugServer: handling req: VirtualMachine(1).AllThreads(4)
10:27:58.211 INFO: JdwpDebugServer: handling req: VirtualMachine(1).Resume(9)
10:27:58.278 INFO: JdwpEventCenterDelegate: THREAD_RESUMED: thread (33, main, main)
10:27:58.278 INFO: JdwpEventCenterDelegate: THREAD_RESUMED: thread (33, main, main)
10:27:58.279 INFO: JdwpEventCenterDelegate: THREAD_RESUMED: thread (33, main, main)
10:27:58.279 INFO: JdwpEventCenterDelegate: THREAD_RESUMED: thread (33, main, main)
10:27:58.280 INFO: JdwpEventCenterDelegate: THREAD_RESUMED: thread (33, main, main)
10:27:58.280 INFO: JdwpEventCenterDelegate: THREAD_RESUMED: thread (33, main, main)
10:27:58.280 INFO: JdwpEventCenterDelegate: THREAD_RESUMED: thread (33, main, main)
10:27:58.283 INFO: JdwpEventCenterDelegate: THREAD_RESUMED: thread (33, main, main)
10:27:58.283 INFO: JdwpEventCenterDelegate: THREAD_RESUMED: thread (33, main, main)
10:27:58.283 INFO: JdwpEventCenterDelegate: THREAD_RESUMED: thread (33, main, main)
10:27:58.284 INFO: JdwpEventCenterDelegate: THREAD_RESUMED: thread (33, main, main)
10:27:58.290 INFO: JdwpEventCenterDelegate: THREAD_RESUMED: thread (33, main, main)
10:27:58.290 INFO: JdwpEventCenterDelegate: THREAD_RESUMED: thread (33, main, main)
10:27:58.291 INFO: JdwpEventCenterDelegate: THREAD_RESUMED: thread (33, main, main)
10:27:58.376 INFO: JdwpEventCenterDelegate: THREAD_RESUMED: thread (33, main, main)
10:27:58.376 INFO: JdwpEventCenterDelegate: THREAD_RESUMED: thread (33, main, main)
10:27:58.377 INFO: JdwpEventCenterDelegate: THREAD_RESUMED: thread (33, main, main)
10:27:58.383 INFO: JdwpEventCenterDelegate: THREAD_RESUMED: thread (33, main, main)
10:27:58.384 INFO: JdwpEventCenterDelegate: THREAD_RESUMED: thread (33, main, main)
10:27:58.384 INFO: JdwpEventCenterDelegate: THREAD_RESUMED: thread (33, main, main)
10:27:58.657 INFO: JdwpEventCenterDelegate: THREAD_RESUMED: thread (33, main, main)
10:27:58.658 INFO: JdwpEventCenterDelegate: THREAD_RESUMED: thread (33, main, main)
10:27:58.658 INFO: JdwpEventCenterDelegate: THREAD_RESUMED: thread (33, main, main)
10:27:58.694 INFO: JdwpDebugServer: handling req: ThreadReference(11).Name(1)
10:27:58.695 INFO: JdwpDebugServer: handling req: ThreadReference(11).Name(1)
10:27:58.696 INFO: JdwpDebugServer: handling req: ThreadReference(11).Name(1)
10:27:58.696 INFO: JdwpDebugServer: handling req: ThreadReference(11).Name(1)
10:27:58.720 INFO: JdwpEventCenterDelegate: THREAD_RESUMED: thread (33, main, main)
10:27:58.721 INFO: JdwpEventCenterDelegate: THREAD_RESUMED: thread (33, main, main)
10:27:58.721 INFO: JdwpEventCenterDelegate: THREAD_RESUMED: thread (33, main, main)
10:27:58.746 INFO: JdwpEventCenterDelegate: THREAD_RESUMED: thread (33, main, main)
10:27:58.747 INFO: JdwpEventCenterDelegate: THREAD_RESUMED: thread (33, main, main)
10:27:58.747 INFO: JdwpEventCenterDelegate: THREAD_RESUMED: thread (33, main, main)
10:27:58.769 INFO: JdwpEventCenterDelegate: THREAD_RESUMED: thread (33, main, main)
10:27:58.769 INFO: JdwpEventCenterDelegate: THREAD_RESUMED: thread (33, main, main)
10:27:58.770 INFO: JdwpEventCenterDelegate: THREAD_RESUMED: thread (33, main, main)
10:27:58.770 INFO: JdwpEventCenterDelegate: THREAD_RESUMED: thread (33, main, main)
10:27:58.777 INFO: JdwpEventCenterDelegate: THREAD_RESUMED: thread (33, main, main)
10:27:58.778 INFO: JdwpEventCenterDelegate: THREAD_RESUMED: thread (33, main, main)
10:27:59.307 INFO: JdwpEventCenterDelegate: THREAD_RESUMED: thread (33, main, main)
10:27:59.308 INFO: JdwpEventCenterDelegate: THREAD_RESUMED: thread (33, main, main)
10:27:59.326 INFO: JdwpEventCenterDelegate: THREAD_RESUMED: thread (33, main, main)
10:27:59.326 INFO: JdwpEventCenterDelegate: THREAD_RESUMED: thread (33, main, main)
10:27:59.327 INFO: JdwpEventCenterDelegate: THREAD_RESUMED: thread (33, main, main)
10:27:59.328 INFO: JdwpEventCenterDelegate: THREAD_RESUMED: thread (33, main, main)
10:27:59.393 INFO: JdwpEventCenterDelegate: THREAD_RESUMED: thread (33, main, main)
10:27:59.758 INFO: JdwpDebugServer: handling req: EventRequest(15).Set(1)
10:27:59.759 INFO: JdwpEventCenterDelegate: jdwpSetEventRequest: JdwpEventRequest{requestId=130, eventKind=BREAKPOINT, suspendPolicy=EVENT_THREAD, predicates=[Location{classId=15500, methodId=1307, index=142} ]}
10:27:59.766 INFO: JdwpDebugServer: handling req: EventRequest(15).Set(1)
10:27:59.766 INFO: JdwpEventCenterDelegate: jdwpSetEventRequest: JdwpEventRequest{requestId=131, eventKind=BREAKPOINT, suspendPolicy=EVENT_THREAD, predicates=[Location{classId=15500, methodId=1307, index=141} ]}
10:27:59.771 INFO: JdwpDebugServer: handling req: ThreadReference(11).Resume(3)
10:27:59.771 INFO: JdwpEventCenterDelegate: THREAD_RESUMED: thread (33, main, main)
10:27:59.772 INFO: JdwpDebugServer: handling req: EventRequest(15).Set(1)
10:27:59.772 INFO: JdwpEventCenterDelegate: jdwpSetEventRequest: JdwpEventRequest{requestId=132, eventKind=BREAKPOINT, suspendPolicy=EVENT_THREAD, predicates=[Location{classId=21445, methodId=1762, index=128} ]}
10:27:59.781 INFO: JdwpDebugServer: handling req: ThreadReference(11).Resume(3)
10:27:59.781 INFO: JdwpEventCenterDelegate: THREAD_RESUMED: thread (33, main, main)
10:27:59.783 INFO: JdwpDebugServer: handling req: ThreadReference(11).Frames(6)
10:27:59.783 INFO: JdwpDebugServer: handling req: ReferenceType(2).MethodsWithGeneric(15)
10:27:59.784 INFO: JdwpDebugServer: handling req: ReferenceType(2).MethodsWithGeneric(15)
10:27:59.784 INFO: JdwpDebugServer: handling req: ReferenceType(2).MethodsWithGeneric(15)
10:27:59.784 INFO: JdwpDebugServer: handling req: ReferenceType(2).MethodsWithGeneric(15)
10:27:59.784 INFO: JdwpDebugServer: handling req: ReferenceType(2).MethodsWithGeneric(15)
10:27:59.784 INFO: JdwpDebugServer: handling req: ReferenceType(2).MethodsWithGeneric(15)
10:27:59.786 INFO: JdwpDebugServer: handling req: ThreadReference(11).FramesCount(7)
10:27:59.786 INFO: JdwpDebugServer: handling req: ThreadReference(11).FramesCount(7)
10:28:00.718 INFO: JdwpDebugServer: handling req: ReferenceType(2).SourceFile(7)
10:28:00.884 INFO: JdwpDebugServer: handling req: ThreadReference(11).Name(1)
10:28:00.884 INFO: JdwpDebugServer: handling req: ReferenceType(2).SignatureWithGeneric(13)
10:28:00.886 INFO: JdwpDebugServer: handling req: ThreadReference(11).Name(1)
10:28:00.888 INFO: JdwpDebugServer: handling req: ThreadReference(11).Name(1)
10:28:00.888 INFO: JdwpDebugServer: handling req: ThreadReference(11).Name(1)
10:28:00.889 INFO: JdwpDebugServer: handling req: ThreadReference(11).Name(1)
10:28:00.997 INFO: JdwpDebugServer: handling req: ReferenceType(2).FieldsWithGeneric(14)
10:28:00.997 INFO: JdwpDebugServer: handling req: ReferenceType(2).Interfaces(10)
10:28:00.998 INFO: JdwpDebugServer: handling req: ClassType(3).Superclass(1)
10:28:00.998 INFO: JdwpDebugServer: handling req: ClassType(3).Superclass(1)
10:28:00.998 INFO: JdwpDebugServer: handling req: Method(6).VariableTableWithGenerics(5)
10:28:01.023 INFO: JdwpDebugServer: handling req: StackFrame(16).GetValues(1)
10:28:01.024 INFO: JdwpDebugServer: handling req: ObjectReference(9).ReferenceType(1)
10:28:01.024 INFO: JdwpDebugServer: handling req: StackFrame(16).GetValues(1)
10:28:01.024 INFO: JdwpDebugServer: handling req: ReferenceType(2).FieldsWithGeneric(14)
10:28:01.024 INFO: JdwpDebugServer: handling req: StackFrame(16).GetValues(1)
10:28:01.024 INFO: JdwpDebugServer: handling req: ReferenceType(2).Interfaces(10)
10:28:01.025 INFO: JdwpDebugServer: handling req: ReferenceType(2).FieldsWithGeneric(14)
10:28:01.025 INFO: JdwpDebugServer: handling req: ClassType(3).Superclass(1)
10:28:01.025 INFO: JdwpDebugServer: handling req: ReferenceType(2).Interfaces(10)
10:28:01.025 INFO: JdwpDebugServer: handling req: ClassType(3).Superclass(1)
10:28:01.025 INFO: JdwpDebugServer: handling req: ReferenceType(2).FieldsWithGeneric(14)
10:28:01.025 INFO: JdwpDebugServer: handling req: ReferenceType(2).Interfaces(10)
10:28:01.025 INFO: JdwpDebugServer: handling req: ReferenceType(2).Interfaces(10)
10:28:01.025 INFO: JdwpDebugServer: handling req: ReferenceType(2).Interfaces(10)
10:28:01.025 INFO: JdwpDebugServer: handling req: ReferenceType(2).FieldsWithGeneric(14)
10:28:01.025 INFO: JdwpDebugServer: handling req: ClassType(3).Superclass(1)
10:28:01.026 INFO: JdwpDebugServer: handling req: StackFrame(16).GetValues(1)
10:28:01.026 INFO: JdwpDebugServer: handling req: ObjectReference(9).ReferenceType(1)
10:28:01.026 INFO: JdwpDebugServer: handling req: StackFrame(16).GetValues(1)
10:28:01.026 INFO: JdwpDebugServer: handling req: StackFrame(16).GetValues(1)
10:28:01.026 INFO: JdwpDebugServer: handling req: StackFrame(16).GetValues(1)
10:28:01.027 INFO: JdwpDebugServer: handling req: StringReference(10).Value(1)
10:28:01.028 INFO: JdwpDebugServer: handling req: StackFrame(16).GetValues(1)
10:28:01.028 INFO: JdwpDebugServer: handling req: StackFrame(16).GetValues(1)
10:28:01.029 INFO: JdwpDebugServer: handling req: StackFrame(16).GetValues(1)
10:28:01.029 INFO: JdwpDebugServer: handling req: StackFrame(16).GetValues(1)
10:28:01.029 INFO: JdwpDebugServer: handling req: ClassType(3).Superclass(1)
10:28:01.030 INFO: JdwpDebugServer: handling req: StackFrame(16).GetValues(1)
10:28:01.030 INFO: JdwpDebugServer: handling req: StackFrame(16).GetValues(1)
10:28:01.030 INFO: JdwpDebugServer: handling req: StackFrame(16).GetValues(1)
10:28:01.031 INFO: JdwpDebugServer: handling req: StringReference(10).Value(1)
10:28:01.032 INFO: JdwpDebugServer: handling req: StackFrame(16).GetValues(1)
10:28:01.032 INFO: JdwpDebugServer: handling req: StackFrame(16).GetValues(1)
10:28:01.062 INFO: JdwpDebugServer: handling req: ThreadReference(11).FramesCount(7)
10:28:01.063 INFO: JdwpDebugServer: handling req: ThreadReference(11).Name(1)
10:28:01.063 INFO: JdwpDebugServer: handling req: ThreadReference(11).Name(1)
10:28:01.063 INFO: JdwpDebugServer: handling req: ThreadReference(11).FramesCount(7)
10:28:01.063 INFO: JdwpDebugServer: handling req: ThreadReference(11).Name(1)
10:28:01.063 INFO: JdwpDebugServer: handling req: ThreadReference(11).Name(1)
10:28:01.064 INFO: JdwpDebugServer: handling req: StackFrame(16).ThisObject(3)
10:28:01.065 INFO: JdwpDebugServer: handling req: ObjectReference(9).ReferenceType(1)
10:28:01.066 INFO: JdwpDebugServer: handling req: Method(6).LineTable(1)
10:28:01.066 INFO: JdwpDebugServer: handling req: StackFrame(16).ThisObject(3)
10:28:01.067 INFO: JdwpDebugServer: handling req: ObjectReference(9).ReferenceType(1)
10:28:01.067 INFO: JdwpDebugServer: handling req: Method(6).LineTable(1)
10:28:01.068 INFO: JdwpDebugServer: handling req: StackFrame(16).ThisObject(3)
10:28:01.068 INFO: JdwpDebugServer: handling req: ObjectReference(9).ReferenceType(1)
10:28:01.069 INFO: JdwpDebugServer: handling req: Method(6).LineTable(1)
10:28:01.069 INFO: JdwpDebugServer: handling req: StackFrame(16).ThisObject(3)
10:28:01.069 INFO: JdwpDebugServer: handling req: ObjectReference(9).ReferenceType(1)
10:28:01.069 INFO: JdwpDebugServer: handling req: Method(6).LineTable(1)
10:28:01.070 INFO: JdwpDebugServer: handling req: StackFrame(16).ThisObject(3)
10:28:01.070 INFO: JdwpDebugServer: handling req: ObjectReference(9).ReferenceType(1)
10:28:01.070 INFO: JdwpDebugServer: handling req: Method(6).LineTable(1)
10:28:01.071 INFO: JdwpDebugServer: handling req: Method(6).LineTable(1)
10:28:01.071 INFO: JdwpDebugServer: handling req: Method(6).LineTable(1)
10:28:03.330 INFO: JdwpDebugServer: handling req: EventRequest(15).Set(1)
10:28:03.334 INFO: JdwpEventCenterDelegate: jdwpSetEventRequest: JdwpEventRequest{requestId=133, eventKind=SINGLE_STEP, suspendPolicy=EVENT_THREAD, predicates=[step{threadId=33, size=1, depth=0} , count=1]}
10:28:03.338 INFO: JdwpDebugServer: handling req: ThreadReference(11).Resume(3)
10:28:03.339 INFO: JdwpEventCenterDelegate: THREAD_RESUMED: thread (33, main, main)
10:28:03.341 INFO: JdwpDebugServer: handling req: ReferenceType(2).MethodsWithGeneric(15)
10:28:03.342 INFO: JdwpDebugServer: handling req: ThreadReference(11).FramesCount(7)
10:28:03.344 INFO: JdwpDebugServer: handling req: EventRequest(15).Clear(2)
10:28:03.346 INFO: JdwpDebugServer: handling req: ThreadReference(11).Frames(6)
10:28:03.347 INFO: JdwpDebugServer: handling req: ThreadReference(11).FramesCount(7)
10:28:03.360 INFO: JdwpDebugServer: handling req: ThreadReference(11).FramesCount(7)
10:28:03.384 INFO: JdwpDebugServer: handling req: StackFrame(16).ThisObject(3)
10:28:03.384 INFO: JdwpDebugServer: handling req: ThreadReference(11).Name(1)
10:28:03.385 INFO: JdwpDebugServer: handling req: ObjectReference(9).ReferenceType(1)
10:28:03.385 INFO: JdwpDebugServer: handling req: ThreadReference(11).Name(1)
10:28:03.385 INFO: JdwpDebugServer: handling req: Method(6).LineTable(1)
10:28:03.418 INFO: JdwpDebugServer: handling req: Method(6).VariableTableWithGenerics(5)
10:28:03.429 INFO: JdwpDebugServer: handling req: ThreadReference(11).Name(1)
10:28:03.430 INFO: JdwpDebugServer: handling req: StackFrame(16).GetValues(1)
10:28:03.431 INFO: JdwpDebugServer: handling req: ReferenceType(2).Modifiers(3)
10:28:03.431 INFO: JdwpDebugServer: handling req: StackFrame(16).GetValues(1)
10:28:03.432 INFO: JdwpDebugServer: handling req: ClassType(3).Superclass(1)
10:28:03.432 INFO: JdwpDebugServer: handling req: StackFrame(16).GetValues(1)
10:28:03.432 INFO: JdwpDebugServer: handling req: StringReference(10).Value(1)
10:28:03.433 INFO: JdwpDebugServer: handling req: ArrayReference(13).Length(1)
10:28:03.433 INFO: JdwpDebugServer: handling req: ThreadReference(11).FramesCount(7)
10:28:03.435 INFO: JdwpDebugServer: handling req: StackFrame(16).GetValues(1)
10:28:03.435 INFO: JdwpDebugServer: handling req: StackFrame(16).GetValues(1)
10:28:03.436 INFO: JdwpDebugServer: handling req: StackFrame(16).GetValues(1)
10:28:03.436 INFO: JdwpDebugServer: handling req: StackFrame(16).GetValues(1)
10:28:03.436 INFO: JdwpDebugServer: handling req: StackFrame(16).GetValues(1)
10:28:03.437 INFO: JdwpDebugServer: handling req: StackFrame(16).GetValues(1)
10:28:03.437 INFO: JdwpDebugServer: handling req: StackFrame(16).GetValues(1)
10:28:03.437 INFO: JdwpDebugServer: handling req: StackFrame(16).GetValues(1)
10:28:03.438 INFO: JdwpDebugServer: handling req: StackFrame(16).GetValues(1)
10:28:03.438 INFO: JdwpDebugServer: handling req: StackFrame(16).GetValues(1)
10:28:03.439 INFO: JdwpDebugServer: handling req: StackFrame(16).GetValues(1)
10:28:03.439 INFO: JdwpDebugServer: handling req: StackFrame(16).GetValues(1)
10:28:03.439 INFO: JdwpDebugServer: handling req: StackFrame(16).GetValues(1)
10:28:03.440 INFO: JdwpDebugServer: handling req: StackFrame(16).GetValues(1)
10:28:03.440 INFO: JdwpDebugServer: handling req: StackFrame(16).GetValues(1)
10:28:03.440 INFO: JdwpDebugServer: handling req: StackFrame(16).GetValues(1)
10:28:03.441 INFO: JdwpDebugServer: handling req: ObjectReference(9).ReferenceType(1)
10:28:03.441 INFO: JdwpDebugServer: handling req: StackFrame(16).GetValues(1)
10:28:03.441 INFO: JdwpDebugServer: handling req: StackFrame(16).GetValues(1)
10:28:03.442 INFO: JdwpDebugServer: handling req: StackFrame(16).GetValues(1)
10:28:03.442 INFO: JdwpDebugServer: handling req: ReferenceType(2).Signature(1)
10:28:03.443 INFO: JdwpDebugServer: handling req: ReferenceType(2).ClassLoader(2)
10:28:03.443 INFO: JdwpDebugServer: handling req: StackFrame(16).GetValues(1)
10:28:03.443 INFO: JdwpDebugServer: handling req: StackFrame(16).GetValues(1)
10:28:03.445 INFO: JdwpDebugServer: handling req: StackFrame(16).ThisObject(3)
10:28:03.446 INFO: JdwpDebugServer: handling req: ObjectReference(9).ReferenceType(1)
10:28:03.446 INFO: JdwpDebugServer: handling req: StackFrame(16).ThisObject(3)
10:28:03.446 INFO: JdwpDebugServer: handling req: ObjectReference(9).ReferenceType(1)
10:28:03.446 INFO: JdwpDebugServer: handling req: StackFrame(16).ThisObject(3)
10:28:03.446 INFO: JdwpDebugServer: handling req: ObjectReference(9).ReferenceType(1)
10:28:03.446 INFO: JdwpDebugServer: handling req: StackFrame(16).ThisObject(3)
10:28:03.447 INFO: JdwpDebugServer: handling req: ObjectReference(9).ReferenceType(1)
10:28:03.447 INFO: JdwpDebugServer: handling req: StackFrame(16).ThisObject(3)
10:28:03.447 INFO: JdwpDebugServer: handling req: ObjectReference(9).ReferenceType(1)
10:28:03.458 INFO: JdwpDebugServer: handling req: ReferenceType(2).SourceFile(7)
10:28:08.273 INFO: JdwpDebugServer: handling req: EventRequest(15).Set(1)
10:28:08.274 INFO: JdwpEventCenterDelegate: jdwpSetEventRequest: JdwpEventRequest{requestId=134, eventKind=SINGLE_STEP, suspendPolicy=EVENT_THREAD, predicates=[step{threadId=33, size=1, depth=2} , count=1]}
10:28:08.276 INFO: JdwpDebugServer: handling req: ThreadReference(11).Resume(3)
10:28:08.277 INFO: JdwpEventCenterDelegate: THREAD_RESUMED: thread (33, main, main)
10:28:08.301 INFO: JdwpEventCenterDelegate: THREAD_RESUMED: thread (33, main, main)
10:28:08.336 SEVERE: Debugger: Thread HooksChannel socket thread crashed
org.robovm.debugger.DebuggerException: java.nio.BufferUnderflowException
	at org.robovm.debugger.hooks.HooksChannel.doSocketWork(HooksChannel.java:149)
	at java.base/java.lang.Thread.run(Thread.java:833)
	at org.robovm.debugger.utils.DebuggerThread.run(DebuggerThread.java:42)
Caused by: java.nio.BufferUnderflowException
	at org.robovm.debugger.utils.bytebuffer.DataBufferWriter.writeFromStream(DataBufferWriter.java:91)
	at org.robovm.debugger.hooks.HooksChannel.doSocketWork(HooksChannel.java:116)
	... 2 more
10:28:08.793 INFO: JdwpDebugServer: handling req: ThreadReference(11).Name(1)
