07:39:59.441 INFO: JdwpEventCenterDelegate: THREAD_STARTED: thread (33, main, main)
07:39:59.508 INFO: JdwpEventCenterDelegate: THREAD_STARTED: thread (48, ReferenceQueueDaemon, main)
07:39:59.509 INFO: JdwpEventCenterDelegate: THREAD_STARTED: thread (63, FinalizerDaemon, main)
07:39:59.510 INFO: JdwpEventCenterDelegate: THREAD_STARTED: thread (78, FinalizerWatchdogDaemon, main)
07:40:01.554 INFO: JdwpDebugServer: handling req: VirtualMachine(1).IDSizes(7)
07:40:01.555 INFO: JdwpDebugServer: handling req: EventRequest(15).Set(1)
07:40:01.556 INFO: JdwpEventCenterDelegate: jdwpSetEventRequest: JdwpEventRequest{requestId=100, eventKind=CLASS_UNLOAD, suspendPolicy=NONE, predicates=[]}
07:40:01.556 INFO: JdwpDebugServer: handling req: EventRequest(15).Set(1)
07:40:01.556 INFO: JdwpEventCenterDelegate: jdwpSetEventRequest: JdwpEventRequest{requestId=101, eventKind=THREAD_START, suspendPolicy=NONE, predicates=[]}
07:40:01.557 INFO: JdwpDebugServer: handling req: VirtualMachine(1).ClassesBySignature(2)
07:40:01.560 INFO: JdwpDebugServer: handling req: VirtualMachine(1).Version(1)
07:40:01.562 INFO: JdwpDebugServer: handling req: ReferenceType(2).MethodsWithGeneric(15)
07:40:01.564 INFO: JdwpDebugServer: handling req: Method(6).LineTable(1)
07:40:01.565 INFO: JdwpDebugServer: handling req: EventRequest(15).Set(1)
07:40:01.565 INFO: JdwpEventCenterDelegate: jdwpSetEventRequest: JdwpEventRequest{requestId=102, eventKind=BREAKPOINT, suspendPolicy=NONE, predicates=[Location{classId=845, methodId=257, index=928} ]}
07:40:01.566 INFO: JdwpDebugServer: handling req: EventRequest(15).Set(1)
07:40:01.566 INFO: JdwpEventCenterDelegate: jdwpSetEventRequest: JdwpEventRequest{requestId=103, eventKind=THREAD_DEATH, suspendPolicy=NONE, predicates=[]}
07:40:01.566 INFO: JdwpDebugServer: handling req: VirtualMachine(1).AllThreads(4)
07:40:01.567 INFO: JdwpDebugServer: handling req: ThreadReference(11).ThreadGroup(5)
07:40:01.567 INFO: JdwpDebugServer: handling req: ThreadGroup(12).Name(1)
07:40:01.567 INFO: JdwpDebugServer: handling req: ThreadGroup(12).Parent(2)
07:40:01.568 INFO: JdwpDebugServer: handling req: ObjectReference(9).ReferenceType(1)
07:40:01.568 INFO: JdwpDebugServer: handling req: ReferenceType(2).FieldsWithGeneric(14)
07:40:01.569 INFO: JdwpDebugServer: handling req: ReferenceType(2).Interfaces(10)
07:40:01.570 INFO: JdwpDebugServer: handling req: ReferenceType(2).FieldsWithGeneric(14)
07:40:01.570 INFO: JdwpDebugServer: handling req: ReferenceType(2).Interfaces(10)
07:40:01.570 INFO: JdwpDebugServer: handling req: ClassType(3).Superclass(1)
07:40:01.570 INFO: JdwpDebugServer: handling req: ReferenceType(2).FieldsWithGeneric(14)
07:40:01.571 INFO: JdwpDebugServer: handling req: ReferenceType(2).Interfaces(10)
07:40:01.571 INFO: JdwpDebugServer: handling req: ClassType(3).Superclass(1)
07:40:01.571 INFO: JdwpDebugServer: handling req: ObjectReference(9).GetValues(2)
07:40:01.572 INFO: JdwpDebugServer: handling req: ThreadReference(11).Status(4)
07:40:01.572 INFO: JdwpDebugServer: handling req: ThreadReference(11).Status(4)
07:40:01.572 INFO: JdwpDebugServer: handling req: ThreadReference(11).ThreadGroup(5)
07:40:01.573 INFO: JdwpDebugServer: handling req: ObjectReference(9).ReferenceType(1)
07:40:01.573 INFO: JdwpDebugServer: handling req: ObjectReference(9).GetValues(2)
07:40:01.574 INFO: JdwpDebugServer: handling req: ThreadReference(11).Status(4)
07:40:01.574 INFO: JdwpDebugServer: handling req: ThreadReference(11).Status(4)
07:40:01.574 INFO: JdwpDebugServer: handling req: ThreadReference(11).ThreadGroup(5)
07:40:01.574 INFO: JdwpDebugServer: handling req: ObjectReference(9).ReferenceType(1)
07:40:01.574 INFO: JdwpDebugServer: handling req: ObjectReference(9).GetValues(2)
07:40:01.575 INFO: JdwpDebugServer: handling req: ThreadReference(11).Status(4)
07:40:01.575 INFO: JdwpDebugServer: handling req: ThreadReference(11).Status(4)
07:40:01.575 INFO: JdwpDebugServer: handling req: ThreadReference(11).ThreadGroup(5)
07:40:01.575 INFO: JdwpDebugServer: handling req: ObjectReference(9).ReferenceType(1)
07:40:01.576 INFO: JdwpDebugServer: handling req: ObjectReference(9).GetValues(2)
07:40:01.576 INFO: JdwpDebugServer: handling req: ThreadReference(11).Status(4)
07:40:01.576 INFO: JdwpDebugServer: handling req: ThreadReference(11).Status(4)
07:40:01.580 INFO: JdwpDebugServer: handling req: EventRequest(15).Set(1)
07:40:01.580 INFO: JdwpEventCenterDelegate: jdwpSetEventRequest: JdwpEventRequest{requestId=104, eventKind=CLASS_PREPARE, suspendPolicy=EVENT_THREAD, predicates=[className=com.badlogic.gdx.graphics.g2d.PolygonSpriteBatch]}
07:40:01.584 INFO: JdwpDebugServer: handling req: EventRequest(15).Set(1)
07:40:01.584 INFO: JdwpEventCenterDelegate: jdwpSetEventRequest: JdwpEventRequest{requestId=105, eventKind=CLASS_PREPARE, suspendPolicy=EVENT_THREAD, predicates=[className=com.badlogic.gdx.graphics.g2d.PolygonSpriteBatch$*]}
07:40:01.586 INFO: JdwpDebugServer: handling req: VirtualMachine(1).ClassesBySignature(2)
07:40:01.586 INFO: JdwpDebugServer: handling req: ReferenceType(2).MethodsWithGeneric(15)
07:40:01.587 INFO: JdwpDebugServer: handling req: Method(6).LineTable(1)
07:40:01.588 INFO: JdwpDebugServer: handling req: Method(6).LineTable(1)
07:40:01.588 INFO: JdwpDebugServer: handling req: Method(6).LineTable(1)
07:40:01.588 INFO: JdwpDebugServer: handling req: Method(6).LineTable(1)
07:40:01.589 INFO: JdwpDebugServer: handling req: Method(6).LineTable(1)
07:40:01.589 INFO: JdwpDebugServer: handling req: Method(6).LineTable(1)
07:40:01.589 INFO: JdwpDebugServer: handling req: Method(6).LineTable(1)
07:40:01.589 INFO: JdwpDebugServer: handling req: Method(6).LineTable(1)
07:40:01.590 INFO: JdwpDebugServer: handling req: Method(6).LineTable(1)
07:40:01.590 INFO: JdwpDebugServer: handling req: Method(6).LineTable(1)
07:40:01.590 INFO: JdwpDebugServer: handling req: Method(6).LineTable(1)
07:40:01.590 INFO: JdwpDebugServer: handling req: Method(6).LineTable(1)
07:40:01.590 INFO: JdwpDebugServer: handling req: Method(6).LineTable(1)
07:40:01.591 INFO: JdwpDebugServer: handling req: Method(6).LineTable(1)
07:40:01.591 INFO: JdwpDebugServer: handling req: Method(6).LineTable(1)
07:40:01.591 INFO: JdwpDebugServer: handling req: Method(6).LineTable(1)
07:40:01.591 INFO: JdwpDebugServer: handling req: Method(6).LineTable(1)
07:40:01.592 INFO: JdwpDebugServer: handling req: Method(6).LineTable(1)
07:40:01.592 INFO: JdwpDebugServer: handling req: Method(6).LineTable(1)
07:40:01.592 INFO: JdwpDebugServer: handling req: Method(6).LineTable(1)
07:40:01.593 INFO: JdwpDebugServer: handling req: Method(6).LineTable(1)
07:40:01.593 INFO: JdwpDebugServer: handling req: Method(6).LineTable(1)
07:40:01.593 INFO: JdwpDebugServer: handling req: Method(6).LineTable(1)
07:40:01.593 INFO: JdwpDebugServer: handling req: Method(6).LineTable(1)
07:40:01.593 INFO: JdwpDebugServer: handling req: Method(6).LineTable(1)
07:40:01.594 INFO: JdwpDebugServer: handling req: Method(6).LineTable(1)
07:40:01.594 INFO: JdwpDebugServer: handling req: Method(6).LineTable(1)
07:40:01.594 INFO: JdwpDebugServer: handling req: Method(6).LineTable(1)
07:40:01.594 INFO: JdwpDebugServer: handling req: Method(6).LineTable(1)
07:40:01.594 INFO: JdwpDebugServer: handling req: Method(6).LineTable(1)
07:40:01.595 INFO: JdwpDebugServer: handling req: Method(6).LineTable(1)
07:40:01.595 INFO: JdwpDebugServer: handling req: Method(6).LineTable(1)
07:40:01.595 INFO: JdwpDebugServer: handling req: Method(6).LineTable(1)
07:40:01.595 INFO: JdwpDebugServer: handling req: Method(6).LineTable(1)
07:40:01.595 INFO: JdwpDebugServer: handling req: Method(6).LineTable(1)
07:40:01.596 INFO: JdwpDebugServer: handling req: Method(6).LineTable(1)
07:40:01.596 INFO: JdwpDebugServer: handling req: Method(6).LineTable(1)
07:40:01.596 INFO: JdwpDebugServer: handling req: Method(6).LineTable(1)
07:40:01.596 INFO: JdwpDebugServer: handling req: Method(6).LineTable(1)
07:40:01.596 INFO: JdwpDebugServer: handling req: Method(6).LineTable(1)
07:40:01.596 INFO: JdwpDebugServer: handling req: Method(6).LineTable(1)
07:40:01.597 INFO: JdwpDebugServer: handling req: Method(6).LineTable(1)
07:40:01.597 INFO: JdwpDebugServer: handling req: Method(6).LineTable(1)
07:40:01.597 INFO: JdwpDebugServer: handling req: Method(6).LineTable(1)
07:40:01.597 INFO: JdwpDebugServer: handling req: Method(6).LineTable(1)
07:40:01.597 INFO: JdwpDebugServer: handling req: Method(6).LineTable(1)
07:40:01.597 INFO: JdwpDebugServer: handling req: Method(6).LineTable(1)
07:40:01.598 INFO: JdwpDebugServer: handling req: EventRequest(15).Set(1)
07:40:01.598 INFO: JdwpEventCenterDelegate: jdwpSetEventRequest: JdwpEventRequest{requestId=106, eventKind=BREAKPOINT, suspendPolicy=EVENT_THREAD, predicates=[Location{classId=15500, methodId=1122, index=142} ]}
07:40:01.598 INFO: JdwpDebugServer: handling req: ReferenceType(2).Signature(1)
07:40:01.604 INFO: JdwpDebugServer: handling req: EventRequest(15).Set(1)
07:40:01.604 INFO: JdwpEventCenterDelegate: jdwpSetEventRequest: JdwpEventRequest{requestId=107, eventKind=CLASS_PREPARE, suspendPolicy=EVENT_THREAD, predicates=[className=com.badlogic.gdx.graphics.g2d.SpriteBatch]}
07:40:01.606 INFO: JdwpDebugServer: handling req: EventRequest(15).Set(1)
07:40:01.606 INFO: JdwpEventCenterDelegate: jdwpSetEventRequest: JdwpEventRequest{requestId=108, eventKind=CLASS_PREPARE, suspendPolicy=EVENT_THREAD, predicates=[className=com.badlogic.gdx.graphics.g2d.SpriteBatch$*]}
07:40:01.607 INFO: JdwpDebugServer: handling req: VirtualMachine(1).ClassesBySignature(2)
07:40:01.607 INFO: JdwpDebugServer: handling req: ReferenceType(2).MethodsWithGeneric(15)
07:40:01.608 INFO: JdwpDebugServer: handling req: Method(6).LineTable(1)
07:40:01.608 INFO: JdwpDebugServer: handling req: Method(6).LineTable(1)
07:40:01.608 INFO: JdwpDebugServer: handling req: Method(6).LineTable(1)
07:40:01.608 INFO: JdwpDebugServer: handling req: Method(6).LineTable(1)
07:40:01.609 INFO: JdwpDebugServer: handling req: Method(6).LineTable(1)
07:40:01.609 INFO: JdwpDebugServer: handling req: Method(6).LineTable(1)
07:40:01.609 INFO: JdwpDebugServer: handling req: Method(6).LineTable(1)
07:40:01.609 INFO: JdwpDebugServer: handling req: Method(6).LineTable(1)
07:40:01.609 INFO: JdwpDebugServer: handling req: Method(6).LineTable(1)
07:40:01.609 INFO: JdwpDebugServer: handling req: Method(6).LineTable(1)
07:40:01.610 INFO: JdwpDebugServer: handling req: Method(6).LineTable(1)
07:40:01.610 INFO: JdwpDebugServer: handling req: Method(6).LineTable(1)
07:40:01.610 INFO: JdwpDebugServer: handling req: Method(6).LineTable(1)
07:40:01.610 INFO: JdwpDebugServer: handling req: Method(6).LineTable(1)
07:40:01.610 INFO: JdwpDebugServer: handling req: Method(6).LineTable(1)
07:40:01.611 INFO: JdwpDebugServer: handling req: Method(6).LineTable(1)
07:40:01.611 INFO: JdwpDebugServer: handling req: Method(6).LineTable(1)
07:40:01.611 INFO: JdwpDebugServer: handling req: Method(6).LineTable(1)
07:40:01.611 INFO: JdwpDebugServer: handling req: Method(6).LineTable(1)
07:40:01.611 INFO: JdwpDebugServer: handling req: Method(6).LineTable(1)
07:40:01.611 INFO: JdwpDebugServer: handling req: Method(6).LineTable(1)
07:40:01.612 INFO: JdwpDebugServer: handling req: Method(6).LineTable(1)
07:40:01.612 INFO: JdwpDebugServer: handling req: Method(6).LineTable(1)
07:40:01.612 INFO: JdwpDebugServer: handling req: Method(6).LineTable(1)
07:40:01.612 INFO: JdwpDebugServer: handling req: Method(6).LineTable(1)
07:40:01.612 INFO: JdwpDebugServer: handling req: Method(6).LineTable(1)
07:40:01.612 INFO: JdwpDebugServer: handling req: Method(6).LineTable(1)
07:40:01.612 INFO: JdwpDebugServer: handling req: Method(6).LineTable(1)
07:40:01.613 INFO: JdwpDebugServer: handling req: Method(6).LineTable(1)
07:40:01.613 INFO: JdwpDebugServer: handling req: Method(6).LineTable(1)
07:40:01.613 INFO: JdwpDebugServer: handling req: Method(6).LineTable(1)
07:40:01.613 INFO: JdwpDebugServer: handling req: Method(6).LineTable(1)
07:40:01.613 INFO: JdwpDebugServer: handling req: Method(6).LineTable(1)
07:40:01.613 INFO: JdwpDebugServer: handling req: Method(6).LineTable(1)
07:40:01.614 INFO: JdwpDebugServer: handling req: Method(6).LineTable(1)
07:40:01.614 INFO: JdwpDebugServer: handling req: Method(6).LineTable(1)
07:40:01.614 INFO: JdwpDebugServer: handling req: Method(6).LineTable(1)
07:40:01.614 INFO: JdwpDebugServer: handling req: Method(6).LineTable(1)
07:40:01.614 INFO: JdwpDebugServer: handling req: Method(6).LineTable(1)
07:40:01.614 INFO: JdwpDebugServer: handling req: Method(6).LineTable(1)
07:40:01.614 INFO: JdwpDebugServer: handling req: Method(6).LineTable(1)
07:40:01.615 INFO: JdwpDebugServer: handling req: Method(6).LineTable(1)
07:40:01.615 INFO: JdwpDebugServer: handling req: Method(6).LineTable(1)
07:40:01.615 INFO: JdwpDebugServer: handling req: Method(6).LineTable(1)
07:40:01.615 INFO: JdwpDebugServer: handling req: EventRequest(15).Set(1)
07:40:01.615 INFO: JdwpEventCenterDelegate: jdwpSetEventRequest: JdwpEventRequest{requestId=109, eventKind=BREAKPOINT, suspendPolicy=EVENT_THREAD, predicates=[Location{classId=18040, methodId=1357, index=163} ]}
07:40:01.615 INFO: JdwpDebugServer: handling req: ReferenceType(2).Signature(1)
07:40:01.616 INFO: JdwpDebugServer: handling req: EventRequest(15).Set(1)
07:40:01.616 INFO: JdwpEventCenterDelegate: jdwpSetEventRequest: JdwpEventRequest{requestId=110, eventKind=CLASS_PREPARE, suspendPolicy=EVENT_THREAD, predicates=[className=com.badlogic.gdx.graphics.g2d.PolygonSpriteBatch]}
07:40:01.617 INFO: JdwpDebugServer: handling req: EventRequest(15).Set(1)
07:40:01.617 INFO: JdwpEventCenterDelegate: jdwpSetEventRequest: JdwpEventRequest{requestId=111, eventKind=CLASS_PREPARE, suspendPolicy=EVENT_THREAD, predicates=[className=com.badlogic.gdx.graphics.g2d.PolygonSpriteBatch$*]}
07:40:01.618 INFO: JdwpDebugServer: handling req: VirtualMachine(1).ClassesBySignature(2)
07:40:01.618 INFO: JdwpDebugServer: handling req: EventRequest(15).Set(1)
07:40:01.618 INFO: JdwpEventCenterDelegate: jdwpSetEventRequest: JdwpEventRequest{requestId=112, eventKind=BREAKPOINT, suspendPolicy=EVENT_THREAD, predicates=[Location{classId=15500, methodId=1122, index=141} ]}
07:40:01.619 INFO: JdwpDebugServer: handling req: EventRequest(15).Set(1)
07:40:01.619 INFO: JdwpEventCenterDelegate: jdwpSetEventRequest: JdwpEventRequest{requestId=113, eventKind=CLASS_PREPARE, suspendPolicy=EVENT_THREAD, predicates=[className=java.lang.Throwable]}
07:40:01.619 INFO: JdwpDebugServer: handling req: EventRequest(15).Set(1)
07:40:01.619 INFO: JdwpEventCenterDelegate: jdwpSetEventRequest: JdwpEventRequest{requestId=114, eventKind=CLASS_PREPARE, suspendPolicy=EVENT_THREAD, predicates=[className=java.lang.Throwable$*]}
07:40:01.620 INFO: JdwpDebugServer: handling req: VirtualMachine(1).ClassesBySignature(2)
07:40:01.620 INFO: JdwpDebugServer: handling req: ReferenceType(2).MethodsWithGeneric(15)
07:40:01.621 INFO: JdwpDebugServer: handling req: Method(6).LineTable(1)
07:40:01.621 INFO: JdwpDebugServer: handling req: Method(6).LineTable(1)
07:40:01.621 INFO: JdwpDebugServer: handling req: Method(6).LineTable(1)
07:40:01.621 INFO: JdwpDebugServer: handling req: Method(6).LineTable(1)
07:40:01.621 INFO: JdwpDebugServer: handling req: Method(6).LineTable(1)
07:40:01.621 INFO: JdwpDebugServer: handling req: Method(6).LineTable(1)
07:40:01.622 INFO: JdwpDebugServer: handling req: Method(6).LineTable(1)
07:40:01.622 INFO: JdwpDebugServer: handling req: Method(6).LineTable(1)
07:40:01.622 INFO: JdwpDebugServer: handling req: Method(6).LineTable(1)
07:40:01.622 INFO: JdwpDebugServer: handling req: Method(6).LineTable(1)
07:40:01.622 INFO: JdwpDebugServer: handling req: Method(6).LineTable(1)
07:40:01.622 INFO: JdwpDebugServer: handling req: Method(6).LineTable(1)
07:40:01.622 INFO: JdwpDebugServer: handling req: Method(6).LineTable(1)
07:40:01.622 INFO: JdwpDebugServer: handling req: Method(6).LineTable(1)
07:40:01.623 INFO: JdwpDebugServer: handling req: Method(6).LineTable(1)
07:40:01.623 INFO: JdwpDebugServer: handling req: Method(6).LineTable(1)
07:40:01.623 INFO: JdwpDebugServer: handling req: Method(6).LineTable(1)
07:40:01.623 INFO: JdwpDebugServer: handling req: Method(6).LineTable(1)
07:40:01.623 INFO: JdwpDebugServer: handling req: Method(6).LineTable(1)
07:40:01.623 INFO: JdwpDebugServer: handling req: Method(6).LineTable(1)
07:40:01.623 INFO: JdwpDebugServer: handling req: Method(6).LineTable(1)
07:40:01.624 INFO: JdwpDebugServer: handling req: Method(6).LineTable(1)
07:40:01.624 INFO: JdwpDebugServer: handling req: Method(6).LineTable(1)
07:40:01.624 INFO: JdwpDebugServer: handling req: Method(6).LineTable(1)
07:40:01.624 INFO: JdwpDebugServer: handling req: VirtualMachine(1).ClassesBySignature(2)
07:40:01.624 INFO: JdwpDebugServer: handling req: VirtualMachine(1).AllClassesWithGeneric(20)
07:40:01.635 INFO: JdwpDebugServer: handling req: EventRequest(15).Set(1)
07:40:01.635 INFO: JdwpEventCenterDelegate: jdwpSetEventRequest: JdwpEventRequest{requestId=115, eventKind=CLASS_PREPARE, suspendPolicy=EVENT_THREAD, predicates=[className=com.badlogic.gdx.utils.ScreenUtils]}
07:40:01.636 INFO: JdwpDebugServer: handling req: EventRequest(15).Set(1)
07:40:01.636 INFO: JdwpEventCenterDelegate: jdwpSetEventRequest: JdwpEventRequest{requestId=116, eventKind=CLASS_PREPARE, suspendPolicy=EVENT_THREAD, predicates=[className=com.badlogic.gdx.utils.ScreenUtils$*]}
07:40:01.637 INFO: JdwpDebugServer: handling req: VirtualMachine(1).ClassesBySignature(2)
07:40:01.637 INFO: JdwpDebugServer: handling req: ReferenceType(2).MethodsWithGeneric(15)
07:40:01.638 INFO: JdwpDebugServer: handling req: Method(6).LineTable(1)
07:40:01.638 INFO: JdwpDebugServer: handling req: Method(6).LineTable(1)
07:40:01.638 INFO: JdwpDebugServer: handling req: Method(6).LineTable(1)
07:40:01.638 INFO: JdwpDebugServer: handling req: Method(6).LineTable(1)
07:40:01.638 INFO: JdwpDebugServer: handling req: Method(6).LineTable(1)
07:40:01.639 INFO: JdwpDebugServer: handling req: Method(6).LineTable(1)
07:40:01.639 INFO: JdwpDebugServer: handling req: Method(6).LineTable(1)
07:40:01.639 INFO: JdwpDebugServer: handling req: Method(6).LineTable(1)
07:40:01.640 INFO: JdwpDebugServer: handling req: Method(6).LineTable(1)
07:40:01.640 INFO: JdwpDebugServer: handling req: Method(6).LineTable(1)
07:40:01.640 INFO: JdwpDebugServer: handling req: EventRequest(15).Set(1)
07:40:01.640 INFO: JdwpEventCenterDelegate: jdwpSetEventRequest: JdwpEventRequest{requestId=117, eventKind=BREAKPOINT, suspendPolicy=EVENT_THREAD, predicates=[Location{classId=22240, methodId=1727, index=89} ]}
07:40:01.641 INFO: JdwpDebugServer: handling req: EventRequest(15).Set(1)
07:40:01.641 INFO: JdwpEventCenterDelegate: jdwpSetEventRequest: JdwpEventRequest{requestId=118, eventKind=CLASS_PREPARE, suspendPolicy=EVENT_THREAD, predicates=[className=com.badlogic.gdx.utils.ScreenUtils]}
07:40:01.641 INFO: JdwpDebugServer: handling req: EventRequest(15).Set(1)
07:40:01.641 INFO: JdwpEventCenterDelegate: jdwpSetEventRequest: JdwpEventRequest{requestId=119, eventKind=CLASS_PREPARE, suspendPolicy=EVENT_THREAD, predicates=[className=com.badlogic.gdx.utils.ScreenUtils$*]}
07:40:01.642 INFO: JdwpDebugServer: handling req: VirtualMachine(1).ClassesBySignature(2)
07:40:01.643 INFO: JdwpDebugServer: handling req: EventRequest(15).Set(1)
07:40:01.643 INFO: JdwpEventCenterDelegate: jdwpSetEventRequest: JdwpEventRequest{requestId=120, eventKind=BREAKPOINT, suspendPolicy=EVENT_THREAD, predicates=[Location{classId=22240, methodId=1722, index=72} ]}
07:40:01.643 INFO: JdwpDebugServer: handling req: EventRequest(15).Set(1)
07:40:01.643 INFO: JdwpEventCenterDelegate: jdwpSetEventRequest: JdwpEventRequest{requestId=121, eventKind=CLASS_PREPARE, suspendPolicy=EVENT_THREAD, predicates=[className=com.scottlogic.util.ShaderProgramFactory]}
07:40:01.644 INFO: JdwpDebugServer: handling req: EventRequest(15).Set(1)
07:40:01.644 INFO: JdwpEventCenterDelegate: jdwpSetEventRequest: JdwpEventRequest{requestId=122, eventKind=CLASS_PREPARE, suspendPolicy=EVENT_THREAD, predicates=[className=com.scottlogic.util.ShaderProgramFactory$*]}
07:40:01.645 INFO: JdwpDebugServer: handling req: VirtualMachine(1).ClassesBySignature(2)
07:40:01.645 INFO: JdwpDebugServer: handling req: ReferenceType(2).MethodsWithGeneric(15)
07:40:01.645 INFO: JdwpDebugServer: handling req: Method(6).LineTable(1)
07:40:01.646 INFO: JdwpDebugServer: handling req: Method(6).LineTable(1)
07:40:01.646 INFO: JdwpDebugServer: handling req: Method(6).LineTable(1)
07:40:01.646 INFO: JdwpDebugServer: handling req: Method(6).LineTable(1)
07:40:01.646 INFO: JdwpDebugServer: handling req: Method(6).LineTable(1)
07:40:01.646 INFO: JdwpDebugServer: handling req: EventRequest(15).Set(1)
07:40:01.646 INFO: JdwpEventCenterDelegate: jdwpSetEventRequest: JdwpEventRequest{requestId=123, eventKind=BREAKPOINT, suspendPolicy=EVENT_THREAD, predicates=[Location{classId=20400, methodId=1762, index=106} ]}
07:40:01.647 INFO: JdwpDebugServer: handling req: VirtualMachine(1).capabilitiesNew(17)
07:40:01.649 INFO: JdwpDebugServer: handling req: EventRequest(15).Set(1)
07:40:01.649 INFO: JdwpEventCenterDelegate: jdwpSetEventRequest: JdwpEventRequest{requestId=124, eventKind=CLASS_PREPARE, suspendPolicy=EVENT_THREAD, predicates=[className=java.lang.Error]}
07:40:01.651 INFO: JdwpDebugServer: handling req: EventRequest(15).Set(1)
07:40:01.651 INFO: JdwpEventCenterDelegate: jdwpSetEventRequest: JdwpEventRequest{requestId=125, eventKind=CLASS_PREPARE, suspendPolicy=EVENT_THREAD, predicates=[className=java.lang.Error$*]}
07:40:01.652 INFO: JdwpDebugServer: handling req: VirtualMachine(1).ClassesBySignature(2)
07:40:01.653 INFO: JdwpDebugServer: handling req: EventRequest(15).Set(1)
07:40:01.653 INFO: JdwpEventCenterDelegate: jdwpSetEventRequest: JdwpEventRequest{requestId=126, eventKind=EXCEPTION, suspendPolicy=EVENT_THREAD, predicates=[exceptionType=3425(caught=true, uncaught=true)]}
07:40:01.674 INFO: JdwpDebugServer: handling req: EventRequest(15).Set(1)
07:40:01.674 INFO: JdwpEventCenterDelegate: jdwpSetEventRequest: JdwpEventRequest{requestId=127, eventKind=CLASS_PREPARE, suspendPolicy=EVENT_THREAD, predicates=[className=java.lang.Throwable]}
07:40:01.676 INFO: JdwpDebugServer: handling req: EventRequest(15).Set(1)
07:40:01.676 INFO: JdwpEventCenterDelegate: jdwpSetEventRequest: JdwpEventRequest{requestId=128, eventKind=CLASS_PREPARE, suspendPolicy=EVENT_THREAD, predicates=[className=java.lang.Throwable$*]}
07:40:01.677 INFO: JdwpDebugServer: handling req: VirtualMachine(1).ClassesBySignature(2)
07:40:01.677 INFO: JdwpDebugServer: handling req: EventRequest(15).Set(1)
07:40:01.677 INFO: JdwpEventCenterDelegate: jdwpSetEventRequest: JdwpEventRequest{requestId=129, eventKind=EXCEPTION, suspendPolicy=EVENT_THREAD, predicates=[exceptionType=7695(caught=false, uncaught=true)]}
07:40:01.678 INFO: JdwpDebugServer: handling req: ThreadReference(11).SuspendCount(12)
07:40:01.679 INFO: JdwpDebugServer: handling req: ThreadReference(11).SuspendCount(12)
07:40:01.679 INFO: JdwpDebugServer: handling req: ThreadReference(11).SuspendCount(12)
07:40:01.679 INFO: JdwpDebugServer: handling req: ThreadReference(11).SuspendCount(12)
07:40:01.679 INFO: JdwpDebugServer: handling req: VirtualMachine(1).AllThreads(4)
07:40:01.679 INFO: JdwpDebugServer: handling req: VirtualMachine(1).Resume(9)
07:40:01.748 INFO: JdwpEventCenterDelegate: THREAD_RESUMED: thread (33, main, main)
07:40:01.748 INFO: JdwpEventCenterDelegate: THREAD_RESUMED: thread (33, main, main)
07:40:01.749 INFO: JdwpEventCenterDelegate: THREAD_RESUMED: thread (33, main, main)
07:40:01.749 INFO: JdwpEventCenterDelegate: THREAD_RESUMED: thread (33, main, main)
07:40:01.750 INFO: JdwpEventCenterDelegate: THREAD_RESUMED: thread (33, main, main)
07:40:01.750 INFO: JdwpEventCenterDelegate: THREAD_RESUMED: thread (33, main, main)
07:40:01.751 INFO: JdwpEventCenterDelegate: THREAD_RESUMED: thread (33, main, main)
07:40:01.753 INFO: JdwpEventCenterDelegate: THREAD_RESUMED: thread (33, main, main)
07:40:01.753 INFO: JdwpEventCenterDelegate: THREAD_RESUMED: thread (33, main, main)
07:40:01.754 INFO: JdwpEventCenterDelegate: THREAD_RESUMED: thread (33, main, main)
07:40:01.754 INFO: JdwpEventCenterDelegate: THREAD_RESUMED: thread (33, main, main)
07:40:01.760 INFO: JdwpEventCenterDelegate: THREAD_RESUMED: thread (33, main, main)
07:40:01.760 INFO: JdwpEventCenterDelegate: THREAD_RESUMED: thread (33, main, main)
07:40:01.761 INFO: JdwpEventCenterDelegate: THREAD_RESUMED: thread (33, main, main)
07:40:01.945 INFO: JdwpEventCenterDelegate: THREAD_RESUMED: thread (33, main, main)
07:40:01.946 INFO: JdwpEventCenterDelegate: THREAD_RESUMED: thread (33, main, main)
07:40:01.946 INFO: JdwpEventCenterDelegate: THREAD_RESUMED: thread (33, main, main)
07:40:01.954 INFO: JdwpEventCenterDelegate: THREAD_RESUMED: thread (33, main, main)
07:40:01.954 INFO: JdwpEventCenterDelegate: THREAD_RESUMED: thread (33, main, main)
07:40:01.955 INFO: JdwpEventCenterDelegate: THREAD_RESUMED: thread (33, main, main)
07:40:02.221 INFO: JdwpEventCenterDelegate: THREAD_RESUMED: thread (33, main, main)
07:40:02.222 INFO: JdwpEventCenterDelegate: THREAD_RESUMED: thread (33, main, main)
07:40:02.222 INFO: JdwpEventCenterDelegate: THREAD_RESUMED: thread (33, main, main)
07:40:02.232 INFO: JdwpDebugServer: handling req: ThreadReference(11).Name(1)
07:40:02.234 INFO: JdwpDebugServer: handling req: ThreadReference(11).Name(1)
07:40:02.234 INFO: JdwpDebugServer: handling req: ThreadReference(11).Name(1)
07:40:02.235 INFO: JdwpDebugServer: handling req: ThreadReference(11).Name(1)
07:40:02.279 INFO: JdwpEventCenterDelegate: THREAD_RESUMED: thread (33, main, main)
07:40:02.280 INFO: JdwpEventCenterDelegate: THREAD_RESUMED: thread (33, main, main)
07:40:02.281 INFO: JdwpEventCenterDelegate: THREAD_RESUMED: thread (33, main, main)
07:40:02.307 INFO: JdwpEventCenterDelegate: THREAD_RESUMED: thread (33, main, main)
07:40:02.308 INFO: JdwpEventCenterDelegate: THREAD_RESUMED: thread (33, main, main)
07:40:02.309 INFO: JdwpEventCenterDelegate: THREAD_RESUMED: thread (33, main, main)
07:40:02.330 INFO: JdwpEventCenterDelegate: THREAD_RESUMED: thread (33, main, main)
07:40:02.331 INFO: JdwpEventCenterDelegate: THREAD_RESUMED: thread (33, main, main)
07:40:02.331 INFO: JdwpEventCenterDelegate: THREAD_RESUMED: thread (33, main, main)
07:40:02.332 INFO: JdwpEventCenterDelegate: THREAD_RESUMED: thread (33, main, main)
07:40:02.339 INFO: JdwpEventCenterDelegate: THREAD_RESUMED: thread (33, main, main)
07:40:02.342 INFO: JdwpEventCenterDelegate: THREAD_RESUMED: thread (33, main, main)
07:40:02.848 INFO: JdwpEventCenterDelegate: THREAD_RESUMED: thread (33, main, main)
07:40:02.849 INFO: JdwpEventCenterDelegate: THREAD_RESUMED: thread (33, main, main)
07:40:02.867 INFO: JdwpEventCenterDelegate: THREAD_RESUMED: thread (33, main, main)
07:40:02.868 INFO: JdwpEventCenterDelegate: THREAD_RESUMED: thread (33, main, main)
07:40:02.868 INFO: JdwpEventCenterDelegate: THREAD_RESUMED: thread (33, main, main)
07:40:02.869 INFO: JdwpEventCenterDelegate: THREAD_RESUMED: thread (33, main, main)
07:40:02.935 INFO: JdwpEventCenterDelegate: THREAD_RESUMED: thread (33, main, main)
07:40:03.301 INFO: JdwpDebugServer: handling req: EventRequest(15).Set(1)
07:40:03.302 INFO: JdwpEventCenterDelegate: jdwpSetEventRequest: JdwpEventRequest{requestId=130, eventKind=BREAKPOINT, suspendPolicy=EVENT_THREAD, predicates=[Location{classId=15500, methodId=1122, index=142} ]}
07:40:03.304 INFO: JdwpDebugServer: handling req: EventRequest(15).Set(1)
07:40:03.305 INFO: JdwpEventCenterDelegate: jdwpSetEventRequest: JdwpEventRequest{requestId=131, eventKind=BREAKPOINT, suspendPolicy=EVENT_THREAD, predicates=[Location{classId=15500, methodId=1122, index=141} ]}
07:40:03.306 INFO: JdwpDebugServer: handling req: ThreadReference(11).Resume(3)
07:40:03.307 INFO: JdwpEventCenterDelegate: THREAD_RESUMED: thread (33, main, main)
07:40:03.310 INFO: JdwpEventCenterDelegate: THREAD_RESUMED: thread (33, main, main)
07:40:03.311 INFO: JdwpEventCenterDelegate: THREAD_RESUMED: thread (33, main, main)
07:40:03.312 INFO: JdwpEventCenterDelegate: THREAD_RESUMED: thread (33, main, main)
07:40:03.313 INFO: JdwpEventCenterDelegate: THREAD_RESUMED: thread (33, main, main)
07:40:03.314 INFO: JdwpEventCenterDelegate: THREAD_RESUMED: thread (33, main, main)
07:40:03.315 INFO: JdwpEventCenterDelegate: THREAD_RESUMED: thread (33, main, main)
07:40:03.318 INFO: JdwpDebugServer: handling req: EventRequest(15).Set(1)
07:40:03.318 INFO: JdwpEventCenterDelegate: jdwpSetEventRequest: JdwpEventRequest{requestId=132, eventKind=BREAKPOINT, suspendPolicy=EVENT_THREAD, predicates=[Location{classId=20400, methodId=1762, index=106} ]}
07:40:03.322 INFO: JdwpDebugServer: handling req: ThreadReference(11).Resume(3)
07:40:03.322 INFO: JdwpEventCenterDelegate: THREAD_RESUMED: thread (33, main, main)
07:40:03.335 INFO: JdwpDebugServer: handling req: ThreadReference(11).Frames(6)
07:40:03.335 INFO: JdwpDebugServer: handling req: ReferenceType(2).MethodsWithGeneric(15)
07:40:03.335 INFO: JdwpDebugServer: handling req: ReferenceType(2).MethodsWithGeneric(15)
07:40:03.336 INFO: JdwpDebugServer: handling req: ReferenceType(2).MethodsWithGeneric(15)
07:40:03.336 INFO: JdwpDebugServer: handling req: ReferenceType(2).MethodsWithGeneric(15)
07:40:03.337 INFO: JdwpDebugServer: handling req: ReferenceType(2).MethodsWithGeneric(15)
07:40:03.337 INFO: JdwpDebugServer: handling req: ReferenceType(2).MethodsWithGeneric(15)
07:40:03.338 INFO: JdwpDebugServer: handling req: ReferenceType(2).MethodsWithGeneric(15)
07:40:03.342 INFO: JdwpDebugServer: handling req: ThreadReference(11).FramesCount(7)
07:40:03.343 INFO: JdwpDebugServer: handling req: ThreadReference(11).FramesCount(7)
07:40:03.541 INFO: JdwpDebugServer: handling req: ThreadReference(11).Name(1)
07:40:03.541 INFO: JdwpDebugServer: handling req: ReferenceType(2).SignatureWithGeneric(13)
07:40:03.544 INFO: JdwpDebugServer: handling req: ThreadReference(11).Name(1)
07:40:03.544 INFO: JdwpDebugServer: handling req: ThreadReference(11).Name(1)
07:40:03.544 INFO: JdwpDebugServer: handling req: ThreadReference(11).Name(1)
07:40:03.545 INFO: JdwpDebugServer: handling req: ThreadReference(11).Name(1)
07:40:03.591 INFO: JdwpDebugServer: handling req: ReferenceType(2).FieldsWithGeneric(14)
07:40:03.591 INFO: JdwpDebugServer: handling req: ReferenceType(2).Interfaces(10)
07:40:03.592 INFO: JdwpDebugServer: handling req: ClassType(3).Superclass(1)
07:40:03.592 INFO: JdwpDebugServer: handling req: ClassType(3).Superclass(1)
07:40:03.592 INFO: JdwpDebugServer: handling req: Method(6).VariableTableWithGenerics(5)
07:40:03.600 INFO: JdwpDebugServer: handling req: ReferenceType(2).SourceFile(7)
07:40:03.630 INFO: JdwpDebugServer: handling req: StackFrame(16).GetValues(1)
07:40:03.631 INFO: JdwpDebugServer: handling req: StackFrame(16).GetValues(1)
07:40:03.631 INFO: JdwpDebugServer: handling req: ObjectReference(9).ReferenceType(1)
07:40:03.632 INFO: JdwpDebugServer: handling req: ReferenceType(2).FieldsWithGeneric(14)
07:40:03.632 INFO: JdwpDebugServer: handling req: StackFrame(16).GetValues(1)
07:40:03.633 INFO: JdwpDebugServer: handling req: ClassType(3).Superclass(1)
07:40:03.633 INFO: JdwpDebugServer: handling req: ClassType(3).Superclass(1)
07:40:03.633 INFO: JdwpDebugServer: handling req: ReferenceType(2).Interfaces(10)
07:40:03.633 INFO: JdwpDebugServer: handling req: ReferenceType(2).Interfaces(10)
07:40:03.634 INFO: JdwpDebugServer: handling req: ReferenceType(2).Interfaces(10)
07:40:03.634 INFO: JdwpDebugServer: handling req: ReferenceType(2).Interfaces(10)
07:40:03.634 INFO: JdwpDebugServer: handling req: ClassType(3).Superclass(1)
07:40:03.635 INFO: JdwpDebugServer: handling req: StackFrame(16).GetValues(1)
07:40:03.635 INFO: JdwpDebugServer: handling req: StackFrame(16).GetValues(1)
07:40:03.636 INFO: JdwpDebugServer: handling req: StackFrame(16).GetValues(1)
07:40:03.636 INFO: JdwpDebugServer: handling req: StringReference(10).Value(1)
07:40:03.641 INFO: JdwpDebugServer: handling req: ReferenceType(2).FieldsWithGeneric(14)
07:40:03.642 INFO: JdwpDebugServer: handling req: StackFrame(16).GetValues(1)
07:40:03.643 INFO: JdwpDebugServer: handling req: ReferenceType(2).FieldsWithGeneric(14)
07:40:03.643 INFO: JdwpDebugServer: handling req: ReferenceType(2).FieldsWithGeneric(14)
07:40:03.643 INFO: JdwpDebugServer: handling req: StackFrame(16).GetValues(1)
07:40:03.644 INFO: JdwpDebugServer: handling req: StackFrame(16).GetValues(1)
07:40:03.644 INFO: JdwpDebugServer: handling req: StackFrame(16).GetValues(1)
07:40:03.645 INFO: JdwpDebugServer: handling req: StackFrame(16).GetValues(1)
07:40:03.646 INFO: JdwpDebugServer: handling req: ObjectReference(9).ReferenceType(1)
07:40:03.646 INFO: JdwpDebugServer: handling req: StackFrame(16).GetValues(1)
07:40:03.648 INFO: JdwpDebugServer: handling req: StackFrame(16).GetValues(1)
07:40:03.649 INFO: JdwpDebugServer: handling req: ObjectReference(9).ReferenceType(1)
07:40:03.650 INFO: JdwpDebugServer: handling req: StackFrame(16).GetValues(1)
07:40:03.650 INFO: JdwpDebugServer: handling req: ClassType(3).Superclass(1)
07:40:03.650 INFO: JdwpDebugServer: handling req: StackFrame(16).GetValues(1)
07:40:03.651 INFO: JdwpDebugServer: handling req: StackFrame(16).GetValues(1)
07:40:03.652 INFO: JdwpDebugServer: handling req: StackFrame(16).GetValues(1)
07:40:03.652 INFO: JdwpDebugServer: handling req: ObjectReference(9).ReferenceType(1)
07:40:03.653 INFO: JdwpDebugServer: handling req: ReferenceType(2).FieldsWithGeneric(14)
07:40:03.653 INFO: JdwpDebugServer: handling req: StackFrame(16).GetValues(1)
07:40:03.653 INFO: JdwpDebugServer: handling req: ReferenceType(2).Interfaces(10)
07:40:03.653 INFO: JdwpDebugServer: handling req: StackFrame(16).GetValues(1)
07:40:03.653 INFO: JdwpDebugServer: handling req: ReferenceType(2).FieldsWithGeneric(14)
07:40:03.654 INFO: JdwpDebugServer: handling req: StringReference(10).Value(1)
07:40:03.654 INFO: JdwpDebugServer: handling req: ReferenceType(2).Interfaces(10)
07:40:03.655 INFO: JdwpDebugServer: handling req: ClassType(3).Superclass(1)
07:40:03.655 INFO: JdwpDebugServer: handling req: StackFrame(16).GetValues(1)
07:40:03.655 INFO: JdwpDebugServer: handling req: StackFrame(16).GetValues(1)
07:40:03.656 INFO: JdwpDebugServer: handling req: StackFrame(16).GetValues(1)
07:40:03.656 INFO: JdwpDebugServer: handling req: StackFrame(16).GetValues(1)
07:40:03.657 INFO: JdwpDebugServer: handling req: StackFrame(16).GetValues(1)
07:40:03.657 INFO: JdwpDebugServer: handling req: StackFrame(16).GetValues(1)
07:40:03.657 INFO: JdwpDebugServer: handling req: StackFrame(16).GetValues(1)
07:40:03.658 INFO: JdwpDebugServer: handling req: StackFrame(16).GetValues(1)
07:40:03.658 INFO: JdwpDebugServer: handling req: StackFrame(16).GetValues(1)
07:40:03.659 INFO: JdwpDebugServer: handling req: StackFrame(16).GetValues(1)
07:40:03.660 INFO: JdwpDebugServer: handling req: StackFrame(16).GetValues(1)
07:40:03.660 INFO: JdwpDebugServer: handling req: StackFrame(16).GetValues(1)
07:40:03.660 INFO: JdwpDebugServer: handling req: StackFrame(16).GetValues(1)
07:40:03.661 INFO: JdwpDebugServer: handling req: StackFrame(16).GetValues(1)
07:40:03.661 INFO: JdwpDebugServer: handling req: StackFrame(16).GetValues(1)
07:40:03.661 INFO: JdwpDebugServer: handling req: StackFrame(16).GetValues(1)
07:40:03.662 INFO: JdwpDebugServer: handling req: StackFrame(16).GetValues(1)
07:40:03.662 INFO: JdwpDebugServer: handling req: StackFrame(16).GetValues(1)
07:40:03.663 INFO: JdwpDebugServer: handling req: StackFrame(16).GetValues(1)
07:40:03.663 INFO: JdwpDebugServer: handling req: StackFrame(16).GetValues(1)
07:40:03.663 INFO: JdwpDebugServer: handling req: StackFrame(16).GetValues(1)
07:40:03.664 INFO: JdwpDebugServer: handling req: StackFrame(16).GetValues(1)
07:40:03.664 INFO: JdwpDebugServer: handling req: StackFrame(16).GetValues(1)
07:40:03.665 INFO: JdwpDebugServer: handling req: StackFrame(16).GetValues(1)
07:40:03.666 INFO: JdwpDebugServer: handling req: StackFrame(16).GetValues(1)
07:40:03.666 INFO: JdwpDebugServer: handling req: StackFrame(16).GetValues(1)
07:40:03.666 INFO: JdwpDebugServer: handling req: StackFrame(16).GetValues(1)
07:40:03.667 INFO: JdwpDebugServer: handling req: StackFrame(16).GetValues(1)
07:40:03.667 INFO: JdwpDebugServer: handling req: StackFrame(16).GetValues(1)
07:40:03.668 INFO: JdwpDebugServer: handling req: StackFrame(16).GetValues(1)
07:40:03.668 INFO: JdwpDebugServer: handling req: ThreadReference(11).FramesCount(7)
07:40:03.669 INFO: JdwpDebugServer: handling req: StackFrame(16).GetValues(1)
07:40:03.670 INFO: JdwpDebugServer: handling req: StackFrame(16).GetValues(1)
07:40:03.670 INFO: JdwpDebugServer: handling req: ClassType(3).Superclass(1)
07:40:03.671 INFO: JdwpDebugServer: handling req: StackFrame(16).GetValues(1)
07:40:03.671 INFO: JdwpDebugServer: handling req: StackFrame(16).GetValues(1)
07:40:03.672 INFO: JdwpDebugServer: handling req: StackFrame(16).GetValues(1)
07:40:03.672 INFO: JdwpDebugServer: handling req: StackFrame(16).GetValues(1)
07:40:03.672 INFO: JdwpDebugServer: handling req: StackFrame(16).GetValues(1)
07:40:03.678 INFO: JdwpDebugServer: handling req: ThreadReference(11).Name(1)
07:40:03.678 INFO: JdwpDebugServer: handling req: ThreadReference(11).Name(1)
07:40:03.679 INFO: JdwpDebugServer: handling req: ThreadReference(11).Name(1)
07:40:03.679 INFO: JdwpDebugServer: handling req: ThreadReference(11).Name(1)
07:40:03.682 INFO: JdwpDebugServer: handling req: ThreadReference(11).FramesCount(7)
07:40:03.684 INFO: JdwpDebugServer: handling req: Method(6).LineTable(1)
07:40:03.685 INFO: JdwpDebugServer: handling req: StackFrame(16).ThisObject(3)
07:40:03.686 INFO: JdwpDebugServer: handling req: ObjectReference(9).ReferenceType(1)
07:40:03.686 INFO: JdwpDebugServer: handling req: Method(6).LineTable(1)
07:40:03.686 INFO: JdwpDebugServer: handling req: StackFrame(16).ThisObject(3)
07:40:03.686 INFO: JdwpDebugServer: handling req: ObjectReference(9).ReferenceType(1)
07:40:03.686 INFO: JdwpDebugServer: handling req: Method(6).LineTable(1)
07:40:03.688 INFO: JdwpDebugServer: handling req: StackFrame(16).ThisObject(3)
07:40:03.689 INFO: JdwpDebugServer: handling req: ObjectReference(9).ReferenceType(1)
07:40:03.689 INFO: JdwpDebugServer: handling req: Method(6).LineTable(1)
07:40:03.689 INFO: JdwpDebugServer: handling req: StackFrame(16).ThisObject(3)
07:40:03.690 INFO: JdwpDebugServer: handling req: ObjectReference(9).ReferenceType(1)
07:40:03.690 INFO: JdwpDebugServer: handling req: Method(6).LineTable(1)
07:40:03.690 INFO: JdwpDebugServer: handling req: StackFrame(16).ThisObject(3)
07:40:03.691 INFO: JdwpDebugServer: handling req: ObjectReference(9).ReferenceType(1)
07:40:03.691 INFO: JdwpDebugServer: handling req: Method(6).LineTable(1)
07:40:03.691 INFO: JdwpDebugServer: handling req: Method(6).LineTable(1)
07:40:03.691 INFO: JdwpDebugServer: handling req: Method(6).LineTable(1)
07:40:09.220 INFO: JdwpDebugServer: handling req: StackFrame(16).GetValues(1)
07:40:09.223 INFO: JdwpDebugServer: handling req: ClassType(3).Superclass(1)
07:40:09.247 INFO: JdwpDebugServer: handling req: StackFrame(16).GetValues(1)
07:40:09.248 INFO: JdwpDebugServer: handling req: ClassType(3).Superclass(1)
07:40:09.250 INFO: JdwpDebugServer: handling req: ObjectReference(9).GetValues(2)
07:40:09.251 INFO: JdwpDebugServer: handling req: ObjectReference(9).GetValues(2)
07:40:09.251 INFO: JdwpDebugServer: handling req: ObjectReference(9).GetValues(2)
07:40:09.252 INFO: JdwpDebugServer: handling req: ObjectReference(9).GetValues(2)
07:40:09.252 INFO: JdwpDebugServer: handling req: ObjectReference(9).ReferenceType(1)
07:40:09.252 INFO: JdwpDebugServer: handling req: ReferenceType(2).FieldsWithGeneric(14)
07:40:09.254 INFO: JdwpDebugServer: handling req: ReferenceType(2).Interfaces(10)
07:40:09.254 INFO: JdwpDebugServer: handling req: ReferenceType(2).FieldsWithGeneric(14)
07:40:09.254 INFO: JdwpDebugServer: handling req: ReferenceType(2).Interfaces(10)
07:40:09.255 INFO: JdwpDebugServer: handling req: ClassType(3).Superclass(1)
07:40:09.256 INFO: JdwpDebugServer: handling req: ObjectReference(9).GetValues(2)
07:40:09.256 INFO: JdwpDebugServer: handling req: ObjectReference(9).ReferenceType(1)
07:40:09.256 INFO: JdwpDebugServer: handling req: ObjectReference(9).GetValues(2)
07:40:09.257 INFO: JdwpDebugServer: handling req: ObjectReference(9).ReferenceType(1)
07:40:09.257 INFO: JdwpDebugServer: handling req: ObjectReference(9).GetValues(2)
07:40:09.259 INFO: JdwpDebugServer: handling req: ObjectReference(9).GetValues(2)
07:40:09.261 INFO: JdwpDebugServer: handling req: ObjectReference(9).ReferenceType(1)
07:40:09.262 INFO: JdwpDebugServer: handling req: ObjectReference(9).GetValues(2)
07:40:09.262 INFO: JdwpDebugServer: handling req: ObjectReference(9).GetValues(2)
07:40:09.262 INFO: JdwpDebugServer: handling req: ObjectReference(9).GetValues(2)
07:40:09.262 INFO: JdwpDebugServer: handling req: ObjectReference(9).GetValues(2)
07:40:09.262 INFO: JdwpDebugServer: handling req: ObjectReference(9).GetValues(2)
07:40:09.262 INFO: JdwpDebugServer: handling req: ObjectReference(9).GetValues(2)
07:40:09.262 INFO: JdwpDebugServer: handling req: ObjectReference(9).GetValues(2)
07:40:09.263 INFO: JdwpDebugServer: handling req: ObjectReference(9).ReferenceType(1)
07:40:09.263 INFO: JdwpDebugServer: handling req: ObjectReference(9).GetValues(2)
07:40:09.263 INFO: JdwpDebugServer: handling req: ObjectReference(9).GetValues(2)
07:40:09.263 INFO: JdwpDebugServer: handling req: ObjectReference(9).GetValues(2)
07:40:09.263 INFO: JdwpDebugServer: handling req: ObjectReference(9).ReferenceType(1)
07:40:09.263 INFO: JdwpDebugServer: handling req: ReferenceType(2).FieldsWithGeneric(14)
07:40:09.263 INFO: JdwpDebugServer: handling req: ObjectReference(9).GetValues(2)
07:40:09.263 INFO: JdwpDebugServer: handling req: ReferenceType(2).Interfaces(10)
07:40:09.264 INFO: JdwpDebugServer: handling req: ClassType(3).Superclass(1)
07:40:09.264 INFO: JdwpDebugServer: handling req: ClassType(3).Superclass(1)
07:40:09.264 INFO: JdwpDebugServer: handling req: ReferenceType(2).FieldsWithGeneric(14)
07:40:09.264 INFO: JdwpDebugServer: handling req: ReferenceType(2).Interfaces(10)
07:40:09.264 INFO: JdwpDebugServer: handling req: ClassType(3).Superclass(1)
07:40:09.264 INFO: JdwpDebugServer: handling req: ReferenceType(2).FieldsWithGeneric(14)
07:40:09.265 INFO: JdwpDebugServer: handling req: ReferenceType(2).Interfaces(10)
07:40:09.265 INFO: JdwpDebugServer: handling req: ClassType(3).Superclass(1)
07:40:09.265 INFO: JdwpDebugServer: handling req: ObjectReference(9).GetValues(2)
07:40:09.265 INFO: JdwpDebugServer: handling req: ObjectReference(9).GetValues(2)
07:40:09.265 INFO: JdwpDebugServer: handling req: ObjectReference(9).GetValues(2)
07:40:09.265 INFO: JdwpDebugServer: handling req: ObjectReference(9).ReferenceType(1)
07:40:09.265 INFO: JdwpDebugServer: handling req: ObjectReference(9).GetValues(2)
07:40:09.266 INFO: JdwpDebugServer: handling req: ReferenceType(2).FieldsWithGeneric(14)
07:40:09.266 INFO: JdwpDebugServer: handling req: ReferenceType(2).Interfaces(10)
07:40:09.266 INFO: JdwpDebugServer: handling req: ObjectReference(9).GetValues(2)
07:40:09.266 INFO: JdwpDebugServer: handling req: ClassType(3).Superclass(1)
07:40:09.266 INFO: JdwpDebugServer: handling req: ObjectReference(9).GetValues(2)
07:40:09.266 INFO: JdwpDebugServer: handling req: ReferenceType(2).FieldsWithGeneric(14)
07:40:09.266 INFO: JdwpDebugServer: handling req: ObjectReference(9).GetValues(2)
07:40:09.266 INFO: JdwpDebugServer: handling req: ReferenceType(2).Interfaces(10)
07:40:09.266 INFO: JdwpDebugServer: handling req: ClassType(3).Superclass(1)
07:40:09.267 INFO: JdwpDebugServer: handling req: ObjectReference(9).GetValues(2)
07:40:09.267 INFO: JdwpDebugServer: handling req: ObjectReference(9).GetValues(2)
07:40:09.267 INFO: JdwpDebugServer: handling req: ClassType(3).Superclass(1)
07:40:09.267 INFO: JdwpDebugServer: handling req: ObjectReference(9).GetValues(2)
07:40:09.267 INFO: JdwpDebugServer: handling req: ObjectReference(9).GetValues(2)
07:40:09.267 INFO: JdwpDebugServer: handling req: ObjectReference(9).GetValues(2)
07:40:09.267 INFO: JdwpDebugServer: handling req: ObjectReference(9).GetValues(2)
07:40:09.268 INFO: JdwpDebugServer: handling req: ObjectReference(9).GetValues(2)
07:40:09.268 INFO: JdwpDebugServer: handling req: ObjectReference(9).ReferenceType(1)
07:40:09.268 INFO: JdwpDebugServer: handling req: ObjectReference(9).GetValues(2)
07:40:09.268 INFO: JdwpDebugServer: handling req: ObjectReference(9).GetValues(2)
07:40:09.268 INFO: JdwpDebugServer: handling req: ObjectReference(9).GetValues(2)
07:40:09.269 INFO: JdwpDebugServer: handling req: ObjectReference(9).GetValues(2)
07:40:09.269 INFO: JdwpDebugServer: handling req: ObjectReference(9).ReferenceType(1)
07:40:09.269 INFO: JdwpDebugServer: handling req: ObjectReference(9).GetValues(2)
07:40:09.269 INFO: JdwpDebugServer: handling req: ObjectReference(9).GetValues(2)
07:40:09.269 INFO: JdwpDebugServer: handling req: ObjectReference(9).ReferenceType(1)
07:40:09.270 INFO: JdwpDebugServer: handling req: ObjectReference(9).GetValues(2)
07:40:09.270 INFO: JdwpDebugServer: handling req: ObjectReference(9).GetValues(2)
07:40:09.270 INFO: JdwpDebugServer: handling req: ClassType(3).Superclass(1)
07:40:09.270 INFO: JdwpDebugServer: handling req: ObjectReference(9).ReferenceType(1)
07:40:09.271 INFO: JdwpDebugServer: handling req: ObjectReference(9).GetValues(2)
07:40:09.271 INFO: JdwpDebugServer: handling req: ObjectReference(9).GetValues(2)
07:40:09.271 INFO: JdwpDebugServer: handling req: ObjectReference(9).GetValues(2)
07:40:09.271 INFO: JdwpDebugServer: handling req: ObjectReference(9).GetValues(2)
07:40:09.272 INFO: JdwpDebugServer: handling req: ObjectReference(9).GetValues(2)
07:40:09.272 INFO: JdwpDebugServer: handling req: ObjectReference(9).ReferenceType(1)
07:40:09.273 INFO: JdwpDebugServer: handling req: ObjectReference(9).GetValues(2)
07:40:09.273 INFO: JdwpDebugServer: handling req: ObjectReference(9).GetValues(2)
07:40:09.273 INFO: JdwpDebugServer: handling req: ObjectReference(9).GetValues(2)
07:40:09.274 INFO: JdwpDebugServer: handling req: ObjectReference(9).GetValues(2)
07:40:09.274 INFO: JdwpDebugServer: handling req: ObjectReference(9).GetValues(2)
07:40:09.274 INFO: JdwpDebugServer: handling req: ObjectReference(9).GetValues(2)
07:40:09.275 INFO: JdwpDebugServer: handling req: ObjectReference(9).GetValues(2)
07:40:09.275 INFO: JdwpDebugServer: handling req: ObjectReference(9).GetValues(2)
07:40:09.276 INFO: JdwpDebugServer: handling req: ObjectReference(9).GetValues(2)
07:40:09.276 INFO: JdwpDebugServer: handling req: ObjectReference(9).GetValues(2)
07:40:09.276 INFO: JdwpDebugServer: handling req: ObjectReference(9).GetValues(2)
07:40:09.277 INFO: JdwpDebugServer: handling req: ClassType(3).Superclass(1)
07:40:09.277 INFO: JdwpDebugServer: handling req: ObjectReference(9).GetValues(2)
07:40:09.277 INFO: JdwpDebugServer: handling req: ObjectReference(9).GetValues(2)
07:40:09.277 INFO: JdwpDebugServer: handling req: ObjectReference(9).GetValues(2)
07:40:09.277 INFO: JdwpDebugServer: handling req: StringReference(10).Value(1)
07:40:09.279 INFO: JdwpDebugServer: handling req: ObjectReference(9).GetValues(2)
07:40:09.279 INFO: JdwpDebugServer: handling req: ObjectReference(9).GetValues(2)
07:40:09.279 INFO: JdwpDebugServer: handling req: ObjectReference(9).GetValues(2)
07:40:09.280 INFO: JdwpDebugServer: handling req: ObjectReference(9).GetValues(2)
07:40:09.280 INFO: JdwpDebugServer: handling req: ObjectReference(9).GetValues(2)
07:40:09.280 INFO: JdwpDebugServer: handling req: ObjectReference(9).GetValues(2)
07:40:09.281 INFO: JdwpDebugServer: handling req: ObjectReference(9).GetValues(2)
07:40:09.281 INFO: JdwpDebugServer: handling req: ObjectReference(9).GetValues(2)
07:40:09.281 INFO: JdwpDebugServer: handling req: ObjectReference(9).GetValues(2)
07:40:09.282 INFO: JdwpDebugServer: handling req: ObjectReference(9).GetValues(2)
07:40:09.282 INFO: JdwpDebugServer: handling req: ObjectReference(9).GetValues(2)
07:40:09.283 INFO: JdwpDebugServer: handling req: ObjectReference(9).GetValues(2)
07:40:09.283 INFO: JdwpDebugServer: handling req: ObjectReference(9).GetValues(2)
07:40:09.284 INFO: JdwpDebugServer: handling req: ObjectReference(9).GetValues(2)
07:40:09.284 INFO: JdwpDebugServer: handling req: ObjectReference(9).GetValues(2)
07:40:09.285 INFO: JdwpDebugServer: handling req: ObjectReference(9).GetValues(2)
07:40:09.285 INFO: JdwpDebugServer: handling req: ObjectReference(9).GetValues(2)
07:40:09.285 INFO: JdwpDebugServer: handling req: ObjectReference(9).GetValues(2)
07:40:09.286 INFO: JdwpDebugServer: handling req: ClassType(3).Superclass(1)
07:40:09.286 INFO: JdwpDebugServer: handling req: ObjectReference(9).GetValues(2)
07:40:09.286 INFO: JdwpDebugServer: handling req: ObjectReference(9).GetValues(2)
07:40:09.286 INFO: JdwpDebugServer: handling req: ObjectReference(9).GetValues(2)
07:40:09.287 INFO: JdwpDebugServer: handling req: StringReference(10).Value(1)
07:40:09.289 INFO: JdwpDebugServer: handling req: ObjectReference(9).GetValues(2)
07:40:09.290 INFO: JdwpDebugServer: handling req: ObjectReference(9).GetValues(2)
07:40:09.290 INFO: JdwpDebugServer: handling req: ObjectReference(9).GetValues(2)
07:40:09.290 INFO: JdwpDebugServer: handling req: ObjectReference(9).GetValues(2)
07:40:09.291 INFO: JdwpDebugServer: handling req: ClassType(3).Superclass(1)
07:40:09.291 INFO: JdwpDebugServer: handling req: ObjectReference(9).GetValues(2)
07:40:09.291 INFO: JdwpDebugServer: handling req: ObjectReference(9).GetValues(2)
07:40:09.292 INFO: JdwpDebugServer: handling req: ObjectReference(9).GetValues(2)
07:40:09.292 INFO: JdwpDebugServer: handling req: ObjectReference(9).GetValues(2)
07:40:09.292 INFO: JdwpDebugServer: handling req: ObjectReference(9).GetValues(2)
07:40:09.293 INFO: JdwpDebugServer: handling req: ObjectReference(9).GetValues(2)
07:40:09.293 INFO: JdwpDebugServer: handling req: ObjectReference(9).GetValues(2)
07:40:09.293 INFO: JdwpDebugServer: handling req: ClassType(3).Superclass(1)
07:40:09.295 INFO: JdwpDebugServer: handling req: ObjectReference(9).GetValues(2)
07:40:09.295 INFO: JdwpDebugServer: handling req: ObjectReference(9).GetValues(2)
07:40:09.295 INFO: JdwpDebugServer: handling req: ObjectReference(9).GetValues(2)
07:40:09.295 INFO: JdwpDebugServer: handling req: ObjectReference(9).GetValues(2)
07:40:09.296 INFO: JdwpDebugServer: handling req: ObjectReference(9).GetValues(2)
07:40:09.296 INFO: JdwpDebugServer: handling req: ObjectReference(9).GetValues(2)
07:40:09.296 INFO: JdwpDebugServer: handling req: ObjectReference(9).GetValues(2)
07:40:09.296 INFO: JdwpDebugServer: handling req: ObjectReference(9).GetValues(2)
07:40:09.297 INFO: JdwpDebugServer: handling req: ObjectReference(9).GetValues(2)
07:40:09.297 INFO: JdwpDebugServer: handling req: ObjectReference(9).GetValues(2)
07:40:09.297 INFO: JdwpDebugServer: handling req: ObjectReference(9).GetValues(2)
07:40:09.297 INFO: JdwpDebugServer: handling req: ObjectReference(9).GetValues(2)
07:40:09.298 INFO: JdwpDebugServer: handling req: ObjectReference(9).GetValues(2)
07:40:09.298 INFO: JdwpDebugServer: handling req: ObjectReference(9).GetValues(2)
07:40:09.298 INFO: JdwpDebugServer: handling req: ObjectReference(9).GetValues(2)
07:40:09.299 INFO: JdwpDebugServer: handling req: ObjectReference(9).GetValues(2)
07:40:09.299 INFO: JdwpDebugServer: handling req: ObjectReference(9).GetValues(2)
07:40:09.299 INFO: JdwpDebugServer: handling req: ObjectReference(9).GetValues(2)
07:40:09.300 INFO: JdwpDebugServer: handling req: ObjectReference(9).GetValues(2)
07:40:09.300 INFO: JdwpDebugServer: handling req: ObjectReference(9).GetValues(2)
07:40:09.300 INFO: JdwpDebugServer: handling req: ObjectReference(9).GetValues(2)
07:40:09.300 INFO: JdwpDebugServer: handling req: ClassType(3).Superclass(1)
07:40:09.301 INFO: JdwpDebugServer: handling req: ObjectReference(9).GetValues(2)
07:40:09.301 INFO: JdwpDebugServer: handling req: ObjectReference(9).GetValues(2)
07:40:09.301 INFO: JdwpDebugServer: handling req: ObjectReference(9).GetValues(2)
07:40:09.302 INFO: JdwpDebugServer: handling req: ObjectReference(9).GetValues(2)
07:40:09.303 INFO: JdwpDebugServer: handling req: ObjectReference(9).GetValues(2)
07:40:09.303 INFO: JdwpDebugServer: handling req: ObjectReference(9).GetValues(2)
07:40:09.304 INFO: JdwpDebugServer: handling req: ObjectReference(9).GetValues(2)
07:40:09.305 INFO: JdwpDebugServer: handling req: ObjectReference(9).GetValues(2)
07:40:09.305 INFO: JdwpDebugServer: handling req: ObjectReference(9).GetValues(2)
07:40:09.305 INFO: JdwpDebugServer: handling req: ObjectReference(9).GetValues(2)
07:40:09.306 INFO: JdwpDebugServer: handling req: ObjectReference(9).GetValues(2)
07:40:09.306 INFO: JdwpDebugServer: handling req: ObjectReference(9).GetValues(2)
07:40:09.307 INFO: JdwpDebugServer: handling req: ObjectReference(9).GetValues(2)
07:40:09.307 INFO: JdwpDebugServer: handling req: ObjectReference(9).GetValues(2)
07:40:09.308 INFO: JdwpDebugServer: handling req: ClassType(3).Superclass(1)
07:40:09.308 INFO: JdwpDebugServer: handling req: ObjectReference(9).GetValues(2)
07:40:09.308 INFO: JdwpDebugServer: handling req: ObjectReference(9).GetValues(2)
07:40:09.309 INFO: JdwpDebugServer: handling req: ObjectReference(9).GetValues(2)
07:40:09.309 INFO: JdwpDebugServer: handling req: ObjectReference(9).GetValues(2)
07:40:09.309 INFO: JdwpDebugServer: handling req: ObjectReference(9).GetValues(2)
07:40:09.309 INFO: JdwpDebugServer: handling req: ObjectReference(9).GetValues(2)
07:40:09.309 INFO: JdwpDebugServer: handling req: ObjectReference(9).GetValues(2)
07:40:09.309 INFO: JdwpDebugServer: handling req: ClassType(3).Superclass(1)
07:40:09.309 INFO: JdwpDebugServer: handling req: ObjectReference(9).GetValues(2)
07:40:09.310 INFO: JdwpDebugServer: handling req: ObjectReference(9).GetValues(2)
07:40:09.310 INFO: JdwpDebugServer: handling req: ObjectReference(9).GetValues(2)
07:40:09.310 INFO: JdwpDebugServer: handling req: ObjectReference(9).GetValues(2)
07:40:09.310 INFO: JdwpDebugServer: handling req: ObjectReference(9).GetValues(2)
07:40:09.310 INFO: JdwpDebugServer: handling req: ObjectReference(9).GetValues(2)
07:40:09.311 INFO: JdwpDebugServer: handling req: ObjectReference(9).GetValues(2)
07:40:09.311 INFO: JdwpDebugServer: handling req: ClassType(3).Superclass(1)
07:40:09.311 INFO: JdwpDebugServer: handling req: ObjectReference(9).GetValues(2)
07:40:09.311 INFO: JdwpDebugServer: handling req: ObjectReference(9).GetValues(2)
07:40:09.311 INFO: JdwpDebugServer: handling req: ObjectReference(9).GetValues(2)
07:40:09.311 INFO: JdwpDebugServer: handling req: ObjectReference(9).GetValues(2)
07:40:09.311 INFO: JdwpDebugServer: handling req: ObjectReference(9).GetValues(2)
07:40:09.312 INFO: JdwpDebugServer: handling req: ObjectReference(9).GetValues(2)
07:40:09.312 INFO: JdwpDebugServer: handling req: ObjectReference(9).GetValues(2)
07:40:09.312 INFO: JdwpDebugServer: handling req: ObjectReference(9).GetValues(2)
07:40:09.312 INFO: JdwpDebugServer: handling req: ObjectReference(9).GetValues(2)
07:40:09.313 INFO: JdwpDebugServer: handling req: ObjectReference(9).GetValues(2)
07:40:09.313 INFO: JdwpDebugServer: handling req: ObjectReference(9).GetValues(2)
07:40:09.313 INFO: JdwpDebugServer: handling req: ObjectReference(9).GetValues(2)
07:40:09.313 INFO: JdwpDebugServer: handling req: ObjectReference(9).GetValues(2)
07:40:09.313 INFO: JdwpDebugServer: handling req: ObjectReference(9).GetValues(2)
07:40:09.314 INFO: JdwpDebugServer: handling req: ClassType(3).Superclass(1)
07:40:09.314 INFO: JdwpDebugServer: handling req: ObjectReference(9).GetValues(2)
07:40:09.314 INFO: JdwpDebugServer: handling req: ObjectReference(9).GetValues(2)
07:40:09.314 INFO: JdwpDebugServer: handling req: ObjectReference(9).GetValues(2)
07:40:09.314 INFO: JdwpDebugServer: handling req: StringReference(10).Value(1)
07:40:09.315 INFO: JdwpDebugServer: handling req: ObjectReference(9).GetValues(2)
07:40:09.315 INFO: JdwpDebugServer: handling req: ObjectReference(9).GetValues(2)
07:40:11.750 INFO: JdwpDebugServer: handling req: ObjectReference(9).GetValues(2)
07:40:11.751 INFO: JdwpDebugServer: handling req: ReferenceType(2).SourceFile(7)
07:40:11.752 INFO: JdwpDebugServer: handling req: ObjectReference(9).GetValues(2)
07:40:11.752 INFO: JdwpDebugServer: handling req: ObjectReference(9).GetValues(2)
07:40:11.760 INFO: JdwpDebugServer: handling req: ReferenceType(2).SourceFile(7)
07:40:12.003 INFO: JdwpDebugServer: handling req: ObjectReference(9).GetValues(2)
07:40:12.011 INFO: JdwpDebugServer: handling req: ClassType(3).Superclass(1)
07:40:12.012 INFO: JdwpDebugServer: handling req: StringReference(10).Value(1)
07:40:14.031 INFO: JdwpDebugServer: handling req: ObjectReference(9).GetValues(2)
07:40:47.700 INFO: JdwpDebugServer: handling req: StringReference(10).Value(1)
07:41:00.908 INFO: JdwpDebugServer: handling req: ObjectReference(9).GetValues(2)
07:41:05.902 INFO: JdwpDebugServer: handling req: ObjectReference(9).GetValues(2)
07:41:05.904 INFO: JdwpDebugServer: handling req: ClassType(3).Superclass(1)
07:41:05.906 INFO: JdwpDebugServer: handling req: StringReference(10).Value(1)
07:41:05.948 INFO: JdwpDebugServer: handling req: StringReference(10).Value(1)
07:41:05.950 INFO: JdwpDebugServer: handling req: ObjectReference(9).GetValues(2)
07:41:05.951 INFO: JdwpDebugServer: handling req: ObjectReference(9).GetValues(2)
07:41:05.951 INFO: JdwpDebugServer: handling req: ObjectReference(9).GetValues(2)
07:41:07.135 INFO: JdwpDebugServer: handling req: ObjectReference(9).GetValues(2)
07:41:09.577 INFO: JdwpDebugServer: handling req: StringReference(10).Value(1)
07:41:15.271 INFO: JdwpDebugServer: handling req: ObjectReference(9).GetValues(2)
07:41:15.293 INFO: JdwpDebugServer: handling req: StringReference(10).Value(1)
07:41:16.665 INFO: JdwpDebugServer: handling req: ThreadReference(11).Resume(3)
07:41:16.678 INFO: JdwpEventCenterDelegate: THREAD_RESUMED: thread (33, main, main)
07:41:16.697 INFO: JdwpDebugServer: handling req: ReferenceType(2).MethodsWithGeneric(15)
07:41:16.706 INFO: JdwpDebugServer: handling req: Method(6).LineTable(1)
07:41:16.709 INFO: JdwpDebugServer: handling req: Method(6).LineTable(1)
07:41:16.710 INFO: JdwpDebugServer: handling req: Method(6).LineTable(1)
07:41:16.712 INFO: JdwpDebugServer: handling req: ThreadReference(11).Resume(3)
07:41:16.714 INFO: JdwpEventCenterDelegate: THREAD_RESUMED: thread (33, main, main)
07:41:16.717 INFO: JdwpEventCenterDelegate: THREAD_RESUMED: thread (33, main, main)
07:41:16.758 SEVERE: Debugger: Thread HooksChannel socket thread crashed
org.robovm.debugger.DebuggerException: java.nio.BufferUnderflowException
	at org.robovm.debugger.hooks.HooksChannel.doSocketWork(HooksChannel.java:149)
	at java.base/java.lang.Thread.run(Thread.java:833)
	at org.robovm.debugger.utils.DebuggerThread.run(DebuggerThread.java:42)
Caused by: java.nio.BufferUnderflowException
	at org.robovm.debugger.utils.bytebuffer.DataBufferWriter.writeFromStream(DataBufferWriter.java:91)
	at org.robovm.debugger.hooks.HooksChannel.doSocketWork(HooksChannel.java:116)
	... 2 more
07:41:16.819 INFO: JdwpDebugServer: handling req: ThreadReference(11).Name(1)
