09:34:31.225 INFO: JdwpEventCenterDelegate: THREAD_STARTED: thread (33, main, main)
09:34:31.280 INFO: JdwpEventCenterDelegate: THREAD_STARTED: thread (48, ReferenceQueueDaemon, main)
09:34:31.281 INFO: JdwpEventCenterDelegate: THREAD_STARTED: thread (63, FinalizerDaemon, main)
09:34:31.283 INFO: JdwpEventCenterDelegate: THREAD_STARTED: thread (78, FinalizerWatchdogDaemon, main)
09:34:32.925 INFO: JdwpDebugServer: handling req: VirtualMachine(1).IDSizes(7)
09:34:32.926 INFO: JdwpDebugServer: handling req: EventRequest(15).Set(1)
09:34:32.927 INFO: JdwpEventCenterDelegate: jdwpSetEventRequest: JdwpEventRequest{requestId=100, eventKind=CLASS_UNLOAD, suspendPolicy=NONE, predicates=[]}
09:34:32.928 INFO: JdwpDebugServer: handling req: EventRequest(15).Set(1)
09:34:32.929 INFO: JdwpEventCenterDelegate: jdwpSetEventRequest: JdwpEventRequest{requestId=101, eventKind=THREAD_START, suspendPolicy=NONE, predicates=[]}
09:34:32.930 INFO: JdwpDebugServer: handling req: VirtualMachine(1).ClassesBySignature(2)
09:34:32.932 INFO: JdwpDebugServer: handling req: VirtualMachine(1).Version(1)
09:34:32.933 INFO: JdwpDebugServer: handling req: ReferenceType(2).MethodsWithGeneric(15)
09:34:32.935 INFO: JdwpDebugServer: handling req: Method(6).LineTable(1)
09:34:32.936 INFO: JdwpDebugServer: handling req: EventRequest(15).Set(1)
09:34:32.936 INFO: JdwpEventCenterDelegate: jdwpSetEventRequest: JdwpEventRequest{requestId=102, eventKind=BREAKPOINT, suspendPolicy=NONE, predicates=[Location{classId=845, methodId=257, index=928} ]}
09:34:32.937 INFO: JdwpDebugServer: handling req: EventRequest(15).Set(1)
09:34:32.937 INFO: JdwpEventCenterDelegate: jdwpSetEventRequest: JdwpEventRequest{requestId=103, eventKind=THREAD_DEATH, suspendPolicy=NONE, predicates=[]}
09:34:32.937 INFO: JdwpDebugServer: handling req: VirtualMachine(1).AllThreads(4)
09:34:32.938 INFO: JdwpDebugServer: handling req: ThreadReference(11).ThreadGroup(5)
09:34:32.938 INFO: JdwpDebugServer: handling req: ThreadGroup(12).Name(1)
09:34:32.939 INFO: JdwpDebugServer: handling req: ThreadGroup(12).Parent(2)
09:34:32.939 INFO: JdwpDebugServer: handling req: ObjectReference(9).ReferenceType(1)
09:34:32.940 INFO: JdwpDebugServer: handling req: ReferenceType(2).FieldsWithGeneric(14)
09:34:32.941 INFO: JdwpDebugServer: handling req: ReferenceType(2).Interfaces(10)
09:34:32.941 INFO: JdwpDebugServer: handling req: ReferenceType(2).FieldsWithGeneric(14)
09:34:32.942 INFO: JdwpDebugServer: handling req: ReferenceType(2).Interfaces(10)
09:34:32.942 INFO: JdwpDebugServer: handling req: ClassType(3).Superclass(1)
09:34:32.942 INFO: JdwpDebugServer: handling req: ReferenceType(2).FieldsWithGeneric(14)
09:34:32.943 INFO: JdwpDebugServer: handling req: ReferenceType(2).Interfaces(10)
09:34:32.943 INFO: JdwpDebugServer: handling req: ClassType(3).Superclass(1)
09:34:32.943 INFO: JdwpDebugServer: handling req: ObjectReference(9).GetValues(2)
09:34:32.946 INFO: JdwpDebugServer: handling req: ThreadReference(11).Status(4)
09:34:32.946 INFO: JdwpDebugServer: handling req: ThreadReference(11).Status(4)
09:34:32.946 INFO: JdwpDebugServer: handling req: ThreadReference(11).ThreadGroup(5)
09:34:32.947 INFO: JdwpDebugServer: handling req: ObjectReference(9).ReferenceType(1)
09:34:32.947 INFO: JdwpDebugServer: handling req: ObjectReference(9).GetValues(2)
09:34:32.947 INFO: JdwpDebugServer: handling req: ThreadReference(11).Status(4)
09:34:32.948 INFO: JdwpDebugServer: handling req: ThreadReference(11).Status(4)
09:34:32.948 INFO: JdwpDebugServer: handling req: ThreadReference(11).ThreadGroup(5)
09:34:32.948 INFO: JdwpDebugServer: handling req: ObjectReference(9).ReferenceType(1)
09:34:32.948 INFO: JdwpDebugServer: handling req: ObjectReference(9).GetValues(2)
09:34:32.949 INFO: JdwpDebugServer: handling req: ThreadReference(11).Status(4)
09:34:32.949 INFO: JdwpDebugServer: handling req: ThreadReference(11).Status(4)
09:34:32.949 INFO: JdwpDebugServer: handling req: ThreadReference(11).ThreadGroup(5)
09:34:32.949 INFO: JdwpDebugServer: handling req: ObjectReference(9).ReferenceType(1)
09:34:32.949 INFO: JdwpDebugServer: handling req: ObjectReference(9).GetValues(2)
09:34:32.950 INFO: JdwpDebugServer: handling req: ThreadReference(11).Status(4)
09:34:32.950 INFO: JdwpDebugServer: handling req: ThreadReference(11).Status(4)
09:34:32.952 INFO: JdwpDebugServer: handling req: EventRequest(15).Set(1)
09:34:32.953 INFO: JdwpEventCenterDelegate: jdwpSetEventRequest: JdwpEventRequest{requestId=104, eventKind=CLASS_PREPARE, suspendPolicy=EVENT_THREAD, predicates=[className=com.badlogic.gdx.graphics.g2d.SpriteBatch]}
09:34:32.958 INFO: JdwpDebugServer: handling req: EventRequest(15).Set(1)
09:34:32.958 INFO: JdwpEventCenterDelegate: jdwpSetEventRequest: JdwpEventRequest{requestId=105, eventKind=CLASS_PREPARE, suspendPolicy=EVENT_THREAD, predicates=[className=com.badlogic.gdx.graphics.g2d.SpriteBatch$*]}
09:34:32.959 INFO: JdwpDebugServer: handling req: VirtualMachine(1).ClassesBySignature(2)
09:34:32.960 INFO: JdwpDebugServer: handling req: ReferenceType(2).MethodsWithGeneric(15)
09:34:32.961 INFO: JdwpDebugServer: handling req: Method(6).LineTable(1)
09:34:32.961 INFO: JdwpDebugServer: handling req: Method(6).LineTable(1)
09:34:32.961 INFO: JdwpDebugServer: handling req: Method(6).LineTable(1)
09:34:32.961 INFO: JdwpDebugServer: handling req: Method(6).LineTable(1)
09:34:32.962 INFO: JdwpDebugServer: handling req: Method(6).LineTable(1)
09:34:32.962 INFO: JdwpDebugServer: handling req: Method(6).LineTable(1)
09:34:32.962 INFO: JdwpDebugServer: handling req: Method(6).LineTable(1)
09:34:32.962 INFO: JdwpDebugServer: handling req: Method(6).LineTable(1)
09:34:32.962 INFO: JdwpDebugServer: handling req: Method(6).LineTable(1)
09:34:32.962 INFO: JdwpDebugServer: handling req: Method(6).LineTable(1)
09:34:32.962 INFO: JdwpDebugServer: handling req: Method(6).LineTable(1)
09:34:32.963 INFO: JdwpDebugServer: handling req: Method(6).LineTable(1)
09:34:32.963 INFO: JdwpDebugServer: handling req: Method(6).LineTable(1)
09:34:32.963 INFO: JdwpDebugServer: handling req: Method(6).LineTable(1)
09:34:32.963 INFO: JdwpDebugServer: handling req: Method(6).LineTable(1)
09:34:32.963 INFO: JdwpDebugServer: handling req: Method(6).LineTable(1)
09:34:32.963 INFO: JdwpDebugServer: handling req: Method(6).LineTable(1)
09:34:32.963 INFO: JdwpDebugServer: handling req: Method(6).LineTable(1)
09:34:32.964 INFO: JdwpDebugServer: handling req: Method(6).LineTable(1)
09:34:32.964 INFO: JdwpDebugServer: handling req: Method(6).LineTable(1)
09:34:32.964 INFO: JdwpDebugServer: handling req: Method(6).LineTable(1)
09:34:32.964 INFO: JdwpDebugServer: handling req: Method(6).LineTable(1)
09:34:32.964 INFO: JdwpDebugServer: handling req: Method(6).LineTable(1)
09:34:32.964 INFO: JdwpDebugServer: handling req: Method(6).LineTable(1)
09:34:32.965 INFO: JdwpDebugServer: handling req: Method(6).LineTable(1)
09:34:32.965 INFO: JdwpDebugServer: handling req: Method(6).LineTable(1)
09:34:32.965 INFO: JdwpDebugServer: handling req: Method(6).LineTable(1)
09:34:32.965 INFO: JdwpDebugServer: handling req: Method(6).LineTable(1)
09:34:32.965 INFO: JdwpDebugServer: handling req: Method(6).LineTable(1)
09:34:32.966 INFO: JdwpDebugServer: handling req: Method(6).LineTable(1)
09:34:32.966 INFO: JdwpDebugServer: handling req: Method(6).LineTable(1)
09:34:32.966 INFO: JdwpDebugServer: handling req: Method(6).LineTable(1)
09:34:32.966 INFO: JdwpDebugServer: handling req: Method(6).LineTable(1)
09:34:32.966 INFO: JdwpDebugServer: handling req: Method(6).LineTable(1)
09:34:32.966 INFO: JdwpDebugServer: handling req: Method(6).LineTable(1)
09:34:32.966 INFO: JdwpDebugServer: handling req: Method(6).LineTable(1)
09:34:32.966 INFO: JdwpDebugServer: handling req: Method(6).LineTable(1)
09:34:32.967 INFO: JdwpDebugServer: handling req: Method(6).LineTable(1)
09:34:32.967 INFO: JdwpDebugServer: handling req: Method(6).LineTable(1)
09:34:32.967 INFO: JdwpDebugServer: handling req: Method(6).LineTable(1)
09:34:32.967 INFO: JdwpDebugServer: handling req: Method(6).LineTable(1)
09:34:32.967 INFO: JdwpDebugServer: handling req: Method(6).LineTable(1)
09:34:32.967 INFO: JdwpDebugServer: handling req: Method(6).LineTable(1)
09:34:32.968 INFO: JdwpDebugServer: handling req: Method(6).LineTable(1)
09:34:32.968 INFO: JdwpDebugServer: handling req: EventRequest(15).Set(1)
09:34:32.968 INFO: JdwpEventCenterDelegate: jdwpSetEventRequest: JdwpEventRequest{requestId=106, eventKind=BREAKPOINT, suspendPolicy=EVENT_THREAD, predicates=[Location{classId=18040, methodId=1122, index=163} ]}
09:34:32.968 INFO: JdwpDebugServer: handling req: ReferenceType(2).Signature(1)
09:34:32.972 INFO: JdwpDebugServer: handling req: EventRequest(15).Set(1)
09:34:32.972 INFO: JdwpEventCenterDelegate: jdwpSetEventRequest: JdwpEventRequest{requestId=107, eventKind=CLASS_PREPARE, suspendPolicy=EVENT_THREAD, predicates=[className=java.lang.Throwable]}
09:34:32.973 INFO: JdwpDebugServer: handling req: EventRequest(15).Set(1)
09:34:32.974 INFO: JdwpEventCenterDelegate: jdwpSetEventRequest: JdwpEventRequest{requestId=108, eventKind=CLASS_PREPARE, suspendPolicy=EVENT_THREAD, predicates=[className=java.lang.Throwable$*]}
09:34:32.974 INFO: JdwpDebugServer: handling req: VirtualMachine(1).ClassesBySignature(2)
09:34:32.975 INFO: JdwpDebugServer: handling req: ReferenceType(2).MethodsWithGeneric(15)
09:34:32.975 INFO: JdwpDebugServer: handling req: Method(6).LineTable(1)
09:34:32.975 INFO: JdwpDebugServer: handling req: Method(6).LineTable(1)
09:34:32.975 INFO: JdwpDebugServer: handling req: Method(6).LineTable(1)
09:34:32.975 INFO: JdwpDebugServer: handling req: Method(6).LineTable(1)
09:34:32.975 INFO: JdwpDebugServer: handling req: Method(6).LineTable(1)
09:34:32.976 INFO: JdwpDebugServer: handling req: Method(6).LineTable(1)
09:34:32.976 INFO: JdwpDebugServer: handling req: Method(6).LineTable(1)
09:34:32.976 INFO: JdwpDebugServer: handling req: Method(6).LineTable(1)
09:34:32.976 INFO: JdwpDebugServer: handling req: Method(6).LineTable(1)
09:34:32.976 INFO: JdwpDebugServer: handling req: Method(6).LineTable(1)
09:34:32.976 INFO: JdwpDebugServer: handling req: Method(6).LineTable(1)
09:34:32.976 INFO: JdwpDebugServer: handling req: Method(6).LineTable(1)
09:34:32.977 INFO: JdwpDebugServer: handling req: Method(6).LineTable(1)
09:34:32.977 INFO: JdwpDebugServer: handling req: Method(6).LineTable(1)
09:34:32.977 INFO: JdwpDebugServer: handling req: Method(6).LineTable(1)
09:34:32.977 INFO: JdwpDebugServer: handling req: Method(6).LineTable(1)
09:34:32.977 INFO: JdwpDebugServer: handling req: Method(6).LineTable(1)
09:34:32.977 INFO: JdwpDebugServer: handling req: Method(6).LineTable(1)
09:34:32.977 INFO: JdwpDebugServer: handling req: Method(6).LineTable(1)
09:34:32.978 INFO: JdwpDebugServer: handling req: Method(6).LineTable(1)
09:34:32.978 INFO: JdwpDebugServer: handling req: Method(6).LineTable(1)
09:34:32.978 INFO: JdwpDebugServer: handling req: Method(6).LineTable(1)
09:34:32.978 INFO: JdwpDebugServer: handling req: Method(6).LineTable(1)
09:34:32.978 INFO: JdwpDebugServer: handling req: Method(6).LineTable(1)
09:34:32.978 INFO: JdwpDebugServer: handling req: VirtualMachine(1).ClassesBySignature(2)
09:34:32.979 INFO: JdwpDebugServer: handling req: VirtualMachine(1).AllClassesWithGeneric(20)
09:34:32.988 INFO: JdwpDebugServer: handling req: EventRequest(15).Set(1)
09:34:32.988 INFO: JdwpEventCenterDelegate: jdwpSetEventRequest: JdwpEventRequest{requestId=109, eventKind=CLASS_PREPARE, suspendPolicy=EVENT_THREAD, predicates=[className=com.badlogic.gdx.utils.ScreenUtils]}
09:34:32.990 INFO: JdwpDebugServer: handling req: EventRequest(15).Set(1)
09:34:32.990 INFO: JdwpEventCenterDelegate: jdwpSetEventRequest: JdwpEventRequest{requestId=110, eventKind=CLASS_PREPARE, suspendPolicy=EVENT_THREAD, predicates=[className=com.badlogic.gdx.utils.ScreenUtils$*]}
09:34:32.990 INFO: JdwpDebugServer: handling req: VirtualMachine(1).ClassesBySignature(2)
09:34:32.991 INFO: JdwpDebugServer: handling req: ReferenceType(2).MethodsWithGeneric(15)
09:34:32.991 INFO: JdwpDebugServer: handling req: Method(6).LineTable(1)
09:34:32.991 INFO: JdwpDebugServer: handling req: Method(6).LineTable(1)
09:34:32.991 INFO: JdwpDebugServer: handling req: Method(6).LineTable(1)
09:34:32.991 INFO: JdwpDebugServer: handling req: Method(6).LineTable(1)
09:34:32.991 INFO: JdwpDebugServer: handling req: Method(6).LineTable(1)
09:34:32.991 INFO: JdwpDebugServer: handling req: Method(6).LineTable(1)
09:34:32.992 INFO: JdwpDebugServer: handling req: Method(6).LineTable(1)
09:34:32.992 INFO: JdwpDebugServer: handling req: Method(6).LineTable(1)
09:34:32.992 INFO: JdwpDebugServer: handling req: Method(6).LineTable(1)
09:34:32.992 INFO: JdwpDebugServer: handling req: Method(6).LineTable(1)
09:34:32.992 INFO: JdwpDebugServer: handling req: EventRequest(15).Set(1)
09:34:32.992 INFO: JdwpEventCenterDelegate: jdwpSetEventRequest: JdwpEventRequest{requestId=111, eventKind=BREAKPOINT, suspendPolicy=EVENT_THREAD, predicates=[Location{classId=22240, methodId=1492, index=89} ]}
09:34:32.993 INFO: JdwpDebugServer: handling req: EventRequest(15).Set(1)
09:34:32.993 INFO: JdwpEventCenterDelegate: jdwpSetEventRequest: JdwpEventRequest{requestId=112, eventKind=CLASS_PREPARE, suspendPolicy=EVENT_THREAD, predicates=[className=com.badlogic.gdx.utils.ScreenUtils]}
09:34:32.994 INFO: JdwpDebugServer: handling req: EventRequest(15).Set(1)
09:34:32.994 INFO: JdwpEventCenterDelegate: jdwpSetEventRequest: JdwpEventRequest{requestId=113, eventKind=CLASS_PREPARE, suspendPolicy=EVENT_THREAD, predicates=[className=com.badlogic.gdx.utils.ScreenUtils$*]}
09:34:32.994 INFO: JdwpDebugServer: handling req: VirtualMachine(1).ClassesBySignature(2)
09:34:32.995 INFO: JdwpDebugServer: handling req: EventRequest(15).Set(1)
09:34:32.995 INFO: JdwpEventCenterDelegate: jdwpSetEventRequest: JdwpEventRequest{requestId=114, eventKind=BREAKPOINT, suspendPolicy=EVENT_THREAD, predicates=[Location{classId=22240, methodId=1487, index=72} ]}
09:34:32.995 INFO: JdwpDebugServer: handling req: EventRequest(15).Set(1)
09:34:32.995 INFO: JdwpEventCenterDelegate: jdwpSetEventRequest: JdwpEventRequest{requestId=115, eventKind=CLASS_PREPARE, suspendPolicy=EVENT_THREAD, predicates=[className=com.abdalla.bushnaq.pluvia.launcher.IOSLauncher]}
09:34:32.996 INFO: JdwpDebugServer: handling req: EventRequest(15).Set(1)
09:34:32.996 INFO: JdwpEventCenterDelegate: jdwpSetEventRequest: JdwpEventRequest{requestId=116, eventKind=CLASS_PREPARE, suspendPolicy=EVENT_THREAD, predicates=[className=com.abdalla.bushnaq.pluvia.launcher.IOSLauncher$*]}
09:34:32.996 INFO: JdwpDebugServer: handling req: VirtualMachine(1).ClassesBySignature(2)
09:34:32.997 INFO: JdwpDebugServer: handling req: ReferenceType(2).MethodsWithGeneric(15)
09:34:32.997 INFO: JdwpDebugServer: handling req: Method(6).LineTable(1)
09:34:32.997 INFO: JdwpDebugServer: handling req: Method(6).LineTable(1)
09:34:32.997 INFO: JdwpDebugServer: handling req: Method(6).LineTable(1)
09:34:32.997 INFO: JdwpDebugServer: handling req: Method(6).LineTable(1)
09:34:32.997 INFO: JdwpDebugServer: handling req: EventRequest(15).Set(1)
09:34:32.997 INFO: JdwpEventCenterDelegate: jdwpSetEventRequest: JdwpEventRequest{requestId=117, eventKind=BREAKPOINT, suspendPolicy=EVENT_THREAD, predicates=[Location{classId=12885, methodId=1527, index=74} ]}
09:34:32.998 INFO: JdwpDebugServer: handling req: EventRequest(15).Set(1)
09:34:32.998 INFO: JdwpEventCenterDelegate: jdwpSetEventRequest: JdwpEventRequest{requestId=118, eventKind=CLASS_PREPARE, suspendPolicy=EVENT_THREAD, predicates=[className=com.badlogic.gdx.graphics.g3d.shaders.BaseShader]}
09:34:32.998 INFO: JdwpDebugServer: handling req: EventRequest(15).Set(1)
09:34:32.998 INFO: JdwpEventCenterDelegate: jdwpSetEventRequest: JdwpEventRequest{requestId=119, eventKind=CLASS_PREPARE, suspendPolicy=EVENT_THREAD, predicates=[className=com.badlogic.gdx.graphics.g3d.shaders.BaseShader$*]}
09:34:33.000 INFO: JdwpDebugServer: handling req: VirtualMachine(1).ClassesBySignature(2)
09:34:33.000 INFO: JdwpDebugServer: handling req: ReferenceType(2).MethodsWithGeneric(15)
09:34:33.001 INFO: JdwpDebugServer: handling req: Method(6).LineTable(1)
09:34:33.001 INFO: JdwpDebugServer: handling req: Method(6).LineTable(1)
09:34:33.001 INFO: JdwpDebugServer: handling req: Method(6).LineTable(1)
09:34:33.001 INFO: JdwpDebugServer: handling req: Method(6).LineTable(1)
09:34:33.002 INFO: JdwpDebugServer: handling req: Method(6).LineTable(1)
09:34:33.002 INFO: JdwpDebugServer: handling req: Method(6).LineTable(1)
09:34:33.002 INFO: JdwpDebugServer: handling req: Method(6).LineTable(1)
09:34:33.002 INFO: JdwpDebugServer: handling req: Method(6).LineTable(1)
09:34:33.002 INFO: JdwpDebugServer: handling req: Method(6).LineTable(1)
09:34:33.003 INFO: JdwpDebugServer: handling req: Method(6).LineTable(1)
09:34:33.003 INFO: JdwpDebugServer: handling req: Method(6).LineTable(1)
09:34:33.003 INFO: JdwpDebugServer: handling req: Method(6).LineTable(1)
09:34:33.003 INFO: JdwpDebugServer: handling req: Method(6).LineTable(1)
09:34:33.003 INFO: JdwpDebugServer: handling req: Method(6).LineTable(1)
09:34:33.003 INFO: JdwpDebugServer: handling req: Method(6).LineTable(1)
09:34:33.003 INFO: JdwpDebugServer: handling req: Method(6).LineTable(1)
09:34:33.004 INFO: JdwpDebugServer: handling req: Method(6).LineTable(1)
09:34:33.004 INFO: JdwpDebugServer: handling req: Method(6).LineTable(1)
09:34:33.004 INFO: JdwpDebugServer: handling req: Method(6).LineTable(1)
09:34:33.004 INFO: JdwpDebugServer: handling req: Method(6).LineTable(1)
09:34:33.004 INFO: JdwpDebugServer: handling req: Method(6).LineTable(1)
09:34:33.004 INFO: JdwpDebugServer: handling req: Method(6).LineTable(1)
09:34:33.004 INFO: JdwpDebugServer: handling req: Method(6).LineTable(1)
09:34:33.004 INFO: JdwpDebugServer: handling req: Method(6).LineTable(1)
09:34:33.004 INFO: JdwpDebugServer: handling req: Method(6).LineTable(1)
09:34:33.004 INFO: JdwpDebugServer: handling req: Method(6).LineTable(1)
09:34:33.005 INFO: JdwpDebugServer: handling req: Method(6).LineTable(1)
09:34:33.005 INFO: JdwpDebugServer: handling req: Method(6).LineTable(1)
09:34:33.005 INFO: JdwpDebugServer: handling req: Method(6).LineTable(1)
09:34:33.005 INFO: JdwpDebugServer: handling req: Method(6).LineTable(1)
09:34:33.005 INFO: JdwpDebugServer: handling req: Method(6).LineTable(1)
09:34:33.005 INFO: JdwpDebugServer: handling req: Method(6).LineTable(1)
09:34:33.005 INFO: JdwpDebugServer: handling req: Method(6).LineTable(1)
09:34:33.005 INFO: JdwpDebugServer: handling req: EventRequest(15).Set(1)
09:34:33.005 INFO: JdwpEventCenterDelegate: jdwpSetEventRequest: JdwpEventRequest{requestId=120, eventKind=BREAKPOINT, suspendPolicy=EVENT_THREAD, predicates=[Location{classId=13310, methodId=1587, index=168} ]}
09:34:33.006 INFO: JdwpDebugServer: handling req: VirtualMachine(1).capabilitiesNew(17)
09:34:33.009 INFO: JdwpDebugServer: handling req: EventRequest(15).Set(1)
09:34:33.009 INFO: JdwpEventCenterDelegate: jdwpSetEventRequest: JdwpEventRequest{requestId=121, eventKind=CLASS_PREPARE, suspendPolicy=EVENT_THREAD, predicates=[className=java.lang.Error]}
09:34:33.012 INFO: JdwpDebugServer: handling req: EventRequest(15).Set(1)
09:34:33.012 INFO: JdwpEventCenterDelegate: jdwpSetEventRequest: JdwpEventRequest{requestId=122, eventKind=CLASS_PREPARE, suspendPolicy=EVENT_THREAD, predicates=[className=java.lang.Error$*]}
09:34:33.012 INFO: JdwpDebugServer: handling req: VirtualMachine(1).ClassesBySignature(2)
09:34:33.013 INFO: JdwpDebugServer: handling req: EventRequest(15).Set(1)
09:34:33.013 INFO: JdwpEventCenterDelegate: jdwpSetEventRequest: JdwpEventRequest{requestId=123, eventKind=EXCEPTION, suspendPolicy=EVENT_THREAD, predicates=[exceptionType=3425(caught=true, uncaught=true)]}
09:34:33.057 INFO: JdwpDebugServer: handling req: EventRequest(15).Set(1)
09:34:33.057 INFO: JdwpEventCenterDelegate: jdwpSetEventRequest: JdwpEventRequest{requestId=124, eventKind=CLASS_PREPARE, suspendPolicy=EVENT_THREAD, predicates=[className=java.lang.Throwable]}
09:34:33.058 INFO: JdwpDebugServer: handling req: EventRequest(15).Set(1)
09:34:33.058 INFO: JdwpEventCenterDelegate: jdwpSetEventRequest: JdwpEventRequest{requestId=125, eventKind=CLASS_PREPARE, suspendPolicy=EVENT_THREAD, predicates=[className=java.lang.Throwable$*]}
09:34:33.059 INFO: JdwpDebugServer: handling req: VirtualMachine(1).ClassesBySignature(2)
09:34:33.059 INFO: JdwpDebugServer: handling req: EventRequest(15).Set(1)
09:34:33.059 INFO: JdwpEventCenterDelegate: jdwpSetEventRequest: JdwpEventRequest{requestId=126, eventKind=EXCEPTION, suspendPolicy=EVENT_THREAD, predicates=[exceptionType=7695(caught=false, uncaught=true)]}
09:34:33.061 INFO: JdwpDebugServer: handling req: ThreadReference(11).SuspendCount(12)
09:34:33.061 INFO: JdwpDebugServer: handling req: ThreadReference(11).SuspendCount(12)
09:34:33.062 INFO: JdwpDebugServer: handling req: ThreadReference(11).SuspendCount(12)
09:34:33.062 INFO: JdwpDebugServer: handling req: ThreadReference(11).SuspendCount(12)
09:34:33.062 INFO: JdwpDebugServer: handling req: VirtualMachine(1).AllThreads(4)
09:34:33.062 INFO: JdwpDebugServer: handling req: VirtualMachine(1).Resume(9)
09:34:33.134 INFO: JdwpDebugServer: handling req: EventRequest(15).Set(1)
09:34:33.134 INFO: JdwpEventCenterDelegate: jdwpSetEventRequest: JdwpEventRequest{requestId=127, eventKind=BREAKPOINT, suspendPolicy=EVENT_THREAD, predicates=[Location{classId=12885, methodId=1527, index=74} ]}
09:34:33.136 INFO: JdwpDebugServer: handling req: ThreadReference(11).Resume(3)
09:34:33.137 INFO: JdwpEventCenterDelegate: THREAD_RESUMED: thread (33, main, main)
09:34:33.159 INFO: JdwpEventCenterDelegate: THREAD_RESUMED: thread (33, main, main)
09:34:33.160 INFO: JdwpEventCenterDelegate: THREAD_RESUMED: thread (33, main, main)
09:34:33.160 INFO: JdwpEventCenterDelegate: THREAD_RESUMED: thread (33, main, main)
09:34:33.161 INFO: JdwpEventCenterDelegate: THREAD_RESUMED: thread (33, main, main)
09:34:33.161 INFO: JdwpEventCenterDelegate: THREAD_RESUMED: thread (33, main, main)
09:34:33.162 INFO: JdwpEventCenterDelegate: THREAD_RESUMED: thread (33, main, main)
09:34:33.162 INFO: JdwpEventCenterDelegate: THREAD_RESUMED: thread (33, main, main)
09:34:33.163 INFO: JdwpEventCenterDelegate: THREAD_RESUMED: thread (33, main, main)
09:34:33.164 INFO: JdwpEventCenterDelegate: THREAD_RESUMED: thread (33, main, main)
09:34:33.164 INFO: JdwpEventCenterDelegate: THREAD_RESUMED: thread (33, main, main)
09:34:33.165 INFO: JdwpEventCenterDelegate: THREAD_RESUMED: thread (33, main, main)
09:34:33.170 INFO: JdwpEventCenterDelegate: THREAD_RESUMED: thread (33, main, main)
09:34:33.171 INFO: JdwpEventCenterDelegate: THREAD_RESUMED: thread (33, main, main)
09:34:33.171 INFO: JdwpEventCenterDelegate: THREAD_RESUMED: thread (33, main, main)
09:34:33.237 INFO: JdwpEventCenterDelegate: THREAD_RESUMED: thread (33, main, main)
09:34:33.238 INFO: JdwpEventCenterDelegate: THREAD_RESUMED: thread (33, main, main)
09:34:33.238 INFO: JdwpEventCenterDelegate: THREAD_RESUMED: thread (33, main, main)
09:34:33.245 INFO: JdwpEventCenterDelegate: THREAD_RESUMED: thread (33, main, main)
09:34:33.245 INFO: JdwpEventCenterDelegate: THREAD_RESUMED: thread (33, main, main)
09:34:33.246 INFO: JdwpEventCenterDelegate: THREAD_RESUMED: thread (33, main, main)
09:34:33.524 INFO: JdwpEventCenterDelegate: THREAD_RESUMED: thread (33, main, main)
09:34:33.525 INFO: JdwpEventCenterDelegate: THREAD_RESUMED: thread (33, main, main)
09:34:33.526 INFO: JdwpEventCenterDelegate: THREAD_RESUMED: thread (33, main, main)
09:34:33.543 INFO: JdwpDebugServer: handling req: ThreadReference(11).Name(1)
09:34:33.544 INFO: JdwpDebugServer: handling req: ThreadReference(11).Name(1)
09:34:33.544 INFO: JdwpDebugServer: handling req: ThreadReference(11).Name(1)
09:34:33.544 INFO: JdwpDebugServer: handling req: ThreadReference(11).Name(1)
09:34:33.588 INFO: JdwpEventCenterDelegate: THREAD_RESUMED: thread (33, main, main)
09:34:33.588 INFO: JdwpEventCenterDelegate: THREAD_RESUMED: thread (33, main, main)
09:34:33.589 INFO: JdwpEventCenterDelegate: THREAD_RESUMED: thread (33, main, main)
09:34:33.613 INFO: JdwpEventCenterDelegate: THREAD_RESUMED: thread (33, main, main)
09:34:33.614 INFO: JdwpEventCenterDelegate: THREAD_RESUMED: thread (33, main, main)
09:34:33.615 INFO: JdwpEventCenterDelegate: THREAD_RESUMED: thread (33, main, main)
09:34:33.638 INFO: JdwpEventCenterDelegate: THREAD_RESUMED: thread (33, main, main)
09:34:33.639 INFO: JdwpEventCenterDelegate: THREAD_RESUMED: thread (33, main, main)
09:34:33.640 INFO: JdwpEventCenterDelegate: THREAD_RESUMED: thread (33, main, main)
09:34:33.640 INFO: JdwpEventCenterDelegate: THREAD_RESUMED: thread (33, main, main)
09:34:33.648 INFO: JdwpEventCenterDelegate: THREAD_RESUMED: thread (33, main, main)
09:34:33.649 INFO: JdwpEventCenterDelegate: THREAD_RESUMED: thread (33, main, main)
09:34:34.182 INFO: JdwpEventCenterDelegate: THREAD_RESUMED: thread (33, main, main)
09:34:34.182 INFO: JdwpEventCenterDelegate: THREAD_RESUMED: thread (33, main, main)
09:34:34.201 INFO: JdwpEventCenterDelegate: THREAD_RESUMED: thread (33, main, main)
09:34:34.202 INFO: JdwpEventCenterDelegate: THREAD_RESUMED: thread (33, main, main)
09:34:34.202 INFO: JdwpEventCenterDelegate: THREAD_RESUMED: thread (33, main, main)
09:34:34.203 INFO: JdwpEventCenterDelegate: THREAD_RESUMED: thread (33, main, main)
09:34:34.268 INFO: JdwpEventCenterDelegate: THREAD_RESUMED: thread (33, main, main)
09:34:34.638 INFO: JdwpEventCenterDelegate: THREAD_RESUMED: thread (33, main, main)
09:34:34.639 INFO: JdwpEventCenterDelegate: THREAD_RESUMED: thread (33, main, main)
09:34:34.640 INFO: JdwpEventCenterDelegate: THREAD_RESUMED: thread (33, main, main)
09:34:34.641 INFO: JdwpEventCenterDelegate: THREAD_RESUMED: thread (33, main, main)
09:34:34.642 INFO: JdwpEventCenterDelegate: THREAD_RESUMED: thread (33, main, main)
09:34:34.643 INFO: JdwpEventCenterDelegate: THREAD_RESUMED: thread (33, main, main)
09:34:34.691 INFO: JdwpEventCenterDelegate: THREAD_RESUMED: thread (33, main, main)
09:34:34.694 INFO: JdwpEventCenterDelegate: THREAD_RESUMED: thread (33, main, main)
09:34:34.696 INFO: JdwpEventCenterDelegate: THREAD_RESUMED: thread (33, main, main)
09:34:34.697 INFO: JdwpEventCenterDelegate: THREAD_RESUMED: thread (33, main, main)
09:34:34.698 INFO: JdwpEventCenterDelegate: THREAD_RESUMED: thread (33, main, main)
09:34:34.699 INFO: JdwpEventCenterDelegate: THREAD_RESUMED: thread (33, main, main)
09:34:34.702 INFO: JdwpEventCenterDelegate: THREAD_RESUMED: thread (33, main, main)
09:34:34.718 INFO: JdwpEventCenterDelegate: THREAD_RESUMED: thread (33, main, main)
09:34:34.733 INFO: JdwpEventCenterDelegate: THREAD_RESUMED: thread (33, main, main)
09:34:34.746 INFO: JdwpEventCenterDelegate: THREAD_RESUMED: thread (33, main, main)
09:34:34.756 INFO: JdwpEventCenterDelegate: THREAD_RESUMED: thread (33, main, main)
09:34:34.771 INFO: JdwpEventCenterDelegate: THREAD_RESUMED: thread (33, main, main)
09:34:34.787 INFO: JdwpEventCenterDelegate: THREAD_RESUMED: thread (33, main, main)
09:34:34.793 INFO: JdwpEventCenterDelegate: THREAD_RESUMED: thread (33, main, main)
09:34:34.798 INFO: JdwpEventCenterDelegate: THREAD_RESUMED: thread (33, main, main)
09:34:34.803 INFO: JdwpEventCenterDelegate: THREAD_RESUMED: thread (33, main, main)
09:34:34.807 INFO: JdwpEventCenterDelegate: THREAD_RESUMED: thread (33, main, main)
09:34:34.814 INFO: JdwpEventCenterDelegate: THREAD_RESUMED: thread (33, main, main)
09:34:34.821 INFO: JdwpEventCenterDelegate: THREAD_RESUMED: thread (33, main, main)
09:34:34.826 INFO: JdwpEventCenterDelegate: THREAD_RESUMED: thread (33, main, main)
09:34:34.831 INFO: JdwpEventCenterDelegate: THREAD_RESUMED: thread (33, main, main)
09:34:34.836 INFO: JdwpEventCenterDelegate: THREAD_RESUMED: thread (33, main, main)
09:34:34.840 INFO: JdwpEventCenterDelegate: THREAD_RESUMED: thread (33, main, main)
09:34:34.848 INFO: JdwpEventCenterDelegate: THREAD_RESUMED: thread (33, main, main)
09:34:34.853 INFO: JdwpEventCenterDelegate: THREAD_RESUMED: thread (33, main, main)
09:34:34.855 INFO: JdwpEventCenterDelegate: THREAD_RESUMED: thread (33, main, main)
09:34:34.857 INFO: JdwpEventCenterDelegate: THREAD_RESUMED: thread (33, main, main)
09:34:34.859 INFO: JdwpEventCenterDelegate: THREAD_RESUMED: thread (33, main, main)
09:34:34.861 INFO: JdwpEventCenterDelegate: THREAD_RESUMED: thread (33, main, main)
09:34:34.863 INFO: JdwpEventCenterDelegate: THREAD_RESUMED: thread (33, main, main)
09:34:34.865 INFO: JdwpEventCenterDelegate: THREAD_RESUMED: thread (33, main, main)
09:34:34.866 INFO: JdwpEventCenterDelegate: THREAD_RESUMED: thread (33, main, main)
09:34:34.867 INFO: JdwpEventCenterDelegate: THREAD_RESUMED: thread (33, main, main)
09:34:34.869 INFO: JdwpEventCenterDelegate: THREAD_RESUMED: thread (33, main, main)
09:34:34.870 INFO: JdwpEventCenterDelegate: THREAD_RESUMED: thread (33, main, main)
09:34:34.871 INFO: JdwpEventCenterDelegate: THREAD_RESUMED: thread (33, main, main)
09:34:34.872 INFO: JdwpEventCenterDelegate: THREAD_RESUMED: thread (33, main, main)
09:34:34.874 INFO: JdwpEventCenterDelegate: THREAD_RESUMED: thread (33, main, main)
09:34:34.875 INFO: JdwpEventCenterDelegate: THREAD_RESUMED: thread (33, main, main)
09:34:34.876 INFO: JdwpEventCenterDelegate: THREAD_RESUMED: thread (33, main, main)
09:34:34.877 INFO: JdwpEventCenterDelegate: THREAD_RESUMED: thread (33, main, main)
09:34:34.878 INFO: JdwpEventCenterDelegate: THREAD_RESUMED: thread (33, main, main)
09:34:34.879 INFO: JdwpEventCenterDelegate: THREAD_RESUMED: thread (33, main, main)
09:34:34.880 INFO: JdwpEventCenterDelegate: THREAD_RESUMED: thread (33, main, main)
09:34:34.881 INFO: JdwpEventCenterDelegate: THREAD_RESUMED: thread (33, main, main)
09:34:34.882 INFO: JdwpEventCenterDelegate: THREAD_RESUMED: thread (33, main, main)
09:34:34.884 INFO: JdwpEventCenterDelegate: THREAD_RESUMED: thread (33, main, main)
09:34:34.885 INFO: JdwpEventCenterDelegate: THREAD_RESUMED: thread (33, main, main)
09:34:34.886 INFO: JdwpEventCenterDelegate: THREAD_RESUMED: thread (33, main, main)
09:34:34.887 INFO: JdwpEventCenterDelegate: THREAD_RESUMED: thread (33, main, main)
09:34:34.888 INFO: JdwpEventCenterDelegate: THREAD_RESUMED: thread (33, main, main)
09:34:34.889 INFO: JdwpEventCenterDelegate: THREAD_RESUMED: thread (33, main, main)
09:34:34.890 INFO: JdwpEventCenterDelegate: THREAD_RESUMED: thread (33, main, main)
09:34:34.891 INFO: JdwpEventCenterDelegate: THREAD_RESUMED: thread (33, main, main)
09:34:34.892 INFO: JdwpEventCenterDelegate: THREAD_RESUMED: thread (33, main, main)
09:34:34.893 INFO: JdwpEventCenterDelegate: THREAD_RESUMED: thread (33, main, main)
09:34:34.894 INFO: JdwpEventCenterDelegate: THREAD_RESUMED: thread (33, main, main)
09:34:34.894 INFO: JdwpEventCenterDelegate: THREAD_RESUMED: thread (33, main, main)
09:34:34.895 INFO: JdwpEventCenterDelegate: THREAD_RESUMED: thread (33, main, main)
09:34:34.896 INFO: JdwpEventCenterDelegate: THREAD_RESUMED: thread (33, main, main)
09:34:34.897 INFO: JdwpEventCenterDelegate: THREAD_RESUMED: thread (33, main, main)
09:34:34.898 INFO: JdwpEventCenterDelegate: THREAD_RESUMED: thread (33, main, main)
09:34:34.899 INFO: JdwpEventCenterDelegate: THREAD_RESUMED: thread (33, main, main)
09:34:34.900 INFO: JdwpEventCenterDelegate: THREAD_RESUMED: thread (33, main, main)
09:34:34.901 INFO: JdwpEventCenterDelegate: THREAD_RESUMED: thread (33, main, main)
09:34:34.902 INFO: JdwpEventCenterDelegate: THREAD_RESUMED: thread (33, main, main)
09:34:34.903 INFO: JdwpEventCenterDelegate: THREAD_RESUMED: thread (33, main, main)
09:34:34.904 INFO: JdwpEventCenterDelegate: THREAD_RESUMED: thread (33, main, main)
09:34:34.904 INFO: JdwpEventCenterDelegate: THREAD_RESUMED: thread (33, main, main)
09:34:34.905 INFO: JdwpEventCenterDelegate: THREAD_RESUMED: thread (33, main, main)
09:34:34.906 INFO: JdwpEventCenterDelegate: THREAD_RESUMED: thread (33, main, main)
09:34:34.907 INFO: JdwpEventCenterDelegate: THREAD_RESUMED: thread (33, main, main)
09:34:34.908 INFO: JdwpEventCenterDelegate: THREAD_RESUMED: thread (33, main, main)
09:34:34.909 INFO: JdwpEventCenterDelegate: THREAD_RESUMED: thread (33, main, main)
09:34:34.910 INFO: JdwpEventCenterDelegate: THREAD_RESUMED: thread (33, main, main)
09:34:34.911 INFO: JdwpEventCenterDelegate: THREAD_RESUMED: thread (33, main, main)
09:34:34.911 INFO: JdwpEventCenterDelegate: THREAD_RESUMED: thread (33, main, main)
09:34:34.912 INFO: JdwpEventCenterDelegate: THREAD_RESUMED: thread (33, main, main)
09:34:35.200 INFO: JdwpEventCenterDelegate: THREAD_RESUMED: thread (33, main, main)
09:34:35.218 INFO: JdwpEventCenterDelegate: THREAD_RESUMED: thread (33, main, main)
09:34:35.219 INFO: JdwpEventCenterDelegate: THREAD_RESUMED: thread (33, main, main)
09:34:35.219 INFO: JdwpEventCenterDelegate: THREAD_RESUMED: thread (33, main, main)
09:34:35.400 INFO: JdwpEventCenterDelegate: THREAD_RESUMED: thread (33, main, main)
09:34:35.401 INFO: JdwpEventCenterDelegate: THREAD_RESUMED: thread (33, main, main)
09:34:35.443 INFO: JdwpEventCenterDelegate: THREAD_RESUMED: thread (33, main, main)
09:34:35.444 INFO: JdwpEventCenterDelegate: THREAD_RESUMED: thread (33, main, main)
09:34:35.464 INFO: JdwpDebugServer: handling req: EventRequest(15).Set(1)
09:34:35.464 INFO: JdwpEventCenterDelegate: jdwpSetEventRequest: JdwpEventRequest{requestId=128, eventKind=BREAKPOINT, suspendPolicy=EVENT_THREAD, predicates=[Location{classId=13310, methodId=1587, index=168} ]}
09:34:35.466 INFO: JdwpDebugServer: handling req: ThreadReference(11).Resume(3)
09:34:35.467 INFO: JdwpEventCenterDelegate: THREAD_RESUMED: thread (33, main, main)
09:34:35.469 INFO: JdwpEventCenterDelegate: THREAD_RESUMED: thread (33, main, main)
09:34:35.470 INFO: JdwpEventCenterDelegate: THREAD_RESUMED: thread (33, main, main)
09:34:35.471 INFO: JdwpEventCenterDelegate: THREAD_RESUMED: thread (33, main, main)
09:34:35.472 INFO: JdwpEventCenterDelegate: THREAD_RESUMED: thread (33, main, main)
09:34:35.473 INFO: JdwpEventCenterDelegate: THREAD_RESUMED: thread (33, main, main)
09:34:35.474 INFO: JdwpEventCenterDelegate: THREAD_RESUMED: thread (33, main, main)
09:34:35.482 INFO: JdwpDebugServer: handling req: ReferenceType(2).MethodsWithGeneric(15)
09:34:35.482 INFO: JdwpDebugServer: handling req: Method(6).LineTable(1)
09:34:35.483 INFO: JdwpDebugServer: handling req: Method(6).LineTable(1)
09:34:35.483 INFO: JdwpDebugServer: handling req: Method(6).LineTable(1)
09:34:35.483 INFO: JdwpDebugServer: handling req: Method(6).LineTable(1)
09:34:35.483 INFO: JdwpDebugServer: handling req: Method(6).LineTable(1)
09:34:35.483 INFO: JdwpDebugServer: handling req: ThreadReference(11).Resume(3)
09:34:35.483 INFO: JdwpEventCenterDelegate: THREAD_RESUMED: thread (33, main, main)
09:34:35.486 INFO: JdwpDebugServer: handling req: ReferenceType(2).MethodsWithGeneric(15)
09:34:35.486 INFO: JdwpDebugServer: handling req: Method(6).LineTable(1)
09:34:35.486 INFO: JdwpDebugServer: handling req: Method(6).LineTable(1)
09:34:35.486 INFO: JdwpDebugServer: handling req: ThreadReference(11).Resume(3)
09:34:35.487 INFO: JdwpEventCenterDelegate: THREAD_RESUMED: thread (33, main, main)
09:34:35.487 INFO: JdwpDebugServer: handling req: ReferenceType(2).MethodsWithGeneric(15)
09:34:35.488 INFO: JdwpDebugServer: handling req: Method(6).LineTable(1)
09:34:35.488 INFO: JdwpDebugServer: handling req: Method(6).LineTable(1)
09:34:35.488 INFO: JdwpDebugServer: handling req: ThreadReference(11).Resume(3)
09:34:35.488 INFO: JdwpEventCenterDelegate: THREAD_RESUMED: thread (33, main, main)
09:34:35.493 INFO: JdwpDebugServer: handling req: ThreadReference(11).Frames(6)
09:34:35.493 INFO: JdwpDebugServer: handling req: ReferenceType(2).MethodsWithGeneric(15)
09:34:35.494 INFO: JdwpDebugServer: handling req: ReferenceType(2).MethodsWithGeneric(15)
09:34:35.494 INFO: JdwpDebugServer: handling req: ReferenceType(2).MethodsWithGeneric(15)
09:34:35.494 INFO: JdwpDebugServer: handling req: ReferenceType(2).MethodsWithGeneric(15)
09:34:35.494 INFO: JdwpDebugServer: handling req: ReferenceType(2).MethodsWithGeneric(15)
09:34:35.494 INFO: JdwpDebugServer: handling req: ReferenceType(2).MethodsWithGeneric(15)
09:34:35.495 INFO: JdwpDebugServer: handling req: ReferenceType(2).MethodsWithGeneric(15)
09:34:35.495 INFO: JdwpDebugServer: handling req: ReferenceType(2).MethodsWithGeneric(15)
09:34:35.496 INFO: JdwpDebugServer: handling req: ThreadReference(11).FramesCount(7)
09:34:35.497 INFO: JdwpDebugServer: handling req: ThreadReference(11).FramesCount(7)
09:34:36.248 INFO: JdwpDebugServer: handling req: ReferenceType(2).SourceFile(7)
09:34:36.318 INFO: JdwpDebugServer: handling req: ThreadReference(11).Name(1)
09:34:36.319 INFO: JdwpDebugServer: handling req: ReferenceType(2).SignatureWithGeneric(13)
09:34:36.320 INFO: JdwpDebugServer: handling req: ThreadReference(11).Name(1)
09:34:36.321 INFO: JdwpDebugServer: handling req: StackFrame(16).ThisObject(3)
09:34:36.323 INFO: JdwpDebugServer: handling req: ObjectReference(9).ReferenceType(1)
09:34:36.323 INFO: JdwpDebugServer: handling req: ThreadReference(11).Name(1)
09:34:36.323 INFO: JdwpDebugServer: handling req: ThreadReference(11).Name(1)
09:34:36.324 INFO: JdwpDebugServer: handling req: ThreadReference(11).Name(1)
09:34:36.362 INFO: JdwpDebugServer: handling req: Method(6).VariableTableWithGenerics(5)
09:34:36.384 INFO: JdwpDebugServer: handling req: StackFrame(16).GetValues(1)
09:34:36.385 INFO: JdwpDebugServer: handling req: StackFrame(16).GetValues(1)
09:34:36.385 INFO: JdwpDebugServer: handling req: ObjectReference(9).ReferenceType(1)
09:34:36.386 INFO: JdwpDebugServer: handling req: ReferenceType(2).FieldsWithGeneric(14)
09:34:36.386 INFO: JdwpDebugServer: handling req: StackFrame(16).GetValues(1)
09:34:36.386 INFO: JdwpDebugServer: handling req: ReferenceType(2).Interfaces(10)
09:34:36.387 INFO: JdwpDebugServer: handling req: ReferenceType(2).FieldsWithGeneric(14)
09:34:36.387 INFO: JdwpDebugServer: handling req: ClassType(3).Superclass(1)
09:34:36.387 INFO: JdwpDebugServer: handling req: ReferenceType(2).Interfaces(10)
09:34:36.391 INFO: JdwpDebugServer: handling req: ClassType(3).Superclass(1)
09:34:36.391 INFO: JdwpDebugServer: handling req: ClassType(3).Superclass(1)
09:34:36.392 INFO: JdwpDebugServer: handling req: ClassType(3).Superclass(1)
09:34:36.394 INFO: JdwpDebugServer: handling req: StackFrame(16).GetValues(1)
09:34:36.395 INFO: JdwpDebugServer: handling req: StackFrame(16).GetValues(1)
09:34:36.395 INFO: JdwpDebugServer: handling req: StackFrame(16).GetValues(1)
09:34:36.398 INFO: JdwpDebugServer: handling req: StackFrame(16).GetValues(1)
09:34:36.398 INFO: JdwpDebugServer: handling req: StackFrame(16).GetValues(1)
09:34:36.711 INFO: JdwpDebugServer: handling req: StackFrame(16).GetValues(1)
09:34:36.714 INFO: JdwpDebugServer: handling req: ClassType(3).Superclass(1)
09:34:36.744 INFO: JdwpDebugServer: handling req: ReferenceType(2).FieldsWithGeneric(14)
09:34:36.744 INFO: JdwpDebugServer: handling req: ReferenceType(2).Modifiers(3)
09:34:36.744 INFO: JdwpDebugServer: handling req: ReferenceType(2).Interfaces(10)
09:34:36.744 INFO: JdwpDebugServer: handling req: ClassType(3).Superclass(1)
09:34:36.745 INFO: JdwpDebugServer: handling req: ClassType(3).Superclass(1)
09:34:36.745 INFO: JdwpDebugServer: handling req: ReferenceType(2).FieldsWithGeneric(14)
09:34:36.745 INFO: JdwpDebugServer: handling req: ClassType(3).Superclass(1)
09:34:36.745 INFO: JdwpDebugServer: handling req: ClassType(3).Superclass(1)
09:34:36.745 INFO: JdwpDebugServer: handling req: ReferenceType(2).Interfaces(10)
09:34:36.745 INFO: JdwpDebugServer: handling req: ClassType(3).Superclass(1)
09:34:36.745 INFO: JdwpDebugServer: handling req: ReferenceType(2).FieldsWithGeneric(14)
09:34:36.745 INFO: JdwpDebugServer: handling req: ReferenceType(2).Interfaces(10)
09:34:36.745 INFO: JdwpDebugServer: handling req: ReferenceType(2).Interfaces(10)
09:34:36.745 INFO: JdwpDebugServer: handling req: ReferenceType(2).Interfaces(10)
09:34:36.745 INFO: JdwpDebugServer: handling req: ReferenceType(2).FieldsWithGeneric(14)
09:34:36.746 INFO: JdwpDebugServer: handling req: StackFrame(16).GetValues(1)
09:34:36.746 INFO: JdwpDebugServer: handling req: StackFrame(16).GetValues(1)
09:34:36.746 INFO: JdwpDebugServer: handling req: StackFrame(16).GetValues(1)
09:34:36.747 INFO: JdwpDebugServer: handling req: ObjectReference(9).ReferenceType(1)
09:34:36.747 INFO: JdwpDebugServer: handling req: StackFrame(16).GetValues(1)
09:34:36.747 INFO: JdwpDebugServer: handling req: ReferenceType(2).FieldsWithGeneric(14)
09:34:36.747 INFO: JdwpDebugServer: handling req: ClassType(3).Superclass(1)
09:34:36.747 INFO: JdwpDebugServer: handling req: ReferenceType(2).Interfaces(10)
09:34:36.747 INFO: JdwpDebugServer: handling req: StackFrame(16).GetValues(1)
09:34:36.748 INFO: JdwpDebugServer: handling req: ClassType(3).Superclass(1)
09:34:36.748 INFO: JdwpDebugServer: handling req: StackFrame(16).GetValues(1)
09:34:36.748 INFO: JdwpDebugServer: handling req: StackFrame(16).GetValues(1)
09:34:36.749 INFO: JdwpDebugServer: handling req: StackFrame(16).GetValues(1)
09:34:36.749 INFO: JdwpDebugServer: handling req: StackFrame(16).GetValues(1)
09:34:36.750 INFO: JdwpDebugServer: handling req: StackFrame(16).GetValues(1)
09:34:36.750 INFO: JdwpDebugServer: handling req: StackFrame(16).GetValues(1)
09:34:36.750 INFO: JdwpDebugServer: handling req: ClassType(3).Superclass(1)
09:34:36.750 INFO: JdwpDebugServer: handling req: StackFrame(16).GetValues(1)
09:34:36.751 INFO: JdwpDebugServer: handling req: StackFrame(16).GetValues(1)
09:34:36.751 INFO: JdwpDebugServer: handling req: StackFrame(16).GetValues(1)
09:34:36.751 INFO: JdwpDebugServer: handling req: StackFrame(16).GetValues(1)
09:34:36.751 INFO: JdwpDebugServer: handling req: StackFrame(16).GetValues(1)
09:34:36.752 INFO: JdwpDebugServer: handling req: ThreadReference(11).FramesCount(7)
09:34:36.753 INFO: JdwpDebugServer: handling req: StackFrame(16).GetValues(1)
09:34:36.753 INFO: JdwpDebugServer: handling req: ClassType(3).Superclass(1)
09:34:36.759 INFO: JdwpDebugServer: handling req: StackFrame(16).GetValues(1)
09:34:36.759 INFO: JdwpDebugServer: handling req: ClassType(3).Superclass(1)
09:34:36.760 INFO: JdwpDebugServer: handling req: ThreadReference(11).Name(1)
09:34:36.761 INFO: JdwpDebugServer: handling req: ThreadReference(11).Name(1)
09:34:36.761 INFO: JdwpDebugServer: handling req: ThreadReference(11).Name(1)
09:34:36.761 INFO: JdwpDebugServer: handling req: ThreadReference(11).Name(1)
09:34:36.770 INFO: JdwpDebugServer: handling req: ObjectReference(9).GetValues(2)
09:34:36.770 INFO: JdwpDebugServer: handling req: ObjectReference(9).GetValues(2)
09:34:36.771 INFO: JdwpDebugServer: handling req: ObjectReference(9).GetValues(2)
09:34:36.771 INFO: JdwpDebugServer: handling req: ObjectReference(9).GetValues(2)
09:34:36.771 INFO: JdwpDebugServer: handling req: ObjectReference(9).GetValues(2)
09:34:36.771 INFO: JdwpDebugServer: handling req: ObjectReference(9).GetValues(2)
09:34:36.772 INFO: JdwpDebugServer: handling req: ObjectReference(9).GetValues(2)
09:34:36.772 INFO: JdwpDebugServer: handling req: ObjectReference(9).GetValues(2)
09:34:36.772 INFO: JdwpDebugServer: handling req: ObjectReference(9).GetValues(2)
09:34:36.772 INFO: JdwpDebugServer: handling req: ObjectReference(9).GetValues(2)
09:34:36.772 INFO: JdwpDebugServer: handling req: ObjectReference(9).GetValues(2)
09:34:36.773 INFO: JdwpDebugServer: handling req: ObjectReference(9).ReferenceType(1)
09:34:36.773 INFO: JdwpDebugServer: handling req: ObjectReference(9).ReferenceType(1)
09:34:36.773 INFO: JdwpDebugServer: handling req: ObjectReference(9).GetValues(2)
09:34:36.773 INFO: JdwpDebugServer: handling req: ClassType(3).Superclass(1)
09:34:36.773 INFO: JdwpDebugServer: handling req: ClassType(3).Superclass(1)
09:34:36.773 INFO: JdwpDebugServer: handling req: ReferenceType(2).FieldsWithGeneric(14)
09:34:36.773 INFO: JdwpDebugServer: handling req: ClassType(3).Superclass(1)
09:34:36.773 INFO: JdwpDebugServer: handling req: ClassType(3).Superclass(1)
09:34:36.773 INFO: JdwpDebugServer: handling req: ReferenceType(2).Interfaces(10)
09:34:36.773 INFO: JdwpDebugServer: handling req: ReferenceType(2).Interfaces(10)
09:34:36.773 INFO: JdwpDebugServer: handling req: ReferenceType(2).Interfaces(10)
09:34:36.773 INFO: JdwpDebugServer: handling req: ReferenceType(2).FieldsWithGeneric(14)
09:34:36.773 INFO: JdwpDebugServer: handling req: ReferenceType(2).Interfaces(10)
09:34:36.773 INFO: JdwpDebugServer: handling req: ReferenceType(2).Interfaces(10)
09:34:36.773 INFO: JdwpDebugServer: handling req: ReferenceType(2).Interfaces(10)
09:34:36.773 INFO: JdwpDebugServer: handling req: ReferenceType(2).Interfaces(10)
09:34:36.774 INFO: JdwpDebugServer: handling req: ObjectReference(9).GetValues(2)
09:34:36.774 INFO: JdwpDebugServer: handling req: ObjectReference(9).GetValues(2)
09:34:36.774 INFO: JdwpDebugServer: handling req: ReferenceType(2).Interfaces(10)
09:34:36.774 INFO: JdwpDebugServer: handling req: ObjectReference(9).GetValues(2)
09:34:36.774 INFO: JdwpDebugServer: handling req: ObjectReference(9).ReferenceType(1)
09:34:36.774 INFO: JdwpDebugServer: handling req: StringReference(10).Value(1)
09:34:36.775 INFO: JdwpDebugServer: handling req: ObjectReference(9).GetValues(2)
09:34:36.775 INFO: JdwpDebugServer: handling req: ObjectReference(9).GetValues(2)
09:34:36.775 INFO: JdwpDebugServer: handling req: ObjectReference(9).GetValues(2)
09:34:36.775 INFO: JdwpDebugServer: handling req: ObjectReference(9).ReferenceType(1)
09:34:36.775 INFO: JdwpDebugServer: handling req: ObjectReference(9).GetValues(2)
09:34:36.775 INFO: JdwpDebugServer: handling req: ObjectReference(9).GetValues(2)
09:34:36.775 INFO: JdwpDebugServer: handling req: ThreadReference(11).FramesCount(7)
09:34:36.776 INFO: JdwpDebugServer: handling req: ObjectReference(9).GetValues(2)
09:34:36.776 INFO: JdwpDebugServer: handling req: ObjectReference(9).ReferenceType(1)
09:34:36.776 INFO: JdwpDebugServer: handling req: ReferenceType(2).FieldsWithGeneric(14)
09:34:36.776 INFO: JdwpDebugServer: handling req: ReferenceType(2).FieldsWithGeneric(14)
09:34:36.777 INFO: JdwpDebugServer: handling req: ReferenceType(2).FieldsWithGeneric(14)
09:34:36.777 INFO: JdwpDebugServer: handling req: ObjectReference(9).GetValues(2)
09:34:36.777 INFO: JdwpDebugServer: handling req: ReferenceType(2).FieldsWithGeneric(14)
09:34:36.777 INFO: JdwpDebugServer: handling req: ObjectReference(9).GetValues(2)
09:34:36.777 INFO: JdwpDebugServer: handling req: ObjectReference(9).GetValues(2)
09:34:36.777 INFO: JdwpDebugServer: handling req: ClassType(3).Superclass(1)
09:34:36.777 INFO: JdwpDebugServer: handling req: ObjectReference(9).GetValues(2)
09:34:36.777 INFO: JdwpDebugServer: handling req: ObjectReference(9).GetValues(2)
09:34:36.777 INFO: JdwpDebugServer: handling req: ObjectReference(9).GetValues(2)
09:34:36.778 INFO: JdwpDebugServer: handling req: ObjectReference(9).GetValues(2)
09:34:36.778 INFO: JdwpDebugServer: handling req: ObjectReference(9).ReferenceType(1)
09:34:36.778 INFO: JdwpDebugServer: handling req: ObjectReference(9).GetValues(2)
09:34:36.778 INFO: JdwpDebugServer: handling req: ObjectReference(9).GetValues(2)
09:34:36.778 INFO: JdwpDebugServer: handling req: ObjectReference(9).GetValues(2)
09:34:36.778 INFO: JdwpDebugServer: handling req: ObjectReference(9).ReferenceType(1)
09:34:36.779 INFO: JdwpDebugServer: handling req: ObjectReference(9).GetValues(2)
09:34:36.779 INFO: JdwpDebugServer: handling req: ReferenceType(2).FieldsWithGeneric(14)
09:34:36.779 INFO: JdwpDebugServer: handling req: ObjectReference(9).GetValues(2)
09:34:36.779 INFO: JdwpDebugServer: handling req: ReferenceType(2).Interfaces(10)
09:34:36.779 INFO: JdwpDebugServer: handling req: ObjectReference(9).GetValues(2)
09:34:36.779 INFO: JdwpDebugServer: handling req: ClassType(3).Superclass(1)
09:34:36.779 INFO: JdwpDebugServer: handling req: ClassType(3).Superclass(1)
09:34:36.779 INFO: JdwpDebugServer: handling req: ReferenceType(2).FieldsWithGeneric(14)
09:34:36.780 INFO: JdwpDebugServer: handling req: ObjectReference(9).GetValues(2)
09:34:36.780 INFO: JdwpDebugServer: handling req: ReferenceType(2).Interfaces(10)
09:34:36.780 INFO: JdwpDebugServer: handling req: ClassType(3).Superclass(1)
09:34:36.780 INFO: JdwpDebugServer: handling req: ObjectReference(9).GetValues(2)
09:34:36.780 INFO: JdwpDebugServer: handling req: ReferenceType(2).FieldsWithGeneric(14)
09:34:36.780 INFO: JdwpDebugServer: handling req: ObjectReference(9).GetValues(2)
09:34:36.780 INFO: JdwpDebugServer: handling req: ReferenceType(2).Interfaces(10)
09:34:36.780 INFO: JdwpDebugServer: handling req: ClassType(3).Superclass(1)
09:34:36.780 INFO: JdwpDebugServer: handling req: ObjectReference(9).GetValues(2)
09:34:36.781 INFO: JdwpDebugServer: handling req: ObjectReference(9).GetValues(2)
09:34:36.781 INFO: JdwpDebugServer: handling req: ObjectReference(9).GetValues(2)
09:34:36.781 INFO: JdwpDebugServer: handling req: ObjectReference(9).ReferenceType(1)
09:34:36.781 INFO: JdwpDebugServer: handling req: ReferenceType(2).FieldsWithGeneric(14)
09:34:36.782 INFO: JdwpDebugServer: handling req: ReferenceType(2).Interfaces(10)
09:34:36.782 INFO: JdwpDebugServer: handling req: ClassType(3).Superclass(1)
09:34:36.782 INFO: JdwpDebugServer: handling req: ReferenceType(2).FieldsWithGeneric(14)
09:34:36.782 INFO: JdwpDebugServer: handling req: ReferenceType(2).Interfaces(10)
09:34:36.782 INFO: JdwpDebugServer: handling req: ClassType(3).Superclass(1)
09:34:36.782 INFO: JdwpDebugServer: handling req: ObjectReference(9).GetValues(2)
09:34:36.783 INFO: JdwpDebugServer: handling req: ObjectReference(9).GetValues(2)
09:34:36.783 INFO: JdwpDebugServer: handling req: ObjectReference(9).GetValues(2)
09:34:36.783 INFO: JdwpDebugServer: handling req: ObjectReference(9).GetValues(2)
09:34:36.784 INFO: JdwpDebugServer: handling req: ObjectReference(9).GetValues(2)
09:34:36.784 INFO: JdwpDebugServer: handling req: ObjectReference(9).ReferenceType(1)
09:34:36.784 INFO: JdwpDebugServer: handling req: ObjectReference(9).GetValues(2)
09:34:36.784 INFO: JdwpDebugServer: handling req: ObjectReference(9).GetValues(2)
09:34:36.784 INFO: JdwpDebugServer: handling req: ObjectReference(9).GetValues(2)
09:34:36.784 INFO: JdwpDebugServer: handling req: ObjectReference(9).GetValues(2)
09:34:36.784 INFO: JdwpDebugServer: handling req: ObjectReference(9).GetValues(2)
09:34:36.784 INFO: JdwpDebugServer: handling req: ObjectReference(9).ReferenceType(1)
09:34:36.785 INFO: JdwpDebugServer: handling req: ObjectReference(9).GetValues(2)
09:34:36.785 INFO: JdwpDebugServer: handling req: ObjectReference(9).GetValues(2)
09:34:36.785 INFO: JdwpDebugServer: handling req: ObjectReference(9).ReferenceType(1)
09:34:36.785 INFO: JdwpDebugServer: handling req: ObjectReference(9).GetValues(2)
09:34:36.785 INFO: JdwpDebugServer: handling req: ObjectReference(9).GetValues(2)
09:34:36.785 INFO: JdwpDebugServer: handling req: ObjectReference(9).ReferenceType(1)
09:34:36.785 INFO: JdwpDebugServer: handling req: ObjectReference(9).GetValues(2)
09:34:36.786 INFO: JdwpDebugServer: handling req: ObjectReference(9).GetValues(2)
09:34:36.786 INFO: JdwpDebugServer: handling req: ObjectReference(9).GetValues(2)
09:34:36.786 INFO: JdwpDebugServer: handling req: ClassType(3).Superclass(1)
09:34:36.786 INFO: JdwpDebugServer: handling req: ObjectReference(9).GetValues(2)
09:34:36.786 INFO: JdwpDebugServer: handling req: ObjectReference(9).GetValues(2)
09:34:36.786 INFO: JdwpDebugServer: handling req: ObjectReference(9).GetValues(2)
09:34:36.786 INFO: JdwpDebugServer: handling req: ObjectReference(9).GetValues(2)
09:34:36.786 INFO: JdwpDebugServer: handling req: StringReference(10).Value(1)
09:34:36.787 INFO: JdwpDebugServer: handling req: ObjectReference(9).GetValues(2)
09:34:36.787 INFO: JdwpDebugServer: handling req: ObjectReference(9).GetValues(2)
09:34:36.788 INFO: JdwpDebugServer: handling req: ObjectReference(9).GetValues(2)
09:34:36.788 INFO: JdwpDebugServer: handling req: ObjectReference(9).GetValues(2)
09:34:36.788 INFO: JdwpDebugServer: handling req: ObjectReference(9).GetValues(2)
09:34:36.789 INFO: JdwpDebugServer: handling req: ObjectReference(9).GetValues(2)
09:34:36.789 INFO: JdwpDebugServer: handling req: ObjectReference(9).GetValues(2)
09:34:36.789 INFO: JdwpDebugServer: handling req: ObjectReference(9).GetValues(2)
09:34:36.789 INFO: JdwpDebugServer: handling req: ObjectReference(9).GetValues(2)
09:34:36.790 INFO: JdwpDebugServer: handling req: ObjectReference(9).GetValues(2)
09:34:36.790 INFO: JdwpDebugServer: handling req: ObjectReference(9).GetValues(2)
09:34:36.790 INFO: JdwpDebugServer: handling req: ObjectReference(9).GetValues(2)
09:34:36.790 INFO: JdwpDebugServer: handling req: ObjectReference(9).GetValues(2)
09:34:36.790 INFO: JdwpDebugServer: handling req: ObjectReference(9).GetValues(2)
09:34:36.791 INFO: JdwpDebugServer: handling req: ObjectReference(9).GetValues(2)
09:34:36.791 INFO: JdwpDebugServer: handling req: ObjectReference(9).GetValues(2)
09:34:36.791 INFO: JdwpDebugServer: handling req: ObjectReference(9).GetValues(2)
09:34:36.791 INFO: JdwpDebugServer: handling req: ObjectReference(9).GetValues(2)
09:34:36.792 INFO: JdwpDebugServer: handling req: ClassType(3).Superclass(1)
09:34:36.792 INFO: JdwpDebugServer: handling req: ObjectReference(9).GetValues(2)
09:34:36.792 INFO: JdwpDebugServer: handling req: ObjectReference(9).GetValues(2)
09:34:36.792 INFO: JdwpDebugServer: handling req: ObjectReference(9).GetValues(2)
09:34:36.792 INFO: JdwpDebugServer: handling req: StringReference(10).Value(1)
09:34:36.794 INFO: JdwpDebugServer: handling req: ObjectReference(9).GetValues(2)
09:34:36.794 INFO: JdwpDebugServer: handling req: ObjectReference(9).GetValues(2)
09:34:36.795 INFO: JdwpDebugServer: handling req: ObjectReference(9).GetValues(2)
09:34:36.795 INFO: JdwpDebugServer: handling req: ObjectReference(9).GetValues(2)
09:34:36.795 INFO: JdwpDebugServer: handling req: ClassType(3).Superclass(1)
09:34:36.795 INFO: JdwpDebugServer: handling req: ObjectReference(9).GetValues(2)
09:34:36.796 INFO: JdwpDebugServer: handling req: ObjectReference(9).GetValues(2)
09:34:36.796 INFO: JdwpDebugServer: handling req: ObjectReference(9).GetValues(2)
09:34:36.796 INFO: JdwpDebugServer: handling req: ObjectReference(9).GetValues(2)
09:34:36.796 INFO: JdwpDebugServer: handling req: ObjectReference(9).GetValues(2)
09:34:36.796 INFO: JdwpDebugServer: handling req: ObjectReference(9).GetValues(2)
09:34:36.797 INFO: JdwpDebugServer: handling req: ObjectReference(9).GetValues(2)
09:34:36.797 INFO: JdwpDebugServer: handling req: ClassType(3).Superclass(1)
09:34:36.797 INFO: JdwpDebugServer: handling req: ObjectReference(9).GetValues(2)
09:34:36.797 INFO: JdwpDebugServer: handling req: ObjectReference(9).GetValues(2)
09:34:36.798 INFO: JdwpDebugServer: handling req: ObjectReference(9).GetValues(2)
09:34:36.798 INFO: JdwpDebugServer: handling req: ObjectReference(9).GetValues(2)
09:34:36.798 INFO: JdwpDebugServer: handling req: ObjectReference(9).GetValues(2)
09:34:36.798 INFO: JdwpDebugServer: handling req: ObjectReference(9).GetValues(2)
09:34:36.798 INFO: JdwpDebugServer: handling req: ObjectReference(9).GetValues(2)
09:34:36.799 INFO: JdwpDebugServer: handling req: ObjectReference(9).GetValues(2)
09:34:36.799 INFO: JdwpDebugServer: handling req: ObjectReference(9).GetValues(2)
09:34:36.799 INFO: JdwpDebugServer: handling req: ObjectReference(9).GetValues(2)
09:34:36.799 INFO: JdwpDebugServer: handling req: ObjectReference(9).GetValues(2)
09:34:36.800 INFO: JdwpDebugServer: handling req: ObjectReference(9).GetValues(2)
09:34:36.800 INFO: JdwpDebugServer: handling req: ObjectReference(9).GetValues(2)
09:34:36.800 INFO: JdwpDebugServer: handling req: StackFrame(16).GetValues(1)
09:34:36.800 INFO: JdwpDebugServer: handling req: ObjectReference(9).GetValues(2)
09:34:36.800 INFO: JdwpDebugServer: handling req: ClassType(3).Superclass(1)
09:34:36.800 INFO: JdwpDebugServer: handling req: ObjectReference(9).GetValues(2)
09:34:36.801 INFO: JdwpDebugServer: handling req: ObjectReference(9).GetValues(2)
09:34:36.801 INFO: JdwpDebugServer: handling req: ObjectReference(9).GetValues(2)
09:34:36.801 INFO: JdwpDebugServer: handling req: ObjectReference(9).GetValues(2)
09:34:36.801 INFO: JdwpDebugServer: handling req: ObjectReference(9).GetValues(2)
09:34:36.801 INFO: JdwpDebugServer: handling req: ObjectReference(9).GetValues(2)
09:34:36.801 INFO: JdwpDebugServer: handling req: ObjectReference(9).GetValues(2)
09:34:36.802 INFO: JdwpDebugServer: handling req: ObjectReference(9).GetValues(2)
09:34:36.802 INFO: JdwpDebugServer: handling req: ClassType(3).Superclass(1)
09:34:36.802 INFO: JdwpDebugServer: handling req: ObjectReference(9).GetValues(2)
09:34:36.802 INFO: JdwpDebugServer: handling req: ObjectReference(9).GetValues(2)
09:34:36.802 INFO: JdwpDebugServer: handling req: ObjectReference(9).GetValues(2)
09:34:36.803 INFO: JdwpDebugServer: handling req: ObjectReference(9).GetValues(2)
09:34:36.803 INFO: JdwpDebugServer: handling req: ObjectReference(9).GetValues(2)
09:34:36.803 INFO: JdwpDebugServer: handling req: ObjectReference(9).GetValues(2)
09:34:36.803 INFO: JdwpDebugServer: handling req: ObjectReference(9).GetValues(2)
09:34:36.803 INFO: JdwpDebugServer: handling req: ObjectReference(9).GetValues(2)
09:34:36.803 INFO: JdwpDebugServer: handling req: ObjectReference(9).GetValues(2)
09:34:36.803 INFO: JdwpDebugServer: handling req: ObjectReference(9).GetValues(2)
09:34:36.803 INFO: JdwpDebugServer: handling req: ObjectReference(9).GetValues(2)
09:34:36.804 INFO: JdwpDebugServer: handling req: ObjectReference(9).GetValues(2)
09:34:36.804 INFO: JdwpDebugServer: handling req: ObjectReference(9).GetValues(2)
09:34:36.804 INFO: JdwpDebugServer: handling req: ObjectReference(9).GetValues(2)
09:34:36.804 INFO: JdwpDebugServer: handling req: ClassType(3).Superclass(1)
09:34:36.804 INFO: JdwpDebugServer: handling req: ObjectReference(9).GetValues(2)
09:34:36.804 INFO: JdwpDebugServer: handling req: ObjectReference(9).GetValues(2)
09:34:36.804 INFO: JdwpDebugServer: handling req: ObjectReference(9).GetValues(2)
09:34:36.804 INFO: JdwpDebugServer: handling req: ObjectReference(9).GetValues(2)
09:34:36.805 INFO: JdwpDebugServer: handling req: ObjectReference(9).GetValues(2)
09:34:36.805 INFO: JdwpDebugServer: handling req: ObjectReference(9).GetValues(2)
09:34:36.805 INFO: JdwpDebugServer: handling req: ObjectReference(9).GetValues(2)
09:34:36.805 INFO: JdwpDebugServer: handling req: ClassType(3).Superclass(1)
09:34:36.805 INFO: JdwpDebugServer: handling req: ObjectReference(9).GetValues(2)
09:34:36.805 INFO: JdwpDebugServer: handling req: ObjectReference(9).GetValues(2)
09:34:36.805 INFO: JdwpDebugServer: handling req: ObjectReference(9).GetValues(2)
09:34:36.805 INFO: JdwpDebugServer: handling req: ObjectReference(9).GetValues(2)
09:34:36.805 INFO: JdwpDebugServer: handling req: ObjectReference(9).GetValues(2)
09:34:36.805 INFO: JdwpDebugServer: handling req: ObjectReference(9).GetValues(2)
09:34:36.806 INFO: JdwpDebugServer: handling req: ObjectReference(9).GetValues(2)
09:34:36.806 INFO: JdwpDebugServer: handling req: ClassType(3).Superclass(1)
09:34:36.806 INFO: JdwpDebugServer: handling req: ObjectReference(9).GetValues(2)
09:34:36.806 INFO: JdwpDebugServer: handling req: ObjectReference(9).GetValues(2)
09:34:36.806 INFO: JdwpDebugServer: handling req: ObjectReference(9).GetValues(2)
09:34:36.806 INFO: JdwpDebugServer: handling req: ObjectReference(9).GetValues(2)
09:34:36.806 INFO: JdwpDebugServer: handling req: ObjectReference(9).GetValues(2)
09:34:36.806 INFO: JdwpDebugServer: handling req: ObjectReference(9).GetValues(2)
09:34:36.807 INFO: JdwpDebugServer: handling req: ObjectReference(9).GetValues(2)
09:34:36.807 INFO: JdwpDebugServer: handling req: ObjectReference(9).GetValues(2)
09:34:36.807 INFO: JdwpDebugServer: handling req: ObjectReference(9).GetValues(2)
09:34:36.807 INFO: JdwpDebugServer: handling req: ObjectReference(9).GetValues(2)
09:34:36.807 INFO: JdwpDebugServer: handling req: ObjectReference(9).GetValues(2)
09:34:36.807 INFO: JdwpDebugServer: handling req: ObjectReference(9).GetValues(2)
09:34:36.808 INFO: JdwpDebugServer: handling req: ObjectReference(9).GetValues(2)
09:34:36.808 INFO: JdwpDebugServer: handling req: ObjectReference(9).GetValues(2)
09:34:36.808 INFO: JdwpDebugServer: handling req: ClassType(3).Superclass(1)
09:34:36.808 INFO: JdwpDebugServer: handling req: ObjectReference(9).GetValues(2)
09:34:36.808 INFO: JdwpDebugServer: handling req: ObjectReference(9).GetValues(2)
09:34:36.808 INFO: JdwpDebugServer: handling req: ObjectReference(9).GetValues(2)
09:34:36.808 INFO: JdwpDebugServer: handling req: StringReference(10).Value(1)
09:34:36.808 INFO: JdwpDebugServer: handling req: ObjectReference(9).GetValues(2)
09:34:36.809 INFO: JdwpDebugServer: handling req: ObjectReference(9).GetValues(2)
09:34:36.809 INFO: JdwpDebugServer: handling req: ObjectReference(9).GetValues(2)
09:34:36.809 INFO: JdwpDebugServer: handling req: ObjectReference(9).GetValues(2)
09:34:36.809 INFO: JdwpDebugServer: handling req: ClassType(3).Superclass(1)
09:34:36.809 INFO: JdwpDebugServer: handling req: ObjectReference(9).GetValues(2)
09:34:36.809 INFO: JdwpDebugServer: handling req: ObjectReference(9).GetValues(2)
09:34:36.809 INFO: JdwpDebugServer: handling req: ObjectReference(9).GetValues(2)
09:34:36.809 INFO: JdwpDebugServer: handling req: ObjectReference(9).GetValues(2)
09:34:36.809 INFO: JdwpDebugServer: handling req: ObjectReference(9).GetValues(2)
09:34:36.814 INFO: JdwpDebugServer: handling req: StackFrame(16).ThisObject(3)
09:34:36.815 INFO: JdwpDebugServer: handling req: ObjectReference(9).ReferenceType(1)
09:34:36.816 INFO: JdwpDebugServer: handling req: Method(6).LineTable(1)
09:34:36.816 INFO: JdwpDebugServer: handling req: StackFrame(16).ThisObject(3)
09:34:36.816 INFO: JdwpDebugServer: handling req: ObjectReference(9).ReferenceType(1)
09:34:36.816 INFO: JdwpDebugServer: handling req: Method(6).LineTable(1)
09:34:36.817 INFO: JdwpDebugServer: handling req: StackFrame(16).ThisObject(3)
09:34:36.817 INFO: JdwpDebugServer: handling req: ObjectReference(9).ReferenceType(1)
09:34:36.817 INFO: JdwpDebugServer: handling req: Method(6).LineTable(1)
09:34:36.817 INFO: JdwpDebugServer: handling req: StackFrame(16).ThisObject(3)
09:34:36.817 INFO: JdwpDebugServer: handling req: ObjectReference(9).ReferenceType(1)
09:34:36.817 INFO: JdwpDebugServer: handling req: Method(6).LineTable(1)
09:34:36.817 INFO: JdwpDebugServer: handling req: StackFrame(16).ThisObject(3)
09:34:36.817 INFO: JdwpDebugServer: handling req: ObjectReference(9).ReferenceType(1)
09:34:36.817 INFO: JdwpDebugServer: handling req: Method(6).LineTable(1)
09:34:36.817 INFO: JdwpDebugServer: handling req: StackFrame(16).ThisObject(3)
09:34:36.818 INFO: JdwpDebugServer: handling req: ObjectReference(9).ReferenceType(1)
09:34:36.818 INFO: JdwpDebugServer: handling req: Method(6).LineTable(1)
09:34:36.818 INFO: JdwpDebugServer: handling req: StackFrame(16).ThisObject(3)
09:34:36.818 INFO: JdwpDebugServer: handling req: ObjectReference(9).ReferenceType(1)
09:34:36.818 INFO: JdwpDebugServer: handling req: Method(6).LineTable(1)
09:34:36.818 INFO: JdwpDebugServer: handling req: StackFrame(16).ThisObject(3)
09:34:36.818 INFO: JdwpDebugServer: handling req: ObjectReference(9).ReferenceType(1)
09:34:36.818 INFO: JdwpDebugServer: handling req: Method(6).LineTable(1)
09:34:36.818 INFO: JdwpDebugServer: handling req: StackFrame(16).ThisObject(3)
09:34:36.818 INFO: JdwpDebugServer: handling req: ObjectReference(9).ReferenceType(1)
09:34:36.818 INFO: JdwpDebugServer: handling req: Method(6).LineTable(1)
09:34:36.819 INFO: JdwpDebugServer: handling req: Method(6).LineTable(1)
09:34:36.819 INFO: JdwpDebugServer: handling req: ReferenceType(2).SignatureWithGeneric(13)
09:34:41.741 INFO: JdwpDebugServer: handling req: ThreadReference(11).Resume(3)
09:34:41.742 INFO: JdwpEventCenterDelegate: THREAD_RESUMED: thread (33, main, main)
09:34:41.743 INFO: JdwpEventCenterDelegate: THREAD_RESUMED: thread (33, main, main)
09:34:41.789 INFO: JdwpDebugServer: handling req: ThreadReference(11).Name(1)
09:34:41.789 INFO: JdwpDebugServer: handling req: ThreadReference(11).Name(1)
09:34:41.790 INFO: JdwpDebugServer: handling req: ThreadReference(11).Name(1)
09:34:41.794 SEVERE: Debugger: Thread HooksChannel socket thread crashed
org.robovm.debugger.DebuggerException: java.nio.BufferUnderflowException
	at org.robovm.debugger.hooks.HooksChannel.doSocketWork(HooksChannel.java:149)
	at java.base/java.lang.Thread.run(Thread.java:833)
	at org.robovm.debugger.utils.DebuggerThread.run(DebuggerThread.java:42)
Caused by: java.nio.BufferUnderflowException
	at org.robovm.debugger.utils.bytebuffer.DataBufferWriter.writeFromStream(DataBufferWriter.java:91)
	at org.robovm.debugger.hooks.HooksChannel.doSocketWork(HooksChannel.java:116)
	... 2 more
09:34:41.857 INFO: JdwpDebugServer: handling req: ThreadReference(11).Name(1)
