11:52:27.679 INFO: JdwpEventCenterDelegate: THREAD_STARTED: thread (33, main, main)
11:52:27.687 INFO: JdwpEventCenterDelegate: THREAD_STARTED: thread (48, ReferenceQueueDaemon, main)
11:52:27.693 INFO: JdwpEventCenterDelegate: THREAD_STARTED: thread (63, FinalizerDaemon, main)
11:52:27.699 INFO: JdwpEventCenterDelegate: THREAD_STARTED: thread (78, FinalizerWatchdogDaemon, main)
11:52:32.068 INFO: JdwpDebugServer: handling req: VirtualMachine(1).IDSizes(7)
11:52:32.069 INFO: JdwpDebugServer: handling req: EventRequest(15).Set(1)
11:52:32.069 INFO: JdwpEventCenterDelegate: jdwpSetEventRequest: JdwpEventRequest{requestId=100, eventKind=CLASS_UNLOAD, suspendPolicy=NONE, predicates=[]}
11:52:32.070 INFO: JdwpDebugServer: handling req: EventRequest(15).Set(1)
11:52:32.070 INFO: JdwpEventCenterDelegate: jdwpSetEventRequest: JdwpEventRequest{requestId=101, eventKind=THREAD_START, suspendPolicy=NONE, predicates=[]}
11:52:32.070 INFO: JdwpDebugServer: handling req: VirtualMachine(1).ClassesBySignature(2)
11:52:32.072 INFO: JdwpDebugServer: handling req: VirtualMachine(1).Version(1)
11:52:32.073 INFO: JdwpDebugServer: handling req: ReferenceType(2).MethodsWithGeneric(15)
11:52:32.075 INFO: JdwpDebugServer: handling req: Method(6).LineTable(1)
11:52:32.077 INFO: JdwpDebugServer: handling req: EventRequest(15).Set(1)
11:52:32.077 INFO: JdwpEventCenterDelegate: jdwpSetEventRequest: JdwpEventRequest{requestId=102, eventKind=BREAKPOINT, suspendPolicy=NONE, predicates=[Location{classId=845, methodId=257, index=928} ]}
11:52:32.079 INFO: JdwpDebugServer: handling req: EventRequest(15).Set(1)
11:52:32.079 INFO: JdwpEventCenterDelegate: jdwpSetEventRequest: JdwpEventRequest{requestId=103, eventKind=THREAD_DEATH, suspendPolicy=NONE, predicates=[]}
11:52:32.079 INFO: JdwpDebugServer: handling req: VirtualMachine(1).AllThreads(4)
11:52:32.080 INFO: JdwpDebugServer: handling req: ThreadReference(11).ThreadGroup(5)
11:52:32.081 INFO: JdwpDebugServer: handling req: ThreadGroup(12).Name(1)
11:52:32.081 INFO: JdwpDebugServer: handling req: ThreadGroup(12).Parent(2)
11:52:32.082 INFO: JdwpDebugServer: handling req: ObjectReference(9).ReferenceType(1)
11:52:32.082 INFO: JdwpDebugServer: handling req: ReferenceType(2).FieldsWithGeneric(14)
11:52:32.083 INFO: JdwpDebugServer: handling req: ReferenceType(2).Interfaces(10)
11:52:32.083 INFO: JdwpDebugServer: handling req: ReferenceType(2).FieldsWithGeneric(14)
11:52:32.084 INFO: JdwpDebugServer: handling req: ReferenceType(2).Interfaces(10)
11:52:32.084 INFO: JdwpDebugServer: handling req: ClassType(3).Superclass(1)
11:52:32.084 INFO: JdwpDebugServer: handling req: ReferenceType(2).FieldsWithGeneric(14)
11:52:32.085 INFO: JdwpDebugServer: handling req: ReferenceType(2).Interfaces(10)
11:52:32.085 INFO: JdwpDebugServer: handling req: ClassType(3).Superclass(1)
11:52:32.086 INFO: JdwpDebugServer: handling req: ObjectReference(9).GetValues(2)
11:52:32.089 INFO: JdwpDebugServer: handling req: ThreadReference(11).Status(4)
11:52:32.089 INFO: JdwpDebugServer: handling req: ThreadReference(11).Status(4)
11:52:32.089 INFO: JdwpDebugServer: handling req: ThreadReference(11).ThreadGroup(5)
11:52:32.089 INFO: JdwpDebugServer: handling req: ObjectReference(9).ReferenceType(1)
11:52:32.090 INFO: JdwpDebugServer: handling req: ObjectReference(9).GetValues(2)
11:52:32.092 INFO: JdwpDebugServer: handling req: ThreadReference(11).Status(4)
11:52:32.092 INFO: JdwpDebugServer: handling req: ThreadReference(11).Status(4)
11:52:32.092 INFO: JdwpDebugServer: handling req: ThreadReference(11).ThreadGroup(5)
11:52:32.092 INFO: JdwpDebugServer: handling req: ObjectReference(9).ReferenceType(1)
11:52:32.093 INFO: JdwpDebugServer: handling req: ObjectReference(9).GetValues(2)
11:52:32.094 INFO: JdwpDebugServer: handling req: ThreadReference(11).Status(4)
11:52:32.094 INFO: JdwpDebugServer: handling req: ThreadReference(11).Status(4)
11:52:32.095 INFO: JdwpDebugServer: handling req: ThreadReference(11).ThreadGroup(5)
11:52:32.095 INFO: JdwpDebugServer: handling req: ObjectReference(9).ReferenceType(1)
11:52:32.095 INFO: JdwpDebugServer: handling req: ObjectReference(9).GetValues(2)
11:52:32.096 INFO: JdwpDebugServer: handling req: ThreadReference(11).Status(4)
11:52:32.097 INFO: JdwpDebugServer: handling req: ThreadReference(11).Status(4)
11:52:32.098 INFO: JdwpDebugServer: handling req: EventRequest(15).Set(1)
11:52:32.098 INFO: JdwpEventCenterDelegate: jdwpSetEventRequest: JdwpEventRequest{requestId=104, eventKind=CLASS_PREPARE, suspendPolicy=EVENT_THREAD, predicates=[className=com.badlogic.gdx.graphics.g3d.utils.BaseShaderProvider]}
11:52:32.103 INFO: JdwpDebugServer: handling req: EventRequest(15).Set(1)
11:52:32.103 INFO: JdwpEventCenterDelegate: jdwpSetEventRequest: JdwpEventRequest{requestId=105, eventKind=CLASS_PREPARE, suspendPolicy=EVENT_THREAD, predicates=[className=com.badlogic.gdx.graphics.g3d.utils.BaseShaderProvider$*]}
11:52:32.104 INFO: JdwpDebugServer: handling req: VirtualMachine(1).ClassesBySignature(2)
11:52:32.105 INFO: JdwpDebugServer: handling req: ReferenceType(2).MethodsWithGeneric(15)
11:52:32.105 INFO: JdwpDebugServer: handling req: Method(6).LineTable(1)
11:52:32.105 INFO: JdwpDebugServer: handling req: Method(6).LineTable(1)
11:52:32.106 INFO: JdwpDebugServer: handling req: Method(6).LineTable(1)
11:52:32.106 INFO: JdwpDebugServer: handling req: ReferenceType(2).Signature(1)
11:52:32.109 INFO: JdwpDebugServer: handling req: VirtualMachine(1).capabilitiesNew(17)
11:52:32.111 INFO: JdwpDebugServer: handling req: EventRequest(15).Set(1)
11:52:32.112 INFO: JdwpEventCenterDelegate: jdwpSetEventRequest: JdwpEventRequest{requestId=106, eventKind=CLASS_PREPARE, suspendPolicy=EVENT_THREAD, predicates=[className=java.lang.Error]}
11:52:32.114 INFO: JdwpDebugServer: handling req: EventRequest(15).Set(1)
11:52:32.114 INFO: JdwpEventCenterDelegate: jdwpSetEventRequest: JdwpEventRequest{requestId=107, eventKind=CLASS_PREPARE, suspendPolicy=EVENT_THREAD, predicates=[className=java.lang.Error$*]}
11:52:32.115 INFO: JdwpDebugServer: handling req: VirtualMachine(1).ClassesBySignature(2)
11:52:32.115 INFO: JdwpDebugServer: handling req: EventRequest(15).Set(1)
11:52:32.116 INFO: JdwpEventCenterDelegate: jdwpSetEventRequest: JdwpEventRequest{requestId=108, eventKind=EXCEPTION, suspendPolicy=EVENT_THREAD, predicates=[exceptionType=3425(caught=true, uncaught=true)]}
11:52:32.116 INFO: JdwpDebugServer: handling req: ReferenceType(2).Signature(1)
11:52:32.128 INFO: JdwpDebugServer: handling req: EventRequest(15).Set(1)
11:52:32.128 INFO: JdwpEventCenterDelegate: jdwpSetEventRequest: JdwpEventRequest{requestId=109, eventKind=CLASS_PREPARE, suspendPolicy=EVENT_THREAD, predicates=[className=java.lang.Throwable]}
11:52:32.130 INFO: JdwpDebugServer: handling req: EventRequest(15).Set(1)
11:52:32.130 INFO: JdwpEventCenterDelegate: jdwpSetEventRequest: JdwpEventRequest{requestId=110, eventKind=CLASS_PREPARE, suspendPolicy=EVENT_THREAD, predicates=[className=java.lang.Throwable$*]}
11:52:32.131 INFO: JdwpDebugServer: handling req: VirtualMachine(1).ClassesBySignature(2)
11:52:32.131 INFO: JdwpDebugServer: handling req: EventRequest(15).Set(1)
11:52:32.131 INFO: JdwpEventCenterDelegate: jdwpSetEventRequest: JdwpEventRequest{requestId=111, eventKind=EXCEPTION, suspendPolicy=EVENT_THREAD, predicates=[exceptionType=7695(caught=false, uncaught=true)]}
11:52:32.131 INFO: JdwpDebugServer: handling req: ReferenceType(2).Signature(1)
11:52:32.133 INFO: JdwpDebugServer: handling req: ThreadReference(11).SuspendCount(12)
11:52:32.133 INFO: JdwpDebugServer: handling req: ThreadReference(11).SuspendCount(12)
11:52:32.133 INFO: JdwpDebugServer: handling req: ThreadReference(11).SuspendCount(12)
11:52:32.133 INFO: JdwpDebugServer: handling req: ThreadReference(11).SuspendCount(12)
11:52:32.133 INFO: JdwpDebugServer: handling req: VirtualMachine(1).AllThreads(4)
11:52:32.134 INFO: JdwpDebugServer: handling req: VirtualMachine(1).Resume(9)
11:52:32.186 INFO: JdwpEventCenterDelegate: THREAD_RESUMED: thread (33, main, main)
11:52:32.187 INFO: JdwpEventCenterDelegate: THREAD_RESUMED: thread (33, main, main)
11:52:32.188 INFO: JdwpEventCenterDelegate: THREAD_RESUMED: thread (33, main, main)
11:52:32.190 INFO: JdwpEventCenterDelegate: THREAD_RESUMED: thread (33, main, main)
11:52:32.191 INFO: JdwpEventCenterDelegate: THREAD_RESUMED: thread (33, main, main)
11:52:32.192 INFO: JdwpEventCenterDelegate: THREAD_RESUMED: thread (33, main, main)
11:52:32.193 INFO: JdwpEventCenterDelegate: THREAD_RESUMED: thread (33, main, main)
11:52:32.194 INFO: JdwpEventCenterDelegate: THREAD_RESUMED: thread (33, main, main)
11:52:32.195 INFO: JdwpEventCenterDelegate: THREAD_RESUMED: thread (33, main, main)
11:52:32.197 INFO: JdwpEventCenterDelegate: THREAD_RESUMED: thread (33, main, main)
11:52:32.198 INFO: JdwpEventCenterDelegate: THREAD_RESUMED: thread (33, main, main)
11:52:32.199 INFO: JdwpEventCenterDelegate: THREAD_RESUMED: thread (33, main, main)
11:52:32.200 INFO: JdwpEventCenterDelegate: THREAD_RESUMED: thread (33, main, main)
11:52:32.201 INFO: JdwpEventCenterDelegate: THREAD_RESUMED: thread (33, main, main)
11:52:32.203 INFO: JdwpEventCenterDelegate: THREAD_RESUMED: thread (33, main, main)
11:52:32.204 INFO: JdwpEventCenterDelegate: THREAD_RESUMED: thread (33, main, main)
11:52:32.206 INFO: JdwpEventCenterDelegate: THREAD_RESUMED: thread (33, main, main)
11:52:32.207 INFO: JdwpEventCenterDelegate: THREAD_RESUMED: thread (33, main, main)
11:52:32.211 INFO: JdwpEventCenterDelegate: THREAD_RESUMED: thread (33, main, main)
11:52:32.213 INFO: JdwpEventCenterDelegate: THREAD_RESUMED: thread (33, main, main)
11:52:32.214 INFO: JdwpEventCenterDelegate: THREAD_RESUMED: thread (33, main, main)
11:52:32.215 INFO: JdwpEventCenterDelegate: THREAD_RESUMED: thread (33, main, main)
11:52:32.216 INFO: JdwpEventCenterDelegate: THREAD_RESUMED: thread (33, main, main)
11:52:32.217 INFO: JdwpEventCenterDelegate: THREAD_RESUMED: thread (33, main, main)
11:52:32.218 INFO: JdwpEventCenterDelegate: THREAD_RESUMED: thread (33, main, main)
11:52:32.267 INFO: JdwpEventCenterDelegate: THREAD_RESUMED: thread (33, main, main)
11:52:32.268 INFO: JdwpEventCenterDelegate: THREAD_RESUMED: thread (33, main, main)
11:52:32.269 INFO: JdwpEventCenterDelegate: THREAD_RESUMED: thread (33, main, main)
11:52:32.270 INFO: JdwpEventCenterDelegate: THREAD_RESUMED: thread (33, main, main)
11:52:32.272 INFO: JdwpEventCenterDelegate: THREAD_RESUMED: thread (33, main, main)
11:52:32.273 INFO: JdwpEventCenterDelegate: THREAD_RESUMED: thread (33, main, main)
11:52:32.274 INFO: JdwpEventCenterDelegate: THREAD_RESUMED: thread (33, main, main)
11:52:32.280 INFO: JdwpEventCenterDelegate: THREAD_RESUMED: thread (33, main, main)
11:52:32.281 INFO: JdwpEventCenterDelegate: THREAD_RESUMED: thread (33, main, main)
11:52:32.283 INFO: JdwpEventCenterDelegate: THREAD_RESUMED: thread (33, main, main)
11:52:32.284 INFO: JdwpEventCenterDelegate: THREAD_RESUMED: thread (33, main, main)
11:52:32.285 INFO: JdwpEventCenterDelegate: THREAD_RESUMED: thread (33, main, main)
11:52:32.286 INFO: JdwpEventCenterDelegate: THREAD_RESUMED: thread (33, main, main)
11:52:32.288 INFO: JdwpEventCenterDelegate: THREAD_RESUMED: thread (33, main, main)
11:52:32.316 INFO: JdwpEventCenterDelegate: THREAD_RESUMED: thread (33, main, main)
11:52:32.317 INFO: JdwpEventCenterDelegate: THREAD_RESUMED: thread (33, main, main)
11:52:32.318 INFO: JdwpEventCenterDelegate: THREAD_RESUMED: thread (33, main, main)
11:52:32.320 INFO: JdwpEventCenterDelegate: THREAD_RESUMED: thread (33, main, main)
11:52:32.321 INFO: JdwpEventCenterDelegate: THREAD_RESUMED: thread (33, main, main)
11:52:32.322 INFO: JdwpEventCenterDelegate: THREAD_RESUMED: thread (33, main, main)
11:52:32.323 INFO: JdwpEventCenterDelegate: THREAD_RESUMED: thread (33, main, main)
11:52:32.338 INFO: JdwpEventCenterDelegate: THREAD_RESUMED: thread (33, main, main)
11:52:32.339 INFO: JdwpEventCenterDelegate: THREAD_RESUMED: thread (33, main, main)
11:52:32.340 INFO: JdwpEventCenterDelegate: THREAD_RESUMED: thread (33, main, main)
11:52:32.341 INFO: JdwpEventCenterDelegate: THREAD_RESUMED: thread (33, main, main)
11:52:32.342 INFO: JdwpEventCenterDelegate: THREAD_RESUMED: thread (33, main, main)
11:52:32.343 INFO: JdwpEventCenterDelegate: THREAD_RESUMED: thread (33, main, main)
11:52:32.344 INFO: JdwpEventCenterDelegate: THREAD_RESUMED: thread (33, main, main)
11:52:32.353 INFO: JdwpEventCenterDelegate: THREAD_RESUMED: thread (33, main, main)
11:52:32.354 INFO: JdwpEventCenterDelegate: THREAD_RESUMED: thread (33, main, main)
11:52:32.356 INFO: JdwpEventCenterDelegate: THREAD_RESUMED: thread (33, main, main)
11:52:32.358 INFO: JdwpEventCenterDelegate: THREAD_RESUMED: thread (33, main, main)
11:52:32.359 INFO: JdwpEventCenterDelegate: THREAD_RESUMED: thread (33, main, main)
11:52:32.360 INFO: JdwpEventCenterDelegate: THREAD_RESUMED: thread (33, main, main)
11:52:32.361 INFO: JdwpEventCenterDelegate: THREAD_RESUMED: thread (33, main, main)
11:52:32.370 INFO: JdwpEventCenterDelegate: THREAD_RESUMED: thread (33, main, main)
11:52:32.372 INFO: JdwpEventCenterDelegate: THREAD_RESUMED: thread (33, main, main)
11:52:32.373 INFO: JdwpEventCenterDelegate: THREAD_RESUMED: thread (33, main, main)
11:52:32.375 INFO: JdwpEventCenterDelegate: THREAD_RESUMED: thread (33, main, main)
11:52:32.376 INFO: JdwpEventCenterDelegate: THREAD_RESUMED: thread (33, main, main)
11:52:32.377 INFO: JdwpEventCenterDelegate: THREAD_RESUMED: thread (33, main, main)
11:52:32.379 INFO: JdwpEventCenterDelegate: THREAD_RESUMED: thread (33, main, main)
11:52:32.380 INFO: JdwpEventCenterDelegate: THREAD_RESUMED: thread (33, main, main)
11:52:32.382 INFO: JdwpEventCenterDelegate: THREAD_RESUMED: thread (33, main, main)
11:52:32.383 INFO: JdwpEventCenterDelegate: THREAD_RESUMED: thread (33, main, main)
11:52:32.385 INFO: JdwpEventCenterDelegate: THREAD_RESUMED: thread (33, main, main)
11:52:32.386 INFO: JdwpEventCenterDelegate: THREAD_RESUMED: thread (33, main, main)
11:52:32.387 INFO: JdwpEventCenterDelegate: THREAD_RESUMED: thread (33, main, main)
11:52:32.389 INFO: JdwpEventCenterDelegate: THREAD_RESUMED: thread (33, main, main)
11:52:32.390 INFO: JdwpEventCenterDelegate: THREAD_RESUMED: thread (33, main, main)
11:52:32.392 INFO: JdwpEventCenterDelegate: THREAD_RESUMED: thread (33, main, main)
11:52:32.393 INFO: JdwpEventCenterDelegate: THREAD_RESUMED: thread (33, main, main)
11:52:32.395 INFO: JdwpEventCenterDelegate: THREAD_RESUMED: thread (33, main, main)
11:52:32.399 INFO: JdwpEventCenterDelegate: THREAD_RESUMED: thread (33, main, main)
11:52:32.400 INFO: JdwpEventCenterDelegate: THREAD_RESUMED: thread (33, main, main)
11:52:32.611 INFO: JdwpEventCenterDelegate: THREAD_RESUMED: thread (33, main, main)
11:52:32.613 INFO: JdwpEventCenterDelegate: THREAD_RESUMED: thread (33, main, main)
11:52:32.626 INFO: JdwpEventCenterDelegate: THREAD_RESUMED: thread (33, main, main)
11:52:32.628 INFO: JdwpEventCenterDelegate: THREAD_RESUMED: thread (33, main, main)
11:52:32.630 INFO: JdwpEventCenterDelegate: THREAD_RESUMED: thread (33, main, main)
11:52:32.631 INFO: JdwpEventCenterDelegate: THREAD_RESUMED: thread (33, main, main)
11:52:32.635 INFO: JdwpEventCenterDelegate: THREAD_RESUMED: thread (33, main, main)
11:52:32.636 INFO: JdwpEventCenterDelegate: THREAD_RESUMED: thread (33, main, main)
11:52:32.657 INFO: JdwpDebugServer: handling req: ThreadReference(11).Name(1)
11:52:32.658 INFO: JdwpDebugServer: handling req: ThreadReference(11).Name(1)
11:52:32.658 INFO: JdwpDebugServer: handling req: ThreadReference(11).Name(1)
11:52:32.659 INFO: JdwpDebugServer: handling req: ThreadReference(11).Name(1)
11:52:32.689 INFO: JdwpEventCenterDelegate: THREAD_RESUMED: thread (33, main, main)
11:52:32.876 INFO: JdwpDebugServer: handling req: ThreadReference(11).Resume(3)
11:52:32.878 INFO: JdwpEventCenterDelegate: THREAD_RESUMED: thread (33, main, main)
11:52:32.881 INFO: JdwpEventCenterDelegate: THREAD_RESUMED: thread (33, main, main)
11:52:32.882 INFO: JdwpEventCenterDelegate: THREAD_RESUMED: thread (33, main, main)
11:52:32.884 INFO: JdwpEventCenterDelegate: THREAD_RESUMED: thread (33, main, main)
11:52:32.885 INFO: JdwpEventCenterDelegate: THREAD_RESUMED: thread (33, main, main)
11:52:32.887 INFO: JdwpEventCenterDelegate: THREAD_RESUMED: thread (33, main, main)
11:52:32.888 INFO: JdwpEventCenterDelegate: THREAD_RESUMED: thread (33, main, main)
11:52:32.897 INFO: JdwpEventCenterDelegate: THREAD_RESUMED: thread (33, main, main)
11:52:32.899 INFO: JdwpEventCenterDelegate: THREAD_RESUMED: thread (33, main, main)
11:52:32.901 INFO: JdwpEventCenterDelegate: THREAD_RESUMED: thread (33, main, main)
11:52:32.903 INFO: JdwpEventCenterDelegate: THREAD_RESUMED: thread (33, main, main)
11:52:32.905 INFO: JdwpEventCenterDelegate: THREAD_RESUMED: thread (33, main, main)
11:52:32.907 INFO: JdwpEventCenterDelegate: THREAD_RESUMED: thread (33, main, main)
11:52:32.909 INFO: JdwpEventCenterDelegate: THREAD_RESUMED: thread (33, main, main)
11:52:32.926 INFO: JdwpEventCenterDelegate: THREAD_RESUMED: thread (33, main, main)
11:52:32.942 INFO: JdwpEventCenterDelegate: THREAD_RESUMED: thread (33, main, main)
11:52:32.955 INFO: JdwpEventCenterDelegate: THREAD_RESUMED: thread (33, main, main)
11:52:32.966 INFO: JdwpEventCenterDelegate: THREAD_RESUMED: thread (33, main, main)
11:52:32.982 INFO: JdwpEventCenterDelegate: THREAD_RESUMED: thread (33, main, main)
11:52:33.006 INFO: JdwpEventCenterDelegate: THREAD_RESUMED: thread (33, main, main)
11:52:33.013 INFO: JdwpEventCenterDelegate: THREAD_RESUMED: thread (33, main, main)
11:52:33.019 INFO: JdwpEventCenterDelegate: THREAD_RESUMED: thread (33, main, main)
11:52:33.024 INFO: JdwpEventCenterDelegate: THREAD_RESUMED: thread (33, main, main)
11:52:33.029 INFO: JdwpEventCenterDelegate: THREAD_RESUMED: thread (33, main, main)
11:52:33.035 INFO: JdwpEventCenterDelegate: THREAD_RESUMED: thread (33, main, main)
11:52:33.044 INFO: JdwpEventCenterDelegate: THREAD_RESUMED: thread (33, main, main)
11:52:33.051 INFO: JdwpEventCenterDelegate: THREAD_RESUMED: thread (33, main, main)
11:52:33.057 INFO: JdwpEventCenterDelegate: THREAD_RESUMED: thread (33, main, main)
11:52:33.065 INFO: JdwpEventCenterDelegate: THREAD_RESUMED: thread (33, main, main)
11:52:33.070 INFO: JdwpEventCenterDelegate: THREAD_RESUMED: thread (33, main, main)
11:52:33.077 INFO: JdwpEventCenterDelegate: THREAD_RESUMED: thread (33, main, main)
11:52:33.084 INFO: JdwpEventCenterDelegate: THREAD_RESUMED: thread (33, main, main)
11:52:33.087 INFO: JdwpEventCenterDelegate: THREAD_RESUMED: thread (33, main, main)
11:52:33.089 INFO: JdwpEventCenterDelegate: THREAD_RESUMED: thread (33, main, main)
11:52:33.092 INFO: JdwpEventCenterDelegate: THREAD_RESUMED: thread (33, main, main)
11:52:33.094 INFO: JdwpEventCenterDelegate: THREAD_RESUMED: thread (33, main, main)
11:52:33.097 INFO: JdwpEventCenterDelegate: THREAD_RESUMED: thread (33, main, main)
11:52:33.099 INFO: JdwpEventCenterDelegate: THREAD_RESUMED: thread (33, main, main)
11:52:33.101 INFO: JdwpEventCenterDelegate: THREAD_RESUMED: thread (33, main, main)
11:52:33.103 INFO: JdwpEventCenterDelegate: THREAD_RESUMED: thread (33, main, main)
11:52:33.105 INFO: JdwpEventCenterDelegate: THREAD_RESUMED: thread (33, main, main)
11:52:33.107 INFO: JdwpEventCenterDelegate: THREAD_RESUMED: thread (33, main, main)
11:52:33.108 INFO: JdwpEventCenterDelegate: THREAD_RESUMED: thread (33, main, main)
11:52:33.110 INFO: JdwpEventCenterDelegate: THREAD_RESUMED: thread (33, main, main)
11:52:33.112 INFO: JdwpEventCenterDelegate: THREAD_RESUMED: thread (33, main, main)
11:52:33.114 INFO: JdwpEventCenterDelegate: THREAD_RESUMED: thread (33, main, main)
11:52:33.116 INFO: JdwpEventCenterDelegate: THREAD_RESUMED: thread (33, main, main)
11:52:33.117 INFO: JdwpEventCenterDelegate: THREAD_RESUMED: thread (33, main, main)
11:52:33.119 INFO: JdwpEventCenterDelegate: THREAD_RESUMED: thread (33, main, main)
11:52:33.121 INFO: JdwpEventCenterDelegate: THREAD_RESUMED: thread (33, main, main)
11:52:33.123 INFO: JdwpEventCenterDelegate: THREAD_RESUMED: thread (33, main, main)
11:52:33.124 INFO: JdwpEventCenterDelegate: THREAD_RESUMED: thread (33, main, main)
11:52:33.126 INFO: JdwpEventCenterDelegate: THREAD_RESUMED: thread (33, main, main)
11:52:33.128 INFO: JdwpEventCenterDelegate: THREAD_RESUMED: thread (33, main, main)
11:52:33.130 INFO: JdwpEventCenterDelegate: THREAD_RESUMED: thread (33, main, main)
11:52:33.131 INFO: JdwpEventCenterDelegate: THREAD_RESUMED: thread (33, main, main)
11:52:33.133 INFO: JdwpEventCenterDelegate: THREAD_RESUMED: thread (33, main, main)
11:52:33.134 INFO: JdwpEventCenterDelegate: THREAD_RESUMED: thread (33, main, main)
11:52:33.136 INFO: JdwpEventCenterDelegate: THREAD_RESUMED: thread (33, main, main)
11:52:33.138 INFO: JdwpEventCenterDelegate: THREAD_RESUMED: thread (33, main, main)
11:52:33.139 INFO: JdwpEventCenterDelegate: THREAD_RESUMED: thread (33, main, main)
11:52:33.141 INFO: JdwpEventCenterDelegate: THREAD_RESUMED: thread (33, main, main)
11:52:33.143 INFO: JdwpEventCenterDelegate: THREAD_RESUMED: thread (33, main, main)
11:52:33.144 INFO: JdwpEventCenterDelegate: THREAD_RESUMED: thread (33, main, main)
11:52:33.146 INFO: JdwpEventCenterDelegate: THREAD_RESUMED: thread (33, main, main)
11:52:33.147 INFO: JdwpEventCenterDelegate: THREAD_RESUMED: thread (33, main, main)
11:52:33.149 INFO: JdwpEventCenterDelegate: THREAD_RESUMED: thread (33, main, main)
11:52:33.151 INFO: JdwpEventCenterDelegate: THREAD_RESUMED: thread (33, main, main)
11:52:33.152 INFO: JdwpEventCenterDelegate: THREAD_RESUMED: thread (33, main, main)
11:52:33.154 INFO: JdwpEventCenterDelegate: THREAD_RESUMED: thread (33, main, main)
11:52:33.155 INFO: JdwpEventCenterDelegate: THREAD_RESUMED: thread (33, main, main)
11:52:33.157 INFO: JdwpEventCenterDelegate: THREAD_RESUMED: thread (33, main, main)
11:52:33.159 INFO: JdwpEventCenterDelegate: THREAD_RESUMED: thread (33, main, main)
11:52:33.160 INFO: JdwpEventCenterDelegate: THREAD_RESUMED: thread (33, main, main)
11:52:33.162 INFO: JdwpEventCenterDelegate: THREAD_RESUMED: thread (33, main, main)
11:52:33.163 INFO: JdwpEventCenterDelegate: THREAD_RESUMED: thread (33, main, main)
11:52:33.165 INFO: JdwpEventCenterDelegate: THREAD_RESUMED: thread (33, main, main)
11:52:33.166 INFO: JdwpEventCenterDelegate: THREAD_RESUMED: thread (33, main, main)
11:52:33.168 INFO: JdwpEventCenterDelegate: THREAD_RESUMED: thread (33, main, main)
11:52:33.170 INFO: JdwpEventCenterDelegate: THREAD_RESUMED: thread (33, main, main)
11:52:33.171 INFO: JdwpEventCenterDelegate: THREAD_RESUMED: thread (33, main, main)
11:52:33.173 INFO: JdwpEventCenterDelegate: THREAD_RESUMED: thread (33, main, main)
11:52:33.174 INFO: JdwpEventCenterDelegate: THREAD_RESUMED: thread (33, main, main)
11:52:33.176 INFO: JdwpEventCenterDelegate: THREAD_RESUMED: thread (33, main, main)
11:52:33.177 INFO: JdwpEventCenterDelegate: THREAD_RESUMED: thread (33, main, main)
11:52:33.321 INFO: JdwpEventCenterDelegate: THREAD_RESUMED: thread (33, main, main)
11:52:33.351 INFO: JdwpEventCenterDelegate: THREAD_RESUMED: thread (33, main, main)
11:52:33.352 INFO: JdwpEventCenterDelegate: THREAD_RESUMED: thread (33, main, main)
11:52:33.353 INFO: JdwpEventCenterDelegate: THREAD_RESUMED: thread (33, main, main)
11:52:33.355 INFO: JdwpEventCenterDelegate: THREAD_RESUMED: thread (33, main, main)
11:52:33.490 INFO: JdwpEventCenterDelegate: THREAD_RESUMED: thread (33, main, main)
11:52:33.491 INFO: JdwpEventCenterDelegate: THREAD_RESUMED: thread (33, main, main)
11:52:33.503 INFO: JdwpEventCenterDelegate: THREAD_RESUMED: thread (33, main, main)
11:52:33.505 INFO: JdwpEventCenterDelegate: THREAD_RESUMED: thread (33, main, main)
11:52:33.509 INFO: JdwpEventCenterDelegate: THREAD_RESUMED: thread (33, main, main)
11:52:33.510 INFO: JdwpEventCenterDelegate: THREAD_RESUMED: thread (33, main, main)
11:52:33.511 INFO: JdwpEventCenterDelegate: THREAD_RESUMED: thread (33, main, main)
11:52:33.513 INFO: JdwpEventCenterDelegate: THREAD_RESUMED: thread (33, main, main)
11:52:33.514 INFO: JdwpEventCenterDelegate: THREAD_RESUMED: thread (33, main, main)
11:52:33.515 INFO: JdwpEventCenterDelegate: THREAD_RESUMED: thread (33, main, main)
11:52:37.950 INFO: JdwpEventCenterDelegate: THREAD_RESUMED: thread (33, main, main)
11:52:37.952 INFO: JdwpEventCenterDelegate: THREAD_RESUMED: thread (33, main, main)
11:52:38.156 INFO: JdwpEventCenterDelegate: THREAD_RESUMED: thread (33, main, main)
11:52:38.159 INFO: JdwpEventCenterDelegate: THREAD_RESUMED: thread (33, main, main)
11:52:38.161 INFO: JdwpEventCenterDelegate: THREAD_RESUMED: thread (33, main, main)
11:52:38.163 INFO: JdwpEventCenterDelegate: THREAD_RESUMED: thread (33, main, main)
11:52:38.165 INFO: JdwpEventCenterDelegate: THREAD_RESUMED: thread (33, main, main)
11:52:38.166 INFO: JdwpEventCenterDelegate: THREAD_RESUMED: thread (33, main, main)
11:52:38.171 INFO: JdwpEventCenterDelegate: THREAD_RESUMED: thread (33, main, main)
11:52:38.173 INFO: JdwpEventCenterDelegate: THREAD_RESUMED: thread (33, main, main)
11:52:38.175 INFO: JdwpEventCenterDelegate: THREAD_RESUMED: thread (33, main, main)
11:52:38.184 INFO: JdwpEventCenterDelegate: THREAD_RESUMED: thread (33, main, main)
11:52:38.186 INFO: JdwpEventCenterDelegate: THREAD_RESUMED: thread (33, main, main)
11:52:38.188 INFO: JdwpEventCenterDelegate: THREAD_RESUMED: thread (33, main, main)
12:03:00.932 INFO: JdwpEventCenterDelegate: THREAD_RESUMED: thread (33, main, main)
12:03:00.934 INFO: JdwpEventCenterDelegate: THREAD_RESUMED: thread (33, main, main)
12:03:02.104 SEVERE: Debugger: Thread HooksChannel socket thread crashed
org.robovm.debugger.DebuggerException: java.io.IOException: org.robovm.libimobiledevice.LibIMobileDeviceException: IDEVICE_E_UNKNOWN_ERROR
	at org.robovm.debugger.hooks.HooksChannel.doSocketWork(HooksChannel.java:149)
	at java.base/java.lang.Thread.run(Thread.java:833)
	at org.robovm.debugger.utils.DebuggerThread.run(DebuggerThread.java:42)
Caused by: java.io.IOException: org.robovm.libimobiledevice.LibIMobileDeviceException: IDEVICE_E_UNKNOWN_ERROR
	at org.robovm.libimobiledevice.IDeviceConnection$DeviceInputStream.read(IDeviceConnection.java:203)
	at org.robovm.debugger.utils.bytebuffer.DataBufferWriter.writeFromStream(DataBufferWriter.java:89)
	at org.robovm.debugger.hooks.HooksChannel.doSocketWork(HooksChannel.java:116)
	... 2 more
Caused by: org.robovm.libimobiledevice.LibIMobileDeviceException: IDEVICE_E_UNKNOWN_ERROR
	at org.robovm.libimobiledevice.IDevice.checkResult(IDevice.java:206)
	at org.robovm.libimobiledevice.IDeviceConnection.receive(IDeviceConnection.java:110)
	at org.robovm.libimobiledevice.IDeviceConnection.receive(IDeviceConnection.java:81)
	at org.robovm.libimobiledevice.IDeviceConnection$DeviceInputStream.read(IDeviceConnection.java:201)
	... 4 more
12:03:02.620 SEVERE: Debugger: Thread JDWP server socket thread crashed
org.robovm.debugger.DebuggerException: java.net.SocketException: Socket closed
	at org.robovm.debugger.jdwp.JdwpDebugServer.doSocketWork(JdwpDebugServer.java:215)
	at java.base/java.lang.Thread.run(Thread.java:833)
	at org.robovm.debugger.utils.DebuggerThread.run(DebuggerThread.java:42)
Caused by: java.net.SocketException: Socket closed
	at java.base/sun.nio.ch.NioSocketImpl.endRead(NioSocketImpl.java:248)
	at java.base/sun.nio.ch.NioSocketImpl.implRead(NioSocketImpl.java:327)
	at java.base/sun.nio.ch.NioSocketImpl.read(NioSocketImpl.java:350)
	at java.base/sun.nio.ch.NioSocketImpl$1.read(NioSocketImpl.java:803)
	at java.base/java.net.Socket$SocketInputStream.read(Socket.java:966)
	at org.robovm.debugger.utils.bytebuffer.DataBufferWriter.writeFromStream(DataBufferWriter.java:89)
	at org.robovm.debugger.jdwp.protocol.JdwpRequestHeader.readFromStream(JdwpRequestHeader.java:36)
	at org.robovm.debugger.jdwp.JdwpDebugServer.doSocketWork(JdwpDebugServer.java:185)
	... 2 more
