10:10:17.660 INFO: JdwpEventCenterDelegate: THREAD_STARTED: thread (33, main, main)
10:10:17.668 INFO: JdwpEventCenterDelegate: THREAD_STARTED: thread (48, ReferenceQueueDaemon, main)
10:10:17.676 INFO: JdwpEventCenterDelegate: THREAD_STARTED: thread (63, FinalizerDaemon, main)
10:10:17.684 INFO: JdwpEventCenterDelegate: THREAD_STARTED: thread (78, FinalizerWatchdogDaemon, main)
10:10:22.047 INFO: JdwpDebugServer: handling req: VirtualMachine(1).IDSizes(7)
10:10:22.049 INFO: JdwpDebugServer: handling req: EventRequest(15).Set(1)
10:10:22.049 INFO: JdwpEventCenterDelegate: jdwpSetEventRequest: JdwpEventRequest{requestId=100, eventKind=CLASS_UNLOAD, suspendPolicy=NONE, predicates=[]}
10:10:22.049 INFO: JdwpDebugServer: handling req: EventRequest(15).Set(1)
10:10:22.049 INFO: JdwpEventCenterDelegate: jdwpSetEventRequest: JdwpEventRequest{requestId=101, eventKind=THREAD_START, suspendPolicy=NONE, predicates=[]}
10:10:22.050 INFO: JdwpDebugServer: handling req: VirtualMachine(1).ClassesBySignature(2)
10:10:22.053 INFO: JdwpDebugServer: handling req: VirtualMachine(1).Version(1)
10:10:22.055 INFO: JdwpDebugServer: handling req: ReferenceType(2).MethodsWithGeneric(15)
10:10:22.057 INFO: JdwpDebugServer: handling req: Method(6).LineTable(1)
10:10:22.058 INFO: JdwpDebugServer: handling req: EventRequest(15).Set(1)
10:10:22.058 INFO: JdwpEventCenterDelegate: jdwpSetEventRequest: JdwpEventRequest{requestId=102, eventKind=BREAKPOINT, suspendPolicy=NONE, predicates=[Location{classId=845, methodId=257, index=928} ]}
10:10:22.060 INFO: JdwpDebugServer: handling req: EventRequest(15).Set(1)
10:10:22.060 INFO: JdwpEventCenterDelegate: jdwpSetEventRequest: JdwpEventRequest{requestId=103, eventKind=THREAD_DEATH, suspendPolicy=NONE, predicates=[]}
10:10:22.060 INFO: JdwpDebugServer: handling req: VirtualMachine(1).AllThreads(4)
10:10:22.061 INFO: JdwpDebugServer: handling req: ThreadReference(11).ThreadGroup(5)
10:10:22.062 INFO: JdwpDebugServer: handling req: ThreadGroup(12).Name(1)
10:10:22.062 INFO: JdwpDebugServer: handling req: ThreadGroup(12).Parent(2)
10:10:22.062 INFO: JdwpDebugServer: handling req: ObjectReference(9).ReferenceType(1)
10:10:22.063 INFO: JdwpDebugServer: handling req: ReferenceType(2).FieldsWithGeneric(14)
10:10:22.063 INFO: JdwpDebugServer: handling req: ReferenceType(2).Interfaces(10)
10:10:22.064 INFO: JdwpDebugServer: handling req: ReferenceType(2).FieldsWithGeneric(14)
10:10:22.065 INFO: JdwpDebugServer: handling req: ReferenceType(2).Interfaces(10)
10:10:22.066 INFO: JdwpDebugServer: handling req: ClassType(3).Superclass(1)
10:10:22.066 INFO: JdwpDebugServer: handling req: ReferenceType(2).FieldsWithGeneric(14)
10:10:22.067 INFO: JdwpDebugServer: handling req: ReferenceType(2).Interfaces(10)
10:10:22.067 INFO: JdwpDebugServer: handling req: ClassType(3).Superclass(1)
10:10:22.067 INFO: JdwpDebugServer: handling req: ObjectReference(9).GetValues(2)
10:10:22.069 INFO: JdwpDebugServer: handling req: ThreadReference(11).Status(4)
10:10:22.070 INFO: JdwpDebugServer: handling req: ThreadReference(11).Status(4)
10:10:22.070 INFO: JdwpDebugServer: handling req: ThreadReference(11).ThreadGroup(5)
10:10:22.070 INFO: JdwpDebugServer: handling req: ObjectReference(9).ReferenceType(1)
10:10:22.071 INFO: JdwpDebugServer: handling req: ObjectReference(9).GetValues(2)
10:10:22.075 INFO: JdwpDebugServer: handling req: ThreadReference(11).Status(4)
10:10:22.076 INFO: JdwpDebugServer: handling req: ThreadReference(11).Status(4)
10:10:22.077 INFO: JdwpDebugServer: handling req: ThreadReference(11).ThreadGroup(5)
10:10:22.079 INFO: JdwpDebugServer: handling req: ObjectReference(9).ReferenceType(1)
10:10:22.079 INFO: JdwpDebugServer: handling req: ObjectReference(9).GetValues(2)
10:10:22.081 INFO: JdwpDebugServer: handling req: ThreadReference(11).Status(4)
10:10:22.081 INFO: JdwpDebugServer: handling req: ThreadReference(11).Status(4)
10:10:22.082 INFO: JdwpDebugServer: handling req: ThreadReference(11).ThreadGroup(5)
10:10:22.083 INFO: JdwpDebugServer: handling req: ObjectReference(9).ReferenceType(1)
10:10:22.085 INFO: JdwpDebugServer: handling req: ObjectReference(9).GetValues(2)
10:10:22.087 INFO: JdwpDebugServer: handling req: ThreadReference(11).Status(4)
10:10:22.087 INFO: JdwpDebugServer: handling req: ThreadReference(11).Status(4)
10:10:22.089 INFO: JdwpDebugServer: handling req: EventRequest(15).Set(1)
10:10:22.090 INFO: JdwpEventCenterDelegate: jdwpSetEventRequest: JdwpEventRequest{requestId=104, eventKind=CLASS_PREPARE, suspendPolicy=EVENT_THREAD, predicates=[className=com.abdalla.bushnaq.pluvia.engine.AudioManager]}
10:10:22.093 INFO: JdwpDebugServer: handling req: EventRequest(15).Set(1)
10:10:22.093 INFO: JdwpEventCenterDelegate: jdwpSetEventRequest: JdwpEventRequest{requestId=105, eventKind=CLASS_PREPARE, suspendPolicy=EVENT_THREAD, predicates=[className=com.abdalla.bushnaq.pluvia.engine.AudioManager$*]}
10:10:22.096 INFO: JdwpDebugServer: handling req: VirtualMachine(1).ClassesBySignature(2)
10:10:22.096 INFO: JdwpDebugServer: handling req: ReferenceType(2).MethodsWithGeneric(15)
10:10:22.097 INFO: JdwpDebugServer: handling req: Method(6).LineTable(1)
10:10:22.097 INFO: JdwpDebugServer: handling req: Method(6).LineTable(1)
10:10:22.097 INFO: JdwpDebugServer: handling req: Method(6).LineTable(1)
10:10:22.098 INFO: JdwpDebugServer: handling req: Method(6).LineTable(1)
10:10:22.098 INFO: JdwpDebugServer: handling req: VirtualMachine(1).ClassesBySignature(2)
10:10:22.098 INFO: JdwpDebugServer: handling req: VirtualMachine(1).AllClassesWithGeneric(20)
10:10:22.117 INFO: JdwpDebugServer: handling req: VirtualMachine(1).capabilitiesNew(17)
10:10:22.121 INFO: JdwpDebugServer: handling req: EventRequest(15).Set(1)
10:10:22.121 INFO: JdwpEventCenterDelegate: jdwpSetEventRequest: JdwpEventRequest{requestId=106, eventKind=CLASS_PREPARE, suspendPolicy=EVENT_THREAD, predicates=[className=java.lang.Error]}
10:10:22.125 INFO: JdwpDebugServer: handling req: EventRequest(15).Set(1)
10:10:22.125 INFO: JdwpEventCenterDelegate: jdwpSetEventRequest: JdwpEventRequest{requestId=107, eventKind=CLASS_PREPARE, suspendPolicy=EVENT_THREAD, predicates=[className=java.lang.Error$*]}
10:10:22.127 INFO: JdwpDebugServer: handling req: VirtualMachine(1).ClassesBySignature(2)
10:10:22.127 INFO: JdwpDebugServer: handling req: EventRequest(15).Set(1)
10:10:22.127 INFO: JdwpEventCenterDelegate: jdwpSetEventRequest: JdwpEventRequest{requestId=108, eventKind=EXCEPTION, suspendPolicy=EVENT_THREAD, predicates=[exceptionType=3425(caught=true, uncaught=true)]}
10:10:22.130 INFO: JdwpDebugServer: handling req: EventRequest(15).Set(1)
10:10:22.130 INFO: JdwpEventCenterDelegate: jdwpSetEventRequest: JdwpEventRequest{requestId=109, eventKind=CLASS_PREPARE, suspendPolicy=EVENT_THREAD, predicates=[className=java.lang.Throwable]}
10:10:22.133 INFO: JdwpDebugServer: handling req: EventRequest(15).Set(1)
10:10:22.134 INFO: JdwpEventCenterDelegate: jdwpSetEventRequest: JdwpEventRequest{requestId=110, eventKind=CLASS_PREPARE, suspendPolicy=EVENT_THREAD, predicates=[className=java.lang.Throwable$*]}
10:10:22.135 INFO: JdwpDebugServer: handling req: VirtualMachine(1).ClassesBySignature(2)
10:10:22.135 INFO: JdwpDebugServer: handling req: EventRequest(15).Set(1)
10:10:22.135 INFO: JdwpEventCenterDelegate: jdwpSetEventRequest: JdwpEventRequest{requestId=111, eventKind=EXCEPTION, suspendPolicy=EVENT_THREAD, predicates=[exceptionType=7695(caught=false, uncaught=true)]}
10:10:22.136 INFO: JdwpDebugServer: handling req: ThreadReference(11).SuspendCount(12)
10:10:22.136 INFO: JdwpDebugServer: handling req: ThreadReference(11).SuspendCount(12)
10:10:22.136 INFO: JdwpDebugServer: handling req: ThreadReference(11).SuspendCount(12)
10:10:22.136 INFO: JdwpDebugServer: handling req: ThreadReference(11).SuspendCount(12)
10:10:22.137 INFO: JdwpDebugServer: handling req: VirtualMachine(1).AllThreads(4)
10:10:22.137 INFO: JdwpDebugServer: handling req: VirtualMachine(1).Resume(9)
10:10:22.181 INFO: JdwpEventCenterDelegate: THREAD_RESUMED: thread (33, main, main)
10:10:22.182 INFO: JdwpEventCenterDelegate: THREAD_RESUMED: thread (33, main, main)
10:10:22.183 INFO: JdwpEventCenterDelegate: THREAD_RESUMED: thread (33, main, main)
10:10:22.184 INFO: JdwpEventCenterDelegate: THREAD_RESUMED: thread (33, main, main)
10:10:22.186 INFO: JdwpEventCenterDelegate: THREAD_RESUMED: thread (33, main, main)
10:10:22.187 INFO: JdwpEventCenterDelegate: THREAD_RESUMED: thread (33, main, main)
10:10:22.189 INFO: JdwpEventCenterDelegate: THREAD_RESUMED: thread (33, main, main)
10:10:22.190 INFO: JdwpEventCenterDelegate: THREAD_RESUMED: thread (33, main, main)
10:10:22.191 INFO: JdwpEventCenterDelegate: THREAD_RESUMED: thread (33, main, main)
10:10:22.193 INFO: JdwpEventCenterDelegate: THREAD_RESUMED: thread (33, main, main)
10:10:22.194 INFO: JdwpEventCenterDelegate: THREAD_RESUMED: thread (33, main, main)
10:10:22.195 INFO: JdwpEventCenterDelegate: THREAD_RESUMED: thread (33, main, main)
10:10:22.197 INFO: JdwpEventCenterDelegate: THREAD_RESUMED: thread (33, main, main)
10:10:22.198 INFO: JdwpEventCenterDelegate: THREAD_RESUMED: thread (33, main, main)
10:10:22.199 INFO: JdwpEventCenterDelegate: THREAD_RESUMED: thread (33, main, main)
10:10:22.202 INFO: JdwpEventCenterDelegate: THREAD_RESUMED: thread (33, main, main)
10:10:22.203 INFO: JdwpEventCenterDelegate: THREAD_RESUMED: thread (33, main, main)
10:10:22.204 INFO: JdwpEventCenterDelegate: THREAD_RESUMED: thread (33, main, main)
10:10:22.209 INFO: JdwpEventCenterDelegate: THREAD_RESUMED: thread (33, main, main)
10:10:22.210 INFO: JdwpEventCenterDelegate: THREAD_RESUMED: thread (33, main, main)
10:10:22.212 INFO: JdwpEventCenterDelegate: THREAD_RESUMED: thread (33, main, main)
10:10:22.212 INFO: JdwpEventCenterDelegate: THREAD_RESUMED: thread (33, main, main)
10:10:22.214 INFO: JdwpEventCenterDelegate: THREAD_RESUMED: thread (33, main, main)
10:10:22.215 INFO: JdwpEventCenterDelegate: THREAD_RESUMED: thread (33, main, main)
10:10:22.216 INFO: JdwpEventCenterDelegate: THREAD_RESUMED: thread (33, main, main)
10:10:22.266 INFO: JdwpEventCenterDelegate: THREAD_RESUMED: thread (33, main, main)
10:10:22.267 INFO: JdwpEventCenterDelegate: THREAD_RESUMED: thread (33, main, main)
10:10:22.268 INFO: JdwpEventCenterDelegate: THREAD_RESUMED: thread (33, main, main)
10:10:22.270 INFO: JdwpEventCenterDelegate: THREAD_RESUMED: thread (33, main, main)
10:10:22.271 INFO: JdwpEventCenterDelegate: THREAD_RESUMED: thread (33, main, main)
10:10:22.274 INFO: JdwpEventCenterDelegate: THREAD_RESUMED: thread (33, main, main)
10:10:22.275 INFO: JdwpEventCenterDelegate: THREAD_RESUMED: thread (33, main, main)
10:10:22.282 INFO: JdwpEventCenterDelegate: THREAD_RESUMED: thread (33, main, main)
10:10:22.283 INFO: JdwpEventCenterDelegate: THREAD_RESUMED: thread (33, main, main)
10:10:22.284 INFO: JdwpEventCenterDelegate: THREAD_RESUMED: thread (33, main, main)
10:10:22.285 INFO: JdwpEventCenterDelegate: THREAD_RESUMED: thread (33, main, main)
10:10:22.286 INFO: JdwpEventCenterDelegate: THREAD_RESUMED: thread (33, main, main)
10:10:22.287 INFO: JdwpEventCenterDelegate: THREAD_RESUMED: thread (33, main, main)
10:10:22.288 INFO: JdwpEventCenterDelegate: THREAD_RESUMED: thread (33, main, main)
10:10:22.318 INFO: JdwpEventCenterDelegate: THREAD_RESUMED: thread (33, main, main)
10:10:22.319 INFO: JdwpEventCenterDelegate: THREAD_RESUMED: thread (33, main, main)
10:10:22.320 INFO: JdwpEventCenterDelegate: THREAD_RESUMED: thread (33, main, main)
10:10:22.322 INFO: JdwpEventCenterDelegate: THREAD_RESUMED: thread (33, main, main)
10:10:22.323 INFO: JdwpEventCenterDelegate: THREAD_RESUMED: thread (33, main, main)
10:10:22.324 INFO: JdwpEventCenterDelegate: THREAD_RESUMED: thread (33, main, main)
10:10:22.325 INFO: JdwpEventCenterDelegate: THREAD_RESUMED: thread (33, main, main)
10:10:22.340 INFO: JdwpEventCenterDelegate: THREAD_RESUMED: thread (33, main, main)
10:10:22.341 INFO: JdwpEventCenterDelegate: THREAD_RESUMED: thread (33, main, main)
10:10:22.342 INFO: JdwpEventCenterDelegate: THREAD_RESUMED: thread (33, main, main)
10:10:22.344 INFO: JdwpEventCenterDelegate: THREAD_RESUMED: thread (33, main, main)
10:10:22.345 INFO: JdwpEventCenterDelegate: THREAD_RESUMED: thread (33, main, main)
10:10:22.346 INFO: JdwpEventCenterDelegate: THREAD_RESUMED: thread (33, main, main)
10:10:22.347 INFO: JdwpEventCenterDelegate: THREAD_RESUMED: thread (33, main, main)
10:10:22.355 INFO: JdwpEventCenterDelegate: THREAD_RESUMED: thread (33, main, main)
10:10:22.356 INFO: JdwpEventCenterDelegate: THREAD_RESUMED: thread (33, main, main)
10:10:22.357 INFO: JdwpEventCenterDelegate: THREAD_RESUMED: thread (33, main, main)
10:10:22.358 INFO: JdwpEventCenterDelegate: THREAD_RESUMED: thread (33, main, main)
10:10:22.359 INFO: JdwpEventCenterDelegate: THREAD_RESUMED: thread (33, main, main)
10:10:22.361 INFO: JdwpEventCenterDelegate: THREAD_RESUMED: thread (33, main, main)
10:10:22.362 INFO: JdwpEventCenterDelegate: THREAD_RESUMED: thread (33, main, main)
10:10:22.371 INFO: JdwpEventCenterDelegate: THREAD_RESUMED: thread (33, main, main)
10:10:22.372 INFO: JdwpEventCenterDelegate: THREAD_RESUMED: thread (33, main, main)
10:10:22.375 INFO: JdwpEventCenterDelegate: THREAD_RESUMED: thread (33, main, main)
10:10:22.376 INFO: JdwpEventCenterDelegate: THREAD_RESUMED: thread (33, main, main)
10:10:22.377 INFO: JdwpEventCenterDelegate: THREAD_RESUMED: thread (33, main, main)
10:10:22.378 INFO: JdwpEventCenterDelegate: THREAD_RESUMED: thread (33, main, main)
10:10:22.379 INFO: JdwpEventCenterDelegate: THREAD_RESUMED: thread (33, main, main)
10:10:22.380 INFO: JdwpEventCenterDelegate: THREAD_RESUMED: thread (33, main, main)
10:10:22.381 INFO: JdwpEventCenterDelegate: THREAD_RESUMED: thread (33, main, main)
10:10:22.383 INFO: JdwpEventCenterDelegate: THREAD_RESUMED: thread (33, main, main)
10:10:22.384 INFO: JdwpEventCenterDelegate: THREAD_RESUMED: thread (33, main, main)
10:10:22.385 INFO: JdwpEventCenterDelegate: THREAD_RESUMED: thread (33, main, main)
10:10:22.387 INFO: JdwpEventCenterDelegate: THREAD_RESUMED: thread (33, main, main)
10:10:22.388 INFO: JdwpEventCenterDelegate: THREAD_RESUMED: thread (33, main, main)
10:10:22.389 INFO: JdwpEventCenterDelegate: THREAD_RESUMED: thread (33, main, main)
10:10:22.391 INFO: JdwpEventCenterDelegate: THREAD_RESUMED: thread (33, main, main)
10:10:22.392 INFO: JdwpEventCenterDelegate: THREAD_RESUMED: thread (33, main, main)
10:10:22.393 INFO: JdwpEventCenterDelegate: THREAD_RESUMED: thread (33, main, main)
10:10:22.398 INFO: JdwpEventCenterDelegate: THREAD_RESUMED: thread (33, main, main)
10:10:22.399 INFO: JdwpEventCenterDelegate: THREAD_RESUMED: thread (33, main, main)
10:10:22.612 INFO: JdwpEventCenterDelegate: THREAD_RESUMED: thread (33, main, main)
10:10:22.614 INFO: JdwpEventCenterDelegate: THREAD_RESUMED: thread (33, main, main)
10:10:22.627 INFO: JdwpEventCenterDelegate: THREAD_RESUMED: thread (33, main, main)
10:10:22.629 INFO: JdwpEventCenterDelegate: THREAD_RESUMED: thread (33, main, main)
10:10:22.630 INFO: JdwpEventCenterDelegate: THREAD_RESUMED: thread (33, main, main)
10:10:22.631 INFO: JdwpEventCenterDelegate: THREAD_RESUMED: thread (33, main, main)
10:10:22.635 INFO: JdwpEventCenterDelegate: THREAD_RESUMED: thread (33, main, main)
10:10:22.637 INFO: JdwpEventCenterDelegate: THREAD_RESUMED: thread (33, main, main)
10:10:22.639 INFO: JdwpEventCenterDelegate: THREAD_RESUMED: thread (33, main, main)
10:10:22.698 INFO: JdwpEventCenterDelegate: THREAD_RESUMED: thread (33, main, main)
10:10:22.886 INFO: JdwpEventCenterDelegate: THREAD_RESUMED: thread (33, main, main)
10:10:22.888 INFO: JdwpEventCenterDelegate: THREAD_RESUMED: thread (33, main, main)
10:10:22.890 INFO: JdwpEventCenterDelegate: THREAD_RESUMED: thread (33, main, main)
10:10:22.895 INFO: JdwpEventCenterDelegate: THREAD_RESUMED: thread (33, main, main)
10:10:22.897 INFO: JdwpEventCenterDelegate: THREAD_RESUMED: thread (33, main, main)
10:10:22.900 INFO: JdwpEventCenterDelegate: THREAD_RESUMED: thread (33, main, main)
10:10:22.906 INFO: JdwpEventCenterDelegate: THREAD_RESUMED: thread (33, main, main)
10:10:22.908 INFO: JdwpEventCenterDelegate: THREAD_RESUMED: thread (33, main, main)
10:10:22.910 INFO: JdwpEventCenterDelegate: THREAD_RESUMED: thread (33, main, main)
10:10:22.912 INFO: JdwpEventCenterDelegate: THREAD_RESUMED: thread (33, main, main)
10:10:22.914 INFO: JdwpEventCenterDelegate: THREAD_RESUMED: thread (33, main, main)
10:10:22.916 INFO: JdwpEventCenterDelegate: THREAD_RESUMED: thread (33, main, main)
10:10:22.919 INFO: JdwpEventCenterDelegate: THREAD_RESUMED: thread (33, main, main)
10:10:22.936 INFO: JdwpEventCenterDelegate: THREAD_RESUMED: thread (33, main, main)
10:10:22.952 INFO: JdwpEventCenterDelegate: THREAD_RESUMED: thread (33, main, main)
10:10:22.966 INFO: JdwpEventCenterDelegate: THREAD_RESUMED: thread (33, main, main)
10:10:22.978 INFO: JdwpEventCenterDelegate: THREAD_RESUMED: thread (33, main, main)
10:10:22.994 INFO: JdwpEventCenterDelegate: THREAD_RESUMED: thread (33, main, main)
10:10:23.018 INFO: JdwpEventCenterDelegate: THREAD_RESUMED: thread (33, main, main)
10:10:23.024 INFO: JdwpEventCenterDelegate: THREAD_RESUMED: thread (33, main, main)
10:10:23.029 INFO: JdwpEventCenterDelegate: THREAD_RESUMED: thread (33, main, main)
10:10:23.035 INFO: JdwpEventCenterDelegate: THREAD_RESUMED: thread (33, main, main)
10:10:23.040 INFO: JdwpEventCenterDelegate: THREAD_RESUMED: thread (33, main, main)
10:10:23.045 INFO: JdwpEventCenterDelegate: THREAD_RESUMED: thread (33, main, main)
10:10:23.055 INFO: JdwpEventCenterDelegate: THREAD_RESUMED: thread (33, main, main)
10:10:23.060 INFO: JdwpEventCenterDelegate: THREAD_RESUMED: thread (33, main, main)
10:10:23.066 INFO: JdwpEventCenterDelegate: THREAD_RESUMED: thread (33, main, main)
10:10:23.072 INFO: JdwpEventCenterDelegate: THREAD_RESUMED: thread (33, main, main)
10:10:23.077 INFO: JdwpEventCenterDelegate: THREAD_RESUMED: thread (33, main, main)
10:10:23.083 INFO: JdwpEventCenterDelegate: THREAD_RESUMED: thread (33, main, main)
10:10:23.089 INFO: JdwpEventCenterDelegate: THREAD_RESUMED: thread (33, main, main)
10:10:23.091 INFO: JdwpEventCenterDelegate: THREAD_RESUMED: thread (33, main, main)
10:10:23.093 INFO: JdwpEventCenterDelegate: THREAD_RESUMED: thread (33, main, main)
10:10:23.095 INFO: JdwpEventCenterDelegate: THREAD_RESUMED: thread (33, main, main)
10:10:23.097 INFO: JdwpEventCenterDelegate: THREAD_RESUMED: thread (33, main, main)
10:10:23.100 INFO: JdwpEventCenterDelegate: THREAD_RESUMED: thread (33, main, main)
10:10:23.103 INFO: JdwpEventCenterDelegate: THREAD_RESUMED: thread (33, main, main)
10:10:23.105 INFO: JdwpEventCenterDelegate: THREAD_RESUMED: thread (33, main, main)
10:10:23.106 INFO: JdwpEventCenterDelegate: THREAD_RESUMED: thread (33, main, main)
10:10:23.108 INFO: JdwpEventCenterDelegate: THREAD_RESUMED: thread (33, main, main)
10:10:23.110 INFO: JdwpEventCenterDelegate: THREAD_RESUMED: thread (33, main, main)
10:10:23.113 INFO: JdwpEventCenterDelegate: THREAD_RESUMED: thread (33, main, main)
10:10:23.114 INFO: JdwpEventCenterDelegate: THREAD_RESUMED: thread (33, main, main)
10:10:23.116 INFO: JdwpEventCenterDelegate: THREAD_RESUMED: thread (33, main, main)
10:10:23.117 INFO: JdwpEventCenterDelegate: THREAD_RESUMED: thread (33, main, main)
10:10:23.119 INFO: JdwpEventCenterDelegate: THREAD_RESUMED: thread (33, main, main)
10:10:23.122 INFO: JdwpEventCenterDelegate: THREAD_RESUMED: thread (33, main, main)
10:10:23.124 INFO: JdwpEventCenterDelegate: THREAD_RESUMED: thread (33, main, main)
10:10:23.125 INFO: JdwpEventCenterDelegate: THREAD_RESUMED: thread (33, main, main)
10:10:23.127 INFO: JdwpEventCenterDelegate: THREAD_RESUMED: thread (33, main, main)
10:10:23.130 INFO: JdwpEventCenterDelegate: THREAD_RESUMED: thread (33, main, main)
10:10:23.132 INFO: JdwpEventCenterDelegate: THREAD_RESUMED: thread (33, main, main)
10:10:23.134 INFO: JdwpEventCenterDelegate: THREAD_RESUMED: thread (33, main, main)
10:10:23.136 INFO: JdwpEventCenterDelegate: THREAD_RESUMED: thread (33, main, main)
10:10:23.137 INFO: JdwpEventCenterDelegate: THREAD_RESUMED: thread (33, main, main)
10:10:23.139 INFO: JdwpEventCenterDelegate: THREAD_RESUMED: thread (33, main, main)
10:10:23.140 INFO: JdwpEventCenterDelegate: THREAD_RESUMED: thread (33, main, main)
10:10:23.142 INFO: JdwpEventCenterDelegate: THREAD_RESUMED: thread (33, main, main)
10:10:23.143 INFO: JdwpEventCenterDelegate: THREAD_RESUMED: thread (33, main, main)
10:10:23.145 INFO: JdwpEventCenterDelegate: THREAD_RESUMED: thread (33, main, main)
10:10:23.147 INFO: JdwpEventCenterDelegate: THREAD_RESUMED: thread (33, main, main)
10:10:23.148 INFO: JdwpEventCenterDelegate: THREAD_RESUMED: thread (33, main, main)
10:10:23.150 INFO: JdwpEventCenterDelegate: THREAD_RESUMED: thread (33, main, main)
10:10:23.151 INFO: JdwpEventCenterDelegate: THREAD_RESUMED: thread (33, main, main)
10:10:23.153 INFO: JdwpEventCenterDelegate: THREAD_RESUMED: thread (33, main, main)
10:10:23.154 INFO: JdwpEventCenterDelegate: THREAD_RESUMED: thread (33, main, main)
10:10:23.156 INFO: JdwpEventCenterDelegate: THREAD_RESUMED: thread (33, main, main)
10:10:23.158 INFO: JdwpEventCenterDelegate: THREAD_RESUMED: thread (33, main, main)
10:10:23.159 INFO: JdwpEventCenterDelegate: THREAD_RESUMED: thread (33, main, main)
10:10:23.161 INFO: JdwpEventCenterDelegate: THREAD_RESUMED: thread (33, main, main)
10:10:23.165 INFO: JdwpEventCenterDelegate: THREAD_RESUMED: thread (33, main, main)
10:10:23.166 INFO: JdwpEventCenterDelegate: THREAD_RESUMED: thread (33, main, main)
10:10:23.172 INFO: JdwpEventCenterDelegate: THREAD_RESUMED: thread (33, main, main)
10:10:23.174 INFO: JdwpEventCenterDelegate: THREAD_RESUMED: thread (33, main, main)
10:10:23.175 INFO: JdwpEventCenterDelegate: THREAD_RESUMED: thread (33, main, main)
10:10:23.176 INFO: JdwpEventCenterDelegate: THREAD_RESUMED: thread (33, main, main)
10:10:23.178 INFO: JdwpEventCenterDelegate: THREAD_RESUMED: thread (33, main, main)
10:10:23.180 INFO: JdwpEventCenterDelegate: THREAD_RESUMED: thread (33, main, main)
10:10:23.181 INFO: JdwpEventCenterDelegate: THREAD_RESUMED: thread (33, main, main)
10:10:23.183 INFO: JdwpEventCenterDelegate: THREAD_RESUMED: thread (33, main, main)
10:10:23.185 INFO: JdwpEventCenterDelegate: THREAD_RESUMED: thread (33, main, main)
10:10:23.187 INFO: JdwpEventCenterDelegate: THREAD_RESUMED: thread (33, main, main)
10:10:23.189 INFO: JdwpEventCenterDelegate: THREAD_RESUMED: thread (33, main, main)
10:10:23.190 INFO: JdwpEventCenterDelegate: THREAD_RESUMED: thread (33, main, main)
10:10:23.384 INFO: JdwpDebugServer: handling req: ThreadReference(11).Resume(3)
10:10:23.386 INFO: JdwpEventCenterDelegate: THREAD_RESUMED: thread (33, main, main)
10:10:23.408 INFO: JdwpEventCenterDelegate: THREAD_RESUMED: thread (33, main, main)
10:10:23.446 INFO: JdwpEventCenterDelegate: THREAD_RESUMED: thread (33, main, main)
10:10:23.447 INFO: JdwpEventCenterDelegate: THREAD_RESUMED: thread (33, main, main)
10:10:23.448 INFO: JdwpEventCenterDelegate: THREAD_RESUMED: thread (33, main, main)
10:10:23.450 INFO: JdwpEventCenterDelegate: THREAD_RESUMED: thread (33, main, main)
10:10:23.599 INFO: JdwpEventCenterDelegate: THREAD_RESUMED: thread (33, main, main)
10:10:23.601 INFO: JdwpEventCenterDelegate: THREAD_RESUMED: thread (33, main, main)
10:10:23.636 INFO: JdwpEventCenterDelegate: THREAD_RESUMED: thread (33, main, main)
10:10:23.637 INFO: JdwpEventCenterDelegate: THREAD_RESUMED: thread (33, main, main)
10:10:23.647 INFO: JdwpEventCenterDelegate: THREAD_RESUMED: thread (33, main, main)
10:10:23.648 INFO: JdwpEventCenterDelegate: THREAD_RESUMED: thread (33, main, main)
10:10:23.650 INFO: JdwpEventCenterDelegate: THREAD_RESUMED: thread (33, main, main)
10:10:23.652 INFO: JdwpEventCenterDelegate: THREAD_RESUMED: thread (33, main, main)
10:10:23.656 INFO: JdwpEventCenterDelegate: THREAD_RESUMED: thread (33, main, main)
10:10:23.658 INFO: JdwpEventCenterDelegate: THREAD_RESUMED: thread (33, main, main)
10:10:30.453 INFO: JdwpEventCenterDelegate: THREAD_RESUMED: thread (33, main, main)
10:10:30.456 INFO: JdwpEventCenterDelegate: THREAD_RESUMED: thread (33, main, main)
10:10:52.225 INFO: JdwpDebugServer: handling req: VirtualMachine(1).Exit(10)
10:10:52.225 SEVERE: Debugger: Thread JDWP server socket thread crashed
org.robovm.debugger.DebuggerException: Terminating due exit command
	at org.robovm.debugger.jdwp.JdwpDebugServer.doSocketWork(JdwpDebugServer.java:211)
	at java.base/java.lang.Thread.run(Thread.java:833)
	at org.robovm.debugger.utils.DebuggerThread.run(DebuggerThread.java:42)
10:10:52.738 SEVERE: Debugger: Thread HooksChannel socket thread crashed
org.robovm.debugger.DebuggerException: java.io.IOException: org.robovm.libimobiledevice.LibIMobileDeviceException: IDEVICE_E_UNKNOWN_ERROR
	at org.robovm.debugger.hooks.HooksChannel.doSocketWork(HooksChannel.java:149)
	at java.base/java.lang.Thread.run(Thread.java:833)
	at org.robovm.debugger.utils.DebuggerThread.run(DebuggerThread.java:42)
Caused by: java.io.IOException: org.robovm.libimobiledevice.LibIMobileDeviceException: IDEVICE_E_UNKNOWN_ERROR
	at org.robovm.libimobiledevice.IDeviceConnection$DeviceInputStream.read(IDeviceConnection.java:203)
	at org.robovm.debugger.utils.bytebuffer.DataBufferWriter.writeFromStream(DataBufferWriter.java:89)
	at org.robovm.debugger.hooks.HooksChannel.doSocketWork(HooksChannel.java:116)
	... 2 more
Caused by: org.robovm.libimobiledevice.LibIMobileDeviceException: IDEVICE_E_UNKNOWN_ERROR
	at org.robovm.libimobiledevice.IDevice.checkResult(IDevice.java:206)
	at org.robovm.libimobiledevice.IDeviceConnection.receive(IDeviceConnection.java:110)
	at org.robovm.libimobiledevice.IDeviceConnection.receive(IDeviceConnection.java:81)
	at org.robovm.libimobiledevice.IDeviceConnection$DeviceInputStream.read(IDeviceConnection.java:201)
	... 4 more
