12:55:43.987 INFO: JdwpEventCenterDelegate: THREAD_STARTED: thread (33, main, main)
12:55:44.063 INFO: JdwpEventCenterDelegate: THREAD_STARTED: thread (48, ReferenceQueueDaemon, main)
12:55:44.064 INFO: JdwpEventCenterDelegate: THREAD_STARTED: thread (63, FinalizerDaemon, main)
12:55:44.064 INFO: JdwpEventCenterDelegate: THREAD_STARTED: thread (78, FinalizerWatchdogDaemon, main)
12:55:45.466 INFO: JdwpDebugServer: handling req: VirtualMachine(1).IDSizes(7)
12:55:45.468 INFO: JdwpDebugServer: handling req: EventRequest(15).Set(1)
12:55:45.469 INFO: JdwpEventCenterDelegate: jdwpSetEventRequest: JdwpEventRequest{requestId=100, eventKind=CLASS_UNLOAD, suspendPolicy=NONE, predicates=[]}
12:55:45.469 INFO: JdwpDebugServer: handling req: EventRequest(15).Set(1)
12:55:45.469 INFO: JdwpEventCenterDelegate: jdwpSetEventRequest: JdwpEventRequest{requestId=101, eventKind=THREAD_START, suspendPolicy=NONE, predicates=[]}
12:55:45.470 INFO: JdwpDebugServer: handling req: VirtualMachine(1).ClassesBySignature(2)
12:55:45.473 INFO: JdwpDebugServer: handling req: VirtualMachine(1).Version(1)
12:55:45.474 INFO: JdwpDebugServer: handling req: ReferenceType(2).MethodsWithGeneric(15)
12:55:45.476 INFO: JdwpDebugServer: handling req: Method(6).LineTable(1)
12:55:45.477 INFO: JdwpDebugServer: handling req: EventRequest(15).Set(1)
12:55:45.478 INFO: JdwpEventCenterDelegate: jdwpSetEventRequest: JdwpEventRequest{requestId=102, eventKind=BREAKPOINT, suspendPolicy=NONE, predicates=[Location{classId=845, methodId=257, index=928} ]}
12:55:45.479 INFO: JdwpDebugServer: handling req: EventRequest(15).Set(1)
12:55:45.479 INFO: JdwpEventCenterDelegate: jdwpSetEventRequest: JdwpEventRequest{requestId=103, eventKind=THREAD_DEATH, suspendPolicy=NONE, predicates=[]}
12:55:45.479 INFO: JdwpDebugServer: handling req: VirtualMachine(1).AllThreads(4)
12:55:45.480 INFO: JdwpDebugServer: handling req: ThreadReference(11).ThreadGroup(5)
12:55:45.480 INFO: JdwpDebugServer: handling req: ThreadGroup(12).Name(1)
12:55:45.480 INFO: JdwpDebugServer: handling req: ThreadGroup(12).Parent(2)
12:55:45.481 INFO: JdwpDebugServer: handling req: ObjectReference(9).ReferenceType(1)
12:55:45.481 INFO: JdwpDebugServer: handling req: ReferenceType(2).FieldsWithGeneric(14)
12:55:45.482 INFO: JdwpDebugServer: handling req: ReferenceType(2).Interfaces(10)
12:55:45.482 INFO: JdwpDebugServer: handling req: ReferenceType(2).FieldsWithGeneric(14)
12:55:45.483 INFO: JdwpDebugServer: handling req: ReferenceType(2).Interfaces(10)
12:55:45.483 INFO: JdwpDebugServer: handling req: ClassType(3).Superclass(1)
12:55:45.484 INFO: JdwpDebugServer: handling req: ReferenceType(2).FieldsWithGeneric(14)
12:55:45.484 INFO: JdwpDebugServer: handling req: ReferenceType(2).Interfaces(10)
12:55:45.484 INFO: JdwpDebugServer: handling req: ClassType(3).Superclass(1)
12:55:45.485 INFO: JdwpDebugServer: handling req: ObjectReference(9).GetValues(2)
12:55:45.485 INFO: JdwpDebugServer: handling req: ThreadReference(11).Status(4)
12:55:45.486 INFO: JdwpDebugServer: handling req: ThreadReference(11).Status(4)
12:55:45.486 INFO: JdwpDebugServer: handling req: ThreadReference(11).ThreadGroup(5)
12:55:45.486 INFO: JdwpDebugServer: handling req: ObjectReference(9).ReferenceType(1)
12:55:45.486 INFO: JdwpDebugServer: handling req: ObjectReference(9).GetValues(2)
12:55:45.487 INFO: JdwpDebugServer: handling req: ThreadReference(11).Status(4)
12:55:45.487 INFO: JdwpDebugServer: handling req: ThreadReference(11).Status(4)
12:55:45.487 INFO: JdwpDebugServer: handling req: ThreadReference(11).ThreadGroup(5)
12:55:45.488 INFO: JdwpDebugServer: handling req: ObjectReference(9).ReferenceType(1)
12:55:45.488 INFO: JdwpDebugServer: handling req: ObjectReference(9).GetValues(2)
12:55:45.488 INFO: JdwpDebugServer: handling req: ThreadReference(11).Status(4)
12:55:45.488 INFO: JdwpDebugServer: handling req: ThreadReference(11).Status(4)
12:55:45.489 INFO: JdwpDebugServer: handling req: ThreadReference(11).ThreadGroup(5)
12:55:45.489 INFO: JdwpDebugServer: handling req: ObjectReference(9).ReferenceType(1)
12:55:45.489 INFO: JdwpDebugServer: handling req: ObjectReference(9).GetValues(2)
12:55:45.489 INFO: JdwpDebugServer: handling req: ThreadReference(11).Status(4)
12:55:45.490 INFO: JdwpDebugServer: handling req: ThreadReference(11).Status(4)
12:55:45.492 INFO: JdwpDebugServer: handling req: EventRequest(15).Set(1)
12:55:45.492 INFO: JdwpEventCenterDelegate: jdwpSetEventRequest: JdwpEventRequest{requestId=104, eventKind=CLASS_PREPARE, suspendPolicy=EVENT_THREAD, predicates=[className=java.lang.Throwable]}
12:55:45.498 INFO: JdwpDebugServer: handling req: EventRequest(15).Set(1)
12:55:45.498 INFO: JdwpEventCenterDelegate: jdwpSetEventRequest: JdwpEventRequest{requestId=105, eventKind=CLASS_PREPARE, suspendPolicy=EVENT_THREAD, predicates=[className=java.lang.Throwable$*]}
12:55:45.499 INFO: JdwpDebugServer: handling req: VirtualMachine(1).ClassesBySignature(2)
12:55:45.500 INFO: JdwpDebugServer: handling req: ReferenceType(2).MethodsWithGeneric(15)
12:55:45.501 INFO: JdwpDebugServer: handling req: Method(6).LineTable(1)
12:55:45.501 INFO: JdwpDebugServer: handling req: Method(6).LineTable(1)
12:55:45.501 INFO: JdwpDebugServer: handling req: Method(6).LineTable(1)
12:55:45.502 INFO: JdwpDebugServer: handling req: Method(6).LineTable(1)
12:55:45.502 INFO: JdwpDebugServer: handling req: Method(6).LineTable(1)
12:55:45.502 INFO: JdwpDebugServer: handling req: Method(6).LineTable(1)
12:55:45.502 INFO: JdwpDebugServer: handling req: Method(6).LineTable(1)
12:55:45.502 INFO: JdwpDebugServer: handling req: Method(6).LineTable(1)
12:55:45.502 INFO: JdwpDebugServer: handling req: Method(6).LineTable(1)
12:55:45.503 INFO: JdwpDebugServer: handling req: Method(6).LineTable(1)
12:55:45.503 INFO: JdwpDebugServer: handling req: Method(6).LineTable(1)
12:55:45.503 INFO: JdwpDebugServer: handling req: Method(6).LineTable(1)
12:55:45.503 INFO: JdwpDebugServer: handling req: Method(6).LineTable(1)
12:55:45.503 INFO: JdwpDebugServer: handling req: Method(6).LineTable(1)
12:55:45.503 INFO: JdwpDebugServer: handling req: Method(6).LineTable(1)
12:55:45.504 INFO: JdwpDebugServer: handling req: Method(6).LineTable(1)
12:55:45.504 INFO: JdwpDebugServer: handling req: Method(6).LineTable(1)
12:55:45.504 INFO: JdwpDebugServer: handling req: Method(6).LineTable(1)
12:55:45.504 INFO: JdwpDebugServer: handling req: Method(6).LineTable(1)
12:55:45.504 INFO: JdwpDebugServer: handling req: Method(6).LineTable(1)
12:55:45.504 INFO: JdwpDebugServer: handling req: Method(6).LineTable(1)
12:55:45.505 INFO: JdwpDebugServer: handling req: Method(6).LineTable(1)
12:55:45.505 INFO: JdwpDebugServer: handling req: Method(6).LineTable(1)
12:55:45.505 INFO: JdwpDebugServer: handling req: Method(6).LineTable(1)
12:55:45.505 INFO: JdwpDebugServer: handling req: VirtualMachine(1).ClassesBySignature(2)
12:55:45.505 INFO: JdwpDebugServer: handling req: VirtualMachine(1).AllClassesWithGeneric(20)
12:55:45.520 INFO: JdwpDebugServer: handling req: EventRequest(15).Set(1)
12:55:45.520 INFO: JdwpEventCenterDelegate: jdwpSetEventRequest: JdwpEventRequest{requestId=106, eventKind=CLASS_PREPARE, suspendPolicy=EVENT_THREAD, predicates=[className=com.badlogic.gdx.utils.ScreenUtils]}
12:55:45.521 INFO: JdwpDebugServer: handling req: EventRequest(15).Set(1)
12:55:45.521 INFO: JdwpEventCenterDelegate: jdwpSetEventRequest: JdwpEventRequest{requestId=107, eventKind=CLASS_PREPARE, suspendPolicy=EVENT_THREAD, predicates=[className=com.badlogic.gdx.utils.ScreenUtils$*]}
12:55:45.522 INFO: JdwpDebugServer: handling req: VirtualMachine(1).ClassesBySignature(2)
12:55:45.522 INFO: JdwpDebugServer: handling req: ReferenceType(2).MethodsWithGeneric(15)
12:55:45.523 INFO: JdwpDebugServer: handling req: Method(6).LineTable(1)
12:55:45.523 INFO: JdwpDebugServer: handling req: Method(6).LineTable(1)
12:55:45.523 INFO: JdwpDebugServer: handling req: Method(6).LineTable(1)
12:55:45.523 INFO: JdwpDebugServer: handling req: Method(6).LineTable(1)
12:55:45.523 INFO: JdwpDebugServer: handling req: Method(6).LineTable(1)
12:55:45.523 INFO: JdwpDebugServer: handling req: Method(6).LineTable(1)
12:55:45.524 INFO: JdwpDebugServer: handling req: Method(6).LineTable(1)
12:55:45.524 INFO: JdwpDebugServer: handling req: Method(6).LineTable(1)
12:55:45.524 INFO: JdwpDebugServer: handling req: Method(6).LineTable(1)
12:55:45.524 INFO: JdwpDebugServer: handling req: Method(6).LineTable(1)
12:55:45.525 INFO: JdwpDebugServer: handling req: EventRequest(15).Set(1)
12:55:45.525 INFO: JdwpEventCenterDelegate: jdwpSetEventRequest: JdwpEventRequest{requestId=108, eventKind=BREAKPOINT, suspendPolicy=EVENT_THREAD, predicates=[Location{classId=22230, methodId=1272, index=89} ]}
12:55:45.527 INFO: JdwpDebugServer: handling req: EventRequest(15).Set(1)
12:55:45.527 INFO: JdwpEventCenterDelegate: jdwpSetEventRequest: JdwpEventRequest{requestId=109, eventKind=CLASS_PREPARE, suspendPolicy=EVENT_THREAD, predicates=[className=com.badlogic.gdx.utils.ScreenUtils]}
12:55:45.528 INFO: JdwpDebugServer: handling req: EventRequest(15).Set(1)
12:55:45.528 INFO: JdwpEventCenterDelegate: jdwpSetEventRequest: JdwpEventRequest{requestId=110, eventKind=CLASS_PREPARE, suspendPolicy=EVENT_THREAD, predicates=[className=com.badlogic.gdx.utils.ScreenUtils$*]}
12:55:45.528 INFO: JdwpDebugServer: handling req: VirtualMachine(1).ClassesBySignature(2)
12:55:45.529 INFO: JdwpDebugServer: handling req: EventRequest(15).Set(1)
12:55:45.529 INFO: JdwpEventCenterDelegate: jdwpSetEventRequest: JdwpEventRequest{requestId=111, eventKind=BREAKPOINT, suspendPolicy=EVENT_THREAD, predicates=[Location{classId=22230, methodId=1267, index=72} ]}
12:55:45.529 INFO: JdwpDebugServer: handling req: EventRequest(15).Set(1)
12:55:45.529 INFO: JdwpEventCenterDelegate: jdwpSetEventRequest: JdwpEventRequest{requestId=112, eventKind=CLASS_PREPARE, suspendPolicy=EVENT_THREAD, predicates=[className=com.abdalla.bushnaq.pluvia.engine.GameEngine]}
12:55:45.530 INFO: JdwpDebugServer: handling req: EventRequest(15).Set(1)
12:55:45.530 INFO: JdwpEventCenterDelegate: jdwpSetEventRequest: JdwpEventRequest{requestId=113, eventKind=CLASS_PREPARE, suspendPolicy=EVENT_THREAD, predicates=[className=com.abdalla.bushnaq.pluvia.engine.GameEngine$*]}
12:55:45.531 INFO: JdwpDebugServer: handling req: VirtualMachine(1).ClassesBySignature(2)
12:55:45.532 INFO: JdwpDebugServer: handling req: ReferenceType(2).MethodsWithGeneric(15)
12:55:45.532 INFO: JdwpDebugServer: handling req: Method(6).LineTable(1)
12:55:45.532 INFO: JdwpDebugServer: handling req: Method(6).LineTable(1)
12:55:45.532 INFO: JdwpDebugServer: handling req: Method(6).LineTable(1)
12:55:45.532 INFO: JdwpDebugServer: handling req: Method(6).LineTable(1)
12:55:45.532 INFO: JdwpDebugServer: handling req: Method(6).LineTable(1)
12:55:45.532 INFO: JdwpDebugServer: handling req: Method(6).LineTable(1)
12:55:45.533 INFO: JdwpDebugServer: handling req: Method(6).LineTable(1)
12:55:45.533 INFO: JdwpDebugServer: handling req: Method(6).LineTable(1)
12:55:45.533 INFO: JdwpDebugServer: handling req: Method(6).LineTable(1)
12:55:45.533 INFO: JdwpDebugServer: handling req: Method(6).LineTable(1)
12:55:45.533 INFO: JdwpDebugServer: handling req: Method(6).LineTable(1)
12:55:45.533 INFO: JdwpDebugServer: handling req: Method(6).LineTable(1)
12:55:45.533 INFO: JdwpDebugServer: handling req: Method(6).LineTable(1)
12:55:45.533 INFO: JdwpDebugServer: handling req: Method(6).LineTable(1)
12:55:45.533 INFO: JdwpDebugServer: handling req: Method(6).LineTable(1)
12:55:45.533 INFO: JdwpDebugServer: handling req: Method(6).LineTable(1)
12:55:45.534 INFO: JdwpDebugServer: handling req: Method(6).LineTable(1)
12:55:45.534 INFO: JdwpDebugServer: handling req: Method(6).LineTable(1)
12:55:45.534 INFO: JdwpDebugServer: handling req: Method(6).LineTable(1)
12:55:45.534 INFO: JdwpDebugServer: handling req: Method(6).LineTable(1)
12:55:45.534 INFO: JdwpDebugServer: handling req: Method(6).LineTable(1)
12:55:45.534 INFO: JdwpDebugServer: handling req: Method(6).LineTable(1)
12:55:45.534 INFO: JdwpDebugServer: handling req: Method(6).LineTable(1)
12:55:45.534 INFO: JdwpDebugServer: handling req: Method(6).LineTable(1)
12:55:45.534 INFO: JdwpDebugServer: handling req: Method(6).LineTable(1)
12:55:45.535 INFO: JdwpDebugServer: handling req: Method(6).LineTable(1)
12:55:45.535 INFO: JdwpDebugServer: handling req: Method(6).LineTable(1)
12:55:45.535 INFO: JdwpDebugServer: handling req: Method(6).LineTable(1)
12:55:45.535 INFO: JdwpDebugServer: handling req: Method(6).LineTable(1)
12:55:45.535 INFO: JdwpDebugServer: handling req: Method(6).LineTable(1)
12:55:45.535 INFO: JdwpDebugServer: handling req: Method(6).LineTable(1)
12:55:45.535 INFO: JdwpDebugServer: handling req: Method(6).LineTable(1)
12:55:45.536 INFO: JdwpDebugServer: handling req: EventRequest(15).Set(1)
12:55:45.536 INFO: JdwpEventCenterDelegate: jdwpSetEventRequest: JdwpEventRequest{requestId=114, eventKind=BREAKPOINT, suspendPolicy=EVENT_THREAD, predicates=[Location{classId=16855, methodId=1297, index=100} ]}
12:55:45.537 INFO: JdwpDebugServer: handling req: EventRequest(15).Set(1)
12:55:45.537 INFO: JdwpEventCenterDelegate: jdwpSetEventRequest: JdwpEventRequest{requestId=115, eventKind=CLASS_PREPARE, suspendPolicy=EVENT_THREAD, predicates=[className=com.abdalla.bushnaq.pluvia.launcher.IOSLauncher$PreLauncher]}
12:55:45.537 INFO: JdwpDebugServer: handling req: EventRequest(15).Set(1)
12:55:45.537 INFO: JdwpEventCenterDelegate: jdwpSetEventRequest: JdwpEventRequest{requestId=116, eventKind=CLASS_PREPARE, suspendPolicy=EVENT_THREAD, predicates=[className!=com.abdalla.bushnaq.pluvia.launcher.IOSLauncher$PreLauncher, className=com.abdalla.bushnaq.pluvia.launcher.IOSLauncher$*]}
12:55:45.538 INFO: JdwpDebugServer: handling req: VirtualMachine(1).ClassesBySignature(2)
12:55:45.538 INFO: JdwpDebugServer: handling req: VirtualMachine(1).ClassesBySignature(2)
12:55:45.539 INFO: JdwpDebugServer: handling req: VirtualMachine(1).AllClassesWithGeneric(20)
12:55:45.548 INFO: JdwpDebugServer: handling req: EventRequest(15).Set(1)
12:55:45.548 INFO: JdwpEventCenterDelegate: jdwpSetEventRequest: JdwpEventRequest{requestId=117, eventKind=CLASS_PREPARE, suspendPolicy=EVENT_THREAD, predicates=[className=com.abdalla.bushnaq.pluvia.launcher.IOSLauncher]}
12:55:45.550 INFO: JdwpDebugServer: handling req: EventRequest(15).Set(1)
12:55:45.550 INFO: JdwpEventCenterDelegate: jdwpSetEventRequest: JdwpEventRequest{requestId=118, eventKind=CLASS_PREPARE, suspendPolicy=EVENT_THREAD, predicates=[className=com.abdalla.bushnaq.pluvia.launcher.IOSLauncher$*]}
12:55:45.551 INFO: JdwpDebugServer: handling req: VirtualMachine(1).ClassesBySignature(2)
12:55:45.551 INFO: JdwpDebugServer: handling req: ReferenceType(2).MethodsWithGeneric(15)
12:55:45.552 INFO: JdwpDebugServer: handling req: Method(6).LineTable(1)
12:55:45.552 INFO: JdwpDebugServer: handling req: Method(6).LineTable(1)
12:55:45.552 INFO: JdwpDebugServer: handling req: Method(6).LineTable(1)
12:55:45.552 INFO: JdwpDebugServer: handling req: EventRequest(15).Set(1)
12:55:45.552 INFO: JdwpEventCenterDelegate: jdwpSetEventRequest: JdwpEventRequest{requestId=119, eventKind=BREAKPOINT, suspendPolicy=EVENT_THREAD, predicates=[Location{classId=12880, methodId=1462, index=86} ]}
12:55:45.553 INFO: JdwpDebugServer: handling req: EventRequest(15).Set(1)
12:55:45.553 INFO: JdwpEventCenterDelegate: jdwpSetEventRequest: JdwpEventRequest{requestId=120, eventKind=CLASS_PREPARE, suspendPolicy=EVENT_THREAD, predicates=[className=com.abdalla.bushnaq.pluvia.launcher.IOSLauncher$PreLauncher]}
12:55:45.554 INFO: JdwpDebugServer: handling req: EventRequest(15).Set(1)
12:55:45.554 INFO: JdwpEventCenterDelegate: jdwpSetEventRequest: JdwpEventRequest{requestId=121, eventKind=CLASS_PREPARE, suspendPolicy=EVENT_THREAD, predicates=[className!=com.abdalla.bushnaq.pluvia.launcher.IOSLauncher$PreLauncher, className=com.abdalla.bushnaq.pluvia.launcher.IOSLauncher$*]}
12:55:45.554 INFO: JdwpDebugServer: handling req: VirtualMachine(1).ClassesBySignature(2)
12:55:45.555 INFO: JdwpDebugServer: handling req: VirtualMachine(1).ClassesBySignature(2)
12:55:45.555 INFO: JdwpDebugServer: handling req: VirtualMachine(1).AllClassesWithGeneric(20)
12:55:45.562 INFO: JdwpDebugServer: handling req: VirtualMachine(1).capabilitiesNew(17)
12:55:45.566 INFO: JdwpDebugServer: handling req: EventRequest(15).Set(1)
12:55:45.566 INFO: JdwpEventCenterDelegate: jdwpSetEventRequest: JdwpEventRequest{requestId=122, eventKind=CLASS_PREPARE, suspendPolicy=EVENT_THREAD, predicates=[className=java.lang.Error]}
12:55:45.571 INFO: JdwpDebugServer: handling req: EventRequest(15).Set(1)
12:55:45.571 INFO: JdwpEventCenterDelegate: jdwpSetEventRequest: JdwpEventRequest{requestId=123, eventKind=CLASS_PREPARE, suspendPolicy=EVENT_THREAD, predicates=[className=java.lang.Error$*]}
12:55:45.572 INFO: JdwpDebugServer: handling req: VirtualMachine(1).ClassesBySignature(2)
12:55:45.573 INFO: JdwpDebugServer: handling req: EventRequest(15).Set(1)
12:55:45.573 INFO: JdwpEventCenterDelegate: jdwpSetEventRequest: JdwpEventRequest{requestId=124, eventKind=EXCEPTION, suspendPolicy=EVENT_THREAD, predicates=[exceptionType=3425(caught=true, uncaught=true)]}
12:55:45.619 INFO: JdwpDebugServer: handling req: EventRequest(15).Set(1)
12:55:45.619 INFO: JdwpEventCenterDelegate: jdwpSetEventRequest: JdwpEventRequest{requestId=125, eventKind=CLASS_PREPARE, suspendPolicy=EVENT_THREAD, predicates=[className=java.lang.Throwable]}
12:55:45.620 INFO: JdwpDebugServer: handling req: EventRequest(15).Set(1)
12:55:45.621 INFO: JdwpEventCenterDelegate: jdwpSetEventRequest: JdwpEventRequest{requestId=126, eventKind=CLASS_PREPARE, suspendPolicy=EVENT_THREAD, predicates=[className=java.lang.Throwable$*]}
12:55:45.622 INFO: JdwpDebugServer: handling req: VirtualMachine(1).ClassesBySignature(2)
12:55:45.622 INFO: JdwpDebugServer: handling req: EventRequest(15).Set(1)
12:55:45.622 INFO: JdwpEventCenterDelegate: jdwpSetEventRequest: JdwpEventRequest{requestId=127, eventKind=EXCEPTION, suspendPolicy=EVENT_THREAD, predicates=[exceptionType=7695(caught=false, uncaught=true)]}
12:55:45.624 INFO: JdwpDebugServer: handling req: ThreadReference(11).SuspendCount(12)
12:55:45.624 INFO: JdwpDebugServer: handling req: ThreadReference(11).SuspendCount(12)
12:55:45.624 INFO: JdwpDebugServer: handling req: ThreadReference(11).SuspendCount(12)
12:55:45.624 INFO: JdwpDebugServer: handling req: ThreadReference(11).SuspendCount(12)
12:55:45.624 INFO: JdwpDebugServer: handling req: VirtualMachine(1).AllThreads(4)
12:55:45.625 INFO: JdwpDebugServer: handling req: VirtualMachine(1).Resume(9)
12:55:45.661 INFO: JdwpDebugServer: handling req: EventRequest(15).Set(1)
12:55:45.661 INFO: JdwpEventCenterDelegate: jdwpSetEventRequest: JdwpEventRequest{requestId=128, eventKind=BREAKPOINT, suspendPolicy=EVENT_THREAD, predicates=[Location{classId=12880, methodId=1462, index=86} ]}
12:55:45.666 INFO: JdwpDebugServer: handling req: ThreadReference(11).Resume(3)
12:55:45.666 INFO: JdwpEventCenterDelegate: THREAD_RESUMED: thread (33, main, main)
12:55:45.689 INFO: JdwpEventCenterDelegate: THREAD_RESUMED: thread (33, main, main)
12:55:45.689 INFO: JdwpEventCenterDelegate: THREAD_RESUMED: thread (33, main, main)
12:55:45.690 INFO: JdwpEventCenterDelegate: THREAD_RESUMED: thread (33, main, main)
12:55:45.690 INFO: JdwpEventCenterDelegate: THREAD_RESUMED: thread (33, main, main)
12:55:45.690 INFO: JdwpEventCenterDelegate: THREAD_RESUMED: thread (33, main, main)
12:55:45.691 INFO: JdwpEventCenterDelegate: THREAD_RESUMED: thread (33, main, main)
12:55:45.691 INFO: JdwpEventCenterDelegate: THREAD_RESUMED: thread (33, main, main)
12:55:45.693 INFO: JdwpEventCenterDelegate: THREAD_RESUMED: thread (33, main, main)
12:55:45.694 INFO: JdwpEventCenterDelegate: THREAD_RESUMED: thread (33, main, main)
12:55:45.694 INFO: JdwpEventCenterDelegate: THREAD_RESUMED: thread (33, main, main)
12:55:45.694 INFO: JdwpEventCenterDelegate: THREAD_RESUMED: thread (33, main, main)
12:55:45.701 INFO: JdwpEventCenterDelegate: THREAD_RESUMED: thread (33, main, main)
12:55:45.701 INFO: JdwpEventCenterDelegate: THREAD_RESUMED: thread (33, main, main)
12:55:45.701 INFO: JdwpEventCenterDelegate: THREAD_RESUMED: thread (33, main, main)
12:55:45.756 INFO: JdwpDebugServer: handling req: ThreadReference(11).Frames(6)
12:55:46.087 INFO: JdwpDebugServer: handling req: ThreadReference(11).FramesCount(7)
12:55:46.087 INFO: JdwpDebugServer: handling req: ThreadReference(11).FramesCount(7)
12:55:46.140 INFO: JdwpDebugServer: handling req: ReferenceType(2).SignatureWithGeneric(13)
12:55:46.142 INFO: JdwpDebugServer: handling req: ThreadReference(11).Name(1)
12:55:46.218 INFO: JdwpDebugServer: handling req: ReferenceType(2).FieldsWithGeneric(14)
12:55:46.218 INFO: JdwpDebugServer: handling req: ReferenceType(2).Interfaces(10)
12:55:46.218 INFO: JdwpDebugServer: handling req: ClassType(3).Superclass(1)
12:55:46.218 INFO: JdwpDebugServer: handling req: ReferenceType(2).FieldsWithGeneric(14)
12:55:46.220 INFO: JdwpDebugServer: handling req: ThreadReference(11).Name(1)
12:55:46.220 INFO: JdwpDebugServer: handling req: ReferenceType(2).Interfaces(10)
12:55:46.221 INFO: JdwpDebugServer: handling req: ClassType(3).Superclass(1)
12:55:46.221 INFO: JdwpDebugServer: handling req: ReferenceType(2).FieldsWithGeneric(14)
12:55:46.222 INFO: JdwpDebugServer: handling req: ReferenceType(2).Interfaces(10)
12:55:46.222 INFO: JdwpDebugServer: handling req: ReferenceType(2).FieldsWithGeneric(14)
12:55:46.223 INFO: JdwpDebugServer: handling req: ReferenceType(2).Interfaces(10)
12:55:46.223 INFO: JdwpDebugServer: handling req: ReferenceType(2).FieldsWithGeneric(14)
12:55:46.223 INFO: JdwpDebugServer: handling req: ReferenceType(2).Interfaces(10)
12:55:46.223 INFO: JdwpDebugServer: handling req: ReferenceType(2).FieldsWithGeneric(14)
12:55:46.224 INFO: JdwpDebugServer: handling req: ReferenceType(2).Interfaces(10)
12:55:46.224 INFO: JdwpDebugServer: handling req: ClassType(3).Superclass(1)
12:55:46.224 INFO: JdwpDebugServer: handling req: ReferenceType(2).FieldsWithGeneric(14)
12:55:46.225 INFO: JdwpDebugServer: handling req: ReferenceType(2).Interfaces(10)
12:55:46.225 INFO: JdwpDebugServer: handling req: ClassType(3).Superclass(1)
12:55:46.225 INFO: JdwpDebugServer: handling req: ReferenceType(2).FieldsWithGeneric(14)
12:55:46.225 INFO: JdwpDebugServer: handling req: ReferenceType(2).Interfaces(10)
12:55:46.225 INFO: JdwpDebugServer: handling req: ClassType(3).Superclass(1)
12:55:46.226 INFO: JdwpDebugServer: handling req: ReferenceType(2).FieldsWithGeneric(14)
12:55:46.226 INFO: JdwpDebugServer: handling req: ReferenceType(2).Interfaces(10)
12:55:46.226 INFO: JdwpDebugServer: handling req: ClassType(3).Superclass(1)
12:55:46.226 INFO: JdwpDebugServer: handling req: ClassType(3).Superclass(1)
12:55:46.227 INFO: JdwpDebugServer: handling req: Method(6).VariableTableWithGenerics(5)
12:55:46.228 INFO: JdwpDebugServer: handling req: ReferenceType(2).SourceFile(7)
12:55:46.230 INFO: JdwpDebugServer: handling req: ThreadReference(11).Name(1)
12:55:46.230 INFO: JdwpDebugServer: handling req: ThreadReference(11).Name(1)
12:55:46.230 INFO: JdwpDebugServer: handling req: ThreadReference(11).Name(1)
12:55:46.231 INFO: JdwpDebugServer: handling req: ThreadReference(11).Name(1)
12:55:46.262 INFO: JdwpDebugServer: handling req: StackFrame(16).GetValues(1)
12:55:46.263 INFO: JdwpDebugServer: handling req: ArrayReference(13).Length(1)
12:55:46.263 INFO: JdwpDebugServer: handling req: StackFrame(16).GetValues(1)
12:55:46.264 INFO: JdwpDebugServer: handling req: StackFrame(16).GetValues(1)
12:55:46.264 INFO: JdwpDebugServer: handling req: ObjectReference(9).ReferenceType(1)
12:55:46.264 INFO: JdwpDebugServer: handling req: StackFrame(16).GetValues(1)
12:55:46.264 INFO: JdwpDebugServer: handling req: ReferenceType(2).FieldsWithGeneric(14)
12:55:46.265 INFO: JdwpDebugServer: handling req: ReferenceType(2).Interfaces(10)
12:55:46.265 INFO: JdwpDebugServer: handling req: ObjectReference(9).ReferenceType(1)
12:55:46.265 INFO: JdwpDebugServer: handling req: ReferenceType(2).FieldsWithGeneric(14)
12:55:46.265 INFO: JdwpDebugServer: handling req: StackFrame(16).GetValues(1)
12:55:46.265 INFO: JdwpDebugServer: handling req: ReferenceType(2).Interfaces(10)
12:55:46.265 INFO: JdwpDebugServer: handling req: StackFrame(16).GetValues(1)
12:55:46.266 INFO: JdwpDebugServer: handling req: ClassType(3).Superclass(1)
12:55:46.266 INFO: JdwpDebugServer: handling req: StackFrame(16).GetValues(1)
12:55:46.267 INFO: JdwpDebugServer: handling req: ReferenceType(2).Signature(1)
12:55:46.267 INFO: JdwpDebugServer: handling req: ReferenceType(2).ClassLoader(2)
12:55:46.268 INFO: JdwpDebugServer: handling req: VirtualMachine(1).ClassesBySignature(2)
12:55:46.268 INFO: JdwpDebugServer: handling req: ReferenceType(2).ClassLoader(2)
12:55:46.268 INFO: JdwpDebugServer: handling req: StackFrame(16).GetValues(1)
12:55:46.269 INFO: JdwpDebugServer: handling req: StackFrame(16).GetValues(1)
12:55:46.269 INFO: JdwpDebugServer: handling req: StackFrame(16).GetValues(1)
12:55:46.269 INFO: JdwpDebugServer: handling req: StackFrame(16).GetValues(1)
12:55:46.270 INFO: JdwpDebugServer: handling req: ClassType(3).Superclass(1)
12:55:46.270 INFO: JdwpDebugServer: handling req: ClassType(3).Superclass(1)
12:55:46.270 INFO: JdwpDebugServer: handling req: StackFrame(16).GetValues(1)
12:55:46.270 INFO: JdwpDebugServer: handling req: StackFrame(16).GetValues(1)
12:55:46.271 INFO: JdwpDebugServer: handling req: StackFrame(16).GetValues(1)
12:55:46.272 INFO: JdwpDebugServer: handling req: StackFrame(16).GetValues(1)
12:55:46.272 INFO: JdwpDebugServer: handling req: StackFrame(16).GetValues(1)
12:55:46.272 INFO: JdwpDebugServer: handling req: ThreadReference(11).FramesCount(7)
12:55:46.274 INFO: JdwpDebugServer: handling req: ThreadReference(11).Name(1)
12:55:46.274 INFO: JdwpDebugServer: handling req: ThreadReference(11).FramesCount(7)
12:55:46.275 INFO: JdwpDebugServer: handling req: ThreadReference(11).Name(1)
12:55:46.276 INFO: JdwpDebugServer: handling req: ThreadReference(11).Name(1)
12:55:46.276 INFO: JdwpDebugServer: handling req: ThreadReference(11).Name(1)
12:55:50.976 INFO: JdwpDebugServer: handling req: ThreadReference(11).Resume(3)
12:55:50.978 INFO: JdwpEventCenterDelegate: THREAD_RESUMED: thread (33, main, main)
12:55:50.990 INFO: JdwpEventCenterDelegate: THREAD_RESUMED: thread (33, main, main)
12:55:50.991 INFO: JdwpEventCenterDelegate: THREAD_RESUMED: thread (33, main, main)
12:55:50.991 INFO: JdwpEventCenterDelegate: THREAD_RESUMED: thread (33, main, main)
12:55:51.003 INFO: JdwpDebugServer: handling req: ThreadReference(11).Name(1)
12:55:51.004 INFO: JdwpDebugServer: handling req: ThreadReference(11).Name(1)
12:55:51.004 INFO: JdwpDebugServer: handling req: ThreadReference(11).Name(1)
12:55:51.007 INFO: JdwpEventCenterDelegate: THREAD_RESUMED: thread (33, main, main)
12:55:51.008 INFO: JdwpEventCenterDelegate: THREAD_RESUMED: thread (33, main, main)
12:55:51.009 INFO: JdwpEventCenterDelegate: THREAD_RESUMED: thread (33, main, main)
12:55:51.075 INFO: JdwpDebugServer: handling req: ThreadReference(11).Name(1)
12:55:51.276 INFO: JdwpDebugServer: handling req: EventRequest(15).Set(1)
12:55:51.276 INFO: JdwpEventCenterDelegate: jdwpSetEventRequest: JdwpEventRequest{requestId=129, eventKind=BREAKPOINT, suspendPolicy=EVENT_THREAD, predicates=[Location{classId=16855, methodId=1297, index=100} ]}
12:55:51.279 INFO: JdwpDebugServer: handling req: ThreadReference(11).Resume(3)
12:55:51.279 INFO: JdwpEventCenterDelegate: THREAD_RESUMED: thread (33, main, main)
12:55:51.282 INFO: JdwpDebugServer: handling req: ThreadReference(11).Frames(6)
12:55:51.282 INFO: JdwpDebugServer: handling req: ReferenceType(2).MethodsWithGeneric(15)
12:55:51.282 INFO: JdwpDebugServer: handling req: ReferenceType(2).MethodsWithGeneric(15)
12:55:51.283 INFO: JdwpDebugServer: handling req: ThreadReference(11).FramesCount(7)
12:55:51.283 INFO: JdwpDebugServer: handling req: ThreadReference(11).FramesCount(7)
12:55:51.331 INFO: JdwpDebugServer: handling req: ThreadReference(11).Name(1)
12:55:51.331 INFO: JdwpDebugServer: handling req: ReferenceType(2).SignatureWithGeneric(13)
12:55:51.331 INFO: JdwpDebugServer: handling req: StackFrame(16).ThisObject(3)
12:55:51.332 INFO: JdwpDebugServer: handling req: ObjectReference(9).ReferenceType(1)
12:55:51.332 INFO: JdwpDebugServer: handling req: ThreadReference(11).Name(1)
12:55:51.333 INFO: JdwpDebugServer: handling req: ThreadReference(11).Name(1)
12:55:51.333 INFO: JdwpDebugServer: handling req: ThreadReference(11).Name(1)
12:55:51.333 INFO: JdwpDebugServer: handling req: ThreadReference(11).Name(1)
12:55:51.358 INFO: JdwpDebugServer: handling req: ThreadReference(11).FramesCount(7)
12:55:51.358 INFO: JdwpDebugServer: handling req: Method(6).VariableTableWithGenerics(5)
12:55:51.360 INFO: JdwpDebugServer: handling req: ThreadReference(11).Name(1)
12:55:51.364 INFO: JdwpDebugServer: handling req: ThreadReference(11).FramesCount(7)
12:55:51.368 INFO: JdwpDebugServer: handling req: ReferenceType(2).FieldsWithGeneric(14)
12:55:51.368 INFO: JdwpDebugServer: handling req: ReferenceType(2).Modifiers(3)
12:55:51.368 INFO: JdwpDebugServer: handling req: ReferenceType(2).Interfaces(10)
12:55:51.368 INFO: JdwpDebugServer: handling req: ClassType(3).Superclass(1)
12:55:51.369 INFO: JdwpDebugServer: handling req: ReferenceType(2).FieldsWithGeneric(14)
12:55:51.369 INFO: JdwpDebugServer: handling req: ClassType(3).Superclass(1)
12:55:51.369 INFO: JdwpDebugServer: handling req: ReferenceType(2).Interfaces(10)
12:55:51.369 INFO: JdwpDebugServer: handling req: ReferenceType(2).Interfaces(10)
12:55:51.369 INFO: JdwpDebugServer: handling req: ReferenceType(2).FieldsWithGeneric(14)
12:55:51.369 INFO: JdwpDebugServer: handling req: ReferenceType(2).Interfaces(10)
12:55:51.369 INFO: JdwpDebugServer: handling req: ReferenceType(2).Interfaces(10)
12:55:51.369 INFO: JdwpDebugServer: handling req: ReferenceType(2).Interfaces(10)
12:55:51.369 INFO: JdwpDebugServer: handling req: ReferenceType(2).FieldsWithGeneric(14)
12:55:51.370 INFO: JdwpDebugServer: handling req: StackFrame(16).GetValues(1)
12:55:51.370 INFO: JdwpDebugServer: handling req: StackFrame(16).GetValues(1)
12:55:51.371 INFO: JdwpDebugServer: handling req: StackFrame(16).GetValues(1)
12:55:51.371 INFO: JdwpDebugServer: handling req: StackFrame(16).GetValues(1)
12:55:51.371 INFO: JdwpDebugServer: handling req: StackFrame(16).GetValues(1)
12:55:51.371 INFO: JdwpDebugServer: handling req: StackFrame(16).GetValues(1)
12:55:51.372 INFO: JdwpDebugServer: handling req: StackFrame(16).GetValues(1)
12:55:51.372 INFO: JdwpDebugServer: handling req: StackFrame(16).GetValues(1)
12:55:51.378 INFO: JdwpDebugServer: handling req: StackFrame(16).ThisObject(3)
12:55:51.379 INFO: JdwpDebugServer: handling req: ObjectReference(9).ReferenceType(1)
12:55:51.379 INFO: JdwpDebugServer: handling req: StackFrame(16).ThisObject(3)
12:55:51.380 INFO: JdwpDebugServer: handling req: ObjectReference(9).ReferenceType(1)
12:55:51.380 INFO: JdwpDebugServer: handling req: Method(6).LineTable(1)
12:55:51.380 INFO: JdwpDebugServer: handling req: Method(6).LineTable(1)
12:55:51.413 INFO: JdwpDebugServer: handling req: ReferenceType(2).SourceFile(7)
12:55:56.799 INFO: JdwpDebugServer: handling req: ClassType(3).Superclass(1)
12:55:56.828 INFO: JdwpDebugServer: handling req: ClassType(3).Superclass(1)
12:55:56.831 INFO: JdwpDebugServer: handling req: ObjectReference(9).GetValues(2)
12:55:56.831 INFO: JdwpDebugServer: handling req: ObjectReference(9).GetValues(2)
12:55:56.831 INFO: JdwpDebugServer: handling req: ObjectReference(9).GetValues(2)
12:55:56.832 INFO: JdwpDebugServer: handling req: ObjectReference(9).GetValues(2)
12:55:56.835 INFO: JdwpDebugServer: handling req: ObjectReference(9).GetValues(2)
12:55:56.836 INFO: JdwpDebugServer: handling req: ObjectReference(9).GetValues(2)
12:55:56.836 INFO: JdwpDebugServer: handling req: ObjectReference(9).GetValues(2)
12:55:56.837 INFO: JdwpDebugServer: handling req: ObjectReference(9).GetValues(2)
12:55:56.837 INFO: JdwpDebugServer: handling req: ObjectReference(9).GetValues(2)
12:55:56.837 INFO: JdwpDebugServer: handling req: ObjectReference(9).GetValues(2)
12:55:56.837 INFO: JdwpDebugServer: handling req: ObjectReference(9).GetValues(2)
12:55:56.837 INFO: JdwpDebugServer: handling req: ObjectReference(9).ReferenceType(1)
12:55:56.838 INFO: JdwpDebugServer: handling req: ReferenceType(2).FieldsWithGeneric(14)
12:55:56.838 INFO: JdwpDebugServer: handling req: ReferenceType(2).Interfaces(10)
12:55:56.838 INFO: JdwpDebugServer: handling req: ReferenceType(2).FieldsWithGeneric(14)
12:55:56.838 INFO: JdwpDebugServer: handling req: ReferenceType(2).Interfaces(10)
12:55:56.838 INFO: JdwpDebugServer: handling req: ReferenceType(2).FieldsWithGeneric(14)
12:55:56.838 INFO: JdwpDebugServer: handling req: ReferenceType(2).Interfaces(10)
12:55:56.838 INFO: JdwpDebugServer: handling req: ReferenceType(2).FieldsWithGeneric(14)
12:55:56.839 INFO: JdwpDebugServer: handling req: ReferenceType(2).Interfaces(10)
12:55:56.839 INFO: JdwpDebugServer: handling req: ClassType(3).Superclass(1)
12:55:56.839 INFO: JdwpDebugServer: handling req: ReferenceType(2).FieldsWithGeneric(14)
12:55:56.839 INFO: JdwpDebugServer: handling req: ReferenceType(2).Interfaces(10)
12:55:56.839 INFO: JdwpDebugServer: handling req: ReferenceType(2).FieldsWithGeneric(14)
12:55:56.839 INFO: JdwpDebugServer: handling req: ReferenceType(2).Interfaces(10)
12:55:56.839 INFO: JdwpDebugServer: handling req: ReferenceType(2).FieldsWithGeneric(14)
12:55:56.839 INFO: JdwpDebugServer: handling req: ReferenceType(2).Interfaces(10)
12:55:56.839 INFO: JdwpDebugServer: handling req: ReferenceType(2).FieldsWithGeneric(14)
12:55:56.839 INFO: JdwpDebugServer: handling req: ReferenceType(2).Interfaces(10)
12:55:56.839 INFO: JdwpDebugServer: handling req: ClassType(3).Superclass(1)
12:55:56.840 INFO: JdwpDebugServer: handling req: ReferenceType(2).FieldsWithGeneric(14)
12:55:56.840 INFO: JdwpDebugServer: handling req: ReferenceType(2).Interfaces(10)
12:55:56.840 INFO: JdwpDebugServer: handling req: ClassType(3).Superclass(1)
12:55:56.840 INFO: JdwpDebugServer: handling req: ObjectReference(9).GetValues(2)
12:55:56.841 INFO: JdwpDebugServer: handling req: ObjectReference(9).ReferenceType(1)
12:55:56.841 INFO: JdwpDebugServer: handling req: ReferenceType(2).FieldsWithGeneric(14)
12:55:56.841 INFO: JdwpDebugServer: handling req: ReferenceType(2).Interfaces(10)
12:55:56.841 INFO: JdwpDebugServer: handling req: ClassType(3).Superclass(1)
12:55:56.841 INFO: JdwpDebugServer: handling req: ObjectReference(9).GetValues(2)
12:55:56.841 INFO: JdwpDebugServer: handling req: ObjectReference(9).GetValues(2)
12:55:56.842 INFO: JdwpDebugServer: handling req: ObjectReference(9).GetValues(2)
12:55:56.842 INFO: JdwpDebugServer: handling req: ObjectReference(9).GetValues(2)
12:55:56.842 INFO: JdwpDebugServer: handling req: ObjectReference(9).ReferenceType(1)
12:55:56.842 INFO: JdwpDebugServer: handling req: ReferenceType(2).FieldsWithGeneric(14)
12:55:56.843 INFO: JdwpDebugServer: handling req: ReferenceType(2).Interfaces(10)
12:55:56.843 INFO: JdwpDebugServer: handling req: ClassType(3).Superclass(1)
12:55:56.844 INFO: JdwpDebugServer: handling req: ObjectReference(9).GetValues(2)
12:55:56.845 INFO: JdwpDebugServer: handling req: ObjectReference(9).GetValues(2)
12:55:56.845 INFO: JdwpDebugServer: handling req: ObjectReference(9).GetValues(2)
12:55:56.845 INFO: JdwpDebugServer: handling req: ObjectReference(9).GetValues(2)
12:55:56.846 INFO: JdwpDebugServer: handling req: ObjectReference(9).GetValues(2)
12:55:56.846 INFO: JdwpDebugServer: handling req: ObjectReference(9).GetValues(2)
12:55:56.847 INFO: JdwpDebugServer: handling req: ObjectReference(9).GetValues(2)
12:55:56.847 INFO: JdwpDebugServer: handling req: ObjectReference(9).GetValues(2)
12:55:56.848 INFO: JdwpDebugServer: handling req: ObjectReference(9).GetValues(2)
12:55:56.848 INFO: JdwpDebugServer: handling req: ObjectReference(9).GetValues(2)
12:55:56.850 INFO: JdwpDebugServer: handling req: ObjectReference(9).GetValues(2)
12:55:56.850 INFO: JdwpDebugServer: handling req: ObjectReference(9).GetValues(2)
12:55:56.850 INFO: JdwpDebugServer: handling req: ObjectReference(9).GetValues(2)
12:55:56.851 INFO: JdwpDebugServer: handling req: ObjectReference(9).GetValues(2)
12:55:56.851 INFO: JdwpDebugServer: handling req: ObjectReference(9).GetValues(2)
12:55:56.851 INFO: JdwpDebugServer: handling req: ObjectReference(9).GetValues(2)
12:55:56.851 INFO: JdwpDebugServer: handling req: ObjectReference(9).GetValues(2)
12:55:56.852 INFO: JdwpDebugServer: handling req: ObjectReference(9).GetValues(2)
12:55:56.852 INFO: JdwpDebugServer: handling req: ObjectReference(9).GetValues(2)
12:55:56.853 INFO: JdwpDebugServer: handling req: ObjectReference(9).GetValues(2)
12:55:56.864 INFO: JdwpDebugServer: handling req: ObjectReference(9).GetValues(2)
12:55:56.865 INFO: JdwpDebugServer: handling req: ObjectReference(9).GetValues(2)
12:55:56.865 INFO: JdwpDebugServer: handling req: ObjectReference(9).GetValues(2)
12:55:56.865 INFO: JdwpDebugServer: handling req: ObjectReference(9).GetValues(2)
12:55:56.865 INFO: JdwpDebugServer: handling req: ObjectReference(9).GetValues(2)
12:55:56.866 INFO: JdwpDebugServer: handling req: ObjectReference(9).GetValues(2)
12:55:56.866 INFO: JdwpDebugServer: handling req: ObjectReference(9).GetValues(2)
12:55:56.866 INFO: JdwpDebugServer: handling req: ObjectReference(9).GetValues(2)
12:55:56.866 INFO: JdwpDebugServer: handling req: ObjectReference(9).GetValues(2)
12:55:56.867 INFO: JdwpDebugServer: handling req: ObjectReference(9).GetValues(2)
12:55:56.867 INFO: JdwpDebugServer: handling req: ObjectReference(9).GetValues(2)
12:55:56.867 INFO: JdwpDebugServer: handling req: ObjectReference(9).GetValues(2)
12:55:56.867 INFO: JdwpDebugServer: handling req: ObjectReference(9).GetValues(2)
12:55:56.868 INFO: JdwpDebugServer: handling req: ObjectReference(9).GetValues(2)
12:55:56.868 INFO: JdwpDebugServer: handling req: ObjectReference(9).GetValues(2)
12:55:56.868 INFO: JdwpDebugServer: handling req: ObjectReference(9).GetValues(2)
12:55:56.868 INFO: JdwpDebugServer: handling req: ObjectReference(9).GetValues(2)
12:55:56.868 INFO: JdwpDebugServer: handling req: ObjectReference(9).GetValues(2)
12:55:56.869 INFO: JdwpDebugServer: handling req: ObjectReference(9).GetValues(2)
12:55:56.870 INFO: JdwpDebugServer: handling req: ObjectReference(9).GetValues(2)
12:55:56.870 INFO: JdwpDebugServer: handling req: ObjectReference(9).GetValues(2)
12:55:56.870 INFO: JdwpDebugServer: handling req: ObjectReference(9).GetValues(2)
12:55:56.870 INFO: JdwpDebugServer: handling req: ObjectReference(9).GetValues(2)
12:55:56.870 INFO: JdwpDebugServer: handling req: ObjectReference(9).GetValues(2)
12:55:56.870 INFO: JdwpDebugServer: handling req: ObjectReference(9).GetValues(2)
12:55:56.871 INFO: JdwpDebugServer: handling req: ObjectReference(9).GetValues(2)
12:55:56.871 INFO: JdwpDebugServer: handling req: ObjectReference(9).GetValues(2)
12:55:56.871 INFO: JdwpDebugServer: handling req: ObjectReference(9).GetValues(2)
12:55:56.871 INFO: JdwpDebugServer: handling req: ObjectReference(9).GetValues(2)
12:55:56.871 INFO: JdwpDebugServer: handling req: ObjectReference(9).GetValues(2)
12:55:56.871 INFO: JdwpDebugServer: handling req: ObjectReference(9).GetValues(2)
12:55:56.872 INFO: JdwpDebugServer: handling req: ObjectReference(9).GetValues(2)
12:55:56.872 INFO: JdwpDebugServer: handling req: ObjectReference(9).GetValues(2)
12:55:56.873 INFO: JdwpDebugServer: handling req: ObjectReference(9).GetValues(2)
12:55:56.873 INFO: JdwpDebugServer: handling req: ObjectReference(9).GetValues(2)
12:55:56.873 INFO: JdwpDebugServer: handling req: ObjectReference(9).GetValues(2)
12:55:56.873 INFO: JdwpDebugServer: handling req: ObjectReference(9).GetValues(2)
12:55:56.874 INFO: JdwpDebugServer: handling req: ObjectReference(9).GetValues(2)
12:55:56.874 INFO: JdwpDebugServer: handling req: ObjectReference(9).GetValues(2)
12:55:56.874 INFO: JdwpDebugServer: handling req: ObjectReference(9).GetValues(2)
12:55:56.874 INFO: JdwpDebugServer: handling req: ObjectReference(9).GetValues(2)
12:55:56.875 INFO: JdwpDebugServer: handling req: ObjectReference(9).GetValues(2)
12:55:56.875 INFO: JdwpDebugServer: handling req: ObjectReference(9).GetValues(2)
12:55:56.875 INFO: JdwpDebugServer: handling req: ObjectReference(9).GetValues(2)
12:55:56.875 INFO: JdwpDebugServer: handling req: ObjectReference(9).GetValues(2)
12:55:56.875 INFO: JdwpDebugServer: handling req: ObjectReference(9).GetValues(2)
12:55:56.877 INFO: JdwpDebugServer: handling req: ClassType(3).Superclass(1)
12:55:56.881 INFO: JdwpDebugServer: handling req: ObjectReference(9).GetValues(2)
12:55:56.881 INFO: JdwpDebugServer: handling req: ObjectReference(9).GetValues(2)
12:55:56.881 INFO: JdwpDebugServer: handling req: ObjectReference(9).GetValues(2)
12:55:56.882 INFO: JdwpDebugServer: handling req: ObjectReference(9).GetValues(2)
12:55:56.882 INFO: JdwpDebugServer: handling req: ObjectReference(9).GetValues(2)
12:55:56.882 INFO: JdwpDebugServer: handling req: ObjectReference(9).GetValues(2)
12:55:56.883 INFO: JdwpDebugServer: handling req: ObjectReference(9).GetValues(2)
12:55:56.883 INFO: JdwpDebugServer: handling req: ClassType(3).Superclass(1)
12:55:56.884 INFO: JdwpDebugServer: handling req: ObjectReference(9).GetValues(2)
12:55:56.884 INFO: JdwpDebugServer: handling req: ObjectReference(9).GetValues(2)
12:55:56.884 INFO: JdwpDebugServer: handling req: ObjectReference(9).GetValues(2)
12:55:56.884 INFO: JdwpDebugServer: handling req: ObjectReference(9).GetValues(2)
12:55:56.884 INFO: JdwpDebugServer: handling req: ObjectReference(9).GetValues(2)
12:55:56.885 INFO: JdwpDebugServer: handling req: ObjectReference(9).GetValues(2)
12:55:56.885 INFO: JdwpDebugServer: handling req: ObjectReference(9).GetValues(2)
12:55:56.885 INFO: JdwpDebugServer: handling req: ObjectReference(9).GetValues(2)
12:55:56.885 INFO: JdwpDebugServer: handling req: ObjectReference(9).GetValues(2)
12:55:56.885 INFO: JdwpDebugServer: handling req: ObjectReference(9).GetValues(2)
12:55:56.886 INFO: JdwpDebugServer: handling req: ObjectReference(9).GetValues(2)
12:55:56.886 INFO: JdwpDebugServer: handling req: ObjectReference(9).GetValues(2)
12:55:56.886 INFO: JdwpDebugServer: handling req: ObjectReference(9).GetValues(2)
12:55:56.887 INFO: JdwpDebugServer: handling req: ObjectReference(9).GetValues(2)
12:55:56.887 INFO: JdwpDebugServer: handling req: ObjectReference(9).GetValues(2)
12:55:56.887 INFO: JdwpDebugServer: handling req: ObjectReference(9).GetValues(2)
12:55:56.887 INFO: JdwpDebugServer: handling req: ObjectReference(9).GetValues(2)
12:55:56.888 INFO: JdwpDebugServer: handling req: ObjectReference(9).GetValues(2)
12:55:56.888 INFO: JdwpDebugServer: handling req: ObjectReference(9).GetValues(2)
12:55:56.888 INFO: JdwpDebugServer: handling req: ObjectReference(9).GetValues(2)
12:55:56.889 INFO: JdwpDebugServer: handling req: ObjectReference(9).GetValues(2)
12:55:56.889 INFO: JdwpDebugServer: handling req: ObjectReference(9).GetValues(2)
12:55:56.889 INFO: JdwpDebugServer: handling req: ObjectReference(9).GetValues(2)
12:55:56.889 INFO: JdwpDebugServer: handling req: ObjectReference(9).GetValues(2)
12:55:56.889 INFO: JdwpDebugServer: handling req: ObjectReference(9).GetValues(2)
12:55:56.890 INFO: JdwpDebugServer: handling req: ObjectReference(9).GetValues(2)
12:55:56.890 INFO: JdwpDebugServer: handling req: ObjectReference(9).GetValues(2)
12:55:56.890 INFO: JdwpDebugServer: handling req: ObjectReference(9).GetValues(2)
12:55:56.890 INFO: JdwpDebugServer: handling req: ClassType(3).Superclass(1)
12:55:56.890 INFO: JdwpDebugServer: handling req: ObjectReference(9).GetValues(2)
12:55:56.890 INFO: JdwpDebugServer: handling req: ObjectReference(9).GetValues(2)
12:55:56.891 INFO: JdwpDebugServer: handling req: ObjectReference(9).GetValues(2)
12:55:56.891 INFO: JdwpDebugServer: handling req: ObjectReference(9).GetValues(2)
12:55:56.891 INFO: JdwpDebugServer: handling req: ObjectReference(9).GetValues(2)
12:55:56.891 INFO: JdwpDebugServer: handling req: ObjectReference(9).GetValues(2)
12:55:56.892 INFO: JdwpDebugServer: handling req: ObjectReference(9).GetValues(2)
12:55:56.892 INFO: JdwpDebugServer: handling req: ObjectReference(9).GetValues(2)
12:55:56.892 INFO: JdwpDebugServer: handling req: ObjectReference(9).GetValues(2)
12:55:56.892 INFO: JdwpDebugServer: handling req: ObjectReference(9).GetValues(2)
12:55:56.892 INFO: JdwpDebugServer: handling req: ObjectReference(9).GetValues(2)
12:55:56.893 INFO: JdwpDebugServer: handling req: ObjectReference(9).GetValues(2)
12:55:56.893 INFO: JdwpDebugServer: handling req: ObjectReference(9).GetValues(2)
12:55:56.893 INFO: JdwpDebugServer: handling req: ObjectReference(9).GetValues(2)
12:55:56.893 INFO: JdwpDebugServer: handling req: ObjectReference(9).GetValues(2)
12:55:56.893 INFO: JdwpDebugServer: handling req: ObjectReference(9).GetValues(2)
12:55:56.894 INFO: JdwpDebugServer: handling req: ObjectReference(9).GetValues(2)
12:55:56.894 INFO: JdwpDebugServer: handling req: ObjectReference(9).GetValues(2)
12:55:56.894 INFO: JdwpDebugServer: handling req: ObjectReference(9).GetValues(2)
12:55:56.894 INFO: JdwpDebugServer: handling req: ObjectReference(9).GetValues(2)
12:55:56.895 INFO: JdwpDebugServer: handling req: ObjectReference(9).GetValues(2)
12:55:56.895 INFO: JdwpDebugServer: handling req: ObjectReference(9).GetValues(2)
12:55:56.896 INFO: JdwpDebugServer: handling req: ObjectReference(9).GetValues(2)
12:55:56.896 INFO: JdwpDebugServer: handling req: ObjectReference(9).GetValues(2)
12:55:56.896 INFO: JdwpDebugServer: handling req: ObjectReference(9).GetValues(2)
12:55:56.896 INFO: JdwpDebugServer: handling req: ObjectReference(9).GetValues(2)
12:55:56.897 INFO: JdwpDebugServer: handling req: ObjectReference(9).GetValues(2)
12:55:56.897 INFO: JdwpDebugServer: handling req: ObjectReference(9).GetValues(2)
12:55:56.897 INFO: JdwpDebugServer: handling req: ObjectReference(9).GetValues(2)
12:55:56.898 INFO: JdwpDebugServer: handling req: ObjectReference(9).GetValues(2)
12:55:56.898 INFO: JdwpDebugServer: handling req: ObjectReference(9).GetValues(2)
12:55:56.898 INFO: JdwpDebugServer: handling req: ObjectReference(9).GetValues(2)
12:55:56.898 INFO: JdwpDebugServer: handling req: ObjectReference(9).GetValues(2)
12:55:56.899 INFO: JdwpDebugServer: handling req: ObjectReference(9).GetValues(2)
12:55:56.899 INFO: JdwpDebugServer: handling req: ObjectReference(9).GetValues(2)
12:55:56.899 INFO: JdwpDebugServer: handling req: ObjectReference(9).GetValues(2)
12:55:56.900 INFO: JdwpDebugServer: handling req: ObjectReference(9).GetValues(2)
12:55:56.900 INFO: JdwpDebugServer: handling req: ObjectReference(9).GetValues(2)
12:55:56.900 INFO: JdwpDebugServer: handling req: ObjectReference(9).GetValues(2)
12:55:56.900 INFO: JdwpDebugServer: handling req: ObjectReference(9).GetValues(2)
12:55:56.901 INFO: JdwpDebugServer: handling req: ObjectReference(9).GetValues(2)
12:55:56.901 INFO: JdwpDebugServer: handling req: ObjectReference(9).GetValues(2)
12:55:56.902 INFO: JdwpDebugServer: handling req: ObjectReference(9).GetValues(2)
12:55:56.902 INFO: JdwpDebugServer: handling req: ObjectReference(9).GetValues(2)
12:55:56.903 INFO: JdwpDebugServer: handling req: ObjectReference(9).GetValues(2)
12:55:56.903 INFO: JdwpDebugServer: handling req: ObjectReference(9).GetValues(2)
12:55:56.903 INFO: JdwpDebugServer: handling req: ObjectReference(9).GetValues(2)
12:55:56.904 INFO: JdwpDebugServer: handling req: ObjectReference(9).GetValues(2)
12:55:56.904 INFO: JdwpDebugServer: handling req: ObjectReference(9).GetValues(2)
12:55:56.905 INFO: JdwpDebugServer: handling req: ObjectReference(9).GetValues(2)
12:55:56.905 INFO: JdwpDebugServer: handling req: ObjectReference(9).GetValues(2)
12:55:56.905 INFO: JdwpDebugServer: handling req: ObjectReference(9).GetValues(2)
12:55:56.905 INFO: JdwpDebugServer: handling req: ObjectReference(9).GetValues(2)
12:55:56.906 INFO: JdwpDebugServer: handling req: ObjectReference(9).GetValues(2)
12:55:56.906 INFO: JdwpDebugServer: handling req: ObjectReference(9).GetValues(2)
12:55:56.906 INFO: JdwpDebugServer: handling req: ObjectReference(9).GetValues(2)
12:55:56.907 INFO: JdwpDebugServer: handling req: ObjectReference(9).GetValues(2)
12:55:56.907 INFO: JdwpDebugServer: handling req: ObjectReference(9).GetValues(2)
12:55:56.908 INFO: JdwpDebugServer: handling req: ObjectReference(9).GetValues(2)
12:55:56.908 INFO: JdwpDebugServer: handling req: ObjectReference(9).GetValues(2)
12:55:56.908 INFO: JdwpDebugServer: handling req: ObjectReference(9).GetValues(2)
12:55:56.909 INFO: JdwpDebugServer: handling req: ObjectReference(9).GetValues(2)
12:55:56.909 INFO: JdwpDebugServer: handling req: ObjectReference(9).GetValues(2)
12:55:56.909 INFO: JdwpDebugServer: handling req: ObjectReference(9).GetValues(2)
12:55:56.910 INFO: JdwpDebugServer: handling req: ObjectReference(9).GetValues(2)
12:55:56.910 INFO: JdwpDebugServer: handling req: ObjectReference(9).GetValues(2)
12:55:56.911 INFO: JdwpDebugServer: handling req: ObjectReference(9).GetValues(2)
12:55:56.911 INFO: JdwpDebugServer: handling req: ObjectReference(9).GetValues(2)
12:55:56.913 INFO: JdwpDebugServer: handling req: ObjectReference(9).GetValues(2)
12:55:56.913 INFO: JdwpDebugServer: handling req: ObjectReference(9).GetValues(2)
12:55:56.914 INFO: JdwpDebugServer: handling req: ObjectReference(9).GetValues(2)
12:55:56.914 INFO: JdwpDebugServer: handling req: ObjectReference(9).GetValues(2)
12:55:56.914 INFO: JdwpDebugServer: handling req: ObjectReference(9).GetValues(2)
12:55:56.915 INFO: JdwpDebugServer: handling req: ObjectReference(9).GetValues(2)
12:55:56.915 INFO: JdwpDebugServer: handling req: ObjectReference(9).GetValues(2)
12:55:58.866 INFO: JdwpDebugServer: handling req: ClassType(3).Superclass(1)
12:55:58.868 INFO: JdwpDebugServer: handling req: ReferenceType(2).MethodsWithGeneric(15)
12:55:58.868 INFO: JdwpDebugServer: handling req: ReferenceType(2).MethodsWithGeneric(15)
12:55:58.869 INFO: JdwpDebugServer: handling req: ReferenceType(2).MethodsWithGeneric(15)
12:55:58.869 INFO: JdwpDebugServer: handling req: ReferenceType(2).MethodsWithGeneric(15)
12:55:58.869 INFO: JdwpDebugServer: handling req: ClassType(3).Superclass(1)
12:55:58.869 INFO: JdwpDebugServer: handling req: ReferenceType(2).ClassLoader(2)
12:55:58.870 INFO: JdwpDebugServer: handling req: ObjectReference(9).InvokeMethod(6)
12:55:58.875 INFO: JdwpDebugServer: handling req: ThreadReference(11).Frames(6)
12:55:58.876 INFO: JdwpDebugServer: handling req: StringReference(10).Value(1)
12:55:58.927 INFO: JdwpDebugServer: handling req: ThreadReference(11).Name(1)
12:55:58.927 INFO: JdwpDebugServer: handling req: StackFrame(16).ThisObject(3)
12:55:58.928 INFO: JdwpDebugServer: handling req: ObjectReference(9).ReferenceType(1)
12:56:04.925 INFO: JdwpDebugServer: handling req: ReferenceType(2).SourceFile(7)
12:56:04.959 INFO: JdwpDebugServer: handling req: StackFrame(16).ThisObject(3)
12:56:04.960 INFO: JdwpDebugServer: handling req: Method(6).VariableTableWithGenerics(5)
12:56:04.969 INFO: JdwpDebugServer: handling req: ObjectReference(9).ReferenceType(1)
12:56:04.969 INFO: JdwpDebugServer: handling req: ObjectReference(9).ReferenceType(1)
12:56:04.970 INFO: JdwpDebugServer: handling req: ReferenceType(2).Modifiers(3)
12:56:04.970 INFO: JdwpDebugServer: handling req: ClassType(3).Superclass(1)
12:56:04.970 INFO: JdwpDebugServer: handling req: StackFrame(16).GetValues(1)
12:56:04.971 INFO: JdwpDebugServer: handling req: StackFrame(16).GetValues(1)
12:56:04.971 INFO: JdwpDebugServer: handling req: ObjectReference(9).ReferenceType(1)
12:56:04.971 INFO: JdwpDebugServer: handling req: ReferenceType(2).FieldsWithGeneric(14)
12:56:04.971 INFO: JdwpDebugServer: handling req: StackFrame(16).GetValues(1)
12:56:04.972 INFO: JdwpDebugServer: handling req: ReferenceType(2).Interfaces(10)
12:56:04.972 INFO: JdwpDebugServer: handling req: ClassType(3).Superclass(1)
12:56:04.972 INFO: JdwpDebugServer: handling req: ClassType(3).Superclass(1)
12:56:04.972 INFO: JdwpDebugServer: handling req: ReferenceType(2).FieldsWithGeneric(14)
12:56:04.972 INFO: JdwpDebugServer: handling req: ClassType(3).Superclass(1)
12:56:04.972 INFO: JdwpDebugServer: handling req: ClassType(3).Superclass(1)
12:56:04.972 INFO: JdwpDebugServer: handling req: ReferenceType(2).Interfaces(10)
12:56:04.972 INFO: JdwpDebugServer: handling req: ReferenceType(2).Interfaces(10)
12:56:04.972 INFO: JdwpDebugServer: handling req: ReferenceType(2).FieldsWithGeneric(14)
12:56:04.972 INFO: JdwpDebugServer: handling req: ReferenceType(2).Interfaces(10)
12:56:04.972 INFO: JdwpDebugServer: handling req: ReferenceType(2).Interfaces(10)
12:56:04.973 INFO: JdwpDebugServer: handling req: ReferenceType(2).FieldsWithGeneric(14)
12:56:04.973 INFO: JdwpDebugServer: handling req: ReferenceType(2).Interfaces(10)
12:56:04.973 INFO: JdwpDebugServer: handling req: ReferenceType(2).Interfaces(10)
12:56:04.973 INFO: JdwpDebugServer: handling req: ReferenceType(2).Interfaces(10)
12:56:04.973 INFO: JdwpDebugServer: handling req: ReferenceType(2).FieldsWithGeneric(14)
12:56:04.973 INFO: JdwpDebugServer: handling req: ReferenceType(2).Interfaces(10)
12:56:04.973 INFO: JdwpDebugServer: handling req: ReferenceType(2).FieldsWithGeneric(14)
12:56:04.973 INFO: JdwpDebugServer: handling req: StackFrame(16).GetValues(1)
12:56:04.974 INFO: JdwpDebugServer: handling req: StackFrame(16).GetValues(1)
12:56:04.974 INFO: JdwpDebugServer: handling req: StackFrame(16).GetValues(1)
12:56:04.974 INFO: JdwpDebugServer: handling req: StackFrame(16).GetValues(1)
12:56:04.975 INFO: JdwpDebugServer: handling req: StackFrame(16).GetValues(1)
12:56:04.975 INFO: JdwpDebugServer: handling req: StackFrame(16).GetValues(1)
12:56:04.975 INFO: JdwpDebugServer: handling req: StackFrame(16).GetValues(1)
12:56:04.976 INFO: JdwpDebugServer: handling req: StackFrame(16).GetValues(1)
12:56:04.976 INFO: JdwpDebugServer: handling req: StackFrame(16).GetValues(1)
12:56:04.976 INFO: JdwpDebugServer: handling req: StackFrame(16).GetValues(1)
12:56:04.977 INFO: JdwpDebugServer: handling req: StackFrame(16).GetValues(1)
12:56:04.977 INFO: JdwpDebugServer: handling req: StackFrame(16).GetValues(1)
12:56:04.977 INFO: JdwpDebugServer: handling req: StackFrame(16).GetValues(1)
12:56:28.276 INFO: JdwpDebugServer: handling req: ReferenceType(2).SourceFile(7)
12:56:28.311 INFO: JdwpDebugServer: handling req: Method(6).VariableTableWithGenerics(5)
12:56:28.318 INFO: JdwpDebugServer: handling req: StackFrame(16).GetValues(1)
12:56:28.319 INFO: JdwpDebugServer: handling req: StackFrame(16).GetValues(1)
12:56:28.319 INFO: JdwpDebugServer: handling req: ArrayReference(13).Length(1)
12:56:28.319 INFO: JdwpDebugServer: handling req: StackFrame(16).GetValues(1)
12:56:28.319 INFO: JdwpDebugServer: handling req: ObjectReference(9).ReferenceType(1)
12:56:28.319 INFO: JdwpDebugServer: handling req: StackFrame(16).GetValues(1)
12:56:28.320 INFO: JdwpDebugServer: handling req: StackFrame(16).GetValues(1)
12:56:28.336 INFO: JdwpDebugServer: handling req: StackFrame(16).GetValues(1)
12:56:28.336 INFO: JdwpDebugServer: handling req: ObjectReference(9).ReferenceType(1)
12:56:28.336 INFO: JdwpDebugServer: handling req: StackFrame(16).GetValues(1)
12:56:28.336 INFO: JdwpDebugServer: handling req: ReferenceType(2).FieldsWithGeneric(14)
12:56:28.339 INFO: JdwpDebugServer: handling req: StackFrame(16).GetValues(1)
12:56:28.339 INFO: JdwpDebugServer: handling req: ReferenceType(2).Interfaces(10)
12:56:28.339 INFO: JdwpDebugServer: handling req: ReferenceType(2).FieldsWithGeneric(14)
12:56:28.339 INFO: JdwpDebugServer: handling req: ReferenceType(2).Interfaces(10)
12:56:28.339 INFO: JdwpDebugServer: handling req: StackFrame(16).GetValues(1)
12:56:28.339 INFO: JdwpDebugServer: handling req: ReferenceType(2).FieldsWithGeneric(14)
12:56:28.339 INFO: JdwpDebugServer: handling req: StackFrame(16).GetValues(1)
12:56:28.340 INFO: JdwpDebugServer: handling req: ReferenceType(2).Interfaces(10)
12:56:28.340 INFO: JdwpDebugServer: handling req: ReferenceType(2).FieldsWithGeneric(14)
12:56:28.340 INFO: JdwpDebugServer: handling req: StackFrame(16).GetValues(1)
12:56:28.340 INFO: JdwpDebugServer: handling req: ReferenceType(2).Interfaces(10)
12:56:28.340 INFO: JdwpDebugServer: handling req: ClassType(3).Superclass(1)
12:56:28.340 INFO: JdwpDebugServer: handling req: StackFrame(16).GetValues(1)
12:56:28.340 INFO: JdwpDebugServer: handling req: StackFrame(16).GetValues(1)
12:56:28.341 INFO: JdwpDebugServer: handling req: StackFrame(16).GetValues(1)
12:56:28.341 INFO: JdwpDebugServer: handling req: StackFrame(16).GetValues(1)
12:56:28.341 INFO: JdwpDebugServer: handling req: StackFrame(16).GetValues(1)
12:56:28.342 INFO: JdwpDebugServer: handling req: StackFrame(16).GetValues(1)
12:56:28.342 INFO: JdwpDebugServer: handling req: StackFrame(16).GetValues(1)
12:56:28.342 INFO: JdwpDebugServer: handling req: StackFrame(16).GetValues(1)
12:56:28.343 INFO: JdwpDebugServer: handling req: ObjectReference(9).ReferenceType(1)
12:56:28.343 INFO: JdwpDebugServer: handling req: StackFrame(16).GetValues(1)
12:56:28.343 INFO: JdwpDebugServer: handling req: ReferenceType(2).FieldsWithGeneric(14)
12:56:28.343 INFO: JdwpDebugServer: handling req: StackFrame(16).GetValues(1)
12:56:28.343 INFO: JdwpDebugServer: handling req: ReferenceType(2).Interfaces(10)
12:56:28.343 INFO: JdwpDebugServer: handling req: ReferenceType(2).FieldsWithGeneric(14)
12:56:28.343 INFO: JdwpDebugServer: handling req: StackFrame(16).GetValues(1)
12:56:28.344 INFO: JdwpDebugServer: handling req: ReferenceType(2).Interfaces(10)
12:56:28.344 INFO: JdwpDebugServer: handling req: StackFrame(16).GetValues(1)
12:56:28.345 INFO: JdwpDebugServer: handling req: ReferenceType(2).FieldsWithGeneric(14)
12:56:28.345 INFO: JdwpDebugServer: handling req: ClassType(3).Superclass(1)
12:56:28.345 INFO: JdwpDebugServer: handling req: ReferenceType(2).Interfaces(10)
12:56:28.345 INFO: JdwpDebugServer: handling req: ClassType(3).Superclass(1)
12:56:28.346 INFO: JdwpDebugServer: handling req: StackFrame(16).GetValues(1)
12:56:28.346 INFO: JdwpDebugServer: handling req: StackFrame(16).GetValues(1)
12:56:28.347 INFO: JdwpDebugServer: handling req: StackFrame(16).GetValues(1)
12:56:28.347 INFO: JdwpDebugServer: handling req: Method(17).ReflectedType(1)
12:56:28.348 INFO: JdwpDebugServer: handling req: StackFrame(16).GetValues(1)
12:56:28.348 INFO: JdwpDebugServer: handling req: StackFrame(16).GetValues(1)
12:56:28.349 INFO: JdwpDebugServer: handling req: StackFrame(16).GetValues(1)
12:56:28.349 INFO: JdwpDebugServer: handling req: StackFrame(16).GetValues(1)
12:56:28.350 INFO: JdwpDebugServer: handling req: StackFrame(16).GetValues(1)
12:56:28.350 INFO: JdwpDebugServer: handling req: StackFrame(16).GetValues(1)
12:56:28.350 INFO: JdwpDebugServer: handling req: StackFrame(16).GetValues(1)
12:56:28.351 INFO: JdwpDebugServer: handling req: StackFrame(16).GetValues(1)
12:56:28.351 INFO: JdwpDebugServer: handling req: StackFrame(16).GetValues(1)
12:56:28.352 INFO: JdwpDebugServer: handling req: StackFrame(16).GetValues(1)
12:56:28.352 INFO: JdwpDebugServer: handling req: StackFrame(16).GetValues(1)
12:56:28.352 INFO: JdwpDebugServer: handling req: StackFrame(16).GetValues(1)
12:56:28.352 INFO: JdwpDebugServer: handling req: StackFrame(16).GetValues(1)
12:56:28.352 INFO: JdwpDebugServer: handling req: StackFrame(16).GetValues(1)
12:56:28.352 INFO: JdwpDebugServer: handling req: StackFrame(16).GetValues(1)
12:56:28.353 INFO: JdwpDebugServer: handling req: StackFrame(16).GetValues(1)
12:56:28.353 INFO: JdwpDebugServer: handling req: StackFrame(16).GetValues(1)
12:56:28.353 INFO: JdwpDebugServer: handling req: StackFrame(16).GetValues(1)
12:56:28.353 INFO: JdwpDebugServer: handling req: StackFrame(16).GetValues(1)
12:56:28.353 INFO: JdwpDebugServer: handling req: StackFrame(16).GetValues(1)
12:56:28.354 INFO: JdwpDebugServer: handling req: StackFrame(16).GetValues(1)
12:56:28.354 INFO: JdwpDebugServer: handling req: StackFrame(16).GetValues(1)
12:56:28.355 INFO: JdwpDebugServer: handling req: StackFrame(16).GetValues(1)
12:56:28.355 INFO: JdwpDebugServer: handling req: StackFrame(16).GetValues(1)
12:56:28.355 INFO: JdwpDebugServer: handling req: StackFrame(16).GetValues(1)
12:56:28.355 INFO: JdwpDebugServer: handling req: ClassType(3).Superclass(1)
12:56:28.356 INFO: JdwpDebugServer: handling req: StackFrame(16).GetValues(1)
12:56:28.356 INFO: JdwpDebugServer: handling req: StackFrame(16).GetValues(1)
12:56:28.356 INFO: JdwpDebugServer: handling req: StackFrame(16).GetValues(1)
12:56:28.357 INFO: JdwpDebugServer: handling req: StringReference(10).Value(1)
12:56:28.358 INFO: JdwpDebugServer: handling req: StackFrame(16).GetValues(1)
12:56:28.358 INFO: JdwpDebugServer: handling req: StackFrame(16).GetValues(1)
12:56:30.741 INFO: JdwpDebugServer: handling req: StackFrame(16).GetValues(1)
12:56:30.741 INFO: JdwpDebugServer: handling req: StackFrame(16).GetValues(1)
12:56:30.742 INFO: JdwpDebugServer: handling req: StackFrame(16).GetValues(1)
12:56:30.742 INFO: JdwpDebugServer: handling req: StackFrame(16).GetValues(1)
12:56:30.743 INFO: JdwpDebugServer: handling req: StackFrame(16).GetValues(1)
12:56:30.743 INFO: JdwpDebugServer: handling req: StackFrame(16).GetValues(1)
12:56:30.743 INFO: JdwpDebugServer: handling req: StackFrame(16).GetValues(1)
12:56:30.744 INFO: JdwpDebugServer: handling req: StackFrame(16).GetValues(1)
12:56:30.744 INFO: JdwpDebugServer: handling req: StackFrame(16).GetValues(1)
12:56:30.744 INFO: JdwpDebugServer: handling req: StackFrame(16).GetValues(1)
12:56:30.745 INFO: JdwpDebugServer: handling req: StackFrame(16).GetValues(1)
12:56:30.745 INFO: JdwpDebugServer: handling req: StackFrame(16).GetValues(1)
12:56:30.745 INFO: JdwpDebugServer: handling req: ClassType(3).Superclass(1)
12:56:30.746 INFO: JdwpDebugServer: handling req: StackFrame(16).GetValues(1)
12:56:30.746 INFO: JdwpDebugServer: handling req: StackFrame(16).GetValues(1)
12:56:30.747 INFO: JdwpDebugServer: handling req: StackFrame(16).GetValues(1)
12:56:30.747 INFO: JdwpDebugServer: handling req: StackFrame(16).GetValues(1)
12:56:30.747 INFO: JdwpDebugServer: handling req: StackFrame(16).GetValues(1)
12:56:30.748 INFO: JdwpDebugServer: handling req: StackFrame(16).GetValues(1)
12:56:30.748 INFO: JdwpDebugServer: handling req: StackFrame(16).GetValues(1)
12:56:30.748 INFO: JdwpDebugServer: handling req: StackFrame(16).GetValues(1)
12:56:30.749 INFO: JdwpDebugServer: handling req: StackFrame(16).GetValues(1)
12:56:30.749 INFO: JdwpDebugServer: handling req: StackFrame(16).GetValues(1)
12:56:30.749 INFO: JdwpDebugServer: handling req: StackFrame(16).GetValues(1)
12:56:30.750 INFO: JdwpDebugServer: handling req: StackFrame(16).GetValues(1)
12:56:48.768 INFO: JdwpDebugServer: handling req: EventRequest(15).Set(1)
12:56:48.769 INFO: JdwpEventCenterDelegate: jdwpSetEventRequest: JdwpEventRequest{requestId=130, eventKind=CLASS_PREPARE, suspendPolicy=EVENT_THREAD, predicates=[className=com.abdalla.bushnaq.pluvia.launcher.IOSLauncher]}
12:56:48.775 INFO: JdwpDebugServer: handling req: EventRequest(15).Set(1)
12:56:48.775 INFO: JdwpEventCenterDelegate: jdwpSetEventRequest: JdwpEventRequest{requestId=131, eventKind=CLASS_PREPARE, suspendPolicy=EVENT_THREAD, predicates=[className=com.abdalla.bushnaq.pluvia.launcher.IOSLauncher$*]}
12:56:48.777 INFO: JdwpDebugServer: handling req: VirtualMachine(1).ClassesBySignature(2)
12:56:48.777 INFO: JdwpDebugServer: handling req: EventRequest(15).Set(1)
12:56:48.777 INFO: JdwpEventCenterDelegate: jdwpSetEventRequest: JdwpEventRequest{requestId=132, eventKind=BREAKPOINT, suspendPolicy=EVENT_THREAD, predicates=[Location{classId=12880, methodId=1457, index=73} ]}
12:56:50.403 INFO: JdwpDebugServer: handling req: VirtualMachine(1).Exit(10)
12:56:50.405 SEVERE: Debugger: Thread JDWP server socket thread crashed
org.robovm.debugger.DebuggerException: Terminating due exit command
	at org.robovm.debugger.jdwp.JdwpDebugServer.doSocketWork(JdwpDebugServer.java:211)
	at java.base/java.lang.Thread.run(Thread.java:833)
	at org.robovm.debugger.utils.DebuggerThread.run(DebuggerThread.java:42)
12:56:50.948 SEVERE: Debugger: Thread HooksChannel socket thread crashed
org.robovm.debugger.DebuggerException: java.nio.BufferUnderflowException
	at org.robovm.debugger.hooks.HooksChannel.doSocketWork(HooksChannel.java:149)
	at java.base/java.lang.Thread.run(Thread.java:833)
	at org.robovm.debugger.utils.DebuggerThread.run(DebuggerThread.java:42)
Caused by: java.nio.BufferUnderflowException
	at org.robovm.debugger.utils.bytebuffer.DataBufferWriter.writeFromStream(DataBufferWriter.java:91)
	at org.robovm.debugger.hooks.HooksChannel.doSocketWork(HooksChannel.java:116)
	... 2 more
