10:34:39.932 INFO: JdwpEventCenterDelegate: THREAD_STARTED: thread (33, main, main)
10:34:40.011 INFO: JdwpEventCenterDelegate: THREAD_STARTED: thread (48, ReferenceQueueDaemon, main)
10:34:40.012 INFO: JdwpEventCenterDelegate: THREAD_STARTED: thread (63, FinalizerDaemon, main)
10:34:40.013 INFO: JdwpEventCenterDelegate: THREAD_STARTED: thread (78, FinalizerWatchdogDaemon, main)
10:34:41.829 INFO: JdwpDebugServer: handling req: VirtualMachine(1).IDSizes(7)
10:34:41.831 INFO: JdwpDebugServer: handling req: EventRequest(15).Set(1)
10:34:41.833 INFO: JdwpEventCenterDelegate: jdwpSetEventRequest: JdwpEventRequest{requestId=100, eventKind=CLASS_UNLOAD, suspendPolicy=NONE, predicates=[]}
10:34:41.834 INFO: JdwpDebugServer: handling req: EventRequest(15).Set(1)
10:34:41.834 INFO: JdwpEventCenterDelegate: jdwpSetEventRequest: JdwpEventRequest{requestId=101, eventKind=THREAD_START, suspendPolicy=NONE, predicates=[]}
10:34:41.835 INFO: JdwpDebugServer: handling req: VirtualMachine(1).ClassesBySignature(2)
10:34:41.837 INFO: JdwpDebugServer: handling req: VirtualMachine(1).Version(1)
10:34:41.839 INFO: JdwpDebugServer: handling req: ReferenceType(2).MethodsWithGeneric(15)
10:34:41.840 INFO: JdwpDebugServer: handling req: Method(6).LineTable(1)
10:34:41.841 INFO: JdwpDebugServer: handling req: EventRequest(15).Set(1)
10:34:41.842 INFO: JdwpEventCenterDelegate: jdwpSetEventRequest: JdwpEventRequest{requestId=102, eventKind=BREAKPOINT, suspendPolicy=NONE, predicates=[Location{classId=845, methodId=257, index=928} ]}
10:34:41.843 INFO: JdwpDebugServer: handling req: EventRequest(15).Set(1)
10:34:41.843 INFO: JdwpEventCenterDelegate: jdwpSetEventRequest: JdwpEventRequest{requestId=103, eventKind=THREAD_DEATH, suspendPolicy=NONE, predicates=[]}
10:34:41.843 INFO: JdwpDebugServer: handling req: VirtualMachine(1).AllThreads(4)
10:34:41.844 INFO: JdwpDebugServer: handling req: ThreadReference(11).ThreadGroup(5)
10:34:41.845 INFO: JdwpDebugServer: handling req: ThreadGroup(12).Name(1)
10:34:41.845 INFO: JdwpDebugServer: handling req: ThreadGroup(12).Parent(2)
10:34:41.846 INFO: JdwpDebugServer: handling req: ObjectReference(9).ReferenceType(1)
10:34:41.846 INFO: JdwpDebugServer: handling req: ReferenceType(2).FieldsWithGeneric(14)
10:34:41.847 INFO: JdwpDebugServer: handling req: ReferenceType(2).Interfaces(10)
10:34:41.848 INFO: JdwpDebugServer: handling req: ReferenceType(2).FieldsWithGeneric(14)
10:34:41.848 INFO: JdwpDebugServer: handling req: ReferenceType(2).Interfaces(10)
10:34:41.849 INFO: JdwpDebugServer: handling req: ClassType(3).Superclass(1)
10:34:41.849 INFO: JdwpDebugServer: handling req: ReferenceType(2).FieldsWithGeneric(14)
10:34:41.849 INFO: JdwpDebugServer: handling req: ReferenceType(2).Interfaces(10)
10:34:41.849 INFO: JdwpDebugServer: handling req: ClassType(3).Superclass(1)
10:34:41.850 INFO: JdwpDebugServer: handling req: ObjectReference(9).GetValues(2)
10:34:41.852 INFO: JdwpDebugServer: handling req: ThreadReference(11).Status(4)
10:34:41.852 INFO: JdwpDebugServer: handling req: ThreadReference(11).Status(4)
10:34:41.852 INFO: JdwpDebugServer: handling req: ThreadReference(11).ThreadGroup(5)
10:34:41.852 INFO: JdwpDebugServer: handling req: ObjectReference(9).ReferenceType(1)
10:34:41.853 INFO: JdwpDebugServer: handling req: ObjectReference(9).GetValues(2)
10:34:41.854 INFO: JdwpDebugServer: handling req: ThreadReference(11).Status(4)
10:34:41.854 INFO: JdwpDebugServer: handling req: ThreadReference(11).Status(4)
10:34:41.854 INFO: JdwpDebugServer: handling req: ThreadReference(11).ThreadGroup(5)
10:34:41.854 INFO: JdwpDebugServer: handling req: ObjectReference(9).ReferenceType(1)
10:34:41.854 INFO: JdwpDebugServer: handling req: ObjectReference(9).GetValues(2)
10:34:41.855 INFO: JdwpDebugServer: handling req: ThreadReference(11).Status(4)
10:34:41.855 INFO: JdwpDebugServer: handling req: ThreadReference(11).Status(4)
10:34:41.855 INFO: JdwpDebugServer: handling req: ThreadReference(11).ThreadGroup(5)
10:34:41.855 INFO: JdwpDebugServer: handling req: ObjectReference(9).ReferenceType(1)
10:34:41.856 INFO: JdwpDebugServer: handling req: ObjectReference(9).GetValues(2)
10:34:41.856 INFO: JdwpDebugServer: handling req: ThreadReference(11).Status(4)
10:34:41.856 INFO: JdwpDebugServer: handling req: ThreadReference(11).Status(4)
10:34:41.859 INFO: JdwpDebugServer: handling req: EventRequest(15).Set(1)
10:34:41.859 INFO: JdwpEventCenterDelegate: jdwpSetEventRequest: JdwpEventRequest{requestId=104, eventKind=CLASS_PREPARE, suspendPolicy=EVENT_THREAD, predicates=[className=java.lang.Throwable]}
10:34:41.865 INFO: JdwpDebugServer: handling req: EventRequest(15).Set(1)
10:34:41.865 INFO: JdwpEventCenterDelegate: jdwpSetEventRequest: JdwpEventRequest{requestId=105, eventKind=CLASS_PREPARE, suspendPolicy=EVENT_THREAD, predicates=[className=java.lang.Throwable$*]}
10:34:41.867 INFO: JdwpDebugServer: handling req: VirtualMachine(1).ClassesBySignature(2)
10:34:41.867 INFO: JdwpDebugServer: handling req: ReferenceType(2).MethodsWithGeneric(15)
10:34:41.868 INFO: JdwpDebugServer: handling req: Method(6).LineTable(1)
10:34:41.869 INFO: JdwpDebugServer: handling req: Method(6).LineTable(1)
10:34:41.869 INFO: JdwpDebugServer: handling req: Method(6).LineTable(1)
10:34:41.869 INFO: JdwpDebugServer: handling req: Method(6).LineTable(1)
10:34:41.869 INFO: JdwpDebugServer: handling req: Method(6).LineTable(1)
10:34:41.869 INFO: JdwpDebugServer: handling req: Method(6).LineTable(1)
10:34:41.869 INFO: JdwpDebugServer: handling req: Method(6).LineTable(1)
10:34:41.869 INFO: JdwpDebugServer: handling req: Method(6).LineTable(1)
10:34:41.870 INFO: JdwpDebugServer: handling req: Method(6).LineTable(1)
10:34:41.870 INFO: JdwpDebugServer: handling req: Method(6).LineTable(1)
10:34:41.870 INFO: JdwpDebugServer: handling req: Method(6).LineTable(1)
10:34:41.870 INFO: JdwpDebugServer: handling req: Method(6).LineTable(1)
10:34:41.870 INFO: JdwpDebugServer: handling req: Method(6).LineTable(1)
10:34:41.870 INFO: JdwpDebugServer: handling req: Method(6).LineTable(1)
10:34:41.871 INFO: JdwpDebugServer: handling req: Method(6).LineTable(1)
10:34:41.871 INFO: JdwpDebugServer: handling req: Method(6).LineTable(1)
10:34:41.871 INFO: JdwpDebugServer: handling req: Method(6).LineTable(1)
10:34:41.871 INFO: JdwpDebugServer: handling req: Method(6).LineTable(1)
10:34:41.871 INFO: JdwpDebugServer: handling req: Method(6).LineTable(1)
10:34:41.871 INFO: JdwpDebugServer: handling req: Method(6).LineTable(1)
10:34:41.871 INFO: JdwpDebugServer: handling req: Method(6).LineTable(1)
10:34:41.871 INFO: JdwpDebugServer: handling req: Method(6).LineTable(1)
10:34:41.872 INFO: JdwpDebugServer: handling req: Method(6).LineTable(1)
10:34:41.872 INFO: JdwpDebugServer: handling req: Method(6).LineTable(1)
10:34:41.872 INFO: JdwpDebugServer: handling req: VirtualMachine(1).ClassesBySignature(2)
10:34:41.872 INFO: JdwpDebugServer: handling req: VirtualMachine(1).AllClassesWithGeneric(20)
10:34:41.886 INFO: JdwpDebugServer: handling req: EventRequest(15).Set(1)
10:34:41.886 INFO: JdwpEventCenterDelegate: jdwpSetEventRequest: JdwpEventRequest{requestId=106, eventKind=CLASS_PREPARE, suspendPolicy=EVENT_THREAD, predicates=[className=com.badlogic.gdx.utils.ScreenUtils]}
10:34:41.887 INFO: JdwpDebugServer: handling req: EventRequest(15).Set(1)
10:34:41.887 INFO: JdwpEventCenterDelegate: jdwpSetEventRequest: JdwpEventRequest{requestId=107, eventKind=CLASS_PREPARE, suspendPolicy=EVENT_THREAD, predicates=[className=com.badlogic.gdx.utils.ScreenUtils$*]}
10:34:41.888 INFO: JdwpDebugServer: handling req: VirtualMachine(1).ClassesBySignature(2)
10:34:41.888 INFO: JdwpDebugServer: handling req: ReferenceType(2).MethodsWithGeneric(15)
10:34:41.888 INFO: JdwpDebugServer: handling req: Method(6).LineTable(1)
10:34:41.888 INFO: JdwpDebugServer: handling req: Method(6).LineTable(1)
10:34:41.888 INFO: JdwpDebugServer: handling req: Method(6).LineTable(1)
10:34:41.888 INFO: JdwpDebugServer: handling req: Method(6).LineTable(1)
10:34:41.888 INFO: JdwpDebugServer: handling req: Method(6).LineTable(1)
10:34:41.889 INFO: JdwpDebugServer: handling req: Method(6).LineTable(1)
10:34:41.889 INFO: JdwpDebugServer: handling req: Method(6).LineTable(1)
10:34:41.889 INFO: JdwpDebugServer: handling req: Method(6).LineTable(1)
10:34:41.889 INFO: JdwpDebugServer: handling req: Method(6).LineTable(1)
10:34:41.889 INFO: JdwpDebugServer: handling req: Method(6).LineTable(1)
10:34:41.889 INFO: JdwpDebugServer: handling req: EventRequest(15).Set(1)
10:34:41.889 INFO: JdwpEventCenterDelegate: jdwpSetEventRequest: JdwpEventRequest{requestId=108, eventKind=BREAKPOINT, suspendPolicy=EVENT_THREAD, predicates=[Location{classId=22240, methodId=1272, index=89} ]}
10:34:41.892 INFO: JdwpDebugServer: handling req: EventRequest(15).Set(1)
10:34:41.892 INFO: JdwpEventCenterDelegate: jdwpSetEventRequest: JdwpEventRequest{requestId=109, eventKind=CLASS_PREPARE, suspendPolicy=EVENT_THREAD, predicates=[className=com.badlogic.gdx.utils.ScreenUtils]}
10:34:41.893 INFO: JdwpDebugServer: handling req: EventRequest(15).Set(1)
10:34:41.893 INFO: JdwpEventCenterDelegate: jdwpSetEventRequest: JdwpEventRequest{requestId=110, eventKind=CLASS_PREPARE, suspendPolicy=EVENT_THREAD, predicates=[className=com.badlogic.gdx.utils.ScreenUtils$*]}
10:34:41.894 INFO: JdwpDebugServer: handling req: VirtualMachine(1).ClassesBySignature(2)
10:34:41.894 INFO: JdwpDebugServer: handling req: EventRequest(15).Set(1)
10:34:41.894 INFO: JdwpEventCenterDelegate: jdwpSetEventRequest: JdwpEventRequest{requestId=111, eventKind=BREAKPOINT, suspendPolicy=EVENT_THREAD, predicates=[Location{classId=22240, methodId=1267, index=72} ]}
10:34:41.894 INFO: JdwpDebugServer: handling req: EventRequest(15).Set(1)
10:34:41.894 INFO: JdwpEventCenterDelegate: jdwpSetEventRequest: JdwpEventRequest{requestId=112, eventKind=CLASS_PREPARE, suspendPolicy=EVENT_THREAD, predicates=[className=com.badlogic.gdx.graphics.g2d.PolygonSpriteBatch]}
10:34:41.895 INFO: JdwpDebugServer: handling req: EventRequest(15).Set(1)
10:34:41.895 INFO: JdwpEventCenterDelegate: jdwpSetEventRequest: JdwpEventRequest{requestId=113, eventKind=CLASS_PREPARE, suspendPolicy=EVENT_THREAD, predicates=[className=com.badlogic.gdx.graphics.g2d.PolygonSpriteBatch$*]}
10:34:41.896 INFO: JdwpDebugServer: handling req: VirtualMachine(1).ClassesBySignature(2)
10:34:41.896 INFO: JdwpDebugServer: handling req: ReferenceType(2).MethodsWithGeneric(15)
10:34:41.896 INFO: JdwpDebugServer: handling req: Method(6).LineTable(1)
10:34:41.897 INFO: JdwpDebugServer: handling req: Method(6).LineTable(1)
10:34:41.897 INFO: JdwpDebugServer: handling req: Method(6).LineTable(1)
10:34:41.897 INFO: JdwpDebugServer: handling req: Method(6).LineTable(1)
10:34:41.897 INFO: JdwpDebugServer: handling req: Method(6).LineTable(1)
10:34:41.897 INFO: JdwpDebugServer: handling req: Method(6).LineTable(1)
10:34:41.897 INFO: JdwpDebugServer: handling req: Method(6).LineTable(1)
10:34:41.897 INFO: JdwpDebugServer: handling req: Method(6).LineTable(1)
10:34:41.897 INFO: JdwpDebugServer: handling req: Method(6).LineTable(1)
10:34:41.897 INFO: JdwpDebugServer: handling req: Method(6).LineTable(1)
10:34:41.898 INFO: JdwpDebugServer: handling req: Method(6).LineTable(1)
10:34:41.898 INFO: JdwpDebugServer: handling req: Method(6).LineTable(1)
10:34:41.898 INFO: JdwpDebugServer: handling req: Method(6).LineTable(1)
10:34:41.898 INFO: JdwpDebugServer: handling req: Method(6).LineTable(1)
10:34:41.898 INFO: JdwpDebugServer: handling req: Method(6).LineTable(1)
10:34:41.898 INFO: JdwpDebugServer: handling req: Method(6).LineTable(1)
10:34:41.898 INFO: JdwpDebugServer: handling req: Method(6).LineTable(1)
10:34:41.898 INFO: JdwpDebugServer: handling req: Method(6).LineTable(1)
10:34:41.899 INFO: JdwpDebugServer: handling req: Method(6).LineTable(1)
10:34:41.899 INFO: JdwpDebugServer: handling req: Method(6).LineTable(1)
10:34:41.899 INFO: JdwpDebugServer: handling req: Method(6).LineTable(1)
10:34:41.899 INFO: JdwpDebugServer: handling req: Method(6).LineTable(1)
10:34:41.899 INFO: JdwpDebugServer: handling req: Method(6).LineTable(1)
10:34:41.899 INFO: JdwpDebugServer: handling req: Method(6).LineTable(1)
10:34:41.899 INFO: JdwpDebugServer: handling req: Method(6).LineTable(1)
10:34:41.900 INFO: JdwpDebugServer: handling req: Method(6).LineTable(1)
10:34:41.900 INFO: JdwpDebugServer: handling req: Method(6).LineTable(1)
10:34:41.900 INFO: JdwpDebugServer: handling req: Method(6).LineTable(1)
10:34:41.900 INFO: JdwpDebugServer: handling req: Method(6).LineTable(1)
10:34:41.900 INFO: JdwpDebugServer: handling req: Method(6).LineTable(1)
10:34:41.900 INFO: JdwpDebugServer: handling req: Method(6).LineTable(1)
10:34:41.900 INFO: JdwpDebugServer: handling req: Method(6).LineTable(1)
10:34:41.901 INFO: JdwpDebugServer: handling req: Method(6).LineTable(1)
10:34:41.901 INFO: JdwpDebugServer: handling req: Method(6).LineTable(1)
10:34:41.901 INFO: JdwpDebugServer: handling req: Method(6).LineTable(1)
10:34:41.901 INFO: JdwpDebugServer: handling req: Method(6).LineTable(1)
10:34:41.901 INFO: JdwpDebugServer: handling req: Method(6).LineTable(1)
10:34:41.901 INFO: JdwpDebugServer: handling req: Method(6).LineTable(1)
10:34:41.901 INFO: JdwpDebugServer: handling req: Method(6).LineTable(1)
10:34:41.901 INFO: JdwpDebugServer: handling req: Method(6).LineTable(1)
10:34:41.902 INFO: JdwpDebugServer: handling req: Method(6).LineTable(1)
10:34:41.902 INFO: JdwpDebugServer: handling req: Method(6).LineTable(1)
10:34:41.902 INFO: JdwpDebugServer: handling req: Method(6).LineTable(1)
10:34:41.902 INFO: JdwpDebugServer: handling req: Method(6).LineTable(1)
10:34:41.902 INFO: JdwpDebugServer: handling req: Method(6).LineTable(1)
10:34:41.902 INFO: JdwpDebugServer: handling req: Method(6).LineTable(1)
10:34:41.902 INFO: JdwpDebugServer: handling req: Method(6).LineTable(1)
10:34:41.902 INFO: JdwpDebugServer: handling req: EventRequest(15).Set(1)
10:34:41.902 INFO: JdwpEventCenterDelegate: jdwpSetEventRequest: JdwpEventRequest{requestId=114, eventKind=BREAKPOINT, suspendPolicy=EVENT_THREAD, predicates=[Location{classId=15500, methodId=1307, index=142} ]}
10:34:41.903 INFO: JdwpDebugServer: handling req: EventRequest(15).Set(1)
10:34:41.903 INFO: JdwpEventCenterDelegate: jdwpSetEventRequest: JdwpEventRequest{requestId=115, eventKind=CLASS_PREPARE, suspendPolicy=EVENT_THREAD, predicates=[className=com.badlogic.gdx.graphics.g2d.SpriteBatch]}
10:34:41.904 INFO: JdwpDebugServer: handling req: EventRequest(15).Set(1)
10:34:41.904 INFO: JdwpEventCenterDelegate: jdwpSetEventRequest: JdwpEventRequest{requestId=116, eventKind=CLASS_PREPARE, suspendPolicy=EVENT_THREAD, predicates=[className=com.badlogic.gdx.graphics.g2d.SpriteBatch$*]}
10:34:41.905 INFO: JdwpDebugServer: handling req: VirtualMachine(1).ClassesBySignature(2)
10:34:41.905 INFO: JdwpDebugServer: handling req: ReferenceType(2).MethodsWithGeneric(15)
10:34:41.905 INFO: JdwpDebugServer: handling req: Method(6).LineTable(1)
10:34:41.905 INFO: JdwpDebugServer: handling req: Method(6).LineTable(1)
10:34:41.905 INFO: JdwpDebugServer: handling req: Method(6).LineTable(1)
10:34:41.906 INFO: JdwpDebugServer: handling req: Method(6).LineTable(1)
10:34:41.906 INFO: JdwpDebugServer: handling req: Method(6).LineTable(1)
10:34:41.906 INFO: JdwpDebugServer: handling req: Method(6).LineTable(1)
10:34:41.906 INFO: JdwpDebugServer: handling req: Method(6).LineTable(1)
10:34:41.906 INFO: JdwpDebugServer: handling req: Method(6).LineTable(1)
10:34:41.906 INFO: JdwpDebugServer: handling req: Method(6).LineTable(1)
10:34:41.906 INFO: JdwpDebugServer: handling req: Method(6).LineTable(1)
10:34:41.906 INFO: JdwpDebugServer: handling req: Method(6).LineTable(1)
10:34:41.906 INFO: JdwpDebugServer: handling req: Method(6).LineTable(1)
10:34:41.906 INFO: JdwpDebugServer: handling req: Method(6).LineTable(1)
10:34:41.906 INFO: JdwpDebugServer: handling req: Method(6).LineTable(1)
10:34:41.907 INFO: JdwpDebugServer: handling req: Method(6).LineTable(1)
10:34:41.907 INFO: JdwpDebugServer: handling req: Method(6).LineTable(1)
10:34:41.907 INFO: JdwpDebugServer: handling req: Method(6).LineTable(1)
10:34:41.907 INFO: JdwpDebugServer: handling req: Method(6).LineTable(1)
10:34:41.907 INFO: JdwpDebugServer: handling req: Method(6).LineTable(1)
10:34:41.907 INFO: JdwpDebugServer: handling req: Method(6).LineTable(1)
10:34:41.907 INFO: JdwpDebugServer: handling req: Method(6).LineTable(1)
10:34:41.908 INFO: JdwpDebugServer: handling req: Method(6).LineTable(1)
10:34:41.908 INFO: JdwpDebugServer: handling req: Method(6).LineTable(1)
10:34:41.908 INFO: JdwpDebugServer: handling req: Method(6).LineTable(1)
10:34:41.908 INFO: JdwpDebugServer: handling req: Method(6).LineTable(1)
10:34:41.908 INFO: JdwpDebugServer: handling req: Method(6).LineTable(1)
10:34:41.908 INFO: JdwpDebugServer: handling req: Method(6).LineTable(1)
10:34:41.908 INFO: JdwpDebugServer: handling req: Method(6).LineTable(1)
10:34:41.909 INFO: JdwpDebugServer: handling req: Method(6).LineTable(1)
10:34:41.909 INFO: JdwpDebugServer: handling req: Method(6).LineTable(1)
10:34:41.909 INFO: JdwpDebugServer: handling req: Method(6).LineTable(1)
10:34:41.909 INFO: JdwpDebugServer: handling req: Method(6).LineTable(1)
10:34:41.909 INFO: JdwpDebugServer: handling req: Method(6).LineTable(1)
10:34:41.909 INFO: JdwpDebugServer: handling req: Method(6).LineTable(1)
10:34:41.909 INFO: JdwpDebugServer: handling req: Method(6).LineTable(1)
10:34:41.909 INFO: JdwpDebugServer: handling req: Method(6).LineTable(1)
10:34:41.910 INFO: JdwpDebugServer: handling req: Method(6).LineTable(1)
10:34:41.910 INFO: JdwpDebugServer: handling req: Method(6).LineTable(1)
10:34:41.910 INFO: JdwpDebugServer: handling req: Method(6).LineTable(1)
10:34:41.910 INFO: JdwpDebugServer: handling req: Method(6).LineTable(1)
10:34:41.910 INFO: JdwpDebugServer: handling req: Method(6).LineTable(1)
10:34:41.910 INFO: JdwpDebugServer: handling req: Method(6).LineTable(1)
10:34:41.910 INFO: JdwpDebugServer: handling req: Method(6).LineTable(1)
10:34:41.910 INFO: JdwpDebugServer: handling req: Method(6).LineTable(1)
10:34:41.911 INFO: JdwpDebugServer: handling req: EventRequest(15).Set(1)
10:34:41.911 INFO: JdwpEventCenterDelegate: jdwpSetEventRequest: JdwpEventRequest{requestId=117, eventKind=BREAKPOINT, suspendPolicy=EVENT_THREAD, predicates=[Location{classId=18040, methodId=1542, index=163} ]}
10:34:41.911 INFO: JdwpDebugServer: handling req: EventRequest(15).Set(1)
10:34:41.911 INFO: JdwpEventCenterDelegate: jdwpSetEventRequest: JdwpEventRequest{requestId=118, eventKind=CLASS_PREPARE, suspendPolicy=EVENT_THREAD, predicates=[className=com.badlogic.gdx.graphics.g2d.PolygonSpriteBatch]}
10:34:41.912 INFO: JdwpDebugServer: handling req: EventRequest(15).Set(1)
10:34:41.912 INFO: JdwpEventCenterDelegate: jdwpSetEventRequest: JdwpEventRequest{requestId=119, eventKind=CLASS_PREPARE, suspendPolicy=EVENT_THREAD, predicates=[className=com.badlogic.gdx.graphics.g2d.PolygonSpriteBatch$*]}
10:34:41.913 INFO: JdwpDebugServer: handling req: VirtualMachine(1).ClassesBySignature(2)
10:34:41.913 INFO: JdwpDebugServer: handling req: EventRequest(15).Set(1)
10:34:41.913 INFO: JdwpEventCenterDelegate: jdwpSetEventRequest: JdwpEventRequest{requestId=120, eventKind=BREAKPOINT, suspendPolicy=EVENT_THREAD, predicates=[Location{classId=15500, methodId=1307, index=141} ]}
10:34:41.913 INFO: JdwpDebugServer: handling req: EventRequest(15).Set(1)
10:34:41.913 INFO: JdwpEventCenterDelegate: jdwpSetEventRequest: JdwpEventRequest{requestId=121, eventKind=CLASS_PREPARE, suspendPolicy=EVENT_THREAD, predicates=[className=com.scottlogic.util.GL32CMacIssueHandler]}
10:34:41.914 INFO: JdwpDebugServer: handling req: EventRequest(15).Set(1)
10:34:41.914 INFO: JdwpEventCenterDelegate: jdwpSetEventRequest: JdwpEventRequest{requestId=122, eventKind=CLASS_PREPARE, suspendPolicy=EVENT_THREAD, predicates=[className=com.scottlogic.util.GL32CMacIssueHandler$*]}
10:34:41.915 INFO: JdwpDebugServer: handling req: VirtualMachine(1).ClassesBySignature(2)
10:34:41.915 INFO: JdwpDebugServer: handling req: ReferenceType(2).MethodsWithGeneric(15)
10:34:41.915 INFO: JdwpDebugServer: handling req: Method(6).LineTable(1)
10:34:41.916 INFO: JdwpDebugServer: handling req: Method(6).LineTable(1)
10:34:41.916 INFO: JdwpDebugServer: handling req: Method(6).LineTable(1)
10:34:41.916 INFO: JdwpDebugServer: handling req: Method(6).LineTable(1)
10:34:41.916 INFO: JdwpDebugServer: handling req: Method(6).LineTable(1)
10:34:41.916 INFO: JdwpDebugServer: handling req: EventRequest(15).Set(1)
10:34:41.916 INFO: JdwpEventCenterDelegate: jdwpSetEventRequest: JdwpEventRequest{requestId=123, eventKind=BREAKPOINT, suspendPolicy=EVENT_THREAD, predicates=[Location{classId=21445, methodId=1762, index=128} ]}
10:34:41.916 INFO: JdwpDebugServer: handling req: EventRequest(15).Set(1)
10:34:41.916 INFO: JdwpEventCenterDelegate: jdwpSetEventRequest: JdwpEventRequest{requestId=124, eventKind=CLASS_PREPARE, suspendPolicy=EVENT_THREAD, predicates=[className=com.scottlogic.util.ShaderProgramFactory]}
10:34:41.917 INFO: JdwpDebugServer: handling req: EventRequest(15).Set(1)
10:34:41.917 INFO: JdwpEventCenterDelegate: jdwpSetEventRequest: JdwpEventRequest{requestId=125, eventKind=CLASS_PREPARE, suspendPolicy=EVENT_THREAD, predicates=[className=com.scottlogic.util.ShaderProgramFactory$*]}
10:34:41.920 INFO: JdwpDebugServer: handling req: VirtualMachine(1).ClassesBySignature(2)
10:34:41.920 INFO: JdwpDebugServer: handling req: ReferenceType(2).MethodsWithGeneric(15)
10:34:41.921 INFO: JdwpDebugServer: handling req: Method(6).LineTable(1)
10:34:41.921 INFO: JdwpDebugServer: handling req: Method(6).LineTable(1)
10:34:41.921 INFO: JdwpDebugServer: handling req: Method(6).LineTable(1)
10:34:41.921 INFO: JdwpDebugServer: handling req: Method(6).LineTable(1)
10:34:41.921 INFO: JdwpDebugServer: handling req: Method(6).LineTable(1)
10:34:41.921 INFO: JdwpDebugServer: handling req: EventRequest(15).Set(1)
10:34:41.921 INFO: JdwpEventCenterDelegate: jdwpSetEventRequest: JdwpEventRequest{requestId=126, eventKind=BREAKPOINT, suspendPolicy=EVENT_THREAD, predicates=[Location{classId=20400, methodId=1787, index=106} ]}
10:34:41.922 INFO: JdwpDebugServer: handling req: VirtualMachine(1).capabilitiesNew(17)
10:34:41.924 INFO: JdwpDebugServer: handling req: EventRequest(15).Set(1)
10:34:41.924 INFO: JdwpEventCenterDelegate: jdwpSetEventRequest: JdwpEventRequest{requestId=127, eventKind=CLASS_PREPARE, suspendPolicy=EVENT_THREAD, predicates=[className=java.lang.Error]}
10:34:41.925 INFO: JdwpDebugServer: handling req: EventRequest(15).Set(1)
10:34:41.925 INFO: JdwpEventCenterDelegate: jdwpSetEventRequest: JdwpEventRequest{requestId=128, eventKind=CLASS_PREPARE, suspendPolicy=EVENT_THREAD, predicates=[className=java.lang.Error$*]}
10:34:41.927 INFO: JdwpDebugServer: handling req: VirtualMachine(1).ClassesBySignature(2)
10:34:41.927 INFO: JdwpDebugServer: handling req: EventRequest(15).Set(1)
10:34:41.927 INFO: JdwpEventCenterDelegate: jdwpSetEventRequest: JdwpEventRequest{requestId=129, eventKind=EXCEPTION, suspendPolicy=EVENT_THREAD, predicates=[exceptionType=3425(caught=true, uncaught=true)]}
10:34:41.972 INFO: JdwpDebugServer: handling req: EventRequest(15).Set(1)
10:34:41.972 INFO: JdwpEventCenterDelegate: jdwpSetEventRequest: JdwpEventRequest{requestId=130, eventKind=CLASS_PREPARE, suspendPolicy=EVENT_THREAD, predicates=[className=java.lang.Throwable]}
10:34:41.973 INFO: JdwpDebugServer: handling req: EventRequest(15).Set(1)
10:34:41.973 INFO: JdwpEventCenterDelegate: jdwpSetEventRequest: JdwpEventRequest{requestId=131, eventKind=CLASS_PREPARE, suspendPolicy=EVENT_THREAD, predicates=[className=java.lang.Throwable$*]}
10:34:41.975 INFO: JdwpDebugServer: handling req: VirtualMachine(1).ClassesBySignature(2)
10:34:41.976 INFO: JdwpDebugServer: handling req: EventRequest(15).Set(1)
10:34:41.976 INFO: JdwpEventCenterDelegate: jdwpSetEventRequest: JdwpEventRequest{requestId=132, eventKind=EXCEPTION, suspendPolicy=EVENT_THREAD, predicates=[exceptionType=7695(caught=false, uncaught=true)]}
10:34:41.978 INFO: JdwpDebugServer: handling req: ThreadReference(11).SuspendCount(12)
10:34:41.978 INFO: JdwpDebugServer: handling req: ThreadReference(11).SuspendCount(12)
10:34:41.979 INFO: JdwpDebugServer: handling req: ThreadReference(11).SuspendCount(12)
10:34:41.979 INFO: JdwpDebugServer: handling req: ThreadReference(11).SuspendCount(12)
10:34:41.979 INFO: JdwpDebugServer: handling req: VirtualMachine(1).AllThreads(4)
10:34:41.979 INFO: JdwpDebugServer: handling req: VirtualMachine(1).Resume(9)
10:34:42.043 INFO: JdwpEventCenterDelegate: THREAD_RESUMED: thread (33, main, main)
10:34:42.043 INFO: JdwpEventCenterDelegate: THREAD_RESUMED: thread (33, main, main)
10:34:42.044 INFO: JdwpEventCenterDelegate: THREAD_RESUMED: thread (33, main, main)
10:34:42.044 INFO: JdwpEventCenterDelegate: THREAD_RESUMED: thread (33, main, main)
10:34:42.045 INFO: JdwpEventCenterDelegate: THREAD_RESUMED: thread (33, main, main)
10:34:42.045 INFO: JdwpEventCenterDelegate: THREAD_RESUMED: thread (33, main, main)
10:34:42.045 INFO: JdwpEventCenterDelegate: THREAD_RESUMED: thread (33, main, main)
10:34:42.047 INFO: JdwpEventCenterDelegate: THREAD_RESUMED: thread (33, main, main)
10:34:42.048 INFO: JdwpEventCenterDelegate: THREAD_RESUMED: thread (33, main, main)
10:34:42.048 INFO: JdwpEventCenterDelegate: THREAD_RESUMED: thread (33, main, main)
10:34:42.049 INFO: JdwpEventCenterDelegate: THREAD_RESUMED: thread (33, main, main)
10:34:42.054 INFO: JdwpEventCenterDelegate: THREAD_RESUMED: thread (33, main, main)
10:34:42.054 INFO: JdwpEventCenterDelegate: THREAD_RESUMED: thread (33, main, main)
10:34:42.055 INFO: JdwpEventCenterDelegate: THREAD_RESUMED: thread (33, main, main)
10:34:42.115 INFO: JdwpEventCenterDelegate: THREAD_RESUMED: thread (33, main, main)
10:34:42.115 INFO: JdwpEventCenterDelegate: THREAD_RESUMED: thread (33, main, main)
10:34:42.116 INFO: JdwpEventCenterDelegate: THREAD_RESUMED: thread (33, main, main)
10:34:42.123 INFO: JdwpEventCenterDelegate: THREAD_RESUMED: thread (33, main, main)
10:34:42.123 INFO: JdwpEventCenterDelegate: THREAD_RESUMED: thread (33, main, main)
10:34:42.124 INFO: JdwpEventCenterDelegate: THREAD_RESUMED: thread (33, main, main)
10:34:42.377 INFO: JdwpEventCenterDelegate: THREAD_RESUMED: thread (33, main, main)
10:34:42.377 INFO: JdwpEventCenterDelegate: THREAD_RESUMED: thread (33, main, main)
10:34:42.378 INFO: JdwpEventCenterDelegate: THREAD_RESUMED: thread (33, main, main)
10:34:42.440 INFO: JdwpEventCenterDelegate: THREAD_RESUMED: thread (33, main, main)
10:34:42.440 INFO: JdwpEventCenterDelegate: THREAD_RESUMED: thread (33, main, main)
10:34:42.441 INFO: JdwpEventCenterDelegate: THREAD_RESUMED: thread (33, main, main)
10:34:42.464 INFO: JdwpEventCenterDelegate: THREAD_RESUMED: thread (33, main, main)
10:34:42.465 INFO: JdwpEventCenterDelegate: THREAD_RESUMED: thread (33, main, main)
10:34:42.465 INFO: JdwpEventCenterDelegate: THREAD_RESUMED: thread (33, main, main)
10:34:42.469 INFO: JdwpDebugServer: handling req: ThreadReference(11).Name(1)
10:34:42.470 INFO: JdwpDebugServer: handling req: ThreadReference(11).Name(1)
10:34:42.470 INFO: JdwpDebugServer: handling req: ThreadReference(11).Name(1)
10:34:42.471 INFO: JdwpDebugServer: handling req: ThreadReference(11).Name(1)
10:34:42.489 INFO: JdwpEventCenterDelegate: THREAD_RESUMED: thread (33, main, main)
10:34:42.490 INFO: JdwpEventCenterDelegate: THREAD_RESUMED: thread (33, main, main)
10:34:42.490 INFO: JdwpEventCenterDelegate: THREAD_RESUMED: thread (33, main, main)
10:34:42.491 INFO: JdwpEventCenterDelegate: THREAD_RESUMED: thread (33, main, main)
10:34:42.497 INFO: JdwpEventCenterDelegate: THREAD_RESUMED: thread (33, main, main)
10:34:42.498 INFO: JdwpEventCenterDelegate: THREAD_RESUMED: thread (33, main, main)
10:34:43.025 INFO: JdwpEventCenterDelegate: THREAD_RESUMED: thread (33, main, main)
10:34:43.025 INFO: JdwpEventCenterDelegate: THREAD_RESUMED: thread (33, main, main)
10:34:43.043 INFO: JdwpEventCenterDelegate: THREAD_RESUMED: thread (33, main, main)
10:34:43.043 INFO: JdwpEventCenterDelegate: THREAD_RESUMED: thread (33, main, main)
10:34:43.044 INFO: JdwpEventCenterDelegate: THREAD_RESUMED: thread (33, main, main)
10:34:43.044 INFO: JdwpEventCenterDelegate: THREAD_RESUMED: thread (33, main, main)
10:34:43.116 INFO: JdwpEventCenterDelegate: THREAD_RESUMED: thread (33, main, main)
10:34:43.496 INFO: JdwpDebugServer: handling req: EventRequest(15).Set(1)
10:34:43.496 INFO: JdwpEventCenterDelegate: jdwpSetEventRequest: JdwpEventRequest{requestId=133, eventKind=BREAKPOINT, suspendPolicy=EVENT_THREAD, predicates=[Location{classId=15500, methodId=1307, index=142} ]}
10:34:43.500 INFO: JdwpDebugServer: handling req: EventRequest(15).Set(1)
10:34:43.501 INFO: JdwpEventCenterDelegate: jdwpSetEventRequest: JdwpEventRequest{requestId=134, eventKind=BREAKPOINT, suspendPolicy=EVENT_THREAD, predicates=[Location{classId=15500, methodId=1307, index=141} ]}
10:34:43.505 INFO: JdwpDebugServer: handling req: ThreadReference(11).Resume(3)
10:34:43.505 INFO: JdwpEventCenterDelegate: THREAD_RESUMED: thread (33, main, main)
10:34:43.506 INFO: JdwpDebugServer: handling req: EventRequest(15).Set(1)
10:34:43.506 INFO: JdwpEventCenterDelegate: jdwpSetEventRequest: JdwpEventRequest{requestId=135, eventKind=BREAKPOINT, suspendPolicy=EVENT_THREAD, predicates=[Location{classId=21445, methodId=1762, index=128} ]}
10:34:43.513 INFO: JdwpDebugServer: handling req: ThreadReference(11).Resume(3)
10:34:43.514 INFO: JdwpEventCenterDelegate: THREAD_RESUMED: thread (33, main, main)
10:34:43.518 INFO: JdwpDebugServer: handling req: ThreadReference(11).Frames(6)
10:34:43.519 INFO: JdwpDebugServer: handling req: ReferenceType(2).MethodsWithGeneric(15)
10:34:43.519 INFO: JdwpDebugServer: handling req: ReferenceType(2).MethodsWithGeneric(15)
10:34:43.519 INFO: JdwpDebugServer: handling req: ReferenceType(2).MethodsWithGeneric(15)
10:34:43.519 INFO: JdwpDebugServer: handling req: ReferenceType(2).MethodsWithGeneric(15)
10:34:43.519 INFO: JdwpDebugServer: handling req: ReferenceType(2).MethodsWithGeneric(15)
10:34:43.520 INFO: JdwpDebugServer: handling req: ReferenceType(2).MethodsWithGeneric(15)
10:34:43.524 INFO: JdwpDebugServer: handling req: ThreadReference(11).FramesCount(7)
10:34:43.524 INFO: JdwpDebugServer: handling req: ThreadReference(11).FramesCount(7)
10:34:43.740 INFO: JdwpDebugServer: handling req: ThreadReference(11).Name(1)
10:34:43.741 INFO: JdwpDebugServer: handling req: ThreadReference(11).Name(1)
10:34:43.741 INFO: JdwpDebugServer: handling req: ThreadReference(11).Name(1)
10:34:43.741 INFO: JdwpDebugServer: handling req: ReferenceType(2).SignatureWithGeneric(13)
10:34:43.741 INFO: JdwpDebugServer: handling req: ThreadReference(11).Name(1)
10:34:43.742 INFO: JdwpDebugServer: handling req: ThreadReference(11).Name(1)
10:34:43.791 INFO: JdwpDebugServer: handling req: ReferenceType(2).FieldsWithGeneric(14)
10:34:43.791 INFO: JdwpDebugServer: handling req: ReferenceType(2).Interfaces(10)
10:34:43.791 INFO: JdwpDebugServer: handling req: ClassType(3).Superclass(1)
10:34:43.791 INFO: JdwpDebugServer: handling req: ClassType(3).Superclass(1)
10:34:43.792 INFO: JdwpDebugServer: handling req: Method(6).VariableTableWithGenerics(5)
10:34:43.809 INFO: JdwpDebugServer: handling req: ReferenceType(2).SourceFile(7)
10:34:43.825 INFO: JdwpDebugServer: handling req: StackFrame(16).GetValues(1)
10:34:43.828 INFO: JdwpDebugServer: handling req: ObjectReference(9).ReferenceType(1)
10:34:43.828 INFO: JdwpDebugServer: handling req: StackFrame(16).GetValues(1)
10:34:43.828 INFO: JdwpDebugServer: handling req: ReferenceType(2).FieldsWithGeneric(14)
10:34:43.829 INFO: JdwpDebugServer: handling req: ReferenceType(2).Interfaces(10)
10:34:43.829 INFO: JdwpDebugServer: handling req: StackFrame(16).GetValues(1)
10:34:43.829 INFO: JdwpDebugServer: handling req: ReferenceType(2).FieldsWithGeneric(14)
10:34:43.829 INFO: JdwpDebugServer: handling req: ReferenceType(2).Interfaces(10)
10:34:43.829 INFO: JdwpDebugServer: handling req: ClassType(3).Superclass(1)
10:34:43.829 INFO: JdwpDebugServer: handling req: ReferenceType(2).FieldsWithGeneric(14)
10:34:43.829 INFO: JdwpDebugServer: handling req: ReferenceType(2).Interfaces(10)
10:34:43.829 INFO: JdwpDebugServer: handling req: ClassType(3).Superclass(1)
10:34:43.829 INFO: JdwpDebugServer: handling req: ReferenceType(2).FieldsWithGeneric(14)
10:34:43.829 INFO: JdwpDebugServer: handling req: ReferenceType(2).Interfaces(10)
10:34:43.829 INFO: JdwpDebugServer: handling req: ReferenceType(2).Interfaces(10)
10:34:43.829 INFO: JdwpDebugServer: handling req: ClassType(3).Superclass(1)
10:34:43.830 INFO: JdwpDebugServer: handling req: StackFrame(16).GetValues(1)
10:34:43.830 INFO: JdwpDebugServer: handling req: StackFrame(16).GetValues(1)
10:34:43.830 INFO: JdwpDebugServer: handling req: ObjectReference(9).ReferenceType(1)
10:34:43.830 INFO: JdwpDebugServer: handling req: StackFrame(16).GetValues(1)
10:34:43.830 INFO: JdwpDebugServer: handling req: StackFrame(16).GetValues(1)
10:34:43.830 INFO: JdwpDebugServer: handling req: StringReference(10).Value(1)
10:34:43.832 INFO: JdwpDebugServer: handling req: StackFrame(16).GetValues(1)
10:34:43.832 INFO: JdwpDebugServer: handling req: StackFrame(16).GetValues(1)
10:34:43.833 INFO: JdwpDebugServer: handling req: StackFrame(16).GetValues(1)
10:34:43.833 INFO: JdwpDebugServer: handling req: StackFrame(16).GetValues(1)
10:34:43.833 INFO: JdwpDebugServer: handling req: ClassType(3).Superclass(1)
10:34:43.833 INFO: JdwpDebugServer: handling req: StackFrame(16).GetValues(1)
10:34:43.833 INFO: JdwpDebugServer: handling req: StackFrame(16).GetValues(1)
10:34:43.834 INFO: JdwpDebugServer: handling req: StackFrame(16).GetValues(1)
10:34:43.834 INFO: JdwpDebugServer: handling req: StringReference(10).Value(1)
10:34:43.834 INFO: JdwpDebugServer: handling req: StackFrame(16).GetValues(1)
10:34:43.835 INFO: JdwpDebugServer: handling req: StackFrame(16).GetValues(1)
10:34:43.859 INFO: JdwpDebugServer: handling req: ThreadReference(11).FramesCount(7)
10:34:43.860 INFO: JdwpDebugServer: handling req: ThreadReference(11).Name(1)
10:34:43.861 INFO: JdwpDebugServer: handling req: ThreadReference(11).Name(1)
10:34:43.861 INFO: JdwpDebugServer: handling req: ThreadReference(11).Name(1)
10:34:43.861 INFO: JdwpDebugServer: handling req: ThreadReference(11).Name(1)
10:34:43.867 INFO: JdwpDebugServer: handling req: ThreadReference(11).FramesCount(7)
10:34:43.871 INFO: JdwpDebugServer: handling req: StackFrame(16).ThisObject(3)
10:34:43.872 INFO: JdwpDebugServer: handling req: ObjectReference(9).ReferenceType(1)
10:34:43.872 INFO: JdwpDebugServer: handling req: Method(6).LineTable(1)
10:34:43.872 INFO: JdwpDebugServer: handling req: StackFrame(16).ThisObject(3)
10:34:43.872 INFO: JdwpDebugServer: handling req: ObjectReference(9).ReferenceType(1)
10:34:43.872 INFO: JdwpDebugServer: handling req: Method(6).LineTable(1)
10:34:43.873 INFO: JdwpDebugServer: handling req: StackFrame(16).ThisObject(3)
10:34:43.873 INFO: JdwpDebugServer: handling req: ObjectReference(9).ReferenceType(1)
10:34:43.873 INFO: JdwpDebugServer: handling req: Method(6).LineTable(1)
10:34:43.873 INFO: JdwpDebugServer: handling req: StackFrame(16).ThisObject(3)
10:34:43.874 INFO: JdwpDebugServer: handling req: ObjectReference(9).ReferenceType(1)
10:34:43.874 INFO: JdwpDebugServer: handling req: Method(6).LineTable(1)
10:34:43.874 INFO: JdwpDebugServer: handling req: StackFrame(16).ThisObject(3)
10:34:43.874 INFO: JdwpDebugServer: handling req: ObjectReference(9).ReferenceType(1)
10:34:43.875 INFO: JdwpDebugServer: handling req: Method(6).LineTable(1)
10:34:43.875 INFO: JdwpDebugServer: handling req: Method(6).LineTable(1)
10:34:43.875 INFO: JdwpDebugServer: handling req: Method(6).LineTable(1)
10:34:49.439 INFO: JdwpDebugServer: handling req: StackFrame(16).GetValues(1)
10:34:49.440 INFO: JdwpDebugServer: handling req: ReferenceType(2).SourceFile(7)
10:34:49.440 INFO: JdwpDebugServer: handling req: StackFrame(16).GetValues(1)
10:34:49.441 INFO: JdwpDebugServer: handling req: StackFrame(16).GetValues(1)
10:34:49.480 INFO: JdwpDebugServer: handling req: StackFrame(16).GetValues(1)
10:34:49.481 INFO: JdwpDebugServer: handling req: ClassType(3).Superclass(1)
10:34:49.481 INFO: JdwpDebugServer: handling req: StringReference(10).Value(1)
10:34:52.528 INFO: JdwpDebugServer: handling req: ThreadReference(11).Resume(3)
10:34:52.529 INFO: JdwpEventCenterDelegate: THREAD_RESUMED: thread (33, main, main)
10:34:52.532 INFO: JdwpDebugServer: handling req: EventRequest(15).Set(1)
10:34:52.532 INFO: JdwpEventCenterDelegate: jdwpSetEventRequest: JdwpEventRequest{requestId=136, eventKind=BREAKPOINT, suspendPolicy=EVENT_THREAD, predicates=[Location{classId=20400, methodId=1787, index=106} ]}
10:34:52.539 INFO: JdwpDebugServer: handling req: ThreadReference(11).Resume(3)
10:34:52.540 INFO: JdwpEventCenterDelegate: THREAD_RESUMED: thread (33, main, main)
10:34:52.554 INFO: JdwpDebugServer: handling req: ThreadReference(11).Name(1)
10:34:52.555 INFO: JdwpDebugServer: handling req: ThreadReference(11).Name(1)
10:34:52.555 INFO: JdwpDebugServer: handling req: ThreadReference(11).Name(1)
10:34:52.561 INFO: JdwpDebugServer: handling req: ThreadReference(11).Frames(6)
10:34:52.562 INFO: JdwpDebugServer: handling req: ThreadReference(11).FramesCount(7)
10:34:52.562 INFO: JdwpDebugServer: handling req: ThreadReference(11).FramesCount(7)
10:34:52.664 INFO: JdwpDebugServer: handling req: ReferenceType(2).SignatureWithGeneric(13)
10:34:52.664 INFO: JdwpDebugServer: handling req: ThreadReference(11).Name(1)
10:34:52.665 INFO: JdwpDebugServer: handling req: ThreadReference(11).Name(1)
10:34:52.665 INFO: JdwpDebugServer: handling req: ThreadReference(11).Name(1)
10:34:52.665 INFO: JdwpDebugServer: handling req: ThreadReference(11).Name(1)
10:34:52.665 INFO: JdwpDebugServer: handling req: ThreadReference(11).Name(1)
10:34:52.706 INFO: JdwpDebugServer: handling req: ReferenceType(2).FieldsWithGeneric(14)
10:34:52.706 INFO: JdwpDebugServer: handling req: ThreadReference(11).FramesCount(7)
10:34:52.706 INFO: JdwpDebugServer: handling req: ReferenceType(2).Interfaces(10)
10:34:52.707 INFO: JdwpDebugServer: handling req: ClassType(3).Superclass(1)
10:34:52.707 INFO: JdwpDebugServer: handling req: Method(6).VariableTableWithGenerics(5)
10:34:52.721 INFO: JdwpDebugServer: handling req: ReferenceType(2).SourceFile(7)
10:34:52.725 INFO: JdwpDebugServer: handling req: ThreadReference(11).Name(1)
10:34:52.725 INFO: JdwpDebugServer: handling req: StackFrame(16).GetValues(1)
10:34:52.726 INFO: JdwpDebugServer: handling req: ObjectReference(9).ReferenceType(1)
10:34:52.726 INFO: JdwpDebugServer: handling req: StackFrame(16).GetValues(1)
10:34:52.726 INFO: JdwpDebugServer: handling req: StackFrame(16).GetValues(1)
10:34:52.727 INFO: JdwpDebugServer: handling req: StackFrame(16).GetValues(1)
10:34:52.727 INFO: JdwpDebugServer: handling req: ClassType(3).Superclass(1)
10:34:52.727 INFO: JdwpDebugServer: handling req: ObjectReference(9).ReferenceType(1)
10:34:52.727 INFO: JdwpDebugServer: handling req: StackFrame(16).GetValues(1)
10:34:52.727 INFO: JdwpDebugServer: handling req: StackFrame(16).GetValues(1)
10:34:52.727 INFO: JdwpDebugServer: handling req: StackFrame(16).GetValues(1)
10:34:52.728 INFO: JdwpDebugServer: handling req: StringReference(10).Value(1)
10:34:52.728 INFO: JdwpDebugServer: handling req: StackFrame(16).GetValues(1)
10:34:52.728 INFO: JdwpDebugServer: handling req: StackFrame(16).GetValues(1)
10:34:52.729 INFO: JdwpDebugServer: handling req: StackFrame(16).GetValues(1)
10:34:52.729 INFO: JdwpDebugServer: handling req: StackFrame(16).GetValues(1)
10:34:52.729 INFO: JdwpDebugServer: handling req: StackFrame(16).GetValues(1)
10:34:52.730 INFO: JdwpDebugServer: handling req: ThreadReference(11).FramesCount(7)
10:34:52.730 INFO: JdwpDebugServer: handling req: StackFrame(16).GetValues(1)
10:34:52.730 INFO: JdwpDebugServer: handling req: StackFrame(16).GetValues(1)
10:34:52.730 INFO: JdwpDebugServer: handling req: ObjectReference(9).ReferenceType(1)
10:34:52.730 INFO: JdwpDebugServer: handling req: StackFrame(16).GetValues(1)
10:34:52.731 INFO: JdwpDebugServer: handling req: ReferenceType(2).FieldsWithGeneric(14)
10:34:52.731 INFO: JdwpDebugServer: handling req: StackFrame(16).GetValues(1)
10:34:52.731 INFO: JdwpDebugServer: handling req: ReferenceType(2).Interfaces(10)
10:34:52.731 INFO: JdwpDebugServer: handling req: ClassType(3).Superclass(1)
10:34:52.732 INFO: JdwpDebugServer: handling req: StackFrame(16).GetValues(1)
10:34:52.732 INFO: JdwpDebugServer: handling req: ReferenceType(2).FieldsWithGeneric(14)
10:34:52.732 INFO: JdwpDebugServer: handling req: StackFrame(16).GetValues(1)
10:34:52.732 INFO: JdwpDebugServer: handling req: ReferenceType(2).Interfaces(10)
10:34:52.732 INFO: JdwpDebugServer: handling req: ClassType(3).Superclass(1)
10:34:52.732 INFO: JdwpDebugServer: handling req: StackFrame(16).GetValues(1)
10:34:52.733 INFO: JdwpDebugServer: handling req: StringReference(10).Value(1)
10:34:52.733 INFO: JdwpDebugServer: handling req: StackFrame(16).GetValues(1)
10:34:52.734 INFO: JdwpDebugServer: handling req: StackFrame(16).GetValues(1)
10:34:52.734 INFO: JdwpDebugServer: handling req: StackFrame(16).GetValues(1)
10:34:52.734 INFO: JdwpDebugServer: handling req: ClassType(3).Superclass(1)
10:34:52.734 INFO: JdwpDebugServer: handling req: StackFrame(16).GetValues(1)
10:34:52.735 INFO: JdwpDebugServer: handling req: StackFrame(16).GetValues(1)
10:34:52.735 INFO: JdwpDebugServer: handling req: StackFrame(16).GetValues(1)
10:34:52.736 INFO: JdwpDebugServer: handling req: StackFrame(16).GetValues(1)
10:34:52.736 INFO: JdwpDebugServer: handling req: StackFrame(16).GetValues(1)
10:34:52.737 INFO: JdwpDebugServer: handling req: StackFrame(16).GetValues(1)
10:34:52.738 INFO: JdwpDebugServer: handling req: StackFrame(16).GetValues(1)
10:34:52.739 INFO: JdwpDebugServer: handling req: StackFrame(16).GetValues(1)
10:34:52.740 INFO: JdwpDebugServer: handling req: StackFrame(16).GetValues(1)
10:34:52.740 INFO: JdwpDebugServer: handling req: StackFrame(16).GetValues(1)
10:34:52.742 INFO: JdwpDebugServer: handling req: StackFrame(16).GetValues(1)
10:34:52.743 INFO: JdwpDebugServer: handling req: StackFrame(16).GetValues(1)
10:34:52.744 INFO: JdwpDebugServer: handling req: StackFrame(16).GetValues(1)
10:34:52.744 INFO: JdwpDebugServer: handling req: StackFrame(16).GetValues(1)
10:34:52.745 INFO: JdwpDebugServer: handling req: StackFrame(16).GetValues(1)
10:34:52.745 INFO: JdwpDebugServer: handling req: StackFrame(16).GetValues(1)
10:34:52.745 INFO: JdwpDebugServer: handling req: StackFrame(16).GetValues(1)
10:34:52.746 INFO: JdwpDebugServer: handling req: StackFrame(16).GetValues(1)
10:34:52.746 INFO: JdwpDebugServer: handling req: StackFrame(16).GetValues(1)
10:34:52.747 INFO: JdwpDebugServer: handling req: StackFrame(16).GetValues(1)
10:34:52.747 INFO: JdwpDebugServer: handling req: StackFrame(16).GetValues(1)
10:34:52.748 INFO: JdwpDebugServer: handling req: StackFrame(16).GetValues(1)
10:34:52.748 INFO: JdwpDebugServer: handling req: StackFrame(16).GetValues(1)
10:34:52.748 INFO: JdwpDebugServer: handling req: StackFrame(16).GetValues(1)
10:34:52.749 INFO: JdwpDebugServer: handling req: StackFrame(16).GetValues(1)
10:34:52.749 INFO: JdwpDebugServer: handling req: StackFrame(16).GetValues(1)
10:34:52.749 INFO: JdwpDebugServer: handling req: StackFrame(16).GetValues(1)
10:34:52.749 INFO: JdwpDebugServer: handling req: StackFrame(16).GetValues(1)
10:34:52.750 INFO: JdwpDebugServer: handling req: StackFrame(16).GetValues(1)
10:34:52.750 INFO: JdwpDebugServer: handling req: StackFrame(16).GetValues(1)
10:34:52.750 INFO: JdwpDebugServer: handling req: ClassType(3).Superclass(1)
10:34:52.751 INFO: JdwpDebugServer: handling req: StackFrame(16).GetValues(1)
10:34:52.751 INFO: JdwpDebugServer: handling req: StackFrame(16).GetValues(1)
10:34:52.751 INFO: JdwpDebugServer: handling req: StackFrame(16).GetValues(1)
10:34:52.752 INFO: JdwpDebugServer: handling req: StackFrame(16).GetValues(1)
10:34:52.753 INFO: JdwpDebugServer: handling req: StackFrame(16).GetValues(1)
10:34:52.754 INFO: JdwpDebugServer: handling req: StackFrame(16).ThisObject(3)
10:34:52.754 INFO: JdwpDebugServer: handling req: ObjectReference(9).ReferenceType(1)
10:34:52.754 INFO: JdwpDebugServer: handling req: StackFrame(16).ThisObject(3)
10:34:52.754 INFO: JdwpDebugServer: handling req: ObjectReference(9).ReferenceType(1)
10:34:52.755 INFO: JdwpDebugServer: handling req: StackFrame(16).ThisObject(3)
10:34:52.755 INFO: JdwpDebugServer: handling req: ObjectReference(9).ReferenceType(1)
10:34:52.755 INFO: JdwpDebugServer: handling req: StackFrame(16).ThisObject(3)
10:34:52.755 INFO: JdwpDebugServer: handling req: ObjectReference(9).ReferenceType(1)
10:34:52.756 INFO: JdwpDebugServer: handling req: StackFrame(16).ThisObject(3)
10:34:52.756 INFO: JdwpDebugServer: handling req: ObjectReference(9).ReferenceType(1)
10:34:52.773 INFO: JdwpDebugServer: handling req: StackFrame(16).GetValues(1)
10:34:52.773 INFO: JdwpDebugServer: handling req: ClassType(3).Superclass(1)
10:34:52.776 INFO: JdwpDebugServer: handling req: ObjectReference(9).GetValues(2)
10:34:52.776 INFO: JdwpDebugServer: handling req: ObjectReference(9).GetValues(2)
10:34:52.777 INFO: JdwpDebugServer: handling req: ObjectReference(9).GetValues(2)
10:34:52.777 INFO: JdwpDebugServer: handling req: ObjectReference(9).GetValues(2)
10:34:52.777 INFO: JdwpDebugServer: handling req: ObjectReference(9).GetValues(2)
10:34:52.778 INFO: JdwpDebugServer: handling req: ObjectReference(9).GetValues(2)
10:34:52.778 INFO: JdwpDebugServer: handling req: ObjectReference(9).ReferenceType(1)
10:34:52.778 INFO: JdwpDebugServer: handling req: ObjectReference(9).GetValues(2)
10:34:52.778 INFO: JdwpDebugServer: handling req: ObjectReference(9).GetValues(2)
10:34:52.778 INFO: JdwpDebugServer: handling req: ObjectReference(9).GetValues(2)
10:34:52.778 INFO: JdwpDebugServer: handling req: ObjectReference(9).GetValues(2)
10:34:52.778 INFO: JdwpDebugServer: handling req: ObjectReference(9).GetValues(2)
10:34:52.778 INFO: JdwpDebugServer: handling req: ObjectReference(9).GetValues(2)
10:34:52.779 INFO: JdwpDebugServer: handling req: ObjectReference(9).ReferenceType(1)
10:34:52.779 INFO: JdwpDebugServer: handling req: ClassType(3).Superclass(1)
10:34:52.779 INFO: JdwpDebugServer: handling req: ClassType(3).Superclass(1)
10:34:52.779 INFO: JdwpDebugServer: handling req: ReferenceType(2).Interfaces(10)
10:34:52.779 INFO: JdwpDebugServer: handling req: ReferenceType(2).SourceFile(7)
10:34:52.779 INFO: JdwpDebugServer: handling req: ReferenceType(2).Interfaces(10)
10:34:52.779 INFO: JdwpDebugServer: handling req: ObjectReference(9).GetValues(2)
10:34:52.779 INFO: JdwpDebugServer: handling req: ObjectReference(9).GetValues(2)
10:34:52.780 INFO: JdwpDebugServer: handling req: ObjectReference(9).GetValues(2)
10:34:52.780 INFO: JdwpDebugServer: handling req: ObjectReference(9).GetValues(2)
10:34:52.780 INFO: JdwpDebugServer: handling req: ObjectReference(9).GetValues(2)
10:34:52.780 INFO: JdwpDebugServer: handling req: ObjectReference(9).GetValues(2)
10:34:52.780 INFO: JdwpDebugServer: handling req: ObjectReference(9).GetValues(2)
10:34:52.781 INFO: JdwpDebugServer: handling req: ObjectReference(9).ReferenceType(1)
10:34:52.781 INFO: JdwpDebugServer: handling req: ClassType(3).Superclass(1)
10:34:52.781 INFO: JdwpDebugServer: handling req: ObjectReference(9).GetValues(2)
10:34:52.781 INFO: JdwpDebugServer: handling req: ObjectReference(9).GetValues(2)
10:34:52.781 INFO: JdwpDebugServer: handling req: ObjectReference(9).GetValues(2)
10:34:52.781 INFO: JdwpDebugServer: handling req: ClassType(3).Superclass(1)
10:34:52.781 INFO: JdwpDebugServer: handling req: ObjectReference(9).GetValues(2)
10:34:52.781 INFO: JdwpDebugServer: handling req: StringReference(10).Value(1)
10:34:52.782 INFO: JdwpDebugServer: handling req: ObjectReference(9).GetValues(2)
10:34:52.782 INFO: JdwpDebugServer: handling req: ObjectReference(9).GetValues(2)
10:34:52.782 INFO: JdwpDebugServer: handling req: ObjectReference(9).GetValues(2)
10:34:52.783 INFO: JdwpDebugServer: handling req: ObjectReference(9).GetValues(2)
10:34:52.783 INFO: JdwpDebugServer: handling req: ObjectReference(9).ReferenceType(1)
10:34:52.783 INFO: JdwpDebugServer: handling req: ClassType(3).Superclass(1)
10:34:52.783 INFO: JdwpDebugServer: handling req: ObjectReference(9).GetValues(2)
10:34:52.784 INFO: JdwpDebugServer: handling req: ObjectReference(9).GetValues(2)
10:34:52.784 INFO: JdwpDebugServer: handling req: ObjectReference(9).GetValues(2)
10:34:52.784 INFO: JdwpDebugServer: handling req: ObjectReference(9).GetValues(2)
10:34:52.785 INFO: JdwpDebugServer: handling req: ObjectReference(9).GetValues(2)
10:34:52.785 INFO: JdwpDebugServer: handling req: ObjectReference(9).GetValues(2)
10:34:52.785 INFO: JdwpDebugServer: handling req: ObjectReference(9).GetValues(2)
10:34:52.786 INFO: JdwpDebugServer: handling req: ObjectReference(9).GetValues(2)
10:34:52.786 INFO: JdwpDebugServer: handling req: ObjectReference(9).GetValues(2)
10:34:52.787 INFO: JdwpDebugServer: handling req: ObjectReference(9).GetValues(2)
10:34:52.787 INFO: JdwpDebugServer: handling req: ObjectReference(9).GetValues(2)
10:34:52.787 INFO: JdwpDebugServer: handling req: ObjectReference(9).GetValues(2)
10:34:52.788 INFO: JdwpDebugServer: handling req: ObjectReference(9).GetValues(2)
10:34:52.788 INFO: JdwpDebugServer: handling req: ObjectReference(9).GetValues(2)
10:34:52.788 INFO: JdwpDebugServer: handling req: ObjectReference(9).GetValues(2)
10:34:52.788 INFO: JdwpDebugServer: handling req: ObjectReference(9).GetValues(2)
10:34:52.789 INFO: JdwpDebugServer: handling req: ObjectReference(9).ReferenceType(1)
10:34:52.789 INFO: JdwpDebugServer: handling req: ReferenceType(2).FieldsWithGeneric(14)
10:34:52.789 INFO: JdwpDebugServer: handling req: ClassType(3).Superclass(1)
10:34:52.789 INFO: JdwpDebugServer: handling req: ReferenceType(2).FieldsWithGeneric(14)
10:34:52.789 INFO: JdwpDebugServer: handling req: ObjectReference(9).GetValues(2)
10:34:52.789 INFO: JdwpDebugServer: handling req: ObjectReference(9).GetValues(2)
10:34:52.789 INFO: JdwpDebugServer: handling req: ObjectReference(9).GetValues(2)
10:34:52.789 INFO: JdwpDebugServer: handling req: ObjectReference(9).GetValues(2)
10:34:52.790 INFO: JdwpDebugServer: handling req: ObjectReference(9).GetValues(2)
10:34:52.790 INFO: JdwpDebugServer: handling req: ObjectReference(9).GetValues(2)
10:34:52.790 INFO: JdwpDebugServer: handling req: StringReference(10).Value(1)
10:34:52.791 INFO: JdwpDebugServer: handling req: ObjectReference(9).GetValues(2)
10:34:52.791 INFO: JdwpDebugServer: handling req: ObjectReference(9).GetValues(2)
10:34:52.791 INFO: JdwpDebugServer: handling req: ObjectReference(9).GetValues(2)
10:34:52.791 INFO: JdwpDebugServer: handling req: ObjectReference(9).GetValues(2)
10:34:52.791 INFO: JdwpDebugServer: handling req: ObjectReference(9).GetValues(2)
10:34:52.792 INFO: JdwpDebugServer: handling req: ObjectReference(9).GetValues(2)
10:34:52.792 INFO: JdwpDebugServer: handling req: ObjectReference(9).GetValues(2)
10:34:52.792 INFO: JdwpDebugServer: handling req: ObjectReference(9).GetValues(2)
10:34:52.792 INFO: JdwpDebugServer: handling req: ObjectReference(9).ReferenceType(1)
10:34:52.793 INFO: JdwpDebugServer: handling req: ObjectReference(9).GetValues(2)
10:34:52.793 INFO: JdwpDebugServer: handling req: ObjectReference(9).GetValues(2)
10:34:52.793 INFO: JdwpDebugServer: handling req: ObjectReference(9).GetValues(2)
10:34:52.793 INFO: JdwpDebugServer: handling req: ObjectReference(9).ReferenceType(1)
10:34:52.793 INFO: JdwpDebugServer: handling req: ObjectReference(9).GetValues(2)
10:34:52.794 INFO: JdwpDebugServer: handling req: ReferenceType(2).FieldsWithGeneric(14)
10:34:52.794 INFO: JdwpDebugServer: handling req: ObjectReference(9).GetValues(2)
10:34:52.794 INFO: JdwpDebugServer: handling req: ReferenceType(2).Interfaces(10)
10:34:52.794 INFO: JdwpDebugServer: handling req: ObjectReference(9).GetValues(2)
10:34:52.794 INFO: JdwpDebugServer: handling req: ClassType(3).Superclass(1)
10:34:52.794 INFO: JdwpDebugServer: handling req: ReferenceType(2).FieldsWithGeneric(14)
10:34:52.794 INFO: JdwpDebugServer: handling req: ObjectReference(9).GetValues(2)
10:34:52.795 INFO: JdwpDebugServer: handling req: ReferenceType(2).Interfaces(10)
10:34:52.795 INFO: JdwpDebugServer: handling req: ObjectReference(9).GetValues(2)
10:34:52.795 INFO: JdwpDebugServer: handling req: ClassType(3).Superclass(1)
10:34:52.795 INFO: JdwpDebugServer: handling req: ObjectReference(9).GetValues(2)
10:34:52.795 INFO: JdwpDebugServer: handling req: ReferenceType(2).FieldsWithGeneric(14)
10:34:52.796 INFO: JdwpDebugServer: handling req: ObjectReference(9).GetValues(2)
10:34:52.796 INFO: JdwpDebugServer: handling req: ReferenceType(2).Interfaces(10)
10:34:52.796 INFO: JdwpDebugServer: handling req: ClassType(3).Superclass(1)
10:34:52.796 INFO: JdwpDebugServer: handling req: ObjectReference(9).GetValues(2)
10:34:52.796 INFO: JdwpDebugServer: handling req: ObjectReference(9).GetValues(2)
10:34:52.796 INFO: JdwpDebugServer: handling req: ObjectReference(9).GetValues(2)
10:34:52.797 INFO: JdwpDebugServer: handling req: ObjectReference(9).ReferenceType(1)
10:34:52.797 INFO: JdwpDebugServer: handling req: ObjectReference(9).GetValues(2)
10:34:52.797 INFO: JdwpDebugServer: handling req: ReferenceType(2).FieldsWithGeneric(14)
10:34:52.797 INFO: JdwpDebugServer: handling req: ObjectReference(9).GetValues(2)
10:34:52.797 INFO: JdwpDebugServer: handling req: ReferenceType(2).Interfaces(10)
10:34:52.797 INFO: JdwpDebugServer: handling req: ClassType(3).Superclass(1)
10:34:52.797 INFO: JdwpDebugServer: handling req: ObjectReference(9).GetValues(2)
10:34:52.798 INFO: JdwpDebugServer: handling req: ReferenceType(2).FieldsWithGeneric(14)
10:34:52.798 INFO: JdwpDebugServer: handling req: ClassType(3).Superclass(1)
10:34:52.798 INFO: JdwpDebugServer: handling req: ReferenceType(2).Interfaces(10)
10:34:52.798 INFO: JdwpDebugServer: handling req: ClassType(3).Superclass(1)
10:34:52.798 INFO: JdwpDebugServer: handling req: ObjectReference(9).GetValues(2)
10:34:52.798 INFO: JdwpDebugServer: handling req: ObjectReference(9).GetValues(2)
10:34:52.798 INFO: JdwpDebugServer: handling req: ObjectReference(9).GetValues(2)
10:34:52.798 INFO: JdwpDebugServer: handling req: ObjectReference(9).GetValues(2)
10:34:52.799 INFO: JdwpDebugServer: handling req: ObjectReference(9).GetValues(2)
10:34:52.799 INFO: JdwpDebugServer: handling req: ObjectReference(9).GetValues(2)
10:34:52.799 INFO: JdwpDebugServer: handling req: StringReference(10).Value(1)
10:34:52.800 INFO: JdwpDebugServer: handling req: ObjectReference(9).ReferenceType(1)
10:34:52.800 INFO: JdwpDebugServer: handling req: ObjectReference(9).GetValues(2)
10:34:52.800 INFO: JdwpDebugServer: handling req: ObjectReference(9).GetValues(2)
10:34:52.800 INFO: JdwpDebugServer: handling req: ObjectReference(9).GetValues(2)
10:34:52.800 INFO: JdwpDebugServer: handling req: ObjectReference(9).GetValues(2)
10:34:52.801 INFO: JdwpDebugServer: handling req: ObjectReference(9).ReferenceType(1)
10:34:52.801 INFO: JdwpDebugServer: handling req: ObjectReference(9).GetValues(2)
10:34:52.801 INFO: JdwpDebugServer: handling req: ObjectReference(9).GetValues(2)
10:34:52.801 INFO: JdwpDebugServer: handling req: ObjectReference(9).ReferenceType(1)
10:34:52.801 INFO: JdwpDebugServer: handling req: ObjectReference(9).GetValues(2)
10:34:52.801 INFO: JdwpDebugServer: handling req: ObjectReference(9).GetValues(2)
10:34:52.801 INFO: JdwpDebugServer: handling req: ClassType(3).Superclass(1)
10:34:52.802 INFO: JdwpDebugServer: handling req: ObjectReference(9).ReferenceType(1)
10:34:52.802 INFO: JdwpDebugServer: handling req: ObjectReference(9).GetValues(2)
10:34:52.802 INFO: JdwpDebugServer: handling req: ObjectReference(9).GetValues(2)
10:34:52.802 INFO: JdwpDebugServer: handling req: ObjectReference(9).GetValues(2)
10:34:52.802 INFO: JdwpDebugServer: handling req: ObjectReference(9).GetValues(2)
10:34:52.802 INFO: JdwpDebugServer: handling req: ObjectReference(9).GetValues(2)
10:34:52.802 INFO: JdwpDebugServer: handling req: ObjectReference(9).GetValues(2)
10:34:52.802 INFO: JdwpDebugServer: handling req: ObjectReference(9).GetValues(2)
10:34:52.803 INFO: JdwpDebugServer: handling req: ObjectReference(9).GetValues(2)
10:34:52.803 INFO: JdwpDebugServer: handling req: ObjectReference(9).GetValues(2)
10:34:52.803 INFO: JdwpDebugServer: handling req: ClassType(3).Superclass(1)
10:34:52.803 INFO: JdwpDebugServer: handling req: ObjectReference(9).GetValues(2)
10:34:52.803 INFO: JdwpDebugServer: handling req: ObjectReference(9).GetValues(2)
10:34:52.803 INFO: JdwpDebugServer: handling req: ObjectReference(9).GetValues(2)
10:34:52.804 INFO: JdwpDebugServer: handling req: ObjectReference(9).GetValues(2)
10:34:52.804 INFO: JdwpDebugServer: handling req: ObjectReference(9).GetValues(2)
10:34:52.804 INFO: JdwpDebugServer: handling req: ObjectReference(9).GetValues(2)
10:34:52.804 INFO: JdwpDebugServer: handling req: ObjectReference(9).GetValues(2)
10:34:52.804 INFO: JdwpDebugServer: handling req: ObjectReference(9).GetValues(2)
10:34:52.805 INFO: JdwpDebugServer: handling req: ObjectReference(9).GetValues(2)
10:34:52.805 INFO: JdwpDebugServer: handling req: ObjectReference(9).GetValues(2)
10:34:52.805 INFO: JdwpDebugServer: handling req: ObjectReference(9).GetValues(2)
10:34:52.805 INFO: JdwpDebugServer: handling req: ObjectReference(9).GetValues(2)
10:34:52.806 INFO: JdwpDebugServer: handling req: ObjectReference(9).GetValues(2)
10:34:52.806 INFO: JdwpDebugServer: handling req: ObjectReference(9).GetValues(2)
10:34:52.806 INFO: JdwpDebugServer: handling req: ObjectReference(9).GetValues(2)
10:34:52.807 INFO: JdwpDebugServer: handling req: ObjectReference(9).GetValues(2)
10:34:52.807 INFO: JdwpDebugServer: handling req: ObjectReference(9).GetValues(2)
10:34:52.807 INFO: JdwpDebugServer: handling req: ObjectReference(9).GetValues(2)
10:34:52.807 INFO: JdwpDebugServer: handling req: ObjectReference(9).GetValues(2)
10:34:52.808 INFO: JdwpDebugServer: handling req: ObjectReference(9).GetValues(2)
10:34:52.808 INFO: JdwpDebugServer: handling req: ObjectReference(9).GetValues(2)
10:34:52.808 INFO: JdwpDebugServer: handling req: ClassType(3).Superclass(1)
10:34:52.808 INFO: JdwpDebugServer: handling req: ObjectReference(9).GetValues(2)
10:34:52.808 INFO: JdwpDebugServer: handling req: ObjectReference(9).GetValues(2)
10:34:52.808 INFO: JdwpDebugServer: handling req: ObjectReference(9).GetValues(2)
10:34:52.809 INFO: JdwpDebugServer: handling req: ObjectReference(9).GetValues(2)
10:34:52.809 INFO: JdwpDebugServer: handling req: ObjectReference(9).GetValues(2)
10:34:52.809 INFO: JdwpDebugServer: handling req: ObjectReference(9).GetValues(2)
10:34:52.809 INFO: JdwpDebugServer: handling req: ObjectReference(9).GetValues(2)
10:34:52.809 INFO: JdwpDebugServer: handling req: ObjectReference(9).GetValues(2)
10:34:52.809 INFO: JdwpDebugServer: handling req: ObjectReference(9).GetValues(2)
10:34:52.810 INFO: JdwpDebugServer: handling req: ObjectReference(9).GetValues(2)
10:34:52.810 INFO: JdwpDebugServer: handling req: ObjectReference(9).GetValues(2)
10:34:52.810 INFO: JdwpDebugServer: handling req: ObjectReference(9).GetValues(2)
10:34:52.810 INFO: JdwpDebugServer: handling req: ObjectReference(9).GetValues(2)
10:34:52.810 INFO: JdwpDebugServer: handling req: ObjectReference(9).GetValues(2)
10:34:52.810 INFO: JdwpDebugServer: handling req: ClassType(3).Superclass(1)
10:34:52.810 INFO: JdwpDebugServer: handling req: ObjectReference(9).GetValues(2)
10:34:52.810 INFO: JdwpDebugServer: handling req: ObjectReference(9).GetValues(2)
10:34:52.810 INFO: JdwpDebugServer: handling req: ObjectReference(9).GetValues(2)
10:34:52.811 INFO: JdwpDebugServer: handling req: ObjectReference(9).GetValues(2)
10:34:52.811 INFO: JdwpDebugServer: handling req: ObjectReference(9).GetValues(2)
10:34:52.811 INFO: JdwpDebugServer: handling req: ObjectReference(9).GetValues(2)
10:34:52.811 INFO: JdwpDebugServer: handling req: ObjectReference(9).GetValues(2)
10:34:52.811 INFO: JdwpDebugServer: handling req: ClassType(3).Superclass(1)
10:34:52.811 INFO: JdwpDebugServer: handling req: ObjectReference(9).GetValues(2)
10:34:52.811 INFO: JdwpDebugServer: handling req: ObjectReference(9).GetValues(2)
10:34:52.812 INFO: JdwpDebugServer: handling req: ObjectReference(9).GetValues(2)
10:34:52.812 INFO: JdwpDebugServer: handling req: ObjectReference(9).GetValues(2)
10:34:52.812 INFO: JdwpDebugServer: handling req: ObjectReference(9).GetValues(2)
10:34:52.812 INFO: JdwpDebugServer: handling req: ObjectReference(9).GetValues(2)
10:34:52.812 INFO: JdwpDebugServer: handling req: ObjectReference(9).GetValues(2)
10:34:52.813 INFO: JdwpDebugServer: handling req: ClassType(3).Superclass(1)
10:34:52.813 INFO: JdwpDebugServer: handling req: ObjectReference(9).GetValues(2)
10:34:52.813 INFO: JdwpDebugServer: handling req: ObjectReference(9).GetValues(2)
10:34:52.813 INFO: JdwpDebugServer: handling req: ObjectReference(9).GetValues(2)
10:34:52.813 INFO: JdwpDebugServer: handling req: ObjectReference(9).GetValues(2)
10:34:52.813 INFO: JdwpDebugServer: handling req: ObjectReference(9).GetValues(2)
10:34:52.813 INFO: JdwpDebugServer: handling req: ObjectReference(9).GetValues(2)
10:34:52.814 INFO: JdwpDebugServer: handling req: ObjectReference(9).GetValues(2)
10:34:52.814 INFO: JdwpDebugServer: handling req: ObjectReference(9).GetValues(2)
10:34:52.814 INFO: JdwpDebugServer: handling req: ObjectReference(9).GetValues(2)
10:34:52.814 INFO: JdwpDebugServer: handling req: ObjectReference(9).GetValues(2)
10:34:52.815 INFO: JdwpDebugServer: handling req: ObjectReference(9).GetValues(2)
10:34:52.815 INFO: JdwpDebugServer: handling req: ObjectReference(9).GetValues(2)
10:34:52.816 INFO: JdwpDebugServer: handling req: ObjectReference(9).GetValues(2)
10:34:52.816 INFO: JdwpDebugServer: handling req: ObjectReference(9).GetValues(2)
10:34:52.816 INFO: JdwpDebugServer: handling req: ObjectReference(9).GetValues(2)
10:34:52.816 INFO: JdwpDebugServer: handling req: ClassType(3).Superclass(1)
10:34:52.816 INFO: JdwpDebugServer: handling req: ClassType(3).Superclass(1)
10:34:52.816 INFO: JdwpDebugServer: handling req: StringReference(10).Value(1)
10:34:52.816 INFO: JdwpDebugServer: handling req: ObjectReference(9).GetValues(2)
10:34:52.816 INFO: JdwpDebugServer: handling req: ObjectReference(9).GetValues(2)
10:34:52.817 INFO: JdwpDebugServer: handling req: ObjectReference(9).GetValues(2)
10:34:52.817 INFO: JdwpDebugServer: handling req: StringReference(10).Value(1)
10:34:52.817 INFO: JdwpDebugServer: handling req: ObjectReference(9).GetValues(2)
10:34:52.817 INFO: JdwpDebugServer: handling req: ObjectReference(9).GetValues(2)
10:34:57.990 INFO: JdwpDebugServer: handling req: ThreadReference(11).Resume(3)
10:34:57.991 INFO: JdwpEventCenterDelegate: THREAD_RESUMED: thread (33, main, main)
10:34:57.993 INFO: JdwpDebugServer: handling req: ReferenceType(2).MethodsWithGeneric(15)
10:34:57.993 INFO: JdwpDebugServer: handling req: Method(6).LineTable(1)
10:34:57.994 INFO: JdwpDebugServer: handling req: Method(6).LineTable(1)
10:34:57.994 INFO: JdwpDebugServer: handling req: Method(6).LineTable(1)
10:34:57.994 INFO: JdwpDebugServer: handling req: ThreadReference(11).Resume(3)
10:34:57.995 INFO: JdwpEventCenterDelegate: THREAD_RESUMED: thread (33, main, main)
10:34:57.997 INFO: JdwpEventCenterDelegate: THREAD_RESUMED: thread (33, main, main)
10:34:58.039 SEVERE: Debugger: Thread HooksChannel socket thread crashed
org.robovm.debugger.DebuggerException: java.nio.BufferUnderflowException
	at org.robovm.debugger.hooks.HooksChannel.doSocketWork(HooksChannel.java:149)
	at java.base/java.lang.Thread.run(Thread.java:833)
	at org.robovm.debugger.utils.DebuggerThread.run(DebuggerThread.java:42)
Caused by: java.nio.BufferUnderflowException
	at org.robovm.debugger.utils.bytebuffer.DataBufferWriter.writeFromStream(DataBufferWriter.java:91)
	at org.robovm.debugger.hooks.HooksChannel.doSocketWork(HooksChannel.java:116)
	... 2 more
10:34:58.057 INFO: JdwpDebugServer: handling req: ThreadReference(11).Name(1)
