12:49:25.387 INFO: JdwpEventCenterDelegate: THREAD_STARTED: thread (33, main, main)
12:49:25.460 INFO: JdwpEventCenterDelegate: THREAD_STARTED: thread (48, ReferenceQueueDaemon, main)
12:49:25.462 INFO: JdwpEventCenterDelegate: THREAD_STARTED: thread (63, FinalizerDaemon, main)
12:49:25.464 INFO: JdwpEventCenterDelegate: THREAD_STARTED: thread (78, FinalizerWatchdogDaemon, main)
12:49:27.102 INFO: JdwpDebugServer: handling req: VirtualMachine(1).IDSizes(7)
12:49:27.105 INFO: JdwpDebugServer: handling req: EventRequest(15).Set(1)
12:49:27.105 INFO: JdwpEventCenterDelegate: jdwpSetEventRequest: JdwpEventRequest{requestId=100, eventKind=CLASS_UNLOAD, suspendPolicy=NONE, predicates=[]}
12:49:27.106 INFO: JdwpDebugServer: handling req: EventRequest(15).Set(1)
12:49:27.107 INFO: JdwpEventCenterDelegate: jdwpSetEventRequest: JdwpEventRequest{requestId=101, eventKind=THREAD_START, suspendPolicy=NONE, predicates=[]}
12:49:27.107 INFO: JdwpDebugServer: handling req: VirtualMachine(1).ClassesBySignature(2)
12:49:27.109 INFO: JdwpDebugServer: handling req: VirtualMachine(1).Version(1)
12:49:27.111 INFO: JdwpDebugServer: handling req: ReferenceType(2).MethodsWithGeneric(15)
12:49:27.113 INFO: JdwpDebugServer: handling req: Method(6).LineTable(1)
12:49:27.114 INFO: JdwpDebugServer: handling req: EventRequest(15).Set(1)
12:49:27.114 INFO: JdwpEventCenterDelegate: jdwpSetEventRequest: JdwpEventRequest{requestId=102, eventKind=BREAKPOINT, suspendPolicy=NONE, predicates=[Location{classId=845, methodId=257, index=928} ]}
12:49:27.115 INFO: JdwpDebugServer: handling req: EventRequest(15).Set(1)
12:49:27.115 INFO: JdwpEventCenterDelegate: jdwpSetEventRequest: JdwpEventRequest{requestId=103, eventKind=THREAD_DEATH, suspendPolicy=NONE, predicates=[]}
12:49:27.115 INFO: JdwpDebugServer: handling req: VirtualMachine(1).AllThreads(4)
12:49:27.115 INFO: JdwpDebugServer: handling req: ThreadReference(11).ThreadGroup(5)
12:49:27.116 INFO: JdwpDebugServer: handling req: ThreadGroup(12).Name(1)
12:49:27.116 INFO: JdwpDebugServer: handling req: ThreadGroup(12).Parent(2)
12:49:27.116 INFO: JdwpDebugServer: handling req: ObjectReference(9).ReferenceType(1)
12:49:27.117 INFO: JdwpDebugServer: handling req: ReferenceType(2).FieldsWithGeneric(14)
12:49:27.117 INFO: JdwpDebugServer: handling req: ReferenceType(2).Interfaces(10)
12:49:27.117 INFO: JdwpDebugServer: handling req: ReferenceType(2).FieldsWithGeneric(14)
12:49:27.118 INFO: JdwpDebugServer: handling req: ReferenceType(2).Interfaces(10)
12:49:27.118 INFO: JdwpDebugServer: handling req: ClassType(3).Superclass(1)
12:49:27.118 INFO: JdwpDebugServer: handling req: ReferenceType(2).FieldsWithGeneric(14)
12:49:27.118 INFO: JdwpDebugServer: handling req: ReferenceType(2).Interfaces(10)
12:49:27.118 INFO: JdwpDebugServer: handling req: ClassType(3).Superclass(1)
12:49:27.119 INFO: JdwpDebugServer: handling req: ObjectReference(9).GetValues(2)
12:49:27.119 INFO: JdwpDebugServer: handling req: ThreadReference(11).Status(4)
12:49:27.120 INFO: JdwpDebugServer: handling req: ThreadReference(11).Status(4)
12:49:27.120 INFO: JdwpDebugServer: handling req: ThreadReference(11).ThreadGroup(5)
12:49:27.121 INFO: JdwpDebugServer: handling req: ObjectReference(9).ReferenceType(1)
12:49:27.121 INFO: JdwpDebugServer: handling req: ObjectReference(9).GetValues(2)
12:49:27.122 INFO: JdwpDebugServer: handling req: ThreadReference(11).Status(4)
12:49:27.122 INFO: JdwpDebugServer: handling req: ThreadReference(11).Status(4)
12:49:27.122 INFO: JdwpDebugServer: handling req: ThreadReference(11).ThreadGroup(5)
12:49:27.122 INFO: JdwpDebugServer: handling req: ObjectReference(9).ReferenceType(1)
12:49:27.123 INFO: JdwpDebugServer: handling req: ObjectReference(9).GetValues(2)
12:49:27.123 INFO: JdwpDebugServer: handling req: ThreadReference(11).Status(4)
12:49:27.123 INFO: JdwpDebugServer: handling req: ThreadReference(11).Status(4)
12:49:27.124 INFO: JdwpDebugServer: handling req: ThreadReference(11).ThreadGroup(5)
12:49:27.124 INFO: JdwpDebugServer: handling req: ObjectReference(9).ReferenceType(1)
12:49:27.124 INFO: JdwpDebugServer: handling req: ObjectReference(9).GetValues(2)
12:49:27.124 INFO: JdwpDebugServer: handling req: ThreadReference(11).Status(4)
12:49:27.125 INFO: JdwpDebugServer: handling req: ThreadReference(11).Status(4)
12:49:27.126 INFO: JdwpDebugServer: handling req: EventRequest(15).Set(1)
12:49:27.126 INFO: JdwpEventCenterDelegate: jdwpSetEventRequest: JdwpEventRequest{requestId=104, eventKind=CLASS_PREPARE, suspendPolicy=EVENT_THREAD, predicates=[className=java.lang.Throwable]}
12:49:27.132 INFO: JdwpDebugServer: handling req: EventRequest(15).Set(1)
12:49:27.132 INFO: JdwpEventCenterDelegate: jdwpSetEventRequest: JdwpEventRequest{requestId=105, eventKind=CLASS_PREPARE, suspendPolicy=EVENT_THREAD, predicates=[className=java.lang.Throwable$*]}
12:49:27.134 INFO: JdwpDebugServer: handling req: VirtualMachine(1).ClassesBySignature(2)
12:49:27.134 INFO: JdwpDebugServer: handling req: ReferenceType(2).MethodsWithGeneric(15)
12:49:27.134 INFO: JdwpDebugServer: handling req: Method(6).LineTable(1)
12:49:27.135 INFO: JdwpDebugServer: handling req: Method(6).LineTable(1)
12:49:27.135 INFO: JdwpDebugServer: handling req: Method(6).LineTable(1)
12:49:27.135 INFO: JdwpDebugServer: handling req: Method(6).LineTable(1)
12:49:27.136 INFO: JdwpDebugServer: handling req: Method(6).LineTable(1)
12:49:27.136 INFO: JdwpDebugServer: handling req: Method(6).LineTable(1)
12:49:27.136 INFO: JdwpDebugServer: handling req: Method(6).LineTable(1)
12:49:27.136 INFO: JdwpDebugServer: handling req: Method(6).LineTable(1)
12:49:27.136 INFO: JdwpDebugServer: handling req: Method(6).LineTable(1)
12:49:27.137 INFO: JdwpDebugServer: handling req: Method(6).LineTable(1)
12:49:27.137 INFO: JdwpDebugServer: handling req: Method(6).LineTable(1)
12:49:27.137 INFO: JdwpDebugServer: handling req: Method(6).LineTable(1)
12:49:27.137 INFO: JdwpDebugServer: handling req: Method(6).LineTable(1)
12:49:27.137 INFO: JdwpDebugServer: handling req: Method(6).LineTable(1)
12:49:27.137 INFO: JdwpDebugServer: handling req: Method(6).LineTable(1)
12:49:27.138 INFO: JdwpDebugServer: handling req: Method(6).LineTable(1)
12:49:27.138 INFO: JdwpDebugServer: handling req: Method(6).LineTable(1)
12:49:27.138 INFO: JdwpDebugServer: handling req: Method(6).LineTable(1)
12:49:27.138 INFO: JdwpDebugServer: handling req: Method(6).LineTable(1)
12:49:27.138 INFO: JdwpDebugServer: handling req: Method(6).LineTable(1)
12:49:27.138 INFO: JdwpDebugServer: handling req: Method(6).LineTable(1)
12:49:27.139 INFO: JdwpDebugServer: handling req: Method(6).LineTable(1)
12:49:27.139 INFO: JdwpDebugServer: handling req: Method(6).LineTable(1)
12:49:27.139 INFO: JdwpDebugServer: handling req: Method(6).LineTable(1)
12:49:27.139 INFO: JdwpDebugServer: handling req: VirtualMachine(1).ClassesBySignature(2)
12:49:27.139 INFO: JdwpDebugServer: handling req: VirtualMachine(1).AllClassesWithGeneric(20)
12:49:27.156 INFO: JdwpDebugServer: handling req: EventRequest(15).Set(1)
12:49:27.156 INFO: JdwpEventCenterDelegate: jdwpSetEventRequest: JdwpEventRequest{requestId=106, eventKind=CLASS_PREPARE, suspendPolicy=EVENT_THREAD, predicates=[className=com.badlogic.gdx.utils.ScreenUtils]}
12:49:27.157 INFO: JdwpDebugServer: handling req: EventRequest(15).Set(1)
12:49:27.157 INFO: JdwpEventCenterDelegate: jdwpSetEventRequest: JdwpEventRequest{requestId=107, eventKind=CLASS_PREPARE, suspendPolicy=EVENT_THREAD, predicates=[className=com.badlogic.gdx.utils.ScreenUtils$*]}
12:49:27.158 INFO: JdwpDebugServer: handling req: VirtualMachine(1).ClassesBySignature(2)
12:49:27.158 INFO: JdwpDebugServer: handling req: ReferenceType(2).MethodsWithGeneric(15)
12:49:27.159 INFO: JdwpDebugServer: handling req: Method(6).LineTable(1)
12:49:27.159 INFO: JdwpDebugServer: handling req: Method(6).LineTable(1)
12:49:27.159 INFO: JdwpDebugServer: handling req: Method(6).LineTable(1)
12:49:27.159 INFO: JdwpDebugServer: handling req: Method(6).LineTable(1)
12:49:27.159 INFO: JdwpDebugServer: handling req: Method(6).LineTable(1)
12:49:27.160 INFO: JdwpDebugServer: handling req: Method(6).LineTable(1)
12:49:27.160 INFO: JdwpDebugServer: handling req: Method(6).LineTable(1)
12:49:27.160 INFO: JdwpDebugServer: handling req: Method(6).LineTable(1)
12:49:27.160 INFO: JdwpDebugServer: handling req: Method(6).LineTable(1)
12:49:27.160 INFO: JdwpDebugServer: handling req: Method(6).LineTable(1)
12:49:27.161 INFO: JdwpDebugServer: handling req: EventRequest(15).Set(1)
12:49:27.161 INFO: JdwpEventCenterDelegate: jdwpSetEventRequest: JdwpEventRequest{requestId=108, eventKind=BREAKPOINT, suspendPolicy=EVENT_THREAD, predicates=[Location{classId=22230, methodId=1272, index=89} ]}
12:49:27.162 INFO: JdwpDebugServer: handling req: EventRequest(15).Set(1)
12:49:27.162 INFO: JdwpEventCenterDelegate: jdwpSetEventRequest: JdwpEventRequest{requestId=109, eventKind=CLASS_PREPARE, suspendPolicy=EVENT_THREAD, predicates=[className=com.badlogic.gdx.utils.ScreenUtils]}
12:49:27.162 INFO: JdwpDebugServer: handling req: EventRequest(15).Set(1)
12:49:27.162 INFO: JdwpEventCenterDelegate: jdwpSetEventRequest: JdwpEventRequest{requestId=110, eventKind=CLASS_PREPARE, suspendPolicy=EVENT_THREAD, predicates=[className=com.badlogic.gdx.utils.ScreenUtils$*]}
12:49:27.163 INFO: JdwpDebugServer: handling req: VirtualMachine(1).ClassesBySignature(2)
12:49:27.164 INFO: JdwpDebugServer: handling req: EventRequest(15).Set(1)
12:49:27.164 INFO: JdwpEventCenterDelegate: jdwpSetEventRequest: JdwpEventRequest{requestId=111, eventKind=BREAKPOINT, suspendPolicy=EVENT_THREAD, predicates=[Location{classId=22230, methodId=1267, index=72} ]}
12:49:27.164 INFO: JdwpDebugServer: handling req: EventRequest(15).Set(1)
12:49:27.164 INFO: JdwpEventCenterDelegate: jdwpSetEventRequest: JdwpEventRequest{requestId=112, eventKind=CLASS_PREPARE, suspendPolicy=EVENT_THREAD, predicates=[className=com.abdalla.bushnaq.pluvia.engine.GameEngine]}
12:49:27.165 INFO: JdwpDebugServer: handling req: EventRequest(15).Set(1)
12:49:27.165 INFO: JdwpEventCenterDelegate: jdwpSetEventRequest: JdwpEventRequest{requestId=113, eventKind=CLASS_PREPARE, suspendPolicy=EVENT_THREAD, predicates=[className=com.abdalla.bushnaq.pluvia.engine.GameEngine$*]}
12:49:27.166 INFO: JdwpDebugServer: handling req: VirtualMachine(1).ClassesBySignature(2)
12:49:27.166 INFO: JdwpDebugServer: handling req: ReferenceType(2).MethodsWithGeneric(15)
12:49:27.167 INFO: JdwpDebugServer: handling req: Method(6).LineTable(1)
12:49:27.167 INFO: JdwpDebugServer: handling req: Method(6).LineTable(1)
12:49:27.167 INFO: JdwpDebugServer: handling req: Method(6).LineTable(1)
12:49:27.167 INFO: JdwpDebugServer: handling req: Method(6).LineTable(1)
12:49:27.167 INFO: JdwpDebugServer: handling req: Method(6).LineTable(1)
12:49:27.168 INFO: JdwpDebugServer: handling req: Method(6).LineTable(1)
12:49:27.168 INFO: JdwpDebugServer: handling req: Method(6).LineTable(1)
12:49:27.168 INFO: JdwpDebugServer: handling req: Method(6).LineTable(1)
12:49:27.168 INFO: JdwpDebugServer: handling req: Method(6).LineTable(1)
12:49:27.168 INFO: JdwpDebugServer: handling req: Method(6).LineTable(1)
12:49:27.168 INFO: JdwpDebugServer: handling req: Method(6).LineTable(1)
12:49:27.169 INFO: JdwpDebugServer: handling req: Method(6).LineTable(1)
12:49:27.169 INFO: JdwpDebugServer: handling req: Method(6).LineTable(1)
12:49:27.169 INFO: JdwpDebugServer: handling req: Method(6).LineTable(1)
12:49:27.169 INFO: JdwpDebugServer: handling req: Method(6).LineTable(1)
12:49:27.169 INFO: JdwpDebugServer: handling req: Method(6).LineTable(1)
12:49:27.170 INFO: JdwpDebugServer: handling req: Method(6).LineTable(1)
12:49:27.170 INFO: JdwpDebugServer: handling req: Method(6).LineTable(1)
12:49:27.170 INFO: JdwpDebugServer: handling req: Method(6).LineTable(1)
12:49:27.170 INFO: JdwpDebugServer: handling req: Method(6).LineTable(1)
12:49:27.170 INFO: JdwpDebugServer: handling req: Method(6).LineTable(1)
12:49:27.171 INFO: JdwpDebugServer: handling req: Method(6).LineTable(1)
12:49:27.171 INFO: JdwpDebugServer: handling req: Method(6).LineTable(1)
12:49:27.171 INFO: JdwpDebugServer: handling req: Method(6).LineTable(1)
12:49:27.171 INFO: JdwpDebugServer: handling req: Method(6).LineTable(1)
12:49:27.171 INFO: JdwpDebugServer: handling req: Method(6).LineTable(1)
12:49:27.172 INFO: JdwpDebugServer: handling req: Method(6).LineTable(1)
12:49:27.172 INFO: JdwpDebugServer: handling req: Method(6).LineTable(1)
12:49:27.172 INFO: JdwpDebugServer: handling req: Method(6).LineTable(1)
12:49:27.172 INFO: JdwpDebugServer: handling req: Method(6).LineTable(1)
12:49:27.172 INFO: JdwpDebugServer: handling req: Method(6).LineTable(1)
12:49:27.173 INFO: JdwpDebugServer: handling req: Method(6).LineTable(1)
12:49:27.174 INFO: JdwpDebugServer: handling req: EventRequest(15).Set(1)
12:49:27.174 INFO: JdwpEventCenterDelegate: jdwpSetEventRequest: JdwpEventRequest{requestId=114, eventKind=BREAKPOINT, suspendPolicy=EVENT_THREAD, predicates=[Location{classId=16855, methodId=1297, index=100} ]}
12:49:27.174 INFO: JdwpDebugServer: handling req: EventRequest(15).Set(1)
12:49:27.174 INFO: JdwpEventCenterDelegate: jdwpSetEventRequest: JdwpEventRequest{requestId=115, eventKind=CLASS_PREPARE, suspendPolicy=EVENT_THREAD, predicates=[className=com.abdalla.bushnaq.pluvia.launcher.IOSLauncher]}
12:49:27.175 INFO: JdwpDebugServer: handling req: EventRequest(15).Set(1)
12:49:27.175 INFO: JdwpEventCenterDelegate: jdwpSetEventRequest: JdwpEventRequest{requestId=116, eventKind=CLASS_PREPARE, suspendPolicy=EVENT_THREAD, predicates=[className=com.abdalla.bushnaq.pluvia.launcher.IOSLauncher$*]}
12:49:27.177 INFO: JdwpDebugServer: handling req: VirtualMachine(1).ClassesBySignature(2)
12:49:27.177 INFO: JdwpDebugServer: handling req: ReferenceType(2).MethodsWithGeneric(15)
12:49:27.177 INFO: JdwpDebugServer: handling req: Method(6).LineTable(1)
12:49:27.177 INFO: JdwpDebugServer: handling req: Method(6).LineTable(1)
12:49:27.178 INFO: JdwpDebugServer: handling req: Method(6).LineTable(1)
12:49:27.178 INFO: JdwpDebugServer: handling req: EventRequest(15).Set(1)
12:49:27.178 INFO: JdwpEventCenterDelegate: jdwpSetEventRequest: JdwpEventRequest{requestId=117, eventKind=BREAKPOINT, suspendPolicy=EVENT_THREAD, predicates=[Location{classId=12880, methodId=1462, index=81} ]}
12:49:27.178 INFO: JdwpDebugServer: handling req: EventRequest(15).Set(1)
12:49:27.178 INFO: JdwpEventCenterDelegate: jdwpSetEventRequest: JdwpEventRequest{requestId=118, eventKind=CLASS_PREPARE, suspendPolicy=EVENT_THREAD, predicates=[className=com.abdalla.bushnaq.pluvia.launcher.IOSLauncher$PreLauncher]}
12:49:27.179 INFO: JdwpDebugServer: handling req: EventRequest(15).Set(1)
12:49:27.179 INFO: JdwpEventCenterDelegate: jdwpSetEventRequest: JdwpEventRequest{requestId=119, eventKind=CLASS_PREPARE, suspendPolicy=EVENT_THREAD, predicates=[className!=com.abdalla.bushnaq.pluvia.launcher.IOSLauncher$PreLauncher, className=com.abdalla.bushnaq.pluvia.launcher.IOSLauncher$*]}
12:49:27.180 INFO: JdwpDebugServer: handling req: VirtualMachine(1).ClassesBySignature(2)
12:49:27.180 INFO: JdwpDebugServer: handling req: ReferenceType(2).MethodsWithGeneric(15)
12:49:27.181 INFO: JdwpDebugServer: handling req: Method(6).LineTable(1)
12:49:27.181 INFO: JdwpDebugServer: handling req: Method(6).LineTable(1)
12:49:27.181 INFO: JdwpDebugServer: handling req: Method(6).LineTable(1)
12:49:27.181 INFO: JdwpDebugServer: handling req: Method(6).LineTable(1)
12:49:27.181 INFO: JdwpDebugServer: handling req: Method(6).LineTable(1)
12:49:27.182 INFO: JdwpDebugServer: handling req: Method(6).LineTable(1)
12:49:27.182 INFO: JdwpDebugServer: handling req: Method(6).LineTable(1)
12:49:27.182 INFO: JdwpDebugServer: handling req: EventRequest(15).Set(1)
12:49:27.182 INFO: JdwpEventCenterDelegate: jdwpSetEventRequest: JdwpEventRequest{requestId=120, eventKind=BREAKPOINT, suspendPolicy=EVENT_THREAD, predicates=[Location{classId=22365, methodId=1487, index=31} ]}
12:49:27.182 INFO: JdwpDebugServer: handling req: EventRequest(15).Set(1)
12:49:27.182 INFO: JdwpEventCenterDelegate: jdwpSetEventRequest: JdwpEventRequest{requestId=121, eventKind=CLASS_PREPARE, suspendPolicy=EVENT_THREAD, predicates=[className=com.abdalla.bushnaq.pluvia.launcher.IOSLauncher]}
12:49:27.183 INFO: JdwpDebugServer: handling req: EventRequest(15).Set(1)
12:49:27.183 INFO: JdwpEventCenterDelegate: jdwpSetEventRequest: JdwpEventRequest{requestId=122, eventKind=CLASS_PREPARE, suspendPolicy=EVENT_THREAD, predicates=[className=com.abdalla.bushnaq.pluvia.launcher.IOSLauncher$*]}
12:49:27.184 INFO: JdwpDebugServer: handling req: VirtualMachine(1).ClassesBySignature(2)
12:49:27.184 INFO: JdwpDebugServer: handling req: EventRequest(15).Set(1)
12:49:27.184 INFO: JdwpEventCenterDelegate: jdwpSetEventRequest: JdwpEventRequest{requestId=123, eventKind=BREAKPOINT, suspendPolicy=EVENT_THREAD, predicates=[Location{classId=12880, methodId=1462, index=80} ]}
12:49:27.185 INFO: JdwpDebugServer: handling req: VirtualMachine(1).capabilitiesNew(17)
12:49:27.187 INFO: JdwpDebugServer: handling req: EventRequest(15).Set(1)
12:49:27.187 INFO: JdwpEventCenterDelegate: jdwpSetEventRequest: JdwpEventRequest{requestId=124, eventKind=CLASS_PREPARE, suspendPolicy=EVENT_THREAD, predicates=[className=java.lang.Error]}
12:49:27.188 INFO: JdwpDebugServer: handling req: EventRequest(15).Set(1)
12:49:27.188 INFO: JdwpEventCenterDelegate: jdwpSetEventRequest: JdwpEventRequest{requestId=125, eventKind=CLASS_PREPARE, suspendPolicy=EVENT_THREAD, predicates=[className=java.lang.Error$*]}
12:49:27.190 INFO: JdwpDebugServer: handling req: VirtualMachine(1).ClassesBySignature(2)
12:49:27.190 INFO: JdwpDebugServer: handling req: EventRequest(15).Set(1)
12:49:27.190 INFO: JdwpEventCenterDelegate: jdwpSetEventRequest: JdwpEventRequest{requestId=126, eventKind=EXCEPTION, suspendPolicy=EVENT_THREAD, predicates=[exceptionType=3425(caught=true, uncaught=true)]}
12:49:27.197 INFO: JdwpDebugServer: handling req: EventRequest(15).Set(1)
12:49:27.197 INFO: JdwpEventCenterDelegate: jdwpSetEventRequest: JdwpEventRequest{requestId=127, eventKind=CLASS_PREPARE, suspendPolicy=EVENT_THREAD, predicates=[className=java.lang.Throwable]}
12:49:27.199 INFO: JdwpDebugServer: handling req: EventRequest(15).Set(1)
12:49:27.199 INFO: JdwpEventCenterDelegate: jdwpSetEventRequest: JdwpEventRequest{requestId=128, eventKind=CLASS_PREPARE, suspendPolicy=EVENT_THREAD, predicates=[className=java.lang.Throwable$*]}
12:49:27.200 INFO: JdwpDebugServer: handling req: VirtualMachine(1).ClassesBySignature(2)
12:49:27.200 INFO: JdwpDebugServer: handling req: EventRequest(15).Set(1)
12:49:27.200 INFO: JdwpEventCenterDelegate: jdwpSetEventRequest: JdwpEventRequest{requestId=129, eventKind=EXCEPTION, suspendPolicy=EVENT_THREAD, predicates=[exceptionType=7695(caught=false, uncaught=true)]}
12:49:27.201 INFO: JdwpDebugServer: handling req: ThreadReference(11).SuspendCount(12)
12:49:27.201 INFO: JdwpDebugServer: handling req: ThreadReference(11).SuspendCount(12)
12:49:27.201 INFO: JdwpDebugServer: handling req: ThreadReference(11).SuspendCount(12)
12:49:27.201 INFO: JdwpDebugServer: handling req: ThreadReference(11).SuspendCount(12)
12:49:27.201 INFO: JdwpDebugServer: handling req: VirtualMachine(1).AllThreads(4)
12:49:27.202 INFO: JdwpDebugServer: handling req: VirtualMachine(1).Resume(9)
12:49:27.273 INFO: JdwpDebugServer: handling req: EventRequest(15).Set(1)
12:49:27.273 INFO: JdwpEventCenterDelegate: jdwpSetEventRequest: JdwpEventRequest{requestId=130, eventKind=BREAKPOINT, suspendPolicy=EVENT_THREAD, predicates=[Location{classId=12880, methodId=1462, index=81} ]}
12:49:27.275 INFO: JdwpDebugServer: handling req: EventRequest(15).Set(1)
12:49:27.275 INFO: JdwpEventCenterDelegate: jdwpSetEventRequest: JdwpEventRequest{requestId=131, eventKind=BREAKPOINT, suspendPolicy=EVENT_THREAD, predicates=[Location{classId=12880, methodId=1462, index=80} ]}
12:49:27.276 INFO: JdwpDebugServer: handling req: ThreadReference(11).Resume(3)
12:49:27.276 INFO: JdwpEventCenterDelegate: THREAD_RESUMED: thread (33, main, main)
12:49:27.302 INFO: JdwpEventCenterDelegate: THREAD_RESUMED: thread (33, main, main)
12:49:27.302 INFO: JdwpEventCenterDelegate: THREAD_RESUMED: thread (33, main, main)
12:49:27.303 INFO: JdwpEventCenterDelegate: THREAD_RESUMED: thread (33, main, main)
12:49:27.303 INFO: JdwpEventCenterDelegate: THREAD_RESUMED: thread (33, main, main)
12:49:27.304 INFO: JdwpEventCenterDelegate: THREAD_RESUMED: thread (33, main, main)
12:49:27.304 INFO: JdwpEventCenterDelegate: THREAD_RESUMED: thread (33, main, main)
12:49:27.305 INFO: JdwpEventCenterDelegate: THREAD_RESUMED: thread (33, main, main)
12:49:27.307 INFO: JdwpEventCenterDelegate: THREAD_RESUMED: thread (33, main, main)
12:49:27.308 INFO: JdwpEventCenterDelegate: THREAD_RESUMED: thread (33, main, main)
12:49:27.308 INFO: JdwpEventCenterDelegate: THREAD_RESUMED: thread (33, main, main)
12:49:27.309 INFO: JdwpEventCenterDelegate: THREAD_RESUMED: thread (33, main, main)
12:49:27.314 INFO: JdwpEventCenterDelegate: THREAD_RESUMED: thread (33, main, main)
12:49:27.314 INFO: JdwpEventCenterDelegate: THREAD_RESUMED: thread (33, main, main)
12:49:27.314 INFO: JdwpEventCenterDelegate: THREAD_RESUMED: thread (33, main, main)
12:49:27.332 INFO: JdwpDebugServer: handling req: EventRequest(15).Set(1)
12:49:27.332 INFO: JdwpEventCenterDelegate: jdwpSetEventRequest: JdwpEventRequest{requestId=132, eventKind=BREAKPOINT, suspendPolicy=EVENT_THREAD, predicates=[Location{classId=22365, methodId=1487, index=31} ]}
12:49:27.334 INFO: JdwpDebugServer: handling req: ThreadReference(11).Resume(3)
12:49:27.334 INFO: JdwpEventCenterDelegate: THREAD_RESUMED: thread (33, main, main)
12:49:27.370 INFO: JdwpDebugServer: handling req: ThreadReference(11).Frames(6)
12:49:27.708 INFO: JdwpDebugServer: handling req: ThreadReference(11).FramesCount(7)
12:49:27.709 INFO: JdwpDebugServer: handling req: ThreadReference(11).FramesCount(7)
12:49:27.762 INFO: JdwpDebugServer: handling req: ThreadReference(11).Name(1)
12:49:27.763 INFO: JdwpDebugServer: handling req: ReferenceType(2).SignatureWithGeneric(13)
12:49:27.839 INFO: JdwpDebugServer: handling req: ReferenceType(2).FieldsWithGeneric(14)
12:49:27.839 INFO: JdwpDebugServer: handling req: ReferenceType(2).Interfaces(10)
12:49:27.839 INFO: JdwpDebugServer: handling req: ClassType(3).Superclass(1)
12:49:27.839 INFO: JdwpDebugServer: handling req: ReferenceType(2).FieldsWithGeneric(14)
12:49:27.840 INFO: JdwpDebugServer: handling req: ReferenceType(2).Interfaces(10)
12:49:27.840 INFO: JdwpDebugServer: handling req: ClassType(3).Superclass(1)
12:49:27.840 INFO: JdwpDebugServer: handling req: ReferenceType(2).FieldsWithGeneric(14)
12:49:27.841 INFO: JdwpDebugServer: handling req: ThreadReference(11).Name(1)
12:49:27.841 INFO: JdwpDebugServer: handling req: ReferenceType(2).Interfaces(10)
12:49:27.841 INFO: JdwpDebugServer: handling req: ReferenceType(2).FieldsWithGeneric(14)
12:49:27.841 INFO: JdwpDebugServer: handling req: ReferenceType(2).Interfaces(10)
12:49:27.841 INFO: JdwpDebugServer: handling req: ReferenceType(2).FieldsWithGeneric(14)
12:49:27.841 INFO: JdwpDebugServer: handling req: ReferenceType(2).Interfaces(10)
12:49:27.841 INFO: JdwpDebugServer: handling req: ReferenceType(2).FieldsWithGeneric(14)
12:49:27.842 INFO: JdwpDebugServer: handling req: ReferenceType(2).Interfaces(10)
12:49:27.842 INFO: JdwpDebugServer: handling req: ClassType(3).Superclass(1)
12:49:27.842 INFO: JdwpDebugServer: handling req: ReferenceType(2).FieldsWithGeneric(14)
12:49:27.843 INFO: JdwpDebugServer: handling req: ReferenceType(2).Interfaces(10)
12:49:27.843 INFO: JdwpDebugServer: handling req: ClassType(3).Superclass(1)
12:49:27.843 INFO: JdwpDebugServer: handling req: ReferenceType(2).FieldsWithGeneric(14)
12:49:27.843 INFO: JdwpDebugServer: handling req: ReferenceType(2).Interfaces(10)
12:49:27.843 INFO: JdwpDebugServer: handling req: ClassType(3).Superclass(1)
12:49:27.843 INFO: JdwpDebugServer: handling req: ReferenceType(2).FieldsWithGeneric(14)
12:49:27.844 INFO: JdwpDebugServer: handling req: ReferenceType(2).Interfaces(10)
12:49:27.845 INFO: JdwpDebugServer: handling req: ClassType(3).Superclass(1)
12:49:27.845 INFO: JdwpDebugServer: handling req: ClassType(3).Superclass(1)
12:49:27.865 INFO: JdwpDebugServer: handling req: Method(6).VariableTableWithGenerics(5)
12:49:27.865 INFO: JdwpDebugServer: handling req: ReferenceType(2).SourceFile(7)
12:49:27.866 INFO: JdwpDebugServer: handling req: ThreadReference(11).Name(1)
12:49:27.866 INFO: JdwpDebugServer: handling req: ThreadReference(11).FramesCount(7)
12:49:27.866 INFO: JdwpDebugServer: handling req: ThreadReference(11).Name(1)
12:49:27.866 INFO: JdwpDebugServer: handling req: ThreadReference(11).Name(1)
12:49:27.866 INFO: JdwpDebugServer: handling req: ThreadReference(11).Name(1)
12:49:27.877 INFO: JdwpDebugServer: handling req: ThreadReference(11).Name(1)
12:49:27.878 INFO: JdwpDebugServer: handling req: StackFrame(16).GetValues(1)
12:49:27.881 INFO: JdwpDebugServer: handling req: ArrayReference(13).Length(1)
12:49:27.881 INFO: JdwpDebugServer: handling req: StackFrame(16).GetValues(1)
12:49:27.881 INFO: JdwpDebugServer: handling req: StackFrame(16).GetValues(1)
12:49:27.882 INFO: JdwpDebugServer: handling req: ThreadReference(11).Name(1)
12:49:27.882 INFO: JdwpDebugServer: handling req: ObjectReference(9).ReferenceType(1)
12:49:27.882 INFO: JdwpDebugServer: handling req: StackFrame(16).GetValues(1)
12:49:27.882 INFO: JdwpDebugServer: handling req: ThreadReference(11).Name(1)
12:49:27.882 INFO: JdwpDebugServer: handling req: ReferenceType(2).FieldsWithGeneric(14)
12:49:27.883 INFO: JdwpDebugServer: handling req: ThreadReference(11).Name(1)
12:49:27.883 INFO: JdwpDebugServer: handling req: ObjectReference(9).ReferenceType(1)
12:49:27.883 INFO: JdwpDebugServer: handling req: ReferenceType(2).Interfaces(10)
12:49:27.883 INFO: JdwpDebugServer: handling req: ReferenceType(2).FieldsWithGeneric(14)
12:49:27.884 INFO: JdwpDebugServer: handling req: ReferenceType(2).Interfaces(10)
12:49:27.884 INFO: JdwpDebugServer: handling req: ClassType(3).Superclass(1)
12:49:27.888 INFO: JdwpDebugServer: handling req: StackFrame(16).GetValues(1)
12:49:27.888 INFO: JdwpDebugServer: handling req: StackFrame(16).GetValues(1)
12:49:27.888 INFO: JdwpDebugServer: handling req: StackFrame(16).GetValues(1)
12:49:27.889 INFO: JdwpDebugServer: handling req: ReferenceType(2).Signature(1)
12:49:27.890 INFO: JdwpDebugServer: handling req: ReferenceType(2).ClassLoader(2)
12:49:27.891 INFO: JdwpDebugServer: handling req: VirtualMachine(1).ClassesBySignature(2)
12:49:27.891 INFO: JdwpDebugServer: handling req: ReferenceType(2).ClassLoader(2)
12:49:27.892 INFO: JdwpDebugServer: handling req: StackFrame(16).GetValues(1)
12:49:27.892 INFO: JdwpDebugServer: handling req: StackFrame(16).GetValues(1)
12:49:27.893 INFO: JdwpDebugServer: handling req: ThreadReference(11).FramesCount(7)
12:49:27.893 INFO: JdwpDebugServer: handling req: StackFrame(16).GetValues(1)
12:49:27.893 INFO: JdwpDebugServer: handling req: StackFrame(16).GetValues(1)
12:49:27.894 INFO: JdwpDebugServer: handling req: ClassType(3).Superclass(1)
12:49:27.894 INFO: JdwpDebugServer: handling req: ClassType(3).Superclass(1)
12:49:27.895 INFO: JdwpDebugServer: handling req: StackFrame(16).GetValues(1)
12:49:27.895 INFO: JdwpDebugServer: handling req: StackFrame(16).GetValues(1)
12:49:27.895 INFO: JdwpDebugServer: handling req: StackFrame(16).GetValues(1)
12:49:27.895 INFO: JdwpDebugServer: handling req: StackFrame(16).GetValues(1)
12:49:27.896 INFO: JdwpDebugServer: handling req: StackFrame(16).GetValues(1)
12:49:30.586 INFO: JdwpDebugServer: handling req: ThreadReference(11).Resume(3)
12:49:30.588 INFO: JdwpEventCenterDelegate: THREAD_RESUMED: thread (33, main, main)
12:49:30.684 INFO: JdwpEventCenterDelegate: THREAD_RESUMED: thread (33, main, main)
12:49:30.685 INFO: JdwpEventCenterDelegate: THREAD_RESUMED: thread (33, main, main)
12:49:30.685 INFO: JdwpEventCenterDelegate: THREAD_RESUMED: thread (33, main, main)
12:49:30.694 INFO: JdwpDebugServer: handling req: ThreadReference(11).Name(1)
12:49:30.696 INFO: JdwpDebugServer: handling req: ThreadReference(11).Name(1)
12:49:30.696 INFO: JdwpDebugServer: handling req: ThreadReference(11).Name(1)
12:49:30.699 INFO: JdwpEventCenterDelegate: THREAD_RESUMED: thread (33, main, main)
12:49:30.699 INFO: JdwpEventCenterDelegate: THREAD_RESUMED: thread (33, main, main)
12:49:30.700 INFO: JdwpEventCenterDelegate: THREAD_RESUMED: thread (33, main, main)
12:49:30.737 INFO: JdwpDebugServer: handling req: ThreadReference(11).Name(1)
12:49:30.881 INFO: JdwpEventCenterDelegate: THREAD_RESUMED: thread (33, main, main)
12:49:30.881 INFO: JdwpEventCenterDelegate: THREAD_RESUMED: thread (33, main, main)
12:49:30.881 INFO: JdwpEventCenterDelegate: THREAD_RESUMED: thread (33, main, main)
12:49:30.882 INFO: JdwpEventCenterDelegate: THREAD_DETTACHED: thread (33, main, main)
12:49:30.898 SEVERE: Debugger: Thread HooksChannel socket thread crashed
org.robovm.debugger.DebuggerException: java.nio.BufferUnderflowException
	at org.robovm.debugger.hooks.HooksChannel.doSocketWork(HooksChannel.java:149)
	at java.base/java.lang.Thread.run(Thread.java:833)
	at org.robovm.debugger.utils.DebuggerThread.run(DebuggerThread.java:42)
Caused by: java.nio.BufferUnderflowException
	at org.robovm.debugger.utils.bytebuffer.DataBufferWriter.writeFromStream(DataBufferWriter.java:91)
	at org.robovm.debugger.hooks.HooksChannel.doSocketWork(HooksChannel.java:116)
	... 2 more
12:49:31.418 SEVERE: Debugger: Thread JDWP server socket thread crashed
org.robovm.debugger.DebuggerException: java.net.SocketException: Socket closed
	at org.robovm.debugger.jdwp.JdwpDebugServer.doSocketWork(JdwpDebugServer.java:215)
	at java.base/java.lang.Thread.run(Thread.java:833)
	at org.robovm.debugger.utils.DebuggerThread.run(DebuggerThread.java:42)
Caused by: java.net.SocketException: Socket closed
	at java.base/sun.nio.ch.NioSocketImpl.endRead(NioSocketImpl.java:248)
	at java.base/sun.nio.ch.NioSocketImpl.implRead(NioSocketImpl.java:327)
	at java.base/sun.nio.ch.NioSocketImpl.read(NioSocketImpl.java:350)
	at java.base/sun.nio.ch.NioSocketImpl$1.read(NioSocketImpl.java:803)
	at java.base/java.net.Socket$SocketInputStream.read(Socket.java:966)
	at org.robovm.debugger.utils.bytebuffer.DataBufferWriter.writeFromStream(DataBufferWriter.java:89)
	at org.robovm.debugger.jdwp.protocol.JdwpRequestHeader.readFromStream(JdwpRequestHeader.java:36)
	at org.robovm.debugger.jdwp.JdwpDebugServer.doSocketWork(JdwpDebugServer.java:185)
	... 2 more
