12:57:38.640 INFO: JdwpEventCenterDelegate: THREAD_STARTED: thread (33, main, main)
12:57:38.769 INFO: JdwpEventCenterDelegate: THREAD_STARTED: thread (48, ReferenceQueueDaemon, main)
12:57:38.770 INFO: JdwpEventCenterDelegate: THREAD_STARTED: thread (63, FinalizerDaemon, main)
12:57:38.770 INFO: JdwpEventCenterDelegate: THREAD_STARTED: thread (78, FinalizerWatchdogDaemon, main)
12:57:40.169 INFO: JdwpDebugServer: handling req: VirtualMachine(1).IDSizes(7)
12:57:40.172 INFO: JdwpDebugServer: handling req: EventRequest(15).Set(1)
12:57:40.172 INFO: JdwpEventCenterDelegate: jdwpSetEventRequest: JdwpEventRequest{requestId=100, eventKind=CLASS_UNLOAD, suspendPolicy=NONE, predicates=[]}
12:57:40.173 INFO: JdwpDebugServer: handling req: EventRequest(15).Set(1)
12:57:40.173 INFO: JdwpEventCenterDelegate: jdwpSetEventRequest: JdwpEventRequest{requestId=101, eventKind=THREAD_START, suspendPolicy=NONE, predicates=[]}
12:57:40.174 INFO: JdwpDebugServer: handling req: VirtualMachine(1).ClassesBySignature(2)
12:57:40.176 INFO: JdwpDebugServer: handling req: VirtualMachine(1).Version(1)
12:57:40.178 INFO: JdwpDebugServer: handling req: ReferenceType(2).MethodsWithGeneric(15)
12:57:40.180 INFO: JdwpDebugServer: handling req: Method(6).LineTable(1)
12:57:40.182 INFO: JdwpDebugServer: handling req: EventRequest(15).Set(1)
12:57:40.182 INFO: JdwpEventCenterDelegate: jdwpSetEventRequest: JdwpEventRequest{requestId=102, eventKind=BREAKPOINT, suspendPolicy=NONE, predicates=[Location{classId=845, methodId=257, index=928} ]}
12:57:40.183 INFO: JdwpDebugServer: handling req: EventRequest(15).Set(1)
12:57:40.183 INFO: JdwpEventCenterDelegate: jdwpSetEventRequest: JdwpEventRequest{requestId=103, eventKind=THREAD_DEATH, suspendPolicy=NONE, predicates=[]}
12:57:40.183 INFO: JdwpDebugServer: handling req: VirtualMachine(1).AllThreads(4)
12:57:40.184 INFO: JdwpDebugServer: handling req: ThreadReference(11).ThreadGroup(5)
12:57:40.185 INFO: JdwpDebugServer: handling req: ThreadGroup(12).Name(1)
12:57:40.185 INFO: JdwpDebugServer: handling req: ThreadGroup(12).Parent(2)
12:57:40.185 INFO: JdwpDebugServer: handling req: ObjectReference(9).ReferenceType(1)
12:57:40.186 INFO: JdwpDebugServer: handling req: ReferenceType(2).FieldsWithGeneric(14)
12:57:40.186 INFO: JdwpDebugServer: handling req: ReferenceType(2).Interfaces(10)
12:57:40.187 INFO: JdwpDebugServer: handling req: ReferenceType(2).FieldsWithGeneric(14)
12:57:40.187 INFO: JdwpDebugServer: handling req: ReferenceType(2).Interfaces(10)
12:57:40.187 INFO: JdwpDebugServer: handling req: ClassType(3).Superclass(1)
12:57:40.188 INFO: JdwpDebugServer: handling req: ReferenceType(2).FieldsWithGeneric(14)
12:57:40.189 INFO: JdwpDebugServer: handling req: ReferenceType(2).Interfaces(10)
12:57:40.189 INFO: JdwpDebugServer: handling req: ClassType(3).Superclass(1)
12:57:40.190 INFO: JdwpDebugServer: handling req: ObjectReference(9).GetValues(2)
12:57:40.191 INFO: JdwpDebugServer: handling req: ThreadReference(11).Status(4)
12:57:40.191 INFO: JdwpDebugServer: handling req: ThreadReference(11).Status(4)
12:57:40.192 INFO: JdwpDebugServer: handling req: ThreadReference(11).ThreadGroup(5)
12:57:40.192 INFO: JdwpDebugServer: handling req: ObjectReference(9).ReferenceType(1)
12:57:40.192 INFO: JdwpDebugServer: handling req: ObjectReference(9).GetValues(2)
12:57:40.193 INFO: JdwpDebugServer: handling req: ThreadReference(11).Status(4)
12:57:40.193 INFO: JdwpDebugServer: handling req: ThreadReference(11).Status(4)
12:57:40.193 INFO: JdwpDebugServer: handling req: ThreadReference(11).ThreadGroup(5)
12:57:40.193 INFO: JdwpDebugServer: handling req: ObjectReference(9).ReferenceType(1)
12:57:40.194 INFO: JdwpDebugServer: handling req: ObjectReference(9).GetValues(2)
12:57:40.194 INFO: JdwpDebugServer: handling req: ThreadReference(11).Status(4)
12:57:40.194 INFO: JdwpDebugServer: handling req: ThreadReference(11).Status(4)
12:57:40.194 INFO: JdwpDebugServer: handling req: ThreadReference(11).ThreadGroup(5)
12:57:40.195 INFO: JdwpDebugServer: handling req: ObjectReference(9).ReferenceType(1)
12:57:40.195 INFO: JdwpDebugServer: handling req: ObjectReference(9).GetValues(2)
12:57:40.195 INFO: JdwpDebugServer: handling req: ThreadReference(11).Status(4)
12:57:40.195 INFO: JdwpDebugServer: handling req: ThreadReference(11).Status(4)
12:57:40.196 INFO: JdwpDebugServer: handling req: EventRequest(15).Set(1)
12:57:40.196 INFO: JdwpEventCenterDelegate: jdwpSetEventRequest: JdwpEventRequest{requestId=104, eventKind=CLASS_PREPARE, suspendPolicy=EVENT_THREAD, predicates=[className=java.lang.Throwable]}
12:57:40.202 INFO: JdwpDebugServer: handling req: EventRequest(15).Set(1)
12:57:40.202 INFO: JdwpEventCenterDelegate: jdwpSetEventRequest: JdwpEventRequest{requestId=105, eventKind=CLASS_PREPARE, suspendPolicy=EVENT_THREAD, predicates=[className=java.lang.Throwable$*]}
12:57:40.204 INFO: JdwpDebugServer: handling req: VirtualMachine(1).ClassesBySignature(2)
12:57:40.204 INFO: JdwpDebugServer: handling req: ReferenceType(2).MethodsWithGeneric(15)
12:57:40.206 INFO: JdwpDebugServer: handling req: Method(6).LineTable(1)
12:57:40.206 INFO: JdwpDebugServer: handling req: Method(6).LineTable(1)
12:57:40.206 INFO: JdwpDebugServer: handling req: Method(6).LineTable(1)
12:57:40.206 INFO: JdwpDebugServer: handling req: Method(6).LineTable(1)
12:57:40.206 INFO: JdwpDebugServer: handling req: Method(6).LineTable(1)
12:57:40.207 INFO: JdwpDebugServer: handling req: Method(6).LineTable(1)
12:57:40.207 INFO: JdwpDebugServer: handling req: Method(6).LineTable(1)
12:57:40.207 INFO: JdwpDebugServer: handling req: Method(6).LineTable(1)
12:57:40.207 INFO: JdwpDebugServer: handling req: Method(6).LineTable(1)
12:57:40.207 INFO: JdwpDebugServer: handling req: Method(6).LineTable(1)
12:57:40.207 INFO: JdwpDebugServer: handling req: Method(6).LineTable(1)
12:57:40.207 INFO: JdwpDebugServer: handling req: Method(6).LineTable(1)
12:57:40.207 INFO: JdwpDebugServer: handling req: Method(6).LineTable(1)
12:57:40.207 INFO: JdwpDebugServer: handling req: Method(6).LineTable(1)
12:57:40.208 INFO: JdwpDebugServer: handling req: Method(6).LineTable(1)
12:57:40.208 INFO: JdwpDebugServer: handling req: Method(6).LineTable(1)
12:57:40.208 INFO: JdwpDebugServer: handling req: Method(6).LineTable(1)
12:57:40.208 INFO: JdwpDebugServer: handling req: Method(6).LineTable(1)
12:57:40.208 INFO: JdwpDebugServer: handling req: Method(6).LineTable(1)
12:57:40.208 INFO: JdwpDebugServer: handling req: Method(6).LineTable(1)
12:57:40.208 INFO: JdwpDebugServer: handling req: Method(6).LineTable(1)
12:57:40.209 INFO: JdwpDebugServer: handling req: Method(6).LineTable(1)
12:57:40.209 INFO: JdwpDebugServer: handling req: Method(6).LineTable(1)
12:57:40.209 INFO: JdwpDebugServer: handling req: Method(6).LineTable(1)
12:57:40.209 INFO: JdwpDebugServer: handling req: VirtualMachine(1).ClassesBySignature(2)
12:57:40.209 INFO: JdwpDebugServer: handling req: VirtualMachine(1).AllClassesWithGeneric(20)
12:57:40.223 INFO: JdwpDebugServer: handling req: EventRequest(15).Set(1)
12:57:40.223 INFO: JdwpEventCenterDelegate: jdwpSetEventRequest: JdwpEventRequest{requestId=106, eventKind=CLASS_PREPARE, suspendPolicy=EVENT_THREAD, predicates=[className=com.badlogic.gdx.utils.ScreenUtils]}
12:57:40.224 INFO: JdwpDebugServer: handling req: EventRequest(15).Set(1)
12:57:40.224 INFO: JdwpEventCenterDelegate: jdwpSetEventRequest: JdwpEventRequest{requestId=107, eventKind=CLASS_PREPARE, suspendPolicy=EVENT_THREAD, predicates=[className=com.badlogic.gdx.utils.ScreenUtils$*]}
12:57:40.225 INFO: JdwpDebugServer: handling req: VirtualMachine(1).ClassesBySignature(2)
12:57:40.225 INFO: JdwpDebugServer: handling req: ReferenceType(2).MethodsWithGeneric(15)
12:57:40.226 INFO: JdwpDebugServer: handling req: Method(6).LineTable(1)
12:57:40.226 INFO: JdwpDebugServer: handling req: Method(6).LineTable(1)
12:57:40.226 INFO: JdwpDebugServer: handling req: Method(6).LineTable(1)
12:57:40.226 INFO: JdwpDebugServer: handling req: Method(6).LineTable(1)
12:57:40.226 INFO: JdwpDebugServer: handling req: Method(6).LineTable(1)
12:57:40.227 INFO: JdwpDebugServer: handling req: Method(6).LineTable(1)
12:57:40.227 INFO: JdwpDebugServer: handling req: Method(6).LineTable(1)
12:57:40.227 INFO: JdwpDebugServer: handling req: Method(6).LineTable(1)
12:57:40.227 INFO: JdwpDebugServer: handling req: Method(6).LineTable(1)
12:57:40.227 INFO: JdwpDebugServer: handling req: Method(6).LineTable(1)
12:57:40.227 INFO: JdwpDebugServer: handling req: EventRequest(15).Set(1)
12:57:40.227 INFO: JdwpEventCenterDelegate: jdwpSetEventRequest: JdwpEventRequest{requestId=108, eventKind=BREAKPOINT, suspendPolicy=EVENT_THREAD, predicates=[Location{classId=22230, methodId=1272, index=89} ]}
12:57:40.228 INFO: JdwpDebugServer: handling req: EventRequest(15).Set(1)
12:57:40.228 INFO: JdwpEventCenterDelegate: jdwpSetEventRequest: JdwpEventRequest{requestId=109, eventKind=CLASS_PREPARE, suspendPolicy=EVENT_THREAD, predicates=[className=com.badlogic.gdx.utils.ScreenUtils]}
12:57:40.229 INFO: JdwpDebugServer: handling req: EventRequest(15).Set(1)
12:57:40.229 INFO: JdwpEventCenterDelegate: jdwpSetEventRequest: JdwpEventRequest{requestId=110, eventKind=CLASS_PREPARE, suspendPolicy=EVENT_THREAD, predicates=[className=com.badlogic.gdx.utils.ScreenUtils$*]}
12:57:40.230 INFO: JdwpDebugServer: handling req: VirtualMachine(1).ClassesBySignature(2)
12:57:40.230 INFO: JdwpDebugServer: handling req: EventRequest(15).Set(1)
12:57:40.230 INFO: JdwpEventCenterDelegate: jdwpSetEventRequest: JdwpEventRequest{requestId=111, eventKind=BREAKPOINT, suspendPolicy=EVENT_THREAD, predicates=[Location{classId=22230, methodId=1267, index=72} ]}
12:57:40.231 INFO: JdwpDebugServer: handling req: EventRequest(15).Set(1)
12:57:40.231 INFO: JdwpEventCenterDelegate: jdwpSetEventRequest: JdwpEventRequest{requestId=112, eventKind=CLASS_PREPARE, suspendPolicy=EVENT_THREAD, predicates=[className=com.abdalla.bushnaq.pluvia.engine.GameEngine]}
12:57:40.232 INFO: JdwpDebugServer: handling req: EventRequest(15).Set(1)
12:57:40.233 INFO: JdwpEventCenterDelegate: jdwpSetEventRequest: JdwpEventRequest{requestId=113, eventKind=CLASS_PREPARE, suspendPolicy=EVENT_THREAD, predicates=[className=com.abdalla.bushnaq.pluvia.engine.GameEngine$*]}
12:57:40.233 INFO: JdwpDebugServer: handling req: VirtualMachine(1).ClassesBySignature(2)
12:57:40.234 INFO: JdwpDebugServer: handling req: ReferenceType(2).MethodsWithGeneric(15)
12:57:40.234 INFO: JdwpDebugServer: handling req: Method(6).LineTable(1)
12:57:40.234 INFO: JdwpDebugServer: handling req: Method(6).LineTable(1)
12:57:40.235 INFO: JdwpDebugServer: handling req: Method(6).LineTable(1)
12:57:40.235 INFO: JdwpDebugServer: handling req: Method(6).LineTable(1)
12:57:40.235 INFO: JdwpDebugServer: handling req: Method(6).LineTable(1)
12:57:40.235 INFO: JdwpDebugServer: handling req: Method(6).LineTable(1)
12:57:40.235 INFO: JdwpDebugServer: handling req: Method(6).LineTable(1)
12:57:40.236 INFO: JdwpDebugServer: handling req: Method(6).LineTable(1)
12:57:40.236 INFO: JdwpDebugServer: handling req: Method(6).LineTable(1)
12:57:40.236 INFO: JdwpDebugServer: handling req: Method(6).LineTable(1)
12:57:40.236 INFO: JdwpDebugServer: handling req: Method(6).LineTable(1)
12:57:40.236 INFO: JdwpDebugServer: handling req: Method(6).LineTable(1)
12:57:40.237 INFO: JdwpDebugServer: handling req: Method(6).LineTable(1)
12:57:40.237 INFO: JdwpDebugServer: handling req: Method(6).LineTable(1)
12:57:40.237 INFO: JdwpDebugServer: handling req: Method(6).LineTable(1)
12:57:40.237 INFO: JdwpDebugServer: handling req: Method(6).LineTable(1)
12:57:40.237 INFO: JdwpDebugServer: handling req: Method(6).LineTable(1)
12:57:40.237 INFO: JdwpDebugServer: handling req: Method(6).LineTable(1)
12:57:40.237 INFO: JdwpDebugServer: handling req: Method(6).LineTable(1)
12:57:40.238 INFO: JdwpDebugServer: handling req: Method(6).LineTable(1)
12:57:40.238 INFO: JdwpDebugServer: handling req: Method(6).LineTable(1)
12:57:40.238 INFO: JdwpDebugServer: handling req: Method(6).LineTable(1)
12:57:40.238 INFO: JdwpDebugServer: handling req: Method(6).LineTable(1)
12:57:40.238 INFO: JdwpDebugServer: handling req: Method(6).LineTable(1)
12:57:40.238 INFO: JdwpDebugServer: handling req: Method(6).LineTable(1)
12:57:40.238 INFO: JdwpDebugServer: handling req: Method(6).LineTable(1)
12:57:40.238 INFO: JdwpDebugServer: handling req: Method(6).LineTable(1)
12:57:40.238 INFO: JdwpDebugServer: handling req: Method(6).LineTable(1)
12:57:40.238 INFO: JdwpDebugServer: handling req: Method(6).LineTable(1)
12:57:40.239 INFO: JdwpDebugServer: handling req: Method(6).LineTable(1)
12:57:40.239 INFO: JdwpDebugServer: handling req: Method(6).LineTable(1)
12:57:40.239 INFO: JdwpDebugServer: handling req: Method(6).LineTable(1)
12:57:40.239 INFO: JdwpDebugServer: handling req: EventRequest(15).Set(1)
12:57:40.239 INFO: JdwpEventCenterDelegate: jdwpSetEventRequest: JdwpEventRequest{requestId=114, eventKind=BREAKPOINT, suspendPolicy=EVENT_THREAD, predicates=[Location{classId=16855, methodId=1297, index=100} ]}
12:57:40.239 INFO: JdwpDebugServer: handling req: EventRequest(15).Set(1)
12:57:40.239 INFO: JdwpEventCenterDelegate: jdwpSetEventRequest: JdwpEventRequest{requestId=115, eventKind=CLASS_PREPARE, suspendPolicy=EVENT_THREAD, predicates=[className=com.abdalla.bushnaq.pluvia.launcher.IOSLauncher$PreLauncher]}
12:57:40.240 INFO: JdwpDebugServer: handling req: EventRequest(15).Set(1)
12:57:40.240 INFO: JdwpEventCenterDelegate: jdwpSetEventRequest: JdwpEventRequest{requestId=116, eventKind=CLASS_PREPARE, suspendPolicy=EVENT_THREAD, predicates=[className!=com.abdalla.bushnaq.pluvia.launcher.IOSLauncher$PreLauncher, className=com.abdalla.bushnaq.pluvia.launcher.IOSLauncher$*]}
12:57:40.241 INFO: JdwpDebugServer: handling req: VirtualMachine(1).ClassesBySignature(2)
12:57:40.241 INFO: JdwpDebugServer: handling req: VirtualMachine(1).ClassesBySignature(2)
12:57:40.241 INFO: JdwpDebugServer: handling req: VirtualMachine(1).AllClassesWithGeneric(20)
12:57:40.349 INFO: JdwpDebugServer: handling req: EventRequest(15).Set(1)
12:57:40.349 INFO: JdwpEventCenterDelegate: jdwpSetEventRequest: JdwpEventRequest{requestId=117, eventKind=CLASS_PREPARE, suspendPolicy=EVENT_THREAD, predicates=[className=com.abdalla.bushnaq.pluvia.launcher.IOSLauncher]}
12:57:40.351 INFO: JdwpDebugServer: handling req: EventRequest(15).Set(1)
12:57:40.351 INFO: JdwpEventCenterDelegate: jdwpSetEventRequest: JdwpEventRequest{requestId=118, eventKind=CLASS_PREPARE, suspendPolicy=EVENT_THREAD, predicates=[className=com.abdalla.bushnaq.pluvia.launcher.IOSLauncher$*]}
12:57:40.352 INFO: JdwpDebugServer: handling req: VirtualMachine(1).ClassesBySignature(2)
12:57:40.352 INFO: JdwpDebugServer: handling req: ReferenceType(2).MethodsWithGeneric(15)
12:57:40.352 INFO: JdwpDebugServer: handling req: Method(6).LineTable(1)
12:57:40.352 INFO: JdwpDebugServer: handling req: Method(6).LineTable(1)
12:57:40.352 INFO: JdwpDebugServer: handling req: Method(6).LineTable(1)
12:57:40.353 INFO: JdwpDebugServer: handling req: EventRequest(15).Set(1)
12:57:40.353 INFO: JdwpEventCenterDelegate: jdwpSetEventRequest: JdwpEventRequest{requestId=119, eventKind=BREAKPOINT, suspendPolicy=EVENT_THREAD, predicates=[Location{classId=12880, methodId=1462, index=86} ]}
12:57:40.353 INFO: JdwpDebugServer: handling req: EventRequest(15).Set(1)
12:57:40.353 INFO: JdwpEventCenterDelegate: jdwpSetEventRequest: JdwpEventRequest{requestId=120, eventKind=CLASS_PREPARE, suspendPolicy=EVENT_THREAD, predicates=[className=com.abdalla.bushnaq.pluvia.launcher.IOSLauncher$PreLauncher]}
12:57:40.354 INFO: JdwpDebugServer: handling req: EventRequest(15).Set(1)
12:57:40.354 INFO: JdwpEventCenterDelegate: jdwpSetEventRequest: JdwpEventRequest{requestId=121, eventKind=CLASS_PREPARE, suspendPolicy=EVENT_THREAD, predicates=[className!=com.abdalla.bushnaq.pluvia.launcher.IOSLauncher$PreLauncher, className=com.abdalla.bushnaq.pluvia.launcher.IOSLauncher$*]}
12:57:40.354 INFO: JdwpDebugServer: handling req: VirtualMachine(1).ClassesBySignature(2)
12:57:40.354 INFO: JdwpDebugServer: handling req: VirtualMachine(1).ClassesBySignature(2)
12:57:40.355 INFO: JdwpDebugServer: handling req: VirtualMachine(1).AllClassesWithGeneric(20)
12:57:40.363 INFO: JdwpDebugServer: handling req: EventRequest(15).Set(1)
12:57:40.363 INFO: JdwpEventCenterDelegate: jdwpSetEventRequest: JdwpEventRequest{requestId=122, eventKind=CLASS_PREPARE, suspendPolicy=EVENT_THREAD, predicates=[className=com.abdalla.bushnaq.pluvia.launcher.IOSLauncher]}
12:57:40.364 INFO: JdwpDebugServer: handling req: EventRequest(15).Set(1)
12:57:40.364 INFO: JdwpEventCenterDelegate: jdwpSetEventRequest: JdwpEventRequest{requestId=123, eventKind=CLASS_PREPARE, suspendPolicy=EVENT_THREAD, predicates=[className=com.abdalla.bushnaq.pluvia.launcher.IOSLauncher$*]}
12:57:40.365 INFO: JdwpDebugServer: handling req: VirtualMachine(1).ClassesBySignature(2)
12:57:40.365 INFO: JdwpDebugServer: handling req: EventRequest(15).Set(1)
12:57:40.365 INFO: JdwpEventCenterDelegate: jdwpSetEventRequest: JdwpEventRequest{requestId=124, eventKind=BREAKPOINT, suspendPolicy=EVENT_THREAD, predicates=[Location{classId=12880, methodId=1457, index=73} ]}
12:57:40.365 INFO: JdwpDebugServer: handling req: EventRequest(15).Set(1)
12:57:40.365 INFO: JdwpEventCenterDelegate: jdwpSetEventRequest: JdwpEventRequest{requestId=125, eventKind=CLASS_PREPARE, suspendPolicy=EVENT_THREAD, predicates=[className=com.abdalla.bushnaq.pluvia.launcher.IOSLauncher]}
12:57:40.366 INFO: JdwpDebugServer: handling req: EventRequest(15).Set(1)
12:57:40.366 INFO: JdwpEventCenterDelegate: jdwpSetEventRequest: JdwpEventRequest{requestId=126, eventKind=CLASS_PREPARE, suspendPolicy=EVENT_THREAD, predicates=[className=com.abdalla.bushnaq.pluvia.launcher.IOSLauncher$*]}
12:57:40.366 INFO: JdwpDebugServer: handling req: VirtualMachine(1).ClassesBySignature(2)
12:57:40.366 INFO: JdwpDebugServer: handling req: EventRequest(15).Set(1)
12:57:40.367 INFO: JdwpEventCenterDelegate: jdwpSetEventRequest: JdwpEventRequest{requestId=127, eventKind=BREAKPOINT, suspendPolicy=EVENT_THREAD, predicates=[Location{classId=12880, methodId=1462, index=87} ]}
12:57:40.367 INFO: JdwpDebugServer: handling req: VirtualMachine(1).capabilitiesNew(17)
12:57:40.375 INFO: JdwpDebugServer: handling req: EventRequest(15).Set(1)
12:57:40.375 INFO: JdwpEventCenterDelegate: jdwpSetEventRequest: JdwpEventRequest{requestId=128, eventKind=CLASS_PREPARE, suspendPolicy=EVENT_THREAD, predicates=[className=java.lang.Error]}
12:57:40.376 INFO: JdwpDebugServer: handling req: EventRequest(15).Set(1)
12:57:40.376 INFO: JdwpEventCenterDelegate: jdwpSetEventRequest: JdwpEventRequest{requestId=129, eventKind=CLASS_PREPARE, suspendPolicy=EVENT_THREAD, predicates=[className=java.lang.Error$*]}
12:57:40.377 INFO: JdwpDebugServer: handling req: VirtualMachine(1).ClassesBySignature(2)
12:57:40.378 INFO: JdwpDebugServer: handling req: EventRequest(15).Set(1)
12:57:40.378 INFO: JdwpEventCenterDelegate: jdwpSetEventRequest: JdwpEventRequest{requestId=130, eventKind=EXCEPTION, suspendPolicy=EVENT_THREAD, predicates=[exceptionType=3425(caught=true, uncaught=true)]}
12:57:40.387 INFO: JdwpDebugServer: handling req: EventRequest(15).Set(1)
12:57:40.387 INFO: JdwpEventCenterDelegate: jdwpSetEventRequest: JdwpEventRequest{requestId=131, eventKind=CLASS_PREPARE, suspendPolicy=EVENT_THREAD, predicates=[className=java.lang.Throwable]}
12:57:40.388 INFO: JdwpDebugServer: handling req: EventRequest(15).Set(1)
12:57:40.388 INFO: JdwpEventCenterDelegate: jdwpSetEventRequest: JdwpEventRequest{requestId=132, eventKind=CLASS_PREPARE, suspendPolicy=EVENT_THREAD, predicates=[className=java.lang.Throwable$*]}
12:57:40.389 INFO: JdwpDebugServer: handling req: VirtualMachine(1).ClassesBySignature(2)
12:57:40.389 INFO: JdwpDebugServer: handling req: EventRequest(15).Set(1)
12:57:40.389 INFO: JdwpEventCenterDelegate: jdwpSetEventRequest: JdwpEventRequest{requestId=133, eventKind=EXCEPTION, suspendPolicy=EVENT_THREAD, predicates=[exceptionType=7695(caught=false, uncaught=true)]}
12:57:40.392 INFO: JdwpDebugServer: handling req: ThreadReference(11).SuspendCount(12)
12:57:40.392 INFO: JdwpDebugServer: handling req: ThreadReference(11).SuspendCount(12)
12:57:40.392 INFO: JdwpDebugServer: handling req: ThreadReference(11).SuspendCount(12)
12:57:40.392 INFO: JdwpDebugServer: handling req: ThreadReference(11).SuspendCount(12)
12:57:40.392 INFO: JdwpDebugServer: handling req: VirtualMachine(1).AllThreads(4)
12:57:40.393 INFO: JdwpDebugServer: handling req: VirtualMachine(1).Resume(9)
12:57:40.431 INFO: JdwpDebugServer: handling req: EventRequest(15).Set(1)
12:57:40.432 INFO: JdwpEventCenterDelegate: jdwpSetEventRequest: JdwpEventRequest{requestId=134, eventKind=BREAKPOINT, suspendPolicy=EVENT_THREAD, predicates=[Location{classId=12880, methodId=1462, index=86} ]}
12:57:40.433 INFO: JdwpDebugServer: handling req: EventRequest(15).Set(1)
12:57:40.434 INFO: JdwpEventCenterDelegate: jdwpSetEventRequest: JdwpEventRequest{requestId=135, eventKind=BREAKPOINT, suspendPolicy=EVENT_THREAD, predicates=[Location{classId=12880, methodId=1457, index=73} ]}
12:57:40.436 INFO: JdwpDebugServer: handling req: EventRequest(15).Set(1)
12:57:40.439 INFO: JdwpEventCenterDelegate: jdwpSetEventRequest: JdwpEventRequest{requestId=136, eventKind=BREAKPOINT, suspendPolicy=EVENT_THREAD, predicates=[Location{classId=12880, methodId=1462, index=87} ]}
12:57:40.441 INFO: JdwpDebugServer: handling req: ThreadReference(11).Resume(3)
12:57:40.442 INFO: JdwpEventCenterDelegate: THREAD_RESUMED: thread (33, main, main)
12:57:40.469 INFO: JdwpEventCenterDelegate: THREAD_RESUMED: thread (33, main, main)
12:57:40.470 INFO: JdwpEventCenterDelegate: THREAD_RESUMED: thread (33, main, main)
12:57:40.471 INFO: JdwpEventCenterDelegate: THREAD_RESUMED: thread (33, main, main)
12:57:40.471 INFO: JdwpEventCenterDelegate: THREAD_RESUMED: thread (33, main, main)
12:57:40.471 INFO: JdwpEventCenterDelegate: THREAD_RESUMED: thread (33, main, main)
12:57:40.472 INFO: JdwpEventCenterDelegate: THREAD_RESUMED: thread (33, main, main)
12:57:40.472 INFO: JdwpEventCenterDelegate: THREAD_RESUMED: thread (33, main, main)
12:57:40.474 INFO: JdwpEventCenterDelegate: THREAD_RESUMED: thread (33, main, main)
12:57:40.475 INFO: JdwpEventCenterDelegate: THREAD_RESUMED: thread (33, main, main)
12:57:40.475 INFO: JdwpEventCenterDelegate: THREAD_RESUMED: thread (33, main, main)
12:57:40.475 INFO: JdwpEventCenterDelegate: THREAD_RESUMED: thread (33, main, main)
12:57:40.482 INFO: JdwpEventCenterDelegate: THREAD_RESUMED: thread (33, main, main)
12:57:40.483 INFO: JdwpEventCenterDelegate: THREAD_RESUMED: thread (33, main, main)
12:57:40.483 INFO: JdwpEventCenterDelegate: THREAD_RESUMED: thread (33, main, main)
12:57:40.534 INFO: JdwpDebugServer: handling req: ThreadReference(11).Frames(6)
12:57:40.888 INFO: JdwpDebugServer: handling req: ThreadReference(11).FramesCount(7)
12:57:40.890 INFO: JdwpDebugServer: handling req: ThreadReference(11).FramesCount(7)
12:57:40.933 INFO: JdwpDebugServer: handling req: ThreadReference(11).Name(1)
12:57:40.934 INFO: JdwpDebugServer: handling req: ReferenceType(2).SignatureWithGeneric(13)
12:57:41.005 INFO: JdwpDebugServer: handling req: ReferenceType(2).FieldsWithGeneric(14)
12:57:41.005 INFO: JdwpDebugServer: handling req: ReferenceType(2).Interfaces(10)
12:57:41.005 INFO: JdwpDebugServer: handling req: ClassType(3).Superclass(1)
12:57:41.005 INFO: JdwpDebugServer: handling req: ReferenceType(2).FieldsWithGeneric(14)
12:57:41.006 INFO: JdwpDebugServer: handling req: ReferenceType(2).Interfaces(10)
12:57:41.006 INFO: JdwpDebugServer: handling req: ClassType(3).Superclass(1)
12:57:41.006 INFO: JdwpDebugServer: handling req: ReferenceType(2).FieldsWithGeneric(14)
12:57:41.006 INFO: JdwpDebugServer: handling req: ReferenceType(2).Interfaces(10)
12:57:41.006 INFO: JdwpDebugServer: handling req: ReferenceType(2).FieldsWithGeneric(14)
12:57:41.006 INFO: JdwpDebugServer: handling req: ReferenceType(2).Interfaces(10)
12:57:41.006 INFO: JdwpDebugServer: handling req: ReferenceType(2).FieldsWithGeneric(14)
12:57:41.007 INFO: JdwpDebugServer: handling req: ReferenceType(2).Interfaces(10)
12:57:41.007 INFO: JdwpDebugServer: handling req: ReferenceType(2).FieldsWithGeneric(14)
12:57:41.007 INFO: JdwpDebugServer: handling req: ReferenceType(2).Interfaces(10)
12:57:41.007 INFO: JdwpDebugServer: handling req: ClassType(3).Superclass(1)
12:57:41.007 INFO: JdwpDebugServer: handling req: ReferenceType(2).FieldsWithGeneric(14)
12:57:41.007 INFO: JdwpDebugServer: handling req: ReferenceType(2).Interfaces(10)
12:57:41.008 INFO: JdwpDebugServer: handling req: ClassType(3).Superclass(1)
12:57:41.008 INFO: JdwpDebugServer: handling req: ReferenceType(2).FieldsWithGeneric(14)
12:57:41.008 INFO: JdwpDebugServer: handling req: ReferenceType(2).Interfaces(10)
12:57:41.008 INFO: JdwpDebugServer: handling req: ClassType(3).Superclass(1)
12:57:41.008 INFO: JdwpDebugServer: handling req: ReferenceType(2).FieldsWithGeneric(14)
12:57:41.008 INFO: JdwpDebugServer: handling req: ReferenceType(2).Interfaces(10)
12:57:41.008 INFO: JdwpDebugServer: handling req: ClassType(3).Superclass(1)
12:57:41.008 INFO: JdwpDebugServer: handling req: ClassType(3).Superclass(1)
12:57:41.010 INFO: JdwpDebugServer: handling req: ThreadReference(11).Name(1)
12:57:41.010 INFO: JdwpDebugServer: handling req: Method(6).VariableTableWithGenerics(5)
12:57:41.010 INFO: JdwpDebugServer: handling req: ThreadReference(11).Name(1)
12:57:41.011 INFO: JdwpDebugServer: handling req: ThreadReference(11).Name(1)
12:57:41.011 INFO: JdwpDebugServer: handling req: ThreadReference(11).Name(1)
12:57:41.011 INFO: JdwpDebugServer: handling req: ThreadReference(11).Name(1)
12:57:41.014 INFO: JdwpDebugServer: handling req: ReferenceType(2).SourceFile(7)
12:57:41.049 INFO: JdwpDebugServer: handling req: StackFrame(16).GetValues(1)
12:57:41.056 INFO: JdwpDebugServer: handling req: ArrayReference(13).Length(1)
12:57:41.058 INFO: JdwpDebugServer: handling req: StackFrame(16).GetValues(1)
12:57:41.058 INFO: JdwpDebugServer: handling req: StackFrame(16).GetValues(1)
12:57:41.059 INFO: JdwpDebugServer: handling req: ObjectReference(9).ReferenceType(1)
12:57:41.059 INFO: JdwpDebugServer: handling req: StackFrame(16).GetValues(1)
12:57:41.059 INFO: JdwpDebugServer: handling req: ReferenceType(2).FieldsWithGeneric(14)
12:57:41.059 INFO: JdwpDebugServer: handling req: ReferenceType(2).Interfaces(10)
12:57:41.059 INFO: JdwpDebugServer: handling req: ReferenceType(2).FieldsWithGeneric(14)
12:57:41.060 INFO: JdwpDebugServer: handling req: ReferenceType(2).Interfaces(10)
12:57:41.060 INFO: JdwpDebugServer: handling req: ObjectReference(9).ReferenceType(1)
12:57:41.060 INFO: JdwpDebugServer: handling req: ClassType(3).Superclass(1)
12:57:41.060 INFO: JdwpDebugServer: handling req: StackFrame(16).GetValues(1)
12:57:41.060 INFO: JdwpDebugServer: handling req: StackFrame(16).GetValues(1)
12:57:41.061 INFO: JdwpDebugServer: handling req: StackFrame(16).GetValues(1)
12:57:41.061 INFO: JdwpDebugServer: handling req: ReferenceType(2).Signature(1)
12:57:41.061 INFO: JdwpDebugServer: handling req: ReferenceType(2).ClassLoader(2)
12:57:41.062 INFO: JdwpDebugServer: handling req: VirtualMachine(1).ClassesBySignature(2)
12:57:41.062 INFO: JdwpDebugServer: handling req: ReferenceType(2).ClassLoader(2)
12:57:41.062 INFO: JdwpDebugServer: handling req: StackFrame(16).GetValues(1)
12:57:41.063 INFO: JdwpDebugServer: handling req: StackFrame(16).GetValues(1)
12:57:41.063 INFO: JdwpDebugServer: handling req: StackFrame(16).GetValues(1)
12:57:41.063 INFO: JdwpDebugServer: handling req: StackFrame(16).GetValues(1)
12:57:41.064 INFO: JdwpDebugServer: handling req: ClassType(3).Superclass(1)
12:57:41.066 INFO: JdwpDebugServer: handling req: ClassType(3).Superclass(1)
12:57:41.066 INFO: JdwpDebugServer: handling req: StackFrame(16).GetValues(1)
12:57:41.067 INFO: JdwpDebugServer: handling req: StackFrame(16).GetValues(1)
12:57:41.067 INFO: JdwpDebugServer: handling req: StackFrame(16).GetValues(1)
12:57:41.067 INFO: JdwpDebugServer: handling req: StackFrame(16).GetValues(1)
12:57:41.067 INFO: JdwpDebugServer: handling req: StackFrame(16).GetValues(1)
12:57:41.087 INFO: JdwpDebugServer: handling req: ThreadReference(11).FramesCount(7)
12:57:41.088 INFO: JdwpDebugServer: handling req: ThreadReference(11).Name(1)
12:57:41.089 INFO: JdwpDebugServer: handling req: ThreadReference(11).FramesCount(7)
12:57:41.089 INFO: JdwpDebugServer: handling req: ThreadReference(11).Name(1)
12:57:41.089 INFO: JdwpDebugServer: handling req: ThreadReference(11).Name(1)
12:57:41.089 INFO: JdwpDebugServer: handling req: ThreadReference(11).Name(1)
12:57:44.318 INFO: JdwpDebugServer: handling req: ThreadReference(11).Resume(3)
12:57:44.322 INFO: JdwpEventCenterDelegate: THREAD_RESUMED: thread (33, main, main)
12:57:44.328 INFO: JdwpEventCenterDelegate: THREAD_RESUMED: thread (33, main, main)
12:57:44.328 INFO: JdwpEventCenterDelegate: THREAD_RESUMED: thread (33, main, main)
12:57:44.329 INFO: JdwpEventCenterDelegate: THREAD_RESUMED: thread (33, main, main)
12:57:44.345 INFO: JdwpEventCenterDelegate: THREAD_RESUMED: thread (33, main, main)
12:57:44.346 INFO: JdwpEventCenterDelegate: THREAD_RESUMED: thread (33, main, main)
12:57:44.347 INFO: JdwpEventCenterDelegate: THREAD_RESUMED: thread (33, main, main)
12:57:44.372 INFO: JdwpDebugServer: handling req: ThreadReference(11).Name(1)
12:57:44.372 INFO: JdwpDebugServer: handling req: ThreadReference(11).Name(1)
12:57:44.373 INFO: JdwpDebugServer: handling req: ThreadReference(11).Name(1)
12:57:44.432 INFO: JdwpDebugServer: handling req: ThreadReference(11).Name(1)
12:57:44.621 INFO: JdwpDebugServer: handling req: EventRequest(15).Set(1)
12:57:44.621 INFO: JdwpEventCenterDelegate: jdwpSetEventRequest: JdwpEventRequest{requestId=137, eventKind=BREAKPOINT, suspendPolicy=EVENT_THREAD, predicates=[Location{classId=16855, methodId=1297, index=100} ]}
12:57:44.623 INFO: JdwpDebugServer: handling req: ThreadReference(11).Resume(3)
12:57:44.623 INFO: JdwpEventCenterDelegate: THREAD_RESUMED: thread (33, main, main)
12:57:44.626 INFO: JdwpDebugServer: handling req: ThreadReference(11).Frames(6)
12:57:44.626 INFO: JdwpDebugServer: handling req: ReferenceType(2).MethodsWithGeneric(15)
12:57:44.626 INFO: JdwpDebugServer: handling req: ReferenceType(2).MethodsWithGeneric(15)
12:57:44.627 INFO: JdwpDebugServer: handling req: ThreadReference(11).FramesCount(7)
12:57:44.627 INFO: JdwpDebugServer: handling req: ThreadReference(11).FramesCount(7)
12:57:44.671 INFO: JdwpDebugServer: handling req: ReferenceType(2).SignatureWithGeneric(13)
12:57:44.671 INFO: JdwpDebugServer: handling req: ThreadReference(11).Name(1)
12:57:44.671 INFO: JdwpDebugServer: handling req: StackFrame(16).ThisObject(3)
12:57:44.673 INFO: JdwpDebugServer: handling req: ObjectReference(9).ReferenceType(1)
12:57:44.674 INFO: JdwpDebugServer: handling req: ThreadReference(11).Name(1)
12:57:44.674 INFO: JdwpDebugServer: handling req: ThreadReference(11).Name(1)
12:57:44.674 INFO: JdwpDebugServer: handling req: ThreadReference(11).Name(1)
12:57:44.675 INFO: JdwpDebugServer: handling req: ThreadReference(11).Name(1)
12:57:44.694 INFO: JdwpDebugServer: handling req: Method(6).VariableTableWithGenerics(5)
12:57:44.698 INFO: JdwpDebugServer: handling req: ThreadReference(11).FramesCount(7)
12:57:44.701 INFO: JdwpDebugServer: handling req: ThreadReference(11).Name(1)
12:57:44.706 INFO: JdwpDebugServer: handling req: ThreadReference(11).FramesCount(7)
12:57:44.708 INFO: JdwpDebugServer: handling req: ReferenceType(2).Modifiers(3)
12:57:44.709 INFO: JdwpDebugServer: handling req: ClassType(3).Superclass(1)
12:57:44.709 INFO: JdwpDebugServer: handling req: ClassType(3).Superclass(1)
12:57:44.709 INFO: JdwpDebugServer: handling req: ReferenceType(2).Interfaces(10)
12:57:44.709 INFO: JdwpDebugServer: handling req: ReferenceType(2).Interfaces(10)
12:57:44.709 INFO: JdwpDebugServer: handling req: ReferenceType(2).Interfaces(10)
12:57:44.709 INFO: JdwpDebugServer: handling req: ReferenceType(2).Interfaces(10)
12:57:44.710 INFO: JdwpDebugServer: handling req: StackFrame(16).GetValues(1)
12:57:44.710 INFO: JdwpDebugServer: handling req: StackFrame(16).GetValues(1)
12:57:44.710 INFO: JdwpDebugServer: handling req: StackFrame(16).GetValues(1)
12:57:44.710 INFO: JdwpDebugServer: handling req: StackFrame(16).GetValues(1)
12:57:44.710 INFO: JdwpDebugServer: handling req: StackFrame(16).GetValues(1)
12:57:44.711 INFO: JdwpDebugServer: handling req: StackFrame(16).GetValues(1)
12:57:44.711 INFO: JdwpDebugServer: handling req: StackFrame(16).GetValues(1)
12:57:44.716 INFO: JdwpDebugServer: handling req: ClassType(3).Superclass(1)
12:57:44.716 INFO: JdwpDebugServer: handling req: ReferenceType(2).MethodsWithGeneric(15)
12:57:44.717 INFO: JdwpDebugServer: handling req: ReferenceType(2).MethodsWithGeneric(15)
12:57:44.717 INFO: JdwpDebugServer: handling req: ReferenceType(2).MethodsWithGeneric(15)
12:57:44.717 INFO: JdwpDebugServer: handling req: ReferenceType(2).MethodsWithGeneric(15)
12:57:44.717 INFO: JdwpDebugServer: handling req: ClassType(3).Superclass(1)
12:57:44.717 INFO: JdwpDebugServer: handling req: ReferenceType(2).ClassLoader(2)
12:57:44.717 INFO: JdwpDebugServer: handling req: ObjectReference(9).InvokeMethod(6)
12:57:44.718 INFO: JdwpDebugServer: handling req: ThreadReference(11).Frames(6)
12:57:44.719 INFO: JdwpDebugServer: handling req: StringReference(10).Value(1)
12:57:44.722 INFO: JdwpDebugServer: handling req: ReferenceType(2).FieldsWithGeneric(14)
12:57:44.722 INFO: JdwpDebugServer: handling req: ReferenceType(2).FieldsWithGeneric(14)
12:57:44.722 INFO: JdwpDebugServer: handling req: ReferenceType(2).FieldsWithGeneric(14)
12:57:44.722 INFO: JdwpDebugServer: handling req: ReferenceType(2).FieldsWithGeneric(14)
12:57:44.722 INFO: JdwpDebugServer: handling req: StackFrame(16).GetValues(1)
12:57:44.732 INFO: JdwpDebugServer: handling req: ThreadReference(11).Name(1)
12:57:44.732 INFO: JdwpDebugServer: handling req: StackFrame(16).ThisObject(3)
12:57:44.733 INFO: JdwpDebugServer: handling req: ClassType(3).Superclass(1)
12:57:44.733 INFO: JdwpDebugServer: handling req: ObjectReference(9).ReferenceType(1)
12:57:44.733 INFO: JdwpDebugServer: handling req: StackFrame(16).ThisObject(3)
12:57:44.733 INFO: JdwpDebugServer: handling req: ObjectReference(9).ReferenceType(1)
12:57:44.733 INFO: JdwpDebugServer: handling req: StackFrame(16).ThisObject(3)
12:57:44.733 INFO: JdwpDebugServer: handling req: ObjectReference(9).ReferenceType(1)
12:57:44.733 INFO: JdwpDebugServer: handling req: Method(6).LineTable(1)
12:57:44.734 INFO: JdwpDebugServer: handling req: Method(6).LineTable(1)
12:57:44.744 INFO: JdwpDebugServer: handling req: ReferenceType(2).SourceFile(7)
12:57:44.760 INFO: JdwpDebugServer: handling req: ClassType(3).Superclass(1)
12:57:44.763 INFO: JdwpDebugServer: handling req: ObjectReference(9).GetValues(2)
12:57:44.763 INFO: JdwpDebugServer: handling req: ObjectReference(9).GetValues(2)
12:57:44.764 INFO: JdwpDebugServer: handling req: ObjectReference(9).GetValues(2)
12:57:44.764 INFO: JdwpDebugServer: handling req: ObjectReference(9).GetValues(2)
12:57:44.764 INFO: JdwpDebugServer: handling req: ObjectReference(9).GetValues(2)
12:57:44.764 INFO: JdwpDebugServer: handling req: ObjectReference(9).GetValues(2)
12:57:44.765 INFO: JdwpDebugServer: handling req: ObjectReference(9).GetValues(2)
12:57:44.765 INFO: JdwpDebugServer: handling req: ObjectReference(9).GetValues(2)
12:57:44.765 INFO: JdwpDebugServer: handling req: ObjectReference(9).GetValues(2)
12:57:44.765 INFO: JdwpDebugServer: handling req: ObjectReference(9).GetValues(2)
12:57:44.765 INFO: JdwpDebugServer: handling req: ObjectReference(9).GetValues(2)
12:57:44.765 INFO: JdwpDebugServer: handling req: ObjectReference(9).GetValues(2)
12:57:44.766 INFO: JdwpDebugServer: handling req: ObjectReference(9).GetValues(2)
12:57:44.766 INFO: JdwpDebugServer: handling req: ObjectReference(9).GetValues(2)
12:57:44.766 INFO: JdwpDebugServer: handling req: ObjectReference(9).GetValues(2)
12:57:44.766 INFO: JdwpDebugServer: handling req: ObjectReference(9).GetValues(2)
12:57:44.766 INFO: JdwpDebugServer: handling req: ObjectReference(9).GetValues(2)
12:57:44.767 INFO: JdwpDebugServer: handling req: ObjectReference(9).GetValues(2)
12:57:44.768 INFO: JdwpDebugServer: handling req: ObjectReference(9).GetValues(2)
12:57:44.768 INFO: JdwpDebugServer: handling req: ObjectReference(9).ReferenceType(1)
12:57:44.768 INFO: JdwpDebugServer: handling req: ReferenceType(2).FieldsWithGeneric(14)
12:57:44.769 INFO: JdwpDebugServer: handling req: ObjectReference(9).GetValues(2)
12:57:44.769 INFO: JdwpDebugServer: handling req: ReferenceType(2).Interfaces(10)
12:57:44.769 INFO: JdwpDebugServer: handling req: ObjectReference(9).GetValues(2)
12:57:44.769 INFO: JdwpDebugServer: handling req: ReferenceType(2).FieldsWithGeneric(14)
12:57:44.769 INFO: JdwpDebugServer: handling req: ReferenceType(2).Interfaces(10)
12:57:44.769 INFO: JdwpDebugServer: handling req: ReferenceType(2).FieldsWithGeneric(14)
12:57:44.770 INFO: JdwpDebugServer: handling req: ReferenceType(2).Interfaces(10)
12:57:44.770 INFO: JdwpDebugServer: handling req: ReferenceType(2).FieldsWithGeneric(14)
12:57:44.770 INFO: JdwpDebugServer: handling req: ObjectReference(9).GetValues(2)
12:57:44.770 INFO: JdwpDebugServer: handling req: ReferenceType(2).Interfaces(10)
12:57:44.770 INFO: JdwpDebugServer: handling req: ClassType(3).Superclass(1)
12:57:44.770 INFO: JdwpDebugServer: handling req: ObjectReference(9).GetValues(2)
12:57:44.770 INFO: JdwpDebugServer: handling req: ReferenceType(2).FieldsWithGeneric(14)
12:57:44.771 INFO: JdwpDebugServer: handling req: ObjectReference(9).GetValues(2)
12:57:44.771 INFO: JdwpDebugServer: handling req: ReferenceType(2).Interfaces(10)
12:57:44.771 INFO: JdwpDebugServer: handling req: ReferenceType(2).FieldsWithGeneric(14)
12:57:44.771 INFO: JdwpDebugServer: handling req: ObjectReference(9).GetValues(2)
12:57:44.771 INFO: JdwpDebugServer: handling req: ReferenceType(2).Interfaces(10)
12:57:44.771 INFO: JdwpDebugServer: handling req: ObjectReference(9).GetValues(2)
12:57:44.772 INFO: JdwpDebugServer: handling req: ReferenceType(2).FieldsWithGeneric(14)
12:57:44.772 INFO: JdwpDebugServer: handling req: ObjectReference(9).GetValues(2)
12:57:44.772 INFO: JdwpDebugServer: handling req: ReferenceType(2).Interfaces(10)
12:57:44.772 INFO: JdwpDebugServer: handling req: ObjectReference(9).GetValues(2)
12:57:44.772 INFO: JdwpDebugServer: handling req: ReferenceType(2).FieldsWithGeneric(14)
12:57:44.772 INFO: JdwpDebugServer: handling req: ReferenceType(2).Interfaces(10)
12:57:44.772 INFO: JdwpDebugServer: handling req: ObjectReference(9).GetValues(2)
12:57:44.772 INFO: JdwpDebugServer: handling req: ClassType(3).Superclass(1)
12:57:44.772 INFO: JdwpDebugServer: handling req: ObjectReference(9).GetValues(2)
12:57:44.773 INFO: JdwpDebugServer: handling req: ReferenceType(2).FieldsWithGeneric(14)
12:57:44.773 INFO: JdwpDebugServer: handling req: ObjectReference(9).GetValues(2)
12:57:44.773 INFO: JdwpDebugServer: handling req: ReferenceType(2).Interfaces(10)
12:57:44.773 INFO: JdwpDebugServer: handling req: ObjectReference(9).GetValues(2)
12:57:44.773 INFO: JdwpDebugServer: handling req: ClassType(3).Superclass(1)
12:57:44.773 INFO: JdwpDebugServer: handling req: ObjectReference(9).GetValues(2)
12:57:44.774 INFO: JdwpDebugServer: handling req: ObjectReference(9).GetValues(2)
12:57:44.774 INFO: JdwpDebugServer: handling req: ObjectReference(9).ReferenceType(1)
12:57:44.774 INFO: JdwpDebugServer: handling req: ReferenceType(2).FieldsWithGeneric(14)
12:57:44.774 INFO: JdwpDebugServer: handling req: ObjectReference(9).GetValues(2)
12:57:44.774 INFO: JdwpDebugServer: handling req: ReferenceType(2).Interfaces(10)
12:57:44.774 INFO: JdwpDebugServer: handling req: ClassType(3).Superclass(1)
12:57:44.774 INFO: JdwpDebugServer: handling req: ObjectReference(9).GetValues(2)
12:57:44.774 INFO: JdwpDebugServer: handling req: ObjectReference(9).GetValues(2)
12:57:44.774 INFO: JdwpDebugServer: handling req: ObjectReference(9).GetValues(2)
12:57:44.775 INFO: JdwpDebugServer: handling req: ObjectReference(9).GetValues(2)
12:57:44.775 INFO: JdwpDebugServer: handling req: ObjectReference(9).GetValues(2)
12:57:44.775 INFO: JdwpDebugServer: handling req: ObjectReference(9).GetValues(2)
12:57:44.775 INFO: JdwpDebugServer: handling req: ObjectReference(9).GetValues(2)
12:57:44.775 INFO: JdwpDebugServer: handling req: ObjectReference(9).GetValues(2)
12:57:44.775 INFO: JdwpDebugServer: handling req: ObjectReference(9).GetValues(2)
12:57:44.775 INFO: JdwpDebugServer: handling req: ObjectReference(9).ReferenceType(1)
12:57:44.776 INFO: JdwpDebugServer: handling req: ObjectReference(9).GetValues(2)
12:57:44.776 INFO: JdwpDebugServer: handling req: ReferenceType(2).FieldsWithGeneric(14)
12:57:44.776 INFO: JdwpDebugServer: handling req: ObjectReference(9).GetValues(2)
12:57:44.776 INFO: JdwpDebugServer: handling req: ReferenceType(2).Interfaces(10)
12:57:44.776 INFO: JdwpDebugServer: handling req: ObjectReference(9).GetValues(2)
12:57:44.776 INFO: JdwpDebugServer: handling req: ClassType(3).Superclass(1)
12:57:44.776 INFO: JdwpDebugServer: handling req: ObjectReference(9).GetValues(2)
12:57:44.776 INFO: JdwpDebugServer: handling req: ObjectReference(9).GetValues(2)
12:57:44.776 INFO: JdwpDebugServer: handling req: ObjectReference(9).GetValues(2)
12:57:44.777 INFO: JdwpDebugServer: handling req: ObjectReference(9).GetValues(2)
12:57:44.777 INFO: JdwpDebugServer: handling req: ObjectReference(9).GetValues(2)
12:57:44.777 INFO: JdwpDebugServer: handling req: ObjectReference(9).GetValues(2)
12:57:44.777 INFO: JdwpDebugServer: handling req: ObjectReference(9).GetValues(2)
12:57:44.777 INFO: JdwpDebugServer: handling req: ObjectReference(9).GetValues(2)
12:57:44.777 INFO: JdwpDebugServer: handling req: ObjectReference(9).GetValues(2)
12:57:44.777 INFO: JdwpDebugServer: handling req: ObjectReference(9).GetValues(2)
12:57:44.777 INFO: JdwpDebugServer: handling req: ObjectReference(9).GetValues(2)
12:57:44.778 INFO: JdwpDebugServer: handling req: ObjectReference(9).GetValues(2)
12:57:44.778 INFO: JdwpDebugServer: handling req: ObjectReference(9).GetValues(2)
12:57:44.778 INFO: JdwpDebugServer: handling req: ObjectReference(9).GetValues(2)
12:57:44.778 INFO: JdwpDebugServer: handling req: ObjectReference(9).GetValues(2)
12:57:44.778 INFO: JdwpDebugServer: handling req: ObjectReference(9).GetValues(2)
12:57:44.778 INFO: JdwpDebugServer: handling req: ObjectReference(9).GetValues(2)
12:57:44.779 INFO: JdwpDebugServer: handling req: ObjectReference(9).GetValues(2)
12:57:44.779 INFO: JdwpDebugServer: handling req: ObjectReference(9).GetValues(2)
12:57:44.779 INFO: JdwpDebugServer: handling req: ObjectReference(9).GetValues(2)
12:57:44.779 INFO: JdwpDebugServer: handling req: ObjectReference(9).GetValues(2)
12:57:44.779 INFO: JdwpDebugServer: handling req: ObjectReference(9).GetValues(2)
12:57:44.780 INFO: JdwpDebugServer: handling req: ObjectReference(9).GetValues(2)
12:57:44.780 INFO: JdwpDebugServer: handling req: ObjectReference(9).GetValues(2)
12:57:44.781 INFO: JdwpDebugServer: handling req: ObjectReference(9).GetValues(2)
12:57:44.781 INFO: JdwpDebugServer: handling req: ObjectReference(9).GetValues(2)
12:57:44.782 INFO: JdwpDebugServer: handling req: ObjectReference(9).GetValues(2)
12:57:44.782 INFO: JdwpDebugServer: handling req: ClassType(3).Superclass(1)
12:57:44.782 INFO: JdwpDebugServer: handling req: ObjectReference(9).GetValues(2)
12:57:44.782 INFO: JdwpDebugServer: handling req: ObjectReference(9).GetValues(2)
12:57:44.783 INFO: JdwpDebugServer: handling req: ObjectReference(9).GetValues(2)
12:57:44.783 INFO: JdwpDebugServer: handling req: ObjectReference(9).GetValues(2)
12:57:44.784 INFO: JdwpDebugServer: handling req: ObjectReference(9).GetValues(2)
12:57:44.784 INFO: JdwpDebugServer: handling req: ObjectReference(9).GetValues(2)
12:57:44.784 INFO: JdwpDebugServer: handling req: ObjectReference(9).GetValues(2)
12:57:44.785 INFO: JdwpDebugServer: handling req: ObjectReference(9).GetValues(2)
12:57:44.785 INFO: JdwpDebugServer: handling req: ClassType(3).Superclass(1)
12:57:44.786 INFO: JdwpDebugServer: handling req: ObjectReference(9).GetValues(2)
12:57:44.786 INFO: JdwpDebugServer: handling req: ObjectReference(9).GetValues(2)
12:57:44.787 INFO: JdwpDebugServer: handling req: ObjectReference(9).GetValues(2)
12:57:44.787 INFO: JdwpDebugServer: handling req: ObjectReference(9).GetValues(2)
12:57:44.787 INFO: JdwpDebugServer: handling req: ObjectReference(9).GetValues(2)
12:57:44.788 INFO: JdwpDebugServer: handling req: ObjectReference(9).InvokeMethod(6)
12:57:44.788 INFO: JdwpDebugServer: handling req: ThreadReference(11).Frames(6)
12:57:44.788 INFO: JdwpDebugServer: handling req: StringReference(10).Value(1)
12:57:44.789 INFO: JdwpDebugServer: handling req: ObjectReference(9).GetValues(2)
12:57:44.790 INFO: JdwpDebugServer: handling req: ObjectReference(9).GetValues(2)
12:57:44.790 INFO: JdwpDebugServer: handling req: ClassType(3).Superclass(1)
12:57:44.790 INFO: JdwpDebugServer: handling req: ObjectReference(9).GetValues(2)
12:57:44.790 INFO: JdwpDebugServer: handling req: ObjectReference(9).GetValues(2)
12:57:44.790 INFO: JdwpDebugServer: handling req: ObjectReference(9).GetValues(2)
12:57:44.791 INFO: JdwpDebugServer: handling req: ObjectReference(9).GetValues(2)
12:57:44.791 INFO: JdwpDebugServer: handling req: ObjectReference(9).GetValues(2)
12:57:44.791 INFO: JdwpDebugServer: handling req: ObjectReference(9).GetValues(2)
12:57:44.792 INFO: JdwpDebugServer: handling req: ObjectReference(9).GetValues(2)
12:57:44.792 INFO: JdwpDebugServer: handling req: ObjectReference(9).GetValues(2)
12:57:44.792 INFO: JdwpDebugServer: handling req: ObjectReference(9).GetValues(2)
12:57:44.793 INFO: JdwpDebugServer: handling req: ObjectReference(9).GetValues(2)
12:57:44.793 INFO: JdwpDebugServer: handling req: ThreadReference(11).Name(1)
12:57:44.793 INFO: JdwpDebugServer: handling req: ObjectReference(9).GetValues(2)
12:57:44.793 INFO: JdwpDebugServer: handling req: ObjectReference(9).GetValues(2)
12:57:44.793 INFO: JdwpDebugServer: handling req: ObjectReference(9).GetValues(2)
12:57:44.794 INFO: JdwpDebugServer: handling req: ObjectReference(9).GetValues(2)
12:57:44.794 INFO: JdwpDebugServer: handling req: ObjectReference(9).GetValues(2)
12:57:44.794 INFO: JdwpDebugServer: handling req: ObjectReference(9).GetValues(2)
12:57:44.794 INFO: JdwpDebugServer: handling req: ObjectReference(9).GetValues(2)
12:57:44.795 INFO: JdwpDebugServer: handling req: ObjectReference(9).GetValues(2)
12:57:44.795 INFO: JdwpDebugServer: handling req: ObjectReference(9).GetValues(2)
12:57:44.795 INFO: JdwpDebugServer: handling req: StackFrame(16).ThisObject(3)
12:57:44.795 INFO: JdwpDebugServer: handling req: ObjectReference(9).ReferenceType(1)
12:57:44.796 INFO: JdwpDebugServer: handling req: ObjectReference(9).GetValues(2)
12:57:44.796 INFO: JdwpDebugServer: handling req: ObjectReference(9).GetValues(2)
12:57:44.796 INFO: JdwpDebugServer: handling req: ObjectReference(9).GetValues(2)
12:57:44.797 INFO: JdwpDebugServer: handling req: ObjectReference(9).GetValues(2)
12:57:44.797 INFO: JdwpDebugServer: handling req: ObjectReference(9).GetValues(2)
12:57:44.797 INFO: JdwpDebugServer: handling req: ObjectReference(9).GetValues(2)
12:57:44.797 INFO: JdwpDebugServer: handling req: ObjectReference(9).GetValues(2)
12:57:44.797 INFO: JdwpDebugServer: handling req: ObjectReference(9).GetValues(2)
12:57:44.798 INFO: JdwpDebugServer: handling req: ObjectReference(9).GetValues(2)
12:57:44.798 INFO: JdwpDebugServer: handling req: ClassType(3).Superclass(1)
12:57:44.798 INFO: JdwpDebugServer: handling req: ObjectReference(9).GetValues(2)
12:57:44.798 INFO: JdwpDebugServer: handling req: ObjectReference(9).GetValues(2)
12:57:44.798 INFO: JdwpDebugServer: handling req: ObjectReference(9).GetValues(2)
12:57:44.799 INFO: JdwpDebugServer: handling req: ObjectReference(9).GetValues(2)
12:57:44.799 INFO: JdwpDebugServer: handling req: ObjectReference(9).GetValues(2)
12:57:44.799 INFO: JdwpDebugServer: handling req: ObjectReference(9).GetValues(2)
12:57:44.799 INFO: JdwpDebugServer: handling req: ObjectReference(9).GetValues(2)
12:57:44.800 INFO: JdwpDebugServer: handling req: ObjectReference(9).GetValues(2)
12:57:44.800 INFO: JdwpDebugServer: handling req: ObjectReference(9).GetValues(2)
12:57:44.800 INFO: JdwpDebugServer: handling req: ObjectReference(9).GetValues(2)
12:57:44.801 INFO: JdwpDebugServer: handling req: ObjectReference(9).GetValues(2)
12:57:44.801 INFO: JdwpDebugServer: handling req: ObjectReference(9).GetValues(2)
12:57:44.801 INFO: JdwpDebugServer: handling req: ObjectReference(9).GetValues(2)
12:57:44.801 INFO: JdwpDebugServer: handling req: ObjectReference(9).GetValues(2)
12:57:44.802 INFO: JdwpDebugServer: handling req: ObjectReference(9).GetValues(2)
12:57:44.802 INFO: JdwpDebugServer: handling req: ObjectReference(9).GetValues(2)
12:57:44.802 INFO: JdwpDebugServer: handling req: ObjectReference(9).GetValues(2)
12:57:44.802 INFO: JdwpDebugServer: handling req: ObjectReference(9).GetValues(2)
12:57:44.802 INFO: JdwpDebugServer: handling req: ObjectReference(9).GetValues(2)
12:57:44.802 INFO: JdwpDebugServer: handling req: ObjectReference(9).GetValues(2)
12:57:44.803 INFO: JdwpDebugServer: handling req: ObjectReference(9).GetValues(2)
12:57:44.803 INFO: JdwpDebugServer: handling req: ObjectReference(9).GetValues(2)
12:57:44.803 INFO: JdwpDebugServer: handling req: ObjectReference(9).GetValues(2)
12:57:44.803 INFO: JdwpDebugServer: handling req: ObjectReference(9).GetValues(2)
12:57:44.803 INFO: JdwpDebugServer: handling req: ObjectReference(9).GetValues(2)
12:57:44.803 INFO: JdwpDebugServer: handling req: ObjectReference(9).GetValues(2)
12:57:44.803 INFO: JdwpDebugServer: handling req: ObjectReference(9).GetValues(2)
12:57:44.803 INFO: JdwpDebugServer: handling req: ObjectReference(9).GetValues(2)
12:57:44.804 INFO: JdwpDebugServer: handling req: ObjectReference(9).GetValues(2)
12:57:44.804 INFO: JdwpDebugServer: handling req: ObjectReference(9).GetValues(2)
12:57:44.804 INFO: JdwpDebugServer: handling req: ObjectReference(9).GetValues(2)
12:57:44.805 INFO: JdwpDebugServer: handling req: ObjectReference(9).GetValues(2)
12:57:44.805 INFO: JdwpDebugServer: handling req: ObjectReference(9).GetValues(2)
12:57:44.805 INFO: JdwpDebugServer: handling req: ObjectReference(9).GetValues(2)
12:57:44.805 INFO: JdwpDebugServer: handling req: ObjectReference(9).GetValues(2)
12:57:44.805 INFO: JdwpDebugServer: handling req: ObjectReference(9).GetValues(2)
12:57:44.805 INFO: JdwpDebugServer: handling req: ObjectReference(9).GetValues(2)
12:57:44.806 INFO: JdwpDebugServer: handling req: ObjectReference(9).GetValues(2)
12:57:44.806 INFO: JdwpDebugServer: handling req: ObjectReference(9).GetValues(2)
12:57:44.806 INFO: JdwpDebugServer: handling req: ObjectReference(9).GetValues(2)
12:57:44.806 INFO: JdwpDebugServer: handling req: ObjectReference(9).GetValues(2)
12:57:44.807 INFO: JdwpDebugServer: handling req: ObjectReference(9).GetValues(2)
12:57:44.807 INFO: JdwpDebugServer: handling req: ObjectReference(9).GetValues(2)
12:57:44.807 INFO: JdwpDebugServer: handling req: ObjectReference(9).GetValues(2)
12:57:44.808 INFO: JdwpDebugServer: handling req: ObjectReference(9).GetValues(2)
12:57:44.809 INFO: JdwpDebugServer: handling req: ObjectReference(9).GetValues(2)
12:57:44.810 INFO: JdwpDebugServer: handling req: ObjectReference(9).GetValues(2)
12:57:44.810 INFO: JdwpDebugServer: handling req: ObjectReference(9).GetValues(2)
12:57:44.810 INFO: JdwpDebugServer: handling req: ObjectReference(9).GetValues(2)
12:57:44.811 INFO: JdwpDebugServer: handling req: ObjectReference(9).GetValues(2)
12:57:44.811 INFO: JdwpDebugServer: handling req: ObjectReference(9).GetValues(2)
12:57:44.811 INFO: JdwpDebugServer: handling req: ObjectReference(9).GetValues(2)
12:57:44.812 INFO: JdwpDebugServer: handling req: ObjectReference(9).GetValues(2)
12:57:44.812 INFO: JdwpDebugServer: handling req: ObjectReference(9).GetValues(2)
12:57:44.812 INFO: JdwpDebugServer: handling req: ObjectReference(9).GetValues(2)
12:57:44.812 INFO: JdwpDebugServer: handling req: ObjectReference(9).GetValues(2)
12:57:44.812 INFO: JdwpDebugServer: handling req: ObjectReference(9).GetValues(2)
12:57:44.812 INFO: JdwpDebugServer: handling req: ObjectReference(9).GetValues(2)
12:57:44.812 INFO: JdwpDebugServer: handling req: ObjectReference(9).GetValues(2)
12:57:44.812 INFO: JdwpDebugServer: handling req: ObjectReference(9).GetValues(2)
12:57:44.813 INFO: JdwpDebugServer: handling req: ObjectReference(9).GetValues(2)
12:57:44.813 INFO: JdwpDebugServer: handling req: ObjectReference(9).GetValues(2)
12:57:44.813 INFO: JdwpDebugServer: handling req: ObjectReference(9).GetValues(2)
12:57:44.813 INFO: JdwpDebugServer: handling req: ObjectReference(9).GetValues(2)
12:57:44.813 INFO: JdwpDebugServer: handling req: ObjectReference(9).GetValues(2)
12:57:44.814 INFO: JdwpDebugServer: handling req: ObjectReference(9).GetValues(2)
12:57:44.814 INFO: JdwpDebugServer: handling req: ObjectReference(9).GetValues(2)
12:57:44.814 INFO: JdwpDebugServer: handling req: ObjectReference(9).GetValues(2)
12:57:44.814 INFO: JdwpDebugServer: handling req: ObjectReference(9).GetValues(2)
12:57:44.814 INFO: JdwpDebugServer: handling req: ObjectReference(9).GetValues(2)
12:57:44.815 INFO: JdwpDebugServer: handling req: ObjectReference(9).GetValues(2)
12:57:44.815 INFO: JdwpDebugServer: handling req: ObjectReference(9).GetValues(2)
12:57:44.815 INFO: JdwpDebugServer: handling req: ObjectReference(9).GetValues(2)
12:57:44.815 INFO: JdwpDebugServer: handling req: ObjectReference(9).GetValues(2)
12:57:44.816 INFO: JdwpDebugServer: handling req: ObjectReference(9).GetValues(2)
12:58:16.786 INFO: JdwpDebugServer: handling req: EventRequest(15).Set(1)
12:58:16.787 INFO: JdwpEventCenterDelegate: jdwpSetEventRequest: JdwpEventRequest{requestId=138, eventKind=CLASS_PREPARE, suspendPolicy=EVENT_THREAD, predicates=[className=com.abdalla.bushnaq.pluvia.launcher.IOSLauncher]}
12:58:16.790 INFO: JdwpDebugServer: handling req: EventRequest(15).Set(1)
12:58:16.790 INFO: JdwpEventCenterDelegate: jdwpSetEventRequest: JdwpEventRequest{requestId=139, eventKind=CLASS_PREPARE, suspendPolicy=EVENT_THREAD, predicates=[className=com.abdalla.bushnaq.pluvia.launcher.IOSLauncher$*]}
12:58:16.792 INFO: JdwpDebugServer: handling req: VirtualMachine(1).ClassesBySignature(2)
12:58:16.793 INFO: JdwpDebugServer: handling req: EventRequest(15).Set(1)
12:58:16.793 INFO: JdwpEventCenterDelegate: jdwpSetEventRequest: JdwpEventRequest{requestId=140, eventKind=BREAKPOINT, suspendPolicy=EVENT_THREAD, predicates=[Location{classId=12880, methodId=1457, index=71} ]}
12:58:48.155 INFO: JdwpDebugServer: handling req: EventRequest(15).Clear(2)
12:58:48.158 INFO: JdwpDebugServer: handling req: EventRequest(15).Clear(2)
12:58:48.158 INFO: JdwpDebugServer: handling req: EventRequest(15).Clear(2)
12:58:48.160 INFO: JdwpDebugServer: handling req: EventRequest(15).Clear(2)
12:58:48.202 INFO: JdwpDebugServer: handling req: VirtualMachine(1).ClassesBySignature(2)
12:58:48.202 INFO: JdwpDebugServer: handling req: VirtualMachine(1).ClassesBySignature(2)
12:58:48.203 INFO: JdwpDebugServer: handling req: VirtualMachine(1).ClassesBySignature(2)
12:58:48.203 INFO: JdwpDebugServer: handling req: VirtualMachine(1).ClassesBySignature(2)
12:58:51.346 INFO: JdwpDebugServer: handling req: VirtualMachine(1).Exit(10)
12:58:51.354 SEVERE: Debugger: Thread JDWP server socket thread crashed
org.robovm.debugger.DebuggerException: Terminating due exit command
	at org.robovm.debugger.jdwp.JdwpDebugServer.doSocketWork(JdwpDebugServer.java:211)
	at java.base/java.lang.Thread.run(Thread.java:833)
	at org.robovm.debugger.utils.DebuggerThread.run(DebuggerThread.java:42)
12:58:51.892 SEVERE: Debugger: Thread HooksChannel socket thread crashed
org.robovm.debugger.DebuggerException: java.nio.BufferUnderflowException
	at org.robovm.debugger.hooks.HooksChannel.doSocketWork(HooksChannel.java:149)
	at java.base/java.lang.Thread.run(Thread.java:833)
	at org.robovm.debugger.utils.DebuggerThread.run(DebuggerThread.java:42)
Caused by: java.nio.BufferUnderflowException
	at org.robovm.debugger.utils.bytebuffer.DataBufferWriter.writeFromStream(DataBufferWriter.java:91)
	at org.robovm.debugger.hooks.HooksChannel.doSocketWork(HooksChannel.java:116)
	... 2 more
