08:32:18.353 INFO: JdwpEventCenterDelegate: THREAD_STARTED: thread (33, main, main)
08:32:18.411 INFO: JdwpEventCenterDelegate: THREAD_STARTED: thread (48, ReferenceQueueDaemon, main)
08:32:18.412 INFO: JdwpEventCenterDelegate: THREAD_STARTED: thread (63, FinalizerDaemon, main)
08:32:18.413 INFO: JdwpEventCenterDelegate: THREAD_STARTED: thread (78, FinalizerWatchdogDaemon, main)
08:32:20.295 INFO: JdwpDebugServer: handling req: VirtualMachine(1).IDSizes(7)
08:32:20.297 INFO: JdwpDebugServer: handling req: EventRequest(15).Set(1)
08:32:20.298 INFO: JdwpEventCenterDelegate: jdwpSetEventRequest: JdwpEventRequest{requestId=100, eventKind=CLASS_UNLOAD, suspendPolicy=NONE, predicates=[]}
08:32:20.298 INFO: JdwpDebugServer: handling req: EventRequest(15).Set(1)
08:32:20.299 INFO: JdwpEventCenterDelegate: jdwpSetEventRequest: JdwpEventRequest{requestId=101, eventKind=THREAD_START, suspendPolicy=NONE, predicates=[]}
08:32:20.301 INFO: JdwpDebugServer: handling req: VirtualMachine(1).ClassesBySignature(2)
08:32:20.304 INFO: JdwpDebugServer: handling req: VirtualMachine(1).Version(1)
08:32:20.305 INFO: JdwpDebugServer: handling req: ReferenceType(2).MethodsWithGeneric(15)
08:32:20.308 INFO: JdwpDebugServer: handling req: Method(6).LineTable(1)
08:32:20.310 INFO: JdwpDebugServer: handling req: EventRequest(15).Set(1)
08:32:20.315 INFO: JdwpEventCenterDelegate: jdwpSetEventRequest: JdwpEventRequest{requestId=102, eventKind=BREAKPOINT, suspendPolicy=NONE, predicates=[Location{classId=845, methodId=257, index=928} ]}
08:32:20.316 INFO: JdwpDebugServer: handling req: EventRequest(15).Set(1)
08:32:20.317 INFO: JdwpEventCenterDelegate: jdwpSetEventRequest: JdwpEventRequest{requestId=103, eventKind=THREAD_DEATH, suspendPolicy=NONE, predicates=[]}
08:32:20.317 INFO: JdwpDebugServer: handling req: VirtualMachine(1).AllThreads(4)
08:32:20.318 INFO: JdwpDebugServer: handling req: ThreadReference(11).ThreadGroup(5)
08:32:20.318 INFO: JdwpDebugServer: handling req: ThreadGroup(12).Name(1)
08:32:20.318 INFO: JdwpDebugServer: handling req: ThreadGroup(12).Parent(2)
08:32:20.319 INFO: JdwpDebugServer: handling req: ObjectReference(9).ReferenceType(1)
08:32:20.319 INFO: JdwpDebugServer: handling req: ReferenceType(2).FieldsWithGeneric(14)
08:32:20.320 INFO: JdwpDebugServer: handling req: ReferenceType(2).Interfaces(10)
08:32:20.320 INFO: JdwpDebugServer: handling req: ReferenceType(2).FieldsWithGeneric(14)
08:32:20.321 INFO: JdwpDebugServer: handling req: ReferenceType(2).Interfaces(10)
08:32:20.321 INFO: JdwpDebugServer: handling req: ClassType(3).Superclass(1)
08:32:20.321 INFO: JdwpDebugServer: handling req: ReferenceType(2).FieldsWithGeneric(14)
08:32:20.322 INFO: JdwpDebugServer: handling req: ReferenceType(2).Interfaces(10)
08:32:20.322 INFO: JdwpDebugServer: handling req: ClassType(3).Superclass(1)
08:32:20.322 INFO: JdwpDebugServer: handling req: ObjectReference(9).GetValues(2)
08:32:20.325 INFO: JdwpDebugServer: handling req: ThreadReference(11).Status(4)
08:32:20.325 INFO: JdwpDebugServer: handling req: ThreadReference(11).Status(4)
08:32:20.325 INFO: JdwpDebugServer: handling req: ThreadReference(11).ThreadGroup(5)
08:32:20.326 INFO: JdwpDebugServer: handling req: ObjectReference(9).ReferenceType(1)
08:32:20.326 INFO: JdwpDebugServer: handling req: ObjectReference(9).GetValues(2)
08:32:20.326 INFO: JdwpDebugServer: handling req: ThreadReference(11).Status(4)
08:32:20.327 INFO: JdwpDebugServer: handling req: ThreadReference(11).Status(4)
08:32:20.327 INFO: JdwpDebugServer: handling req: ThreadReference(11).ThreadGroup(5)
08:32:20.327 INFO: JdwpDebugServer: handling req: ObjectReference(9).ReferenceType(1)
08:32:20.327 INFO: JdwpDebugServer: handling req: ObjectReference(9).GetValues(2)
08:32:20.328 INFO: JdwpDebugServer: handling req: ThreadReference(11).Status(4)
08:32:20.328 INFO: JdwpDebugServer: handling req: ThreadReference(11).Status(4)
08:32:20.328 INFO: JdwpDebugServer: handling req: ThreadReference(11).ThreadGroup(5)
08:32:20.328 INFO: JdwpDebugServer: handling req: ObjectReference(9).ReferenceType(1)
08:32:20.328 INFO: JdwpDebugServer: handling req: ObjectReference(9).GetValues(2)
08:32:20.329 INFO: JdwpDebugServer: handling req: ThreadReference(11).Status(4)
08:32:20.329 INFO: JdwpDebugServer: handling req: ThreadReference(11).Status(4)
08:32:20.331 INFO: JdwpDebugServer: handling req: EventRequest(15).Set(1)
08:32:20.332 INFO: JdwpEventCenterDelegate: jdwpSetEventRequest: JdwpEventRequest{requestId=104, eventKind=CLASS_PREPARE, suspendPolicy=EVENT_THREAD, predicates=[className=com.badlogic.gdx.graphics.g2d.PolygonSpriteBatch]}
08:32:20.336 INFO: JdwpDebugServer: handling req: EventRequest(15).Set(1)
08:32:20.337 INFO: JdwpEventCenterDelegate: jdwpSetEventRequest: JdwpEventRequest{requestId=105, eventKind=CLASS_PREPARE, suspendPolicy=EVENT_THREAD, predicates=[className=com.badlogic.gdx.graphics.g2d.PolygonSpriteBatch$*]}
08:32:20.339 INFO: JdwpDebugServer: handling req: VirtualMachine(1).ClassesBySignature(2)
08:32:20.340 INFO: JdwpDebugServer: handling req: ReferenceType(2).MethodsWithGeneric(15)
08:32:20.341 INFO: JdwpDebugServer: handling req: Method(6).LineTable(1)
08:32:20.342 INFO: JdwpDebugServer: handling req: Method(6).LineTable(1)
08:32:20.342 INFO: JdwpDebugServer: handling req: Method(6).LineTable(1)
08:32:20.342 INFO: JdwpDebugServer: handling req: Method(6).LineTable(1)
08:32:20.343 INFO: JdwpDebugServer: handling req: Method(6).LineTable(1)
08:32:20.343 INFO: JdwpDebugServer: handling req: Method(6).LineTable(1)
08:32:20.343 INFO: JdwpDebugServer: handling req: Method(6).LineTable(1)
08:32:20.343 INFO: JdwpDebugServer: handling req: Method(6).LineTable(1)
08:32:20.343 INFO: JdwpDebugServer: handling req: Method(6).LineTable(1)
08:32:20.343 INFO: JdwpDebugServer: handling req: Method(6).LineTable(1)
08:32:20.344 INFO: JdwpDebugServer: handling req: Method(6).LineTable(1)
08:32:20.344 INFO: JdwpDebugServer: handling req: Method(6).LineTable(1)
08:32:20.344 INFO: JdwpDebugServer: handling req: Method(6).LineTable(1)
08:32:20.344 INFO: JdwpDebugServer: handling req: Method(6).LineTable(1)
08:32:20.344 INFO: JdwpDebugServer: handling req: Method(6).LineTable(1)
08:32:20.344 INFO: JdwpDebugServer: handling req: Method(6).LineTable(1)
08:32:20.345 INFO: JdwpDebugServer: handling req: Method(6).LineTable(1)
08:32:20.345 INFO: JdwpDebugServer: handling req: Method(6).LineTable(1)
08:32:20.345 INFO: JdwpDebugServer: handling req: Method(6).LineTable(1)
08:32:20.345 INFO: JdwpDebugServer: handling req: Method(6).LineTable(1)
08:32:20.345 INFO: JdwpDebugServer: handling req: Method(6).LineTable(1)
08:32:20.345 INFO: JdwpDebugServer: handling req: Method(6).LineTable(1)
08:32:20.346 INFO: JdwpDebugServer: handling req: Method(6).LineTable(1)
08:32:20.346 INFO: JdwpDebugServer: handling req: Method(6).LineTable(1)
08:32:20.346 INFO: JdwpDebugServer: handling req: Method(6).LineTable(1)
08:32:20.346 INFO: JdwpDebugServer: handling req: Method(6).LineTable(1)
08:32:20.346 INFO: JdwpDebugServer: handling req: Method(6).LineTable(1)
08:32:20.346 INFO: JdwpDebugServer: handling req: Method(6).LineTable(1)
08:32:20.347 INFO: JdwpDebugServer: handling req: Method(6).LineTable(1)
08:32:20.347 INFO: JdwpDebugServer: handling req: Method(6).LineTable(1)
08:32:20.347 INFO: JdwpDebugServer: handling req: Method(6).LineTable(1)
08:32:20.347 INFO: JdwpDebugServer: handling req: Method(6).LineTable(1)
08:32:20.347 INFO: JdwpDebugServer: handling req: Method(6).LineTable(1)
08:32:20.347 INFO: JdwpDebugServer: handling req: Method(6).LineTable(1)
08:32:20.348 INFO: JdwpDebugServer: handling req: Method(6).LineTable(1)
08:32:20.348 INFO: JdwpDebugServer: handling req: Method(6).LineTable(1)
08:32:20.348 INFO: JdwpDebugServer: handling req: Method(6).LineTable(1)
08:32:20.348 INFO: JdwpDebugServer: handling req: Method(6).LineTable(1)
08:32:20.348 INFO: JdwpDebugServer: handling req: Method(6).LineTable(1)
08:32:20.348 INFO: JdwpDebugServer: handling req: Method(6).LineTable(1)
08:32:20.348 INFO: JdwpDebugServer: handling req: Method(6).LineTable(1)
08:32:20.349 INFO: JdwpDebugServer: handling req: Method(6).LineTable(1)
08:32:20.349 INFO: JdwpDebugServer: handling req: Method(6).LineTable(1)
08:32:20.349 INFO: JdwpDebugServer: handling req: Method(6).LineTable(1)
08:32:20.349 INFO: JdwpDebugServer: handling req: Method(6).LineTable(1)
08:32:20.349 INFO: JdwpDebugServer: handling req: Method(6).LineTable(1)
08:32:20.350 INFO: JdwpDebugServer: handling req: Method(6).LineTable(1)
08:32:20.350 INFO: JdwpDebugServer: handling req: EventRequest(15).Set(1)
08:32:20.351 INFO: JdwpEventCenterDelegate: jdwpSetEventRequest: JdwpEventRequest{requestId=106, eventKind=BREAKPOINT, suspendPolicy=EVENT_THREAD, predicates=[Location{classId=15500, methodId=1122, index=142} ]}
08:32:20.351 INFO: JdwpDebugServer: handling req: ReferenceType(2).Signature(1)
08:32:20.354 INFO: JdwpDebugServer: handling req: EventRequest(15).Set(1)
08:32:20.354 INFO: JdwpEventCenterDelegate: jdwpSetEventRequest: JdwpEventRequest{requestId=107, eventKind=CLASS_PREPARE, suspendPolicy=EVENT_THREAD, predicates=[className=com.badlogic.gdx.graphics.g2d.SpriteBatch]}
08:32:20.355 INFO: JdwpDebugServer: handling req: EventRequest(15).Set(1)
08:32:20.355 INFO: JdwpEventCenterDelegate: jdwpSetEventRequest: JdwpEventRequest{requestId=108, eventKind=CLASS_PREPARE, suspendPolicy=EVENT_THREAD, predicates=[className=com.badlogic.gdx.graphics.g2d.SpriteBatch$*]}
08:32:20.356 INFO: JdwpDebugServer: handling req: VirtualMachine(1).ClassesBySignature(2)
08:32:20.357 INFO: JdwpDebugServer: handling req: ReferenceType(2).MethodsWithGeneric(15)
08:32:20.357 INFO: JdwpDebugServer: handling req: Method(6).LineTable(1)
08:32:20.357 INFO: JdwpDebugServer: handling req: Method(6).LineTable(1)
08:32:20.358 INFO: JdwpDebugServer: handling req: Method(6).LineTable(1)
08:32:20.358 INFO: JdwpDebugServer: handling req: Method(6).LineTable(1)
08:32:20.358 INFO: JdwpDebugServer: handling req: Method(6).LineTable(1)
08:32:20.358 INFO: JdwpDebugServer: handling req: Method(6).LineTable(1)
08:32:20.358 INFO: JdwpDebugServer: handling req: Method(6).LineTable(1)
08:32:20.358 INFO: JdwpDebugServer: handling req: Method(6).LineTable(1)
08:32:20.358 INFO: JdwpDebugServer: handling req: Method(6).LineTable(1)
08:32:20.358 INFO: JdwpDebugServer: handling req: Method(6).LineTable(1)
08:32:20.359 INFO: JdwpDebugServer: handling req: Method(6).LineTable(1)
08:32:20.359 INFO: JdwpDebugServer: handling req: Method(6).LineTable(1)
08:32:20.359 INFO: JdwpDebugServer: handling req: Method(6).LineTable(1)
08:32:20.359 INFO: JdwpDebugServer: handling req: Method(6).LineTable(1)
08:32:20.359 INFO: JdwpDebugServer: handling req: Method(6).LineTable(1)
08:32:20.359 INFO: JdwpDebugServer: handling req: Method(6).LineTable(1)
08:32:20.359 INFO: JdwpDebugServer: handling req: Method(6).LineTable(1)
08:32:20.360 INFO: JdwpDebugServer: handling req: Method(6).LineTable(1)
08:32:20.360 INFO: JdwpDebugServer: handling req: Method(6).LineTable(1)
08:32:20.360 INFO: JdwpDebugServer: handling req: Method(6).LineTable(1)
08:32:20.360 INFO: JdwpDebugServer: handling req: Method(6).LineTable(1)
08:32:20.360 INFO: JdwpDebugServer: handling req: Method(6).LineTable(1)
08:32:20.360 INFO: JdwpDebugServer: handling req: Method(6).LineTable(1)
08:32:20.361 INFO: JdwpDebugServer: handling req: Method(6).LineTable(1)
08:32:20.361 INFO: JdwpDebugServer: handling req: Method(6).LineTable(1)
08:32:20.361 INFO: JdwpDebugServer: handling req: Method(6).LineTable(1)
08:32:20.361 INFO: JdwpDebugServer: handling req: Method(6).LineTable(1)
08:32:20.361 INFO: JdwpDebugServer: handling req: Method(6).LineTable(1)
08:32:20.361 INFO: JdwpDebugServer: handling req: Method(6).LineTable(1)
08:32:20.361 INFO: JdwpDebugServer: handling req: Method(6).LineTable(1)
08:32:20.361 INFO: JdwpDebugServer: handling req: Method(6).LineTable(1)
08:32:20.362 INFO: JdwpDebugServer: handling req: Method(6).LineTable(1)
08:32:20.362 INFO: JdwpDebugServer: handling req: Method(6).LineTable(1)
08:32:20.362 INFO: JdwpDebugServer: handling req: Method(6).LineTable(1)
08:32:20.362 INFO: JdwpDebugServer: handling req: Method(6).LineTable(1)
08:32:20.362 INFO: JdwpDebugServer: handling req: Method(6).LineTable(1)
08:32:20.362 INFO: JdwpDebugServer: handling req: Method(6).LineTable(1)
08:32:20.362 INFO: JdwpDebugServer: handling req: Method(6).LineTable(1)
08:32:20.362 INFO: JdwpDebugServer: handling req: Method(6).LineTable(1)
08:32:20.362 INFO: JdwpDebugServer: handling req: Method(6).LineTable(1)
08:32:20.363 INFO: JdwpDebugServer: handling req: Method(6).LineTable(1)
08:32:20.363 INFO: JdwpDebugServer: handling req: Method(6).LineTable(1)
08:32:20.363 INFO: JdwpDebugServer: handling req: Method(6).LineTable(1)
08:32:20.363 INFO: JdwpDebugServer: handling req: Method(6).LineTable(1)
08:32:20.363 INFO: JdwpDebugServer: handling req: EventRequest(15).Set(1)
08:32:20.363 INFO: JdwpEventCenterDelegate: jdwpSetEventRequest: JdwpEventRequest{requestId=109, eventKind=BREAKPOINT, suspendPolicy=EVENT_THREAD, predicates=[Location{classId=18040, methodId=1357, index=163} ]}
08:32:20.364 INFO: JdwpDebugServer: handling req: ReferenceType(2).Signature(1)
08:32:20.364 INFO: JdwpDebugServer: handling req: EventRequest(15).Set(1)
08:32:20.364 INFO: JdwpEventCenterDelegate: jdwpSetEventRequest: JdwpEventRequest{requestId=110, eventKind=CLASS_PREPARE, suspendPolicy=EVENT_THREAD, predicates=[className=com.badlogic.gdx.graphics.g2d.PolygonSpriteBatch]}
08:32:20.365 INFO: JdwpDebugServer: handling req: EventRequest(15).Set(1)
08:32:20.365 INFO: JdwpEventCenterDelegate: jdwpSetEventRequest: JdwpEventRequest{requestId=111, eventKind=CLASS_PREPARE, suspendPolicy=EVENT_THREAD, predicates=[className=com.badlogic.gdx.graphics.g2d.PolygonSpriteBatch$*]}
08:32:20.366 INFO: JdwpDebugServer: handling req: VirtualMachine(1).ClassesBySignature(2)
08:32:20.366 INFO: JdwpDebugServer: handling req: EventRequest(15).Set(1)
08:32:20.366 INFO: JdwpEventCenterDelegate: jdwpSetEventRequest: JdwpEventRequest{requestId=112, eventKind=BREAKPOINT, suspendPolicy=EVENT_THREAD, predicates=[Location{classId=15500, methodId=1122, index=141} ]}
08:32:20.367 INFO: JdwpDebugServer: handling req: EventRequest(15).Set(1)
08:32:20.367 INFO: JdwpEventCenterDelegate: jdwpSetEventRequest: JdwpEventRequest{requestId=113, eventKind=CLASS_PREPARE, suspendPolicy=EVENT_THREAD, predicates=[className=java.lang.Throwable]}
08:32:20.368 INFO: JdwpDebugServer: handling req: EventRequest(15).Set(1)
08:32:20.368 INFO: JdwpEventCenterDelegate: jdwpSetEventRequest: JdwpEventRequest{requestId=114, eventKind=CLASS_PREPARE, suspendPolicy=EVENT_THREAD, predicates=[className=java.lang.Throwable$*]}
08:32:20.369 INFO: JdwpDebugServer: handling req: VirtualMachine(1).ClassesBySignature(2)
08:32:20.370 INFO: JdwpDebugServer: handling req: ReferenceType(2).MethodsWithGeneric(15)
08:32:20.370 INFO: JdwpDebugServer: handling req: Method(6).LineTable(1)
08:32:20.370 INFO: JdwpDebugServer: handling req: Method(6).LineTable(1)
08:32:20.370 INFO: JdwpDebugServer: handling req: Method(6).LineTable(1)
08:32:20.371 INFO: JdwpDebugServer: handling req: Method(6).LineTable(1)
08:32:20.371 INFO: JdwpDebugServer: handling req: Method(6).LineTable(1)
08:32:20.371 INFO: JdwpDebugServer: handling req: Method(6).LineTable(1)
08:32:20.371 INFO: JdwpDebugServer: handling req: Method(6).LineTable(1)
08:32:20.372 INFO: JdwpDebugServer: handling req: Method(6).LineTable(1)
08:32:20.372 INFO: JdwpDebugServer: handling req: Method(6).LineTable(1)
08:32:20.373 INFO: JdwpDebugServer: handling req: Method(6).LineTable(1)
08:32:20.373 INFO: JdwpDebugServer: handling req: Method(6).LineTable(1)
08:32:20.374 INFO: JdwpDebugServer: handling req: Method(6).LineTable(1)
08:32:20.374 INFO: JdwpDebugServer: handling req: Method(6).LineTable(1)
08:32:20.374 INFO: JdwpDebugServer: handling req: Method(6).LineTable(1)
08:32:20.374 INFO: JdwpDebugServer: handling req: Method(6).LineTable(1)
08:32:20.374 INFO: JdwpDebugServer: handling req: Method(6).LineTable(1)
08:32:20.375 INFO: JdwpDebugServer: handling req: Method(6).LineTable(1)
08:32:20.375 INFO: JdwpDebugServer: handling req: Method(6).LineTable(1)
08:32:20.375 INFO: JdwpDebugServer: handling req: Method(6).LineTable(1)
08:32:20.375 INFO: JdwpDebugServer: handling req: Method(6).LineTable(1)
08:32:20.375 INFO: JdwpDebugServer: handling req: Method(6).LineTable(1)
08:32:20.376 INFO: JdwpDebugServer: handling req: Method(6).LineTable(1)
08:32:20.376 INFO: JdwpDebugServer: handling req: Method(6).LineTable(1)
08:32:20.376 INFO: JdwpDebugServer: handling req: Method(6).LineTable(1)
08:32:20.376 INFO: JdwpDebugServer: handling req: VirtualMachine(1).ClassesBySignature(2)
08:32:20.376 INFO: JdwpDebugServer: handling req: VirtualMachine(1).AllClassesWithGeneric(20)
08:32:20.387 INFO: JdwpDebugServer: handling req: EventRequest(15).Set(1)
08:32:20.387 INFO: JdwpEventCenterDelegate: jdwpSetEventRequest: JdwpEventRequest{requestId=115, eventKind=CLASS_PREPARE, suspendPolicy=EVENT_THREAD, predicates=[className=com.badlogic.gdx.utils.ScreenUtils]}
08:32:20.389 INFO: JdwpDebugServer: handling req: EventRequest(15).Set(1)
08:32:20.389 INFO: JdwpEventCenterDelegate: jdwpSetEventRequest: JdwpEventRequest{requestId=116, eventKind=CLASS_PREPARE, suspendPolicy=EVENT_THREAD, predicates=[className=com.badlogic.gdx.utils.ScreenUtils$*]}
08:32:20.390 INFO: JdwpDebugServer: handling req: VirtualMachine(1).ClassesBySignature(2)
08:32:20.390 INFO: JdwpDebugServer: handling req: ReferenceType(2).MethodsWithGeneric(15)
08:32:20.390 INFO: JdwpDebugServer: handling req: Method(6).LineTable(1)
08:32:20.390 INFO: JdwpDebugServer: handling req: Method(6).LineTable(1)
08:32:20.390 INFO: JdwpDebugServer: handling req: Method(6).LineTable(1)
08:32:20.391 INFO: JdwpDebugServer: handling req: Method(6).LineTable(1)
08:32:20.391 INFO: JdwpDebugServer: handling req: Method(6).LineTable(1)
08:32:20.391 INFO: JdwpDebugServer: handling req: Method(6).LineTable(1)
08:32:20.391 INFO: JdwpDebugServer: handling req: Method(6).LineTable(1)
08:32:20.391 INFO: JdwpDebugServer: handling req: Method(6).LineTable(1)
08:32:20.392 INFO: JdwpDebugServer: handling req: Method(6).LineTable(1)
08:32:20.392 INFO: JdwpDebugServer: handling req: Method(6).LineTable(1)
08:32:20.392 INFO: JdwpDebugServer: handling req: EventRequest(15).Set(1)
08:32:20.392 INFO: JdwpEventCenterDelegate: jdwpSetEventRequest: JdwpEventRequest{requestId=117, eventKind=BREAKPOINT, suspendPolicy=EVENT_THREAD, predicates=[Location{classId=22240, methodId=1727, index=89} ]}
08:32:20.393 INFO: JdwpDebugServer: handling req: EventRequest(15).Set(1)
08:32:20.393 INFO: JdwpEventCenterDelegate: jdwpSetEventRequest: JdwpEventRequest{requestId=118, eventKind=CLASS_PREPARE, suspendPolicy=EVENT_THREAD, predicates=[className=com.badlogic.gdx.utils.ScreenUtils]}
08:32:20.394 INFO: JdwpDebugServer: handling req: EventRequest(15).Set(1)
08:32:20.394 INFO: JdwpEventCenterDelegate: jdwpSetEventRequest: JdwpEventRequest{requestId=119, eventKind=CLASS_PREPARE, suspendPolicy=EVENT_THREAD, predicates=[className=com.badlogic.gdx.utils.ScreenUtils$*]}
08:32:20.394 INFO: JdwpDebugServer: handling req: VirtualMachine(1).ClassesBySignature(2)
08:32:20.395 INFO: JdwpDebugServer: handling req: EventRequest(15).Set(1)
08:32:20.395 INFO: JdwpEventCenterDelegate: jdwpSetEventRequest: JdwpEventRequest{requestId=120, eventKind=BREAKPOINT, suspendPolicy=EVENT_THREAD, predicates=[Location{classId=22240, methodId=1722, index=72} ]}
08:32:20.395 INFO: JdwpDebugServer: handling req: EventRequest(15).Set(1)
08:32:20.395 INFO: JdwpEventCenterDelegate: jdwpSetEventRequest: JdwpEventRequest{requestId=121, eventKind=CLASS_PREPARE, suspendPolicy=EVENT_THREAD, predicates=[className=com.scottlogic.util.ShaderProgramFactory]}
08:32:20.396 INFO: JdwpDebugServer: handling req: EventRequest(15).Set(1)
08:32:20.396 INFO: JdwpEventCenterDelegate: jdwpSetEventRequest: JdwpEventRequest{requestId=122, eventKind=CLASS_PREPARE, suspendPolicy=EVENT_THREAD, predicates=[className=com.scottlogic.util.ShaderProgramFactory$*]}
08:32:20.398 INFO: JdwpDebugServer: handling req: VirtualMachine(1).ClassesBySignature(2)
08:32:20.398 INFO: JdwpDebugServer: handling req: ReferenceType(2).MethodsWithGeneric(15)
08:32:20.398 INFO: JdwpDebugServer: handling req: Method(6).LineTable(1)
08:32:20.398 INFO: JdwpDebugServer: handling req: Method(6).LineTable(1)
08:32:20.398 INFO: JdwpDebugServer: handling req: Method(6).LineTable(1)
08:32:20.398 INFO: JdwpDebugServer: handling req: Method(6).LineTable(1)
08:32:20.399 INFO: JdwpDebugServer: handling req: Method(6).LineTable(1)
08:32:20.399 INFO: JdwpDebugServer: handling req: EventRequest(15).Set(1)
08:32:20.399 INFO: JdwpEventCenterDelegate: jdwpSetEventRequest: JdwpEventRequest{requestId=123, eventKind=BREAKPOINT, suspendPolicy=EVENT_THREAD, predicates=[Location{classId=20400, methodId=1762, index=106} ]}
08:32:20.399 INFO: JdwpDebugServer: handling req: EventRequest(15).Set(1)
08:32:20.399 INFO: JdwpEventCenterDelegate: jdwpSetEventRequest: JdwpEventRequest{requestId=124, eventKind=CLASS_PREPARE, suspendPolicy=EVENT_THREAD, predicates=[className=com.abdalla.bushnaq.pluvia.launcher.IOSLauncher]}
08:32:20.400 INFO: JdwpDebugServer: handling req: EventRequest(15).Set(1)
08:32:20.400 INFO: JdwpEventCenterDelegate: jdwpSetEventRequest: JdwpEventRequest{requestId=125, eventKind=CLASS_PREPARE, suspendPolicy=EVENT_THREAD, predicates=[className=com.abdalla.bushnaq.pluvia.launcher.IOSLauncher$*]}
08:32:20.401 INFO: JdwpDebugServer: handling req: VirtualMachine(1).ClassesBySignature(2)
08:32:20.401 INFO: JdwpDebugServer: handling req: ReferenceType(2).MethodsWithGeneric(15)
08:32:20.401 INFO: JdwpDebugServer: handling req: Method(6).LineTable(1)
08:32:20.401 INFO: JdwpDebugServer: handling req: Method(6).LineTable(1)
08:32:20.402 INFO: JdwpDebugServer: handling req: Method(6).LineTable(1)
08:32:20.402 INFO: JdwpDebugServer: handling req: Method(6).LineTable(1)
08:32:20.402 INFO: JdwpDebugServer: handling req: Method(6).LineTable(1)
08:32:20.402 INFO: JdwpDebugServer: handling req: Method(6).LineTable(1)
08:32:20.402 INFO: JdwpDebugServer: handling req: Method(6).LineTable(1)
08:32:20.402 INFO: JdwpDebugServer: handling req: Method(6).LineTable(1)
08:32:20.402 INFO: JdwpDebugServer: handling req: Method(6).LineTable(1)
08:32:20.403 INFO: JdwpDebugServer: handling req: EventRequest(15).Set(1)
08:32:20.403 INFO: JdwpEventCenterDelegate: jdwpSetEventRequest: JdwpEventRequest{requestId=126, eventKind=BREAKPOINT, suspendPolicy=EVENT_THREAD, predicates=[Location{classId=12885, methodId=1782, index=50} ]}
08:32:20.403 INFO: JdwpDebugServer: handling req: EventRequest(15).Set(1)
08:32:20.403 INFO: JdwpEventCenterDelegate: jdwpSetEventRequest: JdwpEventRequest{requestId=127, eventKind=CLASS_PREPARE, suspendPolicy=EVENT_THREAD, predicates=[className=com.abdalla.bushnaq.pluvia.launcher.IOSLauncher]}
08:32:20.404 INFO: JdwpDebugServer: handling req: EventRequest(15).Set(1)
08:32:20.404 INFO: JdwpEventCenterDelegate: jdwpSetEventRequest: JdwpEventRequest{requestId=128, eventKind=CLASS_PREPARE, suspendPolicy=EVENT_THREAD, predicates=[className=com.abdalla.bushnaq.pluvia.launcher.IOSLauncher$*]}
08:32:20.405 INFO: JdwpDebugServer: handling req: VirtualMachine(1).ClassesBySignature(2)
08:32:20.405 INFO: JdwpDebugServer: handling req: EventRequest(15).Set(1)
08:32:20.405 INFO: JdwpEventCenterDelegate: jdwpSetEventRequest: JdwpEventRequest{requestId=129, eventKind=BREAKPOINT, suspendPolicy=EVENT_THREAD, predicates=[Location{classId=12885, methodId=1787, index=80} ]}
08:32:20.406 INFO: JdwpDebugServer: handling req: VirtualMachine(1).capabilitiesNew(17)
08:32:20.424 INFO: JdwpDebugServer: handling req: EventRequest(15).Set(1)
08:32:20.424 INFO: JdwpEventCenterDelegate: jdwpSetEventRequest: JdwpEventRequest{requestId=130, eventKind=CLASS_PREPARE, suspendPolicy=EVENT_THREAD, predicates=[className=java.lang.Error]}
08:32:20.426 INFO: JdwpDebugServer: handling req: EventRequest(15).Set(1)
08:32:20.426 INFO: JdwpEventCenterDelegate: jdwpSetEventRequest: JdwpEventRequest{requestId=131, eventKind=CLASS_PREPARE, suspendPolicy=EVENT_THREAD, predicates=[className=java.lang.Error$*]}
08:32:20.428 INFO: JdwpDebugServer: handling req: VirtualMachine(1).ClassesBySignature(2)
08:32:20.428 INFO: JdwpDebugServer: handling req: EventRequest(15).Set(1)
08:32:20.429 INFO: JdwpEventCenterDelegate: jdwpSetEventRequest: JdwpEventRequest{requestId=132, eventKind=EXCEPTION, suspendPolicy=EVENT_THREAD, predicates=[exceptionType=3425(caught=true, uncaught=true)]}
08:32:20.443 INFO: JdwpDebugServer: handling req: EventRequest(15).Set(1)
08:32:20.443 INFO: JdwpEventCenterDelegate: jdwpSetEventRequest: JdwpEventRequest{requestId=133, eventKind=CLASS_PREPARE, suspendPolicy=EVENT_THREAD, predicates=[className=java.lang.Throwable]}
08:32:20.444 INFO: JdwpDebugServer: handling req: EventRequest(15).Set(1)
08:32:20.444 INFO: JdwpEventCenterDelegate: jdwpSetEventRequest: JdwpEventRequest{requestId=134, eventKind=CLASS_PREPARE, suspendPolicy=EVENT_THREAD, predicates=[className=java.lang.Throwable$*]}
08:32:20.445 INFO: JdwpDebugServer: handling req: VirtualMachine(1).ClassesBySignature(2)
08:32:20.446 INFO: JdwpDebugServer: handling req: EventRequest(15).Set(1)
08:32:20.446 INFO: JdwpEventCenterDelegate: jdwpSetEventRequest: JdwpEventRequest{requestId=135, eventKind=EXCEPTION, suspendPolicy=EVENT_THREAD, predicates=[exceptionType=7695(caught=false, uncaught=true)]}
08:32:20.448 INFO: JdwpDebugServer: handling req: ThreadReference(11).SuspendCount(12)
08:32:20.448 INFO: JdwpDebugServer: handling req: ThreadReference(11).SuspendCount(12)
08:32:20.448 INFO: JdwpDebugServer: handling req: ThreadReference(11).SuspendCount(12)
08:32:20.448 INFO: JdwpDebugServer: handling req: ThreadReference(11).SuspendCount(12)
08:32:20.448 INFO: JdwpDebugServer: handling req: VirtualMachine(1).AllThreads(4)
08:32:20.448 INFO: JdwpDebugServer: handling req: VirtualMachine(1).Resume(9)
08:32:20.522 INFO: JdwpDebugServer: handling req: EventRequest(15).Set(1)
08:32:20.522 INFO: JdwpEventCenterDelegate: jdwpSetEventRequest: JdwpEventRequest{requestId=136, eventKind=BREAKPOINT, suspendPolicy=EVENT_THREAD, predicates=[Location{classId=12885, methodId=1782, index=50} ]}
08:32:20.526 INFO: JdwpDebugServer: handling req: EventRequest(15).Set(1)
08:32:20.526 INFO: JdwpEventCenterDelegate: jdwpSetEventRequest: JdwpEventRequest{requestId=137, eventKind=BREAKPOINT, suspendPolicy=EVENT_THREAD, predicates=[Location{classId=12885, methodId=1787, index=80} ]}
08:32:20.528 INFO: JdwpDebugServer: handling req: ThreadReference(11).Resume(3)
08:32:20.528 INFO: JdwpEventCenterDelegate: THREAD_RESUMED: thread (33, main, main)
08:32:20.552 INFO: JdwpEventCenterDelegate: THREAD_RESUMED: thread (33, main, main)
08:32:20.552 INFO: JdwpEventCenterDelegate: THREAD_RESUMED: thread (33, main, main)
08:32:20.553 INFO: JdwpEventCenterDelegate: THREAD_RESUMED: thread (33, main, main)
08:32:20.553 INFO: JdwpEventCenterDelegate: THREAD_RESUMED: thread (33, main, main)
08:32:20.554 INFO: JdwpEventCenterDelegate: THREAD_RESUMED: thread (33, main, main)
08:32:20.554 INFO: JdwpEventCenterDelegate: THREAD_RESUMED: thread (33, main, main)
08:32:20.554 INFO: JdwpEventCenterDelegate: THREAD_RESUMED: thread (33, main, main)
08:32:20.557 INFO: JdwpEventCenterDelegate: THREAD_RESUMED: thread (33, main, main)
08:32:20.557 INFO: JdwpEventCenterDelegate: THREAD_RESUMED: thread (33, main, main)
08:32:20.558 INFO: JdwpEventCenterDelegate: THREAD_RESUMED: thread (33, main, main)
08:32:20.558 INFO: JdwpEventCenterDelegate: THREAD_RESUMED: thread (33, main, main)
08:32:20.564 INFO: JdwpEventCenterDelegate: THREAD_RESUMED: thread (33, main, main)
08:32:20.564 INFO: JdwpEventCenterDelegate: THREAD_RESUMED: thread (33, main, main)
08:32:20.565 INFO: JdwpEventCenterDelegate: THREAD_RESUMED: thread (33, main, main)
08:32:20.626 INFO: JdwpDebugServer: handling req: ThreadReference(11).Frames(6)
08:32:20.926 INFO: JdwpDebugServer: handling req: ThreadReference(11).FramesCount(7)
08:32:20.927 INFO: JdwpDebugServer: handling req: ThreadReference(11).FramesCount(7)
08:32:20.970 INFO: JdwpDebugServer: handling req: ReferenceType(2).SignatureWithGeneric(13)
08:32:20.975 INFO: JdwpDebugServer: handling req: ThreadReference(11).Name(1)
08:32:21.046 INFO: JdwpDebugServer: handling req: ReferenceType(2).FieldsWithGeneric(14)
08:32:21.047 INFO: JdwpDebugServer: handling req: ReferenceType(2).Interfaces(10)
08:32:21.047 INFO: JdwpDebugServer: handling req: ReferenceType(2).FieldsWithGeneric(14)
08:32:21.047 INFO: JdwpDebugServer: handling req: ReferenceType(2).Interfaces(10)
08:32:21.048 INFO: JdwpDebugServer: handling req: ClassType(3).Superclass(1)
08:32:21.048 INFO: JdwpDebugServer: handling req: ReferenceType(2).FieldsWithGeneric(14)
08:32:21.049 INFO: JdwpDebugServer: handling req: ReferenceType(2).Interfaces(10)
08:32:21.049 INFO: JdwpDebugServer: handling req: ClassType(3).Superclass(1)
08:32:21.051 INFO: JdwpDebugServer: handling req: ThreadReference(11).Name(1)
08:32:21.051 INFO: JdwpDebugServer: handling req: ReferenceType(2).FieldsWithGeneric(14)
08:32:21.053 INFO: JdwpDebugServer: handling req: ReferenceType(2).Interfaces(10)
08:32:21.053 INFO: JdwpDebugServer: handling req: ReferenceType(2).FieldsWithGeneric(14)
08:32:21.054 INFO: JdwpDebugServer: handling req: ReferenceType(2).Interfaces(10)
08:32:21.055 INFO: JdwpDebugServer: handling req: ReferenceType(2).FieldsWithGeneric(14)
08:32:21.055 INFO: JdwpDebugServer: handling req: ReferenceType(2).Interfaces(10)
08:32:21.055 INFO: JdwpDebugServer: handling req: ReferenceType(2).FieldsWithGeneric(14)
08:32:21.056 INFO: JdwpDebugServer: handling req: ReferenceType(2).Interfaces(10)
08:32:21.056 INFO: JdwpDebugServer: handling req: ClassType(3).Superclass(1)
08:32:21.056 INFO: JdwpDebugServer: handling req: ReferenceType(2).FieldsWithGeneric(14)
08:32:21.057 INFO: JdwpDebugServer: handling req: ReferenceType(2).Interfaces(10)
08:32:21.058 INFO: JdwpDebugServer: handling req: ClassType(3).Superclass(1)
08:32:21.059 INFO: JdwpDebugServer: handling req: ReferenceType(2).FieldsWithGeneric(14)
08:32:21.059 INFO: JdwpDebugServer: handling req: ReferenceType(2).Interfaces(10)
08:32:21.059 INFO: JdwpDebugServer: handling req: ClassType(3).Superclass(1)
08:32:21.059 INFO: JdwpDebugServer: handling req: ReferenceType(2).FieldsWithGeneric(14)
08:32:21.060 INFO: JdwpDebugServer: handling req: ReferenceType(2).Interfaces(10)
08:32:21.060 INFO: JdwpDebugServer: handling req: ClassType(3).Superclass(1)
08:32:21.060 INFO: JdwpDebugServer: handling req: ClassType(3).Superclass(1)
08:32:21.064 INFO: JdwpDebugServer: handling req: Method(6).VariableTableWithGenerics(5)
08:32:21.065 INFO: JdwpDebugServer: handling req: ReferenceType(2).SourceFile(7)
08:32:21.066 INFO: JdwpDebugServer: handling req: ThreadReference(11).Name(1)
08:32:21.068 INFO: JdwpDebugServer: handling req: ThreadReference(11).Name(1)
08:32:21.068 INFO: JdwpDebugServer: handling req: ThreadReference(11).Name(1)
08:32:21.069 INFO: JdwpDebugServer: handling req: ThreadReference(11).Name(1)
08:32:21.094 INFO: JdwpDebugServer: handling req: StackFrame(16).GetValues(1)
08:32:21.099 INFO: JdwpDebugServer: handling req: ArrayReference(13).Length(1)
08:32:21.100 INFO: JdwpDebugServer: handling req: StackFrame(16).GetValues(1)
08:32:21.102 INFO: JdwpDebugServer: handling req: StackFrame(16).GetValues(1)
08:32:21.107 INFO: JdwpDebugServer: handling req: ObjectReference(9).ReferenceType(1)
08:32:21.107 INFO: JdwpDebugServer: handling req: StackFrame(16).GetValues(1)
08:32:21.108 INFO: JdwpDebugServer: handling req: ReferenceType(2).FieldsWithGeneric(14)
08:32:21.108 INFO: JdwpDebugServer: handling req: ObjectReference(9).ReferenceType(1)
08:32:21.108 INFO: JdwpDebugServer: handling req: ReferenceType(2).Interfaces(10)
08:32:21.109 INFO: JdwpDebugServer: handling req: ReferenceType(2).FieldsWithGeneric(14)
08:32:21.109 INFO: JdwpDebugServer: handling req: ReferenceType(2).Interfaces(10)
08:32:21.109 INFO: JdwpDebugServer: handling req: StackFrame(16).GetValues(1)
08:32:21.110 INFO: JdwpDebugServer: handling req: ClassType(3).Superclass(1)
08:32:21.111 INFO: JdwpDebugServer: handling req: StackFrame(16).GetValues(1)
08:32:21.111 INFO: JdwpDebugServer: handling req: StackFrame(16).GetValues(1)
08:32:21.114 INFO: JdwpDebugServer: handling req: ReferenceType(2).Signature(1)
08:32:21.114 INFO: JdwpDebugServer: handling req: ReferenceType(2).ClassLoader(2)
08:32:21.114 INFO: JdwpDebugServer: handling req: VirtualMachine(1).ClassesBySignature(2)
08:32:21.115 INFO: JdwpDebugServer: handling req: ReferenceType(2).ClassLoader(2)
08:32:21.116 INFO: JdwpDebugServer: handling req: StackFrame(16).GetValues(1)
08:32:21.116 INFO: JdwpDebugServer: handling req: StackFrame(16).GetValues(1)
08:32:21.117 INFO: JdwpDebugServer: handling req: StackFrame(16).GetValues(1)
08:32:21.118 INFO: JdwpDebugServer: handling req: StackFrame(16).GetValues(1)
08:32:21.119 INFO: JdwpDebugServer: handling req: ClassType(3).Superclass(1)
08:32:21.119 INFO: JdwpDebugServer: handling req: ClassType(3).Superclass(1)
08:32:21.119 INFO: JdwpDebugServer: handling req: StackFrame(16).GetValues(1)
08:32:21.120 INFO: JdwpDebugServer: handling req: StackFrame(16).GetValues(1)
08:32:21.120 INFO: JdwpDebugServer: handling req: StackFrame(16).GetValues(1)
08:32:21.121 INFO: JdwpDebugServer: handling req: StackFrame(16).GetValues(1)
08:32:21.121 INFO: JdwpDebugServer: handling req: StackFrame(16).GetValues(1)
08:32:21.121 INFO: JdwpDebugServer: handling req: ThreadReference(11).FramesCount(7)
08:32:21.135 INFO: JdwpDebugServer: handling req: ThreadReference(11).Name(1)
08:32:21.138 INFO: JdwpDebugServer: handling req: ThreadReference(11).FramesCount(7)
08:32:21.138 INFO: JdwpDebugServer: handling req: ThreadReference(11).Name(1)
08:32:21.138 INFO: JdwpDebugServer: handling req: ThreadReference(11).Name(1)
08:32:21.139 INFO: JdwpDebugServer: handling req: ThreadReference(11).Name(1)
08:32:23.395 INFO: JdwpDebugServer: handling req: EventRequest(15).Clear(2)
08:32:23.397 INFO: JdwpDebugServer: handling req: EventRequest(15).Clear(2)
08:32:23.397 INFO: JdwpDebugServer: handling req: EventRequest(15).Clear(2)
08:32:23.406 INFO: JdwpDebugServer: handling req: EventRequest(15).Clear(2)
08:32:24.614 INFO: JdwpDebugServer: handling req: ThreadReference(11).Resume(3)
08:32:24.615 INFO: JdwpEventCenterDelegate: THREAD_RESUMED: thread (33, main, main)
08:32:24.636 INFO: JdwpDebugServer: handling req: ThreadReference(11).Name(1)
08:32:24.637 INFO: JdwpDebugServer: handling req: ThreadReference(11).Name(1)
08:32:24.638 INFO: JdwpDebugServer: handling req: ThreadReference(11).Name(1)
08:32:24.655 INFO: JdwpDebugServer: handling req: ThreadReference(11).Frames(6)
08:32:24.656 INFO: JdwpDebugServer: handling req: ThreadReference(11).FramesCount(7)
08:32:24.656 INFO: JdwpDebugServer: handling req: ThreadReference(11).FramesCount(7)
08:32:24.708 INFO: JdwpDebugServer: handling req: ThreadReference(11).Name(1)
08:32:24.709 INFO: JdwpDebugServer: handling req: ThreadReference(11).Name(1)
08:32:24.709 INFO: JdwpDebugServer: handling req: ThreadReference(11).Name(1)
08:32:24.709 INFO: JdwpDebugServer: handling req: ThreadReference(11).Name(1)
08:32:24.709 INFO: JdwpDebugServer: handling req: ThreadReference(11).Name(1)
08:32:24.726 INFO: JdwpDebugServer: handling req: ThreadReference(11).FramesCount(7)
08:32:24.726 INFO: JdwpDebugServer: handling req: Method(6).VariableTableWithGenerics(5)
08:32:24.733 INFO: JdwpDebugServer: handling req: ThreadReference(11).Name(1)
08:32:24.733 INFO: JdwpDebugServer: handling req: ThreadReference(11).FramesCount(7)
08:32:24.744 INFO: JdwpDebugServer: handling req: StackFrame(16).GetValues(1)
08:32:24.764 INFO: JdwpDebugServer: handling req: StackFrame(16).GetValues(1)
08:32:24.764 INFO: JdwpDebugServer: handling req: ObjectReference(9).ReferenceType(1)
08:32:24.764 INFO: JdwpDebugServer: handling req: ReferenceType(2).FieldsWithGeneric(14)
08:32:24.765 INFO: JdwpDebugServer: handling req: StackFrame(16).GetValues(1)
08:32:24.765 INFO: JdwpDebugServer: handling req: ReferenceType(2).Interfaces(10)
08:32:24.765 INFO: JdwpDebugServer: handling req: ClassType(3).Superclass(1)
08:32:24.765 INFO: JdwpDebugServer: handling req: ReferenceType(2).FieldsWithGeneric(14)
08:32:24.765 INFO: JdwpDebugServer: handling req: ClassType(3).Superclass(1)
08:32:24.765 INFO: JdwpDebugServer: handling req: ReferenceType(2).Interfaces(10)
08:32:24.765 INFO: JdwpDebugServer: handling req: ReferenceType(2).Interfaces(10)
08:32:24.765 INFO: JdwpDebugServer: handling req: ReferenceType(2).FieldsWithGeneric(14)
08:32:24.765 INFO: JdwpDebugServer: handling req: ReferenceType(2).Interfaces(10)
08:32:24.765 INFO: JdwpDebugServer: handling req: ReferenceType(2).Interfaces(10)
08:32:24.765 INFO: JdwpDebugServer: handling req: ReferenceType(2).Interfaces(10)
08:32:24.765 INFO: JdwpDebugServer: handling req: ReferenceType(2).FieldsWithGeneric(14)
08:32:24.765 INFO: JdwpDebugServer: handling req: ReferenceType(2).Interfaces(10)
08:32:24.765 INFO: JdwpDebugServer: handling req: ReferenceType(2).FieldsWithGeneric(14)
08:32:24.765 INFO: JdwpDebugServer: handling req: StackFrame(16).GetValues(1)
08:32:24.766 INFO: JdwpDebugServer: handling req: StackFrame(16).GetValues(1)
08:32:24.766 INFO: JdwpDebugServer: handling req: StackFrame(16).GetValues(1)
08:32:24.766 INFO: JdwpDebugServer: handling req: ObjectReference(9).ReferenceType(1)
08:32:24.766 INFO: JdwpDebugServer: handling req: StackFrame(16).GetValues(1)
08:32:24.766 INFO: JdwpDebugServer: handling req: ReferenceType(2).FieldsWithGeneric(14)
08:32:24.767 INFO: JdwpDebugServer: handling req: ReferenceType(2).Interfaces(10)
08:32:24.767 INFO: JdwpDebugServer: handling req: Method(17).ReflectedType(1)
08:32:24.767 INFO: JdwpDebugServer: handling req: ReferenceType(2).FieldsWithGeneric(14)
08:32:24.767 INFO: JdwpDebugServer: handling req: ReferenceType(2).Interfaces(10)
08:32:24.767 INFO: JdwpDebugServer: handling req: StackFrame(16).GetValues(1)
08:32:24.767 INFO: JdwpDebugServer: handling req: ReferenceType(2).FieldsWithGeneric(14)
08:32:24.767 INFO: JdwpDebugServer: handling req: StackFrame(16).GetValues(1)
08:32:24.767 INFO: JdwpDebugServer: handling req: ReferenceType(2).Interfaces(10)
08:32:24.767 INFO: JdwpDebugServer: handling req: ClassType(3).Superclass(1)
08:32:24.767 INFO: JdwpDebugServer: handling req: StackFrame(16).GetValues(1)
08:32:24.767 INFO: JdwpDebugServer: handling req: StackFrame(16).GetValues(1)
08:32:24.767 INFO: JdwpDebugServer: handling req: ClassType(3).Superclass(1)
08:32:24.768 INFO: JdwpDebugServer: handling req: StackFrame(16).GetValues(1)
08:32:24.768 INFO: JdwpDebugServer: handling req: StackFrame(16).GetValues(1)
08:32:24.768 INFO: JdwpDebugServer: handling req: StackFrame(16).GetValues(1)
08:32:24.768 INFO: JdwpDebugServer: handling req: StackFrame(16).GetValues(1)
08:32:24.768 INFO: JdwpDebugServer: handling req: StackFrame(16).GetValues(1)
08:32:24.768 INFO: JdwpDebugServer: handling req: StringReference(10).Value(1)
08:32:24.770 INFO: JdwpDebugServer: handling req: StackFrame(16).GetValues(1)
08:32:24.770 INFO: JdwpDebugServer: handling req: StackFrame(16).GetValues(1)
08:32:24.770 INFO: JdwpDebugServer: handling req: ObjectReference(9).ReferenceType(1)
08:32:24.770 INFO: JdwpDebugServer: handling req: StackFrame(16).GetValues(1)
08:32:24.770 INFO: JdwpDebugServer: handling req: ReferenceType(2).FieldsWithGeneric(14)
08:32:24.770 INFO: JdwpDebugServer: handling req: StackFrame(16).GetValues(1)
08:32:24.771 INFO: JdwpDebugServer: handling req: ReferenceType(2).Interfaces(10)
08:32:24.771 INFO: JdwpDebugServer: handling req: StackFrame(16).GetValues(1)
08:32:24.771 INFO: JdwpDebugServer: handling req: ClassType(3).Superclass(1)
08:32:24.771 INFO: JdwpDebugServer: handling req: StackFrame(16).GetValues(1)
08:32:24.771 INFO: JdwpDebugServer: handling req: ReferenceType(2).FieldsWithGeneric(14)
08:32:24.771 INFO: JdwpDebugServer: handling req: StackFrame(16).GetValues(1)
08:32:24.771 INFO: JdwpDebugServer: handling req: ReferenceType(2).Interfaces(10)
08:32:24.771 INFO: JdwpDebugServer: handling req: StackFrame(16).GetValues(1)
08:32:24.771 INFO: JdwpDebugServer: handling req: ClassType(3).Superclass(1)
08:32:24.771 INFO: JdwpDebugServer: handling req: ReferenceType(2).FieldsWithGeneric(14)
08:32:24.771 INFO: JdwpDebugServer: handling req: StackFrame(16).GetValues(1)
08:32:24.772 INFO: JdwpDebugServer: handling req: ReferenceType(2).Interfaces(10)
08:32:24.772 INFO: JdwpDebugServer: handling req: StackFrame(16).GetValues(1)
08:32:24.772 INFO: JdwpDebugServer: handling req: ReferenceType(2).FieldsWithGeneric(14)
08:32:24.772 INFO: JdwpDebugServer: handling req: ReferenceType(2).Interfaces(10)
08:32:24.772 INFO: JdwpDebugServer: handling req: StackFrame(16).GetValues(1)
08:32:24.772 INFO: JdwpDebugServer: handling req: ClassType(3).Superclass(1)
08:32:24.772 INFO: JdwpDebugServer: handling req: StackFrame(16).GetValues(1)
08:32:24.772 INFO: JdwpDebugServer: handling req: StackFrame(16).GetValues(1)
08:32:24.773 INFO: JdwpDebugServer: handling req: ArrayReference(13).Length(1)
08:32:24.773 INFO: JdwpDebugServer: handling req: StackFrame(16).GetValues(1)
08:32:24.773 INFO: JdwpDebugServer: handling req: StackFrame(16).GetValues(1)
08:32:24.773 INFO: JdwpDebugServer: handling req: StackFrame(16).GetValues(1)
08:32:24.773 INFO: JdwpDebugServer: handling req: StackFrame(16).GetValues(1)
08:32:24.773 INFO: JdwpDebugServer: handling req: StackFrame(16).GetValues(1)
08:32:24.774 INFO: JdwpDebugServer: handling req: StackFrame(16).GetValues(1)
08:32:24.774 INFO: JdwpDebugServer: handling req: StackFrame(16).GetValues(1)
08:32:24.774 INFO: JdwpDebugServer: handling req: ClassType(3).Superclass(1)
08:32:24.774 INFO: JdwpDebugServer: handling req: StackFrame(16).GetValues(1)
08:32:24.774 INFO: JdwpDebugServer: handling req: StackFrame(16).GetValues(1)
08:32:24.774 INFO: JdwpDebugServer: handling req: StackFrame(16).GetValues(1)
08:32:24.775 INFO: JdwpDebugServer: handling req: StackFrame(16).GetValues(1)
08:32:24.775 INFO: JdwpDebugServer: handling req: StackFrame(16).GetValues(1)
08:32:24.775 INFO: JdwpDebugServer: handling req: StackFrame(16).GetValues(1)
08:32:24.775 INFO: JdwpDebugServer: handling req: StackFrame(16).GetValues(1)
08:32:24.776 INFO: JdwpDebugServer: handling req: ObjectReference(9).ReferenceType(1)
08:32:24.776 INFO: JdwpDebugServer: handling req: StackFrame(16).GetValues(1)
08:32:24.776 INFO: JdwpDebugServer: handling req: StackFrame(16).GetValues(1)
08:32:24.776 INFO: JdwpDebugServer: handling req: StackFrame(16).GetValues(1)
08:32:24.776 INFO: JdwpDebugServer: handling req: ReferenceType(2).Signature(1)
08:32:24.777 INFO: JdwpDebugServer: handling req: ReferenceType(2).ClassLoader(2)
08:32:24.777 INFO: JdwpDebugServer: handling req: StackFrame(16).GetValues(1)
08:32:24.778 INFO: JdwpDebugServer: handling req: StackFrame(16).GetValues(1)
08:32:28.062 INFO: JdwpDebugServer: handling req: StackFrame(16).GetValues(1)
08:32:28.064 INFO: JdwpDebugServer: handling req: ClassType(3).Superclass(1)
08:32:28.067 INFO: JdwpDebugServer: handling req: StackFrame(16).GetValues(1)
08:32:28.068 INFO: JdwpDebugServer: handling req: ReferenceType(2).MethodsWithGeneric(15)
08:32:28.069 INFO: JdwpDebugServer: handling req: ReferenceType(2).MethodsWithGeneric(15)
08:32:28.069 INFO: JdwpDebugServer: handling req: StackFrame(16).GetValues(1)
08:32:28.070 INFO: JdwpDebugServer: handling req: ReferenceType(2).MethodsWithGeneric(15)
08:32:28.070 INFO: JdwpDebugServer: handling req: ReferenceType(2).MethodsWithGeneric(15)
08:32:28.070 INFO: JdwpDebugServer: handling req: ClassType(3).Superclass(1)
08:32:28.071 INFO: JdwpDebugServer: handling req: ReferenceType(2).MethodsWithGeneric(15)
08:32:28.071 INFO: JdwpDebugServer: handling req: ReferenceType(2).MethodsWithGeneric(15)
08:32:28.071 INFO: JdwpDebugServer: handling req: ClassType(3).Superclass(1)
08:32:28.071 INFO: JdwpDebugServer: handling req: ReferenceType(2).ClassLoader(2)
08:32:28.072 INFO: JdwpDebugServer: handling req: ObjectReference(9).InvokeMethod(6)
08:32:28.075 INFO: JdwpDebugServer: handling req: ClassType(3).Superclass(1)
08:32:28.075 INFO: JdwpDebugServer: handling req: ThreadReference(11).Frames(6)
08:32:28.075 INFO: JdwpDebugServer: handling req: StringReference(10).Value(1)
08:32:28.077 INFO: JdwpDebugServer: handling req: StackFrame(16).GetValues(1)
08:32:28.078 INFO: JdwpDebugServer: handling req: ClassType(3).Superclass(1)
08:32:28.092 INFO: JdwpDebugServer: handling req: ThreadReference(11).Name(1)
08:32:28.092 INFO: JdwpDebugServer: handling req: ObjectReference(9).GetValues(2)
08:32:28.094 INFO: JdwpDebugServer: handling req: ObjectReference(9).GetValues(2)
08:32:28.095 INFO: JdwpDebugServer: handling req: ObjectReference(9).ReferenceType(1)
08:32:28.096 INFO: JdwpDebugServer: handling req: ArrayReference(13).Length(1)
08:32:28.097 INFO: JdwpDebugServer: handling req: ObjectReference(9).GetValues(2)
08:32:28.101 INFO: JdwpDebugServer: handling req: StackFrame(16).GetValues(1)
08:32:28.102 INFO: JdwpDebugServer: handling req: ClassType(3).Superclass(1)
08:32:28.104 INFO: JdwpDebugServer: handling req: ObjectReference(9).GetValues(2)
08:32:28.104 INFO: JdwpDebugServer: handling req: ObjectReference(9).GetValues(2)
08:32:28.104 INFO: JdwpDebugServer: handling req: ObjectReference(9).GetValues(2)
08:32:28.105 INFO: JdwpDebugServer: handling req: ObjectReference(9).GetValues(2)
08:32:28.105 INFO: JdwpDebugServer: handling req: ObjectReference(9).GetValues(2)
08:32:28.105 INFO: JdwpDebugServer: handling req: ObjectReference(9).GetValues(2)
08:32:28.105 INFO: JdwpDebugServer: handling req: ObjectReference(9).GetValues(2)
08:32:28.105 INFO: JdwpDebugServer: handling req: ObjectReference(9).GetValues(2)
08:32:28.105 INFO: JdwpDebugServer: handling req: ObjectReference(9).GetValues(2)
08:32:28.106 INFO: JdwpDebugServer: handling req: ObjectReference(9).GetValues(2)
08:32:28.106 INFO: JdwpDebugServer: handling req: ObjectReference(9).GetValues(2)
08:32:28.106 INFO: JdwpDebugServer: handling req: ObjectReference(9).GetValues(2)
08:32:28.106 INFO: JdwpDebugServer: handling req: ObjectReference(9).GetValues(2)
08:32:28.106 INFO: JdwpDebugServer: handling req: ObjectReference(9).GetValues(2)
08:32:28.107 INFO: JdwpDebugServer: handling req: ObjectReference(9).GetValues(2)
08:32:28.107 INFO: JdwpDebugServer: handling req: ObjectReference(9).GetValues(2)
08:32:28.107 INFO: JdwpDebugServer: handling req: ObjectReference(9).GetValues(2)
08:32:28.107 INFO: JdwpDebugServer: handling req: ObjectReference(9).GetValues(2)
08:32:28.107 INFO: JdwpDebugServer: handling req: ObjectReference(9).GetValues(2)
08:32:28.108 INFO: JdwpDebugServer: handling req: ObjectReference(9).GetValues(2)
08:32:28.108 INFO: JdwpDebugServer: handling req: ObjectReference(9).GetValues(2)
08:32:28.108 INFO: JdwpDebugServer: handling req: ObjectReference(9).GetValues(2)
08:32:28.108 INFO: JdwpDebugServer: handling req: ObjectReference(9).GetValues(2)
08:32:28.108 INFO: JdwpDebugServer: handling req: ObjectReference(9).GetValues(2)
08:32:28.109 INFO: JdwpDebugServer: handling req: ObjectReference(9).GetValues(2)
08:32:28.109 INFO: JdwpDebugServer: handling req: ObjectReference(9).GetValues(2)
08:32:28.109 INFO: JdwpDebugServer: handling req: ObjectReference(9).GetValues(2)
08:32:30.522 INFO: JdwpDebugServer: handling req: StackFrame(16).GetValues(1)
08:32:30.523 INFO: JdwpDebugServer: handling req: ClassType(3).Superclass(1)
08:32:30.523 INFO: JdwpDebugServer: handling req: ObjectReference(9).InvokeMethod(6)
08:32:30.524 INFO: JdwpDebugServer: handling req: ThreadReference(11).Frames(6)
08:32:30.525 INFO: JdwpDebugServer: handling req: StringReference(10).Value(1)
08:32:30.525 INFO: JdwpDebugServer: handling req: StackFrame(16).GetValues(1)
08:32:30.526 INFO: JdwpDebugServer: handling req: StackFrame(16).GetValues(1)
08:32:30.526 INFO: JdwpDebugServer: handling req: StackFrame(16).GetValues(1)
08:32:30.526 INFO: JdwpDebugServer: handling req: ClassType(3).Superclass(1)
08:32:30.527 INFO: JdwpDebugServer: handling req: StackFrame(16).GetValues(1)
08:32:30.528 INFO: JdwpDebugServer: handling req: StackFrame(16).GetValues(1)
08:32:30.532 INFO: JdwpDebugServer: handling req: StackFrame(16).GetValues(1)
08:32:30.532 INFO: JdwpDebugServer: handling req: ThreadReference(11).Name(1)
08:32:30.532 INFO: JdwpDebugServer: handling req: ClassType(3).Superclass(1)
08:32:30.535 INFO: JdwpDebugServer: handling req: StackFrame(16).GetValues(1)
08:32:30.536 INFO: JdwpDebugServer: handling req: ClassType(3).Superclass(1)
08:32:30.536 INFO: JdwpDebugServer: handling req: ObjectReference(9).GetValues(2)
08:32:30.536 INFO: JdwpDebugServer: handling req: ObjectReference(9).GetValues(2)
08:32:30.536 INFO: JdwpDebugServer: handling req: ObjectReference(9).GetValues(2)
08:32:30.537 INFO: JdwpDebugServer: handling req: ObjectReference(9).GetValues(2)
08:32:30.537 INFO: JdwpDebugServer: handling req: ObjectReference(9).GetValues(2)
08:32:30.545 INFO: JdwpDebugServer: handling req: StackFrame(16).GetValues(1)
08:32:30.545 INFO: JdwpDebugServer: handling req: ClassType(3).Superclass(1)
08:32:30.545 INFO: JdwpDebugServer: handling req: ObjectReference(9).GetValues(2)
08:32:30.546 INFO: JdwpDebugServer: handling req: ObjectReference(9).GetValues(2)
08:32:30.546 INFO: JdwpDebugServer: handling req: ObjectReference(9).GetValues(2)
08:32:30.546 INFO: JdwpDebugServer: handling req: ObjectReference(9).GetValues(2)
08:32:30.546 INFO: JdwpDebugServer: handling req: ObjectReference(9).GetValues(2)
08:32:30.546 INFO: JdwpDebugServer: handling req: ObjectReference(9).GetValues(2)
08:32:30.547 INFO: JdwpDebugServer: handling req: ObjectReference(9).GetValues(2)
08:32:30.547 INFO: JdwpDebugServer: handling req: ObjectReference(9).GetValues(2)
08:32:30.547 INFO: JdwpDebugServer: handling req: ObjectReference(9).GetValues(2)
08:32:30.547 INFO: JdwpDebugServer: handling req: ObjectReference(9).GetValues(2)
08:32:30.548 INFO: JdwpDebugServer: handling req: ObjectReference(9).GetValues(2)
08:32:30.548 INFO: JdwpDebugServer: handling req: ObjectReference(9).GetValues(2)
08:32:30.548 INFO: JdwpDebugServer: handling req: ObjectReference(9).GetValues(2)
08:32:30.548 INFO: JdwpDebugServer: handling req: ObjectReference(9).GetValues(2)
08:32:30.549 INFO: JdwpDebugServer: handling req: ObjectReference(9).GetValues(2)
08:32:30.549 INFO: JdwpDebugServer: handling req: ObjectReference(9).GetValues(2)
08:32:30.549 INFO: JdwpDebugServer: handling req: ObjectReference(9).GetValues(2)
08:32:30.552 INFO: JdwpDebugServer: handling req: ObjectReference(9).GetValues(2)
08:32:30.554 INFO: JdwpDebugServer: handling req: ObjectReference(9).GetValues(2)
08:32:30.554 INFO: JdwpDebugServer: handling req: ObjectReference(9).GetValues(2)
08:32:30.554 INFO: JdwpDebugServer: handling req: ObjectReference(9).GetValues(2)
08:32:30.555 INFO: JdwpDebugServer: handling req: ObjectReference(9).GetValues(2)
08:32:30.555 INFO: JdwpDebugServer: handling req: ObjectReference(9).GetValues(2)
08:32:30.555 INFO: JdwpDebugServer: handling req: ObjectReference(9).GetValues(2)
08:32:30.556 INFO: JdwpDebugServer: handling req: ObjectReference(9).GetValues(2)
08:32:39.793 INFO: JdwpDebugServer: handling req: StackFrame(16).GetValues(1)
08:32:39.793 INFO: JdwpDebugServer: handling req: ClassType(3).Superclass(1)
08:32:39.793 INFO: JdwpDebugServer: handling req: ReferenceType(2).MethodsWithGeneric(15)
08:32:39.794 INFO: JdwpDebugServer: handling req: ReferenceType(2).MethodsWithGeneric(15)
08:32:39.794 INFO: JdwpDebugServer: handling req: ReferenceType(2).MethodsWithGeneric(15)
08:32:39.794 INFO: JdwpDebugServer: handling req: ReferenceType(2).MethodsWithGeneric(15)
08:32:39.794 INFO: JdwpDebugServer: handling req: ReferenceType(2).MethodsWithGeneric(15)
08:32:39.795 INFO: JdwpDebugServer: handling req: ReferenceType(2).ClassLoader(2)
08:32:39.795 INFO: JdwpDebugServer: handling req: ObjectReference(9).InvokeMethod(6)
08:32:39.796 INFO: JdwpDebugServer: handling req: Method(17).ReflectedType(1)
08:32:39.796 INFO: JdwpDebugServer: handling req: ThreadReference(11).Frames(6)
08:32:39.796 INFO: JdwpDebugServer: handling req: StringReference(10).Value(1)
08:32:39.797 INFO: JdwpDebugServer: handling req: StackFrame(16).GetValues(1)
08:32:39.797 INFO: JdwpDebugServer: handling req: ClassType(3).Superclass(1)
08:32:39.797 INFO: JdwpDebugServer: handling req: StackFrame(16).GetValues(1)
08:32:39.798 INFO: JdwpDebugServer: handling req: StackFrame(16).GetValues(1)
08:32:39.798 INFO: JdwpDebugServer: handling req: StackFrame(16).GetValues(1)
08:32:39.798 INFO: JdwpDebugServer: handling req: ClassType(3).Superclass(1)
08:32:39.801 INFO: JdwpDebugServer: handling req: ThreadReference(11).Name(1)
08:32:39.801 INFO: JdwpDebugServer: handling req: StackFrame(16).GetValues(1)
08:32:39.801 INFO: JdwpDebugServer: handling req: ClassType(3).Superclass(1)
08:32:39.802 INFO: JdwpDebugServer: handling req: ObjectReference(9).GetValues(2)
08:32:39.804 INFO: JdwpDebugServer: handling req: ObjectReference(9).GetValues(2)
08:32:39.804 INFO: JdwpDebugServer: handling req: ObjectReference(9).ReferenceType(1)
08:32:39.804 INFO: JdwpDebugServer: handling req: ObjectReference(9).ReferenceType(1)
08:32:39.804 INFO: JdwpDebugServer: handling req: ObjectReference(9).GetValues(2)
08:32:39.804 INFO: JdwpDebugServer: handling req: ReferenceType(2).FieldsWithGeneric(14)
08:32:39.804 INFO: JdwpDebugServer: handling req: ClassType(3).Superclass(1)
08:32:39.805 INFO: JdwpDebugServer: handling req: ReferenceType(2).Interfaces(10)
08:32:39.805 INFO: JdwpDebugServer: handling req: ClassType(3).Superclass(1)
08:32:39.806 INFO: JdwpDebugServer: handling req: ClassType(3).Superclass(1)
08:32:39.806 INFO: JdwpDebugServer: handling req: ReferenceType(2).FieldsWithGeneric(14)
08:32:39.806 INFO: JdwpDebugServer: handling req: ReferenceType(2).Interfaces(10)
08:32:39.806 INFO: JdwpDebugServer: handling req: ReferenceType(2).Interfaces(10)
08:32:39.806 INFO: JdwpDebugServer: handling req: ObjectReference(9).GetValues(2)
08:32:39.807 INFO: JdwpDebugServer: handling req: ObjectReference(9).GetValues(2)
08:32:45.902 INFO: JdwpDebugServer: handling req: StackFrame(16).GetValues(1)
08:32:45.903 INFO: JdwpDebugServer: handling req: ClassType(3).Superclass(1)
08:32:45.903 INFO: JdwpDebugServer: handling req: StringReference(10).Value(1)
08:32:45.906 INFO: JdwpDebugServer: handling req: StackFrame(16).GetValues(1)
08:32:45.906 INFO: JdwpDebugServer: handling req: StackFrame(16).GetValues(1)
08:32:45.906 INFO: JdwpDebugServer: handling req: StringReference(10).Value(1)
08:32:45.907 INFO: JdwpDebugServer: handling req: StackFrame(16).GetValues(1)
08:32:45.907 INFO: JdwpDebugServer: handling req: ClassType(3).Superclass(1)
08:32:45.907 INFO: JdwpDebugServer: handling req: StackFrame(16).GetValues(1)
08:32:45.907 INFO: JdwpDebugServer: handling req: StackFrame(16).GetValues(1)
08:32:45.910 INFO: JdwpDebugServer: handling req: StackFrame(16).GetValues(1)
08:32:45.911 INFO: JdwpDebugServer: handling req: ClassType(3).Superclass(1)
08:32:45.912 INFO: JdwpDebugServer: handling req: StackFrame(16).GetValues(1)
08:32:45.912 INFO: JdwpDebugServer: handling req: ClassType(3).Superclass(1)
08:32:45.913 INFO: JdwpDebugServer: handling req: ObjectReference(9).GetValues(2)
08:32:45.913 INFO: JdwpDebugServer: handling req: ObjectReference(9).GetValues(2)
08:32:45.913 INFO: JdwpDebugServer: handling req: ObjectReference(9).GetValues(2)
08:32:45.914 INFO: JdwpDebugServer: handling req: ObjectReference(9).GetValues(2)
08:32:45.914 INFO: JdwpDebugServer: handling req: ObjectReference(9).GetValues(2)
08:32:45.917 INFO: JdwpDebugServer: handling req: StackFrame(16).GetValues(1)
08:32:45.917 INFO: JdwpDebugServer: handling req: ClassType(3).Superclass(1)
08:32:45.917 INFO: JdwpDebugServer: handling req: ObjectReference(9).GetValues(2)
08:32:45.918 INFO: JdwpDebugServer: handling req: ObjectReference(9).GetValues(2)
08:32:45.918 INFO: JdwpDebugServer: handling req: ObjectReference(9).GetValues(2)
08:32:45.918 INFO: JdwpDebugServer: handling req: ObjectReference(9).GetValues(2)
08:32:45.918 INFO: JdwpDebugServer: handling req: ObjectReference(9).GetValues(2)
08:32:45.918 INFO: JdwpDebugServer: handling req: ObjectReference(9).GetValues(2)
08:32:45.919 INFO: JdwpDebugServer: handling req: ObjectReference(9).GetValues(2)
08:32:45.919 INFO: JdwpDebugServer: handling req: ArrayReference(13).Length(1)
08:32:45.919 INFO: JdwpDebugServer: handling req: ObjectReference(9).GetValues(2)
08:32:45.919 INFO: JdwpDebugServer: handling req: ObjectReference(9).GetValues(2)
08:32:45.919 INFO: JdwpDebugServer: handling req: ObjectReference(9).GetValues(2)
08:32:45.920 INFO: JdwpDebugServer: handling req: ObjectReference(9).GetValues(2)
08:32:45.920 INFO: JdwpDebugServer: handling req: ObjectReference(9).GetValues(2)
08:32:45.920 INFO: JdwpDebugServer: handling req: ObjectReference(9).ReferenceType(1)
08:32:45.920 INFO: JdwpDebugServer: handling req: ReferenceType(2).Signature(1)
08:32:45.921 INFO: JdwpDebugServer: handling req: ReferenceType(2).ClassLoader(2)
08:32:45.921 INFO: JdwpDebugServer: handling req: ObjectReference(9).GetValues(2)
08:32:45.921 INFO: JdwpDebugServer: handling req: ObjectReference(9).GetValues(2)
08:32:45.922 INFO: JdwpDebugServer: handling req: ObjectReference(9).GetValues(2)
08:32:48.333 INFO: JdwpDebugServer: handling req: StackFrame(16).GetValues(1)
08:32:48.336 INFO: JdwpDebugServer: handling req: StackFrame(16).GetValues(1)
08:32:48.336 INFO: JdwpDebugServer: handling req: StackFrame(16).GetValues(1)
08:32:48.337 INFO: JdwpDebugServer: handling req: StackFrame(16).GetValues(1)
08:32:48.337 INFO: JdwpDebugServer: handling req: StackFrame(16).GetValues(1)
08:32:48.338 INFO: JdwpDebugServer: handling req: StackFrame(16).GetValues(1)
08:32:51.569 INFO: JdwpDebugServer: handling req: VirtualMachine(1).Exit(10)
08:32:51.570 SEVERE: Debugger: Thread JDWP server socket thread crashed
org.robovm.debugger.DebuggerException: Terminating due exit command
	at org.robovm.debugger.jdwp.JdwpDebugServer.doSocketWork(JdwpDebugServer.java:211)
	at java.base/java.lang.Thread.run(Thread.java:833)
	at org.robovm.debugger.utils.DebuggerThread.run(DebuggerThread.java:42)
08:32:52.097 SEVERE: Debugger: Thread HooksChannel socket thread crashed
org.robovm.debugger.DebuggerException: java.nio.BufferUnderflowException
	at org.robovm.debugger.hooks.HooksChannel.doSocketWork(HooksChannel.java:149)
	at java.base/java.lang.Thread.run(Thread.java:833)
	at org.robovm.debugger.utils.DebuggerThread.run(DebuggerThread.java:42)
Caused by: java.nio.BufferUnderflowException
	at org.robovm.debugger.utils.bytebuffer.DataBufferWriter.writeFromStream(DataBufferWriter.java:91)
	at org.robovm.debugger.hooks.HooksChannel.doSocketWork(HooksChannel.java:116)
	... 2 more
