12:53:26.075 INFO: JdwpEventCenterDelegate: THREAD_STARTED: thread (33, main, main)
12:53:26.169 INFO: JdwpEventCenterDelegate: THREAD_STARTED: thread (48, ReferenceQueueDaemon, main)
12:53:26.170 INFO: JdwpEventCenterDelegate: THREAD_STARTED: thread (63, FinalizerDaemon, main)
12:53:26.171 INFO: JdwpEventCenterDelegate: THREAD_STARTED: thread (78, FinalizerWatchdogDaemon, main)
12:53:28.009 INFO: JdwpDebugServer: handling req: VirtualMachine(1).IDSizes(7)
12:53:28.012 INFO: JdwpDebugServer: handling req: EventRequest(15).Set(1)
12:53:28.013 INFO: JdwpEventCenterDelegate: jdwpSetEventRequest: JdwpEventRequest{requestId=100, eventKind=CLASS_UNLOAD, suspendPolicy=NONE, predicates=[]}
12:53:28.013 INFO: JdwpDebugServer: handling req: EventRequest(15).Set(1)
12:53:28.014 INFO: JdwpEventCenterDelegate: jdwpSetEventRequest: JdwpEventRequest{requestId=101, eventKind=THREAD_START, suspendPolicy=NONE, predicates=[]}
12:53:28.014 INFO: JdwpDebugServer: handling req: VirtualMachine(1).ClassesBySignature(2)
12:53:28.016 INFO: JdwpDebugServer: handling req: VirtualMachine(1).Version(1)
12:53:28.017 INFO: JdwpDebugServer: handling req: ReferenceType(2).MethodsWithGeneric(15)
12:53:28.019 INFO: JdwpDebugServer: handling req: Method(6).LineTable(1)
12:53:28.021 INFO: JdwpDebugServer: handling req: EventRequest(15).Set(1)
12:53:28.021 INFO: JdwpEventCenterDelegate: jdwpSetEventRequest: JdwpEventRequest{requestId=102, eventKind=BREAKPOINT, suspendPolicy=NONE, predicates=[Location{classId=845, methodId=257, index=928} ]}
12:53:28.022 INFO: JdwpDebugServer: handling req: EventRequest(15).Set(1)
12:53:28.022 INFO: JdwpEventCenterDelegate: jdwpSetEventRequest: JdwpEventRequest{requestId=103, eventKind=THREAD_DEATH, suspendPolicy=NONE, predicates=[]}
12:53:28.022 INFO: JdwpDebugServer: handling req: VirtualMachine(1).AllThreads(4)
12:53:28.023 INFO: JdwpDebugServer: handling req: ThreadReference(11).ThreadGroup(5)
12:53:28.023 INFO: JdwpDebugServer: handling req: ThreadGroup(12).Name(1)
12:53:28.024 INFO: JdwpDebugServer: handling req: ThreadGroup(12).Parent(2)
12:53:28.024 INFO: JdwpDebugServer: handling req: ObjectReference(9).ReferenceType(1)
12:53:28.025 INFO: JdwpDebugServer: handling req: ReferenceType(2).FieldsWithGeneric(14)
12:53:28.025 INFO: JdwpDebugServer: handling req: ReferenceType(2).Interfaces(10)
12:53:28.026 INFO: JdwpDebugServer: handling req: ReferenceType(2).FieldsWithGeneric(14)
12:53:28.026 INFO: JdwpDebugServer: handling req: ReferenceType(2).Interfaces(10)
12:53:28.026 INFO: JdwpDebugServer: handling req: ClassType(3).Superclass(1)
12:53:28.026 INFO: JdwpDebugServer: handling req: ReferenceType(2).FieldsWithGeneric(14)
12:53:28.027 INFO: JdwpDebugServer: handling req: ReferenceType(2).Interfaces(10)
12:53:28.027 INFO: JdwpDebugServer: handling req: ClassType(3).Superclass(1)
12:53:28.027 INFO: JdwpDebugServer: handling req: ObjectReference(9).GetValues(2)
12:53:28.028 INFO: JdwpDebugServer: handling req: ThreadReference(11).Status(4)
12:53:28.028 INFO: JdwpDebugServer: handling req: ThreadReference(11).Status(4)
12:53:28.028 INFO: JdwpDebugServer: handling req: ThreadReference(11).ThreadGroup(5)
12:53:28.029 INFO: JdwpDebugServer: handling req: ObjectReference(9).ReferenceType(1)
12:53:28.029 INFO: JdwpDebugServer: handling req: ObjectReference(9).GetValues(2)
12:53:28.029 INFO: JdwpDebugServer: handling req: ThreadReference(11).Status(4)
12:53:28.029 INFO: JdwpDebugServer: handling req: ThreadReference(11).Status(4)
12:53:28.030 INFO: JdwpDebugServer: handling req: ThreadReference(11).ThreadGroup(5)
12:53:28.030 INFO: JdwpDebugServer: handling req: ObjectReference(9).ReferenceType(1)
12:53:28.030 INFO: JdwpDebugServer: handling req: ObjectReference(9).GetValues(2)
12:53:28.030 INFO: JdwpDebugServer: handling req: ThreadReference(11).Status(4)
12:53:28.031 INFO: JdwpDebugServer: handling req: ThreadReference(11).Status(4)
12:53:28.031 INFO: JdwpDebugServer: handling req: ThreadReference(11).ThreadGroup(5)
12:53:28.031 INFO: JdwpDebugServer: handling req: ObjectReference(9).ReferenceType(1)
12:53:28.031 INFO: JdwpDebugServer: handling req: ObjectReference(9).GetValues(2)
12:53:28.032 INFO: JdwpDebugServer: handling req: ThreadReference(11).Status(4)
12:53:28.032 INFO: JdwpDebugServer: handling req: ThreadReference(11).Status(4)
12:53:28.034 INFO: JdwpDebugServer: handling req: EventRequest(15).Set(1)
12:53:28.034 INFO: JdwpEventCenterDelegate: jdwpSetEventRequest: JdwpEventRequest{requestId=104, eventKind=CLASS_PREPARE, suspendPolicy=EVENT_THREAD, predicates=[className=java.lang.Throwable]}
12:53:28.040 INFO: JdwpDebugServer: handling req: EventRequest(15).Set(1)
12:53:28.040 INFO: JdwpEventCenterDelegate: jdwpSetEventRequest: JdwpEventRequest{requestId=105, eventKind=CLASS_PREPARE, suspendPolicy=EVENT_THREAD, predicates=[className=java.lang.Throwable$*]}
12:53:28.042 INFO: JdwpDebugServer: handling req: VirtualMachine(1).ClassesBySignature(2)
12:53:28.042 INFO: JdwpDebugServer: handling req: ReferenceType(2).MethodsWithGeneric(15)
12:53:28.043 INFO: JdwpDebugServer: handling req: Method(6).LineTable(1)
12:53:28.044 INFO: JdwpDebugServer: handling req: Method(6).LineTable(1)
12:53:28.044 INFO: JdwpDebugServer: handling req: Method(6).LineTable(1)
12:53:28.044 INFO: JdwpDebugServer: handling req: Method(6).LineTable(1)
12:53:28.045 INFO: JdwpDebugServer: handling req: Method(6).LineTable(1)
12:53:28.045 INFO: JdwpDebugServer: handling req: Method(6).LineTable(1)
12:53:28.045 INFO: JdwpDebugServer: handling req: Method(6).LineTable(1)
12:53:28.045 INFO: JdwpDebugServer: handling req: Method(6).LineTable(1)
12:53:28.045 INFO: JdwpDebugServer: handling req: Method(6).LineTable(1)
12:53:28.045 INFO: JdwpDebugServer: handling req: Method(6).LineTable(1)
12:53:28.046 INFO: JdwpDebugServer: handling req: Method(6).LineTable(1)
12:53:28.046 INFO: JdwpDebugServer: handling req: Method(6).LineTable(1)
12:53:28.046 INFO: JdwpDebugServer: handling req: Method(6).LineTable(1)
12:53:28.046 INFO: JdwpDebugServer: handling req: Method(6).LineTable(1)
12:53:28.046 INFO: JdwpDebugServer: handling req: Method(6).LineTable(1)
12:53:28.046 INFO: JdwpDebugServer: handling req: Method(6).LineTable(1)
12:53:28.047 INFO: JdwpDebugServer: handling req: Method(6).LineTable(1)
12:53:28.047 INFO: JdwpDebugServer: handling req: Method(6).LineTable(1)
12:53:28.047 INFO: JdwpDebugServer: handling req: Method(6).LineTable(1)
12:53:28.047 INFO: JdwpDebugServer: handling req: Method(6).LineTable(1)
12:53:28.047 INFO: JdwpDebugServer: handling req: Method(6).LineTable(1)
12:53:28.048 INFO: JdwpDebugServer: handling req: Method(6).LineTable(1)
12:53:28.048 INFO: JdwpDebugServer: handling req: Method(6).LineTable(1)
12:53:28.048 INFO: JdwpDebugServer: handling req: Method(6).LineTable(1)
12:53:28.048 INFO: JdwpDebugServer: handling req: VirtualMachine(1).ClassesBySignature(2)
12:53:28.048 INFO: JdwpDebugServer: handling req: VirtualMachine(1).AllClassesWithGeneric(20)
12:53:28.062 INFO: JdwpDebugServer: handling req: EventRequest(15).Set(1)
12:53:28.062 INFO: JdwpEventCenterDelegate: jdwpSetEventRequest: JdwpEventRequest{requestId=106, eventKind=CLASS_PREPARE, suspendPolicy=EVENT_THREAD, predicates=[className=com.badlogic.gdx.utils.ScreenUtils]}
12:53:28.064 INFO: JdwpDebugServer: handling req: EventRequest(15).Set(1)
12:53:28.064 INFO: JdwpEventCenterDelegate: jdwpSetEventRequest: JdwpEventRequest{requestId=107, eventKind=CLASS_PREPARE, suspendPolicy=EVENT_THREAD, predicates=[className=com.badlogic.gdx.utils.ScreenUtils$*]}
12:53:28.065 INFO: JdwpDebugServer: handling req: VirtualMachine(1).ClassesBySignature(2)
12:53:28.065 INFO: JdwpDebugServer: handling req: ReferenceType(2).MethodsWithGeneric(15)
12:53:28.066 INFO: JdwpDebugServer: handling req: Method(6).LineTable(1)
12:53:28.066 INFO: JdwpDebugServer: handling req: Method(6).LineTable(1)
12:53:28.066 INFO: JdwpDebugServer: handling req: Method(6).LineTable(1)
12:53:28.066 INFO: JdwpDebugServer: handling req: Method(6).LineTable(1)
12:53:28.066 INFO: JdwpDebugServer: handling req: Method(6).LineTable(1)
12:53:28.066 INFO: JdwpDebugServer: handling req: Method(6).LineTable(1)
12:53:28.067 INFO: JdwpDebugServer: handling req: Method(6).LineTable(1)
12:53:28.067 INFO: JdwpDebugServer: handling req: Method(6).LineTable(1)
12:53:28.068 INFO: JdwpDebugServer: handling req: Method(6).LineTable(1)
12:53:28.068 INFO: JdwpDebugServer: handling req: Method(6).LineTable(1)
12:53:28.068 INFO: JdwpDebugServer: handling req: EventRequest(15).Set(1)
12:53:28.068 INFO: JdwpEventCenterDelegate: jdwpSetEventRequest: JdwpEventRequest{requestId=108, eventKind=BREAKPOINT, suspendPolicy=EVENT_THREAD, predicates=[Location{classId=22230, methodId=1272, index=89} ]}
12:53:28.071 INFO: JdwpDebugServer: handling req: EventRequest(15).Set(1)
12:53:28.071 INFO: JdwpEventCenterDelegate: jdwpSetEventRequest: JdwpEventRequest{requestId=109, eventKind=CLASS_PREPARE, suspendPolicy=EVENT_THREAD, predicates=[className=com.badlogic.gdx.utils.ScreenUtils]}
12:53:28.071 INFO: JdwpDebugServer: handling req: EventRequest(15).Set(1)
12:53:28.071 INFO: JdwpEventCenterDelegate: jdwpSetEventRequest: JdwpEventRequest{requestId=110, eventKind=CLASS_PREPARE, suspendPolicy=EVENT_THREAD, predicates=[className=com.badlogic.gdx.utils.ScreenUtils$*]}
12:53:28.072 INFO: JdwpDebugServer: handling req: VirtualMachine(1).ClassesBySignature(2)
12:53:28.073 INFO: JdwpDebugServer: handling req: EventRequest(15).Set(1)
12:53:28.073 INFO: JdwpEventCenterDelegate: jdwpSetEventRequest: JdwpEventRequest{requestId=111, eventKind=BREAKPOINT, suspendPolicy=EVENT_THREAD, predicates=[Location{classId=22230, methodId=1267, index=72} ]}
12:53:28.073 INFO: JdwpDebugServer: handling req: EventRequest(15).Set(1)
12:53:28.073 INFO: JdwpEventCenterDelegate: jdwpSetEventRequest: JdwpEventRequest{requestId=112, eventKind=CLASS_PREPARE, suspendPolicy=EVENT_THREAD, predicates=[className=com.abdalla.bushnaq.pluvia.engine.GameEngine]}
12:53:28.074 INFO: JdwpDebugServer: handling req: EventRequest(15).Set(1)
12:53:28.074 INFO: JdwpEventCenterDelegate: jdwpSetEventRequest: JdwpEventRequest{requestId=113, eventKind=CLASS_PREPARE, suspendPolicy=EVENT_THREAD, predicates=[className=com.abdalla.bushnaq.pluvia.engine.GameEngine$*]}
12:53:28.075 INFO: JdwpDebugServer: handling req: VirtualMachine(1).ClassesBySignature(2)
12:53:28.075 INFO: JdwpDebugServer: handling req: ReferenceType(2).MethodsWithGeneric(15)
12:53:28.075 INFO: JdwpDebugServer: handling req: Method(6).LineTable(1)
12:53:28.076 INFO: JdwpDebugServer: handling req: Method(6).LineTable(1)
12:53:28.076 INFO: JdwpDebugServer: handling req: Method(6).LineTable(1)
12:53:28.076 INFO: JdwpDebugServer: handling req: Method(6).LineTable(1)
12:53:28.076 INFO: JdwpDebugServer: handling req: Method(6).LineTable(1)
12:53:28.076 INFO: JdwpDebugServer: handling req: Method(6).LineTable(1)
12:53:28.077 INFO: JdwpDebugServer: handling req: Method(6).LineTable(1)
12:53:28.077 INFO: JdwpDebugServer: handling req: Method(6).LineTable(1)
12:53:28.077 INFO: JdwpDebugServer: handling req: Method(6).LineTable(1)
12:53:28.077 INFO: JdwpDebugServer: handling req: Method(6).LineTable(1)
12:53:28.077 INFO: JdwpDebugServer: handling req: Method(6).LineTable(1)
12:53:28.077 INFO: JdwpDebugServer: handling req: Method(6).LineTable(1)
12:53:28.077 INFO: JdwpDebugServer: handling req: Method(6).LineTable(1)
12:53:28.078 INFO: JdwpDebugServer: handling req: Method(6).LineTable(1)
12:53:28.078 INFO: JdwpDebugServer: handling req: Method(6).LineTable(1)
12:53:28.078 INFO: JdwpDebugServer: handling req: Method(6).LineTable(1)
12:53:28.078 INFO: JdwpDebugServer: handling req: Method(6).LineTable(1)
12:53:28.078 INFO: JdwpDebugServer: handling req: Method(6).LineTable(1)
12:53:28.078 INFO: JdwpDebugServer: handling req: Method(6).LineTable(1)
12:53:28.078 INFO: JdwpDebugServer: handling req: Method(6).LineTable(1)
12:53:28.078 INFO: JdwpDebugServer: handling req: Method(6).LineTable(1)
12:53:28.079 INFO: JdwpDebugServer: handling req: Method(6).LineTable(1)
12:53:28.079 INFO: JdwpDebugServer: handling req: Method(6).LineTable(1)
12:53:28.079 INFO: JdwpDebugServer: handling req: Method(6).LineTable(1)
12:53:28.079 INFO: JdwpDebugServer: handling req: Method(6).LineTable(1)
12:53:28.079 INFO: JdwpDebugServer: handling req: Method(6).LineTable(1)
12:53:28.079 INFO: JdwpDebugServer: handling req: Method(6).LineTable(1)
12:53:28.079 INFO: JdwpDebugServer: handling req: Method(6).LineTable(1)
12:53:28.079 INFO: JdwpDebugServer: handling req: Method(6).LineTable(1)
12:53:28.079 INFO: JdwpDebugServer: handling req: Method(6).LineTable(1)
12:53:28.080 INFO: JdwpDebugServer: handling req: Method(6).LineTable(1)
12:53:28.080 INFO: JdwpDebugServer: handling req: Method(6).LineTable(1)
12:53:28.080 INFO: JdwpDebugServer: handling req: EventRequest(15).Set(1)
12:53:28.080 INFO: JdwpEventCenterDelegate: jdwpSetEventRequest: JdwpEventRequest{requestId=114, eventKind=BREAKPOINT, suspendPolicy=EVENT_THREAD, predicates=[Location{classId=16855, methodId=1297, index=100} ]}
12:53:28.081 INFO: JdwpDebugServer: handling req: EventRequest(15).Set(1)
12:53:28.081 INFO: JdwpEventCenterDelegate: jdwpSetEventRequest: JdwpEventRequest{requestId=115, eventKind=CLASS_PREPARE, suspendPolicy=EVENT_THREAD, predicates=[className=com.abdalla.bushnaq.pluvia.launcher.IOSLauncher]}
12:53:28.082 INFO: JdwpDebugServer: handling req: EventRequest(15).Set(1)
12:53:28.082 INFO: JdwpEventCenterDelegate: jdwpSetEventRequest: JdwpEventRequest{requestId=116, eventKind=CLASS_PREPARE, suspendPolicy=EVENT_THREAD, predicates=[className=com.abdalla.bushnaq.pluvia.launcher.IOSLauncher$*]}
12:53:28.083 INFO: JdwpDebugServer: handling req: VirtualMachine(1).ClassesBySignature(2)
12:53:28.083 INFO: JdwpDebugServer: handling req: ReferenceType(2).MethodsWithGeneric(15)
12:53:28.083 INFO: JdwpDebugServer: handling req: Method(6).LineTable(1)
12:53:28.083 INFO: JdwpDebugServer: handling req: Method(6).LineTable(1)
12:53:28.083 INFO: JdwpDebugServer: handling req: Method(6).LineTable(1)
12:53:28.084 INFO: JdwpDebugServer: handling req: EventRequest(15).Set(1)
12:53:28.084 INFO: JdwpEventCenterDelegate: jdwpSetEventRequest: JdwpEventRequest{requestId=117, eventKind=BREAKPOINT, suspendPolicy=EVENT_THREAD, predicates=[Location{classId=12880, methodId=1462, index=86} ]}
12:53:28.084 INFO: JdwpDebugServer: handling req: EventRequest(15).Set(1)
12:53:28.084 INFO: JdwpEventCenterDelegate: jdwpSetEventRequest: JdwpEventRequest{requestId=118, eventKind=CLASS_PREPARE, suspendPolicy=EVENT_THREAD, predicates=[className=com.abdalla.bushnaq.pluvia.launcher.IOSLauncher$PreLauncher]}
12:53:28.085 INFO: JdwpDebugServer: handling req: EventRequest(15).Set(1)
12:53:28.085 INFO: JdwpEventCenterDelegate: jdwpSetEventRequest: JdwpEventRequest{requestId=119, eventKind=CLASS_PREPARE, suspendPolicy=EVENT_THREAD, predicates=[className!=com.abdalla.bushnaq.pluvia.launcher.IOSLauncher$PreLauncher, className=com.abdalla.bushnaq.pluvia.launcher.IOSLauncher$*]}
12:53:28.086 INFO: JdwpDebugServer: handling req: VirtualMachine(1).ClassesBySignature(2)
12:53:28.086 INFO: JdwpDebugServer: handling req: ReferenceType(2).MethodsWithGeneric(15)
12:53:28.086 INFO: JdwpDebugServer: handling req: Method(6).LineTable(1)
12:53:28.087 INFO: JdwpDebugServer: handling req: Method(6).LineTable(1)
12:53:28.087 INFO: JdwpDebugServer: handling req: Method(6).LineTable(1)
12:53:28.087 INFO: JdwpDebugServer: handling req: Method(6).LineTable(1)
12:53:28.087 INFO: JdwpDebugServer: handling req: Method(6).LineTable(1)
12:53:28.087 INFO: JdwpDebugServer: handling req: Method(6).LineTable(1)
12:53:28.087 INFO: JdwpDebugServer: handling req: Method(6).LineTable(1)
12:53:28.088 INFO: JdwpDebugServer: handling req: EventRequest(15).Set(1)
12:53:28.088 INFO: JdwpEventCenterDelegate: jdwpSetEventRequest: JdwpEventRequest{requestId=120, eventKind=BREAKPOINT, suspendPolicy=EVENT_THREAD, predicates=[Location{classId=22365, methodId=1487, index=36} ]}
12:53:28.088 INFO: JdwpDebugServer: handling req: EventRequest(15).Set(1)
12:53:28.088 INFO: JdwpEventCenterDelegate: jdwpSetEventRequest: JdwpEventRequest{requestId=121, eventKind=CLASS_PREPARE, suspendPolicy=EVENT_THREAD, predicates=[className=com.abdalla.bushnaq.pluvia.launcher.IOSLauncher]}
12:53:28.089 INFO: JdwpDebugServer: handling req: EventRequest(15).Set(1)
12:53:28.089 INFO: JdwpEventCenterDelegate: jdwpSetEventRequest: JdwpEventRequest{requestId=122, eventKind=CLASS_PREPARE, suspendPolicy=EVENT_THREAD, predicates=[className=com.abdalla.bushnaq.pluvia.launcher.IOSLauncher$*]}
12:53:28.090 INFO: JdwpDebugServer: handling req: VirtualMachine(1).ClassesBySignature(2)
12:53:28.090 INFO: JdwpDebugServer: handling req: EventRequest(15).Set(1)
12:53:28.090 INFO: JdwpEventCenterDelegate: jdwpSetEventRequest: JdwpEventRequest{requestId=123, eventKind=BREAKPOINT, suspendPolicy=EVENT_THREAD, predicates=[Location{classId=12880, methodId=1462, index=85} ]}
12:53:28.090 INFO: JdwpDebugServer: handling req: EventRequest(15).Set(1)
12:53:28.090 INFO: JdwpEventCenterDelegate: jdwpSetEventRequest: JdwpEventRequest{requestId=124, eventKind=CLASS_PREPARE, suspendPolicy=EVENT_THREAD, predicates=[className=com.abdalla.bushnaq.pluvia.launcher.IOSLauncher$PreLauncher]}
12:53:28.091 INFO: JdwpDebugServer: handling req: EventRequest(15).Set(1)
12:53:28.091 INFO: JdwpEventCenterDelegate: jdwpSetEventRequest: JdwpEventRequest{requestId=125, eventKind=CLASS_PREPARE, suspendPolicy=EVENT_THREAD, predicates=[className!=com.abdalla.bushnaq.pluvia.launcher.IOSLauncher$PreLauncher, className=com.abdalla.bushnaq.pluvia.launcher.IOSLauncher$*]}
12:53:28.092 INFO: JdwpDebugServer: handling req: VirtualMachine(1).ClassesBySignature(2)
12:53:28.092 INFO: JdwpDebugServer: handling req: EventRequest(15).Set(1)
12:53:28.092 INFO: JdwpEventCenterDelegate: jdwpSetEventRequest: JdwpEventRequest{requestId=126, eventKind=BREAKPOINT, suspendPolicy=EVENT_THREAD, predicates=[Location{classId=22365, methodId=1482, index=27} ]}
12:53:28.093 INFO: JdwpDebugServer: handling req: VirtualMachine(1).capabilitiesNew(17)
12:53:28.094 INFO: JdwpDebugServer: handling req: EventRequest(15).Set(1)
12:53:28.094 INFO: JdwpEventCenterDelegate: jdwpSetEventRequest: JdwpEventRequest{requestId=127, eventKind=CLASS_PREPARE, suspendPolicy=EVENT_THREAD, predicates=[className=java.lang.Error]}
12:53:28.096 INFO: JdwpDebugServer: handling req: EventRequest(15).Set(1)
12:53:28.096 INFO: JdwpEventCenterDelegate: jdwpSetEventRequest: JdwpEventRequest{requestId=128, eventKind=CLASS_PREPARE, suspendPolicy=EVENT_THREAD, predicates=[className=java.lang.Error$*]}
12:53:28.096 INFO: JdwpDebugServer: handling req: VirtualMachine(1).ClassesBySignature(2)
12:53:28.098 INFO: JdwpDebugServer: handling req: EventRequest(15).Set(1)
12:53:28.099 INFO: JdwpEventCenterDelegate: jdwpSetEventRequest: JdwpEventRequest{requestId=129, eventKind=EXCEPTION, suspendPolicy=EVENT_THREAD, predicates=[exceptionType=3425(caught=true, uncaught=true)]}
12:53:28.138 INFO: JdwpDebugServer: handling req: EventRequest(15).Set(1)
12:53:28.138 INFO: JdwpEventCenterDelegate: jdwpSetEventRequest: JdwpEventRequest{requestId=130, eventKind=CLASS_PREPARE, suspendPolicy=EVENT_THREAD, predicates=[className=java.lang.Throwable]}
12:53:28.139 INFO: JdwpDebugServer: handling req: EventRequest(15).Set(1)
12:53:28.139 INFO: JdwpEventCenterDelegate: jdwpSetEventRequest: JdwpEventRequest{requestId=131, eventKind=CLASS_PREPARE, suspendPolicy=EVENT_THREAD, predicates=[className=java.lang.Throwable$*]}
12:53:28.141 INFO: JdwpDebugServer: handling req: VirtualMachine(1).ClassesBySignature(2)
12:53:28.141 INFO: JdwpDebugServer: handling req: EventRequest(15).Set(1)
12:53:28.141 INFO: JdwpEventCenterDelegate: jdwpSetEventRequest: JdwpEventRequest{requestId=132, eventKind=EXCEPTION, suspendPolicy=EVENT_THREAD, predicates=[exceptionType=7695(caught=false, uncaught=true)]}
12:53:28.144 INFO: JdwpDebugServer: handling req: ThreadReference(11).SuspendCount(12)
12:53:28.144 INFO: JdwpDebugServer: handling req: ThreadReference(11).SuspendCount(12)
12:53:28.144 INFO: JdwpDebugServer: handling req: ThreadReference(11).SuspendCount(12)
12:53:28.145 INFO: JdwpDebugServer: handling req: ThreadReference(11).SuspendCount(12)
12:53:28.145 INFO: JdwpDebugServer: handling req: VirtualMachine(1).AllThreads(4)
12:53:28.145 INFO: JdwpDebugServer: handling req: VirtualMachine(1).Resume(9)
12:53:28.178 INFO: JdwpDebugServer: handling req: EventRequest(15).Set(1)
12:53:28.178 INFO: JdwpEventCenterDelegate: jdwpSetEventRequest: JdwpEventRequest{requestId=133, eventKind=BREAKPOINT, suspendPolicy=EVENT_THREAD, predicates=[Location{classId=12880, methodId=1462, index=86} ]}
12:53:28.182 INFO: JdwpDebugServer: handling req: EventRequest(15).Set(1)
12:53:28.182 INFO: JdwpEventCenterDelegate: jdwpSetEventRequest: JdwpEventRequest{requestId=134, eventKind=BREAKPOINT, suspendPolicy=EVENT_THREAD, predicates=[Location{classId=12880, methodId=1462, index=85} ]}
12:53:28.185 INFO: JdwpDebugServer: handling req: ThreadReference(11).Resume(3)
12:53:28.185 INFO: JdwpEventCenterDelegate: THREAD_RESUMED: thread (33, main, main)
12:53:28.210 INFO: JdwpEventCenterDelegate: THREAD_RESUMED: thread (33, main, main)
12:53:28.210 INFO: JdwpEventCenterDelegate: THREAD_RESUMED: thread (33, main, main)
12:53:28.211 INFO: JdwpEventCenterDelegate: THREAD_RESUMED: thread (33, main, main)
12:53:28.211 INFO: JdwpEventCenterDelegate: THREAD_RESUMED: thread (33, main, main)
12:53:28.212 INFO: JdwpEventCenterDelegate: THREAD_RESUMED: thread (33, main, main)
12:53:28.212 INFO: JdwpEventCenterDelegate: THREAD_RESUMED: thread (33, main, main)
12:53:28.213 INFO: JdwpEventCenterDelegate: THREAD_RESUMED: thread (33, main, main)
12:53:28.215 INFO: JdwpEventCenterDelegate: THREAD_RESUMED: thread (33, main, main)
12:53:28.215 INFO: JdwpEventCenterDelegate: THREAD_RESUMED: thread (33, main, main)
12:53:28.216 INFO: JdwpEventCenterDelegate: THREAD_RESUMED: thread (33, main, main)
12:53:28.216 INFO: JdwpEventCenterDelegate: THREAD_RESUMED: thread (33, main, main)
12:53:28.221 INFO: JdwpEventCenterDelegate: THREAD_RESUMED: thread (33, main, main)
12:53:28.222 INFO: JdwpEventCenterDelegate: THREAD_RESUMED: thread (33, main, main)
12:53:28.222 INFO: JdwpEventCenterDelegate: THREAD_RESUMED: thread (33, main, main)
12:53:28.242 INFO: JdwpDebugServer: handling req: EventRequest(15).Set(1)
12:53:28.242 INFO: JdwpEventCenterDelegate: jdwpSetEventRequest: JdwpEventRequest{requestId=135, eventKind=BREAKPOINT, suspendPolicy=EVENT_THREAD, predicates=[Location{classId=22365, methodId=1487, index=36} ]}
12:53:28.243 INFO: JdwpDebugServer: handling req: EventRequest(15).Set(1)
12:53:28.243 INFO: JdwpEventCenterDelegate: jdwpSetEventRequest: JdwpEventRequest{requestId=136, eventKind=BREAKPOINT, suspendPolicy=EVENT_THREAD, predicates=[Location{classId=22365, methodId=1482, index=27} ]}
12:53:28.245 INFO: JdwpDebugServer: handling req: ThreadReference(11).Resume(3)
12:53:28.245 INFO: JdwpEventCenterDelegate: THREAD_RESUMED: thread (33, main, main)
12:53:28.285 INFO: JdwpDebugServer: handling req: ThreadReference(11).Frames(6)
12:53:28.602 INFO: JdwpDebugServer: handling req: ThreadReference(11).FramesCount(7)
12:53:28.602 INFO: JdwpDebugServer: handling req: ThreadReference(11).FramesCount(7)
12:53:28.658 INFO: JdwpDebugServer: handling req: ThreadReference(11).Name(1)
12:53:28.659 INFO: JdwpDebugServer: handling req: ReferenceType(2).SignatureWithGeneric(13)
12:53:28.741 INFO: JdwpDebugServer: handling req: ReferenceType(2).SourceFile(7)
12:53:28.743 INFO: JdwpDebugServer: handling req: ReferenceType(2).FieldsWithGeneric(14)
12:53:28.743 INFO: JdwpDebugServer: handling req: ReferenceType(2).Interfaces(10)
12:53:28.743 INFO: JdwpDebugServer: handling req: ClassType(3).Superclass(1)
12:53:28.744 INFO: JdwpDebugServer: handling req: ReferenceType(2).FieldsWithGeneric(14)
12:53:28.744 INFO: JdwpDebugServer: handling req: ReferenceType(2).Interfaces(10)
12:53:28.744 INFO: JdwpDebugServer: handling req: ClassType(3).Superclass(1)
12:53:28.745 INFO: JdwpDebugServer: handling req: ReferenceType(2).FieldsWithGeneric(14)
12:53:28.746 INFO: JdwpDebugServer: handling req: ThreadReference(11).Name(1)
12:53:28.746 INFO: JdwpDebugServer: handling req: ReferenceType(2).Interfaces(10)
12:53:28.746 INFO: JdwpDebugServer: handling req: ReferenceType(2).FieldsWithGeneric(14)
12:53:28.747 INFO: JdwpDebugServer: handling req: ReferenceType(2).Interfaces(10)
12:53:28.748 INFO: JdwpDebugServer: handling req: ReferenceType(2).FieldsWithGeneric(14)
12:53:28.748 INFO: JdwpDebugServer: handling req: ReferenceType(2).Interfaces(10)
12:53:28.749 INFO: JdwpDebugServer: handling req: ReferenceType(2).FieldsWithGeneric(14)
12:53:28.749 INFO: JdwpDebugServer: handling req: ReferenceType(2).Interfaces(10)
12:53:28.749 INFO: JdwpDebugServer: handling req: ClassType(3).Superclass(1)
12:53:28.750 INFO: JdwpDebugServer: handling req: ReferenceType(2).FieldsWithGeneric(14)
12:53:28.751 INFO: JdwpDebugServer: handling req: ReferenceType(2).Interfaces(10)
12:53:28.751 INFO: JdwpDebugServer: handling req: ClassType(3).Superclass(1)
12:53:28.751 INFO: JdwpDebugServer: handling req: ReferenceType(2).FieldsWithGeneric(14)
12:53:28.751 INFO: JdwpDebugServer: handling req: ReferenceType(2).Interfaces(10)
12:53:28.752 INFO: JdwpDebugServer: handling req: ClassType(3).Superclass(1)
12:53:28.752 INFO: JdwpDebugServer: handling req: ReferenceType(2).FieldsWithGeneric(14)
12:53:28.753 INFO: JdwpDebugServer: handling req: ReferenceType(2).Interfaces(10)
12:53:28.753 INFO: JdwpDebugServer: handling req: ClassType(3).Superclass(1)
12:53:28.753 INFO: JdwpDebugServer: handling req: ClassType(3).Superclass(1)
12:53:28.757 INFO: JdwpDebugServer: handling req: Method(6).VariableTableWithGenerics(5)
12:53:28.758 INFO: JdwpDebugServer: handling req: ThreadReference(11).Name(1)
12:53:28.759 INFO: JdwpDebugServer: handling req: ThreadReference(11).Name(1)
12:53:28.759 INFO: JdwpDebugServer: handling req: ThreadReference(11).Name(1)
12:53:28.759 INFO: JdwpDebugServer: handling req: ThreadReference(11).Name(1)
12:53:28.780 INFO: JdwpDebugServer: handling req: StackFrame(16).GetValues(1)
12:53:28.782 INFO: JdwpDebugServer: handling req: ArrayReference(13).Length(1)
12:53:28.782 INFO: JdwpDebugServer: handling req: StackFrame(16).GetValues(1)
12:53:28.783 INFO: JdwpDebugServer: handling req: StackFrame(16).GetValues(1)
12:53:28.785 INFO: JdwpDebugServer: handling req: ObjectReference(9).ReferenceType(1)
12:53:28.785 INFO: JdwpDebugServer: handling req: StackFrame(16).GetValues(1)
12:53:28.786 INFO: JdwpDebugServer: handling req: ReferenceType(2).FieldsWithGeneric(14)
12:53:28.787 INFO: JdwpDebugServer: handling req: ObjectReference(9).ReferenceType(1)
12:53:28.787 INFO: JdwpDebugServer: handling req: StackFrame(16).GetValues(1)
12:53:28.787 INFO: JdwpDebugServer: handling req: ReferenceType(2).Interfaces(10)
12:53:28.788 INFO: JdwpDebugServer: handling req: StackFrame(16).GetValues(1)
12:53:28.788 INFO: JdwpDebugServer: handling req: ReferenceType(2).FieldsWithGeneric(14)
12:53:28.788 INFO: JdwpDebugServer: handling req: ReferenceType(2).Interfaces(10)
12:53:28.788 INFO: JdwpDebugServer: handling req: StackFrame(16).GetValues(1)
12:53:28.789 INFO: JdwpDebugServer: handling req: ClassType(3).Superclass(1)
12:53:28.789 INFO: JdwpDebugServer: handling req: ReferenceType(2).Signature(1)
12:53:28.789 INFO: JdwpDebugServer: handling req: ReferenceType(2).ClassLoader(2)
12:53:28.790 INFO: JdwpDebugServer: handling req: VirtualMachine(1).ClassesBySignature(2)
12:53:28.790 INFO: JdwpDebugServer: handling req: ReferenceType(2).ClassLoader(2)
12:53:28.791 INFO: JdwpDebugServer: handling req: StackFrame(16).GetValues(1)
12:53:28.791 INFO: JdwpDebugServer: handling req: StackFrame(16).GetValues(1)
12:53:28.792 INFO: JdwpDebugServer: handling req: StackFrame(16).GetValues(1)
12:53:28.793 INFO: JdwpDebugServer: handling req: StackFrame(16).GetValues(1)
12:53:28.793 INFO: JdwpDebugServer: handling req: ClassType(3).Superclass(1)
12:53:28.793 INFO: JdwpDebugServer: handling req: ClassType(3).Superclass(1)
12:53:28.794 INFO: JdwpDebugServer: handling req: StackFrame(16).GetValues(1)
12:53:28.794 INFO: JdwpDebugServer: handling req: StackFrame(16).GetValues(1)
12:53:28.794 INFO: JdwpDebugServer: handling req: StackFrame(16).GetValues(1)
12:53:28.795 INFO: JdwpDebugServer: handling req: StackFrame(16).GetValues(1)
12:53:28.795 INFO: JdwpDebugServer: handling req: StackFrame(16).GetValues(1)
12:53:28.796 INFO: JdwpDebugServer: handling req: ThreadReference(11).FramesCount(7)
12:53:28.804 INFO: JdwpDebugServer: handling req: ThreadReference(11).Name(1)
12:53:28.804 INFO: JdwpDebugServer: handling req: ThreadReference(11).FramesCount(7)
12:53:28.804 INFO: JdwpDebugServer: handling req: ThreadReference(11).Name(1)
12:53:28.805 INFO: JdwpDebugServer: handling req: ThreadReference(11).Name(1)
12:53:28.806 INFO: JdwpDebugServer: handling req: ThreadReference(11).Name(1)
12:53:31.112 INFO: JdwpDebugServer: handling req: ThreadReference(11).Resume(3)
12:53:31.113 INFO: JdwpEventCenterDelegate: THREAD_RESUMED: thread (33, main, main)
12:53:31.117 INFO: JdwpEventCenterDelegate: THREAD_RESUMED: thread (33, main, main)
12:53:31.117 INFO: JdwpEventCenterDelegate: THREAD_RESUMED: thread (33, main, main)
12:53:31.118 INFO: JdwpEventCenterDelegate: THREAD_RESUMED: thread (33, main, main)
12:53:31.123 INFO: JdwpDebugServer: handling req: ThreadReference(11).Name(1)
12:53:31.123 INFO: JdwpDebugServer: handling req: ThreadReference(11).Name(1)
12:53:31.123 INFO: JdwpDebugServer: handling req: ThreadReference(11).Name(1)
12:53:31.139 INFO: JdwpEventCenterDelegate: THREAD_RESUMED: thread (33, main, main)
12:53:31.139 INFO: JdwpEventCenterDelegate: THREAD_RESUMED: thread (33, main, main)
12:53:31.140 INFO: JdwpEventCenterDelegate: THREAD_RESUMED: thread (33, main, main)
12:53:31.172 INFO: JdwpDebugServer: handling req: ThreadReference(11).Name(1)
12:53:31.323 INFO: JdwpEventCenterDelegate: THREAD_RESUMED: thread (33, main, main)
12:53:31.324 INFO: JdwpEventCenterDelegate: THREAD_RESUMED: thread (33, main, main)
12:53:31.324 INFO: JdwpEventCenterDelegate: THREAD_RESUMED: thread (33, main, main)
12:53:31.324 INFO: JdwpEventCenterDelegate: THREAD_DETTACHED: thread (33, main, main)
12:53:31.340 SEVERE: Debugger: Thread HooksChannel socket thread crashed
org.robovm.debugger.DebuggerException: java.nio.BufferUnderflowException
	at org.robovm.debugger.hooks.HooksChannel.doSocketWork(HooksChannel.java:149)
	at java.base/java.lang.Thread.run(Thread.java:833)
	at org.robovm.debugger.utils.DebuggerThread.run(DebuggerThread.java:42)
Caused by: java.nio.BufferUnderflowException
	at org.robovm.debugger.utils.bytebuffer.DataBufferWriter.writeFromStream(DataBufferWriter.java:91)
	at org.robovm.debugger.hooks.HooksChannel.doSocketWork(HooksChannel.java:116)
	... 2 more
12:53:31.853 SEVERE: Debugger: Thread JDWP server socket thread crashed
org.robovm.debugger.DebuggerException: java.net.SocketException: Socket closed
	at org.robovm.debugger.jdwp.JdwpDebugServer.doSocketWork(JdwpDebugServer.java:215)
	at java.base/java.lang.Thread.run(Thread.java:833)
	at org.robovm.debugger.utils.DebuggerThread.run(DebuggerThread.java:42)
Caused by: java.net.SocketException: Socket closed
	at java.base/sun.nio.ch.NioSocketImpl.endRead(NioSocketImpl.java:248)
	at java.base/sun.nio.ch.NioSocketImpl.implRead(NioSocketImpl.java:327)
	at java.base/sun.nio.ch.NioSocketImpl.read(NioSocketImpl.java:350)
	at java.base/sun.nio.ch.NioSocketImpl$1.read(NioSocketImpl.java:803)
	at java.base/java.net.Socket$SocketInputStream.read(Socket.java:966)
	at org.robovm.debugger.utils.bytebuffer.DataBufferWriter.writeFromStream(DataBufferWriter.java:89)
	at org.robovm.debugger.jdwp.protocol.JdwpRequestHeader.readFromStream(JdwpRequestHeader.java:36)
	at org.robovm.debugger.jdwp.JdwpDebugServer.doSocketWork(JdwpDebugServer.java:185)
	... 2 more
