07:27:15.578 INFO: JdwpEventCenterDelegate: THREAD_STARTED: thread (33, main, main)
07:27:15.665 INFO: JdwpEventCenterDelegate: THREAD_STARTED: thread (48, ReferenceQueueDaemon, main)
07:27:15.665 INFO: JdwpEventCenterDelegate: THREAD_STARTED: thread (63, FinalizerDaemon, main)
07:27:15.666 INFO: JdwpEventCenterDelegate: THREAD_STARTED: thread (78, FinalizerWatchdogDaemon, main)
07:27:17.684 INFO: JdwpDebugServer: handling req: VirtualMachine(1).IDSizes(7)
07:27:17.686 INFO: JdwpDebugServer: handling req: EventRequest(15).Set(1)
07:27:17.686 INFO: JdwpEventCenterDelegate: jdwpSetEventRequest: JdwpEventRequest{requestId=100, eventKind=CLASS_UNLOAD, suspendPolicy=NONE, predicates=[]}
07:27:17.687 INFO: JdwpDebugServer: handling req: EventRequest(15).Set(1)
07:27:17.687 INFO: JdwpEventCenterDelegate: jdwpSetEventRequest: JdwpEventRequest{requestId=101, eventKind=THREAD_START, suspendPolicy=NONE, predicates=[]}
07:27:17.687 INFO: JdwpDebugServer: handling req: VirtualMachine(1).ClassesBySignature(2)
07:27:17.689 INFO: JdwpDebugServer: handling req: VirtualMachine(1).Version(1)
07:27:17.691 INFO: JdwpDebugServer: handling req: ReferenceType(2).MethodsWithGeneric(15)
07:27:17.692 INFO: JdwpDebugServer: handling req: Method(6).LineTable(1)
07:27:17.693 INFO: JdwpDebugServer: handling req: EventRequest(15).Set(1)
07:27:17.693 INFO: JdwpEventCenterDelegate: jdwpSetEventRequest: JdwpEventRequest{requestId=102, eventKind=BREAKPOINT, suspendPolicy=NONE, predicates=[Location{classId=845, methodId=257, index=928} ]}
07:27:17.694 INFO: JdwpDebugServer: handling req: EventRequest(15).Set(1)
07:27:17.694 INFO: JdwpEventCenterDelegate: jdwpSetEventRequest: JdwpEventRequest{requestId=103, eventKind=THREAD_DEATH, suspendPolicy=NONE, predicates=[]}
07:27:17.694 INFO: JdwpDebugServer: handling req: VirtualMachine(1).AllThreads(4)
07:27:17.694 INFO: JdwpDebugServer: handling req: ThreadReference(11).ThreadGroup(5)
07:27:17.695 INFO: JdwpDebugServer: handling req: ThreadGroup(12).Name(1)
07:27:17.695 INFO: JdwpDebugServer: handling req: ThreadGroup(12).Parent(2)
07:27:17.695 INFO: JdwpDebugServer: handling req: ObjectReference(9).ReferenceType(1)
07:27:17.695 INFO: JdwpDebugServer: handling req: ReferenceType(2).FieldsWithGeneric(14)
07:27:17.696 INFO: JdwpDebugServer: handling req: ReferenceType(2).Interfaces(10)
07:27:17.696 INFO: JdwpDebugServer: handling req: ReferenceType(2).FieldsWithGeneric(14)
07:27:17.696 INFO: JdwpDebugServer: handling req: ReferenceType(2).Interfaces(10)
07:27:17.697 INFO: JdwpDebugServer: handling req: ClassType(3).Superclass(1)
07:27:17.697 INFO: JdwpDebugServer: handling req: ReferenceType(2).FieldsWithGeneric(14)
07:27:17.701 INFO: JdwpDebugServer: handling req: ReferenceType(2).Interfaces(10)
07:27:17.701 INFO: JdwpDebugServer: handling req: ClassType(3).Superclass(1)
07:27:17.701 INFO: JdwpDebugServer: handling req: ObjectReference(9).GetValues(2)
07:27:17.703 INFO: JdwpDebugServer: handling req: ThreadReference(11).Status(4)
07:27:17.703 INFO: JdwpDebugServer: handling req: ThreadReference(11).Status(4)
07:27:17.703 INFO: JdwpDebugServer: handling req: ThreadReference(11).ThreadGroup(5)
07:27:17.703 INFO: JdwpDebugServer: handling req: ObjectReference(9).ReferenceType(1)
07:27:17.704 INFO: JdwpDebugServer: handling req: ObjectReference(9).GetValues(2)
07:27:17.704 INFO: JdwpDebugServer: handling req: ThreadReference(11).Status(4)
07:27:17.704 INFO: JdwpDebugServer: handling req: ThreadReference(11).Status(4)
07:27:17.705 INFO: JdwpDebugServer: handling req: ThreadReference(11).ThreadGroup(5)
07:27:17.705 INFO: JdwpDebugServer: handling req: ObjectReference(9).ReferenceType(1)
07:27:17.705 INFO: JdwpDebugServer: handling req: ObjectReference(9).GetValues(2)
07:27:17.705 INFO: JdwpDebugServer: handling req: ThreadReference(11).Status(4)
07:27:17.705 INFO: JdwpDebugServer: handling req: ThreadReference(11).Status(4)
07:27:17.706 INFO: JdwpDebugServer: handling req: ThreadReference(11).ThreadGroup(5)
07:27:17.706 INFO: JdwpDebugServer: handling req: ObjectReference(9).ReferenceType(1)
07:27:17.706 INFO: JdwpDebugServer: handling req: ObjectReference(9).GetValues(2)
07:27:17.706 INFO: JdwpDebugServer: handling req: ThreadReference(11).Status(4)
07:27:17.707 INFO: JdwpDebugServer: handling req: ThreadReference(11).Status(4)
07:27:17.708 INFO: JdwpDebugServer: handling req: EventRequest(15).Set(1)
07:27:17.708 INFO: JdwpEventCenterDelegate: jdwpSetEventRequest: JdwpEventRequest{requestId=104, eventKind=CLASS_PREPARE, suspendPolicy=EVENT_THREAD, predicates=[className=com.badlogic.gdx.graphics.g2d.PolygonSpriteBatch]}
07:27:17.714 INFO: JdwpDebugServer: handling req: EventRequest(15).Set(1)
07:27:17.714 INFO: JdwpEventCenterDelegate: jdwpSetEventRequest: JdwpEventRequest{requestId=105, eventKind=CLASS_PREPARE, suspendPolicy=EVENT_THREAD, predicates=[className=com.badlogic.gdx.graphics.g2d.PolygonSpriteBatch$*]}
07:27:17.715 INFO: JdwpDebugServer: handling req: VirtualMachine(1).ClassesBySignature(2)
07:27:17.716 INFO: JdwpDebugServer: handling req: ReferenceType(2).MethodsWithGeneric(15)
07:27:17.717 INFO: JdwpDebugServer: handling req: Method(6).LineTable(1)
07:27:17.718 INFO: JdwpDebugServer: handling req: Method(6).LineTable(1)
07:27:17.718 INFO: JdwpDebugServer: handling req: Method(6).LineTable(1)
07:27:17.718 INFO: JdwpDebugServer: handling req: Method(6).LineTable(1)
07:27:17.719 INFO: JdwpDebugServer: handling req: Method(6).LineTable(1)
07:27:17.719 INFO: JdwpDebugServer: handling req: Method(6).LineTable(1)
07:27:17.719 INFO: JdwpDebugServer: handling req: Method(6).LineTable(1)
07:27:17.719 INFO: JdwpDebugServer: handling req: Method(6).LineTable(1)
07:27:17.719 INFO: JdwpDebugServer: handling req: Method(6).LineTable(1)
07:27:17.720 INFO: JdwpDebugServer: handling req: Method(6).LineTable(1)
07:27:17.720 INFO: JdwpDebugServer: handling req: Method(6).LineTable(1)
07:27:17.720 INFO: JdwpDebugServer: handling req: Method(6).LineTable(1)
07:27:17.720 INFO: JdwpDebugServer: handling req: Method(6).LineTable(1)
07:27:17.720 INFO: JdwpDebugServer: handling req: Method(6).LineTable(1)
07:27:17.720 INFO: JdwpDebugServer: handling req: Method(6).LineTable(1)
07:27:17.721 INFO: JdwpDebugServer: handling req: Method(6).LineTable(1)
07:27:17.721 INFO: JdwpDebugServer: handling req: Method(6).LineTable(1)
07:27:17.721 INFO: JdwpDebugServer: handling req: Method(6).LineTable(1)
07:27:17.721 INFO: JdwpDebugServer: handling req: Method(6).LineTable(1)
07:27:17.721 INFO: JdwpDebugServer: handling req: Method(6).LineTable(1)
07:27:17.721 INFO: JdwpDebugServer: handling req: Method(6).LineTable(1)
07:27:17.721 INFO: JdwpDebugServer: handling req: Method(6).LineTable(1)
07:27:17.722 INFO: JdwpDebugServer: handling req: Method(6).LineTable(1)
07:27:17.722 INFO: JdwpDebugServer: handling req: Method(6).LineTable(1)
07:27:17.722 INFO: JdwpDebugServer: handling req: Method(6).LineTable(1)
07:27:17.722 INFO: JdwpDebugServer: handling req: Method(6).LineTable(1)
07:27:17.722 INFO: JdwpDebugServer: handling req: Method(6).LineTable(1)
07:27:17.722 INFO: JdwpDebugServer: handling req: Method(6).LineTable(1)
07:27:17.722 INFO: JdwpDebugServer: handling req: Method(6).LineTable(1)
07:27:17.723 INFO: JdwpDebugServer: handling req: Method(6).LineTable(1)
07:27:17.723 INFO: JdwpDebugServer: handling req: Method(6).LineTable(1)
07:27:17.723 INFO: JdwpDebugServer: handling req: Method(6).LineTable(1)
07:27:17.723 INFO: JdwpDebugServer: handling req: Method(6).LineTable(1)
07:27:17.724 INFO: JdwpDebugServer: handling req: Method(6).LineTable(1)
07:27:17.724 INFO: JdwpDebugServer: handling req: Method(6).LineTable(1)
07:27:17.724 INFO: JdwpDebugServer: handling req: Method(6).LineTable(1)
07:27:17.724 INFO: JdwpDebugServer: handling req: Method(6).LineTable(1)
07:27:17.724 INFO: JdwpDebugServer: handling req: Method(6).LineTable(1)
07:27:17.724 INFO: JdwpDebugServer: handling req: Method(6).LineTable(1)
07:27:17.724 INFO: JdwpDebugServer: handling req: Method(6).LineTable(1)
07:27:17.725 INFO: JdwpDebugServer: handling req: Method(6).LineTable(1)
07:27:17.725 INFO: JdwpDebugServer: handling req: Method(6).LineTable(1)
07:27:17.725 INFO: JdwpDebugServer: handling req: Method(6).LineTable(1)
07:27:17.725 INFO: JdwpDebugServer: handling req: Method(6).LineTable(1)
07:27:17.725 INFO: JdwpDebugServer: handling req: Method(6).LineTable(1)
07:27:17.725 INFO: JdwpDebugServer: handling req: Method(6).LineTable(1)
07:27:17.726 INFO: JdwpDebugServer: handling req: Method(6).LineTable(1)
07:27:17.726 INFO: JdwpDebugServer: handling req: EventRequest(15).Set(1)
07:27:17.726 INFO: JdwpEventCenterDelegate: jdwpSetEventRequest: JdwpEventRequest{requestId=106, eventKind=BREAKPOINT, suspendPolicy=EVENT_THREAD, predicates=[Location{classId=15500, methodId=1122, index=142} ]}
07:27:17.727 INFO: JdwpDebugServer: handling req: ReferenceType(2).Signature(1)
07:27:17.729 INFO: JdwpDebugServer: handling req: EventRequest(15).Set(1)
07:27:17.729 INFO: JdwpEventCenterDelegate: jdwpSetEventRequest: JdwpEventRequest{requestId=107, eventKind=CLASS_PREPARE, suspendPolicy=EVENT_THREAD, predicates=[className=com.badlogic.gdx.graphics.g2d.SpriteBatch]}
07:27:17.731 INFO: JdwpDebugServer: handling req: EventRequest(15).Set(1)
07:27:17.731 INFO: JdwpEventCenterDelegate: jdwpSetEventRequest: JdwpEventRequest{requestId=108, eventKind=CLASS_PREPARE, suspendPolicy=EVENT_THREAD, predicates=[className=com.badlogic.gdx.graphics.g2d.SpriteBatch$*]}
07:27:17.731 INFO: JdwpDebugServer: handling req: VirtualMachine(1).ClassesBySignature(2)
07:27:17.732 INFO: JdwpDebugServer: handling req: ReferenceType(2).MethodsWithGeneric(15)
07:27:17.732 INFO: JdwpDebugServer: handling req: Method(6).LineTable(1)
07:27:17.732 INFO: JdwpDebugServer: handling req: Method(6).LineTable(1)
07:27:17.733 INFO: JdwpDebugServer: handling req: Method(6).LineTable(1)
07:27:17.734 INFO: JdwpDebugServer: handling req: Method(6).LineTable(1)
07:27:17.734 INFO: JdwpDebugServer: handling req: Method(6).LineTable(1)
07:27:17.734 INFO: JdwpDebugServer: handling req: Method(6).LineTable(1)
07:27:17.734 INFO: JdwpDebugServer: handling req: Method(6).LineTable(1)
07:27:17.734 INFO: JdwpDebugServer: handling req: Method(6).LineTable(1)
07:27:17.734 INFO: JdwpDebugServer: handling req: Method(6).LineTable(1)
07:27:17.734 INFO: JdwpDebugServer: handling req: Method(6).LineTable(1)
07:27:17.735 INFO: JdwpDebugServer: handling req: Method(6).LineTable(1)
07:27:17.735 INFO: JdwpDebugServer: handling req: Method(6).LineTable(1)
07:27:17.735 INFO: JdwpDebugServer: handling req: Method(6).LineTable(1)
07:27:17.735 INFO: JdwpDebugServer: handling req: Method(6).LineTable(1)
07:27:17.735 INFO: JdwpDebugServer: handling req: Method(6).LineTable(1)
07:27:17.735 INFO: JdwpDebugServer: handling req: Method(6).LineTable(1)
07:27:17.736 INFO: JdwpDebugServer: handling req: Method(6).LineTable(1)
07:27:17.736 INFO: JdwpDebugServer: handling req: Method(6).LineTable(1)
07:27:17.736 INFO: JdwpDebugServer: handling req: Method(6).LineTable(1)
07:27:17.736 INFO: JdwpDebugServer: handling req: Method(6).LineTable(1)
07:27:17.737 INFO: JdwpDebugServer: handling req: Method(6).LineTable(1)
07:27:17.737 INFO: JdwpDebugServer: handling req: Method(6).LineTable(1)
07:27:17.737 INFO: JdwpDebugServer: handling req: Method(6).LineTable(1)
07:27:17.737 INFO: JdwpDebugServer: handling req: Method(6).LineTable(1)
07:27:17.737 INFO: JdwpDebugServer: handling req: Method(6).LineTable(1)
07:27:17.737 INFO: JdwpDebugServer: handling req: Method(6).LineTable(1)
07:27:17.737 INFO: JdwpDebugServer: handling req: Method(6).LineTable(1)
07:27:17.738 INFO: JdwpDebugServer: handling req: Method(6).LineTable(1)
07:27:17.738 INFO: JdwpDebugServer: handling req: Method(6).LineTable(1)
07:27:17.738 INFO: JdwpDebugServer: handling req: Method(6).LineTable(1)
07:27:17.738 INFO: JdwpDebugServer: handling req: Method(6).LineTable(1)
07:27:17.738 INFO: JdwpDebugServer: handling req: Method(6).LineTable(1)
07:27:17.738 INFO: JdwpDebugServer: handling req: Method(6).LineTable(1)
07:27:17.738 INFO: JdwpDebugServer: handling req: Method(6).LineTable(1)
07:27:17.739 INFO: JdwpDebugServer: handling req: Method(6).LineTable(1)
07:27:17.739 INFO: JdwpDebugServer: handling req: Method(6).LineTable(1)
07:27:17.739 INFO: JdwpDebugServer: handling req: Method(6).LineTable(1)
07:27:17.739 INFO: JdwpDebugServer: handling req: Method(6).LineTable(1)
07:27:17.741 INFO: JdwpDebugServer: handling req: Method(6).LineTable(1)
07:27:17.742 INFO: JdwpDebugServer: handling req: Method(6).LineTable(1)
07:27:17.742 INFO: JdwpDebugServer: handling req: Method(6).LineTable(1)
07:27:17.742 INFO: JdwpDebugServer: handling req: Method(6).LineTable(1)
07:27:17.743 INFO: JdwpDebugServer: handling req: Method(6).LineTable(1)
07:27:17.743 INFO: JdwpDebugServer: handling req: Method(6).LineTable(1)
07:27:17.743 INFO: JdwpDebugServer: handling req: EventRequest(15).Set(1)
07:27:17.743 INFO: JdwpEventCenterDelegate: jdwpSetEventRequest: JdwpEventRequest{requestId=109, eventKind=BREAKPOINT, suspendPolicy=EVENT_THREAD, predicates=[Location{classId=18040, methodId=1357, index=163} ]}
07:27:17.743 INFO: JdwpDebugServer: handling req: ReferenceType(2).Signature(1)
07:27:17.744 INFO: JdwpDebugServer: handling req: EventRequest(15).Set(1)
07:27:17.744 INFO: JdwpEventCenterDelegate: jdwpSetEventRequest: JdwpEventRequest{requestId=110, eventKind=CLASS_PREPARE, suspendPolicy=EVENT_THREAD, predicates=[className=com.badlogic.gdx.graphics.g2d.PolygonSpriteBatch]}
07:27:17.745 INFO: JdwpDebugServer: handling req: EventRequest(15).Set(1)
07:27:17.745 INFO: JdwpEventCenterDelegate: jdwpSetEventRequest: JdwpEventRequest{requestId=111, eventKind=CLASS_PREPARE, suspendPolicy=EVENT_THREAD, predicates=[className=com.badlogic.gdx.graphics.g2d.PolygonSpriteBatch$*]}
07:27:17.746 INFO: JdwpDebugServer: handling req: VirtualMachine(1).ClassesBySignature(2)
07:27:17.746 INFO: JdwpDebugServer: handling req: EventRequest(15).Set(1)
07:27:17.746 INFO: JdwpEventCenterDelegate: jdwpSetEventRequest: JdwpEventRequest{requestId=112, eventKind=BREAKPOINT, suspendPolicy=EVENT_THREAD, predicates=[Location{classId=15500, methodId=1122, index=141} ]}
07:27:17.747 INFO: JdwpDebugServer: handling req: EventRequest(15).Set(1)
07:27:17.747 INFO: JdwpEventCenterDelegate: jdwpSetEventRequest: JdwpEventRequest{requestId=113, eventKind=CLASS_PREPARE, suspendPolicy=EVENT_THREAD, predicates=[className=java.lang.Throwable]}
07:27:17.747 INFO: JdwpDebugServer: handling req: EventRequest(15).Set(1)
07:27:17.748 INFO: JdwpEventCenterDelegate: jdwpSetEventRequest: JdwpEventRequest{requestId=114, eventKind=CLASS_PREPARE, suspendPolicy=EVENT_THREAD, predicates=[className=java.lang.Throwable$*]}
07:27:17.749 INFO: JdwpDebugServer: handling req: VirtualMachine(1).ClassesBySignature(2)
07:27:17.749 INFO: JdwpDebugServer: handling req: ReferenceType(2).MethodsWithGeneric(15)
07:27:17.750 INFO: JdwpDebugServer: handling req: Method(6).LineTable(1)
07:27:17.750 INFO: JdwpDebugServer: handling req: Method(6).LineTable(1)
07:27:17.750 INFO: JdwpDebugServer: handling req: Method(6).LineTable(1)
07:27:17.750 INFO: JdwpDebugServer: handling req: Method(6).LineTable(1)
07:27:17.751 INFO: JdwpDebugServer: handling req: Method(6).LineTable(1)
07:27:17.751 INFO: JdwpDebugServer: handling req: Method(6).LineTable(1)
07:27:17.751 INFO: JdwpDebugServer: handling req: Method(6).LineTable(1)
07:27:17.751 INFO: JdwpDebugServer: handling req: Method(6).LineTable(1)
07:27:17.752 INFO: JdwpDebugServer: handling req: Method(6).LineTable(1)
07:27:17.752 INFO: JdwpDebugServer: handling req: Method(6).LineTable(1)
07:27:17.752 INFO: JdwpDebugServer: handling req: Method(6).LineTable(1)
07:27:17.752 INFO: JdwpDebugServer: handling req: Method(6).LineTable(1)
07:27:17.752 INFO: JdwpDebugServer: handling req: Method(6).LineTable(1)
07:27:17.753 INFO: JdwpDebugServer: handling req: Method(6).LineTable(1)
07:27:17.753 INFO: JdwpDebugServer: handling req: Method(6).LineTable(1)
07:27:17.753 INFO: JdwpDebugServer: handling req: Method(6).LineTable(1)
07:27:17.753 INFO: JdwpDebugServer: handling req: Method(6).LineTable(1)
07:27:17.754 INFO: JdwpDebugServer: handling req: Method(6).LineTable(1)
07:27:17.754 INFO: JdwpDebugServer: handling req: Method(6).LineTable(1)
07:27:17.754 INFO: JdwpDebugServer: handling req: Method(6).LineTable(1)
07:27:17.754 INFO: JdwpDebugServer: handling req: Method(6).LineTable(1)
07:27:17.754 INFO: JdwpDebugServer: handling req: Method(6).LineTable(1)
07:27:17.755 INFO: JdwpDebugServer: handling req: Method(6).LineTable(1)
07:27:17.755 INFO: JdwpDebugServer: handling req: Method(6).LineTable(1)
07:27:17.755 INFO: JdwpDebugServer: handling req: VirtualMachine(1).ClassesBySignature(2)
07:27:17.755 INFO: JdwpDebugServer: handling req: VirtualMachine(1).AllClassesWithGeneric(20)
07:27:17.765 INFO: JdwpDebugServer: handling req: EventRequest(15).Set(1)
07:27:17.765 INFO: JdwpEventCenterDelegate: jdwpSetEventRequest: JdwpEventRequest{requestId=115, eventKind=CLASS_PREPARE, suspendPolicy=EVENT_THREAD, predicates=[className=com.badlogic.gdx.utils.ScreenUtils]}
07:27:17.767 INFO: JdwpDebugServer: handling req: EventRequest(15).Set(1)
07:27:17.767 INFO: JdwpEventCenterDelegate: jdwpSetEventRequest: JdwpEventRequest{requestId=116, eventKind=CLASS_PREPARE, suspendPolicy=EVENT_THREAD, predicates=[className=com.badlogic.gdx.utils.ScreenUtils$*]}
07:27:17.768 INFO: JdwpDebugServer: handling req: VirtualMachine(1).ClassesBySignature(2)
07:27:17.768 INFO: JdwpDebugServer: handling req: ReferenceType(2).MethodsWithGeneric(15)
07:27:17.769 INFO: JdwpDebugServer: handling req: Method(6).LineTable(1)
07:27:17.769 INFO: JdwpDebugServer: handling req: Method(6).LineTable(1)
07:27:17.769 INFO: JdwpDebugServer: handling req: Method(6).LineTable(1)
07:27:17.769 INFO: JdwpDebugServer: handling req: Method(6).LineTable(1)
07:27:17.769 INFO: JdwpDebugServer: handling req: Method(6).LineTable(1)
07:27:17.770 INFO: JdwpDebugServer: handling req: Method(6).LineTable(1)
07:27:17.770 INFO: JdwpDebugServer: handling req: Method(6).LineTable(1)
07:27:17.770 INFO: JdwpDebugServer: handling req: Method(6).LineTable(1)
07:27:17.770 INFO: JdwpDebugServer: handling req: Method(6).LineTable(1)
07:27:17.770 INFO: JdwpDebugServer: handling req: Method(6).LineTable(1)
07:27:17.771 INFO: JdwpDebugServer: handling req: EventRequest(15).Set(1)
07:27:17.771 INFO: JdwpEventCenterDelegate: jdwpSetEventRequest: JdwpEventRequest{requestId=117, eventKind=BREAKPOINT, suspendPolicy=EVENT_THREAD, predicates=[Location{classId=22240, methodId=1727, index=89} ]}
07:27:17.772 INFO: JdwpDebugServer: handling req: EventRequest(15).Set(1)
07:27:17.772 INFO: JdwpEventCenterDelegate: jdwpSetEventRequest: JdwpEventRequest{requestId=118, eventKind=CLASS_PREPARE, suspendPolicy=EVENT_THREAD, predicates=[className=com.badlogic.gdx.utils.ScreenUtils]}
07:27:17.772 INFO: JdwpDebugServer: handling req: EventRequest(15).Set(1)
07:27:17.772 INFO: JdwpEventCenterDelegate: jdwpSetEventRequest: JdwpEventRequest{requestId=119, eventKind=CLASS_PREPARE, suspendPolicy=EVENT_THREAD, predicates=[className=com.badlogic.gdx.utils.ScreenUtils$*]}
07:27:17.774 INFO: JdwpDebugServer: handling req: VirtualMachine(1).ClassesBySignature(2)
07:27:17.774 INFO: JdwpDebugServer: handling req: EventRequest(15).Set(1)
07:27:17.774 INFO: JdwpEventCenterDelegate: jdwpSetEventRequest: JdwpEventRequest{requestId=120, eventKind=BREAKPOINT, suspendPolicy=EVENT_THREAD, predicates=[Location{classId=22240, methodId=1722, index=72} ]}
07:27:17.775 INFO: JdwpDebugServer: handling req: EventRequest(15).Set(1)
07:27:17.775 INFO: JdwpEventCenterDelegate: jdwpSetEventRequest: JdwpEventRequest{requestId=121, eventKind=CLASS_PREPARE, suspendPolicy=EVENT_THREAD, predicates=[className=com.scottlogic.util.GL32CMacIssueHandler]}
07:27:17.776 INFO: JdwpDebugServer: handling req: EventRequest(15).Set(1)
07:27:17.776 INFO: JdwpEventCenterDelegate: jdwpSetEventRequest: JdwpEventRequest{requestId=122, eventKind=CLASS_PREPARE, suspendPolicy=EVENT_THREAD, predicates=[className=com.scottlogic.util.GL32CMacIssueHandler$*]}
07:27:17.777 INFO: JdwpDebugServer: handling req: VirtualMachine(1).ClassesBySignature(2)
07:27:17.777 INFO: JdwpDebugServer: handling req: ReferenceType(2).MethodsWithGeneric(15)
07:27:17.778 INFO: JdwpDebugServer: handling req: Method(6).LineTable(1)
07:27:17.778 INFO: JdwpDebugServer: handling req: Method(6).LineTable(1)
07:27:17.778 INFO: JdwpDebugServer: handling req: Method(6).LineTable(1)
07:27:17.778 INFO: JdwpDebugServer: handling req: Method(6).LineTable(1)
07:27:17.779 INFO: JdwpDebugServer: handling req: Method(6).LineTable(1)
07:27:17.779 INFO: JdwpDebugServer: handling req: EventRequest(15).Set(1)
07:27:17.779 INFO: JdwpEventCenterDelegate: jdwpSetEventRequest: JdwpEventRequest{requestId=123, eventKind=BREAKPOINT, suspendPolicy=EVENT_THREAD, predicates=[Location{classId=21445, methodId=1762, index=144} ]}
07:27:17.779 INFO: JdwpDebugServer: handling req: EventRequest(15).Set(1)
07:27:17.779 INFO: JdwpEventCenterDelegate: jdwpSetEventRequest: JdwpEventRequest{requestId=124, eventKind=CLASS_PREPARE, suspendPolicy=EVENT_THREAD, predicates=[className=com.scottlogic.util.ShaderProgramFactory]}
07:27:17.780 INFO: JdwpDebugServer: handling req: EventRequest(15).Set(1)
07:27:17.780 INFO: JdwpEventCenterDelegate: jdwpSetEventRequest: JdwpEventRequest{requestId=125, eventKind=CLASS_PREPARE, suspendPolicy=EVENT_THREAD, predicates=[className=com.scottlogic.util.ShaderProgramFactory$*]}
07:27:17.782 INFO: JdwpDebugServer: handling req: VirtualMachine(1).ClassesBySignature(2)
07:27:17.782 INFO: JdwpDebugServer: handling req: ReferenceType(2).MethodsWithGeneric(15)
07:27:17.782 INFO: JdwpDebugServer: handling req: Method(6).LineTable(1)
07:27:17.783 INFO: JdwpDebugServer: handling req: Method(6).LineTable(1)
07:27:17.783 INFO: JdwpDebugServer: handling req: Method(6).LineTable(1)
07:27:17.783 INFO: JdwpDebugServer: handling req: Method(6).LineTable(1)
07:27:17.783 INFO: JdwpDebugServer: handling req: Method(6).LineTable(1)
07:27:17.784 INFO: JdwpDebugServer: handling req: EventRequest(15).Set(1)
07:27:17.784 INFO: JdwpEventCenterDelegate: jdwpSetEventRequest: JdwpEventRequest{requestId=126, eventKind=BREAKPOINT, suspendPolicy=EVENT_THREAD, predicates=[Location{classId=20400, methodId=1787, index=106} ]}
07:27:17.785 INFO: JdwpDebugServer: handling req: VirtualMachine(1).capabilitiesNew(17)
07:27:17.786 INFO: JdwpDebugServer: handling req: EventRequest(15).Set(1)
07:27:17.786 INFO: JdwpEventCenterDelegate: jdwpSetEventRequest: JdwpEventRequest{requestId=127, eventKind=CLASS_PREPARE, suspendPolicy=EVENT_THREAD, predicates=[className=java.lang.Error]}
07:27:17.787 INFO: JdwpDebugServer: handling req: EventRequest(15).Set(1)
07:27:17.787 INFO: JdwpEventCenterDelegate: jdwpSetEventRequest: JdwpEventRequest{requestId=128, eventKind=CLASS_PREPARE, suspendPolicy=EVENT_THREAD, predicates=[className=java.lang.Error$*]}
07:27:17.788 INFO: JdwpDebugServer: handling req: VirtualMachine(1).ClassesBySignature(2)
07:27:17.789 INFO: JdwpDebugServer: handling req: EventRequest(15).Set(1)
07:27:17.789 INFO: JdwpEventCenterDelegate: jdwpSetEventRequest: JdwpEventRequest{requestId=129, eventKind=EXCEPTION, suspendPolicy=EVENT_THREAD, predicates=[exceptionType=3425(caught=true, uncaught=true)]}
07:27:17.812 INFO: JdwpDebugServer: handling req: EventRequest(15).Set(1)
07:27:17.812 INFO: JdwpEventCenterDelegate: jdwpSetEventRequest: JdwpEventRequest{requestId=130, eventKind=CLASS_PREPARE, suspendPolicy=EVENT_THREAD, predicates=[className=java.lang.Throwable]}
07:27:17.816 INFO: JdwpDebugServer: handling req: EventRequest(15).Set(1)
07:27:17.816 INFO: JdwpEventCenterDelegate: jdwpSetEventRequest: JdwpEventRequest{requestId=131, eventKind=CLASS_PREPARE, suspendPolicy=EVENT_THREAD, predicates=[className=java.lang.Throwable$*]}
07:27:17.818 INFO: JdwpDebugServer: handling req: VirtualMachine(1).ClassesBySignature(2)
07:27:17.818 INFO: JdwpDebugServer: handling req: EventRequest(15).Set(1)
07:27:17.818 INFO: JdwpEventCenterDelegate: jdwpSetEventRequest: JdwpEventRequest{requestId=132, eventKind=EXCEPTION, suspendPolicy=EVENT_THREAD, predicates=[exceptionType=7695(caught=false, uncaught=true)]}
07:27:17.820 INFO: JdwpDebugServer: handling req: ThreadReference(11).SuspendCount(12)
07:27:17.820 INFO: JdwpDebugServer: handling req: ThreadReference(11).SuspendCount(12)
07:27:17.820 INFO: JdwpDebugServer: handling req: ThreadReference(11).SuspendCount(12)
07:27:17.821 INFO: JdwpDebugServer: handling req: ThreadReference(11).SuspendCount(12)
07:27:17.821 INFO: JdwpDebugServer: handling req: VirtualMachine(1).AllThreads(4)
07:27:17.821 INFO: JdwpDebugServer: handling req: VirtualMachine(1).Resume(9)
07:27:17.905 INFO: JdwpEventCenterDelegate: THREAD_RESUMED: thread (33, main, main)
07:27:17.906 INFO: JdwpEventCenterDelegate: THREAD_RESUMED: thread (33, main, main)
07:27:17.907 INFO: JdwpEventCenterDelegate: THREAD_RESUMED: thread (33, main, main)
07:27:17.907 INFO: JdwpEventCenterDelegate: THREAD_RESUMED: thread (33, main, main)
07:27:17.908 INFO: JdwpEventCenterDelegate: THREAD_RESUMED: thread (33, main, main)
07:27:17.908 INFO: JdwpEventCenterDelegate: THREAD_RESUMED: thread (33, main, main)
07:27:17.909 INFO: JdwpEventCenterDelegate: THREAD_RESUMED: thread (33, main, main)
07:27:17.911 INFO: JdwpEventCenterDelegate: THREAD_RESUMED: thread (33, main, main)
07:27:17.911 INFO: JdwpEventCenterDelegate: THREAD_RESUMED: thread (33, main, main)
07:27:17.912 INFO: JdwpEventCenterDelegate: THREAD_RESUMED: thread (33, main, main)
07:27:17.912 INFO: JdwpEventCenterDelegate: THREAD_RESUMED: thread (33, main, main)
07:27:17.918 INFO: JdwpEventCenterDelegate: THREAD_RESUMED: thread (33, main, main)
07:27:17.918 INFO: JdwpEventCenterDelegate: THREAD_RESUMED: thread (33, main, main)
07:27:17.919 INFO: JdwpEventCenterDelegate: THREAD_RESUMED: thread (33, main, main)
07:27:17.987 INFO: JdwpEventCenterDelegate: THREAD_RESUMED: thread (33, main, main)
07:27:17.987 INFO: JdwpEventCenterDelegate: THREAD_RESUMED: thread (33, main, main)
07:27:17.987 INFO: JdwpEventCenterDelegate: THREAD_RESUMED: thread (33, main, main)
07:27:18.000 INFO: JdwpEventCenterDelegate: THREAD_RESUMED: thread (33, main, main)
07:27:18.001 INFO: JdwpEventCenterDelegate: THREAD_RESUMED: thread (33, main, main)
07:27:18.001 INFO: JdwpEventCenterDelegate: THREAD_RESUMED: thread (33, main, main)
07:27:18.268 INFO: JdwpEventCenterDelegate: THREAD_RESUMED: thread (33, main, main)
07:27:18.269 INFO: JdwpEventCenterDelegate: THREAD_RESUMED: thread (33, main, main)
07:27:18.269 INFO: JdwpEventCenterDelegate: THREAD_RESUMED: thread (33, main, main)
07:27:18.314 INFO: JdwpDebugServer: handling req: ThreadReference(11).Name(1)
07:27:18.315 INFO: JdwpDebugServer: handling req: ThreadReference(11).Name(1)
07:27:18.315 INFO: JdwpDebugServer: handling req: ThreadReference(11).Name(1)
07:27:18.316 INFO: JdwpDebugServer: handling req: ThreadReference(11).Name(1)
07:27:18.333 INFO: JdwpEventCenterDelegate: THREAD_RESUMED: thread (33, main, main)
07:27:18.333 INFO: JdwpEventCenterDelegate: THREAD_RESUMED: thread (33, main, main)
07:27:18.334 INFO: JdwpEventCenterDelegate: THREAD_RESUMED: thread (33, main, main)
07:27:18.359 INFO: JdwpEventCenterDelegate: THREAD_RESUMED: thread (33, main, main)
07:27:18.360 INFO: JdwpEventCenterDelegate: THREAD_RESUMED: thread (33, main, main)
07:27:18.361 INFO: JdwpEventCenterDelegate: THREAD_RESUMED: thread (33, main, main)
07:27:18.383 INFO: JdwpEventCenterDelegate: THREAD_RESUMED: thread (33, main, main)
07:27:18.383 INFO: JdwpEventCenterDelegate: THREAD_RESUMED: thread (33, main, main)
07:27:18.384 INFO: JdwpEventCenterDelegate: THREAD_RESUMED: thread (33, main, main)
07:27:18.385 INFO: JdwpEventCenterDelegate: THREAD_RESUMED: thread (33, main, main)
07:27:18.391 INFO: JdwpEventCenterDelegate: THREAD_RESUMED: thread (33, main, main)
07:27:18.392 INFO: JdwpEventCenterDelegate: THREAD_RESUMED: thread (33, main, main)
07:27:18.912 INFO: JdwpEventCenterDelegate: THREAD_RESUMED: thread (33, main, main)
07:27:18.912 INFO: JdwpEventCenterDelegate: THREAD_RESUMED: thread (33, main, main)
07:27:18.931 INFO: JdwpEventCenterDelegate: THREAD_RESUMED: thread (33, main, main)
07:27:18.932 INFO: JdwpEventCenterDelegate: THREAD_RESUMED: thread (33, main, main)
07:27:18.932 INFO: JdwpEventCenterDelegate: THREAD_RESUMED: thread (33, main, main)
07:27:18.933 INFO: JdwpEventCenterDelegate: THREAD_RESUMED: thread (33, main, main)
07:27:19.002 INFO: JdwpEventCenterDelegate: THREAD_RESUMED: thread (33, main, main)
07:27:19.403 INFO: JdwpDebugServer: handling req: EventRequest(15).Set(1)
07:27:19.403 INFO: JdwpEventCenterDelegate: jdwpSetEventRequest: JdwpEventRequest{requestId=133, eventKind=BREAKPOINT, suspendPolicy=EVENT_THREAD, predicates=[Location{classId=15500, methodId=1122, index=142} ]}
07:27:19.406 INFO: JdwpDebugServer: handling req: EventRequest(15).Set(1)
07:27:19.407 INFO: JdwpEventCenterDelegate: jdwpSetEventRequest: JdwpEventRequest{requestId=134, eventKind=BREAKPOINT, suspendPolicy=EVENT_THREAD, predicates=[Location{classId=15500, methodId=1122, index=141} ]}
07:27:19.408 INFO: JdwpDebugServer: handling req: ThreadReference(11).Resume(3)
07:27:19.409 INFO: JdwpEventCenterDelegate: THREAD_RESUMED: thread (33, main, main)
07:27:19.410 INFO: JdwpDebugServer: handling req: EventRequest(15).Set(1)
07:27:19.410 INFO: JdwpEventCenterDelegate: jdwpSetEventRequest: JdwpEventRequest{requestId=135, eventKind=BREAKPOINT, suspendPolicy=EVENT_THREAD, predicates=[Location{classId=21445, methodId=1762, index=144} ]}
07:27:19.418 INFO: JdwpDebugServer: handling req: ThreadReference(11).Resume(3)
07:27:19.419 INFO: JdwpEventCenterDelegate: THREAD_RESUMED: thread (33, main, main)
07:27:19.421 INFO: JdwpDebugServer: handling req: ThreadReference(11).Frames(6)
07:27:19.422 INFO: JdwpDebugServer: handling req: ReferenceType(2).MethodsWithGeneric(15)
07:27:19.422 INFO: JdwpDebugServer: handling req: ReferenceType(2).MethodsWithGeneric(15)
07:27:19.422 INFO: JdwpDebugServer: handling req: ReferenceType(2).MethodsWithGeneric(15)
07:27:19.423 INFO: JdwpDebugServer: handling req: ReferenceType(2).MethodsWithGeneric(15)
07:27:19.423 INFO: JdwpDebugServer: handling req: ReferenceType(2).MethodsWithGeneric(15)
07:27:19.423 INFO: JdwpDebugServer: handling req: ReferenceType(2).MethodsWithGeneric(15)
07:27:19.425 INFO: JdwpDebugServer: handling req: ThreadReference(11).FramesCount(7)
07:27:19.426 INFO: JdwpDebugServer: handling req: ThreadReference(11).FramesCount(7)
07:27:20.094 INFO: JdwpDebugServer: handling req: ReferenceType(2).SourceFile(7)
07:27:20.180 INFO: JdwpDebugServer: handling req: ThreadReference(11).Name(1)
07:27:20.180 INFO: JdwpDebugServer: handling req: ReferenceType(2).SignatureWithGeneric(13)
07:27:20.181 INFO: JdwpDebugServer: handling req: ThreadReference(11).Name(1)
07:27:20.184 INFO: JdwpDebugServer: handling req: ThreadReference(11).Name(1)
07:27:20.184 INFO: JdwpDebugServer: handling req: ThreadReference(11).Name(1)
07:27:20.185 INFO: JdwpDebugServer: handling req: ThreadReference(11).Name(1)
07:27:20.260 INFO: JdwpDebugServer: handling req: ReferenceType(2).FieldsWithGeneric(14)
07:27:20.260 INFO: JdwpDebugServer: handling req: ReferenceType(2).Interfaces(10)
07:27:20.261 INFO: JdwpDebugServer: handling req: ClassType(3).Superclass(1)
07:27:20.261 INFO: JdwpDebugServer: handling req: ClassType(3).Superclass(1)
07:27:20.261 INFO: JdwpDebugServer: handling req: Method(6).VariableTableWithGenerics(5)
07:27:20.467 INFO: JdwpDebugServer: handling req: StackFrame(16).GetValues(1)
07:27:20.468 INFO: JdwpDebugServer: handling req: StackFrame(16).GetValues(1)
07:27:20.468 INFO: JdwpDebugServer: handling req: ObjectReference(9).ReferenceType(1)
07:27:20.469 INFO: JdwpDebugServer: handling req: ReferenceType(2).FieldsWithGeneric(14)
07:27:20.469 INFO: JdwpDebugServer: handling req: ReferenceType(2).Interfaces(10)
07:27:20.469 INFO: JdwpDebugServer: handling req: ReferenceType(2).FieldsWithGeneric(14)
07:27:20.469 INFO: JdwpDebugServer: handling req: StackFrame(16).GetValues(1)
07:27:20.469 INFO: JdwpDebugServer: handling req: ReferenceType(2).Interfaces(10)
07:27:20.470 INFO: JdwpDebugServer: handling req: ClassType(3).Superclass(1)
07:27:20.470 INFO: JdwpDebugServer: handling req: ReferenceType(2).FieldsWithGeneric(14)
07:27:20.470 INFO: JdwpDebugServer: handling req: ClassType(3).Superclass(1)
07:27:20.470 INFO: JdwpDebugServer: handling req: ReferenceType(2).Interfaces(10)
07:27:20.470 INFO: JdwpDebugServer: handling req: ReferenceType(2).Interfaces(10)
07:27:20.470 INFO: JdwpDebugServer: handling req: ReferenceType(2).FieldsWithGeneric(14)
07:27:20.470 INFO: JdwpDebugServer: handling req: ReferenceType(2).Interfaces(10)
07:27:20.470 INFO: JdwpDebugServer: handling req: ReferenceType(2).Interfaces(10)
07:27:20.470 INFO: JdwpDebugServer: handling req: ClassType(3).Superclass(1)
07:27:20.471 INFO: JdwpDebugServer: handling req: StackFrame(16).GetValues(1)
07:27:20.472 INFO: JdwpDebugServer: handling req: ObjectReference(9).ReferenceType(1)
07:27:20.472 INFO: JdwpDebugServer: handling req: StackFrame(16).GetValues(1)
07:27:20.472 INFO: JdwpDebugServer: handling req: StackFrame(16).GetValues(1)
07:27:20.472 INFO: JdwpDebugServer: handling req: StackFrame(16).GetValues(1)
07:27:20.472 INFO: JdwpDebugServer: handling req: StringReference(10).Value(1)
07:27:20.475 INFO: JdwpDebugServer: handling req: StackFrame(16).GetValues(1)
07:27:20.477 INFO: JdwpDebugServer: handling req: StackFrame(16).GetValues(1)
07:27:20.478 INFO: JdwpDebugServer: handling req: StackFrame(16).GetValues(1)
07:27:20.480 INFO: JdwpDebugServer: handling req: StackFrame(16).GetValues(1)
07:27:20.480 INFO: JdwpDebugServer: handling req: ClassType(3).Superclass(1)
07:27:20.481 INFO: JdwpDebugServer: handling req: StackFrame(16).GetValues(1)
07:27:20.482 INFO: JdwpDebugServer: handling req: StackFrame(16).GetValues(1)
07:27:20.482 INFO: JdwpDebugServer: handling req: StackFrame(16).GetValues(1)
07:27:20.483 INFO: JdwpDebugServer: handling req: StringReference(10).Value(1)
07:27:20.484 INFO: JdwpDebugServer: handling req: StackFrame(16).GetValues(1)
07:27:20.484 INFO: JdwpDebugServer: handling req: StackFrame(16).GetValues(1)
07:27:20.511 INFO: JdwpDebugServer: handling req: ThreadReference(11).FramesCount(7)
07:27:20.513 INFO: JdwpDebugServer: handling req: ThreadReference(11).Name(1)
07:27:20.513 INFO: JdwpDebugServer: handling req: ThreadReference(11).FramesCount(7)
07:27:20.513 INFO: JdwpDebugServer: handling req: ThreadReference(11).Name(1)
07:27:20.514 INFO: JdwpDebugServer: handling req: ThreadReference(11).Name(1)
07:27:20.514 INFO: JdwpDebugServer: handling req: ThreadReference(11).Name(1)
07:27:20.518 INFO: JdwpDebugServer: handling req: StackFrame(16).ThisObject(3)
07:27:20.519 INFO: JdwpDebugServer: handling req: ObjectReference(9).ReferenceType(1)
07:27:20.519 INFO: JdwpDebugServer: handling req: Method(6).LineTable(1)
07:27:20.519 INFO: JdwpDebugServer: handling req: StackFrame(16).ThisObject(3)
07:27:20.520 INFO: JdwpDebugServer: handling req: ObjectReference(9).ReferenceType(1)
07:27:20.520 INFO: JdwpDebugServer: handling req: Method(6).LineTable(1)
07:27:20.521 INFO: JdwpDebugServer: handling req: StackFrame(16).ThisObject(3)
07:27:20.521 INFO: JdwpDebugServer: handling req: ObjectReference(9).ReferenceType(1)
07:27:20.521 INFO: JdwpDebugServer: handling req: Method(6).LineTable(1)
07:27:20.522 INFO: JdwpDebugServer: handling req: StackFrame(16).ThisObject(3)
07:27:20.522 INFO: JdwpDebugServer: handling req: ObjectReference(9).ReferenceType(1)
07:27:20.522 INFO: JdwpDebugServer: handling req: Method(6).LineTable(1)
07:27:20.523 INFO: JdwpDebugServer: handling req: StackFrame(16).ThisObject(3)
07:27:20.523 INFO: JdwpDebugServer: handling req: ObjectReference(9).ReferenceType(1)
07:27:20.523 INFO: JdwpDebugServer: handling req: Method(6).LineTable(1)
07:27:20.523 INFO: JdwpDebugServer: handling req: Method(6).LineTable(1)
07:27:20.524 INFO: JdwpDebugServer: handling req: Method(6).LineTable(1)
07:27:22.282 INFO: JdwpDebugServer: handling req: ThreadReference(11).Resume(3)
07:27:22.285 INFO: JdwpEventCenterDelegate: THREAD_RESUMED: thread (33, main, main)
07:27:22.288 INFO: JdwpDebugServer: handling req: EventRequest(15).Set(1)
07:27:22.288 INFO: JdwpEventCenterDelegate: jdwpSetEventRequest: JdwpEventRequest{requestId=136, eventKind=BREAKPOINT, suspendPolicy=EVENT_THREAD, predicates=[Location{classId=20400, methodId=1787, index=106} ]}
07:27:22.302 INFO: JdwpDebugServer: handling req: ThreadReference(11).Resume(3)
07:27:22.302 INFO: JdwpEventCenterDelegate: THREAD_RESUMED: thread (33, main, main)
07:27:22.325 INFO: JdwpDebugServer: handling req: ThreadReference(11).Frames(6)
07:27:22.326 INFO: JdwpDebugServer: handling req: ThreadReference(11).FramesCount(7)
07:27:22.326 INFO: JdwpDebugServer: handling req: ThreadReference(11).FramesCount(7)
07:27:22.337 INFO: JdwpDebugServer: handling req: ThreadReference(11).Name(1)
07:27:22.337 INFO: JdwpDebugServer: handling req: ThreadReference(11).Name(1)
07:27:22.338 INFO: JdwpDebugServer: handling req: ThreadReference(11).Name(1)
07:27:22.390 INFO: JdwpDebugServer: handling req: ThreadReference(11).Name(1)
07:27:22.390 INFO: JdwpDebugServer: handling req: ReferenceType(2).SignatureWithGeneric(13)
07:27:22.391 INFO: JdwpDebugServer: handling req: ThreadReference(11).Name(1)
07:27:22.391 INFO: JdwpDebugServer: handling req: ThreadReference(11).Name(1)
07:27:22.392 INFO: JdwpDebugServer: handling req: ThreadReference(11).Name(1)
07:27:22.393 INFO: JdwpDebugServer: handling req: ThreadReference(11).Name(1)
07:27:22.413 INFO: JdwpDebugServer: handling req: ReferenceType(2).FieldsWithGeneric(14)
07:27:22.413 INFO: JdwpDebugServer: handling req: ReferenceType(2).Interfaces(10)
07:27:22.413 INFO: JdwpDebugServer: handling req: ClassType(3).Superclass(1)
07:27:22.414 INFO: JdwpDebugServer: handling req: Method(6).VariableTableWithGenerics(5)
07:27:22.422 INFO: JdwpDebugServer: handling req: ThreadReference(11).FramesCount(7)
07:27:22.427 INFO: JdwpDebugServer: handling req: ThreadReference(11).Name(1)
07:27:22.445 INFO: JdwpDebugServer: handling req: ThreadReference(11).FramesCount(7)
07:27:22.446 INFO: JdwpDebugServer: handling req: StackFrame(16).GetValues(1)
07:27:22.447 INFO: JdwpDebugServer: handling req: StackFrame(16).GetValues(1)
07:27:22.447 INFO: JdwpDebugServer: handling req: ObjectReference(9).ReferenceType(1)
07:27:22.447 INFO: JdwpDebugServer: handling req: StackFrame(16).GetValues(1)
07:27:22.448 INFO: JdwpDebugServer: handling req: ClassType(3).Superclass(1)
07:27:22.448 INFO: JdwpDebugServer: handling req: StackFrame(16).GetValues(1)
07:27:22.448 INFO: JdwpDebugServer: handling req: StackFrame(16).GetValues(1)
07:27:22.448 INFO: JdwpDebugServer: handling req: ObjectReference(9).ReferenceType(1)
07:27:22.448 INFO: JdwpDebugServer: handling req: StackFrame(16).GetValues(1)
07:27:22.449 INFO: JdwpDebugServer: handling req: StackFrame(16).GetValues(1)
07:27:22.450 INFO: JdwpDebugServer: handling req: StackFrame(16).GetValues(1)
07:27:22.451 INFO: JdwpDebugServer: handling req: StackFrame(16).GetValues(1)
07:27:22.452 INFO: JdwpDebugServer: handling req: StringReference(10).Value(1)
07:27:22.452 INFO: JdwpDebugServer: handling req: StackFrame(16).GetValues(1)
07:27:22.453 INFO: JdwpDebugServer: handling req: StackFrame(16).GetValues(1)
07:27:22.453 INFO: JdwpDebugServer: handling req: StackFrame(16).GetValues(1)
07:27:22.453 INFO: JdwpDebugServer: handling req: StackFrame(16).GetValues(1)
07:27:22.454 INFO: JdwpDebugServer: handling req: ObjectReference(9).ReferenceType(1)
07:27:22.454 INFO: JdwpDebugServer: handling req: StackFrame(16).GetValues(1)
07:27:22.454 INFO: JdwpDebugServer: handling req: ReferenceType(2).FieldsWithGeneric(14)
07:27:22.458 INFO: JdwpDebugServer: handling req: StackFrame(16).GetValues(1)
07:27:22.458 INFO: JdwpDebugServer: handling req: ReferenceType(2).Interfaces(10)
07:27:22.458 INFO: JdwpDebugServer: handling req: StackFrame(16).GetValues(1)
07:27:22.458 INFO: JdwpDebugServer: handling req: ReferenceType(2).FieldsWithGeneric(14)
07:27:22.459 INFO: JdwpDebugServer: handling req: ClassType(3).Superclass(1)
07:27:22.459 INFO: JdwpDebugServer: handling req: ReferenceType(2).Interfaces(10)
07:27:22.459 INFO: JdwpDebugServer: handling req: StackFrame(16).GetValues(1)
07:27:22.459 INFO: JdwpDebugServer: handling req: ClassType(3).Superclass(1)
07:27:22.460 INFO: JdwpDebugServer: handling req: StackFrame(16).GetValues(1)
07:27:22.460 INFO: JdwpDebugServer: handling req: StackFrame(16).GetValues(1)
07:27:22.460 INFO: JdwpDebugServer: handling req: StringReference(10).Value(1)
07:27:22.460 INFO: JdwpDebugServer: handling req: StackFrame(16).GetValues(1)
07:27:22.461 INFO: JdwpDebugServer: handling req: StackFrame(16).GetValues(1)
07:27:22.462 INFO: JdwpDebugServer: handling req: StackFrame(16).GetValues(1)
07:27:22.462 INFO: JdwpDebugServer: handling req: StackFrame(16).GetValues(1)
07:27:22.462 INFO: JdwpDebugServer: handling req: StackFrame(16).GetValues(1)
07:27:22.462 INFO: JdwpDebugServer: handling req: StackFrame(16).GetValues(1)
07:27:22.463 INFO: JdwpDebugServer: handling req: StackFrame(16).GetValues(1)
07:27:22.463 INFO: JdwpDebugServer: handling req: StackFrame(16).GetValues(1)
07:27:22.464 INFO: JdwpDebugServer: handling req: StackFrame(16).GetValues(1)
07:27:22.465 INFO: JdwpDebugServer: handling req: StackFrame(16).GetValues(1)
07:27:22.466 INFO: JdwpDebugServer: handling req: StackFrame(16).GetValues(1)
07:27:22.466 INFO: JdwpDebugServer: handling req: StackFrame(16).GetValues(1)
07:27:22.467 INFO: JdwpDebugServer: handling req: StackFrame(16).GetValues(1)
07:27:22.467 INFO: JdwpDebugServer: handling req: StackFrame(16).GetValues(1)
07:27:22.468 INFO: JdwpDebugServer: handling req: StackFrame(16).GetValues(1)
07:27:22.468 INFO: JdwpDebugServer: handling req: StackFrame(16).GetValues(1)
07:27:22.468 INFO: JdwpDebugServer: handling req: ReferenceType(2).SourceFile(7)
07:27:22.469 INFO: JdwpDebugServer: handling req: StackFrame(16).ThisObject(3)
07:27:22.469 INFO: JdwpDebugServer: handling req: ObjectReference(9).ReferenceType(1)
07:27:22.470 INFO: JdwpDebugServer: handling req: StackFrame(16).ThisObject(3)
07:27:22.471 INFO: JdwpDebugServer: handling req: ObjectReference(9).ReferenceType(1)
07:27:22.471 INFO: JdwpDebugServer: handling req: StackFrame(16).GetValues(1)
07:27:22.472 INFO: JdwpDebugServer: handling req: StackFrame(16).GetValues(1)
07:27:22.472 INFO: JdwpDebugServer: handling req: StackFrame(16).GetValues(1)
07:27:22.472 INFO: JdwpDebugServer: handling req: StackFrame(16).GetValues(1)
07:27:22.473 INFO: JdwpDebugServer: handling req: StackFrame(16).GetValues(1)
07:27:22.473 INFO: JdwpDebugServer: handling req: StackFrame(16).GetValues(1)
07:27:22.473 INFO: JdwpDebugServer: handling req: StackFrame(16).GetValues(1)
07:27:22.473 INFO: JdwpDebugServer: handling req: StackFrame(16).ThisObject(3)
07:27:22.474 INFO: JdwpDebugServer: handling req: ObjectReference(9).ReferenceType(1)
07:27:22.474 INFO: JdwpDebugServer: handling req: StackFrame(16).ThisObject(3)
07:27:22.475 INFO: JdwpDebugServer: handling req: ObjectReference(9).ReferenceType(1)
07:27:22.475 INFO: JdwpDebugServer: handling req: StackFrame(16).ThisObject(3)
07:27:22.475 INFO: JdwpDebugServer: handling req: ObjectReference(9).ReferenceType(1)
07:27:22.475 INFO: JdwpDebugServer: handling req: StackFrame(16).GetValues(1)
07:27:22.476 INFO: JdwpDebugServer: handling req: StackFrame(16).GetValues(1)
07:27:22.476 INFO: JdwpDebugServer: handling req: StackFrame(16).GetValues(1)
07:27:22.476 INFO: JdwpDebugServer: handling req: StackFrame(16).GetValues(1)
07:27:22.476 INFO: JdwpDebugServer: handling req: StackFrame(16).GetValues(1)
07:27:22.476 INFO: JdwpDebugServer: handling req: StackFrame(16).GetValues(1)
07:27:22.477 INFO: JdwpDebugServer: handling req: StackFrame(16).GetValues(1)
07:27:22.477 INFO: JdwpDebugServer: handling req: StackFrame(16).GetValues(1)
07:27:22.478 INFO: JdwpDebugServer: handling req: StackFrame(16).GetValues(1)
07:27:22.478 INFO: JdwpDebugServer: handling req: ClassType(3).Superclass(1)
07:27:22.478 INFO: JdwpDebugServer: handling req: StackFrame(16).GetValues(1)
07:27:22.478 INFO: JdwpDebugServer: handling req: StackFrame(16).GetValues(1)
07:27:22.479 INFO: JdwpDebugServer: handling req: StackFrame(16).GetValues(1)
07:27:22.479 INFO: JdwpDebugServer: handling req: StackFrame(16).GetValues(1)
07:27:22.479 INFO: JdwpDebugServer: handling req: StackFrame(16).GetValues(1)
07:27:24.269 INFO: JdwpDebugServer: handling req: ThreadReference(11).Resume(3)
07:27:24.270 INFO: JdwpEventCenterDelegate: THREAD_RESUMED: thread (33, main, main)
07:27:24.273 INFO: JdwpDebugServer: handling req: ReferenceType(2).MethodsWithGeneric(15)
07:27:24.275 INFO: JdwpDebugServer: handling req: Method(6).LineTable(1)
07:27:24.275 INFO: JdwpDebugServer: handling req: Method(6).LineTable(1)
07:27:24.275 INFO: JdwpDebugServer: handling req: Method(6).LineTable(1)
07:27:24.275 INFO: JdwpDebugServer: handling req: ThreadReference(11).Resume(3)
07:27:24.276 INFO: JdwpEventCenterDelegate: THREAD_RESUMED: thread (33, main, main)
07:27:24.279 INFO: JdwpEventCenterDelegate: THREAD_RESUMED: thread (33, main, main)
07:27:24.319 SEVERE: Debugger: Thread HooksChannel socket thread crashed
org.robovm.debugger.DebuggerException: java.nio.BufferUnderflowException
	at org.robovm.debugger.hooks.HooksChannel.doSocketWork(HooksChannel.java:149)
	at java.base/java.lang.Thread.run(Thread.java:833)
	at org.robovm.debugger.utils.DebuggerThread.run(DebuggerThread.java:42)
Caused by: java.nio.BufferUnderflowException
	at org.robovm.debugger.utils.bytebuffer.DataBufferWriter.writeFromStream(DataBufferWriter.java:91)
	at org.robovm.debugger.hooks.HooksChannel.doSocketWork(HooksChannel.java:116)
	... 2 more
07:27:24.374 INFO: JdwpDebugServer: handling req: ThreadReference(11).Name(1)
