12:59:37.401 INFO: JdwpEventCenterDelegate: THREAD_STARTED: thread (33, main, main)
12:59:37.460 INFO: JdwpEventCenterDelegate: THREAD_STARTED: thread (48, ReferenceQueueDaemon, main)
12:59:37.462 INFO: JdwpEventCenterDelegate: THREAD_STARTED: thread (63, FinalizerDaemon, main)
12:59:37.464 INFO: JdwpEventCenterDelegate: THREAD_STARTED: thread (78, FinalizerWatchdogDaemon, main)
12:59:39.103 INFO: JdwpDebugServer: handling req: VirtualMachine(1).IDSizes(7)
12:59:39.106 INFO: JdwpDebugServer: handling req: EventRequest(15).Set(1)
12:59:39.106 INFO: JdwpEventCenterDelegate: jdwpSetEventRequest: JdwpEventRequest{requestId=100, eventKind=CLASS_UNLOAD, suspendPolicy=NONE, predicates=[]}
12:59:39.107 INFO: JdwpDebugServer: handling req: EventRequest(15).Set(1)
12:59:39.107 INFO: JdwpEventCenterDelegate: jdwpSetEventRequest: JdwpEventRequest{requestId=101, eventKind=THREAD_START, suspendPolicy=NONE, predicates=[]}
12:59:39.107 INFO: JdwpDebugServer: handling req: VirtualMachine(1).ClassesBySignature(2)
12:59:39.110 INFO: JdwpDebugServer: handling req: VirtualMachine(1).Version(1)
12:59:39.112 INFO: JdwpDebugServer: handling req: ReferenceType(2).MethodsWithGeneric(15)
12:59:39.114 INFO: JdwpDebugServer: handling req: Method(6).LineTable(1)
12:59:39.115 INFO: JdwpDebugServer: handling req: EventRequest(15).Set(1)
12:59:39.116 INFO: JdwpEventCenterDelegate: jdwpSetEventRequest: JdwpEventRequest{requestId=102, eventKind=BREAKPOINT, suspendPolicy=NONE, predicates=[Location{classId=845, methodId=257, index=928} ]}
12:59:39.116 INFO: JdwpDebugServer: handling req: EventRequest(15).Set(1)
12:59:39.116 INFO: JdwpEventCenterDelegate: jdwpSetEventRequest: JdwpEventRequest{requestId=103, eventKind=THREAD_DEATH, suspendPolicy=NONE, predicates=[]}
12:59:39.117 INFO: JdwpDebugServer: handling req: VirtualMachine(1).AllThreads(4)
12:59:39.118 INFO: JdwpDebugServer: handling req: ThreadReference(11).ThreadGroup(5)
12:59:39.118 INFO: JdwpDebugServer: handling req: ThreadGroup(12).Name(1)
12:59:39.119 INFO: JdwpDebugServer: handling req: ThreadGroup(12).Parent(2)
12:59:39.119 INFO: JdwpDebugServer: handling req: ObjectReference(9).ReferenceType(1)
12:59:39.119 INFO: JdwpDebugServer: handling req: ReferenceType(2).FieldsWithGeneric(14)
12:59:39.120 INFO: JdwpDebugServer: handling req: ReferenceType(2).Interfaces(10)
12:59:39.122 INFO: JdwpDebugServer: handling req: ReferenceType(2).FieldsWithGeneric(14)
12:59:39.123 INFO: JdwpDebugServer: handling req: ReferenceType(2).Interfaces(10)
12:59:39.123 INFO: JdwpDebugServer: handling req: ClassType(3).Superclass(1)
12:59:39.123 INFO: JdwpDebugServer: handling req: ReferenceType(2).FieldsWithGeneric(14)
12:59:39.124 INFO: JdwpDebugServer: handling req: ReferenceType(2).Interfaces(10)
12:59:39.124 INFO: JdwpDebugServer: handling req: ClassType(3).Superclass(1)
12:59:39.124 INFO: JdwpDebugServer: handling req: ObjectReference(9).GetValues(2)
12:59:39.126 INFO: JdwpDebugServer: handling req: ThreadReference(11).Status(4)
12:59:39.126 INFO: JdwpDebugServer: handling req: ThreadReference(11).Status(4)
12:59:39.126 INFO: JdwpDebugServer: handling req: ThreadReference(11).ThreadGroup(5)
12:59:39.126 INFO: JdwpDebugServer: handling req: ObjectReference(9).ReferenceType(1)
12:59:39.127 INFO: JdwpDebugServer: handling req: ObjectReference(9).GetValues(2)
12:59:39.127 INFO: JdwpDebugServer: handling req: ThreadReference(11).Status(4)
12:59:39.128 INFO: JdwpDebugServer: handling req: ThreadReference(11).Status(4)
12:59:39.128 INFO: JdwpDebugServer: handling req: ThreadReference(11).ThreadGroup(5)
12:59:39.128 INFO: JdwpDebugServer: handling req: ObjectReference(9).ReferenceType(1)
12:59:39.128 INFO: JdwpDebugServer: handling req: ObjectReference(9).GetValues(2)
12:59:39.129 INFO: JdwpDebugServer: handling req: ThreadReference(11).Status(4)
12:59:39.129 INFO: JdwpDebugServer: handling req: ThreadReference(11).Status(4)
12:59:39.129 INFO: JdwpDebugServer: handling req: ThreadReference(11).ThreadGroup(5)
12:59:39.129 INFO: JdwpDebugServer: handling req: ObjectReference(9).ReferenceType(1)
12:59:39.130 INFO: JdwpDebugServer: handling req: ObjectReference(9).GetValues(2)
12:59:39.130 INFO: JdwpDebugServer: handling req: ThreadReference(11).Status(4)
12:59:39.130 INFO: JdwpDebugServer: handling req: ThreadReference(11).Status(4)
12:59:39.132 INFO: JdwpDebugServer: handling req: EventRequest(15).Set(1)
12:59:39.132 INFO: JdwpEventCenterDelegate: jdwpSetEventRequest: JdwpEventRequest{requestId=104, eventKind=CLASS_PREPARE, suspendPolicy=EVENT_THREAD, predicates=[className=java.lang.Throwable]}
12:59:39.138 INFO: JdwpDebugServer: handling req: EventRequest(15).Set(1)
12:59:39.139 INFO: JdwpEventCenterDelegate: jdwpSetEventRequest: JdwpEventRequest{requestId=105, eventKind=CLASS_PREPARE, suspendPolicy=EVENT_THREAD, predicates=[className=java.lang.Throwable$*]}
12:59:39.140 INFO: JdwpDebugServer: handling req: VirtualMachine(1).ClassesBySignature(2)
12:59:39.141 INFO: JdwpDebugServer: handling req: ReferenceType(2).MethodsWithGeneric(15)
12:59:39.142 INFO: JdwpDebugServer: handling req: Method(6).LineTable(1)
12:59:39.142 INFO: JdwpDebugServer: handling req: Method(6).LineTable(1)
12:59:39.143 INFO: JdwpDebugServer: handling req: Method(6).LineTable(1)
12:59:39.143 INFO: JdwpDebugServer: handling req: Method(6).LineTable(1)
12:59:39.143 INFO: JdwpDebugServer: handling req: Method(6).LineTable(1)
12:59:39.143 INFO: JdwpDebugServer: handling req: Method(6).LineTable(1)
12:59:39.143 INFO: JdwpDebugServer: handling req: Method(6).LineTable(1)
12:59:39.143 INFO: JdwpDebugServer: handling req: Method(6).LineTable(1)
12:59:39.144 INFO: JdwpDebugServer: handling req: Method(6).LineTable(1)
12:59:39.144 INFO: JdwpDebugServer: handling req: Method(6).LineTable(1)
12:59:39.144 INFO: JdwpDebugServer: handling req: Method(6).LineTable(1)
12:59:39.144 INFO: JdwpDebugServer: handling req: Method(6).LineTable(1)
12:59:39.144 INFO: JdwpDebugServer: handling req: Method(6).LineTable(1)
12:59:39.144 INFO: JdwpDebugServer: handling req: Method(6).LineTable(1)
12:59:39.144 INFO: JdwpDebugServer: handling req: Method(6).LineTable(1)
12:59:39.145 INFO: JdwpDebugServer: handling req: Method(6).LineTable(1)
12:59:39.145 INFO: JdwpDebugServer: handling req: Method(6).LineTable(1)
12:59:39.145 INFO: JdwpDebugServer: handling req: Method(6).LineTable(1)
12:59:39.145 INFO: JdwpDebugServer: handling req: Method(6).LineTable(1)
12:59:39.145 INFO: JdwpDebugServer: handling req: Method(6).LineTable(1)
12:59:39.145 INFO: JdwpDebugServer: handling req: Method(6).LineTable(1)
12:59:39.145 INFO: JdwpDebugServer: handling req: Method(6).LineTable(1)
12:59:39.145 INFO: JdwpDebugServer: handling req: Method(6).LineTable(1)
12:59:39.146 INFO: JdwpDebugServer: handling req: Method(6).LineTable(1)
12:59:39.146 INFO: JdwpDebugServer: handling req: VirtualMachine(1).ClassesBySignature(2)
12:59:39.146 INFO: JdwpDebugServer: handling req: VirtualMachine(1).AllClassesWithGeneric(20)
12:59:39.160 INFO: JdwpDebugServer: handling req: EventRequest(15).Set(1)
12:59:39.160 INFO: JdwpEventCenterDelegate: jdwpSetEventRequest: JdwpEventRequest{requestId=106, eventKind=CLASS_PREPARE, suspendPolicy=EVENT_THREAD, predicates=[className=com.badlogic.gdx.utils.ScreenUtils]}
12:59:39.162 INFO: JdwpDebugServer: handling req: EventRequest(15).Set(1)
12:59:39.162 INFO: JdwpEventCenterDelegate: jdwpSetEventRequest: JdwpEventRequest{requestId=107, eventKind=CLASS_PREPARE, suspendPolicy=EVENT_THREAD, predicates=[className=com.badlogic.gdx.utils.ScreenUtils$*]}
12:59:39.163 INFO: JdwpDebugServer: handling req: VirtualMachine(1).ClassesBySignature(2)
12:59:39.163 INFO: JdwpDebugServer: handling req: ReferenceType(2).MethodsWithGeneric(15)
12:59:39.163 INFO: JdwpDebugServer: handling req: Method(6).LineTable(1)
12:59:39.164 INFO: JdwpDebugServer: handling req: Method(6).LineTable(1)
12:59:39.164 INFO: JdwpDebugServer: handling req: Method(6).LineTable(1)
12:59:39.164 INFO: JdwpDebugServer: handling req: Method(6).LineTable(1)
12:59:39.164 INFO: JdwpDebugServer: handling req: Method(6).LineTable(1)
12:59:39.164 INFO: JdwpDebugServer: handling req: Method(6).LineTable(1)
12:59:39.164 INFO: JdwpDebugServer: handling req: Method(6).LineTable(1)
12:59:39.165 INFO: JdwpDebugServer: handling req: Method(6).LineTable(1)
12:59:39.165 INFO: JdwpDebugServer: handling req: Method(6).LineTable(1)
12:59:39.165 INFO: JdwpDebugServer: handling req: Method(6).LineTable(1)
12:59:39.165 INFO: JdwpDebugServer: handling req: EventRequest(15).Set(1)
12:59:39.165 INFO: JdwpEventCenterDelegate: jdwpSetEventRequest: JdwpEventRequest{requestId=108, eventKind=BREAKPOINT, suspendPolicy=EVENT_THREAD, predicates=[Location{classId=22230, methodId=1272, index=89} ]}
12:59:39.168 INFO: JdwpDebugServer: handling req: EventRequest(15).Set(1)
12:59:39.168 INFO: JdwpEventCenterDelegate: jdwpSetEventRequest: JdwpEventRequest{requestId=109, eventKind=CLASS_PREPARE, suspendPolicy=EVENT_THREAD, predicates=[className=com.badlogic.gdx.utils.ScreenUtils]}
12:59:39.168 INFO: JdwpDebugServer: handling req: EventRequest(15).Set(1)
12:59:39.168 INFO: JdwpEventCenterDelegate: jdwpSetEventRequest: JdwpEventRequest{requestId=110, eventKind=CLASS_PREPARE, suspendPolicy=EVENT_THREAD, predicates=[className=com.badlogic.gdx.utils.ScreenUtils$*]}
12:59:39.169 INFO: JdwpDebugServer: handling req: VirtualMachine(1).ClassesBySignature(2)
12:59:39.169 INFO: JdwpDebugServer: handling req: EventRequest(15).Set(1)
12:59:39.169 INFO: JdwpEventCenterDelegate: jdwpSetEventRequest: JdwpEventRequest{requestId=111, eventKind=BREAKPOINT, suspendPolicy=EVENT_THREAD, predicates=[Location{classId=22230, methodId=1267, index=72} ]}
12:59:39.171 INFO: JdwpDebugServer: handling req: EventRequest(15).Set(1)
12:59:39.171 INFO: JdwpEventCenterDelegate: jdwpSetEventRequest: JdwpEventRequest{requestId=112, eventKind=CLASS_PREPARE, suspendPolicy=EVENT_THREAD, predicates=[className=com.abdalla.bushnaq.pluvia.engine.GameEngine]}
12:59:39.172 INFO: JdwpDebugServer: handling req: EventRequest(15).Set(1)
12:59:39.172 INFO: JdwpEventCenterDelegate: jdwpSetEventRequest: JdwpEventRequest{requestId=113, eventKind=CLASS_PREPARE, suspendPolicy=EVENT_THREAD, predicates=[className=com.abdalla.bushnaq.pluvia.engine.GameEngine$*]}
12:59:39.173 INFO: JdwpDebugServer: handling req: VirtualMachine(1).ClassesBySignature(2)
12:59:39.173 INFO: JdwpDebugServer: handling req: ReferenceType(2).MethodsWithGeneric(15)
12:59:39.173 INFO: JdwpDebugServer: handling req: Method(6).LineTable(1)
12:59:39.173 INFO: JdwpDebugServer: handling req: Method(6).LineTable(1)
12:59:39.174 INFO: JdwpDebugServer: handling req: Method(6).LineTable(1)
12:59:39.174 INFO: JdwpDebugServer: handling req: Method(6).LineTable(1)
12:59:39.174 INFO: JdwpDebugServer: handling req: Method(6).LineTable(1)
12:59:39.174 INFO: JdwpDebugServer: handling req: Method(6).LineTable(1)
12:59:39.174 INFO: JdwpDebugServer: handling req: Method(6).LineTable(1)
12:59:39.174 INFO: JdwpDebugServer: handling req: Method(6).LineTable(1)
12:59:39.174 INFO: JdwpDebugServer: handling req: Method(6).LineTable(1)
12:59:39.174 INFO: JdwpDebugServer: handling req: Method(6).LineTable(1)
12:59:39.175 INFO: JdwpDebugServer: handling req: Method(6).LineTable(1)
12:59:39.175 INFO: JdwpDebugServer: handling req: Method(6).LineTable(1)
12:59:39.175 INFO: JdwpDebugServer: handling req: Method(6).LineTable(1)
12:59:39.175 INFO: JdwpDebugServer: handling req: Method(6).LineTable(1)
12:59:39.175 INFO: JdwpDebugServer: handling req: Method(6).LineTable(1)
12:59:39.175 INFO: JdwpDebugServer: handling req: Method(6).LineTable(1)
12:59:39.175 INFO: JdwpDebugServer: handling req: Method(6).LineTable(1)
12:59:39.175 INFO: JdwpDebugServer: handling req: Method(6).LineTable(1)
12:59:39.176 INFO: JdwpDebugServer: handling req: Method(6).LineTable(1)
12:59:39.176 INFO: JdwpDebugServer: handling req: Method(6).LineTable(1)
12:59:39.176 INFO: JdwpDebugServer: handling req: Method(6).LineTable(1)
12:59:39.176 INFO: JdwpDebugServer: handling req: Method(6).LineTable(1)
12:59:39.176 INFO: JdwpDebugServer: handling req: Method(6).LineTable(1)
12:59:39.176 INFO: JdwpDebugServer: handling req: Method(6).LineTable(1)
12:59:39.177 INFO: JdwpDebugServer: handling req: Method(6).LineTable(1)
12:59:39.177 INFO: JdwpDebugServer: handling req: Method(6).LineTable(1)
12:59:39.177 INFO: JdwpDebugServer: handling req: Method(6).LineTable(1)
12:59:39.177 INFO: JdwpDebugServer: handling req: Method(6).LineTable(1)
12:59:39.177 INFO: JdwpDebugServer: handling req: Method(6).LineTable(1)
12:59:39.177 INFO: JdwpDebugServer: handling req: Method(6).LineTable(1)
12:59:39.177 INFO: JdwpDebugServer: handling req: Method(6).LineTable(1)
12:59:39.178 INFO: JdwpDebugServer: handling req: Method(6).LineTable(1)
12:59:39.178 INFO: JdwpDebugServer: handling req: EventRequest(15).Set(1)
12:59:39.178 INFO: JdwpEventCenterDelegate: jdwpSetEventRequest: JdwpEventRequest{requestId=114, eventKind=BREAKPOINT, suspendPolicy=EVENT_THREAD, predicates=[Location{classId=16855, methodId=1297, index=100} ]}
12:59:39.179 INFO: JdwpDebugServer: handling req: EventRequest(15).Set(1)
12:59:39.179 INFO: JdwpEventCenterDelegate: jdwpSetEventRequest: JdwpEventRequest{requestId=115, eventKind=CLASS_PREPARE, suspendPolicy=EVENT_THREAD, predicates=[className=com.abdalla.bushnaq.pluvia.launcher.IOSLauncher$PreLauncher]}
12:59:39.180 INFO: JdwpDebugServer: handling req: EventRequest(15).Set(1)
12:59:39.180 INFO: JdwpEventCenterDelegate: jdwpSetEventRequest: JdwpEventRequest{requestId=116, eventKind=CLASS_PREPARE, suspendPolicy=EVENT_THREAD, predicates=[className!=com.abdalla.bushnaq.pluvia.launcher.IOSLauncher$PreLauncher, className=com.abdalla.bushnaq.pluvia.launcher.IOSLauncher$*]}
12:59:39.181 INFO: JdwpDebugServer: handling req: VirtualMachine(1).ClassesBySignature(2)
12:59:39.181 INFO: JdwpDebugServer: handling req: ReferenceType(2).MethodsWithGeneric(15)
12:59:39.182 INFO: JdwpDebugServer: handling req: Method(6).LineTable(1)
12:59:39.182 INFO: JdwpDebugServer: handling req: Method(6).LineTable(1)
12:59:39.182 INFO: JdwpDebugServer: handling req: Method(6).LineTable(1)
12:59:39.182 INFO: JdwpDebugServer: handling req: Method(6).LineTable(1)
12:59:39.182 INFO: JdwpDebugServer: handling req: Method(6).LineTable(1)
12:59:39.182 INFO: JdwpDebugServer: handling req: Method(6).LineTable(1)
12:59:39.183 INFO: JdwpDebugServer: handling req: Method(6).LineTable(1)
12:59:39.183 INFO: JdwpDebugServer: handling req: EventRequest(15).Set(1)
12:59:39.183 INFO: JdwpEventCenterDelegate: jdwpSetEventRequest: JdwpEventRequest{requestId=117, eventKind=BREAKPOINT, suspendPolicy=EVENT_THREAD, predicates=[Location{classId=22365, methodId=1462, index=37} ]}
12:59:39.183 INFO: JdwpDebugServer: handling req: EventRequest(15).Set(1)
12:59:39.183 INFO: JdwpEventCenterDelegate: jdwpSetEventRequest: JdwpEventRequest{requestId=118, eventKind=CLASS_PREPARE, suspendPolicy=EVENT_THREAD, predicates=[className=com.abdalla.bushnaq.pluvia.launcher.IOSLauncher$PreLauncher]}
12:59:39.184 INFO: JdwpDebugServer: handling req: EventRequest(15).Set(1)
12:59:39.184 INFO: JdwpEventCenterDelegate: jdwpSetEventRequest: JdwpEventRequest{requestId=119, eventKind=CLASS_PREPARE, suspendPolicy=EVENT_THREAD, predicates=[className!=com.abdalla.bushnaq.pluvia.launcher.IOSLauncher$PreLauncher, className=com.abdalla.bushnaq.pluvia.launcher.IOSLauncher$*]}
12:59:39.185 INFO: JdwpDebugServer: handling req: VirtualMachine(1).ClassesBySignature(2)
12:59:39.185 INFO: JdwpDebugServer: handling req: EventRequest(15).Set(1)
12:59:39.185 INFO: JdwpEventCenterDelegate: jdwpSetEventRequest: JdwpEventRequest{requestId=120, eventKind=BREAKPOINT, suspendPolicy=EVENT_THREAD, predicates=[Location{classId=22365, methodId=1457, index=28} ]}
12:59:39.185 INFO: JdwpDebugServer: handling req: EventRequest(15).Set(1)
12:59:39.185 INFO: JdwpEventCenterDelegate: jdwpSetEventRequest: JdwpEventRequest{requestId=121, eventKind=CLASS_PREPARE, suspendPolicy=EVENT_THREAD, predicates=[className=com.abdalla.bushnaq.pluvia.launcher.IOSLauncher]}
12:59:39.186 INFO: JdwpDebugServer: handling req: EventRequest(15).Set(1)
12:59:39.186 INFO: JdwpEventCenterDelegate: jdwpSetEventRequest: JdwpEventRequest{requestId=122, eventKind=CLASS_PREPARE, suspendPolicy=EVENT_THREAD, predicates=[className=com.abdalla.bushnaq.pluvia.launcher.IOSLauncher$*]}
12:59:39.187 INFO: JdwpDebugServer: handling req: VirtualMachine(1).ClassesBySignature(2)
12:59:39.187 INFO: JdwpDebugServer: handling req: ReferenceType(2).MethodsWithGeneric(15)
12:59:39.187 INFO: JdwpDebugServer: handling req: Method(6).LineTable(1)
12:59:39.188 INFO: JdwpDebugServer: handling req: Method(6).LineTable(1)
12:59:39.190 INFO: JdwpDebugServer: handling req: Method(6).LineTable(1)
12:59:39.190 INFO: JdwpDebugServer: handling req: EventRequest(15).Set(1)
12:59:39.190 INFO: JdwpEventCenterDelegate: jdwpSetEventRequest: JdwpEventRequest{requestId=123, eventKind=BREAKPOINT, suspendPolicy=EVENT_THREAD, predicates=[Location{classId=12880, methodId=1502, index=74} ]}
12:59:39.190 INFO: JdwpDebugServer: handling req: EventRequest(15).Set(1)
12:59:39.190 INFO: JdwpEventCenterDelegate: jdwpSetEventRequest: JdwpEventRequest{requestId=124, eventKind=CLASS_PREPARE, suspendPolicy=EVENT_THREAD, predicates=[className=com.abdalla.bushnaq.pluvia.launcher.IOSLauncher]}
12:59:39.191 INFO: JdwpDebugServer: handling req: EventRequest(15).Set(1)
12:59:39.191 INFO: JdwpEventCenterDelegate: jdwpSetEventRequest: JdwpEventRequest{requestId=125, eventKind=CLASS_PREPARE, suspendPolicy=EVENT_THREAD, predicates=[className=com.abdalla.bushnaq.pluvia.launcher.IOSLauncher$*]}
12:59:39.192 INFO: JdwpDebugServer: handling req: VirtualMachine(1).ClassesBySignature(2)
12:59:39.192 INFO: JdwpDebugServer: handling req: EventRequest(15).Set(1)
12:59:39.192 INFO: JdwpEventCenterDelegate: jdwpSetEventRequest: JdwpEventRequest{requestId=126, eventKind=BREAKPOINT, suspendPolicy=EVENT_THREAD, predicates=[Location{classId=12880, methodId=1507, index=88} ]}
12:59:39.193 INFO: JdwpDebugServer: handling req: EventRequest(15).Set(1)
12:59:39.193 INFO: JdwpEventCenterDelegate: jdwpSetEventRequest: JdwpEventRequest{requestId=127, eventKind=CLASS_PREPARE, suspendPolicy=EVENT_THREAD, predicates=[className=com.abdalla.bushnaq.pluvia.launcher.IOSLauncher]}
12:59:39.194 INFO: JdwpDebugServer: handling req: EventRequest(15).Set(1)
12:59:39.194 INFO: JdwpEventCenterDelegate: jdwpSetEventRequest: JdwpEventRequest{requestId=128, eventKind=CLASS_PREPARE, suspendPolicy=EVENT_THREAD, predicates=[className=com.abdalla.bushnaq.pluvia.launcher.IOSLauncher$*]}
12:59:39.195 INFO: JdwpDebugServer: handling req: VirtualMachine(1).ClassesBySignature(2)
12:59:39.195 INFO: JdwpDebugServer: handling req: EventRequest(15).Set(1)
12:59:39.195 INFO: JdwpEventCenterDelegate: jdwpSetEventRequest: JdwpEventRequest{requestId=129, eventKind=BREAKPOINT, suspendPolicy=EVENT_THREAD, predicates=[Location{classId=12880, methodId=1502, index=72} ]}
12:59:39.195 INFO: JdwpDebugServer: handling req: EventRequest(15).Set(1)
12:59:39.195 INFO: JdwpEventCenterDelegate: jdwpSetEventRequest: JdwpEventRequest{requestId=130, eventKind=CLASS_PREPARE, suspendPolicy=EVENT_THREAD, predicates=[className=com.abdalla.bushnaq.pluvia.launcher.IOSLauncher]}
12:59:39.196 INFO: JdwpDebugServer: handling req: EventRequest(15).Set(1)
12:59:39.196 INFO: JdwpEventCenterDelegate: jdwpSetEventRequest: JdwpEventRequest{requestId=131, eventKind=CLASS_PREPARE, suspendPolicy=EVENT_THREAD, predicates=[className=com.abdalla.bushnaq.pluvia.launcher.IOSLauncher$*]}
12:59:39.197 INFO: JdwpDebugServer: handling req: VirtualMachine(1).ClassesBySignature(2)
12:59:39.197 INFO: JdwpDebugServer: handling req: EventRequest(15).Set(1)
12:59:39.197 INFO: JdwpEventCenterDelegate: jdwpSetEventRequest: JdwpEventRequest{requestId=132, eventKind=BREAKPOINT, suspendPolicy=EVENT_THREAD, predicates=[Location{classId=12880, methodId=1507, index=86} ]}
12:59:39.198 INFO: JdwpDebugServer: handling req: EventRequest(15).Set(1)
12:59:39.198 INFO: JdwpEventCenterDelegate: jdwpSetEventRequest: JdwpEventRequest{requestId=133, eventKind=CLASS_PREPARE, suspendPolicy=EVENT_THREAD, predicates=[className=com.abdalla.bushnaq.pluvia.launcher.IOSLauncher]}
12:59:39.199 INFO: JdwpDebugServer: handling req: EventRequest(15).Set(1)
12:59:39.199 INFO: JdwpEventCenterDelegate: jdwpSetEventRequest: JdwpEventRequest{requestId=134, eventKind=CLASS_PREPARE, suspendPolicy=EVENT_THREAD, predicates=[className=com.abdalla.bushnaq.pluvia.launcher.IOSLauncher$*]}
12:59:39.200 INFO: JdwpDebugServer: handling req: VirtualMachine(1).ClassesBySignature(2)
12:59:39.200 INFO: JdwpDebugServer: handling req: EventRequest(15).Set(1)
12:59:39.200 INFO: JdwpEventCenterDelegate: jdwpSetEventRequest: JdwpEventRequest{requestId=135, eventKind=BREAKPOINT, suspendPolicy=EVENT_THREAD, predicates=[Location{classId=12880, methodId=1507, index=87} ]}
12:59:39.201 INFO: JdwpDebugServer: handling req: VirtualMachine(1).capabilitiesNew(17)
12:59:39.204 INFO: JdwpDebugServer: handling req: EventRequest(15).Set(1)
12:59:39.204 INFO: JdwpEventCenterDelegate: jdwpSetEventRequest: JdwpEventRequest{requestId=136, eventKind=CLASS_PREPARE, suspendPolicy=EVENT_THREAD, predicates=[className=java.lang.Error]}
12:59:39.206 INFO: JdwpDebugServer: handling req: EventRequest(15).Set(1)
12:59:39.206 INFO: JdwpEventCenterDelegate: jdwpSetEventRequest: JdwpEventRequest{requestId=137, eventKind=CLASS_PREPARE, suspendPolicy=EVENT_THREAD, predicates=[className=java.lang.Error$*]}
12:59:39.207 INFO: JdwpDebugServer: handling req: VirtualMachine(1).ClassesBySignature(2)
12:59:39.208 INFO: JdwpDebugServer: handling req: EventRequest(15).Set(1)
12:59:39.208 INFO: JdwpEventCenterDelegate: jdwpSetEventRequest: JdwpEventRequest{requestId=138, eventKind=EXCEPTION, suspendPolicy=EVENT_THREAD, predicates=[exceptionType=3425(caught=true, uncaught=true)]}
12:59:39.243 INFO: JdwpDebugServer: handling req: EventRequest(15).Set(1)
12:59:39.243 INFO: JdwpEventCenterDelegate: jdwpSetEventRequest: JdwpEventRequest{requestId=139, eventKind=CLASS_PREPARE, suspendPolicy=EVENT_THREAD, predicates=[className=java.lang.Throwable]}
12:59:39.245 INFO: JdwpDebugServer: handling req: EventRequest(15).Set(1)
12:59:39.245 INFO: JdwpEventCenterDelegate: jdwpSetEventRequest: JdwpEventRequest{requestId=140, eventKind=CLASS_PREPARE, suspendPolicy=EVENT_THREAD, predicates=[className=java.lang.Throwable$*]}
12:59:39.246 INFO: JdwpDebugServer: handling req: VirtualMachine(1).ClassesBySignature(2)
12:59:39.246 INFO: JdwpDebugServer: handling req: EventRequest(15).Set(1)
12:59:39.246 INFO: JdwpEventCenterDelegate: jdwpSetEventRequest: JdwpEventRequest{requestId=141, eventKind=EXCEPTION, suspendPolicy=EVENT_THREAD, predicates=[exceptionType=7695(caught=false, uncaught=true)]}
12:59:39.248 INFO: JdwpDebugServer: handling req: ThreadReference(11).SuspendCount(12)
12:59:39.249 INFO: JdwpDebugServer: handling req: ThreadReference(11).SuspendCount(12)
12:59:39.249 INFO: JdwpDebugServer: handling req: ThreadReference(11).SuspendCount(12)
12:59:39.249 INFO: JdwpDebugServer: handling req: ThreadReference(11).SuspendCount(12)
12:59:39.249 INFO: JdwpDebugServer: handling req: VirtualMachine(1).AllThreads(4)
12:59:39.249 INFO: JdwpDebugServer: handling req: VirtualMachine(1).Resume(9)
12:59:39.315 INFO: JdwpDebugServer: handling req: EventRequest(15).Set(1)
12:59:39.315 INFO: JdwpEventCenterDelegate: jdwpSetEventRequest: JdwpEventRequest{requestId=142, eventKind=BREAKPOINT, suspendPolicy=EVENT_THREAD, predicates=[Location{classId=12880, methodId=1502, index=74} ]}
12:59:39.317 INFO: JdwpDebugServer: handling req: EventRequest(15).Set(1)
12:59:39.317 INFO: JdwpEventCenterDelegate: jdwpSetEventRequest: JdwpEventRequest{requestId=143, eventKind=BREAKPOINT, suspendPolicy=EVENT_THREAD, predicates=[Location{classId=12880, methodId=1507, index=88} ]}
12:59:39.318 INFO: JdwpDebugServer: handling req: EventRequest(15).Set(1)
12:59:39.318 INFO: JdwpEventCenterDelegate: jdwpSetEventRequest: JdwpEventRequest{requestId=144, eventKind=BREAKPOINT, suspendPolicy=EVENT_THREAD, predicates=[Location{classId=12880, methodId=1502, index=72} ]}
12:59:39.319 INFO: JdwpDebugServer: handling req: EventRequest(15).Set(1)
12:59:39.319 INFO: JdwpEventCenterDelegate: jdwpSetEventRequest: JdwpEventRequest{requestId=145, eventKind=BREAKPOINT, suspendPolicy=EVENT_THREAD, predicates=[Location{classId=12880, methodId=1507, index=86} ]}
12:59:39.320 INFO: JdwpDebugServer: handling req: EventRequest(15).Set(1)
12:59:39.320 INFO: JdwpEventCenterDelegate: jdwpSetEventRequest: JdwpEventRequest{requestId=146, eventKind=BREAKPOINT, suspendPolicy=EVENT_THREAD, predicates=[Location{classId=12880, methodId=1507, index=87} ]}
12:59:39.320 INFO: JdwpDebugServer: handling req: ThreadReference(11).Resume(3)
12:59:39.320 INFO: JdwpEventCenterDelegate: THREAD_RESUMED: thread (33, main, main)
12:59:39.342 INFO: JdwpEventCenterDelegate: THREAD_RESUMED: thread (33, main, main)
12:59:39.343 INFO: JdwpEventCenterDelegate: THREAD_RESUMED: thread (33, main, main)
12:59:39.344 INFO: JdwpEventCenterDelegate: THREAD_RESUMED: thread (33, main, main)
12:59:39.344 INFO: JdwpEventCenterDelegate: THREAD_RESUMED: thread (33, main, main)
12:59:39.345 INFO: JdwpEventCenterDelegate: THREAD_RESUMED: thread (33, main, main)
12:59:39.345 INFO: JdwpEventCenterDelegate: THREAD_RESUMED: thread (33, main, main)
12:59:39.345 INFO: JdwpEventCenterDelegate: THREAD_RESUMED: thread (33, main, main)
12:59:39.347 INFO: JdwpEventCenterDelegate: THREAD_RESUMED: thread (33, main, main)
12:59:39.348 INFO: JdwpEventCenterDelegate: THREAD_RESUMED: thread (33, main, main)
12:59:39.348 INFO: JdwpEventCenterDelegate: THREAD_RESUMED: thread (33, main, main)
12:59:39.349 INFO: JdwpEventCenterDelegate: THREAD_RESUMED: thread (33, main, main)
12:59:39.354 INFO: JdwpEventCenterDelegate: THREAD_RESUMED: thread (33, main, main)
12:59:39.354 INFO: JdwpEventCenterDelegate: THREAD_RESUMED: thread (33, main, main)
12:59:39.355 INFO: JdwpEventCenterDelegate: THREAD_RESUMED: thread (33, main, main)
12:59:39.375 INFO: JdwpDebugServer: handling req: EventRequest(15).Set(1)
12:59:39.375 INFO: JdwpEventCenterDelegate: jdwpSetEventRequest: JdwpEventRequest{requestId=147, eventKind=BREAKPOINT, suspendPolicy=EVENT_THREAD, predicates=[Location{classId=22365, methodId=1462, index=37} ]}
12:59:39.376 INFO: JdwpDebugServer: handling req: EventRequest(15).Set(1)
12:59:39.376 INFO: JdwpEventCenterDelegate: jdwpSetEventRequest: JdwpEventRequest{requestId=148, eventKind=BREAKPOINT, suspendPolicy=EVENT_THREAD, predicates=[Location{classId=22365, methodId=1457, index=28} ]}
12:59:39.377 INFO: JdwpDebugServer: handling req: ThreadReference(11).Resume(3)
12:59:39.377 INFO: JdwpEventCenterDelegate: THREAD_RESUMED: thread (33, main, main)
12:59:39.414 INFO: JdwpDebugServer: handling req: ThreadReference(11).Frames(6)
12:59:39.722 INFO: JdwpDebugServer: handling req: ThreadReference(11).FramesCount(7)
12:59:39.722 INFO: JdwpDebugServer: handling req: ThreadReference(11).FramesCount(7)
12:59:39.782 INFO: JdwpDebugServer: handling req: ThreadReference(11).Name(1)
12:59:39.783 INFO: JdwpDebugServer: handling req: ReferenceType(2).SignatureWithGeneric(13)
12:59:39.852 INFO: JdwpDebugServer: handling req: ReferenceType(2).FieldsWithGeneric(14)
12:59:39.852 INFO: JdwpDebugServer: handling req: ReferenceType(2).Interfaces(10)
12:59:39.852 INFO: JdwpDebugServer: handling req: ClassType(3).Superclass(1)
12:59:39.852 INFO: JdwpDebugServer: handling req: ReferenceType(2).FieldsWithGeneric(14)
12:59:39.853 INFO: JdwpDebugServer: handling req: ReferenceType(2).Interfaces(10)
12:59:39.853 INFO: JdwpDebugServer: handling req: ClassType(3).Superclass(1)
12:59:39.853 INFO: JdwpDebugServer: handling req: ReferenceType(2).FieldsWithGeneric(14)
12:59:39.853 INFO: JdwpDebugServer: handling req: ThreadReference(11).Name(1)
12:59:39.853 INFO: JdwpDebugServer: handling req: ReferenceType(2).Interfaces(10)
12:59:39.854 INFO: JdwpDebugServer: handling req: ReferenceType(2).FieldsWithGeneric(14)
12:59:39.854 INFO: JdwpDebugServer: handling req: ReferenceType(2).Interfaces(10)
12:59:39.854 INFO: JdwpDebugServer: handling req: ReferenceType(2).FieldsWithGeneric(14)
12:59:39.854 INFO: JdwpDebugServer: handling req: ReferenceType(2).Interfaces(10)
12:59:39.854 INFO: JdwpDebugServer: handling req: ReferenceType(2).FieldsWithGeneric(14)
12:59:39.855 INFO: JdwpDebugServer: handling req: ReferenceType(2).Interfaces(10)
12:59:39.855 INFO: JdwpDebugServer: handling req: ClassType(3).Superclass(1)
12:59:39.855 INFO: JdwpDebugServer: handling req: ReferenceType(2).FieldsWithGeneric(14)
12:59:39.856 INFO: JdwpDebugServer: handling req: ReferenceType(2).Interfaces(10)
12:59:39.856 INFO: JdwpDebugServer: handling req: ClassType(3).Superclass(1)
12:59:39.856 INFO: JdwpDebugServer: handling req: ReferenceType(2).FieldsWithGeneric(14)
12:59:39.856 INFO: JdwpDebugServer: handling req: ReferenceType(2).Interfaces(10)
12:59:39.856 INFO: JdwpDebugServer: handling req: ClassType(3).Superclass(1)
12:59:39.857 INFO: JdwpDebugServer: handling req: ReferenceType(2).FieldsWithGeneric(14)
12:59:39.857 INFO: JdwpDebugServer: handling req: ReferenceType(2).Interfaces(10)
12:59:39.857 INFO: JdwpDebugServer: handling req: ClassType(3).Superclass(1)
12:59:39.857 INFO: JdwpDebugServer: handling req: ClassType(3).Superclass(1)
12:59:39.858 INFO: JdwpDebugServer: handling req: Method(6).VariableTableWithGenerics(5)
12:59:39.859 INFO: JdwpDebugServer: handling req: ThreadReference(11).Name(1)
12:59:39.859 INFO: JdwpDebugServer: handling req: ThreadReference(11).Name(1)
12:59:39.859 INFO: JdwpDebugServer: handling req: ThreadReference(11).Name(1)
12:59:39.859 INFO: JdwpDebugServer: handling req: ThreadReference(11).Name(1)
12:59:39.866 INFO: JdwpDebugServer: handling req: ReferenceType(2).SourceFile(7)
12:59:39.902 INFO: JdwpDebugServer: handling req: ThreadReference(11).FramesCount(7)
12:59:39.902 INFO: JdwpDebugServer: handling req: StackFrame(16).GetValues(1)
12:59:39.906 INFO: JdwpDebugServer: handling req: StackFrame(16).GetValues(1)
12:59:39.906 INFO: JdwpDebugServer: handling req: ArrayReference(13).Length(1)
12:59:39.906 INFO: JdwpDebugServer: handling req: StackFrame(16).GetValues(1)
12:59:39.906 INFO: JdwpDebugServer: handling req: StackFrame(16).GetValues(1)
12:59:39.907 INFO: JdwpDebugServer: handling req: ObjectReference(9).ReferenceType(1)
12:59:39.907 INFO: JdwpDebugServer: handling req: ObjectReference(9).ReferenceType(1)
12:59:39.907 INFO: JdwpDebugServer: handling req: ReferenceType(2).FieldsWithGeneric(14)
12:59:39.907 INFO: JdwpDebugServer: handling req: StackFrame(16).GetValues(1)
12:59:39.907 INFO: JdwpDebugServer: handling req: ReferenceType(2).Interfaces(10)
12:59:39.907 INFO: JdwpDebugServer: handling req: ReferenceType(2).FieldsWithGeneric(14)
12:59:39.907 INFO: JdwpDebugServer: handling req: StackFrame(16).GetValues(1)
12:59:39.908 INFO: JdwpDebugServer: handling req: ReferenceType(2).Interfaces(10)
12:59:39.908 INFO: JdwpDebugServer: handling req: StackFrame(16).GetValues(1)
12:59:39.908 INFO: JdwpDebugServer: handling req: ClassType(3).Superclass(1)
12:59:39.908 INFO: JdwpDebugServer: handling req: ReferenceType(2).Signature(1)
12:59:39.908 INFO: JdwpDebugServer: handling req: ReferenceType(2).ClassLoader(2)
12:59:39.908 INFO: JdwpDebugServer: handling req: VirtualMachine(1).ClassesBySignature(2)
12:59:39.909 INFO: JdwpDebugServer: handling req: ReferenceType(2).ClassLoader(2)
12:59:39.909 INFO: JdwpDebugServer: handling req: StackFrame(16).GetValues(1)
12:59:39.909 INFO: JdwpDebugServer: handling req: StackFrame(16).GetValues(1)
12:59:39.910 INFO: JdwpDebugServer: handling req: StackFrame(16).GetValues(1)
12:59:39.910 INFO: JdwpDebugServer: handling req: StackFrame(16).GetValues(1)
12:59:39.910 INFO: JdwpDebugServer: handling req: ClassType(3).Superclass(1)
12:59:39.911 INFO: JdwpDebugServer: handling req: ClassType(3).Superclass(1)
12:59:39.911 INFO: JdwpDebugServer: handling req: StackFrame(16).GetValues(1)
12:59:39.911 INFO: JdwpDebugServer: handling req: StackFrame(16).GetValues(1)
12:59:39.911 INFO: JdwpDebugServer: handling req: StackFrame(16).GetValues(1)
12:59:39.912 INFO: JdwpDebugServer: handling req: StackFrame(16).GetValues(1)
12:59:39.912 INFO: JdwpDebugServer: handling req: ThreadReference(11).Name(1)
12:59:39.912 INFO: JdwpDebugServer: handling req: StackFrame(16).GetValues(1)
12:59:39.912 INFO: JdwpDebugServer: handling req: ThreadReference(11).Name(1)
12:59:39.912 INFO: JdwpDebugServer: handling req: ThreadReference(11).Name(1)
12:59:39.913 INFO: JdwpDebugServer: handling req: ThreadReference(11).Name(1)
12:59:39.914 INFO: JdwpDebugServer: handling req: ThreadReference(11).FramesCount(7)
12:59:43.357 INFO: JdwpDebugServer: handling req: ThreadReference(11).Resume(3)
12:59:43.358 INFO: JdwpEventCenterDelegate: THREAD_RESUMED: thread (33, main, main)
12:59:43.363 INFO: JdwpEventCenterDelegate: THREAD_RESUMED: thread (33, main, main)
12:59:43.364 INFO: JdwpEventCenterDelegate: THREAD_RESUMED: thread (33, main, main)
12:59:43.364 INFO: JdwpEventCenterDelegate: THREAD_RESUMED: thread (33, main, main)
12:59:43.376 INFO: JdwpEventCenterDelegate: THREAD_RESUMED: thread (33, main, main)
12:59:43.377 INFO: JdwpEventCenterDelegate: THREAD_RESUMED: thread (33, main, main)
12:59:43.378 INFO: JdwpEventCenterDelegate: THREAD_RESUMED: thread (33, main, main)
12:59:43.396 INFO: JdwpDebugServer: handling req: ThreadReference(11).Name(1)
12:59:43.397 INFO: JdwpDebugServer: handling req: ThreadReference(11).Name(1)
12:59:43.397 INFO: JdwpDebugServer: handling req: ThreadReference(11).Name(1)
12:59:43.429 INFO: JdwpDebugServer: handling req: ThreadReference(11).Name(1)
12:59:43.569 INFO: JdwpEventCenterDelegate: THREAD_RESUMED: thread (33, main, main)
12:59:43.569 INFO: JdwpEventCenterDelegate: THREAD_RESUMED: thread (33, main, main)
12:59:43.569 INFO: JdwpEventCenterDelegate: THREAD_RESUMED: thread (33, main, main)
12:59:43.569 INFO: JdwpEventCenterDelegate: THREAD_DETTACHED: thread (33, main, main)
12:59:43.586 SEVERE: Debugger: Thread HooksChannel socket thread crashed
org.robovm.debugger.DebuggerException: java.nio.BufferUnderflowException
	at org.robovm.debugger.hooks.HooksChannel.doSocketWork(HooksChannel.java:149)
	at java.base/java.lang.Thread.run(Thread.java:833)
	at org.robovm.debugger.utils.DebuggerThread.run(DebuggerThread.java:42)
Caused by: java.nio.BufferUnderflowException
	at org.robovm.debugger.utils.bytebuffer.DataBufferWriter.writeFromStream(DataBufferWriter.java:91)
	at org.robovm.debugger.hooks.HooksChannel.doSocketWork(HooksChannel.java:116)
	... 2 more
12:59:44.095 SEVERE: Debugger: Thread JDWP server socket thread crashed
org.robovm.debugger.DebuggerException: java.net.SocketException: Socket closed
	at org.robovm.debugger.jdwp.JdwpDebugServer.doSocketWork(JdwpDebugServer.java:215)
	at java.base/java.lang.Thread.run(Thread.java:833)
	at org.robovm.debugger.utils.DebuggerThread.run(DebuggerThread.java:42)
Caused by: java.net.SocketException: Socket closed
	at java.base/sun.nio.ch.NioSocketImpl.endRead(NioSocketImpl.java:248)
	at java.base/sun.nio.ch.NioSocketImpl.implRead(NioSocketImpl.java:327)
	at java.base/sun.nio.ch.NioSocketImpl.read(NioSocketImpl.java:350)
	at java.base/sun.nio.ch.NioSocketImpl$1.read(NioSocketImpl.java:803)
	at java.base/java.net.Socket$SocketInputStream.read(Socket.java:966)
	at org.robovm.debugger.utils.bytebuffer.DataBufferWriter.writeFromStream(DataBufferWriter.java:89)
	at org.robovm.debugger.jdwp.protocol.JdwpRequestHeader.readFromStream(JdwpRequestHeader.java:36)
	at org.robovm.debugger.jdwp.JdwpDebugServer.doSocketWork(JdwpDebugServer.java:185)
	... 2 more
