10:13:28.269 INFO: JdwpEventCenterDelegate: THREAD_STARTED: thread (33, main, main)
10:13:28.362 INFO: JdwpEventCenterDelegate: THREAD_STARTED: thread (48, ReferenceQueueDaemon, main)
10:13:28.363 INFO: JdwpEventCenterDelegate: THREAD_STARTED: thread (63, FinalizerDaemon, main)
10:13:28.363 INFO: JdwpEventCenterDelegate: THREAD_STARTED: thread (78, FinalizerWatchdogDaemon, main)
10:13:30.419 INFO: JdwpDebugServer: handling req: VirtualMachine(1).IDSizes(7)
10:13:30.421 INFO: JdwpDebugServer: handling req: EventRequest(15).Set(1)
10:13:30.422 INFO: JdwpEventCenterDelegate: jdwpSetEventRequest: JdwpEventRequest{requestId=100, eventKind=CLASS_UNLOAD, suspendPolicy=NONE, predicates=[]}
10:13:30.422 INFO: JdwpDebugServer: handling req: EventRequest(15).Set(1)
10:13:30.422 INFO: JdwpEventCenterDelegate: jdwpSetEventRequest: JdwpEventRequest{requestId=101, eventKind=THREAD_START, suspendPolicy=NONE, predicates=[]}
10:13:30.423 INFO: JdwpDebugServer: handling req: VirtualMachine(1).ClassesBySignature(2)
10:13:30.425 INFO: JdwpDebugServer: handling req: VirtualMachine(1).Version(1)
10:13:30.426 INFO: JdwpDebugServer: handling req: ReferenceType(2).MethodsWithGeneric(15)
10:13:30.428 INFO: JdwpDebugServer: handling req: Method(6).LineTable(1)
10:13:30.429 INFO: JdwpDebugServer: handling req: EventRequest(15).Set(1)
10:13:30.429 INFO: JdwpEventCenterDelegate: jdwpSetEventRequest: JdwpEventRequest{requestId=102, eventKind=BREAKPOINT, suspendPolicy=NONE, predicates=[Location{classId=845, methodId=257, index=928} ]}
10:13:30.430 INFO: JdwpDebugServer: handling req: EventRequest(15).Set(1)
10:13:30.430 INFO: JdwpEventCenterDelegate: jdwpSetEventRequest: JdwpEventRequest{requestId=103, eventKind=THREAD_DEATH, suspendPolicy=NONE, predicates=[]}
10:13:30.431 INFO: JdwpDebugServer: handling req: VirtualMachine(1).AllThreads(4)
10:13:30.431 INFO: JdwpDebugServer: handling req: ThreadReference(11).ThreadGroup(5)
10:13:30.432 INFO: JdwpDebugServer: handling req: ThreadGroup(12).Name(1)
10:13:30.432 INFO: JdwpDebugServer: handling req: ThreadGroup(12).Parent(2)
10:13:30.432 INFO: JdwpDebugServer: handling req: ObjectReference(9).ReferenceType(1)
10:13:30.433 INFO: JdwpDebugServer: handling req: ReferenceType(2).FieldsWithGeneric(14)
10:13:30.434 INFO: JdwpDebugServer: handling req: ReferenceType(2).Interfaces(10)
10:13:30.434 INFO: JdwpDebugServer: handling req: ReferenceType(2).FieldsWithGeneric(14)
10:13:30.435 INFO: JdwpDebugServer: handling req: ReferenceType(2).Interfaces(10)
10:13:30.435 INFO: JdwpDebugServer: handling req: ClassType(3).Superclass(1)
10:13:30.435 INFO: JdwpDebugServer: handling req: ReferenceType(2).FieldsWithGeneric(14)
10:13:30.435 INFO: JdwpDebugServer: handling req: ReferenceType(2).Interfaces(10)
10:13:30.436 INFO: JdwpDebugServer: handling req: ClassType(3).Superclass(1)
10:13:30.436 INFO: JdwpDebugServer: handling req: ObjectReference(9).GetValues(2)
10:13:30.438 INFO: JdwpDebugServer: handling req: ThreadReference(11).Status(4)
10:13:30.438 INFO: JdwpDebugServer: handling req: ThreadReference(11).Status(4)
10:13:30.438 INFO: JdwpDebugServer: handling req: ThreadReference(11).ThreadGroup(5)
10:13:30.439 INFO: JdwpDebugServer: handling req: ObjectReference(9).ReferenceType(1)
10:13:30.439 INFO: JdwpDebugServer: handling req: ObjectReference(9).GetValues(2)
10:13:30.440 INFO: JdwpDebugServer: handling req: ThreadReference(11).Status(4)
10:13:30.440 INFO: JdwpDebugServer: handling req: ThreadReference(11).Status(4)
10:13:30.440 INFO: JdwpDebugServer: handling req: ThreadReference(11).ThreadGroup(5)
10:13:30.440 INFO: JdwpDebugServer: handling req: ObjectReference(9).ReferenceType(1)
10:13:30.440 INFO: JdwpDebugServer: handling req: ObjectReference(9).GetValues(2)
10:13:30.441 INFO: JdwpDebugServer: handling req: ThreadReference(11).Status(4)
10:13:30.441 INFO: JdwpDebugServer: handling req: ThreadReference(11).Status(4)
10:13:30.441 INFO: JdwpDebugServer: handling req: ThreadReference(11).ThreadGroup(5)
10:13:30.441 INFO: JdwpDebugServer: handling req: ObjectReference(9).ReferenceType(1)
10:13:30.442 INFO: JdwpDebugServer: handling req: ObjectReference(9).GetValues(2)
10:13:30.442 INFO: JdwpDebugServer: handling req: ThreadReference(11).Status(4)
10:13:30.442 INFO: JdwpDebugServer: handling req: ThreadReference(11).Status(4)
10:13:30.444 INFO: JdwpDebugServer: handling req: EventRequest(15).Set(1)
10:13:30.444 INFO: JdwpEventCenterDelegate: jdwpSetEventRequest: JdwpEventRequest{requestId=104, eventKind=CLASS_PREPARE, suspendPolicy=EVENT_THREAD, predicates=[className=java.lang.Throwable]}
10:13:30.450 INFO: JdwpDebugServer: handling req: EventRequest(15).Set(1)
10:13:30.451 INFO: JdwpEventCenterDelegate: jdwpSetEventRequest: JdwpEventRequest{requestId=105, eventKind=CLASS_PREPARE, suspendPolicy=EVENT_THREAD, predicates=[className=java.lang.Throwable$*]}
10:13:30.452 INFO: JdwpDebugServer: handling req: VirtualMachine(1).ClassesBySignature(2)
10:13:30.453 INFO: JdwpDebugServer: handling req: ReferenceType(2).MethodsWithGeneric(15)
10:13:30.454 INFO: JdwpDebugServer: handling req: Method(6).LineTable(1)
10:13:30.454 INFO: JdwpDebugServer: handling req: Method(6).LineTable(1)
10:13:30.454 INFO: JdwpDebugServer: handling req: Method(6).LineTable(1)
10:13:30.454 INFO: JdwpDebugServer: handling req: Method(6).LineTable(1)
10:13:30.455 INFO: JdwpDebugServer: handling req: Method(6).LineTable(1)
10:13:30.455 INFO: JdwpDebugServer: handling req: Method(6).LineTable(1)
10:13:30.455 INFO: JdwpDebugServer: handling req: Method(6).LineTable(1)
10:13:30.455 INFO: JdwpDebugServer: handling req: Method(6).LineTable(1)
10:13:30.455 INFO: JdwpDebugServer: handling req: Method(6).LineTable(1)
10:13:30.455 INFO: JdwpDebugServer: handling req: Method(6).LineTable(1)
10:13:30.456 INFO: JdwpDebugServer: handling req: Method(6).LineTable(1)
10:13:30.456 INFO: JdwpDebugServer: handling req: Method(6).LineTable(1)
10:13:30.456 INFO: JdwpDebugServer: handling req: Method(6).LineTable(1)
10:13:30.456 INFO: JdwpDebugServer: handling req: Method(6).LineTable(1)
10:13:30.456 INFO: JdwpDebugServer: handling req: Method(6).LineTable(1)
10:13:30.456 INFO: JdwpDebugServer: handling req: Method(6).LineTable(1)
10:13:30.457 INFO: JdwpDebugServer: handling req: Method(6).LineTable(1)
10:13:30.457 INFO: JdwpDebugServer: handling req: Method(6).LineTable(1)
10:13:30.457 INFO: JdwpDebugServer: handling req: Method(6).LineTable(1)
10:13:30.457 INFO: JdwpDebugServer: handling req: Method(6).LineTable(1)
10:13:30.457 INFO: JdwpDebugServer: handling req: Method(6).LineTable(1)
10:13:30.457 INFO: JdwpDebugServer: handling req: Method(6).LineTable(1)
10:13:30.458 INFO: JdwpDebugServer: handling req: Method(6).LineTable(1)
10:13:30.458 INFO: JdwpDebugServer: handling req: Method(6).LineTable(1)
10:13:30.458 INFO: JdwpDebugServer: handling req: VirtualMachine(1).ClassesBySignature(2)
10:13:30.458 INFO: JdwpDebugServer: handling req: VirtualMachine(1).AllClassesWithGeneric(20)
10:13:30.473 INFO: JdwpDebugServer: handling req: EventRequest(15).Set(1)
10:13:30.473 INFO: JdwpEventCenterDelegate: jdwpSetEventRequest: JdwpEventRequest{requestId=106, eventKind=CLASS_PREPARE, suspendPolicy=EVENT_THREAD, predicates=[className=com.badlogic.gdx.utils.ScreenUtils]}
10:13:30.474 INFO: JdwpDebugServer: handling req: EventRequest(15).Set(1)
10:13:30.474 INFO: JdwpEventCenterDelegate: jdwpSetEventRequest: JdwpEventRequest{requestId=107, eventKind=CLASS_PREPARE, suspendPolicy=EVENT_THREAD, predicates=[className=com.badlogic.gdx.utils.ScreenUtils$*]}
10:13:30.475 INFO: JdwpDebugServer: handling req: VirtualMachine(1).ClassesBySignature(2)
10:13:30.475 INFO: JdwpDebugServer: handling req: ReferenceType(2).MethodsWithGeneric(15)
10:13:30.476 INFO: JdwpDebugServer: handling req: Method(6).LineTable(1)
10:13:30.476 INFO: JdwpDebugServer: handling req: Method(6).LineTable(1)
10:13:30.476 INFO: JdwpDebugServer: handling req: Method(6).LineTable(1)
10:13:30.476 INFO: JdwpDebugServer: handling req: Method(6).LineTable(1)
10:13:30.476 INFO: JdwpDebugServer: handling req: Method(6).LineTable(1)
10:13:30.476 INFO: JdwpDebugServer: handling req: Method(6).LineTable(1)
10:13:30.477 INFO: JdwpDebugServer: handling req: Method(6).LineTable(1)
10:13:30.477 INFO: JdwpDebugServer: handling req: Method(6).LineTable(1)
10:13:30.477 INFO: JdwpDebugServer: handling req: Method(6).LineTable(1)
10:13:30.477 INFO: JdwpDebugServer: handling req: Method(6).LineTable(1)
10:13:30.477 INFO: JdwpDebugServer: handling req: EventRequest(15).Set(1)
10:13:30.478 INFO: JdwpEventCenterDelegate: jdwpSetEventRequest: JdwpEventRequest{requestId=108, eventKind=BREAKPOINT, suspendPolicy=EVENT_THREAD, predicates=[Location{classId=22240, methodId=1272, index=89} ]}
10:13:30.481 INFO: JdwpDebugServer: handling req: EventRequest(15).Set(1)
10:13:30.481 INFO: JdwpEventCenterDelegate: jdwpSetEventRequest: JdwpEventRequest{requestId=109, eventKind=CLASS_PREPARE, suspendPolicy=EVENT_THREAD, predicates=[className=com.badlogic.gdx.utils.ScreenUtils]}
10:13:30.481 INFO: JdwpDebugServer: handling req: EventRequest(15).Set(1)
10:13:30.481 INFO: JdwpEventCenterDelegate: jdwpSetEventRequest: JdwpEventRequest{requestId=110, eventKind=CLASS_PREPARE, suspendPolicy=EVENT_THREAD, predicates=[className=com.badlogic.gdx.utils.ScreenUtils$*]}
10:13:30.482 INFO: JdwpDebugServer: handling req: VirtualMachine(1).ClassesBySignature(2)
10:13:30.482 INFO: JdwpDebugServer: handling req: EventRequest(15).Set(1)
10:13:30.482 INFO: JdwpEventCenterDelegate: jdwpSetEventRequest: JdwpEventRequest{requestId=111, eventKind=BREAKPOINT, suspendPolicy=EVENT_THREAD, predicates=[Location{classId=22240, methodId=1267, index=72} ]}
10:13:30.483 INFO: JdwpDebugServer: handling req: EventRequest(15).Set(1)
10:13:30.483 INFO: JdwpEventCenterDelegate: jdwpSetEventRequest: JdwpEventRequest{requestId=112, eventKind=CLASS_PREPARE, suspendPolicy=EVENT_THREAD, predicates=[className=com.badlogic.gdx.graphics.g2d.PolygonSpriteBatch]}
10:13:30.483 INFO: JdwpDebugServer: handling req: EventRequest(15).Set(1)
10:13:30.483 INFO: JdwpEventCenterDelegate: jdwpSetEventRequest: JdwpEventRequest{requestId=113, eventKind=CLASS_PREPARE, suspendPolicy=EVENT_THREAD, predicates=[className=com.badlogic.gdx.graphics.g2d.PolygonSpriteBatch$*]}
10:13:30.484 INFO: JdwpDebugServer: handling req: VirtualMachine(1).ClassesBySignature(2)
10:13:30.484 INFO: JdwpDebugServer: handling req: ReferenceType(2).MethodsWithGeneric(15)
10:13:30.485 INFO: JdwpDebugServer: handling req: Method(6).LineTable(1)
10:13:30.485 INFO: JdwpDebugServer: handling req: Method(6).LineTable(1)
10:13:30.485 INFO: JdwpDebugServer: handling req: Method(6).LineTable(1)
10:13:30.485 INFO: JdwpDebugServer: handling req: Method(6).LineTable(1)
10:13:30.485 INFO: JdwpDebugServer: handling req: Method(6).LineTable(1)
10:13:30.486 INFO: JdwpDebugServer: handling req: Method(6).LineTable(1)
10:13:30.486 INFO: JdwpDebugServer: handling req: Method(6).LineTable(1)
10:13:30.486 INFO: JdwpDebugServer: handling req: Method(6).LineTable(1)
10:13:30.486 INFO: JdwpDebugServer: handling req: Method(6).LineTable(1)
10:13:30.486 INFO: JdwpDebugServer: handling req: Method(6).LineTable(1)
10:13:30.487 INFO: JdwpDebugServer: handling req: Method(6).LineTable(1)
10:13:30.487 INFO: JdwpDebugServer: handling req: Method(6).LineTable(1)
10:13:30.487 INFO: JdwpDebugServer: handling req: Method(6).LineTable(1)
10:13:30.487 INFO: JdwpDebugServer: handling req: Method(6).LineTable(1)
10:13:30.487 INFO: JdwpDebugServer: handling req: Method(6).LineTable(1)
10:13:30.488 INFO: JdwpDebugServer: handling req: Method(6).LineTable(1)
10:13:30.488 INFO: JdwpDebugServer: handling req: Method(6).LineTable(1)
10:13:30.488 INFO: JdwpDebugServer: handling req: Method(6).LineTable(1)
10:13:30.488 INFO: JdwpDebugServer: handling req: Method(6).LineTable(1)
10:13:30.488 INFO: JdwpDebugServer: handling req: Method(6).LineTable(1)
10:13:30.488 INFO: JdwpDebugServer: handling req: Method(6).LineTable(1)
10:13:30.489 INFO: JdwpDebugServer: handling req: Method(6).LineTable(1)
10:13:30.489 INFO: JdwpDebugServer: handling req: Method(6).LineTable(1)
10:13:30.489 INFO: JdwpDebugServer: handling req: Method(6).LineTable(1)
10:13:30.489 INFO: JdwpDebugServer: handling req: Method(6).LineTable(1)
10:13:30.490 INFO: JdwpDebugServer: handling req: Method(6).LineTable(1)
10:13:30.490 INFO: JdwpDebugServer: handling req: Method(6).LineTable(1)
10:13:30.490 INFO: JdwpDebugServer: handling req: Method(6).LineTable(1)
10:13:30.490 INFO: JdwpDebugServer: handling req: Method(6).LineTable(1)
10:13:30.490 INFO: JdwpDebugServer: handling req: Method(6).LineTable(1)
10:13:30.491 INFO: JdwpDebugServer: handling req: Method(6).LineTable(1)
10:13:30.491 INFO: JdwpDebugServer: handling req: Method(6).LineTable(1)
10:13:30.493 INFO: JdwpDebugServer: handling req: Method(6).LineTable(1)
10:13:30.493 INFO: JdwpDebugServer: handling req: Method(6).LineTable(1)
10:13:30.493 INFO: JdwpDebugServer: handling req: Method(6).LineTable(1)
10:13:30.493 INFO: JdwpDebugServer: handling req: Method(6).LineTable(1)
10:13:30.494 INFO: JdwpDebugServer: handling req: Method(6).LineTable(1)
10:13:30.494 INFO: JdwpDebugServer: handling req: Method(6).LineTable(1)
10:13:30.494 INFO: JdwpDebugServer: handling req: Method(6).LineTable(1)
10:13:30.494 INFO: JdwpDebugServer: handling req: Method(6).LineTable(1)
10:13:30.494 INFO: JdwpDebugServer: handling req: Method(6).LineTable(1)
10:13:30.494 INFO: JdwpDebugServer: handling req: Method(6).LineTable(1)
10:13:30.494 INFO: JdwpDebugServer: handling req: Method(6).LineTable(1)
10:13:30.494 INFO: JdwpDebugServer: handling req: Method(6).LineTable(1)
10:13:30.494 INFO: JdwpDebugServer: handling req: Method(6).LineTable(1)
10:13:30.494 INFO: JdwpDebugServer: handling req: Method(6).LineTable(1)
10:13:30.494 INFO: JdwpDebugServer: handling req: Method(6).LineTable(1)
10:13:30.494 INFO: JdwpDebugServer: handling req: EventRequest(15).Set(1)
10:13:30.495 INFO: JdwpEventCenterDelegate: jdwpSetEventRequest: JdwpEventRequest{requestId=114, eventKind=BREAKPOINT, suspendPolicy=EVENT_THREAD, predicates=[Location{classId=15500, methodId=1307, index=142} ]}
10:13:30.495 INFO: JdwpDebugServer: handling req: EventRequest(15).Set(1)
10:13:30.495 INFO: JdwpEventCenterDelegate: jdwpSetEventRequest: JdwpEventRequest{requestId=115, eventKind=CLASS_PREPARE, suspendPolicy=EVENT_THREAD, predicates=[className=com.badlogic.gdx.graphics.g2d.SpriteBatch]}
10:13:30.496 INFO: JdwpDebugServer: handling req: EventRequest(15).Set(1)
10:13:30.496 INFO: JdwpEventCenterDelegate: jdwpSetEventRequest: JdwpEventRequest{requestId=116, eventKind=CLASS_PREPARE, suspendPolicy=EVENT_THREAD, predicates=[className=com.badlogic.gdx.graphics.g2d.SpriteBatch$*]}
10:13:30.497 INFO: JdwpDebugServer: handling req: VirtualMachine(1).ClassesBySignature(2)
10:13:30.497 INFO: JdwpDebugServer: handling req: ReferenceType(2).MethodsWithGeneric(15)
10:13:30.498 INFO: JdwpDebugServer: handling req: Method(6).LineTable(1)
10:13:30.498 INFO: JdwpDebugServer: handling req: Method(6).LineTable(1)
10:13:30.498 INFO: JdwpDebugServer: handling req: Method(6).LineTable(1)
10:13:30.498 INFO: JdwpDebugServer: handling req: Method(6).LineTable(1)
10:13:30.498 INFO: JdwpDebugServer: handling req: Method(6).LineTable(1)
10:13:30.498 INFO: JdwpDebugServer: handling req: Method(6).LineTable(1)
10:13:30.498 INFO: JdwpDebugServer: handling req: Method(6).LineTable(1)
10:13:30.498 INFO: JdwpDebugServer: handling req: Method(6).LineTable(1)
10:13:30.498 INFO: JdwpDebugServer: handling req: Method(6).LineTable(1)
10:13:30.499 INFO: JdwpDebugServer: handling req: Method(6).LineTable(1)
10:13:30.499 INFO: JdwpDebugServer: handling req: Method(6).LineTable(1)
10:13:30.499 INFO: JdwpDebugServer: handling req: Method(6).LineTable(1)
10:13:30.499 INFO: JdwpDebugServer: handling req: Method(6).LineTable(1)
10:13:30.499 INFO: JdwpDebugServer: handling req: Method(6).LineTable(1)
10:13:30.499 INFO: JdwpDebugServer: handling req: Method(6).LineTable(1)
10:13:30.499 INFO: JdwpDebugServer: handling req: Method(6).LineTable(1)
10:13:30.500 INFO: JdwpDebugServer: handling req: Method(6).LineTable(1)
10:13:30.500 INFO: JdwpDebugServer: handling req: Method(6).LineTable(1)
10:13:30.500 INFO: JdwpDebugServer: handling req: Method(6).LineTable(1)
10:13:30.500 INFO: JdwpDebugServer: handling req: Method(6).LineTable(1)
10:13:30.500 INFO: JdwpDebugServer: handling req: Method(6).LineTable(1)
10:13:30.500 INFO: JdwpDebugServer: handling req: Method(6).LineTable(1)
10:13:30.500 INFO: JdwpDebugServer: handling req: Method(6).LineTable(1)
10:13:30.500 INFO: JdwpDebugServer: handling req: Method(6).LineTable(1)
10:13:30.501 INFO: JdwpDebugServer: handling req: Method(6).LineTable(1)
10:13:30.501 INFO: JdwpDebugServer: handling req: Method(6).LineTable(1)
10:13:30.501 INFO: JdwpDebugServer: handling req: Method(6).LineTable(1)
10:13:30.501 INFO: JdwpDebugServer: handling req: Method(6).LineTable(1)
10:13:30.501 INFO: JdwpDebugServer: handling req: Method(6).LineTable(1)
10:13:30.501 INFO: JdwpDebugServer: handling req: Method(6).LineTable(1)
10:13:30.501 INFO: JdwpDebugServer: handling req: Method(6).LineTable(1)
10:13:30.501 INFO: JdwpDebugServer: handling req: Method(6).LineTable(1)
10:13:30.502 INFO: JdwpDebugServer: handling req: Method(6).LineTable(1)
10:13:30.502 INFO: JdwpDebugServer: handling req: Method(6).LineTable(1)
10:13:30.502 INFO: JdwpDebugServer: handling req: Method(6).LineTable(1)
10:13:30.502 INFO: JdwpDebugServer: handling req: Method(6).LineTable(1)
10:13:30.502 INFO: JdwpDebugServer: handling req: Method(6).LineTable(1)
10:13:30.502 INFO: JdwpDebugServer: handling req: Method(6).LineTable(1)
10:13:30.502 INFO: JdwpDebugServer: handling req: Method(6).LineTable(1)
10:13:30.502 INFO: JdwpDebugServer: handling req: Method(6).LineTable(1)
10:13:30.502 INFO: JdwpDebugServer: handling req: Method(6).LineTable(1)
10:13:30.503 INFO: JdwpDebugServer: handling req: Method(6).LineTable(1)
10:13:30.503 INFO: JdwpDebugServer: handling req: Method(6).LineTable(1)
10:13:30.503 INFO: JdwpDebugServer: handling req: Method(6).LineTable(1)
10:13:30.503 INFO: JdwpDebugServer: handling req: EventRequest(15).Set(1)
10:13:30.503 INFO: JdwpEventCenterDelegate: jdwpSetEventRequest: JdwpEventRequest{requestId=117, eventKind=BREAKPOINT, suspendPolicy=EVENT_THREAD, predicates=[Location{classId=18040, methodId=1542, index=163} ]}
10:13:30.504 INFO: JdwpDebugServer: handling req: EventRequest(15).Set(1)
10:13:30.504 INFO: JdwpEventCenterDelegate: jdwpSetEventRequest: JdwpEventRequest{requestId=118, eventKind=CLASS_PREPARE, suspendPolicy=EVENT_THREAD, predicates=[className=com.abdalla.bushnaq.pluvia.engine.RenderEngine]}
10:13:30.505 INFO: JdwpDebugServer: handling req: EventRequest(15).Set(1)
10:13:30.505 INFO: JdwpEventCenterDelegate: jdwpSetEventRequest: JdwpEventRequest{requestId=119, eventKind=CLASS_PREPARE, suspendPolicy=EVENT_THREAD, predicates=[className=com.abdalla.bushnaq.pluvia.engine.RenderEngine$*]}
10:13:30.505 INFO: JdwpDebugServer: handling req: VirtualMachine(1).ClassesBySignature(2)
10:13:30.505 INFO: JdwpDebugServer: handling req: ReferenceType(2).MethodsWithGeneric(15)
10:13:30.506 INFO: JdwpDebugServer: handling req: Method(6).LineTable(1)
10:13:30.506 INFO: JdwpDebugServer: handling req: Method(6).LineTable(1)
10:13:30.506 INFO: JdwpDebugServer: handling req: Method(6).LineTable(1)
10:13:30.507 INFO: JdwpDebugServer: handling req: Method(6).LineTable(1)
10:13:30.507 INFO: JdwpDebugServer: handling req: Method(6).LineTable(1)
10:13:30.507 INFO: JdwpDebugServer: handling req: Method(6).LineTable(1)
10:13:30.507 INFO: JdwpDebugServer: handling req: Method(6).LineTable(1)
10:13:30.507 INFO: JdwpDebugServer: handling req: Method(6).LineTable(1)
10:13:30.508 INFO: JdwpDebugServer: handling req: Method(6).LineTable(1)
10:13:30.508 INFO: JdwpDebugServer: handling req: Method(6).LineTable(1)
10:13:30.508 INFO: JdwpDebugServer: handling req: Method(6).LineTable(1)
10:13:30.508 INFO: JdwpDebugServer: handling req: Method(6).LineTable(1)
10:13:30.508 INFO: JdwpDebugServer: handling req: Method(6).LineTable(1)
10:13:30.508 INFO: JdwpDebugServer: handling req: Method(6).LineTable(1)
10:13:30.509 INFO: JdwpDebugServer: handling req: Method(6).LineTable(1)
10:13:30.509 INFO: JdwpDebugServer: handling req: Method(6).LineTable(1)
10:13:30.509 INFO: JdwpDebugServer: handling req: Method(6).LineTable(1)
10:13:30.509 INFO: JdwpDebugServer: handling req: Method(6).LineTable(1)
10:13:30.509 INFO: JdwpDebugServer: handling req: Method(6).LineTable(1)
10:13:30.509 INFO: JdwpDebugServer: handling req: Method(6).LineTable(1)
10:13:30.510 INFO: JdwpDebugServer: handling req: Method(6).LineTable(1)
10:13:30.510 INFO: JdwpDebugServer: handling req: Method(6).LineTable(1)
10:13:30.510 INFO: JdwpDebugServer: handling req: Method(6).LineTable(1)
10:13:30.510 INFO: JdwpDebugServer: handling req: Method(6).LineTable(1)
10:13:30.510 INFO: JdwpDebugServer: handling req: Method(6).LineTable(1)
10:13:30.510 INFO: JdwpDebugServer: handling req: Method(6).LineTable(1)
10:13:30.510 INFO: JdwpDebugServer: handling req: Method(6).LineTable(1)
10:13:30.511 INFO: JdwpDebugServer: handling req: Method(6).LineTable(1)
10:13:30.511 INFO: JdwpDebugServer: handling req: Method(6).LineTable(1)
10:13:30.511 INFO: JdwpDebugServer: handling req: Method(6).LineTable(1)
10:13:30.511 INFO: JdwpDebugServer: handling req: Method(6).LineTable(1)
10:13:30.511 INFO: JdwpDebugServer: handling req: Method(6).LineTable(1)
10:13:30.511 INFO: JdwpDebugServer: handling req: Method(6).LineTable(1)
10:13:30.511 INFO: JdwpDebugServer: handling req: Method(6).LineTable(1)
10:13:30.511 INFO: JdwpDebugServer: handling req: Method(6).LineTable(1)
10:13:30.512 INFO: JdwpDebugServer: handling req: Method(6).LineTable(1)
10:13:30.512 INFO: JdwpDebugServer: handling req: Method(6).LineTable(1)
10:13:30.512 INFO: JdwpDebugServer: handling req: Method(6).LineTable(1)
10:13:30.512 INFO: JdwpDebugServer: handling req: Method(6).LineTable(1)
10:13:30.512 INFO: JdwpDebugServer: handling req: Method(6).LineTable(1)
10:13:30.512 INFO: JdwpDebugServer: handling req: Method(6).LineTable(1)
10:13:30.512 INFO: JdwpDebugServer: handling req: Method(6).LineTable(1)
10:13:30.513 INFO: JdwpDebugServer: handling req: Method(6).LineTable(1)
10:13:30.513 INFO: JdwpDebugServer: handling req: Method(6).LineTable(1)
10:13:30.513 INFO: JdwpDebugServer: handling req: Method(6).LineTable(1)
10:13:30.513 INFO: JdwpDebugServer: handling req: Method(6).LineTable(1)
10:13:30.513 INFO: JdwpDebugServer: handling req: Method(6).LineTable(1)
10:13:30.513 INFO: JdwpDebugServer: handling req: Method(6).LineTable(1)
10:13:30.513 INFO: JdwpDebugServer: handling req: Method(6).LineTable(1)
10:13:30.514 INFO: JdwpDebugServer: handling req: Method(6).LineTable(1)
10:13:30.514 INFO: JdwpDebugServer: handling req: Method(6).LineTable(1)
10:13:30.514 INFO: JdwpDebugServer: handling req: Method(6).LineTable(1)
10:13:30.514 INFO: JdwpDebugServer: handling req: Method(6).LineTable(1)
10:13:30.514 INFO: JdwpDebugServer: handling req: Method(6).LineTable(1)
10:13:30.514 INFO: JdwpDebugServer: handling req: Method(6).LineTable(1)
10:13:30.514 INFO: JdwpDebugServer: handling req: Method(6).LineTable(1)
10:13:30.514 INFO: JdwpDebugServer: handling req: Method(6).LineTable(1)
10:13:30.515 INFO: JdwpDebugServer: handling req: Method(6).LineTable(1)
10:13:30.515 INFO: JdwpDebugServer: handling req: Method(6).LineTable(1)
10:13:30.515 INFO: JdwpDebugServer: handling req: Method(6).LineTable(1)
10:13:30.515 INFO: JdwpDebugServer: handling req: Method(6).LineTable(1)
10:13:30.515 INFO: JdwpDebugServer: handling req: Method(6).LineTable(1)
10:13:30.515 INFO: JdwpDebugServer: handling req: Method(6).LineTable(1)
10:13:30.515 INFO: JdwpDebugServer: handling req: Method(6).LineTable(1)
10:13:30.516 INFO: JdwpDebugServer: handling req: Method(6).LineTable(1)
10:13:30.516 INFO: JdwpDebugServer: handling req: Method(6).LineTable(1)
10:13:30.516 INFO: JdwpDebugServer: handling req: Method(6).LineTable(1)
10:13:30.516 INFO: JdwpDebugServer: handling req: Method(6).LineTable(1)
10:13:30.516 INFO: JdwpDebugServer: handling req: Method(6).LineTable(1)
10:13:30.516 INFO: JdwpDebugServer: handling req: Method(6).LineTable(1)
10:13:30.516 INFO: JdwpDebugServer: handling req: Method(6).LineTable(1)
10:13:30.516 INFO: JdwpDebugServer: handling req: Method(6).LineTable(1)
10:13:30.517 INFO: JdwpDebugServer: handling req: Method(6).LineTable(1)
10:13:30.517 INFO: JdwpDebugServer: handling req: Method(6).LineTable(1)
10:13:30.517 INFO: JdwpDebugServer: handling req: Method(6).LineTable(1)
10:13:30.517 INFO: JdwpDebugServer: handling req: Method(6).LineTable(1)
10:13:30.517 INFO: JdwpDebugServer: handling req: Method(6).LineTable(1)
10:13:30.517 INFO: JdwpDebugServer: handling req: Method(6).LineTable(1)
10:13:30.517 INFO: JdwpDebugServer: handling req: Method(6).LineTable(1)
10:13:30.517 INFO: JdwpDebugServer: handling req: Method(6).LineTable(1)
10:13:30.518 INFO: JdwpDebugServer: handling req: Method(6).LineTable(1)
10:13:30.518 INFO: JdwpDebugServer: handling req: Method(6).LineTable(1)
10:13:30.518 INFO: JdwpDebugServer: handling req: Method(6).LineTable(1)
10:13:30.518 INFO: JdwpDebugServer: handling req: Method(6).LineTable(1)
10:13:30.518 INFO: JdwpDebugServer: handling req: Method(6).LineTable(1)
10:13:30.518 INFO: JdwpDebugServer: handling req: Method(6).LineTable(1)
10:13:30.518 INFO: JdwpDebugServer: handling req: Method(6).LineTable(1)
10:13:30.518 INFO: JdwpDebugServer: handling req: Method(6).LineTable(1)
10:13:30.519 INFO: JdwpDebugServer: handling req: Method(6).LineTable(1)
10:13:30.519 INFO: JdwpDebugServer: handling req: Method(6).LineTable(1)
10:13:30.519 INFO: JdwpDebugServer: handling req: Method(6).LineTable(1)
10:13:30.519 INFO: JdwpDebugServer: handling req: Method(6).LineTable(1)
10:13:30.519 INFO: JdwpDebugServer: handling req: Method(6).LineTable(1)
10:13:30.520 INFO: JdwpDebugServer: handling req: Method(6).LineTable(1)
10:13:30.520 INFO: JdwpDebugServer: handling req: Method(6).LineTable(1)
10:13:30.520 INFO: JdwpDebugServer: handling req: Method(6).LineTable(1)
10:13:30.520 INFO: JdwpDebugServer: handling req: Method(6).LineTable(1)
10:13:30.520 INFO: JdwpDebugServer: handling req: Method(6).LineTable(1)
10:13:30.520 INFO: JdwpDebugServer: handling req: Method(6).LineTable(1)
10:13:30.520 INFO: JdwpDebugServer: handling req: EventRequest(15).Set(1)
10:13:30.521 INFO: JdwpEventCenterDelegate: jdwpSetEventRequest: JdwpEventRequest{requestId=120, eventKind=BREAKPOINT, suspendPolicy=EVENT_THREAD, predicates=[Location{classId=22075, methodId=1842, index=452} ]}
10:13:30.521 INFO: JdwpDebugServer: handling req: EventRequest(15).Set(1)
10:13:30.521 INFO: JdwpEventCenterDelegate: jdwpSetEventRequest: JdwpEventRequest{requestId=121, eventKind=CLASS_PREPARE, suspendPolicy=EVENT_THREAD, predicates=[className=com.badlogic.gdx.graphics.g2d.PolygonSpriteBatch]}
10:13:30.522 INFO: JdwpDebugServer: handling req: EventRequest(15).Set(1)
10:13:30.522 INFO: JdwpEventCenterDelegate: jdwpSetEventRequest: JdwpEventRequest{requestId=122, eventKind=CLASS_PREPARE, suspendPolicy=EVENT_THREAD, predicates=[className=com.badlogic.gdx.graphics.g2d.PolygonSpriteBatch$*]}
10:13:30.523 INFO: JdwpDebugServer: handling req: VirtualMachine(1).ClassesBySignature(2)
10:13:30.523 INFO: JdwpDebugServer: handling req: EventRequest(15).Set(1)
10:13:30.523 INFO: JdwpEventCenterDelegate: jdwpSetEventRequest: JdwpEventRequest{requestId=123, eventKind=BREAKPOINT, suspendPolicy=EVENT_THREAD, predicates=[Location{classId=15500, methodId=1307, index=141} ]}
10:13:30.524 INFO: JdwpDebugServer: handling req: EventRequest(15).Set(1)
10:13:30.524 INFO: JdwpEventCenterDelegate: jdwpSetEventRequest: JdwpEventRequest{requestId=124, eventKind=CLASS_PREPARE, suspendPolicy=EVENT_THREAD, predicates=[className=com.scottlogic.util.ShaderCompatibilityHelper]}
10:13:30.524 INFO: JdwpDebugServer: handling req: EventRequest(15).Set(1)
10:13:30.524 INFO: JdwpEventCenterDelegate: jdwpSetEventRequest: JdwpEventRequest{requestId=125, eventKind=CLASS_PREPARE, suspendPolicy=EVENT_THREAD, predicates=[className=com.scottlogic.util.ShaderCompatibilityHelper$*]}
10:13:30.525 INFO: JdwpDebugServer: handling req: VirtualMachine(1).ClassesBySignature(2)
10:13:30.526 INFO: JdwpDebugServer: handling req: ReferenceType(2).MethodsWithGeneric(15)
10:13:30.527 INFO: JdwpDebugServer: handling req: Method(6).LineTable(1)
10:13:30.527 INFO: JdwpDebugServer: handling req: Method(6).LineTable(1)
10:13:30.527 INFO: JdwpDebugServer: handling req: Method(6).LineTable(1)
10:13:30.527 INFO: JdwpDebugServer: handling req: Method(6).LineTable(1)
10:13:30.527 INFO: JdwpDebugServer: handling req: Method(6).LineTable(1)
10:13:30.527 INFO: JdwpDebugServer: handling req: Method(6).LineTable(1)
10:13:30.527 INFO: JdwpDebugServer: handling req: Method(6).LineTable(1)
10:13:30.528 INFO: JdwpDebugServer: handling req: EventRequest(15).Set(1)
10:13:30.528 INFO: JdwpEventCenterDelegate: jdwpSetEventRequest: JdwpEventRequest{requestId=126, eventKind=BREAKPOINT, suspendPolicy=EVENT_THREAD, predicates=[Location{classId=29075, methodId=2262, index=70} ]}
10:13:30.528 INFO: JdwpDebugServer: handling req: VirtualMachine(1).capabilitiesNew(17)
10:13:30.535 INFO: JdwpDebugServer: handling req: EventRequest(15).Set(1)
10:13:30.535 INFO: JdwpEventCenterDelegate: jdwpSetEventRequest: JdwpEventRequest{requestId=127, eventKind=CLASS_PREPARE, suspendPolicy=EVENT_THREAD, predicates=[className=java.lang.Error]}
10:13:30.536 INFO: JdwpDebugServer: handling req: EventRequest(15).Set(1)
10:13:30.536 INFO: JdwpEventCenterDelegate: jdwpSetEventRequest: JdwpEventRequest{requestId=128, eventKind=CLASS_PREPARE, suspendPolicy=EVENT_THREAD, predicates=[className=java.lang.Error$*]}
10:13:30.537 INFO: JdwpDebugServer: handling req: VirtualMachine(1).ClassesBySignature(2)
10:13:30.537 INFO: JdwpDebugServer: handling req: EventRequest(15).Set(1)
10:13:30.537 INFO: JdwpEventCenterDelegate: jdwpSetEventRequest: JdwpEventRequest{requestId=129, eventKind=EXCEPTION, suspendPolicy=EVENT_THREAD, predicates=[exceptionType=3425(caught=true, uncaught=true)]}
10:13:30.577 INFO: JdwpDebugServer: handling req: EventRequest(15).Set(1)
10:13:30.577 INFO: JdwpEventCenterDelegate: jdwpSetEventRequest: JdwpEventRequest{requestId=130, eventKind=CLASS_PREPARE, suspendPolicy=EVENT_THREAD, predicates=[className=java.lang.Throwable]}
10:13:30.578 INFO: JdwpDebugServer: handling req: EventRequest(15).Set(1)
10:13:30.578 INFO: JdwpEventCenterDelegate: jdwpSetEventRequest: JdwpEventRequest{requestId=131, eventKind=CLASS_PREPARE, suspendPolicy=EVENT_THREAD, predicates=[className=java.lang.Throwable$*]}
10:13:30.579 INFO: JdwpDebugServer: handling req: VirtualMachine(1).ClassesBySignature(2)
10:13:30.579 INFO: JdwpDebugServer: handling req: EventRequest(15).Set(1)
10:13:30.580 INFO: JdwpEventCenterDelegate: jdwpSetEventRequest: JdwpEventRequest{requestId=132, eventKind=EXCEPTION, suspendPolicy=EVENT_THREAD, predicates=[exceptionType=7695(caught=false, uncaught=true)]}
10:13:30.582 INFO: JdwpDebugServer: handling req: ThreadReference(11).SuspendCount(12)
10:13:30.582 INFO: JdwpDebugServer: handling req: ThreadReference(11).SuspendCount(12)
10:13:30.582 INFO: JdwpDebugServer: handling req: ThreadReference(11).SuspendCount(12)
10:13:30.582 INFO: JdwpDebugServer: handling req: ThreadReference(11).SuspendCount(12)
10:13:30.582 INFO: JdwpDebugServer: handling req: VirtualMachine(1).AllThreads(4)
10:13:30.582 INFO: JdwpDebugServer: handling req: VirtualMachine(1).Resume(9)
10:13:30.654 INFO: JdwpEventCenterDelegate: THREAD_RESUMED: thread (33, main, main)
10:13:30.654 INFO: JdwpEventCenterDelegate: THREAD_RESUMED: thread (33, main, main)
10:13:30.655 INFO: JdwpEventCenterDelegate: THREAD_RESUMED: thread (33, main, main)
10:13:30.655 INFO: JdwpEventCenterDelegate: THREAD_RESUMED: thread (33, main, main)
10:13:30.656 INFO: JdwpEventCenterDelegate: THREAD_RESUMED: thread (33, main, main)
10:13:30.656 INFO: JdwpEventCenterDelegate: THREAD_RESUMED: thread (33, main, main)
10:13:30.657 INFO: JdwpEventCenterDelegate: THREAD_RESUMED: thread (33, main, main)
10:13:30.658 INFO: JdwpEventCenterDelegate: THREAD_RESUMED: thread (33, main, main)
10:13:30.659 INFO: JdwpEventCenterDelegate: THREAD_RESUMED: thread (33, main, main)
10:13:30.659 INFO: JdwpEventCenterDelegate: THREAD_RESUMED: thread (33, main, main)
10:13:30.660 INFO: JdwpEventCenterDelegate: THREAD_RESUMED: thread (33, main, main)
10:13:30.666 INFO: JdwpEventCenterDelegate: THREAD_RESUMED: thread (33, main, main)
10:13:30.666 INFO: JdwpEventCenterDelegate: THREAD_RESUMED: thread (33, main, main)
10:13:30.666 INFO: JdwpEventCenterDelegate: THREAD_RESUMED: thread (33, main, main)
10:13:30.734 INFO: JdwpEventCenterDelegate: THREAD_RESUMED: thread (33, main, main)
10:13:30.735 INFO: JdwpEventCenterDelegate: THREAD_RESUMED: thread (33, main, main)
10:13:30.735 INFO: JdwpEventCenterDelegate: THREAD_RESUMED: thread (33, main, main)
10:13:30.742 INFO: JdwpEventCenterDelegate: THREAD_RESUMED: thread (33, main, main)
10:13:30.743 INFO: JdwpEventCenterDelegate: THREAD_RESUMED: thread (33, main, main)
10:13:30.743 INFO: JdwpEventCenterDelegate: THREAD_RESUMED: thread (33, main, main)
10:13:31.007 INFO: JdwpEventCenterDelegate: THREAD_RESUMED: thread (33, main, main)
10:13:31.007 INFO: JdwpEventCenterDelegate: THREAD_RESUMED: thread (33, main, main)
10:13:31.008 INFO: JdwpEventCenterDelegate: THREAD_RESUMED: thread (33, main, main)
10:13:31.068 INFO: JdwpEventCenterDelegate: THREAD_RESUMED: thread (33, main, main)
10:13:31.068 INFO: JdwpEventCenterDelegate: THREAD_RESUMED: thread (33, main, main)
10:13:31.069 INFO: JdwpEventCenterDelegate: THREAD_RESUMED: thread (33, main, main)
10:13:31.097 INFO: JdwpEventCenterDelegate: THREAD_RESUMED: thread (33, main, main)
10:13:31.098 INFO: JdwpEventCenterDelegate: THREAD_RESUMED: thread (33, main, main)
10:13:31.099 INFO: JdwpEventCenterDelegate: THREAD_RESUMED: thread (33, main, main)
10:13:31.123 INFO: JdwpDebugServer: handling req: ThreadReference(11).Name(1)
10:13:31.124 INFO: JdwpDebugServer: handling req: ThreadReference(11).Name(1)
10:13:31.124 INFO: JdwpDebugServer: handling req: ThreadReference(11).Name(1)
10:13:31.124 INFO: JdwpDebugServer: handling req: ThreadReference(11).Name(1)
10:13:31.133 INFO: JdwpEventCenterDelegate: THREAD_RESUMED: thread (33, main, main)
10:13:31.133 INFO: JdwpEventCenterDelegate: THREAD_RESUMED: thread (33, main, main)
10:13:31.134 INFO: JdwpEventCenterDelegate: THREAD_RESUMED: thread (33, main, main)
10:13:31.134 INFO: JdwpEventCenterDelegate: THREAD_RESUMED: thread (33, main, main)
10:13:31.141 INFO: JdwpEventCenterDelegate: THREAD_RESUMED: thread (33, main, main)
10:13:31.141 INFO: JdwpEventCenterDelegate: THREAD_RESUMED: thread (33, main, main)
10:13:31.685 INFO: JdwpEventCenterDelegate: THREAD_RESUMED: thread (33, main, main)
10:13:31.686 INFO: JdwpEventCenterDelegate: THREAD_RESUMED: thread (33, main, main)
10:13:31.705 INFO: JdwpEventCenterDelegate: THREAD_RESUMED: thread (33, main, main)
10:13:31.705 INFO: JdwpEventCenterDelegate: THREAD_RESUMED: thread (33, main, main)
10:13:31.706 INFO: JdwpEventCenterDelegate: THREAD_RESUMED: thread (33, main, main)
10:13:31.707 INFO: JdwpEventCenterDelegate: THREAD_RESUMED: thread (33, main, main)
10:13:31.754 INFO: JdwpDebugServer: handling req: EventRequest(15).Set(1)
10:13:31.754 INFO: JdwpEventCenterDelegate: jdwpSetEventRequest: JdwpEventRequest{requestId=133, eventKind=BREAKPOINT, suspendPolicy=EVENT_THREAD, predicates=[Location{classId=22075, methodId=1842, index=452} ]}
10:13:31.759 INFO: JdwpDebugServer: handling req: ThreadReference(11).Resume(3)
10:13:31.760 INFO: JdwpEventCenterDelegate: THREAD_RESUMED: thread (33, main, main)
10:13:31.789 INFO: JdwpEventCenterDelegate: THREAD_RESUMED: thread (33, main, main)
10:13:32.163 INFO: JdwpDebugServer: handling req: ThreadReference(11).Frames(6)
10:13:32.164 INFO: JdwpDebugServer: handling req: ReferenceType(2).MethodsWithGeneric(15)
10:13:32.164 INFO: JdwpDebugServer: handling req: ReferenceType(2).MethodsWithGeneric(15)
10:13:32.165 INFO: JdwpDebugServer: handling req: ReferenceType(2).MethodsWithGeneric(15)
10:13:32.165 INFO: JdwpDebugServer: handling req: ReferenceType(2).MethodsWithGeneric(15)
10:13:32.166 INFO: JdwpDebugServer: handling req: ReferenceType(2).MethodsWithGeneric(15)
10:13:32.172 INFO: JdwpDebugServer: handling req: ThreadReference(11).FramesCount(7)
10:13:32.173 INFO: JdwpDebugServer: handling req: ThreadReference(11).FramesCount(7)
10:13:32.391 INFO: JdwpDebugServer: handling req: ThreadReference(11).Name(1)
10:13:32.392 INFO: JdwpDebugServer: handling req: ReferenceType(2).SignatureWithGeneric(13)
10:13:32.392 INFO: JdwpDebugServer: handling req: ThreadReference(11).Name(1)
10:13:32.393 INFO: JdwpDebugServer: handling req: StackFrame(16).ThisObject(3)
10:13:32.394 INFO: JdwpDebugServer: handling req: ObjectReference(9).ReferenceType(1)
10:13:32.394 INFO: JdwpDebugServer: handling req: ThreadReference(11).Name(1)
10:13:32.394 INFO: JdwpDebugServer: handling req: ThreadReference(11).Name(1)
10:13:32.394 INFO: JdwpDebugServer: handling req: ThreadReference(11).Name(1)
10:13:32.448 INFO: JdwpDebugServer: handling req: Method(6).VariableTableWithGenerics(5)
10:13:32.461 INFO: JdwpDebugServer: handling req: ReferenceType(2).SourceFile(7)
10:13:32.465 INFO: JdwpDebugServer: handling req: ReferenceType(2).Modifiers(3)
10:13:32.468 INFO: JdwpDebugServer: handling req: ClassType(3).Superclass(1)
10:13:32.468 INFO: JdwpDebugServer: handling req: ClassType(3).Superclass(1)
10:13:32.468 INFO: JdwpDebugServer: handling req: ReferenceType(2).Interfaces(10)
10:13:32.469 INFO: JdwpDebugServer: handling req: ClassType(3).Superclass(1)
10:13:32.475 INFO: JdwpDebugServer: handling req: ReferenceType(2).FieldsWithGeneric(14)
10:13:32.476 INFO: JdwpDebugServer: handling req: ClassType(3).Superclass(1)
10:13:32.499 INFO: JdwpDebugServer: handling req: ThreadReference(11).FramesCount(7)
10:13:32.507 INFO: JdwpDebugServer: handling req: ThreadReference(11).Name(1)
10:13:32.508 INFO: JdwpDebugServer: handling req: ThreadReference(11).Name(1)
10:13:32.508 INFO: JdwpDebugServer: handling req: ThreadReference(11).Name(1)
10:13:32.508 INFO: JdwpDebugServer: handling req: ThreadReference(11).Name(1)
10:13:32.509 INFO: JdwpDebugServer: handling req: ThreadReference(11).FramesCount(7)
10:13:32.511 INFO: JdwpDebugServer: handling req: StackFrame(16).ThisObject(3)
10:13:32.511 INFO: JdwpDebugServer: handling req: ObjectReference(9).ReferenceType(1)
10:13:32.512 INFO: JdwpDebugServer: handling req: StackFrame(16).ThisObject(3)
10:13:32.512 INFO: JdwpDebugServer: handling req: ObjectReference(9).ReferenceType(1)
10:13:32.512 INFO: JdwpDebugServer: handling req: Method(6).LineTable(1)
10:13:32.512 INFO: JdwpDebugServer: handling req: StackFrame(16).ThisObject(3)
10:13:32.513 INFO: JdwpDebugServer: handling req: ObjectReference(9).ReferenceType(1)
10:13:32.513 INFO: JdwpDebugServer: handling req: Method(6).LineTable(1)
10:13:32.513 INFO: JdwpDebugServer: handling req: StackFrame(16).ThisObject(3)
10:13:32.513 INFO: JdwpDebugServer: handling req: ObjectReference(9).ReferenceType(1)
10:13:32.513 INFO: JdwpDebugServer: handling req: Method(6).LineTable(1)
10:13:32.513 INFO: JdwpDebugServer: handling req: Method(6).LineTable(1)
10:13:32.514 INFO: JdwpDebugServer: handling req: Method(6).LineTable(1)
10:13:36.053 INFO: JdwpDebugServer: handling req: ThreadReference(11).Resume(3)
10:13:36.053 INFO: JdwpEventCenterDelegate: THREAD_RESUMED: thread (33, main, main)
10:13:36.055 INFO: JdwpDebugServer: handling req: EventRequest(15).Set(1)
10:13:36.055 INFO: JdwpEventCenterDelegate: jdwpSetEventRequest: JdwpEventRequest{requestId=134, eventKind=BREAKPOINT, suspendPolicy=EVENT_THREAD, predicates=[Location{classId=15500, methodId=1307, index=142} ]}
10:13:36.058 INFO: JdwpDebugServer: handling req: EventRequest(15).Set(1)
10:13:36.058 INFO: JdwpEventCenterDelegate: jdwpSetEventRequest: JdwpEventRequest{requestId=135, eventKind=BREAKPOINT, suspendPolicy=EVENT_THREAD, predicates=[Location{classId=15500, methodId=1307, index=141} ]}
10:13:36.060 INFO: JdwpDebugServer: handling req: ThreadReference(11).Resume(3)
10:13:36.060 INFO: JdwpEventCenterDelegate: THREAD_RESUMED: thread (33, main, main)
10:13:36.062 INFO: JdwpDebugServer: handling req: EventRequest(15).Set(1)
10:13:36.062 INFO: JdwpEventCenterDelegate: jdwpSetEventRequest: JdwpEventRequest{requestId=136, eventKind=BREAKPOINT, suspendPolicy=EVENT_THREAD, predicates=[Location{classId=29075, methodId=2262, index=70} ]}
10:13:36.065 INFO: JdwpDebugServer: handling req: ThreadReference(11).Resume(3)
10:13:36.065 INFO: JdwpEventCenterDelegate: THREAD_RESUMED: thread (33, main, main)
10:13:36.067 INFO: JdwpDebugServer: handling req: ThreadReference(11).Frames(6)
10:13:36.068 INFO: JdwpDebugServer: handling req: ThreadReference(11).FramesCount(7)
10:13:36.068 INFO: JdwpDebugServer: handling req: ThreadReference(11).FramesCount(7)
10:13:36.079 INFO: JdwpDebugServer: handling req: ThreadReference(11).Name(1)
10:13:36.080 INFO: JdwpDebugServer: handling req: ThreadReference(11).Name(1)
10:13:36.080 INFO: JdwpDebugServer: handling req: ThreadReference(11).Name(1)
10:13:36.165 INFO: JdwpDebugServer: handling req: ThreadReference(11).Name(1)
10:13:36.165 INFO: JdwpDebugServer: handling req: ReferenceType(2).SignatureWithGeneric(13)
10:13:36.169 INFO: JdwpDebugServer: handling req: ThreadReference(11).Name(1)
10:13:36.170 INFO: JdwpDebugServer: handling req: ThreadReference(11).Name(1)
10:13:36.170 INFO: JdwpDebugServer: handling req: ThreadReference(11).Name(1)
10:13:36.170 INFO: JdwpDebugServer: handling req: ThreadReference(11).Name(1)
10:13:36.213 INFO: JdwpDebugServer: handling req: ReferenceType(2).FieldsWithGeneric(14)
10:13:36.213 INFO: JdwpDebugServer: handling req: ThreadReference(11).FramesCount(7)
10:13:36.213 INFO: JdwpDebugServer: handling req: ReferenceType(2).Interfaces(10)
10:13:36.213 INFO: JdwpDebugServer: handling req: ClassType(3).Superclass(1)
10:13:36.214 INFO: JdwpDebugServer: handling req: Method(6).VariableTableWithGenerics(5)
10:13:36.237 INFO: JdwpDebugServer: handling req: ThreadReference(11).Name(1)
10:13:36.237 INFO: JdwpDebugServer: handling req: ThreadReference(11).FramesCount(7)
10:13:36.243 INFO: JdwpDebugServer: handling req: StackFrame(16).ThisObject(3)
10:13:36.244 INFO: JdwpDebugServer: handling req: ObjectReference(9).ReferenceType(1)
10:13:36.244 INFO: JdwpDebugServer: handling req: StackFrame(16).ThisObject(3)
10:13:36.245 INFO: JdwpDebugServer: handling req: ObjectReference(9).ReferenceType(1)
10:13:36.247 INFO: JdwpDebugServer: handling req: StackFrame(16).ThisObject(3)
10:13:36.247 INFO: JdwpDebugServer: handling req: ObjectReference(9).ReferenceType(1)
10:13:36.248 INFO: JdwpDebugServer: handling req: StackFrame(16).ThisObject(3)
10:13:36.248 INFO: JdwpDebugServer: handling req: ObjectReference(9).ReferenceType(1)
10:13:36.248 INFO: JdwpDebugServer: handling req: StackFrame(16).ThisObject(3)
10:13:36.248 INFO: JdwpDebugServer: handling req: ObjectReference(9).ReferenceType(1)
10:13:36.249 INFO: JdwpDebugServer: handling req: ReferenceType(2).SourceFile(7)
10:13:39.145 INFO: JdwpDebugServer: handling req: VirtualMachine(1).ClassesBySignature(2)
10:13:39.154 INFO: JdwpDebugServer: handling req: ReferenceType(2).FieldsWithGeneric(14)
10:13:39.159 INFO: JdwpDebugServer: handling req: ReferenceType(2).Interfaces(10)
10:13:39.159 INFO: JdwpDebugServer: handling req: ClassType(3).Superclass(1)
10:13:39.330 INFO: JdwpDebugServer: handling req: ReferenceType(2).GetValues(6)
10:13:39.335 INFO: JdwpDebugServer: handling req: ReferenceType(2).GetValues(6)
10:13:39.335 INFO: JdwpDebugServer: handling req: ReferenceType(2).GetValues(6)
10:13:39.336 INFO: JdwpDebugServer: handling req: ObjectReference(9).ReferenceType(1)
10:13:39.336 INFO: JdwpDebugServer: handling req: ObjectReference(9).ReferenceType(1)
10:13:39.336 INFO: JdwpDebugServer: handling req: ReferenceType(2).FieldsWithGeneric(14)
10:13:39.337 INFO: JdwpDebugServer: handling req: ClassType(3).Superclass(1)
10:13:39.337 INFO: JdwpDebugServer: handling req: ReferenceType(2).Interfaces(10)
10:13:39.337 INFO: JdwpDebugServer: handling req: ClassType(3).Superclass(1)
10:13:39.337 INFO: JdwpDebugServer: handling req: ReferenceType(2).GetValues(6)
10:13:39.337 INFO: JdwpDebugServer: handling req: ClassType(3).Superclass(1)
10:13:39.337 INFO: JdwpDebugServer: handling req: ClassType(3).Superclass(1)
10:13:39.337 INFO: JdwpDebugServer: handling req: ReferenceType(2).Interfaces(10)
10:13:39.337 INFO: JdwpDebugServer: handling req: ReferenceType(2).FieldsWithGeneric(14)
10:13:39.338 INFO: JdwpDebugServer: handling req: ReferenceType(2).Interfaces(10)
10:13:39.338 INFO: JdwpDebugServer: handling req: ReferenceType(2).Interfaces(10)
10:13:39.338 INFO: JdwpDebugServer: handling req: ReferenceType(2).Interfaces(10)
10:13:39.338 INFO: JdwpDebugServer: handling req: ReferenceType(2).Interfaces(10)
10:13:39.338 INFO: JdwpDebugServer: handling req: ReferenceType(2).FieldsWithGeneric(14)
10:13:39.338 INFO: JdwpDebugServer: handling req: ReferenceType(2).Interfaces(10)
10:13:39.338 INFO: JdwpDebugServer: handling req: ReferenceType(2).Interfaces(10)
10:13:39.339 INFO: JdwpDebugServer: handling req: ReferenceType(2).FieldsWithGeneric(14)
10:13:39.341 INFO: JdwpDebugServer: handling req: ReferenceType(2).MethodsWithGeneric(15)
10:13:39.346 INFO: JdwpDebugServer: handling req: ReferenceType(2).MethodsWithGeneric(15)
10:13:39.346 INFO: JdwpDebugServer: handling req: ReferenceType(2).MethodsWithGeneric(15)
10:13:39.348 INFO: JdwpDebugServer: handling req: ReferenceType(2).MethodsWithGeneric(15)
10:13:39.350 INFO: JdwpDebugServer: handling req: ReferenceType(2).MethodsWithGeneric(15)
10:13:39.353 INFO: JdwpDebugServer: handling req: ClassType(3).Superclass(1)
10:13:39.354 INFO: JdwpDebugServer: handling req: ReferenceType(2).ClassLoader(2)
10:13:39.355 INFO: JdwpDebugServer: handling req: ObjectReference(9).InvokeMethod(6)
10:13:39.362 INFO: JdwpDebugServer: handling req: ReferenceType(2).GetValues(6)
10:13:39.362 INFO: JdwpDebugServer: handling req: ClassType(3).Superclass(1)
10:13:39.362 INFO: JdwpDebugServer: handling req: ThreadReference(11).Frames(6)
10:13:39.364 INFO: JdwpDebugServer: handling req: ReferenceType(2).GetValues(6)
10:13:39.364 INFO: JdwpDebugServer: handling req: ReferenceType(2).GetValues(6)
10:13:39.365 INFO: JdwpDebugServer: handling req: ClassType(3).Superclass(1)
10:13:39.365 INFO: JdwpDebugServer: handling req: ReferenceType(2).GetValues(6)
10:13:39.366 INFO: JdwpDebugServer: handling req: StringReference(10).Value(1)
10:13:39.371 INFO: JdwpDebugServer: handling req: ObjectReference(9).GetValues(2)
10:13:39.371 INFO: JdwpDebugServer: handling req: ObjectReference(9).GetValues(2)
10:13:39.372 INFO: JdwpDebugServer: handling req: ObjectReference(9).GetValues(2)
10:13:39.374 INFO: JdwpDebugServer: handling req: ObjectReference(9).GetValues(2)
10:13:39.374 INFO: JdwpDebugServer: handling req: ObjectReference(9).GetValues(2)
10:13:39.387 INFO: JdwpDebugServer: handling req: ThreadReference(11).Name(1)
10:13:39.387 INFO: JdwpDebugServer: handling req: ReferenceType(2).GetValues(6)
10:13:39.388 INFO: JdwpDebugServer: handling req: ClassType(3).Superclass(1)
10:13:39.390 INFO: JdwpDebugServer: handling req: ObjectReference(9).GetValues(2)
10:13:39.390 INFO: JdwpDebugServer: handling req: ObjectReference(9).GetValues(2)
10:13:39.390 INFO: JdwpDebugServer: handling req: ObjectReference(9).GetValues(2)
10:13:39.390 INFO: JdwpDebugServer: handling req: ObjectReference(9).GetValues(2)
10:13:39.391 INFO: JdwpDebugServer: handling req: ObjectReference(9).ReferenceType(1)
10:13:39.391 INFO: JdwpDebugServer: handling req: ObjectReference(9).GetValues(2)
10:13:39.391 INFO: JdwpDebugServer: handling req: ReferenceType(2).FieldsWithGeneric(14)
10:13:39.391 INFO: JdwpDebugServer: handling req: ObjectReference(9).GetValues(2)
10:13:39.391 INFO: JdwpDebugServer: handling req: ReferenceType(2).Interfaces(10)
10:13:39.391 INFO: JdwpDebugServer: handling req: ObjectReference(9).GetValues(2)
10:13:39.391 INFO: JdwpDebugServer: handling req: ClassType(3).Superclass(1)
10:13:39.392 INFO: JdwpDebugServer: handling req: ReferenceType(2).FieldsWithGeneric(14)
10:13:39.392 INFO: JdwpDebugServer: handling req: ObjectReference(9).GetValues(2)
10:13:39.392 INFO: JdwpDebugServer: handling req: ReferenceType(2).Interfaces(10)
10:13:39.392 INFO: JdwpDebugServer: handling req: ClassType(3).Superclass(1)
10:13:39.392 INFO: JdwpDebugServer: handling req: ClassType(3).Superclass(1)
10:13:39.392 INFO: JdwpDebugServer: handling req: ClassType(3).Superclass(1)
10:13:39.393 INFO: JdwpDebugServer: handling req: ObjectReference(9).GetValues(2)
10:13:39.394 INFO: JdwpDebugServer: handling req: ObjectReference(9).GetValues(2)
10:13:39.394 INFO: JdwpDebugServer: handling req: ObjectReference(9).GetValues(2)
10:13:39.394 INFO: JdwpDebugServer: handling req: ObjectReference(9).GetValues(2)
10:13:39.394 INFO: JdwpDebugServer: handling req: ObjectReference(9).ReferenceType(1)
10:13:39.394 INFO: JdwpDebugServer: handling req: ReferenceType(2).FieldsWithGeneric(14)
10:13:39.395 INFO: JdwpDebugServer: handling req: ObjectReference(9).GetValues(2)
10:13:39.395 INFO: JdwpDebugServer: handling req: ReferenceType(2).Interfaces(10)
10:13:39.395 INFO: JdwpDebugServer: handling req: ClassType(3).Superclass(1)
10:13:39.395 INFO: JdwpDebugServer: handling req: ClassType(3).Superclass(1)
10:13:39.395 INFO: JdwpDebugServer: handling req: ReferenceType(2).Interfaces(10)
10:13:39.396 INFO: JdwpDebugServer: handling req: ObjectReference(9).GetValues(2)
10:13:39.397 INFO: JdwpDebugServer: handling req: ObjectReference(9).GetValues(2)
10:13:39.397 INFO: JdwpDebugServer: handling req: ObjectReference(9).GetValues(2)
10:13:39.398 INFO: JdwpDebugServer: handling req: ObjectReference(9).GetValues(2)
10:13:39.398 INFO: JdwpDebugServer: handling req: ObjectReference(9).GetValues(2)
10:13:39.398 INFO: JdwpDebugServer: handling req: ObjectReference(9).GetValues(2)
10:13:39.398 INFO: JdwpDebugServer: handling req: ObjectReference(9).GetValues(2)
10:13:39.399 INFO: JdwpDebugServer: handling req: ObjectReference(9).ReferenceType(1)
10:13:39.399 INFO: JdwpDebugServer: handling req: ObjectReference(9).GetValues(2)
10:13:39.399 INFO: JdwpDebugServer: handling req: ReferenceType(2).FieldsWithGeneric(14)
10:13:39.399 INFO: JdwpDebugServer: handling req: ObjectReference(9).GetValues(2)
10:13:39.399 INFO: JdwpDebugServer: handling req: ReferenceType(2).Interfaces(10)
10:13:39.399 INFO: JdwpDebugServer: handling req: ObjectReference(9).GetValues(2)
10:13:39.400 INFO: JdwpDebugServer: handling req: ObjectReference(9).GetValues(2)
10:13:39.400 INFO: JdwpDebugServer: handling req: ObjectReference(9).GetValues(2)
10:13:39.400 INFO: JdwpDebugServer: handling req: ReferenceType(2).FieldsWithGeneric(14)
10:13:39.401 INFO: JdwpDebugServer: handling req: ObjectReference(9).GetValues(2)
10:13:39.401 INFO: JdwpDebugServer: handling req: ReferenceType(2).Interfaces(10)
10:13:39.401 INFO: JdwpDebugServer: handling req: ObjectReference(9).GetValues(2)
10:13:39.401 INFO: JdwpDebugServer: handling req: ClassType(3).Superclass(1)
10:13:39.401 INFO: JdwpDebugServer: handling req: ObjectReference(9).GetValues(2)
10:13:39.402 INFO: JdwpDebugServer: handling req: ClassType(3).Superclass(1)
10:13:39.402 INFO: JdwpDebugServer: handling req: ObjectReference(9).GetValues(2)
10:13:39.402 INFO: JdwpDebugServer: handling req: ObjectReference(9).GetValues(2)
10:13:46.817 INFO: JdwpDebugServer: handling req: VirtualMachine(1).ClassesBySignature(2)
10:13:46.818 INFO: JdwpDebugServer: handling req: ReferenceType(2).FieldsWithGeneric(14)
10:13:46.819 INFO: JdwpDebugServer: handling req: ReferenceType(2).Interfaces(10)
10:13:46.819 INFO: JdwpDebugServer: handling req: ClassType(3).Superclass(1)
10:13:46.869 INFO: JdwpDebugServer: handling req: ReferenceType(2).GetValues(6)
10:13:46.873 INFO: JdwpDebugServer: handling req: ReferenceType(2).GetValues(6)
10:13:46.873 INFO: JdwpDebugServer: handling req: ReferenceType(2).GetValues(6)
10:13:46.874 INFO: JdwpDebugServer: handling req: ReferenceType(2).GetValues(6)
10:13:46.883 INFO: JdwpDebugServer: handling req: ReferenceType(2).GetValues(6)
10:13:46.883 INFO: JdwpDebugServer: handling req: ReferenceType(2).GetValues(6)
10:13:56.505 INFO: JdwpDebugServer: handling req: VirtualMachine(1).ClassesBySignature(2)
10:13:56.558 INFO: JdwpDebugServer: handling req: ReferenceType(2).GetValues(6)
10:13:56.563 INFO: JdwpDebugServer: handling req: ReferenceType(2).GetValues(6)
10:13:56.563 INFO: JdwpDebugServer: handling req: ReferenceType(2).GetValues(6)
10:13:56.563 INFO: JdwpDebugServer: handling req: ReferenceType(2).GetValues(6)
10:13:56.566 INFO: JdwpDebugServer: handling req: ReferenceType(2).GetValues(6)
10:13:56.566 INFO: JdwpDebugServer: handling req: ReferenceType(2).GetValues(6)
10:13:58.935 INFO: JdwpDebugServer: handling req: VirtualMachine(1).Exit(10)
10:13:58.935 SEVERE: Debugger: Thread JDWP server socket thread crashed
org.robovm.debugger.DebuggerException: Terminating due exit command
	at org.robovm.debugger.jdwp.JdwpDebugServer.doSocketWork(JdwpDebugServer.java:211)
	at java.base/java.lang.Thread.run(Thread.java:833)
	at org.robovm.debugger.utils.DebuggerThread.run(DebuggerThread.java:42)
10:13:58.965 SEVERE: Debugger: Thread HooksChannel socket thread crashed
org.robovm.debugger.DebuggerException: java.nio.BufferUnderflowException
	at org.robovm.debugger.hooks.HooksChannel.doSocketWork(HooksChannel.java:149)
	at java.base/java.lang.Thread.run(Thread.java:833)
	at org.robovm.debugger.utils.DebuggerThread.run(DebuggerThread.java:42)
Caused by: java.nio.BufferUnderflowException
	at org.robovm.debugger.utils.bytebuffer.DataBufferWriter.writeFromStream(DataBufferWriter.java:91)
	at org.robovm.debugger.hooks.HooksChannel.doSocketWork(HooksChannel.java:116)
	... 2 more
