07:30:45.380 INFO: JdwpEventCenterDelegate: THREAD_STARTED: thread (33, main, main)
07:30:45.442 INFO: JdwpEventCenterDelegate: THREAD_STARTED: thread (48, ReferenceQueueDaemon, main)
07:30:45.443 INFO: JdwpEventCenterDelegate: THREAD_STARTED: thread (63, FinalizerDaemon, main)
07:30:45.443 INFO: JdwpEventCenterDelegate: THREAD_STARTED: thread (78, FinalizerWatchdogDaemon, main)
07:30:47.111 INFO: JdwpDebugServer: handling req: VirtualMachine(1).IDSizes(7)
07:30:47.114 INFO: JdwpDebugServer: handling req: EventRequest(15).Set(1)
07:30:47.114 INFO: JdwpEventCenterDelegate: jdwpSetEventRequest: JdwpEventRequest{requestId=100, eventKind=CLASS_UNLOAD, suspendPolicy=NONE, predicates=[]}
07:30:47.115 INFO: JdwpDebugServer: handling req: EventRequest(15).Set(1)
07:30:47.115 INFO: JdwpEventCenterDelegate: jdwpSetEventRequest: JdwpEventRequest{requestId=101, eventKind=THREAD_START, suspendPolicy=NONE, predicates=[]}
07:30:47.115 INFO: JdwpDebugServer: handling req: VirtualMachine(1).ClassesBySignature(2)
07:30:47.117 INFO: JdwpDebugServer: handling req: VirtualMachine(1).Version(1)
07:30:47.118 INFO: JdwpDebugServer: handling req: ReferenceType(2).MethodsWithGeneric(15)
07:30:47.121 INFO: JdwpDebugServer: handling req: Method(6).LineTable(1)
07:30:47.122 INFO: JdwpDebugServer: handling req: EventRequest(15).Set(1)
07:30:47.123 INFO: JdwpEventCenterDelegate: jdwpSetEventRequest: JdwpEventRequest{requestId=102, eventKind=BREAKPOINT, suspendPolicy=NONE, predicates=[Location{classId=845, methodId=257, index=928} ]}
07:30:47.124 INFO: JdwpDebugServer: handling req: EventRequest(15).Set(1)
07:30:47.124 INFO: JdwpEventCenterDelegate: jdwpSetEventRequest: JdwpEventRequest{requestId=103, eventKind=THREAD_DEATH, suspendPolicy=NONE, predicates=[]}
07:30:47.124 INFO: JdwpDebugServer: handling req: VirtualMachine(1).AllThreads(4)
07:30:47.125 INFO: JdwpDebugServer: handling req: ThreadReference(11).ThreadGroup(5)
07:30:47.125 INFO: JdwpDebugServer: handling req: ThreadGroup(12).Name(1)
07:30:47.125 INFO: JdwpDebugServer: handling req: ThreadGroup(12).Parent(2)
07:30:47.125 INFO: JdwpDebugServer: handling req: ObjectReference(9).ReferenceType(1)
07:30:47.130 INFO: JdwpDebugServer: handling req: ReferenceType(2).FieldsWithGeneric(14)
07:30:47.131 INFO: JdwpDebugServer: handling req: ReferenceType(2).Interfaces(10)
07:30:47.131 INFO: JdwpDebugServer: handling req: ReferenceType(2).FieldsWithGeneric(14)
07:30:47.131 INFO: JdwpDebugServer: handling req: ReferenceType(2).Interfaces(10)
07:30:47.131 INFO: JdwpDebugServer: handling req: ClassType(3).Superclass(1)
07:30:47.132 INFO: JdwpDebugServer: handling req: ReferenceType(2).FieldsWithGeneric(14)
07:30:47.137 INFO: JdwpDebugServer: handling req: ReferenceType(2).Interfaces(10)
07:30:47.137 INFO: JdwpDebugServer: handling req: ClassType(3).Superclass(1)
07:30:47.137 INFO: JdwpDebugServer: handling req: ObjectReference(9).GetValues(2)
07:30:47.138 INFO: JdwpDebugServer: handling req: ThreadReference(11).Status(4)
07:30:47.138 INFO: JdwpDebugServer: handling req: ThreadReference(11).Status(4)
07:30:47.139 INFO: JdwpDebugServer: handling req: ThreadReference(11).ThreadGroup(5)
07:30:47.139 INFO: JdwpDebugServer: handling req: ObjectReference(9).ReferenceType(1)
07:30:47.139 INFO: JdwpDebugServer: handling req: ObjectReference(9).GetValues(2)
07:30:47.140 INFO: JdwpDebugServer: handling req: ThreadReference(11).Status(4)
07:30:47.140 INFO: JdwpDebugServer: handling req: ThreadReference(11).Status(4)
07:30:47.140 INFO: JdwpDebugServer: handling req: ThreadReference(11).ThreadGroup(5)
07:30:47.140 INFO: JdwpDebugServer: handling req: ObjectReference(9).ReferenceType(1)
07:30:47.141 INFO: JdwpDebugServer: handling req: ObjectReference(9).GetValues(2)
07:30:47.141 INFO: JdwpDebugServer: handling req: ThreadReference(11).Status(4)
07:30:47.141 INFO: JdwpDebugServer: handling req: ThreadReference(11).Status(4)
07:30:47.141 INFO: JdwpDebugServer: handling req: ThreadReference(11).ThreadGroup(5)
07:30:47.142 INFO: JdwpDebugServer: handling req: ObjectReference(9).ReferenceType(1)
07:30:47.142 INFO: JdwpDebugServer: handling req: ObjectReference(9).GetValues(2)
07:30:47.142 INFO: JdwpDebugServer: handling req: ThreadReference(11).Status(4)
07:30:47.142 INFO: JdwpDebugServer: handling req: ThreadReference(11).Status(4)
07:30:47.144 INFO: JdwpDebugServer: handling req: EventRequest(15).Set(1)
07:30:47.144 INFO: JdwpEventCenterDelegate: jdwpSetEventRequest: JdwpEventRequest{requestId=104, eventKind=CLASS_PREPARE, suspendPolicy=EVENT_THREAD, predicates=[className=java.lang.Throwable]}
07:30:47.149 INFO: JdwpDebugServer: handling req: EventRequest(15).Set(1)
07:30:47.149 INFO: JdwpEventCenterDelegate: jdwpSetEventRequest: JdwpEventRequest{requestId=105, eventKind=CLASS_PREPARE, suspendPolicy=EVENT_THREAD, predicates=[className=java.lang.Throwable$*]}
07:30:47.152 INFO: JdwpDebugServer: handling req: VirtualMachine(1).ClassesBySignature(2)
07:30:47.152 INFO: JdwpDebugServer: handling req: ReferenceType(2).MethodsWithGeneric(15)
07:30:47.154 INFO: JdwpDebugServer: handling req: Method(6).LineTable(1)
07:30:47.155 INFO: JdwpDebugServer: handling req: Method(6).LineTable(1)
07:30:47.155 INFO: JdwpDebugServer: handling req: Method(6).LineTable(1)
07:30:47.155 INFO: JdwpDebugServer: handling req: Method(6).LineTable(1)
07:30:47.155 INFO: JdwpDebugServer: handling req: Method(6).LineTable(1)
07:30:47.155 INFO: JdwpDebugServer: handling req: Method(6).LineTable(1)
07:30:47.156 INFO: JdwpDebugServer: handling req: Method(6).LineTable(1)
07:30:47.156 INFO: JdwpDebugServer: handling req: Method(6).LineTable(1)
07:30:47.156 INFO: JdwpDebugServer: handling req: Method(6).LineTable(1)
07:30:47.156 INFO: JdwpDebugServer: handling req: Method(6).LineTable(1)
07:30:47.156 INFO: JdwpDebugServer: handling req: Method(6).LineTable(1)
07:30:47.156 INFO: JdwpDebugServer: handling req: Method(6).LineTable(1)
07:30:47.157 INFO: JdwpDebugServer: handling req: Method(6).LineTable(1)
07:30:47.157 INFO: JdwpDebugServer: handling req: Method(6).LineTable(1)
07:30:47.157 INFO: JdwpDebugServer: handling req: Method(6).LineTable(1)
07:30:47.157 INFO: JdwpDebugServer: handling req: Method(6).LineTable(1)
07:30:47.157 INFO: JdwpDebugServer: handling req: Method(6).LineTable(1)
07:30:47.157 INFO: JdwpDebugServer: handling req: Method(6).LineTable(1)
07:30:47.157 INFO: JdwpDebugServer: handling req: Method(6).LineTable(1)
07:30:47.158 INFO: JdwpDebugServer: handling req: Method(6).LineTable(1)
07:30:47.158 INFO: JdwpDebugServer: handling req: Method(6).LineTable(1)
07:30:47.158 INFO: JdwpDebugServer: handling req: Method(6).LineTable(1)
07:30:47.158 INFO: JdwpDebugServer: handling req: Method(6).LineTable(1)
07:30:47.158 INFO: JdwpDebugServer: handling req: Method(6).LineTable(1)
07:30:47.158 INFO: JdwpDebugServer: handling req: VirtualMachine(1).ClassesBySignature(2)
07:30:47.159 INFO: JdwpDebugServer: handling req: VirtualMachine(1).AllClassesWithGeneric(20)
07:30:47.172 INFO: JdwpDebugServer: handling req: EventRequest(15).Set(1)
07:30:47.172 INFO: JdwpEventCenterDelegate: jdwpSetEventRequest: JdwpEventRequest{requestId=106, eventKind=CLASS_PREPARE, suspendPolicy=EVENT_THREAD, predicates=[className=com.badlogic.gdx.utils.ScreenUtils]}
07:30:47.174 INFO: JdwpDebugServer: handling req: EventRequest(15).Set(1)
07:30:47.174 INFO: JdwpEventCenterDelegate: jdwpSetEventRequest: JdwpEventRequest{requestId=107, eventKind=CLASS_PREPARE, suspendPolicy=EVENT_THREAD, predicates=[className=com.badlogic.gdx.utils.ScreenUtils$*]}
07:30:47.175 INFO: JdwpDebugServer: handling req: VirtualMachine(1).ClassesBySignature(2)
07:30:47.175 INFO: JdwpDebugServer: handling req: ReferenceType(2).MethodsWithGeneric(15)
07:30:47.175 INFO: JdwpDebugServer: handling req: Method(6).LineTable(1)
07:30:47.175 INFO: JdwpDebugServer: handling req: Method(6).LineTable(1)
07:30:47.176 INFO: JdwpDebugServer: handling req: Method(6).LineTable(1)
07:30:47.176 INFO: JdwpDebugServer: handling req: Method(6).LineTable(1)
07:30:47.176 INFO: JdwpDebugServer: handling req: Method(6).LineTable(1)
07:30:47.176 INFO: JdwpDebugServer: handling req: Method(6).LineTable(1)
07:30:47.176 INFO: JdwpDebugServer: handling req: Method(6).LineTable(1)
07:30:47.176 INFO: JdwpDebugServer: handling req: Method(6).LineTable(1)
07:30:47.177 INFO: JdwpDebugServer: handling req: Method(6).LineTable(1)
07:30:47.177 INFO: JdwpDebugServer: handling req: Method(6).LineTable(1)
07:30:47.177 INFO: JdwpDebugServer: handling req: EventRequest(15).Set(1)
07:30:47.177 INFO: JdwpEventCenterDelegate: jdwpSetEventRequest: JdwpEventRequest{requestId=108, eventKind=BREAKPOINT, suspendPolicy=EVENT_THREAD, predicates=[Location{classId=22240, methodId=1272, index=89} ]}
07:30:47.180 INFO: JdwpDebugServer: handling req: EventRequest(15).Set(1)
07:30:47.180 INFO: JdwpEventCenterDelegate: jdwpSetEventRequest: JdwpEventRequest{requestId=109, eventKind=CLASS_PREPARE, suspendPolicy=EVENT_THREAD, predicates=[className=com.badlogic.gdx.utils.ScreenUtils]}
07:30:47.180 INFO: JdwpDebugServer: handling req: EventRequest(15).Set(1)
07:30:47.180 INFO: JdwpEventCenterDelegate: jdwpSetEventRequest: JdwpEventRequest{requestId=110, eventKind=CLASS_PREPARE, suspendPolicy=EVENT_THREAD, predicates=[className=com.badlogic.gdx.utils.ScreenUtils$*]}
07:30:47.181 INFO: JdwpDebugServer: handling req: VirtualMachine(1).ClassesBySignature(2)
07:30:47.181 INFO: JdwpDebugServer: handling req: EventRequest(15).Set(1)
07:30:47.181 INFO: JdwpEventCenterDelegate: jdwpSetEventRequest: JdwpEventRequest{requestId=111, eventKind=BREAKPOINT, suspendPolicy=EVENT_THREAD, predicates=[Location{classId=22240, methodId=1267, index=72} ]}
07:30:47.182 INFO: JdwpDebugServer: handling req: VirtualMachine(1).capabilitiesNew(17)
07:30:47.184 INFO: JdwpDebugServer: handling req: EventRequest(15).Set(1)
07:30:47.184 INFO: JdwpEventCenterDelegate: jdwpSetEventRequest: JdwpEventRequest{requestId=112, eventKind=CLASS_PREPARE, suspendPolicy=EVENT_THREAD, predicates=[className=java.lang.Error]}
07:30:47.185 INFO: JdwpDebugServer: handling req: EventRequest(15).Set(1)
07:30:47.185 INFO: JdwpEventCenterDelegate: jdwpSetEventRequest: JdwpEventRequest{requestId=113, eventKind=CLASS_PREPARE, suspendPolicy=EVENT_THREAD, predicates=[className=java.lang.Error$*]}
07:30:47.186 INFO: JdwpDebugServer: handling req: VirtualMachine(1).ClassesBySignature(2)
07:30:47.186 INFO: JdwpDebugServer: handling req: EventRequest(15).Set(1)
07:30:47.186 INFO: JdwpEventCenterDelegate: jdwpSetEventRequest: JdwpEventRequest{requestId=114, eventKind=EXCEPTION, suspendPolicy=EVENT_THREAD, predicates=[exceptionType=3425(caught=true, uncaught=true)]}
07:30:47.198 INFO: JdwpDebugServer: handling req: EventRequest(15).Set(1)
07:30:47.198 INFO: JdwpEventCenterDelegate: jdwpSetEventRequest: JdwpEventRequest{requestId=115, eventKind=CLASS_PREPARE, suspendPolicy=EVENT_THREAD, predicates=[className=java.lang.Throwable]}
07:30:47.199 INFO: JdwpDebugServer: handling req: EventRequest(15).Set(1)
07:30:47.199 INFO: JdwpEventCenterDelegate: jdwpSetEventRequest: JdwpEventRequest{requestId=116, eventKind=CLASS_PREPARE, suspendPolicy=EVENT_THREAD, predicates=[className=java.lang.Throwable$*]}
07:30:47.200 INFO: JdwpDebugServer: handling req: VirtualMachine(1).ClassesBySignature(2)
07:30:47.200 INFO: JdwpDebugServer: handling req: EventRequest(15).Set(1)
07:30:47.200 INFO: JdwpEventCenterDelegate: jdwpSetEventRequest: JdwpEventRequest{requestId=117, eventKind=EXCEPTION, suspendPolicy=EVENT_THREAD, predicates=[exceptionType=7695(caught=false, uncaught=true)]}
07:30:47.201 INFO: JdwpDebugServer: handling req: ThreadReference(11).SuspendCount(12)
07:30:47.202 INFO: JdwpDebugServer: handling req: ThreadReference(11).SuspendCount(12)
07:30:47.202 INFO: JdwpDebugServer: handling req: ThreadReference(11).SuspendCount(12)
07:30:47.202 INFO: JdwpDebugServer: handling req: ThreadReference(11).SuspendCount(12)
07:30:47.202 INFO: JdwpDebugServer: handling req: VirtualMachine(1).AllThreads(4)
07:30:47.203 INFO: JdwpDebugServer: handling req: VirtualMachine(1).Resume(9)
07:30:47.277 INFO: JdwpEventCenterDelegate: THREAD_RESUMED: thread (33, main, main)
07:30:47.277 INFO: JdwpEventCenterDelegate: THREAD_RESUMED: thread (33, main, main)
07:30:47.278 INFO: JdwpEventCenterDelegate: THREAD_RESUMED: thread (33, main, main)
07:30:47.278 INFO: JdwpEventCenterDelegate: THREAD_RESUMED: thread (33, main, main)
07:30:47.279 INFO: JdwpEventCenterDelegate: THREAD_RESUMED: thread (33, main, main)
07:30:47.279 INFO: JdwpEventCenterDelegate: THREAD_RESUMED: thread (33, main, main)
07:30:47.280 INFO: JdwpEventCenterDelegate: THREAD_RESUMED: thread (33, main, main)
07:30:47.282 INFO: JdwpEventCenterDelegate: THREAD_RESUMED: thread (33, main, main)
07:30:47.283 INFO: JdwpEventCenterDelegate: THREAD_RESUMED: thread (33, main, main)
07:30:47.283 INFO: JdwpEventCenterDelegate: THREAD_RESUMED: thread (33, main, main)
07:30:47.284 INFO: JdwpEventCenterDelegate: THREAD_RESUMED: thread (33, main, main)
07:30:47.292 INFO: JdwpEventCenterDelegate: THREAD_RESUMED: thread (33, main, main)
07:30:47.293 INFO: JdwpEventCenterDelegate: THREAD_RESUMED: thread (33, main, main)
07:30:47.293 INFO: JdwpEventCenterDelegate: THREAD_RESUMED: thread (33, main, main)
07:30:47.352 INFO: JdwpEventCenterDelegate: THREAD_RESUMED: thread (33, main, main)
07:30:47.353 INFO: JdwpEventCenterDelegate: THREAD_RESUMED: thread (33, main, main)
07:30:47.354 INFO: JdwpEventCenterDelegate: THREAD_RESUMED: thread (33, main, main)
07:30:47.361 INFO: JdwpEventCenterDelegate: THREAD_RESUMED: thread (33, main, main)
07:30:47.362 INFO: JdwpEventCenterDelegate: THREAD_RESUMED: thread (33, main, main)
07:30:47.363 INFO: JdwpEventCenterDelegate: THREAD_RESUMED: thread (33, main, main)
07:30:47.641 INFO: JdwpEventCenterDelegate: THREAD_RESUMED: thread (33, main, main)
07:30:47.642 INFO: JdwpEventCenterDelegate: THREAD_RESUMED: thread (33, main, main)
07:30:47.642 INFO: JdwpEventCenterDelegate: THREAD_RESUMED: thread (33, main, main)
07:30:47.702 INFO: JdwpEventCenterDelegate: THREAD_RESUMED: thread (33, main, main)
07:30:47.703 INFO: JdwpEventCenterDelegate: THREAD_RESUMED: thread (33, main, main)
07:30:47.703 INFO: JdwpEventCenterDelegate: THREAD_RESUMED: thread (33, main, main)
07:30:47.734 INFO: JdwpEventCenterDelegate: THREAD_RESUMED: thread (33, main, main)
07:30:47.735 INFO: JdwpEventCenterDelegate: THREAD_RESUMED: thread (33, main, main)
07:30:47.735 INFO: JdwpEventCenterDelegate: THREAD_RESUMED: thread (33, main, main)
07:30:47.746 INFO: JdwpDebugServer: handling req: ThreadReference(11).Name(1)
07:30:47.748 INFO: JdwpDebugServer: handling req: ThreadReference(11).Name(1)
07:30:47.748 INFO: JdwpDebugServer: handling req: ThreadReference(11).Name(1)
07:30:47.748 INFO: JdwpDebugServer: handling req: ThreadReference(11).Name(1)
07:30:47.761 INFO: JdwpEventCenterDelegate: THREAD_RESUMED: thread (33, main, main)
07:30:47.762 INFO: JdwpEventCenterDelegate: THREAD_RESUMED: thread (33, main, main)
07:30:47.763 INFO: JdwpEventCenterDelegate: THREAD_RESUMED: thread (33, main, main)
07:30:47.764 INFO: JdwpEventCenterDelegate: THREAD_RESUMED: thread (33, main, main)
07:30:47.770 INFO: JdwpEventCenterDelegate: THREAD_RESUMED: thread (33, main, main)
07:30:47.771 INFO: JdwpEventCenterDelegate: THREAD_RESUMED: thread (33, main, main)
07:30:48.288 INFO: JdwpEventCenterDelegate: THREAD_RESUMED: thread (33, main, main)
07:30:48.290 INFO: JdwpEventCenterDelegate: THREAD_RESUMED: thread (33, main, main)
07:30:48.309 INFO: JdwpEventCenterDelegate: THREAD_RESUMED: thread (33, main, main)
07:30:48.310 INFO: JdwpEventCenterDelegate: THREAD_RESUMED: thread (33, main, main)
07:30:48.310 INFO: JdwpEventCenterDelegate: THREAD_RESUMED: thread (33, main, main)
07:30:48.311 INFO: JdwpEventCenterDelegate: THREAD_RESUMED: thread (33, main, main)
07:30:48.386 INFO: JdwpEventCenterDelegate: THREAD_RESUMED: thread (33, main, main)
07:30:48.804 INFO: JdwpEventCenterDelegate: THREAD_RESUMED: thread (33, main, main)
07:30:48.807 INFO: JdwpEventCenterDelegate: THREAD_RESUMED: thread (33, main, main)
07:30:48.808 INFO: JdwpEventCenterDelegate: THREAD_RESUMED: thread (33, main, main)
07:30:48.809 INFO: JdwpEventCenterDelegate: THREAD_RESUMED: thread (33, main, main)
07:30:48.811 INFO: JdwpEventCenterDelegate: THREAD_RESUMED: thread (33, main, main)
07:30:48.812 INFO: JdwpEventCenterDelegate: THREAD_RESUMED: thread (33, main, main)
07:30:48.814 INFO: JdwpEventCenterDelegate: THREAD_RESUMED: thread (33, main, main)
07:30:48.833 INFO: JdwpEventCenterDelegate: THREAD_RESUMED: thread (33, main, main)
07:30:48.853 INFO: JdwpEventCenterDelegate: THREAD_RESUMED: thread (33, main, main)
07:30:48.861 INFO: JdwpEventCenterDelegate: THREAD_RESUMED: thread (33, main, main)
07:30:48.871 INFO: JdwpEventCenterDelegate: THREAD_RESUMED: thread (33, main, main)
07:30:48.886 INFO: JdwpEventCenterDelegate: THREAD_RESUMED: thread (33, main, main)
07:30:48.905 INFO: JdwpEventCenterDelegate: THREAD_RESUMED: thread (33, main, main)
07:30:48.911 INFO: JdwpEventCenterDelegate: THREAD_RESUMED: thread (33, main, main)
07:30:48.917 INFO: JdwpEventCenterDelegate: THREAD_RESUMED: thread (33, main, main)
07:30:48.923 INFO: JdwpEventCenterDelegate: THREAD_RESUMED: thread (33, main, main)
07:30:48.932 INFO: JdwpEventCenterDelegate: THREAD_RESUMED: thread (33, main, main)
07:30:48.938 INFO: JdwpEventCenterDelegate: THREAD_RESUMED: thread (33, main, main)
07:30:48.946 INFO: JdwpEventCenterDelegate: THREAD_RESUMED: thread (33, main, main)
07:30:48.952 INFO: JdwpEventCenterDelegate: THREAD_RESUMED: thread (33, main, main)
07:30:48.957 INFO: JdwpEventCenterDelegate: THREAD_RESUMED: thread (33, main, main)
07:30:48.962 INFO: JdwpEventCenterDelegate: THREAD_RESUMED: thread (33, main, main)
07:30:48.967 INFO: JdwpEventCenterDelegate: THREAD_RESUMED: thread (33, main, main)
07:30:48.972 INFO: JdwpEventCenterDelegate: THREAD_RESUMED: thread (33, main, main)
07:30:48.980 INFO: JdwpEventCenterDelegate: THREAD_RESUMED: thread (33, main, main)
07:30:48.982 INFO: JdwpEventCenterDelegate: THREAD_RESUMED: thread (33, main, main)
07:30:48.984 INFO: JdwpEventCenterDelegate: THREAD_RESUMED: thread (33, main, main)
07:30:48.986 INFO: JdwpEventCenterDelegate: THREAD_RESUMED: thread (33, main, main)
07:30:48.987 INFO: JdwpEventCenterDelegate: THREAD_RESUMED: thread (33, main, main)
07:30:48.989 INFO: JdwpEventCenterDelegate: THREAD_RESUMED: thread (33, main, main)
07:30:48.991 INFO: JdwpEventCenterDelegate: THREAD_RESUMED: thread (33, main, main)
07:30:48.993 INFO: JdwpEventCenterDelegate: THREAD_RESUMED: thread (33, main, main)
07:30:48.994 INFO: JdwpEventCenterDelegate: THREAD_RESUMED: thread (33, main, main)
07:30:48.995 INFO: JdwpEventCenterDelegate: THREAD_RESUMED: thread (33, main, main)
07:30:48.997 INFO: JdwpEventCenterDelegate: THREAD_RESUMED: thread (33, main, main)
07:30:48.998 INFO: JdwpEventCenterDelegate: THREAD_RESUMED: thread (33, main, main)
07:30:48.999 INFO: JdwpEventCenterDelegate: THREAD_RESUMED: thread (33, main, main)
07:30:49.000 INFO: JdwpEventCenterDelegate: THREAD_RESUMED: thread (33, main, main)
07:30:49.011 INFO: JdwpEventCenterDelegate: THREAD_RESUMED: thread (33, main, main)
07:30:49.013 INFO: JdwpEventCenterDelegate: THREAD_RESUMED: thread (33, main, main)
07:30:49.014 INFO: JdwpEventCenterDelegate: THREAD_RESUMED: thread (33, main, main)
07:30:49.015 INFO: JdwpEventCenterDelegate: THREAD_RESUMED: thread (33, main, main)
07:30:49.016 INFO: JdwpEventCenterDelegate: THREAD_RESUMED: thread (33, main, main)
07:30:49.018 INFO: JdwpEventCenterDelegate: THREAD_RESUMED: thread (33, main, main)
07:30:49.018 INFO: JdwpEventCenterDelegate: THREAD_RESUMED: thread (33, main, main)
07:30:49.020 INFO: JdwpEventCenterDelegate: THREAD_RESUMED: thread (33, main, main)
07:30:49.021 INFO: JdwpEventCenterDelegate: THREAD_RESUMED: thread (33, main, main)
07:30:49.022 INFO: JdwpEventCenterDelegate: THREAD_RESUMED: thread (33, main, main)
07:30:49.023 INFO: JdwpEventCenterDelegate: THREAD_RESUMED: thread (33, main, main)
07:30:49.024 INFO: JdwpEventCenterDelegate: THREAD_RESUMED: thread (33, main, main)
07:30:49.025 INFO: JdwpEventCenterDelegate: THREAD_RESUMED: thread (33, main, main)
07:30:49.026 INFO: JdwpEventCenterDelegate: THREAD_RESUMED: thread (33, main, main)
07:30:49.030 INFO: JdwpEventCenterDelegate: THREAD_RESUMED: thread (33, main, main)
07:30:49.031 INFO: JdwpEventCenterDelegate: THREAD_RESUMED: thread (33, main, main)
07:30:49.032 INFO: JdwpEventCenterDelegate: THREAD_RESUMED: thread (33, main, main)
07:30:49.033 INFO: JdwpEventCenterDelegate: THREAD_RESUMED: thread (33, main, main)
07:30:49.034 INFO: JdwpEventCenterDelegate: THREAD_RESUMED: thread (33, main, main)
07:30:49.037 INFO: JdwpEventCenterDelegate: THREAD_RESUMED: thread (33, main, main)
07:30:49.038 INFO: JdwpEventCenterDelegate: THREAD_RESUMED: thread (33, main, main)
07:30:49.041 INFO: JdwpEventCenterDelegate: THREAD_RESUMED: thread (33, main, main)
07:30:49.042 INFO: JdwpEventCenterDelegate: THREAD_RESUMED: thread (33, main, main)
07:30:49.043 INFO: JdwpEventCenterDelegate: THREAD_RESUMED: thread (33, main, main)
07:30:49.044 INFO: JdwpEventCenterDelegate: THREAD_RESUMED: thread (33, main, main)
07:30:49.045 INFO: JdwpEventCenterDelegate: THREAD_RESUMED: thread (33, main, main)
07:30:49.046 INFO: JdwpEventCenterDelegate: THREAD_RESUMED: thread (33, main, main)
07:30:49.047 INFO: JdwpEventCenterDelegate: THREAD_RESUMED: thread (33, main, main)
07:30:49.048 INFO: JdwpEventCenterDelegate: THREAD_RESUMED: thread (33, main, main)
07:30:49.049 INFO: JdwpEventCenterDelegate: THREAD_RESUMED: thread (33, main, main)
07:30:49.050 INFO: JdwpEventCenterDelegate: THREAD_RESUMED: thread (33, main, main)
07:30:49.051 INFO: JdwpEventCenterDelegate: THREAD_RESUMED: thread (33, main, main)
07:30:49.051 INFO: JdwpEventCenterDelegate: THREAD_RESUMED: thread (33, main, main)
07:30:49.052 INFO: JdwpEventCenterDelegate: THREAD_RESUMED: thread (33, main, main)
07:30:49.053 INFO: JdwpEventCenterDelegate: THREAD_RESUMED: thread (33, main, main)
07:30:49.054 INFO: JdwpEventCenterDelegate: THREAD_RESUMED: thread (33, main, main)
07:30:49.055 INFO: JdwpEventCenterDelegate: THREAD_RESUMED: thread (33, main, main)
07:30:49.056 INFO: JdwpEventCenterDelegate: THREAD_RESUMED: thread (33, main, main)
07:30:49.057 INFO: JdwpEventCenterDelegate: THREAD_RESUMED: thread (33, main, main)
07:30:49.058 INFO: JdwpEventCenterDelegate: THREAD_RESUMED: thread (33, main, main)
07:30:49.363 INFO: JdwpEventCenterDelegate: THREAD_RESUMED: thread (33, main, main)
07:30:49.379 INFO: JdwpEventCenterDelegate: THREAD_RESUMED: thread (33, main, main)
07:30:49.382 INFO: JdwpEventCenterDelegate: THREAD_RESUMED: thread (33, main, main)
07:30:49.382 INFO: JdwpEventCenterDelegate: THREAD_RESUMED: thread (33, main, main)
07:30:49.564 INFO: JdwpEventCenterDelegate: THREAD_RESUMED: thread (33, main, main)
07:30:49.565 INFO: JdwpEventCenterDelegate: THREAD_RESUMED: thread (33, main, main)
07:30:49.605 INFO: JdwpEventCenterDelegate: THREAD_RESUMED: thread (33, main, main)
07:30:49.606 INFO: JdwpEventCenterDelegate: THREAD_RESUMED: thread (33, main, main)
07:30:49.631 INFO: JdwpEventCenterDelegate: THREAD_RESUMED: thread (33, main, main)
07:30:49.632 INFO: JdwpEventCenterDelegate: THREAD_RESUMED: thread (33, main, main)
07:30:49.636 INFO: JdwpEventCenterDelegate: THREAD_RESUMED: thread (33, main, main)
07:30:49.638 INFO: JdwpEventCenterDelegate: THREAD_RESUMED: thread (33, main, main)
07:30:49.638 INFO: JdwpEventCenterDelegate: THREAD_RESUMED: thread (33, main, main)
07:30:49.639 INFO: JdwpEventCenterDelegate: THREAD_RESUMED: thread (33, main, main)
07:30:49.656 INFO: JdwpEventCenterDelegate: THREAD_RESUMED: thread (33, main, main)
07:30:49.686 SEVERE: Debugger: Thread HooksChannel socket thread crashed
org.robovm.debugger.DebuggerException: java.nio.BufferUnderflowException
	at org.robovm.debugger.hooks.HooksChannel.doSocketWork(HooksChannel.java:149)
	at java.base/java.lang.Thread.run(Thread.java:833)
	at org.robovm.debugger.utils.DebuggerThread.run(DebuggerThread.java:42)
Caused by: java.nio.BufferUnderflowException
	at org.robovm.debugger.utils.bytebuffer.DataBufferWriter.writeFromStream(DataBufferWriter.java:91)
	at org.robovm.debugger.hooks.HooksChannel.doSocketWork(HooksChannel.java:116)
	... 2 more
07:30:50.201 SEVERE: Debugger: Thread JDWP server socket thread crashed
org.robovm.debugger.DebuggerException: java.net.SocketException: Socket closed
	at org.robovm.debugger.jdwp.JdwpDebugServer.doSocketWork(JdwpDebugServer.java:215)
	at java.base/java.lang.Thread.run(Thread.java:833)
	at org.robovm.debugger.utils.DebuggerThread.run(DebuggerThread.java:42)
Caused by: java.net.SocketException: Socket closed
	at java.base/sun.nio.ch.NioSocketImpl.endRead(NioSocketImpl.java:248)
	at java.base/sun.nio.ch.NioSocketImpl.implRead(NioSocketImpl.java:327)
	at java.base/sun.nio.ch.NioSocketImpl.read(NioSocketImpl.java:350)
	at java.base/sun.nio.ch.NioSocketImpl$1.read(NioSocketImpl.java:803)
	at java.base/java.net.Socket$SocketInputStream.read(Socket.java:966)
	at org.robovm.debugger.utils.bytebuffer.DataBufferWriter.writeFromStream(DataBufferWriter.java:89)
	at org.robovm.debugger.jdwp.protocol.JdwpRequestHeader.readFromStream(JdwpRequestHeader.java:36)
	at org.robovm.debugger.jdwp.JdwpDebugServer.doSocketWork(JdwpDebugServer.java:185)
	... 2 more
