13:10:03.855 INFO: JdwpEventCenterDelegate: THREAD_STARTED: thread (33, main, main)
13:10:03.927 INFO: JdwpEventCenterDelegate: THREAD_STARTED: thread (48, ReferenceQueueDaemon, main)
13:10:03.928 INFO: JdwpEventCenterDelegate: THREAD_STARTED: thread (63, FinalizerDaemon, main)
13:10:03.929 INFO: JdwpEventCenterDelegate: THREAD_STARTED: thread (78, FinalizerWatchdogDaemon, main)
13:10:05.426 INFO: JdwpDebugServer: handling req: VirtualMachine(1).IDSizes(7)
13:10:05.429 INFO: JdwpDebugServer: handling req: EventRequest(15).Set(1)
13:10:05.429 INFO: JdwpEventCenterDelegate: jdwpSetEventRequest: JdwpEventRequest{requestId=100, eventKind=CLASS_UNLOAD, suspendPolicy=NONE, predicates=[]}
13:10:05.429 INFO: JdwpDebugServer: handling req: EventRequest(15).Set(1)
13:10:05.429 INFO: JdwpEventCenterDelegate: jdwpSetEventRequest: JdwpEventRequest{requestId=101, eventKind=THREAD_START, suspendPolicy=NONE, predicates=[]}
13:10:05.431 INFO: JdwpDebugServer: handling req: VirtualMachine(1).ClassesBySignature(2)
13:10:05.434 INFO: JdwpDebugServer: handling req: VirtualMachine(1).Version(1)
13:10:05.436 INFO: JdwpDebugServer: handling req: ReferenceType(2).MethodsWithGeneric(15)
13:10:05.438 INFO: JdwpDebugServer: handling req: Method(6).LineTable(1)
13:10:05.440 INFO: JdwpDebugServer: handling req: EventRequest(15).Set(1)
13:10:05.440 INFO: JdwpEventCenterDelegate: jdwpSetEventRequest: JdwpEventRequest{requestId=102, eventKind=BREAKPOINT, suspendPolicy=NONE, predicates=[Location{classId=845, methodId=257, index=928} ]}
13:10:05.441 INFO: JdwpDebugServer: handling req: EventRequest(15).Set(1)
13:10:05.441 INFO: JdwpEventCenterDelegate: jdwpSetEventRequest: JdwpEventRequest{requestId=103, eventKind=THREAD_DEATH, suspendPolicy=NONE, predicates=[]}
13:10:05.441 INFO: JdwpDebugServer: handling req: VirtualMachine(1).AllThreads(4)
13:10:05.442 INFO: JdwpDebugServer: handling req: ThreadReference(11).ThreadGroup(5)
13:10:05.442 INFO: JdwpDebugServer: handling req: ThreadGroup(12).Name(1)
13:10:05.443 INFO: JdwpDebugServer: handling req: ThreadGroup(12).Parent(2)
13:10:05.443 INFO: JdwpDebugServer: handling req: ObjectReference(9).ReferenceType(1)
13:10:05.443 INFO: JdwpDebugServer: handling req: ReferenceType(2).FieldsWithGeneric(14)
13:10:05.444 INFO: JdwpDebugServer: handling req: ReferenceType(2).Interfaces(10)
13:10:05.445 INFO: JdwpDebugServer: handling req: ReferenceType(2).FieldsWithGeneric(14)
13:10:05.445 INFO: JdwpDebugServer: handling req: ReferenceType(2).Interfaces(10)
13:10:05.445 INFO: JdwpDebugServer: handling req: ClassType(3).Superclass(1)
13:10:05.445 INFO: JdwpDebugServer: handling req: ReferenceType(2).FieldsWithGeneric(14)
13:10:05.445 INFO: JdwpDebugServer: handling req: ReferenceType(2).Interfaces(10)
13:10:05.445 INFO: JdwpDebugServer: handling req: ClassType(3).Superclass(1)
13:10:05.446 INFO: JdwpDebugServer: handling req: ObjectReference(9).GetValues(2)
13:10:05.447 INFO: JdwpDebugServer: handling req: ThreadReference(11).Status(4)
13:10:05.447 INFO: JdwpDebugServer: handling req: ThreadReference(11).Status(4)
13:10:05.448 INFO: JdwpDebugServer: handling req: ThreadReference(11).ThreadGroup(5)
13:10:05.448 INFO: JdwpDebugServer: handling req: ObjectReference(9).ReferenceType(1)
13:10:05.448 INFO: JdwpDebugServer: handling req: ObjectReference(9).GetValues(2)
13:10:05.449 INFO: JdwpDebugServer: handling req: ThreadReference(11).Status(4)
13:10:05.449 INFO: JdwpDebugServer: handling req: ThreadReference(11).Status(4)
13:10:05.449 INFO: JdwpDebugServer: handling req: ThreadReference(11).ThreadGroup(5)
13:10:05.449 INFO: JdwpDebugServer: handling req: ObjectReference(9).ReferenceType(1)
13:10:05.449 INFO: JdwpDebugServer: handling req: ObjectReference(9).GetValues(2)
13:10:05.450 INFO: JdwpDebugServer: handling req: ThreadReference(11).Status(4)
13:10:05.450 INFO: JdwpDebugServer: handling req: ThreadReference(11).Status(4)
13:10:05.450 INFO: JdwpDebugServer: handling req: ThreadReference(11).ThreadGroup(5)
13:10:05.450 INFO: JdwpDebugServer: handling req: ObjectReference(9).ReferenceType(1)
13:10:05.450 INFO: JdwpDebugServer: handling req: ObjectReference(9).GetValues(2)
13:10:05.450 INFO: JdwpDebugServer: handling req: ThreadReference(11).Status(4)
13:10:05.451 INFO: JdwpDebugServer: handling req: ThreadReference(11).Status(4)
13:10:05.453 INFO: JdwpDebugServer: handling req: EventRequest(15).Set(1)
13:10:05.453 INFO: JdwpEventCenterDelegate: jdwpSetEventRequest: JdwpEventRequest{requestId=104, eventKind=CLASS_PREPARE, suspendPolicy=EVENT_THREAD, predicates=[className=java.lang.Throwable]}
13:10:05.459 INFO: JdwpDebugServer: handling req: EventRequest(15).Set(1)
13:10:05.459 INFO: JdwpEventCenterDelegate: jdwpSetEventRequest: JdwpEventRequest{requestId=105, eventKind=CLASS_PREPARE, suspendPolicy=EVENT_THREAD, predicates=[className=java.lang.Throwable$*]}
13:10:05.461 INFO: JdwpDebugServer: handling req: VirtualMachine(1).ClassesBySignature(2)
13:10:05.461 INFO: JdwpDebugServer: handling req: ReferenceType(2).MethodsWithGeneric(15)
13:10:05.462 INFO: JdwpDebugServer: handling req: Method(6).LineTable(1)
13:10:05.462 INFO: JdwpDebugServer: handling req: Method(6).LineTable(1)
13:10:05.462 INFO: JdwpDebugServer: handling req: Method(6).LineTable(1)
13:10:05.462 INFO: JdwpDebugServer: handling req: Method(6).LineTable(1)
13:10:05.462 INFO: JdwpDebugServer: handling req: Method(6).LineTable(1)
13:10:05.462 INFO: JdwpDebugServer: handling req: Method(6).LineTable(1)
13:10:05.463 INFO: JdwpDebugServer: handling req: Method(6).LineTable(1)
13:10:05.463 INFO: JdwpDebugServer: handling req: Method(6).LineTable(1)
13:10:05.463 INFO: JdwpDebugServer: handling req: Method(6).LineTable(1)
13:10:05.463 INFO: JdwpDebugServer: handling req: Method(6).LineTable(1)
13:10:05.463 INFO: JdwpDebugServer: handling req: Method(6).LineTable(1)
13:10:05.463 INFO: JdwpDebugServer: handling req: Method(6).LineTable(1)
13:10:05.463 INFO: JdwpDebugServer: handling req: Method(6).LineTable(1)
13:10:05.463 INFO: JdwpDebugServer: handling req: Method(6).LineTable(1)
13:10:05.463 INFO: JdwpDebugServer: handling req: Method(6).LineTable(1)
13:10:05.463 INFO: JdwpDebugServer: handling req: Method(6).LineTable(1)
13:10:05.464 INFO: JdwpDebugServer: handling req: Method(6).LineTable(1)
13:10:05.464 INFO: JdwpDebugServer: handling req: Method(6).LineTable(1)
13:10:05.464 INFO: JdwpDebugServer: handling req: Method(6).LineTable(1)
13:10:05.464 INFO: JdwpDebugServer: handling req: Method(6).LineTable(1)
13:10:05.464 INFO: JdwpDebugServer: handling req: Method(6).LineTable(1)
13:10:05.464 INFO: JdwpDebugServer: handling req: Method(6).LineTable(1)
13:10:05.464 INFO: JdwpDebugServer: handling req: Method(6).LineTable(1)
13:10:05.464 INFO: JdwpDebugServer: handling req: Method(6).LineTable(1)
13:10:05.464 INFO: JdwpDebugServer: handling req: VirtualMachine(1).ClassesBySignature(2)
13:10:05.464 INFO: JdwpDebugServer: handling req: VirtualMachine(1).AllClassesWithGeneric(20)
13:10:05.477 INFO: JdwpDebugServer: handling req: EventRequest(15).Set(1)
13:10:05.477 INFO: JdwpEventCenterDelegate: jdwpSetEventRequest: JdwpEventRequest{requestId=106, eventKind=CLASS_PREPARE, suspendPolicy=EVENT_THREAD, predicates=[className=com.badlogic.gdx.utils.ScreenUtils]}
13:10:05.479 INFO: JdwpDebugServer: handling req: EventRequest(15).Set(1)
13:10:05.479 INFO: JdwpEventCenterDelegate: jdwpSetEventRequest: JdwpEventRequest{requestId=107, eventKind=CLASS_PREPARE, suspendPolicy=EVENT_THREAD, predicates=[className=com.badlogic.gdx.utils.ScreenUtils$*]}
13:10:05.480 INFO: JdwpDebugServer: handling req: VirtualMachine(1).ClassesBySignature(2)
13:10:05.480 INFO: JdwpDebugServer: handling req: ReferenceType(2).MethodsWithGeneric(15)
13:10:05.480 INFO: JdwpDebugServer: handling req: Method(6).LineTable(1)
13:10:05.480 INFO: JdwpDebugServer: handling req: Method(6).LineTable(1)
13:10:05.480 INFO: JdwpDebugServer: handling req: Method(6).LineTable(1)
13:10:05.480 INFO: JdwpDebugServer: handling req: Method(6).LineTable(1)
13:10:05.480 INFO: JdwpDebugServer: handling req: Method(6).LineTable(1)
13:10:05.481 INFO: JdwpDebugServer: handling req: Method(6).LineTable(1)
13:10:05.481 INFO: JdwpDebugServer: handling req: Method(6).LineTable(1)
13:10:05.481 INFO: JdwpDebugServer: handling req: Method(6).LineTable(1)
13:10:05.481 INFO: JdwpDebugServer: handling req: Method(6).LineTable(1)
13:10:05.481 INFO: JdwpDebugServer: handling req: Method(6).LineTable(1)
13:10:05.482 INFO: JdwpDebugServer: handling req: EventRequest(15).Set(1)
13:10:05.482 INFO: JdwpEventCenterDelegate: jdwpSetEventRequest: JdwpEventRequest{requestId=108, eventKind=BREAKPOINT, suspendPolicy=EVENT_THREAD, predicates=[Location{classId=22230, methodId=1272, index=89} ]}
13:10:05.484 INFO: JdwpDebugServer: handling req: EventRequest(15).Set(1)
13:10:05.484 INFO: JdwpEventCenterDelegate: jdwpSetEventRequest: JdwpEventRequest{requestId=109, eventKind=CLASS_PREPARE, suspendPolicy=EVENT_THREAD, predicates=[className=com.badlogic.gdx.utils.ScreenUtils]}
13:10:05.485 INFO: JdwpDebugServer: handling req: EventRequest(15).Set(1)
13:10:05.485 INFO: JdwpEventCenterDelegate: jdwpSetEventRequest: JdwpEventRequest{requestId=110, eventKind=CLASS_PREPARE, suspendPolicy=EVENT_THREAD, predicates=[className=com.badlogic.gdx.utils.ScreenUtils$*]}
13:10:05.486 INFO: JdwpDebugServer: handling req: VirtualMachine(1).ClassesBySignature(2)
13:10:05.486 INFO: JdwpDebugServer: handling req: EventRequest(15).Set(1)
13:10:05.486 INFO: JdwpEventCenterDelegate: jdwpSetEventRequest: JdwpEventRequest{requestId=111, eventKind=BREAKPOINT, suspendPolicy=EVENT_THREAD, predicates=[Location{classId=22230, methodId=1267, index=72} ]}
13:10:05.487 INFO: JdwpDebugServer: handling req: EventRequest(15).Set(1)
13:10:05.487 INFO: JdwpEventCenterDelegate: jdwpSetEventRequest: JdwpEventRequest{requestId=112, eventKind=CLASS_PREPARE, suspendPolicy=EVENT_THREAD, predicates=[className=com.abdalla.bushnaq.pluvia.engine.GameEngine]}
13:10:05.488 INFO: JdwpDebugServer: handling req: EventRequest(15).Set(1)
13:10:05.488 INFO: JdwpEventCenterDelegate: jdwpSetEventRequest: JdwpEventRequest{requestId=113, eventKind=CLASS_PREPARE, suspendPolicy=EVENT_THREAD, predicates=[className=com.abdalla.bushnaq.pluvia.engine.GameEngine$*]}
13:10:05.489 INFO: JdwpDebugServer: handling req: VirtualMachine(1).ClassesBySignature(2)
13:10:05.489 INFO: JdwpDebugServer: handling req: ReferenceType(2).MethodsWithGeneric(15)
13:10:05.489 INFO: JdwpDebugServer: handling req: Method(6).LineTable(1)
13:10:05.489 INFO: JdwpDebugServer: handling req: Method(6).LineTable(1)
13:10:05.489 INFO: JdwpDebugServer: handling req: Method(6).LineTable(1)
13:10:05.489 INFO: JdwpDebugServer: handling req: Method(6).LineTable(1)
13:10:05.490 INFO: JdwpDebugServer: handling req: Method(6).LineTable(1)
13:10:05.490 INFO: JdwpDebugServer: handling req: Method(6).LineTable(1)
13:10:05.490 INFO: JdwpDebugServer: handling req: Method(6).LineTable(1)
13:10:05.490 INFO: JdwpDebugServer: handling req: Method(6).LineTable(1)
13:10:05.490 INFO: JdwpDebugServer: handling req: Method(6).LineTable(1)
13:10:05.490 INFO: JdwpDebugServer: handling req: Method(6).LineTable(1)
13:10:05.490 INFO: JdwpDebugServer: handling req: Method(6).LineTable(1)
13:10:05.490 INFO: JdwpDebugServer: handling req: Method(6).LineTable(1)
13:10:05.490 INFO: JdwpDebugServer: handling req: Method(6).LineTable(1)
13:10:05.491 INFO: JdwpDebugServer: handling req: Method(6).LineTable(1)
13:10:05.491 INFO: JdwpDebugServer: handling req: Method(6).LineTable(1)
13:10:05.491 INFO: JdwpDebugServer: handling req: Method(6).LineTable(1)
13:10:05.491 INFO: JdwpDebugServer: handling req: Method(6).LineTable(1)
13:10:05.491 INFO: JdwpDebugServer: handling req: Method(6).LineTable(1)
13:10:05.491 INFO: JdwpDebugServer: handling req: Method(6).LineTable(1)
13:10:05.491 INFO: JdwpDebugServer: handling req: Method(6).LineTable(1)
13:10:05.491 INFO: JdwpDebugServer: handling req: Method(6).LineTable(1)
13:10:05.492 INFO: JdwpDebugServer: handling req: Method(6).LineTable(1)
13:10:05.492 INFO: JdwpDebugServer: handling req: Method(6).LineTable(1)
13:10:05.492 INFO: JdwpDebugServer: handling req: Method(6).LineTable(1)
13:10:05.492 INFO: JdwpDebugServer: handling req: Method(6).LineTable(1)
13:10:05.492 INFO: JdwpDebugServer: handling req: Method(6).LineTable(1)
13:10:05.492 INFO: JdwpDebugServer: handling req: Method(6).LineTable(1)
13:10:05.492 INFO: JdwpDebugServer: handling req: Method(6).LineTable(1)
13:10:05.492 INFO: JdwpDebugServer: handling req: Method(6).LineTable(1)
13:10:05.492 INFO: JdwpDebugServer: handling req: Method(6).LineTable(1)
13:10:05.492 INFO: JdwpDebugServer: handling req: Method(6).LineTable(1)
13:10:05.492 INFO: JdwpDebugServer: handling req: Method(6).LineTable(1)
13:10:05.493 INFO: JdwpDebugServer: handling req: EventRequest(15).Set(1)
13:10:05.493 INFO: JdwpEventCenterDelegate: jdwpSetEventRequest: JdwpEventRequest{requestId=114, eventKind=BREAKPOINT, suspendPolicy=EVENT_THREAD, predicates=[Location{classId=16855, methodId=1297, index=100} ]}
13:10:05.494 INFO: JdwpDebugServer: handling req: EventRequest(15).Set(1)
13:10:05.494 INFO: JdwpEventCenterDelegate: jdwpSetEventRequest: JdwpEventRequest{requestId=115, eventKind=CLASS_PREPARE, suspendPolicy=EVENT_THREAD, predicates=[className=com.abdalla.bushnaq.pluvia.launcher.IOSLauncher]}
13:10:05.495 INFO: JdwpDebugServer: handling req: EventRequest(15).Set(1)
13:10:05.495 INFO: JdwpEventCenterDelegate: jdwpSetEventRequest: JdwpEventRequest{requestId=116, eventKind=CLASS_PREPARE, suspendPolicy=EVENT_THREAD, predicates=[className=com.abdalla.bushnaq.pluvia.launcher.IOSLauncher$*]}
13:10:05.496 INFO: JdwpDebugServer: handling req: VirtualMachine(1).ClassesBySignature(2)
13:10:05.497 INFO: JdwpDebugServer: handling req: ReferenceType(2).MethodsWithGeneric(15)
13:10:05.497 INFO: JdwpDebugServer: handling req: Method(6).LineTable(1)
13:10:05.497 INFO: JdwpDebugServer: handling req: Method(6).LineTable(1)
13:10:05.497 INFO: JdwpDebugServer: handling req: Method(6).LineTable(1)
13:10:05.497 INFO: JdwpDebugServer: handling req: Method(6).LineTable(1)
13:10:05.497 INFO: JdwpDebugServer: handling req: Method(6).LineTable(1)
13:10:05.497 INFO: JdwpDebugServer: handling req: Method(6).LineTable(1)
13:10:05.498 INFO: JdwpDebugServer: handling req: Method(6).LineTable(1)
13:10:05.498 INFO: JdwpDebugServer: handling req: Method(6).LineTable(1)
13:10:05.498 INFO: JdwpDebugServer: handling req: EventRequest(15).Set(1)
13:10:05.498 INFO: JdwpEventCenterDelegate: jdwpSetEventRequest: JdwpEventRequest{requestId=117, eventKind=BREAKPOINT, suspendPolicy=EVENT_THREAD, predicates=[Location{classId=12880, methodId=1462, index=73} ]}
13:10:05.499 INFO: JdwpDebugServer: handling req: EventRequest(15).Set(1)
13:10:05.499 INFO: JdwpEventCenterDelegate: jdwpSetEventRequest: JdwpEventRequest{requestId=118, eventKind=CLASS_PREPARE, suspendPolicy=EVENT_THREAD, predicates=[className=com.abdalla.bushnaq.pluvia.launcher.IOSLauncher]}
13:10:05.500 INFO: JdwpDebugServer: handling req: EventRequest(15).Set(1)
13:10:05.500 INFO: JdwpEventCenterDelegate: jdwpSetEventRequest: JdwpEventRequest{requestId=119, eventKind=CLASS_PREPARE, suspendPolicy=EVENT_THREAD, predicates=[className=com.abdalla.bushnaq.pluvia.launcher.IOSLauncher$*]}
13:10:05.501 INFO: JdwpDebugServer: handling req: VirtualMachine(1).ClassesBySignature(2)
13:10:05.501 INFO: JdwpDebugServer: handling req: EventRequest(15).Set(1)
13:10:05.501 INFO: JdwpEventCenterDelegate: jdwpSetEventRequest: JdwpEventRequest{requestId=120, eventKind=BREAKPOINT, suspendPolicy=EVENT_THREAD, predicates=[Location{classId=12880, methodId=1467, index=91} ]}
13:10:05.501 INFO: JdwpDebugServer: handling req: EventRequest(15).Set(1)
13:10:05.501 INFO: JdwpEventCenterDelegate: jdwpSetEventRequest: JdwpEventRequest{requestId=121, eventKind=CLASS_PREPARE, suspendPolicy=EVENT_THREAD, predicates=[className=com.abdalla.bushnaq.pluvia.launcher.IOSLauncher]}
13:10:05.502 INFO: JdwpDebugServer: handling req: EventRequest(15).Set(1)
13:10:05.502 INFO: JdwpEventCenterDelegate: jdwpSetEventRequest: JdwpEventRequest{requestId=122, eventKind=CLASS_PREPARE, suspendPolicy=EVENT_THREAD, predicates=[className=com.abdalla.bushnaq.pluvia.launcher.IOSLauncher$*]}
13:10:05.503 INFO: JdwpDebugServer: handling req: VirtualMachine(1).ClassesBySignature(2)
13:10:05.503 INFO: JdwpDebugServer: handling req: EventRequest(15).Set(1)
13:10:05.503 INFO: JdwpEventCenterDelegate: jdwpSetEventRequest: JdwpEventRequest{requestId=123, eventKind=BREAKPOINT, suspendPolicy=EVENT_THREAD, predicates=[Location{classId=12880, methodId=1457, index=50} ]}
13:10:05.503 INFO: JdwpDebugServer: handling req: EventRequest(15).Set(1)
13:10:05.503 INFO: JdwpEventCenterDelegate: jdwpSetEventRequest: JdwpEventRequest{requestId=124, eventKind=CLASS_PREPARE, suspendPolicy=EVENT_THREAD, predicates=[className=com.abdalla.bushnaq.pluvia.launcher.IOSLauncher]}
13:10:05.504 INFO: JdwpDebugServer: handling req: EventRequest(15).Set(1)
13:10:05.504 INFO: JdwpEventCenterDelegate: jdwpSetEventRequest: JdwpEventRequest{requestId=125, eventKind=CLASS_PREPARE, suspendPolicy=EVENT_THREAD, predicates=[className=com.abdalla.bushnaq.pluvia.launcher.IOSLauncher$*]}
13:10:05.505 INFO: JdwpDebugServer: handling req: VirtualMachine(1).ClassesBySignature(2)
13:10:05.505 INFO: JdwpDebugServer: handling req: EventRequest(15).Set(1)
13:10:05.505 INFO: JdwpEventCenterDelegate: jdwpSetEventRequest: JdwpEventRequest{requestId=126, eventKind=BREAKPOINT, suspendPolicy=EVENT_THREAD, predicates=[Location{classId=12880, methodId=1457, index=38} ]}
13:10:05.505 INFO: JdwpDebugServer: handling req: EventRequest(15).Set(1)
13:10:05.505 INFO: JdwpEventCenterDelegate: jdwpSetEventRequest: JdwpEventRequest{requestId=127, eventKind=CLASS_PREPARE, suspendPolicy=EVENT_THREAD, predicates=[className=com.abdalla.bushnaq.pluvia.launcher.IOSLauncher]}
13:10:05.506 INFO: JdwpDebugServer: handling req: EventRequest(15).Set(1)
13:10:05.506 INFO: JdwpEventCenterDelegate: jdwpSetEventRequest: JdwpEventRequest{requestId=128, eventKind=CLASS_PREPARE, suspendPolicy=EVENT_THREAD, predicates=[className=com.abdalla.bushnaq.pluvia.launcher.IOSLauncher$*]}
13:10:05.507 INFO: JdwpDebugServer: handling req: VirtualMachine(1).ClassesBySignature(2)
13:10:05.508 INFO: JdwpDebugServer: handling req: EventRequest(15).Set(1)
13:10:05.508 INFO: JdwpEventCenterDelegate: jdwpSetEventRequest: JdwpEventRequest{requestId=129, eventKind=BREAKPOINT, suspendPolicy=EVENT_THREAD, predicates=[Location{classId=12880, methodId=1462, index=74} ]}
13:10:05.510 INFO: JdwpDebugServer: handling req: VirtualMachine(1).capabilitiesNew(17)
13:10:05.515 INFO: JdwpDebugServer: handling req: EventRequest(15).Set(1)
13:10:05.515 INFO: JdwpEventCenterDelegate: jdwpSetEventRequest: JdwpEventRequest{requestId=130, eventKind=CLASS_PREPARE, suspendPolicy=EVENT_THREAD, predicates=[className=java.lang.Error]}
13:10:05.521 INFO: JdwpDebugServer: handling req: EventRequest(15).Set(1)
13:10:05.521 INFO: JdwpEventCenterDelegate: jdwpSetEventRequest: JdwpEventRequest{requestId=131, eventKind=CLASS_PREPARE, suspendPolicy=EVENT_THREAD, predicates=[className=java.lang.Error$*]}
13:10:05.522 INFO: JdwpDebugServer: handling req: VirtualMachine(1).ClassesBySignature(2)
13:10:05.525 INFO: JdwpDebugServer: handling req: EventRequest(15).Set(1)
13:10:05.525 INFO: JdwpEventCenterDelegate: jdwpSetEventRequest: JdwpEventRequest{requestId=132, eventKind=EXCEPTION, suspendPolicy=EVENT_THREAD, predicates=[exceptionType=3425(caught=true, uncaught=true)]}
13:10:05.575 INFO: JdwpDebugServer: handling req: EventRequest(15).Set(1)
13:10:05.578 INFO: JdwpEventCenterDelegate: jdwpSetEventRequest: JdwpEventRequest{requestId=133, eventKind=CLASS_PREPARE, suspendPolicy=EVENT_THREAD, predicates=[className=java.lang.Throwable]}
13:10:05.579 INFO: JdwpDebugServer: handling req: EventRequest(15).Set(1)
13:10:05.579 INFO: JdwpEventCenterDelegate: jdwpSetEventRequest: JdwpEventRequest{requestId=134, eventKind=CLASS_PREPARE, suspendPolicy=EVENT_THREAD, predicates=[className=java.lang.Throwable$*]}
13:10:05.580 INFO: JdwpDebugServer: handling req: VirtualMachine(1).ClassesBySignature(2)
13:10:05.580 INFO: JdwpDebugServer: handling req: EventRequest(15).Set(1)
13:10:05.580 INFO: JdwpEventCenterDelegate: jdwpSetEventRequest: JdwpEventRequest{requestId=135, eventKind=EXCEPTION, suspendPolicy=EVENT_THREAD, predicates=[exceptionType=7695(caught=false, uncaught=true)]}
13:10:05.583 INFO: JdwpDebugServer: handling req: ThreadReference(11).SuspendCount(12)
13:10:05.583 INFO: JdwpDebugServer: handling req: ThreadReference(11).SuspendCount(12)
13:10:05.583 INFO: JdwpDebugServer: handling req: ThreadReference(11).SuspendCount(12)
13:10:05.583 INFO: JdwpDebugServer: handling req: ThreadReference(11).SuspendCount(12)
13:10:05.583 INFO: JdwpDebugServer: handling req: VirtualMachine(1).AllThreads(4)
13:10:05.583 INFO: JdwpDebugServer: handling req: VirtualMachine(1).Resume(9)
13:10:05.636 INFO: JdwpDebugServer: handling req: EventRequest(15).Set(1)
13:10:05.636 INFO: JdwpEventCenterDelegate: jdwpSetEventRequest: JdwpEventRequest{requestId=136, eventKind=BREAKPOINT, suspendPolicy=EVENT_THREAD, predicates=[Location{classId=12880, methodId=1462, index=73} ]}
13:10:05.640 INFO: JdwpDebugServer: handling req: EventRequest(15).Set(1)
13:10:05.640 INFO: JdwpEventCenterDelegate: jdwpSetEventRequest: JdwpEventRequest{requestId=137, eventKind=BREAKPOINT, suspendPolicy=EVENT_THREAD, predicates=[Location{classId=12880, methodId=1467, index=91} ]}
13:10:05.644 INFO: JdwpDebugServer: handling req: EventRequest(15).Set(1)
13:10:05.644 INFO: JdwpEventCenterDelegate: jdwpSetEventRequest: JdwpEventRequest{requestId=138, eventKind=BREAKPOINT, suspendPolicy=EVENT_THREAD, predicates=[Location{classId=12880, methodId=1457, index=50} ]}
13:10:05.646 INFO: JdwpDebugServer: handling req: EventRequest(15).Set(1)
13:10:05.646 INFO: JdwpEventCenterDelegate: jdwpSetEventRequest: JdwpEventRequest{requestId=139, eventKind=BREAKPOINT, suspendPolicy=EVENT_THREAD, predicates=[Location{classId=12880, methodId=1457, index=38} ]}
13:10:05.647 INFO: JdwpDebugServer: handling req: EventRequest(15).Set(1)
13:10:05.647 INFO: JdwpEventCenterDelegate: jdwpSetEventRequest: JdwpEventRequest{requestId=140, eventKind=BREAKPOINT, suspendPolicy=EVENT_THREAD, predicates=[Location{classId=12880, methodId=1462, index=74} ]}
13:10:05.648 INFO: JdwpDebugServer: handling req: ThreadReference(11).Resume(3)
13:10:05.649 INFO: JdwpEventCenterDelegate: THREAD_RESUMED: thread (33, main, main)
13:10:05.676 INFO: JdwpEventCenterDelegate: THREAD_RESUMED: thread (33, main, main)
13:10:05.676 INFO: JdwpEventCenterDelegate: THREAD_RESUMED: thread (33, main, main)
13:10:05.677 INFO: JdwpEventCenterDelegate: THREAD_RESUMED: thread (33, main, main)
13:10:05.677 INFO: JdwpEventCenterDelegate: THREAD_RESUMED: thread (33, main, main)
13:10:05.677 INFO: JdwpEventCenterDelegate: THREAD_RESUMED: thread (33, main, main)
13:10:05.678 INFO: JdwpEventCenterDelegate: THREAD_RESUMED: thread (33, main, main)
13:10:05.678 INFO: JdwpEventCenterDelegate: THREAD_RESUMED: thread (33, main, main)
13:10:05.680 INFO: JdwpEventCenterDelegate: THREAD_RESUMED: thread (33, main, main)
13:10:05.681 INFO: JdwpEventCenterDelegate: THREAD_RESUMED: thread (33, main, main)
13:10:05.681 INFO: JdwpEventCenterDelegate: THREAD_RESUMED: thread (33, main, main)
13:10:05.682 INFO: JdwpEventCenterDelegate: THREAD_RESUMED: thread (33, main, main)
13:10:05.688 INFO: JdwpEventCenterDelegate: THREAD_RESUMED: thread (33, main, main)
13:10:05.688 INFO: JdwpEventCenterDelegate: THREAD_RESUMED: thread (33, main, main)
13:10:05.688 INFO: JdwpEventCenterDelegate: THREAD_RESUMED: thread (33, main, main)
13:10:05.745 INFO: JdwpDebugServer: handling req: ThreadReference(11).Frames(6)
13:10:06.050 INFO: JdwpDebugServer: handling req: ThreadReference(11).FramesCount(7)
13:10:06.050 INFO: JdwpDebugServer: handling req: ThreadReference(11).FramesCount(7)
13:10:06.087 INFO: JdwpDebugServer: handling req: ReferenceType(2).SignatureWithGeneric(13)
13:10:06.092 INFO: JdwpDebugServer: handling req: ThreadReference(11).Name(1)
13:10:06.165 INFO: JdwpDebugServer: handling req: ReferenceType(2).SourceFile(7)
13:10:06.181 INFO: JdwpDebugServer: handling req: ReferenceType(2).FieldsWithGeneric(14)
13:10:06.181 INFO: JdwpDebugServer: handling req: ReferenceType(2).Interfaces(10)
13:10:06.181 INFO: JdwpDebugServer: handling req: ReferenceType(2).FieldsWithGeneric(14)
13:10:06.181 INFO: JdwpDebugServer: handling req: ReferenceType(2).Interfaces(10)
13:10:06.182 INFO: JdwpDebugServer: handling req: ClassType(3).Superclass(1)
13:10:06.183 INFO: JdwpDebugServer: handling req: ReferenceType(2).FieldsWithGeneric(14)
13:10:06.183 INFO: JdwpDebugServer: handling req: ReferenceType(2).Interfaces(10)
13:10:06.183 INFO: JdwpDebugServer: handling req: ClassType(3).Superclass(1)
13:10:06.184 INFO: JdwpDebugServer: handling req: ReferenceType(2).FieldsWithGeneric(14)
13:10:06.185 INFO: JdwpDebugServer: handling req: ThreadReference(11).Name(1)
13:10:06.186 INFO: JdwpDebugServer: handling req: ReferenceType(2).Interfaces(10)
13:10:06.186 INFO: JdwpDebugServer: handling req: ReferenceType(2).FieldsWithGeneric(14)
13:10:06.188 INFO: JdwpDebugServer: handling req: ReferenceType(2).Interfaces(10)
13:10:06.188 INFO: JdwpDebugServer: handling req: ReferenceType(2).FieldsWithGeneric(14)
13:10:06.189 INFO: JdwpDebugServer: handling req: ReferenceType(2).Interfaces(10)
13:10:06.189 INFO: JdwpDebugServer: handling req: ReferenceType(2).FieldsWithGeneric(14)
13:10:06.189 INFO: JdwpDebugServer: handling req: ReferenceType(2).Interfaces(10)
13:10:06.189 INFO: JdwpDebugServer: handling req: ClassType(3).Superclass(1)
13:10:06.190 INFO: JdwpDebugServer: handling req: ReferenceType(2).FieldsWithGeneric(14)
13:10:06.192 INFO: JdwpDebugServer: handling req: ReferenceType(2).Interfaces(10)
13:10:06.192 INFO: JdwpDebugServer: handling req: ClassType(3).Superclass(1)
13:10:06.192 INFO: JdwpDebugServer: handling req: ReferenceType(2).FieldsWithGeneric(14)
13:10:06.192 INFO: JdwpDebugServer: handling req: ReferenceType(2).Interfaces(10)
13:10:06.193 INFO: JdwpDebugServer: handling req: ClassType(3).Superclass(1)
13:10:06.193 INFO: JdwpDebugServer: handling req: ReferenceType(2).FieldsWithGeneric(14)
13:10:06.193 INFO: JdwpDebugServer: handling req: ReferenceType(2).Interfaces(10)
13:10:06.193 INFO: JdwpDebugServer: handling req: ClassType(3).Superclass(1)
13:10:06.194 INFO: JdwpDebugServer: handling req: ClassType(3).Superclass(1)
13:10:06.196 INFO: JdwpDebugServer: handling req: Method(6).VariableTableWithGenerics(5)
13:10:06.197 INFO: JdwpDebugServer: handling req: ThreadReference(11).Name(1)
13:10:06.197 INFO: JdwpDebugServer: handling req: ThreadReference(11).Name(1)
13:10:06.198 INFO: JdwpDebugServer: handling req: ThreadReference(11).Name(1)
13:10:06.198 INFO: JdwpDebugServer: handling req: ThreadReference(11).Name(1)
13:10:06.233 INFO: JdwpDebugServer: handling req: StackFrame(16).GetValues(1)
13:10:06.234 INFO: JdwpDebugServer: handling req: StackFrame(16).GetValues(1)
13:10:06.235 INFO: JdwpDebugServer: handling req: ArrayReference(13).Length(1)
13:10:06.235 INFO: JdwpDebugServer: handling req: StackFrame(16).GetValues(1)
13:10:06.235 INFO: JdwpDebugServer: handling req: StackFrame(16).GetValues(1)
13:10:06.235 INFO: JdwpDebugServer: handling req: ObjectReference(9).ReferenceType(1)
13:10:06.236 INFO: JdwpDebugServer: handling req: ObjectReference(9).ReferenceType(1)
13:10:06.236 INFO: JdwpDebugServer: handling req: StackFrame(16).GetValues(1)
13:10:06.236 INFO: JdwpDebugServer: handling req: ReferenceType(2).FieldsWithGeneric(14)
13:10:06.236 INFO: JdwpDebugServer: handling req: StackFrame(16).GetValues(1)
13:10:06.236 INFO: JdwpDebugServer: handling req: ReferenceType(2).Interfaces(10)
13:10:06.236 INFO: JdwpDebugServer: handling req: StackFrame(16).GetValues(1)
13:10:06.236 INFO: JdwpDebugServer: handling req: ReferenceType(2).FieldsWithGeneric(14)
13:10:06.237 INFO: JdwpDebugServer: handling req: ReferenceType(2).Signature(1)
13:10:06.237 INFO: JdwpDebugServer: handling req: ReferenceType(2).Interfaces(10)
13:10:06.237 INFO: JdwpDebugServer: handling req: ClassType(3).Superclass(1)
13:10:06.237 INFO: JdwpDebugServer: handling req: ReferenceType(2).ClassLoader(2)
13:10:06.237 INFO: JdwpDebugServer: handling req: VirtualMachine(1).ClassesBySignature(2)
13:10:06.238 INFO: JdwpDebugServer: handling req: ReferenceType(2).ClassLoader(2)
13:10:06.238 INFO: JdwpDebugServer: handling req: StackFrame(16).GetValues(1)
13:10:06.239 INFO: JdwpDebugServer: handling req: StackFrame(16).GetValues(1)
13:10:06.239 INFO: JdwpDebugServer: handling req: StackFrame(16).GetValues(1)
13:10:06.240 INFO: JdwpDebugServer: handling req: StackFrame(16).GetValues(1)
13:10:06.240 INFO: JdwpDebugServer: handling req: ClassType(3).Superclass(1)
13:10:06.240 INFO: JdwpDebugServer: handling req: ClassType(3).Superclass(1)
13:10:06.241 INFO: JdwpDebugServer: handling req: StackFrame(16).GetValues(1)
13:10:06.241 INFO: JdwpDebugServer: handling req: StackFrame(16).GetValues(1)
13:10:06.241 INFO: JdwpDebugServer: handling req: StackFrame(16).GetValues(1)
13:10:06.242 INFO: JdwpDebugServer: handling req: StackFrame(16).GetValues(1)
13:10:06.242 INFO: JdwpDebugServer: handling req: StackFrame(16).GetValues(1)
13:10:06.243 INFO: JdwpDebugServer: handling req: ThreadReference(11).FramesCount(7)
13:10:06.248 INFO: JdwpDebugServer: handling req: ThreadReference(11).Name(1)
13:10:06.248 INFO: JdwpDebugServer: handling req: ThreadReference(11).FramesCount(7)
13:10:06.248 INFO: JdwpDebugServer: handling req: ThreadReference(11).Name(1)
13:10:06.249 INFO: JdwpDebugServer: handling req: ThreadReference(11).Name(1)
13:10:06.249 INFO: JdwpDebugServer: handling req: ThreadReference(11).Name(1)
13:10:07.894 INFO: JdwpDebugServer: handling req: EventRequest(15).Set(1)
13:10:07.894 INFO: JdwpEventCenterDelegate: jdwpSetEventRequest: JdwpEventRequest{requestId=141, eventKind=CLASS_PREPARE, suspendPolicy=EVENT_THREAD, predicates=[className=com.abdalla.bushnaq.pluvia.launcher.IOSLauncher]}
13:10:07.896 INFO: JdwpDebugServer: handling req: EventRequest(15).Set(1)
13:10:07.896 INFO: JdwpEventCenterDelegate: jdwpSetEventRequest: JdwpEventRequest{requestId=142, eventKind=CLASS_PREPARE, suspendPolicy=EVENT_THREAD, predicates=[className=com.abdalla.bushnaq.pluvia.launcher.IOSLauncher$*]}
13:10:07.897 INFO: JdwpDebugServer: handling req: VirtualMachine(1).ClassesBySignature(2)
13:10:07.898 INFO: JdwpDebugServer: handling req: EventRequest(15).Set(1)
13:10:07.899 INFO: JdwpEventCenterDelegate: jdwpSetEventRequest: JdwpEventRequest{requestId=143, eventKind=BREAKPOINT, suspendPolicy=EVENT_THREAD, predicates=[Location{classId=12880, methodId=1467, index=93} ]}
13:10:10.132 INFO: JdwpDebugServer: handling req: ThreadReference(11).Resume(3)
13:10:10.133 INFO: JdwpEventCenterDelegate: THREAD_RESUMED: thread (33, main, main)
13:10:10.142 INFO: JdwpEventCenterDelegate: THREAD_RESUMED: thread (33, main, main)
13:10:10.143 INFO: JdwpEventCenterDelegate: THREAD_RESUMED: thread (33, main, main)
13:10:10.143 INFO: JdwpEventCenterDelegate: THREAD_RESUMED: thread (33, main, main)
13:10:10.161 INFO: JdwpEventCenterDelegate: THREAD_RESUMED: thread (33, main, main)
13:10:10.162 INFO: JdwpEventCenterDelegate: THREAD_RESUMED: thread (33, main, main)
13:10:10.163 INFO: JdwpEventCenterDelegate: THREAD_RESUMED: thread (33, main, main)
13:10:10.185 INFO: JdwpDebugServer: handling req: ThreadReference(11).Name(1)
13:10:10.187 INFO: JdwpDebugServer: handling req: ThreadReference(11).Name(1)
13:10:10.187 INFO: JdwpDebugServer: handling req: ThreadReference(11).Name(1)
13:10:10.230 INFO: JdwpDebugServer: handling req: ThreadReference(11).Name(1)
13:10:10.420 INFO: JdwpDebugServer: handling req: ThreadReference(11).Frames(6)
13:10:10.420 INFO: JdwpDebugServer: handling req: ReferenceType(2).MethodsWithGeneric(15)
13:10:10.420 INFO: JdwpDebugServer: handling req: ReferenceType(2).MethodsWithGeneric(15)
13:10:10.421 INFO: JdwpDebugServer: handling req: ThreadReference(11).FramesCount(7)
13:10:10.421 INFO: JdwpDebugServer: handling req: ThreadReference(11).FramesCount(7)
13:10:10.458 INFO: JdwpDebugServer: handling req: ThreadReference(11).Name(1)
13:10:10.459 INFO: JdwpDebugServer: handling req: ThreadReference(11).Name(1)
13:10:10.459 INFO: JdwpDebugServer: handling req: ThreadReference(11).Name(1)
13:10:10.459 INFO: JdwpDebugServer: handling req: ThreadReference(11).Name(1)
13:10:10.460 INFO: JdwpDebugServer: handling req: ThreadReference(11).Name(1)
13:10:10.462 INFO: JdwpDebugServer: handling req: StackFrame(16).ThisObject(3)
13:10:10.462 INFO: JdwpDebugServer: handling req: ObjectReference(9).ReferenceType(1)
13:10:10.485 INFO: JdwpDebugServer: handling req: ThreadReference(11).FramesCount(7)
13:10:10.485 INFO: JdwpDebugServer: handling req: Method(6).VariableTableWithGenerics(5)
13:10:10.486 INFO: JdwpDebugServer: handling req: ThreadReference(11).Name(1)
13:10:10.487 INFO: JdwpDebugServer: handling req: ThreadReference(11).FramesCount(7)
13:10:10.494 INFO: JdwpDebugServer: handling req: ReferenceType(2).Modifiers(3)
13:10:10.495 INFO: JdwpDebugServer: handling req: ClassType(3).Superclass(1)
13:10:10.497 INFO: JdwpDebugServer: handling req: StackFrame(16).ThisObject(3)
13:10:10.497 INFO: JdwpDebugServer: handling req: ObjectReference(9).ReferenceType(1)
13:10:10.497 INFO: JdwpDebugServer: handling req: Method(6).LineTable(1)
13:10:10.498 INFO: JdwpDebugServer: handling req: Method(6).LineTable(1)
13:10:12.294 INFO: JdwpDebugServer: handling req: ThreadReference(11).Resume(3)
13:10:12.294 INFO: JdwpEventCenterDelegate: THREAD_RESUMED: thread (33, main, main)
13:10:12.318 INFO: JdwpDebugServer: handling req: ThreadReference(11).Name(1)
13:10:12.319 INFO: JdwpDebugServer: handling req: ThreadReference(11).Name(1)
13:10:12.319 INFO: JdwpDebugServer: handling req: ThreadReference(11).Name(1)
13:10:12.355 INFO: JdwpEventCenterDelegate: THREAD_RESUMED: thread (33, main, main)
13:10:12.356 INFO: JdwpEventCenterDelegate: THREAD_RESUMED: thread (33, main, main)
13:10:12.357 INFO: JdwpEventCenterDelegate: THREAD_RESUMED: thread (33, main, main)
13:10:12.401 INFO: JdwpDebugServer: handling req: ThreadReference(11).Name(1)
13:10:12.434 INFO: JdwpEventCenterDelegate: THREAD_RESUMED: thread (33, main, main)
13:10:12.435 INFO: JdwpEventCenterDelegate: THREAD_RESUMED: thread (33, main, main)
13:10:12.435 INFO: JdwpEventCenterDelegate: THREAD_RESUMED: thread (33, main, main)
13:10:12.465 INFO: JdwpEventCenterDelegate: THREAD_RESUMED: thread (33, main, main)
13:10:12.465 INFO: JdwpEventCenterDelegate: THREAD_RESUMED: thread (33, main, main)
13:10:12.466 INFO: JdwpEventCenterDelegate: THREAD_RESUMED: thread (33, main, main)
13:10:12.491 INFO: JdwpEventCenterDelegate: THREAD_RESUMED: thread (33, main, main)
13:10:12.491 INFO: JdwpEventCenterDelegate: THREAD_RESUMED: thread (33, main, main)
13:10:12.492 INFO: JdwpEventCenterDelegate: THREAD_RESUMED: thread (33, main, main)
13:10:12.493 INFO: JdwpEventCenterDelegate: THREAD_RESUMED: thread (33, main, main)
13:10:12.500 INFO: JdwpEventCenterDelegate: THREAD_RESUMED: thread (33, main, main)
13:10:12.500 INFO: JdwpEventCenterDelegate: THREAD_RESUMED: thread (33, main, main)
13:10:13.027 INFO: JdwpDebugServer: handling req: ThreadReference(11).Frames(6)
13:10:13.027 INFO: JdwpDebugServer: handling req: ReferenceType(2).MethodsWithGeneric(15)
13:10:13.028 INFO: JdwpDebugServer: handling req: ReferenceType(2).MethodsWithGeneric(15)
13:10:13.028 INFO: JdwpDebugServer: handling req: ThreadReference(11).FramesCount(7)
13:10:13.028 INFO: JdwpDebugServer: handling req: ThreadReference(11).FramesCount(7)
13:10:13.063 INFO: JdwpDebugServer: handling req: ThreadReference(11).Name(1)
13:10:13.063 INFO: JdwpDebugServer: handling req: StackFrame(16).ThisObject(3)
13:10:13.063 INFO: JdwpDebugServer: handling req: ObjectReference(9).ReferenceType(1)
13:10:13.064 INFO: JdwpDebugServer: handling req: ThreadReference(11).Name(1)
13:10:13.064 INFO: JdwpDebugServer: handling req: ThreadReference(11).Name(1)
13:10:13.064 INFO: JdwpDebugServer: handling req: ThreadReference(11).Name(1)
13:10:13.065 INFO: JdwpDebugServer: handling req: ThreadReference(11).Name(1)
13:10:13.095 INFO: JdwpDebugServer: handling req: Method(6).VariableTableWithGenerics(5)
13:10:13.096 INFO: JdwpDebugServer: handling req: ThreadReference(11).FramesCount(7)
13:10:13.098 INFO: JdwpDebugServer: handling req: ThreadReference(11).Name(1)
13:10:13.098 INFO: JdwpDebugServer: handling req: ThreadReference(11).FramesCount(7)
13:10:13.121 INFO: JdwpDebugServer: handling req: ClassType(3).Superclass(1)
13:10:13.123 INFO: JdwpDebugServer: handling req: StackFrame(16).ThisObject(3)
13:10:13.124 INFO: JdwpDebugServer: handling req: ObjectReference(9).ReferenceType(1)
13:10:13.124 INFO: JdwpDebugServer: handling req: Method(6).LineTable(1)
13:10:13.125 INFO: JdwpDebugServer: handling req: StackFrame(16).ThisObject(3)
13:10:13.126 INFO: JdwpDebugServer: handling req: ObjectReference(9).ReferenceType(1)
13:10:13.126 INFO: JdwpDebugServer: handling req: Method(6).LineTable(1)
13:10:15.028 INFO: JdwpDebugServer: handling req: EventRequest(15).Set(1)
13:10:15.028 INFO: JdwpEventCenterDelegate: jdwpSetEventRequest: JdwpEventRequest{requestId=144, eventKind=SINGLE_STEP, suspendPolicy=EVENT_THREAD, predicates=[step{threadId=33, size=1, depth=1} , count=1]}
13:10:15.030 INFO: JdwpDebugServer: handling req: ThreadReference(11).Resume(3)
13:10:15.031 INFO: JdwpEventCenterDelegate: THREAD_RESUMED: thread (33, main, main)
13:10:15.049 INFO: JdwpEventCenterDelegate: THREAD_RESUMED: thread (33, main, main)
13:10:15.050 INFO: JdwpEventCenterDelegate: THREAD_RESUMED: thread (33, main, main)
13:10:15.086 INFO: JdwpEventCenterDelegate: THREAD_RESUMED: thread (33, main, main)
13:10:15.087 INFO: JdwpEventCenterDelegate: THREAD_RESUMED: thread (33, main, main)
13:10:15.088 INFO: JdwpEventCenterDelegate: THREAD_RESUMED: thread (33, main, main)
13:10:15.089 INFO: JdwpEventCenterDelegate: THREAD_RESUMED: thread (33, main, main)
13:10:15.147 INFO: JdwpDebugServer: handling req: EventRequest(15).Clear(2)
13:10:15.148 INFO: JdwpDebugServer: handling req: ThreadReference(11).Frames(6)
13:10:15.148 INFO: JdwpDebugServer: handling req: ThreadReference(11).FramesCount(7)
13:10:15.167 INFO: JdwpDebugServer: handling req: StackFrame(16).ThisObject(3)
13:10:15.167 INFO: JdwpDebugServer: handling req: ObjectReference(9).ReferenceType(1)
13:10:15.168 INFO: JdwpDebugServer: handling req: ThreadReference(11).Name(1)
13:10:15.168 INFO: JdwpDebugServer: handling req: ThreadReference(11).Name(1)
13:10:15.187 INFO: JdwpDebugServer: handling req: ClassType(3).Superclass(1)
13:10:16.632 INFO: JdwpDebugServer: handling req: EventRequest(15).Set(1)
13:10:16.632 INFO: JdwpEventCenterDelegate: jdwpSetEventRequest: JdwpEventRequest{requestId=145, eventKind=SINGLE_STEP, suspendPolicy=EVENT_THREAD, predicates=[step{threadId=33, size=1, depth=1} , count=1]}
13:10:16.633 INFO: JdwpDebugServer: handling req: ThreadReference(11).Resume(3)
13:10:16.634 INFO: JdwpEventCenterDelegate: THREAD_RESUMED: thread (33, main, main)
13:10:16.668 SEVERE: Debugger: Thread HooksChannel socket thread crashed
org.robovm.debugger.DebuggerException: java.nio.BufferUnderflowException
	at org.robovm.debugger.hooks.HooksChannel.doSocketWork(HooksChannel.java:149)
	at java.base/java.lang.Thread.run(Thread.java:833)
	at org.robovm.debugger.utils.DebuggerThread.run(DebuggerThread.java:42)
Caused by: java.nio.BufferUnderflowException
	at org.robovm.debugger.utils.bytebuffer.DataBufferWriter.writeFromStream(DataBufferWriter.java:91)
	at org.robovm.debugger.hooks.HooksChannel.doSocketWork(HooksChannel.java:116)
	... 2 more
13:10:17.170 INFO: JdwpDebugServer: handling req: ThreadReference(11).Name(1)
