10:36:01.214 INFO: JdwpEventCenterDelegate: THREAD_STARTED: thread (33, main, main)
10:36:01.304 INFO: JdwpEventCenterDelegate: THREAD_STARTED: thread (48, ReferenceQueueDaemon, main)
10:36:01.305 INFO: JdwpEventCenterDelegate: THREAD_STARTED: thread (63, FinalizerDaemon, main)
10:36:01.306 INFO: JdwpEventCenterDelegate: THREAD_STARTED: thread (78, FinalizerWatchdogDaemon, main)
10:36:02.653 INFO: JdwpDebugServer: handling req: VirtualMachine(1).IDSizes(7)
10:36:02.654 INFO: JdwpDebugServer: handling req: EventRequest(15).Set(1)
10:36:02.655 INFO: JdwpEventCenterDelegate: jdwpSetEventRequest: JdwpEventRequest{requestId=100, eventKind=CLASS_UNLOAD, suspendPolicy=NONE, predicates=[]}
10:36:02.655 INFO: JdwpDebugServer: handling req: EventRequest(15).Set(1)
10:36:02.655 INFO: JdwpEventCenterDelegate: jdwpSetEventRequest: JdwpEventRequest{requestId=101, eventKind=THREAD_START, suspendPolicy=NONE, predicates=[]}
10:36:02.656 INFO: JdwpDebugServer: handling req: VirtualMachine(1).ClassesBySignature(2)
10:36:02.658 INFO: JdwpDebugServer: handling req: VirtualMachine(1).Version(1)
10:36:02.659 INFO: JdwpDebugServer: handling req: ReferenceType(2).MethodsWithGeneric(15)
10:36:02.659 INFO: JdwpDebugServer: handling req: Method(6).LineTable(1)
10:36:02.660 INFO: JdwpDebugServer: handling req: EventRequest(15).Set(1)
10:36:02.660 INFO: JdwpEventCenterDelegate: jdwpSetEventRequest: JdwpEventRequest{requestId=102, eventKind=BREAKPOINT, suspendPolicy=NONE, predicates=[Location{classId=845, methodId=257, index=928} ]}
10:36:02.661 INFO: JdwpDebugServer: handling req: EventRequest(15).Set(1)
10:36:02.661 INFO: JdwpEventCenterDelegate: jdwpSetEventRequest: JdwpEventRequest{requestId=103, eventKind=THREAD_DEATH, suspendPolicy=NONE, predicates=[]}
10:36:02.661 INFO: JdwpDebugServer: handling req: VirtualMachine(1).AllThreads(4)
10:36:02.662 INFO: JdwpDebugServer: handling req: ThreadReference(11).ThreadGroup(5)
10:36:02.663 INFO: JdwpDebugServer: handling req: ThreadGroup(12).Name(1)
10:36:02.663 INFO: JdwpDebugServer: handling req: ThreadGroup(12).Parent(2)
10:36:02.663 INFO: JdwpDebugServer: handling req: ObjectReference(9).ReferenceType(1)
10:36:02.663 INFO: JdwpDebugServer: handling req: ReferenceType(2).FieldsWithGeneric(14)
10:36:02.664 INFO: JdwpDebugServer: handling req: ReferenceType(2).Interfaces(10)
10:36:02.665 INFO: JdwpDebugServer: handling req: ReferenceType(2).FieldsWithGeneric(14)
10:36:02.665 INFO: JdwpDebugServer: handling req: ReferenceType(2).Interfaces(10)
10:36:02.665 INFO: JdwpDebugServer: handling req: ClassType(3).Superclass(1)
10:36:02.665 INFO: JdwpDebugServer: handling req: ReferenceType(2).FieldsWithGeneric(14)
10:36:02.665 INFO: JdwpDebugServer: handling req: ReferenceType(2).Interfaces(10)
10:36:02.665 INFO: JdwpDebugServer: handling req: ClassType(3).Superclass(1)
10:36:02.666 INFO: JdwpDebugServer: handling req: ObjectReference(9).GetValues(2)
10:36:02.667 INFO: JdwpDebugServer: handling req: ThreadReference(11).Status(4)
10:36:02.667 INFO: JdwpDebugServer: handling req: ThreadReference(11).Status(4)
10:36:02.668 INFO: JdwpDebugServer: handling req: ThreadReference(11).ThreadGroup(5)
10:36:02.668 INFO: JdwpDebugServer: handling req: ObjectReference(9).ReferenceType(1)
10:36:02.669 INFO: JdwpDebugServer: handling req: ObjectReference(9).GetValues(2)
10:36:02.669 INFO: JdwpDebugServer: handling req: ThreadReference(11).Status(4)
10:36:02.670 INFO: JdwpDebugServer: handling req: ThreadReference(11).Status(4)
10:36:02.670 INFO: JdwpDebugServer: handling req: ThreadReference(11).ThreadGroup(5)
10:36:02.670 INFO: JdwpDebugServer: handling req: ObjectReference(9).ReferenceType(1)
10:36:02.670 INFO: JdwpDebugServer: handling req: ObjectReference(9).GetValues(2)
10:36:02.671 INFO: JdwpDebugServer: handling req: ThreadReference(11).Status(4)
10:36:02.671 INFO: JdwpDebugServer: handling req: ThreadReference(11).Status(4)
10:36:02.671 INFO: JdwpDebugServer: handling req: ThreadReference(11).ThreadGroup(5)
10:36:02.671 INFO: JdwpDebugServer: handling req: ObjectReference(9).ReferenceType(1)
10:36:02.671 INFO: JdwpDebugServer: handling req: ObjectReference(9).GetValues(2)
10:36:02.672 INFO: JdwpDebugServer: handling req: ThreadReference(11).Status(4)
10:36:02.672 INFO: JdwpDebugServer: handling req: ThreadReference(11).Status(4)
10:36:02.674 INFO: JdwpDebugServer: handling req: EventRequest(15).Set(1)
10:36:02.674 INFO: JdwpEventCenterDelegate: jdwpSetEventRequest: JdwpEventRequest{requestId=104, eventKind=CLASS_PREPARE, suspendPolicy=EVENT_THREAD, predicates=[className=java.lang.Throwable]}
10:36:02.678 INFO: JdwpDebugServer: handling req: EventRequest(15).Set(1)
10:36:02.678 INFO: JdwpEventCenterDelegate: jdwpSetEventRequest: JdwpEventRequest{requestId=105, eventKind=CLASS_PREPARE, suspendPolicy=EVENT_THREAD, predicates=[className=java.lang.Throwable$*]}
10:36:02.680 INFO: JdwpDebugServer: handling req: VirtualMachine(1).ClassesBySignature(2)
10:36:02.680 INFO: JdwpDebugServer: handling req: ReferenceType(2).MethodsWithGeneric(15)
10:36:02.681 INFO: JdwpDebugServer: handling req: Method(6).LineTable(1)
10:36:02.682 INFO: JdwpDebugServer: handling req: Method(6).LineTable(1)
10:36:02.682 INFO: JdwpDebugServer: handling req: Method(6).LineTable(1)
10:36:02.682 INFO: JdwpDebugServer: handling req: Method(6).LineTable(1)
10:36:02.682 INFO: JdwpDebugServer: handling req: Method(6).LineTable(1)
10:36:02.682 INFO: JdwpDebugServer: handling req: Method(6).LineTable(1)
10:36:02.683 INFO: JdwpDebugServer: handling req: Method(6).LineTable(1)
10:36:02.683 INFO: JdwpDebugServer: handling req: Method(6).LineTable(1)
10:36:02.683 INFO: JdwpDebugServer: handling req: Method(6).LineTable(1)
10:36:02.683 INFO: JdwpDebugServer: handling req: Method(6).LineTable(1)
10:36:02.683 INFO: JdwpDebugServer: handling req: Method(6).LineTable(1)
10:36:02.683 INFO: JdwpDebugServer: handling req: Method(6).LineTable(1)
10:36:02.683 INFO: JdwpDebugServer: handling req: Method(6).LineTable(1)
10:36:02.684 INFO: JdwpDebugServer: handling req: Method(6).LineTable(1)
10:36:02.684 INFO: JdwpDebugServer: handling req: Method(6).LineTable(1)
10:36:02.684 INFO: JdwpDebugServer: handling req: Method(6).LineTable(1)
10:36:02.684 INFO: JdwpDebugServer: handling req: Method(6).LineTable(1)
10:36:02.684 INFO: JdwpDebugServer: handling req: Method(6).LineTable(1)
10:36:02.684 INFO: JdwpDebugServer: handling req: Method(6).LineTable(1)
10:36:02.684 INFO: JdwpDebugServer: handling req: Method(6).LineTable(1)
10:36:02.684 INFO: JdwpDebugServer: handling req: Method(6).LineTable(1)
10:36:02.685 INFO: JdwpDebugServer: handling req: Method(6).LineTable(1)
10:36:02.685 INFO: JdwpDebugServer: handling req: Method(6).LineTable(1)
10:36:02.685 INFO: JdwpDebugServer: handling req: Method(6).LineTable(1)
10:36:02.685 INFO: JdwpDebugServer: handling req: VirtualMachine(1).ClassesBySignature(2)
10:36:02.685 INFO: JdwpDebugServer: handling req: VirtualMachine(1).AllClassesWithGeneric(20)
10:36:02.699 INFO: JdwpDebugServer: handling req: EventRequest(15).Set(1)
10:36:02.699 INFO: JdwpEventCenterDelegate: jdwpSetEventRequest: JdwpEventRequest{requestId=106, eventKind=CLASS_PREPARE, suspendPolicy=EVENT_THREAD, predicates=[className=com.badlogic.gdx.utils.ScreenUtils]}
10:36:02.700 INFO: JdwpDebugServer: handling req: EventRequest(15).Set(1)
10:36:02.700 INFO: JdwpEventCenterDelegate: jdwpSetEventRequest: JdwpEventRequest{requestId=107, eventKind=CLASS_PREPARE, suspendPolicy=EVENT_THREAD, predicates=[className=com.badlogic.gdx.utils.ScreenUtils$*]}
10:36:02.702 INFO: JdwpDebugServer: handling req: VirtualMachine(1).ClassesBySignature(2)
10:36:02.702 INFO: JdwpDebugServer: handling req: ReferenceType(2).MethodsWithGeneric(15)
10:36:02.702 INFO: JdwpDebugServer: handling req: Method(6).LineTable(1)
10:36:02.702 INFO: JdwpDebugServer: handling req: Method(6).LineTable(1)
10:36:02.702 INFO: JdwpDebugServer: handling req: Method(6).LineTable(1)
10:36:02.702 INFO: JdwpDebugServer: handling req: Method(6).LineTable(1)
10:36:02.702 INFO: JdwpDebugServer: handling req: Method(6).LineTable(1)
10:36:02.702 INFO: JdwpDebugServer: handling req: Method(6).LineTable(1)
10:36:02.703 INFO: JdwpDebugServer: handling req: Method(6).LineTable(1)
10:36:02.703 INFO: JdwpDebugServer: handling req: Method(6).LineTable(1)
10:36:02.703 INFO: JdwpDebugServer: handling req: Method(6).LineTable(1)
10:36:02.703 INFO: JdwpDebugServer: handling req: Method(6).LineTable(1)
10:36:02.704 INFO: JdwpDebugServer: handling req: EventRequest(15).Set(1)
10:36:02.704 INFO: JdwpEventCenterDelegate: jdwpSetEventRequest: JdwpEventRequest{requestId=108, eventKind=BREAKPOINT, suspendPolicy=EVENT_THREAD, predicates=[Location{classId=22240, methodId=1272, index=89} ]}
10:36:02.708 INFO: JdwpDebugServer: handling req: EventRequest(15).Set(1)
10:36:02.708 INFO: JdwpEventCenterDelegate: jdwpSetEventRequest: JdwpEventRequest{requestId=109, eventKind=CLASS_PREPARE, suspendPolicy=EVENT_THREAD, predicates=[className=com.badlogic.gdx.utils.ScreenUtils]}
10:36:02.709 INFO: JdwpDebugServer: handling req: EventRequest(15).Set(1)
10:36:02.709 INFO: JdwpEventCenterDelegate: jdwpSetEventRequest: JdwpEventRequest{requestId=110, eventKind=CLASS_PREPARE, suspendPolicy=EVENT_THREAD, predicates=[className=com.badlogic.gdx.utils.ScreenUtils$*]}
10:36:02.710 INFO: JdwpDebugServer: handling req: VirtualMachine(1).ClassesBySignature(2)
10:36:02.710 INFO: JdwpDebugServer: handling req: EventRequest(15).Set(1)
10:36:02.710 INFO: JdwpEventCenterDelegate: jdwpSetEventRequest: JdwpEventRequest{requestId=111, eventKind=BREAKPOINT, suspendPolicy=EVENT_THREAD, predicates=[Location{classId=22240, methodId=1267, index=72} ]}
10:36:02.711 INFO: JdwpDebugServer: handling req: EventRequest(15).Set(1)
10:36:02.711 INFO: JdwpEventCenterDelegate: jdwpSetEventRequest: JdwpEventRequest{requestId=112, eventKind=CLASS_PREPARE, suspendPolicy=EVENT_THREAD, predicates=[className=com.badlogic.gdx.graphics.g2d.PolygonSpriteBatch]}
10:36:02.712 INFO: JdwpDebugServer: handling req: EventRequest(15).Set(1)
10:36:02.712 INFO: JdwpEventCenterDelegate: jdwpSetEventRequest: JdwpEventRequest{requestId=113, eventKind=CLASS_PREPARE, suspendPolicy=EVENT_THREAD, predicates=[className=com.badlogic.gdx.graphics.g2d.PolygonSpriteBatch$*]}
10:36:02.714 INFO: JdwpDebugServer: handling req: VirtualMachine(1).ClassesBySignature(2)
10:36:02.715 INFO: JdwpDebugServer: handling req: ReferenceType(2).MethodsWithGeneric(15)
10:36:02.716 INFO: JdwpDebugServer: handling req: Method(6).LineTable(1)
10:36:02.716 INFO: JdwpDebugServer: handling req: Method(6).LineTable(1)
10:36:02.716 INFO: JdwpDebugServer: handling req: Method(6).LineTable(1)
10:36:02.716 INFO: JdwpDebugServer: handling req: Method(6).LineTable(1)
10:36:02.716 INFO: JdwpDebugServer: handling req: Method(6).LineTable(1)
10:36:02.716 INFO: JdwpDebugServer: handling req: Method(6).LineTable(1)
10:36:02.716 INFO: JdwpDebugServer: handling req: Method(6).LineTable(1)
10:36:02.716 INFO: JdwpDebugServer: handling req: Method(6).LineTable(1)
10:36:02.716 INFO: JdwpDebugServer: handling req: Method(6).LineTable(1)
10:36:02.717 INFO: JdwpDebugServer: handling req: Method(6).LineTable(1)
10:36:02.717 INFO: JdwpDebugServer: handling req: Method(6).LineTable(1)
10:36:02.717 INFO: JdwpDebugServer: handling req: Method(6).LineTable(1)
10:36:02.717 INFO: JdwpDebugServer: handling req: Method(6).LineTable(1)
10:36:02.717 INFO: JdwpDebugServer: handling req: Method(6).LineTable(1)
10:36:02.717 INFO: JdwpDebugServer: handling req: Method(6).LineTable(1)
10:36:02.717 INFO: JdwpDebugServer: handling req: Method(6).LineTable(1)
10:36:02.717 INFO: JdwpDebugServer: handling req: Method(6).LineTable(1)
10:36:02.717 INFO: JdwpDebugServer: handling req: Method(6).LineTable(1)
10:36:02.718 INFO: JdwpDebugServer: handling req: Method(6).LineTable(1)
10:36:02.718 INFO: JdwpDebugServer: handling req: Method(6).LineTable(1)
10:36:02.718 INFO: JdwpDebugServer: handling req: Method(6).LineTable(1)
10:36:02.718 INFO: JdwpDebugServer: handling req: Method(6).LineTable(1)
10:36:02.718 INFO: JdwpDebugServer: handling req: Method(6).LineTable(1)
10:36:02.718 INFO: JdwpDebugServer: handling req: Method(6).LineTable(1)
10:36:02.718 INFO: JdwpDebugServer: handling req: Method(6).LineTable(1)
10:36:02.718 INFO: JdwpDebugServer: handling req: Method(6).LineTable(1)
10:36:02.718 INFO: JdwpDebugServer: handling req: Method(6).LineTable(1)
10:36:02.719 INFO: JdwpDebugServer: handling req: Method(6).LineTable(1)
10:36:02.719 INFO: JdwpDebugServer: handling req: Method(6).LineTable(1)
10:36:02.719 INFO: JdwpDebugServer: handling req: Method(6).LineTable(1)
10:36:02.719 INFO: JdwpDebugServer: handling req: Method(6).LineTable(1)
10:36:02.719 INFO: JdwpDebugServer: handling req: Method(6).LineTable(1)
10:36:02.719 INFO: JdwpDebugServer: handling req: Method(6).LineTable(1)
10:36:02.719 INFO: JdwpDebugServer: handling req: Method(6).LineTable(1)
10:36:02.719 INFO: JdwpDebugServer: handling req: Method(6).LineTable(1)
10:36:02.719 INFO: JdwpDebugServer: handling req: Method(6).LineTable(1)
10:36:02.719 INFO: JdwpDebugServer: handling req: Method(6).LineTable(1)
10:36:02.720 INFO: JdwpDebugServer: handling req: Method(6).LineTable(1)
10:36:02.720 INFO: JdwpDebugServer: handling req: Method(6).LineTable(1)
10:36:02.720 INFO: JdwpDebugServer: handling req: Method(6).LineTable(1)
10:36:02.720 INFO: JdwpDebugServer: handling req: Method(6).LineTable(1)
10:36:02.720 INFO: JdwpDebugServer: handling req: Method(6).LineTable(1)
10:36:02.720 INFO: JdwpDebugServer: handling req: Method(6).LineTable(1)
10:36:02.720 INFO: JdwpDebugServer: handling req: Method(6).LineTable(1)
10:36:02.720 INFO: JdwpDebugServer: handling req: Method(6).LineTable(1)
10:36:02.720 INFO: JdwpDebugServer: handling req: Method(6).LineTable(1)
10:36:02.720 INFO: JdwpDebugServer: handling req: Method(6).LineTable(1)
10:36:02.721 INFO: JdwpDebugServer: handling req: EventRequest(15).Set(1)
10:36:02.721 INFO: JdwpEventCenterDelegate: jdwpSetEventRequest: JdwpEventRequest{requestId=114, eventKind=BREAKPOINT, suspendPolicy=EVENT_THREAD, predicates=[Location{classId=15500, methodId=1307, index=142} ]}
10:36:02.721 INFO: JdwpDebugServer: handling req: EventRequest(15).Set(1)
10:36:02.721 INFO: JdwpEventCenterDelegate: jdwpSetEventRequest: JdwpEventRequest{requestId=115, eventKind=CLASS_PREPARE, suspendPolicy=EVENT_THREAD, predicates=[className=com.badlogic.gdx.graphics.g2d.SpriteBatch]}
10:36:02.722 INFO: JdwpDebugServer: handling req: EventRequest(15).Set(1)
10:36:02.722 INFO: JdwpEventCenterDelegate: jdwpSetEventRequest: JdwpEventRequest{requestId=116, eventKind=CLASS_PREPARE, suspendPolicy=EVENT_THREAD, predicates=[className=com.badlogic.gdx.graphics.g2d.SpriteBatch$*]}
10:36:02.723 INFO: JdwpDebugServer: handling req: VirtualMachine(1).ClassesBySignature(2)
10:36:02.723 INFO: JdwpDebugServer: handling req: ReferenceType(2).MethodsWithGeneric(15)
10:36:02.724 INFO: JdwpDebugServer: handling req: Method(6).LineTable(1)
10:36:02.724 INFO: JdwpDebugServer: handling req: Method(6).LineTable(1)
10:36:02.724 INFO: JdwpDebugServer: handling req: Method(6).LineTable(1)
10:36:02.724 INFO: JdwpDebugServer: handling req: Method(6).LineTable(1)
10:36:02.724 INFO: JdwpDebugServer: handling req: Method(6).LineTable(1)
10:36:02.724 INFO: JdwpDebugServer: handling req: Method(6).LineTable(1)
10:36:02.724 INFO: JdwpDebugServer: handling req: Method(6).LineTable(1)
10:36:02.724 INFO: JdwpDebugServer: handling req: Method(6).LineTable(1)
10:36:02.724 INFO: JdwpDebugServer: handling req: Method(6).LineTable(1)
10:36:02.724 INFO: JdwpDebugServer: handling req: Method(6).LineTable(1)
10:36:02.725 INFO: JdwpDebugServer: handling req: Method(6).LineTable(1)
10:36:02.725 INFO: JdwpDebugServer: handling req: Method(6).LineTable(1)
10:36:02.725 INFO: JdwpDebugServer: handling req: Method(6).LineTable(1)
10:36:02.725 INFO: JdwpDebugServer: handling req: Method(6).LineTable(1)
10:36:02.725 INFO: JdwpDebugServer: handling req: Method(6).LineTable(1)
10:36:02.725 INFO: JdwpDebugServer: handling req: Method(6).LineTable(1)
10:36:02.725 INFO: JdwpDebugServer: handling req: Method(6).LineTable(1)
10:36:02.725 INFO: JdwpDebugServer: handling req: Method(6).LineTable(1)
10:36:02.725 INFO: JdwpDebugServer: handling req: Method(6).LineTable(1)
10:36:02.725 INFO: JdwpDebugServer: handling req: Method(6).LineTable(1)
10:36:02.725 INFO: JdwpDebugServer: handling req: Method(6).LineTable(1)
10:36:02.725 INFO: JdwpDebugServer: handling req: Method(6).LineTable(1)
10:36:02.726 INFO: JdwpDebugServer: handling req: Method(6).LineTable(1)
10:36:02.726 INFO: JdwpDebugServer: handling req: Method(6).LineTable(1)
10:36:02.726 INFO: JdwpDebugServer: handling req: Method(6).LineTable(1)
10:36:02.726 INFO: JdwpDebugServer: handling req: Method(6).LineTable(1)
10:36:02.726 INFO: JdwpDebugServer: handling req: Method(6).LineTable(1)
10:36:02.726 INFO: JdwpDebugServer: handling req: Method(6).LineTable(1)
10:36:02.726 INFO: JdwpDebugServer: handling req: Method(6).LineTable(1)
10:36:02.726 INFO: JdwpDebugServer: handling req: Method(6).LineTable(1)
10:36:02.726 INFO: JdwpDebugServer: handling req: Method(6).LineTable(1)
10:36:02.726 INFO: JdwpDebugServer: handling req: Method(6).LineTable(1)
10:36:02.726 INFO: JdwpDebugServer: handling req: Method(6).LineTable(1)
10:36:02.726 INFO: JdwpDebugServer: handling req: Method(6).LineTable(1)
10:36:02.726 INFO: JdwpDebugServer: handling req: Method(6).LineTable(1)
10:36:02.727 INFO: JdwpDebugServer: handling req: Method(6).LineTable(1)
10:36:02.727 INFO: JdwpDebugServer: handling req: Method(6).LineTable(1)
10:36:02.727 INFO: JdwpDebugServer: handling req: Method(6).LineTable(1)
10:36:02.727 INFO: JdwpDebugServer: handling req: Method(6).LineTable(1)
10:36:02.727 INFO: JdwpDebugServer: handling req: Method(6).LineTable(1)
10:36:02.727 INFO: JdwpDebugServer: handling req: Method(6).LineTable(1)
10:36:02.727 INFO: JdwpDebugServer: handling req: Method(6).LineTable(1)
10:36:02.727 INFO: JdwpDebugServer: handling req: Method(6).LineTable(1)
10:36:02.727 INFO: JdwpDebugServer: handling req: Method(6).LineTable(1)
10:36:02.727 INFO: JdwpDebugServer: handling req: EventRequest(15).Set(1)
10:36:02.727 INFO: JdwpEventCenterDelegate: jdwpSetEventRequest: JdwpEventRequest{requestId=117, eventKind=BREAKPOINT, suspendPolicy=EVENT_THREAD, predicates=[Location{classId=18040, methodId=1542, index=163} ]}
10:36:02.728 INFO: JdwpDebugServer: handling req: EventRequest(15).Set(1)
10:36:02.728 INFO: JdwpEventCenterDelegate: jdwpSetEventRequest: JdwpEventRequest{requestId=118, eventKind=CLASS_PREPARE, suspendPolicy=EVENT_THREAD, predicates=[className=com.badlogic.gdx.graphics.g2d.PolygonSpriteBatch]}
10:36:02.729 INFO: JdwpDebugServer: handling req: EventRequest(15).Set(1)
10:36:02.729 INFO: JdwpEventCenterDelegate: jdwpSetEventRequest: JdwpEventRequest{requestId=119, eventKind=CLASS_PREPARE, suspendPolicy=EVENT_THREAD, predicates=[className=com.badlogic.gdx.graphics.g2d.PolygonSpriteBatch$*]}
10:36:02.730 INFO: JdwpDebugServer: handling req: VirtualMachine(1).ClassesBySignature(2)
10:36:02.730 INFO: JdwpDebugServer: handling req: EventRequest(15).Set(1)
10:36:02.730 INFO: JdwpEventCenterDelegate: jdwpSetEventRequest: JdwpEventRequest{requestId=120, eventKind=BREAKPOINT, suspendPolicy=EVENT_THREAD, predicates=[Location{classId=15500, methodId=1307, index=141} ]}
10:36:02.730 INFO: JdwpDebugServer: handling req: EventRequest(15).Set(1)
10:36:02.731 INFO: JdwpEventCenterDelegate: jdwpSetEventRequest: JdwpEventRequest{requestId=121, eventKind=CLASS_PREPARE, suspendPolicy=EVENT_THREAD, predicates=[className=com.scottlogic.util.GL32CMacIssueHandler]}
10:36:02.732 INFO: JdwpDebugServer: handling req: EventRequest(15).Set(1)
10:36:02.732 INFO: JdwpEventCenterDelegate: jdwpSetEventRequest: JdwpEventRequest{requestId=122, eventKind=CLASS_PREPARE, suspendPolicy=EVENT_THREAD, predicates=[className=com.scottlogic.util.GL32CMacIssueHandler$*]}
10:36:02.733 INFO: JdwpDebugServer: handling req: VirtualMachine(1).ClassesBySignature(2)
10:36:02.733 INFO: JdwpDebugServer: handling req: ReferenceType(2).MethodsWithGeneric(15)
10:36:02.733 INFO: JdwpDebugServer: handling req: Method(6).LineTable(1)
10:36:02.733 INFO: JdwpDebugServer: handling req: Method(6).LineTable(1)
10:36:02.733 INFO: JdwpDebugServer: handling req: Method(6).LineTable(1)
10:36:02.733 INFO: JdwpDebugServer: handling req: Method(6).LineTable(1)
10:36:02.733 INFO: JdwpDebugServer: handling req: Method(6).LineTable(1)
10:36:02.734 INFO: JdwpDebugServer: handling req: EventRequest(15).Set(1)
10:36:02.734 INFO: JdwpEventCenterDelegate: jdwpSetEventRequest: JdwpEventRequest{requestId=123, eventKind=BREAKPOINT, suspendPolicy=EVENT_THREAD, predicates=[Location{classId=21445, methodId=1762, index=128} ]}
10:36:02.735 INFO: JdwpDebugServer: handling req: EventRequest(15).Set(1)
10:36:02.735 INFO: JdwpEventCenterDelegate: jdwpSetEventRequest: JdwpEventRequest{requestId=124, eventKind=CLASS_PREPARE, suspendPolicy=EVENT_THREAD, predicates=[className=com.scottlogic.util.ShaderProgramFactory]}
10:36:02.737 INFO: JdwpDebugServer: handling req: EventRequest(15).Set(1)
10:36:02.737 INFO: JdwpEventCenterDelegate: jdwpSetEventRequest: JdwpEventRequest{requestId=125, eventKind=CLASS_PREPARE, suspendPolicy=EVENT_THREAD, predicates=[className=com.scottlogic.util.ShaderProgramFactory$*]}
10:36:02.738 INFO: JdwpDebugServer: handling req: VirtualMachine(1).ClassesBySignature(2)
10:36:02.738 INFO: JdwpDebugServer: handling req: ReferenceType(2).MethodsWithGeneric(15)
10:36:02.739 INFO: JdwpDebugServer: handling req: Method(6).LineTable(1)
10:36:02.739 INFO: JdwpDebugServer: handling req: Method(6).LineTable(1)
10:36:02.739 INFO: JdwpDebugServer: handling req: Method(6).LineTable(1)
10:36:02.739 INFO: JdwpDebugServer: handling req: Method(6).LineTable(1)
10:36:02.739 INFO: JdwpDebugServer: handling req: Method(6).LineTable(1)
10:36:02.739 INFO: JdwpDebugServer: handling req: EventRequest(15).Set(1)
10:36:02.739 INFO: JdwpEventCenterDelegate: jdwpSetEventRequest: JdwpEventRequest{requestId=126, eventKind=BREAKPOINT, suspendPolicy=EVENT_THREAD, predicates=[Location{classId=20400, methodId=1787, index=106} ]}
10:36:02.741 INFO: JdwpDebugServer: handling req: VirtualMachine(1).capabilitiesNew(17)
10:36:02.747 INFO: JdwpDebugServer: handling req: EventRequest(15).Set(1)
10:36:02.747 INFO: JdwpEventCenterDelegate: jdwpSetEventRequest: JdwpEventRequest{requestId=127, eventKind=CLASS_PREPARE, suspendPolicy=EVENT_THREAD, predicates=[className=java.lang.Error]}
10:36:02.749 INFO: JdwpDebugServer: handling req: EventRequest(15).Set(1)
10:36:02.749 INFO: JdwpEventCenterDelegate: jdwpSetEventRequest: JdwpEventRequest{requestId=128, eventKind=CLASS_PREPARE, suspendPolicy=EVENT_THREAD, predicates=[className=java.lang.Error$*]}
10:36:02.750 INFO: JdwpDebugServer: handling req: VirtualMachine(1).ClassesBySignature(2)
10:36:02.751 INFO: JdwpDebugServer: handling req: EventRequest(15).Set(1)
10:36:02.751 INFO: JdwpEventCenterDelegate: jdwpSetEventRequest: JdwpEventRequest{requestId=129, eventKind=EXCEPTION, suspendPolicy=EVENT_THREAD, predicates=[exceptionType=3425(caught=true, uncaught=true)]}
10:36:02.812 INFO: JdwpDebugServer: handling req: EventRequest(15).Set(1)
10:36:02.812 INFO: JdwpEventCenterDelegate: jdwpSetEventRequest: JdwpEventRequest{requestId=130, eventKind=CLASS_PREPARE, suspendPolicy=EVENT_THREAD, predicates=[className=java.lang.Throwable]}
10:36:02.814 INFO: JdwpDebugServer: handling req: EventRequest(15).Set(1)
10:36:02.814 INFO: JdwpEventCenterDelegate: jdwpSetEventRequest: JdwpEventRequest{requestId=131, eventKind=CLASS_PREPARE, suspendPolicy=EVENT_THREAD, predicates=[className=java.lang.Throwable$*]}
10:36:02.815 INFO: JdwpDebugServer: handling req: VirtualMachine(1).ClassesBySignature(2)
10:36:02.815 INFO: JdwpDebugServer: handling req: EventRequest(15).Set(1)
10:36:02.815 INFO: JdwpEventCenterDelegate: jdwpSetEventRequest: JdwpEventRequest{requestId=132, eventKind=EXCEPTION, suspendPolicy=EVENT_THREAD, predicates=[exceptionType=7695(caught=false, uncaught=true)]}
10:36:02.818 INFO: JdwpDebugServer: handling req: ThreadReference(11).SuspendCount(12)
10:36:02.818 INFO: JdwpDebugServer: handling req: ThreadReference(11).SuspendCount(12)
10:36:02.818 INFO: JdwpDebugServer: handling req: ThreadReference(11).SuspendCount(12)
10:36:02.818 INFO: JdwpDebugServer: handling req: ThreadReference(11).SuspendCount(12)
10:36:02.819 INFO: JdwpDebugServer: handling req: VirtualMachine(1).AllThreads(4)
10:36:02.819 INFO: JdwpDebugServer: handling req: VirtualMachine(1).Resume(9)
10:36:02.881 INFO: JdwpEventCenterDelegate: THREAD_RESUMED: thread (33, main, main)
10:36:02.881 INFO: JdwpEventCenterDelegate: THREAD_RESUMED: thread (33, main, main)
10:36:02.882 INFO: JdwpEventCenterDelegate: THREAD_RESUMED: thread (33, main, main)
10:36:02.882 INFO: JdwpEventCenterDelegate: THREAD_RESUMED: thread (33, main, main)
10:36:02.883 INFO: JdwpEventCenterDelegate: THREAD_RESUMED: thread (33, main, main)
10:36:02.883 INFO: JdwpEventCenterDelegate: THREAD_RESUMED: thread (33, main, main)
10:36:02.883 INFO: JdwpEventCenterDelegate: THREAD_RESUMED: thread (33, main, main)
10:36:02.885 INFO: JdwpEventCenterDelegate: THREAD_RESUMED: thread (33, main, main)
10:36:02.886 INFO: JdwpEventCenterDelegate: THREAD_RESUMED: thread (33, main, main)
10:36:02.886 INFO: JdwpEventCenterDelegate: THREAD_RESUMED: thread (33, main, main)
10:36:02.887 INFO: JdwpEventCenterDelegate: THREAD_RESUMED: thread (33, main, main)
10:36:02.892 INFO: JdwpEventCenterDelegate: THREAD_RESUMED: thread (33, main, main)
10:36:02.893 INFO: JdwpEventCenterDelegate: THREAD_RESUMED: thread (33, main, main)
10:36:02.893 INFO: JdwpEventCenterDelegate: THREAD_RESUMED: thread (33, main, main)
10:36:02.969 INFO: JdwpEventCenterDelegate: THREAD_RESUMED: thread (33, main, main)
10:36:02.970 INFO: JdwpEventCenterDelegate: THREAD_RESUMED: thread (33, main, main)
10:36:02.970 INFO: JdwpEventCenterDelegate: THREAD_RESUMED: thread (33, main, main)
10:36:02.983 INFO: JdwpEventCenterDelegate: THREAD_RESUMED: thread (33, main, main)
10:36:02.983 INFO: JdwpEventCenterDelegate: THREAD_RESUMED: thread (33, main, main)
10:36:02.984 INFO: JdwpEventCenterDelegate: THREAD_RESUMED: thread (33, main, main)
10:36:03.253 INFO: JdwpEventCenterDelegate: THREAD_RESUMED: thread (33, main, main)
10:36:03.254 INFO: JdwpEventCenterDelegate: THREAD_RESUMED: thread (33, main, main)
10:36:03.254 INFO: JdwpEventCenterDelegate: THREAD_RESUMED: thread (33, main, main)
10:36:03.322 INFO: JdwpEventCenterDelegate: THREAD_RESUMED: thread (33, main, main)
10:36:03.323 INFO: JdwpEventCenterDelegate: THREAD_RESUMED: thread (33, main, main)
10:36:03.323 INFO: JdwpEventCenterDelegate: THREAD_RESUMED: thread (33, main, main)
10:36:03.358 INFO: JdwpEventCenterDelegate: THREAD_RESUMED: thread (33, main, main)
10:36:03.358 INFO: JdwpEventCenterDelegate: THREAD_RESUMED: thread (33, main, main)
10:36:03.359 INFO: JdwpDebugServer: handling req: ThreadReference(11).Name(1)
10:36:03.359 INFO: JdwpEventCenterDelegate: THREAD_RESUMED: thread (33, main, main)
10:36:03.361 INFO: JdwpDebugServer: handling req: ThreadReference(11).Name(1)
10:36:03.362 INFO: JdwpDebugServer: handling req: ThreadReference(11).Name(1)
10:36:03.362 INFO: JdwpDebugServer: handling req: ThreadReference(11).Name(1)
10:36:03.382 INFO: JdwpEventCenterDelegate: THREAD_RESUMED: thread (33, main, main)
10:36:03.383 INFO: JdwpEventCenterDelegate: THREAD_RESUMED: thread (33, main, main)
10:36:03.384 INFO: JdwpEventCenterDelegate: THREAD_RESUMED: thread (33, main, main)
10:36:03.385 INFO: JdwpEventCenterDelegate: THREAD_RESUMED: thread (33, main, main)
10:36:03.391 INFO: JdwpEventCenterDelegate: THREAD_RESUMED: thread (33, main, main)
10:36:03.391 INFO: JdwpEventCenterDelegate: THREAD_RESUMED: thread (33, main, main)
10:36:03.940 INFO: JdwpEventCenterDelegate: THREAD_RESUMED: thread (33, main, main)
10:36:03.940 INFO: JdwpEventCenterDelegate: THREAD_RESUMED: thread (33, main, main)
10:36:03.959 INFO: JdwpEventCenterDelegate: THREAD_RESUMED: thread (33, main, main)
10:36:03.959 INFO: JdwpEventCenterDelegate: THREAD_RESUMED: thread (33, main, main)
10:36:03.960 INFO: JdwpEventCenterDelegate: THREAD_RESUMED: thread (33, main, main)
10:36:03.960 INFO: JdwpEventCenterDelegate: THREAD_RESUMED: thread (33, main, main)
10:36:04.028 INFO: JdwpEventCenterDelegate: THREAD_RESUMED: thread (33, main, main)
10:36:04.393 INFO: JdwpDebugServer: handling req: EventRequest(15).Set(1)
10:36:04.393 INFO: JdwpEventCenterDelegate: jdwpSetEventRequest: JdwpEventRequest{requestId=133, eventKind=BREAKPOINT, suspendPolicy=EVENT_THREAD, predicates=[Location{classId=15500, methodId=1307, index=142} ]}
10:36:04.395 INFO: JdwpDebugServer: handling req: EventRequest(15).Set(1)
10:36:04.395 INFO: JdwpEventCenterDelegate: jdwpSetEventRequest: JdwpEventRequest{requestId=134, eventKind=BREAKPOINT, suspendPolicy=EVENT_THREAD, predicates=[Location{classId=15500, methodId=1307, index=141} ]}
10:36:04.398 INFO: JdwpDebugServer: handling req: ThreadReference(11).Resume(3)
10:36:04.399 INFO: JdwpEventCenterDelegate: THREAD_RESUMED: thread (33, main, main)
10:36:04.399 INFO: JdwpDebugServer: handling req: EventRequest(15).Set(1)
10:36:04.399 INFO: JdwpEventCenterDelegate: jdwpSetEventRequest: JdwpEventRequest{requestId=135, eventKind=BREAKPOINT, suspendPolicy=EVENT_THREAD, predicates=[Location{classId=21445, methodId=1762, index=128} ]}
10:36:04.411 INFO: JdwpDebugServer: handling req: ThreadReference(11).Resume(3)
10:36:04.412 INFO: JdwpEventCenterDelegate: THREAD_RESUMED: thread (33, main, main)
10:36:04.415 INFO: JdwpDebugServer: handling req: ThreadReference(11).Frames(6)
10:36:04.415 INFO: JdwpDebugServer: handling req: ReferenceType(2).MethodsWithGeneric(15)
10:36:04.415 INFO: JdwpDebugServer: handling req: ReferenceType(2).MethodsWithGeneric(15)
10:36:04.416 INFO: JdwpDebugServer: handling req: ReferenceType(2).MethodsWithGeneric(15)
10:36:04.416 INFO: JdwpDebugServer: handling req: ReferenceType(2).MethodsWithGeneric(15)
10:36:04.416 INFO: JdwpDebugServer: handling req: ReferenceType(2).MethodsWithGeneric(15)
10:36:04.417 INFO: JdwpDebugServer: handling req: ReferenceType(2).MethodsWithGeneric(15)
10:36:04.420 INFO: JdwpDebugServer: handling req: ThreadReference(11).FramesCount(7)
10:36:04.421 INFO: JdwpDebugServer: handling req: ThreadReference(11).FramesCount(7)
10:36:04.630 INFO: JdwpDebugServer: handling req: ThreadReference(11).Name(1)
10:36:04.630 INFO: JdwpDebugServer: handling req: ReferenceType(2).SignatureWithGeneric(13)
10:36:04.632 INFO: JdwpDebugServer: handling req: ThreadReference(11).Name(1)
10:36:04.632 INFO: JdwpDebugServer: handling req: ThreadReference(11).Name(1)
10:36:04.632 INFO: JdwpDebugServer: handling req: ThreadReference(11).Name(1)
10:36:04.633 INFO: JdwpDebugServer: handling req: ThreadReference(11).Name(1)
10:36:04.689 INFO: JdwpDebugServer: handling req: ReferenceType(2).SourceFile(7)
10:36:04.694 INFO: JdwpDebugServer: handling req: ReferenceType(2).FieldsWithGeneric(14)
10:36:04.694 INFO: JdwpDebugServer: handling req: ReferenceType(2).Interfaces(10)
10:36:04.694 INFO: JdwpDebugServer: handling req: ClassType(3).Superclass(1)
10:36:04.694 INFO: JdwpDebugServer: handling req: ClassType(3).Superclass(1)
10:36:04.695 INFO: JdwpDebugServer: handling req: Method(6).VariableTableWithGenerics(5)
10:36:04.738 INFO: JdwpDebugServer: handling req: StackFrame(16).GetValues(1)
10:36:04.740 INFO: JdwpDebugServer: handling req: StackFrame(16).GetValues(1)
10:36:04.740 INFO: JdwpDebugServer: handling req: ObjectReference(9).ReferenceType(1)
10:36:04.741 INFO: JdwpDebugServer: handling req: ClassType(3).Superclass(1)
10:36:04.741 INFO: JdwpDebugServer: handling req: ClassType(3).Superclass(1)
10:36:04.741 INFO: JdwpDebugServer: handling req: ReferenceType(2).Interfaces(10)
10:36:04.741 INFO: JdwpDebugServer: handling req: StackFrame(16).GetValues(1)
10:36:04.741 INFO: JdwpDebugServer: handling req: ReferenceType(2).Interfaces(10)
10:36:04.741 INFO: JdwpDebugServer: handling req: ReferenceType(2).Interfaces(10)
10:36:04.741 INFO: JdwpDebugServer: handling req: ClassType(3).Superclass(1)
10:36:04.741 INFO: JdwpDebugServer: handling req: ReferenceType(2).Interfaces(10)
10:36:04.741 INFO: JdwpDebugServer: handling req: ReferenceType(2).Interfaces(10)
10:36:04.741 INFO: JdwpDebugServer: handling req: ClassType(3).Superclass(1)
10:36:04.741 INFO: JdwpDebugServer: handling req: ClassType(3).Superclass(1)
10:36:04.742 INFO: JdwpDebugServer: handling req: StringReference(10).Value(1)
10:36:04.742 INFO: JdwpDebugServer: handling req: StackFrame(16).GetValues(1)
10:36:04.742 INFO: JdwpDebugServer: handling req: StackFrame(16).GetValues(1)
10:36:04.743 INFO: JdwpDebugServer: handling req: StackFrame(16).GetValues(1)
10:36:04.743 INFO: JdwpDebugServer: handling req: StringReference(10).Value(1)
10:36:04.743 INFO: JdwpDebugServer: handling req: StackFrame(16).GetValues(1)
10:36:04.744 INFO: JdwpDebugServer: handling req: StackFrame(16).GetValues(1)
10:36:04.744 INFO: JdwpDebugServer: handling req: StackFrame(16).GetValues(1)
10:36:04.744 INFO: JdwpDebugServer: handling req: StackFrame(16).GetValues(1)
10:36:04.744 INFO: JdwpDebugServer: handling req: ObjectReference(9).ReferenceType(1)
10:36:04.744 INFO: JdwpDebugServer: handling req: ClassType(3).Superclass(1)
10:36:04.744 INFO: JdwpDebugServer: handling req: StackFrame(16).GetValues(1)
10:36:04.745 INFO: JdwpDebugServer: handling req: StackFrame(16).GetValues(1)
10:36:04.745 INFO: JdwpDebugServer: handling req: StackFrame(16).GetValues(1)
10:36:04.745 INFO: JdwpDebugServer: handling req: StringReference(10).Value(1)
10:36:04.746 INFO: JdwpDebugServer: handling req: StackFrame(16).GetValues(1)
10:36:04.746 INFO: JdwpDebugServer: handling req: StackFrame(16).GetValues(1)
10:36:04.746 INFO: JdwpDebugServer: handling req: ReferenceType(2).FieldsWithGeneric(14)
10:36:04.746 INFO: JdwpDebugServer: handling req: StackFrame(16).GetValues(1)
10:36:04.746 INFO: JdwpDebugServer: handling req: ReferenceType(2).FieldsWithGeneric(14)
10:36:04.746 INFO: JdwpDebugServer: handling req: ReferenceType(2).FieldsWithGeneric(14)
10:36:04.746 INFO: JdwpDebugServer: handling req: ReferenceType(2).FieldsWithGeneric(14)
10:36:04.747 INFO: JdwpDebugServer: handling req: StackFrame(16).GetValues(1)
10:36:04.765 INFO: JdwpDebugServer: handling req: StackFrame(16).GetValues(1)
10:36:04.766 INFO: JdwpDebugServer: handling req: ClassType(3).Superclass(1)
10:36:04.766 INFO: JdwpDebugServer: handling req: StringReference(10).Value(1)
10:36:04.779 INFO: JdwpDebugServer: handling req: ThreadReference(11).FramesCount(7)
10:36:04.780 INFO: JdwpDebugServer: handling req: ThreadReference(11).Name(1)
10:36:04.780 INFO: JdwpDebugServer: handling req: ThreadReference(11).Name(1)
10:36:04.781 INFO: JdwpDebugServer: handling req: ThreadReference(11).Name(1)
10:36:04.781 INFO: JdwpDebugServer: handling req: ThreadReference(11).Name(1)
10:36:04.783 INFO: JdwpDebugServer: handling req: ThreadReference(11).FramesCount(7)
10:36:04.784 INFO: JdwpDebugServer: handling req: StackFrame(16).ThisObject(3)
10:36:04.785 INFO: JdwpDebugServer: handling req: ObjectReference(9).ReferenceType(1)
10:36:04.785 INFO: JdwpDebugServer: handling req: Method(6).LineTable(1)
10:36:04.785 INFO: JdwpDebugServer: handling req: StackFrame(16).ThisObject(3)
10:36:04.785 INFO: JdwpDebugServer: handling req: ObjectReference(9).ReferenceType(1)
10:36:04.786 INFO: JdwpDebugServer: handling req: Method(6).LineTable(1)
10:36:04.786 INFO: JdwpDebugServer: handling req: StackFrame(16).ThisObject(3)
10:36:04.786 INFO: JdwpDebugServer: handling req: ObjectReference(9).ReferenceType(1)
10:36:04.786 INFO: JdwpDebugServer: handling req: Method(6).LineTable(1)
10:36:04.787 INFO: JdwpDebugServer: handling req: StackFrame(16).ThisObject(3)
10:36:04.787 INFO: JdwpDebugServer: handling req: ObjectReference(9).ReferenceType(1)
10:36:04.787 INFO: JdwpDebugServer: handling req: Method(6).LineTable(1)
10:36:04.787 INFO: JdwpDebugServer: handling req: StackFrame(16).ThisObject(3)
10:36:04.788 INFO: JdwpDebugServer: handling req: ObjectReference(9).ReferenceType(1)
10:36:04.788 INFO: JdwpDebugServer: handling req: Method(6).LineTable(1)
10:36:04.788 INFO: JdwpDebugServer: handling req: Method(6).LineTable(1)
10:36:04.789 INFO: JdwpDebugServer: handling req: Method(6).LineTable(1)
10:36:10.955 INFO: JdwpDebugServer: handling req: VirtualMachine(1).ClassesBySignature(2)
10:36:10.955 INFO: JdwpDebugServer: handling req: ReferenceType(2).FieldsWithGeneric(14)
10:36:10.956 INFO: JdwpDebugServer: handling req: ReferenceType(2).Interfaces(10)
10:36:10.956 INFO: JdwpDebugServer: handling req: ReferenceType(2).FieldsWithGeneric(14)
10:36:10.957 INFO: JdwpDebugServer: handling req: ReferenceType(2).Interfaces(10)
10:36:10.957 INFO: JdwpDebugServer: handling req: ClassType(3).Superclass(1)
10:36:11.029 INFO: JdwpDebugServer: handling req: ReferenceType(2).GetValues(6)
10:36:11.031 INFO: JdwpDebugServer: handling req: ObjectReference(9).ReferenceType(1)
10:36:11.031 INFO: JdwpDebugServer: handling req: ClassType(3).Superclass(1)
10:36:11.031 INFO: JdwpDebugServer: handling req: StringReference(10).Value(1)
10:36:11.034 INFO: JdwpDebugServer: handling req: ReferenceType(2).GetValues(6)
10:36:11.035 INFO: JdwpDebugServer: handling req: ReferenceType(2).GetValues(6)
10:36:11.035 INFO: JdwpDebugServer: handling req: StringReference(10).Value(1)
10:36:11.035 INFO: JdwpDebugServer: handling req: ReferenceType(2).GetValues(6)
10:36:11.036 INFO: JdwpDebugServer: handling req: ClassType(3).Superclass(1)
10:36:11.038 INFO: JdwpDebugServer: handling req: ReferenceType(2).GetValues(6)
10:36:11.038 INFO: JdwpDebugServer: handling req: ClassType(3).Superclass(1)
10:36:11.039 INFO: JdwpDebugServer: handling req: ReferenceType(2).GetValues(6)
10:36:11.039 INFO: JdwpDebugServer: handling req: ClassType(3).Superclass(1)
10:36:11.040 INFO: JdwpDebugServer: handling req: ObjectReference(9).GetValues(2)
10:36:11.045 INFO: JdwpDebugServer: handling req: ReferenceType(2).GetValues(6)
10:36:11.046 INFO: JdwpDebugServer: handling req: ReferenceType(2).GetValues(6)
10:36:11.046 INFO: JdwpDebugServer: handling req: ClassType(3).Superclass(1)
10:36:11.046 INFO: JdwpDebugServer: handling req: ReferenceType(2).GetValues(6)
10:36:11.046 INFO: JdwpDebugServer: handling req: ObjectReference(9).GetValues(2)
10:36:11.047 INFO: JdwpDebugServer: handling req: ObjectReference(9).GetValues(2)
10:36:11.047 INFO: JdwpDebugServer: handling req: ObjectReference(9).GetValues(2)
10:36:11.047 INFO: JdwpDebugServer: handling req: ObjectReference(9).GetValues(2)
10:36:11.048 INFO: JdwpDebugServer: handling req: ObjectReference(9).GetValues(2)
10:36:11.048 INFO: JdwpDebugServer: handling req: ObjectReference(9).GetValues(2)
10:36:11.048 INFO: JdwpDebugServer: handling req: ObjectReference(9).GetValues(2)
10:36:11.049 INFO: JdwpDebugServer: handling req: ObjectReference(9).GetValues(2)
10:36:11.049 INFO: JdwpDebugServer: handling req: ObjectReference(9).GetValues(2)
10:36:11.049 INFO: JdwpDebugServer: handling req: ObjectReference(9).GetValues(2)
10:36:11.049 INFO: JdwpDebugServer: handling req: ObjectReference(9).GetValues(2)
10:36:11.049 INFO: JdwpDebugServer: handling req: ArrayReference(13).Length(1)
10:36:11.049 INFO: JdwpDebugServer: handling req: ObjectReference(9).GetValues(2)
10:36:11.050 INFO: JdwpDebugServer: handling req: ObjectReference(9).GetValues(2)
10:36:11.051 INFO: JdwpDebugServer: handling req: ObjectReference(9).GetValues(2)
10:36:11.051 INFO: JdwpDebugServer: handling req: ObjectReference(9).GetValues(2)
10:36:11.051 INFO: JdwpDebugServer: handling req: ObjectReference(9).GetValues(2)
10:36:11.052 INFO: JdwpDebugServer: handling req: ObjectReference(9).ReferenceType(1)
10:36:11.052 INFO: JdwpDebugServer: handling req: ReferenceType(2).Signature(1)
10:36:11.052 INFO: JdwpDebugServer: handling req: ReferenceType(2).ClassLoader(2)
10:36:11.053 INFO: JdwpDebugServer: handling req: ObjectReference(9).GetValues(2)
10:36:11.054 INFO: JdwpDebugServer: handling req: ObjectReference(9).GetValues(2)
10:36:11.054 INFO: JdwpDebugServer: handling req: ObjectReference(9).GetValues(2)
10:36:22.783 INFO: JdwpDebugServer: handling req: ThreadReference(11).Resume(3)
10:36:22.785 INFO: JdwpEventCenterDelegate: THREAD_RESUMED: thread (33, main, main)
10:36:22.786 INFO: JdwpDebugServer: handling req: EventRequest(15).Set(1)
10:36:22.787 INFO: JdwpEventCenterDelegate: jdwpSetEventRequest: JdwpEventRequest{requestId=136, eventKind=BREAKPOINT, suspendPolicy=EVENT_THREAD, predicates=[Location{classId=20400, methodId=1787, index=106} ]}
10:36:22.792 INFO: JdwpDebugServer: handling req: ThreadReference(11).Resume(3)
10:36:22.792 INFO: JdwpEventCenterDelegate: THREAD_RESUMED: thread (33, main, main)
10:36:22.810 INFO: JdwpDebugServer: handling req: ThreadReference(11).Name(1)
10:36:22.810 INFO: JdwpDebugServer: handling req: ThreadReference(11).Name(1)
10:36:22.811 INFO: JdwpDebugServer: handling req: ThreadReference(11).Name(1)
10:36:22.815 INFO: JdwpDebugServer: handling req: ThreadReference(11).Frames(6)
10:36:22.816 INFO: JdwpDebugServer: handling req: ThreadReference(11).FramesCount(7)
10:36:22.816 INFO: JdwpDebugServer: handling req: ThreadReference(11).FramesCount(7)
10:36:22.913 INFO: JdwpDebugServer: handling req: ThreadReference(11).Name(1)
10:36:22.913 INFO: JdwpDebugServer: handling req: ReferenceType(2).SignatureWithGeneric(13)
10:36:22.914 INFO: JdwpDebugServer: handling req: ThreadReference(11).Name(1)
10:36:22.914 INFO: JdwpDebugServer: handling req: ThreadReference(11).Name(1)
10:36:22.914 INFO: JdwpDebugServer: handling req: ThreadReference(11).Name(1)
10:36:22.915 INFO: JdwpDebugServer: handling req: ThreadReference(11).Name(1)
10:36:22.958 INFO: JdwpDebugServer: handling req: ThreadReference(11).FramesCount(7)
10:36:22.958 INFO: JdwpDebugServer: handling req: ReferenceType(2).FieldsWithGeneric(14)
10:36:22.959 INFO: JdwpDebugServer: handling req: ReferenceType(2).Interfaces(10)
10:36:22.959 INFO: JdwpDebugServer: handling req: ClassType(3).Superclass(1)
10:36:22.960 INFO: JdwpDebugServer: handling req: Method(6).VariableTableWithGenerics(5)
10:36:22.968 INFO: JdwpDebugServer: handling req: ThreadReference(11).Name(1)
10:36:22.969 INFO: JdwpDebugServer: handling req: ThreadReference(11).FramesCount(7)
10:36:22.976 INFO: JdwpDebugServer: handling req: StackFrame(16).ThisObject(3)
10:36:22.976 INFO: JdwpDebugServer: handling req: ObjectReference(9).ReferenceType(1)
10:36:22.977 INFO: JdwpDebugServer: handling req: StackFrame(16).ThisObject(3)
10:36:22.977 INFO: JdwpDebugServer: handling req: ObjectReference(9).ReferenceType(1)
10:36:22.977 INFO: JdwpDebugServer: handling req: StackFrame(16).ThisObject(3)
10:36:22.977 INFO: JdwpDebugServer: handling req: ObjectReference(9).ReferenceType(1)
10:36:22.978 INFO: JdwpDebugServer: handling req: StackFrame(16).ThisObject(3)
10:36:22.978 INFO: JdwpDebugServer: handling req: ObjectReference(9).ReferenceType(1)
10:36:22.978 INFO: JdwpDebugServer: handling req: StackFrame(16).GetValues(1)
10:36:22.978 INFO: JdwpDebugServer: handling req: ObjectReference(9).ReferenceType(1)
10:36:22.979 INFO: JdwpDebugServer: handling req: StackFrame(16).ThisObject(3)
10:36:22.979 INFO: JdwpDebugServer: handling req: ObjectReference(9).ReferenceType(1)
10:36:22.979 INFO: JdwpDebugServer: handling req: StackFrame(16).GetValues(1)
10:36:22.979 INFO: JdwpDebugServer: handling req: ObjectReference(9).ReferenceType(1)
10:36:22.980 INFO: JdwpDebugServer: handling req: StackFrame(16).GetValues(1)
10:36:22.980 INFO: JdwpDebugServer: handling req: StackFrame(16).GetValues(1)
10:36:22.980 INFO: JdwpDebugServer: handling req: StackFrame(16).GetValues(1)
10:36:22.981 INFO: JdwpDebugServer: handling req: StackFrame(16).GetValues(1)
10:36:22.981 INFO: JdwpDebugServer: handling req: ClassType(3).Superclass(1)
10:36:22.981 INFO: JdwpDebugServer: handling req: StackFrame(16).GetValues(1)
10:36:22.982 INFO: JdwpDebugServer: handling req: StackFrame(16).GetValues(1)
10:36:22.982 INFO: JdwpDebugServer: handling req: StackFrame(16).GetValues(1)
10:36:22.982 INFO: JdwpDebugServer: handling req: StackFrame(16).GetValues(1)
10:36:22.983 INFO: JdwpDebugServer: handling req: StringReference(10).Value(1)
10:36:22.983 INFO: JdwpDebugServer: handling req: StackFrame(16).GetValues(1)
10:36:22.983 INFO: JdwpDebugServer: handling req: StackFrame(16).GetValues(1)
10:36:22.985 INFO: JdwpDebugServer: handling req: ObjectReference(9).ReferenceType(1)
10:36:22.985 INFO: JdwpDebugServer: handling req: StackFrame(16).GetValues(1)
10:36:22.985 INFO: JdwpDebugServer: handling req: ReferenceType(2).SourceFile(7)
10:36:22.986 INFO: JdwpDebugServer: handling req: StackFrame(16).GetValues(1)
10:36:22.989 INFO: JdwpDebugServer: handling req: StackFrame(16).GetValues(1)
10:36:22.989 INFO: JdwpDebugServer: handling req: ClassType(3).Superclass(1)
10:36:22.990 INFO: JdwpDebugServer: handling req: StackFrame(16).GetValues(1)
10:36:22.990 INFO: JdwpDebugServer: handling req: StackFrame(16).GetValues(1)
10:36:22.990 INFO: JdwpDebugServer: handling req: ClassType(3).Superclass(1)
10:36:22.990 INFO: JdwpDebugServer: handling req: StackFrame(16).GetValues(1)
10:36:22.991 INFO: JdwpDebugServer: handling req: StackFrame(16).GetValues(1)
10:36:22.991 INFO: JdwpDebugServer: handling req: StackFrame(16).GetValues(1)
10:36:22.991 INFO: JdwpDebugServer: handling req: StringReference(10).Value(1)
10:36:22.992 INFO: JdwpDebugServer: handling req: StackFrame(16).GetValues(1)
10:36:22.992 INFO: JdwpDebugServer: handling req: StackFrame(16).GetValues(1)
10:36:22.992 INFO: JdwpDebugServer: handling req: StackFrame(16).GetValues(1)
10:36:22.994 INFO: JdwpDebugServer: handling req: StackFrame(16).GetValues(1)
10:36:22.994 INFO: JdwpDebugServer: handling req: StackFrame(16).GetValues(1)
10:36:22.995 INFO: JdwpDebugServer: handling req: StackFrame(16).GetValues(1)
10:36:22.995 INFO: JdwpDebugServer: handling req: StackFrame(16).GetValues(1)
10:36:22.995 INFO: JdwpDebugServer: handling req: StackFrame(16).GetValues(1)
10:36:22.996 INFO: JdwpDebugServer: handling req: StackFrame(16).GetValues(1)
10:36:22.996 INFO: JdwpDebugServer: handling req: StackFrame(16).GetValues(1)
10:36:22.997 INFO: JdwpDebugServer: handling req: StackFrame(16).GetValues(1)
10:36:22.997 INFO: JdwpDebugServer: handling req: StackFrame(16).GetValues(1)
10:36:22.998 INFO: JdwpDebugServer: handling req: StackFrame(16).GetValues(1)
10:36:22.998 INFO: JdwpDebugServer: handling req: StackFrame(16).GetValues(1)
10:36:22.998 INFO: JdwpDebugServer: handling req: StackFrame(16).GetValues(1)
10:36:22.999 INFO: JdwpDebugServer: handling req: StackFrame(16).GetValues(1)
10:36:22.999 INFO: JdwpDebugServer: handling req: StackFrame(16).GetValues(1)
10:36:23.000 INFO: JdwpDebugServer: handling req: StackFrame(16).GetValues(1)
10:36:23.000 INFO: JdwpDebugServer: handling req: StackFrame(16).GetValues(1)
10:36:23.000 INFO: JdwpDebugServer: handling req: StackFrame(16).GetValues(1)
10:36:23.001 INFO: JdwpDebugServer: handling req: StackFrame(16).GetValues(1)
10:36:23.001 INFO: JdwpDebugServer: handling req: StackFrame(16).GetValues(1)
10:36:23.001 INFO: JdwpDebugServer: handling req: StackFrame(16).GetValues(1)
10:36:23.001 INFO: JdwpDebugServer: handling req: StackFrame(16).GetValues(1)
10:36:23.002 INFO: JdwpDebugServer: handling req: StackFrame(16).GetValues(1)
10:36:23.002 INFO: JdwpDebugServer: handling req: StackFrame(16).GetValues(1)
10:36:23.002 INFO: JdwpDebugServer: handling req: StackFrame(16).GetValues(1)
10:36:23.003 INFO: JdwpDebugServer: handling req: StackFrame(16).GetValues(1)
10:36:23.003 INFO: JdwpDebugServer: handling req: StackFrame(16).GetValues(1)
10:36:23.003 INFO: JdwpDebugServer: handling req: StackFrame(16).GetValues(1)
10:36:23.004 INFO: JdwpDebugServer: handling req: StackFrame(16).GetValues(1)
10:36:23.004 INFO: JdwpDebugServer: handling req: StackFrame(16).GetValues(1)
10:36:23.004 INFO: JdwpDebugServer: handling req: ClassType(3).Superclass(1)
10:36:23.005 INFO: JdwpDebugServer: handling req: StackFrame(16).GetValues(1)
10:36:23.005 INFO: JdwpDebugServer: handling req: StackFrame(16).GetValues(1)
10:36:23.008 INFO: JdwpDebugServer: handling req: StackFrame(16).GetValues(1)
10:36:23.009 INFO: JdwpDebugServer: handling req: StackFrame(16).GetValues(1)
10:36:23.010 INFO: JdwpDebugServer: handling req: StackFrame(16).GetValues(1)
10:36:23.013 INFO: JdwpDebugServer: handling req: StackFrame(16).GetValues(1)
10:36:23.014 INFO: JdwpDebugServer: handling req: ClassType(3).Superclass(1)
10:36:23.027 INFO: JdwpDebugServer: handling req: ObjectReference(9).GetValues(2)
10:36:23.028 INFO: JdwpDebugServer: handling req: ObjectReference(9).GetValues(2)
10:36:23.028 INFO: JdwpDebugServer: handling req: ObjectReference(9).GetValues(2)
10:36:23.029 INFO: JdwpDebugServer: handling req: ObjectReference(9).GetValues(2)
10:36:23.029 INFO: JdwpDebugServer: handling req: ObjectReference(9).GetValues(2)
10:36:23.029 INFO: JdwpDebugServer: handling req: ObjectReference(9).ReferenceType(1)
10:36:23.029 INFO: JdwpDebugServer: handling req: ObjectReference(9).GetValues(2)
10:36:23.029 INFO: JdwpDebugServer: handling req: ObjectReference(9).GetValues(2)
10:36:23.029 INFO: JdwpDebugServer: handling req: ClassType(3).Superclass(1)
10:36:23.029 INFO: JdwpDebugServer: handling req: ObjectReference(9).GetValues(2)
10:36:23.030 INFO: JdwpDebugServer: handling req: ObjectReference(9).ReferenceType(1)
10:36:23.030 INFO: JdwpDebugServer: handling req: StringReference(10).Value(1)
10:36:23.031 INFO: JdwpDebugServer: handling req: ReferenceType(2).FieldsWithGeneric(14)
10:36:23.031 INFO: JdwpDebugServer: handling req: ObjectReference(9).GetValues(2)
10:36:23.031 INFO: JdwpDebugServer: handling req: ReferenceType(2).Interfaces(10)
10:36:23.031 INFO: JdwpDebugServer: handling req: ObjectReference(9).GetValues(2)
10:36:23.032 INFO: JdwpDebugServer: handling req: ObjectReference(9).GetValues(2)
10:36:23.032 INFO: JdwpDebugServer: handling req: ObjectReference(9).GetValues(2)
10:36:23.032 INFO: JdwpDebugServer: handling req: ReferenceType(2).FieldsWithGeneric(14)
10:36:23.032 INFO: JdwpDebugServer: handling req: ClassType(3).Superclass(1)
10:36:23.032 INFO: JdwpDebugServer: handling req: ReferenceType(2).Interfaces(10)
10:36:23.032 INFO: JdwpDebugServer: handling req: ClassType(3).Superclass(1)
10:36:23.033 INFO: JdwpDebugServer: handling req: ObjectReference(9).GetValues(2)
10:36:23.033 INFO: JdwpDebugServer: handling req: ObjectReference(9).GetValues(2)
10:36:23.033 INFO: JdwpDebugServer: handling req: ObjectReference(9).GetValues(2)
10:36:23.033 INFO: JdwpDebugServer: handling req: ObjectReference(9).ReferenceType(1)
10:36:23.033 INFO: JdwpDebugServer: handling req: ObjectReference(9).GetValues(2)
10:36:23.034 INFO: JdwpDebugServer: handling req: ObjectReference(9).GetValues(2)
10:36:23.034 INFO: JdwpDebugServer: handling req: ObjectReference(9).GetValues(2)
10:36:23.034 INFO: JdwpDebugServer: handling req: ObjectReference(9).ReferenceType(1)
10:36:23.034 INFO: JdwpDebugServer: handling req: ObjectReference(9).GetValues(2)
10:36:23.034 INFO: JdwpDebugServer: handling req: ObjectReference(9).GetValues(2)
10:36:23.035 INFO: JdwpDebugServer: handling req: ObjectReference(9).GetValues(2)
10:36:23.035 INFO: JdwpDebugServer: handling req: ObjectReference(9).GetValues(2)
10:36:23.035 INFO: JdwpDebugServer: handling req: ObjectReference(9).GetValues(2)
10:36:23.035 INFO: JdwpDebugServer: handling req: ObjectReference(9).ReferenceType(1)
10:36:23.035 INFO: JdwpDebugServer: handling req: ClassType(3).Superclass(1)
10:36:23.035 INFO: JdwpDebugServer: handling req: ObjectReference(9).GetValues(2)
10:36:23.036 INFO: JdwpDebugServer: handling req: ObjectReference(9).GetValues(2)
10:36:23.036 INFO: JdwpDebugServer: handling req: ObjectReference(9).GetValues(2)
10:36:23.036 INFO: JdwpDebugServer: handling req: ObjectReference(9).GetValues(2)
10:36:23.036 INFO: JdwpDebugServer: handling req: ObjectReference(9).GetValues(2)
10:36:23.037 INFO: JdwpDebugServer: handling req: ObjectReference(9).GetValues(2)
10:36:23.037 INFO: JdwpDebugServer: handling req: ObjectReference(9).ReferenceType(1)
10:36:23.037 INFO: JdwpDebugServer: handling req: ObjectReference(9).GetValues(2)
10:36:23.037 INFO: JdwpDebugServer: handling req: ObjectReference(9).GetValues(2)
10:36:23.038 INFO: JdwpDebugServer: handling req: ObjectReference(9).GetValues(2)
10:36:23.038 INFO: JdwpDebugServer: handling req: ObjectReference(9).GetValues(2)
10:36:23.039 INFO: JdwpDebugServer: handling req: ClassType(3).Superclass(1)
10:36:23.039 INFO: JdwpDebugServer: handling req: ObjectReference(9).GetValues(2)
10:36:23.039 INFO: JdwpDebugServer: handling req: ObjectReference(9).GetValues(2)
10:36:23.039 INFO: JdwpDebugServer: handling req: ObjectReference(9).GetValues(2)
10:36:23.040 INFO: JdwpDebugServer: handling req: ObjectReference(9).GetValues(2)
10:36:23.040 INFO: JdwpDebugServer: handling req: ObjectReference(9).ReferenceType(1)
10:36:23.040 INFO: JdwpDebugServer: handling req: ObjectReference(9).GetValues(2)
10:36:23.040 INFO: JdwpDebugServer: handling req: ReferenceType(2).FieldsWithGeneric(14)
10:36:23.040 INFO: JdwpDebugServer: handling req: ObjectReference(9).GetValues(2)
10:36:23.040 INFO: JdwpDebugServer: handling req: ReferenceType(2).Interfaces(10)
10:36:23.041 INFO: JdwpDebugServer: handling req: ObjectReference(9).GetValues(2)
10:36:23.041 INFO: JdwpDebugServer: handling req: ClassType(3).Superclass(1)
10:36:23.041 INFO: JdwpDebugServer: handling req: ObjectReference(9).GetValues(2)
10:36:23.041 INFO: JdwpDebugServer: handling req: ReferenceType(2).FieldsWithGeneric(14)
10:36:23.041 INFO: JdwpDebugServer: handling req: ObjectReference(9).GetValues(2)
10:36:23.042 INFO: JdwpDebugServer: handling req: ReferenceType(2).Interfaces(10)
10:36:23.042 INFO: JdwpDebugServer: handling req: ObjectReference(9).GetValues(2)
10:36:23.042 INFO: JdwpDebugServer: handling req: ClassType(3).Superclass(1)
10:36:23.042 INFO: JdwpDebugServer: handling req: ObjectReference(9).GetValues(2)
10:36:23.042 INFO: JdwpDebugServer: handling req: ReferenceType(2).FieldsWithGeneric(14)
10:36:23.042 INFO: JdwpDebugServer: handling req: ObjectReference(9).GetValues(2)
10:36:23.043 INFO: JdwpDebugServer: handling req: ReferenceType(2).Interfaces(10)
10:36:23.043 INFO: JdwpDebugServer: handling req: ObjectReference(9).GetValues(2)
10:36:23.043 INFO: JdwpDebugServer: handling req: ClassType(3).Superclass(1)
10:36:23.043 INFO: JdwpDebugServer: handling req: ObjectReference(9).GetValues(2)
10:36:23.043 INFO: JdwpDebugServer: handling req: ObjectReference(9).GetValues(2)
10:36:23.044 INFO: JdwpDebugServer: handling req: ObjectReference(9).GetValues(2)
10:36:23.044 INFO: JdwpDebugServer: handling req: ObjectReference(9).ReferenceType(1)
10:36:23.044 INFO: JdwpDebugServer: handling req: ClassType(3).Superclass(1)
10:36:23.044 INFO: JdwpDebugServer: handling req: ReferenceType(2).FieldsWithGeneric(14)
10:36:23.044 INFO: JdwpDebugServer: handling req: ObjectReference(9).GetValues(2)
10:36:23.044 INFO: JdwpDebugServer: handling req: ReferenceType(2).Interfaces(10)
10:36:23.045 INFO: JdwpDebugServer: handling req: ObjectReference(9).GetValues(2)
10:36:23.045 INFO: JdwpDebugServer: handling req: ClassType(3).Superclass(1)
10:36:23.045 INFO: JdwpDebugServer: handling req: ObjectReference(9).GetValues(2)
10:36:23.045 INFO: JdwpDebugServer: handling req: ReferenceType(2).FieldsWithGeneric(14)
10:36:23.045 INFO: JdwpDebugServer: handling req: StringReference(10).Value(1)
10:36:23.046 INFO: JdwpDebugServer: handling req: ReferenceType(2).Interfaces(10)
10:36:23.046 INFO: JdwpDebugServer: handling req: ClassType(3).Superclass(1)
10:36:23.046 INFO: JdwpDebugServer: handling req: ObjectReference(9).GetValues(2)
10:36:23.046 INFO: JdwpDebugServer: handling req: ObjectReference(9).GetValues(2)
10:36:23.047 INFO: JdwpDebugServer: handling req: ObjectReference(9).GetValues(2)
10:36:23.047 INFO: JdwpDebugServer: handling req: ObjectReference(9).GetValues(2)
10:36:23.047 INFO: JdwpDebugServer: handling req: ObjectReference(9).GetValues(2)
10:36:23.047 INFO: JdwpDebugServer: handling req: ObjectReference(9).GetValues(2)
10:36:23.047 INFO: JdwpDebugServer: handling req: ObjectReference(9).ReferenceType(1)
10:36:23.048 INFO: JdwpDebugServer: handling req: ObjectReference(9).GetValues(2)
10:36:23.048 INFO: JdwpDebugServer: handling req: ObjectReference(9).GetValues(2)
10:36:23.048 INFO: JdwpDebugServer: handling req: ObjectReference(9).GetValues(2)
10:36:23.048 INFO: JdwpDebugServer: handling req: ObjectReference(9).GetValues(2)
10:36:23.048 INFO: JdwpDebugServer: handling req: ObjectReference(9).ReferenceType(1)
10:36:23.048 INFO: JdwpDebugServer: handling req: ObjectReference(9).GetValues(2)
10:36:23.048 INFO: JdwpDebugServer: handling req: ObjectReference(9).GetValues(2)
10:36:23.049 INFO: JdwpDebugServer: handling req: ObjectReference(9).GetValues(2)
10:36:23.049 INFO: JdwpDebugServer: handling req: ObjectReference(9).ReferenceType(1)
10:36:23.049 INFO: JdwpDebugServer: handling req: ObjectReference(9).GetValues(2)
10:36:23.049 INFO: JdwpDebugServer: handling req: ObjectReference(9).GetValues(2)
10:36:23.049 INFO: JdwpDebugServer: handling req: ObjectReference(9).ReferenceType(1)
10:36:23.049 INFO: JdwpDebugServer: handling req: ObjectReference(9).GetValues(2)
10:36:23.050 INFO: JdwpDebugServer: handling req: ObjectReference(9).GetValues(2)
10:36:23.050 INFO: JdwpDebugServer: handling req: ObjectReference(9).GetValues(2)
10:36:23.050 INFO: JdwpDebugServer: handling req: ObjectReference(9).GetValues(2)
10:36:23.050 INFO: JdwpDebugServer: handling req: ObjectReference(9).GetValues(2)
10:36:23.051 INFO: JdwpDebugServer: handling req: ObjectReference(9).GetValues(2)
10:36:23.051 INFO: JdwpDebugServer: handling req: ObjectReference(9).GetValues(2)
10:36:23.051 INFO: JdwpDebugServer: handling req: ObjectReference(9).GetValues(2)
10:36:23.052 INFO: JdwpDebugServer: handling req: ObjectReference(9).GetValues(2)
10:36:23.052 INFO: JdwpDebugServer: handling req: ObjectReference(9).GetValues(2)
10:36:23.052 INFO: JdwpDebugServer: handling req: ObjectReference(9).GetValues(2)
10:36:23.052 INFO: JdwpDebugServer: handling req: ObjectReference(9).GetValues(2)
10:36:23.052 INFO: JdwpDebugServer: handling req: ClassType(3).Superclass(1)
10:36:23.052 INFO: JdwpDebugServer: handling req: ObjectReference(9).GetValues(2)
10:36:23.053 INFO: JdwpDebugServer: handling req: ObjectReference(9).GetValues(2)
10:36:23.053 INFO: JdwpDebugServer: handling req: ObjectReference(9).GetValues(2)
10:36:23.053 INFO: JdwpDebugServer: handling req: StringReference(10).Value(1)
10:36:23.054 INFO: JdwpDebugServer: handling req: ObjectReference(9).GetValues(2)
10:36:23.054 INFO: JdwpDebugServer: handling req: ObjectReference(9).GetValues(2)
10:36:23.054 INFO: JdwpDebugServer: handling req: ObjectReference(9).GetValues(2)
10:36:23.054 INFO: JdwpDebugServer: handling req: ObjectReference(9).GetValues(2)
10:36:23.055 INFO: JdwpDebugServer: handling req: ClassType(3).Superclass(1)
10:36:23.055 INFO: JdwpDebugServer: handling req: ObjectReference(9).GetValues(2)
10:36:23.055 INFO: JdwpDebugServer: handling req: ObjectReference(9).GetValues(2)
10:36:23.055 INFO: JdwpDebugServer: handling req: ObjectReference(9).GetValues(2)
10:36:23.055 INFO: JdwpDebugServer: handling req: ObjectReference(9).GetValues(2)
10:36:23.056 INFO: JdwpDebugServer: handling req: ObjectReference(9).GetValues(2)
10:36:23.056 INFO: JdwpDebugServer: handling req: ObjectReference(9).GetValues(2)
10:36:23.056 INFO: JdwpDebugServer: handling req: ObjectReference(9).GetValues(2)
10:36:23.056 INFO: JdwpDebugServer: handling req: ClassType(3).Superclass(1)
10:36:23.056 INFO: JdwpDebugServer: handling req: ObjectReference(9).GetValues(2)
10:36:23.057 INFO: JdwpDebugServer: handling req: ObjectReference(9).GetValues(2)
10:36:23.057 INFO: JdwpDebugServer: handling req: ObjectReference(9).GetValues(2)
10:36:23.057 INFO: JdwpDebugServer: handling req: ObjectReference(9).GetValues(2)
10:36:23.057 INFO: JdwpDebugServer: handling req: ObjectReference(9).GetValues(2)
10:36:23.057 INFO: JdwpDebugServer: handling req: ObjectReference(9).GetValues(2)
10:36:23.058 INFO: JdwpDebugServer: handling req: ObjectReference(9).GetValues(2)
10:36:23.058 INFO: JdwpDebugServer: handling req: ObjectReference(9).GetValues(2)
10:36:23.059 INFO: JdwpDebugServer: handling req: ObjectReference(9).GetValues(2)
10:36:23.059 INFO: JdwpDebugServer: handling req: ObjectReference(9).GetValues(2)
10:36:23.059 INFO: JdwpDebugServer: handling req: ObjectReference(9).GetValues(2)
10:36:23.059 INFO: JdwpDebugServer: handling req: ObjectReference(9).GetValues(2)
10:36:23.060 INFO: JdwpDebugServer: handling req: ObjectReference(9).GetValues(2)
10:36:23.060 INFO: JdwpDebugServer: handling req: ObjectReference(9).GetValues(2)
10:36:23.060 INFO: JdwpDebugServer: handling req: ObjectReference(9).GetValues(2)
10:36:23.060 INFO: JdwpDebugServer: handling req: ObjectReference(9).GetValues(2)
10:36:23.061 INFO: JdwpDebugServer: handling req: ObjectReference(9).GetValues(2)
10:36:23.061 INFO: JdwpDebugServer: handling req: ObjectReference(9).GetValues(2)
10:36:23.061 INFO: JdwpDebugServer: handling req: ObjectReference(9).GetValues(2)
10:36:23.061 INFO: JdwpDebugServer: handling req: ClassType(3).Superclass(1)
10:36:23.061 INFO: JdwpDebugServer: handling req: ObjectReference(9).GetValues(2)
10:36:23.061 INFO: JdwpDebugServer: handling req: StringReference(10).Value(1)
10:36:23.062 INFO: JdwpDebugServer: handling req: ObjectReference(9).GetValues(2)
10:36:23.062 INFO: JdwpDebugServer: handling req: ObjectReference(9).GetValues(2)
10:36:23.062 INFO: JdwpDebugServer: handling req: ClassType(3).Superclass(1)
10:36:23.062 INFO: JdwpDebugServer: handling req: ObjectReference(9).GetValues(2)
10:36:23.062 INFO: JdwpDebugServer: handling req: ObjectReference(9).GetValues(2)
10:36:23.062 INFO: JdwpDebugServer: handling req: ObjectReference(9).GetValues(2)
10:36:23.063 INFO: JdwpDebugServer: handling req: ObjectReference(9).GetValues(2)
10:36:23.063 INFO: JdwpDebugServer: handling req: ObjectReference(9).GetValues(2)
10:36:23.063 INFO: JdwpDebugServer: handling req: ObjectReference(9).GetValues(2)
10:36:23.063 INFO: JdwpDebugServer: handling req: ObjectReference(9).GetValues(2)
10:36:23.063 INFO: JdwpDebugServer: handling req: ObjectReference(9).GetValues(2)
10:36:23.064 INFO: JdwpDebugServer: handling req: ObjectReference(9).GetValues(2)
10:36:23.064 INFO: JdwpDebugServer: handling req: ObjectReference(9).GetValues(2)
10:36:23.064 INFO: JdwpDebugServer: handling req: ObjectReference(9).GetValues(2)
10:36:23.064 INFO: JdwpDebugServer: handling req: ObjectReference(9).GetValues(2)
10:36:23.064 INFO: JdwpDebugServer: handling req: ObjectReference(9).GetValues(2)
10:36:23.065 INFO: JdwpDebugServer: handling req: ObjectReference(9).GetValues(2)
10:36:23.065 INFO: JdwpDebugServer: handling req: ClassType(3).Superclass(1)
10:36:23.065 INFO: JdwpDebugServer: handling req: ObjectReference(9).GetValues(2)
10:36:23.065 INFO: JdwpDebugServer: handling req: ObjectReference(9).GetValues(2)
10:36:23.065 INFO: JdwpDebugServer: handling req: ObjectReference(9).GetValues(2)
10:36:23.065 INFO: JdwpDebugServer: handling req: ObjectReference(9).GetValues(2)
10:36:23.066 INFO: JdwpDebugServer: handling req: ObjectReference(9).GetValues(2)
10:36:23.066 INFO: JdwpDebugServer: handling req: ObjectReference(9).GetValues(2)
10:36:23.066 INFO: JdwpDebugServer: handling req: ObjectReference(9).GetValues(2)
10:36:23.066 INFO: JdwpDebugServer: handling req: ClassType(3).Superclass(1)
10:36:23.066 INFO: JdwpDebugServer: handling req: ObjectReference(9).GetValues(2)
10:36:23.066 INFO: JdwpDebugServer: handling req: ObjectReference(9).GetValues(2)
10:36:23.066 INFO: JdwpDebugServer: handling req: ObjectReference(9).GetValues(2)
10:36:23.067 INFO: JdwpDebugServer: handling req: ObjectReference(9).GetValues(2)
10:36:23.067 INFO: JdwpDebugServer: handling req: ObjectReference(9).GetValues(2)
10:36:23.067 INFO: JdwpDebugServer: handling req: ObjectReference(9).GetValues(2)
10:36:23.067 INFO: JdwpDebugServer: handling req: ObjectReference(9).GetValues(2)
10:36:23.067 INFO: JdwpDebugServer: handling req: ClassType(3).Superclass(1)
10:36:23.067 INFO: JdwpDebugServer: handling req: ObjectReference(9).GetValues(2)
10:36:23.068 INFO: JdwpDebugServer: handling req: ObjectReference(9).GetValues(2)
10:36:23.068 INFO: JdwpDebugServer: handling req: ObjectReference(9).GetValues(2)
10:36:23.068 INFO: JdwpDebugServer: handling req: ObjectReference(9).GetValues(2)
10:36:23.068 INFO: JdwpDebugServer: handling req: ObjectReference(9).GetValues(2)
10:36:23.068 INFO: JdwpDebugServer: handling req: ObjectReference(9).GetValues(2)
10:36:23.069 INFO: JdwpDebugServer: handling req: ObjectReference(9).GetValues(2)
10:36:23.069 INFO: JdwpDebugServer: handling req: ObjectReference(9).GetValues(2)
10:36:23.069 INFO: JdwpDebugServer: handling req: ObjectReference(9).GetValues(2)
10:36:23.069 INFO: JdwpDebugServer: handling req: ObjectReference(9).GetValues(2)
10:36:23.070 INFO: JdwpDebugServer: handling req: ObjectReference(9).GetValues(2)
10:36:23.070 INFO: JdwpDebugServer: handling req: ObjectReference(9).GetValues(2)
10:36:23.072 INFO: JdwpDebugServer: handling req: ObjectReference(9).GetValues(2)
10:36:23.072 INFO: JdwpDebugServer: handling req: ObjectReference(9).GetValues(2)
10:36:23.073 INFO: JdwpDebugServer: handling req: ClassType(3).Superclass(1)
10:36:23.073 INFO: JdwpDebugServer: handling req: ObjectReference(9).GetValues(2)
10:36:23.073 INFO: JdwpDebugServer: handling req: ObjectReference(9).GetValues(2)
10:36:23.073 INFO: JdwpDebugServer: handling req: ObjectReference(9).GetValues(2)
10:36:23.073 INFO: JdwpDebugServer: handling req: StringReference(10).Value(1)
10:36:23.073 INFO: JdwpDebugServer: handling req: ObjectReference(9).GetValues(2)
10:36:23.073 INFO: JdwpDebugServer: handling req: ObjectReference(9).GetValues(2)
10:36:31.487 INFO: JdwpDebugServer: handling req: ObjectReference(9).GetValues(2)
10:36:40.648 INFO: JdwpDebugServer: handling req: StringReference(10).Value(1)
10:36:40.837 INFO: JdwpDebugServer: handling req: ObjectReference(9).GetValues(2)
10:36:40.838 INFO: JdwpDebugServer: handling req: ClassType(3).Superclass(1)
10:36:40.838 INFO: JdwpDebugServer: handling req: StringReference(10).Value(1)
10:36:44.871 INFO: JdwpDebugServer: handling req: ThreadReference(11).Name(1)
10:36:44.873 INFO: JdwpDebugServer: handling req: ThreadReference(11).FramesCount(7)
10:36:44.874 INFO: JdwpDebugServer: handling req: ThreadReference(11).Name(1)
10:36:44.874 INFO: JdwpDebugServer: handling req: ThreadReference(11).Name(1)
10:36:44.874 INFO: JdwpDebugServer: handling req: ThreadReference(11).FramesCount(7)
10:36:44.874 INFO: JdwpDebugServer: handling req: ThreadReference(11).Name(1)
10:36:44.874 INFO: JdwpDebugServer: handling req: ThreadReference(11).Name(1)
10:36:45.403 INFO: JdwpDebugServer: handling req: ThreadReference(11).Name(1)
10:36:45.412 INFO: JdwpDebugServer: handling req: ThreadReference(11).Name(1)
10:36:45.412 INFO: JdwpDebugServer: handling req: ThreadReference(11).Name(1)
10:36:45.412 INFO: JdwpDebugServer: handling req: ThreadReference(11).Name(1)
10:36:45.414 INFO: JdwpDebugServer: handling req: ThreadReference(11).Name(1)
10:36:45.417 INFO: JdwpDebugServer: handling req: ThreadReference(11).FramesCount(7)
10:37:15.113 INFO: JdwpDebugServer: handling req: ThreadReference(11).SuspendCount(12)
10:37:15.114 INFO: JdwpDebugServer: handling req: ThreadReference(11).SuspendCount(12)
10:37:15.125 INFO: JdwpDebugServer: handling req: ThreadReference(11).Frames(6)
10:37:15.133 INFO: JdwpDebugServer: handling req: ThreadReference(11).Frames(6)
10:37:15.133 INFO: JdwpDebugServer: handling req: ThreadReference(11).FramesCount(7)
10:37:15.133 INFO: JdwpDebugServer: handling req: ThreadReference(11).Frames(6)
10:37:15.151 INFO: JdwpDebugServer: handling req: ThreadReference(11).Frames(6)
10:37:15.157 INFO: JdwpDebugServer: handling req: ThreadReference(11).Frames(6)
10:37:15.157 INFO: JdwpDebugServer: handling req: ThreadReference(11).Frames(6)
10:37:15.158 INFO: JdwpDebugServer: handling req: ThreadReference(11).Frames(6)
10:37:15.167 INFO: JdwpDebugServer: handling req: ThreadReference(11).Name(1)
10:37:15.169 INFO: JdwpDebugServer: handling req: ThreadReference(11).Name(1)
10:37:15.170 INFO: JdwpDebugServer: handling req: ThreadReference(11).Name(1)
10:37:29.787 INFO: JdwpDebugServer: handling req: ThreadReference(11).SuspendCount(12)
10:37:29.788 INFO: JdwpDebugServer: handling req: ThreadReference(11).SuspendCount(12)
10:37:29.791 INFO: JdwpDebugServer: handling req: ThreadReference(11).Frames(6)
10:37:29.791 INFO: JdwpDebugServer: handling req: ThreadReference(11).Frames(6)
10:37:29.792 INFO: JdwpDebugServer: handling req: ThreadReference(11).FramesCount(7)
10:37:29.792 INFO: JdwpDebugServer: handling req: ThreadReference(11).Frames(6)
10:37:29.875 INFO: JdwpDebugServer: handling req: ThreadReference(11).Frames(6)
10:37:29.876 INFO: JdwpDebugServer: handling req: ThreadReference(11).Frames(6)
10:37:29.876 INFO: JdwpDebugServer: handling req: ThreadReference(11).Frames(6)
10:37:29.876 INFO: JdwpDebugServer: handling req: ThreadReference(11).Frames(6)
10:37:29.879 INFO: JdwpDebugServer: handling req: ThreadReference(11).Name(1)
10:37:29.880 INFO: JdwpDebugServer: handling req: ThreadReference(11).Name(1)
10:37:29.880 INFO: JdwpDebugServer: handling req: ThreadReference(11).Name(1)
10:38:03.592 INFO: JdwpDebugServer: handling req: VirtualMachine(1).Exit(10)
10:38:03.593 SEVERE: Debugger: Thread JDWP server socket thread crashed
org.robovm.debugger.DebuggerException: Terminating due exit command
	at org.robovm.debugger.jdwp.JdwpDebugServer.doSocketWork(JdwpDebugServer.java:211)
	at java.base/java.lang.Thread.run(Thread.java:833)
	at org.robovm.debugger.utils.DebuggerThread.run(DebuggerThread.java:42)
10:38:03.621 SEVERE: Debugger: Thread HooksChannel socket thread crashed
org.robovm.debugger.DebuggerException: java.nio.BufferUnderflowException
	at org.robovm.debugger.hooks.HooksChannel.doSocketWork(HooksChannel.java:149)
	at java.base/java.lang.Thread.run(Thread.java:833)
	at org.robovm.debugger.utils.DebuggerThread.run(DebuggerThread.java:42)
Caused by: java.nio.BufferUnderflowException
	at org.robovm.debugger.utils.bytebuffer.DataBufferWriter.writeFromStream(DataBufferWriter.java:91)
	at org.robovm.debugger.hooks.HooksChannel.doSocketWork(HooksChannel.java:116)
	... 2 more
